Stock structure: B1F2; Model type = BC
Mortality impacts feeding grounds
Recuitment related to unfished
Staying rate: 0
Age-at-matrity: 8
Base adult survival: 0
Mirrored survival
Sigma for survival devs: 6
Additional variance estimated
Weight for mark-recapture proportions: 1
Weight for genetics proportions: 1


Total objective fn: 264.859640891098
Negative log-likelihood fn: 165.930150374151

Natural Survival by feeding ground
RUS+WAL,EAL+BER+WGOA,NGOA,SEA+NBC,SBC+WA,OR+CA
1970 0.96 0.96 0.96 0.96 0.96 0.96
1971 0.96 0.96 0.96 0.96 0.96 0.96
1972 0.96 0.96 0.96 0.96 0.96 0.96
1973 0.96 0.96 0.96 0.96 0.96 0.96
1974 0.96 0.96 0.96 0.96 0.96 0.96
1975 0.96 0.96 0.96 0.96 0.96 0.96
1976 0.96 0.96 0.96 0.96 0.96 0.96
1977 0.96 0.96 0.96 0.96 0.96 0.96
1978 0.96 0.96 0.96 0.96 0.96 0.96
1979 0.96 0.96 0.96 0.96 0.96 0.96
1980 0.96 0.96 0.96 0.96 0.96 0.96
1981 0.96 0.96 0.96 0.96 0.96 0.96
1982 0.96 0.96 0.96 0.96 0.96 0.96
1983 0.96 0.96 0.96 0.96 0.96 0.96
1984 0.96 0.96 0.96 0.96 0.96 0.96
1985 0.96 0.96 0.96 0.96 0.96 0.96
1986 0.96 0.96 0.96 0.96 0.96 0.96
1987 0.96 0.96 0.96 0.96 0.96 0.96
1988 0.96 0.96 0.96 0.96 0.96 0.96
1989 0.96 0.96 0.96 0.96 0.96 0.96
1990 0.96 0.96 0.96 0.96 0.96 0.96
1991 0.96 0.96 0.96 0.96 0.96 0.96
1992 0.96 0.96 0.96 0.96 0.96 0.96
1993 0.96 0.96 0.96 0.96 0.96 0.96
1994 0.96 0.96 0.96 0.96 0.96 0.96
1995 0.96 0.96 0.96 0.96 0.96 0.96
1996 0.96 0.96 0.96 0.96 0.96 0.96
1997 0.96 0.96 0.96 0.96 0.96 0.96
1998 0.96 0.96 0.96 0.96 0.96 0.96
1999 0.96 0.96 0.96 0.96 0.96 0.96
2000 0.96 0.9760202 0.9596237 0.9596237 0.9536374 0.9578796
2001 0.96 0.9764235 0.9731442 0.9731442 0.9625864 0.9671355
2002 0.96 0.9773798 0.977297 0.977297 0.9672966 0.9753866
2003 0.96 0.9704783 0.9586164 0.9586164 0.9687279 0.9746511
2004 0.96 0.9659933 0.9748904 0.9748904 0.9687494 0.9759213
2005 0.96 0.9703576 0.9450664 0.9450664 0.9729932 0.9568823
2006 0.96 0.9589786 0.9724271 0.9724271 0.9737675 0.907069
2007 0.96 0.9475561 0.9314626 0.9314626 0.9725692 0.9483298
2008 0.96 0.9498862 0.9791516 0.9791516 0.9705005 0.9397852
2009 0.96 0.9259808 0.9504506 0.9504506 0.9682923 0.9490231
2010 0.96 0.9590259 0.975283 0.975283 0.9683853 0.951029
2011 0.96 0.9594057 0.9185487 0.9185487 0.9676594 0.9431346
2012 0.96 0.9523888 0.970436 0.970436 0.9647106 0.962818
2013 0.96 0.9655861 0.8905854 0.8905854 0.9598572 0.9765421
2014 0.96 0.9651711 0.7107481 0.7107481 0.9575169 0.9842497
2015 0.96 0.9077603 0.8860883 0.8860883 0.9524356 0.9867256
2016 0.96 0.8921056 0.7553592 0.7553592 0.9549492 0.9848078
2017 0.96 0.8723725 0.8483176 0.8483176 0.9587502 0.9827433
2018 0.96 0.8491808 0.961266 0.961266 0.9591504 0.9763124
2019 0.96 0.9544312 0.9422535 0.9422535 0.9622897 0.9678826
2020 0.96 0.9737871 0.7176867 0.7176867 0.9656405 0.970223
2021 0.96 0.959995 0.9599996 0.9599996 0.9638882 0.9505411
2022 0.96 0.9599974 0.9599998 0.9599998 0.961774 0.9550691
2023 0.96 0.96 0.96 0.96 0.96 0.96

Naturak Survival by breeding stock
RUS+WAL,EAL+BER+WGOA,NGOA,SEA+NBC,SBC+WA,OR+CA
1970 0.96 0.96 0.96 0.96
1971 0.96 0.96 0.96 0.96
1972 0.96 0.96 0.96 0.96
1973 0.96 0.96 0.96 0.96
1974 0.96 0.96 0.96 0.96
1975 0.96 0.96 0.96 0.96
1976 0.96 0.96 0.96 0.96
1977 0.96 0.96 0.96 0.96
1978 0.96 0.96 0.96 0.96
1979 0.96 0.96 0.96 0.96
1980 0.96 0.96 0.96 0.96
1981 0.96 0.96 0.96 0.96
1982 0.96 0.96 0.96 0.96
1983 0.96 0.96 0.96 0.96
1984 0.96 0.96 0.96 0.96
1985 0.96 0.96 0.96 0.96
1986 0.96 0.96 0.96 0.96
1987 0.96 0.96 0.96 0.96
1988 0.96 0.96 0.96 0.96
1989 0.96 0.96 0.96 0.96
1990 0.96 0.96 0.96 0.96
1991 0.96 0.96 0.96 0.96
1992 0.96 0.96 0.96 0.96
1993 0.96 0.96 0.96 0.96
1994 0.96 0.96 0.96 0.96
1995 0.96 0.96 0.96 0.96
1996 0.96 0.96 0.96 0.96
1997 0.96 0.96 0.96 0.96
1998 0.96 0.96 0.96 0.96
1999 0.96 0.96 0.96 0.96
2000 0.96 0.96 0.96 0.96
2001 0.96 0.96 0.96 0.96
2002 0.96 0.96 0.96 0.96
2003 0.96 0.96 0.96 0.96
2004 0.96 0.96 0.96 0.96
2005 0.96 0.96 0.96 0.96
2006 0.96 0.96 0.96 0.96
2007 0.96 0.96 0.96 0.96
2008 0.96 0.96 0.96 0.96
2009 0.96 0.96 0.96 0.96
2010 0.96 0.96 0.96 0.96
2011 0.96 0.96 0.96 0.96
2012 0.96 0.96 0.96 0.96
2013 0.96 0.96 0.96 0.96
2014 0.96 0.96 0.96 0.96
2015 0.96 0.96 0.96 0.96
2016 0.96 0.96 0.96 0.96
2017 0.96 0.96 0.96 0.96
2018 0.96 0.96 0.96 0.96
2019 0.96 0.96 0.96 0.96
2020 0.96 0.96 0.96 0.96
2021 0.96 0.96 0.96 0.96
2022 0.96 0.96 0.96 0.96
2023 0.96 0.96 0.96 0.96

Fecundity by feeding ground
RUS+WAL,EAL+BER+WGOA,NGOA,SEA+NBC,SBC+WA,OR+CA
1970 0.9605717 0.9612816 0.9588106 0.9576732 0.9630869 0.9668218
1971 0.9606427 0.9613379 0.9588271 0.9577956 0.9631187 0.9668892
1972 0.9583354 0.9588096 0.9556926 0.9545356 0.9610049 0.9657077
1973 0.9558866 0.9563923 0.952688 0.9514463 0.9589863 0.9645998
1974 0.953572 0.9540904 0.9498218 0.9485333 0.9570636 0.9635865
1975 0.9513777 0.9518974 0.9470974 0.9457849 0.9552312 0.9626454
1976 0.9493047 0.9498082 0.944499 0.9431919 0.9535054 0.9617724
1977 0.9473471 0.9478165 0.9420199 0.9407494 0.9518626 0.9609633
1978 0.9455 0.9459191 0.9396552 0.9384467 0.9503014 0.9602192
1979 0.9437587 0.9441167 0.9373996 0.9362766 0.9488159 0.959534
1980 0.9421272 0.9424008 0.935248 0.9342361 0.9474027 0.9589128
1981 0.9405888 0.9407658 0.9332063 0.9323103 0.9460775 0.9583449
1982 0.9384538 0.9385254 0.930429 0.9296419 0.9442493 0.9575271
1983 0.9357911 0.9357359 0.9269744 0.9263005 0.9419643 0.9564874
1984 0.9326547 0.9324563 0.9229268 0.922372 0.9392917 0.9552372
1985 0.9291096 0.9287396 0.918344 0.9179027 0.9362592 0.953827
1986 0.9252017 0.9246367 0.9133133 0.9130111 0.932907 0.9522779
1987 0.920989 0.9201972 0.9078759 0.9078021 0.9292958 0.9506131
1988 0.9165175 0.9154671 0.9020993 0.9022113 0.9254446 0.9488591
1989 0.9118306 0.9104822 0.8960269 0.8962552 0.9214068 0.9470053
1990 0.9069755 0.9052879 0.8897086 0.890107 0.9172153 0.9450614
1991 0.9019803 0.8999183 0.8832001 0.8837967 0.9128816 0.9431245
1992 0.8967147 0.8942336 0.8763198 0.8771836 0.9083048 0.9410929
1993 0.8910641 0.8881116 0.8689359 0.869978 0.9033879 0.9389051
1994 0.8849378 0.8814588 0.8609258 0.8622342 0.8980492 0.9365137
1995 0.8782673 0.8741994 0.8522057 0.8537992 0.8922293 0.9339132
1996 0.8710041 0.8662805 0.84273 0.8447359 0.8858814 0.9310589
1997 0.8631673 0.8577653 0.8325222 0.8349128 0.8789536 0.9280035
1998 0.8547094 0.8486015 0.8215248 0.8243797 0.8714955 0.9247134
1999 0.8456332 0.8387375 0.8097373 0.8131764 0.8635525 0.9211981
2000 0.8359621 0.828161 0.7972001 0.801126 0.8549935 0.9173296
2001 0.8257128 0.813088 0.784085 0.7885589 0.8471147 0.9134344
2002 0.8148936 0.7970877 0.7661093 0.771144 0.8369155 0.9083554
2003 0.8034714 0.7796358 0.7458332 0.7516504 0.8252165 0.90214
2004 0.7914308 0.7631614 0.731157 0.7376972 0.8124975 0.8955478
2005 0.7787367 0.7470514 0.7091589 0.716633 0.7996196 0.8883803
2006 0.7653222 0.7282533 0.6982931 0.7063954 0.7845125 0.883252
2007 0.7511868 0.7127111 0.675314 0.6836304 0.7670267 0.8840601
2008 0.7362951 0.7006495 0.6695832 0.6779961 0.7512932 0.8783205
2009 0.7206663 0.686834 0.6405143 0.6497373 0.7326677 0.8739476
2010 0.7043064 0.6825772 0.625138 0.6359531 0.7150734 0.8683355
2011 0.6872506 0.6628004 0.5960099 0.6078493 0.6973746 0.8616788
2012 0.6695294 0.6424883 0.5977172 0.608481 0.6766334 0.855874
2013 0.6521746 0.6248879 0.5687254 0.5803594 0.6560068 0.8456167
2014 0.6318675 0.5997393 0.5861316 0.597108 0.6382989 0.833505
2015 0.617029 0.574769 0.684509 0.6928476 0.6214173 0.8211222
2016 0.5968464 0.5817738 0.6890698 0.6975532 0.6060559 0.809185
2017 0.5758906 0.5955112 0.7425624 0.7496289 0.5894724 0.7938223
2018 0.5548883 0.6170674 0.7556046 0.7625743 0.5743069 0.7796744
2019 0.5325401 0.6463371 0.7308512 0.7387602 0.5542316 0.764589
2020 0.5120367 0.6223256 0.7157348 0.7248045 0.534747 0.7500962
2021 0.491732 0.5888983 0.7766993 0.783875 0.5109253 0.7349107
2022 0.4714445 0.5636954 0.7516715 0.7601804 0.4867448 0.7256175
2023 0.4515553 0.5389387 0.7330829 0.7425325 0.4667459 0.7138414

Total abundance: Estimate SD_log
1970 1167.157 0.04905381
1971 1469.227 0.0447175
1972 1716.389 0.04239271
1973 1946.925 0.04091278
1974 2169.212 0.03979716
1975 2379.006 0.03899159
1976 2577.597 0.03838494
1977 2765.421 0.03791987
1978 2943.087 0.03755701
1979 3110.966 0.03727249
1980 3269.396 0.03705
1981 3501.849 0.03637659
1982 3787.885 0.03552088
1983 4121.073 0.03461165
1984 4495.998 0.03373033
1985 4907.454 0.03292233
1986 5350.832 0.03220435
1987 5819.972 0.03158747
1988 6309.267 0.03106946
1989 6818.407 0.03061984
1990 7345.937 0.03021987
1991 7905.372 0.02984863
1992 8506.44 0.02950413
1993 9158.111 0.02918907
1994 9871.815 0.0288989
1995 10647.36 0.02866157
1996 11489.05 0.02848343
1997 12394.83 0.02837996
1998 13360.35 0.02836345
1999 14384.69 0.02843126
2000 15465.52 0.02858005
2001 16732.48 0.02824501
2002 18237.96 0.02753546
2003 19925.61 0.02631149
2004 21432.52 0.02260761
2005 23177.51 0.02003223
2006 24633.44 0.02375421
2007 26244.58 0.02829888
2008 27336.46 0.03163666
2009 29191.63 0.0326699
2010 30365.18 0.03507411
2011 32475.07 0.03352863
2012 33680.47 0.0313019
2013 35827.33 0.03276571
2014 36871.06 0.03984736
2015 35331.93 0.03421618
2016 35376.84 0.03773622
2017 33766.78 0.04011264
2018 33205.61 0.03582316
2019 33518.52 0.03354024
2020 35477.28 0.03182861
2021 35439.99 0.03293825
2022 37435.64 0.04299472
2023 39526.96 0.04985716
2024 41562.07 0.05564994

Breeding stock abundance: Estimate SD_log Estimate/K
Asia
1 78.52899 0.07758518 1.528335
2 99.39618 0.07455859 1.934453
3 115.8049 0.07329984 2.2538
4 128.4214 0.07407731 2.499343
5 142.5671 0.07363868 2.774647
6 155.8291 0.07339317 3.032752
7 168.358 0.07323305 3.276591
8 180.0915 0.07317382 3.504948
9 191.0645 0.07319287 3.718506
10 201.3103 0.07327553 3.917909
11 210.8558 0.07341267 4.103684
12 224.984 0.07322454 4.378649
13 242.4436 0.07287682 4.718447
14 262.8172 0.07244019 5.114959
15 285.6138 0.07199304 5.558628
16 310.5812 0.07153512 6.044544
17 337.2872 0.07110569 6.564297
18 365.5356 0.07068705 7.114068
19 394.9474 0.07030233 7.686483
20 425.2661 0.06995049 8.276546
21 456.2656 0.06963022 8.87986
22 488.9159 0.06931581 9.515301
23 524.0089 0.06898174 10.19828
24 561.9677 0.06864217 10.93704
25 603.1783 0.06830375 11.73908
26 647.8956 0.06797915 12.60937
27 696.2634 0.06768539 13.55071
28 748.322 0.06744301 14.56387
29 803.9199 0.06728492 15.64592
30 862.8891 0.06723565 16.79358
31 925.0671 0.06732108 18.00369
32 992.6332 0.06753676 19.31867
33 1063.911 0.06794144 20.70588
34 1138.998 0.06859435 22.16723
35 1216.897 0.0694989 23.6833
36 1297.979 0.07074028 25.26132
37 1384.092 0.07239599 26.93726
38 1471.971 0.0745327 28.64756
39 1561.282 0.07711516 30.38573
40 1654.922 0.08015998 32.20817
41 1746.637 0.08363829 33.99313
42 1849.236 0.08765197 35.98992
43 1954.953 0.09226418 38.04737
44 2061.108 0.09748095 40.11336
45 2161.13 0.1037488 42.06
46 2292.184 0.1093011 44.61057
47 2335.057 0.1188884 45.44498
48 2435.839 0.1265412 47.4064
49 2533.836 0.1347652 49.31363
50 2624.333 0.1439622 51.07488
51 2754.324 0.1520717 53.60476
52 2866.776 0.1615387 55.79331
53 2972.071 0.171675 57.84257
54 3073.415 0.1821349 59.81492
Hawaii
1 675.6543 0.05205055 1.922614
2 854.159 0.04799225 2.43056
3 998.7866 0.04592356 2.842107
4 1135.665 0.0445567 3.231603
5 1266.318 0.043577 3.603382
6 1390.265 0.04286036 3.95608
7 1507.852 0.04231873 4.290682
8 1619.417 0.04189867 4.608148
9 1725.201 0.0415681 4.909161
10 1825.57 0.04130258 5.194769
11 1920.683 0.04108869 5.465417
12 2059.592 0.04050053 5.860692
13 2230.313 0.03977116 6.346489
14 2429.072 0.03901062 6.912068
15 2652.806 0.03828389 7.548717
16 2898.049 0.03763194 8.246569
17 3162.837 0.03705569 9.000041
18 3442.798 0.036574 9.796685
19 3734.34 0.03618702 10.62629
20 4038.713 0.03584929 11.4924
21 4355.003 0.03554588 12.39242
22 4689.676 0.03528356 13.34475
23 5049.99 0.03505529 14.37005
24 5440.291 0.03487293 15.48067
25 5868.697 0.03472222 16.69973
26 6333.103 0.03464516 18.02122
27 6837.175 0.03464099 19.45559
28 7377.879 0.03473565 20.99419
29 7958.184 0.03491941 22.64549
30 8573.64 0.03520889 24.3968
31 9222.494 0.03560684 26.24316
32 9969.412 0.03582957 28.36855
33 10886.49 0.03627882 30.97815
34 11915 0.03553317 33.90483
35 12773.07 0.0303392 36.34653
36 13833.99 0.02789088 39.36544
37 14628.68 0.03180175 41.62677
38 15733.01 0.03465204 44.76922
39 16286.67 0.03627249 46.3447
40 17528.13 0.03595789 49.87732
41 18230.47 0.03906013 51.8759
42 19575.66 0.03903566 55.7037
43 20074.92 0.03487172 57.12439
44 21395.32 0.03910031 60.88166
45 21514.4 0.05487001 61.22052
46 19203.06 0.03918069 54.64346
47 18925.02 0.0417161 53.85227
48 17192.26 0.04561963 48.9216
49 16443.47 0.04411095 46.79086
50 16698.17 0.03931461 47.51564
51 17671.9 0.03649194 50.28644
52 16612.04 0.04724707 47.27054
53 17709.74 0.05884197 50.39413
54 18825.24 0.06660916 53.56834
Mexico
1 357.011 0.0625042 1.104047
2 447.3671 0.05945884 1.383471
3 522.44 0.0577059 1.615631
4 593.1015 0.05660914 1.83415
5 660.9466 0.05580049 2.043959
6 724.7817 0.05526288 2.241368
7 785.1308 0.05488471 2.427996
8 842.1359 0.05462028 2.604282
9 896.0892 0.05443061 2.771131
10 947.0376 0.05430287 2.928688
11 995.0096 0.05422766 3.07704
12 1065.534 0.05379903 3.295135
13 1152.331 0.05322897 3.563553
14 1253.549 0.0526108 3.876566
15 1367.487 0.0520061 4.228917
16 1492.699 0.05144239 4.616131
17 1627.514 0.05094059 5.033042
18 1770.435 0.05050281 5.475022
19 1920.015 0.05012674 5.937594
20 2075.249 0.04980152 6.417652
21 2235.598 0.0495091 6.913524
22 2406.333 0.04921589 7.441519
23 2589.586 0.04894175 8.008223
24 2788.679 0.04867293 8.623914
25 3006.202 0.04840879 9.296597
26 3243.45 0.04815757 10.03028
27 3501.112 0.04793157 10.82709
28 3779.742 0.04773338 11.68875
29 4072.388 0.04765119 12.59375
30 4382.946 0.04761797 13.55414
31 4711.283 0.04763053 14.56951
32 5120.84 0.04697147 15.83606
33 5584.296 0.04538477 17.26928
34 6102.433 0.04383597 18.87161
35 6603.187 0.04213413 20.42018
36 7128.389 0.04041579 22.04435
37 7642.608 0.0433642 23.63456
38 8053.391 0.05057381 24.90489
39 8444.609 0.05627998 26.11472
40 8911.009 0.05881289 27.55705
41 9221.141 0.06116202 28.51613
42 9812.641 0.05810852 30.34532
43 10344.66 0.05678462 31.99059
44 10959.76 0.05601965 33.89276
45 11645.38 0.05527911 36.01303
46 12140.25 0.05676944 37.54338
47 12286.65 0.06111606 37.99613
48 12186.45 0.06151621 37.68627
49 12113.98 0.05643417 37.46216
50 11947.72 0.05379105 36.94798
51 12658.57 0.05167253 39.14629
52 13402.06 0.05184442 41.44552
53 14089.33 0.06033583 43.57087
54 14832.51 0.06648114 45.86913
Central_Am
1 55.96291 0.08047584 0.4510683
2 68.30506 0.07881363 0.5505476
3 79.35734 0.07780849 0.6396305
4 89.73699 0.07722357 0.7232918
5 99.38037 0.07696252 0.8010187
6 108.1311 0.07688093 0.8715504
7 116.2563 0.07688768 0.9370411
8 123.7761 0.07695965 0.9976516
9 130.7325 0.07707446 1.053721
10 137.0475 0.07728081 1.10462
11 142.8474 0.07751012 1.151368
12 151.7385 0.07749195 1.223032
13 162.7965 0.07736646 1.312161
14 175.6348 0.07724366 1.41564
15 190.0913 0.07711638 1.53216
16 206.1248 0.07699878 1.661393
17 223.1944 0.07695263 1.798976
18 241.2041 0.07693944 1.944136
19 259.9644 0.07695908 2.095347
20 279.1779 0.07703707 2.25021
21 299.0712 0.07712831 2.410553
22 320.4469 0.07721215 2.582844
23 342.8555 0.07733594 2.76346
24 367.1726 0.07746251 2.959459
25 393.7382 0.07761388 3.173581
26 422.9135 0.07777353 3.408738
27 454.504 0.07797278 3.663361
28 488.8926 0.07819267 3.940538
29 525.8601 0.07845475 4.238501
30 565.2165 0.07875387 4.555719
31 606.6764 0.07910813 4.889891
32 649.591 0.08381102 5.235788
33 703.2649 0.08385985 5.668407
34 769.1845 0.08357482 6.199727
35 839.3645 0.08377108 6.765387
36 917.1464 0.08469403 7.39232
37 978.0659 0.09084824 7.883338
38 986.2056 0.09913283 7.948945
39 1043.893 0.09647225 8.413917
40 1097.575 0.09376486 8.846596
41 1166.925 0.09154351 9.405567
42 1237.531 0.09005041 9.974662
43 1305.928 0.08589052 10.52595
44 1411.14 0.08192586 11.37397
45 1550.139 0.0798608 12.49432
46 1696.433 0.07905179 13.67347
47 1830.112 0.07911216 14.75094
48 1952.228 0.07957218 15.73521
49 2114.328 0.0801926 17.04176
50 2248.3 0.08121283 18.12159
51 2392.48 0.08245169 19.2837
52 2559.114 0.08441818 20.62679
53 2664.496 0.09154591 21.47618
54 2795.792 0.0977115 22.53445

Feeding stock abundance: Estimate SD_log Estimate/K
RUS+WAL
1 112.1828 0.1012611 1.458262
2 142.9752 0.09844241 1.858532
3 163.1831 0.09966876 2.121213
4 185.4956 0.09895218 2.411253
5 206.569 0.09848692 2.685186
6 226.5558 0.09814904 2.944993
7 245.4289 0.09792439 3.190324
8 263.2446 0.09778366 3.421911
9 280.0439 0.09770653 3.640285
10 295.8712 0.09768046 3.846022
11 310.6788 0.09772183 4.038507
12 332.5491 0.09745396 4.322798
13 359.5111 0.09705091 4.673276
14 390.8815 0.09659236 5.081059
15 426.187 0.09610005 5.539995
16 464.8346 0.09561733 6.042374
17 506.4345 0.09514108 6.58313
18 550.4551 0.0946915 7.155352
19 596.4942 0.09427089 7.753814
20 644.1702 0.09387896 8.373553
21 693.0529 0.09352699 9.008978
22 744.8877 0.09316934 9.682777
23 800.6615 0.09280897 10.40778
24 861.2106 0.09244662 11.19486
25 927.1607 0.09208988 12.05214
26 998.9447 0.0917514 12.98526
27 1076.821 0.09144768 13.99757
28 1160.367 0.09117979 15.08358
29 1249.914 0.09099331 16.2476
30 1345.28 0.09091054 17.48726
31 1446.097 0.09096103 18.79779
32 1552.559 0.09116317 20.18168
33 1664.824 0.09155739 21.64101
34 1783.374 0.09217274 23.18204
35 1908.403 0.09304687 24.80729
36 2040.242 0.09422114 26.52105
37 2179.487 0.09575647 28.33109
38 2325.979 0.09769266 30.23535
39 2479.915 0.1000755 32.23636
40 2640.882 0.1029494 34.32876
41 2808.617 0.1063528 36.50915
42 2982.637 0.1103081 38.77123
43 3162.575 0.1148423 41.11024
44 3337.647 0.1203019 43.38599
45 3543.062 0.1254654 46.05618
46 3689.018 0.133342 47.95345
47 3893.66 0.13976 50.61359
48 4101.682 0.1467905 53.31766
49 4308.703 0.154516 56.00873
50 4528.572 0.1623939 58.8668
51 4727.119 0.1715192 61.4477
52 4924.18 0.181034 64.0093
53 5120.01 0.1909093 66.55489
54 5310.449 0.2010543 69.0304
EAL+BER+WGOA
1 386.3584 0.08963361 1.368826
2 492.9751 0.08669295 1.746557
3 578.2427 0.08527413 2.048651
4 659.4498 0.0843101 2.336359
5 736.7839 0.08361672 2.610345
6 810.4663 0.08309094 2.871394
7 880.6606 0.08267649 3.120084
8 947.586 0.08233679 3.357194
9 1011.342 0.08205369 3.583076
10 1071.874 0.08182849 3.797531
11 1129.495 0.08163594 4.001678
12 1213.297 0.08115927 4.29858
13 1316.263 0.08056713 4.663378
14 1436.323 0.07992613 5.088737
15 1571.518 0.07928239 5.567717
16 1720.095 0.07865844 6.094108
17 1880.382 0.07806443 6.661988
18 2050.741 0.07750396 7.26555
19 2229.661 0.0769775 7.899446
20 2416.019 0.07647296 8.559693
21 2608.287 0.07599604 9.240876
22 2812.821 0.07551583 9.965517
23 3033.621 0.07502908 10.74779
24 3274.029 0.07453385 11.59953
25 3536.413 0.0740374 12.52912
26 3822.605 0.07354529 13.54307
27 4133.674 0.07306667 14.64516
28 4466.289 0.07264512 15.82357
29 4821.831 0.07228372 17.08322
30 5201.69 0.07195859 18.42902
31 5605.823 0.07166855 19.86082
32 6163.423 0.06976166 21.83633
33 6764.346 0.06721907 23.96534
34 7418.658 0.06481623 26.2835
35 8044.115 0.06059919 28.49942
36 8656.342 0.05563049 30.66847
37 9359.854 0.06093934 33.16094
38 9958.038 0.07352135 35.28024
39 10432.77 0.08512097 36.96216
40 10959.7 0.09050068 38.82901
41 11173.56 0.09445913 39.58671
42 11894.3 0.08894008 42.1402
43 12649.56 0.08591428 44.81601
44 13305.66 0.08496509 47.14048
45 14208.37 0.08327152 50.3387
46 15108.28 0.08338274 53.527
47 14913.33 0.09314081 52.8363
48 14472.46 0.0965616 51.27435
49 13759.91 0.09307765 48.74986
50 12753.1 0.09361622 45.18283
51 13550.12 0.08852559 48.00661
52 14717.01 0.08900802 52.14075
53 15603.86 0.1015899 55.28277
54 16477.96 0.1114373 58.37961
NGOA
1 107.2984 0.08058466 1.680108
2 137.359 0.07769682 2.150805
3 161.3377 0.07637062 2.526271
4 184.2092 0.07550575 2.884399
5 206.0262 0.07490421 3.226016
6 226.7488 0.07449613 3.550496
7 246.5142 0.07419008 3.859989
8 265.3732 0.07395339 4.155288
9 283.3624 0.07376619 4.436968
10 300.5217 0.07361533 4.705653
11 316.8891 0.07349195 4.961938
12 340.4681 0.07319833 5.331145
13 369.3007 0.07285822 5.782613
14 402.8908 0.07250982 6.308576
15 440.5851 0.07220612 6.898804
16 481.9653 0.07194616 7.546748
17 526.3477 0.07176184 8.2417
18 573.4581 0.07162132 8.979368
19 622.7815 0.0715313 9.751687
20 674.0149 0.07147397 10.55392
21 726.791 0.07144474 11.3803
22 782.727 0.0714437 12.25616
23 843.0233 0.07146257 13.20029
24 908.4361 0.0715148 14.22455
25 979.6886 0.07159924 15.34024
26 1057.199 0.07172373 16.55392
27 1141.093 0.07190192 17.86755
28 1230.925 0.0721449 19.27417
29 1327.014 0.07245103 20.77875
30 1429.189 0.07281959 22.37865
31 1536.966 0.07326052 24.06625
32 1649.326 0.07182577 25.82562
33 1799.306 0.07127584 28.17404
34 1969.484 0.07005441 30.83873
35 2098.047 0.0702447 32.8518
36 2280.673 0.06913371 35.71142
37 2380.617 0.07484027 37.27637
38 2569.103 0.07535379 40.22773
39 2629.439 0.07473637 41.17249
40 2863.323 0.07267131 44.83471
41 2997.31 0.07633412 46.93273
42 3235.422 0.07733355 50.66114
43 3237.633 0.07323346 50.69577
44 3468.332 0.07905983 54.30811
45 3346.602 0.1067572 52.40203
46 2595.81 0.07841065 40.64593
47 2531.862 0.0803449 39.6446
48 2113.542 0.08366416 33.09444
49 1981.958 0.09748414 31.03406
50 2154.794 0.08427652 33.74037
51 2281.183 0.07905837 35.71941
52 1813.68 0.1340907 28.39911
53 1962.879 0.1459594 30.73531
54 2104.629 0.1533977 32.95487
SEA+NBC
1 374.8708 0.06417427 1.823378
2 476.2829 0.06112955 2.316647
3 555.7976 0.05989457 2.703408
4 630.7519 0.05915698 3.067987
5 701.4289 0.05870479 3.411761
6 768.1133 0.05842481 3.736115
7 831.0201 0.058257 4.042095
8 890.2511 0.05817311 4.330195
9 946.0769 0.0581448 4.601733
10 998.6674 0.05815845 4.857534
11 1048.081 0.05821055 5.097883
12 1121.206 0.05800752 5.453562
13 1211.23 0.05771829 5.89144
14 1316.279 0.05740002 6.402403
15 1434.265 0.05710394 6.976289
16 1564.226 0.0568216 7.608419
17 1703.093 0.05661431 8.283868
18 1848.194 0.0565112 8.989646
19 2001.705 0.05639634 9.736324
20 2163.382 0.05625029 10.52272
21 2328.505 0.05616986 11.32588
22 2503.024 0.05612892 12.17475
23 2689.626 0.05614724 13.08238
24 2895.231 0.05614749 14.08245
25 3117.096 0.05623994 15.1616
26 3358.621 0.05639761 16.33638
27 3617.111 0.05669034 17.59368
28 3895.618 0.05707488 18.94835
29 4192.061 0.05759705 20.39025
30 4504.845 0.05827759 21.91163
31 4838.622 0.05905374 23.53513
32 5185.429 0.06030216 25.222
33 5653.468 0.06258326 27.49856
34 6180.443 0.0625805 30.06177
35 6574.895 0.05443665 31.98039
36 7138.251 0.05193188 34.72056
37 7443.255 0.0581989 36.20411
38 8045.792 0.06002689 39.13486
39 8237.021 0.05971802 40.065
40 8968.888 0.05751734 43.62481
41 9357.729 0.06148991 45.51614
42 10100.15 0.06364623 49.12728
43 10138.44 0.05680772 49.31355
44 10855.84 0.06502869 52.80298
45 10482.7 0.0952575 50.98803
46 8127.358 0.06110983 39.53159
47 7910.701 0.06050482 38.47777
48 6599.391 0.06471954 32.09954
49 6176.99 0.08093421 30.04498
50 6711.315 0.06352012 32.64394
51 7088.053 0.05652351 34.4764
52 5630.926 0.1267696 27.38891
53 6078.112 0.1401543 29.56403
54 6512.474 0.1485451 31.67677
SBC+WA
1 39.7127 0.1306625 1.141416
2 50.78139 0.1281271 1.45955
3 59.56485 0.1269924 1.712003
4 67.92502 0.1262585 1.95229
5 75.88946 0.1257535 2.181202
6 83.48032 0.1253904 2.399378
7 90.61568 0.1252589 2.604461
8 97.40929 0.1251817 2.799722
9 103.8646 0.1251471 2.985259
10 110.0063 0.1251398 3.161783
11 115.8494 0.1251524 3.329723
12 124.2914 0.1250031 3.572362
13 134.6894 0.1247304 3.871221
14 146.8414 0.1243936 4.22049
15 160.4481 0.1241136 4.611573
16 175.4131 0.123834 5.041694
17 191.5756 0.123565 5.506235
18 208.6739 0.1233708 5.997672
19 226.6479 0.1231902 6.514277
20 245.2676 0.1230703 7.049441
21 264.4026 0.1230019 7.599417
22 284.784 0.1229077 8.185216
23 306.7473 0.1228173 8.81648
24 330.6152 0.1227241 9.502487
25 356.6526 0.1226234 10.25085
26 385.0326 0.1225158 11.06654
27 415.8827 0.1224006 11.95323
28 449.3678 0.1221729 12.91565
29 485.1751 0.1219986 13.94482
30 523.0326 0.1219165 15.03291
31 563.5286 0.1217613 16.19684
32 601.3253 0.1122215 17.28319
33 648.6214 0.1051948 18.64257
34 703.0723 0.09963012 20.20759
35 762.5149 0.09445935 21.91608
36 822.7614 0.08992032 23.64767
37 892.9067 0.08822045 25.66377
38 974.333 0.08628074 28.00412
39 1047.238 0.08590196 30.09954
40 1134.209 0.08523087 32.59925
41 1215.224 0.08577801 34.92776
42 1297.061 0.08687363 37.27991
43 1393.279 0.08755087 40.04539
44 1488.42 0.08897052 42.77992
45 1570.087 0.0919244 45.12718
46 1648.285 0.09478474 47.37472
47 1720.161 0.09760563 49.44058
48 1795.918 0.09855939 51.61798
49 1863.436 0.09928125 53.55858
50 1954.679 0.09933662 56.18107
51 2039.915 0.100301 58.63091
52 2144.789 0.1010283 61.64516
53 2250.047 0.1033919 64.67047
54 2334.994 0.10869 67.11202
OR+CA
1 125.334 0.04779768 0.6709253
2 158.9538 0.04288432 0.8508953
3 184.963 0.04060975 0.9901251
4 209.2936 0.03914094 1.120369
5 231.4144 0.03825959 1.238784
6 251.9419 0.03768596 1.34867
7 270.9576 0.03732246 1.450462
8 288.5567 0.03710863 1.544672
9 304.6968 0.03701877 1.631072
10 319.5255 0.03701685 1.710451
11 332.9021 0.03710821 1.782058
12 353.6372 0.03672383 1.893055
13 379.3904 0.03615281 2.030914
14 409.5566 0.03551682 2.192397
15 443.9949 0.03486588 2.376748
16 481.5197 0.03430489 2.577622
17 521.7001 0.03384787 2.792712
18 564.0503 0.03349797 3.019417
19 607.9769 0.03325835 3.25456
20 653.8526 0.03307726 3.500137
21 701.4985 0.03294145 3.75519
22 750.5284 0.03290923 4.017652
23 803.161 0.03291832 4.2994
24 860.5888 0.03296136 4.606816
25 923.7046 0.0330446 4.944682
26 992.3595 0.03320619 5.312198
27 1067.474 0.03343905 5.714291
28 1147.468 0.0337741 6.142511
29 1233.059 0.03422311 6.600685
30 1323.856 0.03479192 7.08673
31 1423.083 0.03539061 7.617904
32 1523.314 0.04800313 8.154451
33 1650.596 0.04878035 8.8358
34 1806.281 0.04864595 9.669199
35 1973.943 0.04949005 10.56671
36 2155.736 0.0513086 11.53987
37 2294.025 0.06464389 12.28014
38 2296.234 0.07677166 12.29197
39 2432.276 0.07201851 13.02021
40 2550.334 0.0675871 13.65219
41 2692.035 0.06428351 14.41073
42 2864.502 0.06164386 15.33396
43 3020.877 0.05428124 16.17105
44 3275.134 0.04615333 17.53211
45 3574.133 0.04165961 19.13269
46 3875.173 0.03979157 20.74418
47 4157.527 0.0397673 22.25565
48 4543.082 0.03998199 24.31956
49 4890.816 0.04192413 26.18102
50 5270.964 0.04499164 28.21599
51 5638.683 0.04900252 30.18443
52 6013.311 0.05322087 32.18984
53 6268.137 0.06322624 33.55396
54 6574.05 0.07242863 35.19154

Parameters: Estimate  Std. Error      z value    Pr(>|z^2|)
rval 0.09108548 0.00159045 57.27037025 0
logK 8.5444595 0.65346466 13.07562603 0
logK 10.46716579 0.2867873 36.49801069 0
logK 10.3839545 0.43085617 24.1007446 0
logK 9.42599578 0.67388117 13.98762304 0
logBK 4.21511921 0.69810604 6.03793548 0
logBK 3.98179414 0.29649894 13.42937058 0
logBK 4.54440763 0.45470915 9.99409762 0
logBK 5.44579174 0.68672121 7.93013471 0
MixPars -2.12969051 0.30896497 -6.89298366 0
MixPars -2.88550453 0.20319175 -14.20089391 0
MixPars -0.67449923 0.12506264 -5.39329131 7e-08
MixPars -1.43212196 0.09261701 -15.46283889 0
MixPars -2.9017581 0.15118334 -19.19363614 0
MixPars -2.17760221 0.24655968 -8.8319477 0
MixPars -2.26610498 0.18396551 -12.31809708 0
MixPars -2.38941985 0.30256684 -7.89716373 0
MixPars -2.58214439 0.17570632 -14.69579691 0
MixPars -0.89839852 0.11030726 -8.14450946 0
MixPars -2.35412457 0.20125994 -11.69693549 0
AddV 0.11572384 0.0544556 2.12510448 0.0335779
AddV 0.01327659 0.00422566 3.14189629 0.00167857
AddV 0.02381431 0.01636999 1.4547543 0.14573729
SFsigma 1.05486683 0.14387478 7.33183949 0

Mixing matrix
0.89375562 0.10624438 0 0 0 0 ,# Asia
0.030031 0.27402942 0.12845938 0.53793337 0.02954683 0 ,# Hawaii
0.06324874 0.55817771 0.05789161 0.05117533 0.04220476 0.22730185 ,# Mexico
0 0 0 0 0.08673849 0.91326151 ,# Central_Am

Split of breeding stock to feeding grounds over time
Split for: Asia
Year RUS+WAL EAL+BER+WGOA NGOA SEA+NBC SBC+WA OR+CA
1970 0.89514 0.10486 0 0 0 0
1971 0.89543 0.10457 0 0 0 0
1972 0.89326 0.10674 0 0 0 0
1973 0.89338 0.10662 0 0 0 0
1974 0.89348 0.10652 0 0 0 0
1975 0.89358 0.10642 0 0 0 0
1976 0.89367 0.10633 0 0 0 0
1977 0.89375 0.10625 0 0 0 0
1978 0.89383 0.10617 0 0 0 0
1979 0.89392 0.10608 0 0 0 0
1980 0.89401 0.10599 0 0 0 0
1981 0.89409 0.10591 0 0 0 0
1982 0.89416 0.10584 0 0 0 0
1983 0.89423 0.10577 0 0 0 0
1984 0.89429 0.10571 0 0 0 0
1985 0.89435 0.10565 0 0 0 0
1986 0.89441 0.10559 0 0 0 0
1987 0.89448 0.10552 0 0 0 0
1988 0.89454 0.10546 0 0 0 0
1989 0.8946 0.1054 0 0 0 0
1990 0.89466 0.10534 0 0 0 0
1991 0.89472 0.10528 0 0 0 0
1992 0.89479 0.10521 0 0 0 0
1993 0.89486 0.10514 0 0 0 0
1994 0.89494 0.10506 0 0 0 0
1995 0.89502 0.10498 0 0 0 0
1996 0.89511 0.10489 0 0 0 0
1997 0.8952 0.1048 0 0 0 0
1998 0.89533 0.10467 0 0 0 0
1999 0.89547 0.10453 0 0 0 0
2000 0.89558 0.10442 0 0 0 0
2001 0.89298 0.10702 0 0 0 0
2002 0.89052 0.10948 0 0 0 0
2003 0.88808 0.11192 0 0 0 0
2004 0.8884 0.1116 0 0 0 0
2005 0.88928 0.11072 0 0 0 0
2006 0.88938 0.11062 0 0 0 0
2007 0.89082 0.10918 0 0 0 0
2008 0.89372 0.10628 0 0 0 0
2009 0.89634 0.10366 0 0 0 0
2010 0.90099 0.09901 0 0 0 0
2011 0.89941 0.10059 0 0 0 0
2012 0.8982 0.1018 0 0 0 0
2013 0.89694 0.10306 0 0 0 0
2014 0.89653 0.10347 0 0 0 0
2015 0.8962 0.1038 0 0 0 0
2016 0.90419 0.09581 0 0 0 0
2017 0.91351 0.08649 0 0 0 0
2018 0.92253 0.07747 0 0 0 0
2019 0.92888 0.07112 0 0 0 0
2020 0.92263 0.07737 0 0 0 0
2021 0.91395 0.08605 0 0 0 0
2022 0.90819 0.09181 0 0 0 0
2023 0.90872 0.09128 0 0 0 0
2024 0.91017 0.08983 0 0 0 0
Split for: Hawaii
Year RUS+WAL EAL+BER+WGOA NGOA SEA+NBC SBC+WA OR+CA
1970 0.03045 0.27381 0.13013 0.53572 0.02988 0
1971 0.03066 0.27483 0.13074 0.53368 0.03009 0
1972 0.03009 0.27596 0.13133 0.53241 0.03021 0
1973 0.03022 0.27684 0.13178 0.53085 0.03031 0
1974 0.03034 0.27768 0.1322 0.52938 0.0304 0
1975 0.03047 0.27851 0.13255 0.52798 0.03049 0
1976 0.03059 0.27936 0.13289 0.5266 0.03056 0
1977 0.03071 0.2802 0.13322 0.52524 0.03063 0
1978 0.03082 0.28103 0.13355 0.52391 0.03069 0
1979 0.03093 0.28179 0.13388 0.52263 0.03076 0
1980 0.03105 0.28257 0.13421 0.52134 0.03083 0
1981 0.03116 0.28339 0.13449 0.52007 0.03089 0
1982 0.03128 0.28423 0.13474 0.51879 0.03095 0
1983 0.0314 0.28506 0.13497 0.51755 0.03102 0
1984 0.03151 0.2859 0.13517 0.51634 0.03108 0
1985 0.03161 0.28666 0.13533 0.51526 0.03113 0
1986 0.03173 0.28751 0.13546 0.5141 0.0312 0
1987 0.03186 0.28849 0.13565 0.51272 0.03128 0
1988 0.03197 0.28932 0.13575 0.51161 0.03135 0
1989 0.03206 0.28997 0.13574 0.51083 0.03139 0
1990 0.03216 0.29068 0.13577 0.50995 0.03143 0
1991 0.03227 0.29143 0.13579 0.50902 0.03149 0
1992 0.03238 0.29226 0.13583 0.50797 0.03156 0
1993 0.03248 0.29294 0.13578 0.50719 0.0316 0
1994 0.03259 0.29372 0.13577 0.50625 0.03167 0
1995 0.03271 0.2945 0.13574 0.50532 0.03173 0
1996 0.03284 0.29543 0.13574 0.50418 0.03181 0
1997 0.03298 0.29634 0.13569 0.50307 0.03193 0
1998 0.03313 0.29726 0.13565 0.50192 0.03205 0
1999 0.03329 0.29829 0.13562 0.50064 0.03216 0
2000 0.03344 0.29926 0.1355 0.49952 0.03228 0
2001 0.03333 0.30664 0.13419 0.49403 0.03181 0
2002 0.03272 0.3088 0.13402 0.49309 0.03136 0
2003 0.03203 0.30983 0.13414 0.49292 0.03108 0
2004 0.03235 0.31192 0.13356 0.49018 0.03199 0
2005 0.03238 0.30945 0.13415 0.49182 0.0322 0
2006 0.03342 0.31913 0.13162 0.4822 0.03364 0
2007 0.03323 0.31259 0.13277 0.48737 0.03405 0
2008 0.03504 0.31986 0.13035 0.47872 0.03602 0
2009 0.03442 0.30556 0.13364 0.49072 0.03566 0
2010 0.0359 0.30282 0.13394 0.49028 0.03706 0
2011 0.0348 0.29878 0.13529 0.49532 0.03581 0
2012 0.03684 0.32047 0.12929 0.47522 0.03818 0
2013 0.03612 0.3186 0.13 0.4777 0.03757 0
2014 0.03896 0.34515 0.12302 0.4527 0.04015 2e-05
2015 0.04532 0.40296 0.10812 0.39738 0.04622 0
2016 0.04918 0.40002 0.10767 0.39379 0.04934 0
2017 0.05604 0.40727 0.10342 0.37746 0.05582 0
2018 0.0592 0.38161 0.108 0.39264 0.05856 0
2019 0.05878 0.34548 0.11608 0.42097 0.05869 0
2020 0.05418 0.34878 0.11754 0.42512 0.05438 0
2021 0.05895 0.42604 0.09863 0.35652 0.05986 0
2022 0.05698 0.44214 0.09611 0.3465 0.05827 0
2023 0.0562 0.43334 0.0985 0.35501 0.05695 0
2024 0.05389 0.4083 0.10494 0.37865 0.05422 0
Split for: Mexico
Year RUS+WAL EAL+BER+WGOA NGOA SEA+NBC SBC+WA OR+CA
1970 0.06455 0.56142 0.05903 0.0513 0.04297 0.22072
1971 0.06477 0.56159 0.05911 0.05093 0.04311 0.22048
1972 0.06351 0.56339 0.05932 0.05077 0.04325 0.21977
1973 0.06368 0.56425 0.05942 0.05053 0.04332 0.21879
1974 0.06389 0.56545 0.05956 0.05035 0.04341 0.21734
1975 0.06409 0.56663 0.05966 0.05017 0.04351 0.21594
1976 0.06428 0.56782 0.05976 0.04999 0.04356 0.21458
1977 0.06447 0.56902 0.05986 0.04982 0.04362 0.21322
1978 0.06466 0.57023 0.05995 0.04965 0.04368 0.21182
1979 0.06486 0.57141 0.06006 0.0495 0.04374 0.21042
1980 0.06506 0.57269 0.06018 0.04935 0.04382 0.2089
1981 0.06526 0.57396 0.06027 0.04919 0.04387 0.20744
1982 0.06546 0.57523 0.06033 0.04904 0.04393 0.20602
1983 0.06564 0.57645 0.06039 0.04888 0.04399 0.20464
1984 0.06581 0.57752 0.06041 0.04871 0.04402 0.20353
1985 0.06597 0.57855 0.06043 0.04857 0.04406 0.20242
1986 0.06613 0.57956 0.06041 0.0484 0.04411 0.20139
1987 0.06629 0.58057 0.0604 0.04819 0.04414 0.20041
1988 0.06644 0.58151 0.06036 0.04803 0.04419 0.19947
1989 0.06657 0.5823 0.06031 0.04791 0.0442 0.19871
1990 0.06669 0.58295 0.06024 0.04776 0.04421 0.19815
1991 0.06683 0.58377 0.06018 0.04762 0.04424 0.19736
1992 0.06697 0.58459 0.06011 0.04745 0.04426 0.19661
1993 0.0671 0.5853 0.06002 0.04733 0.04428 0.19597
1994 0.06723 0.58591 0.05992 0.04716 0.0443 0.19548
1995 0.06735 0.58649 0.05981 0.047 0.04431 0.19505
1996 0.06747 0.58698 0.05967 0.04679 0.04433 0.19477
1997 0.06758 0.58738 0.0595 0.04657 0.04438 0.19458
1998 0.06772 0.58769 0.05934 0.04635 0.04444 0.19447
1999 0.06785 0.58804 0.05915 0.04609 0.04446 0.1944
2000 0.06794 0.58809 0.05891 0.04585 0.04449 0.19472
2001 0.06697 0.59584 0.05769 0.04484 0.04335 0.19131
2002 0.06565 0.59921 0.05754 0.04469 0.04268 0.19023
2003 0.06415 0.6002 0.05749 0.0446 0.04223 0.19134
2004 0.06396 0.59649 0.05651 0.04378 0.04289 0.19637
2005 0.06398 0.59141 0.05673 0.0439 0.04316 0.20082
2006 0.06452 0.59578 0.05436 0.04204 0.04404 0.19925
2007 0.06604 0.6009 0.05647 0.04376 0.0459 0.18692
2008 0.06794 0.59974 0.05407 0.04192 0.04736 0.18896
2009 0.06889 0.59149 0.05723 0.04436 0.0484 0.18962
2010 0.0709 0.57847 0.05661 0.04374 0.04964 0.20064
2011 0.06986 0.58006 0.05811 0.04491 0.04875 0.1983
2012 0.06989 0.58801 0.05248 0.04072 0.04913 0.19977
2013 0.06865 0.58554 0.05286 0.041 0.04843 0.20352
2014 0.06855 0.58734 0.04632 0.03598 0.04791 0.2139
2015 0.06903 0.59352 0.03523 0.02734 0.04774 0.22715
2016 0.0728 0.57265 0.0341 0.02633 0.04953 0.24458
2017 0.07766 0.54585 0.03067 0.02363 0.05246 0.26973
2018 0.08251 0.51438 0.03221 0.02472 0.05535 0.29084
2019 0.08554 0.48618 0.03614 0.02767 0.05792 0.30655
2020 0.0808 0.50303 0.03751 0.02864 0.055 0.29502
2021 0.07672 0.53626 0.02747 0.02096 0.05283 0.28577
2022 0.07377 0.55358 0.02662 0.02026 0.05116 0.27461
2023 0.0735 0.54814 0.02757 0.02097 0.05052 0.2793
2024 0.07298 0.53476 0.03041 0.02316 0.0498 0.28889
Split for: Central_Am
Year RUS+WAL EAL+BER+WGOA NGOA SEA+NBC SBC+WA OR+CA
1970 0 0 0 0 0.09056 0.90944
1971 0 0 0 0 0.09093 0.90907
1972 0 0 0 0 0.09146 0.90854
1973 0 0 0 0 0.09196 0.90804
1974 0 0 0 0 0.0927 0.9073
1975 0 0 0 0 0.09343 0.90657
1976 0 0 0 0 0.09407 0.90593
1977 0 0 0 0 0.09473 0.90527
1978 0 0 0 0 0.09541 0.90459
1979 0 0 0 0 0.09612 0.90388
1980 0 0 0 0 0.09691 0.90309
1981 0 0 0 0 0.09762 0.90238
1982 0 0 0 0 0.09835 0.90165
1983 0 0 0 0 0.09907 0.90093
1984 0 0 0 0 0.09962 0.90038
1985 0 0 0 0 0.10019 0.89981
1986 0 0 0 0 0.10075 0.89925
1987 0 0 0 0 0.10126 0.89874
1988 0 0 0 0 0.10178 0.89822
1989 0 0 0 0 0.10217 0.89783
1990 0 0 0 0 0.10243 0.89757
1991 0 0 0 0 0.10285 0.89715
1992 0 0 0 0 0.10326 0.89674
1993 0 0 0 0 0.10361 0.89639
1994 0 0 0 0 0.10387 0.89613
1995 0 0 0 0 0.10411 0.89589
1996 0 0 0 0 0.10427 0.89573
1997 0 0 0 0 0.10449 0.89551
1998 0 0 0 0 0.10465 0.89535
1999 0 0 0 0 0.10473 0.89527
2000 0 0 0 0 0.10463 0.89537
2001 0 0 0 0 0.10386 0.89614
2002 0 0 0 0 0.10295 0.89705
2003 0 0 0 0 0.10144 0.89856
2004 0 0 0 0 0.1005 0.8995
2005 0 0 0 0 0.09903 0.90097
2006 0 0 0 0 0.10157 0.89843
2007 0 0 0 0 0.1116 0.8884
2008 0 0 0 0 0.11364 0.88636
2009 0 0 0 0 0.11549 0.88451
2010 0 0 0 0 0.11233 0.88767
2011 0 0 0 0 0.1117 0.8883
2012 0 0 0 0 0.11174 0.88826
2013 0 0 0 0 0.1085 0.8915
2014 0 0 0 0 0.1028 0.8972
2015 0 0 0 0 0.09706 0.90294
2016 0 0 0 0 0.09387 0.90613
2017 0 0 0 0 0.09049 0.90951
2018 0 0 0 0 0.08871 0.91129
2019 0 0 0 0 0.08813 0.91187
2020 0 0 0 0 0.08706 0.91294
2021 0 0 0 0 0.0864 0.9136
2022 0 0 0 0 0.087 0.913
2023 0 0 0 0 0.08468 0.91532
2024 0 0 0 0 0.08103 0.91897

Difference in mortality over time
Difference for: Asia
Year RUS+WAL EAL+BER+WGOA NGOA SEA+NBC SBC+WA OR+CA
1970 0 0 0 0 0 0
1971 0 0 0 0 0 0
1972 0 0 0 0 0 0
1973 0 0 0 0 0 0
1974 0 0 0 0 0 0
1975 0 0 0 0 0 0
1976 0 0 0 0 0 0
1977 0 0 0 0 0 0
1978 0 0 0 0 0 0
1979 0 0 0 0 0 0
1980 0 0 0 0 0 0
1981 0 0 0 0 0 0
1982 0 0 0 0 0 0
1983 0 0 0 0 0 0
1984 0 0 0 0 0 0
1985 0 0 0 0 0 0
1986 0 0 0 0 0 0
1987 0 0 0 0 0 0
1988 0 0 0 0 0 0
1989 0 0 0 0 0 0
1990 0 0 0 0 0 0
1991 0 0 0 0 0 0
1992 0 0 0 0 0 0
1993 0 0 0 0 0 0
1994 0 0 0 0 0 0
1995 0 0 0 0 0 0
1996 0 0 0 0 0 0
1997 0 0 0 0 0 0
1998 0 0 0 0 0 0
1999 0 0 0 0 0 0
2000 0 2 0 0 0 0
2001 0 2 0 0 0 0
2002 0 2 0 0 0 0
2003 0 1 0 0 0 0
2004 0 1 0 0 0 0
2005 0 1 0 0 0 0
2006 0 0 0 0 0 0
2007 0 -2 0 0 0 0
2008 0 -2 0 0 0 0
2009 0 -6 0 0 0 0
2010 0 0 0 0 0 0
2011 0 0 0 0 0 0
2012 0 -2 0 0 0 0
2013 0 1 0 0 0 0
2014 0 1 0 0 0 0
2015 0 -12 0 0 0 0
2016 0 -15 0 0 0 0
2017 0 -19 0 0 0 0
2018 0 -23 0 0 0 0
2019 0 -1 0 0 0 0
2020 0 3 0 0 0 0
2021 0 0 0 0 0 0
2022 0 0 0 0 0 0
2023 0 0 0 0 0 0
Difference for: Hawaii
Year RUS+WAL EAL+BER+WGOA NGOA SEA+NBC SBC+WA OR+CA
1970 0 0 0 0 0 0
1971 0 0 0 0 0 0
1972 0 0 0 0 0 0
1973 0 0 0 0 0 0
1974 0 0 0 0 0 0
1975 0 0 0 0 0 0
1976 0 0 0 0 0 0
1977 0 0 0 0 0 0
1978 0 0 0 0 0 0
1979 0 0 0 0 0 0
1980 0 0 0 0 0 0
1981 0 0 0 0 0 0
1982 0 0 0 0 0 0
1983 0 0 0 0 0 0
1984 0 0 0 0 0 0
1985 0 0 0 0 0 0
1986 0 0 0 0 0 0
1987 0 0 0 0 0 0
1988 0 0 0 0 0 0
1989 0 0 0 0 0 0
1990 0 0 0 0 0 0
1991 0 0 0 0 0 0
1992 0 0 0 0 0 0
1993 0 0 0 0 0 0
1994 0 0 0 0 0 0
1995 0 0 0 0 0 0
1996 0 0 0 0 0 0
1997 0 0 0 0 0 0
1998 0 0 0 0 0 0
1999 0 0 0 0 0 0
2000 0 44 0 -2 -2 0
2001 0 49 18 65 1 0
2002 0 58 25 93 2 0
2003 0 38 -2 -8 3 0
2004 0 24 26 94 3 0
2005 0 44 -28 -102 6 0
2006 0 -5 24 88 6 0
2007 0 -61 -60 -219 6 0
2008 0 -52 41 151 6 0
2009 0 -184 -22 -82 5 0
2010 0 -5 38 137 5 0
2011 0 -3 -110 -400 5 0
2012 0 -48 28 101 3 0
2013 0 37 -198 -720 0 0
2014 0 37 -685 -2498 -2 0
2015 0 -393 -158 -574 -7 0
2016 0 -505 -426 -1548 -5 0
2017 0 -633 -194 -705 -1 0
2018 0 -762 2 7 -1 0
2019 0 -36 -31 -114 2 0
2020 0 94 -455 -1643 6 0
2021 0 0 0 0 4 0
2022 0 0 0 0 2 0
2023 0 0 0 0 0 0
Difference for: Mexico
Year RUS+WAL EAL+BER+WGOA NGOA SEA+NBC SBC+WA OR+CA
1970 0 0 0 0 0 0
1971 0 0 0 0 0 0
1972 0 0 0 0 0 0
1973 0 0 0 0 0 0
1974 0 0 0 0 0 0
1975 0 0 0 0 0 0
1976 0 0 0 0 0 0
1977 0 0 0 0 0 0
1978 0 0 0 0 0 0
1979 0 0 0 0 0 0
1980 0 0 0 0 0 0
1981 0 0 0 0 0 0
1982 0 0 0 0 0 0
1983 0 0 0 0 0 0
1984 0 0 0 0 0 0
1985 0 0 0 0 0 0
1986 0 0 0 0 0 0
1987 0 0 0 0 0 0
1988 0 0 0 0 0 0
1989 0 0 0 0 0 0
1990 0 0 0 0 0 0
1991 0 0 0 0 0 0
1992 0 0 0 0 0 0
1993 0 0 0 0 0 0
1994 0 0 0 0 0 0
1995 0 0 0 0 0 0
1996 0 0 0 0 0 0
1997 0 0 0 0 0 0
1998 0 0 0 0 0 0
1999 0 0 0 0 0 0
2000 0 44 0 0 -1 -2
2001 0 50 4 3 1 7
2002 0 58 6 4 2 16
2003 0 38 0 0 2 16
2004 0 24 6 4 2 20
2005 0 44 -6 -5 4 -4
2006 0 -5 5 4 4 -76
2007 0 -61 -13 -10 4 -17
2008 0 -52 9 7 4 -31
2009 0 -183 -5 -4 3 -17
2010 0 -5 8 6 4 -15
2011 0 -3 -24 -18 4 -30
2012 0 -47 6 5 2 5
2013 0 36 -43 -33 0 34
2014 0 36 -149 -114 -1 54
2015 0 -384 -34 -26 -5 64
2016 0 -492 -92 -71 -3 64
2017 0 -616 -42 -32 -1 64
2018 0 -740 0 0 -1 50
2019 0 -34 -7 -5 2 26
2020 0 90 -97 -74 4 36
2021 0 0 0 0 3 -35
2022 0 0 0 0 1 -19
2023 0 0 0 0 0 0
Difference for: Central_Am
Year RUS+WAL EAL+BER+WGOA NGOA SEA+NBC SBC+WA OR+CA
1970 0 0 0 0 0 0
1971 0 0 0 0 0 0
1972 0 0 0 0 0 0
1973 0 0 0 0 0 0
1974 0 0 0 0 0 0
1975 0 0 0 0 0 0
1976 0 0 0 0 0 0
1977 0 0 0 0 0 0
1978 0 0 0 0 0 0
1979 0 0 0 0 0 0
1980 0 0 0 0 0 0
1981 0 0 0 0 0 0
1982 0 0 0 0 0 0
1983 0 0 0 0 0 0
1984 0 0 0 0 0 0
1985 0 0 0 0 0 0
1986 0 0 0 0 0 0
1987 0 0 0 0 0 0
1988 0 0 0 0 0 0
1989 0 0 0 0 0 0
1990 0 0 0 0 0 0
1991 0 0 0 0 0 0
1992 0 0 0 0 0 0
1993 0 0 0 0 0 0
1994 0 0 0 0 0 0
1995 0 0 0 0 0 0
1996 0 0 0 0 0 0
1997 0 0 0 0 0 0
1998 0 0 0 0 0 0
1999 0 0 0 0 0 0
2000 0 0 0 0 0 -1
2001 0 0 0 0 0 4
2002 0 0 0 0 1 10
2003 0 0 0 0 1 10
2004 0 0 0 0 1 12
2005 0 0 0 0 1 -3
2006 0 0 0 0 1 -46
2007 0 0 0 0 1 -10
2008 0 0 0 0 1 -19
2009 0 0 0 0 1 -11
2010 0 0 0 0 1 -9
2011 0 0 0 0 1 -18
2012 0 0 0 0 1 3
2013 0 0 0 0 0 20
2014 0 0 0 0 0 33
2015 0 0 0 0 -1 39
2016 0 0 0 0 -1 39
2017 0 0 0 0 0 39
2018 0 0 0 0 0 30
2019 0 0 0 0 1 16
2020 0 0 0 0 1 22
2021 0 0 0 0 1 -22
2022 0 0 0 0 0 -12
2023 0 0 0 0 0 0

Total survival over time
Values for breeding stock: Asia
Year RUS+WAL EAL+BER+WGOA NGOA SEA+NBC SBC+WA OR+CA
1970 0.996 0.982 0 0 0 0
1971 1.281 1.276 0 0 0 0
1972 1.189 1.217 0 0 0 0
1973 1.176 1.175 0 0 0 0
1974 1.147 1.146 0 0 0 0
1975 1.126 1.125 0 0 0 0
1976 1.109 1.108 0 0 0 0
1977 1.095 1.095 0 0 0 0
1978 1.085 1.084 0 0 0 0
1979 1.075 1.074 0 0 0 0
1980 1.067 1.066 0 0 0 0
1981 1.087 1.086 0 0 0 0
1982 1.101 1.1 0 0 0 0
1983 1.109 1.108 0 0 0 0
1984 1.113 1.113 0 0 0 0
1985 1.114 1.114 0 0 0 0
1986 1.113 1.113 0 0 0 0
1987 1.111 1.11 0 0 0 0
1988 1.107 1.106 0 0 0 0
1989 1.102 1.102 0 0 0 0
1990 1.098 1.097 0 0 0 0
1991 1.096 1.095 0 0 0 0
1992 1.096 1.095 0 0 0 0
1993 1.096 1.096 0 0 0 0
1994 1.097 1.097 0 0 0 0
1995 1.098 1.098 0 0 0 0
1996 1.099 1.098 0 0 0 0
1997 1.099 1.098 0 0 0 0
1998 1.099 1.098 0 0 0 0
1999 1.098 1.097 0 0 0 0
2000 1.096 1.114 0 0 0 0
2001 1.095 1.109 0 0 0 0
2002 1.093 1.107 0 0 0 0
2003 1.092 1.096 0 0 0 0
2004 1.09 1.09 0 0 0 0
2005 1.089 1.094 0 0 0 0
2006 1.088 1.079 0 0 0 0
2007 1.087 1.066 0 0 0 0
2008 1.085 1.07 0 0 0 0
2009 1.084 1.042 0 0 0 0
2010 1.082 1.084 0 0 0 0
2011 1.08 1.081 0 0 0 0
2012 1.078 1.07 0 0 0 0
2013 1.07 1.078 0 0 0 0
2014 1.083 1.087 0 0 0 0
2015 1.047 0.987 0 0 0 0
2016 1.074 1.001 0 0 0 0
2017 1.071 0.985 0 0 0 0
2018 1.067 0.966 0 0 0 0
2019 1.07 1.101 0 0 0 0
2020 1.058 1.103 0 0 0 0
2021 1.056 1.078 0 0 0 0
2022 1.053 1.072 0 0 0 0
2023 1.05 1.067 0 0 0 0
Values for breeding stock: Hawaii
Year RUS+WAL EAL+BER+WGOA NGOA SEA+NBC SBC+WA OR+CA
1970 1.008 0.993 1.007 0.99 1.005 0
1971 1.293 1.288 1.291 1.281 1.291 0
1972 1.199 1.227 1.228 1.219 1.227 0
1973 1.187 1.185 1.185 1.178 1.185 0
1974 1.157 1.155 1.156 1.149 1.155 0
1975 1.134 1.133 1.133 1.127 1.134 0
1976 1.117 1.116 1.116 1.11 1.115 0
1977 1.104 1.103 1.103 1.097 1.102 0
1978 1.093 1.092 1.092 1.086 1.091 0
1979 1.084 1.083 1.083 1.077 1.082 0
1980 1.076 1.075 1.075 1.07 1.075 0
1981 1.096 1.095 1.094 1.089 1.094 0
1982 1.11 1.109 1.108 1.103 1.108 0
1983 1.118 1.117 1.116 1.112 1.117 0
1984 1.122 1.122 1.12 1.116 1.12 0
1985 1.123 1.123 1.121 1.118 1.122 0
1986 1.122 1.121 1.119 1.116 1.12 0
1987 1.119 1.119 1.117 1.112 1.117 0
1988 1.115 1.115 1.113 1.109 1.114 0
1989 1.111 1.11 1.108 1.106 1.109 0
1990 1.106 1.105 1.103 1.101 1.104 0
1991 1.104 1.104 1.101 1.099 1.102 0
1992 1.104 1.103 1.101 1.098 1.102 0
1993 1.105 1.104 1.102 1.1 1.103 0
1994 1.106 1.105 1.102 1.1 1.104 0
1995 1.107 1.106 1.103 1.101 1.105 0
1996 1.107 1.107 1.104 1.101 1.106 0
1997 1.107 1.107 1.103 1.101 1.107 0
1998 1.107 1.106 1.103 1.1 1.106 0
1999 1.106 1.105 1.101 1.099 1.104 0
2000 1.104 1.122 1.099 1.098 1.096 0
2001 1.103 1.117 1.113 1.111 1.106 0
2002 1.101 1.115 1.113 1.112 1.108 0
2003 1.1 1.104 1.088 1.086 1.107 0
2004 1.098 1.098 1.107 1.105 1.105 0
2005 1.097 1.102 1.069 1.067 1.104 0
2006 1.096 1.087 1.102 1.101 1.104 0
2007 1.095 1.074 1.049 1.051 1.107 0
2008 1.094 1.078 1.109 1.109 1.09 0
2009 1.092 1.05 1.069 1.069 1.099 0
2010 1.091 1.092 1.099 1.095 1.09 0
2011 1.089 1.089 1.03 1.03 1.085 0
2012 1.087 1.079 1.092 1.096 1.09 0
2013 1.085 1.093 0.998 0.998 1.083 0
2014 1.083 1.087 0.801 0.802 1.074 0
2015 1.081 1.019 1.039 1.039 1.066 0
2016 1.079 1.006 0.88 0.878 1.071 0
2017 1.077 0.99 1.018 1.018 1.071 0
2018 1.074 0.972 1.146 1.144 1.059 0
2019 1.071 1.103 1.095 1.094 1.073 0
2020 1.069 1.114 0.833 0.831 1.067 0
2021 1.066 1.088 1.158 1.157 1.067 0
2022 1.064 1.083 1.115 1.112 1.064 0
2023 1.061 1.078 1.098 1.097 1.054 0
Values for breeding stock: Mexico
Year RUS+WAL EAL+BER+WGOA NGOA SEA+NBC SBC+WA OR+CA
1970 1.005 0.99 1.004 0.987 1.002 0.956
1971 1.289 1.285 1.288 1.277 1.287 1.279
1972 1.196 1.224 1.225 1.216 1.224 1.217
1973 1.184 1.183 1.183 1.175 1.183 1.176
1974 1.154 1.153 1.153 1.146 1.153 1.143
1975 1.132 1.131 1.131 1.125 1.131 1.121
1976 1.115 1.114 1.114 1.108 1.113 1.105
1977 1.102 1.101 1.101 1.095 1.1 1.091
1978 1.091 1.09 1.09 1.084 1.089 1.08
1979 1.082 1.081 1.081 1.075 1.08 1.071
1980 1.074 1.073 1.073 1.068 1.073 1.063
1981 1.094 1.093 1.092 1.087 1.092 1.083
1982 1.108 1.107 1.106 1.101 1.106 1.096
1983 1.116 1.116 1.114 1.11 1.115 1.105
1984 1.121 1.12 1.118 1.114 1.118 1.111
1985 1.122 1.121 1.119 1.116 1.12 1.112
1986 1.12 1.12 1.118 1.114 1.119 1.111
1987 1.117 1.117 1.115 1.11 1.116 1.109
1988 1.114 1.113 1.111 1.108 1.112 1.105
1989 1.109 1.109 1.106 1.105 1.107 1.102
1990 1.105 1.104 1.102 1.1 1.102 1.099
1991 1.103 1.102 1.1 1.097 1.101 1.095
1992 1.103 1.102 1.1 1.097 1.101 1.095
1993 1.103 1.103 1.1 1.099 1.101 1.096
1994 1.104 1.104 1.101 1.099 1.102 1.098
1995 1.105 1.105 1.102 1.1 1.103 1.1
1996 1.106 1.105 1.102 1.1 1.104 1.101
1997 1.104 1.103 1.1 1.098 1.104 1.1
1998 1.104 1.103 1.1 1.097 1.103 1.1
1999 1.103 1.102 1.098 1.096 1.101 1.099
2000 1.101 1.119 1.096 1.095 1.093 1.098
2001 1.1 1.114 1.11 1.108 1.103 1.107
2002 1.098 1.112 1.11 1.109 1.106 1.114
2003 1.097 1.102 1.085 1.084 1.104 1.11
2004 1.096 1.095 1.104 1.102 1.102 1.111
2005 1.094 1.099 1.066 1.064 1.101 1.086
2006 1.094 1.084 1.1 1.099 1.101 1.032
2007 1.092 1.072 1.047 1.048 1.104 1.092
2008 1.091 1.076 1.106 1.107 1.087 1.081
2009 1.09 1.048 1.067 1.067 1.096 1.093
2010 1.088 1.09 1.097 1.093 1.088 1.088
2011 1.086 1.086 1.027 1.027 1.082 1.084
2012 1.084 1.076 1.09 1.093 1.087 1.11
2013 1.082 1.09 0.996 0.995 1.08 1.124
2014 1.08 1.085 0.799 0.8 1.071 1.115
2015 1.078 1.016 1.036 1.036 1.064 1.097
2016 1.076 1.003 0.878 0.876 1.068 1.079
2017 1.074 0.987 1.016 1.015 1.069 1.099
2018 1.071 0.969 1.143 1.141 1.056 1.079
2019 1.069 1.1 1.092 1.091 1.07 1.081
2020 1.065 1.11 0.831 0.828 1.063 1.09
2021 1.063 1.085 1.154 1.153 1.064 1.06
2022 1.062 1.081 1.113 1.11 1.062 1.072
2023 1.058 1.075 1.095 1.094 1.051 1.077
Values for breeding stock: Central_Am
Year RUS+WAL EAL+BER+WGOA NGOA SEA+NBC SBC+WA OR+CA
1970 0 0 0 0 1 0.954
1971 0 0 0 0 1.285 1.277
1972 0 0 0 0 1.223 1.215
1973 0 0 0 0 1.18 1.173
1974 0 0 0 0 1.151 1.141
1975 0 0 0 0 1.129 1.119
1976 0 0 0 0 1.112 1.103
1977 0 0 0 0 1.099 1.09
1978 0 0 0 0 1.087 1.078
1979 0 0 0 0 1.078 1.069
1980 0 0 0 0 1.071 1.061
1981 0 0 0 0 1.09 1.081
1982 0 0 0 0 1.104 1.094
1983 0 0 0 0 1.113 1.103
1984 0 0 0 0 1.117 1.11
1985 0 0 0 0 1.118 1.11
1986 0 0 0 0 1.117 1.11
1987 0 0 0 0 1.114 1.107
1988 0 0 0 0 1.11 1.103
1989 0 0 0 0 1.106 1.1
1990 0 0 0 0 1.101 1.097
1991 0 0 0 0 1.099 1.093
1992 0 0 0 0 1.099 1.094
1993 0 0 0 0 1.1 1.095
1994 0 0 0 0 1.101 1.097
1995 0 0 0 0 1.102 1.098
1996 0 0 0 0 1.103 1.1
1997 0 0 0 0 1.104 1.1
1998 0 0 0 0 1.103 1.1
1999 0 0 0 0 1.102 1.099
2000 0 0 0 0 1.093 1.098
2001 0 0 0 0 1.104 1.107
2002 0 0 0 0 1.106 1.114
2003 0 0 0 0 1.105 1.11
2004 0 0 0 0 1.103 1.111
2005 0 0 0 0 1.102 1.086
2006 0 0 0 0 1.102 1.033
2007 0 0 0 0 1.105 1.092
2008 0 0 0 0 1.087 1.081
2009 0 0 0 0 1.097 1.093
2010 0 0 0 0 1.088 1.088
2011 0 0 0 0 1.083 1.085
2012 0 0 0 0 1.088 1.11
2013 0 0 0 0 1.081 1.124
2014 0 0 0 0 1.072 1.116
2015 0 0 0 0 1.065 1.098
2016 0 0 0 0 1.069 1.08
2017 0 0 0 0 1.07 1.101
2018 0 0 0 0 1.058 1.081
2019 0 0 0 0 1.073 1.083
2020 0 0 0 0 1.065 1.091
2021 0 0 0 0 1.065 1.062
2022 0 0 0 0 1.063 1.072
2023 0 0 0 0 1.052 1.079

Numbers over time by herd
Values for breeding stock: Asia
Year RUS+WAL EAL+BER+WGOA NGOA SEA+NBC SBC+WA OR+CA
1970 11 1 0 0 0 0
1971 30 4 0 0 0 0
1972 44 5 0 0 0 0
1973 58 7 0 0 0 0
1974 71 8 0 0 0 0
1975 71 8 0 0 0 0
1976 70 8 0 0 0 0
1977 69 8 0 0 0 0
1978 68 8 0 0 0 0
1979 68 8 0 0 0 0
1980 67 8 0 0 0 0
1981 71 8 0 0 0 0
1982 79 9 0 0 0 0
1983 89 11 0 0 0 0
1984 103 12 0 0 0 0
1985 115 14 0 0 0 0
1986 127 15 0 0 0 0
1987 137 16 0 0 0 0
1988 147 17 0 0 0 0
1989 156 18 0 0 0 0
1990 164 19 0 0 0 0
1991 173 20 0 0 0 0
1992 183 22 0 0 0 0
1993 195 23 0 0 0 0
1994 209 25 0 0 0 0
1995 226 26 0 0 0 0
1996 243 29 0 0 0 0
1997 263 31 0 0 0 0
1998 282 33 0 0 0 0
1999 303 35 0 0 0 0
2000 324 38 0 0 0 0
2001 344 41 0 0 0 0
2002 366 45 0 0 0 0
2003 387 49 0 0 0 0
2004 410 52 0 0 0 0
2005 434 54 0 0 0 0
2006 459 57 0 0 0 0
2007 486 60 0 0 0 0
2008 513 61 0 0 0 0
2009 541 63 0 0 0 0
2010 570 63 0 0 0 0
2011 598 67 0 0 0 0
2012 626 71 0 0 0 0
2013 650 75 0 0 0 0
2014 683 79 0 0 0 0
2015 692 80 0 0 0 0
2016 720 76 0 0 0 0
2017 747 71 0 0 0 0
2018 772 65 0 0 0 0
2019 799 61 0 0 0 0
2020 816 68 0 0 0 0
2021 831 78 0 0 0 0
2022 845 85 0 0 0 0
2023 855 86 0 0 0 0
Values for breeding stock: Hawaii
Year RUS+WAL EAL+BER+WGOA NGOA SEA+NBC SBC+WA OR+CA
1970 3 29 14 56 3 0
1971 9 80 38 155 9 0
1972 13 121 58 233 13 0
1973 17 160 76 307 18 0
1974 22 197 94 376 22 0
1975 22 197 94 373 22 0
1976 21 196 93 369 21 0
1977 21 195 93 366 21 0
1978 21 195 93 363 21 0
1979 21 194 92 360 21 0
1980 21 194 92 357 21 0
1981 23 207 98 380 23 0
1982 25 231 109 421 25 0
1983 29 264 125 479 29 0
1984 34 305 144 552 33 0
1985 38 345 163 620 37 0
1986 42 382 180 683 41 0
1987 46 417 196 742 45 0
1988 50 450 211 796 49 0
1989 53 481 225 848 52 0
1990 56 511 238 896 55 0
1991 60 541 252 946 59 0
1992 64 577 268 1002 62 0
1993 69 618 287 1071 67 0
1994 74 668 309 1152 72 0
1995 81 725 334 1244 78 0
1996 88 788 362 1344 85 0
1997 95 855 391 1451 92 0
1998 103 925 422 1562 100 0
1999 111 998 454 1675 108 0
2000 120 1073 486 1791 116 0
2001 129 1183 518 1905 123 0
2002 137 1297 563 2072 132 0
2003 147 1420 615 2259 142 0
2004 157 1510 647 2373 155 0
2005 167 1596 692 2536 166 0
2006 178 1699 701 2568 179 0
2007 190 1784 758 2781 194 0
2008 202 1842 751 2757 207 0
2009 215 1904 833 3058 222 0
2010 228 1919 849 3107 235 0
2011 241 2067 936 3426 248 0
2012 254 2210 892 3278 263 0
2013 267 2358 962 3536 278 0
2014 281 2487 887 3262 289 0
2015 294 2612 701 2576 300 0
2016 307 2500 673 2461 308 0
2017 321 2330 592 2160 319 0
2018 333 2148 608 2210 330 0
2019 345 2030 682 2474 345 0
2020 356 2294 773 2796 358 0
2021 367 2650 613 2217 372 0
2022 376 2920 635 2288 385 0
2023 385 2970 675 2433 390 0
Values for breeding stock: Mexico
Year RUS+WAL EAL+BER+WGOA NGOA SEA+NBC SBC+WA OR+CA
1970 4 31 3 3 2 12
1971 10 86 9 8 7 34
1972 15 129 14 12 10 50
1973 19 170 18 15 13 66
1974 24 210 22 19 16 81
1975 24 209 22 18 16 80
1976 23 207 22 18 16 78
1977 23 206 22 18 16 77
1978 23 205 22 18 16 76
1979 23 204 21 18 16 75
1980 23 203 21 18 16 74
1981 25 217 23 19 17 78
1982 27 241 25 21 18 86
1983 31 276 29 23 21 98
1984 36 319 33 27 24 112
1985 41 359 38 30 27 126
1986 45 398 41 33 30 138
1987 49 433 45 36 33 150
1988 53 467 48 39 35 160
1989 57 499 52 41 38 170
1990 60 528 55 43 40 179
1991 64 559 58 46 42 189
1992 68 595 61 48 45 200
1993 73 637 65 51 48 213
1994 79 687 70 55 52 229
1995 86 745 76 60 56 248
1996 93 808 82 64 61 268
1997 101 875 89 69 66 290
1998 109 944 95 74 71 312
1999 117 1016 102 80 77 336
2000 126 1089 109 85 82 360
2001 135 1197 116 90 87 384
2002 143 1310 126 98 93 416
2003 153 1430 137 106 101 456
2004 163 1517 144 111 109 499
2005 173 1599 153 119 117 543
2006 184 1699 155 120 126 568
2007 196 1780 167 130 136 554
2008 208 1834 165 128 145 578
2009 220 1891 183 142 155 606
2010 233 1902 186 144 163 660
2011 246 2043 205 158 172 698
2012 259 2179 194 151 182 740
2013 272 2320 209 162 192 806
2014 285 2441 192 150 199 889
2015 297 2556 152 118 206 978
2016 310 2440 145 112 211 1042
2017 323 2268 127 98 218 1121
2018 335 2086 131 100 224 1179
2019 346 1966 146 112 234 1240
2020 356 2214 165 126 242 1299
2021 365 2549 131 100 251 1359
2022 374 2804 135 103 259 1391
2023 381 2844 143 109 262 1449
Values for breeding stock: Central_Am
Year RUS+WAL EAL+BER+WGOA NGOA SEA+NBC SBC+WA OR+CA
1970 0 0 0 0 1 8
1971 0 0 0 0 2 21
1972 0 0 0 0 3 32
1973 0 0 0 0 4 41
1974 0 0 0 0 5 50
1975 0 0 0 0 5 50
1976 0 0 0 0 5 49
1977 0 0 0 0 5 48
1978 0 0 0 0 5 47
1979 0 0 0 0 5 47
1980 0 0 0 0 5 46
1981 0 0 0 0 5 48
1982 0 0 0 0 6 53
1983 0 0 0 0 7 60
1984 0 0 0 0 8 69
1985 0 0 0 0 9 77
1986 0 0 0 0 9 85
1987 0 0 0 0 10 91
1988 0 0 0 0 11 98
1989 0 0 0 0 12 104
1990 0 0 0 0 12 109
1991 0 0 0 0 13 115
1992 0 0 0 0 14 121
1993 0 0 0 0 15 129
1994 0 0 0 0 16 139
1995 0 0 0 0 17 150
1996 0 0 0 0 19 162
1997 0 0 0 0 20 175
1998 0 0 0 0 22 189
1999 0 0 0 0 24 203
2000 0 0 0 0 25 218
2001 0 0 0 0 27 233
2002 0 0 0 0 29 252
2003 0 0 0 0 31 276
2004 0 0 0 0 34 303
2005 0 0 0 0 36 329
2006 0 0 0 0 39 345
2007 0 0 0 0 42 336
2008 0 0 0 0 45 351
2009 0 0 0 0 48 368
2010 0 0 0 0 51 401
2011 0 0 0 0 53 424
2012 0 0 0 0 57 450
2013 0 0 0 0 60 491
2014 0 0 0 0 62 541
2015 0 0 0 0 64 596
2016 0 0 0 0 66 636
2017 0 0 0 0 68 685
2018 0 0 0 0 70 721
2019 0 0 0 0 73 760
2020 0 0 0 0 76 796
2021 0 0 0 0 79 835
2022 0 0 0 0 81 855
2023 0 0 0 0 83 892

Catch numbers by breeding stock
Year Asia Hawaii Mexico Central_Am
1970 0.9 0 1.1 0.3
1971 0.9 0 1.2 0.3
1972 1 0 1.3 0.3
1973 1.1 0 1.3 0.4
1974 1.2 0.1 1.4 0.4
1975 1.2 0.1 1.5 0.4
1976 1.3 0.1 1.6 0.4
1977 1.4 0.1 1.6 0.4
1978 1.5 0.1 1.7 0.5
1979 1.6 0.1 1.8 0.5
1980 1.8 0.1 1.9 0.5
1981 1.9 0.1 2 0.5
1982 2 0.1 2.1 0.6
1983 2.2 0.1 2.2 0.6
1984 2.3 0.1 2.4 0.6
1985 2.5 0.1 2.5 0.7
1986 2.6 0.1 2.6 0.7
1987 2.8 0.1 2.8 0.7
1988 3 0.1 2.9 0.8
1989 3.2 0.1 3.1 0.8
1990 3.5 0.2 3.2 0.8
1991 3.7 0.2 3.4 0.9
1992 4 0.2 3.6 0.9
1993 4.3 0.2 3.8 1
1994 4.6 0.2 4 1
1995 4.9 0.2 4.2 1.1
1996 5.2 0.2 4.4 1.1
1997 5.6 0.2 11 1.2
1998 6 0.2 11.6 1.2
1999 6.4 0.2 12.3 1.3
2000 6.9 0.3 12.9 1.4
2001 7.3 0.3 13.6 1.4
2002 7.9 0 13.7 1.5
2003 8.4 0 13.7 1.6
2004 9 0 15.8 1.7
2005 9.6 0 19 1.8
2006 10.3 1 16.1 1.8
2007 11.1 0 18.2 1.9
2008 11.8 0 18.7 2
2009 12.7 0 21.2 2.1
2010 13.6 0 22 2.2
2011 14.5 0.8 24.9 2.4
2012 15.5 0 25.6 2.5
2013 28 0 25.3 2.6
2014 0 5 30.6 2.7
2015 72 0 33.5 2.9
2016 12 0.1 33.4 3
2017 12 0.1 31.5 3.2
2018 16 0.1 31.5 3.3
2019 4 0.4 31.5 1.7
2020 26.8 0.4 40.7 5
2021 28.6 0.4 44.1 4.7
2022 30.7 0.4 26.4 3.7
2023 32.8 0.4 43.3 4.2

Catch numbers by feeding ground
Year RUS+WAL EAL+BER+WGOA NGOA SEA+NBC SBC+WA OR+CA
1970 0 5.7 0.1 6.8 0.1 6.4
1971 0 1.8 0.1 4 0.1 1.5
1972 4 0.8 0.1 4.1 0.1 1.6
1973 0 0.8 0.1 4.3 0.1 1.7
1974 0 0.8 0.1 4.5 0.1 2.5
1975 0 0.8 0.2 4.7 0.1 2.7
1976 0 0.8 0.2 4.9 0.2 2.9
1977 0 0.8 0.2 5.2 0.2 3.1
1978 0 0.8 0.2 5.4 0.2 3.3
1979 0 1 0.2 5.6 0.2 3.5
1980 0 1 0.2 5.9 0.2 3.9
1981 0 1 0.3 6.1 0.3 4.2
1982 0 1 0.4 6.5 0.3 4.5
1983 0 1 0.4 6.7 0.3 4.8
1984 0 1 0.5 7.1 0.4 4.6
1985 0 1 0.5 6.7 0.4 5
1986 0 1 0.7 7.8 0.4 5.4
1987 0 1 0.7 10 0.5 5.8
1988 0 1.1 0.8 8.5 0.5 6.3
1989 0 0.9 0.8 6.1 0.6 6.1
1990 0 1 0.8 7.4 0.7 5.8
1991 0 1 0.9 8.2 0.7 7.6
1992 0 1.1 0.9 9.8 0.8 8.3
1993 0 1.1 1 7.1 0.9 8.6
1994 0 1.2 1 9.3 1 8.8
1995 0 1.2 1 9.3 1.1 9.6
1996 0 1.2 1.1 12.7 1.2 9.9
1997 0 1.2 1.3 12.7 0.9 10.7
1998 0 3 1.4 14.7 1.2 12
1999 0 2.6 1.4 17.4 1.7 13.5
2000 0 1.2 1.5 14.1 1.5 11.6
2001 0 1.2 1.8 16.4 1.7 13.4
2002 0 2.4 1.9 13.8 1.9 13.7
2003 0 1.4 2 18.9 2.3 16
2004 0 1.4 2.3 22 2.5 15.9
2005 0 1.6 2.3 23.3 5.8 20.1
2006 0 1.6 2.4 22.7 5.3 22.1
2007 0 0.1 7.3 18.4 0 18.1
2008 0 0.1 4.3 19.7 12.4 8.8
2009 0 0.1 4.3 24.1 0 9.8
2010 0 6.1 0.8 44.5 7 24.5
2011 0 3.1 4 28.4 11 11.9
2012 0 4.1 8.8 11.6 0 10
2013 0 0.1 4 31.6 0 4.7
2014 0 0.1 11.8 43.7 7 45.2
2015 0 4.1 12 51 9.1 103.4
2016 0 4.1 4.8 34.8 7.1 150.3
2017 0 4.1 2.1 16.3 11.1 60.3
2018 0 1.1 4 26.6 30.1 111.1
2019 0 4.1 6 27.3 9.1 61
2020 0 1.1 0 24 23 31.2
2021 0 2.2 7 33.7 13 62.4
2022 0 4.3 0.8 22.3 8 56
2023 0 3.6 9.1 40.1 19.2 59.7
