Stock structure: B2F1; Model type = BC
Mortality impacts feeding grounds
Recruitment related to unfished
Staying rate: 0
Age-at-matrity: 8
Base adult survival: 0
Sigma for survival devs: 
Additional variance estimated
Weight for mark-recapture proportions: 1
Weight for genetics proportions: 1


Total objective fn: 202.66319975502
Negative log-likelihood fn: 121.402247764445

Natural Survival by feeding ground
RUS+WAL,EAL+BER,GOA,SEA+NBC,SBC+WA,OR+CA
1970 0.96 0.96 0.96 0.96 0.96 0.96
1971 0.96 0.96 0.96 0.96 0.96 0.96
1972 0.96 0.96 0.96 0.96 0.96 0.96
1973 0.96 0.96 0.96 0.96 0.96 0.96
1974 0.96 0.96 0.96 0.96 0.96 0.96
1975 0.96 0.96 0.96 0.96 0.96 0.96
1976 0.96 0.96 0.96 0.96 0.96 0.96
1977 0.96 0.96 0.96 0.96 0.96 0.96
1978 0.96 0.96 0.96 0.96 0.96 0.96
1979 0.96 0.96 0.96 0.96 0.96 0.96
1980 0.96 0.96 0.96 0.96 0.96 0.96
1981 0.96 0.96 0.96 0.96 0.96 0.96
1982 0.96 0.96 0.96 0.96 0.96 0.96
1983 0.96 0.96 0.96 0.96 0.96 0.96
1984 0.96 0.96 0.96 0.96 0.96 0.96
1985 0.96 0.96 0.96 0.96 0.96 0.96
1986 0.96 0.96 0.96 0.96 0.96 0.96
1987 0.96 0.96 0.96 0.96 0.96 0.96
1988 0.96 0.96 0.96 0.96 0.96 0.96
1989 0.96 0.96 0.96 0.96 0.96 0.96
1990 0.96 0.96 0.96 0.96 0.96 0.96
1991 0.96 0.96 0.96 0.96 0.96 0.96
1992 0.96 0.96 0.96 0.96 0.96 0.96
1993 0.96 0.96 0.96 0.96 0.96 0.96
1994 0.96 0.96 0.96 0.96 0.96 0.96
1995 0.96 0.96 0.96 0.96 0.96 0.96
1996 0.96 0.96 0.96 0.96 0.96 0.96
1997 0.96 0.96 0.96 0.96 0.96 0.96
1998 0.96 0.96 0.96 0.96 0.96 0.96
1999 0.96 0.96 0.96 0.96 0.96 0.96
2000 0.96 0.983845 0.9614361 0.9405404 0.9630807 0.9643924
2001 0.96 0.9881044 0.9358204 0.9893964 0.9676089 0.9755548
2002 0.96 0.9926122 0.8438184 0.9715823 0.9758427 0.9722705
2003 0.96 0.9742311 0.9572089 0.9816639 0.9754041 0.9743425
2004 0.96 0.9859465 0.8680732 0.9618254 0.9705684 0.9572245
2005 0.96 0.9836996 0.9117103 0.9207162 0.9711552 0.9590494
2006 0.96 0.9908734 0.9781724 0.9576236 0.9812606 0.9215014
2007 0.96 0.9515198 0.9879896 0.965301 0.9701639 0.9396728
2008 0.96 0.9883104 0.9897639 0.9941377 0.9806802 0.9422317
2009 0.96 0.9747263 0.9476853 0.9369862 0.9731847 0.9356228
2010 0.96 0.9601759 0.9947998 0.9906117 0.9870115 0.9573716
2011 0.96 0.9400157 0.9528023 0.9084069 0.9634335 0.9220432
2012 0.96 0.9788353 0.9785135 0.9548533 0.9583082 0.9511952
2013 0.96 0.9844974 0.8598246 0.7543647 0.9630007 0.9808332
2014 0.96 0.9609615 0.7354639 0.8242635 0.9666324 0.9849068
2015 0.96 0.795131 0.7408643 0.8815177 0.9689684 0.9903301
2016 0.96 0.8684363 0.777875 0.7340114 0.977686 0.9785503
2017 0.96 0.7375118 0.8336116 0.973704 0.9677683 0.9737876
2018 0.96 0.8231426 0.9335682 0.9017076 0.9858627 0.9569378
2019 0.96 0.8855821 0.8484437 0.9082057 0.9714048 0.9880903
2020 0.96 0.8895167 0.7593154 0.9492253 0.9696558 0.9846541
2021 0.96 0.8837501 0.9542809 0.9154133 0.9818896 0.9563655
2022 0.96 0.7983447 0.9303372 0.8971444 0.9650069 0.9760977
2023 0.96 0.8556198 0.9928189 0.9147588 0.9812022 0.9821024

Naturak Survival by breeding stock
RUS+WAL,EAL+BER,GOA,SEA+NBC,SBC+WA,OR+CA
1970 0.96 0.96 0.96 0.96 0.96
1971 0.96 0.96 0.96 0.96 0.96
1972 0.96 0.96 0.96 0.96 0.96
1973 0.96 0.96 0.96 0.96 0.96
1974 0.96 0.96 0.96 0.96 0.96
1975 0.96 0.96 0.96 0.96 0.96
1976 0.96 0.96 0.96 0.96 0.96
1977 0.96 0.96 0.96 0.96 0.96
1978 0.96 0.96 0.96 0.96 0.96
1979 0.96 0.96 0.96 0.96 0.96
1980 0.96 0.96 0.96 0.96 0.96
1981 0.96 0.96 0.96 0.96 0.96
1982 0.96 0.96 0.96 0.96 0.96
1983 0.96 0.96 0.96 0.96 0.96
1984 0.96 0.96 0.96 0.96 0.96
1985 0.96 0.96 0.96 0.96 0.96
1986 0.96 0.96 0.96 0.96 0.96
1987 0.96 0.96 0.96 0.96 0.96
1988 0.96 0.96 0.96 0.96 0.96
1989 0.96 0.96 0.96 0.96 0.96
1990 0.96 0.96 0.96 0.96 0.96
1991 0.96 0.96 0.96 0.96 0.96
1992 0.96 0.96 0.96 0.96 0.96
1993 0.96 0.96 0.96 0.96 0.96
1994 0.96 0.96 0.96 0.96 0.96
1995 0.96 0.96 0.96 0.96 0.96
1996 0.96 0.96 0.96 0.96 0.96
1997 0.96 0.96 0.96 0.96 0.96
1998 0.96 0.96 0.96 0.96 0.96
1999 0.96 0.96 0.96 0.96 0.96
2000 0.96 0.96 0.96 0.96 0.96
2001 0.96 0.96 0.96 0.96 0.96
2002 0.96 0.96 0.96 0.96 0.96
2003 0.96 0.96 0.96 0.96 0.96
2004 0.96 0.96 0.96 0.96 0.96
2005 0.96 0.96 0.96 0.96 0.96
2006 0.96 0.96 0.96 0.96 0.96
2007 0.96 0.96 0.96 0.96 0.96
2008 0.96 0.96 0.96 0.96 0.96
2009 0.96 0.96 0.96 0.96 0.96
2010 0.96 0.96 0.96 0.96 0.96
2011 0.96 0.96 0.96 0.96 0.96
2012 0.96 0.96 0.96 0.96 0.96
2013 0.96 0.96 0.96 0.96 0.96
2014 0.96 0.96 0.96 0.96 0.96
2015 0.96 0.96 0.96 0.96 0.96
2016 0.96 0.96 0.96 0.96 0.96
2017 0.96 0.96 0.96 0.96 0.96
2018 0.96 0.96 0.96 0.96 0.96
2019 0.96 0.96 0.96 0.96 0.96
2020 0.96 0.96 0.96 0.96 0.96
2021 0.96 0.96 0.96 0.96 0.96
2022 0.96 0.96 0.96 0.96 0.96
2023 0.96 0.96 0.96 0.96 0.96

Fecundity by feeding ground
RUS+WAL,EAL+BER,GOA,SEA+NBC,SBC+WA,OR+CA
1970 0.9605618 0.9620018 0.9601226 0.9582863 0.9634969 0.9674834
1971 0.9606365 0.962071 0.9601338 0.9583999 0.9635315 0.9675526
1972 0.958336 0.9596812 0.9572617 0.9552346 0.9614817 0.9664943
1973 0.955864 0.957398 0.9545076 0.9522334 0.9595249 0.9655044
1974 0.953529 0.9552245 0.9518782 0.9494014 0.9576622 0.9646012
1975 0.9513161 0.953154 0.9493746 0.9467275 0.9558883 0.963765
1976 0.9492268 0.9511818 0.9469845 0.9442031 0.95422 0.962992
1977 0.9472553 0.9493023 0.9447023 0.9418232 0.9526329 0.9622773
1978 0.9453965 0.9475118 0.9425234 0.9395778 0.9511253 0.9616226
1979 0.9436455 0.9458137 0.940443 0.9374601 0.9496922 0.9610225
1980 0.942007 0.9441976 0.9384569 0.9354671 0.94833 0.9604811
1981 0.9404632 0.9426577 0.9365681 0.9335847 0.947055 0.9599885
1982 0.9383186 0.9405448 0.9339987 0.9309784 0.9452928 0.9592737
1983 0.9356433 0.9379124 0.9308037 0.9277159 0.9430888 0.9583626
1984 0.9324917 0.9348152 0.927057 0.9238799 0.9405121 0.9572669
1985 0.9289301 0.9313041 0.9228133 0.9195164 0.9375872 0.9560306
1986 0.9250046 0.9274265 0.9181471 0.9147376 0.9343539 0.9546729
1987 0.9207742 0.9232287 0.9130997 0.9096432 0.9308725 0.9532151
1988 0.9162857 0.9187556 0.9077302 0.9041769 0.9271593 0.9516802
1989 0.9115827 0.9140366 0.9020801 0.8983562 0.9232682 0.9500604
1990 0.9067138 0.909119 0.896195 0.8923434 0.9192309 0.9483635
1991 0.9017064 0.9040324 0.8901233 0.8861681 0.9150568 0.9466746
1992 0.8964303 0.8986454 0.8836977 0.879691 0.9106499 0.9449045
1993 0.8907704 0.8928404 0.8767922 0.8726373 0.9059158 0.9429993
1994 0.8846357 0.8865291 0.8692934 0.8650498 0.900776 0.9409171
1995 0.8779576 0.8796374 0.861121 0.8567824 0.8951723 0.9386527
1996 0.8706878 0.8721137 0.8522271 0.8478887 0.8890598 0.9361671
1997 0.8628062 0.863926 0.8425873 0.8382354 0.8823267 0.9334664
1998 0.8542998 0.8551227 0.8321812 0.8278747 0.8750757 0.9305543
1999 0.8451718 0.8456274 0.8210073 0.8168429 0.8673527 0.9274398
2000 0.8354473 0.8354143 0.8090973 0.8049777 0.8590225 0.9240127
2001 0.8251412 0.8190208 0.7961238 0.7975926 0.8496042 0.9200336
2002 0.8142645 0.8005545 0.7894492 0.7753415 0.8387182 0.9147895
2003 0.8027843 0.7791951 0.8052849 0.758331 0.8253736 0.909562
2004 0.7906783 0.7620232 0.7902589 0.7365091 0.8112832 0.9036439
2005 0.7779045 0.7392669 0.8001185 0.7209441 0.7981245 0.8993135
2006 0.7644205 0.7158109 0.79719 0.7195037 0.7836508 0.8943212
2007 0.7502027 0.6874667 0.7763253 0.7027882 0.7638045 0.8933394
2008 0.7352271 0.6746685 0.7517837 0.6826651 0.7490467 0.8893743
2009 0.719498 0.6433286 0.7249291 0.6480139 0.7266159 0.8850195
2010 0.703025 0.6179527 0.7126859 0.6411066 0.7072039 0.881788
2011 0.6858471 0.5985531 0.6794222 0.605136 0.6813401 0.8746968
2012 0.6680123 0.588883 0.6652758 0.611317 0.6624462 0.8726
2013 0.6505947 0.5554436 0.6384791 0.5922044 0.6444308 0.8651812
2014 0.6300865 0.5174704 0.6658132 0.6707369 0.6247077 0.8535801
2015 0.6153297 0.4951918 0.7347492 0.7036998 0.6027637 0.8427097
2016 0.5950175 0.5728527 0.783365 0.7112192 0.5783198 0.8313636
2017 0.5739286 0.5976515 0.8113535 0.7672723 0.5484295 0.819261
2018 0.5528498 0.6789169 0.8227218 0.7358569 0.5285391 0.8089501
2019 0.5303163 0.7070897 0.811035 0.7364122 0.4912378 0.8005393
2020 0.5098522 0.7090802 0.8212886 0.7341356 0.4668127 0.7818629
2021 0.489561 0.7109859 0.8475695 0.7169887 0.4411988 0.7639187
2022 0.4694715 0.7157444 0.8307885 0.7141299 0.4049244 0.7539025
2023 0.4497713 0.74951 0.8239322 0.7182929 0.3854116 0.736102

Total abundance: Estimate SD_log
1970 1078.831 0.04876975
1971 1356.146 0.04415284
1972 1583.501 0.04167491
1973 1795.132 0.04010813
1974 1999.357 0.03893411
1975 2191.894 0.0380929
1976 2373.994 0.03746494
1977 2546.061 0.03698844
1978 2708.67 0.03662113
1979 2862.159 0.03633734
1980 3006.838 0.03611959
1981 3219.515 0.03542805
1982 3481.344 0.0345466
1983 3786.379 0.0336139
1984 4129.658 0.03271684
1985 4506.401 0.03190309
1986 4912.402 0.03118911
1987 5341.877 0.03058518
1988 5789.57 0.03008753
1989 6255.498 0.02966266
1990 6738.512 0.02928968
1991 7250.718 0.02894831
1992 7800.934 0.02863688
1993 8397.43 0.02835818
1994 9051.127 0.02810647
1995 9761.503 0.02791032
1996 10532.69 0.02777499
1997 11362.62 0.02771561
1998 12253.77 0.02772811
1999 13199.61 0.02782445
2000 14198.19 0.02800102
2001 15270.7 0.02782182
2002 16767.3 0.02573048
2003 18002.64 0.02336614
2004 19604.51 0.02285132
2005 20900.09 0.02089249
2006 21967.36 0.02504677
2007 23659.19 0.02467187
2008 25219.14 0.03172104
2009 27670.23 0.03142519
2010 29115.46 0.03146773
2011 31486.52 0.03235735
2012 32133.56 0.03110521
2013 34290.77 0.0310395
2014 33510.06 0.03772088
2015 33022.87 0.036272
2016 30994.2 0.0476445
2017 29131.31 0.04067428
2018 28447.1 0.03648499
2019 28329.6 0.03695271
2020 29000.97 0.03499325
2021 29874.88 0.03641998
2022 30603.37 0.05327634
2023 30522.71 0.08031521
2024 31366.85 0.08806434

Breeding stock abundance: Estimate SD_log Estimate/K
Asia
1 76.78262 0.07769797 1.737086
2 97.17412 0.07444094 2.198411
3 113.1531 0.07309816 2.559909
4 125.2549 0.07387644 2.833695
5 139.0058 0.07340522 3.144786
6 151.8879 0.07314042 3.436225
7 164.0516 0.07296847 3.71141
8 175.434 0.0729033 3.968917
9 186.0695 0.07292064 4.20953
10 195.991 0.0730048 4.433987
11 205.2211 0.07314711 4.642805
12 218.9024 0.0729464 4.952321
13 235.8171 0.0725783 5.334989
14 255.5577 0.07211864 5.781591
15 277.6424 0.07164941 6.28122
16 301.8274 0.07117082 6.82837
17 327.6891 0.07072277 7.413449
18 355.0389 0.07028648 8.032195
19 383.5054 0.0698849 8.676205
20 412.837 0.06951651 9.339785
21 442.8194 0.06917885 10.01809
22 474.3855 0.06884489 10.73222
23 508.3077 0.06848744 11.49966
24 544.9906 0.06812027 12.32955
25 584.8091 0.06774912 13.23038
26 628.007 0.06738599 14.20767
27 674.7244 0.06704704 15.26457
28 724.9989 0.06675207 16.40196
29 778.6742 0.06653323 17.61627
30 835.555 0.06641598 18.90311
31 895.5175 0.06642488 20.25967
32 962.7282 0.06650026 21.78021
33 1034.577 0.06680009 23.40567
34 1111.323 0.0673483 25.14194
35 1188.079 0.06816217 26.87841
36 1271.876 0.06932725 28.77418
37 1359.565 0.07088145 30.75802
38 1453.956 0.07288076 32.89347
39 1540.257 0.07629772 34.84589
40 1642.579 0.07918957 37.16075
41 1744.119 0.08226786 39.45794
42 1843.424 0.08620325 41.70457
43 1938.026 0.09019808 43.84477
44 2050.405 0.09515705 46.38719
45 2155.651 0.1012365 48.7682
46 2280.693 0.1068179 51.59707
47 2267.275 0.1168545 51.29352
48 2349.996 0.1242236 53.16495
49 2396.604 0.133762 54.21938
50 2472.129 0.1435302 55.92801
51 2577.655 0.1523952 58.31537
52 2661.157 0.1632205 60.20447
53 2740.711 0.1746301 62.00425
54 2797.94 0.187685 63.29899
Hawaii
1 682.1882 0.05316799 1.982434
2 861.1991 0.04899576 2.502639
3 1006.917 0.0468395 2.926095
4 1144.977 0.04542232 3.327294
5 1276.769 0.04441325 3.710282
6 1401.816 0.04368047 4.073668
7 1520.471 0.04313048 4.418479
8 1633.055 0.04270754 4.745646
9 1739.822 0.04237735 5.055911
10 1841.142 0.04211441 5.350345
11 1937.143 0.04190536 5.629324
12 2077.395 0.04131114 6.036895
13 2249.787 0.04057212 6.537865
14 2450.544 0.03980274 7.121263
15 2676.58 0.03907011 7.778123
16 2924.407 0.03841523 8.498306
17 3192.046 0.03783787 9.276065
18 3475.141 0.03735498 10.09873
19 3770.075 0.03696557 10.95581
20 4078.049 0.03662324 11.85078
21 4398.144 0.03631186 12.78098
22 4736.977 0.0360368 13.76562
23 5101.932 0.03578928 14.82618
24 5497.436 0.03557986 15.97551
25 5931.665 0.03539258 17.23738
26 6402.639 0.03526765 18.60602
27 6914.093 0.03520284 20.09231
28 7463.113 0.03522286 21.68775
29 8052.71 0.03531727 23.40112
30 8678.166 0.03550468 25.21869
31 9338.038 0.03578728 27.13628
32 9995.884 0.03565412 29.04797
33 11009.33 0.03353657 31.99304
34 11785.63 0.03114268 34.24895
35 12861.32 0.03057507 37.37491
36 13679.33 0.02800252 39.75204
37 14239.41 0.03342327 41.37962
38 15406 0.03302365 44.76972
39 16493.94 0.03709151 47.93129
40 18250.47 0.03645732 53.03573
41 19131.36 0.03790508 55.59561
42 20815.29 0.03871906 60.48911
43 21097.18 0.03615604 61.30826
44 22487.44 0.03814718 65.34835
45 21026.64 0.04977355 61.10326
46 20005.51 0.04373889 58.13588
47 18320.2 0.05391047 53.23836
48 16388.36 0.04839542 47.62446
49 15883.07 0.04617551 46.15611
50 15635.95 0.04400977 45.43795
51 15676.64 0.04100085 45.55621
52 15936.35 0.04373688 46.31094
53 16193.71 0.06874385 47.0588
54 15725.78 0.1068321 45.69902
MX_AR
1 115.1468 0.07424897 1.270764
2 145.401 0.07108662 1.60465
3 170.297 0.06942504 1.879404
4 193.7132 0.06838945 2.137825
5 216.4585 0.06758693 2.388843
6 238.0881 0.06700152 2.627549
7 258.6765 0.0665571 2.854762
8 278.2826 0.06620961 3.071137
9 296.9546 0.06593096 3.277202
10 314.7377 0.06570348 3.473457
11 331.6264 0.06552007 3.65984
12 356.1718 0.06506173 3.930724
13 386.2991 0.06450465 4.26321
14 421.403 0.06392938 4.650618
15 460.9466 0.0633854 5.087022
16 504.4131 0.06289676 5.566721
17 551.3131 0.06247184 6.084311
18 601.1035 0.06210956 6.633799
19 653.3509 0.06180147 7.210403
20 707.7214 0.06154015 7.810438
21 764.017 0.06131217 8.431717
22 823.9202 0.06109836 9.092812
23 888.4909 0.06089927 9.805417
24 958.7334 0.06071389 10.58061
25 1035.538 0.06054525 11.42824
26 1119.287 0.06039855 12.35249
27 1210.34 0.06027861 13.35735
28 1308.762 0.06018756 14.44354
29 1414.599 0.06012686 15.61156
30 1527.143 0.06010535 16.85361
31 1646.552 0.06011367 18.17141
32 1800.16 0.06006624 19.86663
33 1969.976 0.05832386 21.74072
34 2109.659 0.05686911 23.28227
35 2291.302 0.05720457 25.28689
36 2450.929 0.05737682 27.04854
37 2628.267 0.05981996 29.00565
38 2873.165 0.05918209 31.70835
39 3056.082 0.07321499 33.72703
40 3353.281 0.07294307 37.00693
41 3576.267 0.07134594 39.4678
42 3835.073 0.0723833 42.32399
43 3962.351 0.0713381 43.72864
44 4265.969 0.06929306 47.07938
45 4429.119 0.07077869 48.87991
46 4458.13 0.07667871 49.20007
47 4015.803 0.09699197 44.31854
48 3842.688 0.08555089 42.40804
49 3478.175 0.08156395 38.38526
50 3385.009 0.08510619 37.35707
51 3422.282 0.08230661 37.76843
52 3446.013 0.09003389 38.03032
53 3511.911 0.1067755 38.75758
54 3422.18 0.152197 37.7673
MX_ML
1 161.4037 0.06206047 0.5292149
2 199.5428 0.05934912 0.6542665
3 231.818 0.05774018 0.7600913
4 261.9125 0.05678204 0.8587661
5 290.4888 0.05617276 0.9524626
6 316.8002 0.05587108 1.038733
7 341.3153 0.05573327 1.119114
8 364.1006 0.0557151 1.193823
9 385.3634 0.05576767 1.26354
10 405.0797 0.05588852 1.328187
11 423.2899 0.05606432 1.387895
12 450.7728 0.05591006 1.478006
13 484.7947 0.05562498 1.589558
14 524.5241 0.05530111 1.719824
15 569.2039 0.05500045 1.866322
16 618.3314 0.05474201 2.027402
17 671.0367 0.05455641 2.200214
18 726.6733 0.05443718 2.382637
19 784.5459 0.05438304 2.572391
20 844.3148 0.05438784 2.768363
21 905.9553 0.05443015 2.970471
22 971.7324 0.05446191 3.186143
23 1041.619 0.05453895 3.41529
24 1117.355 0.05462864 3.663614
25 1200.182 0.05473238 3.93519
26 1290.63 0.05484446 4.231754
27 1388.773 0.05498509 4.553547
28 1495.026 0.05514151 4.901934
29 1609.173 0.05532861 5.276201
30 1730.404 0.0555456 5.673696
31 1858.402 0.05579815 6.093379
32 2015.307 0.05556824 6.607844
33 2209.758 0.05575349 7.245417
34 2403.23 0.05611638 7.879776
35 2616.738 0.05588097 8.579833
36 2806.729 0.05728191 9.202782
37 3001.393 0.05913519 9.841052
38 3169.944 0.06243184 10.3937
39 3337.364 0.06394831 10.94264
40 3588.885 0.06544466 11.76734
41 3789.177 0.06340465 12.42406
42 4055.379 0.06294903 13.29689
43 4170.794 0.0628696 13.67531
44 4457.906 0.06166035 14.61671
45 4759.39 0.06090622 15.60522
46 5026.24 0.06093887 16.48018
47 5027.549 0.06423808 16.48447
48 5101.748 0.05933489 16.72775
49 5132.871 0.05639745 16.8298
50 5212.805 0.05794833 17.09189
51 5545.824 0.05597909 18.1838
52 5891.81 0.05657278 19.31823
53 6120.637 0.06452324 20.06851
54 6383.02 0.07445187 20.92883
Central_Am
1 43.3096 0.08949023 0.9626185
2 52.82928 0.08791778 1.174207
3 61.31536 0.08705526 1.362823
4 69.27494 0.08659556 1.539736
5 76.6348 0.08648544 1.703319
6 83.30125 0.08653453 1.851491
7 89.47963 0.08666097 1.988814
8 95.18918 0.08684272 2.115717
9 100.4604 0.08706014 2.232877
10 105.2095 0.08739125 2.338433
11 109.5574 0.08773962 2.435072
12 116.2731 0.08784004 2.584337
13 124.6461 0.08782799 2.77044
14 134.351 0.08783621 2.986145
15 145.2858 0.08783211 3.229187
16 157.4219 0.08783102 3.498931
17 170.3167 0.08791124 3.785536
18 183.9207 0.08801484 4.087905
19 198.0923 0.08814181 4.402888
20 212.5766 0.08833353 4.724822
21 227.5755 0.0885312 5.058194
22 243.7036 0.08871527 5.416664
23 260.5841 0.08894098 5.791858
24 278.915 0.08916064 6.19929
25 298.9328 0.08940774 6.644215
26 320.9393 0.0896537 7.133342
27 344.7613 0.08993761 7.662819
28 370.7201 0.09023035 8.239791
29 398.6153 0.09056063 8.859801
30 428.3453 0.09091174 9.520595
31 459.6783 0.09130787 10.21702
32 496.6181 0.09176089 11.03806
33 543.659 0.09235115 12.08361
34 592.7971 0.09329604 13.17577
35 647.0644 0.09327158 14.38194
36 691.226 0.09497284 15.3635
37 738.731 0.09801328 16.41937
38 756.1321 0.1035051 16.80613
39 791.4906 0.1020094 17.59202
40 835.0194 0.1044683 18.55952
41 874.535 0.1003445 19.43781
42 937.3488 0.09843969 20.83393
43 965.2085 0.09606254 21.45316
44 1029.052 0.09506744 22.87218
45 1139.266 0.09448146 25.32185
46 1252.296 0.09384834 27.83409
47 1363.382 0.09396804 30.30314
48 1448.517 0.09381159 32.19539
49 1556.379 0.09422161 34.59278
50 1623.715 0.0957004 36.08941
51 1778.565 0.0945256 39.53118
52 1939.541 0.09552412 43.10912
53 2036.41 0.1033163 45.26215
54 2193.783 0.1085145 48.76001

Feeding stock abundance: Estimate SD_log Estimate/K
RUS+WAL
1 101.6507 0.09900779 1.478558
2 129.5228 0.09586263 1.883971
3 147.4194 0.09710961 2.144286
4 167.536 0.09627817 2.436891
5 186.5232 0.09572311 2.713069
6 204.5252 0.09531254 2.974917
7 221.513 0.09502549 3.222012
8 237.5362 0.09482889 3.455078
9 252.6336 0.09470122 3.674676
10 266.8455 0.09462873 3.881395
11 280.1236 0.0946259 4.074533
12 299.7605 0.09428402 4.360161
13 323.9763 0.09379429 4.712391
14 352.1468 0.09324159 5.122145
15 383.85 0.09265303 5.583282
16 418.5426 0.09207279 6.087903
17 455.8774 0.09149949 6.630955
18 495.3701 0.09095318 7.205395
19 536.6561 0.09043581 7.805921
20 579.3923 0.08994744 8.427539
21 623.1836 0.08949838 9.064505
22 669.6056 0.08904022 9.739735
23 719.5376 0.08857431 10.46602
24 773.7289 0.08810113 11.25426
25 832.7384 0.08762856 12.11258
26 896.952 0.08717008 13.0466
27 966.598 0.08674342 14.05963
28 1041.672 0.08637533 15.15162
29 1122.133 0.08608912 16.32196
30 1207.819 0.08591015 17.56831
31 1298.389 0.08587041 18.88569
32 1394.03 0.08599034 20.27684
33 1494.86 0.0863117 21.74345
34 1601.308 0.08686726 23.29179
35 1713.614 0.08770517 24.92534
36 1832.135 0.08887029 26.64928
37 1957.17 0.09041982 28.46798
38 2088.802 0.09240464 30.38263
39 2227.089 0.09487727 32.39408
40 2371.804 0.09788059 34.49903
41 2522.671 0.1014535 36.69347
42 2679.222 0.1056244 38.97057
43 2840.966 0.1104168 41.32321
44 2997.882 0.1161449 43.60564
45 3183.216 0.1216653 46.3014
46 3312.701 0.1298256 48.18482
47 3496.765 0.136639 50.86212
48 3683.71 0.1440917 53.58133
49 3869.218 0.1522784 56.27964
50 4067.235 0.1606087 59.15989
51 4244.028 0.1702607 61.73142
52 4419.919 0.180323 64.28985
53 4592.993 0.1907387 66.80729
54 4761.509 0.2014429 69.25843
EAL+BER
1 254.6878 0.09058982 1.297196
2 324.5303 0.0874885 1.652924
3 380.5482 0.08595561 1.938239
4 433.873 0.08495596 2.209837
5 484.6399 0.0842651 2.468407
6 533.0089 0.08376458 2.714764
7 579.0843 0.08338988 2.949439
8 622.9983 0.08310085 3.173105
9 664.8311 0.08287412 3.386171
10 704.4787 0.08271701 3.588107
11 742.2074 0.08259434 3.78027
12 797.1746 0.08217708 4.060234
13 864.7581 0.08163994 4.404455
14 943.5957 0.08106241 4.805998
15 1032.426 0.08049595 5.258433
16 1130.084 0.07996717 5.755833
17 1235.484 0.07948611 6.292668
18 1347.565 0.07905413 6.863528
19 1465.294 0.07867187 7.463155
20 1588.053 0.07831799 8.088397
21 1714.72 0.07800131 8.733548
22 1849.556 0.07768776 9.420305
23 1995.173 0.0773733 10.16198
24 2153.83 0.07705286 10.97006
25 2327.082 0.07673296 11.85248
26 2516.206 0.07641486 12.81574
27 2721.944 0.07610351 13.86362
28 2944.601 0.07580321 14.99768
29 3182.377 0.07555945 16.20874
30 3436.982 0.07531918 17.50551
31 3708.748 0.07506536 18.88969
32 4126.968 0.0727462 21.01981
33 4605.336 0.072101 23.45627
34 5156.813 0.07076982 26.26509
35 5614.602 0.0691543 28.59674
36 6199.098 0.06765485 31.57374
37 6807.024 0.0684921 34.67008
38 7531.187 0.06888087 38.35845
39 7892.303 0.1051462 40.19771
40 8675.909 0.1038856 44.18884
41 9340.643 0.09380179 47.57451
42 9859.155 0.09621995 50.21544
43 10143.26 0.09501407 51.66247
44 10968.42 0.08887416 55.86526
45 11906.61 0.08702199 60.64369
46 12461.65 0.09058751 63.4707
47 10669.79 0.1480731 54.34425
48 10098.13 0.12026 51.43263
49 8201.098 0.1333522 41.77049
50 7442.111 0.1572941 37.90476
51 7325.453 0.1565783 37.31058
52 7245.959 0.1793729 36.9057
53 7123.243 0.2219332 36.28067
54 6312.088 0.3495509 32.14923
GOA
1 137.7127 0.1312041 1.533876
2 176.4128 0.1297456 1.964927
3 207.3067 0.1291432 2.309031
4 236.7979 0.1287738 2.63751
5 264.9528 0.1285313 2.951106
6 291.7454 0.1284055 3.249528
7 317.3242 0.1283213 3.534431
8 341.7501 0.1282633 3.806493
9 365.0708 0.1282231 4.066243
10 387.336 0.1281952 4.314238
11 408.5931 0.1281762 4.551006
12 439.2229 0.12811 4.892167
13 476.701 0.1280474 5.309607
14 520.3726 0.1279826 5.796031
15 569.4357 0.1279509 6.342508
16 623.331 0.1279318 6.942806
17 681.2416 0.1279618 7.587827
18 742.7688 0.1279974 8.273132
19 807.2799 0.1280514 8.991672
20 874.3629 0.1281041 9.738858
21 943.5449 0.1281543 10.50942
22 1016.979 0.1282153 11.32735
23 1096.218 0.128277 12.20993
24 1182.302 0.1283534 13.16876
25 1276.176 0.1284356 14.21435
26 1378.42 0.1285259 15.35316
27 1489.266 0.1286348 16.5878
28 1608.707 0.1287704 17.91816
29 1736.733 0.128924 19.34413
30 1873.142 0.1290896 20.8635
31 2017.369 0.1292763 22.46993
32 2173.342 0.1344724 24.20719
33 2262.427 0.115385 25.19944
34 2104.335 0.09535012 23.43858
35 2256.226 0.1091084 25.13037
36 2166.746 0.09342165 24.13372
37 2194.771 0.1324687 24.44587
38 2425.629 0.110611 27.01722
39 2712.155 0.11638 30.20862
40 3026.459 0.1195155 33.7094
41 3184.503 0.1380583 35.46974
42 3555.543 0.1339332 39.60246
43 3717.969 0.1312138 41.4116
44 4032.228 0.1258947 44.91189
45 3747.009 0.141223 41.73506
46 3003.429 0.2496956 33.4529
47 2448.506 0.2615053 27.27203
48 2105.761 0.1989846 23.45446
49 1950.759 0.2230976 21.72801
50 2054.043 0.2347194 22.87841
51 1957.82 0.2667798 21.80665
52 1656.076 0.3883117 18.44576
53 1796.506 0.3978289 20.0099
54 1869.595 0.4430358 20.82398
SEA+NBC
1 394.3199 0.06329073 1.765147
2 501.2519 0.0598953 2.243821
3 585.1655 0.05847793 2.619454
4 664.3262 0.0576249 2.973812
5 739.0228 0.05709284 3.308186
6 809.5491 0.0567544 3.623893
7 876.1275 0.05654161 3.921927
8 938.87 0.05642101 4.202789
9 998.051 0.05636192 4.467709
10 1053.847 0.05634883 4.717476
11 1106.322 0.05637649 4.952379
12 1183.888 0.05613012 5.299597
13 1279.368 0.05578956 5.727006
14 1390.787 0.0554209 6.225765
15 1515.958 0.05507858 6.786085
16 1653.833 0.0547578 7.403275
17 1801.26 0.05451429 8.063221
18 1955.486 0.05437274 8.753603
19 2118.613 0.05422551 9.48383
20 2290.327 0.05405297 10.2525
21 2465.845 0.05394127 11.03819
22 2651.461 0.05386226 11.86909
23 2850.087 0.05383171 12.75822
24 3068.829 0.05377832 13.73741
25 3305.092 0.05380065 14.79502
26 3562.383 0.05387343 15.94677
27 3838.082 0.05405856 17.18092
28 4135.577 0.05431828 18.51264
29 4452.54 0.05469131 19.9315
30 4787.359 0.0551963 21.4303
31 5144.639 0.0557783 23.02964
32 5382.206 0.0547054 24.09309
33 6009.81 0.05552183 26.90252
34 6522.811 0.05417949 29.19893
35 7159.426 0.05288734 32.0487
36 7635.313 0.05087359 34.17897
37 7725.162 0.06399798 34.58118
38 8203.762 0.06325229 36.7236
39 8792.346 0.05811105 39.35835
40 9774.085 0.05709027 43.75304
41 10009.28 0.06060514 44.80588
42 11036.61 0.0616049 49.40465
43 10927.79 0.0549814 48.9175
44 11478.2 0.06634876 51.38139
45 9403.978 0.1011896 42.09628
46 8428.351 0.06022097 37.72896
47 8178.613 0.05943305 36.61102
48 6666.824 0.06466074 29.84359
49 7380.492 0.08150947 33.03828
50 7385.05 0.06282442 33.05869
51 7455.838 0.05479494 33.37556
52 7890.328 0.08450504 35.32053
53 7990.274 0.1033838 35.76793
54 7834.441 0.1366322 35.07036
SBC+WA
1 37.47415 0.1182927 1.108883
2 47.90398 0.1152276 1.417509
3 56.17081 0.1138326 1.662129
4 64.0382 0.1129239 1.89493
5 71.52781 0.112297 2.116553
6 78.66126 0.1118458 2.327636
7 85.35574 0.1116414 2.52573
8 91.72586 0.1115072 2.714226
9 97.77585 0.1114259 2.893249
10 103.5267 0.1113812 3.063419
11 108.9925 0.111364 3.225155
12 116.8961 0.11114 3.45903
13 126.639 0.1107768 3.747328
14 138.028 0.1103489 4.084333
15 150.7731 0.1099814 4.46147
16 164.7936 0.1096254 4.876346
17 179.9359 0.1092937 5.324416
18 195.9458 0.1090476 5.79816
19 212.7775 0.1088269 6.296219
20 230.2043 0.1086758 6.811888
21 248.1049 0.1085838 7.341578
22 267.1742 0.1084722 7.905852
23 287.7192 0.1083678 8.513792
24 310.0464 0.1082639 9.174466
25 334.4024 0.1081579 9.895176
26 360.9538 0.1080512 10.68085
27 389.8191 0.1079453 11.53499
28 421.4416 0.1077404 12.47072
29 455.2679 0.1075949 13.47166
30 491.0354 0.107546 14.53005
31 529.3371 0.1074382 15.66342
32 572.1905 0.1003095 16.93148
33 621.4453 0.09596117 18.38896
34 681.2913 0.08938886 20.15984
35 745.1473 0.08383213 22.04937
36 805.2897 0.08064152 23.82903
37 871.0158 0.07970346 25.7739
38 959.5827 0.07576497 28.39465
39 1027.009 0.07805909 30.38985
40 1126.835 0.07507558 33.34377
41 1214.308 0.07182876 35.93212
42 1327.563 0.07136383 39.28342
43 1415.318 0.07574073 41.88014
44 1497.268 0.08330515 44.30509
45 1584.24 0.08192329 46.87864
46 1680.443 0.0776837 49.72535
47 1787.97 0.07696074 52.90716
48 1915.33 0.08048081 56.67581
49 2000.884 0.08381875 59.2074
50 2159.307 0.08541544 63.89525
51 2261.798 0.08254778 66.92803
52 2368.791 0.08564332 70.09402
53 2517.747 0.0974332 74.50172
54 2594.51 0.1017195 76.77318
OR+CA
1 131.5857 0.04956041 0.606792
2 166.6245 0.04427583 0.7683692
3 193.5901 0.04182833 0.8927182
4 218.7608 0.0402524 1.00879
5 241.5904 0.0393047 1.114066
6 262.7039 0.03869289 1.211428
7 282.1896 0.03831088 1.301284
8 300.1807 0.0380903 1.384248
9 316.6077 0.03800497 1.459999
10 331.6258 0.03801626 1.529254
11 345.0988 0.03812777 1.591382
12 366.1724 0.03771808 1.688561
13 392.4012 0.03710059 1.809512
14 423.1494 0.03641085 1.951304
15 458.216 0.03571045 2.11301
16 496.4166 0.03510866 2.289167
17 537.3028 0.03462208 2.477709
18 580.3409 0.03425543 2.676174
19 624.9488 0.0340103 2.881878
20 671.4594 0.03383405 3.096357
21 719.7133 0.03371076 3.318874
22 769.3434 0.03369424 3.547737
23 822.5997 0.03371987 3.793322
24 880.6932 0.03377989 4.061214
25 944.5362 0.03388028 4.355618
26 1013.989 0.03405936 4.67589
27 1089.983 0.03430913 5.026329
28 1172.121 0.03465564 5.4051
29 1260.12 0.0351112 5.810898
30 1353.576 0.03567957 6.241856
31 1455.705 0.03626769 6.712815
32 1572.659 0.03891725 7.252135
33 1724.524 0.0411408 7.952441
34 1879.678 0.04420449 8.667913
35 2053.99 0.04438931 9.471733
36 2188.909 0.04779355 10.0939
37 2338.221 0.05518056 10.78243
38 2385.631 0.06553763 11.00106
39 2501.235 0.06132375 11.53415
40 2633.039 0.06704086 12.14195
41 2736.055 0.05868693 12.617
42 2941.728 0.05455999 13.56543
43 3024.862 0.04834119 13.9488
44 3234.974 0.0452657 14.9177
45 3556.51 0.04368105 16.40043
46 3867.59 0.04187293 17.83494
47 4182.157 0.04203848 19.28553
48 4538.948 0.03934127 20.93083
49 4838.953 0.03950152 22.31427
50 5094.857 0.04312017 23.49434
51 5620.732 0.03938286 25.91935
52 6129.001 0.04087534 28.26317
53 6445.911 0.05751576 29.72456
54 6963.066 0.06730215 32.10936

Parameters: Estimate  Std. Error      z value    Pr(>|z^2|)
rval 0.09109529 0.00169078 53.87755231 0
logK 8.39393973 0.68240431 12.3005373 0
logK 10.44615024 0.30500056 34.24961056 0
logK 9.11175967 0.70067812 13.0042018 0
logK 10.32543947 0.4154969 24.85082218 0
logK 8.41164254 0.89972307 9.34914624 0
logBK 4.0850695 0.72889241 5.60448897 2e-08
logBK 3.95057401 0.3136253 12.59647734 0
logBK 4.40216593 0.71641324 6.14473003 0
logBK 5.28526824 0.42460094 12.44761305 0
logBK 4.68284839 0.90202414 5.19148898 2.1e-07
MixPars -1.84594679 0.29283083 -6.30379945 0
MixPars -3.02009676 0.20981586 -14.39403438 0
MixPars -0.88300661 0.12640802 -6.98536882 0
MixPars -1.25788445 0.14156759 -8.88539817 0
MixPars -2.7701525 0.1357099 -20.41230966 0
MixPars -1.60359192 0.24064874 -6.66362069 0
MixPars -0.78032304 0.21631464 -3.60735198 0.00030934
MixPars -1.5894961 0.28895153 -5.50090916 4e-08
MixPars -3.19330668 0.28730383 -11.11473753 0
MixPars -1.72734528 0.24908867 -6.93466021 0
MixPars -1.69267343 0.3666845 -4.6161575 3.91e-06
MixPars -1.46318788 0.35209454 -4.15566766 3.243e-05
MixPars -1.03049 0.40203913 -2.56315844 0.01037247
MixPars -1.36002315 0.22799304 -5.9651958 0
MixPars 0.89483597 0.17187966 5.20617722 1.9e-07
MixPars -2.7897807 0.27011279 -10.32820657 0
AddV 0.08610777 0.04042184 2.1302288 0.03315273
AddV 0.01349687 0.00433553 3.11308614 0.00185142
AddV 0.02686553 0.01886719 1.42392872 0.15446711
log_sigmaEnv -0.37898063 0.26587062 -1.42543252 0.15403221
envParams 0.09559269 0.63736741 0.14998052 0.88077999
envParams -1.04898322 0.89107428 -1.17721188 0.23911095
envParams 0.47061433 0.66647615 0.70612328 0.48011148
envParams -0.116626 0.61970539 -0.18819587 0.85072311
envParams 0.56199286 0.47011639 1.19543346 0.23191772
envParams 0.19412405 0.2554929 0.75980213 0.44737287
envParams -0.24802501 0.72283445 -0.34312838 0.73150188
envParams -0.80417107 0.57889053 -1.38915915 0.16478436
envParams -1.06682517 0.89666602 -1.18976871 0.23413731
envParams -0.42303467 0.41014744 -1.03142096 0.30234346
envParams -1.12259593 0.32316593 -3.47374471 0.00051325
envParams 0.13004223 0.57768951 0.22510748 0.82189566
envParams -0.67383 0.60797061 -1.10832659 0.26772079
envParams 0.68620535 0.92407797 0.74258382 0.45773368
envParams 0.07144535 0.28679092 0.24911999 0.80326797
envParams -0.09599834 0.86370832 -0.11114672 0.9115
envParams -1.02836271 0.84024901 -1.22387852 0.22099806
envParams -0.41543116 0.66662385 -0.62318677 0.5331618
envParams -0.05084155 0.55622123 -0.09140527 0.92717058
envParams -0.17073656 0.47352028 -0.36056863 0.71842194

Mixing matrix
0.86365051 0.13634949 0 0 0 0 ,# Asia
0.02697069 0.22856966 0.15711267 0.55271785 0.03462913 0 ,# Hawaii
0.09661307 0.48024959 0.22007819 0.09798455 0.0197075 0.08536709 ,# MX_AR
0.04111464 0.22341649 0.05172027 0.07972217 0.05734092 0.5466855 ,# MX_ML
0 0 0 0 0.05787891 0.94212109 ,# Central_Am

Split of breeding stock to feeding grounds over time
Split for: Asia
Year RUS+WAL EAL+BER GOA SEA+NBC SBC+WA OR+CA
1970 0.86489 0.13511 0 0 0 0
1971 0.86549 0.13451 0 0 0 0
1972 0.86257 0.13743 0 0 0 0
1973 0.86277 0.13723 0 0 0 0
1974 0.86295 0.13705 0 0 0 0
1975 0.86311 0.13689 0 0 0 0
1976 0.86326 0.13674 0 0 0 0
1977 0.8634 0.1366 0 0 0 0
1978 0.86353 0.13647 0 0 0 0
1979 0.86368 0.13632 0 0 0 0
1980 0.86383 0.13617 0 0 0 0
1981 0.86397 0.13603 0 0 0 0
1982 0.86408 0.13592 0 0 0 0
1983 0.86419 0.13581 0 0 0 0
1984 0.86428 0.13572 0 0 0 0
1985 0.86437 0.13563 0 0 0 0
1986 0.86444 0.13556 0 0 0 0
1987 0.86451 0.13549 0 0 0 0
1988 0.86458 0.13542 0 0 0 0
1989 0.86462 0.13538 0 0 0 0
1990 0.86468 0.13532 0 0 0 0
1991 0.86472 0.13528 0 0 0 0
1992 0.86477 0.13523 0 0 0 0
1993 0.86482 0.13518 0 0 0 0
1994 0.86487 0.13513 0 0 0 0
1995 0.86491 0.13509 0 0 0 0
1996 0.86496 0.13504 0 0 0 0
1997 0.865 0.135 0 0 0 0
1998 0.8651 0.1349 0 0 0 0
1999 0.86519 0.13481 0 0 0 0
2000 0.86523 0.13477 0 0 0 0
2001 0.86149 0.13851 0 0 0 0
2002 0.85718 0.14282 0 0 0 0
2003 0.85218 0.14782 0 0 0 0
2004 0.85051 0.14949 0 0 0 0
2005 0.8469 0.1531 0 0 0 0
2006 0.84382 0.15618 0 0 0 0
2007 0.83957 0.16043 0 0 0 0
2008 0.84243 0.15757 0 0 0 0
2009 0.83873 0.16127 0 0 0 0
2010 0.83764 0.16236 0 0 0 0
2011 0.83904 0.16096 0 0 0 0
2012 0.84363 0.15637 0 0 0 0
2013 0.84135 0.15865 0 0 0 0
2014 0.83835 0.16165 0 0 0 0
2015 0.83988 0.16012 0 0 0 0
2016 0.86638 0.13362 0 0 0 0
2017 0.87858 0.12142 0 0 0 0
2018 0.90375 0.09625 0 0 0 0
2019 0.91586 0.08414 0 0 0 0
2020 0.92064 0.07936 0 0 0 0
2021 0.92471 0.07529 0 0 0 0
2022 0.92886 0.07114 0 0 0 0
2023 0.9389 0.0611 0 0 0 0
2024 0.94401 0.05599 0 0 0 0
Split for: Hawaii
Year RUS+WAL EAL+BER GOA SEA+NBC SBC+WA OR+CA
1970 0.02739 0.22969 0.15604 0.5518 0.03507 0
1971 0.02756 0.2299 0.15688 0.55042 0.03524 0
1972 0.02697 0.23069 0.15763 0.54933 0.03538 0
1973 0.02709 0.23128 0.15822 0.54793 0.03549 0
1974 0.0272 0.23186 0.15877 0.54659 0.03559 0
1975 0.0273 0.23243 0.15924 0.54533 0.0357 0
1976 0.0274 0.233 0.15971 0.54413 0.03576 0
1977 0.0275 0.23358 0.16017 0.54293 0.03582 0
1978 0.0276 0.23414 0.16062 0.54175 0.03589 0
1979 0.0277 0.23466 0.16107 0.54062 0.03595 0
1980 0.02779 0.23518 0.16153 0.53947 0.03602 0
1981 0.02789 0.23574 0.16194 0.53836 0.03607 0
1982 0.02799 0.23633 0.16232 0.53724 0.03613 0
1983 0.02808 0.2369 0.16268 0.53614 0.03619 0
1984 0.02818 0.2375 0.16301 0.53508 0.03624 0
1985 0.02826 0.23804 0.16329 0.53413 0.03628 0
1986 0.02835 0.23865 0.16356 0.53311 0.03634 0
1987 0.02845 0.23937 0.1639 0.53188 0.0364 0
1988 0.02854 0.23996 0.16413 0.53091 0.03646 0
1989 0.02861 0.24042 0.16425 0.53025 0.03648 0
1990 0.02868 0.24092 0.16441 0.52949 0.0365 0
1991 0.02875 0.24146 0.16457 0.52869 0.03653 0
1992 0.02884 0.24205 0.16476 0.52779 0.03657 0
1993 0.0289 0.24252 0.16484 0.52715 0.03658 0
1994 0.02898 0.24307 0.16498 0.52636 0.03661 0
1995 0.02906 0.24363 0.16509 0.52558 0.03664 0
1996 0.02915 0.2443 0.16526 0.5246 0.03669 0
1997 0.02924 0.24496 0.16538 0.52364 0.03678 0
1998 0.02934 0.24558 0.16554 0.52268 0.03686 0
1999 0.02945 0.2463 0.16572 0.5216 0.03693 0
2000 0.02954 0.247 0.1658 0.52066 0.03701 0
2001 0.02977 0.25695 0.16691 0.50896 0.0374 0
2002 0.02911 0.2604 0.15772 0.51586 0.0369 0
2003 0.02928 0.2726 0.1371 0.5232 0.03783 0
2004 0.02885 0.27216 0.13473 0.52632 0.03794 0
2005 0.02913 0.28273 0.12168 0.52786 0.03859 0
2006 0.03003 0.29838 0.11841 0.51306 0.04012 0
2007 0.02975 0.30513 0.12091 0.50336 0.04086 0
2008 0.02977 0.29892 0.12633 0.50409 0.04089 0
2009 0.02878 0.29702 0.12737 0.50627 0.04056 0
2010 0.02937 0.3056 0.12803 0.49523 0.04177 0
2011 0.02878 0.29641 0.1313 0.50154 0.04197 0
2012 0.03023 0.30075 0.13535 0.48953 0.04414 0
2013 0.03018 0.30548 0.1378 0.48267 0.04386 0
2014 0.03432 0.35523 0.13715 0.42354 0.04973 2e-05
2015 0.03825 0.39144 0.11561 0.39918 0.05551 0
2016 0.04419 0.36584 0.10285 0.42264 0.06449 0
2017 0.05216 0.38694 0.09881 0.38486 0.07722 0
2018 0.05683 0.32488 0.0946 0.44028 0.08342 0
2019 0.06071 0.29941 0.10114 0.44729 0.09145 0
2020 0.06357 0.29418 0.09617 0.45045 0.09564 0
2021 0.06556 0.28654 0.08007 0.46919 0.09864 0
2022 0.06739 0.27704 0.08539 0.46707 0.10311 0
2023 0.07256 0.25346 0.0917 0.47256 0.10971 0
2024 0.07467 0.23774 0.10236 0.47047 0.11476 0
Split for: MX_AR
Year RUS+WAL EAL+BER GOA SEA+NBC SBC+WA OR+CA
1970 0.09814 0.48272 0.21863 0.09785 0.01997 0.08269
1971 0.09854 0.48221 0.21938 0.09741 0.02002 0.08244
1972 0.09642 0.4837 0.22035 0.09718 0.02009 0.08226
1973 0.09663 0.48394 0.22071 0.09673 0.02011 0.08188
1974 0.09685 0.48429 0.22109 0.09633 0.02014 0.0813
1975 0.09706 0.4847 0.22139 0.09595 0.02016 0.08073
1976 0.09727 0.48513 0.22169 0.09559 0.02017 0.08015
1977 0.09748 0.48557 0.22198 0.09523 0.02017 0.07957
1978 0.09767 0.48602 0.22227 0.09488 0.02018 0.07898
1979 0.09788 0.48641 0.22259 0.09455 0.02019 0.07839
1980 0.09809 0.48683 0.22291 0.09422 0.0202 0.07774
1981 0.0983 0.48732 0.22318 0.0939 0.0202 0.07712
1982 0.0985 0.48784 0.22338 0.09357 0.0202 0.07651
1983 0.09869 0.48835 0.22357 0.09325 0.02021 0.07593
1984 0.09887 0.48886 0.22369 0.09293 0.0202 0.07545
1985 0.09904 0.48935 0.22379 0.09264 0.0202 0.07497
1986 0.09922 0.48989 0.22384 0.09233 0.02021 0.07452
1987 0.09939 0.49047 0.22389 0.09195 0.0202 0.07408
1988 0.09956 0.49101 0.22391 0.09166 0.02021 0.07365
1989 0.0997 0.4915 0.22386 0.09146 0.0202 0.07328
1990 0.09983 0.49195 0.22382 0.09122 0.02018 0.07299
1991 0.09998 0.49248 0.22377 0.09098 0.02018 0.0726
1992 0.10014 0.49303 0.22374 0.09071 0.02017 0.07222
1993 0.10028 0.49353 0.22364 0.09051 0.02016 0.07187
1994 0.10042 0.49403 0.22354 0.09026 0.02016 0.07159
1995 0.10056 0.49454 0.22342 0.09002 0.02015 0.07132
1996 0.10071 0.49508 0.22327 0.0897 0.02014 0.0711
1997 0.10085 0.49561 0.22307 0.08939 0.02015 0.07091
1998 0.10103 0.49604 0.22292 0.08908 0.02017 0.07076
1999 0.10121 0.49655 0.22274 0.08873 0.02017 0.0706
2000 0.10135 0.49706 0.22244 0.0884 0.02017 0.07058
2001 0.10001 0.50626 0.21924 0.08461 0.01996 0.06993
2002 0.09846 0.51655 0.20858 0.08634 0.01983 0.07025
2003 0.09894 0.54039 0.18118 0.08751 0.02031 0.07166
2004 0.09794 0.54201 0.17888 0.08844 0.02047 0.07227
2005 0.09836 0.55989 0.16065 0.0882 0.0207 0.0722
2006 0.09843 0.57362 0.15177 0.08322 0.02089 0.07207
2007 0.09653 0.58075 0.15342 0.08083 0.02106 0.0674
2008 0.09718 0.57234 0.16126 0.08143 0.0212 0.06657
2009 0.09474 0.57358 0.16398 0.08249 0.02121 0.064
2010 0.095 0.57978 0.16193 0.07927 0.02147 0.06255
2011 0.09449 0.57075 0.16855 0.08148 0.02189 0.06283
2012 0.09743 0.5686 0.1706 0.07809 0.0226 0.06268
2013 0.09622 0.57125 0.17179 0.07615 0.02222 0.06237
2014 0.09855 0.59829 0.154 0.06019 0.02269 0.06628
2015 0.10391 0.62375 0.12282 0.05367 0.02396 0.07189
2016 0.12226 0.59368 0.11127 0.05787 0.02835 0.08659
2017 0.13474 0.58631 0.09982 0.0492 0.03169 0.09824
2018 0.15725 0.52726 0.10236 0.06029 0.03667 0.11617
2019 0.16982 0.49122 0.11063 0.06192 0.04064 0.12577
2020 0.17617 0.47816 0.10421 0.06178 0.04211 0.13758
2021 0.18352 0.4705 0.08765 0.065 0.04387 0.14946
2022 0.18821 0.45383 0.09325 0.06456 0.04575 0.1544
2023 0.20175 0.41335 0.0997 0.06502 0.04846 0.17172
2024 0.20581 0.38436 0.11032 0.06418 0.05025 0.18508
Split for: MX_ML
Year RUS+WAL EAL+BER GOA SEA+NBC SBC+WA OR+CA
1970 0.0424 0.22799 0.05216 0.08082 0.05898 0.53764
1971 0.04265 0.22814 0.05243 0.0806 0.05924 0.53694
1972 0.04178 0.22911 0.05273 0.08051 0.05953 0.53635
1973 0.04197 0.22979 0.05294 0.08033 0.05973 0.53522
1974 0.04222 0.23082 0.05323 0.0803 0.06003 0.5334
1975 0.04247 0.23186 0.0535 0.08027 0.06032 0.53157
1976 0.04272 0.23293 0.05377 0.08027 0.06056 0.52975
1977 0.04297 0.23402 0.05405 0.08027 0.0608 0.52789
1978 0.04323 0.23514 0.05432 0.08028 0.06105 0.52598
1979 0.04349 0.23623 0.05461 0.08031 0.06131 0.52405
1980 0.04376 0.23743 0.05492 0.08037 0.06161 0.52192
1981 0.04403 0.23864 0.05521 0.08042 0.06186 0.51985
1982 0.0443 0.23984 0.05548 0.08046 0.06211 0.51781
1983 0.04456 0.24102 0.05574 0.08049 0.06237 0.51582
1984 0.04478 0.24204 0.05595 0.08047 0.06256 0.51421
1985 0.045 0.24304 0.05615 0.08047 0.06275 0.51259
1986 0.04521 0.24404 0.05633 0.08045 0.06295 0.51102
1987 0.04543 0.24505 0.05651 0.08035 0.06313 0.50953
1988 0.04563 0.24603 0.05668 0.08032 0.06332 0.50801
1989 0.04581 0.24688 0.0568 0.08035 0.06345 0.50671
1990 0.04596 0.24759 0.0569 0.0803 0.06354 0.50571
1991 0.04615 0.24851 0.05704 0.08029 0.06369 0.50432
1992 0.04634 0.24943 0.05718 0.08026 0.06383 0.50296
1993 0.04652 0.25026 0.05729 0.08027 0.06395 0.50171
1994 0.04667 0.25101 0.05738 0.08021 0.06405 0.50069
1995 0.04683 0.25173 0.05745 0.08014 0.06414 0.49971
1996 0.04696 0.25238 0.0575 0.07997 0.06421 0.49897
1997 0.04709 0.25297 0.05752 0.0798 0.06434 0.49828
1998 0.04723 0.25347 0.05754 0.07961 0.06445 0.4977
1999 0.04737 0.25402 0.05756 0.07938 0.06452 0.49714
2000 0.04744 0.25432 0.05749 0.07911 0.06455 0.4971
2001 0.04706 0.26043 0.05697 0.07612 0.06422 0.4952
2002 0.0461 0.26436 0.05393 0.07728 0.06346 0.49489
2003 0.04551 0.27169 0.04602 0.07695 0.06387 0.49597
2004 0.04481 0.27108 0.04519 0.07736 0.06402 0.49754
2005 0.0448 0.27875 0.0404 0.07679 0.06445 0.4948
2006 0.04483 0.28558 0.03817 0.07246 0.06505 0.49391
2007 0.04534 0.2982 0.0398 0.07259 0.06765 0.47643
2008 0.04596 0.29591 0.04212 0.07364 0.06857 0.4738
2009 0.04559 0.30172 0.04358 0.07589 0.06979 0.46344
2010 0.04617 0.308 0.04346 0.07365 0.07132 0.4574
2011 0.04581 0.30251 0.04513 0.07553 0.07257 0.45844
2012 0.04729 0.3017 0.04573 0.07246 0.07501 0.45781
2013 0.0469 0.30437 0.04624 0.07097 0.07403 0.45749
2014 0.04681 0.31067 0.0404 0.05466 0.07368 0.47377
2015 0.04719 0.30968 0.0308 0.0466 0.0744 0.49133
2016 0.0501 0.26598 0.02518 0.04534 0.07943 0.53397
2017 0.05143 0.24465 0.02104 0.03591 0.08271 0.56426
2018 0.05414 0.19846 0.01946 0.03969 0.08633 0.60192
2019 0.05556 0.17568 0.01999 0.03873 0.0909 0.61915
2020 0.05449 0.16169 0.0178 0.03654 0.08906 0.64042
2021 0.05367 0.15041 0.01416 0.03634 0.08772 0.65771
2022 0.05384 0.14193 0.01473 0.03531 0.08949 0.66469
2023 0.05382 0.12055 0.01469 0.03317 0.0884 0.68937
2024 0.05226 0.10669 0.01547 0.03116 0.08724 0.70718
Split for: Central_Am
Year RUS+WAL EAL+BER GOA SEA+NBC SBC+WA OR+CA
1970 0 0 0 0 0.06037 0.93963
1971 0 0 0 0 0.0607 0.9393
1972 0 0 0 0 0.06104 0.93896
1973 0 0 0 0 0.06136 0.93864
1974 0 0 0 0 0.06184 0.93816
1975 0 0 0 0 0.06233 0.93767
1976 0 0 0 0 0.06275 0.93725
1977 0 0 0 0 0.0632 0.9368
1978 0 0 0 0 0.06366 0.93634
1979 0 0 0 0 0.06414 0.93586
1980 0 0 0 0 0.06467 0.93533
1981 0 0 0 0 0.06515 0.93485
1982 0 0 0 0 0.06565 0.93435
1983 0 0 0 0 0.06614 0.93386
1984 0 0 0 0 0.06652 0.93348
1985 0 0 0 0 0.06691 0.93309
1986 0 0 0 0 0.0673 0.9327
1987 0 0 0 0 0.06766 0.93234
1988 0 0 0 0 0.06804 0.93196
1989 0 0 0 0 0.06833 0.93167
1990 0 0 0 0 0.06854 0.93146
1991 0 0 0 0 0.06887 0.93113
1992 0 0 0 0 0.06919 0.93081
1993 0 0 0 0 0.06947 0.93053
1994 0 0 0 0 0.0697 0.9303
1995 0 0 0 0 0.06992 0.93008
1996 0 0 0 0 0.07009 0.92991
1997 0 0 0 0 0.07031 0.92969
1998 0 0 0 0 0.0705 0.9295
1999 0 0 0 0 0.07065 0.92935
2000 0 0 0 0 0.07068 0.92932
2001 0 0 0 0 0.0706 0.9294
2002 0 0 0 0 0.06986 0.93014
2003 0 0 0 0 0.07013 0.92987
2004 0 0 0 0 0.07008 0.92992
2005 0 0 0 0 0.07089 0.92911
2006 0 0 0 0 0.07162 0.92838
2007 0 0 0 0 0.07678 0.92322
2008 0 0 0 0 0.07814 0.92186
2009 0 0 0 0 0.08106 0.91894
2010 0 0 0 0 0.08369 0.91631
2011 0 0 0 0 0.08485 0.91515
2012 0 0 0 0 0.08756 0.91244
2013 0 0 0 0 0.08658 0.91342
2014 0 0 0 0 0.08349 0.91651
2015 0 0 0 0 0.08147 0.91853
2016 0 0 0 0 0.08014 0.91986
2017 0 0 0 0 0.07907 0.92093
2018 0 0 0 0 0.07749 0.92251
2019 0 0 0 0 0.07918 0.92082
2020 0 0 0 0 0.07531 0.92469
2021 0 0 0 0 0.07246 0.92754
2022 0 0 0 0 0.07309 0.92691
2023 0 0 0 0 0.06986 0.93014
2024 0 0 0 0 0.06739 0.93261

Difference in mortality over time
Difference for: Asia
Year RUS+WAL EAL+BER GOA SEA+NBC SBC+WA OR+CA
1970 0 0 0 0 0 0
1971 0 0 0 0 0 0
1972 0 0 0 0 0 0
1973 0 0 0 0 0 0
1974 0 0 0 0 0 0
1975 0 0 0 0 0 0
1976 0 0 0 0 0 0
1977 0 0 0 0 0 0
1978 0 0 0 0 0 0
1979 0 0 0 0 0 0
1980 0 0 0 0 0 0
1981 0 0 0 0 0 0
1982 0 0 0 0 0 0
1983 0 0 0 0 0 0
1984 0 0 0 0 0 0
1985 0 0 0 0 0 0
1986 0 0 0 0 0 0
1987 0 0 0 0 0 0
1988 0 0 0 0 0 0
1989 0 0 0 0 0 0
1990 0 0 0 0 0 0
1991 0 0 0 0 0 0
1992 0 0 0 0 0 0
1993 0 0 0 0 0 0
1994 0 0 0 0 0 0
1995 0 0 0 0 0 0
1996 0 0 0 0 0 0
1997 0 0 0 0 0 0
1998 0 0 0 0 0 0
1999 0 0 0 0 0 0
2000 0 3 0 0 0 0
2001 0 4 0 0 0 0
2002 0 5 0 0 0 0
2003 0 2 0 0 0 0
2004 0 5 0 0 0 0
2005 0 5 0 0 0 0
2006 0 7 0 0 0 0
2007 0 -2 0 0 0 0
2008 0 7 0 0 0 0
2009 0 4 0 0 0 0
2010 0 0 0 0 0 0
2011 0 -6 0 0 0 0
2012 0 6 0 0 0 0
2013 0 8 0 0 0 0
2014 0 0 0 0 0 0
2015 0 -58 0 0 0 0
2016 0 -28 0 0 0 0
2017 0 -63 0 0 0 0
2018 0 -31 0 0 0 0
2019 0 -15 0 0 0 0
2020 0 -14 0 0 0 0
2021 0 -15 0 0 0 0
2022 0 -31 0 0 0 0
2023 0 -18 0 0 0 0
Difference for: Hawaii
Year RUS+WAL EAL+BER GOA SEA+NBC SBC+WA OR+CA
1970 0 0 0 0 0 0
1971 0 0 0 0 0 0
1972 0 0 0 0 0 0
1973 0 0 0 0 0 0
1974 0 0 0 0 0 0
1975 0 0 0 0 0 0
1976 0 0 0 0 0 0
1977 0 0 0 0 0 0
1978 0 0 0 0 0 0
1979 0 0 0 0 0 0
1980 0 0 0 0 0 0
1981 0 0 0 0 0 0
1982 0 0 0 0 0 0
1983 0 0 0 0 0 0
1984 0 0 0 0 0 0
1985 0 0 0 0 0 0
1986 0 0 0 0 0 0
1987 0 0 0 0 0 0
1988 0 0 0 0 0 0
1989 0 0 0 0 0 0
1990 0 0 0 0 0 0
1991 0 0 0 0 0 0
1992 0 0 0 0 0 0
1993 0 0 0 0 0 0
1994 0 0 0 0 0 0
1995 0 0 0 0 0 0
1996 0 0 0 0 0 0
1997 0 0 0 0 0 0
1998 0 0 0 0 0 0
1999 0 0 0 0 0 0
2000 0 55 2 -94 1 0
2001 0 72 -40 149 3 0
2002 0 93 -201 66 6 0
2003 0 46 -5 133 7 0
2004 0 91 -159 12 5 0
2005 0 91 -80 -283 6 0
2006 0 131 31 -17 12 0
2007 0 -40 52 41 6 0
2008 0 139 62 283 14 0
2009 0 80 -29 -212 10 0
2010 0 1 85 289 22 0
2011 0 -123 -20 -538 3 0
2012 0 119 53 -53 -2 0
2013 0 168 -310 -2229 3 0
2014 0 7 -646 -1205 7 0
2015 0 -1287 -505 -625 10 0
2016 0 -612 -342 -1746 21 0
2017 0 -1409 -204 86 10 0
2018 0 -704 -40 -406 34 0
2019 0 -348 -176 -361 16 0
2020 0 -324 -302 -76 14 0
2021 0 -347 -7 -332 34 0
2022 0 -724 -41 -475 8 0
2023 0 -414 47 -335 36 0
Difference for: MX_AR
Year RUS+WAL EAL+BER GOA SEA+NBC SBC+WA OR+CA
1970 0 0 0 0 0 0
1971 0 0 0 0 0 0
1972 0 0 0 0 0 0
1973 0 0 0 0 0 0
1974 0 0 0 0 0 0
1975 0 0 0 0 0 0
1976 0 0 0 0 0 0
1977 0 0 0 0 0 0
1978 0 0 0 0 0 0
1979 0 0 0 0 0 0
1980 0 0 0 0 0 0
1981 0 0 0 0 0 0
1982 0 0 0 0 0 0
1983 0 0 0 0 0 0
1984 0 0 0 0 0 0
1985 0 0 0 0 0 0
1986 0 0 0 0 0 0
1987 0 0 0 0 0 0
1988 0 0 0 0 0 0
1989 0 0 0 0 0 0
1990 0 0 0 0 0 0
1991 0 0 0 0 0 0
1992 0 0 0 0 0 0
1993 0 0 0 0 0 0
1994 0 0 0 0 0 0
1995 0 0 0 0 0 0
1996 0 0 0 0 0 0
1997 0 0 0 0 0 0
1998 0 0 0 0 0 0
1999 0 0 0 0 0 0
2000 0 19 1 -3 0 1
2001 0 26 -10 4 0 2
2002 0 33 -48 2 1 2
2003 0 16 -1 4 1 2
2004 0 32 -38 0 0 0
2005 0 32 -19 -8 1 0
2006 0 46 7 -1 1 -7
2007 0 -14 12 1 1 -4
2008 0 49 15 8 1 -4
2009 0 28 -7 -6 1 -5
2010 0 0 20 9 2 -1
2011 0 -44 -5 -16 0 -9
2012 0 42 13 -2 0 -2
2013 0 60 -73 -67 0 6
2014 0 3 -153 -36 1 7
2015 0 -457 -120 -19 1 10
2016 0 -217 -81 -52 2 6
2017 0 -500 -48 3 1 5
2018 0 -250 -9 -12 3 -1
2019 0 -123 -42 -11 2 12
2020 0 -115 -71 -2 1 12
2021 0 -123 -2 -10 3 -2
2022 0 -257 -10 -14 1 9
2023 0 -147 11 -10 4 13
Difference for: MX_ML
Year RUS+WAL EAL+BER GOA SEA+NBC SBC+WA OR+CA
1970 0 0 0 0 0 0
1971 0 0 0 0 0 0
1972 0 0 0 0 0 0
1973 0 0 0 0 0 0
1974 0 0 0 0 0 0
1975 0 0 0 0 0 0
1976 0 0 0 0 0 0
1977 0 0 0 0 0 0
1978 0 0 0 0 0 0
1979 0 0 0 0 0 0
1980 0 0 0 0 0 0
1981 0 0 0 0 0 0
1982 0 0 0 0 0 0
1983 0 0 0 0 0 0
1984 0 0 0 0 0 0
1985 0 0 0 0 0 0
1986 0 0 0 0 0 0
1987 0 0 0 0 0 0
1988 0 0 0 0 0 0
1989 0 0 0 0 0 0
1990 0 0 0 0 0 0
1991 0 0 0 0 0 0
1992 0 0 0 0 0 0
1993 0 0 0 0 0 0
1994 0 0 0 0 0 0
1995 0 0 0 0 0 0
1996 0 0 0 0 0 0
1997 0 0 0 0 0 0
1998 0 0 0 0 0 0
1999 0 0 0 0 0 0
2000 0 11 0 -3 0 4
2001 0 15 -3 4 1 15
2002 0 19 -14 2 2 13
2003 0 9 0 4 2 17
2004 0 18 -11 0 2 -4
2005 0 18 -5 -8 2 -1
2006 0 26 2 -1 4 -57
2007 0 -8 4 1 2 -31
2008 0 28 4 8 5 -28
2009 0 16 -2 -6 3 -40
2010 0 0 6 8 7 -5
2011 0 -24 -1 -16 1 -70
2012 0 24 4 -2 -1 -17
2013 0 33 -21 -65 1 42
2014 0 1 -43 -35 2 56
2015 0 -252 -33 -18 3 74
2016 0 -120 -23 -50 7 49
2017 0 -275 -13 2 3 39
2018 0 -137 -3 -12 11 -9
2019 0 -67 -11 -10 5 90
2020 0 -63 -20 -2 5 87
2021 0 -67 0 -9 11 -14
2022 0 -139 -3 -13 3 65
2023 0 -80 3 -9 12 96
Difference for: Central_Am
Year RUS+WAL EAL+BER GOA SEA+NBC SBC+WA OR+CA
1970 0 0 0 0 0 0
1971 0 0 0 0 0 0
1972 0 0 0 0 0 0
1973 0 0 0 0 0 0
1974 0 0 0 0 0 0
1975 0 0 0 0 0 0
1976 0 0 0 0 0 0
1977 0 0 0 0 0 0
1978 0 0 0 0 0 0
1979 0 0 0 0 0 0
1980 0 0 0 0 0 0
1981 0 0 0 0 0 0
1982 0 0 0 0 0 0
1983 0 0 0 0 0 0
1984 0 0 0 0 0 0
1985 0 0 0 0 0 0
1986 0 0 0 0 0 0
1987 0 0 0 0 0 0
1988 0 0 0 0 0 0
1989 0 0 0 0 0 0
1990 0 0 0 0 0 0
1991 0 0 0 0 0 0
1992 0 0 0 0 0 0
1993 0 0 0 0 0 0
1994 0 0 0 0 0 0
1995 0 0 0 0 0 0
1996 0 0 0 0 0 0
1997 0 0 0 0 0 0
1998 0 0 0 0 0 0
1999 0 0 0 0 0 0
2000 0 0 0 0 0 2
2001 0 0 0 0 0 7
2002 0 0 0 0 1 6
2003 0 0 0 0 1 8
2004 0 0 0 0 0 -2
2005 0 0 0 0 1 -1
2006 0 0 0 0 1 -26
2007 0 0 0 0 1 -14
2008 0 0 0 0 1 -13
2009 0 0 0 0 1 -19
2010 0 0 0 0 2 -2
2011 0 0 0 0 0 -32
2012 0 0 0 0 0 -8
2013 0 0 0 0 0 20
2014 0 0 0 0 1 26
2015 0 0 0 0 1 34
2016 0 0 0 0 2 22
2017 0 0 0 0 1 18
2018 0 0 0 0 3 -4
2019 0 0 0 0 1 41
2020 0 0 0 0 1 40
2021 0 0 0 0 3 -6
2022 0 0 0 0 1 30
2023 0 0 0 0 3 45

Total survival over time
Values for breeding stock: Asia
Year RUS+WAL EAL+BER GOA SEA+NBC SBC+WA OR+CA
1970 0.996 0.986 0 0 0 0
1971 1.281 1.274 0 0 0 0
1972 1.186 1.216 0 0 0 0
1973 1.176 1.174 0 0 0 0
1974 1.147 1.145 0 0 0 0
1975 1.126 1.124 0 0 0 0
1976 1.109 1.107 0 0 0 0
1977 1.095 1.094 0 0 0 0
1978 1.084 1.083 0 0 0 0
1979 1.075 1.074 0 0 0 0
1980 1.067 1.066 0 0 0 0
1981 1.087 1.085 0 0 0 0
1982 1.1 1.099 0 0 0 0
1983 1.109 1.108 0 0 0 0
1984 1.113 1.112 0 0 0 0
1985 1.114 1.113 0 0 0 0
1986 1.113 1.112 0 0 0 0
1987 1.11 1.11 0 0 0 0
1988 1.107 1.106 0 0 0 0
1989 1.102 1.102 0 0 0 0
1990 1.097 1.097 0 0 0 0
1991 1.096 1.095 0 0 0 0
1992 1.095 1.095 0 0 0 0
1993 1.096 1.096 0 0 0 0
1994 1.097 1.097 0 0 0 0
1995 1.098 1.098 0 0 0 0
1996 1.099 1.098 0 0 0 0
1997 1.099 1.099 0 0 0 0
1998 1.098 1.097 0 0 0 0
1999 1.098 1.097 0 0 0 0
2000 1.096 1.123 0 0 0 0
2001 1.094 1.121 0 0 0 0
2002 1.093 1.121 0 0 0 0
2003 1.091 1.096 0 0 0 0
2004 1.09 1.109 0 0 0 0
2005 1.089 1.102 0 0 0 0
2006 1.088 1.108 0 0 0 0
2007 1.086 1.06 0 0 0 0
2008 1.085 1.104 0 0 0 0
2009 1.084 1.083 0 0 0 0
2010 1.082 1.066 0 0 0 0
2011 1.08 1.044 0 0 0 0
2012 1.078 1.09 0 0 0 0
2013 1.07 1.085 0 0 0 0
2014 1.083 1.068 0 0 0 0
2015 1.046 0.854 0 0 0 0
2016 1.073 0.979 0 0 0 0
2017 1.071 0.839 0 0 0 0
2018 1.067 0.97 0 0 0 0
2019 1.07 1.053 0 0 0 0
2020 1.057 1.04 0 0 0 0
2021 1.054 1.029 0 0 0 0
2022 1.051 0.93 0 0 0 0
2023 1.048 1.017 0 0 0 0
Values for breeding stock: Hawaii
Year RUS+WAL EAL+BER GOA SEA+NBC SBC+WA OR+CA
1970 1.008 0.997 0.986 0.991 1.005 0
1971 1.293 1.286 1.292 1.282 1.291 0
1972 1.196 1.227 1.228 1.22 1.227 0
1973 1.187 1.185 1.186 1.178 1.185 0
1974 1.157 1.155 1.156 1.149 1.155 0
1975 1.134 1.133 1.133 1.127 1.133 0
1976 1.117 1.116 1.117 1.111 1.115 0
1977 1.104 1.103 1.103 1.097 1.102 0
1978 1.093 1.092 1.092 1.087 1.091 0
1979 1.084 1.083 1.083 1.078 1.082 0
1980 1.076 1.075 1.076 1.07 1.075 0
1981 1.096 1.095 1.095 1.09 1.094 0
1982 1.11 1.109 1.108 1.104 1.108 0
1983 1.118 1.117 1.117 1.112 1.117 0
1984 1.122 1.122 1.121 1.116 1.12 0
1985 1.123 1.123 1.122 1.118 1.121 0
1986 1.122 1.121 1.12 1.116 1.12 0
1987 1.119 1.119 1.117 1.112 1.117 0
1988 1.115 1.115 1.113 1.11 1.114 0
1989 1.111 1.11 1.109 1.107 1.109 0
1990 1.106 1.106 1.104 1.102 1.104 0
1991 1.104 1.104 1.102 1.099 1.102 0
1992 1.104 1.104 1.102 1.099 1.102 0
1993 1.105 1.104 1.103 1.101 1.103 0
1994 1.106 1.105 1.103 1.101 1.104 0
1995 1.107 1.106 1.104 1.102 1.105 0
1996 1.107 1.107 1.105 1.102 1.106 0
1997 1.107 1.107 1.105 1.102 1.107 0
1998 1.107 1.106 1.104 1.101 1.106 0
1999 1.106 1.105 1.103 1.099 1.104 0
2000 1.104 1.131 1.103 1.076 1.107 0
2001 1.103 1.129 1.071 1.134 1.11 0
2002 1.101 1.13 0.969 1.104 1.117 0
2003 1.1 1.104 1.119 1.114 1.112 0
2004 1.098 1.118 0.998 1.087 1.104 0
2005 1.097 1.111 1.064 1.041 1.1 0
2006 1.096 1.116 1.137 1.089 1.111 0
2007 1.095 1.068 1.132 1.094 1.101 0
2008 1.094 1.113 1.129 1.124 1.1 0
2009 1.092 1.092 1.075 1.051 1.101 0
2010 1.091 1.074 1.133 1.112 1.109 0
2011 1.089 1.053 1.073 1.016 1.075 0
2012 1.087 1.099 1.098 1.078 1.08 0
2013 1.085 1.1 0.963 0.848 1.085 0
2014 1.083 1.068 0.832 0.955 1.082 0
2015 1.08 0.882 0.866 1.026 1.081 0
2016 1.079 0.985 0.934 0.854 1.09 0
2017 1.076 0.844 1.012 1.179 1.073 0
2018 1.074 0.977 1.128 1.047 1.08 0
2019 1.071 1.055 1.001 1.057 1.071 0
2020 1.068 1.051 0.914 1.105 1.06 0
2021 1.066 1.04 1.172 1.051 1.074 0
2022 1.063 0.941 1.096 1.033 1.053 0
2023 1.061 1.029 1.156 1.048 1.062 0
Values for breeding stock: MX_AR
Year RUS+WAL EAL+BER GOA SEA+NBC SBC+WA OR+CA
1970 1.008 0.997 0.986 0.991 1.005 0.961
1971 1.293 1.286 1.292 1.282 1.291 1.283
1972 1.196 1.227 1.228 1.22 1.227 1.22
1973 1.187 1.185 1.186 1.178 1.185 1.179
1974 1.157 1.155 1.156 1.149 1.156 1.146
1975 1.135 1.133 1.134 1.128 1.134 1.124
1976 1.118 1.116 1.117 1.111 1.115 1.107
1977 1.104 1.103 1.103 1.098 1.102 1.094
1978 1.093 1.092 1.092 1.087 1.091 1.083
1979 1.084 1.083 1.083 1.078 1.082 1.074
1980 1.076 1.075 1.076 1.07 1.075 1.065
1981 1.096 1.095 1.095 1.09 1.094 1.085
1982 1.11 1.109 1.109 1.104 1.108 1.099
1983 1.118 1.117 1.117 1.112 1.117 1.108
1984 1.122 1.122 1.121 1.116 1.12 1.114
1985 1.123 1.123 1.122 1.118 1.122 1.115
1986 1.122 1.121 1.12 1.116 1.12 1.114
1987 1.119 1.119 1.117 1.112 1.117 1.111
1988 1.115 1.115 1.113 1.11 1.114 1.107
1989 1.111 1.11 1.109 1.107 1.109 1.104
1990 1.106 1.106 1.104 1.102 1.104 1.101
1991 1.104 1.104 1.102 1.099 1.102 1.097
1992 1.104 1.104 1.102 1.099 1.102 1.097
1993 1.105 1.104 1.103 1.101 1.103 1.099
1994 1.106 1.105 1.104 1.101 1.104 1.1
1995 1.107 1.106 1.104 1.102 1.105 1.102
1996 1.107 1.107 1.105 1.102 1.106 1.103
1997 1.107 1.107 1.105 1.102 1.107 1.104
1998 1.107 1.106 1.104 1.101 1.106 1.104
1999 1.106 1.105 1.103 1.099 1.104 1.103
2000 1.104 1.131 1.103 1.076 1.107 1.109
2001 1.103 1.129 1.071 1.134 1.11 1.119
2002 1.101 1.13 0.969 1.104 1.117 1.112
2003 1.1 1.104 1.119 1.114 1.112 1.113
2004 1.098 1.118 0.998 1.087 1.104 1.092
2005 1.097 1.111 1.064 1.041 1.1 1.096
2006 1.096 1.116 1.137 1.089 1.111 1.052
2007 1.095 1.068 1.132 1.094 1.101 1.083
2008 1.094 1.113 1.129 1.124 1.1 1.089
2009 1.092 1.092 1.075 1.051 1.101 1.081
2010 1.091 1.074 1.133 1.112 1.109 1.103
2011 1.089 1.053 1.073 1.016 1.076 1.064
2012 1.087 1.099 1.098 1.078 1.08 1.106
2013 1.085 1.1 0.963 0.848 1.085 1.137
2014 1.083 1.068 0.832 0.955 1.082 1.12
2015 1.08 0.882 0.866 1.026 1.081 1.107
2016 1.079 0.985 0.934 0.855 1.09 1.077
2017 1.076 0.844 1.012 1.179 1.073 1.096
2018 1.074 0.977 1.128 1.047 1.08 1.065
2019 1.071 1.055 1.001 1.057 1.071 1.113
2020 1.068 1.051 0.914 1.105 1.06 1.111
2021 1.066 1.04 1.172 1.051 1.075 1.07
2022 1.063 0.941 1.096 1.033 1.053 1.098
2023 1.061 1.029 1.156 1.048 1.062 1.103
Values for breeding stock: MX_ML
Year RUS+WAL EAL+BER GOA SEA+NBC SBC+WA OR+CA
1970 1.001 0.991 0.979 0.984 0.998 0.955
1971 1.285 1.278 1.284 1.274 1.283 1.276
1972 1.19 1.22 1.221 1.213 1.22 1.213
1973 1.181 1.179 1.18 1.173 1.179 1.173
1974 1.151 1.149 1.15 1.144 1.15 1.141
1975 1.129 1.128 1.128 1.122 1.128 1.119
1976 1.112 1.111 1.111 1.106 1.11 1.102
1977 1.099 1.098 1.098 1.093 1.097 1.089
1978 1.088 1.087 1.087 1.082 1.086 1.078
1979 1.079 1.078 1.078 1.073 1.078 1.069
1980 1.072 1.07 1.071 1.066 1.07 1.061
1981 1.091 1.09 1.09 1.085 1.089 1.08
1982 1.105 1.104 1.104 1.099 1.103 1.094
1983 1.114 1.113 1.112 1.108 1.112 1.103
1984 1.118 1.117 1.116 1.112 1.116 1.109
1985 1.119 1.118 1.117 1.113 1.117 1.11
1986 1.118 1.117 1.116 1.112 1.116 1.109
1987 1.115 1.114 1.113 1.108 1.113 1.107
1988 1.111 1.111 1.109 1.106 1.11 1.103
1989 1.107 1.106 1.105 1.103 1.105 1.1
1990 1.102 1.102 1.1 1.098 1.1 1.097
1991 1.1 1.1 1.098 1.096 1.099 1.093
1992 1.1 1.1 1.098 1.095 1.098 1.093
1993 1.101 1.101 1.099 1.097 1.099 1.095
1994 1.102 1.102 1.1 1.097 1.1 1.097
1995 1.103 1.103 1.101 1.098 1.101 1.098
1996 1.104 1.103 1.101 1.098 1.102 1.1
1997 1.104 1.104 1.101 1.098 1.103 1.1
1998 1.104 1.103 1.101 1.098 1.103 1.1
1999 1.103 1.102 1.1 1.096 1.101 1.099
2000 1.101 1.128 1.099 1.073 1.104 1.106
2001 1.1 1.126 1.068 1.131 1.107 1.116
2002 1.098 1.127 0.966 1.101 1.114 1.109
2003 1.097 1.102 1.116 1.111 1.109 1.11
2004 1.096 1.115 0.995 1.084 1.101 1.09
2005 1.094 1.108 1.061 1.038 1.097 1.093
2006 1.094 1.114 1.135 1.086 1.108 1.05
2007 1.092 1.066 1.129 1.091 1.099 1.081
2008 1.091 1.11 1.126 1.121 1.097 1.086
2009 1.089 1.089 1.072 1.049 1.098 1.078
2010 1.088 1.071 1.13 1.11 1.106 1.1
2011 1.086 1.05 1.07 1.014 1.073 1.061
2012 1.084 1.096 1.095 1.075 1.077 1.103
2013 1.082 1.097 0.961 0.846 1.082 1.134
2014 1.08 1.065 0.83 0.952 1.079 1.117
2015 1.077 0.879 0.864 1.023 1.078 1.103
2016 1.076 0.982 0.932 0.852 1.087 1.074
2017 1.074 0.842 1.009 1.176 1.07 1.093
2018 1.071 0.974 1.125 1.044 1.078 1.062
2019 1.068 1.052 0.998 1.055 1.068 1.11
2020 1.064 1.046 0.91 1.101 1.055 1.106
2021 1.064 1.038 1.169 1.049 1.072 1.068
2022 1.062 0.939 1.094 1.032 1.051 1.096
2023 1.058 1.026 1.153 1.045 1.059 1.1
Values for breeding stock: Central_Am
Year RUS+WAL EAL+BER GOA SEA+NBC SBC+WA OR+CA
1970 0 0 0 0 0.998 0.955
1971 0 0 0 0 1.284 1.276
1972 0 0 0 0 1.221 1.214
1973 0 0 0 0 1.178 1.172
1974 0 0 0 0 1.149 1.14
1975 0 0 0 0 1.128 1.119
1976 0 0 0 0 1.11 1.102
1977 0 0 0 0 1.097 1.089
1978 0 0 0 0 1.086 1.078
1979 0 0 0 0 1.077 1.069
1980 0 0 0 0 1.07 1.061
1981 0 0 0 0 1.089 1.08
1982 0 0 0 0 1.102 1.094
1983 0 0 0 0 1.112 1.103
1984 0 0 0 0 1.116 1.109
1985 0 0 0 0 1.117 1.11
1986 0 0 0 0 1.116 1.109
1987 0 0 0 0 1.113 1.107
1988 0 0 0 0 1.109 1.103
1989 0 0 0 0 1.105 1.1
1990 0 0 0 0 1.1 1.097
1991 0 0 0 0 1.098 1.093
1992 0 0 0 0 1.098 1.093
1993 0 0 0 0 1.099 1.095
1994 0 0 0 0 1.1 1.097
1995 0 0 0 0 1.101 1.098
1996 0 0 0 0 1.102 1.1
1997 0 0 0 0 1.103 1.1
1998 0 0 0 0 1.103 1.1
1999 0 0 0 0 1.101 1.099
2000 0 0 0 0 1.104 1.105
2001 0 0 0 0 1.107 1.116
2002 0 0 0 0 1.113 1.109
2003 0 0 0 0 1.109 1.11
2004 0 0 0 0 1.101 1.09
2005 0 0 0 0 1.097 1.093
2006 0 0 0 0 1.108 1.05
2007 0 0 0 0 1.099 1.08
2008 0 0 0 0 1.097 1.086
2009 0 0 0 0 1.098 1.078
2010 0 0 0 0 1.106 1.1
2011 0 0 0 0 1.073 1.061
2012 0 0 0 0 1.077 1.103
2013 0 0 0 0 1.082 1.134
2014 0 0 0 0 1.079 1.117
2015 0 0 0 0 1.079 1.104
2016 0 0 0 0 1.088 1.075
2017 0 0 0 0 1.07 1.093
2018 0 0 0 0 1.078 1.063
2019 0 0 0 0 1.07 1.112
2020 0 0 0 0 1.057 1.108
2021 0 0 0 0 1.072 1.068
2022 0 0 0 0 1.051 1.096
2023 0 0 0 0 1.06 1.101

Numbers over time by herd
Values for breeding stock: Asia
Year RUS+WAL EAL+BER GOA SEA+NBC SBC+WA OR+CA
1970 66 10 0 0 0 0
1971 83 13 0 0 0 0
1972 95 15 0 0 0 0
1973 107 17 0 0 0 0
1974 119 19 0 0 0 0
1975 130 21 0 0 0 0
1976 140 22 0 0 0 0
1977 150 24 0 0 0 0
1978 159 25 0 0 0 0
1979 168 26 0 0 0 0
1980 176 28 0 0 0 0
1981 187 30 0 0 0 0
1982 202 32 0 0 0 0
1983 219 34 0 0 0 0
1984 238 37 0 0 0 0
1985 259 41 0 0 0 0
1986 281 44 0 0 0 0
1987 304 48 0 0 0 0
1988 329 52 0 0 0 0
1989 354 55 0 0 0 0
1990 380 59 0 0 0 0
1991 407 64 0 0 0 0
1992 436 68 0 0 0 0
1993 468 73 0 0 0 0
1994 502 78 0 0 0 0
1995 539 84 0 0 0 0
1996 579 90 0 0 0 0
1997 622 97 0 0 0 0
1998 668 104 0 0 0 0
1999 717 112 0 0 0 0
2000 769 120 0 0 0 0
2001 823 132 0 0 0 0
2002 880 147 0 0 0 0
2003 940 163 0 0 0 0
2004 1003 176 0 0 0 0
2005 1069 193 0 0 0 0
2006 1139 211 0 0 0 0
2007 1211 231 0 0 0 0
2008 1288 241 0 0 0 0
2009 1367 263 0 0 0 0
2010 1449 281 0 0 0 0
2011 1534 294 0 0 0 0
2012 1622 301 0 0 0 0
2013 1702 321 0 0 0 0
2014 1807 348 0 0 0 0
2015 1855 354 0 0 0 0
2016 1954 301 0 0 0 0
2017 2054 284 0 0 0 0
2018 2151 229 0 0 0 0
2019 2260 208 0 0 0 0
2020 2348 202 0 0 0 0
2021 2434 198 0 0 0 0
2022 2517 193 0 0 0 0
2023 2596 169 0 0 0 0
Values for breeding stock: Hawaii
Year RUS+WAL EAL+BER GOA SEA+NBC SBC+WA OR+CA
1970 18 154 105 371 24 0
1971 24 197 134 471 30 0
1972 27 231 158 550 35 0
1973 31 264 180 625 40 0
1974 35 295 202 695 45 0
1975 38 325 222 762 50 0
1976 42 353 242 824 54 0
1977 45 380 261 884 58 0
1978 48 406 278 939 62 0
1979 51 431 296 992 66 0
1980 54 454 312 1042 70 0
1981 58 488 335 1115 75 0
1982 63 530 364 1205 81 0
1983 69 579 397 1310 88 0
1984 75 634 435 1428 97 0
1985 82 694 476 1558 106 0
1986 90 760 521 1697 116 0
1987 99 829 568 1842 126 0
1988 107 902 617 1996 137 0
1989 116 979 669 2158 148 0
1990 126 1057 722 2324 160 0
1991 136 1141 778 2499 173 0
1992 147 1232 839 2687 186 0
1993 159 1331 905 2893 201 0
1994 172 1439 977 3116 217 0
1995 186 1557 1055 3359 234 0
1996 201 1686 1140 3620 253 0
1997 218 1825 1232 3900 274 0
1998 236 1973 1330 4200 296 0
1999 255 2132 1435 4516 320 0
2000 275 2302 1545 4853 345 0
2001 297 2564 1665 5078 373 0
2002 320 2862 1734 5670 406 0
2003 344 3207 1613 6155 445 0
2004 370 3494 1729 6756 487 0
2005 398 3860 1661 7206 527 0
2006 427 4240 1683 7291 570 0
2007 458 4694 1860 7743 629 0
2008 490 4921 2080 8299 673 0
2009 524 5413 2321 9227 739 0
2010 560 5831 2443 9449 797 0
2011 598 6158 2728 10420 872 0
2012 637 6339 2853 10318 930 0
2013 678 6859 3094 10838 985 0
2014 720 7448 2876 8880 1043 0
2015 763 7805 2305 7959 1107 0
2016 808 6686 1880 7724 1179 0
2017 853 6331 1617 6297 1263 0
2018 900 5144 1498 6971 1321 0
2019 947 4670 1577 6976 1426 0
2020 994 4600 1504 7044 1496 0
2021 1042 4553 1272 7455 1567 0
2022 1089 4478 1380 7550 1667 0
2023 1137 3971 1437 7403 1719 0
Values for breeding stock: MX_AR
Year RUS+WAL EAL+BER GOA SEA+NBC SBC+WA OR+CA
1970 11 55 25 11 2 9
1971 14 70 32 14 3 12
1972 16 82 37 16 3 14
1973 19 94 43 19 4 16
1974 21 105 48 21 4 18
1975 23 115 53 23 5 19
1976 25 125 57 25 5 21
1977 27 135 62 26 6 22
1978 29 144 66 28 6 23
1979 31 153 70 30 6 25
1980 32 161 74 31 7 26
1981 35 173 79 33 7 27
1982 38 188 86 36 8 29
1983 42 205 94 39 8 32
1984 45 225 103 43 9 35
1985 50 246 113 47 10 38
1986 55 270 123 51 11 41
1987 60 294 134 55 12 44
1988 65 320 146 60 13 48
1989 70 347 158 65 14 52
1990 76 375 171 70 15 56
1991 82 405 184 75 17 60
1992 89 437 198 80 18 64
1993 96 472 214 87 19 69
1994 104 511 231 93 21 74
1995 112 553 250 101 23 80
1996 122 598 270 108 24 86
1997 132 648 292 117 26 93
1998 143 701 315 126 28 100
1999 154 757 340 135 31 108
2000 167 817 366 145 33 116
2001 180 910 394 152 36 126
2002 194 1016 410 170 39 138
2003 208 1139 382 184 43 151
2004 224 1240 409 202 47 165
2005 241 1370 393 216 51 177
2006 258 1506 398 218 55 189
2007 277 1667 440 232 60 193
2008 297 1747 492 249 65 203
2009 317 1922 550 276 71 214
2010 339 2070 578 283 77 223
2011 362 2187 646 312 84 241
2012 386 2251 675 309 89 248
2013 410 2436 733 325 95 266
2014 436 2645 681 266 100 293
2015 462 2772 546 239 106 320
2016 489 2375 445 231 113 346
2017 517 2249 383 189 122 377
2018 545 1827 355 209 127 403
2019 573 1659 374 209 137 425
2020 602 1634 356 211 144 470
2021 631 1617 301 223 151 514
2022 660 1591 327 226 160 541
2023 688 1410 340 222 165 586
Values for breeding stock: MX_ML
Year RUS+WAL EAL+BER GOA SEA+NBC SBC+WA OR+CA
1970 7 35 8 13 9 84
1971 8 45 10 16 12 106
1972 10 52 12 18 14 123
1973 11 60 14 21 15 139
1974 12 66 15 23 17 153
1975 13 73 17 25 19 167
1976 14 79 18 27 20 179
1977 15 84 19 29 22 190
1978 16 90 21 31 23 201
1979 17 95 22 32 25 210
1980 18 99 23 34 26 218
1981 20 106 25 36 28 232
1982 21 115 27 39 30 248
1983 23 125 29 42 32 268
1984 25 136 32 45 35 290
1985 28 149 34 49 38 314
1986 30 162 37 53 42 340
1987 33 176 41 58 45 367
1988 35 191 44 62 49 395
1989 38 207 48 67 53 424
1990 41 222 51 72 57 454
1991 44 239 55 77 61 486
1992 48 257 59 83 66 519
1993 52 277 63 89 71 556
1994 56 299 68 95 76 596
1995 60 322 74 103 82 639
1996 65 348 79 110 88 687
1997 70 375 85 118 95 739
1998 75 404 92 127 103 794
1999 81 436 99 136 111 853
2000 88 469 106 146 119 917
2001 94 521 114 152 128 990
2002 101 580 118 170 139 1086
2003 109 648 110 184 152 1183
2004 116 704 117 201 166 1293
2005 125 776 112 214 179 1377
2006 134 851 114 216 194 1471
2007 143 939 125 229 213 1501
2008 153 983 140 245 228 1573
2009 163 1078 156 271 249 1656
2010 174 1158 163 277 268 1720
2011 185 1220 182 305 293 1849
2012 196 1253 190 301 311 1901
2013 208 1352 205 315 329 2033
2014 221 1465 190 258 347 2234
2015 233 1531 152 230 368 2428
2016 246 1307 124 223 390 2625
2017 260 1235 106 181 417 2848
2018 273 1001 98 200 435 3035
2019 287 906 103 200 469 3193
2020 300 889 98 201 490 3520
2021 313 878 83 212 512 3838
2022 327 862 89 214 543 4036
2023 340 762 93 210 559 4358
Values for breeding stock: Central_Am
Year RUS+WAL EAL+BER GOA SEA+NBC SBC+WA OR+CA
1970 0 0 0 0 2 39
1971 0 0 0 0 3 49
1972 0 0 0 0 4 57
1973 0 0 0 0 4 64
1974 0 0 0 0 5 71
1975 0 0 0 0 5 77
1976 0 0 0 0 6 83
1977 0 0 0 0 6 88
1978 0 0 0 0 6 93
1979 0 0 0 0 7 97
1980 0 0 0 0 7 101
1981 0 0 0 0 7 107
1982 0 0 0 0 8 115
1983 0 0 0 0 9 124
1984 0 0 0 0 10 134
1985 0 0 0 0 10 145
1986 0 0 0 0 11 157
1987 0 0 0 0 12 169
1988 0 0 0 0 13 182
1989 0 0 0 0 14 196
1990 0 0 0 0 15 210
1991 0 0 0 0 17 224
1992 0 0 0 0 18 239
1993 0 0 0 0 19 256
1994 0 0 0 0 21 275
1995 0 0 0 0 22 295
1996 0 0 0 0 24 317
1997 0 0 0 0 26 341
1998 0 0 0 0 28 366
1999 0 0 0 0 30 393
2000 0 0 0 0 32 423
2001 0 0 0 0 35 457
2002 0 0 0 0 38 500
2003 0 0 0 0 41 545
2004 0 0 0 0 45 596
2005 0 0 0 0 48 635
2006 0 0 0 0 52 678
2007 0 0 0 0 58 691
2008 0 0 0 0 61 725
2009 0 0 0 0 67 763
2010 0 0 0 0 72 792
2011 0 0 0 0 79 852
2012 0 0 0 0 84 876
2013 0 0 0 0 89 936
2014 0 0 0 0 94 1029
2015 0 0 0 0 99 1120
2016 0 0 0 0 106 1211
2017 0 0 0 0 113 1314
2018 0 0 0 0 118 1401
2019 0 0 0 0 127 1477
2020 0 0 0 0 133 1630
2021 0 0 0 0 139 1777
2022 0 0 0 0 147 1869
2023 0 0 0 0 152 2019

Catch numbers by breeding stock
Year Asia Hawaii MX_AR MX_ML Central_Am
1970 0.9 0 0 1.1 0.3
1971 0.9 0 0 1.2 0.3
1972 1 0 0 1.3 0.3
1973 1.1 0 0 1.3 0.4
1974 1.2 0.1 0 1.4 0.4
1975 1.2 0.1 0 1.5 0.4
1976 1.3 0.1 0 1.6 0.4
1977 1.4 0.1 0 1.6 0.4
1978 1.5 0.1 0 1.7 0.5
1979 1.6 0.1 0 1.8 0.5
1980 1.8 0.1 0 1.9 0.5
1981 1.9 0.1 0 2 0.5
1982 2 0.1 0 2.1 0.6
1983 2.2 0.1 0 2.2 0.6
1984 2.3 0.1 0 2.4 0.6
1985 2.5 0.1 0 2.5 0.7
1986 2.6 0.1 0 2.6 0.7
1987 2.8 0.1 0 2.8 0.7
1988 3 0.1 0 2.9 0.8
1989 3.2 0.1 0 3.1 0.8
1990 3.5 0.2 0 3.2 0.8
1991 3.7 0.2 0 3.4 0.9
1992 4 0.2 0 3.6 0.9
1993 4.3 0.2 0 3.8 1
1994 4.6 0.2 0 4 1
1995 4.9 0.2 0 4.2 1.1
1996 5.2 0.2 0 4.4 1.1
1997 5.6 0.2 0 4.7 1.2
1998 6 0.2 0 4.9 1.2
1999 6.4 0.2 0 5.2 1.3
2000 6.9 0.3 0 5.5 1.4
2001 7.3 0.3 0 5.8 1.4
2002 7.9 0 0 5.8 1.5
2003 8.4 0 0 5.8 1.6
2004 9 0 0 6.7 1.7
2005 9.6 0 0 8.1 1.8
2006 10.3 1 0 6.8 1.8
2007 11.1 0 0 7.7 1.9
2008 11.8 0 0 7.9 2
2009 12.7 0 0 9 2.1
2010 13.6 0 0 9.3 2.2
2011 14.5 0.8 0 10.6 2.4
2012 15.5 0 0 10.9 2.5
2013 28 0 0 10.8 2.6
2014 0 5 0 13 2.7
2015 72 0 0 14.2 2.9
2016 12 0.1 0 14.2 3
2017 12 0.1 0 13.4 3.2
2018 16 0.1 0 13.4 3.3
2019 4 0.4 0 13.4 1.7
2020 26.8 0.4 0 23.8 5
2021 28.6 0.4 0 12.8 4.7
2022 30.7 0.4 0 10.5 3.7
2023 32.8 0.4 0 18.4 4.2

Catch numbers by feeding ground
Year RUS+WAL EAL+BER GOA SEA+NBC SBC+WA OR+CA
1970 0 2.7 3.1 6.8 0.1 6.4
1971 0 1.8 0.1 4 0.1 1.5
1972 4 0.8 0.1 4.1 0.1 1.6
1973 0 0.8 0.1 4.3 0.1 1.7
1974 0 0.8 0.1 4.5 0.1 2.5
1975 0 0.8 0.2 4.7 0.1 2.7
1976 0 0.8 0.2 4.9 0.2 2.9
1977 0 0.8 0.2 5.2 0.2 3.1
1978 0 0.8 0.2 5.4 0.2 3.3
1979 0 1 0.2 5.6 0.2 3.5
1980 0 1 0.2 5.9 0.2 3.9
1981 0 1 0.3 6.1 0.3 4.2
1982 0 1 0.4 6.5 0.3 4.5
1983 0 1 0.4 6.7 0.3 4.8
1984 0 1 0.5 7.1 0.4 4.6
1985 0 1 0.5 6.7 0.4 5
1986 0 1 0.7 7.8 0.4 5.4
1987 0 1 0.7 10 0.5 5.8
1988 0 1.1 0.8 8.5 0.5 6.3
1989 0 0.9 0.8 6.1 0.6 6.1
1990 0 1 0.8 7.4 0.7 5.8
1991 0 1 0.9 8.2 0.7 7.6
1992 0 1.1 0.9 9.8 0.8 8.3
1993 0 1.1 1 7.1 0.9 8.6
1994 0 1.2 1 9.3 1 8.8
1995 0 1.2 1 9.3 1.1 9.6
1996 0 1.2 1.1 12.7 1.2 9.9
1997 0 1.2 1.3 12.7 0.9 10.7
1998 0 3 1.4 14.7 1.2 12
1999 0 2.6 1.4 17.4 1.7 13.5
2000 0 1.2 1.5 14.1 1.5 11.6
2001 0 1.2 1.8 16.4 1.7 13.4
2002 0 2.4 1.9 13.8 1.9 13.7
2003 0 1.4 2 18.9 2.3 16
2004 0 1.4 2.3 22 2.5 15.9
2005 0 1.6 2.3 23.3 5.8 20.1
2006 0 1.6 2.4 22.7 5.3 22.1
2007 0 0.1 7.3 18.4 0 18.1
2008 0 0.1 4.3 19.7 12.4 8.8
2009 0 0.1 4.3 24.1 0 9.8
2010 0 6.1 0.8 44.5 7 24.5
2011 0 3.1 4 28.4 11 11.9
2012 0 4.1 8.8 11.6 0 10
2013 0 0.1 4 31.6 0 4.7
2014 0 0.1 11.8 43.7 7 45.2
2015 0 4.1 12 51 9.1 103.4
2016 0 4.1 4.8 34.8 7.1 150.3
2017 0 4.1 2.1 16.3 11.1 60.3
2018 0 1.1 4 26.6 30.1 111.1
2019 0 4.1 6 27.3 9.1 61
2020 0 1.1 0 24 23 31.2
2021 0 2.2 7 33.7 13 62.4
2022 0 4.3 0.8 22.3 8 56
2023 0 3.6 9.1 40.1 19.2 59.7
