Stock structure: B1F1; Model type = BC
Mortality impacts feeding grounds
Recuitment related to unfished
Staying rate: 0
Age-at-matrity: 8
Base adult survival: 0
Mirrored survival
Sigma for survival devs: 6
Additional variance estimated
Weight for mark-recapture proportions: 1
Weight for genetics proportions: 1


Total objective fn: 249.343069009517
Negative log-likelihood fn: 56.9459589905265

Natural Survival by feeding ground
RUS+WAL,EAL+BER,GOA,SEA+NBC,SBC+WA,OR+CA
1970 0.96 0.96 0.96 0.96 0.96 0.96
1971 0.96 0.96 0.96 0.96 0.96 0.96
1972 0.96 0.96 0.96 0.96 0.96 0.96
1973 0.96 0.96 0.96 0.96 0.96 0.96
1974 0.96 0.96 0.96 0.96 0.96 0.96
1975 0.96 0.96 0.96 0.96 0.96 0.96
1976 0.96 0.96 0.96 0.96 0.96 0.96
1977 0.96 0.96 0.96 0.96 0.96 0.96
1978 0.96 0.96 0.96 0.96 0.96 0.96
1979 0.96 0.96 0.96 0.96 0.96 0.96
1980 0.96 0.96 0.96 0.96 0.96 0.96
1981 0.96 0.96 0.96 0.96 0.96 0.96
1982 0.96 0.96 0.96 0.96 0.96 0.96
1983 0.96 0.96 0.96 0.96 0.96 0.96
1984 0.96 0.96 0.96 0.96 0.96 0.96
1985 0.96 0.96 0.96 0.96 0.96 0.96
1986 0.96 0.96 0.96 0.96 0.96 0.96
1987 0.96 0.96 0.96 0.96 0.96 0.96
1988 0.96 0.96 0.96 0.96 0.96 0.96
1989 0.96 0.96 0.96 0.96 0.96 0.96
1990 0.96 0.96 0.96 0.96 0.96 0.96
1991 0.96 0.96 0.96 0.96 0.96 0.96
1992 0.96 0.96 0.96 0.96 0.96 0.96
1993 0.96 0.96 0.96 0.96 0.96 0.96
1994 0.96 0.96 0.96 0.96 0.96 0.96
1995 0.96 0.96 0.96 0.96 0.96 0.96
1996 0.96 0.96 0.96 0.96 0.96 0.96
1997 0.96 0.96 0.96 0.96 0.96 0.96
1998 0.96 0.96 0.96 0.96 0.96 0.96
1999 0.96 0.96 0.96 0.96 0.96 0.96
2000 0.96 0.9963317 0.9463676 0.9463676 0.9964111 0.9111186
2001 0.96 0.996414 0.9920166 0.9920166 0.9973499 0.9730764
2002 0.96 0.9965971 0.995186 0.995186 0.9977936 0.9951165
2003 0.96 0.9937412 0.8993562 0.8993562 0.9979681 0.9933779
2004 0.96 0.9499658 0.9951892 0.9951892 0.9979824 0.9959807
2005 0.96 0.9958298 0.908298 0.908298 0.9980218 0.9723001
2006 0.96 0.9740229 0.9951413 0.9951413 0.9982333 0.8400439
2007 0.96 0.932583 0.9017625 0.9017625 0.9979425 0.9730587
2008 0.96 0.9616651 0.9961337 0.9961337 0.9971389 0.9278618
2009 0.96 0.8336603 0.9424332 0.9424332 0.9960726 0.9596956
2010 0.96 0.9889788 0.9961291 0.9961291 0.9958744 0.9517816
2011 0.96 0.9884825 0.8919548 0.8919548 0.9957764 0.8976861
2012 0.96 0.9311389 0.9941801 0.9941801 0.9939825 0.9586821
2013 0.96 0.9931045 0.8397119 0.8397119 0.9574652 0.9960591
2014 0.96 0.9930077 0.7218463 0.7218463 0.9506748 0.9986406
2015 0.96 0.8899491 0.8834664 0.8834664 0.8468038 0.9990509
2016 0.96 0.8993628 0.7541978 0.7541978 0.9525235 0.9987747
2017 0.96 0.8851897 0.8060132 0.8060132 0.9915061 0.9984057
2018 0.96 0.7946432 0.9930983 0.9930983 0.989306 0.9964401
2019 0.96 0.9846882 0.9404263 0.9404263 0.990763 0.9513558
2020 0.96 0.9968561 0.6467279 0.6467279 0.9936403 0.9915036
2021 0.96 0.9600667 0.9600108 0.9600108 0.9896324 0.8926701
2022 0.96 0.9600091 0.9600014 0.9600014 0.9747468 0.9498154
2023 0.96 0.96 0.96 0.96 0.96 0.96

Naturak Survival by breeding stock
RUS+WAL,EAL+BER,GOA,SEA+NBC,SBC+WA,OR+CA
1970 0.96 0.96 0.96 0.96
1971 0.96 0.96 0.96 0.96
1972 0.96 0.96 0.96 0.96
1973 0.96 0.96 0.96 0.96
1974 0.96 0.96 0.96 0.96
1975 0.96 0.96 0.96 0.96
1976 0.96 0.96 0.96 0.96
1977 0.96 0.96 0.96 0.96
1978 0.96 0.96 0.96 0.96
1979 0.96 0.96 0.96 0.96
1980 0.96 0.96 0.96 0.96
1981 0.96 0.96 0.96 0.96
1982 0.96 0.96 0.96 0.96
1983 0.96 0.96 0.96 0.96
1984 0.96 0.96 0.96 0.96
1985 0.96 0.96 0.96 0.96
1986 0.96 0.96 0.96 0.96
1987 0.96 0.96 0.96 0.96
1988 0.96 0.96 0.96 0.96
1989 0.96 0.96 0.96 0.96
1990 0.96 0.96 0.96 0.96
1991 0.96 0.96 0.96 0.96
1992 0.96 0.96 0.96 0.96
1993 0.96 0.96 0.96 0.96
1994 0.96 0.96 0.96 0.96
1995 0.96 0.96 0.96 0.96
1996 0.96 0.96 0.96 0.96
1997 0.96 0.96 0.96 0.96
1998 0.96 0.96 0.96 0.96
1999 0.96 0.96 0.96 0.96
2000 0.96 0.96 0.96 0.96
2001 0.96 0.96 0.96 0.96
2002 0.96 0.96 0.96 0.96
2003 0.96 0.96 0.96 0.96
2004 0.96 0.96 0.96 0.96
2005 0.96 0.96 0.96 0.96
2006 0.96 0.96 0.96 0.96
2007 0.96 0.96 0.96 0.96
2008 0.96 0.96 0.96 0.96
2009 0.96 0.96 0.96 0.96
2010 0.96 0.96 0.96 0.96
2011 0.96 0.96 0.96 0.96
2012 0.96 0.96 0.96 0.96
2013 0.96 0.96 0.96 0.96
2014 0.96 0.96 0.96 0.96
2015 0.96 0.96 0.96 0.96
2016 0.96 0.96 0.96 0.96
2017 0.96 0.96 0.96 0.96
2018 0.96 0.96 0.96 0.96
2019 0.96 0.96 0.96 0.96
2020 0.96 0.96 0.96 0.96
2021 0.96 0.96 0.96 0.96
2022 0.96 0.96 0.96 0.96
2023 0.96 0.96 0.96 0.96

Fecundity by feeding ground
RUS+WAL,EAL+BER,GOA,SEA+NBC,SBC+WA,OR+CA
1970 0.9594989 0.9623734 0.9619854 0.9609691 0.9643467 0.9672307
1971 0.9595873 0.9624309 0.9620007 0.9610677 0.9643818 0.9672987
1972 0.9570786 0.9600674 0.959515 0.9584532 0.9624771 0.9661227
1973 0.9543533 0.9578087 0.9571331 0.9559759 0.9606603 0.9650202
1974 0.9517821 0.9556581 0.9548597 0.953638 0.9589308 0.9640122
1975 0.9493479 0.9536094 0.9526963 0.9514305 0.9572837 0.9630762
1976 0.9470529 0.951658 0.9506319 0.9493461 0.9557396 0.9622083
1977 0.9448903 0.9497978 0.9486609 0.947381 0.9542714 0.9614041
1978 0.9428544 0.9480259 0.9467798 0.9455267 0.952878 0.9606648
1979 0.9409396 0.9463436 0.9449847 0.9437778 0.9515538 0.9599843
1980 0.9391517 0.9447424 0.9432716 0.942132 0.9502955 0.9593677
1981 0.93747 0.9432168 0.9416436 0.9405773 0.949123 0.9588042
1982 0.9351302 0.9411243 0.939425 0.9384208 0.9474985 0.9579921
1983 0.9322112 0.9385177 0.9366632 0.9357182 0.9454636 0.9569594
1984 0.9287727 0.9354517 0.9334229 0.9325375 0.9430872 0.9557174
1985 0.9248899 0.9319759 0.9297495 0.9289143 0.9403886 0.9543164
1986 0.9206133 0.9281374 0.9257081 0.9249425 0.9374037 0.9527775
1987 0.9160096 0.9239825 0.921333 0.9207051 0.9341931 0.9511237
1988 0.9111307 0.9195539 0.9166748 0.9161494 0.9307681 0.9493815
1989 0.9060252 0.9148842 0.9117686 0.9112877 0.9271826 0.9475404
1990 0.9007479 0.9100166 0.9066527 0.9062581 0.9234661 0.9456099
1991 0.8953282 0.9049822 0.9013694 0.9010838 0.919623 0.9436866
1992 0.8896261 0.8996494 0.8957709 0.895647 0.9155681 0.9416694
1993 0.8835176 0.8939028 0.8897459 0.8897106 0.9112145 0.9394972
1994 0.8769053 0.8876538 0.8831927 0.8833125 0.9064886 0.9371228
1995 0.869717 0.8808297 0.8760382 0.8763236 0.9013369 0.9345409
1996 0.8619027 0.8733794 0.8682373 0.8687876 0.8957164 0.9317068
1997 0.8534769 0.8653593 0.8598227 0.8605946 0.8895579 0.928678
1998 0.8444013 0.8567238 0.8507219 0.8517748 0.8829377 0.9254167
1999 0.8346826 0.8474173 0.8409277 0.8423525 0.8759088 0.9219327
2000 0.8243522 0.8374235 0.8304618 0.8321786 0.8683097 0.9180987
2001 0.8134263 0.8182716 0.8224435 0.8244714 0.8535981 0.9181545
2002 0.80192 0.7978948 0.8022701 0.8046911 0.837745 0.9124152
2003 0.7898008 0.775525 0.7801608 0.7831493 0.8202827 0.9044081
2004 0.777054 0.7521124 0.7842848 0.7875276 0.8010787 0.8959544
2005 0.7636546 0.7420517 0.7580588 0.7620463 0.780823 0.8863852
2006 0.7495389 0.7134727 0.7601314 0.7644031 0.7584285 0.879347
2007 0.7347097 0.6926543 0.7316063 0.7362053 0.7324599 0.8888057
2008 0.7191484 0.6875232 0.7364533 0.7410153 0.707368 0.8790504
2009 0.7028737 0.6688339 0.7042762 0.7095554 0.6773519 0.8768362
2010 0.6859414 0.7022474 0.6943017 0.7007483 0.6471027 0.8697592
2011 0.6683475 0.6668228 0.6594339 0.6668646 0.6150992 0.8636197
2012 0.6501389 0.6323189 0.6711718 0.6776992 0.5776546 0.8654564
2013 0.6326471 0.6258435 0.6323603 0.6398491 0.5385557 0.8559323
2014 0.6116174 0.5842946 0.6684627 0.6752707 0.5230917 0.8403043
2015 0.5976606 0.5429018 0.7405188 0.746004 0.5115824 0.8252645
2016 0.577223 0.5626599 0.743871 0.7496212 0.5605541 0.8106607
2017 0.556008 0.5744761 0.786977 0.7917917 0.5434601 0.7922241
2018 0.5349395 0.5922657 0.8077605 0.8123284 0.5044042 0.7735039
2019 0.5123548 0.6506964 0.7761616 0.7817607 0.4612475 0.7521443
2020 0.4922737 0.6103948 0.7651912 0.771596 0.42028 0.7435314
2021 0.472565 0.5631578 0.8311022 0.8357555 0.3749531 0.72025
2022 0.4530685 0.5384428 0.8097021 0.8154309 0.3321578 0.7321867
2023 0.4340843 0.5147148 0.7953381 0.8018864 0.3078782 0.7220775

Total abundance: Estimate SD_log
1970 1120.604 0.05541028
1971 1410.19 0.04975991
1972 1647.358 0.04673475
1973 1868.46 0.04479841
1974 2081.812 0.04335353
1975 2283.145 0.04231261
1976 2473.721 0.04153296
1977 2653.955 0.040939
1978 2824.431 0.04047914
1979 2985.498 0.04012152
1980 3137.475 0.0398443
1981 3360.764 0.03900198
1982 3635.679 0.03794
1983 3956.095 0.03682961
1984 4316.88 0.03577943
1985 4713.096 0.0348489
1986 5140.391 0.03405837
1987 5592.836 0.03341703
1988 6065.036 0.03291662
1989 6556.886 0.0325167
1990 7067.121 0.03218967
1991 7608.798 0.0319148
1992 8191.404 0.0316932
1993 8823.807 0.03153104
1994 9517.473 0.03142422
1995 10272.34 0.03140195
1996 11092.96 0.03146565
1997 11977.6 0.03162388
1998 12922.29 0.03187888
1999 13926.58 0.03221442
2000 14988.64 0.03261302
2001 16200.75 0.03403598
2002 18105.45 0.03446319
2003 20277.39 0.0344309
2004 21423.59 0.03128923
2005 23371.2 0.02279185
2006 24745.07 0.02587967
2007 26753.16 0.0416608
2008 27317.48 0.04823089
2009 29656.76 0.04600201
2010 29589.71 0.04084917
2011 32684.6 0.03798454
2012 33796.59 0.03829793
2013 36192.55 0.03610852
2014 36839.75 0.04232023
2015 35844.38 0.03681226
2016 35213.88 0.04093092
2017 33571.05 0.04259061
2018 32829.36 0.03704119
2019 32822.64 0.03555968
2020 35212.17 0.03383792
2021 34967.27 0.03322843
2022 36396.85 0.1533186
2023 38331.06 0.2031454
2024 40244.1 0.2430027

Breeding stock abundance: Estimate SD_log Estimate/K
Asia
1 78.98153 0.08356122 1.874818
2 99.99969 0.07928354 2.373735
3 116.4799 0.07743064 2.764932
4 128.7469 0.07817876 3.056119
5 142.9061 0.0774553 3.392222
6 156.1757 0.07699769 3.707209
7 168.7072 0.07667203 4.004674
8 180.4386 0.07648181 4.283147
9 191.4056 0.07639515 4.543477
10 201.6419 0.0763912 4.78646
11 211.1728 0.07645741 5.0127
12 225.2808 0.07608804 5.347587
13 242.7141 0.07551272 5.761408
14 263.0517 0.07483268 6.244171
15 285.7991 0.07414726 6.784134
16 310.7007 0.07346609 7.375234
17 337.3215 0.07283363 8.007145
18 365.4629 0.0722321 8.675147
19 394.7437 0.07168376 9.3702
20 424.9049 0.07118547 10.08615
21 455.7222 0.07073313 10.81767
22 488.1543 0.07029056 11.58753
23 522.9865 0.06982907 12.41435
24 560.632 0.0693634 13.30796
25 601.4673 0.06890208 14.27729
26 645.7347 0.06846053 15.32808
27 693.5669 0.0680584 16.46349
28 744.9909 0.06771846 17.68417
29 799.8419 0.06747524 18.98619
30 857.9212 0.067355 20.36484
31 919.0743 0.06738288 21.81646
32 990.5349 0.0675298 23.51275
33 1066.225 0.06792421 25.30943
34 1146.199 0.06861582 27.20782
35 1230.025 0.06961063 29.19763
36 1305.683 0.07038619 30.99356
37 1399.154 0.07200855 33.21231
38 1489.833 0.07558528 35.36479
39 1570.308 0.07851611 37.27507
40 1664.157 0.08121351 39.5028
41 1719.42 0.08412828 40.81459
42 1829.779 0.08779524 43.43425
43 1943.533 0.09218396 46.13447
44 2036.191 0.09712778 48.33393
45 2144.478 0.1029 50.90439
46 2284.278 0.1079277 54.22287
47 2304.541 0.1176916 54.70387
48 2391.215 0.1252833 56.76129
49 2474.449 0.1333486 58.73706
50 2521.895 0.1438577 59.8633
51 2656.048 0.1509402 63.04774
52 2773.425 0.1593373 65.83397
53 2869.508 0.1729617 68.11473
54 2962.084 0.1857486 70.31226
Hawaii
1 652.9372 0.05802326 1.515984
2 824.7259 0.05269159 1.914842
3 964.5249 0.04993218 2.239426
4 1097.057 0.04810997 2.547139
5 1223.531 0.04681839 2.840784
6 1343.565 0.04588211 3.119477
7 1457.5 0.04518212 3.384012
8 1565.65 0.04464653 3.635114
9 1668.239 0.04423111 3.873305
10 1765.622 0.04390306 4.099407
11 1857.936 0.04364368 4.313741
12 1992.907 0.04291103 4.627116
13 2158.9 0.04200877 5.012517
14 2352.322 0.04108707 5.461603
15 2570.262 0.04023527 5.967612
16 2809.42 0.03950528 6.522888
17 3067.962 0.03889846 7.123168
18 3341.684 0.03842924 7.758695
19 3627.106 0.03809035 8.421384
20 3925.562 0.03782546 9.114337
21 4236.229 0.03761073 9.835642
22 4565.509 0.03745388 10.60016
23 4920.653 0.03734858 11.42473
24 5306.073 0.03730856 12.3196
25 5730.011 0.03731729 13.30389
26 6190.601 0.03741535 14.37329
27 6691.762 0.03759404 15.53688
28 7230.808 0.03787037 16.78843
29 7811.039 0.03822031 18.13561
30 8428.346 0.03864805 19.56886
31 9081.418 0.03914115 21.08516
32 9818.477 0.04071899 22.79646
33 11032.77 0.04339452 25.6158
34 12394.75 0.04349523 28.77804
35 12818.65 0.03600498 29.76223
36 14075.77 0.02932902 32.68101
37 14662.5 0.03362128 34.04327
38 16219.97 0.04314278 37.6594
39 16344.66 0.04791687 37.9489
40 17986.82 0.04571602 41.76165
41 18007.95 0.04332244 41.81072
42 20058.09 0.04149505 46.57072
43 20482.72 0.0399035 47.55661
44 22167.78 0.04019692 51.46897
45 21767.77 0.05533008 50.54024
46 19870.46 0.04157412 46.13508
47 19214.35 0.04494207 44.61173
48 17442.27 0.04863499 40.49732
49 16388.96 0.04516235 38.05176
50 16518.16 0.04164744 38.35172
51 17810.3 0.03914032 41.3518
52 16378.74 0.04678947 38.02802
53 17430.8 0.2034971 40.47069
54 18500.41 0.2678786 42.95411
Mexico
1 336.9378 0.0669136 1.098543
2 422.3607 0.06265121 1.377053
3 493.0698 0.0602878 1.607591
4 559.8173 0.05877933 1.825213
5 623.6749 0.05770495 2.033413
6 683.6739 0.05698832 2.229032
7 740.3345 0.05648657 2.413766
8 793.8014 0.05613666 2.588088
9 844.3592 0.05588811 2.752926
10 892.0491 0.05572161 2.908412
11 936.9003 0.05562302 3.054644
12 1002.988 0.0550828 3.270115
13 1084.366 0.05437506 3.535437
14 1179.289 0.05362674 3.844923
15 1286.174 0.05291929 4.193406
16 1403.671 0.05228914 4.576491
17 1530.208 0.05175922 4.98905
18 1664.339 0.05132967 5.426365
19 1804.705 0.05099265 5.884012
20 1950.408 0.05073036 6.359058
21 2101.009 0.0505174 6.850074
22 2261.47 0.05031938 7.373235
23 2433.672 0.0501614 7.934676
24 2620.839 0.05003028 8.544913
25 2825.518 0.049926 9.212242
26 3048.929 0.04985791 9.940644
27 3291.761 0.049837 10.73237
28 3554.569 0.04986188 11.58922
29 3830.472 0.05002352 12.48877
30 4123.495 0.05024046 13.44413
31 4433.541 0.0505004 14.455
32 4825.937 0.05329933 15.73435
33 5386.581 0.05115859 17.56226
34 6038.444 0.05090706 19.68758
35 6592.859 0.05215077 21.49518
36 7111.597 0.04369545 23.18646
37 7728.671 0.04533947 25.19835
38 8145.281 0.0689021 26.55665
39 8422.725 0.07813411 27.46122
40 8986.829 0.07566051 29.30041
41 8765.571 0.06810582 28.57903
42 9630.091 0.06385049 31.39769
43 10192.79 0.06511223 33.23229
44 10716.73 0.06034011 34.94052
45 11499.12 0.05804661 37.4914
46 12103.51 0.05882228 39.46197
47 11990.86 0.06354974 39.09468
48 11889.49 0.06282486 38.76416
49 11920.27 0.05626119 38.86454
50 11549.84 0.05438424 37.65678
51 12415.18 0.05313048 40.47812
52 13263.19 0.05196252 43.24294
53 13606.38 0.1667873 44.36185
54 14274.13 0.2183518 46.53899
Central_Am
1 51.74712 0.08333893 0.4315499
2 63.10375 0.0807202 0.5262596
3 73.28368 0.07923182 0.6111561
4 82.8379 0.07833417 0.6908343
5 91.69989 0.07786592 0.7647397
6 99.73036 0.07763099 0.8317106
7 107.1794 0.07752069 0.8938325
8 114.0645 0.07750143 0.9512516
9 120.4264 0.07754162 1.004307
10 126.1853 0.07769056 1.052334
11 131.466 0.0778706 1.096373
12 139.5884 0.07772819 1.16411
13 149.6983 0.07745308 1.248423
14 161.4315 0.07718372 1.346273
15 174.6459 0.07692422 1.456476
16 189.3047 0.07670182 1.578724
17 204.8993 0.07657757 1.708777
18 221.3499 0.07650839 1.845968
19 238.4808 0.07649203 1.988832
20 256.011 0.07655197 2.135027
21 274.1596 0.07664295 2.286379
22 293.6645 0.0767436 2.449043
23 314.0935 0.07689101 2.619412
24 336.2628 0.07705684 2.804294
25 360.4776 0.07727061 3.006236
26 387.0782 0.07751691 3.228075
27 415.8743 0.07782727 3.468222
28 447.2287 0.07818353 3.729705
29 480.9354 0.07860455 4.010805
30 516.8182 0.07908176 4.310053
31 554.6035 0.07963227 4.625168
32 565.805 0.1021537 4.718583
33 619.8729 0.08698414 5.169488
34 697.9952 0.08553365 5.820995
35 782.0573 0.08498795 6.522039
36 878.1431 0.08536619 7.323356
37 954.7464 0.1028801 7.962196
38 898.0749 0.1025265 7.489579
39 979.7851 0.1018761 8.171009
40 1018.961 0.09965344 8.497722
41 1096.763 0.09760556 9.146554
42 1166.639 0.09708335 9.729296
43 1177.546 0.09273232 9.820256
44 1271.85 0.07944637 10.60671
45 1428.384 0.08031485 11.91214
46 1586.13 0.08045911 13.22768
47 1704.121 0.08053198 14.21167
48 1848.076 0.08023369 15.4122
49 2045.668 0.08118312 17.06003
50 2232.749 0.08317671 18.62022
51 2330.643 0.08721284 19.43661
52 2551.924 0.08722335 21.282
53 2490.161 0.1013749 20.76693
54 2594.436 0.1015858 21.63654

Feeding stock abundance: Estimate SD_log Estimate/K
RUS+WAL
1 94.07113 0.1055044 1.641342
2 119.7796 0.101442 2.0899
3 135.9512 0.1026166 2.37206
4 154.4155 0.1014896 2.694223
5 171.8195 0.100723 2.997886
6 188.3036 0.1001516 3.285499
7 203.8372 0.09974079 3.556527
8 218.4671 0.09944695 3.811788
9 232.2302 0.09924181 4.051925
10 245.1647 0.09910712 4.277604
11 257.2211 0.09905635 4.487963
12 275.0845 0.09857809 4.799642
13 297.1196 0.09791439 5.184107
14 322.7396 0.09717429 5.631121
15 351.5562 0.09639872 6.13391
16 383.0588 0.09564223 6.683565
17 416.9297 0.09490659 7.27454
18 452.7144 0.09421434 7.898906
19 490.0748 0.0935673 8.550766
20 528.6936 0.09296454 9.224583
21 568.2008 0.09241605 9.913901
22 610.0264 0.09186333 10.64367
23 654.9526 0.09130634 11.42753
24 703.6456 0.09074625 12.27712
25 756.5955 0.09019341 13.20099
26 814.1318 0.0896647 14.20487
27 876.4391 0.08918165 15.29201
28 943.2256 0.08876169 16.45729
29 1014.653 0.08844478 17.70354
30 1090.547 0.08825876 19.02773
31 1170.568 0.08823808 20.42393
32 1254.886 0.08840058 21.8951
33 1343.577 0.08879147 23.44257
34 1437.005 0.08944567 25.07269
35 1535.305 0.09040842 26.78782
36 1638.639 0.09173877 28.59077
37 1747.422 0.09348357 30.48881
38 1861.498 0.09569217 32.47919
39 1980.873 0.09841592 34.56204
40 2105.24 0.1016946 36.73198
41 2234.009 0.1055792 38.97872
42 2367.141 0.1100576 41.3016
43 2504.223 0.1151454 43.69339
44 2634.926 0.121217 45.97387
45 2792.855 0.1269183 48.72941
46 2893.744 0.1355188 50.4897
47 3048.073 0.1424423 53.18242
48 3204.047 0.1499736 55.90383
49 3357.706 0.1582036 58.58485
50 3522.29 0.1664968 61.45649
51 3665.759 0.1761421 63.95973
52 3807.339 0.1860955 66.42999
53 3946.643 0.1963271 68.86055
54 4081.231 0.2067516 71.20883
EAL+BER
1 348.4431 0.1033651 1.279401
2 444.5147 0.1000138 1.632153
3 521.3625 0.09842127 1.91432
4 594.5417 0.09738609 2.183017
5 664.2195 0.0966739 2.438858
6 730.6032 0.09615899 2.682603
7 793.8366 0.09577337 2.914781
8 854.1172 0.09547361 3.136117
9 911.5359 0.09523751 3.346945
10 966.0225 0.09506823 3.547007
11 1017.875 0.09493422 3.737397
12 1093.377 0.09451461 4.014624
13 1186.189 0.09398697 4.355407
14 1294.449 0.09342875 4.75291
15 1416.404 0.0928903 5.2007
16 1550.479 0.0923941 5.692992
17 1695.182 0.09194765 6.224307
18 1849.041 0.09155082 6.789242
19 2010.694 0.09120103 7.382796
20 2179.167 0.09087914 8.001388
21 2353.053 0.09059051 8.639857
22 2538.146 0.090309 9.319475
23 2738.078 0.09003423 10.05358
24 2955.919 0.08976445 10.85344
25 3193.848 0.08950712 11.72706
26 3453.59 0.08926471 12.68077
27 3736.175 0.08904218 13.71836
28 4038.692 0.08887977 14.82913
29 4362.261 0.08877995 16.0172
30 4708.418 0.08869763 17.2882
31 5077.299 0.08861768 18.64264
32 5746.519 0.08828024 21.09986
33 6478.293 0.0877593 23.78677
34 7280.404 0.08740224 26.73193
35 8121.087 0.08754263 29.81872
36 8528.032 0.06225558 31.31292
37 9517.348 0.06216653 34.94546
38 10280.63 0.1140485 37.74804
39 10522.47 0.1337317 38.63602
40 11183.6 0.1303774 41.06356
41 10183.21 0.1213784 37.39034
42 11332.77 0.1116174 41.61126
43 12544.24 0.1090867 46.05951
44 12835.09 0.1013567 47.12743
45 14214.26 0.0937187 52.19143
46 15635.99 0.08977518 57.41167
47 15027.52 0.1010731 55.1775
48 14652.7 0.1014349 53.80128
49 14100.33 0.09335725 51.77308
50 12149.27 0.1012052 44.60927
51 13462.75 0.09424519 49.43207
52 15070.4 0.09158538 55.33496
53 15888.7 0.3089507 58.33957
54 16722.79 0.4059773 61.40214
GOA
1 128.26 0.08105558 1.328256
2 164.2981 0.07671642 1.701466
3 193.027 0.07469311 1.998982
4 220.4506 0.07336725 2.28298
5 246.6236 0.07244239 2.554026
6 271.5146 0.07179044 2.811796
7 295.2684 0.07129757 3.05779
8 317.9486 0.07091322 3.292666
9 339.5934 0.07060644 3.516819
10 360.2492 0.07035666 3.73073
11 379.96 0.07014989 3.934854
12 408.4175 0.06967388 4.229559
13 443.262 0.06911929 4.590408
14 483.8988 0.06856117 5.011241
15 529.5763 0.06806799 5.484276
16 579.7953 0.06765034 6.004343
17 633.7915 0.06733426 6.563525
18 691.2086 0.06709043 7.158135
19 751.4663 0.06691706 7.782162
20 814.1887 0.06679298 8.431713
21 878.9504 0.06670781 9.102384
22 947.7773 0.0666547 9.815153
23 1022.153 0.06662696 10.58539
24 1103.079 0.0666362 11.42345
25 1191.484 0.06668267 12.33898
26 1287.963 0.06677211 13.33811
27 1392.782 0.06691266 14.42361
28 1505.213 0.06710879 15.58794
29 1625.997 0.06735292 16.83878
30 1755.011 0.0676369 18.17484
31 1891.8 0.06795997 19.59142
32 2000.64 0.06779991 20.71857
33 2248.074 0.06987249 23.28098
34 2528.313 0.06969346 26.18313
35 2507.136 0.06470024 25.96383
36 2816.559 0.06246155 29.1682
37 2820.247 0.06995695 29.20639
38 3159.252 0.06968864 32.71712
39 3131.784 0.06852739 32.43266
40 3512.542 0.06693184 36.37577
41 3654.146 0.07174129 37.84223
42 4084.821 0.07155172 42.30228
43 3982.221 0.06782761 41.23976
44 4425.636 0.07242297 45.83175
45 4041.619 0.1043276 41.85488
46 3188.97 0.07472755 33.02487
47 3105.965 0.07645974 32.16528
48 2590.685 0.08009541 26.82905
49 2310.083 0.09039248 23.92315
50 2639.209 0.08179017 27.33157
51 2795.058 0.07539323 28.94554
52 2031.455 0.1433402 21.03768
53 2199.743 0.3727339 22.78047
54 2364.422 0.4744624 24.48588
SEA+NBC
1 372.9271 0.0683939 1.456225
2 474.1969 0.06396897 1.851668
3 553.5843 0.06207489 2.161664
4 628.4955 0.06092936 2.454181
5 699.1892 0.06021286 2.73023
6 765.9444 0.05975772 2.990899
7 828.97 0.05947292 3.237005
8 888.3637 0.05931158 3.468928
9 944.3894 0.05923328 3.6877
10 997.2123 0.05921651 3.893966
11 1046.887 0.05925248 4.087937
12 1120.476 0.0589552 4.375293
13 1211.14 0.05855154 4.729321
14 1317.054 0.05813358 5.1429
15 1436.172 0.05777202 5.608038
16 1567.576 0.05746507 6.121153
17 1708.239 0.05727311 6.670421
18 1855.523 0.05721917 7.245543
19 2011.628 0.05717801 7.855109
20 2176.342 0.05712158 8.498292
21 2344.974 0.05713963 9.156776
22 2523.65 0.05720343 9.854479
23 2715.209 0.05733137 10.60249
24 2926.747 0.05744345 11.42851
25 3155.737 0.05764769 12.32268
26 3405.791 0.05791052 13.29911
27 3674.455 0.05829327 14.3482
28 3964.915 0.05874011 15.4824
29 4275.428 0.05928328 16.69491
30 4604.639 0.05992826 17.98043
31 4957.432 0.06059679 19.35803
32 5235.233 0.06409862 20.44281
33 5878.562 0.07015228 22.95491
34 6602.778 0.07072724 25.78287
35 6536.943 0.05443513 25.52579
36 7333.235 0.0519413 28.63519
37 7332.541 0.0617 28.63248
38 8222.147 0.06170718 32.10626
39 8149.476 0.060492 31.82249
40 9136.012 0.05864854 35.67477
41 9471.816 0.06302962 36.98603
42 10583.46 0.06330116 41.32685
43 10342.46 0.05728904 40.38576
44 11485.74 0.06262389 44.85011
45 10489.03 0.09611315 40.95811
46 8264.596 0.0614268 32.27202
47 8033.154 0.06137024 31.36827
48 6695.863 0.06554468 26.14635
49 5958.356 0.07700779 23.26649
50 6800.855 0.06619766 26.55633
51 7186.827 0.05761752 28.06349
52 5214.935 0.1400741 20.36355
53 5630.145 0.3733408 21.98488
54 6041.62 0.4764448 23.59163
SBC+WA
1 29.80229 0.08242037 1.030946
2 38.09148 0.07618146 1.317692
3 44.6576 0.07309309 1.544833
4 50.90276 0.07098027 1.760871
5 56.84853 0.06945158 1.966552
6 62.51208 0.06829886 2.16247
7 67.80738 0.06750114 2.34565
8 72.8434 0.06687645 2.51986
9 77.62217 0.06638353 2.685171
10 82.16349 0.06598579 2.842268
11 86.47891 0.06566129 2.991551
12 92.71296 0.06476771 3.207204
13 100.4049 0.06358986 3.473291
14 109.4044 0.06229261 3.784608
15 119.4626 0.06104383 4.132551
16 130.5305 0.05985894 4.515418
17 142.4896 0.05877005 4.929119
18 155.1202 0.05782672 5.366048
19 168.4013 0.05698901 5.825479
20 182.138 0.05627838 6.300669
21 196.2326 0.05567943 6.788242
22 211.2554 0.05508654 7.307922
23 227.4338 0.05449861 7.867579
24 245.0085 0.05391021 8.475538
25 264.1794 0.05332653 9.138715
26 285.0772 0.05276121 9.861628
27 307.8013 0.05222762 10.64772
28 332.5664 0.05167573 11.50442
29 359.0128 0.05121174 12.41927
30 386.8892 0.05086315 13.38359
31 416.813 0.05053893 14.41874
32 471.5159 0.04941207 16.31107
33 532.28 0.04879484 18.41307
34 599.1787 0.04840777 20.72729
35 672.6707 0.04813559 23.26959
36 749.9949 0.04818346 25.94445
37 835.4049 0.04835245 28.89902
38 934.2237 0.04838941 32.31745
39 1028.876 0.04929114 35.59173
40 1142.477 0.05009456 39.52152
41 1258.259 0.0520848 43.52675
42 1379.167 0.05466801 47.70929
43 1519.572 0.0572207 52.56631
44 1664.035 0.06295783 57.56367
45 1724.337 0.1372135 59.64969
46 1771.099 0.1500643 61.26732
47 1608.211 0.1405325 55.63259
48 1673.296 0.08200987 57.88406
49 1811.293 0.07066457 62.65777
50 1964.579 0.06423201 67.96036
51 2105.545 0.06197898 72.83676
52 2261.807 0.06101067 78.24233
53 2405.757 0.06939147 83.22194
54 2479.608 0.1061375 85.77667
OR+CA
1 125.7001 0.05170208 0.6678058
2 159.4095 0.0449969 0.8468932
3 185.4757 0.04177259 0.9853752
4 209.8534 0.03963015 1.114887
5 232.0113 0.03824835 1.232605
6 252.5668 0.03728869 1.34181
7 271.6019 0.03661857 1.442937
8 289.2148 0.03615463 1.536509
9 305.3596 0.03585663 1.622282
10 320.1861 0.03567838 1.70105
11 333.5538 0.03561696 1.772068
12 354.2959 0.03488118 1.882265
13 380.0633 0.03387378 2.019159
14 410.2498 0.03277703 2.179531
15 444.7098 0.03168894 2.362606
16 482.2567 0.03073738 2.562081
17 522.4594 0.02995116 2.775665
18 564.8287 0.02933762 3.00076
19 608.7707 0.02889603 3.234211
20 654.6568 0.02857388 3.47799
21 702.3094 0.02835036 3.731153
22 751.3424 0.02826045 3.991651
23 803.9779 0.02825355 4.271287
24 861.4082 0.02833339 4.576396
25 924.5287 0.02851705 4.911736
26 993.1891 0.02884685 5.276507
27 1068.312 0.02932074 5.67561
28 1148.184 0.02996674 6.099947
29 1233.637 0.03078538 6.553931
30 1324.276 0.03177051 7.035469
31 1423.326 0.03282521 7.561693
32 1434.86 0.07967057 7.622971
33 1567.864 0.05382059 8.329578
34 1765.415 0.05043778 9.379103
35 1979.846 0.04908867 10.51831
36 2221.237 0.04922643 11.80075
37 2408.805 0.08476375 12.79724
38 2220.314 0.08161928 11.79584
39 2426.203 0.07954855 12.88967
40 2502.59 0.07656948 13.29549
41 2667.569 0.07388345 14.17197
42 2836.244 0.07309475 15.06809
43 2825.771 0.06655256 15.01245
44 3050.82 0.03802695 16.20806
45 3431.547 0.03364402 18.23075
46 3801.988 0.032719 20.19879
47 4141.356 0.03345989 22.00175
48 4613.751 0.03411677 24.51144
49 5067.791 0.03648989 26.92361
50 5601.333 0.04093253 29.75816
51 5844.025 0.05824023 31.0475
52 6385.238 0.05787914 33.9228
53 6173.258 0.07707671 32.79661
54 6428.995 0.07633758 34.15527

Parameters: Estimate  Std. Error      z value    Pr(>|z^2|)
rval 0.09111019 0.00195269 46.65874983 0
logK 8.34587253 0.61655649 13.53626581 0
logK 10.67058624 0.24486993 43.57654797 0
logK 10.33108395 0.45130527 22.89156497 0
logK 9.3919111 0.67538908 13.90592686 0
logBK 4.0074319 0.66505831 6.02568502 0
logBK 4.22335232 0.2518076 16.77214011 0
logBK 4.54945827 0.47196934 9.63930887 0
logBK 5.49021408 0.68874413 7.97134065 0
MixPars -1.78252739 0.29680377 -6.00574368 0
MixPars -3.22140832 0.20355008 -15.82612182 0
MixPars -0.72022903 0.13412985 -5.36964027 8e-08
MixPars -1.35463828 0.09182154 -14.75294689 0
MixPars -3.18814212 0.10393161 -30.67538431 0
MixPars -2.54900822 0.24979718 -10.20431137 0
MixPars -1.44556057 0.16927828 -8.53955122 0
MixPars -2.01492699 0.28354402 -7.10622286 0
MixPars -2.67900049 0.14858142 -18.03052148 0
MixPars -0.67540673 0.11754023 -5.74617497 1e-08
MixPars -2.53814348 0.18595686 -13.64909835 0
AddV 0.01899471 0.0144465 1.31483136 0.18856659
AddV 0.00677777 0.00226943 2.98654681 0.00282148
AddV 0.03193496 0.02003018 1.59434203 0.11085945
SFdev -0.404385 0.54105688 -0.74739832 0.45482316
SFdev -0.40817886 0.53916625 -0.75705566 0.44901652
SFdev -0.41694646 0.53426747 -0.78040773 0.43515092
SFdev -0.31490562 0.57899043 -0.54388743 0.58651894
SFdev 0.03905561 0.260933 0.14967678 0.88101963
SFdev -0.38292639 0.54949546 -0.69686907 0.48588474
SFdev -0.0743607 0.52829888 -0.14075498 0.88806351
SFdev 0.09183221 0.31704135 0.28965373 0.77208116
SFdev -0.00737519 0.4837941 -0.01524448 0.98783713
SFdev 0.26104333 0.14309267 1.82429558 0.0681074
SFdev -0.21979993 0.626998 -0.35055922 0.72591905
SFdev -0.21237442 0.61492345 -0.34536724 0.7298183
SFdev 0.09562269 0.23056005 0.41474091 0.67833158
SFdev -0.29865234 0.58603143 -0.50961829 0.61031891
SFdev -0.29631221 0.5816593 -0.50942573 0.61045384
SFdev 0.18130541 0.14207642 1.27611194 0.20191595
SFdev 0.1646483 0.16479706 0.99909729 0.31774756
SFdev 0.18925554 0.13462292 1.40581954 0.15977772
SFdev 0.30415156 0.07668726 3.966129 7.305e-05
SFdev -0.16427436 0.53485157 -0.3071401 0.75873674
SFdev -0.4301806 0.52867355 -0.81369799 0.41581798
SFdev -0.00028975 0.99924982 -0.00028996 0.99976864
SFdev -3.96e-05 0.99989684 -3.961e-05 0.9999684
SFdev 0 1 0 1
SFdev 0.05126271 0.09954616 0.51496425 0.606578
SFdev -0.27405301 0.55454344 -0.49419576 0.62116793
SFdev -0.35889111 0.54882614 -0.65392496 0.51316015
SFdev 0.16466033 0.08225428 2.00184505 0.0453014
SFdev -0.35900205 0.5336757 -0.67269702 0.50114006
SFdev 0.14750422 0.08270699 1.7834554 0.0745122
SFdev -0.35734169 0.54002403 -0.66171441 0.50815427
SFdev 0.16018185 0.0716165 2.23666127 0.02530849
SFdev -0.39558729 0.50117915 -0.78931315 0.429929
SFdev 0.06375568 0.08874444 0.71841892 0.47249902
SFdev -0.39538809 0.52573243 -0.75207096 0.45200839
SFdev 0.17786467 0.04657567 3.81883243 0.00013408
SFdev -0.32709558 0.54431212 -0.60093386 0.54788404
SFdev 0.25366131 0.08663662 2.92787633 0.00341286
SFdev 0.37073592 0.04951476 7.48738189 0
SFdev 0.19206343 0.04499515 4.26853677 1.968e-05
SFdev 0.34282104 0.02993055 11.45388494 0
SFdev 0.29229066 0.05499275 5.31507635 1.1e-07
SFdev -0.29850255 0.56936746 -0.52427047 0.60009043
SFdev 0.06982243 0.07882905 0.88574491 0.375755
SFdev 0.42889443 0.06510279 6.58795729 0
SFdev -4.704e-05 0.9998908 -4.704e-05 0.99996247
SFdev -5.88e-06 0.99998589 -5.88e-06 0.99999531
SFdev 0 1 0 1
SFdev -0.40804371 0.53946058 -0.75639208 0.44941415
SFdev -0.4587418 0.51869123 -0.88442175 0.37646859
SFdev -0.48935205 0.50682171 -0.96553097 0.33427893
SFdev -0.5031191 0.50168378 -1.00286101 0.31592793
SFdev -0.50429208 0.50140063 -1.00576674 0.31452779
SFdev -0.5075924 0.49945902 -1.01628438 0.30949398
SFdev -0.52646868 0.49324563 -1.06735601 0.28581111
SFdev -0.50102523 0.50194779 -0.99816204 0.31820079
SFdev -0.4459378 0.52203584 -0.85422833 0.39297849
SFdev -0.39296325 0.54286817 -0.72386496 0.46914864
SFdev -0.38472578 0.54732145 -0.70292472 0.48210266
SFdev -0.38079755 0.55056696 -0.69164621 0.48915953
SFdev -0.32149852 0.58081377 -0.55353116 0.57989975
SFdev 0.01068137 0.46915232 0.02276737 0.98183583
SFdev 0.03655292 0.51272788 0.07129107 0.94316611
SFdev 0.24471735 0.20944233 1.16842355 0.24263596
SFdev 0.02986221 0.43477339 0.06868455 0.94524072
SFdev -0.2636376 0.60618194 -0.43491497 0.66362415
SFdev -0.22487775 0.5994817 -0.37512029 0.70757101
SFdev -0.24953327 0.59182281 -0.4216351 0.67329138
SFdev -0.31222455 0.5773975 -0.54074454 0.58868367
SFdev -0.23009963 0.60832949 -0.37824836 0.7052461
SFdev -0.07919526 0.58223492 -0.13601943 0.89180592
SFdev 0 1 0 1
SFdev 0.14178058 0.14028012 1.01069611 0.3121619
SFdev -0.06823405 0.4109136 -0.16605448 0.86811407
SFdev -0.35649128 0.55556925 -0.64166848 0.52108846
SFdev -0.30544018 0.56621463 -0.5394424 0.58958163
SFdev -0.38909641 0.54267975 -0.71699083 0.47337975
SFdev -0.06336347 0.42845036 -0.14788986 0.88242969
SFdev 0.25324987 0.11433871 2.2149092 0.0267663
SFdev -0.06812174 0.40569317 -0.16791444 0.86665059
SFdev 0.10395916 0.1878562 0.55339753 0.57999123
SFdev 0.00131649 0.27916914 0.00471574 0.9962374
SFdev 0.03257632 0.23959317 0.13596516 0.89184882
SFdev 0.16771324 0.12575244 1.3336778 0.18230947
SFdev 0.00563174 0.2265322 0.02486066 0.9801661
SFdev -0.39238967 0.53274208 -0.73654717 0.46139777
SFdev -0.57022236 0.47597156 -1.19801773 0.23091012
SFdev -0.63017079 0.45848839 -1.37445312 0.16930106
SFdev -0.58755414 0.47090582 -1.24771049 0.2121371
SFdev -0.54361629 0.48454517 -1.12191045 0.26190052
SFdev -0.40940052 0.53109915 -0.77085516 0.44079279
SFdev 0.03411652 0.19515571 0.1748169 0.86122351
SFdev -0.26358815 0.57181672 -0.46096615 0.64482289
SFdev 0.17662399 0.13342701 1.32374987 0.18558613
SFdev 0.03958239 0.27497536 0.14394888 0.88554084
SFdev 0 1 0 1

Mixing matrix
0.85600867 0.14399133 0 0 0 0 ,# Asia
0.02185245 0.26653146 0.14132795 0.54769652 0.02259162 0 ,# Hawaii
0.03860313 0.49390415 0.11637071 0.06585231 0.03389749 0.25137221 ,# Mexico
0 0 0 0 0.07322707 0.92677293 ,# Central_Am

Split of breeding stock to feeding grounds over time
Split for: Asia
Year RUS+WAL EAL+BER GOA SEA+NBC SBC+WA OR+CA
1970 0.85696 0.14304 0 0 0 0
1971 0.85718 0.14282 0 0 0 0
1972 0.85373 0.14627 0 0 0 0
1973 0.85387 0.14613 0 0 0 0
1974 0.85398 0.14602 0 0 0 0
1975 0.85408 0.14592 0 0 0 0
1976 0.85416 0.14584 0 0 0 0
1977 0.85422 0.14578 0 0 0 0
1978 0.85428 0.14572 0 0 0 0
1979 0.85437 0.14563 0 0 0 0
1980 0.85445 0.14555 0 0 0 0
1981 0.8545 0.1455 0 0 0 0
1982 0.85453 0.14547 0 0 0 0
1983 0.85455 0.14545 0 0 0 0
1984 0.85456 0.14544 0 0 0 0
1985 0.85456 0.14544 0 0 0 0
1986 0.85455 0.14545 0 0 0 0
1987 0.85452 0.14548 0 0 0 0
1988 0.8545 0.1455 0 0 0 0
1989 0.85445 0.14555 0 0 0 0
1990 0.85441 0.14559 0 0 0 0
1991 0.85436 0.14564 0 0 0 0
1992 0.8543 0.1457 0 0 0 0
1993 0.85424 0.14576 0 0 0 0
1994 0.85417 0.14583 0 0 0 0
1995 0.85409 0.14591 0 0 0 0
1996 0.85401 0.14599 0 0 0 0
1997 0.85392 0.14608 0 0 0 0
1998 0.85387 0.14613 0 0 0 0
1999 0.85379 0.14621 0 0 0 0
2000 0.85367 0.14633 0 0 0 0
2001 0.84473 0.15527 0 0 0 0
2002 0.83632 0.16368 0 0 0 0
2003 0.82835 0.17165 0 0 0 0
2004 0.82611 0.17389 0 0 0 0
2005 0.83414 0.16586 0 0 0 0
2006 0.82972 0.17028 0 0 0 0
2007 0.83115 0.16885 0 0 0 0
2008 0.83695 0.16305 0 0 0 0
2009 0.84182 0.15818 0 0 0 0
2010 0.86411 0.13589 0 0 0 0
2011 0.85031 0.14969 0 0 0 0
2012 0.84103 0.15897 0 0 0 0
2013 0.83775 0.16225 0 0 0 0
2014 0.83598 0.16402 0 0 0 0
2015 0.83234 0.16766 0 0 0 0
2016 0.84665 0.15335 0 0 0 0
2017 0.86435 0.13565 0 0 0 0
2018 0.87901 0.12099 0 0 0 0
2019 0.89456 0.10544 0 0 0 0
2020 0.87799 0.12201 0 0 0 0
2021 0.85926 0.14074 0 0 0 0
2022 0.84902 0.15098 0 0 0 0
2023 0.85406 0.14594 0 0 0 0
2024 0.85893 0.14107 0 0 0 0
Split for: Hawaii
Year RUS+WAL EAL+BER GOA SEA+NBC SBC+WA OR+CA
1970 0.02219 0.26858 0.14013 0.54623 0.02287 0
1971 0.02229 0.26924 0.14091 0.54458 0.02299 0
1972 0.02175 0.27025 0.14158 0.54335 0.02307 0
1973 0.02184 0.27105 0.14211 0.54187 0.02313 0
1974 0.02192 0.27181 0.14261 0.54047 0.02319 0
1975 0.022 0.27256 0.14304 0.53916 0.02325 0
1976 0.02208 0.2733 0.14346 0.53788 0.02328 0
1977 0.02215 0.27405 0.14388 0.53662 0.02331 0
1978 0.02222 0.27478 0.14429 0.53538 0.02334 0
1979 0.02229 0.27546 0.14469 0.53418 0.02337 0
1980 0.02236 0.27615 0.1451 0.53298 0.02341 0
1981 0.02242 0.27685 0.14547 0.53182 0.02343 0
1982 0.02249 0.27756 0.14582 0.53068 0.02346 0
1983 0.02255 0.27825 0.14614 0.52957 0.02348 0
1984 0.0226 0.27895 0.14644 0.52851 0.0235 0
1985 0.02265 0.27955 0.14669 0.52759 0.02351 0
1986 0.0227 0.28022 0.14693 0.52661 0.02354 0
1987 0.02276 0.28102 0.14724 0.52541 0.02357 0
1988 0.02281 0.28164 0.14745 0.52451 0.02359 0
1989 0.02284 0.28208 0.14755 0.52394 0.02359 0
1990 0.02287 0.28258 0.14769 0.52327 0.02359 0
1991 0.0229 0.28309 0.14782 0.52258 0.0236 0
1992 0.02294 0.28366 0.14799 0.52179 0.02361 0
1993 0.02296 0.28407 0.14807 0.52129 0.02361 0
1994 0.02299 0.28456 0.14819 0.52065 0.02362 0
1995 0.02301 0.28502 0.14829 0.52005 0.02363 0
1996 0.02304 0.28561 0.14845 0.51926 0.02365 0
1997 0.02307 0.28615 0.14856 0.51853 0.0237 0
1998 0.0231 0.28666 0.1487 0.5178 0.02374 0
1999 0.02313 0.28725 0.14887 0.51697 0.02378 0
2000 0.02315 0.28777 0.14894 0.51632 0.02382 0
2001 0.02301 0.30668 0.14459 0.50032 0.02539 0
2002 0.02167 0.30752 0.1448 0.50047 0.02555 0
2003 0.02045 0.30724 0.1453 0.50138 0.02563 0
2004 0.02155 0.3289 0.13991 0.48187 0.02776 0
2005 0.02149 0.30978 0.14427 0.49601 0.02846 0
2006 0.02278 0.33894 0.13698 0.47027 0.03103 0
2007 0.02128 0.31353 0.14321 0.49199 0.02999 0
2008 0.02348 0.33172 0.13781 0.47328 0.03371 0
2009 0.02212 0.30144 0.14528 0.49849 0.03266 0
2010 0.02449 0.2793 0.14919 0.51001 0.037 0
2011 0.02201 0.281 0.15013 0.51288 0.03398 0
2012 0.02365 0.32409 0.13889 0.47576 0.03761 0
2013 0.02222 0.31205 0.14237 0.48718 0.03618 0
2014 0.02507 0.35665 0.13105 0.44859 0.03862 2e-05
2015 0.02857 0.41722 0.11616 0.39665 0.04141 0
2016 0.03214 0.42213 0.11532 0.39224 0.03817 0
2017 0.03681 0.41885 0.11358 0.3857 0.04505 0
2018 0.04019 0.40112 0.1151 0.38943 0.05417 0
2019 0.03902 0.33346 0.12978 0.43808 0.05967 0
2020 0.03494 0.35207 0.12777 0.4301 0.05512 0
2021 0.03836 0.45555 0.10235 0.34385 0.05989 0
2022 0.03752 0.48379 0.09693 0.32458 0.05717 0
2023 0.03754 0.46511 0.1023 0.34191 0.05314 0
2024 0.03627 0.43187 0.11169 0.37353 0.04664 0
Split for: Mexico
Year RUS+WAL EAL+BER GOA SEA+NBC SBC+WA OR+CA
1970 0.03939 0.50012 0.11595 0.06599 0.03447 0.24408
1971 0.03947 0.50022 0.11633 0.06565 0.03458 0.24375
1972 0.0385 0.50168 0.11678 0.06544 0.03467 0.24292
1973 0.0386 0.50253 0.11707 0.06518 0.03472 0.24189
1974 0.03873 0.50371 0.11743 0.06499 0.03479 0.24035
1975 0.03885 0.50489 0.11774 0.0648 0.03487 0.23886
1976 0.03897 0.50607 0.11804 0.06462 0.0349 0.23741
1977 0.03908 0.50726 0.11834 0.06445 0.03493 0.23595
1978 0.03919 0.50847 0.11864 0.06428 0.03497 0.23445
1979 0.03931 0.50964 0.11895 0.06413 0.03502 0.23296
1980 0.03943 0.51091 0.11929 0.06398 0.03507 0.23132
1981 0.03955 0.51218 0.11959 0.06384 0.0351 0.22975
1982 0.03966 0.51345 0.11986 0.06369 0.03513 0.22821
1983 0.03976 0.51468 0.12011 0.06356 0.03517 0.22672
1984 0.03984 0.51576 0.12031 0.0634 0.03518 0.2255
1985 0.03992 0.5168 0.1205 0.06329 0.0352 0.22429
1986 0.04 0.51784 0.12065 0.06314 0.03522 0.22314
1987 0.04007 0.51888 0.1208 0.06295 0.03524 0.22206
1988 0.04014 0.51985 0.12093 0.06282 0.03526 0.221
1989 0.04019 0.52066 0.12101 0.06275 0.03526 0.22013
1990 0.04022 0.52134 0.12107 0.06264 0.03524 0.21948
1991 0.04027 0.5222 0.12116 0.06255 0.03525 0.21857
1992 0.04032 0.52305 0.12126 0.06243 0.03526 0.21769
1993 0.04036 0.52379 0.12131 0.06237 0.03525 0.21692
1994 0.04039 0.52445 0.12135 0.06226 0.03525 0.21631
1995 0.04041 0.52506 0.12139 0.06216 0.03524 0.21574
1996 0.04042 0.5256 0.12139 0.062 0.03524 0.21534
1997 0.04043 0.52607 0.12136 0.06185 0.03527 0.21502
1998 0.04044 0.52643 0.12134 0.0617 0.03531 0.21478
1999 0.04045 0.52683 0.12132 0.06152 0.03531 0.21457
2000 0.04042 0.52696 0.12119 0.06135 0.03532 0.21477
2001 0.0396 0.5536 0.11598 0.0586 0.03712 0.19511
2002 0.03753 0.55873 0.1169 0.059 0.03759 0.19026
2003 0.03539 0.55784 0.11722 0.05907 0.03769 0.19279
2004 0.03493 0.55923 0.1057 0.05316 0.03822 0.20875
2005 0.03547 0.53647 0.11102 0.05573 0.03991 0.22139
2006 0.03551 0.5543 0.09954 0.0499 0.0411 0.21965
2007 0.03638 0.56219 0.11411 0.05724 0.04354 0.18654
2008 0.03797 0.5627 0.10387 0.05209 0.04631 0.19705
2009 0.03824 0.54653 0.11704 0.05864 0.04795 0.1916
2010 0.04188 0.50094 0.1189 0.05935 0.05374 0.22519
2011 0.03894 0.52143 0.12379 0.06175 0.05105 0.20304
2012 0.03872 0.5567 0.10601 0.05303 0.05231 0.19323
2013 0.03742 0.55121 0.11175 0.05584 0.05175 0.19203
2014 0.03759 0.56091 0.09158 0.04578 0.04918 0.21496
2015 0.03731 0.57158 0.07071 0.03526 0.04594 0.2392
2016 0.04011 0.55259 0.06708 0.03332 0.04046 0.26645
2017 0.04338 0.51783 0.0624 0.03094 0.0451 0.30035
2018 0.04597 0.48132 0.06137 0.03032 0.05263 0.32839
2019 0.04756 0.42638 0.07374 0.03635 0.06178 0.35419
2020 0.04398 0.46486 0.07496 0.03685 0.05892 0.32042
2021 0.04129 0.51433 0.05135 0.02519 0.05475 0.3131
2022 0.04094 0.55367 0.04929 0.0241 0.05298 0.27901
2023 0.0414 0.53803 0.05259 0.02566 0.04977 0.29255
2024 0.04164 0.52022 0.05978 0.02919 0.04549 0.30367
Split for: Central_Am
Year RUS+WAL EAL+BER GOA SEA+NBC SBC+WA OR+CA
1970 0 0 0 0 0.07643 0.92357
1971 0 0 0 0 0.07675 0.92325
1972 0 0 0 0 0.07717 0.92283
1973 0 0 0 0 0.07757 0.92243
1974 0 0 0 0 0.07818 0.92182
1975 0 0 0 0 0.07879 0.92121
1976 0 0 0 0 0.0793 0.9207
1977 0 0 0 0 0.07982 0.92018
1978 0 0 0 0 0.08037 0.91963
1979 0 0 0 0 0.08094 0.91906
1980 0 0 0 0 0.08159 0.91841
1981 0 0 0 0 0.08216 0.91784
1982 0 0 0 0 0.08274 0.91726
1983 0 0 0 0 0.08333 0.91667
1984 0 0 0 0 0.08376 0.91624
1985 0 0 0 0 0.08421 0.91579
1986 0 0 0 0 0.08466 0.91534
1987 0 0 0 0 0.08507 0.91493
1988 0 0 0 0 0.08549 0.91451
1989 0 0 0 0 0.0858 0.9142
1990 0 0 0 0 0.086 0.914
1991 0 0 0 0 0.08634 0.91366
1992 0 0 0 0 0.08667 0.91333
1993 0 0 0 0 0.08695 0.91305
1994 0 0 0 0 0.08716 0.91284
1995 0 0 0 0 0.08735 0.91265
1996 0 0 0 0 0.08749 0.91251
1997 0 0 0 0 0.08769 0.91231
1998 0 0 0 0 0.08785 0.91215
1999 0 0 0 0 0.08793 0.91207
2000 0 0 0 0 0.08788 0.91212
2001 0 0 0 0 0.10029 0.89971
2002 0 0 0 0 0.10375 0.89625
2003 0 0 0 0 0.10277 0.89723
2004 0 0 0 0 0.09689 0.90311
2005 0 0 0 0 0.09554 0.90446
2006 0 0 0 0 0.0988 0.9012
2007 0 0 0 0 0.12031 0.87969
2008 0 0 0 0 0.12103 0.87897
2009 0 0 0 0 0.12789 0.87211
2010 0 0 0 0 0.12267 0.87733
2011 0 0 0 0 0.1284 0.8716
2012 0 0 0 0 0.1369 0.8631
2013 0 0 0 0 0.13637 0.86363
2014 0 0 0 0 0.11822 0.88178
2015 0 0 0 0 0.10114 0.89886
2016 0 0 0 0 0.08171 0.91829
2017 0 0 0 0 0.08087 0.91913
2018 0 0 0 0 0.08585 0.91415
2019 0 0 0 0 0.09273 0.90727
2020 0 0 0 0 0.09727 0.90273
2021 0 0 0 0 0.09293 0.90707
2022 0 0 0 0 0.10012 0.89988
2023 0 0 0 0 0.09065 0.90935
2024 0 0 0 0 0.0807 0.9193

Difference in mortality over time
Difference for: Asia
Year RUS+WAL EAL+BER GOA SEA+NBC SBC+WA OR+CA
1970 0 0 0 0 0 0
1971 0 0 0 0 0 0
1972 0 0 0 0 0 0
1973 0 0 0 0 0 0
1974 0 0 0 0 0 0
1975 0 0 0 0 0 0
1976 0 0 0 0 0 0
1977 0 0 0 0 0 0
1978 0 0 0 0 0 0
1979 0 0 0 0 0 0
1980 0 0 0 0 0 0
1981 0 0 0 0 0 0
1982 0 0 0 0 0 0
1983 0 0 0 0 0 0
1984 0 0 0 0 0 0
1985 0 0 0 0 0 0
1986 0 0 0 0 0 0
1987 0 0 0 0 0 0
1988 0 0 0 0 0 0
1989 0 0 0 0 0 0
1990 0 0 0 0 0 0
1991 0 0 0 0 0 0
1992 0 0 0 0 0 0
1993 0 0 0 0 0 0
1994 0 0 0 0 0 0
1995 0 0 0 0 0 0
1996 0 0 0 0 0 0
1997 0 0 0 0 0 0
1998 0 0 0 0 0 0
1999 0 0 0 0 0 0
2000 0 5 0 0 0 0
2001 0 5 0 0 0 0
2002 0 6 0 0 0 0
2003 0 6 0 0 0 0
2004 0 -2 0 0 0 0
2005 0 8 0 0 0 0
2006 0 3 0 0 0 0
2007 0 -7 0 0 0 0
2008 0 0 0 0 0 0
2009 0 -35 0 0 0 0
2010 0 7 0 0 0 0
2011 0 8 0 0 0 0
2012 0 -9 0 0 0 0
2013 0 10 0 0 0 0
2014 0 11 0 0 0 0
2015 0 -26 0 0 0 0
2016 0 -21 0 0 0 0
2017 0 -25 0 0 0 0
2018 0 -54 0 0 0 0
2019 0 7 0 0 0 0
2020 0 11 0 0 0 0
2021 0 0 0 0 0 0
2022 0 0 0 0 0 0
2023 0 0 0 0 0 0
Difference for: Hawaii
Year RUS+WAL EAL+BER GOA SEA+NBC SBC+WA OR+CA
1970 0 0 0 0 0 0
1971 0 0 0 0 0 0
1972 0 0 0 0 0 0
1973 0 0 0 0 0 0
1974 0 0 0 0 0 0
1975 0 0 0 0 0 0
1976 0 0 0 0 0 0
1977 0 0 0 0 0 0
1978 0 0 0 0 0 0
1979 0 0 0 0 0 0
1980 0 0 0 0 0 0
1981 0 0 0 0 0 0
1982 0 0 0 0 0 0
1983 0 0 0 0 0 0
1984 0 0 0 0 0 0
1985 0 0 0 0 0 0
1986 0 0 0 0 0 0
1987 0 0 0 0 0 0
1988 0 0 0 0 0 0
1989 0 0 0 0 0 0
1990 0 0 0 0 0 0
1991 0 0 0 0 0 0
1992 0 0 0 0 0 0
1993 0 0 0 0 0 0
1994 0 0 0 0 0 0
1995 0 0 0 0 0 0
1996 0 0 0 0 0 0
1997 0 0 0 0 0 0
1998 0 0 0 0 0 0
1999 0 0 0 0 0 0
2000 0 95 -18 -64 8 0
2001 0 108 46 158 9 0
2002 0 122 57 196 10 0
2003 0 127 -110 -379 12 0
2004 0 -42 63 217 13 0
2005 0 158 -104 -359 15 0
2006 0 69 71 244 16 0
2007 0 -146 -132 -453 18 0
2008 0 9 81 279 20 0
2009 0 -733 -44 -152 21 0
2010 0 153 95 324 23 0
2011 0 168 -200 -681 26 0
2012 0 -189 98 335 27 0
2013 0 222 -384 -1308 -2 0
2014 0 245 -695 -2365 -8 0
2015 0 -573 -176 -599 -104 0
2016 0 -478 -462 -1566 -6 0
2017 0 -575 -289 -977 27 0
2018 0 -1226 55 187 28 0
2019 0 158 -37 -126 32 0
2020 0 262 -635 -2133 37 0
2021 0 1 0 0 35 0
2022 0 0 0 0 19 0
2023 0 0 0 0 0 0
Difference for: Mexico
Year RUS+WAL EAL+BER GOA SEA+NBC SBC+WA OR+CA
1970 0 0 0 0 0 0
1971 0 0 0 0 0 0
1972 0 0 0 0 0 0
1973 0 0 0 0 0 0
1974 0 0 0 0 0 0
1975 0 0 0 0 0 0
1976 0 0 0 0 0 0
1977 0 0 0 0 0 0
1978 0 0 0 0 0 0
1979 0 0 0 0 0 0
1980 0 0 0 0 0 0
1981 0 0 0 0 0 0
1982 0 0 0 0 0 0
1983 0 0 0 0 0 0
1984 0 0 0 0 0 0
1985 0 0 0 0 0 0
1986 0 0 0 0 0 0
1987 0 0 0 0 0 0
1988 0 0 0 0 0 0
1989 0 0 0 0 0 0
1990 0 0 0 0 0 0
1991 0 0 0 0 0 0
1992 0 0 0 0 0 0
1993 0 0 0 0 0 0
1994 0 0 0 0 0 0
1995 0 0 0 0 0 0
1996 0 0 0 0 0 0
1997 0 0 0 0 0 0
1998 0 0 0 0 0 0
1999 0 0 0 0 0 0
2000 0 85 -7 -4 6 -45
2001 0 96 18 9 7 12
2002 0 109 22 11 7 36
2003 0 113 -43 -22 8 38
2004 0 -37 25 13 9 46
2005 0 140 -41 -21 11 18
2006 0 61 28 14 12 -187
2007 0 -129 -52 -26 13 19
2008 0 8 32 16 14 -51
2009 0 -645 -17 -9 15 0
2010 0 134 37 18 17 -14
2011 0 147 -78 -39 18 -115
2012 0 -165 38 19 19 -2
2013 0 193 -148 -74 -2 71
2014 0 213 -268 -133 -6 86
2015 0 -496 -68 -34 -73 96
2016 0 -412 -177 -88 -4 104
2017 0 -495 -110 -55 19 115
2018 0 -1052 21 10 19 119
2019 0 135 -14 -7 22 -31
2020 0 223 -241 -118 26 119
2021 0 0 0 0 24 -278
2022 0 0 0 0 13 -41
2023 0 0 0 0 0 0
Difference for: Central_Am
Year RUS+WAL EAL+BER GOA SEA+NBC SBC+WA OR+CA
1970 0 0 0 0 0 0
1971 0 0 0 0 0 0
1972 0 0 0 0 0 0
1973 0 0 0 0 0 0
1974 0 0 0 0 0 0
1975 0 0 0 0 0 0
1976 0 0 0 0 0 0
1977 0 0 0 0 0 0
1978 0 0 0 0 0 0
1979 0 0 0 0 0 0
1980 0 0 0 0 0 0
1981 0 0 0 0 0 0
1982 0 0 0 0 0 0
1983 0 0 0 0 0 0
1984 0 0 0 0 0 0
1985 0 0 0 0 0 0
1986 0 0 0 0 0 0
1987 0 0 0 0 0 0
1988 0 0 0 0 0 0
1989 0 0 0 0 0 0
1990 0 0 0 0 0 0
1991 0 0 0 0 0 0
1992 0 0 0 0 0 0
1993 0 0 0 0 0 0
1994 0 0 0 0 0 0
1995 0 0 0 0 0 0
1996 0 0 0 0 0 0
1997 0 0 0 0 0 0
1998 0 0 0 0 0 0
1999 0 0 0 0 0 0
2000 0 0 0 0 2 -24
2001 0 0 0 0 2 7
2002 0 0 0 0 2 19
2003 0 0 0 0 3 21
2004 0 0 0 0 3 25
2005 0 0 0 0 3 10
2006 0 0 0 0 4 -102
2007 0 0 0 0 4 10
2008 0 0 0 0 4 -27
2009 0 0 0 0 5 0
2010 0 0 0 0 5 -8
2011 0 0 0 0 6 -62
2012 0 0 0 0 6 -1
2013 0 0 0 0 0 39
2014 0 0 0 0 -2 47
2015 0 0 0 0 -23 52
2016 0 0 0 0 -1 57
2017 0 0 0 0 6 63
2018 0 0 0 0 6 65
2019 0 0 0 0 7 -17
2020 0 0 0 0 8 65
2021 0 0 0 0 8 -152
2022 0 0 0 0 4 -22
2023 0 0 0 0 0 0

Total survival over time
Values for breeding stock: Asia
Year RUS+WAL EAL+BER GOA SEA+NBC SBC+WA OR+CA
1970 0.997 0.989 0 0 0 0
1971 1.281 1.276 0 0 0 0
1972 1.183 1.217 0 0 0 0
1973 1.176 1.175 0 0 0 0
1974 1.147 1.146 0 0 0 0
1975 1.126 1.125 0 0 0 0
1976 1.109 1.108 0 0 0 0
1977 1.095 1.095 0 0 0 0
1978 1.084 1.084 0 0 0 0
1979 1.075 1.074 0 0 0 0
1980 1.067 1.066 0 0 0 0
1981 1.087 1.086 0 0 0 0
1982 1.1 1.1 0 0 0 0
1983 1.109 1.108 0 0 0 0
1984 1.113 1.113 0 0 0 0
1985 1.114 1.114 0 0 0 0
1986 1.113 1.113 0 0 0 0
1987 1.11 1.11 0 0 0 0
1988 1.106 1.106 0 0 0 0
1989 1.102 1.102 0 0 0 0
1990 1.097 1.097 0 0 0 0
1991 1.095 1.096 0 0 0 0
1992 1.095 1.095 0 0 0 0
1993 1.096 1.096 0 0 0 0
1994 1.097 1.097 0 0 0 0
1995 1.098 1.098 0 0 0 0
1996 1.098 1.099 0 0 0 0
1997 1.098 1.099 0 0 0 0
1998 1.098 1.098 0 0 0 0
1999 1.097 1.097 0 0 0 0
2000 1.095 1.138 0 0 0 0
2001 1.094 1.128 0 0 0 0
2002 1.092 1.123 0 0 0 0
2003 1.09 1.116 0 0 0 0
2004 1.089 1.064 0 0 0 0
2005 1.088 1.12 0 0 0 0
2006 1.086 1.087 0 0 0 0
2007 1.085 1.041 0 0 0 0
2008 1.084 1.079 0 0 0 0
2009 1.082 0.933 0 0 0 0
2010 1.08 1.131 0 0 0 0
2011 1.078 1.113 0 0 0 0
2012 1.076 1.043 0 0 0 0
2013 1.068 1.11 0 0 0 0
2014 1.081 1.113 0 0 0 0
2015 1.044 0.96 0 0 0 0
2016 1.071 1.004 0 0 0 0
2017 1.069 0.992 0 0 0 0
2018 1.065 0.896 0 0 0 0
2019 1.067 1.136 0 0 0 0
2020 1.055 1.123 0 0 0 0
2021 1.053 1.071 0 0 0 0
2022 1.05 1.064 0 0 0 0
2023 1.047 1.062 0 0 0 0
Values for breeding stock: Hawaii
Year RUS+WAL EAL+BER GOA SEA+NBC SBC+WA OR+CA
1970 1.008 1 0.984 0.99 1.005 0
1971 1.292 1.288 1.292 1.282 1.291 0
1972 1.194 1.227 1.229 1.22 1.227 0
1973 1.186 1.185 1.186 1.178 1.185 0
1974 1.156 1.155 1.156 1.149 1.155 0
1975 1.134 1.133 1.134 1.128 1.133 0
1976 1.117 1.117 1.117 1.111 1.115 0
1977 1.104 1.103 1.103 1.098 1.101 0
1978 1.093 1.092 1.092 1.087 1.091 0
1979 1.084 1.083 1.083 1.078 1.082 0
1980 1.076 1.075 1.076 1.07 1.074 0
1981 1.096 1.095 1.095 1.09 1.093 0
1982 1.109 1.109 1.109 1.104 1.107 0
1983 1.118 1.118 1.117 1.113 1.116 0
1984 1.122 1.122 1.121 1.117 1.12 0
1985 1.123 1.123 1.122 1.119 1.121 0
1986 1.122 1.122 1.121 1.117 1.12 0
1987 1.119 1.119 1.118 1.113 1.117 0
1988 1.115 1.115 1.114 1.111 1.113 0
1989 1.11 1.111 1.11 1.108 1.109 0
1990 1.106 1.106 1.105 1.103 1.104 0
1991 1.104 1.104 1.103 1.101 1.102 0
1992 1.103 1.104 1.103 1.1 1.102 0
1993 1.104 1.105 1.104 1.102 1.102 0
1994 1.105 1.106 1.105 1.102 1.104 0
1995 1.106 1.107 1.106 1.104 1.105 0
1996 1.107 1.107 1.106 1.103 1.105 0
1997 1.107 1.107 1.106 1.104 1.107 0
1998 1.106 1.106 1.106 1.103 1.106 0
1999 1.105 1.106 1.105 1.102 1.104 0
2000 1.103 1.146 1.087 1.085 1.145 0
2001 1.102 1.136 1.141 1.139 1.136 0
2002 1.1 1.132 1.134 1.132 1.133 0
2003 1.098 1.124 1.02 1.018 1.129 0
2004 1.097 1.071 1.144 1.141 1.125 0
2005 1.096 1.128 1.029 1.027 1.118 0
2006 1.094 1.095 1.14 1.138 1.116 0
2007 1.093 1.049 1.019 1.019 1.12 0
2008 1.092 1.087 1.14 1.139 1.103 0
2009 1.09 0.94 1.064 1.063 1.112 0
2010 1.089 1.14 1.13 1.125 1.105 0
2011 1.087 1.122 1.004 1.003 1.1 0
2012 1.085 1.051 1.132 1.134 1.103 0
2013 1.083 1.126 0.943 0.941 1.059 0
2014 1.081 1.113 0.826 0.826 1.048 0
2015 1.078 0.991 1.045 1.043 0.934 0
2016 1.077 1.009 0.883 0.881 1.068 0
2017 1.074 0.997 0.971 0.97 1.108 0
2018 1.072 0.902 1.2 1.197 1.086 0
2019 1.069 1.138 1.089 1.087 1.093 0
2020 1.066 1.135 0.753 0.751 1.081 0
2021 1.064 1.082 1.187 1.184 1.074 0
2022 1.061 1.076 1.12 1.116 1.053 0
2023 1.059 1.073 1.102 1.099 1.025 0
Values for breeding stock: Mexico
Year RUS+WAL EAL+BER GOA SEA+NBC SBC+WA OR+CA
1970 1.005 0.997 0.981 0.987 1.001 0.956
1971 1.289 1.284 1.289 1.278 1.287 1.279
1972 1.19 1.224 1.225 1.217 1.224 1.217
1973 1.184 1.182 1.183 1.176 1.182 1.176
1974 1.154 1.153 1.154 1.147 1.153 1.143
1975 1.132 1.131 1.131 1.125 1.131 1.121
1976 1.115 1.114 1.114 1.109 1.112 1.104
1977 1.102 1.101 1.101 1.095 1.099 1.091
1978 1.091 1.09 1.09 1.085 1.089 1.08
1979 1.082 1.081 1.081 1.076 1.08 1.071
1980 1.074 1.073 1.074 1.068 1.072 1.063
1981 1.094 1.093 1.093 1.088 1.091 1.082
1982 1.107 1.107 1.107 1.102 1.105 1.096
1983 1.116 1.116 1.115 1.111 1.114 1.105
1984 1.12 1.12 1.119 1.115 1.118 1.111
1985 1.121 1.121 1.121 1.117 1.119 1.112
1986 1.12 1.12 1.119 1.115 1.118 1.111
1987 1.117 1.117 1.116 1.111 1.115 1.109
1988 1.113 1.113 1.112 1.109 1.112 1.105
1989 1.109 1.109 1.108 1.106 1.107 1.102
1990 1.104 1.104 1.103 1.101 1.102 1.099
1991 1.102 1.102 1.101 1.099 1.1 1.095
1992 1.102 1.102 1.101 1.098 1.1 1.095
1993 1.103 1.103 1.102 1.1 1.101 1.096
1994 1.104 1.104 1.103 1.101 1.102 1.098
1995 1.104 1.105 1.104 1.102 1.103 1.1
1996 1.105 1.106 1.105 1.102 1.104 1.101
1997 1.103 1.104 1.103 1.1 1.104 1.1
1998 1.103 1.103 1.102 1.1 1.103 1.099
1999 1.102 1.102 1.101 1.098 1.101 1.099
2000 1.1 1.143 1.084 1.082 1.142 1.044
2001 1.099 1.133 1.138 1.135 1.133 1.124
2002 1.097 1.129 1.131 1.129 1.13 1.137
2003 1.096 1.122 1.018 1.016 1.126 1.128
2004 1.094 1.069 1.141 1.138 1.123 1.129
2005 1.093 1.125 1.027 1.024 1.115 1.098
2006 1.092 1.093 1.138 1.136 1.114 0.951
2007 1.091 1.047 1.017 1.017 1.118 1.131
2008 1.09 1.085 1.137 1.137 1.1 1.061
2009 1.088 0.938 1.062 1.061 1.11 1.105
2010 1.086 1.137 1.127 1.122 1.102 1.082
2011 1.084 1.119 1.001 1 1.097 1.029
2012 1.082 1.048 1.129 1.132 1.101 1.114
2013 1.08 1.123 0.94 0.939 1.057 1.15
2014 1.078 1.11 0.824 0.824 1.045 1.13
2015 1.075 0.989 1.042 1.04 0.931 1.109
2016 1.074 1.007 0.881 0.879 1.065 1.089
2017 1.072 0.995 0.968 0.967 1.105 1.114
2018 1.069 0.9 1.197 1.194 1.083 1.097
2019 1.066 1.135 1.086 1.084 1.09 1.057
2020 1.063 1.131 0.75 0.748 1.078 1.111
2021 1.06 1.078 1.183 1.18 1.071 0.988
2022 1.059 1.074 1.117 1.114 1.051 1.069
2023 1.056 1.07 1.099 1.096 1.022 1.078
Values for breeding stock: Central_Am
Year RUS+WAL EAL+BER GOA SEA+NBC SBC+WA OR+CA
1970 0 0 0 0 0.999 0.954
1971 0 0 0 0 1.284 1.277
1972 0 0 0 0 1.222 1.215
1973 0 0 0 0 1.179 1.173
1974 0 0 0 0 1.15 1.141
1975 0 0 0 0 1.129 1.119
1976 0 0 0 0 1.111 1.103
1977 0 0 0 0 1.098 1.09
1978 0 0 0 0 1.086 1.078
1979 0 0 0 0 1.078 1.069
1980 0 0 0 0 1.07 1.061
1981 0 0 0 0 1.089 1.081
1982 0 0 0 0 1.103 1.094
1983 0 0 0 0 1.112 1.103
1984 0 0 0 0 1.116 1.109
1985 0 0 0 0 1.117 1.11
1986 0 0 0 0 1.116 1.109
1987 0 0 0 0 1.113 1.107
1988 0 0 0 0 1.11 1.103
1989 0 0 0 0 1.105 1.1
1990 0 0 0 0 1.1 1.097
1991 0 0 0 0 1.099 1.093
1992 0 0 0 0 1.099 1.093
1993 0 0 0 0 1.099 1.095
1994 0 0 0 0 1.1 1.097
1995 0 0 0 0 1.101 1.098
1996 0 0 0 0 1.102 1.1
1997 0 0 0 0 1.104 1.1
1998 0 0 0 0 1.103 1.1
1999 0 0 0 0 1.101 1.099
2000 0 0 0 0 1.143 1.044
2001 0 0 0 0 1.134 1.124
2002 0 0 0 0 1.13 1.137
2003 0 0 0 0 1.126 1.128
2004 0 0 0 0 1.123 1.129
2005 0 0 0 0 1.115 1.098
2006 0 0 0 0 1.114 0.951
2007 0 0 0 0 1.118 1.132
2008 0 0 0 0 1.101 1.061
2009 0 0 0 0 1.11 1.105
2010 0 0 0 0 1.102 1.082
2011 0 0 0 0 1.097 1.029
2012 0 0 0 0 1.101 1.115
2013 0 0 0 0 1.057 1.15
2014 0 0 0 0 1.046 1.131
2015 0 0 0 0 0.932 1.11
2016 0 0 0 0 1.066 1.09
2017 0 0 0 0 1.106 1.115
2018 0 0 0 0 1.084 1.098
2019 0 0 0 0 1.092 1.059
2020 0 0 0 0 1.079 1.112
2021 0 0 0 0 1.072 0.989
2022 0 0 0 0 1.051 1.069
2023 0 0 0 0 1.024 1.08

Numbers over time by herd
Values for breeding stock: Asia
Year RUS+WAL EAL+BER GOA SEA+NBC SBC+WA OR+CA
1970 11 2 0 0 0 0
1971 29 5 0 0 0 0
1972 42 7 0 0 0 0
1973 56 10 0 0 0 0
1974 68 12 0 0 0 0
1975 68 12 0 0 0 0
1976 67 11 0 0 0 0
1977 66 11 0 0 0 0
1978 65 11 0 0 0 0
1979 65 11 0 0 0 0
1980 64 11 0 0 0 0
1981 68 12 0 0 0 0
1982 75 13 0 0 0 0
1983 85 15 0 0 0 0
1984 98 17 0 0 0 0
1985 110 19 0 0 0 0
1986 121 21 0 0 0 0
1987 131 22 0 0 0 0
1988 140 24 0 0 0 0
1989 149 25 0 0 0 0
1990 157 27 0 0 0 0
1991 165 28 0 0 0 0
1992 174 30 0 0 0 0
1993 185 32 0 0 0 0
1994 199 34 0 0 0 0
1995 214 37 0 0 0 0
1996 231 39 0 0 0 0
1997 249 43 0 0 0 0
1998 267 46 0 0 0 0
1999 286 49 0 0 0 0
2000 305 52 0 0 0 0
2001 324 60 0 0 0 0
2002 344 67 0 0 0 0
2003 364 75 0 0 0 0
2004 385 81 0 0 0 0
2005 407 81 0 0 0 0
2006 430 88 0 0 0 0
2007 454 92 0 0 0 0
2008 478 93 0 0 0 0
2009 503 95 0 0 0 0
2010 528 83 0 0 0 0
2011 553 97 0 0 0 0
2012 578 109 0 0 0 0
2013 599 116 0 0 0 0
2014 627 123 0 0 0 0
2015 634 128 0 0 0 0
2016 659 119 0 0 0 0
2017 682 107 0 0 0 0
2018 703 97 0 0 0 0
2019 726 86 0 0 0 0
2020 739 103 0 0 0 0
2021 750 123 0 0 0 0
2022 759 135 0 0 0 0
2023 767 131 0 0 0 0
Values for breeding stock: Hawaii
Year RUS+WAL EAL+BER GOA SEA+NBC SBC+WA OR+CA
1970 2 27 14 55 2 0
1971 6 76 40 153 6 0
1972 9 115 60 230 10 0
1973 12 151 79 303 13 0
1974 15 187 98 371 16 0
1975 15 186 98 368 16 0
1976 15 186 97 365 16 0
1977 15 185 97 362 16 0
1978 15 184 97 359 16 0
1979 15 184 97 357 16 0
1980 15 183 96 354 16 0
1981 16 196 103 376 17 0
1982 18 218 115 418 18 0
1983 20 250 131 476 21 0
1984 23 290 152 549 24 0
1985 27 327 172 617 28 0
1986 29 362 190 681 30 0
1987 32 396 207 740 33 0
1988 35 427 224 796 36 0
1989 37 457 239 849 38 0
1990 39 485 253 898 40 0
1991 42 515 269 950 43 0
1992 44 548 286 1009 46 0
1993 48 588 307 1079 49 0
1994 51 636 331 1164 53 0
1995 56 691 359 1260 57 0
1996 61 751 390 1365 62 0
1997 66 815 423 1478 68 0
1998 71 883 458 1595 73 0
1999 77 954 494 1716 79 0
2000 83 1026 531 1841 85 0
2001 88 1178 556 1922 98 0
2002 94 1340 631 2181 111 0
2003 101 1512 715 2468 126 0
2004 107 1636 696 2397 138 0
2005 114 1646 766 2635 151 0
2006 121 1808 730 2508 166 0
2007 129 1903 869 2986 182 0
2008 137 1938 805 2765 197 0
2009 146 1983 956 3279 215 0
2010 154 1756 938 3207 233 0
2011 163 2076 1109 3789 251 0
2012 171 2347 1006 3445 272 0
2013 180 2525 1152 3942 293 0
2014 188 2679 984 3370 290 0
2015 197 2871 799 2729 285 0
2016 205 2696 736 2505 244 0
2017 214 2431 659 2238 261 0
2018 221 2211 634 2146 299 0
2019 229 1958 762 2572 350 0
2020 236 2373 861 2899 372 0
2021 242 2870 645 2166 377 0
2022 247 3190 639 2140 377 0
2023 253 3130 689 2301 358 0
Values for breeding stock: Mexico
Year RUS+WAL EAL+BER GOA SEA+NBC SBC+WA OR+CA
1970 2 26 6 3 2 13
1971 6 72 17 9 5 35
1972 8 109 25 14 8 53
1973 11 143 33 19 10 69
1974 14 176 41 23 12 84
1975 13 175 41 23 12 83
1976 13 174 41 22 12 82
1977 13 174 40 22 12 81
1978 13 173 40 22 12 80
1979 13 172 40 22 12 79
1980 13 171 40 21 12 77
1981 14 182 43 23 12 82
1982 16 203 47 25 14 90
1983 18 232 54 29 16 102
1984 21 268 63 33 18 117
1985 23 302 70 37 21 131
1986 26 334 78 41 23 144
1987 28 365 85 44 25 156
1988 30 393 91 47 27 167
1989 32 420 98 51 28 177
1990 34 444 103 53 30 187
1991 36 471 109 56 32 197
1992 39 501 116 60 34 209
1993 41 537 124 64 36 222
1994 45 580 134 69 39 239
1995 48 628 145 74 42 258
1996 52 682 158 80 46 280
1997 57 739 170 87 50 302
1998 61 798 184 94 54 326
1999 66 859 198 100 58 350
2000 71 921 212 107 62 376
2001 75 1055 221 112 71 372
2002 80 1197 250 126 81 408
2003 86 1348 283 143 91 466
2004 91 1455 275 138 99 543
2005 96 1459 302 152 109 602
2006 102 1600 287 144 119 634
2007 109 1680 341 171 130 557
2008 115 1708 315 158 141 598
2009 122 1743 373 187 153 611
2010 129 1540 366 182 165 692
2011 136 1815 431 215 178 707
2012 142 2047 390 195 192 711
2013 149 2197 445 223 206 765
2014 156 2326 380 190 204 891
2015 162 2486 307 153 200 1040
2016 169 2327 283 140 170 1122
2017 175 2093 252 125 182 1214
2018 181 1898 242 120 208 1295
2019 187 1677 290 143 243 1393
2020 192 2026 327 161 257 1396
2021 196 2442 244 120 260 1486
2022 200 2709 241 118 259 1365
2023 204 2650 259 126 245 1441
Values for breeding stock: Central_Am
Year RUS+WAL EAL+BER GOA SEA+NBC SBC+WA OR+CA
1970 0 0 0 0 1 7
1971 0 0 0 0 2 20
1972 0 0 0 0 2 30
1973 0 0 0 0 3 39
1974 0 0 0 0 4 47
1975 0 0 0 0 4 46
1976 0 0 0 0 4 46
1977 0 0 0 0 4 45
1978 0 0 0 0 4 44
1979 0 0 0 0 4 44
1980 0 0 0 0 4 43
1981 0 0 0 0 4 45
1982 0 0 0 0 4 50
1983 0 0 0 0 5 56
1984 0 0 0 0 6 64
1985 0 0 0 0 7 72
1986 0 0 0 0 7 79
1987 0 0 0 0 8 85
1988 0 0 0 0 9 91
1989 0 0 0 0 9 97
1990 0 0 0 0 10 102
1991 0 0 0 0 10 107
1992 0 0 0 0 11 113
1993 0 0 0 0 11 121
1994 0 0 0 0 12 130
1995 0 0 0 0 13 140
1996 0 0 0 0 14 151
1997 0 0 0 0 16 163
1998 0 0 0 0 17 176
1999 0 0 0 0 18 189
2000 0 0 0 0 20 203
2001 0 0 0 0 22 201
2002 0 0 0 0 26 221
2003 0 0 0 0 29 252
2004 0 0 0 0 32 294
2005 0 0 0 0 34 326
2006 0 0 0 0 38 344
2007 0 0 0 0 41 302
2008 0 0 0 0 45 324
2009 0 0 0 0 49 331
2010 0 0 0 0 53 376
2011 0 0 0 0 57 384
2012 0 0 0 0 61 386
2013 0 0 0 0 66 416
2014 0 0 0 0 65 485
2015 0 0 0 0 64 566
2016 0 0 0 0 54 611
2017 0 0 0 0 58 662
2018 0 0 0 0 66 707
2019 0 0 0 0 78 762
2020 0 0 0 0 82 765
2021 0 0 0 0 84 815
2022 0 0 0 0 83 749
2023 0 0 0 0 79 792

Catch numbers by breeding stock
Year Asia Hawaii Mexico Central_Am
1970 0.9 0 1.1 0.3
1971 0.9 0 1.2 0.3
1972 1 0 1.3 0.3
1973 1.1 0 1.3 0.4
1974 1.2 0.1 1.4 0.4
1975 1.2 0.1 1.5 0.4
1976 1.3 0.1 1.6 0.4
1977 1.4 0.1 1.6 0.4
1978 1.5 0.1 1.7 0.5
1979 1.6 0.1 1.8 0.5
1980 1.8 0.1 1.9 0.5
1981 1.9 0.1 2 0.5
1982 2 0.1 2.1 0.6
1983 2.2 0.1 2.2 0.6
1984 2.3 0.1 2.4 0.6
1985 2.5 0.1 2.5 0.7
1986 2.6 0.1 2.6 0.7
1987 2.8 0.1 2.8 0.7
1988 3 0.1 2.9 0.8
1989 3.2 0.1 3.1 0.8
1990 3.5 0.2 3.2 0.8
1991 3.7 0.2 3.4 0.9
1992 4 0.2 3.6 0.9
1993 4.3 0.2 3.8 1
1994 4.6 0.2 4 1
1995 4.9 0.2 4.2 1.1
1996 5.2 0.2 4.4 1.1
1997 5.6 0.2 11 1.2
1998 6 0.2 11.6 1.2
1999 6.4 0.2 12.3 1.3
2000 6.9 0.3 12.9 1.4
2001 7.3 0.3 13.6 1.4
2002 7.9 0 13.7 1.5
2003 8.4 0 13.7 1.6
2004 9 0 15.8 1.7
2005 9.6 0 19 1.8
2006 10.3 1 16.1 1.8
2007 11.1 0 18.2 1.9
2008 11.8 0 18.7 2
2009 12.7 0 21.2 2.1
2010 13.6 0 22 2.2
2011 14.5 0.8 24.9 2.4
2012 15.5 0 25.6 2.5
2013 28 0 25.3 2.6
2014 0 5 30.6 2.7
2015 72 0 33.5 2.9
2016 12 0.1 33.4 3
2017 12 0.1 31.5 3.2
2018 16 0.1 31.5 3.3
2019 4 0.4 31.5 1.7
2020 26.8 0.4 40.7 5
2021 28.6 0.4 44.1 4.7
2022 30.7 0.4 26.4 3.7
2023 32.8 0.4 43.3 4.2

Catch numbers by feeding ground
Year RUS+WAL EAL+BER GOA SEA+NBC SBC+WA OR+CA
1970 0 2.7 3.1 6.8 0.1 6.4
1971 0 1.8 0.1 4 0.1 1.5
1972 4 0.8 0.1 4.1 0.1 1.6
1973 0 0.8 0.1 4.3 0.1 1.7
1974 0 0.8 0.1 4.5 0.1 2.5
1975 0 0.8 0.2 4.7 0.1 2.7
1976 0 0.8 0.2 4.9 0.2 2.9
1977 0 0.8 0.2 5.2 0.2 3.1
1978 0 0.8 0.2 5.4 0.2 3.3
1979 0 1 0.2 5.6 0.2 3.5
1980 0 1 0.2 5.9 0.2 3.9
1981 0 1 0.3 6.1 0.3 4.2
1982 0 1 0.4 6.5 0.3 4.5
1983 0 1 0.4 6.7 0.3 4.8
1984 0 1 0.5 7.1 0.4 4.6
1985 0 1 0.5 6.7 0.4 5
1986 0 1 0.7 7.8 0.4 5.4
1987 0 1 0.7 10 0.5 5.8
1988 0 1.1 0.8 8.5 0.5 6.3
1989 0 0.9 0.8 6.1 0.6 6.1
1990 0 1 0.8 7.4 0.7 5.8
1991 0 1 0.9 8.2 0.7 7.6
1992 0 1.1 0.9 9.8 0.8 8.3
1993 0 1.1 1 7.1 0.9 8.6
1994 0 1.2 1 9.3 1 8.8
1995 0 1.2 1 9.3 1.1 9.6
1996 0 1.2 1.1 12.7 1.2 9.9
1997 0 1.2 1.3 12.7 0.9 10.7
1998 0 3 1.4 14.7 1.2 12
1999 0 2.6 1.4 17.4 1.7 13.5
2000 0 1.2 1.5 14.1 1.5 11.6
2001 0 1.2 1.8 16.4 1.7 13.4
2002 0 2.4 1.9 13.8 1.9 13.7
2003 0 1.4 2 18.9 2.3 16
2004 0 1.4 2.3 22 2.5 15.9
2005 0 1.6 2.3 23.3 5.8 20.1
2006 0 1.6 2.4 22.7 5.3 22.1
2007 0 0.1 7.3 18.4 0 18.1
2008 0 0.1 4.3 19.7 12.4 8.8
2009 0 0.1 4.3 24.1 0 9.8
2010 0 6.1 0.8 44.5 7 24.5
2011 0 3.1 4 28.4 11 11.9
2012 0 4.1 8.8 11.6 0 10
2013 0 0.1 4 31.6 0 4.7
2014 0 0.1 11.8 43.7 7 45.2
2015 0 4.1 12 51 9.1 103.4
2016 0 4.1 4.8 34.8 7.1 150.3
2017 0 4.1 2.1 16.3 11.1 60.3
2018 0 1.1 4 26.6 30.1 111.1
2019 0 4.1 6 27.3 9.1 61
2020 0 1.1 0 24 23 31.2
2021 0 2.2 7 33.7 13 62.4
2022 0 4.3 0.8 22.3 8 56
2023 0 3.6 9.1 40.1 19.2 59.7
