Stock structure: B2F1; Model type = BC
Mortality impacts feeding grounds
Recuitment related to unfished
Staying rate: 0
Age-at-matrity: 8
Base adult survival: 0
Mirrored survival
Sigma for survival devs: 6
Additional variance estimated
Weight for mark-recapture proportions: 1
Weight for genetics proportions: 1


Total objective fn: 309.314274469424
Negative log-likelihood fn: 53.2303881711569

Natural Survival by feeding ground
RUS+WAL,EAL+BER,GOA,SEA+NBC,SBC+WA,OR+CA
1970 0.96 0.96 0.96 0.96 0.96 0.96
1971 0.96 0.96 0.96 0.96 0.96 0.96
1972 0.96 0.96 0.96 0.96 0.96 0.96
1973 0.96 0.96 0.96 0.96 0.96 0.96
1974 0.96 0.96 0.96 0.96 0.96 0.96
1975 0.96 0.96 0.96 0.96 0.96 0.96
1976 0.96 0.96 0.96 0.96 0.96 0.96
1977 0.96 0.96 0.96 0.96 0.96 0.96
1978 0.96 0.96 0.96 0.96 0.96 0.96
1979 0.96 0.96 0.96 0.96 0.96 0.96
1980 0.96 0.96 0.96 0.96 0.96 0.96
1981 0.96 0.96 0.96 0.96 0.96 0.96
1982 0.96 0.96 0.96 0.96 0.96 0.96
1983 0.96 0.96 0.96 0.96 0.96 0.96
1984 0.96 0.96 0.96 0.96 0.96 0.96
1985 0.96 0.96 0.96 0.96 0.96 0.96
1986 0.96 0.96 0.96 0.96 0.96 0.96
1987 0.96 0.96 0.96 0.96 0.96 0.96
1988 0.96 0.96 0.96 0.96 0.96 0.96
1989 0.96 0.96 0.96 0.96 0.96 0.96
1990 0.96 0.96 0.96 0.96 0.96 0.96
1991 0.96 0.96 0.96 0.96 0.96 0.96
1992 0.96 0.96 0.96 0.96 0.96 0.96
1993 0.96 0.96 0.96 0.96 0.96 0.96
1994 0.96 0.96 0.96 0.96 0.96 0.96
1995 0.96 0.96 0.96 0.96 0.96 0.96
1996 0.96 0.96 0.96 0.96 0.96 0.96
1997 0.96 0.96 0.96 0.96 0.96 0.96
1998 0.96 0.96 0.96 0.96 0.96 0.96
1999 0.96 0.96 0.96 0.96 0.96 0.96
2000 0.96 0.9928579 0.9444458 0.9444458 0.9621364 0.9475593
2001 0.96 0.9741395 0.968468 0.968468 0.9632534 0.9992741
2002 0.96 0.9910527 0.9652598 0.9652598 0.9779515 0.9733775
2003 0.96 0.9654038 0.9557715 0.9557715 0.9686484 0.9988717
2004 0.96 0.9890681 0.9611305 0.9611305 0.9719694 0.9689248
2005 0.96 0.9640444 0.9383256 0.9383256 0.9697066 0.999184
2006 0.96 0.991592 0.9601891 0.9601891 0.9789224 0.779329
2007 0.96 0.9438719 0.9470579 0.9470579 0.9657774 0.9991362
2008 0.96 0.9918206 0.9687679 0.9687679 0.9754036 0.8970372
2009 0.96 0.8951162 0.9443222 0.9443222 0.9733311 0.9991589
2010 0.96 0.9904024 0.9669703 0.9669703 0.9777046 0.9239295
2011 0.96 0.9494277 0.9172462 0.9172462 0.9594208 0.9994524
2012 0.96 0.9914273 0.9465122 0.9465122 0.9653966 0.9356679
2013 0.96 0.912118 0.8896295 0.8896295 0.9569597 0.9983634
2014 0.96 0.9857241 0.7144412 0.7144412 0.9652581 0.9779045
2015 0.96 0.7842181 0.8810524 0.8810524 0.965953 0.997714
2016 0.96 0.9768477 0.7532378 0.7532378 0.9657469 0.9765913
2017 0.96 0.6093355 0.9198059 0.9198059 0.9527711 0.9994983
2018 0.96 0.9759037 0.9029625 0.9029625 0.9697669 0.9555759
2019 0.96 0.904998 0.9253041 0.9253041 0.9482918 0.9964535
2020 0.96 0.9842688 0.8061226 0.8061226 0.9668075 0.9504106
2021 0.96 0.9185144 0.9382762 0.9382762 0.9719886 0.9988509
2022 0.96 0.9893064 0.9041043 0.9041043 0.958914 0.9131253
2023 0.96 0.9101846 0.9414791 0.9414791 0.9565285 0.9979854

Naturak Survival by breeding stock
RUS+WAL,EAL+BER,GOA,SEA+NBC,SBC+WA,OR+CA
1970 0.96 0.96 0.96 0.96 0.96
1971 0.96 0.96 0.96 0.96 0.96
1972 0.96 0.96 0.96 0.96 0.96
1973 0.96 0.96 0.96 0.96 0.96
1974 0.96 0.96 0.96 0.96 0.96
1975 0.96 0.96 0.96 0.96 0.96
1976 0.96 0.96 0.96 0.96 0.96
1977 0.96 0.96 0.96 0.96 0.96
1978 0.96 0.96 0.96 0.96 0.96
1979 0.96 0.96 0.96 0.96 0.96
1980 0.96 0.96 0.96 0.96 0.96
1981 0.96 0.96 0.96 0.96 0.96
1982 0.96 0.96 0.96 0.96 0.96
1983 0.96 0.96 0.96 0.96 0.96
1984 0.96 0.96 0.96 0.96 0.96
1985 0.96 0.96 0.96 0.96 0.96
1986 0.96 0.96 0.96 0.96 0.96
1987 0.96 0.96 0.96 0.96 0.96
1988 0.96 0.96 0.96 0.96 0.96
1989 0.96 0.96 0.96 0.96 0.96
1990 0.96 0.96 0.96 0.96 0.96
1991 0.96 0.96 0.96 0.96 0.96
1992 0.96 0.96 0.96 0.96 0.96
1993 0.96 0.96 0.96 0.96 0.96
1994 0.96 0.96 0.96 0.96 0.96
1995 0.96 0.96 0.96 0.96 0.96
1996 0.96 0.96 0.96 0.96 0.96
1997 0.96 0.96 0.96 0.96 0.96
1998 0.96 0.96 0.96 0.96 0.96
1999 0.96 0.96 0.96 0.96 0.96
2000 0.96 0.96 0.96 0.96 0.96
2001 0.96 0.96 0.96 0.96 0.96
2002 0.96 0.96 0.96 0.96 0.96
2003 0.96 0.96 0.96 0.96 0.96
2004 0.96 0.96 0.96 0.96 0.96
2005 0.96 0.96 0.96 0.96 0.96
2006 0.96 0.96 0.96 0.96 0.96
2007 0.96 0.96 0.96 0.96 0.96
2008 0.96 0.96 0.96 0.96 0.96
2009 0.96 0.96 0.96 0.96 0.96
2010 0.96 0.96 0.96 0.96 0.96
2011 0.96 0.96 0.96 0.96 0.96
2012 0.96 0.96 0.96 0.96 0.96
2013 0.96 0.96 0.96 0.96 0.96
2014 0.96 0.96 0.96 0.96 0.96
2015 0.96 0.96 0.96 0.96 0.96
2016 0.96 0.96 0.96 0.96 0.96
2017 0.96 0.96 0.96 0.96 0.96
2018 0.96 0.96 0.96 0.96 0.96
2019 0.96 0.96 0.96 0.96 0.96
2020 0.96 0.96 0.96 0.96 0.96
2021 0.96 0.96 0.96 0.96 0.96
2022 0.96 0.96 0.96 0.96 0.96
2023 0.96 0.96 0.96 0.96 0.96

Fecundity by feeding ground
RUS+WAL,EAL+BER,GOA,SEA+NBC,SBC+WA,OR+CA
1970 0.9601521 0.9626241 0.9625289 0.9624646 0.9633274 0.9652074
1971 0.9602287 0.9626858 0.9625387 0.9625439 0.9633627 0.9653123
1972 0.9577795 0.9603707 0.9601628 0.9602443 0.9612084 0.9636968
1973 0.9551579 0.9581581 0.9578847 0.958063 0.9591514 0.9621854
1974 0.952681 0.956051 0.9557083 0.9560012 0.9571934 0.9608074
1975 0.9503334 0.9540429 0.9536354 0.9540511 0.9553287 0.9595323
1976 0.9481166 0.9521294 0.9516555 0.952207 0.9535744 0.9583544
1977 0.946024 0.9503051 0.9497637 0.9504652 0.9519053 0.9572661
1978 0.9440506 0.9485666 0.9479566 0.9488189 0.9503198 0.9562698
1979 0.942191 0.9469165 0.9462302 0.9472635 0.9488126 0.9553571
1980 0.9404499 0.9453454 0.944581 0.9457968 0.9473798 0.9545344
1981 0.938809 0.9438478 0.9430124 0.9444091 0.9460381 0.9537863
1982 0.9365314 0.9417937 0.9408767 0.9424868 0.9441847 0.9527017
1983 0.933691 0.939235 0.9382191 0.9400793 0.9418671 0.9513197
1984 0.9303459 0.9362244 0.9351003 0.9372449 0.9391574 0.9496589
1985 0.9265666 0.9328109 0.9315641 0.9340161 0.9360825 0.9477868
1986 0.9224021 0.9290404 0.9276723 0.9304715 0.9326839 0.9457333
1987 0.9179153 0.9249577 0.923457 0.9266809 0.9290249 0.9435315
1988 0.9131559 0.9206057 0.9189669 0.9226056 0.9251232 0.9412167
1989 0.9081704 0.9160139 0.9142347 0.9182584 0.9210351 0.9387772
1990 0.9030102 0.9112269 0.9092975 0.9137526 0.9167938 0.9362253
1991 0.8977051 0.9062738 0.9041953 0.9091094 0.9124102 0.9336916
1992 0.8921172 0.9010262 0.8987854 0.9042205 0.9077831 0.9310415
1993 0.8861254 0.8953695 0.8929603 0.8988842 0.9028137 0.9281944
1994 0.8796343 0.8892172 0.8866211 0.89312 0.8974202 0.9250885
1995 0.8725723 0.8824967 0.8796964 0.8868159 0.891542 0.9217186
1996 0.8648897 0.8751573 0.8721417 0.879999 0.8851327 0.9180275
1997 0.8565662 0.8671667 0.8639315 0.8725668 0.8780783 0.9140276
1998 0.8475901 0.8585652 0.855042 0.8645461 0.8704842 0.9097279
1999 0.8379665 0.8492844 0.8454647 0.8559528 0.8623987 0.9051454
2000 0.8277235 0.8393016 0.8352195 0.8466658 0.8536847 0.9001138
2001 0.8168786 0.8211169 0.8277374 0.8399409 0.8440234 0.8962705
2002 0.8054478 0.8067078 0.8140413 0.8274321 0.8335667 0.8852093
2003 0.7933982 0.7861236 0.800662 0.8153135 0.8191106 0.8776414
2004 0.78071 0.771977 0.7890324 0.804832 0.806189 0.8648934
2005 0.7673405 0.7486372 0.7750221 0.7921719 0.7920554 0.8568689
2006 0.7532531 0.7329346 0.7672365 0.785183 0.7775039 0.8417948
2007 0.7384277 0.7049547 0.7520079 0.7709019 0.757755 0.8651741
2008 0.7228419 0.6952745 0.7406026 0.7603188 0.7439948 0.8464186
2009 0.7065054 0.6631744 0.7204194 0.741714 0.7228916 0.8496893
2010 0.6894528 0.6736678 0.7088518 0.7317024 0.7028619 0.8319777
2011 0.6717056 0.6379505 0.6875047 0.7120748 0.6806227 0.8305592
2012 0.6533214 0.6233222 0.6868283 0.7106664 0.6630467 0.8096355
2013 0.635413 0.5840481 0.6722252 0.6970999 0.6411811 0.8046275
2014 0.6143834 0.5890651 0.6825856 0.7063652 0.6243907 0.7825934
2015 0.5993809 0.5505572 0.7536569 0.7716637 0.6028558 0.7697855
2016 0.578701 0.6232538 0.7564427 0.7742354 0.5798615 0.7509678
2017 0.5572603 0.5866973 0.7972082 0.8117552 0.5570204 0.735594
2018 0.5359436 0.7272828 0.7872145 0.8027116 0.546116 0.7108212
2019 0.5132085 0.6883603 0.7855639 0.8013259 0.5192971 0.7010735
2020 0.4926724 0.6897299 0.777226 0.7940737 0.5093986 0.670072
2021 0.4723877 0.6542238 0.801922 0.8168138 0.4842998 0.6612855
2022 0.4523915 0.6517981 0.7885501 0.8048127 0.4541015 0.6259249
2023 0.4328283 0.6123786 0.7879919 0.8044415 0.4366397 0.6341503

Total abundance: Estimate SD_log
1970 1108.689 0.05269343
1971 1395.067 0.04694259
1972 1629.668 0.04380738
1973 1848.345 0.04175558
1974 2059.404 0.04020899
1975 2258.567 0.03907557
1976 2447.091 0.03821354
1977 2625.382 0.03754624
1978 2794.02 0.03702106
1979 2953.349 0.03660491
1980 3103.681 0.03627482
1981 3324.633 0.03531015
1982 3596.712 0.03407945
1983 3913.876 0.03276554
1984 4271.068 0.03148979
1985 4663.419 0.03032403
1986 5086.648 0.02929973
1987 5534.888 0.02843334
1988 6002.799 0.02772161
1989 6490.334 0.02713044
1990 6996.277 0.02663497
1991 7533.575 0.02619398
1992 8111.662 0.02580145
1993 8739.388 0.02546362
1994 9428.244 0.02518318
1995 10178.21 0.02499234
1996 10993.92 0.02490015
1997 11873.73 0.02491924
1998 12820.53 0.02504032
1999 13828.15 0.02526311
2000 14894.94 0.02557043
2001 16052.54 0.02553873
2002 17535.92 0.02477318
2003 19166.48 0.02424299
2004 20638.22 0.0208041
2005 22397.81 0.01961719
2006 23798.41 0.02221841
2007 25240.95 0.02372458
2008 26689.82 0.02685382
2009 28836.5 0.02634892
2010 29835.24 0.03372937
2011 32209.72 0.03320645
2012 33425.55 0.03209232
2013 35652.31 0.03432553
2014 35864.58 0.04267664
2015 34172.03 0.03850258
2016 32448.04 0.03884333
2017 31929.83 0.0410782
2018 29228.58 0.03530051
2019 30545.66 0.03526124
2020 31714.74 0.0351059
2021 32001.38 0.03486591
2022 33498.07 0.04962681
2023 34756.94 0.05709157
2024 36035.84 0.0690929

Breeding stock abundance: Estimate SD_log Estimate/K
Asia
1 79.06962 0.08070886 1.85313
2 100.107 0.0767209 2.346176
3 116.6026 0.0749995 2.732779
4 129.2034 0.07552181 3.028099
5 143.4215 0.07486842 3.361324
6 156.7485 0.07446901 3.673667
7 169.3359 0.0741954 3.968673
8 181.1217 0.07405126 4.244894
9 192.1416 0.07400602 4.503163
10 202.4291 0.07403968 4.744268
11 212.0084 0.07414027 4.968775
12 226.1908 0.07383589 5.301165
13 243.718 0.07333954 5.711943
14 264.1682 0.07274856 6.191229
15 287.0465 0.07215841 6.72742
16 312.097 0.07157809 7.31452
17 338.8841 0.07105031 7.942321
18 367.2085 0.07055748 8.606152
19 396.6887 0.07012066 9.297071
20 427.0641 0.0697362 10.00897
21 458.1115 0.06939933 10.73662
22 490.7965 0.06907718 11.50265
23 525.9116 0.06874181 12.32563
24 563.8753 0.06840744 13.21537
25 605.0705 0.06808173 14.18085
26 649.7442 0.06777851 15.22785
27 698.0346 0.06751504 16.35962
28 749.9735 0.06731095 17.5769
29 805.3945 0.06719642 18.87578
30 864.0925 0.06719335 20.25147
31 925.9249 0.06732193 21.70061
32 997.0791 0.06753572 23.36823
33 1068.344 0.06788545 25.03845
34 1147.068 0.06853532 26.88348
35 1223.861 0.06928847 28.68326
36 1310.798 0.07047944 30.72077
37 1395.144 0.07196866 32.69756
38 1491.999 0.07386284 34.96751
39 1577.804 0.07630756 36.9785
40 1683.512 0.07897692 39.45595
41 1759.875 0.0824858 41.24566
42 1872.259 0.08594861 43.87955
43 1971.822 0.08994549 46.21298
44 2090.64 0.09434855 48.99769
45 2166.034 0.1000889 50.76467
46 2303.668 0.1046787 53.99035
47 2288.669 0.1141458 53.63883
48 2411.677 0.1201571 56.52173
49 2409.819 0.130739 56.47817
50 2525.327 0.1378874 59.1853
51 2631.72 0.1457165 61.67881
52 2739.316 0.1539306 64.2005
53 2821.826 0.163717 66.13425
54 2924.13 0.1723468 68.53192
Hawaii
1 702.3036 0.05640055 1.31179
2 887.6426 0.05096029 1.657973
3 1038.423 0.04808912 1.939607
4 1181.471 0.0461544 2.206797
5 1318.13 0.04475978 2.462054
6 1447.93 0.04373126 2.7045
7 1571.224 0.04294963 2.934792
8 1688.331 0.0423419 3.153529
9 1799.507 0.04186201 3.361188
10 1905.12 0.04147628 3.558457
11 2005.3 0.04116515 3.745577
12 2151.701 0.04031629 4.01903
13 2331.737 0.03925662 4.355308
14 2541.595 0.03814723 4.747289
15 2778.147 0.03708959 5.18913
16 3037.867 0.03614601 5.674245
17 3318.742 0.03532853 6.198874
18 3616.378 0.0346553 6.75481
19 3927.119 0.03412189 7.335225
20 4252.125 0.03368071 7.942283
21 4590.45 0.03330974 8.574219
22 4949.403 0.03299446 9.244685
23 5336.89 0.03272305 9.968448
24 5757.845 0.0325067 10.75472
25 6220.956 0.03233604 11.61974
26 6724.732 0.03224912 12.56071
27 7273.387 0.03224447 13.58551
28 7864.448 0.03233966 14.68952
29 8501.363 0.03251765 15.87917
30 9179.806 0.03278248 17.1464
31 9898.701 0.03312208 18.48917
32 10649.34 0.03342009 19.89125
33 11604.02 0.03302301 21.67444
34 12682.1 0.03245935 23.68811
35 13584.05 0.02829492 25.3728
36 14736.5 0.02680592 27.5254
37 15515.33 0.0294972 28.98012
38 16819.75 0.03058215 31.41658
39 17677.28 0.03295125 33.01831
40 19269.65 0.03226523 35.99259
41 19815.17 0.03879703 37.01154
42 21511.3 0.03895377 40.17963
43 22029.91 0.0366901 41.14831
44 23500.45 0.04075162 43.89504
45 23210.66 0.05263404 43.35375
46 20971.33 0.04396247 39.17106
47 19521.34 0.04453651 36.46271
48 18450.27 0.04821279 34.46213
49 16450.29 0.04461692 30.72648
50 17132.66 0.0416057 32.00105
51 17570.78 0.04095126 32.81938
52 17246.84 0.04545078 32.21431
53 17881.79 0.06488336 33.40029
54 18688.55 0.07581177 34.90719
MX_AR
1 116.7228 0.07669266 1.461383
2 147.5016 0.07254008 1.846736
3 172.8056 0.07033877 2.163546
4 196.6038 0.06892492 2.461501
5 219.7285 0.06784768 2.751026
6 241.7263 0.06705243 3.02644
7 262.6727 0.06644377 3.288692
8 282.6264 0.06596447 3.538515
9 301.6359 0.06557799 3.776515
10 319.7463 0.06526088 4.00326
11 336.9539 0.06500082 4.218701
12 361.9652 0.06436868 4.531846
13 392.6704 0.06359853 4.916278
14 428.4593 0.0628009 5.364359
15 468.7896 0.06204575 5.869299
16 513.1412 0.06136953 6.424586
17 561.0192 0.06078593 7.024024
18 611.8781 0.06029444 7.660783
19 665.2792 0.05988434 8.329372
20 720.8862 0.0595468 9.025577
21 778.4949 0.05926665 9.746844
22 839.8393 0.0590124 10.51488
23 906.0135 0.05878145 11.34339
24 978.0574 0.05857353 12.24539
25 1056.895 0.05839598 13.23244
26 1142.938 0.05825431 14.30972
27 1236.577 0.05815564 15.48208
28 1337.904 0.05810148 16.75071
29 1446.992 0.05809291 18.1165
30 1563.167 0.05813223 19.57103
31 1686.592 0.05820924 21.11632
32 1849.04 0.05831677 23.15019
33 2022.865 0.05745994 25.3265
34 2229.517 0.05742253 27.9138
35 2404.127 0.05646753 30.09994
36 2632.56 0.05652549 32.95995
37 2811.79 0.05838182 35.20394
38 3031.12 0.05922987 37.94997
39 3190.69 0.06455093 39.9478
40 3478.281 0.06464812 43.54847
41 3533.785 0.07580648 44.24339
42 3851.001 0.07445848 48.21497
43 4021.106 0.07567847 50.3447
44 4346.041 0.07496168 54.41293
45 4373.393 0.08107412 54.75538
46 4445.065 0.08318349 55.65272
47 4076.236 0.08473121 51.03493
48 4206.541 0.08632921 52.66637
49 3498.013 0.0798386 43.79552
50 3724.251 0.08061341 46.62805
51 3829.776 0.08104085 47.94923
52 4016.17 0.07991944 50.2829
53 4163.803 0.09689014 52.13128
54 4421.622 0.09786634 55.35921
MX_ML
1 166.751 0.06653665 0.8915519
2 206.3659 0.06330882 1.103357
3 239.8147 0.06140052 1.282195
4 271.0134 0.06024485 1.449002
5 300.6477 0.05949152 1.607445
6 327.9683 0.05908759 1.753517
7 353.4436 0.05887415 1.889724
8 377.1431 0.05879926 2.016435
9 399.2766 0.05880865 2.134775
10 419.8229 0.05889673 2.244628
11 438.8237 0.05904762 2.346218
12 467.4431 0.05881267 2.499234
13 502.8551 0.05842478 2.688568
14 544.1958 0.05799347 2.9096
15 590.6791 0.05759233 3.158128
16 641.7709 0.05724676 3.431296
17 696.5806 0.05699108 3.724342
18 754.4338 0.05681989 4.03366
19 814.6113 0.05673092 4.355406
20 876.7608 0.05671607 4.687694
21 940.839 0.05675157 5.030295
22 1009.175 0.05678529 5.39566
23 1081.801 0.05687463 5.783961
24 1160.482 0.05698701 6.204638
25 1246.488 0.05712575 6.664478
26 1340.345 0.05728715 7.166294
27 1442.131 0.05749378 7.710508
28 1552.24 0.05773345 8.299216
29 1670.44 0.05802177 8.931186
30 1795.884 0.05835752 9.601882
31 1928.227 0.05874577 10.30947
32 2075.859 0.05904371 11.0988
33 2298.443 0.05819756 12.28887
34 2517.178 0.05803179 13.45836
35 2763.276 0.05702242 14.77415
36 3002.405 0.05809406 16.05268
37 3275.285 0.05806634 17.51166
38 3201.125 0.06667604 17.11515
39 3462.072 0.06679374 18.51033
40 3625.794 0.06602624 19.38569
41 3849.368 0.0665804 20.58105
42 4076.808 0.06549378 21.79708
43 4393.331 0.06437254 23.48941
44 4664.424 0.06459815 24.93884
45 4934.448 0.06456459 26.38255
46 5175.101 0.06460409 27.66922
47 5173.709 0.06164624 27.66178
48 5398.967 0.06275397 28.86615
49 5263.043 0.05643239 28.13941
50 5500.736 0.05901798 29.41027
51 5862.132 0.05830785 31.34251
52 6106.218 0.05935586 32.64754
53 6553.534 0.06281446 35.03916
54 6664.771 0.07490608 35.6339
Central_Am
1 43.84153 0.09141396 1.123955
2 53.45032 0.08953096 1.370293
3 62.02131 0.08848977 1.590025
4 70.05351 0.08791126 1.795945
5 77.47617 0.08771724 1.986238
6 84.19386 0.08770629 2.158457
7 90.41505 0.08778637 2.317949
8 96.15977 0.08793117 2.465225
9 101.4592 0.08811846 2.601086
10 106.2304 0.08842474 2.723404
11 110.5949 0.08875219 2.835295
12 117.3331 0.08880515 3.008039
13 125.7309 0.08873653 3.223333
14 135.4573 0.08868742 3.472685
15 146.4052 0.08863033 3.753354
16 158.5432 0.08858294 4.064533
17 171.4224 0.08862497 4.394714
18 184.9898 0.08869822 4.742539
19 199.1007 0.08880205 5.104295
20 213.4974 0.08897727 5.47338
21 228.3818 0.08916435 5.854969
22 244.3614 0.08934343 6.264634
23 261.0463 0.08957064 6.692381
24 279.1287 0.08979973 7.155954
25 298.8348 0.09006621 7.661155
26 320.4529 0.09034311 8.215372
27 343.7928 0.09067143 8.813733
28 369.1606 0.09102337 9.46408
29 396.3367 0.09142944 10.16079
30 425.1999 0.09187388 10.90075
31 455.4994 0.0923826 11.67753
32 481.223 0.09380295 12.337
33 542.241 0.09381993 13.9013
34 590.6193 0.09355597 15.14156
35 662.9151 0.09367662 16.99499
36 715.5501 0.0951962 18.34438
37 800.8671 0.09537117 20.53163
38 696.9516 0.1079706 17.86758
39 781.9726 0.1084836 20.04724
40 779.2658 0.1029272 19.97785
41 877.0359 0.1027353 22.48436
42 898.3545 0.09978285 23.0309
43 1009.381 0.0994606 25.87725
44 1050.755 0.09556673 26.93794
45 1180.048 0.09504728 30.25259
46 1276.867 0.09415777 32.73472
47 1388.086 0.09442117 35.58602
48 1462.375 0.09483656 37.49056
49 1607.418 0.09558659 41.20899
50 1662.68 0.09606021 42.62572
51 1820.335 0.09679105 46.66748
52 1892.84 0.09858472 48.52627
53 2077.115 0.09987528 53.2505
54 2057.868 0.1165885 52.75707

Feeding stock abundance: Estimate SD_log Estimate/K
RUS+WAL
1 104.9106 0.1018293 1.564418
2 133.6877 0.09805869 1.993541
3 152.3085 0.09895524 2.271212
4 173.1127 0.09790911 2.581443
5 192.7534 0.09720119 2.874323
6 211.3764 0.09667747 3.152028
7 228.9546 0.09630364 3.414152
8 245.5392 0.09603884 3.661461
9 261.1704 0.09585618 3.894553
10 275.89 0.09573838 4.11405
11 289.6513 0.09569701 4.319257
12 309.9817 0.09526729 4.622422
13 335.0443 0.09467044 4.996153
14 364.1947 0.09400788 5.430842
15 396.9915 0.09331811 5.919906
16 432.8739 0.09265105 6.454981
17 471.4775 0.09200816 7.030635
18 512.3022 0.09140908 7.63941
19 554.9691 0.09085468 8.275655
20 599.1215 0.09034311 8.934051
21 644.3525 0.08988245 9.608533
22 692.2802 0.08942009 10.32323
23 743.8098 0.08895581 11.09163
24 799.7071 0.08849045 11.92517
25 860.5396 0.08803292 12.8323
26 926.6937 0.08759763 13.81878
27 998.3917 0.08720271 14.88794
28 1075.617 0.08687413 16.03951
29 1158.31 0.08663365 17.27263
30 1246.288 0.08650389 18.58455
31 1339.182 0.08651305 19.96978
32 1437.172 0.08667607 21.43099
33 1540.332 0.08703308 22.96931
34 1649.09 0.08761018 24.5911
35 1763.653 0.08845042 26.29945
36 1884.37 0.08959099 28.09957
37 2011.474 0.09108482 29.99494
38 2145.004 0.09297222 31.98613
39 2284.993 0.09529992 34.07363
40 2431.161 0.09810278 36.25328
41 2583.005 0.1014247 38.51757
42 2740.234 0.1052733 40.86215
43 2902.274 0.1096749 43.27847
44 3059.019 0.1149249 45.61585
45 3243.701 0.1199347 48.36981
46 3371.345 0.1274273 50.27322
47 3553.543 0.133594 52.99015
48 3738.064 0.14031 55.74171
49 3920.078 0.1476955 58.45589
50 4113.958 0.1551599 61.34702
51 4285.92 0.1638164 63.9113
52 4456.442 0.1727937 66.4541
53 4623.462 0.182053 68.9447
54 4785.691 0.1915026 71.36385
EAL+BER
1 279.3828 0.0941694 1.25317
2 356.2435 0.09043581 1.597928
3 417.8631 0.08859125 1.874322
4 476.5467 0.08738681 2.137548
5 532.4386 0.08655455 2.38825
6 585.7103 0.08595326 2.6272
7 636.4755 0.08550532 2.854907
8 684.8774 0.08516245 3.072014
9 731.0028 0.08489596 3.278909
10 774.7559 0.08470793 3.475163
11 816.4106 0.08456234 3.662005
12 877.0636 0.08408065 3.934064
13 951.6296 0.0834656 4.268529
14 1038.619 0.08281368 4.658718
15 1136.647 0.08218695 5.098423
16 1244.439 0.08161749 5.581925
17 1360.805 0.08111717 6.103882
18 1484.579 0.08068682 6.659071
19 1614.639 0.08032492 7.242453
20 1750.276 0.08000894 7.850853
21 1890.29 0.07974412 8.478883
22 2039.38 0.07949468 9.14763
23 2200.455 0.07925617 9.870127
24 2376.011 0.07902515 10.65758
25 2567.795 0.07880962 11.51783
26 2777.227 0.07861256 12.45723
27 3005.153 0.07843958 13.47959
28 3251.935 0.07829475 14.58654
29 3515.803 0.07821947 15.77011
30 3798.452 0.07816169 17.03794
31 4100.177 0.07810218 18.39132
32 4622.22 0.07739704 20.73294
33 5060.135 0.07438581 22.69721
34 5658.472 0.07371744 25.38104
35 6095.615 0.06871728 27.34185
36 6769.591 0.06798379 30.36496
37 7253.083 0.07269331 32.53366
38 8055.578 0.07280679 36.13325
39 8382.126 0.08632812 37.59798
40 9287.345 0.08501628 41.65833
41 9090.631 0.1100598 40.77597
42 10070.06 0.1053271 45.16919
43 10532.67 0.1076723 47.24422
44 11623.11 0.1031136 52.13541
45 11549.4 0.1168183 51.80478
46 12605.23 0.1110764 56.5407
47 10711.11 0.1219021 48.04464
48 11653.11 0.1160792 52.26996
49 7940.804 0.1365614 35.61843
50 8726.135 0.1307289 39.14103
51 8739.196 0.1325827 39.19961
52 9684.848 0.1303249 43.44133
53 9805.237 0.1690594 43.98134
54 10846.52 0.1623005 48.65201
GOA
1 125.2409 0.0771545 1.265163
2 160.53 0.07293116 1.621648
3 188.6973 0.07094485 1.906189
4 215.6055 0.06963806 2.178012
5 241.3106 0.06872337 2.43768
6 265.7785 0.06807653 2.684851
7 289.1512 0.06758673 2.920958
8 311.4834 0.06720472 3.146554
9 332.8173 0.06689977 3.362066
10 353.1976 0.06665157 3.567944
11 372.6666 0.06644628 3.764616
12 400.7396 0.06597122 4.048205
13 435.1047 0.06541469 4.395356
14 475.1865 0.06485189 4.800255
15 520.2576 0.06435105 5.255557
16 569.8284 0.06392426 5.756313
17 623.1486 0.06359777 6.294945
18 679.8818 0.06334405 6.868054
19 739.4524 0.0631617 7.469827
20 801.5018 0.06303033 8.09664
21 865.6071 0.06293968 8.744221
22 933.7774 0.06288072 9.432866
23 1007.485 0.0628459 10.17745
24 1087.727 0.0628459 10.98804
25 1175.435 0.06288105 11.87405
26 1271.21 0.06295712 12.84156
27 1375.33 0.06308222 13.89336
28 1487.86 0.06326062 15.03011
29 1608.881 0.06348521 16.25265
30 1738.304 0.06374809 17.56006
31 1875.689 0.06404805 18.9479
32 1980.704 0.06356294 20.00875
33 2156.891 0.06334292 21.78855
34 2335.289 0.06249494 23.59071
35 2493.531 0.06112508 25.18924
36 2679.014 0.06020786 27.06296
37 2792.752 0.06390201 28.21192
38 2989.572 0.06487474 30.20017
39 3147.123 0.06508611 31.79172
40 3406.152 0.06381936 34.40838
41 3565.316 0.06689401 36.01624
42 3840.424 0.06803941 38.79533
43 3872.241 0.06390571 39.11675
44 4056.894 0.07219436 40.98208
45 3951.151 0.09141706 39.91388
46 3106.342 0.06834794 31.37976
47 3013.969 0.06922464 30.44662
48 2522.246 0.07228033 25.47931
49 2592.612 0.08503601 26.19014
50 2613.717 0.07189308 26.40334
51 2715.944 0.06685965 27.43602
52 2422.733 0.1084339 24.47405
53 2551.4 0.1227195 25.77382
54 2558.356 0.1507878 25.84409
SEA+NBC
1 407.9135 0.06671526 1.273249
2 519.2526 0.06237491 1.620779
3 606.682 0.060474 1.893678
4 689.32 0.05930261 2.151622
5 767.4326 0.05855255 2.39544
6 841.3105 0.05806122 2.626041
7 911.1736 0.05773963 2.844109
8 977.132 0.05754089 3.04999
9 1039.458 0.05742559 3.244533
10 1098.327 0.05737218 3.428284
11 1153.802 0.05737109 3.601442
12 1235.802 0.05702665 3.857394
13 1336.81 0.0565655 4.172678
14 1454.839 0.05608234 4.541088
15 1587.683 0.05564868 4.955745
16 1734.282 0.05526898 5.413334
17 1891.471 0.05499859 5.903979
18 2056.479 0.05485788 6.41903
19 2231.384 0.05473786 6.964974
20 2415.859 0.05461314 7.540787
21 2605.109 0.05455942 8.131508
22 2805.959 0.05454385 8.758432
23 3021.726 0.05457884 9.431921
24 3259.918 0.05459467 10.17541
25 3518.366 0.05468302 10.98212
26 3800.97 0.0548151 11.86423
27 4105.515 0.05504236 12.81483
28 4435.758 0.05531851 13.84564
29 4789.749 0.05566698 14.95058
30 5166.222 0.05609002 16.12569
31 5570.091 0.0565198 17.38631
32 5876.707 0.05739982 18.34337
33 6398.079 0.05801436 19.97076
34 6922.413 0.05765813 21.60741
35 7385.72 0.05272424 23.05356
36 7929.624 0.05057277 24.75128
37 8262.711 0.05456434 25.79097
38 8861.942 0.05627199 27.66139
39 9337.027 0.05663818 29.14431
40 10111.67 0.05530847 31.56224
41 10561.7 0.05863532 32.96697
42 11384.05 0.06018073 35.53382
43 11518.15 0.05467416 35.95239
44 12071.37 0.06432653 37.67919
45 11771.76 0.08415069 36.74401
46 9255.526 0.05862499 28.88991
47 8961.783 0.05872535 27.97303
48 7496.74 0.06247804 23.40009
49 7693.394 0.0761933 24.01392
50 7753.201 0.06146116 24.2006
51 8040.757 0.05520182 25.09817
52 7168.817 0.1024584 22.37652
53 7536.351 0.1177252 23.52373
54 7553.74 0.147079 23.57801
SBC+WA
1 38.53643 0.1354257 1.164625
2 49.26483 0.1321926 1.488853
3 57.77047 0.1307215 1.745905
4 65.86481 0.1297718 1.990527
5 73.57061 0.1291231 2.223407
6 80.90998 0.1286617 2.445213
7 87.80061 0.1284702 2.653458
8 94.35758 0.1283531 2.851619
9 100.5854 0.1282917 3.039834
10 106.5057 0.1282685 3.218753
11 112.133 0.1282737 3.388816
12 120.2692 0.1280712 3.634706
13 130.2966 0.1277232 3.937746
14 142.0154 0.1273102 4.291907
15 155.1301 0.1269696 4.68825
16 169.5538 0.126645 5.124154
17 185.1277 0.1263505 5.59482
18 201.5927 0.1261537 6.092416
19 218.898 0.1259873 6.615406
20 236.8129 0.1259006 7.15682
21 255.2122 0.1258818 7.712873
22 274.8059 0.1258457 8.305022
23 295.9105 0.1258239 8.942833
24 318.8389 0.1258096 9.63576
25 343.8418 0.1258001 10.39138
26 371.0871 0.125797 11.21477
27 400.6927 0.1258016 12.1095
28 433.0988 0.1256998 13.08886
29 467.7471 0.125671 14.13598
30 504.3686 0.125756 15.24273
31 543.5491 0.1257761 16.42682
32 586.6228 0.1143414 17.72857
33 633.239 0.103859 19.13737
34 696.1066 0.09990132 21.03732
35 754.2829 0.09218358 22.79549
36 816.7068 0.08686962 24.68203
37 881.579 0.08309245 26.64256
38 967.9156 0.08130706 29.25177
39 1029.855 0.07912204 31.12366
40 1122.062 0.07814282 33.91029
41 1209.702 0.07778043 36.55889
42 1305.845 0.07817905 39.46446
43 1386.243 0.07972713 41.89421
44 1480.85 0.08011063 44.75336
45 1554.874 0.08345979 46.99047
46 1646.992 0.08405734 49.7744
47 1746.171 0.08485602 52.77176
48 1842.391 0.08586624 55.67965
49 1890.041 0.08939941 57.11971
50 2003.986 0.08873307 60.56327
51 2046.916 0.09707391 61.86068
52 2151.065 0.09666508 65.00821
53 2274.297 0.09737408 68.73246
54 2342.953 0.1063524 70.80733
OR+CA
1 131.3045 0.05191641 0.9279185
2 166.1887 0.0460405 1.174442
3 193.0463 0.04329631 1.364243
4 218.0955 0.04150547 1.541264
5 240.798 0.04039693 1.701701
6 261.7813 0.03965708 1.849989
7 281.1353 0.03916959 1.986762
8 298.9921 0.03885966 2.112954
9 315.2858 0.03869751 2.228101
10 330.1729 0.03864153 2.333307
11 343.518 0.03869385 2.427616
12 364.377 0.03816378 2.575024
13 390.3263 0.03740121 2.758406
14 420.7218 0.03655743 2.973209
15 455.3582 0.03570563 3.217982
16 493.0419 0.03496287 3.484289
17 533.3189 0.03434977 3.768924
18 575.6533 0.03387266 4.068097
19 619.4568 0.03353343 4.377654
20 665.0629 0.03327925 4.699948
21 712.3064 0.03309363 5.033814
22 760.7724 0.03302845 5.37632
23 812.6763 0.03302308 5.743121
24 869.1861 0.03307469 6.142472
25 931.1663 0.03319483 6.580481
26 998.4245 0.03342701 7.055789
27 1071.84 0.0337679 7.574609
28 1150.958 0.03424697 8.133735
29 1235.436 0.03487903 8.730735
30 1324.814 0.03566922 9.362361
31 1422.255 0.03652237 10.05096
32 1499.817 0.0441742 10.59909
33 1698.341 0.04352623 12.00205
34 1848.711 0.04350683 13.0647
35 2083.924 0.04308382 14.72693
36 2245.907 0.04686842 15.87165
37 2522.816 0.04658353 17.82854
38 2156.338 0.07183973 15.23868
39 2441.699 0.07170525 17.2553
40 2416.016 0.06225384 17.0738
41 2716.881 0.06150167 19.19999
42 2782.41 0.0553867 19.66307
43 3150.574 0.05367318 22.26486
44 3279.262 0.04317453 23.17429
45 3665.19 0.04120454 25.90162
46 3917.894 0.03827544 27.68746
47 4231.059 0.0386856 29.90057
48 4554.681 0.03789258 32.18758
49 4985.952 0.03958954 35.23534
50 5207.66 0.04196634 36.80214
51 5750.709 0.0429891 40.63982
52 5952.678 0.04708943 42.06712
53 6570.618 0.04912212 46.43406
54 6482.178 0.08043575 45.80905

Parameters: Estimate  Std. Error      z value    Pr(>|z^2|)
rval 0.09111293 0.00183977 49.52397408 0
logK 8.35862272 0.63256278 13.21390229 0
logK 10.88814362 0.19043124 57.17624601 0
logK 8.98558903 0.67950943 13.22364142 0
logK 9.83646356 0.47019801 20.91983242 0
logK 8.26889834 0.79926862 10.3455811 0
logBK 4.01927769 0.67772783 5.93051891 0
logBK 4.369996 0.20071488 21.77215764 0
logBK 4.26056162 0.69501865 6.13014003 0
logBK 4.76022471 0.47878161 9.94237162 0
logBK 4.52634498 0.80555536 5.61891236 2e-08
MixPars -1.83517273 0.29309382 -6.26138317 0
MixPars -3.03349259 0.2077985 -14.59824113 0
MixPars -0.81563559 0.12573514 -6.48693446 0
MixPars -1.37756214 0.08660254 -15.90671713 0
MixPars -2.77653929 0.14464115 -19.19605403 0
MixPars -1.61449084 0.24166018 -6.68083098 0
MixPars -0.96878042 0.18388871 -5.26829761 1.4e-07
MixPars -1.6218363 0.28858457 -5.61996885 2e-08
MixPars -3.2154677 0.29224629 -11.00259542 0
MixPars -1.77747711 0.24882861 -7.14337903 0
MixPars -1.74387416 0.36897478 -4.72626932 2.29e-06
MixPars -1.63245614 0.33793869 -4.83062807 1.36e-06
MixPars -1.05992712 0.40582278 -2.61179799 0.00900675
MixPars -1.45016435 0.24236577 -5.98337102 0
MixPars 0.76452993 0.17513046 4.36548805 1.268e-05
MixPars -2.76628472 0.27539198 -10.0448994 0
AddV 0.09090132 0.04623389 1.96611889 0.04928488
AddV 0.01229821 0.00397307 3.0953906 0.00196554
AddV 0.02332405 0.0161857 1.44102835 0.14957667
omega_sst 0.11600044 0.45798433 0.25328474 0.80004819
omega_sst 0.73083236 0.35441351 2.06208945 0.03919922
omega_sst 0.42512757 0.41364414 1.02776161 0.30406198
omega_sst -0.07274057 0.23025994 -0.31590631 0.75207362
omega_chl -0.5076856 0.33640154 -1.50916549 0.1312565
omega_chl -0.20007727 0.20091382 -0.99583626 0.31932971
omega_chl -0.73763625 0.34066131 -2.1653068 0.0303642
omega_chl -1.83810858 0.56795664 -3.23635372 0.00121067
SFdev -1.75653232 1.04615974 -1.67902879 0.09314643
SFdev -0.45078296 0.75959176 -0.59345425 0.55287719
SFdev -1.52936479 0.95162879 -1.60710226 0.10803194
SFdev -0.15074897 0.73799104 -0.20426937 0.838143
SFdev -1.32702479 0.91446636 -1.45114665 0.14673903
SFdev -0.11080007 0.77171633 -0.14357616 0.88583517
SFdev -1.59207988 1.09191897 -1.4580568 0.14482489
SFdev 0.35569922 0.80623857 0.44118358 0.6590801
SFdev -1.61986609 1.22205807 -1.32552301 0.18499774
SFdev 1.03395315 0.84392947 1.22516536 0.22051292
SFdev -1.45854542 1.19128362 -1.22434774 0.22082107
SFdev 0.24559883 0.94882697 0.2588447 0.79575507
SFdev -1.57250841 1.27990333 -1.22861499 0.21921619
SFdev 0.83827954 0.88141749 0.95105844 0.34157471
SFdev -1.05674722 1.12159201 -0.94218505 0.34609791
SFdev 1.88763491 0.60790635 3.10514099 0.00190188
SFdev -0.56418182 1.22559155 -0.4603343 0.64527629
SFdev 2.73353389 0.39593674 6.90396628 0
SFdev -0.52325343 1.4132082 -0.37025927 0.71118932
SFdev 0.92401882 0.91689249 1.00777226 0.31356381
SFdev -0.95819741 1.15429486 -0.83011495 0.4064738
SFdev 0.75572297 1.09348815 0.69111217 0.48949505
SFdev -1.34930938 1.19270211 -1.1313046 0.25792691
SFdev 0.86216291 1.10048369 0.78343997 0.43336879
SFdev 0.34481431 0.40743568 0.84630367 0.39738336
SFdev -0.24665753 0.5421489 -0.45496271 0.64913607
SFdev -0.14644608 0.51339586 -0.28524983 0.77545275
SFdev 0.10490374 0.52399204 0.20020103 0.84132336
SFdev -0.02984778 0.46984534 -0.06352682 0.949347
SFdev 0.45582564 0.46404631 0.9822848 0.32595956
SFdev -0.00493606 0.50302795 -0.00981269 0.99217073
SFdev 0.29389335 0.47731441 0.61572277 0.53807751
SFdev -0.25652424 0.47660264 -0.53823504 0.59041479
SFdev 0.3471682 0.42445104 0.81792283 0.41340125
SFdev -0.19870667 0.55908104 -0.35541658 0.72227753
SFdev 0.77254736 0.3189578 2.42209898 0.01543115
SFdev 0.30472407 0.55340407 0.55063576 0.58188339
SFdev 1.09109135 0.59818758 1.82399531 0.06815278
SFdev 2.26100129 0.25126864 8.99834269 0
SFdev 1.17561962 0.25226 4.660349 3.16e-06
SFdev 2.06209799 0.17157422 12.01869359 0
SFdev 0.73834153 0.57194558 1.29092969 0.19672806
SFdev 0.94747075 0.47644482 1.98862638 0.04674246
SFdev 0.66135688 0.32867121 2.0122142 0.04419736
SFdev 1.75304416 0.44556798 3.93440338 8.34e-05
SFdev 0.45667986 0.73467907 0.62160457 0.53420192
SFdev 0.93437076 0.76777717 1.2169817 0.22361118
SFdev 0.39998545 0.72914957 0.54856434 0.58330446
SFdev -0.05711094 1.00168798 -0.0570147 0.95453349
SFdev -0.08821814 0.92172952 -0.09570936 0.92375141
SFdev -0.61416133 0.92289021 -0.66547604 0.50574606
SFdev -0.25258366 0.89244583 -0.28302408 0.77715838
SFdev -0.3679722 0.92471956 -0.39792843 0.69068294
SFdev -0.28801105 0.84580821 -0.34051579 0.73346814
SFdev -0.66018991 0.86198504 -0.76589486 0.44373887
SFdev -0.16199185 0.852253 -0.19007484 0.84925049
SFdev -0.50219927 0.87639668 -0.57302735 0.56662617
SFdev -0.41917085 0.90676023 -0.46227309 0.6438855
SFdev -0.60277446 0.91383947 -0.65960651 0.50950638
SFdev 0.0149806 0.88077095 0.01700851 0.98642983
SFdev -0.15053409 0.93181809 -0.1615488 0.87166118
SFdev 0.07642986 0.94979081 0.08047021 0.93586329
SFdev -0.14639534 1.00116777 -0.14622458 0.8837441
SFdev -0.1673196 1.03119598 -0.16225781 0.87110284
SFdev -0.16107041 1.04931261 -0.15350088 0.8780033
SFdev 0.17368499 0.95859848 0.18118638 0.85622128
SFdev -0.29006435 1.03152114 -0.28120059 0.77855655
SFdev 0.26900785 0.98919301 0.27194677 0.78566294
SFdev -0.19362256 1.00048233 -0.19352921 0.84654453
SFdev -0.36867711 1.02896172 -0.35830013 0.72011872
SFdev 0.02791948 1.0838768 0.02575891 0.97944964
SFdev 0.08684897 1.08513786 0.08003496 0.93620945
SFdev 0.28384815 0.741711 0.38269373 0.70194686
SFdev -4.04931367 1.55949273 -2.59655822 0.00941629
SFdev -0.42096256 0.79088951 -0.53226469 0.59454268
SFdev -3.60788552 1.42680773 -2.5286417 0.01145049
SFdev -0.26172291 0.77682523 -0.33691351 0.7361821
SFdev -3.93228727 1.54153595 -2.55088912 0.01074485
SFdev 1.91629348 0.39866573 4.80676748 1.53e-06
SFdev -3.87521885 1.54351712 -2.51064196 0.01205119
SFdev 1.01332405 0.74662857 1.35719967 0.17471778
SFdev -3.90186226 1.55621502 -2.50727708 0.01216653
SFdev 0.68107905 0.79961027 0.85176375 0.39434523
SFdev -4.33142692 1.6592197 -2.61052042 0.00904046
SFdev 0.50085126 0.7322672 0.68397336 0.49399199
SFdev -3.2354242 1.34690435 -2.40211875 0.01630042
SFdev -0.61198528 0.69020612 -0.88667031 0.37525643
SFdev -2.90061217 1.15501302 -2.51132421 0.01202792
SFdev -0.55290755 0.72462621 -0.76302451 0.44544878
SFdev -4.418953 1.62479035 -2.71970658 0.00653399
SFdev 0.10952171 0.74439076 0.14712932 0.88302995
SFdev -2.46020011 1.26150308 -1.95021331 0.0511507
SFdev 0.22493684 0.69188886 0.32510545 0.74510126
SFdev -3.58956559 1.47511682 -2.43341106 0.01495731
SFdev 0.82564815 0.80776171 1.02214322 0.30671312
SFdev -3.02728219 1.34184285 -2.25606315 0.02406668

Mixing matrix
0.86237679 0.13762321 0 0 0 0 ,# Asia
0.02667506 0.24508032 0.13972266 0.55403152 0.03449044 0 ,# Hawaii
0.10023401 0.50370883 0.19118049 0.09950044 0.02021714 0.0851591 ,# MX_AR
0.04265173 0.24394481 0.04767875 0.08452226 0.0572128 0.52398965 ,# MX_ML
0 0 0 0 0.05917351 0.94082649 ,# Central_Am

Split of breeding stock to feeding grounds over time
Split for: Asia
Year RUS+WAL EAL+BER GOA SEA+NBC SBC+WA OR+CA
1970 0.86351 0.13649 0 0 0 0
1971 0.8639 0.1361 0 0 0 0
1972 0.861 0.139 0 0 0 0
1973 0.86117 0.13883 0 0 0 0
1974 0.86132 0.13868 0 0 0 0
1975 0.86145 0.13855 0 0 0 0
1976 0.86157 0.13843 0 0 0 0
1977 0.86167 0.13833 0 0 0 0
1978 0.86176 0.13824 0 0 0 0
1979 0.86187 0.13813 0 0 0 0
1980 0.86198 0.13802 0 0 0 0
1981 0.86207 0.13793 0 0 0 0
1982 0.86213 0.13787 0 0 0 0
1983 0.86219 0.13781 0 0 0 0
1984 0.86222 0.13778 0 0 0 0
1985 0.86225 0.13775 0 0 0 0
1986 0.86227 0.13773 0 0 0 0
1987 0.86227 0.13773 0 0 0 0
1988 0.86228 0.13772 0 0 0 0
1989 0.86226 0.13774 0 0 0 0
1990 0.86224 0.13776 0 0 0 0
1991 0.86221 0.13779 0 0 0 0
1992 0.86218 0.13782 0 0 0 0
1993 0.86215 0.13785 0 0 0 0
1994 0.86211 0.13789 0 0 0 0
1995 0.86206 0.13794 0 0 0 0
1996 0.862 0.138 0 0 0 0
1997 0.86193 0.13807 0 0 0 0
1998 0.86192 0.13808 0 0 0 0
1999 0.86188 0.13812 0 0 0 0
2000 0.8618 0.1382 0 0 0 0
2001 0.85471 0.14529 0 0 0 0
2002 0.8522 0.1478 0 0 0 0
2003 0.84602 0.15398 0 0 0 0
2004 0.84598 0.15402 0 0 0 0
2005 0.84346 0.15654 0 0 0 0
2006 0.84447 0.15553 0 0 0 0
2007 0.84088 0.15912 0 0 0 0
2008 0.84554 0.15446 0 0 0 0
2009 0.84168 0.15832 0 0 0 0
2010 0.8544 0.1456 0 0 0 0
2011 0.84959 0.15041 0 0 0 0
2012 0.84984 0.15016 0 0 0 0
2013 0.84545 0.15455 0 0 0 0
2014 0.85077 0.14923 0 0 0 0
2015 0.84881 0.15119 0 0 0 0
2016 0.87581 0.12419 0 0 0 0
2017 0.8722 0.1278 0 0 0 0
2018 0.90813 0.09187 0 0 0 0
2019 0.90194 0.09806 0 0 0 0
2020 0.89877 0.10123 0 0 0 0
2021 0.89214 0.10786 0 0 0 0
2022 0.88668 0.11332 0 0 0 0
2023 0.88596 0.11404 0 0 0 0
2024 0.88922 0.11078 0 0 0 0
Split for: Hawaii
Year RUS+WAL EAL+BER GOA SEA+NBC SBC+WA OR+CA
1970 0.02708 0.2464 0.13841 0.55319 0.03492 0
1971 0.02719 0.24658 0.13911 0.55206 0.03507 0
1972 0.02661 0.24735 0.13973 0.55111 0.03519 0
1973 0.02671 0.24792 0.14022 0.54987 0.03528 0
1974 0.0268 0.24846 0.14067 0.54869 0.03537 0
1975 0.02689 0.249 0.14106 0.54759 0.03545 0
1976 0.02698 0.24954 0.14144 0.54655 0.0355 0
1977 0.02706 0.25009 0.14181 0.5455 0.03555 0
1978 0.02714 0.25062 0.14217 0.54447 0.0356 0
1979 0.02722 0.2511 0.14254 0.54349 0.03565 0
1980 0.02729 0.2516 0.14291 0.5425 0.0357 0
1981 0.02737 0.25209 0.14323 0.54157 0.03573 0
1982 0.02744 0.2526 0.14353 0.54066 0.03577 0
1983 0.0275 0.25309 0.1438 0.5398 0.03581 0
1984 0.02756 0.25358 0.14405 0.53897 0.03583 0
1985 0.02762 0.254 0.14426 0.53828 0.03584 0
1986 0.02767 0.25446 0.14445 0.53754 0.03587 0
1987 0.02773 0.25504 0.14471 0.53662 0.0359 0
1988 0.02778 0.25546 0.14486 0.53597 0.03592 0
1989 0.02781 0.25574 0.14493 0.53562 0.03591 0
1990 0.02784 0.25605 0.14502 0.5352 0.03589 0
1991 0.02787 0.25638 0.14511 0.53476 0.03589 0
1992 0.0279 0.25674 0.14522 0.53425 0.03588 0
1993 0.02791 0.25697 0.14525 0.53401 0.03586 0
1994 0.02794 0.25725 0.14532 0.53366 0.03584 0
1995 0.02795 0.2575 0.14537 0.53336 0.03582 0
1996 0.02797 0.25784 0.14546 0.53291 0.03582 0
1997 0.02799 0.25814 0.1455 0.53252 0.03584 0
1998 0.02801 0.25837 0.14558 0.53218 0.03586 0
1999 0.02804 0.25867 0.14567 0.53177 0.03585 0
2000 0.02804 0.25891 0.14567 0.53153 0.03585 0
2001 0.02808 0.27478 0.14226 0.51886 0.03602 0
2002 0.02764 0.27596 0.14216 0.5186 0.03564 0
2003 0.02708 0.28374 0.14056 0.51265 0.03597 0
2004 0.0272 0.28507 0.14015 0.51103 0.03655 0
2005 0.02686 0.28703 0.13982 0.50976 0.03652 0
2006 0.02765 0.29322 0.13799 0.50325 0.03789 0
2007 0.0274 0.29855 0.13653 0.49921 0.03831 0
2008 0.02795 0.29396 0.13713 0.50217 0.03879 0
2009 0.02738 0.29647 0.1366 0.50084 0.03871 0
2010 0.02839 0.27857 0.13998 0.5125 0.04056 0
2011 0.02785 0.28384 0.1389 0.5093 0.04011 0
2012 0.02884 0.29335 0.13588 0.5005 0.04143 0
2013 0.02894 0.30456 0.13332 0.4916 0.04158 0
2014 0.0309 0.31204 0.13062 0.4827 0.04371 2e-05
2015 0.0366 0.37533 0.11424 0.42221 0.05162 0
2016 0.04116 0.33601 0.12056 0.44355 0.05873 0
2017 0.04574 0.38584 0.10773 0.3954 0.06529 0
2018 0.05127 0.29862 0.12431 0.45434 0.07147 0
2019 0.04895 0.30641 0.12379 0.45165 0.06919 0
2020 0.04835 0.31352 0.12334 0.44843 0.06636 0
2021 0.05008 0.34862 0.11475 0.41711 0.06944 0
2022 0.04907 0.36109 0.11233 0.40757 0.06994 0
2023 0.04967 0.36806 0.11075 0.40207 0.06946 0
2024 0.04992 0.35804 0.11259 0.40954 0.0699 0
Split for: MX_AR
Year RUS+WAL EAL+BER GOA SEA+NBC SBC+WA OR+CA
1970 0.10177 0.50653 0.18942 0.09937 0.02047 0.08244
1971 0.10202 0.50613 0.1901 0.09902 0.02053 0.08221
1972 0.09988 0.50773 0.19095 0.09885 0.0206 0.08198
1973 0.10007 0.508 0.19128 0.09846 0.02062 0.08157
1974 0.10027 0.5084 0.19163 0.09811 0.02064 0.08095
1975 0.10047 0.50884 0.1919 0.09778 0.02066 0.08034
1976 0.10066 0.50929 0.19217 0.09747 0.02066 0.07974
1977 0.10084 0.50976 0.19243 0.09716 0.02066 0.07915
1978 0.101 0.51023 0.19269 0.09686 0.02067 0.07855
1979 0.10118 0.51064 0.19298 0.09658 0.02068 0.07795
1980 0.10137 0.51109 0.19326 0.0963 0.02069 0.0773
1981 0.10154 0.51158 0.19351 0.09603 0.02068 0.07666
1982 0.1017 0.51211 0.19371 0.09578 0.02068 0.07603
1983 0.10184 0.51262 0.19391 0.09554 0.02069 0.07541
1984 0.10197 0.5131 0.19405 0.0953 0.02068 0.0749
1985 0.10209 0.51356 0.19419 0.0951 0.02067 0.07439
1986 0.1022 0.51407 0.19428 0.09489 0.02067 0.07389
1987 0.10231 0.51461 0.19438 0.09461 0.02066 0.07342
1988 0.10241 0.51509 0.19446 0.09443 0.02066 0.07295
1989 0.10248 0.5155 0.19448 0.09434 0.02064 0.07255
1990 0.10254 0.51587 0.19451 0.09422 0.02062 0.07224
1991 0.1026 0.51632 0.19455 0.0941 0.02061 0.07182
1992 0.10267 0.51677 0.1946 0.09396 0.0206 0.07141
1993 0.10271 0.51716 0.19461 0.09391 0.02058 0.07103
1994 0.10275 0.51753 0.19463 0.09381 0.02057 0.07071
1995 0.10278 0.5179 0.19464 0.09374 0.02055 0.0704
1996 0.1028 0.51828 0.19465 0.0936 0.02053 0.07014
1997 0.10282 0.51863 0.19462 0.09349 0.02054 0.06991
1998 0.10286 0.51888 0.19464 0.09339 0.02054 0.0697
1999 0.10289 0.51919 0.19465 0.09326 0.02052 0.06949
2000 0.10286 0.51945 0.19456 0.09318 0.02052 0.06943
2001 0.10058 0.53839 0.18557 0.08883 0.02013 0.0665
2002 0.09859 0.53845 0.18467 0.08842 0.01983 0.07004
2003 0.09562 0.54801 0.18073 0.08652 0.01981 0.06931
2004 0.09532 0.54645 0.17885 0.0856 0.01998 0.0738
2005 0.09395 0.54904 0.17806 0.08521 0.01992 0.07382
2006 0.09512 0.55162 0.17282 0.08273 0.02033 0.07739
2007 0.0952 0.56732 0.17272 0.08289 0.02076 0.0611
2008 0.09714 0.55879 0.17354 0.08341 0.02103 0.06608
2009 0.09558 0.56611 0.17366 0.08357 0.02108 0.06
2010 0.1009 0.54144 0.18113 0.08704 0.02248 0.06701
2011 0.09832 0.54811 0.17858 0.08594 0.02209 0.06695
2012 0.09965 0.55443 0.17097 0.08266 0.02233 0.06996
2013 0.09819 0.56523 0.16473 0.07972 0.02201 0.07012
2014 0.1023 0.56502 0.15746 0.07638 0.02257 0.07627
2015 0.10751 0.60306 0.1222 0.05928 0.02366 0.0843
2016 0.12413 0.55424 0.13239 0.06393 0.02763 0.09769
2017 0.12602 0.58148 0.10808 0.05207 0.02806 0.10429
2018 0.15246 0.4857 0.1346 0.06457 0.03315 0.12952
2019 0.14598 0.49979 0.13443 0.06437 0.03219 0.12324
2020 0.14244 0.5052 0.13231 0.06314 0.03049 0.12641
2021 0.14002 0.53307 0.11681 0.05573 0.03028 0.12408
2022 0.13486 0.54277 0.1124 0.05353 0.02998 0.12645
2023 0.1357 0.55005 0.11018 0.05251 0.0296 0.12196
2024 0.13652 0.53556 0.11212 0.05353 0.02982 0.13246
Split for: MX_ML
Year RUS+WAL EAL+BER GOA SEA+NBC SBC+WA OR+CA
1970 0.04394 0.24892 0.04794 0.08565 0.05879 0.51476
1971 0.04412 0.24911 0.04818 0.08548 0.05904 0.51407
1972 0.04325 0.25021 0.04846 0.08545 0.05932 0.51331
1973 0.04344 0.251 0.04867 0.08533 0.05952 0.51204
1974 0.0437 0.25214 0.04894 0.08534 0.05981 0.51008
1975 0.04394 0.25329 0.04919 0.08537 0.0601 0.50811
1976 0.04419 0.25445 0.04944 0.08542 0.06032 0.50618
1977 0.04443 0.25562 0.04969 0.08546 0.06055 0.50426
1978 0.04467 0.25681 0.04994 0.08551 0.06078 0.50229
1979 0.04491 0.25797 0.0502 0.08558 0.06103 0.5003
1980 0.04518 0.25924 0.05048 0.08567 0.06131 0.49812
1981 0.04543 0.26053 0.05075 0.08578 0.06154 0.49597
1982 0.04568 0.26181 0.051 0.08589 0.06179 0.49383
1983 0.04592 0.26308 0.05125 0.086 0.06203 0.49172
1984 0.04613 0.26419 0.05145 0.08606 0.06221 0.48996
1985 0.04633 0.26528 0.05165 0.08617 0.06239 0.48818
1986 0.04653 0.26637 0.05184 0.08624 0.06258 0.48644
1987 0.04672 0.26745 0.05202 0.08625 0.06275 0.4848
1988 0.0469 0.2685 0.0522 0.08634 0.06292 0.48314
1989 0.04705 0.26939 0.05234 0.08648 0.06303 0.48171
1990 0.04718 0.27013 0.05245 0.08654 0.0631 0.4806
1991 0.04733 0.27109 0.0526 0.08666 0.06324 0.47908
1992 0.04749 0.27204 0.05275 0.08676 0.06337 0.47759
1993 0.04762 0.2729 0.05288 0.08692 0.06347 0.47621
1994 0.04774 0.27367 0.053 0.08701 0.06355 0.47504
1995 0.04785 0.27441 0.05311 0.08711 0.06362 0.4739
1996 0.04794 0.27507 0.0532 0.08714 0.06368 0.47298
1997 0.04802 0.27567 0.05327 0.08716 0.06378 0.4721
1998 0.0481 0.27617 0.05335 0.08718 0.06387 0.47132
1999 0.04818 0.27672 0.05342 0.08719 0.06392 0.47056
2000 0.04819 0.27698 0.05342 0.08715 0.06392 0.47033
2001 0.04801 0.2925 0.05192 0.08465 0.0639 0.45902
2002 0.04605 0.28626 0.05056 0.08245 0.06161 0.47307
2003 0.04485 0.29255 0.04968 0.08101 0.0618 0.4701
2004 0.04346 0.2836 0.0478 0.07792 0.0606 0.48661
2005 0.04283 0.2849 0.04758 0.07755 0.06041 0.48672
2006 0.04239 0.27982 0.04514 0.07361 0.06026 0.49878
2007 0.04692 0.31819 0.04988 0.08155 0.06805 0.43541
2008 0.04633 0.30331 0.04851 0.07942 0.06671 0.45573
2009 0.0474 0.31955 0.05048 0.08274 0.06954 0.43029
2010 0.04769 0.29129 0.05018 0.08214 0.07068 0.45801
2011 0.04652 0.29517 0.04952 0.08118 0.06952 0.45809
2012 0.04622 0.29268 0.04648 0.07654 0.06888 0.46921
2013 0.04551 0.29816 0.04475 0.07376 0.06784 0.46998
2014 0.04561 0.2867 0.04114 0.06798 0.06693 0.49164
2015 0.04556 0.29082 0.03035 0.05014 0.06666 0.51648
2016 0.04856 0.24675 0.03035 0.04992 0.07187 0.55255
2017 0.04756 0.24976 0.02391 0.03923 0.07044 0.5691
2018 0.05071 0.18388 0.02624 0.04288 0.07334 0.62295
2019 0.05002 0.19492 0.027 0.04404 0.07336 0.61066
2020 0.04826 0.1948 0.02627 0.04271 0.06871 0.61925
2021 0.04792 0.20763 0.02343 0.03808 0.06893 0.61402
2022 0.04567 0.20918 0.02231 0.03619 0.06752 0.61913
2023 0.04693 0.21651 0.02233 0.03625 0.06809 0.60988
2024 0.04502 0.20102 0.02167 0.03524 0.0654 0.63164
Split for: Central_Am
Year RUS+WAL EAL+BER GOA SEA+NBC SBC+WA OR+CA
1970 0 0 0 0 0.06173 0.93827
1971 0 0 0 0 0.06205 0.93795
1972 0 0 0 0 0.06242 0.93758
1973 0 0 0 0 0.06276 0.93724
1974 0 0 0 0 0.06327 0.93673
1975 0 0 0 0 0.06378 0.93622
1976 0 0 0 0 0.06423 0.93577
1977 0 0 0 0 0.06469 0.93531
1978 0 0 0 0 0.06517 0.93483
1979 0 0 0 0 0.06566 0.93434
1980 0 0 0 0 0.06621 0.93379
1981 0 0 0 0 0.06671 0.93329
1982 0 0 0 0 0.06723 0.93277
1983 0 0 0 0 0.06775 0.93225
1984 0 0 0 0 0.06815 0.93185
1985 0 0 0 0 0.06857 0.93143
1986 0 0 0 0 0.06899 0.93101
1987 0 0 0 0 0.06938 0.93062
1988 0 0 0 0 0.06978 0.93022
1989 0 0 0 0 0.07009 0.92991
1990 0 0 0 0 0.07032 0.92968
1991 0 0 0 0 0.07066 0.92934
1992 0 0 0 0 0.071 0.929
1993 0 0 0 0 0.0713 0.9287
1994 0 0 0 0 0.07154 0.92846
1995 0 0 0 0 0.07178 0.92822
1996 0 0 0 0 0.07197 0.92803
1997 0 0 0 0 0.07221 0.92779
1998 0 0 0 0 0.07241 0.92759
1999 0 0 0 0 0.07257 0.92743
2000 0 0 0 0 0.0726 0.9274
2001 0 0 0 0 0.07424 0.92576
2002 0 0 0 0 0.06978 0.93022
2003 0 0 0 0 0.07039 0.92961
2004 0 0 0 0 0.06694 0.93306
2005 0 0 0 0 0.06673 0.93327
2006 0 0 0 0 0.06507 0.93493
2007 0 0 0 0 0.08259 0.91741
2008 0 0 0 0 0.07776 0.92224
2009 0 0 0 0 0.08516 0.91484
2010 0 0 0 0 0.08164 0.91836
2011 0 0 0 0 0.08039 0.91961
2012 0 0 0 0 0.07797 0.92203
2013 0 0 0 0 0.07676 0.92324
2014 0 0 0 0 0.07271 0.92729
2015 0 0 0 0 0.0692 0.9308
2016 0 0 0 0 0.0697 0.9303
2017 0 0 0 0 0.06655 0.93345
2018 0 0 0 0 0.06351 0.93649
2019 0 0 0 0 0.06472 0.93528
2020 0 0 0 0 0.06007 0.93993
2021 0 0 0 0 0.06074 0.93926
2022 0 0 0 0 0.05911 0.94089
2023 0 0 0 0 0.06043 0.93957
2024 0 0 0 0 0.05629 0.94371

Difference in mortality over time
Difference for: Asia
Year RUS+WAL EAL+BER GOA SEA+NBC SBC+WA OR+CA
1970 0 0 0 0 0 0
1971 0 0 0 0 0 0
1972 0 0 0 0 0 0
1973 0 0 0 0 0 0
1974 0 0 0 0 0 0
1975 0 0 0 0 0 0
1976 0 0 0 0 0 0
1977 0 0 0 0 0 0
1978 0 0 0 0 0 0
1979 0 0 0 0 0 0
1980 0 0 0 0 0 0
1981 0 0 0 0 0 0
1982 0 0 0 0 0 0
1983 0 0 0 0 0 0
1984 0 0 0 0 0 0
1985 0 0 0 0 0 0
1986 0 0 0 0 0 0
1987 0 0 0 0 0 0
1988 0 0 0 0 0 0
1989 0 0 0 0 0 0
1990 0 0 0 0 0 0
1991 0 0 0 0 0 0
1992 0 0 0 0 0 0
1993 0 0 0 0 0 0
1994 0 0 0 0 0 0
1995 0 0 0 0 0 0
1996 0 0 0 0 0 0
1997 0 0 0 0 0 0
1998 0 0 0 0 0 0
1999 0 0 0 0 0 0
2000 0 4 0 0 0 0
2001 0 2 0 0 0 0
2002 0 5 0 0 0 0
2003 0 1 0 0 0 0
2004 0 5 0 0 0 0
2005 0 1 0 0 0 0
2006 0 7 0 0 0 0
2007 0 -4 0 0 0 0
2008 0 8 0 0 0 0
2009 0 -17 0 0 0 0
2010 0 8 0 0 0 0
2011 0 -3 0 0 0 0
2012 0 9 0 0 0 0
2013 0 -16 0 0 0 0
2014 0 8 0 0 0 0
2015 0 -60 0 0 0 0
2016 0 5 0 0 0 0
2017 0 -110 0 0 0 0
2018 0 3 0 0 0 0
2019 0 -13 0 0 0 0
2020 0 6 0 0 0 0
2021 0 -11 0 0 0 0
2022 0 7 0 0 0 0
2023 0 -14 0 0 0 0
Difference for: Hawaii
Year RUS+WAL EAL+BER GOA SEA+NBC SBC+WA OR+CA
1970 0 0 0 0 0 0
1971 0 0 0 0 0 0
1972 0 0 0 0 0 0
1973 0 0 0 0 0 0
1974 0 0 0 0 0 0
1975 0 0 0 0 0 0
1976 0 0 0 0 0 0
1977 0 0 0 0 0 0
1978 0 0 0 0 0 0
1979 0 0 0 0 0 0
1980 0 0 0 0 0 0
1981 0 0 0 0 0 0
1982 0 0 0 0 0 0
1983 0 0 0 0 0 0
1984 0 0 0 0 0 0
1985 0 0 0 0 0 0
1986 0 0 0 0 0 0
1987 0 0 0 0 0 0
1988 0 0 0 0 0 0
1989 0 0 0 0 0 0
1990 0 0 0 0 0 0
1991 0 0 0 0 0 0
1992 0 0 0 0 0 0
1993 0 0 0 0 0 0
1994 0 0 0 0 0 0
1995 0 0 0 0 0 0
1996 0 0 0 0 0 0
1997 0 0 0 0 0 0
1998 0 0 0 0 0 0
1999 0 0 0 0 0 0
2000 0 84 -22 -82 1 0
2001 0 41 13 47 1 0
2002 0 98 9 32 7 0
2003 0 19 -8 -28 4 0
2004 0 111 2 8 6 0
2005 0 17 -45 -162 5 0
2006 0 144 0 1 11 0
2007 0 -81 -30 -108 4 0
2008 0 167 21 77 10 0
2009 0 -378 -41 -149 10 0
2010 0 174 19 69 14 0
2011 0 -67 -127 -459 0 0
2012 0 208 -40 -146 5 0
2013 0 -350 -220 -801 -3 0
2014 0 187 -748 -2725 5 0
2015 0 -1396 -189 -689 6 0
2016 0 114 -481 -1747 7 0
2017 0 -2578 -78 -284 -9 0
2018 0 80 -114 -414 12 0
2019 0 -303 -70 -254 -15 0
2020 0 134 -323 -1167 9 0
2021 0 -254 -41 -147 17 0
2022 0 182 -110 -397 -2 0
2023 0 -342 -37 -132 -5 0
Difference for: MX_AR
Year RUS+WAL EAL+BER GOA SEA+NBC SBC+WA OR+CA
1970 0 0 0 0 0 0
1971 0 0 0 0 0 0
1972 0 0 0 0 0 0
1973 0 0 0 0 0 0
1974 0 0 0 0 0 0
1975 0 0 0 0 0 0
1976 0 0 0 0 0 0
1977 0 0 0 0 0 0
1978 0 0 0 0 0 0
1979 0 0 0 0 0 0
1980 0 0 0 0 0 0
1981 0 0 0 0 0 0
1982 0 0 0 0 0 0
1983 0 0 0 0 0 0
1984 0 0 0 0 0 0
1985 0 0 0 0 0 0
1986 0 0 0 0 0 0
1987 0 0 0 0 0 0
1988 0 0 0 0 0 0
1989 0 0 0 0 0 0
1990 0 0 0 0 0 0
1991 0 0 0 0 0 0
1992 0 0 0 0 0 0
1993 0 0 0 0 0 0
1994 0 0 0 0 0 0
1995 0 0 0 0 0 0
1996 0 0 0 0 0 0
1997 0 0 0 0 0 0
1998 0 0 0 0 0 0
1999 0 0 0 0 0 0
2000 0 29 -5 -2 0 -1
2001 0 14 3 1 0 5
2002 0 34 2 1 1 2
2003 0 7 -2 -1 0 6
2004 0 38 0 0 1 2
2005 0 6 -10 -5 1 7
2006 0 49 0 0 1 -37
2007 0 -28 -7 -3 0 7
2008 0 57 5 2 1 -13
2009 0 -129 -9 -4 1 8
2010 0 59 4 2 1 -8
2011 0 -23 -29 -14 0 9
2012 0 71 -9 -4 0 -6
2013 0 -120 -50 -24 0 10
2014 0 64 -170 -81 1 5
2015 0 -478 -43 -21 1 12
2016 0 39 -109 -52 1 6
2017 0 -882 -18 -8 -1 15
2018 0 27 -26 -12 1 -2
2019 0 -104 -16 -8 -2 16
2020 0 46 -73 -35 1 -5
2021 0 -87 -9 -4 2 20
2022 0 62 -25 -12 0 -26
2023 0 -117 -8 -4 -1 21
Difference for: MX_ML
Year RUS+WAL EAL+BER GOA SEA+NBC SBC+WA OR+CA
1970 0 0 0 0 0 0
1971 0 0 0 0 0 0
1972 0 0 0 0 0 0
1973 0 0 0 0 0 0
1974 0 0 0 0 0 0
1975 0 0 0 0 0 0
1976 0 0 0 0 0 0
1977 0 0 0 0 0 0
1978 0 0 0 0 0 0
1979 0 0 0 0 0 0
1980 0 0 0 0 0 0
1981 0 0 0 0 0 0
1982 0 0 0 0 0 0
1983 0 0 0 0 0 0
1984 0 0 0 0 0 0
1985 0 0 0 0 0 0
1986 0 0 0 0 0 0
1987 0 0 0 0 0 0
1988 0 0 0 0 0 0
1989 0 0 0 0 0 0
1990 0 0 0 0 0 0
1991 0 0 0 0 0 0
1992 0 0 0 0 0 0
1993 0 0 0 0 0 0
1994 0 0 0 0 0 0
1995 0 0 0 0 0 0
1996 0 0 0 0 0 0
1997 0 0 0 0 0 0
1998 0 0 0 0 0 0
1999 0 0 0 0 0 0
2000 0 18 -2 -3 0 -11
2001 0 9 1 1 0 37
2002 0 20 1 1 3 14
2003 0 4 -1 -1 1 45
2004 0 23 0 0 2 12
2005 0 4 -3 -5 2 55
2006 0 30 0 0 4 -285
2007 0 -17 -2 -3 1 53
2008 0 34 1 2 4 -96
2009 0 -77 -3 -5 3 59
2010 0 35 1 2 5 -61
2011 0 -14 -9 -14 0 69
2012 0 42 -3 -5 2 -48
2013 0 -71 -15 -25 -1 79
2014 0 38 -52 -84 2 41
2015 0 -281 -13 -21 2 92
2016 0 23 -33 -54 2 44
2017 0 -517 -5 -9 -3 112
2018 0 16 -8 -13 4 -14
2019 0 -60 -5 -8 -5 118
2020 0 27 -22 -36 3 -34
2021 0 -50 -3 -4 6 144
2022 0 36 -7 -12 -1 -192
2023 0 -68 -2 -4 -2 153
Difference for: Central_Am
Year RUS+WAL EAL+BER GOA SEA+NBC SBC+WA OR+CA
1970 0 0 0 0 0 0
1971 0 0 0 0 0 0
1972 0 0 0 0 0 0
1973 0 0 0 0 0 0
1974 0 0 0 0 0 0
1975 0 0 0 0 0 0
1976 0 0 0 0 0 0
1977 0 0 0 0 0 0
1978 0 0 0 0 0 0
1979 0 0 0 0 0 0
1980 0 0 0 0 0 0
1981 0 0 0 0 0 0
1982 0 0 0 0 0 0
1983 0 0 0 0 0 0
1984 0 0 0 0 0 0
1985 0 0 0 0 0 0
1986 0 0 0 0 0 0
1987 0 0 0 0 0 0
1988 0 0 0 0 0 0
1989 0 0 0 0 0 0
1990 0 0 0 0 0 0
1991 0 0 0 0 0 0
1992 0 0 0 0 0 0
1993 0 0 0 0 0 0
1994 0 0 0 0 0 0
1995 0 0 0 0 0 0
1996 0 0 0 0 0 0
1997 0 0 0 0 0 0
1998 0 0 0 0 0 0
1999 0 0 0 0 0 0
2000 0 0 0 0 0 -5
2001 0 0 0 0 0 17
2002 0 0 0 0 1 7
2003 0 0 0 0 0 21
2004 0 0 0 0 1 5
2005 0 0 0 0 0 26
2006 0 0 0 0 1 -134
2007 0 0 0 0 0 25
2008 0 0 0 0 1 -45
2009 0 0 0 0 1 28
2010 0 0 0 0 1 -29
2011 0 0 0 0 0 32
2012 0 0 0 0 0 -22
2013 0 0 0 0 0 37
2014 0 0 0 0 0 19
2015 0 0 0 0 1 43
2016 0 0 0 0 1 21
2017 0 0 0 0 -1 53
2018 0 0 0 0 1 -6
2019 0 0 0 0 -1 56
2020 0 0 0 0 1 -16
2021 0 0 0 0 2 68
2022 0 0 0 0 0 -90
2023 0 0 0 0 0 72

Total survival over time
Values for breeding stock: Asia
Year RUS+WAL EAL+BER GOA SEA+NBC SBC+WA OR+CA
1970 0.997 0.987 0 0 0 0
1971 1.281 1.275 0 0 0 0
1972 1.187 1.216 0 0 0 0
1973 1.176 1.175 0 0 0 0
1974 1.147 1.146 0 0 0 0
1975 1.126 1.125 0 0 0 0
1976 1.109 1.108 0 0 0 0
1977 1.095 1.094 0 0 0 0
1978 1.084 1.084 0 0 0 0
1979 1.075 1.074 0 0 0 0
1980 1.067 1.066 0 0 0 0
1981 1.087 1.086 0 0 0 0
1982 1.101 1.1 0 0 0 0
1983 1.109 1.108 0 0 0 0
1984 1.113 1.113 0 0 0 0
1985 1.114 1.114 0 0 0 0
1986 1.113 1.113 0 0 0 0
1987 1.11 1.11 0 0 0 0
1988 1.107 1.106 0 0 0 0
1989 1.102 1.102 0 0 0 0
1990 1.097 1.097 0 0 0 0
1991 1.096 1.096 0 0 0 0
1992 1.095 1.095 0 0 0 0
1993 1.096 1.096 0 0 0 0
1994 1.097 1.097 0 0 0 0
1995 1.098 1.098 0 0 0 0
1996 1.099 1.099 0 0 0 0
1997 1.099 1.099 0 0 0 0
1998 1.098 1.098 0 0 0 0
1999 1.097 1.097 0 0 0 0
2000 1.095 1.134 0 0 0 0
2001 1.094 1.104 0 0 0 0
2002 1.092 1.122 0 0 0 0
2003 1.091 1.088 0 0 0 0
2004 1.089 1.116 0 0 0 0
2005 1.088 1.082 0 0 0 0
2006 1.087 1.114 0 0 0 0
2007 1.086 1.055 0 0 0 0
2008 1.084 1.113 0 0 0 0
2009 1.083 0.997 0 0 0 0
2010 1.081 1.117 0 0 0 0
2011 1.079 1.06 0 0 0 0
2012 1.077 1.109 0 0 0 0
2013 1.069 1.007 0 0 0 0
2014 1.081 1.11 0 0 0 0
2015 1.045 0.849 0 0 0 0
2016 1.071 1.114 0 0 0 0
2017 1.069 0.685 0 0 0 0
2018 1.065 1.174 0 0 0 0
2019 1.067 1.037 0 0 0 0
2020 1.055 1.126 0 0 0 0
2021 1.053 1.034 0 0 0 0
2022 1.05 1.118 0 0 0 0
2023 1.047 1.013 0 0 0 0
Values for breeding stock: Hawaii
Year RUS+WAL EAL+BER GOA SEA+NBC SBC+WA OR+CA
1970 1.008 0.998 0.984 0.991 1.005 0
1971 1.292 1.287 1.292 1.283 1.291 0
1972 1.197 1.227 1.229 1.221 1.227 0
1973 1.186 1.185 1.186 1.179 1.185 0
1974 1.156 1.155 1.156 1.15 1.155 0
1975 1.134 1.133 1.134 1.128 1.133 0
1976 1.117 1.116 1.117 1.112 1.115 0
1977 1.104 1.103 1.103 1.098 1.102 0
1978 1.093 1.092 1.093 1.088 1.091 0
1979 1.084 1.083 1.084 1.079 1.082 0
1980 1.076 1.075 1.076 1.071 1.075 0
1981 1.096 1.095 1.095 1.091 1.094 0
1982 1.11 1.109 1.109 1.105 1.108 0
1983 1.118 1.118 1.118 1.114 1.116 0
1984 1.122 1.122 1.122 1.118 1.12 0
1985 1.123 1.123 1.123 1.12 1.121 0
1986 1.122 1.122 1.121 1.118 1.12 0
1987 1.119 1.119 1.118 1.114 1.117 0
1988 1.115 1.115 1.114 1.112 1.114 0
1989 1.111 1.111 1.11 1.109 1.109 0
1990 1.106 1.106 1.105 1.104 1.104 0
1991 1.104 1.104 1.103 1.102 1.102 0
1992 1.104 1.104 1.103 1.101 1.102 0
1993 1.104 1.105 1.104 1.103 1.103 0
1994 1.105 1.106 1.105 1.104 1.104 0
1995 1.106 1.107 1.106 1.105 1.105 0
1996 1.107 1.107 1.107 1.105 1.105 0
1997 1.107 1.107 1.107 1.105 1.107 0
1998 1.106 1.106 1.106 1.105 1.106 0
1999 1.105 1.106 1.105 1.103 1.104 0
2000 1.104 1.142 1.086 1.085 1.106 0
2001 1.102 1.112 1.115 1.114 1.105 0
2002 1.1 1.13 1.105 1.105 1.119 0
2003 1.099 1.096 1.093 1.092 1.104 0
2004 1.097 1.124 1.099 1.098 1.107 0
2005 1.096 1.09 1.071 1.07 1.098 0
2006 1.095 1.122 1.099 1.099 1.108 0
2007 1.094 1.063 1.079 1.081 1.097 0
2008 1.092 1.121 1.106 1.107 1.094 0
2009 1.091 1.005 1.073 1.074 1.102 0
2010 1.089 1.126 1.101 1.099 1.099 0
2011 1.087 1.068 1.04 1.041 1.072 0
2012 1.085 1.118 1.078 1.082 1.09 0
2013 1.083 1.021 1.011 1.012 1.078 0
2014 1.081 1.11 0.817 0.819 1.081 0
2015 1.078 0.876 1.049 1.051 1.079 0
2016 1.077 1.12 0.883 0.883 1.078 0
2017 1.075 0.688 1.114 1.114 1.058 0
2018 1.072 1.182 1.062 1.061 1.066 0
2019 1.069 1.039 1.087 1.087 1.052 0
2020 1.066 1.137 0.944 0.942 1.065 0
2021 1.064 1.045 1.119 1.119 1.073 0
2022 1.061 1.131 1.056 1.054 1.056 0
2023 1.059 1.025 1.095 1.095 1.045 0
Values for breeding stock: MX_AR
Year RUS+WAL EAL+BER GOA SEA+NBC SBC+WA OR+CA
1970 1.008 0.998 0.984 0.991 1.005 0.961
1971 1.292 1.287 1.292 1.283 1.291 1.283
1972 1.197 1.227 1.229 1.221 1.227 1.22
1973 1.186 1.185 1.186 1.179 1.185 1.178
1974 1.157 1.155 1.156 1.15 1.156 1.146
1975 1.134 1.133 1.134 1.129 1.134 1.124
1976 1.117 1.116 1.117 1.112 1.115 1.107
1977 1.104 1.103 1.104 1.098 1.102 1.093
1978 1.093 1.092 1.093 1.088 1.091 1.083
1979 1.084 1.083 1.084 1.079 1.082 1.073
1980 1.076 1.075 1.076 1.071 1.075 1.065
1981 1.096 1.095 1.095 1.091 1.094 1.085
1982 1.11 1.109 1.109 1.105 1.108 1.098
1983 1.118 1.118 1.118 1.114 1.117 1.107
1984 1.122 1.122 1.122 1.118 1.12 1.113
1985 1.123 1.123 1.123 1.12 1.121 1.114
1986 1.122 1.122 1.121 1.118 1.12 1.113
1987 1.119 1.119 1.118 1.114 1.117 1.11
1988 1.115 1.115 1.114 1.112 1.114 1.106
1989 1.111 1.111 1.11 1.109 1.109 1.103
1990 1.106 1.106 1.105 1.104 1.104 1.1
1991 1.104 1.104 1.103 1.102 1.102 1.096
1992 1.104 1.104 1.103 1.101 1.102 1.096
1993 1.104 1.105 1.104 1.103 1.103 1.097
1994 1.105 1.106 1.105 1.104 1.104 1.099
1995 1.106 1.107 1.106 1.105 1.105 1.1
1996 1.107 1.107 1.107 1.105 1.105 1.102
1997 1.107 1.107 1.107 1.105 1.107 1.102
1998 1.106 1.106 1.106 1.105 1.106 1.101
1999 1.105 1.106 1.105 1.103 1.104 1.1
2000 1.104 1.142 1.086 1.085 1.106 1.087
2001 1.102 1.112 1.115 1.114 1.105 1.147
2002 1.1 1.13 1.105 1.105 1.119 1.106
2003 1.099 1.096 1.093 1.092 1.104 1.137
2004 1.097 1.124 1.099 1.098 1.107 1.097
2005 1.096 1.09 1.071 1.07 1.098 1.133
2006 1.095 1.122 1.099 1.099 1.108 0.878
2007 1.094 1.063 1.079 1.081 1.097 1.172
2008 1.092 1.121 1.106 1.107 1.094 1.02
2009 1.091 1.005 1.073 1.074 1.102 1.153
2010 1.089 1.126 1.101 1.099 1.099 1.043
2011 1.087 1.068 1.04 1.041 1.073 1.149
2012 1.085 1.118 1.078 1.082 1.09 1.063
2013 1.083 1.021 1.011 1.012 1.078 1.147
2014 1.081 1.11 0.818 0.819 1.081 1.098
2015 1.078 0.876 1.049 1.051 1.079 1.107
2016 1.077 1.12 0.883 0.883 1.078 1.061
2017 1.075 0.688 1.114 1.114 1.058 1.117
2018 1.072 1.182 1.062 1.061 1.066 1.049
2019 1.069 1.039 1.087 1.087 1.052 1.113
2020 1.066 1.137 0.944 0.942 1.065 1.059
2021 1.064 1.045 1.119 1.119 1.073 1.114
2022 1.061 1.131 1.056 1.054 1.056 1.011
2023 1.059 1.025 1.095 1.095 1.045 1.116
Values for breeding stock: MX_ML
Year RUS+WAL EAL+BER GOA SEA+NBC SBC+WA OR+CA
1970 1.001 0.992 0.977 0.985 0.999 0.955
1971 1.285 1.279 1.285 1.276 1.283 1.275
1972 1.191 1.22 1.222 1.214 1.221 1.213
1973 1.181 1.179 1.181 1.174 1.179 1.173
1974 1.151 1.15 1.151 1.145 1.15 1.14
1975 1.129 1.128 1.129 1.123 1.128 1.119
1976 1.112 1.111 1.112 1.107 1.11 1.102
1977 1.099 1.098 1.099 1.094 1.097 1.089
1978 1.088 1.087 1.088 1.083 1.087 1.078
1979 1.079 1.078 1.079 1.074 1.078 1.069
1980 1.072 1.071 1.071 1.067 1.07 1.06
1981 1.091 1.09 1.091 1.086 1.089 1.08
1982 1.105 1.104 1.104 1.1 1.103 1.094
1983 1.114 1.113 1.113 1.109 1.112 1.103
1984 1.118 1.117 1.117 1.113 1.116 1.108
1985 1.119 1.119 1.118 1.115 1.117 1.11
1986 1.118 1.117 1.117 1.114 1.116 1.109
1987 1.115 1.115 1.114 1.11 1.113 1.106
1988 1.111 1.111 1.11 1.108 1.11 1.102
1989 1.107 1.107 1.106 1.105 1.105 1.099
1990 1.102 1.102 1.102 1.1 1.1 1.096
1991 1.1 1.1 1.1 1.098 1.099 1.092
1992 1.1 1.1 1.1 1.097 1.098 1.092
1993 1.101 1.101 1.1 1.099 1.099 1.094
1994 1.102 1.102 1.101 1.1 1.1 1.095
1995 1.103 1.103 1.103 1.101 1.101 1.097
1996 1.103 1.104 1.103 1.101 1.102 1.098
1997 1.104 1.104 1.103 1.102 1.103 1.099
1998 1.103 1.103 1.103 1.101 1.102 1.098
1999 1.102 1.102 1.102 1.1 1.101 1.097
2000 1.101 1.139 1.083 1.082 1.102 1.084
2001 1.099 1.109 1.112 1.111 1.102 1.144
2002 1.098 1.128 1.103 1.102 1.117 1.103
2003 1.096 1.093 1.09 1.09 1.101 1.134
2004 1.095 1.121 1.096 1.096 1.104 1.094
2005 1.093 1.087 1.068 1.068 1.095 1.13
2006 1.093 1.12 1.097 1.097 1.106 0.876
2007 1.091 1.06 1.076 1.078 1.094 1.17
2008 1.09 1.119 1.103 1.104 1.092 1.017
2009 1.088 1.003 1.071 1.071 1.1 1.15
2010 1.087 1.123 1.098 1.096 1.096 1.04
2011 1.084 1.066 1.037 1.038 1.07 1.146
2012 1.083 1.115 1.075 1.08 1.087 1.06
2013 1.081 1.018 1.009 1.01 1.075 1.145
2014 1.078 1.107 0.815 0.817 1.079 1.095
2015 1.076 0.874 1.046 1.048 1.076 1.104
2016 1.074 1.117 0.881 0.88 1.075 1.058
2017 1.072 0.686 1.111 1.111 1.056 1.114
2018 1.069 1.179 1.06 1.058 1.064 1.047
2019 1.067 1.036 1.084 1.084 1.049 1.11
2020 1.062 1.133 0.94 0.939 1.061 1.055
2021 1.061 1.043 1.117 1.117 1.071 1.112
2022 1.059 1.129 1.054 1.052 1.055 1.01
2023 1.056 1.022 1.092 1.092 1.043 1.113
Values for breeding stock: Central_Am
Year RUS+WAL EAL+BER GOA SEA+NBC SBC+WA OR+CA
1970 0 0 0 0 0.999 0.955
1971 0 0 0 0 1.284 1.275
1972 0 0 0 0 1.221 1.214
1973 0 0 0 0 1.178 1.171
1974 0 0 0 0 1.15 1.14
1975 0 0 0 0 1.128 1.118
1976 0 0 0 0 1.11 1.102
1977 0 0 0 0 1.097 1.089
1978 0 0 0 0 1.086 1.077
1979 0 0 0 0 1.077 1.068
1980 0 0 0 0 1.07 1.06
1981 0 0 0 0 1.089 1.08
1982 0 0 0 0 1.103 1.093
1983 0 0 0 0 1.112 1.102
1984 0 0 0 0 1.116 1.108
1985 0 0 0 0 1.117 1.109
1986 0 0 0 0 1.116 1.108
1987 0 0 0 0 1.113 1.106
1988 0 0 0 0 1.109 1.102
1989 0 0 0 0 1.105 1.099
1990 0 0 0 0 1.1 1.096
1991 0 0 0 0 1.098 1.092
1992 0 0 0 0 1.098 1.092
1993 0 0 0 0 1.099 1.093
1994 0 0 0 0 1.1 1.095
1995 0 0 0 0 1.101 1.096
1996 0 0 0 0 1.102 1.098
1997 0 0 0 0 1.103 1.098
1998 0 0 0 0 1.102 1.098
1999 0 0 0 0 1.1 1.097
2000 0 0 0 0 1.102 1.084
2001 0 0 0 0 1.101 1.144
2002 0 0 0 0 1.116 1.103
2003 0 0 0 0 1.101 1.133
2004 0 0 0 0 1.104 1.094
2005 0 0 0 0 1.095 1.13
2006 0 0 0 0 1.106 0.876
2007 0 0 0 0 1.094 1.169
2008 0 0 0 0 1.092 1.017
2009 0 0 0 0 1.099 1.15
2010 0 0 0 0 1.096 1.04
2011 0 0 0 0 1.07 1.146
2012 0 0 0 0 1.087 1.06
2013 0 0 0 0 1.075 1.144
2014 0 0 0 0 1.079 1.096
2015 0 0 0 0 1.076 1.104
2016 0 0 0 0 1.076 1.059
2017 0 0 0 0 1.056 1.115
2018 0 0 0 0 1.064 1.047
2019 0 0 0 0 1.051 1.112
2020 0 0 0 0 1.062 1.056
2021 0 0 0 0 1.07 1.111
2022 0 0 0 0 1.055 1.009
2023 0 0 0 0 1.043 1.114

Numbers over time by herd
Values for breeding stock: Asia
Year RUS+WAL EAL+BER GOA SEA+NBC SBC+WA OR+CA
1970 13 2 0 0 0 0
1971 32 5 0 0 0 0
1972 45 7 0 0 0 0
1973 59 9 0 0 0 0
1974 71 11 0 0 0 0
1975 83 13 0 0 0 0
1976 82 13 0 0 0 0
1977 81 13 0 0 0 0
1978 81 13 0 0 0 0
1979 80 13 0 0 0 0
1980 79 13 0 0 0 0
1981 83 13 0 0 0 0
1982 90 14 0 0 0 0
1983 100 16 0 0 0 0
1984 113 18 0 0 0 0
1985 128 20 0 0 0 0
1986 142 23 0 0 0 0
1987 155 25 0 0 0 0
1988 167 27 0 0 0 0
1989 178 28 0 0 0 0
1990 188 30 0 0 0 0
1991 198 32 0 0 0 0
1992 209 33 0 0 0 0
1993 222 36 0 0 0 0
1994 237 38 0 0 0 0
1995 255 41 0 0 0 0
1996 275 44 0 0 0 0
1997 296 47 0 0 0 0
1998 319 51 0 0 0 0
1999 342 55 0 0 0 0
2000 365 59 0 0 0 0
2001 389 66 0 0 0 0
2002 413 72 0 0 0 0
2003 438 80 0 0 0 0
2004 463 84 0 0 0 0
2005 490 91 0 0 0 0
2006 518 95 0 0 0 0
2007 547 103 0 0 0 0
2008 577 105 0 0 0 0
2009 608 114 0 0 0 0
2010 639 109 0 0 0 0
2011 670 119 0 0 0 0
2012 701 124 0 0 0 0
2013 727 133 0 0 0 0
2014 763 134 0 0 0 0
2015 773 138 0 0 0 0
2016 803 114 0 0 0 0
2017 832 122 0 0 0 0
2018 858 87 0 0 0 0
2019 886 96 0 0 0 0
2020 904 102 0 0 0 0
2021 919 111 0 0 0 0
2022 932 119 0 0 0 0
2023 941 121 0 0 0 0
Values for breeding stock: Hawaii
Year RUS+WAL EAL+BER GOA SEA+NBC SBC+WA OR+CA
1970 4 33 18 73 5 0
1971 9 80 45 180 11 0
1972 13 119 67 264 17 0
1973 17 155 88 344 22 0
1974 20 190 107 419 27 0
1975 24 223 126 490 32 0
1976 24 222 126 487 32 0
1977 24 221 126 483 31 0
1978 24 221 125 480 31 0
1979 24 220 125 476 31 0
1980 24 219 125 473 31 0
1981 25 232 132 497 33 0
1982 28 254 144 543 36 0
1983 31 284 162 607 40 0
1984 35 323 184 687 46 0
1985 40 369 210 782 52 0
1986 45 413 234 872 58 0
1987 49 454 257 955 64 0
1988 54 492 279 1033 69 0
1989 58 529 300 1108 74 0
1990 61 563 319 1177 79 0
1991 65 599 339 1249 84 0
1992 69 638 361 1328 89 0
1993 74 683 386 1419 95 0
1994 80 735 415 1526 102 0
1995 86 797 450 1650 111 0
1996 94 865 488 1788 120 0
1997 102 940 530 1938 130 0
1998 110 1018 574 2098 141 0
1999 119 1101 620 2263 153 0
2000 128 1186 667 2435 164 0
2001 138 1349 699 2548 177 0
2002 148 1473 759 2768 190 0
2003 157 1650 817 2981 209 0
2004 168 1760 865 3154 226 0
2005 179 1911 931 3393 243 0
2006 190 2019 950 3465 261 0
2007 203 2207 1009 3690 283 0
2008 215 2265 1056 3869 299 0
2009 229 2475 1141 4182 323 0
2010 242 2376 1194 4371 346 0
2011 256 2609 1277 4682 369 0
2012 270 2746 1272 4685 388 0
2013 284 2987 1308 4821 408 0
2014 298 3005 1258 4649 421 0
2015 311 3190 971 3589 439 0
2016 325 2653 952 3502 464 0
2017 338 2855 797 2926 483 0
2018 351 2046 852 3113 490 0
2019 363 2275 919 3353 514 0
2020 375 2430 956 3475 514 0
2021 385 2679 882 3205 534 0
2022 394 2901 903 3275 562 0
2023 403 2986 899 3262 564 0
Values for breeding stock: MX_AR
Year RUS+WAL EAL+BER GOA SEA+NBC SBC+WA OR+CA
1970 2 11 4 2 0 2
1971 6 27 10 5 1 4
1972 8 41 15 8 2 7
1973 10 53 20 10 2 9
1974 13 65 24 13 3 10
1975 15 76 29 15 3 12
1976 15 76 29 15 3 12
1977 15 76 29 14 3 12
1978 15 75 28 14 3 12
1979 15 75 28 14 3 11
1980 15 75 28 14 3 11
1981 16 79 30 15 3 12
1982 17 87 33 16 4 13
1983 19 97 37 18 4 14
1984 22 110 42 21 4 16
1985 25 126 48 23 5 18
1986 28 141 53 26 6 20
1987 31 155 59 29 6 22
1988 33 168 64 31 7 24
1989 36 181 68 33 7 25
1990 38 193 73 35 8 27
1991 41 205 77 37 8 28
1992 43 218 82 40 9 30
1993 46 234 88 42 9 32
1994 50 251 95 46 10 34
1995 54 272 102 49 11 37
1996 59 296 111 53 12 40
1997 64 321 121 58 13 43
1998 69 348 131 63 14 47
1999 75 376 141 68 15 50
2000 80 406 152 73 16 54
2001 86 461 159 76 17 57
2002 92 504 173 83 19 66
2003 98 564 186 89 20 71
2004 105 602 197 94 22 81
2005 112 653 212 101 24 88
2006 119 690 216 104 25 97
2007 127 755 230 110 28 81
2008 135 774 241 116 29 92
2009 143 847 260 125 32 90
2010 151 813 272 131 34 101
2011 160 892 291 140 36 109
2012 169 939 290 140 38 118
2013 177 1021 298 144 40 127
2014 186 1028 287 139 41 139
2015 195 1091 221 107 43 153
2016 203 908 217 105 45 160
2017 212 977 182 87 47 175
2018 220 700 194 93 48 187
2019 227 778 209 100 50 192
2020 234 831 218 104 50 208
2021 241 917 201 96 52 213
2022 247 993 206 98 55 231
2023 252 1022 205 98 55 227
Values for breeding stock: MX_ML
Year RUS+WAL EAL+BER GOA SEA+NBC SBC+WA OR+CA
1970 1 8 1 3 2 16
1971 3 19 4 6 4 39
1972 5 28 5 9 7 56
1973 6 36 7 12 8 73
1974 8 44 8 15 10 88
1975 9 51 10 17 12 102
1976 9 51 10 17 12 101
1977 9 50 10 17 12 99
1978 9 50 10 17 12 98
1979 9 50 10 16 12 96
1980 9 49 10 16 12 94
1981 9 52 10 17 12 98
1982 10 56 11 18 13 106
1983 11 63 12 21 15 118
1984 12 71 14 23 17 132
1985 14 81 16 26 19 149
1986 16 90 18 29 21 165
1987 17 99 19 32 23 179
1988 19 107 21 34 25 192
1989 20 114 22 37 27 205
1990 21 121 24 39 28 216
1991 22 129 25 41 30 227
1992 24 137 27 44 32 240
1993 25 146 28 46 34 255
1994 27 157 30 50 36 272
1995 29 169 33 54 39 292
1996 32 183 35 58 42 315
1997 35 198 38 63 46 339
1998 37 214 41 68 50 366
1999 40 231 45 73 53 393
2000 43 248 48 78 57 421
2001 46 281 50 81 61 442
2002 49 306 54 88 66 506
2003 53 342 58 95 72 550
2004 56 364 61 100 78 625
2005 59 395 66 107 84 674
2006 63 416 67 109 90 742
2007 67 454 71 116 97 621
2008 71 465 74 122 102 698
2009 75 506 80 131 110 682
2010 79 485 84 137 118 763
2011 84 531 89 146 125 824
2012 88 558 89 146 131 894
2013 92 605 91 150 138 954
2014 97 608 87 144 142 1042
2015 101 643 67 111 147 1142
2016 105 533 66 108 155 1194
2017 109 572 55 90 161 1304
2018 113 409 58 95 163 1386
2019 116 454 63 103 171 1422
2020 120 483 65 106 170 1535
2021 123 531 60 97 176 1571
2022 125 575 61 99 185 1700
2023 128 590 61 99 185 1661
Values for breeding stock: Central_Am
Year RUS+WAL EAL+BER GOA SEA+NBC SBC+WA OR+CA
1970 0 0 0 0 0 7
1971 0 0 0 0 1 18
1972 0 0 0 0 2 27
1973 0 0 0 0 2 34
1974 0 0 0 0 3 42
1975 0 0 0 0 3 48
1976 0 0 0 0 3 48
1977 0 0 0 0 3 47
1978 0 0 0 0 3 46
1979 0 0 0 0 3 45
1980 0 0 0 0 3 44
1981 0 0 0 0 3 46
1982 0 0 0 0 4 50
1983 0 0 0 0 4 55
1984 0 0 0 0 5 62
1985 0 0 0 0 5 70
1986 0 0 0 0 6 78
1987 0 0 0 0 6 84
1988 0 0 0 0 7 90
1989 0 0 0 0 7 96
1990 0 0 0 0 8 102
1991 0 0 0 0 8 107
1992 0 0 0 0 9 113
1993 0 0 0 0 9 119
1994 0 0 0 0 10 128
1995 0 0 0 0 11 137
1996 0 0 0 0 11 148
1997 0 0 0 0 12 159
1998 0 0 0 0 13 171
1999 0 0 0 0 14 184
2000 0 0 0 0 15 198
2001 0 0 0 0 17 207
2002 0 0 0 0 18 237
2003 0 0 0 0 20 258
2004 0 0 0 0 21 293
2005 0 0 0 0 23 316
2006 0 0 0 0 24 347
2007 0 0 0 0 26 291
2008 0 0 0 0 28 327
2009 0 0 0 0 30 319
2010 0 0 0 0 32 357
2011 0 0 0 0 34 386
2012 0 0 0 0 35 418
2013 0 0 0 0 37 446
2014 0 0 0 0 38 488
2015 0 0 0 0 40 535
2016 0 0 0 0 42 560
2017 0 0 0 0 44 611
2018 0 0 0 0 44 650
2019 0 0 0 0 46 668
2020 0 0 0 0 46 722
2021 0 0 0 0 48 738
2022 0 0 0 0 50 799
2023 0 0 0 0 50 781

Catch numbers by breeding stock
Year Asia Hawaii MX_AR MX_ML Central_Am
1970 0.9 0 0 1.1 0.3
1971 0.9 0 0 1.2 0.3
1972 1 0 0 1.3 0.3
1973 1.1 0 0 1.3 0.4
1974 1.2 0.1 0 1.4 0.4
1975 1.2 0.1 0 1.5 0.4
1976 1.3 0.1 0 1.6 0.4
1977 1.4 0.1 0 1.6 0.4
1978 1.5 0.1 0 1.7 0.5
1979 1.6 0.1 0 1.8 0.5
1980 1.8 0.1 0 1.9 0.5
1981 1.9 0.1 0 2 0.5
1982 2 0.1 0 2.1 0.6
1983 2.2 0.1 0 2.2 0.6
1984 2.3 0.1 0 2.4 0.6
1985 2.5 0.1 0 2.5 0.7
1986 2.6 0.1 0 2.6 0.7
1987 2.8 0.1 0 2.8 0.7
1988 3 0.1 0 2.9 0.8
1989 3.2 0.1 0 3.1 0.8
1990 3.5 0.2 0 3.2 0.8
1991 3.7 0.2 0 3.4 0.9
1992 4 0.2 0 3.6 0.9
1993 4.3 0.2 0 3.8 1
1994 4.6 0.2 0 4 1
1995 4.9 0.2 0 4.2 1.1
1996 5.2 0.2 0 4.4 1.1
1997 5.6 0.2 0 4.7 1.2
1998 6 0.2 0 4.9 1.2
1999 6.4 0.2 0 5.2 1.3
2000 6.9 0.3 0 5.5 1.4
2001 7.3 0.3 0 5.8 1.4
2002 7.9 0 0 5.8 1.5
2003 8.4 0 0 5.8 1.6
2004 9 0 0 6.7 1.7
2005 9.6 0 0 8.1 1.8
2006 10.3 1 0 6.8 1.8
2007 11.1 0 0 7.7 1.9
2008 11.8 0 0 7.9 2
2009 12.7 0 0 9 2.1
2010 13.6 0 0 9.3 2.2
2011 14.5 0.8 0 10.6 2.4
2012 15.5 0 0 10.9 2.5
2013 28 0 0 10.8 2.6
2014 0 5 0 13 2.7
2015 72 0 0 14.2 2.9
2016 12 0.1 0 14.2 3
2017 12 0.1 0 13.4 3.2
2018 16 0.1 0 13.4 3.3
2019 4 0.4 0 13.4 1.7
2020 26.8 0.4 0 23.8 5
2021 28.6 0.4 0 12.8 4.7
2022 30.7 0.4 0 10.5 3.7
2023 32.8 0.4 0 18.4 4.2

Catch numbers by feeding ground
Year RUS+WAL EAL+BER GOA SEA+NBC SBC+WA OR+CA
1970 0 2.7 3.1 6.8 0.1 6.4
1971 0 1.8 0.1 4 0.1 1.5
1972 4 0.8 0.1 4.1 0.1 1.6
1973 0 0.8 0.1 4.3 0.1 1.7
1974 0 0.8 0.1 4.5 0.1 2.5
1975 0 0.8 0.2 4.7 0.1 2.7
1976 0 0.8 0.2 4.9 0.2 2.9
1977 0 0.8 0.2 5.2 0.2 3.1
1978 0 0.8 0.2 5.4 0.2 3.3
1979 0 1 0.2 5.6 0.2 3.5
1980 0 1 0.2 5.9 0.2 3.9
1981 0 1 0.3 6.1 0.3 4.2
1982 0 1 0.4 6.5 0.3 4.5
1983 0 1 0.4 6.7 0.3 4.8
1984 0 1 0.5 7.1 0.4 4.6
1985 0 1 0.5 6.7 0.4 5
1986 0 1 0.7 7.8 0.4 5.4
1987 0 1 0.7 10 0.5 5.8
1988 0 1.1 0.8 8.5 0.5 6.3
1989 0 0.9 0.8 6.1 0.6 6.1
1990 0 1 0.8 7.4 0.7 5.8
1991 0 1 0.9 8.2 0.7 7.6
1992 0 1.1 0.9 9.8 0.8 8.3
1993 0 1.1 1 7.1 0.9 8.6
1994 0 1.2 1 9.3 1 8.8
1995 0 1.2 1 9.3 1.1 9.6
1996 0 1.2 1.1 12.7 1.2 9.9
1997 0 1.2 1.3 12.7 0.9 10.7
1998 0 3 1.4 14.7 1.2 12
1999 0 2.6 1.4 17.4 1.7 13.5
2000 0 1.2 1.5 14.1 1.5 11.6
2001 0 1.2 1.8 16.4 1.7 13.4
2002 0 2.4 1.9 13.8 1.9 13.7
2003 0 1.4 2 18.9 2.3 16
2004 0 1.4 2.3 22 2.5 15.9
2005 0 1.6 2.3 23.3 5.8 20.1
2006 0 1.6 2.4 22.7 5.3 22.1
2007 0 0.1 7.3 18.4 0 18.1
2008 0 0.1 4.3 19.7 12.4 8.8
2009 0 0.1 4.3 24.1 0 9.8
2010 0 6.1 0.8 44.5 7 24.5
2011 0 3.1 4 28.4 11 11.9
2012 0 4.1 8.8 11.6 0 10
2013 0 0.1 4 31.6 0 4.7
2014 0 0.1 11.8 43.7 7 45.2
2015 0 4.1 12 51 9.1 103.4
2016 0 4.1 4.8 34.8 7.1 150.3
2017 0 4.1 2.1 16.3 11.1 60.3
2018 0 1.1 4 26.6 30.1 111.1
2019 0 4.1 6 27.3 9.1 61
2020 0 1.1 0 24 23 31.2
2021 0 2.2 7 33.7 13 62.4
2022 0 4.3 0.8 22.3 8 56
2023 0 3.6 9.1 40.1 19.2 59.7
