Stock structure: B2F1; Model type = BC
Mortality impacts feeding grounds
Recuitment related to unfished
Staying rate: 0
Age-at-matrity: 8
Base adult survival: 0
Sigma for survival devs: 6
Additional variance estimated
Weight for mark-recapture proportions: 1
Weight for genetics proportions: 1


Total objective fn: 318.926083888891
Negative log-likelihood fn: 210.815618674212

Natural Survival by feeding ground
RUS+WAL,EAL+BER,GOA,SEA+NBC,SBC+WA,OR+CA
1970 0.96 0.96 0.96 0.96 0.96 0.96
1971 0.96 0.96 0.96 0.96 0.96 0.96
1972 0.96 0.96 0.96 0.96 0.96 0.96
1973 0.96 0.96 0.96 0.96 0.96 0.96
1974 0.96 0.96 0.96 0.96 0.96 0.96
1975 0.96 0.96 0.96 0.96 0.96 0.96
1976 0.96 0.96 0.96 0.96 0.96 0.96
1977 0.96 0.96 0.96 0.96 0.96 0.96
1978 0.96 0.96 0.96 0.96 0.96 0.96
1979 0.96 0.96 0.96 0.96 0.96 0.96
1980 0.96 0.96 0.96 0.96 0.96 0.96
1981 0.96 0.96 0.96 0.96 0.96 0.96
1982 0.96 0.96 0.96 0.96 0.96 0.96
1983 0.96 0.96 0.96 0.96 0.96 0.96
1984 0.96 0.96 0.96 0.96 0.96 0.96
1985 0.96 0.96 0.96 0.96 0.96 0.96
1986 0.96 0.96 0.96 0.96 0.96 0.96
1987 0.96 0.96 0.96 0.96 0.96 0.96
1988 0.96 0.96 0.96 0.96 0.96 0.96
1989 0.96 0.96 0.96 0.96 0.96 0.96
1990 0.96 0.96 0.96 0.96 0.96 0.96
1991 0.96 0.96 0.96 0.96 0.96 0.96
1992 0.96 0.96 0.96 0.96 0.96 0.96
1993 0.96 0.96 0.96 0.96 0.96 0.96
1994 0.96 0.96 0.96 0.96 0.96 0.96
1995 0.96 0.96 0.96 0.96 0.96 0.96
1996 0.96 0.96 0.96 0.96 0.96 0.96
1997 0.96 0.96 0.96 0.96 0.96 0.96
1998 0.96 0.96 0.96 0.96 0.96 0.96
1999 0.96 0.96 0.96 0.96 0.96 0.96
2000 0.9602009 0.9813399 0.954833 0.9468087 0.9776712 0.9658602
2001 0.990852 0.9811926 0.8783772 0.9867455 0.9943337 0.9693294
2002 0.9498167 0.9817442 0.9547247 0.9762173 0.9991155 0.9779705
2003 0.9297981 0.9697542 0.8949354 0.9791782 0.9964214 0.9838791
2004 0.943174 0.9797175 0.7796321 0.9673958 0.9824537 0.9815118
2005 0.9662085 0.9743001 0.9245416 0.9341859 0.9902508 0.9690793
2006 0.969612 0.9843016 0.9880014 0.971303 0.9997061 0.8315611
2007 0.9655752 0.978926 0.981853 0.9103651 0.9933057 0.9536517
2008 0.90748 0.9867291 0.9551308 0.9949795 0.9998025 0.9210085
2009 0.9384282 0.8995993 0.9420031 0.9501835 0.9830887 0.9656073
2010 0.9609208 0.9687038 0.9892306 0.99379 0.9999957 0.9555641
2011 0.9529929 0.9090445 0.980998 0.8978725 0.981686 0.9490325
2012 0.9684148 0.9844481 0.9675349 0.9762267 0.9705423 0.9625723
2013 0.9517633 0.9702487 0.9562872 0.7645567 0.942866 0.9809103
2014 0.9600159 0.9696974 0.6259925 0.7853649 0.9424337 0.9849675
2015 0.9700276 0.7515023 0.8675673 0.8935205 0.9973225 0.9874212
2016 0.9305269 0.9222697 0.6143134 0.7273952 0.9993238 0.9821425
2017 0.9118646 0.7281266 0.9297581 0.9606525 0.9794594 0.9757863
2018 0.9500282 0.8060782 0.9720663 0.9076737 0.9999593 0.968052
2019 0.9631597 0.9363709 0.841108 0.9172054 0.9539666 0.9649684
2020 0.9374515 0.9535469 0.8216536 0.8857083 0.9631504 0.9757974
2021 0.9086737 0.9581044 0.9604671 0.9207785 0.9609142 0.9471409
2022 0.824736 0.9080895 0.8992481 0.9212144 0.9669222 0.9698163
2023 0.8527884 0.9772679 0.9738871 0.9400973 0.9920995 0.9670475

Naturak Survival by breeding stock
RUS+WAL,EAL+BER,GOA,SEA+NBC,SBC+WA,OR+CA
1970 0.96 0.96 0.96 0.96 0.96
1971 0.96 0.96 0.96 0.96 0.96
1972 0.96 0.96 0.96 0.96 0.96
1973 0.96 0.96 0.96 0.96 0.96
1974 0.96 0.96 0.96 0.96 0.96
1975 0.96 0.96 0.96 0.96 0.96
1976 0.96 0.96 0.96 0.96 0.96
1977 0.96 0.96 0.96 0.96 0.96
1978 0.96 0.96 0.96 0.96 0.96
1979 0.96 0.96 0.96 0.96 0.96
1980 0.96 0.96 0.96 0.96 0.96
1981 0.96 0.96 0.96 0.96 0.96
1982 0.96 0.96 0.96 0.96 0.96
1983 0.96 0.96 0.96 0.96 0.96
1984 0.96 0.96 0.96 0.96 0.96
1985 0.96 0.96 0.96 0.96 0.96
1986 0.96 0.96 0.96 0.96 0.96
1987 0.96 0.96 0.96 0.96 0.96
1988 0.96 0.96 0.96 0.96 0.96
1989 0.96 0.96 0.96 0.96 0.96
1990 0.96 0.96 0.96 0.96 0.96
1991 0.96 0.96 0.96 0.96 0.96
1992 0.96 0.96 0.96 0.96 0.96
1993 0.96 0.96 0.96 0.96 0.96
1994 0.96 0.96 0.96 0.96 0.96
1995 0.96 0.96 0.96 0.96 0.96
1996 0.96 0.96 0.96 0.96 0.96
1997 0.96 0.96 0.96 0.96 0.96
1998 0.96 0.96 0.96 0.96 0.96
1999 0.96 0.96 0.96 0.96 0.96
2000 0.96 0.96 0.96 0.96 0.96
2001 0.96 0.96 0.96 0.96 0.96
2002 0.96 0.96 0.96 0.96 0.96
2003 0.96 0.96 0.96 0.96 0.96
2004 0.96 0.96 0.96 0.96 0.96
2005 0.96 0.96 0.96 0.96 0.96
2006 0.96 0.96 0.96 0.96 0.96
2007 0.96 0.96 0.96 0.96 0.96
2008 0.96 0.96 0.96 0.96 0.96
2009 0.96 0.96 0.96 0.96 0.96
2010 0.96 0.96 0.96 0.96 0.96
2011 0.96 0.96 0.96 0.96 0.96
2012 0.96 0.96 0.96 0.96 0.96
2013 0.96 0.96 0.96 0.96 0.96
2014 0.96 0.96 0.96 0.96 0.96
2015 0.96 0.96 0.96 0.96 0.96
2016 0.96 0.96 0.96 0.96 0.96
2017 0.96 0.96 0.96 0.96 0.96
2018 0.96 0.96 0.96 0.96 0.96
2019 0.96 0.96 0.96 0.96 0.96
2020 0.96 0.96 0.96 0.96 0.96
2021 0.96 0.96 0.96 0.96 0.96
2022 0.96 0.96 0.96 0.96 0.96
2023 0.96 0.96 0.96 0.96 0.96

Fecundity by feeding ground
RUS+WAL,EAL+BER,GOA,SEA+NBC,SBC+WA,OR+CA
1970 0.9647195 0.9650986 0.963439 0.9614196 0.9661387 0.9698889
1971 0.9647822 0.9651616 0.9634493 0.9615306 0.9661759 0.9699598
1972 0.96278 0.9628989 0.9607577 0.9584987 0.9641556 0.9688768
1973 0.9606402 0.9607368 0.9581767 0.9556248 0.9622279 0.967864
1974 0.9586174 0.9586779 0.9557118 0.9529132 0.9603936 0.9669401
1975 0.956699 0.9567159 0.9533639 0.9503532 0.9586474 0.9660848
1976 0.9548862 0.9548464 0.9511218 0.9479365 0.957009 0.9652942
1977 0.9531738 0.9530641 0.9489803 0.9456584 0.9554513 0.9645634
1978 0.9515579 0.9513656 0.9469351 0.9435092 0.9539727 0.9638942
1979 0.9500342 0.949754 0.9449819 0.9414824 0.952568 0.9632807
1980 0.9486066 0.9482196 0.9431166 0.9395753 0.9512336 0.9627276
1981 0.9472601 0.946757 0.941342 0.9377742 0.9499888 0.9622243
1982 0.9453884 0.9447489 0.9389251 0.9352768 0.9482635 0.9614933
1983 0.943052 0.9422459 0.9359182 0.9321482 0.9461026 0.9605608
1984 0.9402976 0.9392998 0.9323898 0.9284676 0.9435779 0.9594392
1985 0.937182 0.9359584 0.9283912 0.9242786 0.9407109 0.9581735
1986 0.9337444 0.9322666 0.9239914 0.9196894 0.9375407 0.9567834
1987 0.9300356 0.9282681 0.9192292 0.9147962 0.9341303 0.9552908
1988 0.9260953 0.9240052 0.9141598 0.9095425 0.9304926 0.9537193
1989 0.921961 0.9195059 0.9088218 0.9039443 0.9266841 0.9520608
1990 0.9176742 0.9148145 0.9032579 0.8981592 0.9227362 0.9503235
1991 0.9132588 0.9099593 0.8975131 0.8922153 0.918655 0.9485946
1992 0.9085984 0.9048137 0.8914284 0.8859777 0.9143488 0.9467825
1993 0.9035904 0.8992649 0.8848829 0.8791783 0.9097248 0.9448318
1994 0.8981526 0.8932274 0.8777681 0.8718598 0.9047058 0.9426996
1995 0.8922221 0.8866293 0.8700062 0.8638788 0.8992345 0.9403806
1996 0.8857535 0.8794202 0.8615493 0.855287 0.8932666 0.9378346
1997 0.8787252 0.8715678 0.8523716 0.8459528 0.8866786 0.9350681
1998 0.8711222 0.8631136 0.8424516 0.8359255 0.879591 0.9320849
1999 0.8629433 0.8539865 0.8317853 0.8252388 0.8720567 0.9288944
2000 0.8542062 0.8441618 0.8203997 0.8137314 0.8639192 0.9253834
2001 0.8448812 0.8289882 0.8096226 0.8049738 0.8519761 0.9211847
2002 0.828168 0.8129817 0.8165072 0.7842269 0.8357269 0.9163912
2003 0.8203776 0.7955124 0.8036777 0.7661529 0.8170399 0.9104377
2004 0.8163079 0.780237 0.8067133 0.7457699 0.7973605 0.9033502
2005 0.8084639 0.7605386 0.833826 0.7284628 0.7808195 0.8960704
2006 0.7943005 0.7414376 0.8261638 0.7223366 0.7599873 0.8897503
2007 0.7786392 0.7170204 0.8052006 0.7005634 0.7326078 0.8991722
2008 0.7633191 0.6932588 0.7854587 0.7029592 0.7086072 0.8926308
2009 0.7653528 0.6642584 0.7725621 0.6678147 0.6765441 0.8911459
2010 0.7565527 0.6730928 0.762484 0.6545957 0.651792 0.8837538
2011 0.7402027 0.648681 0.7354664 0.6176252 0.6169991 0.8773533
2012 0.7260814 0.6523933 0.7120176 0.6284341 0.5872678 0.87132
2013 0.7063341 0.6172051 0.6921345 0.5974049 0.5618613 0.8622556
2014 0.6912882 0.5897655 0.6772161 0.6711184 0.5535839 0.8504595
2015 0.6773129 0.5621223 0.7814511 0.7194179 0.5452358 0.8390618
2016 0.6537054 0.6485044 0.7872471 0.7210157 0.4993255 0.8278675
2017 0.648037 0.640323 0.8529667 0.7774612 0.4509128 0.8148011
2018 0.6503815 0.7162237 0.8397325 0.752403 0.4227139 0.8036612
2019 0.6333584 0.7460646 0.8235853 0.7506484 0.3725811 0.7922079
2020 0.6115546 0.7295181 0.8362541 0.7452817 0.3654152 0.7797271
2021 0.6033784 0.7091551 0.8499844 0.7507808 0.3491881 0.7637242
2022 0.6097799 0.6879765 0.8347555 0.7442394 0.3329463 0.7559739
2023 0.6545499 0.6879338 0.8355154 0.7387545 0.3148824 0.7396303

Total abundance: Estimate SD_log
1970 1081.305 NaN
1971 1360.469 NaN
1972 1589.296 NaN
1973 1802.381 NaN
1974 2008.037 NaN
1975 2201.981 NaN
1976 2385.463 NaN
1977 2558.885 NaN
1978 2722.822 NaN
1979 2877.613 NaN
1980 3023.564 NaN
1981 3238.321 NaN
1982 3502.845 NaN
1983 3811.173 NaN
1984 4158.323 NaN
1985 4539.499 NaN
1986 4950.482 NaN
1987 5385.472 NaN
1988 5839.195 NaN
1989 6311.656 NaN
1990 6801.688 NaN
1991 7321.725 NaN
1992 7880.823 NaN
1993 8487.482 NaN
1994 9152.846 NaN
1995 9876.6 NaN
1996 10663.08 NaN
1997 11510.39 NaN
1998 12421.19 NaN
1999 13389.1 NaN
2000 14412.29 NaN
2001 15542.02 NaN
2002 16917.52 NaN
2003 18467.45 NaN
2004 19845.7 NaN
2005 20990.01 NaN
2006 22248.17 NaN
2007 23888.9 NaN
2008 25236.16 NaN
2009 27391.82 NaN
2010 28229.33 NaN
2011 30785.06 NaN
2012 31256.61 NaN
2013 33912.82 NaN
2014 33463.42 NaN
2015 32242.86 NaN
2016 30465.63 NaN
2017 28793.89 NaN
2018 27941.83 NaN
2019 27899.55 NaN
2020 28911.71 NaN
2021 29715.66 NaN
2022 30877.25 NaN
2023 31154.96 NaN
2024 32793.64 NaN

Breeding stock abundance: Estimate SD_log Estimate/K
Asia
1 77.65162 NaN 1.403659
2 98.40517 NaN 1.778807
3 114.6726 NaN 2.072864
4 127.0996 NaN 2.297497
5 141.1296 NaN 2.55111
6 154.285 NaN 2.788911
7 166.7159 NaN 3.013617
8 178.3592 NaN 3.224085
9 189.2494 NaN 3.420941
10 199.4192 NaN 3.604773
11 208.8919 NaN 3.776004
12 222.9422 NaN 4.029983
13 240.3219 NaN 4.344145
14 260.6201 NaN 4.711063
15 283.3516 NaN 5.121965
16 308.2699 NaN 5.572397
17 334.9481 NaN 6.054642
18 363.1951 NaN 6.565245
19 392.6364 NaN 7.097436
20 423.0176 NaN 7.646618
21 454.1205 NaN 8.208844
22 486.9241 NaN 8.801815
23 522.2342 NaN 9.440093
24 560.4877 NaN 10.13158
25 602.0894 NaN 10.88358
26 647.3125 NaN 11.70105
27 696.324 NaN 12.587
28 749.1875 NaN 13.54258
29 805.77 NaN 14.56539
30 865.9026 NaN 15.65237
31 929.475 NaN 16.80152
32 1000.354 NaN 18.08275
33 1115.012 NaN 20.15536
34 1182.041 NaN 21.36699
35 1222.279 NaN 22.09435
36 1285.045 NaN 23.22893
37 1384.886 NaN 25.0337
38 1499.427 NaN 27.10417
39 1611.702 NaN 29.13371
40 1628.485 NaN 29.43707
41 1671.951 NaN 30.22279
42 1786.526 NaN 32.29389
43 1866.222 NaN 33.7345
44 2006.377 NaN 36.26798
45 2094.089 NaN 37.85351
46 2234.448 NaN 40.39069
47 2252.859 NaN 40.72349
48 2293.326 NaN 41.45498
49 2228.123 NaN 40.27635
50 2288.1 NaN 41.36051
51 2434.301 NaN 44.0033
52 2488.233 NaN 44.97818
53 2464.147 NaN 44.5428
54 2214.059 NaN 40.02212
Hawaii
1 681.6597 NaN 1.876539
2 861.233 NaN 2.370886
3 1007.396 NaN 2.773257
4 1145.909 NaN 3.154569
5 1278.166 NaN 3.518658
6 1403.68 NaN 3.864187
7 1522.805 NaN 4.192126
8 1635.86 NaN 4.503353
9 1743.097 NaN 4.798566
10 1844.885 NaN 5.078778
11 1941.352 NaN 5.34434
12 2082.438 NaN 5.732737
13 2255.95 NaN 6.210399
14 2458.115 NaN 6.766936
15 2685.846 NaN 7.393856
16 2935.655 NaN 8.081554
17 3205.567 NaN 8.824596
18 3491.222 NaN 9.610974
19 3789 NaN 10.43073
20 4100.107 NaN 11.28717
21 4423.629 NaN 12.17779
22 4766.347 NaN 13.12126
23 5135.783 NaN 14.13828
24 5536.492 NaN 15.24139
25 5976.794 NaN 16.4535
26 6454.826 NaN 17.76947
27 6974.457 NaN 19.19996
28 7532.881 NaN 20.73724
29 8133.235 NaN 22.38996
30 8770.897 NaN 24.14538
31 9444.525 NaN 25.9998
32 10146.33 NaN 27.9318
33 11034.39 NaN 30.37653
34 12062.08 NaN 33.20567
35 12976.49 NaN 35.72295
36 13654.52 NaN 37.58948
37 14348.35 NaN 39.49952
38 15686.36 NaN 43.18294
39 16416.13 NaN 45.19192
40 18080.16 NaN 49.77282
41 18601.08 NaN 51.20685
42 20413.97 NaN 56.19757
43 20509.2 NaN 56.45971
44 22262.2 NaN 61.28554
45 21104.52 NaN 58.09858
46 19406.28 NaN 53.42348
47 17959.99 NaN 49.442
48 16092.99 NaN 44.30235
49 15534.34 NaN 42.76443
50 15322.01 NaN 42.1799
51 15683.75 NaN 43.17575
52 15796.69 NaN 43.48666
53 16481.56 NaN 45.37204
54 16587.06 NaN 45.66245
MX_AR
1 117.097 NaN 1.066654
2 148.0551 NaN 1.348657
3 173.5091 NaN 1.580521
4 197.4444 NaN 1.798552
5 220.7097 NaN 2.010479
6 242.8439 NaN 2.212102
7 263.9211 NaN 2.404098
8 284.0011 NaN 2.58701
9 303.1323 NaN 2.761279
10 321.3601 NaN 2.927319
11 338.6798 NaN 3.085087
12 363.8708 NaN 3.314555
13 394.8055 NaN 3.596344
14 430.8679 NaN 3.924843
15 471.5112 NaN 4.295069
16 516.2092 NaN 4.702229
17 564.4628 NaN 5.141779
18 615.7224 NaN 5.60871
19 669.5482 NaN 6.099018
20 725.5943 NaN 6.609551
21 783.6528 NaN 7.138414
22 845.4794 NaN 7.701602
23 912.1839 NaN 8.309224
24 984.8146 NaN 8.970828
25 1064.296 NaN 9.694834
26 1151.049 NaN 10.48509
27 1245.464 NaN 11.34512
28 1347.635 NaN 12.27582
29 1457.627 NaN 13.27775
30 1574.758 NaN 14.34471
31 1699.197 NaN 15.47825
32 1854.905 NaN 16.89661
33 2000.499 NaN 18.22286
34 2185.368 NaN 19.90686
35 2326.621 NaN 21.19355
36 2440.771 NaN 22.23336
37 2621.93 NaN 23.88356
38 2852.818 NaN 25.98676
39 3092.059 NaN 28.16604
40 3344.137 NaN 30.46226
41 3387.789 NaN 30.8599
42 3673.653 NaN 33.46387
43 3762.481 NaN 34.27302
44 4098.819 NaN 37.33677
45 4307.312 NaN 39.23597
46 4282.829 NaN 39.01295
47 3847.304 NaN 35.04569
48 3746.416 NaN 34.12668
49 3382.089 NaN 30.80798
50 3277.678 NaN 29.85688
51 3405.828 NaN 31.02421
52 3548.507 NaN 32.3239
53 3735.429 NaN 34.0266
54 3733.13 NaN 34.00566
MX_ML
1 162.4807 NaN 0.5428276
2 201.0401 NaN 0.6716494
3 233.6652 NaN 0.7806458
4 264.0775 NaN 0.8822495
5 292.9755 NaN 0.9787939
6 319.5931 NaN 1.06772
7 344.4013 NaN 1.150601
8 367.4668 NaN 1.22766
9 388.9981 NaN 1.299593
10 408.9713 NaN 1.366321
11 427.4268 NaN 1.427979
12 455.2965 NaN 1.521088
13 489.8089 NaN 1.63639
14 530.1246 NaN 1.771079
15 575.478 NaN 1.922599
16 625.3608 NaN 2.089251
17 678.8935 NaN 2.268097
18 735.4242 NaN 2.456959
19 794.2524 NaN 2.653496
20 855.0288 NaN 2.856543
21 917.7258 NaN 3.066006
22 984.6571 NaN 3.289614
23 1055.818 NaN 3.527354
24 1132.979 NaN 3.78514
25 1217.405 NaN 4.067196
26 1309.649 NaN 4.375372
27 1409.798 NaN 4.709957
28 1518.287 NaN 5.072403
29 1634.904 NaN 5.462007
30 1758.843 NaN 5.876071
31 1889.794 NaN 6.313564
32 2053.546 NaN 6.860637
33 2237.591 NaN 7.475508
34 2454.66 NaN 8.200707
35 2674.78 NaN 8.936099
36 2898.723 NaN 9.684265
37 3123.331 NaN 10.43465
38 3137.081 NaN 10.48059
39 3357.374 NaN 11.21656
40 3556.489 NaN 11.88178
41 3718.849 NaN 12.4242
42 4002.059 NaN 13.37037
43 4152.295 NaN 13.87229
44 4500.835 NaN 15.03672
45 4805.019 NaN 16.05296
46 5056.637 NaN 16.89358
47 5036.35 NaN 16.82581
48 5197.759 NaN 17.36505
49 5223.508 NaN 17.45108
50 5346.255 NaN 17.86116
51 5621.98 NaN 18.78232
52 5978.503 NaN 19.97342
53 6221.523 NaN 20.78532
54 6507.926 NaN 21.74216
Central_Am
1 42.4161 NaN 0.9976494
2 51.73534 NaN 1.216843
3 60.05257 NaN 1.412469
4 67.85099 NaN 1.595892
5 75.05705 NaN 1.765382
6 81.57871 NaN 1.918775
7 87.61954 NaN 2.060859
8 93.19845 NaN 2.192077
9 98.3457 NaN 2.313144
10 102.9773 NaN 2.422081
11 107.214 NaN 2.521731
12 113.7738 NaN 2.676021
13 121.9584 NaN 2.868526
14 131.4456 NaN 3.091671
15 142.1367 NaN 3.343131
16 154.0044 NaN 3.622266
17 166.6105 NaN 3.918768
18 179.9082 NaN 4.231537
19 193.7581 NaN 4.557295
20 207.9081 NaN 4.890111
21 222.5599 NaN 5.234728
22 238.3175 NaN 5.605356
23 254.8041 NaN 5.993129
24 272.7088 NaN 6.414257
25 292.2623 NaN 6.874167
26 313.7625 NaN 7.379862
27 337.0352 NaN 7.927249
28 362.3984 NaN 8.523804
29 389.6522 NaN 9.164828
30 418.6961 NaN 9.847955
31 449.2988 NaN 10.56775
32 486.8821 NaN 11.45173
33 530.0339 NaN 12.46668
34 583.2953 NaN 13.71942
35 645.5244 NaN 15.18308
36 710.9522 NaN 16.72198
37 769.6786 NaN 18.10325
38 713.2073 NaN 16.77502
39 758.8869 NaN 17.84943
40 782.5457 NaN 18.40589
41 849.6614 NaN 19.98449
42 908.8441 NaN 21.3765
43 966.4066 NaN 22.7304
44 1044.593 NaN 24.56938
45 1152.477 NaN 27.10688
46 1262.662 NaN 29.6985
47 1369.127 NaN 32.2026
48 1463.399 NaN 34.41992
49 1573.77 NaN 37.01591
50 1665.511 NaN 39.17371
51 1765.844 NaN 41.5336
52 1903.731 NaN 44.77677
53 1974.59 NaN 46.44342
54 2112.79 NaN 49.69396

Feeding stock abundance: Estimate SD_log Estimate/K
RUS+WAL
1 105.3869 NaN 1.266503
2 134.4526 NaN 1.615804
3 153.2975 NaN 1.842275
4 174.326 NaN 2.094989
5 194.1919 NaN 2.33373
6 213.0407 NaN 2.560249
7 230.8438 NaN 2.774201
8 247.6522 NaN 2.976197
9 263.5048 NaN 3.166709
10 278.4431 NaN 3.346231
11 292.4186 NaN 3.514184
12 313.0978 NaN 3.7627
13 338.6128 NaN 4.06933
14 368.3214 NaN 4.426357
15 401.7856 NaN 4.828519
16 438.4471 NaN 5.269104
17 477.9453 NaN 5.743779
18 519.7813 NaN 6.24655
19 563.5784 NaN 6.772888
20 608.9804 NaN 7.318513
21 655.58 NaN 7.878531
22 705.0596 NaN 8.47316
23 758.3736 NaN 9.113868
24 816.3395 NaN 9.810483
25 879.5786 NaN 10.57047
26 948.5324 NaN 11.39913
27 1023.479 NaN 12.29982
28 1104.458 NaN 13.27299
29 1191.467 NaN 14.31863
30 1284.376 NaN 15.43518
31 1382.869 NaN 16.61883
32 1487.583 NaN 17.87726
33 1666.491 NaN 20.02731
34 1762.568 NaN 21.18193
35 1815.762 NaN 21.82119
36 1903.208 NaN 22.87209
37 2056.553 NaN 24.71494
38 2229.915 NaN 26.79834
39 2401.374 NaN 28.85888
40 2399.823 NaN 28.84024
41 2493.875 NaN 29.97052
42 2674.646 NaN 32.14296
43 2829.384 NaN 34.00255
44 3035.878 NaN 36.48411
45 3204.816 NaN 38.51436
46 3356.04 NaN 40.33172
47 3612.962 NaN 43.41932
48 3688.858 NaN 44.33141
49 3668.687 NaN 44.089
50 3846.855 NaN 46.23015
51 4078.786 NaN 49.01742
52 4175.466 NaN 50.17929
53 4127.15 NaN 49.59865
54 3686.995 NaN 44.30901
EAL+BER
1 263.8919 NaN 1.218902
2 336.6142 NaN 1.554802
3 394.9325 NaN 1.824171
4 450.4693 NaN 2.080693
5 503.3605 NaN 2.324994
6 553.7695 NaN 2.55783
7 601.8047 NaN 2.779702
8 647.6021 NaN 2.991238
9 691.2442 NaN 3.192818
10 732.6296 NaN 3.383975
11 772.0281 NaN 3.565955
12 829.4664 NaN 3.831259
13 900.1164 NaN 4.157587
14 982.5671 NaN 4.538422
15 1075.508 NaN 4.967711
16 1177.732 NaN 5.439878
17 1288.112 NaN 5.949718
18 1405.547 NaN 6.492142
19 1528.968 NaN 7.062216
20 1657.721 NaN 7.656919
21 1790.653 NaN 8.270928
22 1932.254 NaN 8.924972
23 2085.293 NaN 9.63185
24 2252.164 NaN 10.40262
25 2434.539 NaN 11.245
26 2633.79 NaN 12.16533
27 2850.74 NaN 13.16741
28 3085.756 NaN 14.25293
29 3337.084 NaN 15.4138
30 3606.461 NaN 16.65804
31 3894.24 NaN 17.98727
32 4321.554 NaN 19.96102
33 4781.642 NaN 22.08613
34 5283.002 NaN 24.40189
35 5731.045 NaN 26.47138
36 6291.01 NaN 29.05782
37 6842.765 NaN 31.60635
38 7532.192 NaN 34.79077
39 8210.422 NaN 37.92348
40 9022.507 NaN 41.67445
41 8867.371 NaN 40.95789
42 9532.316 NaN 44.02923
43 9494.282 NaN 43.85355
44 10431.92 NaN 48.18445
45 11197.76 NaN 51.72184
46 11957.18 NaN 55.22957
47 9767.504 NaN 45.11556
48 9935.726 NaN 45.89256
49 7993.314 NaN 36.92067
50 7064.667 NaN 32.6313
51 7420.965 NaN 34.27702
52 7943.792 NaN 36.69193
53 8539.001 NaN 39.44117
54 8574.403 NaN 39.60469
GOA
1 143.1825 NaN 1.427294
2 183.5854 NaN 1.830044
3 215.8395 NaN 2.151565
4 246.6391 NaN 2.458586
5 276.051 NaN 2.751774
6 304.0518 NaN 3.030896
7 330.7917 NaN 3.297449
8 356.3338 NaN 3.552061
9 380.7269 NaN 3.795221
10 404.0227 NaN 4.027441
11 426.27 NaN 4.249211
12 458.3651 NaN 4.569145
13 497.6621 NaN 4.960872
14 543.4775 NaN 5.417576
15 594.982 NaN 5.930992
16 651.5911 NaN 6.495291
17 712.4643 NaN 7.102097
18 777.1798 NaN 7.747204
19 845.0841 NaN 8.424098
20 915.7446 NaN 9.128466
21 988.6693 NaN 9.855405
22 1066.148 NaN 10.62774
23 1149.828 NaN 11.46189
24 1240.831 NaN 12.36904
25 1340.172 NaN 13.35931
26 1448.491 NaN 14.43907
27 1566.069 NaN 15.61113
28 1692.935 NaN 16.87577
29 1829.109 NaN 18.23321
30 1974.41 NaN 19.68162
31 2128.28 NaN 21.21545
32 2275.228 NaN 22.68028
33 2209.841 NaN 22.02848
34 2362.436 NaN 23.54959
35 2343.635 NaN 23.36219
36 2021.915 NaN 20.15516
37 2083.128 NaN 20.76536
38 2343.37 NaN 23.35955
39 2605.808 NaN 25.97562
40 2786.016 NaN 27.77199
41 2926.041 NaN 29.16782
42 3255.449 NaN 32.45147
43 3566.98 NaN 35.55692
44 3823.058 NaN 38.10959
45 4006.258 NaN 39.9358
46 2783.528 NaN 27.74719
47 2637.592 NaN 26.29245
48 1846.929 NaN 18.41084
49 1907.05 NaN 19.01015
50 2105.776 NaN 20.99112
51 1979.344 NaN 19.7308
52 1800.204 NaN 17.94507
53 1961.439 NaN 19.55232
54 1962.687 NaN 19.56476
SEA+NBC
1 384.4784 NaN 1.680876
2 489.0591 NaN 2.138086
3 571.0916 NaN 2.496718
4 648.4743 NaN 2.835023
5 721.4875 NaN 3.154224
6 790.4191 NaN 3.455582
7 855.4869 NaN 3.740048
8 916.7977 NaN 4.008088
9 974.6223 NaN 4.260888
10 1029.133 NaN 4.4992
11 1080.391 NaN 4.723291
12 1156.287 NaN 5.055097
13 1249.772 NaN 5.463798
14 1358.922 NaN 5.940985
15 1481.598 NaN 6.477301
16 1616.794 NaN 7.068359
17 1761.402 NaN 7.70056
18 1912.707 NaN 8.362041
19 2072.845 NaN 9.062138
20 2241.537 NaN 9.79963
21 2414.032 NaN 10.55375
22 2596.56 NaN 11.35173
23 2792 NaN 12.20616
24 3007.447 NaN 13.14806
25 3240.316 NaN 14.16613
26 3494.135 NaN 15.27578
27 3766.325 NaN 16.46575
28 4060.319 NaN 17.75105
29 4373.852 NaN 19.12176
30 4705.38 NaN 20.57115
31 5059.581 NaN 22.11965
32 5339.016 NaN 23.3413
33 5941.505 NaN 25.97528
34 6492.737 NaN 28.38518
35 7105.318 NaN 31.06328
36 7637.663 NaN 33.3906
37 7860.472 NaN 34.36469
38 8495.482 NaN 37.14085
39 8487.853 NaN 37.10749
40 9475.556 NaN 41.42557
41 9892.307 NaN 43.24753
42 10970.33 NaN 47.96049
43 10738.86 NaN 46.94852
44 11618.68 NaN 50.79497
45 9641.106 NaN 42.14932
46 8238.503 NaN 36.01737
47 8119.019 NaN 35.49501
48 6545.497 NaN 28.61583
49 7103.727 NaN 31.05632
50 7173.393 NaN 31.36089
51 7336.554 NaN 32.0742
52 7164.948 NaN 31.32397
53 7339.242 NaN 32.08596
54 7448.059 NaN 32.56168
SBC+WA
1 32.15285 NaN 1.088292
2 41.1157 NaN 1.391662
3 48.2141 NaN 1.631925
4 54.9669 NaN 1.86049
5 61.39325 NaN 2.078005
6 67.51203 NaN 2.285111
7 73.23829 NaN 2.47893
8 78.68374 NaN 2.663245
9 83.8522 NaN 2.838184
10 88.7621 NaN 3.004371
11 93.42582 NaN 3.162227
12 100.173 NaN 3.390602
13 108.5002 NaN 3.672455
14 118.2405 NaN 4.002141
15 129.1305 NaN 4.370741
16 141.1131 NaN 4.77632
17 154.0562 NaN 5.214412
18 167.7277 NaN 5.677154
19 182.1008 NaN 6.16365
20 196.9675 NaN 6.66685
21 212.2229 NaN 7.183207
22 228.4783 NaN 7.733409
23 245.984 NaN 8.325931
24 265.0027 NaN 8.969666
25 285.746 NaN 9.671775
26 308.3563 NaN 10.43708
27 332.9353 NaN 11.26901
28 359.9199 NaN 12.18237
29 388.7546 NaN 13.15836
30 419.1845 NaN 14.18833
31 451.8149 NaN 15.29278
32 498.0153 NaN 16.85655
33 560.6425 NaN 18.97632
34 633.2145 NaN 21.4327
35 710.1144 NaN 24.03557
36 775.9505 NaN 26.26395
37 856.7488 NaN 28.99877
38 962.1156 NaN 32.56517
39 1054.919 NaN 35.70633
40 1177.791 NaN 39.86522
41 1275.092 NaN 43.15861
42 1407.895 NaN 47.65367
43 1524.239 NaN 51.5916
44 1623.067 NaN 54.9367
45 1658.288 NaN 56.12884
46 1694.452 NaN 57.35289
47 1864.223 NaN 63.09922
48 2038.39 NaN 68.99433
49 2137.515 NaN 72.34943
50 2317.086 NaN 78.42748
51 2337.478 NaN 79.1177
52 2399.745 NaN 81.22525
53 2458.51 NaN 83.21432
54 2520.02 NaN 85.29625
OR+CA
1 130.8124 NaN 0.6173777
2 165.7417 NaN 0.7822289
3 192.6204 NaN 0.9090843
4 217.7059 NaN 1.027477
5 240.4533 NaN 1.134835
6 261.4878 NaN 1.234109
7 280.8976 NaN 1.325715
8 298.8156 NaN 1.41028
9 315.1718 NaN 1.487474
10 330.1223 NaN 1.558034
11 343.5305 NaN 1.621315
12 364.5317 NaN 1.720431
13 390.6814 NaN 1.843846
14 421.3441 NaN 1.988561
15 456.3192 NaN 2.153628
16 494.421 NaN 2.333452
17 535.202 NaN 2.525921
18 578.129 NaN 2.728517
19 622.6187 NaN 2.938489
20 669.0057 NaN 3.157416
21 717.1303 NaN 3.384543
22 766.6263 NaN 3.618143
23 819.7452 NaN 3.868841
24 877.697 NaN 4.142348
25 941.3942 NaN 4.442971
26 1010.695 NaN 4.770039
27 1086.53 NaN 5.12795
28 1168.501 NaN 5.514815
29 1256.321 NaN 5.92929
30 1349.584 NaN 6.369452
31 1451.506 NaN 6.850477
32 1571.32 NaN 7.415949
33 1708.503 NaN 8.063393
34 1877.089 NaN 8.859043
35 2078.324 NaN 9.808787
36 2287.663 NaN 10.79677
37 2474.507 NaN 11.6786
38 2261.222 NaN 10.67199
39 2408.778 NaN 11.36839
40 2468.027 NaN 11.64801
41 2666.645 NaN 12.58541
42 2857.718 NaN 13.48719
43 3039.462 NaN 14.34494
44 3298.42 NaN 15.56711
45 3626.688 NaN 17.11639
46 3944.448 NaN 18.61608
47 4233.931 NaN 19.98231
48 4615.893 NaN 21.78501
49 4925.835 NaN 23.2478
50 5264.773 NaN 24.84744
51 5623.28 NaN 26.53944
52 6066.709 NaN 28.63223
53 6315.208 NaN 29.80504
54 6775.298 NaN 31.97646

Parameters: Estimate  Std. Error      z value    Pr(>|z^2|)
rval 0.09125519 NaN NaN NaN
logK 8.61832058 NaN NaN NaN
logK 10.50027172 NaN NaN NaN
logK 9.30364557 NaN NaN NaN
logK 10.30669325 NaN NaN NaN
logK 8.35505159 NaN NaN NaN
logBK 4.30141993 NaN NaN NaN
logBK 4.00649796 NaN NaN NaN
logBK 4.57922294 NaN NaN NaN
logBK 5.25974071 NaN NaN NaN
logBK 4.64676691 NaN NaN NaN
MixPars -1.91345043 NaN NaN NaN
MixPars -2.95353481 NaN NaN NaN
MixPars -0.81970764 NaN NaN NaN
MixPars -1.19922483 NaN NaN NaN
MixPars -2.90246346 NaN NaN NaN
MixPars -1.55509315 NaN NaN NaN
MixPars -0.77011484 NaN NaN NaN
MixPars -1.68322012 NaN NaN NaN
MixPars -3.41984894 NaN NaN NaN
MixPars -1.77366838 NaN NaN NaN
MixPars -1.63887094 NaN NaN NaN
MixPars -1.44211246 NaN NaN NaN
MixPars -1.13413292 NaN NaN NaN
MixPars -1.54552062 NaN NaN NaN
MixPars 0.84794204 NaN NaN NaN
MixPars -2.91790246 NaN NaN NaN
AddV 0.04844268 NaN NaN NaN
AddV 0.01569027 NaN NaN NaN
AddV 0.01224193 NaN NaN NaN
log_sigmaEnv 0.20775636 NaN NaN NaN
omega_sst 0.89826712 NaN NaN NaN
omega_sst 0.38469912 NaN NaN NaN
omega_sst 0.61562742 NaN NaN NaN
omega_sst 0.24997983 NaN NaN NaN
omega_sst 0.48350091 NaN NaN NaN
omega_sst 0.08526328 NaN NaN NaN
omega_mld -0.14771586 NaN NaN NaN
omega_mld 0.33980669 NaN NaN NaN
omega_mld -0.35667025 NaN NaN NaN
omega_mld -0.77742357 NaN NaN NaN
omega_mld -9.64208431 NaN NaN NaN
omega_mld 0.31560117 NaN NaN NaN

Mixing matrix
0.87140629 0.12859371 0 0 0 0 ,# Asia
0.02820668 0.23826557 0.16301932 0.54082379 0.02968465 0 ,# Hawaii
0.1023937 0.4848882 0.22448379 0.09008001 0.01586427 0.08229003 ,# MX_AR
0.04515876 0.23253837 0.05497853 0.07480781 0.04957738 0.54293916 ,# MX_ML
0 0 0 0 0.05127564 0.94872436 ,# Central_Am

Split of breeding stock to feeding grounds over time
Split for: Asia
Year RUS+WAL EAL+BER GOA SEA+NBC SBC+WA OR+CA
1970 0.87254 0.12746 0 0 0 0
1971 0.87312 0.12688 0 0 0 0
1972 0.87046 0.12954 0 0 0 0
1973 0.87067 0.12933 0 0 0 0
1974 0.87085 0.12915 0 0 0 0
1975 0.87101 0.12899 0 0 0 0
1976 0.87116 0.12884 0 0 0 0
1977 0.8713 0.1287 0 0 0 0
1978 0.87143 0.12857 0 0 0 0
1979 0.87159 0.12841 0 0 0 0
1980 0.87174 0.12826 0 0 0 0
1981 0.87188 0.12812 0 0 0 0
1982 0.872 0.128 0 0 0 0
1983 0.87212 0.12788 0 0 0 0
1984 0.87224 0.12776 0 0 0 0
1985 0.87234 0.12766 0 0 0 0
1986 0.87244 0.12756 0 0 0 0
1987 0.87254 0.12746 0 0 0 0
1988 0.87263 0.12737 0 0 0 0
1989 0.87271 0.12729 0 0 0 0
1990 0.8728 0.1272 0 0 0 0
1991 0.87288 0.12712 0 0 0 0
1992 0.87297 0.12703 0 0 0 0
1993 0.87306 0.12694 0 0 0 0
1994 0.87315 0.12685 0 0 0 0
1995 0.87325 0.12675 0 0 0 0
1996 0.87335 0.12665 0 0 0 0
1997 0.87345 0.12655 0 0 0 0
1998 0.87362 0.12638 0 0 0 0
1999 0.87377 0.12623 0 0 0 0
2000 0.87389 0.12611 0 0 0 0
2001 0.87086 0.12914 0 0 0 0
2002 0.87266 0.12734 0 0 0 0
2003 0.86817 0.13183 0 0 0 0
2004 0.8626 0.1374 0 0 0 0
2005 0.85752 0.14248 0 0 0 0
2006 0.8572 0.1428 0 0 0 0
2007 0.85583 0.14417 0 0 0 0
2008 0.8548 0.1452 0 0 0 0
2009 0.84315 0.15685 0 0 0 0
2010 0.85093 0.14907 0 0 0 0
2011 0.85117 0.14883 0 0 0 0
2012 0.85917 0.14083 0 0 0 0
2013 0.85718 0.14282 0 0 0 0
2014 0.85509 0.14491 0 0 0 0
2015 0.8548 0.1452 0 0 0 0
2016 0.88609 0.11391 0 0 0 0
2017 0.88673 0.11327 0 0 0 0
2018 0.90665 0.09335 0 0 0 0
2019 0.92021 0.07979 0 0 0 0
2020 0.92129 0.07871 0 0 0 0
2021 0.91843 0.08157 0 0 0 0
2022 0.91243 0.08757 0 0 0 0
2023 0.90329 0.09671 0 0 0 0
2024 0.88853 0.11147 0 0 0 0
Split for: Hawaii
Year RUS+WAL EAL+BER GOA SEA+NBC SBC+WA OR+CA
1970 0.02865 0.23953 0.16205 0.53971 0.03005 0
1971 0.02883 0.23979 0.16294 0.53826 0.03018 0
1972 0.02825 0.24063 0.16372 0.5371 0.03029 0
1973 0.02837 0.24127 0.16434 0.53565 0.03037 0
1974 0.02849 0.24188 0.16491 0.53426 0.03046 0
1975 0.02861 0.24249 0.16542 0.53295 0.03053 0
1976 0.02872 0.24309 0.16591 0.53171 0.03057 0
1977 0.02882 0.2437 0.16639 0.53046 0.03061 0
1978 0.02893 0.24431 0.16687 0.52924 0.03066 0
1979 0.02903 0.24485 0.16735 0.52806 0.0307 0
1980 0.02914 0.24541 0.16783 0.52687 0.03075 0
1981 0.02924 0.246 0.16827 0.52571 0.03078 0
1982 0.02935 0.24662 0.16867 0.52455 0.03081 0
1983 0.02946 0.24723 0.16906 0.52341 0.03085 0
1984 0.02956 0.24785 0.16941 0.52231 0.03087 0
1985 0.02966 0.24842 0.16972 0.52132 0.03089 0
1986 0.02976 0.24905 0.17001 0.52027 0.03092 0
1987 0.02987 0.2498 0.17038 0.51899 0.03096 0
1988 0.02997 0.25041 0.17064 0.51799 0.03099 0
1989 0.03005 0.25089 0.17078 0.5173 0.03098 0
1990 0.03014 0.25141 0.17096 0.51651 0.03098 0
1991 0.03023 0.25196 0.17114 0.51569 0.03099 0
1992 0.03032 0.25257 0.17135 0.51475 0.031 0
1993 0.03041 0.25306 0.17146 0.51408 0.03099 0
1994 0.0305 0.25363 0.17162 0.51326 0.03099 0
1995 0.0306 0.2542 0.17176 0.51245 0.03099 0
1996 0.03071 0.25489 0.17196 0.51144 0.03101 0
1997 0.03082 0.25556 0.17211 0.51045 0.03106 0
1998 0.03094 0.2562 0.1723 0.50946 0.03111 0
1999 0.03107 0.25694 0.17251 0.50834 0.03114 0
2000 0.03119 0.25765 0.17262 0.50736 0.03117 0
2001 0.03138 0.26634 0.17182 0.49845 0.03202 0
2002 0.03245 0.27103 0.15342 0.50994 0.03316 0
2003 0.03154 0.27415 0.1501 0.50992 0.03429 0
2004 0.03034 0.27662 0.13845 0.51881 0.03577 0
2005 0.03036 0.28878 0.11355 0.53012 0.03719 0
2006 0.03136 0.29904 0.11133 0.51918 0.03909 0
2007 0.03122 0.30108 0.11451 0.51302 0.04016 0
2008 0.03228 0.31388 0.12173 0.48999 0.04212 0
2009 0.02942 0.31322 0.11814 0.4965 0.04272 0
2010 0.02989 0.29977 0.12078 0.50451 0.04504 0
2011 0.02933 0.29356 0.12236 0.50944 0.04531 0
2012 0.031 0.29091 0.13334 0.49593 0.04882 0
2013 0.03091 0.29482 0.13174 0.49458 0.04795 0
2014 0.03447 0.33436 0.14584 0.43353 0.05178 2e-05
2015 0.04 0.38897 0.11027 0.40314 0.05762 0
2016 0.04664 0.34317 0.11281 0.4289 0.06848 0
2017 0.05326 0.38945 0.0881 0.38562 0.08356 0
2018 0.05519 0.32523 0.09439 0.43423 0.09097 0
2019 0.0587 0.29136 0.10563 0.44434 0.09998 0
2020 0.06118 0.29921 0.09701 0.44397 0.09863 0
2021 0.06262 0.31834 0.08765 0.43074 0.10065 0
2022 0.05966 0.32775 0.09143 0.4224 0.09876 0
2023 0.05349 0.32784 0.09109 0.42674 0.10084 0
2024 0.04721 0.339 0.09404 0.41877 0.10099 0
Split for: MX_AR
Year RUS+WAL EAL+BER GOA SEA+NBC SBC+WA OR+CA
1970 0.10397 0.48735 0.2231 0.08987 0.01606 0.07966
1971 0.1044 0.48684 0.22384 0.08944 0.01609 0.07938
1972 0.10227 0.48836 0.22483 0.08921 0.01614 0.07919
1973 0.1025 0.48858 0.22518 0.08878 0.01615 0.07881
1974 0.10273 0.48892 0.22556 0.08839 0.01617 0.07823
1975 0.10296 0.48932 0.22586 0.08802 0.01618 0.07766
1976 0.10319 0.48973 0.22616 0.08767 0.01617 0.07709
1977 0.10341 0.49015 0.22645 0.08732 0.01617 0.07651
1978 0.10362 0.49058 0.22673 0.08698 0.01617 0.07592
1979 0.10384 0.49095 0.22705 0.08666 0.01617 0.07534
1980 0.10407 0.49136 0.22737 0.08634 0.01617 0.0747
1981 0.10429 0.49182 0.22763 0.08602 0.01616 0.07408
1982 0.10452 0.49231 0.22784 0.0857 0.01615 0.07348
1983 0.10474 0.49281 0.22802 0.08539 0.01615 0.07289
1984 0.10494 0.49329 0.22815 0.08508 0.01613 0.07241
1985 0.10514 0.49375 0.22825 0.08481 0.01612 0.07193
1986 0.10534 0.49426 0.2283 0.08451 0.01612 0.07147
1987 0.10555 0.49481 0.22836 0.08414 0.0161 0.07103
1988 0.10575 0.49532 0.22839 0.08386 0.0161 0.07059
1989 0.10593 0.49577 0.22835 0.08366 0.01608 0.07021
1990 0.1061 0.49619 0.22831 0.08343 0.01606 0.06991
1991 0.10628 0.49669 0.22828 0.0832 0.01604 0.0695
1992 0.10648 0.49721 0.22825 0.08293 0.01602 0.06911
1993 0.10666 0.49767 0.22817 0.08275 0.01601 0.06874
1994 0.10686 0.49814 0.22808 0.08251 0.01598 0.06844
1995 0.10705 0.49861 0.22797 0.08227 0.01596 0.06814
1996 0.10725 0.4991 0.22784 0.08197 0.01595 0.0679
1997 0.10746 0.49959 0.22765 0.08167 0.01595 0.06768
1998 0.1077 0.49998 0.22752 0.08137 0.01594 0.06749
1999 0.10795 0.50044 0.22736 0.08103 0.01593 0.06729
2000 0.10816 0.5009 0.22707 0.08073 0.01592 0.06723
2001 0.10707 0.50953 0.22242 0.07805 0.01608 0.06684
2002 0.1117 0.52305 0.20034 0.08054 0.0168 0.06756
2003 0.10861 0.52925 0.19608 0.08057 0.01738 0.0681
2004 0.10556 0.53957 0.18273 0.08282 0.01832 0.07099
2005 0.10597 0.56502 0.15033 0.08489 0.01911 0.07469
2006 0.10707 0.57239 0.14419 0.08134 0.01965 0.07535
2007 0.10715 0.57927 0.14907 0.08078 0.02029 0.06342
2008 0.1069 0.58272 0.15292 0.07445 0.02054 0.06246
2009 0.09922 0.59227 0.15116 0.07684 0.02121 0.0593
2010 0.10235 0.57538 0.15686 0.07926 0.0227 0.06344
2011 0.10167 0.57046 0.16089 0.08102 0.02312 0.06282
2012 0.10552 0.55504 0.17214 0.07744 0.02446 0.06539
2013 0.10472 0.55993 0.1693 0.07688 0.02391 0.06526
2014 0.10536 0.57293 0.16909 0.0608 0.0233 0.06852
2015 0.11317 0.61691 0.11834 0.05233 0.024 0.07525
2016 0.13618 0.56175 0.12496 0.05746 0.02944 0.09021
2017 0.14293 0.58588 0.08968 0.04748 0.03301 0.10102
2018 0.15839 0.52331 0.10277 0.05719 0.03844 0.11989
2019 0.17137 0.47685 0.11698 0.05952 0.04297 0.13231
2020 0.17578 0.48192 0.10572 0.05853 0.04172 0.13633
2021 0.17401 0.49591 0.09239 0.05492 0.04118 0.1416
2022 0.16442 0.50636 0.09558 0.05341 0.04007 0.14016
2023 0.1483 0.50953 0.09579 0.05428 0.04116 0.15094
2024 0.13026 0.52441 0.09843 0.05302 0.04103 0.15286
Split for: MX_ML
Year RUS+WAL EAL+BER GOA SEA+NBC SBC+WA OR+CA
1970 0.04657 0.23738 0.05549 0.0758 0.05097 0.53379
1971 0.04686 0.23759 0.05579 0.07559 0.05118 0.533
1972 0.04596 0.23865 0.05611 0.07549 0.05141 0.53239
1973 0.04618 0.23938 0.05634 0.07532 0.05157 0.5312
1974 0.04646 0.24046 0.05665 0.07528 0.05181 0.52933
1975 0.04675 0.24156 0.05694 0.07525 0.05205 0.52745
1976 0.04703 0.24269 0.05724 0.07523 0.05223 0.52558
1977 0.04731 0.24385 0.05753 0.07523 0.05242 0.52366
1978 0.04759 0.24503 0.05783 0.07523 0.05262 0.5217
1979 0.04789 0.24618 0.05814 0.07525 0.05282 0.51972
1980 0.04819 0.24744 0.05847 0.07529 0.05306 0.51754
1981 0.0485 0.24872 0.05879 0.07533 0.05325 0.51542
1982 0.04881 0.24999 0.05908 0.07536 0.05344 0.51332
1983 0.0491 0.25124 0.05937 0.07539 0.05364 0.51126
1984 0.04937 0.25232 0.0596 0.07536 0.05378 0.50958
1985 0.04962 0.25339 0.05982 0.07537 0.05392 0.50788
1986 0.04988 0.25446 0.06002 0.07534 0.05407 0.50623
1987 0.05013 0.25554 0.06023 0.07524 0.0542 0.50466
1988 0.05038 0.25658 0.06042 0.07522 0.05433 0.50306
1989 0.05059 0.2575 0.06057 0.07525 0.05442 0.50168
1990 0.05079 0.25827 0.06069 0.0752 0.05446 0.5006
1991 0.05102 0.25926 0.06085 0.0752 0.05456 0.49911
1992 0.05125 0.26025 0.06101 0.07517 0.05466 0.49765
1993 0.05147 0.26116 0.06115 0.07519 0.05473 0.4963
1994 0.05168 0.26198 0.06126 0.07514 0.05478 0.49517
1995 0.05188 0.26278 0.06136 0.07508 0.05483 0.49408
1996 0.05207 0.2635 0.06143 0.07494 0.05486 0.4932
1997 0.05225 0.26417 0.06148 0.07478 0.05494 0.49238
1998 0.05245 0.26475 0.06153 0.07461 0.05501 0.49165
1999 0.05265 0.26539 0.06157 0.07442 0.05503 0.49094
2000 0.05278 0.26577 0.06153 0.07417 0.05503 0.49073
2001 0.05234 0.27086 0.06038 0.07184 0.05572 0.48886
2002 0.05388 0.27435 0.05366 0.07316 0.05743 0.48752
2003 0.05205 0.2758 0.05218 0.07271 0.05903 0.48823
2004 0.04929 0.27397 0.04738 0.07283 0.06063 0.4959
2005 0.04781 0.27721 0.03766 0.07212 0.06108 0.50411
2006 0.04803 0.2792 0.03592 0.0687 0.06246 0.50569
2007 0.0519 0.3051 0.0401 0.07368 0.06965 0.45957
2008 0.05226 0.30976 0.04151 0.06854 0.07114 0.45678
2009 0.04938 0.32053 0.04178 0.07201 0.0748 0.4415
2010 0.04934 0.30161 0.04199 0.07194 0.07755 0.45756
2011 0.04917 0.30002 0.04321 0.07379 0.07925 0.45456
2012 0.0502 0.28712 0.04547 0.06937 0.08245 0.46539
2013 0.04991 0.2902 0.04481 0.069 0.08077 0.46531
2014 0.04954 0.29292 0.04415 0.05383 0.07763 0.48194
2015 0.05044 0.29894 0.02929 0.04391 0.07577 0.50165
2016 0.05485 0.24604 0.02795 0.04358 0.08402 0.54356
2017 0.05365 0.23912 0.01869 0.03356 0.08779 0.5672
2018 0.05355 0.19237 0.01929 0.0364 0.09208 0.60631
2019 0.05439 0.16457 0.02062 0.03557 0.09664 0.62821
2020 0.05487 0.16357 0.01833 0.0344 0.09227 0.63657
2021 0.05308 0.1645 0.01565 0.03155 0.08901 0.64621
2022 0.0506 0.16945 0.01634 0.03095 0.08738 0.64529
2023 0.04352 0.16261 0.01561 0.03 0.08559 0.66267
2024 0.03795 0.16613 0.01592 0.02909 0.08469 0.66621
Split for: Central_Am
Year RUS+WAL EAL+BER GOA SEA+NBC SBC+WA OR+CA
1970 0 0 0 0 0.05349 0.94651
1971 0 0 0 0 0.05378 0.94622
1972 0 0 0 0 0.05406 0.94594
1973 0 0 0 0 0.05434 0.94566
1974 0 0 0 0 0.05476 0.94524
1975 0 0 0 0 0.05519 0.94481
1976 0 0 0 0 0.05555 0.94445
1977 0 0 0 0 0.05594 0.94406
1978 0 0 0 0 0.05633 0.94367
1979 0 0 0 0 0.05675 0.94325
1980 0 0 0 0 0.05721 0.94279
1981 0 0 0 0 0.05762 0.94238
1982 0 0 0 0 0.05805 0.94195
1983 0 0 0 0 0.05847 0.94153
1984 0 0 0 0 0.05879 0.94121
1985 0 0 0 0 0.05912 0.94088
1986 0 0 0 0 0.05946 0.94054
1987 0 0 0 0 0.05976 0.94024
1988 0 0 0 0 0.06009 0.93991
1989 0 0 0 0 0.06033 0.93967
1990 0 0 0 0 0.0605 0.9395
1991 0 0 0 0 0.06077 0.93923
1992 0 0 0 0 0.06104 0.93896
1993 0 0 0 0 0.06127 0.93873
1994 0 0 0 0 0.06146 0.93854
1995 0 0 0 0 0.06163 0.93837
1996 0 0 0 0 0.06177 0.93823
1997 0 0 0 0 0.06196 0.93804
1998 0 0 0 0 0.06211 0.93789
1999 0 0 0 0 0.06222 0.93778
2000 0 0 0 0 0.06224 0.93776
2001 0 0 0 0 0.0632 0.9368
2002 0 0 0 0 0.06518 0.93482
2003 0 0 0 0 0.06679 0.93321
2004 0 0 0 0 0.06748 0.93252
2005 0 0 0 0 0.06692 0.93308
2006 0 0 0 0 0.06813 0.93187
2007 0 0 0 0 0.08231 0.91769
2008 0 0 0 0 0.0844 0.9156
2009 0 0 0 0 0.09114 0.90886
2010 0 0 0 0 0.09117 0.90883
2011 0 0 0 0 0.09354 0.90646
2012 0 0 0 0 0.09491 0.90509
2013 0 0 0 0 0.09316 0.90684
2014 0 0 0 0 0.08704 0.91296
2015 0 0 0 0 0.08207 0.91793
2016 0 0 0 0 0.08382 0.91618
2017 0 0 0 0 0.08393 0.91607
2018 0 0 0 0 0.08247 0.91753
2019 0 0 0 0 0.08345 0.91655
2020 0 0 0 0 0.07902 0.92098
2021 0 0 0 0 0.07538 0.92462
2022 0 0 0 0 0.0742 0.9258
2023 0 0 0 0 0.07102 0.92898
2024 0 0 0 0 0.06998 0.93002

Difference in mortality over time
Difference for: Asia
Year RUS+WAL EAL+BER GOA SEA+NBC SBC+WA OR+CA
1970 0 0 0 0 0 0
1971 0 0 0 0 0 0
1972 0 0 0 0 0 0
1973 0 0 0 0 0 0
1974 0 0 0 0 0 0
1975 0 0 0 0 0 0
1976 0 0 0 0 0 0
1977 0 0 0 0 0 0
1978 0 0 0 0 0 0
1979 0 0 0 0 0 0
1980 0 0 0 0 0 0
1981 0 0 0 0 0 0
1982 0 0 0 0 0 0
1983 0 0 0 0 0 0
1984 0 0 0 0 0 0
1985 0 0 0 0 0 0
1986 0 0 0 0 0 0
1987 0 0 0 0 0 0
1988 0 0 0 0 0 0
1989 0 0 0 0 0 0
1990 0 0 0 0 0 0
1991 0 0 0 0 0 0
1992 0 0 0 0 0 0
1993 0 0 0 0 0 0
1994 0 0 0 0 0 0
1995 0 0 0 0 0 0
1996 0 0 0 0 0 0
1997 0 0 0 0 0 0
1998 0 0 0 0 0 0
1999 0 0 0 0 0 0
2000 0 2 0 0 0 0
2001 27 3 0 0 0 0
2002 -10 3 0 0 0 0
2003 -31 2 0 0 0 0
2004 -18 3 0 0 0 0
2005 7 3 0 0 0 0
2006 11 5 0 0 0 0
2007 7 4 0 0 0 0
2008 -72 6 0 0 0 0
2009 -29 -15 0 0 0 0
2010 1 2 0 0 0 0
2011 -11 -13 0 0 0 0
2012 13 6 0 0 0 0
2013 -14 3 0 0 0 0
2014 0 3 0 0 0 0
2015 19 -65 0 0 0 0
2016 -59 -10 0 0 0 0
2017 -97 -60 0 0 0 0
2018 -20 -32 0 0 0 0
2019 7 -4 0 0 0 0
2020 -50 -1 0 0 0 0
2021 -116 0 0 0 0 0
2022 -300 -11 0 0 0 0
2023 -211 4 0 0 0 0
Difference for: Hawaii
Year RUS+WAL EAL+BER GOA SEA+NBC SBC+WA OR+CA
1970 0 0 0 0 0 0
1971 0 0 0 0 0 0
1972 0 0 0 0 0 0
1973 0 0 0 0 0 0
1974 0 0 0 0 0 0
1975 0 0 0 0 0 0
1976 0 0 0 0 0 0
1977 0 0 0 0 0 0
1978 0 0 0 0 0 0
1979 0 0 0 0 0 0
1980 0 0 0 0 0 0
1981 0 0 0 0 0 0
1982 0 0 0 0 0 0
1983 0 0 0 0 0 0
1984 0 0 0 0 0 0
1985 0 0 0 0 0 0
1986 0 0 0 0 0 0
1987 0 0 0 0 0 0
1988 0 0 0 0 0 0
1989 0 0 0 0 0 0
1990 0 0 0 0 0 0
1991 0 0 0 0 0 0
1992 0 0 0 0 0 0
1993 0 0 0 0 0 0
1994 0 0 0 0 0 0
1995 0 0 0 0 0 0
1996 0 0 0 0 0 0
1997 0 0 0 0 0 0
1998 0 0 0 0 0 0
1999 0 0 0 0 0 0
2000 0 52 -8 -63 5 0
2001 10 57 -142 135 11 0
2002 -4 65 -9 91 14 0
2003 -11 32 -118 118 15 0
2004 -7 71 -323 50 10 0
2005 3 56 -55 -186 15 0
2006 4 104 45 84 22 0
2007 3 89 39 -399 21 0
2008 -28 137 -10 281 27 0
2009 -11 -342 -38 -88 18 0
2010 1 48 65 316 33 0
2011 -4 -305 52 -645 20 0
2012 5 146 21 165 11 0
2013 -6 67 -11 -2149 -18 0
2014 0 68 -1025 -1593 -19 0
2015 8 -1568 -197 -518 42 0
2016 -25 -232 -699 -1787 48 0
2017 -41 -1451 -43 4 26 0
2018 -9 -775 18 -352 56 0
2019 3 -105 -192 -291 -9 0
2020 -22 -30 -210 -516 5 0
2021 -51 -10 1 -266 1 0
2022 -133 -280 -91 -270 11 0
2023 -95 94 21 -140 53 0
Difference for: MX_AR
Year RUS+WAL EAL+BER GOA SEA+NBC SBC+WA OR+CA
1970 0 0 0 0 0 0
1971 0 0 0 0 0 0
1972 0 0 0 0 0 0
1973 0 0 0 0 0 0
1974 0 0 0 0 0 0
1975 0 0 0 0 0 0
1976 0 0 0 0 0 0
1977 0 0 0 0 0 0
1978 0 0 0 0 0 0
1979 0 0 0 0 0 0
1980 0 0 0 0 0 0
1981 0 0 0 0 0 0
1982 0 0 0 0 0 0
1983 0 0 0 0 0 0
1984 0 0 0 0 0 0
1985 0 0 0 0 0 0
1986 0 0 0 0 0 0
1987 0 0 0 0 0 0
1988 0 0 0 0 0 0
1989 0 0 0 0 0 0
1990 0 0 0 0 0 0
1991 0 0 0 0 0 0
1992 0 0 0 0 0 0
1993 0 0 0 0 0 0
1994 0 0 0 0 0 0
1995 0 0 0 0 0 0
1996 0 0 0 0 0 0
1997 0 0 0 0 0 0
1998 0 0 0 0 0 0
1999 0 0 0 0 0 0
2000 0 18 -2 -2 0 1
2001 6 20 -34 4 1 1
2002 -2 23 -2 3 1 2
2003 -7 11 -28 3 1 4
2004 -4 25 -77 1 1 4
2005 2 20 -13 -5 1 2
2006 3 36 11 2 2 -25
2007 2 31 9 -11 2 -1
2008 -17 48 -2 8 3 -8
2009 -7 -120 -9 -3 2 1
2010 0 17 16 9 3 -1
2011 -3 -107 12 -18 2 -3
2012 3 51 5 5 1 1
2013 -4 24 -3 -62 -2 6
2014 0 24 -243 -46 -2 7
2015 5 -549 -47 -15 4 9
2016 -15 -81 -166 -51 4 8
2017 -26 -508 -10 0 2 6
2018 -5 -271 4 -10 5 3
2019 2 -37 -45 -8 -1 2
2020 -13 -11 -50 -15 0 7
2021 -32 -3 0 -8 0 -6
2022 -83 -98 -22 -8 1 5
2023 -59 33 5 -4 5 4
Difference for: MX_ML
Year RUS+WAL EAL+BER GOA SEA+NBC SBC+WA OR+CA
1970 0 0 0 0 0 0
1971 0 0 0 0 0 0
1972 0 0 0 0 0 0
1973 0 0 0 0 0 0
1974 0 0 0 0 0 0
1975 0 0 0 0 0 0
1976 0 0 0 0 0 0
1977 0 0 0 0 0 0
1978 0 0 0 0 0 0
1979 0 0 0 0 0 0
1980 0 0 0 0 0 0
1981 0 0 0 0 0 0
1982 0 0 0 0 0 0
1983 0 0 0 0 0 0
1984 0 0 0 0 0 0
1985 0 0 0 0 0 0
1986 0 0 0 0 0 0
1987 0 0 0 0 0 0
1988 0 0 0 0 0 0
1989 0 0 0 0 0 0
1990 0 0 0 0 0 0
1991 0 0 0 0 0 0
1992 0 0 0 0 0 0
1993 0 0 0 0 0 0
1994 0 0 0 0 0 0
1995 0 0 0 0 0 0
1996 0 0 0 0 0 0
1997 0 0 0 0 0 0
1998 0 0 0 0 0 0
1999 0 0 0 0 0 0
2000 0 11 -1 -2 2 5
2001 3 12 -10 4 4 9
2002 -1 13 -1 3 5 19
2003 -4 7 -8 3 5 28
2004 -2 14 -23 1 4 28
2005 1 11 -4 -5 5 13
2006 1 21 3 2 8 -201
2007 1 18 3 -11 7 -9
2008 -9 28 -1 8 9 -59
2009 -4 -69 -3 -3 6 9
2010 0 10 5 9 11 -7
2011 -1 -61 4 -18 7 -20
2012 2 29 1 5 4 5
2013 -2 13 -1 -60 -6 44
2014 0 14 -70 -45 -6 57
2015 3 -310 -13 -15 14 68
2016 -8 -46 -48 -50 16 59
2017 -13 -285 -3 0 9 46
2018 -3 -152 1 -10 19 25
2019 1 -21 -13 -8 -3 17
2020 -7 -6 -14 -14 2 56
2021 -16 -2 0 -7 0 -49
2022 -42 -54 -6 -7 4 39
2023 -30 18 1 -4 18 30
Difference for: Central_Am
Year RUS+WAL EAL+BER GOA SEA+NBC SBC+WA OR+CA
1970 0 0 0 0 0 0
1971 0 0 0 0 0 0
1972 0 0 0 0 0 0
1973 0 0 0 0 0 0
1974 0 0 0 0 0 0
1975 0 0 0 0 0 0
1976 0 0 0 0 0 0
1977 0 0 0 0 0 0
1978 0 0 0 0 0 0
1979 0 0 0 0 0 0
1980 0 0 0 0 0 0
1981 0 0 0 0 0 0
1982 0 0 0 0 0 0
1983 0 0 0 0 0 0
1984 0 0 0 0 0 0
1985 0 0 0 0 0 0
1986 0 0 0 0 0 0
1987 0 0 0 0 0 0
1988 0 0 0 0 0 0
1989 0 0 0 0 0 0
1990 0 0 0 0 0 0
1991 0 0 0 0 0 0
1992 0 0 0 0 0 0
1993 0 0 0 0 0 0
1994 0 0 0 0 0 0
1995 0 0 0 0 0 0
1996 0 0 0 0 0 0
1997 0 0 0 0 0 0
1998 0 0 0 0 0 0
1999 0 0 0 0 0 0
2000 0 0 0 0 0 2
2001 0 0 0 0 1 4
2002 0 0 0 0 1 9
2003 0 0 0 0 1 13
2004 0 0 0 0 1 13
2005 0 0 0 0 1 6
2006 0 0 0 0 2 -91
2007 0 0 0 0 2 -4
2008 0 0 0 0 3 -27
2009 0 0 0 0 2 4
2010 0 0 0 0 3 -3
2011 0 0 0 0 2 -9
2012 0 0 0 0 1 2
2013 0 0 0 0 -2 20
2014 0 0 0 0 -2 26
2015 0 0 0 0 4 31
2016 0 0 0 0 4 27
2017 0 0 0 0 2 21
2018 0 0 0 0 5 11
2019 0 0 0 0 -1 7
2020 0 0 0 0 0 25
2021 0 0 0 0 0 -22
2022 0 0 0 0 1 18
2023 0 0 0 0 5 14

Total survival over time
Values for breeding stock: Asia
Year RUS+WAL EAL+BER GOA SEA+NBC SBC+WA OR+CA
1970 0.996 0.986 0 0 0 0
1971 1.282 1.276 0 0 0 0
1972 1.188 1.217 0 0 0 0
1973 1.177 1.175 0 0 0 0
1974 1.147 1.146 0 0 0 0
1975 1.126 1.125 0 0 0 0
1976 1.109 1.108 0 0 0 0
1977 1.096 1.094 0 0 0 0
1978 1.085 1.084 0 0 0 0
1979 1.076 1.074 0 0 0 0
1980 1.067 1.066 0 0 0 0
1981 1.087 1.086 0 0 0 0
1982 1.101 1.1 0 0 0 0
1983 1.11 1.108 0 0 0 0
1984 1.114 1.113 0 0 0 0
1985 1.115 1.114 0 0 0 0
1986 1.114 1.113 0 0 0 0
1987 1.111 1.11 0 0 0 0
1988 1.108 1.107 0 0 0 0
1989 1.103 1.102 0 0 0 0
1990 1.098 1.098 0 0 0 0
1991 1.097 1.096 0 0 0 0
1992 1.097 1.096 0 0 0 0
1993 1.097 1.096 0 0 0 0
1994 1.099 1.098 0 0 0 0
1995 1.1 1.099 0 0 0 0
1996 1.1 1.099 0 0 0 0
1997 1.101 1.1 0 0 0 0
1998 1.1 1.099 0 0 0 0
1999 1.099 1.098 0 0 0 0
2000 1.098 1.121 0 0 0 0
2001 1.132 1.115 0 0 0 0
2002 1.077 1.112 0 0 0 0
2003 1.059 1.095 0 0 0 0
2004 1.078 1.106 0 0 0 0
2005 1.103 1.096 0 0 0 0
2006 1.102 1.106 0 0 0 0
2007 1.095 1.097 0 0 0 0
2008 1.028 1.103 0 0 0 0
2009 1.072 1.002 0 0 0 0
2010 1.094 1.09 0 0 0 0
2011 1.083 1.018 0 0 0 0
2012 1.098 1.11 0 0 0 0
2013 1.066 1.078 0 0 0 0
2014 1.09 1.089 0 0 0 0
2015 1.064 0.814 0 0 0 0
2016 1.047 1.06 0 0 0 0
2017 1.029 0.831 0 0 0 0
2018 1.072 0.955 0 0 0 0
2019 1.089 1.114 0 0 0 0
2020 1.046 1.102 0 0 0 0
2021 1.015 1.094 0 0 0 0
2022 0.925 1.031 0 0 0 0
2023 0.972 1.111 0 0 0 0
Values for breeding stock: Hawaii
Year RUS+WAL EAL+BER GOA SEA+NBC SBC+WA OR+CA
1970 1.008 0.998 0.987 0.99 1.005 0
1971 1.294 1.287 1.293 1.282 1.291 0
1972 1.198 1.227 1.229 1.22 1.228 0
1973 1.187 1.185 1.186 1.179 1.185 0
1974 1.157 1.155 1.156 1.149 1.155 0
1975 1.135 1.133 1.134 1.128 1.133 0
1976 1.118 1.116 1.117 1.111 1.115 0
1977 1.104 1.103 1.103 1.098 1.102 0
1978 1.093 1.092 1.092 1.087 1.091 0
1979 1.084 1.083 1.083 1.078 1.082 0
1980 1.077 1.075 1.076 1.07 1.075 0
1981 1.096 1.095 1.095 1.09 1.093 0
1982 1.11 1.109 1.109 1.104 1.108 0
1983 1.119 1.118 1.117 1.112 1.116 0
1984 1.123 1.122 1.121 1.117 1.12 0
1985 1.124 1.123 1.122 1.118 1.121 0
1986 1.123 1.122 1.121 1.117 1.12 0
1987 1.12 1.119 1.118 1.113 1.117 0
1988 1.116 1.115 1.114 1.11 1.113 0
1989 1.112 1.111 1.11 1.107 1.109 0
1990 1.107 1.106 1.105 1.102 1.104 0
1991 1.105 1.104 1.103 1.1 1.102 0
1992 1.105 1.104 1.103 1.099 1.102 0
1993 1.106 1.105 1.103 1.101 1.103 0
1994 1.107 1.106 1.104 1.101 1.104 0
1995 1.108 1.107 1.105 1.102 1.105 0
1996 1.109 1.108 1.106 1.102 1.105 0
1997 1.109 1.108 1.106 1.102 1.107 0
1998 1.109 1.107 1.105 1.102 1.106 0
1999 1.108 1.106 1.104 1.1 1.104 0
2000 1.106 1.129 1.096 1.084 1.124 0
2001 1.14 1.123 1.008 1.13 1.137 0
2002 1.085 1.12 1.11 1.11 1.136 0
2003 1.066 1.103 1.029 1.111 1.128 0
2004 1.086 1.114 0.905 1.094 1.109 0
2005 1.111 1.105 1.104 1.056 1.113 0
2006 1.11 1.114 1.153 1.102 1.121 0
2007 1.103 1.105 1.127 1.029 1.117 0
2008 1.035 1.111 1.094 1.133 1.108 0
2009 1.08 1.009 1.08 1.069 1.099 0
2010 1.103 1.099 1.136 1.117 1.111 0
2011 1.092 1.026 1.111 1.005 1.085 0
2012 1.107 1.119 1.092 1.105 1.08 0
2013 1.082 1.093 1.077 0.858 1.049 0
2014 1.09 1.089 0.7 0.907 1.045 0
2015 1.1 0.841 1.037 1.047 1.108 0
2016 1.052 1.066 0.719 0.847 1.105 0
2017 1.034 0.835 1.173 1.162 1.073 0
2018 1.08 0.962 1.142 1.056 1.081 0
2019 1.09 1.116 0.973 1.069 1.035 0
2020 1.058 1.114 0.978 1.032 1.035 0
2021 1.026 1.106 1.15 1.072 1.038 0
2022 0.937 1.044 1.049 1.069 1.045 0
2023 0.987 1.128 1.139 1.079 1.064 0
Values for breeding stock: MX_AR
Year RUS+WAL EAL+BER GOA SEA+NBC SBC+WA OR+CA
1970 1.008 0.998 0.987 0.99 1.005 0.961
1971 1.294 1.287 1.293 1.282 1.291 1.284
1972 1.198 1.227 1.229 1.22 1.228 1.221
1973 1.187 1.185 1.186 1.179 1.185 1.179
1974 1.157 1.155 1.156 1.149 1.156 1.146
1975 1.135 1.133 1.134 1.128 1.134 1.124
1976 1.118 1.116 1.117 1.111 1.115 1.107
1977 1.104 1.103 1.103 1.098 1.102 1.094
1978 1.093 1.092 1.093 1.087 1.091 1.083
1979 1.084 1.083 1.083 1.078 1.082 1.074
1980 1.077 1.075 1.076 1.07 1.075 1.065
1981 1.097 1.095 1.095 1.09 1.093 1.085
1982 1.11 1.109 1.109 1.104 1.108 1.099
1983 1.119 1.118 1.118 1.113 1.116 1.108
1984 1.123 1.122 1.122 1.117 1.12 1.114
1985 1.124 1.123 1.123 1.118 1.121 1.115
1986 1.123 1.122 1.121 1.117 1.12 1.114
1987 1.12 1.119 1.118 1.113 1.117 1.111
1988 1.116 1.115 1.114 1.11 1.113 1.107
1989 1.112 1.111 1.11 1.107 1.109 1.104
1990 1.107 1.106 1.105 1.102 1.104 1.101
1991 1.105 1.104 1.103 1.1 1.102 1.097
1992 1.105 1.104 1.103 1.099 1.102 1.097
1993 1.106 1.105 1.103 1.101 1.103 1.099
1994 1.107 1.106 1.104 1.101 1.104 1.101
1995 1.108 1.107 1.105 1.103 1.105 1.102
1996 1.109 1.108 1.106 1.102 1.105 1.103
1997 1.109 1.108 1.106 1.102 1.107 1.104
1998 1.109 1.107 1.105 1.102 1.106 1.104
1999 1.108 1.106 1.104 1.1 1.104 1.103
2000 1.106 1.129 1.096 1.084 1.124 1.111
2001 1.14 1.123 1.008 1.131 1.137 1.112
2002 1.085 1.12 1.11 1.11 1.136 1.12
2003 1.066 1.103 1.029 1.111 1.128 1.123
2004 1.086 1.114 0.905 1.094 1.109 1.118
2005 1.111 1.105 1.104 1.056 1.113 1.102
2006 1.11 1.114 1.153 1.102 1.122 0.946
2007 1.103 1.105 1.127 1.029 1.117 1.116
2008 1.035 1.111 1.094 1.133 1.108 1.062
2009 1.08 1.009 1.08 1.069 1.099 1.12
2010 1.103 1.099 1.136 1.117 1.111 1.094
2011 1.092 1.026 1.111 1.006 1.085 1.094
2012 1.107 1.119 1.092 1.105 1.08 1.112
2013 1.082 1.093 1.077 0.858 1.049 1.133
2014 1.09 1.089 0.7 0.907 1.046 1.12
2015 1.1 0.841 1.037 1.047 1.108 1.103
2016 1.052 1.066 0.719 0.847 1.105 1.078
2017 1.034 0.835 1.173 1.162 1.073 1.096
2018 1.08 0.962 1.142 1.056 1.081 1.075
2019 1.09 1.116 0.974 1.069 1.035 1.085
2020 1.058 1.114 0.978 1.032 1.035 1.104
2021 1.027 1.106 1.15 1.072 1.038 1.063
2022 0.937 1.044 1.049 1.069 1.045 1.095
2023 0.987 1.128 1.139 1.079 1.064 1.09
Values for breeding stock: MX_ML
Year RUS+WAL EAL+BER GOA SEA+NBC SBC+WA OR+CA
1970 1.001 0.991 0.98 0.984 0.998 0.954
1971 1.286 1.28 1.285 1.275 1.284 1.277
1972 1.192 1.221 1.222 1.214 1.221 1.214
1973 1.181 1.179 1.181 1.173 1.179 1.173
1974 1.152 1.15 1.151 1.144 1.15 1.141
1975 1.13 1.128 1.129 1.122 1.128 1.119
1976 1.113 1.111 1.112 1.106 1.11 1.102
1977 1.1 1.098 1.099 1.093 1.097 1.089
1978 1.089 1.087 1.088 1.082 1.086 1.078
1979 1.08 1.078 1.079 1.073 1.077 1.069
1980 1.072 1.071 1.071 1.066 1.07 1.061
1981 1.092 1.09 1.091 1.085 1.089 1.08
1982 1.106 1.104 1.104 1.099 1.103 1.094
1983 1.114 1.113 1.113 1.108 1.112 1.103
1984 1.119 1.117 1.117 1.112 1.115 1.109
1985 1.12 1.119 1.118 1.114 1.117 1.11
1986 1.119 1.118 1.117 1.112 1.116 1.11
1987 1.116 1.115 1.114 1.109 1.113 1.107
1988 1.112 1.111 1.11 1.106 1.109 1.103
1989 1.108 1.107 1.106 1.103 1.105 1.1
1990 1.103 1.102 1.101 1.098 1.1 1.097
1991 1.101 1.1 1.099 1.096 1.098 1.093
1992 1.101 1.1 1.099 1.095 1.098 1.093
1993 1.102 1.101 1.1 1.097 1.099 1.095
1994 1.103 1.102 1.101 1.098 1.1 1.097
1995 1.104 1.103 1.102 1.099 1.101 1.098
1996 1.105 1.104 1.102 1.099 1.102 1.1
1997 1.106 1.104 1.102 1.099 1.103 1.101
1998 1.105 1.103 1.102 1.098 1.103 1.1
1999 1.104 1.103 1.101 1.097 1.101 1.099
2000 1.103 1.126 1.093 1.081 1.12 1.107
2001 1.137 1.12 1.005 1.127 1.134 1.108
2002 1.082 1.117 1.107 1.107 1.133 1.117
2003 1.064 1.101 1.027 1.108 1.125 1.12
2004 1.083 1.112 0.903 1.091 1.106 1.115
2005 1.108 1.101 1.101 1.053 1.11 1.098
2006 1.108 1.112 1.15 1.1 1.119 0.944
2007 1.1 1.102 1.124 1.026 1.114 1.114
2008 1.033 1.109 1.091 1.13 1.106 1.059
2009 1.078 1.007 1.077 1.067 1.096 1.117
2010 1.101 1.096 1.133 1.115 1.108 1.092
2011 1.089 1.023 1.108 1.003 1.082 1.091
2012 1.104 1.116 1.089 1.102 1.078 1.109
2013 1.079 1.091 1.074 0.856 1.046 1.13
2014 1.088 1.086 0.698 0.905 1.043 1.117
2015 1.097 0.838 1.034 1.044 1.104 1.1
2016 1.049 1.063 0.717 0.845 1.102 1.075
2017 1.032 0.833 1.17 1.159 1.07 1.094
2018 1.077 0.96 1.139 1.053 1.078 1.072
2019 1.088 1.114 0.971 1.066 1.032 1.083
2020 1.053 1.109 0.974 1.027 1.031 1.099
2021 1.024 1.104 1.148 1.069 1.035 1.061
2022 0.935 1.042 1.048 1.067 1.043 1.093
2023 0.984 1.125 1.135 1.076 1.061 1.087
Values for breeding stock: Central_Am
Year RUS+WAL EAL+BER GOA SEA+NBC SBC+WA OR+CA
1970 0 0 0 0 0.998 0.954
1971 0 0 0 0 1.284 1.277
1972 0 0 0 0 1.221 1.215
1973 0 0 0 0 1.178 1.172
1974 0 0 0 0 1.149 1.14
1975 0 0 0 0 1.128 1.119
1976 0 0 0 0 1.11 1.102
1977 0 0 0 0 1.097 1.089
1978 0 0 0 0 1.085 1.077
1979 0 0 0 0 1.077 1.069
1980 0 0 0 0 1.07 1.061
1981 0 0 0 0 1.089 1.08
1982 0 0 0 0 1.102 1.094
1983 0 0 0 0 1.111 1.103
1984 0 0 0 0 1.115 1.109
1985 0 0 0 0 1.116 1.11
1986 0 0 0 0 1.116 1.109
1987 0 0 0 0 1.113 1.107
1988 0 0 0 0 1.109 1.103
1989 0 0 0 0 1.104 1.1
1990 0 0 0 0 1.1 1.097
1991 0 0 0 0 1.098 1.093
1992 0 0 0 0 1.098 1.093
1993 0 0 0 0 1.099 1.095
1994 0 0 0 0 1.1 1.097
1995 0 0 0 0 1.101 1.098
1996 0 0 0 0 1.102 1.1
1997 0 0 0 0 1.103 1.1
1998 0 0 0 0 1.103 1.1
1999 0 0 0 0 1.101 1.099
2000 0 0 0 0 1.12 1.107
2001 0 0 0 0 1.134 1.108
2002 0 0 0 0 1.133 1.117
2003 0 0 0 0 1.125 1.12
2004 0 0 0 0 1.106 1.115
2005 0 0 0 0 1.11 1.099
2006 0 0 0 0 1.119 0.944
2007 0 0 0 0 1.114 1.113
2008 0 0 0 0 1.105 1.059
2009 0 0 0 0 1.096 1.117
2010 0 0 0 0 1.108 1.092
2011 0 0 0 0 1.082 1.091
2012 0 0 0 0 1.078 1.109
2013 0 0 0 0 1.046 1.13
2014 0 0 0 0 1.043 1.117
2015 0 0 0 0 1.105 1.101
2016 0 0 0 0 1.102 1.076
2017 0 0 0 0 1.07 1.094
2018 0 0 0 0 1.078 1.073
2019 0 0 0 0 1.034 1.084
2020 0 0 0 0 1.033 1.101
2021 0 0 0 0 1.035 1.061
2022 0 0 0 0 1.043 1.093
2023 0 0 0 0 1.062 1.088

Numbers over time by herd
Values for breeding stock: Asia
Year RUS+WAL EAL+BER GOA SEA+NBC SBC+WA OR+CA
1970 67 10 0 0 0 0
1971 85 12 0 0 0 0
1972 97 14 0 0 0 0
1973 110 16 0 0 0 0
1974 122 18 0 0 0 0
1975 133 20 0 0 0 0
1976 144 21 0 0 0 0
1977 154 23 0 0 0 0
1978 164 24 0 0 0 0
1979 172 25 0 0 0 0
1980 180 27 0 0 0 0
1981 193 28 0 0 0 0
1982 208 30 0 0 0 0
1983 225 33 0 0 0 0
1984 245 36 0 0 0 0
1985 267 39 0 0 0 0
1986 290 42 0 0 0 0
1987 314 46 0 0 0 0
1988 340 50 0 0 0 0
1989 366 53 0 0 0 0
1990 393 57 0 0 0 0
1991 422 61 0 0 0 0
1992 452 66 0 0 0 0
1993 486 71 0 0 0 0
1994 522 76 0 0 0 0
1995 561 81 0 0 0 0
1996 604 88 0 0 0 0
1997 649 94 0 0 0 0
1998 699 101 0 0 0 0
1999 751 108 0 0 0 0
2000 806 116 0 0 0 0
2001 865 128 0 0 0 0
2002 966 141 0 0 0 0
2003 1019 155 0 0 0 0
2004 1047 167 0 0 0 0
2005 1094 182 0 0 0 0
2006 1178 196 0 0 0 0
2007 1274 215 0 0 0 0
2008 1368 232 0 0 0 0
2009 1362 253 0 0 0 0
2010 1411 247 0 0 0 0
2011 1508 264 0 0 0 0
2012 1590 261 0 0 0 0
2013 1696 283 0 0 0 0
2014 1791 303 0 0 0 0
2015 1848 314 0 0 0 0
2016 1986 255 0 0 0 0
2017 2023 258 0 0 0 0
2018 2006 206 0 0 0 0
2019 2102 182 0 0 0 0
2020 2218 189 0 0 0 0
2021 2259 201 0 0 0 0
2022 2220 213 0 0 0 0
2023 1970 211 0 0 0 0
Values for breeding stock: Hawaii
Year RUS+WAL EAL+BER GOA SEA+NBC SBC+WA OR+CA
1970 19 161 109 362 20 0
1971 25 205 140 461 26 0
1972 28 241 164 538 30 0
1973 32 275 188 611 35 0
1974 36 308 210 680 39 0
1975 40 339 231 745 43 0
1976 44 369 252 807 46 0
1977 47 397 271 865 50 0
1978 50 424 290 919 53 0
1979 53 450 308 971 56 0
1980 56 475 325 1019 59 0
1981 61 511 349 1091 64 0
1982 66 555 379 1180 69 0
1983 72 606 414 1283 76 0
1984 79 664 454 1399 83 0
1985 87 727 497 1526 90 0
1986 95 796 543 1663 99 0
1987 104 869 593 1806 108 0
1988 113 946 645 1958 117 0
1989 123 1027 699 2117 127 0
1990 133 1110 755 2280 137 0
1991 144 1198 814 2453 147 0
1992 155 1294 878 2638 159 0
1993 168 1399 948 2842 171 0
1994 182 1513 1024 3062 185 0
1995 197 1638 1107 3302 200 0
1996 214 1774 1197 3560 216 0
1997 232 1921 1294 3838 234 0
1998 251 2079 1398 4134 252 0
1999 272 2248 1510 4448 272 0
2000 294 2429 1627 4783 294 0
2001 318 2697 1740 5048 324 0
2002 358 2986 1690 5618 365 0
2003 380 3301 1807 6140 413 0
2004 393 3583 1793 6719 463 0
2005 414 3935 1547 7223 507 0
2006 449 4282 1594 7434 560 0
2007 489 4716 1794 8036 629 0
2008 529 5143 1995 8029 690 0
2009 531 5655 2133 8964 771 0
2010 555 5561 2240 9359 836 0
2011 598 5981 2493 10379 923 0
2012 635 5960 2732 10161 1000 0
2013 687 6554 2928 10994 1066 0
2014 725 7036 3069 9123 1090 0
2015 774 7523 2133 7797 1114 0
2016 836 6148 2021 7684 1227 0
2017 856 6257 1415 6195 1342 0
2018 855 5036 1462 6724 1409 0
2019 897 4453 1614 6791 1528 0
2020 957 4681 1518 6946 1543 0
2021 986 5014 1380 6784 1585 0
2022 982 5392 1504 6949 1625 0
2023 884 5418 1505 7053 1667 0
Values for breeding stock: MX_AR
Year RUS+WAL EAL+BER GOA SEA+NBC SBC+WA OR+CA
1970 12 56 26 10 2 9
1971 15 72 33 13 2 12
1972 18 84 39 15 3 14
1973 20 96 44 17 3 16
1974 23 108 50 19 4 17
1975 25 119 55 21 4 19
1976 27 129 60 23 4 20
1977 29 139 64 25 5 22
1978 31 148 69 26 5 23
1979 33 157 73 28 5 24
1980 35 166 77 29 5 25
1981 38 179 83 31 6 27
1982 41 194 90 34 6 29
1983 45 212 98 37 7 31
1984 49 232 107 40 8 34
1985 54 254 118 44 8 37
1986 59 279 129 48 9 40
1987 65 304 140 52 10 44
1988 71 331 153 56 11 47
1989 77 359 165 61 12 51
1990 83 388 179 65 13 55
1991 90 419 193 70 14 59
1992 97 453 208 76 15 63
1993 105 489 224 81 16 68
1994 114 529 242 88 17 73
1995 123 573 262 95 18 78
1996 133 621 283 102 20 84
1997 145 672 306 110 21 91
1998 157 728 331 118 23 98
1999 170 787 357 127 25 106
2000 184 850 385 137 27 114
2001 198 944 412 145 30 124
2002 223 1045 400 161 34 135
2003 237 1155 428 176 38 149
2004 245 1254 425 192 43 165
2005 258 1377 366 207 47 182
2006 280 1499 378 213 51 197
2007 305 1651 425 230 58 181
2008 330 1800 472 230 63 193
2009 332 1979 505 257 71 198
2010 346 1946 531 268 77 215
2011 373 2094 590 297 85 231
2012 397 2086 647 291 92 246
2013 429 2294 694 315 98 267
2014 453 2464 727 261 100 295
2015 483 2634 505 223 102 321
2016 522 2153 479 220 113 346
2017 534 2191 335 178 123 378
2018 534 1763 346 193 130 404
2019 560 1559 382 195 140 433
2020 598 1639 360 199 142 464
2021 616 1755 327 194 146 501
2022 613 1888 356 199 149 523
2023 552 1897 357 202 153 562
Values for breeding stock: MX_ML
Year RUS+WAL EAL+BER GOA SEA+NBC SBC+WA OR+CA
1970 7 37 9 12 8 84
1971 9 47 11 15 10 106
1972 11 55 13 17 12 123
1973 12 63 15 20 13 139
1974 13 70 16 22 15 153
1975 15 76 18 24 16 167
1976 16 83 19 26 18 179
1977 17 89 21 27 19 190
1978 18 94 22 29 20 201
1979 19 100 24 30 21 210
1980 20 105 25 32 22 219
1981 22 112 26 34 24 232
1982 24 121 29 37 26 249
1983 26 132 31 40 28 268
1984 28 144 34 43 31 290
1985 31 157 37 47 33 314
1986 34 171 40 51 36 340
1987 37 186 44 55 39 368
1988 40 202 48 59 43 396
1989 43 218 51 64 46 425
1990 46 235 55 68 50 456
1991 50 253 59 73 53 487
1992 54 272 64 79 57 521
1993 58 293 69 84 61 557
1994 62 316 74 91 66 598
1995 67 341 80 98 71 642
1996 73 368 86 105 77 690
1997 79 398 93 113 83 742
1998 85 429 100 121 89 797
1999 92 463 107 130 96 856
2000 99 499 115 139 103 921
2001 107 552 123 146 114 996
2002 120 610 119 163 128 1083
2003 127 672 127 177 144 1190
2004 131 728 126 193 161 1317
2005 137 797 108 207 176 1450
2006 149 866 111 213 194 1568
2007 162 951 125 230 217 1433
2008 175 1035 139 229 238 1526
2009 175 1135 148 255 265 1563
2010 182 1113 155 266 286 1689
2011 196 1194 172 294 315 1809
2012 208 1187 188 287 341 1924
2013 224 1302 201 310 362 2087
2014 236 1394 210 256 370 2294
2015 251 1487 146 218 377 2494
2016 270 1211 138 215 414 2676
2017 276 1230 96 173 451 2917
2018 275 987 99 187 473 3112
2019 288 871 109 188 511 3324
2020 306 912 102 192 514 3547
2021 314 974 93 187 527 3827
2022 312 1046 101 191 539 3983
2023 281 1048 101 193 552 4271
Values for breeding stock: Central_Am
Year RUS+WAL EAL+BER GOA SEA+NBC SBC+WA OR+CA
1970 0 0 0 0 2 38
1971 0 0 0 0 3 48
1972 0 0 0 0 3 56
1973 0 0 0 0 4 63
1974 0 0 0 0 4 70
1975 0 0 0 0 4 76
1976 0 0 0 0 5 82
1977 0 0 0 0 5 87
1978 0 0 0 0 5 91
1979 0 0 0 0 6 96
1980 0 0 0 0 6 100
1981 0 0 0 0 6 106
1982 0 0 0 0 7 113
1983 0 0 0 0 8 122
1984 0 0 0 0 8 132
1985 0 0 0 0 9 143
1986 0 0 0 0 10 155
1987 0 0 0 0 11 167
1988 0 0 0 0 11 180
1989 0 0 0 0 12 193
1990 0 0 0 0 13 207
1991 0 0 0 0 14 221
1992 0 0 0 0 15 236
1993 0 0 0 0 16 253
1994 0 0 0 0 18 271
1995 0 0 0 0 19 291
1996 0 0 0 0 21 312
1997 0 0 0 0 22 336
1998 0 0 0 0 24 361
1999 0 0 0 0 26 388
2000 0 0 0 0 28 417
2001 0 0 0 0 30 451
2002 0 0 0 0 34 490
2003 0 0 0 0 39 538
2004 0 0 0 0 43 596
2005 0 0 0 0 47 656
2006 0 0 0 0 52 709
2007 0 0 0 0 58 648
2008 0 0 0 0 64 690
2009 0 0 0 0 71 707
2010 0 0 0 0 77 763
2011 0 0 0 0 84 818
2012 0 0 0 0 91 870
2013 0 0 0 0 97 944
2014 0 0 0 0 99 1038
2015 0 0 0 0 101 1129
2016 0 0 0 0 111 1212
2017 0 0 0 0 121 1321
2018 0 0 0 0 127 1410
2019 0 0 0 0 137 1508
2020 0 0 0 0 138 1612
2021 0 0 0 0 142 1739
2022 0 0 0 0 145 1809
2023 0 0 0 0 148 1942

Catch numbers by breeding stock
Year Asia Hawaii MX_AR MX_ML Central_Am
1970 0.9 0 0 1.1 0.3
1971 0.9 0 0 1.2 0.3
1972 1 0 0 1.3 0.3
1973 1.1 0 0 1.3 0.4
1974 1.2 0.1 0 1.4 0.4
1975 1.2 0.1 0 1.5 0.4
1976 1.3 0.1 0 1.6 0.4
1977 1.4 0.1 0 1.6 0.4
1978 1.5 0.1 0 1.7 0.5
1979 1.6 0.1 0 1.8 0.5
1980 1.8 0.1 0 1.9 0.5
1981 1.9 0.1 0 2 0.5
1982 2 0.1 0 2.1 0.6
1983 2.2 0.1 0 2.2 0.6
1984 2.3 0.1 0 2.4 0.6
1985 2.5 0.1 0 2.5 0.7
1986 2.6 0.1 0 2.6 0.7
1987 2.8 0.1 0 2.8 0.7
1988 3 0.1 0 2.9 0.8
1989 3.2 0.1 0 3.1 0.8
1990 3.5 0.2 0 3.2 0.8
1991 3.7 0.2 0 3.4 0.9
1992 4 0.2 0 3.6 0.9
1993 4.3 0.2 0 3.8 1
1994 4.6 0.2 0 4 1
1995 4.9 0.2 0 4.2 1.1
1996 5.2 0.2 0 4.4 1.1
1997 5.6 0.2 0 4.7 1.2
1998 6 0.2 0 4.9 1.2
1999 6.4 0.2 0 5.2 1.3
2000 6.9 0.3 0 5.5 1.4
2001 7.3 0.3 0 5.8 1.4
2002 7.9 0 0 5.8 1.5
2003 8.4 0 0 5.8 1.6
2004 9 0 0 6.7 1.7
2005 9.6 0 0 8.1 1.8
2006 10.3 1 0 6.8 1.8
2007 11.1 0 0 7.7 1.9
2008 11.8 0 0 7.9 2
2009 12.7 0 0 9 2.1
2010 13.6 0 0 9.3 2.2
2011 14.5 0.8 0 10.6 2.4
2012 15.5 0 0 10.9 2.5
2013 28 0 0 10.8 2.6
2014 0 5 0 13 2.7
2015 72 0 0 14.2 2.9
2016 12 0.1 0 14.2 3
2017 12 0.1 0 13.4 3.2
2018 16 0.1 0 13.4 3.3
2019 4 0.4 0 13.4 1.7
2020 26.8 0.4 0 23.8 5
2021 28.6 0.4 0 12.8 4.7
2022 30.7 0.4 0 10.5 3.7
2023 32.8 0.4 0 18.4 4.2

Catch numbers by feeding ground
Year RUS+WAL EAL+BER GOA SEA+NBC SBC+WA OR+CA
1970 0 2.7 3.1 6.8 0.1 6.4
1971 0 1.8 0.1 4 0.1 1.5
1972 4 0.8 0.1 4.1 0.1 1.6
1973 0 0.8 0.1 4.3 0.1 1.7
1974 0 0.8 0.1 4.5 0.1 2.5
1975 0 0.8 0.2 4.7 0.1 2.7
1976 0 0.8 0.2 4.9 0.2 2.9
1977 0 0.8 0.2 5.2 0.2 3.1
1978 0 0.8 0.2 5.4 0.2 3.3
1979 0 1 0.2 5.6 0.2 3.5
1980 0 1 0.2 5.9 0.2 3.9
1981 0 1 0.3 6.1 0.3 4.2
1982 0 1 0.4 6.5 0.3 4.5
1983 0 1 0.4 6.7 0.3 4.8
1984 0 1 0.5 7.1 0.4 4.6
1985 0 1 0.5 6.7 0.4 5
1986 0 1 0.7 7.8 0.4 5.4
1987 0 1 0.7 10 0.5 5.8
1988 0 1.1 0.8 8.5 0.5 6.3
1989 0 0.9 0.8 6.1 0.6 6.1
1990 0 1 0.8 7.4 0.7 5.8
1991 0 1 0.9 8.2 0.7 7.6
1992 0 1.1 0.9 9.8 0.8 8.3
1993 0 1.1 1 7.1 0.9 8.6
1994 0 1.2 1 9.3 1 8.8
1995 0 1.2 1 9.3 1.1 9.6
1996 0 1.2 1.1 12.7 1.2 9.9
1997 0 1.2 1.3 12.7 0.9 10.7
1998 0 3 1.4 14.7 1.2 12
1999 0 2.6 1.4 17.4 1.7 13.5
2000 0 1.2 1.5 14.1 1.5 11.6
2001 0 1.2 1.8 16.4 1.7 13.4
2002 0 2.4 1.9 13.8 1.9 13.7
2003 0 1.4 2 18.9 2.3 16
2004 0 1.4 2.3 22 2.5 15.9
2005 0 1.6 2.3 23.3 5.8 20.1
2006 0 1.6 2.4 22.7 5.3 22.1
2007 0 0.1 7.3 18.4 0 18.1
2008 0 0.1 4.3 19.7 12.4 8.8
2009 0 0.1 4.3 24.1 0 9.8
2010 0 6.1 0.8 44.5 7 24.5
2011 0 3.1 4 28.4 11 11.9
2012 0 4.1 8.8 11.6 0 10
2013 0 0.1 4 31.6 0 4.7
2014 0 0.1 11.8 43.7 7 45.2
2015 0 4.1 12 51 9.1 103.4
2016 0 4.1 4.8 34.8 7.1 150.3
2017 0 4.1 2.1 16.3 11.1 60.3
2018 0 1.1 4 26.6 30.1 111.1
2019 0 4.1 6 27.3 9.1 61
2020 0 1.1 0 24 23 31.2
2021 0 2.2 7 33.7 13 62.4
2022 0 4.3 0.8 22.3 8 56
2023 0 3.6 9.1 40.1 19.2 59.7
