Stock structure: B2F2; Model type = BC
Mortality impacts feeding grounds
Recruitment related to unfished
Straying rate: 0
Age-at-maturity: 8
Base adult survival: 0.96
Mirrored survival
Sigma for survival devs: 6
Additional variance estimated
Weight for mark-recapture proportions: 1
Weight for genetics proportions: 1


Total objective fn: 217.571306369461
Negative log-likelihood fn: 9.65608469926833

Natural Survival by feeding ground
RUS+WAL,EAL+BER+WGOA,NGOA,SEA+NBC,SBC+WA,OR+CA
1970 0.96 0.96 0.96 0.96 0.96 0.96
1971 0.96 0.96 0.96 0.96 0.96 0.96
1972 0.96 0.96 0.96 0.96 0.96 0.96
1973 0.96 0.96 0.96 0.96 0.96 0.96
1974 0.96 0.96 0.96 0.96 0.96 0.96
1975 0.96 0.96 0.96 0.96 0.96 0.96
1976 0.96 0.96 0.96 0.96 0.96 0.96
1977 0.96 0.96 0.96 0.96 0.96 0.96
1978 0.96 0.96 0.96 0.96 0.96 0.96
1979 0.96 0.96 0.96 0.96 0.96 0.96
1980 0.96 0.96 0.96 0.96 0.96 0.96
1981 0.96 0.96 0.96 0.96 0.96 0.96
1982 0.96 0.96 0.96 0.96 0.96 0.96
1983 0.96 0.96 0.96 0.96 0.96 0.96
1984 0.96 0.96 0.96 0.96 0.96 0.96
1985 0.96 0.96 0.96 0.96 0.96 0.96
1986 0.96 0.96 0.96 0.96 0.96 0.96
1987 0.96 0.96 0.96 0.96 0.96 0.96
1988 0.96 0.96 0.96 0.96 0.96 0.96
1989 0.96 0.96 0.96 0.96 0.96 0.96
1990 0.96 0.96 0.96 0.96 0.96 0.96
1991 0.96 0.96 0.96 0.96 0.96 0.96
1992 0.96 0.96 0.96 0.96 0.96 0.96
1993 0.96 0.96 0.96 0.96 0.96 0.96
1994 0.96 0.96 0.96 0.96 0.96 0.96
1995 0.96 0.96 0.96 0.96 0.96 0.96
1996 0.96 0.96 0.96 0.96 0.96 0.96
1997 0.96 0.96 0.96 0.96 0.96 0.96
1998 0.96 0.96 0.96 0.96 0.96 0.96
1999 0.96 0.96 0.96 0.96 0.96 0.96
2000 0.96 0.9961133 0.8732116 0.8732116 0.9969029 0.883676
2001 0.96 0.9961308 0.9919704 0.9919704 0.9974749 0.9917932
2002 0.96 0.9956355 0.9944381 0.9944381 0.9977512 0.9955069
2003 0.96 0.9935715 0.876388 0.876388 0.9978393 0.9952255
2004 0.96 0.9936978 0.9949634 0.9949634 0.9977737 0.9946543
2005 0.96 0.9934207 0.877836 0.877836 0.9975425 0.9643847
2006 0.96 0.9938234 0.9955558 0.9955558 0.9977127 0.7226516
2007 0.96 0.9863002 0.8942276 0.8942276 0.9970314 0.979751
2008 0.96 0.9814978 0.9959412 0.9959412 0.9951668 0.9082883
2009 0.96 0.7759408 0.9204563 0.9204563 0.9914527 0.9695531
2010 0.96 0.988221 0.9946828 0.9946828 0.9920349 0.9662824
2011 0.96 0.9895766 0.8681324 0.8681324 0.9930938 0.8533634
2012 0.96 0.8738481 0.991745 0.991745 0.9905397 0.9863838
2013 0.96 0.9833752 0.7978891 0.7978891 0.8626394 0.9962353
2014 0.96 0.9811375 0.6868895 0.6868895 0.9264841 0.9980315
2015 0.96 0.7546589 0.8864123 0.8864123 0.8051652 0.9983578
2016 0.96 0.8676584 0.7240405 0.7240405 0.9564039 0.9973953
2017 0.96 0.7332803 0.8724542 0.8724542 0.9922602 0.9956286
2018 0.96 0.7213852 0.9891826 0.9891826 0.9923036 0.9813937
2019 0.96 0.983474 0.9397448 0.9397448 0.9926558 0.8898813
2020 0.96 0.9783937 0.7761122 0.7761122 0.9930662 0.9887666
2021 0.96 0.9600088 0.9600035 0.9600035 0.9896515 0.8584545
2022 0.96 0.9599957 0.959999 0.959999 0.9627929 0.9294496
2023 0.96 0.96 0.96 0.96 0.96 0.96

Natural Survival by breeding stock
RUS+WAL,EAL+BER+WGOA,NGOA,SEA+NBC,SBC+WA,OR+CA
1970 0.96 0.96 0.96 0.96 0.96
1971 0.96 0.96 0.96 0.96 0.96
1972 0.96 0.96 0.96 0.96 0.96
1973 0.96 0.96 0.96 0.96 0.96
1974 0.96 0.96 0.96 0.96 0.96
1975 0.96 0.96 0.96 0.96 0.96
1976 0.96 0.96 0.96 0.96 0.96
1977 0.96 0.96 0.96 0.96 0.96
1978 0.96 0.96 0.96 0.96 0.96
1979 0.96 0.96 0.96 0.96 0.96
1980 0.96 0.96 0.96 0.96 0.96
1981 0.96 0.96 0.96 0.96 0.96
1982 0.96 0.96 0.96 0.96 0.96
1983 0.96 0.96 0.96 0.96 0.96
1984 0.96 0.96 0.96 0.96 0.96
1985 0.96 0.96 0.96 0.96 0.96
1986 0.96 0.96 0.96 0.96 0.96
1987 0.96 0.96 0.96 0.96 0.96
1988 0.96 0.96 0.96 0.96 0.96
1989 0.96 0.96 0.96 0.96 0.96
1990 0.96 0.96 0.96 0.96 0.96
1991 0.96 0.96 0.96 0.96 0.96
1992 0.96 0.96 0.96 0.96 0.96
1993 0.96 0.96 0.96 0.96 0.96
1994 0.96 0.96 0.96 0.96 0.96
1995 0.96 0.96 0.96 0.96 0.96
1996 0.96 0.96 0.96 0.96 0.96
1997 0.96 0.96 0.96 0.96 0.96
1998 0.96 0.96 0.96 0.96 0.96
1999 0.96 0.96 0.96 0.96 0.96
2000 0.96 0.96 0.96 0.96 0.96
2001 0.96 0.96 0.96 0.96 0.96
2002 0.96 0.96 0.96 0.96 0.96
2003 0.96 0.96 0.96 0.96 0.96
2004 0.96 0.96 0.96 0.96 0.96
2005 0.96 0.96 0.96 0.96 0.96
2006 0.96 0.96 0.96 0.96 0.96
2007 0.96 0.96 0.96 0.96 0.96
2008 0.96 0.96 0.96 0.96 0.96
2009 0.96 0.96 0.96 0.96 0.96
2010 0.96 0.96 0.96 0.96 0.96
2011 0.96 0.96 0.96 0.96 0.96
2012 0.96 0.96 0.96 0.96 0.96
2013 0.96 0.96 0.96 0.96 0.96
2014 0.96 0.96 0.96 0.96 0.96
2015 0.96 0.96 0.96 0.96 0.96
2016 0.96 0.96 0.96 0.96 0.96
2017 0.96 0.96 0.96 0.96 0.96
2018 0.96 0.96 0.96 0.96 0.96
2019 0.96 0.96 0.96 0.96 0.96
2020 0.96 0.96 0.96 0.96 0.96
2021 0.96 0.96 0.96 0.96 0.96
2022 0.96 0.96 0.96 0.96 0.96
2023 0.96 0.96 0.96 0.96 0.96

Fecundity by feeding ground
RUS+WAL,EAL+BER+WGOA,NGOA,SEA+NBC,SBC+WA,OR+CA
1970 0.9535529 0.9548831 0.9538392 0.9535945 0.9553267 0.9577773
1971 0.9535529 0.9548831 0.9538392 0.9535945 0.9553267 0.9577773
1972 0.9535529 0.9548831 0.9538392 0.9535945 0.9553267 0.9577773
1973 0.9535529 0.9548831 0.9538392 0.9535945 0.9553267 0.9577773
1974 0.9535529 0.9548831 0.9538392 0.9535945 0.9553267 0.9577773
1975 0.9535529 0.9548831 0.9538392 0.9535945 0.9553267 0.9577773
1976 0.9535529 0.9548831 0.9538392 0.9535945 0.9553267 0.9577773
1977 0.9535529 0.9548831 0.9538392 0.9535945 0.9553267 0.9577773
1978 0.9535529 0.9548831 0.9538392 0.9535945 0.9553267 0.9577773
1979 0.951588 0.953212 0.9518576 0.951658 0.9537315 0.9568214
1980 0.9501659 0.951571 0.9499558 0.9498021 0.9522017 0.9559113
1981 0.9483574 0.9499962 0.94813 0.9480261 0.9507349 0.9550472
1982 0.9466324 0.9484867 0.9463792 0.9463288 0.9493293 0.9542595
1983 0.9449771 0.9470385 0.9447092 0.9447053 0.9479815 0.9535158
1984 0.9433989 0.9456496 0.9431065 0.9431528 0.9467216 0.9528141
1985 0.9418942 0.9443167 0.941568 0.941671 0.9455121 0.9521502
1986 0.9404606 0.9430385 0.9400914 0.9402544 0.9443543 0.9515299
1987 0.9390953 0.9418203 0.9386744 0.9389004 0.9432444 0.9509467
1988 0.9372712 0.9401965 0.9367752 0.9370826 0.9417448 0.9501463
1989 0.9351455 0.9381928 0.9344471 0.9348405 0.9399226 0.9491457
1990 0.932627 0.9358438 0.9317301 0.9322204 0.9377785 0.9479704
1991 0.9297662 0.9331828 0.9286512 0.9292546 0.9353415 0.9466441
1992 0.9265873 0.9302406 0.9252592 0.9259843 0.9326737 0.9451632
1993 0.9231351 0.9270451 0.9215754 0.9224189 0.9297771 0.9435772
1994 0.9194311 0.9236219 0.9176506 0.9186335 0.9266735 0.9418962
1995 0.9155164 0.9199973 0.913492 0.9146874 0.9234195 0.9401386
1996 0.9114182 0.9161989 0.9091359 0.9104979 0.9200028 0.9383247
1997 0.9070246 0.9121167 0.9044546 0.9059282 0.9163591 0.9363617
1998 0.9022803 0.907675 0.8993519 0.9009919 0.9124124 0.9341943
1999 0.8970896 0.9027958 0.8937559 0.8955926 0.9080621 0.9318948
2000 0.8913955 0.8974225 0.8875869 0.8896862 0.9032808 0.9293699
2001 0.8851412 0.8915023 0.8808033 0.8830961 0.8980309 0.9265731
2002 0.8782851 0.8850006 0.8733518 0.8759218 0.892274 0.9234789
2003 0.8707945 0.8778846 0.8652062 0.8680751 0.8859838 0.9201097
2004 0.8626498 0.8701347 0.8563552 0.8596487 0.879147 0.9164284
2005 0.8538514 0.8617416 0.8467989 0.850517 0.871625 0.9124664
2006 0.8443618 0.8527358 0.8364862 0.8406822 0.8635848 0.908215
2007 0.8341353 0.8429806 0.8253485 0.8301162 0.855047 0.9036516
2008 0.8231177 0.8323743 0.813328 0.8185802 0.8457166 0.8985895
2009 0.8112251 0.8155782 0.8150234 0.8203308 0.8307728 0.8987321
2010 0.7983952 0.796714 0.7969532 0.802903 0.8138691 0.8910461
2011 0.7845404 0.7755361 0.7762741 0.7830821 0.7948489 0.8821587
2012 0.7696014 0.7521799 0.7779854 0.7849 0.7734172 0.8721071
2013 0.753511 0.7260049 0.755061 0.7630157 0.7503201 0.8610038
2014 0.7362132 0.6967931 0.7568881 0.7649282 0.7240017 0.8519801
2015 0.717674 0.6640315 0.7320535 0.7405718 0.6925695 0.8723613
2016 0.6978299 0.6300601 0.7303397 0.7388391 0.6616247 0.8623626
2017 0.6766635 0.5943804 0.7022422 0.7117933 0.6232599 0.8595032
2018 0.6541649 0.6410051 0.6922251 0.7031106 0.584533 0.8501437
2019 0.6302678 0.605497 0.6601961 0.6723808 0.5428641 0.839693
2020 0.6049443 0.566359 0.6685268 0.6794195 0.4928792 0.8440333
2021 0.5793786 0.5750725 0.634932 0.6472626 0.4396837 0.8302682
2022 0.5494016 0.5371894 0.670504 0.6812767 0.4596198 0.8156607
2023 0.5253249 0.4983647 0.738334 0.7466515 0.4448816 0.8017691

Total abundance: Estimate SD_log
1970 795.2763 0.02348302
1971 956.0656 0.02399377
1972 1121.463 0.02411004
1973 1276.981 0.02425757
1974 1429.638 0.02431292
1975 1574.941 0.02437601
1976 1713.856 0.0244352
1977 1846.542 0.02449286
1978 1973.344 0.02454829
1979 2094.403 0.02460324
1980 2256.824 0.02464287
1981 2455.8 0.02467912
1982 2689.001 0.02469971
1983 2952.651 0.02471225
1984 3243.898 0.0247173
1985 3559.872 0.02471728
1986 3898.123 0.02471264
1987 4254.623 0.02471409
1988 4625.843 0.02472726
1989 5025.359 0.0247276
1990 5463.364 0.02470698
1991 5943.16 0.02468333
1992 6469.323 0.02466039
1993 7046.949 0.02463559
1994 7684.315 0.02459436
1995 8379.221 0.02455597
1996 9134.537 0.02451886
1997 9948.87 0.02449135
1998 10829.31 0.02446531
1999 11776.32 0.02445323
2000 12796.8 0.02445515
2001 13316.68 0.02759319
2002 14916.53 0.02862828
2003 16733.78 0.02902115
2004 17678.21 0.02085533
2005 19801.79 0.01985194
2006 20907.8 0.02571357
2007 22697.09 0.02618087
2008 24147.31 0.02963668
2009 26659.95 0.03707102
2010 26382.84 0.04689557
2011 29229.17 0.0458975
2012 30204.28 0.04893632
2013 32105.69 0.04466394
2014 32125.48 0.0514072
2015 30902.85 0.0487862
2016 29179.64 0.05313518
2017 27650.83 0.05692664
2018 26487.01 0.04543086
2019 26548.66 0.03729151
2020 27964.33 0.03743549
2021 28370.35 0.03702142
2022 29557.09 0.1006681
2023 31218.76 0.1374463
2024 33114.4 0.173371

Breeding stock abundance: Estimate SD_log Estimate/K
Asia
1970 54.03293 0.06138944 1.231714
1971 65.4555 0.0621494 1.492099
1972 76.51404 0.06264123 1.744185
1973 84.69083 0.0645731 1.93058
1974 94.81167 0.06474566 2.161291
1975 104.4318 0.06494089 2.380588
1976 113.6672 0.06509808 2.591116
1977 122.4374 0.06527837 2.791036
1978 130.7607 0.06547711 2.980773
1979 138.6553 0.06569115 3.160734
1980 149.2676 0.06584763 3.402647
1981 161.5723 0.06624575 3.683141
1982 176.1368 0.06654139 4.015148
1983 192.7194 0.0667564 4.39316
1984 211.0265 0.06693369 4.81048
1985 230.9463 0.06705812 5.264564
1986 252.1861 0.06717342 5.74874
1987 274.6631 0.06726281 6.261117
1988 298.1102 0.06735927 6.795608
1989 323.1708 0.06744301 7.36688
1990 350.2458 0.06752994 7.984071
1991 379.7263 0.06761541 8.656098
1992 412.0897 0.06767079 9.393842
1993 447.5649 0.06770326 10.20252
1994 486.3816 0.0677122 11.08737
1995 528.7242 0.06769785 12.0526
1996 574.6929 0.06766817 13.10048
1997 624.3319 0.06763281 14.23203
1998 677.7409 0.0676072 15.44953
1999 735.1318 0.06760086 16.75779
2000 796.919 0.06761739 18.16627
2001 866.4002 0.06761243 19.75013
2002 941.7405 0.06766286 21.46756
2003 1023.196 0.06779834 23.3244
2004 1111.239 0.06802176 25.33138
2005 1206.446 0.06838856 27.50168
2006 1309.183 0.06893942 29.84363
2007 1419.852 0.06970961 32.36642
2008 1537.36 0.0708801 35.04508
2009 1662.248 0.07256269 37.89197
2010 1749.209 0.07440066 39.87431
2011 1886.863 0.07635704 43.01221
2012 2033.29 0.07884405 46.35012
2013 2160.754 0.08149224 49.25573
2014 2308.706 0.08536867 52.62839
2015 2492.164 0.08896936 56.81043
2016 2553.209 0.09660049 58.20199
2017 2711.349 0.1031623 61.80688
2018 2846.074 0.1107943 64.87803
2019 2987.953 0.1200639 68.11226
2020 3186.948 0.1286699 72.64847
2021 3365.597 0.1393832 76.72089
2022 3540.989 0.1516977 80.71906
2023 3715.282 0.1654878 84.69217
Hawaii
1970 516.1826 0.03179702 1.123628
1971 625.1889 0.03221401 1.360914
1972 734.6698 0.03231979 1.599232
1973 839.4627 0.03240379 1.827346
1974 940.6885 0.03245624 2.047694
1975 1037.587 0.03250617 2.258623
1976 1130.347 0.03255367 2.460544
1977 1219.152 0.03259904 2.653855
1978 1304.132 0.03264348 2.838839
1979 1385.53 0.03268526 3.016028
1980 1494.431 0.03271202 3.253083
1981 1628.316 0.03272517 3.544526
1982 1785.02 0.03272596 3.885639
1983 1962.195 0.03272073 4.271313
1984 2158.031 0.03270874 4.697611
1985 2370.271 0.03269756 5.159616
1986 2597.987 0.03267797 5.655308
1987 2837.972 0.03267 6.177709
1988 3087.788 0.03268077 6.721509
1989 3357.523 0.03267069 7.30867
1990 3653.828 0.03263393 7.953667
1991 3977.76 0.03260412 8.658804
1992 4333.957 0.0325746 9.434174
1993 4724.782 0.03255154 10.28492
1994 5156.798 0.03251113 11.22534
1995 5627.023 0.03248753 12.24893
1996 6138.352 0.03247328 13.36199
1997 6688.734 0.03248439 14.56006
1998 7284.439 0.03250415 15.85679
1999 7925.315 0.03255123 17.25186
2000 8616.164 0.03262819 18.7557
2001 8880.353 0.03724528 19.33079
2002 9971.969 0.03908122 21.70702
2003 11214.57 0.03981605 24.41192
2004 11605.52 0.02847065 25.26293
2005 13029.63 0.02731523 28.36295
2006 13524.94 0.03328298 29.44115
2007 15168.52 0.03378061 33.01889
2008 15913.98 0.03556029 34.64161
2009 17742.97 0.04118233 38.62297
2010 17496.54 0.05041912 38.08654
2011 19482.67 0.04991729 42.40996
2012 19970.04 0.05082528 43.47087
2013 21341.07 0.04825482 46.45532
2014 20606.93 0.06373602 44.85725
2015 18651.6 0.05456499 40.60086
2016 17247.66 0.05890073 37.54477
2017 15421.05 0.06638902 33.56859
2018 14213.15 0.05543047 30.93924
2019 14099.89 0.04562258 30.69269
2020 14960.76 0.04470678 32.56664
2021 14380.7 0.05091174 31.30396
2022 15268.24 0.1487258 33.23596
2023 16215.55 0.2053774 35.29808
MX_AR
1970 80.40104 0.05767831 0.9183574
1971 96.9001 0.05790276 1.106813
1972 114.0045 0.05791736 1.302183
1973 130.213 0.0579635 1.48732
1974 146.1762 0.05793833 1.669655
1975 161.4368 0.05792251 1.843964
1976 176.0556 0.0579122 2.010943
1977 190.0628 0.05790589 2.170937
1978 203.486 0.05790101 2.324259
1979 216.3511 0.05789758 2.471207
1980 233.4982 0.05789266 2.667064
1981 254.5113 0.05788825 2.907081
1982 279.1447 0.05787658 3.188448
1983 307.0407 0.05785933 3.507082
1984 337.8912 0.05783852 3.859463
1985 371.4096 0.05781547 4.242317
1986 407.3096 0.05779303 4.652374
1987 445.2663 0.05777048 5.085924
1988 485.0103 0.05774699 5.539887
1989 527.6754 0.05772644 6.027218
1990 574.2953 0.05770466 6.559719
1991 625.4727 0.05767792 7.144279
1992 681.7218 0.05764962 7.786768
1993 743.609 0.05761707 8.493655
1994 811.707 0.05758337 9.271486
1995 886.1515 0.05754511 10.12181
1996 967.1745 0.05750524 11.04727
1997 1054.831 0.05746282 12.0485
1998 1149.608 0.05742075 13.13106
1999 1251.538 0.05738525 14.29533
2000 1361.737 0.05734948 15.55404
2001 1475.539 0.05758228 16.85391
2002 1656.554 0.05738694 18.9215
2003 1860.158 0.05712514 21.24711
2004 2034.566 0.05670674 23.23924
2005 2280.51 0.05665818 26.04846
2006 2492.114 0.05859677 28.46544
2007 2734.53 0.06056336 31.23437
2008 2987.588 0.06924842 34.12485
2009 3296.276 0.0827551 37.65074
2010 3086.265 0.1035532 35.25195
2011 3417.447 0.102021 39.03479
2012 3668.955 0.1063936 41.90757
2013 3747.805 0.0985232 42.80821
2014 3961.963 0.09622255 45.25436
2015 4124.781 0.1007452 47.1141
2016 3714.797 0.1112434 42.43118
2017 3602.323 0.1144134 41.14648
2018 3246.078 0.1032829 37.07738
2019 3005.141 0.09085634 34.32535
2020 3202.729 0.09055315 36.58224
2021 3370.238 0.09763922 38.49556
2022 3532.071 0.16095 40.34405
2023 3726.886 0.2048296 42.56926
MX_ML
1970 114.369 0.0481877 0.5237749
1971 133.7376 0.04950999 0.6124773
1972 155.8186 0.04994759 0.7136012
1973 176.7399 0.05028995 0.8094145
1974 197.0086 0.05058236 0.9022389
1975 215.8778 0.05090969 0.9886543
1976 233.7653 0.05121183 1.070573
1977 250.6939 0.05149996 1.148101
1978 266.8172 0.05175597 1.221941
1979 282.0733 0.05200584 1.291809
1980 302.7683 0.05224851 1.386586
1981 328.2392 0.05249021 1.503235
1982 358.1309 0.0527219 1.64013
1983 391.8714 0.05295029 1.794651
1984 429.0264 0.05317517 1.964809
1985 469.3556 0.05338469 2.149505
1986 512.2698 0.05359708 2.346038
1987 557.3678 0.05380633 2.552574
1988 604.1813 0.05401972 2.766965
1989 654.1856 0.05423615 2.995969
1990 708.8963 0.05443774 3.246528
1991 769.3172 0.05460106 3.523237
1992 834.8742 0.0547974 3.823468
1993 906.8946 0.0549836 4.153299
1994 986.1896 0.05515917 4.516446
1995 1073.014 0.05531292 4.914075
1996 1167.227 0.055466 5.345542
1997 1269.158 0.05560464 5.812355
1998 1379.091 0.05574505 6.315813
1999 1497.226 0.05588353 6.856836
2000 1624.207 0.05603475 7.438369
2001 1694.18 0.05897742 7.758824
2002 1898.104 0.05776412 8.692735
2003 2131.835 0.05752955 9.763151
2004 2360.426 0.05702174 10.81003
2005 2648.302 0.05727888 12.12841
2006 2886.872 0.06922918 13.22099
2007 2793.77 0.0695557 12.79461
2008 3066.176 0.07108029 14.04215
2009 3293.084 0.07421715 15.08131
2010 3319.314 0.07526584 15.20144
2011 3645.536 0.07489359 16.69544
2012 3752.642 0.074817 17.18595
2013 3988.621 0.06973594 18.26666
2014 4287.349 0.06873358 19.63474
2015 4573.199 0.06927021 20.94385
2016 4514.687 0.06931502 20.67588
2017 4662.44 0.06682777 21.35255
2018 4778.865 0.05933502 21.88574
2019 4922.335 0.06272006 22.54278
2020 5065.057 0.06198093 23.19641
2021 5523.648 0.06161014 25.29661
2022 5530.215 0.09101693 25.32669
2023 5799.777 0.101254 26.5612
Central_Am
1970 30.29081 0.08400704 0.7611672
1971 34.78342 0.08503963 0.8740606
1972 40.45635 0.08565363 1.016614
1973 45.87459 0.08610039 1.152767
1974 50.95309 0.08660168 1.280382
1975 55.6074 0.08701184 1.397339
1976 60.02045 0.08734745 1.508233
1977 64.19559 0.08763335 1.613149
1978 68.14842 0.08787713 1.712478
1979 71.7926 0.08820454 1.804051
1980 76.85946 0.08850253 1.931375
1981 83.16057 0.08876393 2.089713
1982 90.56787 0.08901443 2.275849
1983 98.82482 0.08933259 2.483335
1984 107.9225 0.08961186 2.711947
1985 117.8895 0.08985215 2.962404
1986 128.3712 0.09012949 3.225796
1987 139.3538 0.09038566 3.501774
1988 150.7531 0.0906236 3.788222
1989 162.8034 0.09089103 4.09103
1990 176.0981 0.09111688 4.425107
1991 190.8833 0.09131687 4.79664
1992 206.6808 0.0915496 5.193611
1993 224.0984 0.0917544 5.63129
1994 243.238 0.09197697 6.112242
1995 264.3078 0.09217406 6.6417
1996 287.0903 0.09238559 7.214192
1997 311.8156 0.09258382 7.835506
1998 338.432 0.09279449 8.504342
1999 367.1049 0.09299468 9.224853
2000 397.7773 0.09322062 9.995608
2001 400.2072 0.09994529 10.05667
2002 448.1594 0.09766533 11.26164
2003 504.0171 0.09754914 12.66527
2004 566.466 0.09774465 14.23453
2005 636.9016 0.09855331 16.00448
2006 694.6894 0.1230797 17.45661
2007 580.4209 0.116236 14.58519
2008 642.2066 0.1166753 16.13779
2009 665.3677 0.1185661 16.71979
2010 731.5098 0.1152231 18.38186
2011 796.6516 0.1188935 20.01878
2012 779.3538 0.1005808 19.58411
2013 867.4467 0.09332391 21.79777
2014 960.5256 0.09424656 24.13672
2015 1061.112 0.09436597 26.66431
2016 1149.285 0.09463353 28.87999
2017 1253.677 0.09475605 31.50321
2018 1402.843 0.0955375 35.25156
2019 1533.347 0.1039912 38.53094
2020 1548.834 0.101961 38.92012
2021 1730.166 0.1018664 43.47674
2022 1685.575 0.1254595 42.35623
2023 1761.262 0.1250002 44.25815

Feeding stock abundance: Estimate SD_log Estimate/K
RUS+WAL
1970 77.46181 0.08073835 1.065454
1971 94.80386 0.08101393 1.303987
1972 111.3558 0.08126047 1.531651
1973 123.3189 0.08402276 1.696198
1974 138.544 0.08387379 1.905613
1975 153.1544 0.08375872 2.106573
1976 167.0841 0.08370721 2.29817
1977 180.365 0.08370346 2.480843
1978 193.0183 0.08373476 2.654885
1979 205.0693 0.08379353 2.82064
1980 221.1688 0.08381442 3.042083
1981 239.9315 0.08417264 3.300155
1982 262.1603 0.0843984 3.605903
1983 287.4109 0.08454671 3.953214
1984 315.4683 0.08461074 4.339132
1985 345.9389 0.08463804 4.758242
1986 378.6315 0.08462546 5.207915
1987 413.1836 0.08460509 5.683164
1988 449.3559 0.08458457 6.180699
1989 488.1353 0.08454572 6.714093
1990 530.0096 0.0845379 7.290056
1991 575.8248 0.08452113 7.920225
1992 626.0825 0.08449551 8.611498
1993 681.2852 0.08445007 9.370788
1994 741.7994 0.08438386 10.20313
1995 807.9141 0.084298 11.11251
1996 879.8015 0.08419972 12.10129
1997 957.4593 0.08410482 13.16944
1998 1041.217 0.08401743 14.3215
1999 1131.48 0.08394831 15.56302
2000 1228.724 0.08391046 16.90058
2001 1333.692 0.08390493 18.34437
2002 1446.933 0.08395683 19.90195
2003 1569.22 0.08407696 21.58395
2004 1701.077 0.08429015 23.39758
2005 1843.095 0.08462312 25.35099
2006 1995.771 0.0851151 27.45098
2007 2159.404 0.08580455 29.70169
2008 2334.555 0.08673336 32.1108
2009 2521.376 0.08795667 34.68045
2010 2719.956 0.08954695 37.41184
2011 2930.88 0.09154889 40.313
2012 3154.393 0.09403649 43.38733
2013 3380.044 0.09736111 46.49106
2014 3644.631 0.1006462 50.13034
2015 3857.139 0.1062457 53.0533
2016 4138.097 0.1112629 56.91776
2017 4430.649 0.1171716 60.94169
2018 4729.704 0.1241376 65.05507
2019 5049.145 0.1318505 69.44883
2020 5352.816 0.1411956 73.6257
2021 5661.051 0.1517463 77.86535
2022 5969.526 0.1634802 82.10828
2023 6275.775 0.1767098 86.3206
EAL+BER+WGOA
1970 202.2335 0.06716708 0.9301718
1971 242.444 0.06906619 1.115119
1972 284.7558 0.06945662 1.309733
1973 326.3217 0.06953246 1.500915
1974 366.166 0.06959117 1.684178
1975 404.3901 0.06963823 1.85999
1976 441.0493 0.06967755 2.028603
1977 476.2315 0.06971023 2.190424
1978 509.9703 0.06973888 2.345605
1979 542.3233 0.06976448 2.494412
1980 585.1832 0.06983759 2.691546
1981 638.0704 0.0698894 2.934801
1982 700.0706 0.06992207 3.21997
1983 770.3078 0.06993929 3.543026
1984 847.9653 0.06994483 3.900211
1985 932.3119 0.0699413 4.288162
1986 1022.665 0.06993093 4.70374
1987 1118.336 0.06991645 5.143781
1988 1218.693 0.06990195 5.605372
1989 1326.241 0.06989279 6.100036
1990 1443.578 0.06986907 6.639727
1991 1572.363 0.06984391 7.232075
1992 1714.29 0.06981061 7.884867
1993 1870.553 0.06977219 8.603595
1994 2042.263 0.06972453 9.393377
1995 2230.087 0.06967148 10.25727
1996 2434.643 0.0696108 11.19812
1997 2656.178 0.0695454 12.21707
1998 2895.683 0.06947495 13.31867
1999 3152.768 0.06943902 14.50113
2000 3431.317 0.06938449 15.78232
2001 3874.646 0.06852464 17.82141
2002 4373.763 0.06764827 20.11709
2003 4931.746 0.06650036 22.68354
2004 5548.225 0.06365761 25.51903
2005 6239.308 0.06186067 28.69765
2006 7010.344 0.06399633 32.24403
2007 7873.577 0.06693574 36.21446
2008 8770.242 0.08222682 40.33867
2009 9711.999 0.1059064 44.67028
2010 8487.352 0.1491599 39.03752
2011 9421.578 0.146541 43.33449
2012 10455.61 0.1474797 48.09053
2013 10221.62 0.1390457 47.01429
2014 11221.54 0.131443 51.61338
2015 12250.3 0.1292223 56.34517
2016 10254.81 0.1602169 47.16695
2017 9836.315 0.164253 45.24207
2018 7944.897 0.167288 36.5425
2019 6374.986 0.1645032 29.3217
2020 6935.595 0.1614675 31.90022
2021 7474.175 0.1885454 34.37742
2022 7925.894 0.3047085 36.4551
2023 8356.762 0.3878832 38.43687
NGOA
1970 82.34655 0.07019529 1.031949
1971 101.5432 0.07023423 1.272517
1972 119.9673 0.07026255 1.503405
1973 137.6542 0.07028381 1.725053
1974 154.6153 0.07030118 1.937605
1975 170.8933 0.07031515 2.141598
1976 186.4195 0.07036285 2.33617
1977 201.3245 0.07040189 2.522955
1978 215.6285 0.07043451 2.70221
1979 229.3558 0.07046221 2.874237
1980 247.7548 0.07047863 3.10481
1981 270.4078 0.0704854 3.388692
1982 296.8296 0.07050765 3.719805
1983 326.6562 0.07054078 4.093585
1984 359.6161 0.07056762 4.506632
1985 395.3033 0.07060644 4.953856
1986 433.5252 0.07063753 5.432845
1987 473.8115 0.07069125 5.937704
1988 516.1116 0.07073452 6.4678
1989 561.4623 0.07077962 7.036125
1990 610.8949 0.07081596 7.655604
1991 665.2061 0.07084683 8.33622
1992 724.9686 0.07088214 9.08515
1993 790.785 0.07091488 9.909947
1994 862.9718 0.07095469 10.81458
1995 941.8825 0.07099798 11.80347
1996 1027.727 0.07104594 12.87926
1997 1120.504 0.07110774 14.04192
1998 1220.509 0.0711886 15.29515
1999 1328.406 0.07128299 16.6473
2000 1444.955 0.07139022 18.10787
2001 1428.831 0.07202787 17.90581
2002 1603.987 0.07205258 20.10082
2003 1804.417 0.07230213 22.61257
2004 1788.139 0.07148538 22.40857
2005 2010.22 0.070542 25.19164
2006 1992.619 0.0778119 24.97108
2007 2238.106 0.07773239 28.04746
2008 2251.709 0.07352573 28.21793
2009 2523.905 0.07276518 31.62903
2010 2617.446 0.07778157 32.80127
2011 2930.928 0.07839074 36.72976
2012 2855.024 0.07220231 35.77855
2013 3175.675 0.07719036 39.79688
2014 2838.87 0.1164919 35.5761
2015 2181.964 0.07718251 27.3439
2016 2155.198 0.07816515 27.00848
2017 1745.57 0.08300347 21.87511
2018 1699.19 0.09152716 21.29388
2019 1872.752 0.08221828 23.46892
2020 1951.518 0.07591552 24.456
2021 1688.446 0.153094 21.15924
2022 1792.329 0.2845759 22.46108
2023 1921.503 0.3722122 24.07986
SEA+NBC
1970 310.2288 0.05274125 1.084168
1971 374.6991 0.05379083 1.309474
1972 439.2716 0.05417745 1.535138
1973 501.1651 0.05446754 1.751439
1974 560.3276 0.05470776 1.958197
1975 616.9244 0.05491252 2.155987
1976 671.0581 0.05509252 2.345171
1977 722.8345 0.0552549 2.526115
1978 772.2445 0.05541092 2.69879
1979 819.4789 0.05555593 2.863862
1980 882.928 0.05568884 3.0856
1981 961.0153 0.05581046 3.358494
1982 1052.434 0.05591502 3.677977
1983 1155.662 0.0560149 4.038731
1984 1269.667 0.05610181 4.437151
1985 1393.125 0.05618691 4.868604
1986 1525.724 0.05624341 5.332003
1987 1665.007 0.05632815 5.818759
1988 1809.043 0.05646705 6.322125
1989 1965.391 0.0565388 6.86852
1990 2138.169 0.05653363 7.472334
1991 2326.535 0.05655688 8.130624
1992 2533.315 0.05659027 8.853265
1993 2759.544 0.05664914 9.643876
1994 3010.969 0.0566484 10.52254
1995 3283.554 0.05669441 11.47515
1996 3579.674 0.05675552 12.51001
1997 3896.899 0.05687571 13.61863
1998 4240.545 0.05699491 14.81958
1999 4610.295 0.05715077 16.11176
2000 5007.739 0.05735667 17.50072
2001 4949.226 0.06528026 17.29623
2002 5552.042 0.06858219 19.40292
2003 6245.694 0.06997342 21.82705
2004 6185.642 0.05225885 21.61718
2005 6947.17 0.05115648 24.27852
2006 6880.134 0.06261474 24.04425
2007 7721.941 0.0627632 26.98614
2008 7783.435 0.05934691 27.20105
2009 8727.367 0.0584191 30.49984
2010 9049.394 0.0640757 31.62524
2011 10100.8 0.06498082 35.29964
2012 9839.489 0.05711328 34.38641
2013 10976.58 0.06331982 38.36023
2014 9807.514 0.1069663 34.27467
2015 7543.003 0.06223424 26.3608
2016 7451.137 0.06256012 26.03975
2017 6029.295 0.06826307 21.07079
2018 5870.056 0.07701063 20.51429
2019 6465.486 0.06633962 22.59516
2020 6742.432 0.05729803 23.56301
2021 5824.694 0.1468924 20.35576
2022 6186.345 0.281737 21.61964
2023 6625.597 0.3709083 23.15471
SBC+WA
1970 21.848 0.04443268 0.8540193
1971 26.80231 0.04455055 1.047679
1972 31.55337 0.04463249 1.233394
1973 36.10897 0.04469395 1.411468
1974 40.47458 0.0447413 1.582116
1975 44.66039 0.04477913 1.745736
1976 48.67358 0.04481024 1.902608
1977 52.42998 0.04491788 2.049442
1978 56.02587 0.04500932 2.190003
1979 59.47282 0.04508729 2.324741
1980 64.13019 0.04513905 2.506793
1981 69.88966 0.04516672 2.731926
1982 76.54881 0.04523204 2.992227
1983 84.11769 0.0452697 3.288088
1984 92.50301 0.04528617 3.615862
1985 101.4993 0.04534222 3.96752
1986 111.1386 0.04538539 4.34431
1987 121.3446 0.04541831 4.743254
1988 131.956 0.04547613 5.158047
1989 143.3728 0.04551437 5.60432
1990 155.7304 0.0455669 6.087368
1991 169.2414 0.04562361 6.615499
1992 184.1909 0.0456523 7.199864
1993 200.5962 0.04568283 7.841131
1994 218.5759 0.04571058 8.54394
1995 238.2119 0.04573316 9.311495
1996 259.5453 0.04575359 10.1454
1997 282.607 0.04577039 11.04686
1998 307.8782 0.04572774 12.03469
1999 334.8946 0.04572165 13.09074
2000 363.6728 0.04576386 14.21566
2001 410.2849 0.04507547 16.03768
2002 462.9843 0.04471773 18.09765
2003 522.4569 0.04450326 20.42239
2004 589.2189 0.04436962 23.03206
2005 664.2534 0.04428515 25.96509
2006 745.4927 0.04447299 29.14066
2007 837.8143 0.0447182 32.74943
2008 946.3219 0.04490968 36.9909
2009 1053.075 0.04646088 41.16377
2010 1180.352 0.05031731 46.13893
2011 1313.766 0.05429784 51.35399
2012 1458.008 0.0581317 56.99227
2013 1623.22 0.06651572 63.45025
2014 1568.374 0.1610517 61.3064
2015 1616.103 0.1610196 63.17208
2016 1442.05 0.1367826 56.36847
2017 1523.778 0.05916803 59.56315
2018 1661.312 0.05431537 64.93923
2019 1786.459 0.05218217 69.83112
2020 1936.316 0.05185691 75.68892
2021 2075.822 0.05439503 81.14206
2022 2216.052 0.06293586 86.62355
2023 2321.245 0.1035567 90.73547
OR+CA
1970 98.85762 0.02498666 0.5908519
1971 113.3731 0.02664562 0.6776083
1972 131.9594 0.02690027 0.7886943
1973 149.6122 0.02712303 0.8942018
1974 166.4107 0.02731314 0.9946027
1975 181.7183 0.02758229 1.086093
1976 196.1709 0.02783139 1.172474
1977 209.8562 0.02806392 1.254268
1978 222.6567 0.02829854 1.330774
1979 234.7027 0.02852524 1.40277
1980 251.3594 0.02871538 1.502324
1981 271.9851 0.02888985 1.6256
1982 296.1576 0.02904977 1.770074
1983 323.3969 0.02920681 1.932877
1984 353.278 0.02936406 2.111471
1985 385.8935 0.02949103 2.306407
1986 420.439 0.02963059 2.512878
1987 456.54 0.02978408 2.728647
1988 493.8834 0.0299534 2.951841
1989 533.5567 0.03012918 3.18896
1990 577.2817 0.03026559 3.450296
1991 625.7891 0.03036841 3.740214
1992 677.7759 0.03053143 4.050929
1993 734.8854 0.03069449 4.392261
1994 797.935 0.03084331 4.769095
1995 867.1717 0.0309859 5.18291
1996 942.246 0.03114661 5.631613
1997 1023.523 0.03131865 6.11739
1998 1111.179 0.03151251 6.641292
1999 1205.373 0.03174228 7.20427
2000 1306.295 0.032024 7.807462
2001 1305.199 0.05437736 7.800909
2002 1461.618 0.04939778 8.735795
2003 1644.442 0.04891538 9.828498
2004 1848.513 0.04926141 11.04819
2005 2078.246 0.05074613 12.42126
2006 2263.537 0.09784739 13.5287
2007 1845.55 0.08536731 11.03048
2008 2039.346 0.08567919 12.18876
2009 2098.427 0.08996296 12.54187
2010 2303.239 0.08342603 13.76599
2011 2502.917 0.08977726 14.95943
2012 2412.856 0.05696893 14.42115
2013 2687.157 0.03696152 16.06059
2014 3023.852 0.0349234 18.07295
2015 3365.244 0.03461071 20.11338
2016 3709.04 0.03533534 22.16818
2017 4056.528 0.03661579 24.24504
2018 4549.052 0.03810954 27.18876
2019 4980.337 0.05866687 29.76646
2020 4989.652 0.05687496 29.82214
2021 5599.661 0.05570792 33.46804
2022 5421.643 0.09516363 32.40406
2023 5662.077 0.09418333 33.84109

Parameters: Estimate  Std. Error      z value    Pr(>|z^2|)
rval 0.09045536 0.00011226 805.76061309 0
logK 8.38635689 0.70543681 11.88817596 0
logK 10.73506779 0.3213329 33.40793218 0
logK 9.07736604 0.71839043 12.63570014 0
logK 9.99129344 0.57471922 17.38465169 0
logK 8.28891667 0.84169809 9.84785016 0
logBK 4.38436956 0.73719705 5.94735094 0
logBK 4.47730739 0.32959245 13.58437477 0
logBK 4.68111287 0.72820098 6.42832541 0
logBK 5.24661195 0.57889125 9.06320832 0
logBK 4.87043162 0.84452257 5.76708281 1e-08
MixPars -2.2670139 0.29816166 -7.6033046 0
MixPars -2.90647901 0.19811443 -14.67070867 0
MixPars -0.85866672 0.11792493 -7.28146888 0
MixPars -1.44708072 0.09150567 -15.81410963 0
MixPars -3.03724541 0.08846327 -34.33340717 0
MixPars -1.70280712 0.24798774 -6.86649709 0
MixPars -1.63739959 0.21587625 -7.58489933 0
MixPars -1.58415679 0.2930761 -5.40527467 6e-08
MixPars -3.54509017 0.27395205 -12.94055007 0
MixPars -1.83349639 0.25654032 -7.14701072 0
MixPars -1.70581055 0.35761416 -4.76997491 1.84e-06
MixPars -1.79863059 0.33051185 -5.44195486 5e-08
MixPars -1.2539361 0.42750619 -2.93314136 0.00335551
MixPars -1.69746916 0.20451887 -8.2998167 0
MixPars 0.82296322 0.16127382 5.10289406 3.3e-07
MixPars -3.00645995 0.25713484 -11.69215338 0
AddV 0.01179164 0.01279896 0.92129686 0.35689546
AddV 0.00825685 0.00288379 2.86319569 0.00419391
AddV 0.03059101 0.01963945 1.55763101 0.11932074
SFdev -0.39470756 0.54354949 -0.72616674 0.46773656
SFdev -0.39546318 0.54311829 -0.72813453 0.46653124
SFdev -0.37530531 0.55217677 -0.67968327 0.49670503
SFdev -0.31041793 0.58412161 -0.53142689 0.59512299
SFdev -0.31374688 0.57988289 -0.54105213 0.58847165
SFdev -0.30652901 0.58508511 -0.523905 0.60034462
SFdev -0.31712205 0.58069375 -0.54610894 0.58499106
SFdev -0.18308751 0.64696574 -0.28299414 0.77718133
SFdev -0.13218971 0.68634623 -0.19259917 0.8472729
SFdev 0.32264796 0.12127807 2.66039826 0.00780483
SFdev -0.20858916 0.65882276 -0.31660892 0.75154036
SFdev -0.2291958 0.64289049 -0.3565083 0.72145994
SFdev 0.20710572 0.23436954 0.88367167 0.37687348
SFdev -0.15034037 0.69694162 -0.21571444 0.82921035
SFdev -0.12891395 0.69782057 -0.18473796 0.85343457
SFdev 0.34240625 0.12332036 2.77655893 0.00549377
SFdev 0.21627375 0.26027113 0.83095557 0.40599873
SFdev 0.36112066 0.13255677 2.72427181 0.00644434
SFdev 0.37111843 0.10929065 3.39570159 0.00068453
SFdev -0.15135092 0.6908698 -0.219073 0.82659319
SFdev -0.10581261 0.77206249 -0.13705187 0.89098979
SFdev -3.815e-05 0.99989286 -3.815e-05 0.99996956
SFdev 1.87e-05 1.00005236 1.87e-05 0.99998508
SFdev 0 1 0 1
SFdev 0.20806599 0.05395264 3.85645639 0.00011504
SFdev -0.27308425 0.5852493 -0.46661182 0.64077763
SFdev -0.334697 0.56690898 -0.5903893 0.55492968
SFdev 0.20323215 0.07382823 2.75277018 0.00590934
SFdev -0.35132172 0.55415429 -0.63397817 0.52609507
SFdev 0.20099309 0.07130703 2.81869941 0.00482186
SFdev -0.37227515 0.54864054 -0.67854109 0.49742868
SFdev 0.17389724 0.077233 2.25159234 0.02434805
SFdev -0.38745923 0.53072131 -0.73006156 0.46535255
SFdev 0.12158171 0.0841676 1.4445191 0.14859301
SFdev -0.34223858 0.55512075 -0.61651196 0.53755668
SFdev 0.21558467 0.05037198 4.27985272 1.87e-05
SFdev -0.26843279 0.58194882 -0.4612653 0.64460828
SFdev 0.30081681 0.08121476 3.7039672 0.00021225
SFdev 0.39873944 0.05177433 7.70148936 0
SFdev 0.1872412 0.06287642 2.97792394 0.00290208
SFdev 0.36891013 0.0310588 11.87779754 0
SFdev 0.20920325 0.08957909 2.33540268 0.01952239
SFdev -0.22294431 0.63364953 -0.35184167 0.72495701
SFdev 0.07183915 0.11378451 0.6313614 0.52780425
SFdev 0.32248359 0.09844925 3.27563278 0.00105426
SFdev -1.523e-05 0.99995703 -1.523e-05 0.99998785
SFdev 4.34e-06 1.00001201 4.34e-06 0.99999654
SFdev 0 1 0 1
SFdev -0.43268867 0.53020927 -0.81607148 0.41445925
SFdev -0.4668164 0.51564122 -0.90531242 0.3652999
SFdev -0.4861789 0.50786225 -0.95730466 0.3384135
SFdev -0.49285106 0.50523044 -0.97549755 0.32931352
SFdev -0.48785867 0.50715577 -0.96195034 0.33607455
SFdev -0.47135005 0.51288064 -0.91902483 0.35808258
SFdev -0.48333676 0.50875465 -0.950039 0.34209243
SFdev -0.43977364 0.5249023 -0.83781997 0.40213182
SFdev -0.35822447 0.55725395 -0.64283882 0.52032869
SFdev -0.26258453 0.59232547 -0.44331123 0.65754064
SFdev -0.2744397 0.59479334 -0.46140345 0.64450918
SFdev -0.29839108 0.58988733 -0.50584419 0.61296603
SFdev -0.24551555 0.62539444 -0.39257712 0.69463184
SFdev 0.22344449 0.21183409 1.05480896 0.29151271
SFdev 0.10735984 0.50024254 0.21461558 0.83006705
SFdev 0.29319308 0.18143806 1.61594033 0.10610721
SFdev 0.01497369 0.54919405 0.02726485 0.97824849
SFdev -0.27925852 0.60427926 -0.46213487 0.6439846
SFdev -0.28020399 0.59626078 -0.4699353 0.63840124
SFdev -0.2880702 0.58919158 -0.4889245 0.62489515
SFdev -0.29772197 0.58773733 -0.50655616 0.61246627
SFdev -0.23040919 0.62002455 -0.37161301 0.710181
SFdev -0.01254771 0.51430113 -0.0243976 0.98053546
SFdev 0 1 0 1
SFdev 0.19172375 0.09008345 2.12829047 0.03331301
SFdev -0.26941598 0.60064447 -0.44854485 0.65376003
SFdev -0.37044071 0.55093467 -0.67238591 0.50133805
SFdev -0.36027013 0.55436827 -0.6498751 0.51577291
SFdev -0.34134006 0.56491037 -0.60423754 0.54568572
SFdev -0.02011011 0.48639498 -0.04134522 0.96702068
SFdev 0.37006687 0.07786027 4.75296135 2e-06
SFdev -0.11685692 0.65538558 -0.17830256 0.85848537
SFdev 0.14752367 0.2231411 0.66112282 0.50853355
SFdev -0.04713302 0.57572412 -0.08186737 0.93475218
SFdev -0.02956391 0.53440384 -0.05532129 0.9558825
SFdev 0.23613765 0.11879104 1.98784064 0.04682932
SFdev -0.18412214 0.6089821 -0.3023441 0.76238977
SFdev -0.40004217 0.53728537 -0.74456183 0.45653665
SFdev -0.50841135 0.4965028 -1.02398487 0.30584242
SFdev -0.53867322 0.48666722 -1.10686152 0.2683538
SFdev -0.46162789 0.51448217 -0.89726702 0.36957645
SFdev -0.37503856 0.54828501 -0.68402117 0.4939618
SFdev -0.13123683 0.52734093 -0.24886525 0.80346502
SFdev 0.18142072 0.1170386 1.55009299 0.1211192
SFdev -0.21658523 0.59924613 -0.36142951 0.71777839
SFdev 0.22925687 0.13028474 1.75966009 0.07846546
SFdev 0.09996476 0.3141541 0.31820294 0.750331
SFdev 0 1 0 1

Mixing matrix
0.90610805 0.09389195 0 0 0 0 ,# Asia
0.03103277 0.24053273 0.13354549 0.56766014 0.02722886 0 ,# Hawaii
0.10289282 0.56481318 0.10984776 0.11585486 0.01630391 0.09028746 ,# MX_AR
0.0443755 0.2443247 0.04044194 0.06972521 0.0447472 0.55638544 ,# MX_ML
0 0 0 0 0.04713489 0.95286511 ,# Central_Am

Split of breeding stock to feeding grounds over time
Split for: Asia
Year RUS+WAL EAL+BER+WGOA NGOA SEA+NBC SBC+WA OR+CA
1970 0.90851 0.09149 0 0 0 0
1971 0.9091 0.0909 0 0 0 0
1972 0.90614 0.09386 0 0 0 0
1973 0.90673 0.09327 0 0 0 0
1974 0.90717 0.09283 0 0 0 0
1975 0.90751 0.09249 0 0 0 0
1976 0.90778 0.09222 0 0 0 0
1977 0.90799 0.09201 0 0 0 0
1978 0.90817 0.09183 0 0 0 0
1979 0.90834 0.09166 0 0 0 0
1980 0.90856 0.09144 0 0 0 0
1981 0.90837 0.09163 0 0 0 0
1982 0.90826 0.09174 0 0 0 0
1983 0.9082 0.0918 0 0 0 0
1984 0.90819 0.09181 0 0 0 0
1985 0.90819 0.09181 0 0 0 0
1986 0.90822 0.09178 0 0 0 0
1987 0.90826 0.09174 0 0 0 0
1988 0.90832 0.09168 0 0 0 0
1989 0.90837 0.09163 0 0 0 0
1990 0.9084 0.0916 0 0 0 0
1991 0.9084 0.0916 0 0 0 0
1992 0.90839 0.09161 0 0 0 0
1993 0.90837 0.09163 0 0 0 0
1994 0.90835 0.09165 0 0 0 0
1995 0.90833 0.09167 0 0 0 0
1996 0.90831 0.09169 0 0 0 0
1997 0.9083 0.0917 0 0 0 0
1998 0.90834 0.09166 0 0 0 0
1999 0.90835 0.09165 0 0 0 0
2000 0.90832 0.09168 0 0 0 0
2001 0.90516 0.09484 0 0 0 0
2002 0.90193 0.09807 0 0 0 0
2003 0.89861 0.10139 0 0 0 0
2004 0.89538 0.10462 0 0 0 0
2005 0.89205 0.10795 0 0 0 0
2006 0.88864 0.11136 0 0 0 0
2007 0.88509 0.11491 0 0 0 0
2008 0.88224 0.11776 0 0 0 0
2009 0.87983 0.12017 0 0 0 0
2010 0.90064 0.09936 0 0 0 0
2011 0.89811 0.10189 0 0 0 0
2012 0.89549 0.10451 0 0 0 0
2013 0.90418 0.09582 0 0 0 0
2014 0.90241 0.09759 0 0 0 0
2015 0.90096 0.09904 0 0 0 0
2016 0.92098 0.07902 0 0 0 0
2017 0.92862 0.07138 0 0 0 0
2018 0.94507 0.05493 0 0 0 0
2019 0.95809 0.04191 0 0 0 0
2020 0.95712 0.04288 0 0 0 0
2021 0.95647 0.04353 0 0 0 0
2022 0.95637 0.04363 0 0 0 0
2023 0.95636 0.04364 0 0 0 0
2024 0.95646 0.04354 0 0 0 0
Split for: Hawaii
Year RUS+WAL EAL+BER+WGOA NGOA SEA+NBC SBC+WA OR+CA
1970 0.03165 0.2384 0.13604 0.56626 0.02764 0
1971 0.0319 0.23861 0.137 0.56472 0.02777 0
1972 0.03093 0.23969 0.1377 0.5638 0.02787 0
1973 0.03123 0.24027 0.1381 0.56249 0.02792 0
1974 0.03145 0.24076 0.13842 0.56141 0.02796 0
1975 0.03163 0.2412 0.13863 0.56054 0.028 0
1976 0.03179 0.2416 0.13882 0.55981 0.02798 0
1977 0.03192 0.24199 0.13902 0.5591 0.02797 0
1978 0.03203 0.24235 0.1392 0.55846 0.02797 0
1979 0.03214 0.24262 0.13938 0.5579 0.02797 0
1980 0.03225 0.24283 0.1396 0.55733 0.02799 0
1981 0.03222 0.24312 0.13979 0.55688 0.02798 0
1982 0.03222 0.24345 0.13995 0.55639 0.02798 0
1983 0.03225 0.24377 0.1401 0.55589 0.028 0
1984 0.03228 0.24411 0.14023 0.55539 0.02799 0
1985 0.03232 0.24437 0.14031 0.55503 0.02798 0
1986 0.03238 0.24472 0.14038 0.55454 0.02798 0
1987 0.03246 0.24522 0.14055 0.55378 0.02799 0
1988 0.03252 0.24553 0.14062 0.55336 0.02798 0
1989 0.03256 0.24565 0.14058 0.55327 0.02794 0
1990 0.03259 0.24584 0.14062 0.55305 0.0279 0
1991 0.03262 0.24607 0.14066 0.55277 0.02788 0
1992 0.03266 0.24637 0.14075 0.55236 0.02786 0
1993 0.03267 0.24651 0.14074 0.55226 0.02782 0
1994 0.0327 0.24674 0.14079 0.55198 0.0278 0
1995 0.03272 0.24697 0.14082 0.55172 0.02777 0
1996 0.03276 0.24734 0.14092 0.55121 0.02776 0
1997 0.0328 0.24768 0.14097 0.55075 0.02779 0
1998 0.03285 0.24793 0.14105 0.55037 0.0278 0
1999 0.0329 0.24828 0.14115 0.54989 0.02778 0
2000 0.03293 0.24857 0.14114 0.54959 0.02777 0
2001 0.03478 0.27249 0.13543 0.52689 0.03041 0
2002 0.03367 0.27382 0.13535 0.5266 0.03056 0
2003 0.03256 0.27474 0.13544 0.52659 0.03068 0
2004 0.0342 0.29882 0.12971 0.50382 0.03346 0
2005 0.03308 0.29941 0.12992 0.50414 0.03346 0
2006 0.03459 0.32413 0.12405 0.48099 0.03624 0
2007 0.03343 0.32456 0.12392 0.48152 0.03657 0
2008 0.03454 0.3448 0.11904 0.46273 0.03888 0
2009 0.03353 0.34241 0.11966 0.46508 0.03932 0
2010 0.03682 0.30376 0.12621 0.48869 0.04452 0
2011 0.03569 0.30276 0.12669 0.4905 0.04437 0
2012 0.03752 0.32753 0.12007 0.46645 0.04842 0
2013 0.03785 0.30001 0.12528 0.48636 0.05049 0
2014 0.04223 0.34159 0.11582 0.44995 0.05038 2e-05
2015 0.05015 0.41244 0.09829 0.38173 0.05736 3e-05
2016 0.05811 0.37304 0.10523 0.40823 0.05535 3e-05
2017 0.06952 0.39995 0.09535 0.3699 0.06524 3e-05
2018 0.08072 0.35128 0.10077 0.39071 0.07649 3e-05
2019 0.08669 0.28383 0.1118 0.43366 0.08399 3e-05
2020 0.08687 0.29126 0.11014 0.42644 0.08527 3e-05
2021 0.09593 0.3268 0.09881 0.38269 0.09574 3e-05
2022 0.09547 0.32593 0.09902 0.38314 0.09641 2e-05
2023 0.09497 0.3243 0.09971 0.38613 0.09486 3e-05
2024 0.0936 0.31888 0.10133 0.39301 0.09315 3e-05
Split for: MX_AR
Year RUS+WAL EAL+BER+WGOA NGOA SEA+NBC SBC+WA OR+CA
1970 0.10548 0.56269 0.11247 0.11616 0.01664 0.08656
1971 0.10616 0.56232 0.1131 0.11567 0.01669 0.08606
1972 0.10299 0.56515 0.11374 0.11554 0.01676 0.08582
1973 0.10374 0.56534 0.11382 0.11503 0.01675 0.08531
1974 0.10435 0.56574 0.11394 0.11466 0.01675 0.08455
1975 0.10484 0.56617 0.11399 0.11436 0.01676 0.08388
1976 0.10525 0.56659 0.11404 0.1141 0.01673 0.08328
1977 0.1056 0.56701 0.1141 0.11386 0.01671 0.08271
1978 0.1059 0.56742 0.11416 0.11365 0.0167 0.08217
1979 0.10619 0.56774 0.11425 0.11347 0.01669 0.08166
1980 0.1065 0.56796 0.11437 0.1133 0.01669 0.08118
1981 0.10638 0.56848 0.1145 0.11317 0.01668 0.08078
1982 0.10634 0.56897 0.11457 0.11302 0.01668 0.08042
1983 0.10636 0.56942 0.11464 0.11286 0.01668 0.08005
1984 0.10641 0.56981 0.11466 0.11268 0.01666 0.07978
1985 0.10649 0.57017 0.11467 0.11256 0.01665 0.07946
1986 0.1066 0.5706 0.11465 0.11238 0.01664 0.07913
1987 0.10674 0.57111 0.11466 0.11209 0.01662 0.07878
1988 0.10688 0.57151 0.11465 0.11195 0.01661 0.07839
1989 0.107 0.57178 0.11463 0.11193 0.01658 0.07808
1990 0.10708 0.57204 0.11461 0.11185 0.01655 0.07787
1991 0.10716 0.57243 0.11462 0.11176 0.01654 0.0775
1992 0.10723 0.57284 0.11464 0.11163 0.01652 0.07715
1993 0.10727 0.57315 0.11463 0.1116 0.0165 0.07685
1994 0.10731 0.57347 0.11462 0.1115 0.01647 0.07663
1995 0.10734 0.57379 0.11461 0.11141 0.01645 0.0764
1996 0.10739 0.57416 0.11459 0.11121 0.01643 0.07622
1997 0.10744 0.57451 0.11454 0.11103 0.01644 0.07604
1998 0.10753 0.57475 0.11454 0.11089 0.01643 0.07586
1999 0.10761 0.57508 0.11453 0.1107 0.01641 0.07567
2000 0.10763 0.57537 0.11444 0.11057 0.01639 0.07561
2001 0.10809 0.59985 0.10443 0.10081 0.01707 0.06974
2002 0.10473 0.60314 0.10444 0.10082 0.01717 0.06972
2003 0.10139 0.60589 0.10463 0.10094 0.01725 0.0699
2004 0.10073 0.62335 0.09478 0.09135 0.0178 0.072
2005 0.09762 0.62565 0.0951 0.09156 0.01783 0.07225
2006 0.09695 0.6434 0.08626 0.08298 0.01834 0.07206
2007 0.0958 0.65866 0.08809 0.08493 0.01892 0.0536
2008 0.095 0.67157 0.08122 0.07833 0.01931 0.05457
2009 0.09319 0.67405 0.08251 0.07957 0.01974 0.05093
2010 0.10775 0.62956 0.09163 0.08803 0.02353 0.0595
2011 0.10505 0.63118 0.09252 0.08888 0.02359 0.05879
2012 0.10554 0.65243 0.08378 0.08076 0.02459 0.05289
2013 0.11129 0.62466 0.09137 0.08801 0.02681 0.05786
2014 0.11341 0.64968 0.07716 0.07438 0.02443 0.06094
2015 0.11718 0.68248 0.05697 0.0549 0.0242 0.06427
2016 0.13968 0.63508 0.06275 0.0604 0.02403 0.07804
2017 0.15388 0.62699 0.05236 0.0504 0.02608 0.09029
2018 0.18277 0.5633 0.05661 0.05445 0.03128 0.11159
2019 0.21021 0.48747 0.06726 0.06473 0.03678 0.13355
2020 0.20954 0.49758 0.06591 0.06332 0.03714 0.1265
2021 0.21142 0.51006 0.05402 0.05191 0.0381 0.13448
2022 0.21334 0.51582 0.05489 0.0527 0.03891 0.12434
2023 0.21333 0.51594 0.05557 0.05339 0.03848 0.12329
2024 0.21203 0.51159 0.05694 0.0548 0.03811 0.12653
Split for: MX_ML
Year RUS+WAL EAL+BER+WGOA NGOA SEA+NBC SBC+WA OR+CA
1970 0.04645 0.24855 0.04228 0.07139 0.04663 0.54471
1971 0.04689 0.24912 0.04264 0.0713 0.04691 0.54314
1972 0.04555 0.2507 0.04294 0.07131 0.04716 0.54234
1973 0.04603 0.25156 0.04311 0.07122 0.04729 0.5408
1974 0.04651 0.25288 0.04334 0.07131 0.04751 0.53845
1975 0.04691 0.25407 0.04353 0.07141 0.04772 0.53636
1976 0.04727 0.2552 0.04371 0.07151 0.04782 0.53449
1977 0.04759 0.25626 0.04389 0.07161 0.04792 0.53273
1978 0.04788 0.25728 0.04405 0.07171 0.04803 0.53104
1979 0.04815 0.2582 0.04422 0.07182 0.04816 0.52946
1980 0.04844 0.25904 0.04439 0.07192 0.0483 0.52791
1981 0.04849 0.25991 0.04455 0.07202 0.04839 0.52663
1982 0.04858 0.26071 0.04468 0.07208 0.04848 0.52547
1983 0.0487 0.26151 0.04481 0.07214 0.0486 0.52425
1984 0.0488 0.26213 0.04489 0.07215 0.04863 0.52339
1985 0.04893 0.26282 0.04498 0.07221 0.04869 0.52237
1986 0.04909 0.26356 0.04507 0.07225 0.04877 0.52126
1987 0.04926 0.26438 0.04517 0.07223 0.04882 0.52014
1988 0.04945 0.2652 0.04528 0.07231 0.0489 0.51887
1989 0.0496 0.26585 0.04535 0.07244 0.04893 0.51783
1990 0.04971 0.26633 0.04541 0.07249 0.04891 0.51716
1991 0.04986 0.26712 0.04552 0.0726 0.04897 0.51594
1992 0.05 0.26791 0.04563 0.07267 0.04903 0.51476
1993 0.05011 0.26856 0.04571 0.07279 0.04905 0.51378
1994 0.0502 0.2691 0.04577 0.07283 0.04906 0.51304
1995 0.05029 0.26964 0.04583 0.07288 0.04907 0.51229
1996 0.05037 0.27013 0.04588 0.07283 0.04907 0.51172
1997 0.05045 0.27061 0.04591 0.0728 0.04914 0.51109
1998 0.05055 0.27102 0.04596 0.07279 0.04918 0.5105
1999 0.05065 0.27153 0.04602 0.07276 0.04916 0.50988
2000 0.05068 0.27176 0.046 0.0727 0.04913 0.50973
2001 0.05281 0.29397 0.04355 0.06877 0.0531 0.4878
2002 0.05116 0.29554 0.04355 0.06877 0.05339 0.4876
2003 0.04946 0.29646 0.04357 0.06875 0.05358 0.48819
2004 0.04846 0.30079 0.03892 0.06136 0.05451 0.49597
2005 0.04688 0.30139 0.03898 0.0614 0.05451 0.49684
2006 0.0466 0.3102 0.03539 0.05569 0.05614 0.49598
2007 0.05211 0.35939 0.0409 0.06451 0.06554 0.41754
2008 0.0513 0.36377 0.03744 0.05907 0.0664 0.42203
2009 0.0516 0.37437 0.039 0.06152 0.0696 0.40391
2010 0.05547 0.32511 0.04027 0.06328 0.07713 0.43874
2011 0.05433 0.32744 0.04084 0.06419 0.07768 0.43552
2012 0.05679 0.35213 0.03848 0.06068 0.08427 0.40766
2013 0.05742 0.32325 0.04024 0.06341 0.08806 0.42761
2014 0.05776 0.33189 0.03355 0.0529 0.07925 0.44465
2015 0.05854 0.34192 0.02429 0.0383 0.07698 0.45997
2016 0.0639 0.29138 0.02451 0.03859 0.07 0.51161
2017 0.06526 0.26667 0.01896 0.02985 0.07042 0.54883
2018 0.06843 0.21148 0.01809 0.02848 0.07456 0.59896
2019 0.07016 0.16316 0.01917 0.03018 0.07816 0.63918
2020 0.07215 0.17182 0.01938 0.03046 0.08142 0.62477
2021 0.07016 0.16973 0.01531 0.02407 0.08048 0.64025
2022 0.07399 0.17942 0.01626 0.02554 0.08588 0.61891
2023 0.0744 0.18045 0.01655 0.02602 0.08541 0.61717
2024 0.07288 0.17635 0.01672 0.02633 0.08336 0.62436
Split for: Central_Am
Year RUS+WAL EAL+BER+WGOA NGOA SEA+NBC SBC+WA OR+CA
1970 0 0 0 0 0.05002 0.94998
1971 0 0 0 0 0.05045 0.94955
1972 0 0 0 0 0.05077 0.94923
1973 0 0 0 0 0.05104 0.94896
1974 0 0 0 0 0.05148 0.94852
1975 0 0 0 0 0.05188 0.94812
1976 0 0 0 0 0.05215 0.94785
1977 0 0 0 0 0.05243 0.94757
1978 0 0 0 0 0.0527 0.9473
1979 0 0 0 0 0.05298 0.94702
1980 0 0 0 0 0.05328 0.94672
1981 0 0 0 0 0.05349 0.94651
1982 0 0 0 0 0.0537 0.9463
1983 0 0 0 0 0.05394 0.94606
1984 0 0 0 0 0.05406 0.94594
1985 0 0 0 0 0.05422 0.94578
1986 0 0 0 0 0.05441 0.94559
1987 0 0 0 0 0.05458 0.94542
1988 0 0 0 0 0.05479 0.94521
1989 0 0 0 0 0.05492 0.94508
1990 0 0 0 0 0.05497 0.94503
1991 0 0 0 0 0.05516 0.94484
1992 0 0 0 0 0.05534 0.94466
1993 0 0 0 0 0.05546 0.94454
1994 0 0 0 0 0.05555 0.94445
1995 0 0 0 0 0.05563 0.94437
1996 0 0 0 0 0.05569 0.94431
1997 0 0 0 0 0.05583 0.94417
1998 0 0 0 0 0.05594 0.94406
1999 0 0 0 0 0.05598 0.94402
2000 0 0 0 0 0.05596 0.94404
2001 0 0 0 0 0.06275 0.93725
2002 0 0 0 0 0.06309 0.93691
2003 0 0 0 0 0.06323 0.93677
2004 0 0 0 0 0.06331 0.93669
2005 0 0 0 0 0.06321 0.93679
2006 0 0 0 0 0.06508 0.93492
2007 0 0 0 0 0.08804 0.91196
2008 0 0 0 0 0.08823 0.91177
2009 0 0 0 0 0.09582 0.90418
2010 0 0 0 0 0.09756 0.90244
2011 0 0 0 0 0.09885 0.90115
2012 0 0 0 0 0.11279 0.88721
2013 0 0 0 0 0.11242 0.88758
2014 0 0 0 0 0.09878 0.90122
2015 0 0 0 0 0.09332 0.90668
2016 0 0 0 0 0.07761 0.92239
2017 0 0 0 0 0.07314 0.92686
2018 0 0 0 0 0.07111 0.92889
2019 0 0 0 0 0.06995 0.93005
2020 0 0 0 0 0.07422 0.92578
2021 0 0 0 0 0.07178 0.92822
2022 0 0 0 0 0.07866 0.92134
2023 0 0 0 0 0.07847 0.92153
2024 0 0 0 0 0.07592 0.92408

Difference in mortality over time
Difference for: Asia
Year RUS+WAL EAL+BER+WGOA NGOA SEA+NBC SBC+WA OR+CA
1970 0 0 0 0 0 0
1971 0 0 0 0 0 0
1972 0 0 0 0 0 0
1973 0 0 0 0 0 0
1974 0 0 0 0 0 0
1975 0 0 0 0 0 0
1976 0 0 0 0 0 0
1977 0 0 0 0 0 0
1978 0 0 0 0 0 0
1979 0 0 0 0 0 0
1980 0 0 0 0 0 0
1981 0 0 0 0 0 0
1982 0 0 0 0 0 0
1983 0 0 0 0 0 0
1984 0 0 0 0 0 0
1985 0 0 0 0 0 0
1986 0 0 0 0 0 0
1987 0 0 0 0 0 0
1988 0 0 0 0 0 0
1989 0 0 0 0 0 0
1990 0 0 0 0 0 0
1991 0 0 0 0 0 0
1992 0 0 0 0 0 0
1993 0 0 0 0 0 0
1994 0 0 0 0 0 0
1995 0 0 0 0 0 0
1996 0 0 0 0 0 0
1997 0 0 0 0 0 0
1998 0 0 0 0 0 0
1999 0 0 0 0 0 0
2000 0 3 0 0 0 0
2001 0 3 0 0 0 0
2002 0 3 0 0 0 0
2003 0 3 0 0 0 0
2004 0 4 0 0 0 0
2005 0 4 0 0 0 0
2006 0 5 0 0 0 0
2007 0 4 0 0 0 0
2008 0 4 0 0 0 0
2009 0 -36 0 0 0 0
2010 0 5 0 0 0 0
2011 0 6 0 0 0 0
2012 0 -18 0 0 0 0
2013 0 5 0 0 0 0
2014 0 5 0 0 0 0
2015 0 -49 0 0 0 0
2016 0 -19 0 0 0 0
2017 0 -44 0 0 0 0
2018 0 -37 0 0 0 0
2019 0 3 0 0 0 0
2020 0 2 0 0 0 0
2021 0 0 0 0 0 0
2022 0 0 0 0 0 0
2023 0 0 0 0 0 0
Difference for: Hawaii
Year RUS+WAL EAL+BER+WGOA NGOA SEA+NBC SBC+WA OR+CA
1970 0 0 0 0 0 0
1971 0 0 0 0 0 0
1972 0 0 0 0 0 0
1973 0 0 0 0 0 0
1974 0 0 0 0 0 0
1975 0 0 0 0 0 0
1976 0 0 0 0 0 0
1977 0 0 0 0 0 0
1978 0 0 0 0 0 0
1979 0 0 0 0 0 0
1980 0 0 0 0 0 0
1981 0 0 0 0 0 0
1982 0 0 0 0 0 0
1983 0 0 0 0 0 0
1984 0 0 0 0 0 0
1985 0 0 0 0 0 0
1986 0 0 0 0 0 0
1987 0 0 0 0 0 0
1988 0 0 0 0 0 0
1989 0 0 0 0 0 0
1990 0 0 0 0 0 0
1991 0 0 0 0 0 0
1992 0 0 0 0 0 0
1993 0 0 0 0 0 0
1994 0 0 0 0 0 0
1995 0 0 0 0 0 0
1996 0 0 0 0 0 0
1997 0 0 0 0 0 0
1998 0 0 0 0 0 0
1999 0 0 0 0 0 0
2000 0 77 -105 -410 9 0
2001 0 87 38 149 10 0
2002 0 97 46 181 11 0
2003 0 103 -127 -493 13 0
2004 0 117 53 204 15 0
2005 0 130 -139 -539 16 0
2006 0 148 60 231 18 0
2007 0 129 -123 -480 21 0
2008 0 118 68 264 22 0
2009 0 -1117 -84 -326 22 0
2010 0 150 76 296 25 0
2011 0 174 -226 -876 29 0
2012 0 -563 76 295 29 0
2013 0 149 -433 -1680 -105 0
2014 0 148 -650 -2525 -35 0
2015 0 -1574 -134 -522 -165 0
2016 0 -593 -427 -1657 -3 0
2017 0 -1396 -129 -499 32 0
2018 0 -1187 42 161 35 0
2019 0 94 -32 -124 39 0
2020 0 80 -302 -1170 42 0
2021 0 0 0 0 41 0
2022 0 0 0 0 4 0
2023 0 0 0 0 0 0
Difference for: MX_AR
Year RUS+WAL EAL+BER+WGOA NGOA SEA+NBC SBC+WA OR+CA
1970 0 0 0 0 0 0
1971 0 0 0 0 0 0
1972 0 0 0 0 0 0
1973 0 0 0 0 0 0
1974 0 0 0 0 0 0
1975 0 0 0 0 0 0
1976 0 0 0 0 0 0
1977 0 0 0 0 0 0
1978 0 0 0 0 0 0
1979 0 0 0 0 0 0
1980 0 0 0 0 0 0
1981 0 0 0 0 0 0
1982 0 0 0 0 0 0
1983 0 0 0 0 0 0
1984 0 0 0 0 0 0
1985 0 0 0 0 0 0
1986 0 0 0 0 0 0
1987 0 0 0 0 0 0
1988 0 0 0 0 0 0
1989 0 0 0 0 0 0
1990 0 0 0 0 0 0
1991 0 0 0 0 0 0
1992 0 0 0 0 0 0
1993 0 0 0 0 0 0
1994 0 0 0 0 0 0
1995 0 0 0 0 0 0
1996 0 0 0 0 0 0
1997 0 0 0 0 0 0
1998 0 0 0 0 0 0
1999 0 0 0 0 0 0
2000 0 28 -14 -13 1 -8
2001 0 32 5 5 1 3
2002 0 36 6 6 1 4
2003 0 38 -16 -16 1 5
2004 0 43 7 6 1 5
2005 0 48 -18 -17 2 1
2006 0 54 8 7 2 -43
2007 0 47 -16 -15 2 3
2008 0 43 9 8 2 -8
2009 0 -409 -11 -10 2 2
2010 0 55 10 9 2 1
2011 0 64 -29 -28 3 -21
2012 0 -206 10 9 3 5
2013 0 55 -55 -53 -10 8
2014 0 54 -83 -80 -3 9
2015 0 -576 -17 -17 -15 10
2016 0 -217 -55 -53 0 11
2017 0 -511 -16 -16 3 12
2018 0 -435 5 5 3 8
2019 0 34 -4 -4 4 -28
2020 0 29 -39 -37 4 12
2021 0 0 0 0 4 -46
2022 0 0 0 0 0 -13
2023 0 0 0 0 0 0
Difference for: MX_ML
Year RUS+WAL EAL+BER+WGOA NGOA SEA+NBC SBC+WA OR+CA
1970 0 0 0 0 0 0
1971 0 0 0 0 0 0
1972 0 0 0 0 0 0
1973 0 0 0 0 0 0
1974 0 0 0 0 0 0
1975 0 0 0 0 0 0
1976 0 0 0 0 0 0
1977 0 0 0 0 0 0
1978 0 0 0 0 0 0
1979 0 0 0 0 0 0
1980 0 0 0 0 0 0
1981 0 0 0 0 0 0
1982 0 0 0 0 0 0
1983 0 0 0 0 0 0
1984 0 0 0 0 0 0
1985 0 0 0 0 0 0
1986 0 0 0 0 0 0
1987 0 0 0 0 0 0
1988 0 0 0 0 0 0
1989 0 0 0 0 0 0
1990 0 0 0 0 0 0
1991 0 0 0 0 0 0
1992 0 0 0 0 0 0
1993 0 0 0 0 0 0
1994 0 0 0 0 0 0
1995 0 0 0 0 0 0
1996 0 0 0 0 0 0
1997 0 0 0 0 0 0
1998 0 0 0 0 0 0
1999 0 0 0 0 0 0
2000 0 16 -6 -10 3 -63
2001 0 18 2 4 3 26
2002 0 20 3 4 4 33
2003 0 21 -8 -12 4 36
2004 0 24 3 5 5 40
2005 0 26 -8 -13 5 6
2006 0 30 4 6 6 -337
2007 0 26 -7 -12 7 23
2008 0 24 4 6 7 -67
2009 0 -226 -5 -8 7 13
2010 0 30 5 7 8 9
2011 0 35 -14 -21 9 -168
2012 0 -113 5 7 10 40
2013 0 30 -26 -41 -34 62
2014 0 30 -39 -61 -11 72
2015 0 -315 -8 -13 -54 79
2016 0 -118 -25 -40 -1 84
2017 0 -279 -8 -12 10 90
2018 0 -237 2 4 11 60
2019 0 19 -2 -3 12 -218
2020 0 16 -18 -28 14 90
2021 0 0 0 0 13 -355
2022 0 0 0 0 1 -104
2023 0 0 0 0 0 0
Difference for: Central_Am
Year RUS+WAL EAL+BER+WGOA NGOA SEA+NBC SBC+WA OR+CA
1970 0 0 0 0 0 0
1971 0 0 0 0 0 0
1972 0 0 0 0 0 0
1973 0 0 0 0 0 0
1974 0 0 0 0 0 0
1975 0 0 0 0 0 0
1976 0 0 0 0 0 0
1977 0 0 0 0 0 0
1978 0 0 0 0 0 0
1979 0 0 0 0 0 0
1980 0 0 0 0 0 0
1981 0 0 0 0 0 0
1982 0 0 0 0 0 0
1983 0 0 0 0 0 0
1984 0 0 0 0 0 0
1985 0 0 0 0 0 0
1986 0 0 0 0 0 0
1987 0 0 0 0 0 0
1988 0 0 0 0 0 0
1989 0 0 0 0 0 0
1990 0 0 0 0 0 0
1991 0 0 0 0 0 0
1992 0 0 0 0 0 0
1993 0 0 0 0 0 0
1994 0 0 0 0 0 0
1995 0 0 0 0 0 0
1996 0 0 0 0 0 0
1997 0 0 0 0 0 0
1998 0 0 0 0 0 0
1999 0 0 0 0 0 0
2000 0 0 0 0 1 -28
2001 0 0 0 0 1 12
2002 0 0 0 0 1 15
2003 0 0 0 0 1 16
2004 0 0 0 0 1 18
2005 0 0 0 0 1 3
2006 0 0 0 0 2 -152
2007 0 0 0 0 2 10
2008 0 0 0 0 2 -30
2009 0 0 0 0 2 6
2010 0 0 0 0 2 4
2011 0 0 0 0 3 -76
2012 0 0 0 0 3 18
2013 0 0 0 0 -9 28
2014 0 0 0 0 -3 32
2015 0 0 0 0 -15 36
2016 0 0 0 0 0 38
2017 0 0 0 0 3 41
2018 0 0 0 0 3 27
2019 0 0 0 0 3 -99
2020 0 0 0 0 4 41
2021 0 0 0 0 4 -161
2022 0 0 0 0 0 -47
2023 0 0 0 0 0 0

Total survival over time
Values for breeding stock: Asia
Year RUS+WAL EAL+BER+WGOA NGOA SEA+NBC SBC+WA OR+CA
1970 0.944 0.917 NaN NaN NaN NaN
1971 0.947 0.94 NaN NaN NaN NaN
1972 0.913 0.945 NaN NaN NaN NaN
1973 0.948 0.945 NaN NaN NaN NaN
1974 0.948 0.946 NaN NaN NaN NaN
1975 0.949 0.947 NaN NaN NaN NaN
1976 0.949 0.947 NaN NaN NaN NaN
1977 0.949 0.947 NaN NaN NaN NaN
1978 0.949 0.947 NaN NaN NaN NaN
1979 0.949 0.947 NaN NaN NaN NaN
1980 0.948 0.947 NaN NaN NaN NaN
1981 0.949 0.947 NaN NaN NaN NaN
1982 0.949 0.948 NaN NaN NaN NaN
1983 0.949 0.948 NaN NaN NaN NaN
1984 0.95 0.948 NaN NaN NaN NaN
1985 0.95 0.949 NaN NaN NaN NaN
1986 0.95 0.949 NaN NaN NaN NaN
1987 0.95 0.949 NaN NaN NaN NaN
1988 0.95 0.949 NaN NaN NaN NaN
1989 0.95 0.95 NaN NaN NaN NaN
1990 0.95 0.95 NaN NaN NaN NaN
1991 0.951 0.95 NaN NaN NaN NaN
1992 0.951 0.95 NaN NaN NaN NaN
1993 0.951 0.95 NaN NaN NaN NaN
1994 0.951 0.95 NaN NaN NaN NaN
1995 0.951 0.951 NaN NaN NaN NaN
1996 0.951 0.951 NaN NaN NaN NaN
1997 0.951 0.951 NaN NaN NaN NaN
1998 0.952 0.951 NaN NaN NaN NaN
1999 0.952 0.951 NaN NaN NaN NaN
2000 0.952 0.987 NaN NaN NaN NaN
2001 0.952 0.987 NaN NaN NaN NaN
2002 0.952 0.987 NaN NaN NaN NaN
2003 0.952 0.985 NaN NaN NaN NaN
2004 0.952 0.985 NaN NaN NaN NaN
2005 0.952 0.985 NaN NaN NaN NaN
2006 0.952 0.986 NaN NaN NaN NaN
2007 0.952 0.979 NaN NaN NaN NaN
2008 0.953 0.974 NaN NaN NaN NaN
2009 0.953 0.77 NaN NaN NaN NaN
2010 0.953 0.98 NaN NaN NaN NaN
2011 0.953 0.982 NaN NaN NaN NaN
2012 0.953 0.867 NaN NaN NaN NaN
2013 0.948 0.971 NaN NaN NaN NaN
2014 0.96 0.981 NaN NaN NaN NaN
2015 0.932 0.733 NaN NaN NaN NaN
2016 0.955 0.863 NaN NaN NaN NaN
2017 0.956 0.73 NaN NaN NaN NaN
2018 0.955 0.717 NaN NaN NaN NaN
2019 0.959 0.982 NaN NaN NaN NaN
2020 0.952 0.97 NaN NaN NaN NaN
2021 0.952 0.952 NaN NaN NaN NaN
2022 0.952 0.951 NaN NaN NaN NaN
2023 0.952 0.951 NaN NaN NaN NaN
Values for breeding stock: Hawaii
Year RUS+WAL EAL+BER+WGOA NGOA SEA+NBC SBC+WA OR+CA
1970 0.96 0.933 0.959 0.939 0.956 NaN
1971 0.96 0.953 0.959 0.95 0.956 NaN
1972 0.926 0.957 0.959 0.951 0.957 NaN
1973 0.96 0.958 0.959 0.952 0.957 NaN
1974 0.96 0.958 0.959 0.952 0.958 NaN
1975 0.96 0.958 0.959 0.953 0.958 NaN
1976 0.96 0.958 0.959 0.953 0.956 NaN
1977 0.96 0.958 0.959 0.953 0.956 NaN
1978 0.96 0.958 0.959 0.953 0.956 NaN
1979 0.96 0.958 0.959 0.953 0.957 NaN
1980 0.96 0.958 0.959 0.954 0.957 NaN
1981 0.96 0.958 0.959 0.954 0.956 NaN
1982 0.96 0.959 0.959 0.954 0.956 NaN
1983 0.96 0.959 0.959 0.954 0.957 NaN
1984 0.96 0.959 0.959 0.955 0.956 NaN
1985 0.96 0.959 0.959 0.955 0.956 NaN
1986 0.96 0.959 0.958 0.955 0.957 NaN
1987 0.96 0.959 0.959 0.954 0.956 NaN
1988 0.96 0.959 0.958 0.955 0.956 NaN
1989 0.96 0.959 0.959 0.957 0.956 NaN
1990 0.96 0.959 0.959 0.957 0.956 NaN
1991 0.96 0.959 0.959 0.957 0.956 NaN
1992 0.96 0.959 0.959 0.956 0.956 NaN
1993 0.96 0.959 0.959 0.957 0.956 NaN
1994 0.96 0.959 0.959 0.957 0.956 NaN
1995 0.96 0.959 0.959 0.957 0.956 NaN
1996 0.96 0.959 0.959 0.957 0.956 NaN
1997 0.96 0.96 0.959 0.957 0.957 NaN
1998 0.96 0.959 0.959 0.957 0.956 NaN
1999 0.96 0.959 0.959 0.956 0.955 NaN
2000 0.96 0.996 0.872 0.871 0.993 NaN
2001 0.96 0.996 0.991 0.989 0.993 NaN
2002 0.96 0.995 0.993 0.992 0.994 NaN
2003 0.96 0.993 0.875 0.874 0.993 NaN
2004 0.96 0.993 0.994 0.991 0.994 NaN
2005 0.96 0.993 0.877 0.875 0.989 NaN
2006 0.96 0.994 0.994 0.992 0.991 NaN
2007 0.96 0.986 0.891 0.892 0.997 NaN
2008 0.96 0.981 0.994 0.993 0.982 NaN
2009 0.96 0.776 0.919 0.918 0.991 NaN
2010 0.96 0.988 0.994 0.99 0.986 NaN
2011 0.96 0.989 0.867 0.866 0.985 NaN
2012 0.96 0.874 0.989 0.991 0.991 NaN
2013 0.96 0.983 0.797 0.796 0.863 NaN
2014 0.96 0.981 0.684 0.684 0.922 Inf
2015 0.96 0.754 0.882 0.88 0.801 0.998
2016 0.96 0.867 0.722 0.721 0.952 0.997
2017 0.96 0.733 0.871 0.87 0.985 0.996
2018 0.96 0.721 0.987 0.985 0.974 0.981
2019 0.96 0.983 0.937 0.936 0.988 0.89
2020 0.96 0.978 0.776 0.773 0.981 0.989
2021 0.96 0.96 0.956 0.954 0.983 0.858
2022 0.96 0.959 0.96 0.957 0.959 0.929
2023 0.96 0.96 0.955 0.954 0.952 0.96
Values for breeding stock: MX_AR
Year RUS+WAL EAL+BER+WGOA NGOA SEA+NBC SBC+WA OR+CA
1970 0.96 0.933 0.959 0.939 0.956 0.898
1971 0.96 0.953 0.959 0.95 0.956 0.947
1972 0.926 0.957 0.959 0.951 0.957 0.948
1973 0.96 0.958 0.959 0.952 0.957 0.949
1974 0.96 0.958 0.959 0.952 0.958 0.946
1975 0.96 0.958 0.959 0.953 0.958 0.946
1976 0.96 0.958 0.959 0.953 0.956 0.946
1977 0.96 0.958 0.959 0.953 0.956 0.946
1978 0.96 0.958 0.959 0.953 0.957 0.946
1979 0.96 0.958 0.959 0.953 0.957 0.946
1980 0.96 0.958 0.959 0.954 0.957 0.945
1981 0.96 0.958 0.959 0.954 0.956 0.945
1982 0.96 0.959 0.959 0.954 0.956 0.945
1983 0.96 0.959 0.959 0.954 0.957 0.946
1984 0.96 0.959 0.959 0.955 0.956 0.947
1985 0.96 0.959 0.959 0.955 0.956 0.948
1986 0.96 0.959 0.958 0.955 0.957 0.948
1987 0.96 0.959 0.959 0.954 0.956 0.948
1988 0.96 0.959 0.959 0.955 0.956 0.948
1989 0.96 0.959 0.959 0.957 0.956 0.949
1990 0.96 0.959 0.959 0.957 0.956 0.95
1991 0.96 0.959 0.959 0.957 0.956 0.948
1992 0.96 0.959 0.959 0.956 0.956 0.948
1993 0.96 0.959 0.959 0.958 0.956 0.949
1994 0.96 0.959 0.959 0.957 0.956 0.949
1995 0.96 0.959 0.959 0.957 0.956 0.949
1996 0.96 0.96 0.959 0.957 0.956 0.95
1997 0.96 0.96 0.959 0.957 0.957 0.95
1998 0.96 0.959 0.959 0.957 0.956 0.95
1999 0.96 0.959 0.959 0.956 0.955 0.949
2000 0.96 0.996 0.872 0.871 0.993 0.876
2001 0.96 0.996 0.991 0.989 0.993 0.982
2002 0.96 0.995 0.993 0.992 0.994 0.986
2003 0.96 0.993 0.875 0.874 0.993 0.986
2004 0.96 0.993 0.994 0.991 0.994 0.986
2005 0.96 0.993 0.877 0.875 0.989 0.955
2006 0.96 0.994 0.994 0.992 0.991 0.716
2007 0.96 0.986 0.891 0.892 0.997 0.97
2008 0.96 0.981 0.994 0.993 0.982 0.904
2009 0.96 0.776 0.919 0.918 0.991 0.965
2010 0.96 0.988 0.994 0.99 0.986 0.956
2011 0.96 0.989 0.867 0.866 0.985 0.849
2012 0.96 0.874 0.989 0.991 0.991 0.982
2013 0.96 0.983 0.797 0.796 0.863 0.994
2014 0.96 0.981 0.684 0.684 0.922 0.983
2015 0.96 0.754 0.882 0.88 0.801 0.968
2016 0.96 0.867 0.722 0.721 0.952 0.957
2017 0.96 0.733 0.871 0.87 0.985 0.981
2018 0.96 0.721 0.987 0.985 0.974 0.957
2019 0.96 0.983 0.937 0.936 0.988 0.879
2020 0.96 0.978 0.776 0.773 0.981 0.983
2021 0.96 0.96 0.956 0.954 0.983 0.849
2022 0.96 0.959 0.96 0.957 0.959 0.92
2023 0.96 0.96 0.955 0.954 0.952 0.95
Values for breeding stock: MX_ML
Year RUS+WAL EAL+BER+WGOA NGOA SEA+NBC SBC+WA OR+CA
1970 0.951 0.924 0.95 0.93 0.946 0.889
1971 0.951 0.944 0.95 0.941 0.948 0.939
1972 0.918 0.949 0.951 0.943 0.949 0.94
1973 0.953 0.951 0.952 0.945 0.95 0.942
1974 0.953 0.951 0.953 0.946 0.951 0.939
1975 0.953 0.951 0.952 0.946 0.951 0.939
1976 0.953 0.952 0.952 0.946 0.95 0.939
1977 0.954 0.952 0.953 0.947 0.95 0.94
1978 0.954 0.952 0.953 0.947 0.95 0.94
1979 0.954 0.952 0.953 0.947 0.951 0.94
1980 0.954 0.952 0.953 0.948 0.951 0.939
1981 0.954 0.953 0.953 0.948 0.95 0.939
1982 0.954 0.953 0.953 0.948 0.951 0.94
1983 0.955 0.953 0.953 0.949 0.951 0.94
1984 0.955 0.954 0.953 0.949 0.951 0.942
1985 0.955 0.954 0.954 0.95 0.951 0.943
1986 0.955 0.954 0.954 0.95 0.952 0.943
1987 0.955 0.954 0.954 0.949 0.951 0.943
1988 0.955 0.955 0.954 0.951 0.952 0.943
1989 0.955 0.955 0.954 0.952 0.951 0.945
1990 0.956 0.955 0.954 0.952 0.951 0.946
1991 0.956 0.955 0.954 0.952 0.952 0.944
1992 0.956 0.955 0.955 0.952 0.952 0.944
1993 0.956 0.955 0.955 0.954 0.952 0.945
1994 0.956 0.956 0.955 0.953 0.952 0.946
1995 0.956 0.956 0.955 0.954 0.952 0.946
1996 0.956 0.956 0.955 0.953 0.952 0.946
1997 0.956 0.956 0.955 0.953 0.953 0.946
1998 0.957 0.956 0.955 0.953 0.953 0.946
1999 0.957 0.956 0.956 0.953 0.952 0.946
2000 0.957 0.992 0.869 0.868 0.989 0.873
2001 0.957 0.992 0.987 0.985 0.99 0.978
2002 0.957 0.992 0.99 0.989 0.991 0.983
2003 0.957 0.991 0.873 0.871 0.991 0.983
2004 0.957 0.991 0.991 0.989 0.991 0.983
2005 0.957 0.99 0.874 0.872 0.986 0.952
2006 0.958 0.991 0.992 0.99 0.988 0.714
2007 0.957 0.984 0.889 0.89 0.994 0.967
2008 0.958 0.979 0.991 0.991 0.98 0.902
2009 0.957 0.774 0.916 0.915 0.989 0.962
2010 0.957 0.985 0.992 0.987 0.983 0.953
2011 0.957 0.986 0.864 0.863 0.982 0.847
2012 0.957 0.871 0.986 0.988 0.988 0.979
2013 0.957 0.981 0.795 0.793 0.86 0.992
2014 0.957 0.978 0.682 0.682 0.92 0.98
2015 0.957 0.752 0.879 0.878 0.798 0.965
2016 0.957 0.865 0.72 0.718 0.949 0.954
2017 0.957 0.731 0.869 0.868 0.982 0.978
2018 0.957 0.719 0.984 0.982 0.972 0.955
2019 0.957 0.98 0.934 0.933 0.985 0.877
2020 0.955 0.974 0.772 0.77 0.977 0.978
2021 0.958 0.958 0.954 0.952 0.981 0.847
2022 0.958 0.958 0.958 0.955 0.957 0.918
2023 0.957 0.957 0.952 0.951 0.949 0.947
Values for breeding stock: Central_Am
Year RUS+WAL EAL+BER+WGOA NGOA SEA+NBC SBC+WA OR+CA
1970 NaN NaN NaN NaN 0.946 0.889
1971 NaN NaN NaN NaN 0.948 0.939
1972 NaN NaN NaN NaN 0.95 0.941
1973 NaN NaN NaN NaN 0.949 0.941
1974 NaN NaN NaN NaN 0.95 0.938
1975 NaN NaN NaN NaN 0.951 0.939
1976 NaN NaN NaN NaN 0.95 0.94
1977 NaN NaN NaN NaN 0.95 0.94
1978 NaN NaN NaN NaN 0.95 0.939
1979 NaN NaN NaN NaN 0.95 0.939
1980 NaN NaN NaN NaN 0.951 0.939
1981 NaN NaN NaN NaN 0.95 0.939
1982 NaN NaN NaN NaN 0.95 0.939
1983 NaN NaN NaN NaN 0.951 0.94
1984 NaN NaN NaN NaN 0.951 0.942
1985 NaN NaN NaN NaN 0.951 0.942
1986 NaN NaN NaN NaN 0.951 0.943
1987 NaN NaN NaN NaN 0.951 0.943
1988 NaN NaN NaN NaN 0.951 0.943
1989 NaN NaN NaN NaN 0.951 0.944
1990 NaN NaN NaN NaN 0.951 0.946
1991 NaN NaN NaN NaN 0.952 0.944
1992 NaN NaN NaN NaN 0.952 0.944
1993 NaN NaN NaN NaN 0.951 0.945
1994 NaN NaN NaN NaN 0.952 0.946
1995 NaN NaN NaN NaN 0.952 0.945
1996 NaN NaN NaN NaN 0.952 0.946
1997 NaN NaN NaN NaN 0.953 0.946
1998 NaN NaN NaN NaN 0.953 0.946
1999 NaN NaN NaN NaN 0.952 0.946
2000 NaN NaN NaN NaN 0.989 0.873
2001 NaN NaN NaN NaN 0.99 0.978
2002 NaN NaN NaN NaN 0.99 0.983
2003 NaN NaN NaN NaN 0.99 0.982
2004 NaN NaN NaN NaN 0.991 0.983
2005 NaN NaN NaN NaN 0.986 0.952
2006 NaN NaN NaN NaN 0.988 0.714
2007 NaN NaN NaN NaN 0.994 0.967
2008 NaN NaN NaN NaN 0.979 0.902
2009 NaN NaN NaN NaN 0.988 0.962
2010 NaN NaN NaN NaN 0.983 0.953
2011 NaN NaN NaN NaN 0.982 0.847
2012 NaN NaN NaN NaN 0.987 0.979
2013 NaN NaN NaN NaN 0.86 0.992
2014 NaN NaN NaN NaN 0.92 0.98
2015 NaN NaN NaN NaN 0.798 0.965
2016 NaN NaN NaN NaN 0.949 0.954
2017 NaN NaN NaN NaN 0.983 0.978
2018 NaN NaN NaN NaN 0.972 0.955
2019 NaN NaN NaN NaN 0.987 0.878
2020 NaN NaN NaN NaN 0.978 0.979
2021 NaN NaN NaN NaN 0.981 0.847
2022 NaN NaN NaN NaN 0.957 0.918
2023 NaN NaN NaN NaN 0.95 0.948

Numbers over time by herd
Values for breeding stock: Asia
Year RUS+WAL EAL+BER+WGOA NGOA SEA+NBC SBC+WA OR+CA
1970 48 5 0 0 0 0
1971 59 6 0 0 0 0
1972 66 7 0 0 0 0
1973 76 8 0 0 0 0
1974 85 9 0 0 0 0
1975 94 10 0 0 0 0
1976 102 10 0 0 0 0
1977 110 11 0 0 0 0
1978 117 12 0 0 0 0
1979 124 13 0 0 0 0
1980 134 13 0 0 0 0
1981 145 15 0 0 0 0
1982 158 16 0 0 0 0
1983 173 17 0 0 0 0
1984 190 19 0 0 0 0
1985 207 21 0 0 0 0
1986 227 23 0 0 0 0
1987 247 25 0 0 0 0
1988 268 27 0 0 0 0
1989 291 29 0 0 0 0
1990 315 32 0 0 0 0
1991 342 34 0 0 0 0
1992 371 37 0 0 0 0
1993 403 41 0 0 0 0
1994 438 44 0 0 0 0
1995 476 48 0 0 0 0
1996 517 52 0 0 0 0
1997 562 57 0 0 0 0
1998 610 62 0 0 0 0
1999 662 67 0 0 0 0
2000 718 72 0 0 0 0
2001 778 81 0 0 0 0
2002 842 92 0 0 0 0
2003 912 103 0 0 0 0
2004 987 115 0 0 0 0
2005 1068 129 0 0 0 0
2006 1154 145 0 0 0 0
2007 1247 162 0 0 0 0
2008 1346 180 0 0 0 0
2009 1451 198 0 0 0 0
2010 1563 172 0 0 0 0
2011 1682 191 0 0 0 0
2012 1807 211 0 0 0 0
2013 1928 204 0 0 0 0
2014 2083 225 0 0 0 0
2015 2180 240 0 0 0 0
2016 2340 201 0 0 0 0
2017 2507 193 0 0 0 0
2018 2675 155 0 0 0 0
2019 2859 125 0 0 0 0
2020 3025 135 0 0 0 0
2021 3192 145 0 0 0 0
2022 3357 153 0 0 0 0
2023 3522 161 0 0 0 0
Values for breeding stock: Hawaii
Year RUS+WAL EAL+BER+WGOA NGOA SEA+NBC SBC+WA OR+CA
1970 16 121 69 287 14 0
1971 20 148 85 350 17 0
1972 23 175 100 411 20 0
1973 26 201 115 470 23 0
1974 29 225 130 525 26 0
1975 33 249 143 579 29 0
1976 36 272 156 630 31 0
1977 39 294 169 678 34 0
1978 42 315 181 725 36 0
1979 44 335 192 769 39 0
1980 48 361 208 829 42 0
1981 52 394 227 903 45 0
1982 57 433 249 989 50 0
1983 63 476 274 1087 55 0
1984 69 525 301 1194 60 0
1985 76 577 331 1311 66 0
1986 84 634 363 1436 72 0
1987 92 693 397 1565 79 0
1988 100 756 433 1703 86 0
1989 109 823 471 1853 94 0
1990 119 896 513 2016 102 0
1991 129 976 558 2193 111 0
1992 141 1065 608 2388 120 0
1993 154 1162 664 2604 131 0
1994 168 1270 724 2840 143 0
1995 184 1387 791 3098 156 0
1996 201 1515 863 3375 170 0
1997 219 1653 941 3676 185 0
1998 239 1802 1025 3999 202 0
1999 260 1963 1116 4347 220 0
2000 283 2138 1214 4726 239 0
2001 308 2415 1200 4669 270 0
2002 335 2726 1347 5242 304 0
2003 364 3075 1516 5894 343 0
2004 396 3460 1502 5834 387 0
2005 430 3893 1689 6554 435 0
2006 467 4374 1674 6491 489 0
2007 506 4915 1877 7293 554 0
2008 549 5477 1891 7350 618 0
2009 594 6066 2120 8240 697 0
2010 642 5299 2202 8525 777 0
2011 694 5886 2463 9536 863 0
2012 749 6534 2395 9305 966 0
2013 807 6393 2669 10363 1076 0
2014 868 7018 2380 9245 1035 0
2015 932 7665 1827 7094 1066 0
2016 1000 6418 1810 7023 952 0
2017 1070 6157 1468 5694 1004 0
2018 1143 4975 1427 5534 1083 0
2019 1219 3991 1572 6097 1181 0
2020 1296 4346 1644 6363 1272 0
2021 1375 4684 1416 5485 1372 0
2022 1455 4967 1509 5838 1469 0
2023 1534 5239 1611 6238 1532 0
Values for breeding stock: MX_AR
Year RUS+WAL EAL+BER+WGOA NGOA SEA+NBC SBC+WA OR+CA
1970 8 44 9 9 1 7
1971 10 54 11 11 2 8
1972 12 64 13 13 2 10
1973 13 73 15 15 2 11
1974 15 82 17 17 2 12
1975 17 91 18 18 3 13
1976 18 99 20 20 3 15
1977 20 107 22 22 3 16
1978 21 115 23 23 3 17
1979 23 122 25 24 4 18
1980 25 132 27 26 4 19
1981 27 144 29 29 4 20
1982 30 158 32 31 5 22
1983 33 174 35 35 5 25
1984 36 192 39 38 6 27
1985 39 211 42 42 6 29
1986 43 232 47 46 7 32
1987 47 254 51 50 7 35
1988 52 277 55 54 8 38
1989 56 301 60 59 9 41
1990 61 328 66 64 9 45
1991 67 357 72 70 10 48
1992 73 390 78 76 11 52
1993 80 425 85 83 12 57
1994 87 465 93 90 13 62
1995 95 508 101 99 15 68
1996 104 554 111 107 16 74
1997 113 605 121 117 17 80
1998 123 659 131 127 19 87
1999 134 718 143 138 20 95
2000 146 782 156 150 22 103
2001 159 884 154 149 25 103
2002 173 998 173 167 28 115
2003 188 1126 194 188 32 130
2004 205 1267 193 186 36 146
2005 222 1425 217 209 41 165
2006 241 1601 215 207 46 179
2007 262 1799 241 232 52 146
2008 284 2005 242 234 58 163
2009 307 2221 272 262 65 168
2010 332 1940 282 271 72 183
2011 359 2155 316 303 81 201
2012 387 2392 307 296 90 194
2013 417 2340 342 330 100 217
2014 449 2570 305 294 97 241
2015 482 2806 234 226 100 264
2016 517 2350 232 223 89 289
2017 553 2254 188 181 94 325
2018 591 1822 183 176 101 361
2019 630 1461 202 194 110 400
2020 670 1591 211 202 119 405
2021 711 1715 182 175 128 452
2022 752 1818 194 186 137 438
2023 793 1918 207 198 143 458
Values for breeding stock: MX_ML
Year RUS+WAL EAL+BER+WGOA NGOA SEA+NBC SBC+WA OR+CA
1970 5 27 5 8 5 59
1971 6 33 6 9 6 71
1972 7 38 7 11 7 83
1973 8 44 8 12 8 94
1974 9 49 8 14 9 104
1975 10 54 9 15 10 114
1976 11 59 10 16 11 123
1977 12 63 11 18 12 131
1978 13 68 12 19 13 140
1979 13 72 12 20 13 147
1980 14 77 13 21 14 157
1981 16 84 14 23 16 170
1982 17 92 16 25 17 185
1983 19 101 17 28 19 202
1984 21 111 19 31 21 222
1985 23 122 21 33 23 242
1986 25 133 23 37 25 264
1987 27 146 25 40 27 286
1988 30 158 27 43 29 310
1989 32 172 29 47 32 335
1990 35 187 32 51 34 363
1991 38 203 35 55 37 392
1992 41 221 38 60 40 425
1993 45 241 41 65 44 461
1994 49 263 45 71 48 501
1995 53 286 49 77 52 544
1996 58 312 53 84 57 591
1997 63 340 58 92 62 642
1998 69 370 63 99 67 697
1999 75 402 68 108 73 756
2000 82 438 74 117 79 821
2001 89 494 73 115 89 819
2002 96 556 82 129 101 918
2003 105 627 92 145 113 1032
2004 113 705 91 144 128 1162
2005 123 791 102 161 143 1304
2006 133 888 101 160 161 1421
2007 145 997 113 179 182 1158
2008 156 1109 114 180 202 1287
2009 169 1227 128 202 228 1324
2010 183 1070 133 208 254 1444
2011 197 1187 148 233 281 1578
2012 212 1315 144 227 315 1522
2013 228 1285 160 252 350 1699
2014 245 1408 142 224 336 1886
2015 263 1535 109 172 346 2065
2016 281 1283 108 170 308 2252
2017 301 1229 87 138 324 2529
2018 321 991 85 133 350 2808
2019 341 794 93 147 380 3111
2020 362 862 97 153 408 3134
2021 384 928 84 132 440 3500
2022 406 983 89 140 471 3393
2023 427 1035 95 149 490 3541
Values for breeding stock: Central_Am
Year RUS+WAL EAL+BER+WGOA NGOA SEA+NBC SBC+WA OR+CA
1970 0 0 0 0 1 27
1971 0 0 0 0 2 32
1972 0 0 0 0 2 38
1973 0 0 0 0 2 43
1974 0 0 0 0 3 47
1975 0 0 0 0 3 52
1976 0 0 0 0 3 56
1977 0 0 0 0 3 60
1978 0 0 0 0 4 63
1979 0 0 0 0 4 67
1980 0 0 0 0 4 71
1981 0 0 0 0 4 77
1982 0 0 0 0 5 84
1983 0 0 0 0 5 92
1984 0 0 0 0 6 100
1985 0 0 0 0 6 109
1986 0 0 0 0 7 119
1987 0 0 0 0 7 129
1988 0 0 0 0 8 140
1989 0 0 0 0 9 151
1990 0 0 0 0 10 164
1991 0 0 0 0 10 177
1992 0 0 0 0 11 192
1993 0 0 0 0 12 208
1994 0 0 0 0 13 226
1995 0 0 0 0 14 246
1996 0 0 0 0 16 267
1997 0 0 0 0 17 290
1998 0 0 0 0 19 315
1999 0 0 0 0 20 342
2000 0 0 0 0 22 371
2001 0 0 0 0 25 370
2002 0 0 0 0 28 415
2003 0 0 0 0 31 466
2004 0 0 0 0 35 525
2005 0 0 0 0 40 589
2006 0 0 0 0 45 642
2007 0 0 0 0 50 523
2008 0 0 0 0 56 581
2009 0 0 0 0 63 597
2010 0 0 0 0 70 651
2011 0 0 0 0 78 712
2012 0 0 0 0 87 687
2013 0 0 0 0 97 766
2014 0 0 0 0 93 851
2015 0 0 0 0 96 932
2016 0 0 0 0 86 1017
2017 0 0 0 0 90 1142
2018 0 0 0 0 97 1269
2019 0 0 0 0 106 1408
2020 0 0 0 0 114 1420
2021 0 0 0 0 123 1584
2022 0 0 0 0 131 1534
2023 0 0 0 0 136 1602

Catch numbers by breeding stock
Year Asia Hawaii MX_AR MX_ML Central_Am
1970 0.9 0 0 1.1 0.3
1971 0.9 0 0 1.2 0.3
1972 1 0 0 1.3 0.3
1973 1.1 0 0 1.3 0.4
1974 1.2 0.1 0 1.4 0.4
1975 1.2 0.1 0 1.5 0.4
1976 1.3 0.1 0 1.6 0.4
1977 1.4 0.1 0 1.6 0.4
1978 1.5 0.1 0 1.7 0.5
1979 1.6 0.1 0 1.8 0.5
1980 1.8 0.1 0 1.9 0.5
1981 1.9 0.1 0 2 0.5
1982 2 0.1 0 2.1 0.6
1983 2.2 0.1 0 2.2 0.6
1984 2.3 0.1 0 2.4 0.6
1985 2.5 0.1 0 2.5 0.7
1986 2.6 0.1 0 2.6 0.7
1987 2.8 0.1 0 2.8 0.7
1988 3 0.1 0 2.9 0.8
1989 3.2 0.1 0 3.1 0.8
1990 3.5 0.2 0 3.2 0.8
1991 3.7 0.2 0 3.4 0.9
1992 4 0.2 0 3.6 0.9
1993 4.3 0.2 0 3.8 1
1994 4.6 0.2 0 4 1
1995 4.9 0.2 0 4.2 1.1
1996 5.2 0.2 0 4.4 1.1
1997 5.6 0.2 0 4.7 1.2
1998 6 0.2 0 4.9 1.2
1999 6.4 0.2 0 5.2 1.3
2000 6.9 0.3 0 5.5 1.4
2001 7.3 0.3 0 5.8 1.4
2002 7.9 0 0 5.8 1.5
2003 8.4 0 0 5.8 1.6
2004 9 0 0 6.7 1.7
2005 9.6 0 0 8.1 1.8
2006 10.3 1 0 6.8 1.8
2007 11.1 0 0 7.7 1.9
2008 11.8 0 0 7.9 2
2009 12.7 0 0 9 2.1
2010 13.6 0 0 9.3 2.2
2011 14.5 0.8 0 10.6 2.4
2012 15.5 0 0 10.9 2.5
2013 28 0 0 10.8 2.6
2014 0 5 0 13 2.7
2015 72 0 0 14.2 2.9
2016 12 0.1 0 14.2 3
2017 12 0.1 0 13.4 3.2
2018 16 0.1 0 13.4 3.3
2019 4 0.4 0 13.4 1.7
2020 26.8 0.4 0 23.8 5
2021 28.6 0.4 0 12.8 4.7
2022 30.7 0.4 0 10.5 3.7
2023 32.8 0.4 0 18.4 4.2

Catch numbers by feeding ground
Year RUS+WAL EAL+BER+WGOA NGOA SEA+NBC SBC+WA OR+CA
1970 0 5.7 0.1 6.8 0.1 6.4
1971 0 1.8 0.1 4 0.1 1.5
1972 4 0.8 0.1 4.1 0.1 1.6
1973 0 0.8 0.1 4.3 0.1 1.7
1974 0 0.8 0.1 4.5 0.1 2.5
1975 0 0.8 0.2 4.7 0.1 2.7
1976 0 0.8 0.2 4.9 0.2 2.9
1977 0 0.8 0.2 5.2 0.2 3.1
1978 0 0.8 0.2 5.4 0.2 3.3
1979 0 1 0.2 5.6 0.2 3.5
1980 0 1 0.2 5.9 0.2 3.9
1981 0 1 0.3 6.1 0.3 4.2
1982 0 1 0.4 6.5 0.3 4.5
1983 0 1 0.4 6.7 0.3 4.8
1984 0 1 0.5 7.1 0.4 4.6
1985 0 1 0.5 6.7 0.4 5
1986 0 1 0.7 7.8 0.4 5.4
1987 0 1 0.7 10 0.5 5.8
1988 0 1.1 0.8 8.5 0.5 6.3
1989 0 0.9 0.8 6.1 0.6 6.1
1990 0 1 0.8 7.4 0.7 5.8
1991 0 1 0.9 8.2 0.7 7.6
1992 0 1.1 0.9 9.8 0.8 8.3
1993 0 1.1 1 7.1 0.9 8.6
1994 0 1.2 1 9.3 1 8.8
1995 0 1.2 1 9.3 1.1 9.6
1996 0 1.2 1.1 12.7 1.2 9.9
1997 0 1.2 1.3 12.7 0.9 10.7
1998 0 3 1.4 14.7 1.2 12
1999 0 2.6 1.4 17.4 1.7 13.5
2000 0 1.2 1.5 14.1 1.5 11.6
2001 0 1.2 1.8 16.4 1.7 13.4
2002 0 2.4 1.9 13.8 1.9 13.7
2003 0 1.4 2 18.9 2.3 16
2004 0 1.4 2.3 22 2.5 15.9
2005 0 1.6 2.3 23.3 5.8 20.1
2006 0 1.6 2.4 22.7 5.3 22.1
2007 0 0.1 7.3 18.4 0 18.1
2008 0 0.1 4.3 19.7 12.4 8.8
2009 0 0.1 4.3 24.1 0 9.8
2010 0 6.1 0.8 44.5 7 24.5
2011 0 3.1 4 28.4 11 11.9
2012 0 4.1 8.8 11.6 0 10
2013 0 0.1 4 31.6 0 4.7
2014 0 0.1 11.8 43.7 7 45.2
2015 0 4.1 12 51 9.1 103.4
2016 0 4.1 4.8 34.8 7.1 150.3
2017 0 4.1 2.1 16.3 11.1 60.3
2018 0 1.1 4 26.6 30.1 111.1
2019 0 4.1 6 27.3 9.1 61
2020 0 1.1 0 24 23 31.2
2021 0 2.2 7 33.7 13 62.4
2022 0 4.3 0.8 22.3 8 56
2023 0 3.6 9.1 40.1 19.2 59.7
