Stock structure: B2F1; Model type = BC
Mortality impacts feeding grounds
Recuitment related to unfished
Staying rate: 0
Age-at-matrity: 8
Base adult survival: 0
Sigma for survival devs: 6
Additional variance estimated
Weight for mark-recapture proportions: 1
Weight for genetics proportions: 1


Total objective fn: 385.963349055572
Negative log-likelihood fn: 139.100739350943

Natural Survival by feeding ground
RUS+WAL,EAL+BER,GOA,SEA+NBC,SBC+WA,OR+CA
1970 0.96 0.96 0.96 0.96 0.96 0.96
1971 0.96 0.96 0.96 0.96 0.96 0.96
1972 0.96 0.96 0.96 0.96 0.96 0.96
1973 0.96 0.96 0.96 0.96 0.96 0.96
1974 0.96 0.96 0.96 0.96 0.96 0.96
1975 0.96 0.96 0.96 0.96 0.96 0.96
1976 0.96 0.96 0.96 0.96 0.96 0.96
1977 0.96 0.96 0.96 0.96 0.96 0.96
1978 0.96 0.96 0.96 0.96 0.96 0.96
1979 0.96 0.96 0.96 0.96 0.96 0.96
1980 0.96 0.96 0.96 0.96 0.96 0.96
1981 0.96 0.96 0.96 0.96 0.96 0.96
1982 0.96 0.96 0.96 0.96 0.96 0.96
1983 0.96 0.96 0.96 0.96 0.96 0.96
1984 0.96 0.96 0.96 0.96 0.96 0.96
1985 0.96 0.96 0.96 0.96 0.96 0.96
1986 0.96 0.96 0.96 0.96 0.96 0.96
1987 0.96 0.96 0.96 0.96 0.96 0.96
1988 0.96 0.96 0.96 0.96 0.96 0.96
1989 0.96 0.96 0.96 0.96 0.96 0.96
1990 0.96 0.96 0.96 0.96 0.96 0.96
1991 0.96 0.96 0.96 0.96 0.96 0.96
1992 0.96 0.96 0.96 0.96 0.96 0.96
1993 0.96 0.96 0.96 0.96 0.96 0.96
1994 0.96 0.96 0.96 0.96 0.96 0.96
1995 0.96 0.96 0.96 0.96 0.96 0.96
1996 0.96 0.96 0.96 0.96 0.96 0.96
1997 0.96 0.96 0.96 0.96 0.96 0.96
1998 0.96 0.96 0.96 0.96 0.96 0.96
1999 0.96 0.96 0.96 0.96 0.96 0.96
2000 0.9608663 0.9666741 0.9617817 0.9697655 0.9597803 0.9621394
2001 0.9609444 0.9669094 0.9614846 0.9716394 0.9603964 0.9630081
2002 0.9609352 0.9671717 0.9611858 0.9717163 0.9609141 0.9642965
2003 0.9607261 0.9664665 0.9588099 0.971269 0.9610223 0.96427
2004 0.9603714 0.9656599 0.9588942 0.9709494 0.9608134 0.9631061
2005 0.9606376 0.9632184 0.9611163 0.9673878 0.9618454 0.9597592
2006 0.9602427 0.9616797 0.9615578 0.9687099 0.9617959 0.9564721
2007 0.9600926 0.9602178 0.9609254 0.9661504 0.9615225 0.9577753
2008 0.9599911 0.9603082 0.9601463 0.971223 0.961393 0.9583169
2009 0.9598715 0.9588034 0.9595996 0.9629243 0.961036 0.9593636
2010 0.9600221 0.9594777 0.9600119 0.9651137 0.9612191 0.9603212
2011 0.9599806 0.9591204 0.9594731 0.9585111 0.9610486 0.9605112
2012 0.9598659 0.9589242 0.9579989 0.9500052 0.9607361 0.9620642
2013 0.9598261 0.9580171 0.9571055 0.9259289 0.9603318 0.9647694
2014 0.9597266 0.9567792 0.9555038 0.7118382 0.9600299 0.9668276
2015 0.9592693 0.952906 0.9542139 0.9022535 0.9592923 0.9667129
2016 0.9589775 0.9503079 0.9530177 0.7441206 0.9589191 0.9645283
2017 0.9587549 0.9470873 0.9532274 0.91803 0.9587655 0.9631065
2018 0.9588833 0.9477745 0.9543741 0.9258221 0.959 0.962199
2019 0.9592029 0.9514897 0.9561513 0.9343087 0.9594398 0.9620559
2020 0.959434 0.9546837 0.9571006 0.9496417 0.9598701 0.9631201
2021 0.9599455 0.9600336 0.960004 0.9592806 0.9605229 0.9606729
2022 0.9599239 0.9598706 0.9599007 0.9592 0.9602409 0.9603501
2023 0.9599397 0.9601725 0.9600499 0.9595406 0.9599752 0.9600381

Naturak Survival by breeding stock
RUS+WAL,EAL+BER,GOA,SEA+NBC,SBC+WA,OR+CA
1970 0.96 0.96 0.96 0.96 0.96
1971 0.96 0.96 0.96 0.96 0.96
1972 0.96 0.96 0.96 0.96 0.96
1973 0.96 0.96 0.96 0.96 0.96
1974 0.96 0.96 0.96 0.96 0.96
1975 0.96 0.96 0.96 0.96 0.96
1976 0.96 0.96 0.96 0.96 0.96
1977 0.96 0.96 0.96 0.96 0.96
1978 0.96 0.96 0.96 0.96 0.96
1979 0.96 0.96 0.96 0.96 0.96
1980 0.96 0.96 0.96 0.96 0.96
1981 0.96 0.96 0.96 0.96 0.96
1982 0.96 0.96 0.96 0.96 0.96
1983 0.96 0.96 0.96 0.96 0.96
1984 0.96 0.96 0.96 0.96 0.96
1985 0.96 0.96 0.96 0.96 0.96
1986 0.96 0.96 0.96 0.96 0.96
1987 0.96 0.96 0.96 0.96 0.96
1988 0.96 0.96 0.96 0.96 0.96
1989 0.96 0.96 0.96 0.96 0.96
1990 0.96 0.96 0.96 0.96 0.96
1991 0.96 0.96 0.96 0.96 0.96
1992 0.96 0.96 0.96 0.96 0.96
1993 0.96 0.96 0.96 0.96 0.96
1994 0.96 0.96 0.96 0.96 0.96
1995 0.96 0.96 0.96 0.96 0.96
1996 0.96 0.96 0.96 0.96 0.96
1997 0.96 0.96 0.96 0.96 0.96
1998 0.96 0.96 0.96 0.96 0.96
1999 0.96 0.96 0.96 0.96 0.96
2000 0.96 0.96 0.96 0.96 0.96
2001 0.96 0.96 0.96 0.96 0.96
2002 0.96 0.96 0.96 0.96 0.96
2003 0.96 0.96 0.96 0.96 0.96
2004 0.96 0.96 0.96 0.96 0.96
2005 0.96 0.96 0.96 0.96 0.96
2006 0.96 0.96 0.96 0.96 0.96
2007 0.96 0.96 0.96 0.96 0.96
2008 0.96 0.96 0.96 0.96 0.96
2009 0.96 0.96 0.96 0.96 0.96
2010 0.96 0.96 0.96 0.96 0.96
2011 0.96 0.96 0.96 0.96 0.96
2012 0.96 0.96 0.96 0.96 0.96
2013 0.96 0.96 0.96 0.96 0.96
2014 0.96 0.96 0.96 0.96 0.96
2015 0.96 0.96 0.96 0.96 0.96
2016 0.96 0.96 0.96 0.96 0.96
2017 0.96 0.96 0.96 0.96 0.96
2018 0.96 0.96 0.96 0.96 0.96
2019 0.96 0.96 0.96 0.96 0.96
2020 0.96 0.96 0.96 0.96 0.96
2021 0.96 0.96 0.96 0.96 0.96
2022 0.96 0.96 0.96 0.96 0.96
2023 0.96 0.96 0.96 0.96 0.96

Fecundity by feeding ground
RUS+WAL,EAL+BER,GOA,SEA+NBC,SBC+WA,OR+CA
1970 0.9411675 0.948544 0.9502388 0.952216 0.9569549 0.9656516
1971 0.9413395 0.9486836 0.9502614 0.9523656 0.9570084 0.9657557
1972 0.9350142 0.9430218 0.944898 0.9476199 0.9532273 0.9640795
1973 0.9283334 0.9376082 0.9397553 0.9431127 0.9496145 0.9625096
1974 0.9220459 0.9324744 0.9348621 0.9388624 0.9461806 0.961076
1975 0.9161164 0.9276033 0.930221 0.9348522 0.9429157 0.9597476
1976 0.9105425 0.9229818 0.9258062 0.9310687 0.9398411 0.9585186
1977 0.9053049 0.9185951 0.9216056 0.9275035 0.9369198 0.9573815
1978 0.9003874 0.9144328 0.9176094 0.9241417 0.934148 0.9563387
1979 0.8957739 0.9104986 0.9138076 0.9209727 0.9315163 0.9553814
1980 0.8914704 0.906769 0.9101908 0.917991 0.9290179 0.9545161
1981 0.8874328 0.9032295 0.9067655 0.9151769 0.9266739 0.9537274
1982 0.8818754 0.8983998 0.9021215 0.9112974 0.9234507 0.9525875
1983 0.8749803 0.8924059 0.8963606 0.9064538 0.9194315 0.9511367
1984 0.8669167 0.885392 0.8896334 0.900774 0.9147392 0.9493947
1985 0.8578824 0.8774932 0.8820516 0.8943369 0.9094324 0.9474309
1986 0.8480252 0.8688373 0.8737683 0.8873078 0.9035895 0.9452762
1987 0.8375207 0.8595477 0.8648681 0.8798344 0.8973179 0.9429651
1988 0.8265114 0.8497421 0.8554718 0.8718575 0.8906605 0.9405341
1989 0.8151286 0.8395051 0.8456631 0.8634141 0.8837118 0.9379721
1990 0.8035105 0.8289538 0.8355333 0.8547305 0.8765334 0.9352923
1991 0.7917421 0.8181676 0.8251798 0.8458576 0.8691541 0.9326273
1992 0.779543 0.8068866 0.814328 0.8365997 0.8614055 0.9298385
1993 0.7666755 0.794887 0.8027832 0.8265882 0.8531302 0.9268422
1994 0.752975 0.7820186 0.790376 0.8158813 0.8442033 0.9235742
1995 0.7383442 0.7681736 0.7770052 0.8042966 0.8345396 0.9200279
1996 0.7227464 0.7533018 0.7626348 0.7919209 0.8240815 0.9161446
1997 0.7062201 0.7374029 0.7472756 0.7786006 0.812686 0.9119361
1998 0.6888276 0.7206457 0.7309434 0.764431 0.8005213 0.9074117
1999 0.6706703 0.7029536 0.7136882 0.7494907 0.7876835 0.9025884
2000 0.6518995 0.6843521 0.6956228 0.7335979 0.7740134 0.8972989
2001 0.6322122 0.6620223 0.6761205 0.7133009 0.7597491 0.8914575
2002 0.612121 0.6389738 0.6561083 0.6912892 0.7446302 0.8851231
2003 0.5916985 0.6149869 0.6356134 0.6684646 0.7287367 0.8782757
2004 0.5711245 0.5907023 0.6157859 0.644986 0.7121445 0.8709592
2005 0.5505337 0.5662849 0.5953508 0.6207415 0.695911 0.8635389
2006 0.5295897 0.5427926 0.5731502 0.5974767 0.6783328 0.8562091
2007 0.5088132 0.5197182 0.5510193 0.5723897 0.6583607 0.8487263
2008 0.4881134 0.4972796 0.5284085 0.5481379 0.6414559 0.8399174
2009 0.4676139 0.4745956 0.505976 0.5202039 0.620282 0.8304563
2010 0.44745 0.4533922 0.483149 0.4982412 0.6005763 0.8208786
2011 0.4275575 0.4314951 0.4605262 0.473678 0.581586 0.809813
2012 0.408226 0.4100759 0.4392964 0.4527576 0.5588566 0.7978698
2013 0.3921257 0.3890098 0.4187143 0.4389116 0.5357134 0.7844392
2014 0.370741 0.3690423 0.4007119 0.4432973 0.5149192 0.771509
2015 0.3652265 0.3518854 0.3845268 0.5818174 0.4949357 0.7604147
2016 0.3486393 0.3382155 0.3685813 0.5865902 0.4748385 0.7512267
2017 0.3315891 0.3274371 0.3535393 0.6668653 0.4562516 0.7376404
2018 0.3164378 0.3197462 0.3391868 0.6545613 0.4439755 0.7263116
2019 0.2996151 0.3118133 0.3248509 0.6423057 0.4253044 0.7120625
2020 0.288524 0.3009311 0.3087083 0.6272072 0.4106503 0.6959534
2021 0.2789354 0.2874577 0.2936875 0.6056445 0.3928181 0.6798448
2022 0.2700096 0.2700171 0.2761206 0.5795706 0.3729388 0.6637232
2023 0.2622354 0.2541254 0.261395 0.5557819 0.3576161 0.6474822

Total abundance: Estimate SD_log
1970 1215.173 0.05822047
1971 1527.176 0.05100874
1972 1782.317 0.04709479
1973 2019.599 0.04451283
1974 2247.619 0.04258294
1975 2462.226 0.04115825
1976 2664.788 0.04006699
1977 2855.815 0.03921388
1978 3035.985 0.03853442
1979 3205.732 0.03798752
1980 3365.455 0.03754465
1981 3599.101 0.0363335
1982 3885.947 0.03479326
1983 4218.825 0.03314796
1984 4591.657 0.0315453
1985 4998.607 0.03007047
1986 5434.482 0.02875907
1987 5892.6 0.02762492
1988 6366.912 0.02665968
1989 6856.716 0.02582605
1990 7360.222 0.0250958
1991 7889.593 0.02440808
1992 8453.288 0.02374711
1993 9058.691 0.02311367
1994 9715.339 0.02250887
1995 10420.99 0.02196103
1996 11177.68 0.02147867
1997 11981.08 0.02107331
1998 12831.16 0.02073812
1999 13718.96 0.0204748
2000 14640.06 0.02027262
2001 15726.66 0.01985796
2002 16872.75 0.01940244
2003 18071.04 0.01888411
2004 19292.46 0.01834213
2005 20540.61 0.01802812
2006 21760.31 0.01837902
2007 23007.82 0.0189974
2008 24253.16 0.01956198
2009 25586.83 0.02009537
2010 26824.01 0.02081276
2011 28075.02 0.02148176
2012 29250.35 0.02181571
2013 30319.04 0.02375028
2014 31015.12 0.02760944
2015 28926.4 0.02468417
2016 29367.95 0.02522299
2017 28201.83 0.02686842
2018 28917.09 0.0271156
2019 29627.66 0.02712053
2020 30527.49 0.0276095
2021 31601.24 0.02884246
2022 32772.33 0.03039347
2023 33901.26 0.03205023
2024 34899.6 0.03383302

Breeding stock abundance: Estimate SD_log Estimate/K
Asia
1 91.85069 0.0990426 4.661658
2 115.9172 0.09441235 5.883095
3 134.8423 0.09240544 6.843593
4 149.6541 0.09278787 7.59533
5 165.8924 0.09182107 8.419463
6 181.0613 0.09110164 9.189326
7 195.3258 0.09050108 9.913286
8 208.6371 0.09002888 10.58887
9 221.043 0.08965672 11.2185
10 232.5882 0.0893664 11.80445
11 243.3071 0.08914775 12.34846
12 259.0367 0.08842437 13.14678
13 278.375 0.08745993 14.12825
14 300.7763 0.08634285 15.26517
15 325.6334 0.08516754 16.52673
16 352.5848 0.08394274 17.89458
17 381.0993 0.08271642 19.34176
18 410.891 0.08147715 20.85377
19 441.5044 0.08025625 22.40748
20 472.6162 0.07906105 23.98648
21 503.9535 0.07789845 25.57693
22 536.4268 0.07672787 27.22503
23 570.7527 0.0755264 28.96716
24 607.2267 0.07431592 30.81831
25 646.0701 0.07311562 32.78971
26 687.3366 0.07195649 34.88409
27 730.948 0.07087924 37.09748
28 776.7047 0.06993323 39.41975
29 824.2079 0.06918357 41.83066
30 873.0229 0.06868982 44.30815
31 922.8025 0.06850976 46.83459
32 975.3973 0.06855032 49.50391
33 1028.815 0.06880892 52.215
34 1082.619 0.06938469 54.94566
35 1136.421 0.07027868 57.67626
36 1189.711 0.07210121 60.38086
37 1242.705 0.07504766 63.07046
38 1294.338 0.07902427 65.69094
39 1344.593 0.08339185 68.24152
40 1393.634 0.0881435 70.73048
41 1440.512 0.09322751 73.10969
42 1485.668 0.0986256 75.40143
43 1528.384 0.1042672 77.5694
44 1568.046 0.1101182 79.58237
45 1593.318 0.1168798 80.86496
46 1643.189 0.1218634 83.39603
47 1619.022 0.1318079 82.16951
48 1650.832 0.1372577 83.78397
49 1678.73 0.1427659 85.19987
50 1700.936 0.1485729 86.32686
51 1733.735 0.1533618 87.9915
52 1743.495 0.1598963 88.48682
53 1752.066 0.1663445 88.92182
54 1756.196 0.1727243 89.13143
Hawaii
1 765.1093 0.06052543 2.636913
2 965.3617 0.05346728 3.327073
3 1128.054 0.04973244 3.887785
4 1281.783 0.04721253 4.417605
5 1428.095 0.04539638 4.921861
6 1566.608 0.04405085 5.399239
7 1697.746 0.04302275 5.851202
8 1821.896 0.04221812 6.279077
9 1939.372 0.04157721 6.683954
10 2050.602 0.04105739 7.067302
11 2155.772 0.04063253 7.429765
12 2308.791 0.03952466 7.957137
13 2496.405 0.03814016 8.60374
14 2714.081 0.03668758 9.353951
15 2958.045 0.03529905 10.19476
16 3224.157 0.03405174 11.1119
17 3509.821 0.03296341 12.09643
18 3810.125 0.03204747 13.13142
19 4120.964 0.03129263 14.2027
20 4443.08 0.0306492 15.31286
21 4775.145 0.03009044 16.45731
22 5123.778 0.02957982 17.65886
23 5496.109 0.02909753 18.94208
24 5895.98 0.02864887 20.32021
25 6330.655 0.02822444 21.8183
26 6797.045 0.02785521 23.42569
27 7297.538 0.02753845 25.15062
28 7827.762 0.02728666 26.97801
29 8389.124 0.02708354 28.91271
30 8975.363 0.02693057 30.93316
31 9583.415 0.02681954 33.02878
32 10316.16 0.0265077 35.55415
33 11092.04 0.02614085 38.22819
34 11901.54 0.02566078 41.01809
35 12724.28 0.02506463 43.85363
36 13564.85 0.02471462 46.75059
37 14384.99 0.02500324 49.57718
38 15234.09 0.0255885 52.50357
39 16067.2 0.02609805 55.37485
40 16966.04 0.02651604 58.47264
41 17762.77 0.02723095 61.21853
42 18574.59 0.02782995 64.01645
43 19297.37 0.02793882 66.50746
44 19903.85 0.03049516 68.59768
45 20145.2 0.03631672 69.42946
46 17763.18 0.03098196 61.21997
47 17905.27 0.03124756 61.70965
48 16533.88 0.03328327 56.98322
49 16867.66 0.03329881 58.13358
50 17248.13 0.03195092 59.44486
51 17722.03 0.03159867 61.07813
52 18342.3 0.03310427 63.21587
53 19064.31 0.03452811 65.70424
54 19742.01 0.03606787 68.03991
MX_AR
1 133.1605 0.08001874 5.726415
2 167.9308 0.07481927 7.221668
3 196.4633 0.07211154 8.448678
4 223.221 0.0703694 9.599363
5 249.0762 0.06906837 10.71123
6 273.5847 0.06810837 11.7652
7 296.8359 0.06737153 12.76509
8 318.904 0.06678799 13.7141
9 339.8505 0.06631404 14.61488
10 359.7333 0.06592142 15.46991
11 378.557 0.06559451 16.2794
12 405.789 0.06484016 17.45049
13 439.1095 0.06393021 18.8834
14 477.7471 0.06299406 20.54496
15 521.0134 0.06211028 22.40558
16 568.247 0.06131662 24.4368
17 618.8218 0.06062363 26.61171
18 672.0728 0.06002741 28.90171
19 727.4597 0.05951336 31.28357
20 784.5412 0.05906776 33.73829
21 843.0341 0.05867343 36.25371
22 904.608 0.05829799 38.90162
23 970.2519 0.05793765 41.72456
24 1040.828 0.05759048 44.75962
25 1117.012 0.05726062 48.03581
26 1198.935 0.05695271 51.55881
27 1286.647 0.05667129 55.33077
28 1379.883 0.05641732 59.34028
29 1478.32 0.05619129 63.57345
30 1580.889 0.05599658 67.98432
31 1687.407 0.05582725 72.56498
32 1809.926 0.05562702 77.83379
33 1937.431 0.05540989 83.317
34 2069.591 0.05518409 89.00039
35 2203.464 0.0550747 94.75743
36 2339.511 0.05509084 100.608
37 2474.045 0.0553987 106.3934
38 2608.451 0.05589563 112.1734
39 2741.79 0.05639816 117.9075
40 2878.873 0.05692148 123.8026
41 3011.989 0.05741818 129.5271
42 3145.695 0.05793975 135.277
43 3276.548 0.05844146 140.9041
44 3401.912 0.05909799 146.2953
45 3516.417 0.05975946 151.2194
46 3548.243 0.06041643 152.5881
47 3633.658 0.06107781 156.2612
48 3664.995 0.06218337 157.6089
49 3742.599 0.06278715 160.9461
50 3818.431 0.06353785 164.2072
51 3909.749 0.06436378 168.1342
52 4015.2 0.06528825 172.669
53 4129.964 0.06644254 177.6043
54 4237.891 0.06769561 182.2456
MX_ML
1 177.7114 0.07288028 3.120353
2 220.1446 0.06843077 3.865418
3 255.8173 0.06586811 4.49178
4 289.0617 0.06429265 5.075502
5 320.5844 0.06323846 5.628996
6 349.6608 0.06261639 6.139534
7 376.7599 0.06223643 6.615355
8 401.9606 0.06203058 7.057844
9 425.4824 0.06193477 7.470853
10 447.3122 0.06193622 7.854152
11 467.4993 0.06201386 8.208608
12 497.7513 0.06159494 8.739788
13 535.0966 0.06097468 9.395517
14 578.5662 0.06029532 10.15878
15 627.2791 0.05964998 11.01411
16 680.6014 0.05907286 11.95037
17 737.5673 0.05860056 12.95061
18 797.4239 0.05822816 14.0016
19 859.3841 0.05795119 15.08953
20 923.0363 0.05775358 16.20718
21 988.2743 0.05760837 17.35266
22 1057.402 0.05745357 18.56644
23 1130.433 0.05733963 19.84876
24 1209.021 0.0572305 21.22865
25 1294.291 0.05712428 22.72588
26 1386.599 0.05701901 24.34666
27 1485.833 0.05693436 26.08907
28 1592.16 0.05685871 27.95601
29 1705.124 0.05680473 29.9395
30 1823.653 0.05676958 32.0207
31 1947.181 0.05676046 34.18967
32 2088.544 0.05668899 36.6718
33 2237.765 0.05657256 39.2919
34 2396.852 0.05638999 42.08524
35 2561.756 0.05626301 44.98071
36 2731.536 0.05623332 47.9618
37 2896.19 0.05635885 50.85288
38 3061.624 0.05662351 53.75767
39 3237.265 0.05670422 56.84167
40 3426.596 0.05672201 60.16604
41 3622.188 0.05657364 63.60035
42 3817.554 0.05651394 67.0307
43 4023.564 0.05634581 70.64793
44 4240.066 0.05612075 74.4494
45 4463.968 0.05570709 78.38079
46 4589.755 0.05462998 80.58943
47 4757.079 0.05480981 83.52739
48 4843.605 0.05514767 85.04666
49 5035.289 0.05539445 88.41235
50 5198.058 0.05611255 91.27033
51 5408.596 0.05683452 94.96708
52 5643.879 0.05789916 99.09831
53 5877.26 0.05961107 103.1961
54 6118.071 0.06167288 107.4244
Central_Am
1 47.34148 0.09728022 0.4004081
2 57.82163 0.09416914 0.4890479
3 67.13984 0.09230692 0.5678601
4 75.87904 0.0911765 0.6417751
5 83.97137 0.09058446 0.710219
6 91.31184 0.09029952 0.7723037
7 98.11972 0.09017534 0.8298839
8 104.4172 0.09016496 0.883147
9 110.2367 0.09023393 0.9323675
10 115.4966 0.09044501 0.9768555
11 120.3201 0.09069947 1.017651
12 127.733 0.09051151 1.080349
13 136.9616 0.09012235 1.158403
14 147.6542 0.08971435 1.248841
15 159.6858 0.08929573 1.350602
16 173.0167 0.08889631 1.463353
17 187.1727 0.0886078 1.583083
18 202.0865 0.08837885 1.709221
19 217.6002 0.08820729 1.840434
20 233.4422 0.08812802 1.974424
21 249.815 0.08807853 2.112903
22 267.3786 0.08801451 2.261454
23 285.741 0.08798636 2.41676
24 305.6354 0.08794195 2.585024
25 327.3114 0.08791159 2.768357
26 351.0701 0.08787329 2.969305
27 376.7168 0.08786783 3.186222
28 404.5656 0.08787213 3.421764
29 434.3828 0.08791615 3.673954
30 466.0325 0.08798604 3.941642
31 499.2495 0.08810378 4.222588
32 536.6364 0.08814446 4.538802
33 576.6965 0.08812491 4.877624
34 620.4383 0.08809668 5.247587
35 666.5413 0.08806651 5.63752
36 715.0095 0.08818245 6.047458
37 762.385 0.08837847 6.448154
38 809.3153 0.08876998 6.845084
39 862.3071 0.08903527 7.293282
40 921.6876 0.08927748 7.795515
41 986.5471 0.0894373 8.344088
42 1051.513 0.08966414 8.893559
43 1124.486 0.08989933 9.510759
44 1205.162 0.0901157 10.19311
45 1296.222 0.09034123 10.96328
46 1382.03 0.09071988 11.68903
47 1452.927 0.09142288 12.28867
48 1508.523 0.09241391 12.75889
49 1592.816 0.0934115 13.47183
50 1662.108 0.09460821 14.0579
51 1753.381 0.09586297 14.82987
52 1856.366 0.09767731 15.70091
53 1948.732 0.1002631 16.48212
54 2047.09 0.1032262 17.31402

Feeding stock abundance: Estimate SD_log Estimate/K
RUS+WAL
1 121.7333 0.121739 4.038291
2 154.4618 0.1171698 5.124
3 176.2499 0.1177701 5.846782
4 199.9333 0.1163282 6.632437
5 222.1886 0.1152233 7.370718
6 243.1852 0.1143011 8.067244
7 262.9145 0.1135308 8.721728
8 281.4459 0.1128731 9.336476
9 298.8357 0.1123031 9.913354
10 315.1411 0.1118047 10.45426
11 330.3298 0.1113916 10.95811
12 352.5795 0.1104648 11.69621
13 379.8708 0.1093125 12.60155
14 411.39 0.1080307 13.64715
15 446.5411 0.1066588 14.81322
16 484.6184 0.1052513 16.07637
17 525.1251 0.1038161 17.42011
18 567.4421 0.1023827 18.8239
19 611.0884 0.100963 20.27179
20 655.6213 0.0995674 21.74909
21 700.5651 0.09821688 23.24002
22 747.4336 0.09684832 24.79481
23 797.0057 0.09546772 26.43927
24 849.8546 0.09408481 28.19244
25 906.3018 0.09272217 30.06498
26 966.4441 0.0914138 32.06009
27 1030.182 0.09020355 34.17448
28 1097.157 0.08914891 36.39627
29 1166.968 0.08830742 38.71214
30 1239.099 0.08773938 41.10496
31 1312.874 0.08750925 43.55232
32 1389.636 0.08757236 46.09873
33 1467.712 0.08786806 48.68879
34 1546.897 0.08847507 51.31561
35 1626.52 0.08938261 53.95697
36 1706.045 0.09112859 56.59507
37 1786.604 0.0943452 59.26748
38 1866.182 0.09851472 61.90733
39 1945.027 0.1030752 64.52287
40 2022.552 0.108044 67.09463
41 2098.272 0.1133352 69.60651
42 2172.307 0.1189493 72.06248
43 2243.602 0.1247955 74.42757
44 2301.721 0.1312711 76.35558
45 2381.785 0.1365882 79.01155
46 2395.817 0.1451967 79.47705
47 2462.021 0.1504442 81.67326
48 2523.029 0.1557791 83.69707
49 2575.716 0.1613168 85.44487
50 2635.481 0.1662514 87.42748
51 2671.138 0.1723431 88.61035
52 2704.356 0.1782357 89.71229
53 2735.47 0.1839347 90.74444
54 2762.235 0.1892979 91.63231
EAL+BER
1 309.8218 0.09289222 3.110307
2 393.785 0.08875918 3.953215
3 461.0942 0.08680614 4.628933
4 524.8606 0.08554685 5.269085
5 585.3315 0.0846765 5.876153
6 642.7161 0.08403937 6.452239
7 697.1625 0.08355259 6.998827
8 748.847 0.08316683 7.517689
9 797.8857 0.08285268 8.009989
10 844.2107 0.0826104 8.475047
11 888.1233 0.08240701 8.915886
12 951.7483 0.08190799 9.554619
13 1029.684 0.08130629 10.33701
14 1120.081 0.08068694 11.24451
15 1221.234 0.08009931 12.25999
16 1331.56 0.07956377 13.36755
17 1449.58 0.07908185 14.55236
18 1573.867 0.07864672 15.80008
19 1703.063 0.07825238 17.09708
20 1836.259 0.07787534 18.43424
21 1972.082 0.07752043 19.79776
22 2114.845 0.07716418 21.23097
23 2267.038 0.07680736 22.75884
24 2430.584 0.07644672 24.40067
25 2606.517 0.07608671 26.16687
26 2795.436 0.07572526 28.06343
27 2997.272 0.0753625 30.08967
28 3211.41 0.07499771 32.2394
29 3435.064 0.07466873 34.48467
30 3668.994 0.07432424 36.8331
31 3912.517 0.07394772 39.27783
32 4199.738 0.07361125 42.16125
33 4496.336 0.07318136 45.1388
34 4804.168 0.07262457 48.22913
35 5115.166 0.07197994 51.35125
36 5427.024 0.07139155 54.482
37 5726.858 0.0719778 57.49203
38 6020.498 0.07277656 60.43989
39 6304.754 0.07345242 63.29354
40 6589.963 0.07406585 66.15676
41 6856.274 0.07455165 68.83026
42 7128.989 0.07499551 71.56805
43 7392.249 0.07535546 74.21093
44 7648.379 0.0757797 76.78222
45 7888.373 0.07604757 79.19152
46 8090.854 0.07627527 81.22423
47 8253.291 0.07618966 82.85493
48 8382.264 0.07602331 84.14971
49 8476.438 0.07571719 85.09512
50 8575.269 0.07586839 86.08728
51 8707.664 0.07643579 87.4164
52 8865.191 0.07746174 88.99781
53 9063.63 0.07894356 90.98995
54 9234.488 0.0805454 92.70519
GOA
1 127.2273 0.08486819 2.897099
2 162.5392 0.07928507 3.701186
3 190.7245 0.07661038 4.342995
4 217.5178 0.07484141 4.953107
5 243.0084 0.07359356 5.533554
6 267.1707 0.07269558 6.083756
7 290.1564 0.0720076 6.607163
8 312.0282 0.07146426 7.105207
9 332.8361 0.07102442 7.579025
10 352.6317 0.07066099 8.02979
11 371.4638 0.07035555 8.458618
12 398.5117 0.06966891 9.074526
13 431.5154 0.06885167 9.826055
14 469.8147 0.06800963 10.69817
15 512.6064 0.06723101 11.67258
16 559.3286 0.06653636 12.73649
17 609.1628 0.06595573 13.87127
18 661.7137 0.06545905 15.06791
19 716.3529 0.06504317 16.3121
20 772.6791 0.0646845 17.59471
21 830.2371 0.06437082 18.90536
22 890.7267 0.06407716 20.28277
23 955.3575 0.06378748 21.75449
24 1024.821 0.06350784 23.33624
25 1099.715 0.06323487 25.04166
26 1180.279 0.06297244 26.87618
27 1266.41 0.06272813 28.83749
28 1357.786 0.0625065 30.91821
29 1454.106 0.06230119 33.11151
30 1554.908 0.06210638 35.40688
31 1659.404 0.06192516 37.78636
32 1771.164 0.06111984 40.33126
33 1885.709 0.06022096 42.93956
34 2002.789 0.05935217 45.60559
35 2116.314 0.05883707 48.19067
36 2232.852 0.05876269 50.84438
37 2358.477 0.05954164 53.70498
38 2482.895 0.06089352 56.53811
39 2609.906 0.06196229 59.43028
40 2734.95 0.06299247 62.27765
41 2861.645 0.06383456 65.16264
42 2985.432 0.06467552 67.9814
43 3100.485 0.0656108 70.60128
44 3211.82 0.066583 73.13648
45 3307.702 0.0676201 75.31982
46 3394.765 0.06867579 77.30234
47 3480.985 0.06955766 79.26566
48 3561.266 0.07042855 81.09373
49 3636.924 0.07120901 82.81656
50 3711.792 0.07197353 84.52137
51 3795.867 0.07266911 86.43585
52 3871.008 0.07373649 88.14689
53 3959.798 0.07485829 90.16872
54 4029.827 0.07630363 91.76335
SEA+NBC
1 451.5057 0.07203215 2.648367
2 573.5884 0.06539944 3.36446
3 669.6301 0.0622337 3.927806
4 760.1297 0.06018373 4.458643
5 845.4716 0.05878896 4.959227
6 925.9942 0.05780746 5.431544
7 1001.96 0.05710243 5.877131
8 1073.519 0.05659607 6.296869
9 1140.98 0.05622946 6.692572
10 1204.553 0.05596724 7.065467
11 1264.333 0.0557895 7.416117
12 1352.25 0.05502622 7.931804
13 1460.243 0.05403116 8.56525
14 1585.897 0.05297451 9.302293
15 1726.625 0.05197707 10.12775
16 1880.999 0.05107679 11.03325
17 2045.509 0.05033617 11.99821
18 2217.078 0.04977451 13.00457
19 2397.528 0.04929539 14.06302
20 2586.264 0.04887108 15.17008
21 2778.248 0.04855734 16.29619
22 2980.147 0.04828817 17.48046
23 3195.014 0.04805826 18.74078
24 3429.906 0.04780442 20.11858
25 3681.968 0.04760471 21.59708
26 3954.353 0.0474381 23.19479
27 4243.929 0.0473514 24.89333
28 4553.517 0.0473084 26.70927
29 4880.099 0.04733076 28.62488
30 5221.356 0.04742106 30.62657
31 5581.178 0.04752272 32.73715
32 6030.256 0.04733575 35.37128
33 6518.885 0.0470467 38.2374
34 7024.862 0.04663288 41.20527
35 7544.61 0.04598881 44.25392
36 8079.975 0.045656 47.39418
37 8594.763 0.04619855 50.41374
38 9145.417 0.04702811 53.64368
39 9676.424 0.04767911 56.75837
40 10279.2 0.04805383 60.29406
41 10758.09 0.04898279 63.10302
42 11290.52 0.0495401 66.22608
43 11742.16 0.0492883 68.87523
44 12043 0.05321889 70.63986
45 11973.17 0.06361967 70.23021
46 9175.053 0.0553871 53.81751
47 9109.375 0.05534892 53.43227
48 7467.724 0.059766 43.80294
49 7630.975 0.05989956 44.76051
50 7860.863 0.05324964 46.10895
51 8157.752 0.0496089 47.85039
52 8585.956 0.05311322 50.36208
53 9108.934 0.05475821 53.42968
54 9576.678 0.0564038 56.1733
SBC+WA
1 49.17432 0.1111546 2.052207
2 62.7912 0.1069617 2.620484
3 73.60029 0.1050526 3.071583
4 83.86664 0.1038024 3.500032
5 93.6247 0.1029216 3.907268
6 102.9035 0.1022659 4.294504
7 111.6268 0.1018475 4.658556
8 119.917 0.1015223 5.004531
9 127.7819 0.1012686 5.332762
10 135.2489 0.1010624 5.644383
11 142.3372 0.1008917 5.940201
12 152.5683 0.1004496 6.36718
13 165.146 0.09987249 6.892089
14 179.7996 0.09924228 7.50363
15 196.1658 0.09866395 8.186646
16 214.0965 0.09811317 8.934954
17 233.3746 0.0975949 9.739493
18 253.6849 0.09714593 10.58711
19 274.9275 0.09672204 11.47363
20 296.8252 0.09634621 12.38749
21 319.2126 0.09600801 13.32179
22 342.9093 0.09564589 14.31074
23 368.2919 0.09527528 15.37004
24 395.701 0.09489165 16.51391
25 425.3883 0.09449029 17.75286
26 457.4957 0.09407127 19.09281
27 492.0932 0.09363177 20.53668
28 529.5501 0.09310096 22.09988
29 569.2174 0.09258424 23.75532
30 610.7278 0.0921057 25.48769
31 654.5646 0.09155746 27.31714
32 700.1095 0.09061943 29.21788
33 748.2085 0.08961104 31.22521
34 798.7067 0.08856371 33.33267
35 851.4214 0.08746965 35.53263
36 902.9019 0.08665863 37.68108
37 958.5814 0.08604616 40.00477
38 1021.842 0.08490977 42.64485
39 1074.584 0.08482802 44.84596
40 1141.504 0.0838476 47.63874
41 1202.505 0.08347429 50.1845
42 1261.143 0.08345458 52.63168
43 1331.723 0.08279622 55.5772
44 1402.312 0.08230302 58.52313
45 1464.876 0.08235585 61.1341
46 1525.156 0.08265651 63.64979
47 1585.85 0.08295034 66.18278
48 1641.266 0.08357538 68.49547
49 1676.755 0.08529215 69.97651
50 1734.386 0.08608433 72.38166
51 1776.432 0.08782581 74.13639
52 1829.677 0.08924201 76.35848
53 1887.558 0.09075436 78.77404
54 1929.864 0.09309066 80.53961
OR+CA
1 134.3109 0.0663606 0.9581434
2 170.1103 0.05907707 1.213528
3 197.7181 0.05561553 1.410476
4 223.4911 0.05334335 1.594335
5 246.8946 0.05192187 1.76129
6 268.5566 0.05096097 1.915822
7 288.5678 0.05031629 2.058577
8 307.058 0.04989592 2.190482
9 323.9655 0.04966096 2.311096
10 339.4471 0.04955915 2.421538
11 353.3681 0.04959272 2.520848
12 375.0431 0.04884284 2.675472
13 401.9889 0.04775291 2.867698
14 433.5429 0.0465151 3.092797
15 469.4854 0.04522412 3.349202
16 508.6046 0.04403064 3.62827
17 550.4305 0.04296519 3.926646
18 594.4145 0.04203973 4.240418
19 639.9528 0.04126109 4.565278
20 687.3671 0.04056889 4.903521
21 736.4779 0.03994672 5.253866
22 786.9312 0.03941696 5.613788
23 840.9806 0.03888707 5.999364
24 899.8246 0.03833916 6.419145
25 964.3495 0.03777787 6.87945
26 1034.378 0.03724814 7.379017
27 1110.797 0.03674811 7.924173
28 1193.155 0.03631314 8.511699
29 1281.104 0.03596465 9.139105
30 1374.175 0.03571384 9.803053
31 1475.518 0.03547744 10.52601
32 1586.46 0.03558917 11.31745
33 1706.997 0.03553125 12.17733
34 1837.217 0.03536674 13.10629
35 1976.933 0.03514517 14.10299
36 2119.215 0.03500664 15.118
37 2261.03 0.03528393 16.12968
38 2406.386 0.03568651 17.16661
39 2575.464 0.03564671 18.37277
40 2756.555 0.03563339 19.66464
41 2939.221 0.03555068 20.96774
42 3149.929 0.03538731 22.47087
43 3376.728 0.03516248 24.08881
44 3630.005 0.03475049 25.89563
45 3870.721 0.03465017 27.61285
46 4076.056 0.03503487 29.07766
47 4246.032 0.03618562 30.29023
48 4503.684 0.03709663 32.12826
49 4714.585 0.03890045 33.63278
50 4982.872 0.04076784 35.54668
51 5283.337 0.04295996 37.69012
52 5580.255 0.04612535 39.80827
53 5880.242 0.05050745 41.94831
54 6180.669 0.05562715 44.09149

Parameters: Estimate  Std. Error      z value    Pr(>|z^2|)
rval 0.09115705 0.00224683 40.5713191 0
logK 7.58596339 0.44097987 17.20251646 0
logK 10.27558011 0.09666226 106.30394585 0
logK 7.75163593 0.48400054 16.01575889 0
logK 8.64738472 0.61322978 14.1013777 0
logK 9.37782802 0.36749364 25.51834075 0
logBK 3.06917681 0.52176826 5.88226045 0
logBK 3.65891742 0.0887317 41.23574115 0
logBK 2.85278991 0.51970177 5.48928263 4e-08
logBK 3.48584599 0.63904519 5.45477225 5e-08
logBK 5.5654106 0.37600818 14.80130211 0
MixPars -1.82287604 0.29717558 -6.13400342 0
MixPars -2.99913404 0.2206436 -13.59266273 0
MixPars -0.84618912 0.12259878 -6.90210054 0
MixPars -1.49070155 0.08751099 -17.03445046 0
MixPars -2.63759186 0.12444813 -21.19430771 0
MixPars -1.62005182 0.25026995 -6.47321739 0
MixPars -1.04797385 0.18501302 -5.664325 1e-08
MixPars -1.76699184 0.28667577 -6.1637294 0
MixPars -3.14795849 0.28862675 -10.90667625 0
MixPars -1.93237116 0.24829939 -7.78242425 0
MixPars -1.71322608 0.38089225 -4.49792847 6.86e-06
MixPars -1.63575902 0.3426414 -4.77396779 1.81e-06
MixPars -1.07091738 0.40939067 -2.61588126 0.00889975
MixPars -1.29569298 0.25188694 -5.14394656 2.7e-07
MixPars 0.65130991 0.19955732 3.26377352 0.00109939
MixPars -2.65556063 0.24611005 -10.79013499 0
AddV 0.17336945 0.06023916 2.87801881 0.00400181
AddV 0.02006518 0.00635348 3.15813966 0.00158779
AddV 0.10519932 0.06399423 1.64388764 0.10019941
SFdev -0.02279847 0.29537684 -0.07718435 0.93847689
SFdev -0.02487688 0.29784245 -0.08352361 0.93343521
SFdev -0.02463259 0.29496727 -0.08350957 0.93344637
SFdev -0.01907618 0.29608619 -0.06442779 0.94862961
SFdev -0.00971481 0.2970092 -0.03270877 0.97390683
SFdev -0.01673348 0.29639953 -0.05645581 0.95497869
SFdev -0.00633906 0.2976295 -0.0212985 0.98300754
SFdev -0.00241314 0.29835996 -0.00808802 0.99354676
SFdev 0.00023266 0.29985271 0.00077592 0.9993809
SFdev 0.0033403 0.29883427 0.01117776 0.99108162
SFdev -0.00057645 0.29839228 -0.00193184 0.99845862
SFdev 0.00050399 0.29875359 0.00168697 0.998654
SFdev 0.00348575 0.29964066 0.01163311 0.99071833
SFdev 0.00452011 0.29904261 0.01511526 0.98794023
SFdev 0.00709645 0.29941598 0.02370098 0.98109113
SFdev 0.01886326 0.306103 0.0616239 0.95086234
SFdev 0.02630733 0.30246829 0.0869755 0.93069099
SFdev 0.03195159 0.30306364 0.10542866 0.91603567
SFdev 0.0286985 0.30219076 0.09496815 0.92434012
SFdev 0.02056152 0.30137407 0.06822592 0.94560579
SFdev 0.01464151 0.30229048 0.04843524 0.96136937
SFdev 0.00141958 0.30046739 0.00472457 0.99623035
SFdev 0.00197891 0.30196744 0.00655339 0.99477119
SFdev 0.00156801 0.30080297 0.00521274 0.99584085
SFdev -0.18947328 0.27667681 -0.68481808 0.49345872
SFdev -0.19680042 0.27549207 -0.71435967 0.47500481
SFdev -0.20502976 0.27401757 -0.74823582 0.45431793
SFdev -0.18304906 0.27583916 -0.66360796 0.50694126
SFdev -0.15844315 0.27927938 -0.56732847 0.57049104
SFdev -0.08722737 0.28708053 -0.30384288 0.7612476
SFdev -0.04464754 0.29381632 -0.15195733 0.87922059
SFdev -0.00568621 0.29974231 -0.01897033 0.98486478
SFdev -0.00805578 0.30023111 -0.02683193 0.97859379
SFdev 0.03072278 0.30329346 0.10129721 0.91931453
SFdev 0.01351829 0.3014051 0.04485091 0.96422615
SFdev 0.02266897 0.30400509 0.07456774 0.94055864
SFdev 0.02766207 0.30598725 0.0904027 0.92796721
SFdev 0.05044938 0.3065224 0.16458627 0.86926964
SFdev 0.08080234 0.31095039 0.25985605 0.79497482
SFdev 0.17068325 0.32525403 0.52476904 0.59974375
SFdev 0.22711359 0.33344046 0.68112187 0.49579438
SFdev 0.29330682 0.34463896 0.85105533 0.39473862
SFdev 0.27950711 0.34058833 0.82065969 0.41184014
SFdev 0.2018018 0.32657724 0.61792978 0.53662163
SFdev 0.13033952 0.31501489 0.41375669 0.67905231
SFdev -0.00087443 0.29830421 -0.00293134 0.99766113
SFdev 0.003365 0.29985323 0.01122216 0.9910462
SFdev -0.0045026 0.29865051 -0.01507648 0.98797116
SFdev -0.04742032 0.29190071 -0.1624536 0.87094867
SFdev -0.03936528 0.29281299 -0.13443831 0.89305599
SFdev -0.03132809 0.2938151 -0.1066252 0.91508633
SFdev 0.03055841 0.30079806 0.1015911 0.91908124
SFdev 0.02842156 0.30082423 0.09447895 0.9247287
SFdev -0.02946526 0.29538147 -0.09975325 0.92054022
SFdev -0.04134611 0.29745154 -0.13900118 0.88944922
SFdev -0.0243698 0.29651535 -0.08218732 0.93449775
SFdev -0.00381563 0.30121753 -0.01266735 0.98989319
SFdev 0.01037816 0.30112605 0.03446451 0.97250674
SFdev -0.00030913 0.30150202 -0.00102531 0.99918192
SFdev 0.01363452 0.30184369 0.0451708 0.96397117
SFdev 0.05090192 0.30882457 0.1648247 0.86908196
SFdev 0.07288438 0.31012368 0.23501714 0.81419543
SFdev 0.11121811 0.3153884 0.35263856 0.72435942
SFdev 0.14114704 0.32030747 0.44066109 0.65945837
SFdev 0.16819204 0.32545239 0.51679459 0.60529956
SFdev 0.16349836 0.32163509 0.50833495 0.61121846
SFdev 0.13747309 0.31727098 0.43329865 0.66479782
SFdev 0.0958816 0.3121207 0.30719397 0.75869573
SFdev 0.07300284 0.30840808 0.23670858 0.81288288
SFdev -0.00010381 0.29858725 -0.00034768 0.99972259
SFdev 0.00258196 0.29952915 0.00862007 0.99312226
SFdev -0.00129973 0.29922436 -0.00434367 0.99653426
SFdev -0.29001596 0.25782872 -1.1248396 0.26065701
SFdev -0.35593187 0.258086 -1.37912119 0.16785739
SFdev -0.35872525 0.25637881 -1.39920008 0.16175299
SFdev -0.34257134 0.2562056 -1.33709545 0.18119148
SFdev -0.33118221 0.25292242 -1.30942209 0.19039141
SFdev -0.2118607 0.26196806 -0.80872723 0.41867206
SFdev -0.25460977 0.26020118 -0.9785112 0.32782156
SFdev -0.1733382 0.26569875 -0.65238621 0.51415206
SFdev -0.34092526 0.25927551 -1.31491499 0.18853847
SFdev -0.07895841 0.27186035 -0.2904374 0.77148163
SFdev -0.14209682 0.27404894 -0.51850893 0.60410323
SFdev 0.0380991 0.27383715 0.13913051 0.88934702
SFdev 0.23350595 0.33628504 0.69436914 0.48745074
SFdev 0.65228164 0.4339893 1.50299015 0.13284158
SFdev 2.27372523 0.18668286 12.1796146 0
SFdev 0.95553573 0.32400291 2.94915781 0.00318641
SFdev 2.11055708 0.19323043 10.92248796 0
SFdev 0.76217734 0.37613768 2.02632538 0.04273145
SFdev 0.65383749 0.35561889 1.83859041 0.06597545
SFdev 0.52321306 0.28849189 1.81361443 0.06973711
SFdev 0.24113235 0.32722475 0.73690131 0.46118237
SFdev 0.01857547 0.29891469 0.06214305 0.95044891
SFdev 0.02063673 0.29869959 0.06908859 0.94491911
SFdev 0.01189713 0.29839365 0.03987059 0.9681963
SFdev 0.00570585 0.29876638 0.01909803 0.98476291
SFdev -0.01037342 0.29726918 -0.03489573 0.97216289
SFdev -0.02406939 0.2961862 -0.08126439 0.93523169
SFdev -0.02695432 0.29503459 -0.09135985 0.92720666
SFdev -0.02139126 0.2956342 -0.07235719 0.94231765
SFdev -0.04915273 0.2920295 -0.16831425 0.86633606
SFdev -0.04780489 0.29379122 -0.16271721 0.87074109
SFdev -0.04039 0.2934901 -0.13761964 0.89054103
SFdev -0.03689646 0.29600738 -0.12464711 0.90080293
SFdev -0.02731866 0.29480987 -0.09266534 0.92616944
SFdev -0.03222044 0.2992523 -0.10766982 0.91425761
SFdev -0.02765685 0.2948173 -0.09381015 0.92525997
SFdev -0.01934147 0.29606011 -0.06532954 0.94791162
SFdev -0.00867601 0.29678655 -0.02923316 0.97667863
SFdev -0.00077793 0.29775156 -0.00261269 0.99791538
SFdev 0.0182742 0.30057274 0.06079792 0.95152014
SFdev 0.02779089 0.30262442 0.09183292 0.92683079
SFdev 0.03168211 0.30173605 0.10499941 0.91637628
SFdev 0.02573395 0.3052482 0.084305 0.93281394
SFdev 0.0144918 0.30267539 0.047879 0.96181267
SFdev 0.00337827 0.29844706 0.0113195 0.99096854
SFdev -0.01370267 0.29735395 -0.04608203 0.96324487
SFdev -0.00629208 0.29869553 -0.02106519 0.98319365
SFdev 0.00064595 0.30039656 0.00215032 0.9982843
SFdev -0.0571951 0.28624029 -0.19981497 0.84162529
SFdev -0.08130931 0.28493579 -0.2853601 0.77536828
SFdev -0.11809622 0.28121652 -0.41994766 0.67452369
SFdev -0.11732601 0.28115316 -0.41730285 0.6764569
SFdev -0.0840636 0.28396977 -0.29603011 0.76720709
SFdev 0.00625364 0.29326464 0.02132421 0.98298703
SFdev 0.08820494 0.30321309 0.29090081 0.77112718
SFdev 0.05644564 0.29826933 0.18924385 0.8499017
SFdev 0.04297139 0.29817221 0.14411603 0.88540885
SFdev 0.0164488 0.29519375 0.05572204 0.95556324
SFdev -0.00839662 0.29370283 -0.02858884 0.97719251
SFdev -0.0133938 0.29113657 -0.04600522 0.96330609
SFdev -0.05513219 0.28584231 -0.19287625 0.84705588
SFdev -0.13191942 0.2782403 -0.47412047 0.635414
SFdev -0.19424714 0.27395967 -0.70903552 0.47830244
SFdev -0.19067664 0.27634525 -0.68999427 0.49019779
SFdev -0.12484939 0.28051977 -0.44506451 0.65627314
SFdev -0.08407494 0.28391622 -0.29612588 0.76713395
SFdev -0.05883172 0.28478908 -0.20657998 0.8363379
SFdev -0.05490487 0.2864949 -0.19164344 0.84802151
SFdev -0.08445852 0.28348905 -0.29792515 0.7657603
SFdev -0.01766533 0.29405005 -0.06007593 0.95209516
SFdev -0.00915551 0.2982342 -0.03069907 0.97550953
SFdev -0.00099284 0.29895283 -0.00332106 0.99735018
log_SFsigma -1.1633163 0.06685627 -17.40025743 0
omega_sst 0.01168016 0.28439377 0.04107039 0.96723978
omega_sst 0.05846755 0.1695942 0.34474974 0.73028252
omega_sst 0.01961564 0.23528559 0.08336948 0.93355775
omega_sst 0.12919947 0.29086109 0.44419648 0.65690054
omega_sst 0.01023068 0.28133011 0.03636541 0.97099099
omega_sst -0.00874519 0.29681583 -0.02946335 0.97649505
omega_mld 0.00856447 0.55527808 0.01542374 0.98769412
omega_mld 0.01855195 0.12174253 0.15238679 0.87888188
omega_mld -0.00970539 0.25318633 -0.03833299 0.96942218
omega_mld -0.19649531 0.35565309 -0.55249151 0.58061165
omega_mld -0.014097 0.7959422 -0.01771108 0.98586934
omega_mld 0.00513026 0.29169094 0.017588 0.98596753

Mixing matrix
0.86091087 0.13908913 0 0 0 0 ,# Asia
0.02806347 0.24163146 0.1268368 0.56318198 0.04028628 0 ,# Hawaii
0.10376264 0.52434914 0.18386171 0.08958303 0.02251539 0.07592808 ,# MX_AR
0.04611365 0.25578447 0.04982795 0.0876558 0.07001029 0.49060783 ,# MX_ML
0 0 0 0 0.06564711 0.93435289 ,# Central_Am

Split of breeding stock to feeding grounds over time
Split for: Asia
Year RUS+WAL EAL+BER GOA SEA+NBC SBC+WA OR+CA
1970 0.86195 0.13805 0 0 0 0
1971 0.86225 0.13775 0 0 0 0
1972 0.85965 0.14035 0 0 0 0
1973 0.85972 0.14028 0 0 0 0
1974 0.85978 0.14022 0 0 0 0
1975 0.85983 0.14017 0 0 0 0
1976 0.85987 0.14013 0 0 0 0
1977 0.8599 0.1401 0 0 0 0
1978 0.85993 0.14007 0 0 0 0
1979 0.85999 0.14001 0 0 0 0
1980 0.86004 0.13996 0 0 0 0
1981 0.86005 0.13995 0 0 0 0
1982 0.86002 0.13998 0 0 0 0
1983 0.85997 0.14003 0 0 0 0
1984 0.8599 0.1401 0 0 0 0
1985 0.85981 0.14019 0 0 0 0
1986 0.8597 0.1403 0 0 0 0
1987 0.85957 0.14043 0 0 0 0
1988 0.85944 0.14056 0 0 0 0
1989 0.85929 0.14071 0 0 0 0
1990 0.85914 0.14086 0 0 0 0
1991 0.85897 0.14103 0 0 0 0
1992 0.8588 0.1412 0 0 0 0
1993 0.8586 0.1414 0 0 0 0
1994 0.8584 0.1416 0 0 0 0
1995 0.85817 0.14183 0 0 0 0
1996 0.85793 0.14207 0 0 0 0
1997 0.85767 0.14233 0 0 0 0
1998 0.85747 0.14253 0 0 0 0
1999 0.85723 0.14277 0 0 0 0
2000 0.85694 0.14306 0 0 0 0
2001 0.85571 0.14429 0 0 0 0
2002 0.85455 0.14545 0 0 0 0
2003 0.85337 0.14663 0 0 0 0
2004 0.85233 0.14767 0 0 0 0
2005 0.85143 0.14857 0 0 0 0
2006 0.85103 0.14897 0 0 0 0
2007 0.8508 0.1492 0 0 0 0
2008 0.8508 0.1492 0 0 0 0
2009 0.85076 0.14924 0 0 0 0
2010 0.85104 0.14896 0 0 0 0
2011 0.85115 0.14885 0 0 0 0
2012 0.85133 0.14867 0 0 0 0
2013 0.85147 0.14853 0 0 0 0
2014 0.85185 0.14815 0 0 0 0
2015 0.8524 0.1476 0 0 0 0
2016 0.8538 0.1462 0 0 0 0
2017 0.85537 0.14463 0 0 0 0
2018 0.85714 0.14286 0 0 0 0
2019 0.85866 0.14134 0 0 0 0
2020 0.85939 0.14061 0 0 0 0
2021 0.85974 0.14026 0 0 0 0
2022 0.85954 0.14046 0 0 0 0
2023 0.8596 0.1404 0 0 0 0
2024 0.85981 0.14019 0 0 0 0
Split for: Hawaii
Year RUS+WAL EAL+BER GOA SEA+NBC SBC+WA OR+CA
1970 0.02845 0.24283 0.12552 0.56244 0.04076 0
1971 0.02852 0.24282 0.12607 0.56163 0.04097 0
1972 0.02798 0.24343 0.12657 0.56089 0.04114 0
1973 0.02804 0.24386 0.12695 0.55987 0.04127 0
1974 0.0281 0.24427 0.12731 0.55892 0.0414 0
1975 0.02816 0.24467 0.12761 0.55802 0.04153 0
1976 0.02822 0.24508 0.1279 0.55718 0.04162 0
1977 0.02827 0.24549 0.1282 0.55633 0.04171 0
1978 0.02833 0.2459 0.12848 0.55549 0.0418 0
1979 0.02838 0.24626 0.12877 0.55469 0.0419 0
1980 0.02844 0.24663 0.12906 0.55388 0.04199 0
1981 0.02848 0.24697 0.1293 0.55317 0.04208 0
1982 0.02851 0.2473 0.12952 0.5525 0.04217 0
1983 0.02853 0.24759 0.12971 0.55189 0.04227 0
1984 0.02855 0.24787 0.12988 0.55135 0.04236 0
1985 0.02855 0.24806 0.13 0.55094 0.04245 0
1986 0.02855 0.24828 0.13011 0.55051 0.04256 0
1987 0.02855 0.24859 0.13027 0.54991 0.04268 0
1988 0.02854 0.24875 0.13035 0.54958 0.04278 0
1989 0.0285 0.24876 0.13034 0.54954 0.04285 0
1990 0.02847 0.2488 0.13036 0.54944 0.04293 0
1991 0.02844 0.24883 0.13037 0.54934 0.04302 0
1992 0.0284 0.24887 0.13041 0.5492 0.04312 0
1993 0.02834 0.24876 0.13035 0.54934 0.04321 0
1994 0.02829 0.24867 0.13033 0.54941 0.04331 0
1995 0.02822 0.24853 0.13029 0.54955 0.04341 0
1996 0.02815 0.24844 0.13028 0.54959 0.04355 0
1997 0.02807 0.24828 0.13022 0.54971 0.04372 0
1998 0.028 0.24802 0.13018 0.5499 0.0439 0
1999 0.02792 0.2478 0.13016 0.55006 0.04406 0
2000 0.02782 0.2475 0.13004 0.5504 0.04424 0
2001 0.02748 0.24698 0.12898 0.55256 0.044 0
2002 0.02712 0.246 0.1277 0.55544 0.04375 0
2003 0.02677 0.24517 0.12645 0.55803 0.04357 0
2004 0.02646 0.24434 0.12502 0.56069 0.04348 0
2005 0.02617 0.24337 0.12377 0.56339 0.0433 0
2006 0.02597 0.24228 0.12328 0.5651 0.04337 0
2007 0.02574 0.24053 0.12251 0.56755 0.04367 0
2008 0.02558 0.23906 0.12216 0.56962 0.04358 0
2009 0.02532 0.23671 0.12121 0.5729 0.04386 0
2010 0.02527 0.23569 0.12132 0.5735 0.04423 0
2011 0.02514 0.23433 0.12096 0.57521 0.04436 0
2012 0.02512 0.23378 0.12081 0.57522 0.04507 0
2013 0.02526 0.23486 0.12142 0.57238 0.04607 0
2014 0.02586 0.23971 0.12373 0.56302 0.04765 3e-05
2015 0.03029 0.27952 0.14414 0.4897 0.05635 0
2016 0.03098 0.28268 0.14647 0.48178 0.0581 0
2017 0.03449 0.31083 0.16217 0.4274 0.06511 0
2018 0.03475 0.30868 0.16257 0.42867 0.06533 0
2019 0.0348 0.30532 0.16218 0.43161 0.06608 0
2020 0.03464 0.30202 0.16145 0.43595 0.06595 0
2021 0.03421 0.29742 0.15916 0.44352 0.06569 0
2022 0.03358 0.29246 0.1565 0.45228 0.06517 0
2023 0.03314 0.28842 0.15405 0.4599 0.06449 0
2024 0.03273 0.28438 0.15195 0.4665 0.06444 0
Split for: MX_AR
Year RUS+WAL EAL+BER GOA SEA+NBC SBC+WA OR+CA
1970 0.10521 0.52706 0.18199 0.08948 0.02278 0.07348
1971 0.10536 0.52648 0.18259 0.08926 0.02288 0.07343
1972 0.10336 0.52785 0.18333 0.08915 0.02297 0.07334
1973 0.10345 0.52798 0.18361 0.08885 0.02301 0.0731
1974 0.10355 0.52822 0.1839 0.08859 0.02306 0.07267
1975 0.10365 0.52851 0.18413 0.08835 0.0231 0.07226
1976 0.10374 0.52881 0.18436 0.08813 0.02313 0.07183
1977 0.10383 0.52913 0.18458 0.0879 0.02315 0.0714
1978 0.10392 0.52946 0.1848 0.08767 0.02318 0.07096
1979 0.10403 0.52974 0.18504 0.08746 0.02321 0.07052
1980 0.10414 0.53005 0.18528 0.08726 0.02324 0.07003
1981 0.1042 0.53037 0.18549 0.08708 0.02327 0.06959
1982 0.10424 0.53069 0.18566 0.08691 0.02331 0.06919
1983 0.10426 0.53098 0.18582 0.08676 0.02335 0.06883
1984 0.10424 0.53124 0.18594 0.08662 0.02338 0.06858
1985 0.1042 0.53145 0.18606 0.08652 0.02342 0.06835
1986 0.10416 0.53168 0.18612 0.08641 0.02347 0.06815
1987 0.1041 0.53193 0.18621 0.08625 0.02352 0.06799
1988 0.10402 0.53213 0.18627 0.08618 0.02357 0.06784
1989 0.10391 0.53224 0.18629 0.08619 0.02361 0.06775
1990 0.1038 0.53231 0.18631 0.08617 0.02366 0.06776
1991 0.10368 0.53242 0.18635 0.08616 0.02371 0.06768
1992 0.10355 0.53252 0.18639 0.08614 0.02376 0.06764
1993 0.10338 0.53253 0.18641 0.0862 0.02382 0.06766
1994 0.1032 0.53249 0.18643 0.08624 0.02388 0.06775
1995 0.10299 0.53241 0.18645 0.0863 0.02395 0.0679
1996 0.10277 0.5323 0.18646 0.08631 0.02403 0.06813
1997 0.10252 0.53213 0.18644 0.08636 0.02413 0.06842
1998 0.10229 0.5318 0.18647 0.08643 0.02424 0.06878
1999 0.10203 0.5315 0.18649 0.08648 0.02434 0.06916
2000 0.10171 0.53111 0.18641 0.08658 0.02445 0.06973
2001 0.10085 0.53189 0.18555 0.08723 0.0244 0.07008
2002 0.09999 0.53232 0.18459 0.0881 0.02438 0.07061
2003 0.09913 0.53275 0.18355 0.08888 0.02439 0.07131
2004 0.09837 0.53309 0.1822 0.08967 0.02443 0.07224
2005 0.09769 0.53315 0.18112 0.09047 0.02443 0.07314
2006 0.09723 0.53233 0.18094 0.09101 0.02454 0.07395
2007 0.09682 0.53103 0.18067 0.09185 0.02483 0.0748
2008 0.09649 0.52925 0.18066 0.09244 0.02485 0.07632
2009 0.09606 0.52705 0.18028 0.0935 0.02515 0.07795
2010 0.09588 0.52493 0.18049 0.09363 0.02537 0.0797
2011 0.09556 0.52272 0.18025 0.09405 0.02548 0.08194
2012 0.09532 0.52067 0.17973 0.09391 0.02585 0.08452
2013 0.09513 0.51903 0.17925 0.09272 0.02622 0.08766
2014 0.09541 0.51897 0.17893 0.08935 0.02657 0.09078
2015 0.09773 0.52932 0.18234 0.06798 0.02748 0.09515
2016 0.09855 0.52781 0.18269 0.06594 0.02794 0.09707
2017 0.10032 0.53057 0.18492 0.05348 0.02862 0.10209
2018 0.10099 0.52646 0.18522 0.05359 0.0287 0.10504
2019 0.10131 0.5216 0.18508 0.05405 0.02908 0.10888
2020 0.10108 0.51731 0.18473 0.05474 0.02909 0.11305
2021 0.10067 0.5137 0.18363 0.05615 0.02922 0.11662
2022 0.09991 0.51071 0.18256 0.05789 0.02931 0.11962
2023 0.09941 0.50787 0.1812 0.05936 0.02925 0.12291
2024 0.09882 0.50398 0.17989 0.0606 0.02941 0.12729
Split for: MX_ML
Year RUS+WAL EAL+BER GOA SEA+NBC SBC+WA OR+CA
1970 0.0474 0.26065 0.05 0.08877 0.07182 0.48136
1971 0.04749 0.26045 0.05018 0.08857 0.07214 0.48117
1972 0.04661 0.26125 0.05041 0.0885 0.07247 0.48076
1973 0.04672 0.26172 0.05056 0.08835 0.07272 0.47994
1974 0.04689 0.26253 0.05078 0.08832 0.07305 0.47843
1975 0.04705 0.26336 0.05097 0.08831 0.07339 0.47692
1976 0.04722 0.26422 0.05117 0.08832 0.07366 0.4754
1977 0.04739 0.2651 0.05138 0.08833 0.07395 0.47385
1978 0.04757 0.26601 0.05158 0.08836 0.07424 0.47224
1979 0.04775 0.2669 0.05179 0.08839 0.07455 0.47062
1980 0.04795 0.26789 0.05202 0.08846 0.07488 0.46879
1981 0.04811 0.2688 0.05223 0.08852 0.07518 0.46717
1982 0.04825 0.26964 0.05241 0.08857 0.07548 0.46565
1983 0.04837 0.2704 0.05257 0.08862 0.07579 0.46425
1984 0.04844 0.27095 0.05269 0.08861 0.07602 0.46329
1985 0.04849 0.27143 0.05279 0.08864 0.07626 0.46239
1986 0.04852 0.27187 0.05287 0.08863 0.0765 0.4616
1987 0.04854 0.27227 0.05295 0.08856 0.07673 0.46095
1988 0.04855 0.2726 0.05301 0.08855 0.07697 0.46032
1989 0.04852 0.27277 0.05304 0.0886 0.07714 0.45994
1990 0.04846 0.27277 0.05304 0.08857 0.07727 0.4599
1991 0.04842 0.27292 0.05307 0.08859 0.07746 0.45955
1992 0.04836 0.273 0.05309 0.08858 0.07766 0.45931
1993 0.04827 0.27293 0.05308 0.08862 0.07782 0.45929
1994 0.04815 0.27269 0.05304 0.08858 0.07796 0.45958
1995 0.048 0.27234 0.05298 0.08854 0.0781 0.46004
1996 0.04781 0.27182 0.0529 0.08841 0.07822 0.46084
1997 0.04759 0.27115 0.05278 0.08827 0.07838 0.46182
1998 0.04736 0.2703 0.05265 0.08812 0.07854 0.46303
1999 0.04712 0.26941 0.05252 0.08793 0.07865 0.46438
2000 0.04679 0.26817 0.05229 0.08769 0.0787 0.46636
2001 0.04627 0.26787 0.05192 0.08812 0.07835 0.46748
2002 0.0457 0.26704 0.05144 0.08865 0.07797 0.46919
2003 0.04508 0.26594 0.0509 0.089 0.07759 0.47148
2004 0.04445 0.26438 0.0502 0.0892 0.07724 0.47454
2005 0.04387 0.2628 0.0496 0.08945 0.07676 0.47753
2006 0.04342 0.26096 0.04928 0.08949 0.07669 0.48016
2007 0.04296 0.25867 0.04889 0.08974 0.07709 0.48264
2008 0.04242 0.2554 0.04843 0.08948 0.07644 0.48782
2009 0.04177 0.25156 0.0478 0.08952 0.07653 0.49283
2010 0.04125 0.24787 0.04735 0.08868 0.07636 0.49849
2011 0.04056 0.24354 0.04665 0.0879 0.07568 0.50567
2012 0.03983 0.23884 0.0458 0.0864 0.07558 0.51354
2013 0.03905 0.23385 0.04487 0.08379 0.07531 0.52313
2014 0.03852 0.23001 0.04406 0.07943 0.07505 0.53292
2015 0.03885 0.23099 0.04421 0.0595 0.07644 0.55
2016 0.03878 0.22798 0.04384 0.05713 0.07692 0.55536
2017 0.03862 0.22419 0.04341 0.04532 0.07709 0.57137
2018 0.03829 0.21908 0.04282 0.04473 0.07612 0.57896
2019 0.03763 0.21267 0.04192 0.0442 0.07557 0.58801
2020 0.03677 0.20654 0.04098 0.04384 0.07404 0.59784
2021 0.03595 0.20137 0.03999 0.04415 0.07302 0.60552
2022 0.03514 0.19715 0.03915 0.04483 0.07212 0.61161
2023 0.0344 0.19292 0.03824 0.04523 0.07081 0.61839
2024 0.03348 0.18742 0.03716 0.04521 0.06972 0.62701
Split for: Central_Am
Year RUS+WAL EAL+BER GOA SEA+NBC SBC+WA OR+CA
1970 0 0 0 0 0.06843 0.93157
1971 0 0 0 0 0.06874 0.93126
1972 0 0 0 0 0.06909 0.93091
1973 0 0 0 0 0.06942 0.93058
1974 0 0 0 0 0.06992 0.93008
1975 0 0 0 0 0.07043 0.92957
1976 0 0 0 0 0.07088 0.92912
1977 0 0 0 0 0.07135 0.92865
1978 0 0 0 0 0.07184 0.92816
1979 0 0 0 0 0.07235 0.92765
1980 0 0 0 0 0.07291 0.92709
1981 0 0 0 0 0.07342 0.92658
1982 0 0 0 0 0.07391 0.92609
1983 0 0 0 0 0.0744 0.9256
1984 0 0 0 0 0.07475 0.92525
1985 0 0 0 0 0.0751 0.9249
1986 0 0 0 0 0.07545 0.92455
1987 0 0 0 0 0.07575 0.92425
1988 0 0 0 0 0.07606 0.92394
1989 0 0 0 0 0.07628 0.92372
1990 0 0 0 0 0.0764 0.9236
1991 0 0 0 0 0.07663 0.92337
1992 0 0 0 0 0.07685 0.92315
1993 0 0 0 0 0.077 0.923
1994 0 0 0 0 0.07708 0.92292
1995 0 0 0 0 0.07714 0.92286
1996 0 0 0 0 0.07712 0.92288
1997 0 0 0 0 0.07712 0.92288
1998 0 0 0 0 0.07708 0.92292
1999 0 0 0 0 0.07697 0.92303
2000 0 0 0 0 0.07671 0.92329
2001 0 0 0 0 0.07622 0.92378
2002 0 0 0 0 0.07563 0.92437
2003 0 0 0 0 0.07495 0.92505
2004 0 0 0 0 0.07419 0.92581
2005 0 0 0 0 0.07334 0.92666
2006 0 0 0 0 0.0729 0.9271
2007 0 0 0 0 0.07291 0.92709
2008 0 0 0 0 0.07163 0.92837
2009 0 0 0 0 0.07102 0.92898
2010 0 0 0 0 0.07013 0.92987
2011 0 0 0 0 0.06863 0.93137
2012 0 0 0 0 0.06757 0.93243
2013 0 0 0 0 0.06619 0.93381
2014 0 0 0 0 0.06485 0.93515
2015 0 0 0 0 0.06405 0.93595
2016 0 0 0 0 0.06384 0.93616
2017 0 0 0 0 0.06229 0.93771
2018 0 0 0 0 0.0608 0.9392
2019 0 0 0 0 0.05951 0.94049
2020 0 0 0 0 0.05747 0.94253
2021 0 0 0 0 0.05605 0.94395
2022 0 0 0 0 0.05487 0.94513
2023 0 0 0 0 0.05337 0.94663
2024 0 0 0 0 0.0519 0.9481

Difference in mortality over time
Difference for: Asia
Year RUS+WAL EAL+BER GOA SEA+NBC SBC+WA OR+CA
1970 0 0 0 0 0 0
1971 0 0 0 0 0 0
1972 0 0 0 0 0 0
1973 0 0 0 0 0 0
1974 0 0 0 0 0 0
1975 0 0 0 0 0 0
1976 0 0 0 0 0 0
1977 0 0 0 0 0 0
1978 0 0 0 0 0 0
1979 0 0 0 0 0 0
1980 0 0 0 0 0 0
1981 0 0 0 0 0 0
1982 0 0 0 0 0 0
1983 0 0 0 0 0 0
1984 0 0 0 0 0 0
1985 0 0 0 0 0 0
1986 0 0 0 0 0 0
1987 0 0 0 0 0 0
1988 0 0 0 0 0 0
1989 0 0 0 0 0 0
1990 0 0 0 0 0 0
1991 0 0 0 0 0 0
1992 0 0 0 0 0 0
1993 0 0 0 0 0 0
1994 0 0 0 0 0 0
1995 0 0 0 0 0 0
1996 0 0 0 0 0 0
1997 0 0 0 0 0 0
1998 0 0 0 0 0 0
1999 0 0 0 0 0 0
2000 1 1 0 0 0 0
2001 1 1 0 0 0 0
2002 1 1 0 0 0 0
2003 1 1 0 0 0 0
2004 0 1 0 0 0 0
2005 1 1 0 0 0 0
2006 0 0 0 0 0 0
2007 0 0 0 0 0 0
2008 0 0 0 0 0 0
2009 0 0 0 0 0 0
2010 0 0 0 0 0 0
2011 0 0 0 0 0 0
2012 0 0 0 0 0 0
2013 0 0 0 0 0 0
2014 0 -1 0 0 0 0
2015 -1 -2 0 0 0 0
2016 -1 -2 0 0 0 0
2017 -2 -3 0 0 0 0
2018 -2 -3 0 0 0 0
2019 -1 -2 0 0 0 0
2020 -1 -1 0 0 0 0
2021 0 0 0 0 0 0
2022 0 0 0 0 0 0
2023 0 0 0 0 0 0
Difference for: Hawaii
Year RUS+WAL EAL+BER GOA SEA+NBC SBC+WA OR+CA
1970 0 0 0 0 0 0
1971 0 0 0 0 0 0
1972 0 0 0 0 0 0
1973 0 0 0 0 0 0
1974 0 0 0 0 0 0
1975 0 0 0 0 0 0
1976 0 0 0 0 0 0
1977 0 0 0 0 0 0
1978 0 0 0 0 0 0
1979 0 0 0 0 0 0
1980 0 0 0 0 0 0
1981 0 0 0 0 0 0
1982 0 0 0 0 0 0
1983 0 0 0 0 0 0
1984 0 0 0 0 0 0
1985 0 0 0 0 0 0
1986 0 0 0 0 0 0
1987 0 0 0 0 0 0
1988 0 0 0 0 0 0
1989 0 0 0 0 0 0
1990 0 0 0 0 0 0
1991 0 0 0 0 0 0
1992 0 0 0 0 0 0
1993 0 0 0 0 0 0
1994 0 0 0 0 0 0
1995 0 0 0 0 0 0
1996 0 0 0 0 0 0
1997 0 0 0 0 0 0
1998 0 0 0 0 0 0
1999 0 0 0 0 0 0
2000 0 16 2 51 0 0
2001 0 18 2 66 0 0
2002 0 20 2 72 0 0
2003 0 19 -2 75 1 0
2004 0 18 -2 78 0 0
2005 0 11 2 56 1 0
2006 0 6 3 71 1 0
2007 0 1 2 53 1 0
2008 0 1 0 103 1 0
2009 0 -5 -1 28 1 0
2010 0 -2 0 52 1 0
2011 0 -4 -1 -16 1 0
2012 0 -5 -5 -111 1 0
2013 0 -9 -7 -388 0 0
2014 0 -16 -11 -2806 0 0
2015 0 -35 -15 -500 -1 0
2016 -1 -49 -18 -1858 -1 0
2017 -1 -66 -18 -296 -1 0
2018 -1 -63 -15 -246 -1 0
2019 0 -45 -11 -191 -1 0
2020 0 -28 -8 -80 0 0
2021 0 0 0 -6 1 0
2022 0 -1 0 -7 0 0
2023 0 1 0 -4 0 0
Difference for: MX_AR
Year RUS+WAL EAL+BER GOA SEA+NBC SBC+WA OR+CA
1970 0 0 0 0 0 0
1971 0 0 0 0 0 0
1972 0 0 0 0 0 0
1973 0 0 0 0 0 0
1974 0 0 0 0 0 0
1975 0 0 0 0 0 0
1976 0 0 0 0 0 0
1977 0 0 0 0 0 0
1978 0 0 0 0 0 0
1979 0 0 0 0 0 0
1980 0 0 0 0 0 0
1981 0 0 0 0 0 0
1982 0 0 0 0 0 0
1983 0 0 0 0 0 0
1984 0 0 0 0 0 0
1985 0 0 0 0 0 0
1986 0 0 0 0 0 0
1987 0 0 0 0 0 0
1988 0 0 0 0 0 0
1989 0 0 0 0 0 0
1990 0 0 0 0 0 0
1991 0 0 0 0 0 0
1992 0 0 0 0 0 0
1993 0 0 0 0 0 0
1994 0 0 0 0 0 0
1995 0 0 0 0 0 0
1996 0 0 0 0 0 0
1997 0 0 0 0 0 0
1998 0 0 0 0 0 0
1999 0 0 0 0 0 0
2000 0 6 1 1 0 0
2001 0 7 0 2 0 0
2002 0 7 0 2 0 1
2003 0 7 0 2 0 1
2004 0 7 0 2 0 0
2005 0 4 0 2 0 0
2006 0 2 1 2 0 -1
2007 0 0 0 1 0 0
2008 0 0 0 3 0 0
2009 0 -2 0 1 0 0
2010 0 -1 0 1 0 0
2011 0 -1 0 0 0 0
2012 0 -2 -1 -3 0 1
2013 0 -3 -2 -11 0 1
2014 0 -6 -3 -78 0 2
2015 0 -13 -4 -14 0 2
2016 0 -19 -5 -52 0 2
2017 0 -25 -5 -8 0 1
2018 0 -24 -4 -7 0 1
2019 0 -17 -3 -5 0 1
2020 0 -11 -2 -2 0 1
2021 0 0 0 0 0 0
2022 0 0 0 0 0 0
2023 0 0 0 0 0 0
Difference for: MX_ML
Year RUS+WAL EAL+BER GOA SEA+NBC SBC+WA OR+CA
1970 0 0 0 0 0 0
1971 0 0 0 0 0 0
1972 0 0 0 0 0 0
1973 0 0 0 0 0 0
1974 0 0 0 0 0 0
1975 0 0 0 0 0 0
1976 0 0 0 0 0 0
1977 0 0 0 0 0 0
1978 0 0 0 0 0 0
1979 0 0 0 0 0 0
1980 0 0 0 0 0 0
1981 0 0 0 0 0 0
1982 0 0 0 0 0 0
1983 0 0 0 0 0 0
1984 0 0 0 0 0 0
1985 0 0 0 0 0 0
1986 0 0 0 0 0 0
1987 0 0 0 0 0 0
1988 0 0 0 0 0 0
1989 0 0 0 0 0 0
1990 0 0 0 0 0 0
1991 0 0 0 0 0 0
1992 0 0 0 0 0 0
1993 0 0 0 0 0 0
1994 0 0 0 0 0 0
1995 0 0 0 0 0 0
1996 0 0 0 0 0 0
1997 0 0 0 0 0 0
1998 0 0 0 0 0 0
1999 0 0 0 0 0 0
2000 0 3 0 2 0 2
2001 0 4 0 2 0 3
2002 0 4 0 2 0 4
2003 0 4 0 2 0 5
2004 0 4 0 2 0 4
2005 0 2 0 2 0 0
2006 0 1 0 2 0 -5
2007 0 0 0 2 0 -3
2008 0 0 0 3 0 -3
2009 0 -1 0 1 0 -1
2010 0 0 0 2 0 1
2011 0 -1 0 0 0 1
2012 0 -1 0 -3 0 4
2013 0 -2 -1 -12 0 11
2014 0 -3 -1 -87 0 16
2015 0 -7 -1 -15 0 17
2016 0 -10 -1 -57 0 12
2017 0 -14 -1 -9 0 9
2018 0 -13 -1 -8 0 6
2019 0 -9 -1 -6 0 6
2020 0 -6 -1 -2 0 10
2021 0 0 0 0 0 2
2022 0 0 0 0 0 1
2023 0 0 0 0 0 0
Difference for: Central_Am
Year RUS+WAL EAL+BER GOA SEA+NBC SBC+WA OR+CA
1970 0 0 0 0 0 0
1971 0 0 0 0 0 0
1972 0 0 0 0 0 0
1973 0 0 0 0 0 0
1974 0 0 0 0 0 0
1975 0 0 0 0 0 0
1976 0 0 0 0 0 0
1977 0 0 0 0 0 0
1978 0 0 0 0 0 0
1979 0 0 0 0 0 0
1980 0 0 0 0 0 0
1981 0 0 0 0 0 0
1982 0 0 0 0 0 0
1983 0 0 0 0 0 0
1984 0 0 0 0 0 0
1985 0 0 0 0 0 0
1986 0 0 0 0 0 0
1987 0 0 0 0 0 0
1988 0 0 0 0 0 0
1989 0 0 0 0 0 0
1990 0 0 0 0 0 0
1991 0 0 0 0 0 0
1992 0 0 0 0 0 0
1993 0 0 0 0 0 0
1994 0 0 0 0 0 0
1995 0 0 0 0 0 0
1996 0 0 0 0 0 0
1997 0 0 0 0 0 0
1998 0 0 0 0 0 0
1999 0 0 0 0 0 0
2000 0 0 0 0 0 1
2001 0 0 0 0 0 1
2002 0 0 0 0 0 2
2003 0 0 0 0 0 2
2004 0 0 0 0 0 2
2005 0 0 0 0 0 0
2006 0 0 0 0 0 -2
2007 0 0 0 0 0 -2
2008 0 0 0 0 0 -1
2009 0 0 0 0 0 -1
2010 0 0 0 0 0 0
2011 0 0 0 0 0 0
2012 0 0 0 0 0 2
2013 0 0 0 0 0 5
2014 0 0 0 0 0 8
2015 0 0 0 0 0 8
2016 0 0 0 0 0 6
2017 0 0 0 0 0 4
2018 0 0 0 0 0 3
2019 0 0 0 0 0 3
2020 0 0 0 0 0 5
2021 0 0 0 0 0 1
2022 0 0 0 0 0 1
2023 0 0 0 0 0 0

Total survival over time
Values for breeding stock: Asia
Year RUS+WAL EAL+BER GOA SEA+NBC SBC+WA OR+CA
1970 0.998 0.989 0 0 0 0
1971 1.276 1.273 0 0 0 0
1972 1.189 1.215 0 0 0 0
1973 1.174 1.173 0 0 0 0
1974 1.145 1.144 0 0 0 0
1975 1.124 1.123 0 0 0 0
1976 1.107 1.107 0 0 0 0
1977 1.093 1.093 0 0 0 0
1978 1.082 1.082 0 0 0 0
1979 1.073 1.073 0 0 0 0
1980 1.065 1.065 0 0 0 0
1981 1.084 1.084 0 0 0 0
1982 1.097 1.097 0 0 0 0
1983 1.104 1.105 0 0 0 0
1984 1.108 1.109 0 0 0 0
1985 1.108 1.11 0 0 0 0
1986 1.107 1.108 0 0 0 0
1987 1.104 1.105 0 0 0 0
1988 1.099 1.101 0 0 0 0
1989 1.095 1.096 0 0 0 0
1990 1.089 1.091 0 0 0 0
1991 1.087 1.089 0 0 0 0
1992 1.086 1.088 0 0 0 0
1993 1.086 1.088 0 0 0 0
1994 1.086 1.088 0 0 0 0
1995 1.086 1.088 0 0 0 0
1996 1.085 1.088 0 0 0 0
1997 1.084 1.087 0 0 0 0
1998 1.083 1.085 0 0 0 0
1999 1.08 1.083 0 0 0 0
2000 1.079 1.088 0 0 0 0
2001 1.076 1.085 0 0 0 0
2002 1.073 1.081 0 0 0 0
2003 1.07 1.077 0 0 0 0
2004 1.067 1.073 0 0 0 0
2005 1.065 1.067 0 0 0 0
2006 1.062 1.063 0 0 0 0
2007 1.059 1.059 0 0 0 0
2008 1.056 1.056 0 0 0 0
2009 1.053 1.052 0 0 0 0
2010 1.051 1.049 0 0 0 0
2011 1.048 1.047 0 0 0 0
2012 1.045 1.043 0 0 0 0
2013 1.034 1.032 0 0 0 0
2014 1.05 1.047 0 0 0 0
2015 1.001 0.994 0 0 0 0
2016 1.039 1.027 0 0 0 0
2017 1.036 1.022 0 0 0 0
2018 1.031 1.02 0 0 0 0
2019 1.037 1.031 0 0 0 0
2020 1.02 1.02 0 0 0 0
2021 1.018 1.023 0 0 0 0
2022 1.016 1.018 0 0 0 0
2023 1.013 1.014 0 0 0 0
Values for breeding stock: Hawaii
Year RUS+WAL EAL+BER GOA SEA+NBC SBC+WA OR+CA
1970 1.008 0.999 0.984 0.993 1.006 0
1971 1.286 1.283 1.288 1.281 1.289 0
1972 1.197 1.224 1.226 1.22 1.226 0
1973 1.183 1.182 1.184 1.178 1.184 0
1974 1.153 1.153 1.154 1.149 1.154 0
1975 1.131 1.131 1.131 1.127 1.133 0
1976 1.114 1.114 1.115 1.11 1.115 0
1977 1.101 1.101 1.101 1.097 1.101 0
1978 1.09 1.09 1.09 1.086 1.091 0
1979 1.081 1.081 1.081 1.077 1.082 0
1980 1.073 1.073 1.074 1.07 1.074 0
1981 1.092 1.092 1.092 1.089 1.093 0
1982 1.105 1.105 1.106 1.103 1.106 0
1983 1.113 1.113 1.114 1.111 1.115 0
1984 1.116 1.117 1.117 1.115 1.118 0
1985 1.116 1.117 1.118 1.116 1.119 0
1986 1.114 1.116 1.116 1.114 1.118 0
1987 1.111 1.113 1.113 1.11 1.115 0
1988 1.107 1.108 1.108 1.107 1.111 0
1989 1.102 1.104 1.104 1.104 1.106 0
1990 1.097 1.099 1.099 1.099 1.101 0
1991 1.094 1.096 1.096 1.096 1.099 0
1992 1.094 1.095 1.096 1.095 1.099 0
1993 1.093 1.096 1.096 1.097 1.099 0
1994 1.094 1.096 1.096 1.097 1.1 0
1995 1.093 1.096 1.096 1.097 1.1 0
1996 1.093 1.096 1.096 1.097 1.1 0
1997 1.092 1.095 1.095 1.096 1.101 0
1998 1.09 1.093 1.094 1.095 1.1 0
1999 1.088 1.091 1.092 1.093 1.097 0
2000 1.087 1.097 1.091 1.103 1.096 0
2001 1.084 1.093 1.088 1.1 1.094 0
2002 1.081 1.089 1.085 1.097 1.093 0
2003 1.078 1.086 1.08 1.093 1.09 0
2004 1.075 1.082 1.078 1.089 1.088 0
2005 1.073 1.076 1.078 1.082 1.084 0
2006 1.071 1.072 1.076 1.082 1.083 0
2007 1.068 1.068 1.071 1.077 1.087 0
2008 1.066 1.066 1.069 1.08 1.072 0
2009 1.063 1.062 1.066 1.067 1.083 0
2010 1.061 1.059 1.065 1.066 1.074 0
2011 1.058 1.057 1.06 1.058 1.068 0
2012 1.055 1.054 1.054 1.048 1.075 0
2013 1.053 1.051 1.052 1.019 1.072 0
2014 1.05 1.046 1.045 0.784 1.063 0
2015 1.047 1.039 1.042 1.03 1.059 0
2016 1.047 1.034 1.041 0.855 1.058 0
2017 1.044 1.029 1.04 1.093 1.053 0
2018 1.041 1.03 1.039 1.082 1.04 0
2019 1.039 1.033 1.039 1.083 1.052 0
2020 1.036 1.036 1.039 1.093 1.042 0
2021 1.035 1.04 1.037 1.093 1.047 0
2022 1.034 1.036 1.036 1.084 1.047 0
2023 1.033 1.033 1.031 1.073 1.038 0
Values for breeding stock: MX_AR
Year RUS+WAL EAL+BER GOA SEA+NBC SBC+WA OR+CA
1970 1.008 0.999 0.984 0.993 1.006 0.962
1971 1.286 1.283 1.288 1.281 1.289 1.283
1972 1.197 1.224 1.226 1.22 1.226 1.22
1973 1.183 1.182 1.184 1.178 1.184 1.178
1974 1.153 1.153 1.154 1.149 1.155 1.146
1975 1.131 1.131 1.132 1.127 1.133 1.124
1976 1.114 1.114 1.115 1.11 1.115 1.107
1977 1.101 1.101 1.101 1.097 1.101 1.094
1978 1.09 1.09 1.09 1.086 1.091 1.083
1979 1.081 1.081 1.081 1.078 1.082 1.074
1980 1.073 1.073 1.074 1.07 1.074 1.065
1981 1.092 1.092 1.093 1.089 1.093 1.085
1982 1.105 1.105 1.106 1.103 1.107 1.099
1983 1.113 1.113 1.114 1.111 1.115 1.107
1984 1.116 1.117 1.117 1.115 1.118 1.113
1985 1.116 1.118 1.118 1.116 1.119 1.114
1986 1.114 1.116 1.116 1.114 1.118 1.113
1987 1.111 1.113 1.113 1.11 1.115 1.11
1988 1.107 1.108 1.108 1.107 1.111 1.107
1989 1.102 1.104 1.104 1.104 1.106 1.103
1990 1.097 1.099 1.099 1.099 1.101 1.1
1991 1.094 1.096 1.096 1.096 1.099 1.096
1992 1.094 1.095 1.096 1.095 1.099 1.096
1993 1.093 1.096 1.096 1.097 1.099 1.097
1994 1.094 1.096 1.096 1.097 1.1 1.099
1995 1.093 1.096 1.096 1.097 1.1 1.1
1996 1.093 1.096 1.096 1.097 1.1 1.102
1997 1.092 1.095 1.095 1.096 1.101 1.102
1998 1.091 1.093 1.094 1.095 1.1 1.102
1999 1.088 1.091 1.092 1.093 1.097 1.101
2000 1.087 1.097 1.092 1.103 1.096 1.104
2001 1.084 1.093 1.088 1.1 1.094 1.103
2002 1.081 1.089 1.085 1.097 1.093 1.103
2003 1.078 1.086 1.08 1.093 1.09 1.101
2004 1.075 1.082 1.078 1.089 1.088 1.099
2005 1.073 1.076 1.078 1.082 1.084 1.093
2006 1.071 1.072 1.076 1.082 1.083 1.089
2007 1.068 1.068 1.071 1.077 1.087 1.094
2008 1.066 1.066 1.069 1.08 1.072 1.098
2009 1.063 1.062 1.066 1.067 1.083 1.099
2010 1.061 1.059 1.065 1.066 1.074 1.094
2011 1.058 1.057 1.06 1.058 1.069 1.098
2012 1.055 1.054 1.054 1.048 1.075 1.1
2013 1.053 1.051 1.052 1.019 1.072 1.103
2014 1.05 1.047 1.045 0.784 1.064 1.092
2015 1.047 1.039 1.042 1.03 1.059 1.075
2016 1.047 1.034 1.041 0.855 1.058 1.06
2017 1.044 1.029 1.04 1.093 1.053 1.081
2018 1.041 1.03 1.039 1.082 1.04 1.068
2019 1.039 1.033 1.039 1.083 1.052 1.079
2020 1.036 1.036 1.039 1.093 1.042 1.086
2021 1.035 1.04 1.037 1.093 1.047 1.076
2022 1.034 1.036 1.036 1.084 1.047 1.076
2023 1.033 1.033 1.031 1.073 1.038 1.074
Values for breeding stock: MX_ML
Year RUS+WAL EAL+BER GOA SEA+NBC SBC+WA OR+CA
1970 1.002 0.993 0.978 0.987 1 0.956
1971 1.279 1.276 1.281 1.274 1.282 1.276
1972 1.191 1.218 1.22 1.213 1.22 1.214
1973 1.177 1.177 1.178 1.173 1.179 1.173
1974 1.148 1.148 1.149 1.144 1.15 1.141
1975 1.126 1.126 1.127 1.122 1.128 1.119
1976 1.109 1.109 1.11 1.106 1.11 1.103
1977 1.096 1.096 1.097 1.093 1.097 1.089
1978 1.086 1.085 1.086 1.082 1.086 1.078
1979 1.077 1.076 1.077 1.073 1.077 1.069
1980 1.069 1.069 1.07 1.066 1.07 1.061
1981 1.087 1.088 1.088 1.085 1.088 1.081
1982 1.1 1.101 1.101 1.098 1.102 1.094
1983 1.108 1.109 1.109 1.107 1.111 1.103
1984 1.112 1.113 1.113 1.111 1.114 1.109
1985 1.112 1.113 1.114 1.112 1.115 1.11
1986 1.111 1.112 1.112 1.11 1.114 1.109
1987 1.107 1.109 1.109 1.106 1.111 1.107
1988 1.103 1.105 1.105 1.103 1.107 1.103
1989 1.098 1.1 1.1 1.1 1.102 1.1
1990 1.093 1.095 1.095 1.095 1.097 1.096
1991 1.091 1.093 1.093 1.093 1.096 1.093
1992 1.09 1.092 1.092 1.092 1.095 1.093
1993 1.09 1.092 1.092 1.093 1.095 1.094
1994 1.09 1.092 1.093 1.093 1.096 1.096
1995 1.09 1.093 1.093 1.094 1.097 1.097
1996 1.09 1.092 1.093 1.093 1.097 1.098
1997 1.089 1.092 1.092 1.093 1.098 1.099
1998 1.087 1.09 1.091 1.092 1.096 1.098
1999 1.085 1.088 1.089 1.09 1.094 1.097
2000 1.084 1.093 1.088 1.1 1.093 1.101
2001 1.081 1.09 1.085 1.097 1.091 1.1
2002 1.078 1.087 1.082 1.095 1.09 1.1
2003 1.076 1.083 1.077 1.09 1.088 1.098
2004 1.073 1.079 1.075 1.086 1.085 1.096
2005 1.07 1.073 1.075 1.079 1.08 1.09
2006 1.068 1.069 1.074 1.079 1.08 1.087
2007 1.065 1.065 1.068 1.074 1.084 1.091
2008 1.063 1.063 1.066 1.077 1.07 1.096
2009 1.06 1.059 1.063 1.064 1.08 1.096
2010 1.058 1.057 1.062 1.063 1.071 1.091
2011 1.055 1.054 1.057 1.055 1.066 1.095
2012 1.052 1.051 1.051 1.045 1.072 1.097
2013 1.05 1.048 1.05 1.016 1.069 1.1
2014 1.047 1.044 1.042 0.782 1.061 1.089
2015 1.043 1.036 1.039 1.026 1.056 1.071
2016 1.043 1.031 1.038 0.852 1.055 1.057
2017 1.041 1.027 1.038 1.09 1.05 1.078
2018 1.038 1.027 1.036 1.079 1.037 1.066
2019 1.036 1.03 1.036 1.08 1.05 1.077
2020 1.032 1.031 1.034 1.088 1.038 1.081
2021 1.033 1.037 1.035 1.09 1.045 1.073
2022 1.032 1.034 1.034 1.082 1.045 1.074
2023 1.03 1.03 1.028 1.07 1.035 1.071
Values for breeding stock: Central_Am
Year RUS+WAL EAL+BER GOA SEA+NBC SBC+WA OR+CA
1970 0 0 0 0 1 0.956
1971 0 0 0 0 1.283 1.276
1972 0 0 0 0 1.221 1.215
1973 0 0 0 0 1.178 1.172
1974 0 0 0 0 1.149 1.14
1975 0 0 0 0 1.128 1.119
1976 0 0 0 0 1.11 1.103
1977 0 0 0 0 1.097 1.09
1978 0 0 0 0 1.086 1.078
1979 0 0 0 0 1.077 1.069
1980 0 0 0 0 1.07 1.061
1981 0 0 0 0 1.089 1.081
1982 0 0 0 0 1.102 1.094
1983 0 0 0 0 1.11 1.103
1984 0 0 0 0 1.114 1.109
1985 0 0 0 0 1.115 1.11
1986 0 0 0 0 1.114 1.109
1987 0 0 0 0 1.111 1.107
1988 0 0 0 0 1.107 1.103
1989 0 0 0 0 1.102 1.1
1990 0 0 0 0 1.098 1.096
1991 0 0 0 0 1.095 1.093
1992 0 0 0 0 1.095 1.093
1993 0 0 0 0 1.095 1.094
1994 0 0 0 0 1.096 1.096
1995 0 0 0 0 1.097 1.097
1996 0 0 0 0 1.097 1.098
1997 0 0 0 0 1.098 1.099
1998 0 0 0 0 1.097 1.099
1999 0 0 0 0 1.094 1.097
2000 0 0 0 0 1.093 1.101
2001 0 0 0 0 1.091 1.1
2002 0 0 0 0 1.09 1.1
2003 0 0 0 0 1.087 1.098
2004 0 0 0 0 1.085 1.096
2005 0 0 0 0 1.081 1.091
2006 0 0 0 0 1.08 1.087
2007 0 0 0 0 1.084 1.091
2008 0 0 0 0 1.07 1.096
2009 0 0 0 0 1.08 1.096
2010 0 0 0 0 1.072 1.091
2011 0 0 0 0 1.066 1.095
2012 0 0 0 0 1.073 1.097
2013 0 0 0 0 1.07 1.1
2014 0 0 0 0 1.061 1.089
2015 0 0 0 0 1.057 1.073
2016 0 0 0 0 1.056 1.058
2017 0 0 0 0 1.051 1.079
2018 0 0 0 0 1.037 1.066
2019 0 0 0 0 1.051 1.078
2020 0 0 0 0 1.039 1.083
2021 0 0 0 0 1.045 1.073
2022 0 0 0 0 1.045 1.074
2023 0 0 0 0 1.036 1.072

Numbers over time by herd
Values for breeding stock: Asia
Year RUS+WAL EAL+BER GOA SEA+NBC SBC+WA OR+CA
1970 78 13 0 0 0 0
1971 99 16 0 0 0 0
1972 113 18 0 0 0 0
1973 128 21 0 0 0 0
1974 142 23 0 0 0 0
1975 155 25 0 0 0 0
1976 167 27 0 0 0 0
1977 178 29 0 0 0 0
1978 189 31 0 0 0 0
1979 199 32 0 0 0 0
1980 208 34 0 0 0 0
1981 221 36 0 0 0 0
1982 238 39 0 0 0 0
1983 257 42 0 0 0 0
1984 278 45 0 0 0 0
1985 301 49 0 0 0 0
1986 325 53 0 0 0 0
1987 351 57 0 0 0 0
1988 377 62 0 0 0 0
1989 403 66 0 0 0 0
1990 430 70 0 0 0 0
1991 458 75 0 0 0 0
1992 487 80 0 0 0 0
1993 518 85 0 0 0 0
1994 551 91 0 0 0 0
1995 586 97 0 0 0 0
1996 623 103 0 0 0 0
1997 661 110 0 0 0 0
1998 701 117 0 0 0 0
1999 743 124 0 0 0 0
2000 785 131 0 0 0 0
2001 828 140 0 0 0 0
2002 872 148 0 0 0 0
2003 917 158 0 0 0 0
2004 961 166 0 0 0 0
2005 1005 175 0 0 0 0
2006 1049 184 0 0 0 0
2007 1092 191 0 0 0 0
2008 1134 199 0 0 0 0
2009 1175 206 0 0 0 0
2010 1214 213 0 0 0 0
2011 1252 219 0 0 0 0
2012 1288 225 0 0 0 0
2013 1311 229 0 0 0 0
2014 1357 236 0 0 0 0
2015 1339 232 0 0 0 0
2016 1372 235 0 0 0 0
2017 1402 237 0 0 0 0
2018 1425 238 0 0 0 0
2019 1457 240 0 0 0 0
2020 1467 240 0 0 0 0
2021 1474 241 0 0 0 0
2022 1479 242 0 0 0 0
2023 1481 242 0 0 0 0
Values for breeding stock: Hawaii
Year RUS+WAL EAL+BER GOA SEA+NBC SBC+WA OR+CA
1970 21 183 95 425 31 0
1971 27 233 121 539 39 0
1972 31 273 142 630 46 0
1973 36 311 162 715 53 0
1974 40 348 181 795 59 0
1975 44 382 199 871 65 0
1976 48 415 216 943 70 0
1977 51 446 233 1010 76 0
1978 55 475 248 1074 81 0
1979 58 503 263 1134 86 0
1980 61 530 277 1190 90 0
1981 66 569 298 1273 97 0
1982 71 616 322 1375 105 0
1983 77 670 351 1494 114 0
1984 84 731 383 1626 125 0
1985 92 798 418 1772 137 0
1986 100 869 456 1927 149 0
1987 108 944 495 2089 162 0
1988 117 1023 536 2259 176 0
1989 126 1103 578 2438 190 0
1990 136 1186 621 2619 205 0
1991 145 1273 667 2809 220 0
1992 156 1365 715 3012 237 0
1993 167 1464 767 3234 254 0
1994 179 1571 824 3472 274 0
1995 191 1686 884 3729 295 0
1996 205 1809 949 4003 317 0
1997 219 1940 1017 4295 342 0
1998 234 2076 1090 4603 367 0
1999 250 2219 1166 4926 395 0
2000 266 2368 1244 5266 423 0
2001 283 2543 1328 5690 453 0
2002 300 2724 1414 6151 485 0
2003 318 2913 1502 6629 518 0
2004 336 3103 1588 7120 552 0
2005 354 3294 1675 7626 586 0
2006 373 3478 1770 8113 623 0
2007 391 3659 1864 8633 664 0
2008 410 3834 1959 9135 699 0
2009 429 4010 2053 9705 743 0
2010 448 4174 2149 10158 783 0
2011 466 4343 2242 10661 822 0
2012 484 4507 2329 11089 869 0
2013 502 4667 2413 11374 915 0
2014 519 4815 2485 11309 957 1
2015 536 4947 2551 8667 997 0
2016 553 5049 2616 8605 1038 0
2017 569 5131 2677 7055 1075 0
2018 584 5192 2734 7210 1099 0
2019 599 5254 2791 7428 1137 0
2020 612 5341 2855 7709 1166 0
2021 626 5441 2912 8114 1202 0
2022 639 5567 2979 8609 1241 0
2023 652 5677 3032 9052 1269 0
Values for breeding stock: MX_AR
Year RUS+WAL EAL+BER GOA SEA+NBC SBC+WA OR+CA
1970 14 69 24 12 3 10
1971 18 88 31 15 4 12
1972 20 103 36 17 4 14
1973 23 118 41 20 5 16
1974 26 131 46 22 6 18
1975 28 144 50 24 6 20
1976 31 157 55 26 7 21
1977 33 168 59 28 7 23
1978 35 180 63 30 8 24
1979 37 190 66 31 8 25
1980 39 200 70 33 9 26
1981 42 215 75 35 9 28
1982 46 233 81 38 10 30
1983 50 253 89 41 11 33
1984 54 276 97 45 12 36
1985 59 302 106 49 13 39
1986 64 328 115 53 15 42
1987 70 357 125 58 16 46
1988 76 386 135 63 17 49
1989 81 417 146 68 19 53
1990 87 448 157 73 20 57
1991 94 481 168 78 21 61
1992 100 516 181 83 23 66
1993 107 554 194 90 25 70
1994 115 594 208 96 27 76
1995 123 638 223 103 29 81
1996 132 684 240 111 31 88
1997 141 733 257 119 33 94
1998 151 785 275 128 36 102
1999 161 839 294 137 38 109
2000 171 895 314 146 41 118
2001 182 961 335 158 44 127
2002 193 1030 357 170 47 137
2003 205 1101 379 184 50 147
2004 216 1173 401 197 54 159
2005 228 1246 423 211 57 171
2006 240 1315 447 225 61 183
2007 252 1383 471 239 65 195
2008 264 1450 495 253 68 209
2009 276 1516 519 269 72 224
2010 288 1578 543 282 76 240
2011 300 1642 566 295 80 257
2012 312 1704 588 307 85 277
2013 323 1765 609 315 89 298
2014 335 1821 628 314 93 319
2015 345 1871 644 240 97 336
2016 357 1910 661 239 101 351
2017 367 1941 676 196 105 373
2018 377 1964 691 200 107 392
2019 386 1987 705 206 111 415
2020 395 2020 721 214 114 441
2021 403 2058 736 225 117 467
2022 412 2106 753 239 121 493
2023 420 2147 766 251 124 520
Values for breeding stock: MX_ML
Year RUS+WAL EAL+BER GOA SEA+NBC SBC+WA OR+CA
1970 8 45 9 15 12 83
1971 10 57 11 19 16 105
1972 12 66 13 22 18 122
1973 13 75 14 25 21 137
1974 15 83 16 28 23 152
1975 16 91 18 31 25 165
1976 18 99 19 33 27 177
1977 19 106 20 35 29 189
1978 20 112 22 37 31 199
1979 21 118 23 39 33 208
1980 22 124 24 41 35 217
1981 24 132 26 44 37 230
1982 26 143 28 47 40 247
1983 28 155 30 51 43 266
1984 30 168 33 55 47 288
1985 33 183 36 60 51 312
1986 35 199 39 65 56 337
1987 38 215 42 70 61 364
1988 41 232 45 75 66 392
1989 44 250 49 81 71 421
1990 48 268 52 87 76 451
1991 51 286 56 93 81 482
1992 54 306 60 99 87 515
1993 58 327 64 106 93 551
1994 62 350 68 114 100 590
1995 66 375 73 122 107 633
1996 70 401 78 130 115 679
1997 75 428 83 139 124 730
1998 80 457 89 149 133 783
1999 85 487 95 159 142 840
2000 90 519 101 170 152 902
2001 96 555 108 183 162 969
2002 102 593 114 197 173 1043
2003 107 633 121 212 185 1122
2004 113 673 128 227 196 1207
2005 119 712 134 242 208 1294
2006 125 750 142 257 220 1380
2007 131 787 149 273 234 1468
2008 137 822 156 288 246 1571
2009 142 858 163 305 261 1681
2010 148 891 170 319 274 1792
2011 154 924 177 334 287 1919
2012 160 957 183 346 303 2057
2013 165 988 190 354 318 2210
2014 170 1017 195 351 332 2355
2015 175 1041 199 268 345 2479
2016 180 1060 204 266 358 2581
2017 185 1074 208 217 369 2737
2018 189 1084 212 221 377 2864
2019 194 1094 216 227 389 3025
2020 197 1107 220 235 397 3204
2021 201 1125 223 247 408 3384
2022 205 1149 228 261 420 3566
2023 208 1169 232 274 429 3746
Values for breeding stock: Central_Am
Year RUS+WAL EAL+BER GOA SEA+NBC SBC+WA OR+CA
1970 0 0 0 0 3 42
1971 0 0 0 0 4 53
1972 0 0 0 0 5 62
1973 0 0 0 0 5 70
1974 0 0 0 0 6 77
1975 0 0 0 0 6 84
1976 0 0 0 0 7 90
1977 0 0 0 0 7 96
1978 0 0 0 0 8 101
1979 0 0 0 0 8 106
1980 0 0 0 0 9 110
1981 0 0 0 0 9 117
1982 0 0 0 0 10 125
1983 0 0 0 0 11 135
1984 0 0 0 0 12 146
1985 0 0 0 0 13 158
1986 0 0 0 0 14 171
1987 0 0 0 0 15 184
1988 0 0 0 0 16 198
1989 0 0 0 0 18 213
1990 0 0 0 0 19 228
1991 0 0 0 0 20 244
1992 0 0 0 0 22 261
1993 0 0 0 0 23 279
1994 0 0 0 0 25 299
1995 0 0 0 0 27 320
1996 0 0 0 0 29 344
1997 0 0 0 0 31 369
1998 0 0 0 0 33 396
1999 0 0 0 0 35 425
2000 0 0 0 0 38 456
2001 0 0 0 0 40 491
2002 0 0 0 0 43 528
2003 0 0 0 0 46 568
2004 0 0 0 0 49 611
2005 0 0 0 0 52 655
2006 0 0 0 0 55 699
2007 0 0 0 0 58 743
2008 0 0 0 0 61 796
2009 0 0 0 0 65 851
2010 0 0 0 0 68 908
2011 0 0 0 0 72 973
2012 0 0 0 0 76 1043
2013 0 0 0 0 79 1122
2014 0 0 0 0 83 1196
2015 0 0 0 0 86 1260
2016 0 0 0 0 90 1313
2017 0 0 0 0 93 1393
2018 0 0 0 0 94 1459
2019 0 0 0 0 98 1543
2020 0 0 0 0 100 1638
2021 0 0 0 0 103 1729
2022 0 0 0 0 106 1821
2023 0 0 0 0 108 1915

Catch numbers by breeding stock
Year Asia Hawaii MX_AR MX_ML Central_Am
1970 0.9 0 0 1.1 0.3
1971 0.9 0 0 1.2 0.3
1972 1 0 0 1.3 0.3
1973 1.1 0 0 1.3 0.4
1974 1.2 0.1 0 1.4 0.4
1975 1.2 0.1 0 1.5 0.4
1976 1.3 0.1 0 1.6 0.4
1977 1.4 0.1 0 1.6 0.4
1978 1.5 0.1 0 1.7 0.5
1979 1.6 0.1 0 1.8 0.5
1980 1.8 0.1 0 1.9 0.5
1981 1.9 0.1 0 2 0.5
1982 2 0.1 0 2.1 0.6
1983 2.2 0.1 0 2.2 0.6
1984 2.3 0.1 0 2.4 0.6
1985 2.5 0.1 0 2.5 0.7
1986 2.6 0.1 0 2.6 0.7
1987 2.8 0.1 0 2.8 0.7
1988 3 0.1 0 2.9 0.8
1989 3.2 0.1 0 3.1 0.8
1990 3.5 0.2 0 3.2 0.8
1991 3.7 0.2 0 3.4 0.9
1992 4 0.2 0 3.6 0.9
1993 4.3 0.2 0 3.8 1
1994 4.6 0.2 0 4 1
1995 4.9 0.2 0 4.2 1.1
1996 5.2 0.2 0 4.4 1.1
1997 5.6 0.2 0 4.7 1.2
1998 6 0.2 0 4.9 1.2
1999 6.4 0.2 0 5.2 1.3
2000 6.9 0.3 0 5.5 1.4
2001 7.3 0.3 0 5.8 1.4
2002 7.9 0 0 5.8 1.5
2003 8.4 0 0 5.8 1.6
2004 9 0 0 6.7 1.7
2005 9.6 0 0 8.1 1.8
2006 10.3 1 0 6.8 1.8
2007 11.1 0 0 7.7 1.9
2008 11.8 0 0 7.9 2
2009 12.7 0 0 9 2.1
2010 13.6 0 0 9.3 2.2
2011 14.5 0.8 0 10.6 2.4
2012 15.5 0 0 10.9 2.5
2013 28 0 0 10.8 2.6
2014 0 5 0 13 2.7
2015 72 0 0 14.2 2.9
2016 12 0.1 0 14.2 3
2017 12 0.1 0 13.4 3.2
2018 16 0.1 0 13.4 3.3
2019 4 0.4 0 13.4 1.7
2020 26.8 0.4 0 23.8 5
2021 28.6 0.4 0 12.8 4.7
2022 30.7 0.4 0 10.5 3.7
2023 32.8 0.4 0 18.4 4.2

Catch numbers by feeding ground
Year RUS+WAL EAL+BER GOA SEA+NBC SBC+WA OR+CA
1970 0 2.7 3.1 6.8 0.1 6.4
1971 0 1.8 0.1 4 0.1 1.5
1972 4 0.8 0.1 4.1 0.1 1.6
1973 0 0.8 0.1 4.3 0.1 1.7
1974 0 0.8 0.1 4.5 0.1 2.5
1975 0 0.8 0.2 4.7 0.1 2.7
1976 0 0.8 0.2 4.9 0.2 2.9
1977 0 0.8 0.2 5.2 0.2 3.1
1978 0 0.8 0.2 5.4 0.2 3.3
1979 0 1 0.2 5.6 0.2 3.5
1980 0 1 0.2 5.9 0.2 3.9
1981 0 1 0.3 6.1 0.3 4.2
1982 0 1 0.4 6.5 0.3 4.5
1983 0 1 0.4 6.7 0.3 4.8
1984 0 1 0.5 7.1 0.4 4.6
1985 0 1 0.5 6.7 0.4 5
1986 0 1 0.7 7.8 0.4 5.4
1987 0 1 0.7 10 0.5 5.8
1988 0 1.1 0.8 8.5 0.5 6.3
1989 0 0.9 0.8 6.1 0.6 6.1
1990 0 1 0.8 7.4 0.7 5.8
1991 0 1 0.9 8.2 0.7 7.6
1992 0 1.1 0.9 9.8 0.8 8.3
1993 0 1.1 1 7.1 0.9 8.6
1994 0 1.2 1 9.3 1 8.8
1995 0 1.2 1 9.3 1.1 9.6
1996 0 1.2 1.1 12.7 1.2 9.9
1997 0 1.2 1.3 12.7 0.9 10.7
1998 0 3 1.4 14.7 1.2 12
1999 0 2.6 1.4 17.4 1.7 13.5
2000 0 1.2 1.5 14.1 1.5 11.6
2001 0 1.2 1.8 16.4 1.7 13.4
2002 0 2.4 1.9 13.8 1.9 13.7
2003 0 1.4 2 18.9 2.3 16
2004 0 1.4 2.3 22 2.5 15.9
2005 0 1.6 2.3 23.3 5.8 20.1
2006 0 1.6 2.4 22.7 5.3 22.1
2007 0 0.1 7.3 18.4 0 18.1
2008 0 0.1 4.3 19.7 12.4 8.8
2009 0 0.1 4.3 24.1 0 9.8
2010 0 6.1 0.8 44.5 7 24.5
2011 0 3.1 4 28.4 11 11.9
2012 0 4.1 8.8 11.6 0 10
2013 0 0.1 4 31.6 0 4.7
2014 0 0.1 11.8 43.7 7 45.2
2015 0 4.1 12 51 9.1 103.4
2016 0 4.1 4.8 34.8 7.1 150.3
2017 0 4.1 2.1 16.3 11.1 60.3
2018 0 1.1 4 26.6 30.1 111.1
2019 0 4.1 6 27.3 9.1 61
2020 0 1.1 0 24 23 31.2
2021 0 2.2 7 33.7 13 62.4
2022 0 4.3 0.8 22.3 8 56
2023 0 3.6 9.1 40.1 19.2 59.7
