Stock structure: B2F2; Model type = BC
Mortality impacts feeding grounds
Recruitment related to unfished
Straying rate: 0
Age-at-maturity: 8
Base adult survival: 0.96
Sigma for survival devs: 6
Additional variance estimated
Weight for mark-recapture proportions: 1
Weight for genetics proportions: 1


Total objective fn: 471.326090573764
Negative log-likelihood fn: 223.252868492344

Natural Survival by feeding ground
RUS+WAL,EAL+BER+WGOA,NGOA,SEA+NBC,SBC+WA,OR+CA
1970 0.96 0.96 0.96 0.96 0.96 0.96
1971 0.96 0.96 0.96 0.96 0.96 0.96
1972 0.96 0.96 0.96 0.96 0.96 0.96
1973 0.96 0.96 0.96 0.96 0.96 0.96
1974 0.96 0.96 0.96 0.96 0.96 0.96
1975 0.96 0.96 0.96 0.96 0.96 0.96
1976 0.96 0.96 0.96 0.96 0.96 0.96
1977 0.96 0.96 0.96 0.96 0.96 0.96
1978 0.96 0.96 0.96 0.96 0.96 0.96
1979 0.96 0.96 0.96 0.96 0.96 0.96
1980 0.96 0.96 0.96 0.96 0.96 0.96
1981 0.96 0.96 0.96 0.96 0.96 0.96
1982 0.96 0.96 0.96 0.96 0.96 0.96
1983 0.96 0.96 0.96 0.96 0.96 0.96
1984 0.96 0.96 0.96 0.96 0.96 0.96
1985 0.96 0.96 0.96 0.96 0.96 0.96
1986 0.96 0.96 0.96 0.96 0.96 0.96
1987 0.96 0.96 0.96 0.96 0.96 0.96
1988 0.96 0.96 0.96 0.96 0.96 0.96
1989 0.96 0.96 0.96 0.96 0.96 0.96
1990 0.96 0.96 0.96 0.96 0.96 0.96
1991 0.96 0.96 0.96 0.96 0.96 0.96
1992 0.96 0.96 0.96 0.96 0.96 0.96
1993 0.96 0.96 0.96 0.96 0.96 0.96
1994 0.96 0.96 0.96 0.96 0.96 0.96
1995 0.96 0.96 0.96 0.96 0.96 0.96
1996 0.96 0.96 0.96 0.96 0.96 0.96
1997 0.96 0.96 0.96 0.96 0.96 0.96
1998 0.96 0.96 0.96 0.96 0.96 0.96
1999 0.96 0.96 0.96 0.96 0.96 0.96
2000 0.96 0.96 0.96 0.96 0.96 0.96
2001 0.96 0.96 0.96 0.96 0.96 0.96
2002 0.96 0.96 0.96 0.96 0.96 0.96
2003 0.96 0.96 0.96 0.96 0.96 0.96
2004 0.96 0.96 0.96 0.96 0.96 0.96
2005 0.96 0.96 0.96 0.96 0.96 0.96
2006 0.96 0.96 0.96 0.96 0.96 0.96
2007 0.96 0.96 0.96 0.96 0.96 0.96
2008 0.96 0.96 0.96 0.96 0.96 0.96
2009 0.96 0.96 0.96 0.96 0.96 0.96
2010 0.96 0.96 0.96 0.96 0.96 0.96
2011 0.96 0.96 0.96 0.96 0.96 0.96
2012 0.96 0.96 0.96 0.96 0.96 0.96
2013 0.96 0.96 0.96 0.96 0.96 0.96
2014 0.96 0.96 0.96 0.96 0.96 0.96
2015 0.96 0.96 0.96 0.96 0.96 0.96
2016 0.96 0.96 0.96 0.96 0.96 0.96
2017 0.96 0.96 0.96 0.96 0.96 0.96
2018 0.96 0.96 0.96 0.96 0.96 0.96
2019 0.96 0.96 0.96 0.96 0.96 0.96
2020 0.96 0.96 0.96 0.96 0.96 0.96
2021 0.96 0.96 0.96 0.96 0.96 0.96
2022 0.96 0.96 0.96 0.96 0.96 0.96
2023 0.96 0.96 0.96 0.96 0.96 0.96

Natural Survival by breeding stock
RUS+WAL,EAL+BER+WGOA,NGOA,SEA+NBC,SBC+WA,OR+CA
1970 0.96 0.96 0.96 0.96 0.96
1971 0.96 0.96 0.96 0.96 0.96
1972 0.96 0.96 0.96 0.96 0.96
1973 0.96 0.96 0.96 0.96 0.96
1974 0.96 0.96 0.96 0.96 0.96
1975 0.96 0.96 0.96 0.96 0.96
1976 0.96 0.96 0.96 0.96 0.96
1977 0.96 0.96 0.96 0.96 0.96
1978 0.96 0.96 0.96 0.96 0.96
1979 0.96 0.96 0.96 0.96 0.96
1980 0.96 0.96 0.96 0.96 0.96
1981 0.96 0.96 0.96 0.96 0.96
1982 0.96 0.96 0.96 0.96 0.96
1983 0.96 0.96 0.96 0.96 0.96
1984 0.96 0.96 0.96 0.96 0.96
1985 0.96 0.96 0.96 0.96 0.96
1986 0.96 0.96 0.96 0.96 0.96
1987 0.96 0.96 0.96 0.96 0.96
1988 0.96 0.96 0.96 0.96 0.96
1989 0.96 0.96 0.96 0.96 0.96
1990 0.96 0.96 0.96 0.96 0.96
1991 0.96 0.96 0.96 0.96 0.96
1992 0.96 0.96 0.96 0.96 0.96
1993 0.96 0.96 0.96 0.96 0.96
1994 0.96 0.96 0.96 0.96 0.96
1995 0.96 0.96 0.96 0.96 0.96
1996 0.96 0.96 0.96 0.96 0.96
1997 0.96 0.96 0.96 0.96 0.96
1998 0.96 0.96 0.96 0.96 0.96
1999 0.96 0.96 0.96 0.96 0.96
2000 0.96 0.96 0.96 0.96 0.96
2001 0.96 0.96 0.96 0.96 0.96
2002 0.96 0.96 0.96 0.96 0.96
2003 0.96 0.96 0.96 0.96 0.96
2004 0.96 0.96 0.96 0.96 0.96
2005 0.96 0.96 0.96 0.96 0.96
2006 0.96 0.96 0.96 0.96 0.96
2007 0.96 0.96 0.96 0.96 0.96
2008 0.96 0.96 0.96 0.96 0.96
2009 0.96 0.96 0.96 0.96 0.96
2010 0.96 0.96 0.96 0.96 0.96
2011 0.96 0.96 0.96 0.96 0.96
2012 0.96 0.96 0.96 0.96 0.96
2013 0.96 0.96 0.96 0.96 0.96
2014 0.96 0.96 0.96 0.96 0.96
2015 0.96 0.96 0.96 0.96 0.96
2016 0.96 0.96 0.96 0.96 0.96
2017 0.96 0.96 0.96 0.96 0.96
2018 0.96 0.96 0.96 0.96 0.96
2019 0.96 0.96 0.96 0.96 0.96
2020 0.96 0.96 0.96 0.96 0.96
2021 0.96 0.96 0.96 0.96 0.96
2022 0.96 0.96 0.96 0.96 0.96
2023 0.96 0.96 0.96 0.96 0.96

Fecundity by feeding ground
RUS+WAL,EAL+BER+WGOA,NGOA,SEA+NBC,SBC+WA,OR+CA
1970 0.9524466 0.9539529 0.9480078 0.9445746 0.9554511 0.9630273
1971 0.9524466 0.9539529 0.9480078 0.9445746 0.9554511 0.9630273
1972 0.9524466 0.9539529 0.9480078 0.9445746 0.9554511 0.9630273
1973 0.9524466 0.9539529 0.9480078 0.9445746 0.9554511 0.9630273
1974 0.9524466 0.9539529 0.9480078 0.9445746 0.9554511 0.9630273
1975 0.9524466 0.9539529 0.9480078 0.9445746 0.9554511 0.9630273
1976 0.9524466 0.9539529 0.9480078 0.9445746 0.9554511 0.9630273
1977 0.9524466 0.9539529 0.9480078 0.9445746 0.9554511 0.9630273
1978 0.9524466 0.9539529 0.9480078 0.9445746 0.9554511 0.9630273
1979 0.9482799 0.9500904 0.9426753 0.9387796 0.9518774 0.961337
1980 0.9451858 0.946318 0.9375573 0.9332256 0.94845 0.9597272
1981 0.9413495 0.9426976 0.932644 0.927911 0.9451632 0.9581987
1982 0.9376885 0.9392266 0.9279319 0.9228312 0.9420131 0.9568058
1983 0.9341752 0.9358964 0.9234357 0.9179724 0.9389925 0.9554901
1984 0.9308236 0.9327022 0.9191205 0.9133258 0.936141 0.9542486
1985 0.927626 0.9296366 0.9149779 0.9088909 0.9334039 0.9530741
1986 0.9245774 0.9266963 0.9110022 0.9046513 0.930783 0.9519762
1987 0.9216719 0.9238898 0.9071866 0.900599 0.9282704 0.9509438
1988 0.9178057 0.920159 0.9021097 0.8952097 0.9248963 0.9495268
1989 0.9132915 0.915573 0.8959206 0.8886098 0.9207865 0.9477554
1990 0.9079653 0.9102141 0.8887316 0.8809439 0.9159729 0.9456758
1991 0.9019336 0.9041607 0.8806218 0.872313 0.9105226 0.9433302
1992 0.8952522 0.8974855 0.8717227 0.8628434 0.9045489 0.9407115
1993 0.8880142 0.8902535 0.8620954 0.8525651 0.8980771 0.9379086
1994 0.880268 0.882525 0.8518753 0.8417041 0.891158 0.9349395
1995 0.8720985 0.87436 0.8410853 0.8304377 0.8838919 0.9318364
1996 0.8635628 0.8658196 0.8298217 0.8185176 0.8762796 0.9286358
1997 0.8544419 0.8566731 0.8177827 0.8055857 0.8681646 0.9251735
1998 0.8446268 0.846761 0.8047528 0.7917401 0.8593872 0.9213538
1999 0.8339395 0.8359291 0.7905849 0.776752 0.8497685 0.9173078
2000 0.8222816 0.8240703 0.7751175 0.7605544 0.8392408 0.9128718
2001 0.809559 0.8110922 0.758291 0.7426847 0.8277345 0.9079658
2002 0.7957106 0.7969417 0.7400205 0.7235129 0.8151871 0.9025477
2003 0.7806959 0.7815755 0.7202918 0.7028422 0.801563 0.8966602
2004 0.7645017 0.7649786 0.6991329 0.6810133 0.7868497 0.8902407
2005 0.7471547 0.7471589 0.6766013 0.6577271 0.7708705 0.8833473
2006 0.7286172 0.7281959 0.6526487 0.6331087 0.7538607 0.8759703
2007 0.708842 0.7078787 0.6272077 0.6072072 0.7358527 0.8680759
2008 0.6877792 0.6860677 0.6002647 0.5794785 0.716442 0.8593378
2009 0.6927738 0.572223 0.144159 0.3089017 0.7474263 0.1374696
2010 0.7060039 0.6146861 0.1495793 0.1609455 0.7433218 0.4331655
2011 0.6614303 0.4565527 0.1481183 0.1371451 0.6518824 0.1713249
2012 0.6136363 0.1375704 0.1374856 0.1371156 0.6633797 0.8306859
2013 0.5389826 0.1371765 0.1372013 0.1371156 0.6180719 0.8271672
2014 0.1431741 0.1371327 0.1371247 0.1371156 0.5921883 0.8504453
2015 0.138324 0.1371663 0.137149 0.1371156 0.1405874 0.8336835
2016 0.1380093 0.1371191 0.1371274 0.1371155 0.1417438 0.8166626
2017 0.1374734 0.1371327 0.1371379 0.1371156 0.1407842 0.7698327
2018 0.1375026 0.1371389 0.137222 0.1371155 0.1376011 0.7675102
2019 0.1386213 0.1371655 0.1372533 0.1371155 0.2951424 0.782298
2020 0.1403183 0.1371267 0.1379856 0.1372097 0.5182895 0.7718023
2021 0.2701704 0.4406296 0.3818588 0.3197733 0.5104895 0.5897293
2022 0.1456402 0.3503851 0.369373 0.2999216 0.3473423 0.7308399
2023 0.2018663 0.2013844 0.3048366 0.2724758 0.140154 0.6694205

Total abundance: Estimate SD_log
1970 879.4253 0.03756801
1971 1059.129 0.03583651
1972 1242.684 0.03442674
1973 1415.633 0.03354134
1974 1585.024 0.03283249
1975 1746.392 0.03232251
1976 1900.729 0.03193608
1977 2048.22 0.03163851
1978 2189.236 0.03140466
1979 2323.939 0.03122012
1980 2503.587 0.03078231
1981 2722.779 0.03020791
1982 2978.626 0.02955731
1983 3266.873 0.02889452
1984 3584.247 0.02825261
1985 3927.508 0.02765048
1986 4293.88 0.02709447
1987 4679.053 0.02659504
1988 5079.254 0.0261541
1989 5508.031 0.02570724
1990 5975.289 0.02522661
1991 6483.756 0.02471922
1992 7037.182 0.02418603
1993 7639.627 0.02362664
1994 8298.112 0.02303326
1995 9009.097 0.02242931
1996 9774.05 0.0218205
1997 10589.91 0.02122112
1998 11461.49 0.02062699
1999 12386.54 0.02005111
2000 13368.55 0.01949918
2001 14420.55 0.01897133
2002 15534.55 0.01850614
2003 16717.39 0.01813238
2004 17961.57 0.01790703
2005 19267.99 0.01788818
2006 20628.16 0.01814995
2007 22046.92 0.01875438
2008 23528.72 0.01975712
2009 25055.72 0.02122034
2010 25715.56 0.05533089
2011 26411.64 0.04950438
2012 26796.93 0.03238441
2013 27077.52 0.03124142
2014 27381.19 0.03074447
2015 27515.7 0.02977407
2016 27472.35 0.02905673
2017 27552.67 0.02845125
2018 27798.02 0.02789374
2019 27960.85 0.02796078
2020 28302.43 0.02830466
2021 28715.51 0.02846851
2022 30525.72 0.07946009
2023 31978.49 0.1061462
2024 32760.3 0.1490278

Breeding stock abundance: Estimate SD_log Estimate/K
Asia
1970 58.64373 0.07958457 2.613612
1971 71.1411 0.07891266 3.17059
1972 83.22702 0.0784842 3.709231
1973 92.41151 0.08006477 4.118562
1974 103.4772 0.07974556 4.611734
1975 114.0044 0.07957772 5.080906
1976 124.1106 0.07945189 5.531314
1977 133.7166 0.07941158 5.959432
1978 142.8425 0.0794352 6.366149
1979 151.5074 0.07950828 6.752323
1980 163.1023 0.07930966 7.269081
1981 176.5872 0.07927287 7.87007
1982 192.4805 0.07902771 8.578397
1983 210.5138 0.07864667 9.3821
1984 230.3691 0.07820953 10.267
1985 251.9139 0.07772267 11.2272
1986 274.8373 0.07724634 12.24884
1987 299.0405 0.07677022 13.32752
1988 324.2428 0.07633247 14.45073
1989 351.0951 0.07586657 15.64748
1990 380.0034 0.07537082 16.93585
1991 411.3358 0.0748246 18.33226
1992 445.5338 0.07419554 19.85638
1993 482.7772 0.0734966 21.51623
1994 523.2376 0.07274086 23.31946
1995 567.0312 0.07194728 25.27124
1996 614.1855 0.07114719 27.37279
1997 664.6676 0.07037592 29.62266
1998 718.4748 0.0696699 32.02072
1999 775.6981 0.06906214 34.57102
2000 836.5873 0.06858725 37.28471
2001 901.2592 0.06830351 40.16698
2002 969.9679 0.06826952 43.22917
2003 1042.635 0.06858417 46.46777
2004 1119.482 0.06934267 49.89264
2005 1200.382 0.07066783 53.49817
2006 1285.207 0.07268251 57.27863
2007 1373.654 0.07551293 61.22049
2008 1465.369 0.0792767 65.30803
2009 1560.039 0.08406997 69.52723
2010 1660.901 0.09542153 74.0224
2011 1774.635 0.1025027 79.09125
2012 1880.683 0.1097547 83.81757
2013 1971.215 0.1251258 87.85238
2014 2036.279 0.1546583 90.75214
2015 2007.265 0.1534405 89.45902
2016 1912.119 0.1562756 85.21861
2017 1881.889 0.1543043 83.87132
2018 1856.386 0.1523177 82.73473
2019 1832.089 0.1508846 81.65188
2020 1825.222 0.1492218 81.34582
2021 1801.814 0.1513432 80.30259
2022 1862.515 0.2715601 83.00787
2023 1854.454 0.3151841 82.64861
Hawaii
1970 572.7988 0.04185443 3.657652
1971 694.1171 0.04013724 4.43234
1972 815.4689 0.03886571 5.207241
1973 931.6696 0.03801723 5.94925
1974 1043.848 0.03739591 6.665577
1975 1151.262 0.03694067 7.351474
1976 1254.116 0.03659651 8.008256
1977 1352.611 0.03632987 8.637207
1978 1446.894 0.03612042 9.239258
1979 1537.224 0.0359518 9.816064
1980 1657.229 0.03557144 10.58237
1981 1803.985 0.03506861 11.51949
1982 1974.952 0.03451153 12.61121
1983 2167.459 0.03395224 13.84048
1984 2379.416 0.03341603 15.19395
1985 2608.319 0.03292199 16.65562
1986 2853.025 0.03246498 18.21822
1987 3110.143 0.03206197 19.86007
1988 3377.078 0.03171534 21.5646
1989 3663.743 0.03135734 23.39512
1990 3976.433 0.03096694 25.39182
1991 4315.656 0.03056603 27.55796
1992 4685.328 0.03014654 29.91853
1993 5086.952 0.02971454 32.48313
1994 5526.066 0.02925219 35.28713
1995 5998.628 0.02879158 38.30471
1996 6506.448 0.02832959 41.54744
1997 7046.164 0.02788244 44.99383
1998 7622.213 0.02743559 48.67224
1999 8232.294 0.02700126 52.56796
2000 8878.505 0.02658209 56.69439
2001 9568.354 0.0261696 61.09948
2002 10296.72 0.02579172 65.75054
2003 11067.74 0.02545795 70.67396
2004 11874.56 0.02521135 75.82592
2005 12716.28 0.02508424 81.20082
2006 13589.99 0.02512054 86.77996
2007 14494.76 0.02536802 92.55744
2008 15430.82 0.0258784 98.53469
2009 16380.47 0.02673271 104.5988
2010 16799 0.05677533 107.2713
2011 17092.68 0.05286653 109.1467
2012 17253.31 0.03609801 110.1724
2013 17144.55 0.03510652 109.4779
2014 17054.39 0.03402674 108.9021
2015 16927.76 0.03338227 108.0936
2016 16759.69 0.03287511 107.0203
2017 16657.01 0.03233391 106.3646
2018 16612.45 0.03176977 106.0801
2019 16563.51 0.0315806 105.7676
2020 16575.54 0.0322339 105.8444
2021 16655.52 0.03242799 106.3551
2022 17808.44 0.1011009 113.7172
2023 18643.07 0.1363271 119.0468
MX_AR
1970 92.94427 0.06628439 1.52267
1971 112.4185 0.06527676 1.841708
1972 132.3436 0.06442062 2.168134
1973 151.254 0.06390406 2.477936
1974 169.8108 0.06346487 2.781944
1975 187.5626 0.06314891 3.072765
1976 204.5738 0.06291016 3.351453
1977 220.8784 0.0627249 3.618566
1978 236.5076 0.06257723 3.874613
1979 251.4911 0.06245765 4.120081
1980 271.3887 0.06220042 4.446056
1981 295.7 0.06186853 4.844339
1982 324.1019 0.06149426 5.309636
1983 356.1693 0.06111268 5.834984
1984 391.5329 0.060744 6.414331
1985 429.8507 0.06039782 7.042078
1986 470.7876 0.06008075 7.712731
1987 513.9758 0.05979372 8.420266
1988 559.1073 0.0595344 9.159638
1989 607.3857 0.05928029 9.950565
1990 659.8744 0.05901589 10.81047
1991 717.1761 0.05873617 11.74922
1992 779.7698 0.05844668 12.77467
1993 848.1535 0.05814683 13.89497
1994 922.8018 0.05784231 15.1179
1995 1003.738 0.05753904 16.44385
1996 1091.063 0.05724593 17.87445
1997 1184.68 0.05696955 19.40815
1998 1284.883 0.05671564 21.04973
1999 1391.487 0.05649295 22.79619
2000 1505.294 0.05630602 24.66065
2001 1627.35 0.05616163 26.66025
2002 1757.226 0.05608165 28.78796
2003 1895.199 0.05608611 31.04832
2004 2041.487 0.05620129 33.44489
2005 2196.064 0.05645903 35.97727
2006 2358.257 0.05690274 38.63441
2007 2528.105 0.05757015 41.41697
2008 2705.753 0.0585083 44.3273
2009 2890.284 0.05977462 47.3504
2010 3004.753 0.1149188 49.22571
2011 3147.833 0.1064472 51.56973
2012 3239.655 0.07952697 53.07401
2013 3250.539 0.0774848 53.25232
2014 3267.431 0.07554823 53.52906
2015 3263.697 0.07421095 53.46788
2016 3255.972 0.07315055 53.34132
2017 3255.416 0.07219218 53.33222
2018 3269.964 0.07131426 53.57056
2019 3282.292 0.071249 53.77251
2020 3309.414 0.07110783 54.21685
2021 3346.38 0.07137762 54.82245
2022 3598.136 0.1130778 58.94687
2023 3778.893 0.1506093 61.90814
MX_ML
1970 123.7108 0.05830944 0.8617012
1971 145.4178 0.05859498 1.0129
1972 169.6887 0.05816449 1.181958
1973 192.6861 0.05797383 1.342146
1974 214.97 0.0578456 1.497362
1975 235.7791 0.05787538 1.642307
1976 255.53 0.05795145 1.779882
1977 274.2477 0.05806369 1.910259
1978 292.0897 0.05817964 2.034536
1979 308.9967 0.05831655 2.152301
1980 331.8434 0.05830712 2.311439
1981 359.8936 0.05822711 2.50682
1982 392.7355 0.05810336 2.735579
1983 429.7456 0.05797823 2.993371
1984 470.4413 0.05786916 3.276835
1985 514.5352 0.05777096 3.583969
1986 561.4046 0.05770628 3.910435
1987 610.6137 0.05767023 4.253199
1988 661.6621 0.05766776 4.608774
1989 716.0877 0.05767166 4.987872
1990 775.4252 0.05765288 5.401185
1991 840.6743 0.05758797 5.855674
1992 911.2468 0.05755125 6.347243
1993 988.4076 0.05750025 6.884703
1994 1072.895 0.05743554 7.473197
1995 1164.872 0.05735447 8.113857
1996 1264.102 0.05728209 8.805039
1997 1370.795 0.05720976 9.5482
1998 1485.094 0.05715299 10.34435
1999 1607.017 0.05710864 11.1936
2000 1736.974 0.05709798 12.09881
2001 1878.09 0.05707754 13.08174
2002 2028.411 0.05710379 14.1288
2003 2189.82 0.05715607 15.25308
2004 2361.624 0.05727747 16.44977
2005 2544.807 0.05747597 17.72573
2006 2735.837 0.05783663 19.05633
2007 2939.645 0.05829008 20.47595
2008 3158.677 0.0588539 22.0016
2009 3393.161 0.05955805 23.63489
2010 3433.74 0.07737764 23.91754
2011 3558.558 0.08396732 24.78695
2012 3594.117 0.06901309 25.03464
2013 3788.788 0.06454282 26.39061
2014 4000.368 0.06103542 27.86436
2015 4194.989 0.05855634 29.21999
2016 4341.316 0.05717397 30.23922
2017 4480.206 0.05682537 31.20665
2018 4680.201 0.05710761 32.5997
2019 4828.236 0.05844654 33.63083
2020 5037.149 0.05871533 35.086
2021 5255.683 0.05871367 36.6082
2022 5535.141 0.08197333 38.55474
2023 5866.244 0.08873972 40.86103
Central_Am
1970 31.32777 0.08675973 1.586827
1971 36.03434 0.08732886 1.825226
1972 41.95583 0.08734194 2.125164
1973 47.6119 0.0873846 2.411657
1974 52.9179 0.08759391 2.680419
1975 57.78377 0.08780906 2.926887
1976 62.39827 0.08799694 3.160623
1977 66.76568 0.08816695 3.381843
1978 70.90144 0.08832001 3.591329
1979 74.71958 0.0885718 3.784727
1980 80.02307 0.08869016 4.053361
1981 86.61326 0.08871285 4.38717
1982 94.35586 0.08869613 4.779352
1983 102.9855 0.08874466 5.216463
1984 112.4872 0.08876896 5.697748
1985 122.8891 0.08876947 6.224629
1986 133.826 0.08882816 6.778612
1987 145.28 0.08888913 7.358784
1988 157.1637 0.08895213 7.960718
1989 169.7195 0.08904528 8.596703
1990 183.5533 0.08908816 9.297418
1991 198.9141 0.08909327 10.07548
1992 215.304 0.08912212 10.90566
1993 233.337 0.08911383 11.81908
1994 253.1116 0.08911457 12.82071
1995 274.8277 0.08908831 13.92068
1996 298.2519 0.08907644 15.10718
1997 323.6072 0.08905655 16.39149
1998 350.8219 0.08905395 17.76998
1999 380.0419 0.08904365 19.25004
2000 411.1878 0.08905987 20.82765
2001 445.4981 0.08908526 22.56555
2002 482.2256 0.08912255 24.42589
2003 521.9914 0.08919089 26.44012
2004 564.4169 0.08930749 28.58908
2005 610.4547 0.08947478 30.921
2006 658.8633 0.08972764 33.37301
2007 710.753 0.09005586 36.00135
2008 768.1101 0.09047392 38.90663
2009 831.76 0.0910299 42.13065
2010 817.1667 0.09111548 41.39146
2011 837.9334 0.1485206 42.44335
2012 829.1584 0.1092825 41.99887
2013 922.4259 0.101272 46.7231
2014 1022.725 0.09659694 51.8035
2015 1121.984 0.09376777 56.83122
2016 1203.25 0.092475 60.94753
2017 1278.155 0.09234506 64.74166
2018 1379.026 0.09331683 69.85098
2019 1454.723 0.09469225 73.68521
2020 1555.102 0.09514392 78.76964
2021 1656.11 0.09590941 83.88598
2022 1721.491 0.1223888 87.19769
2023 1835.834 0.1184393 92.98944

Feeding stock abundance: Estimate SD_log Estimate/K
RUS+WAL
1970 83.90263 0.09803666 2.229688
1971 102.7391 0.09690652 2.730262
1972 120.7267 0.09628296 3.208276
1973 134.0694 0.09866646 3.562854
1974 150.6199 0.09805562 4.002678
1975 166.5023 0.09759512 4.42475
1976 181.654 0.09727843 4.827402
1977 196.1094 0.09706487 5.211549
1978 209.8911 0.09692739 5.577795
1979 223.0262 0.0968481 5.926857
1980 240.5042 0.09653499 6.391328
1981 260.9118 0.09647441 6.933654
1982 284.9901 0.09618625 7.573527
1983 312.2573 0.09577295 8.298146
1984 342.4623 0.09526008 9.100835
1985 375.1832 0.09471704 9.970382
1986 410.2017 0.09415355 10.90099
1987 447.1338 0.09360936 11.88245
1988 485.7209 0.0930949 12.90789
1989 526.9543 0.09255025 14.00365
1990 571.3255 0.09200781 15.18281
1991 619.6395 0.09141482 16.46674
1992 672.3418 0.09076986 17.86728
1993 729.8572 0.09006918 19.39574
1994 792.4617 0.08932616 21.05944
1995 860.3389 0.08856089 22.86325
1996 933.5484 0.08780305 24.80877
1997 1011.969 0.08709225 26.89279
1998 1095.772 0.08645296 29.11982
1999 1185.17 0.08591844 31.49555
2000 1280.389 0.08553013 34.02596
2001 1381.846 0.08533093 36.72214
2002 1489.684 0.08539463 39.58792
2003 1604.22 0.08579491 42.63166
2004 1725.446 0.08662994 45.85323
2005 1853.343 0.08800798 49.25205
2006 1987.766 0.09005511 52.82431
2007 2128.29 0.09289095 56.55867
2008 2274.589 0.09663015 60.44652
2009 2425.868 0.1013903 64.46673
2010 2592.35 0.1120487 68.89094
2011 2778.469 0.1193666 73.837
2012 2958.881 0.1292511 78.63138
2013 3119.963 0.1450377 82.9121
2014 3282.397 0.1732962 87.22874
2015 3166.679 0.1752164 84.15355
2016 3113.244 0.1729118 82.73354
2017 3067.66 0.1705397 81.52216
2018 3025.946 0.1683561 80.41361
2019 3003.481 0.1658755 79.81661
2020 2969.001 0.1651842 78.90033
2021 2943.448 0.1666764 78.22125
2022 3040.671 0.2942752 80.80492
2023 3026.685 0.3399589 80.43325
EAL+BER+WGOA
1970 260.5716 0.07503052 2.09454
1971 314.3997 0.07516924 2.527224
1972 369.7795 0.0745818 2.97238
1973 423.889 0.07403413 3.407326
1974 475.7656 0.07364987 3.824323
1975 525.5369 0.07336688 4.224398
1976 573.2766 0.07315189 4.608141
1977 619.0946 0.07298266 4.976438
1978 663.0389 0.07284799 5.329673
1979 705.1842 0.0727391 5.668447
1980 760.9427 0.07251337 6.116648
1981 829.4841 0.07217123 6.667601
1982 909.5756 0.07176419 7.311396
1983 1000.047 0.07133117 8.038627
1984 1099.812 0.07089764 8.840568
1985 1207.9 0.07047766 9.709403
1986 1323.407 0.0700784 10.63788
1987 1445.437 0.06970412 11.61879
1988 1573.179 0.06935727 12.64561
1989 1709.68 0.06901219 13.74284
1990 1857.923 0.06863643 14.93445
1991 2019.812 0.06823227 16.23575
1992 2197.149 0.06779337 17.66123
1993 2391.115 0.06732527 19.22038
1994 2602.703 0.06683106 20.92118
1995 2832.361 0.06632167 22.76723
1996 3080.413 0.0658045 24.76113
1997 3346.739 0.06529138 26.90193
1998 3631.953 0.06478741 29.19454
1999 3935.206 0.06432711 31.63217
2000 4259.786 0.06387821 34.24122
2001 4607.832 0.06344191 37.0389
2002 4979.159 0.06305809 40.02373
2003 5373.308 0.06276478 43.19199
2004 5792.578 0.06256899 46.56219
2005 6235.794 0.06252447 50.12488
2006 6702.683 0.06267972 53.87785
2007 7192.109 0.06309364 57.81197
2008 7704.024 0.06381631 61.92688
2009 8234.841 0.06493308 66.19371
2010 8661.732 0.1616042 69.62517
2011 9187.061 0.1483164 73.8479
2012 9519.262 0.09996265 76.51821
2013 9358.635 0.09811371 75.22705
2014 9225.601 0.09617765 74.15769
2015 9111.658 0.09414325 73.24179
2016 9023.272 0.09209754 72.53132
2017 8958.908 0.09000847 72.01395
2018 8917.952 0.08789722 71.68473
2019 8899.245 0.08690311 71.53436
2020 8895.276 0.08622505 71.50246
2021 8909.625 0.08673965 71.61779
2022 9735.801 0.1545921 78.2588
2023 10267.77 0.2201911 82.53489
NGOA
1970 87.46463 0.0756205 2.766113
1971 107.7212 0.07429923 3.406736
1972 127.1632 0.07350629 4.0216
1973 145.8273 0.07298298 4.611862
1974 163.7275 0.07261619 5.177963
1975 180.9073 0.07234613 5.721284
1976 197.2997 0.07217515 6.239701
1977 213.0361 0.07204114 6.737374
1978 228.1388 0.07193431 7.215004
1979 242.6331 0.07184759 7.673393
1980 261.9189 0.07162655 8.283316
1981 285.5298 0.07132385 9.030022
1982 312.9387 0.07100482 9.896843
1983 343.7458 0.07069297 10.87113
1984 377.6511 0.07038871 11.9434
1985 414.2225 0.07011689 13.09999
1986 453.246 0.06986158 14.33413
1987 494.2341 0.06965167 15.6304
1988 537.1218 0.06945409 16.98675
1989 582.8547 0.06925924 18.43307
1990 632.3514 0.06904519 19.99843
1991 686.2718 0.06880992 21.70369
1992 745.028 0.06856144 23.56188
1993 809.0476 0.06829443 25.58653
1994 878.4522 0.06802077 27.78149
1995 953.396 0.06774051 30.15163
1996 1033.873 0.06745885 32.69675
1997 1119.665 0.0671886 35.40996
1998 1210.754 0.06693607 38.2907
1999 1307.398 0.06669683 41.3471
2000 1409.847 0.06647133 44.58711
2001 1518.174 0.06627139 48.01301
2002 1632.295 0.06611591 51.62214
2003 1752.317 0.0660105 55.41789
2004 1877.99 0.06597553 59.39236
2005 2008.695 0.06604312 63.52599
2006 2144.089 0.06623475 67.80787
2007 2283.477 0.06659012 72.21612
2008 2421.197 0.06727966 76.57155
2009 2563.825 0.06812964 81.08224
2010 2519.886 0.07263942 79.69265
2011 2488.231 0.08576808 78.69155
2012 2459.306 0.09175469 77.77677
2013 2426.56 0.09073833 76.74118
2014 2404.114 0.08946453 76.03129
2015 2380.972 0.08843898 75.29942
2016 2363.906 0.08741261 74.7597
2017 2360.022 0.08613171 74.63686
2018 2364.551 0.08479271 74.78011
2019 2365.51 0.0838732 74.81044
2020 2362.933 0.08392369 74.72893
2021 2365.662 0.08452482 74.81523
2022 2530.973 0.1752953 80.04328
2023 2683.498 0.2199685 84.86696
SEA+NBC
1970 313.2389 0.0583282 3.245868
1971 377.6239 0.05795889 3.913043
1972 442.115 0.0574472 4.581318
1973 503.9306 0.0571372 5.221869
1974 563.0241 0.05695137 5.834212
1975 619.5553 0.05683974 6.420003
1976 673.6265 0.05677641 6.980305
1977 725.343 0.05674628 7.516205
1978 774.696 0.05674677 8.027615
1979 821.8763 0.05676365 8.51651
1980 884.658 0.05665424 9.167072
1981 961.3749 0.05647375 9.962034
1982 1050.651 0.05625791 10.88713
1983 1150.915 0.05604542 11.92611
1984 1261.103 0.05584171 13.0679
1985 1379.865 0.05566329 14.29855
1986 1506.884 0.05548387 15.61475
1987 1639.703 0.05535828 16.99106
1988 1776.401 0.05530928 18.40756
1989 1923.929 0.05519903 19.93628
1990 2085.75 0.05500874 21.61312
1991 2260.316 0.05483935 23.42203
1992 2449.707 0.05467076 25.38454
1993 2654.182 0.0545174 27.50337
1994 2878.653 0.05429371 29.8294
1995 3118.302 0.05410505 32.31271
1996 3374.779 0.05391814 34.9704
1997 3644.751 0.05377729 37.76792
1998 3932.168 0.05361973 40.74622
1999 4235.162 0.05347841 43.88593
2000 4553.338 0.05336134 47.18295
2001 4892.626 0.05320712 50.69875
2002 5248.101 0.05308153 54.38227
2003 5623.616 0.0529504 58.27347
2004 6010.651 0.05289876 62.28403
2005 6409.298 0.05292267 66.41493
2006 6819.008 0.05302586 70.66045
2007 7239.672 0.05321859 75.01949
2008 7670.97 0.05351019 79.48872
2009 8103.721 0.05397754 83.973
2010 8190.551 0.06475212 84.87277
2011 8062.371 0.05425652 83.54453
2012 7933.843 0.05433853 82.21268
2013 7841.768 0.05430545 81.25858
2014 7747.681 0.05440468 80.28362
2015 7664.11 0.05457533 79.41763
2016 7593.672 0.05478511 78.68774
2017 7558.671 0.05486959 78.32504
2018 7559.801 0.05481789 78.33675
2019 7553.513 0.05494661 78.2716
2020 7542.03 0.05510726 78.15261
2021 7530.375 0.05525533 78.03183
2022 7916.954 0.1925423 82.03767
2023 8244.835 0.2565251 85.43527
SBC+WA
1970 34.81962 0.117667 1.874109
1971 42.7965 0.1169818 2.303452
1972 50.44655 0.1165841 2.715203
1973 57.78288 0.1163331 3.110069
1974 64.81415 0.1161626 3.488516
1975 71.55629 0.1160415 3.8514
1976 78.02084 0.1159528 4.199344
1977 84.13036 0.116016 4.528179
1978 89.98036 0.1160771 4.843046
1979 95.58853 0.1161325 5.144896
1980 103.1197 0.1160269 5.550248
1981 112.3931 0.1157994 6.049373
1982 123.1373 0.1155828 6.627663
1983 135.3026 0.115296 7.282443
1984 148.7363 0.1149676 8.005489
1985 163.1818 0.1147052 8.782991
1986 178.6256 0.1144304 9.614229
1987 194.9439 0.1141516 10.49254
1988 211.935 0.1139257 11.40706
1989 230.148 0.1136531 12.38734
1990 249.8398 0.1133676 13.44722
1991 271.3093 0.113043 14.60278
1992 294.9075 0.1126227 15.87291
1993 320.6902 0.1121523 17.26062
1994 348.7967 0.1116257 18.77341
1995 379.3065 0.1110433 20.41555
1996 412.2476 0.1104149 22.18855
1997 447.6139 0.1097447 24.09209
1998 485.8808 0.1089479 26.15174
1999 526.5756 0.1081665 28.34207
2000 569.7013 0.1074127 30.66324
2001 616.1405 0.1065456 33.16275
2002 665.6936 0.1056428 35.82987
2003 718.4961 0.1047045 38.67187
2004 774.395 0.103764 41.68054
2005 833.6064 0.1028055 44.8675
2006 893.3769 0.1021785 48.08455
2007 957.2751 0.1014538 51.52376
2008 1029.7 0.1002598 55.42192
2009 1093.264 0.1003217 58.84312
2010 1181.151 0.1001605 63.57353
2011 1268.467 0.1005023 68.27314
2012 1340.745 0.1008981 72.16341
2013 1433.727 0.1005488 77.16803
2014 1522.384 0.1016839 81.93981
2015 1605.07 0.1030505 86.39027
2016 1569.59 0.1027967 84.48063
2017 1540.348 0.1026039 82.90673
2018 1511.319 0.1026411 81.34424
2019 1467.563 0.1036989 78.98915
2020 1505.339 0.1532098 81.02239
2021 1622.403 0.1435732 87.32319
2022 1755.248 0.1425502 94.47335
2023 1827.71 0.1695669 98.37352
OR+CA
1970 97.12797 0.03766241 1.02617
1971 111.4484 0.03789356 1.177467
1972 129.8532 0.03677813 1.371916
1973 147.334 0.03606246 1.556603
1974 163.9731 0.03557198 1.732397
1975 179.1337 0.0353582 1.892571
1976 193.4509 0.03523393 2.043834
1977 207.0064 0.03517069 2.18705
1978 219.6903 0.03517109 2.321056
1979 231.6303 0.03520693 2.447204
1980 248.1433 0.03495862 2.621667
1981 268.5853 0.03454825 2.837638
1982 292.5332 0.03405727 3.090651
1983 319.505 0.03355983 3.375612
1984 349.0821 0.03309079 3.688098
1985 381.3547 0.03263293 4.029062
1986 415.5162 0.0322407 4.389983
1987 451.2011 0.03191497 4.766998
1988 488.0953 0.03165469 5.156791
1989 527.2654 0.03140565 5.570627
1990 570.3999 0.03109702 6.026349
1991 618.2071 0.0307264 6.531438
1992 669.3488 0.03038971 7.071758
1993 725.4351 0.03002755 7.664316
1994 787.2456 0.02963525 8.317353
1995 854.9926 0.02923128 9.033109
1996 928.2891 0.02884911 9.807496
1997 1007.474 0.0284916 10.6441
1998 1092.658 0.02816983 11.54408
1999 1183.926 0.02789573 12.50833
2000 1281.387 0.02769023 13.53802
2001 1389.133 0.02749434 14.67637
2002 1504.422 0.02740443 15.89442
2003 1629.635 0.02741401 17.21731
2004 1763.106 0.02759165 18.62745
2005 1907.753 0.02793724 20.15566
2006 2061.333 0.02854708 21.77825
2007 2225.394 0.02943421 23.51158
2008 2406.544 0.03056342 25.42546
2009 2610.399 0.03192459 27.57921
2010 2544.791 0.0319891 26.88604
2011 2598.742 0.134566 27.45605
2012 2555.992 0.07861821 27.00439
2013 2855.464 0.06316227 30.16835
2014 3178.315 0.05225744 33.57931
2015 3498.108 0.04434053 36.95796
2016 3779.365 0.03917147 39.92949
2017 4038.365 0.03692636 42.66586
2018 4385.656 0.03711346 46.33502
2019 4652.035 0.03984583 49.14936
2020 4971.847 0.0412429 52.52821
2021 5297.498 0.04289048 55.96876
2022 5500.776 0.08868797 58.11641
2023 5872.198 0.08212976 62.04054

Parameters: Estimate  Std. Error      z value    Pr(>|z^2|)
rval 0.09101247 0.00099742 91.24812383 0
logK 7.71591775 0.62648578 12.31618974 0
logK 9.6588833 0.12888728 74.94054914 0
logK 8.71670492 0.69683808 12.50893876 0
logK 9.57196336 0.49068658 19.50728576 0
logK 7.58793865 0.86273512 8.79521243 0
logBK 3.6179534 0.68585677 5.27508593 1.3e-07
logBK 3.27108658 0.12750968 25.6536325 0
logBK 4.16936106 0.7207217 5.78498064 1e-08
logBK 4.74536252 0.49623757 9.56268299 0
logBK 4.12743818 0.87211908 4.73265436 2.22e-06
MixPars -2.13165705 0.30367539 -7.01952516 0
MixPars -2.8329568 0.20871797 -13.57313333 0
MixPars -0.59269091 0.12349852 -4.79917421 1.59e-06
MixPars -1.39040029 0.09726923 -14.29434855 0
MixPars -2.5832038 0.14751381 -17.51160607 0
MixPars -1.84406138 0.24685955 -7.47008316 0
MixPars -1.8269883 0.20989549 -8.70427614 0
MixPars -1.81291015 0.28739219 -6.30813989 0
MixPars -3.33779364 0.28767495 -11.6026565 0
MixPars -2.09312837 0.25315573 -8.26814538 0
MixPars -1.75599531 0.37459234 -4.68775017 2.76e-06
MixPars -1.98742879 0.32687197 -6.08014435 0
MixPars -1.43499172 0.42002831 -3.41641671 0.00063451
MixPars -1.40554838 0.241324 -5.8243208 1e-08
MixPars 0.57981364 0.17735293 3.26926458 0.00107827
MixPars -2.6428016 0.26893286 -9.82699407 0
AddV 0.16194679 0.06679688 2.42446636 0.0153309
AddV 0.01327028 0.00443944 2.9891806 0.00279727
AddV 0.05956784 0.03747417 1.58957053 0.11193164
omega_sst -0.18000181 0.24448103 -0.73626084 0.46157198
omega_chl -0.90031474 1.04227735 -0.86379574 0.38770011
Kdev 0.09861251 0.93592953 0.10536317 0.91608764
Kdev 0.24347568 0.94515494 0.25760399 0.79671255
Kdev 0.14627653 0.91394145 0.16005022 0.87284152
Kdev 0.06801211 0.9795546 0.06943167 0.94464602
Kdev -0.05105435 1.09483118 -0.04663217 0.96280639
Kdev -0.46910303 0.26031481 -1.80206052 0.07153588
Kdev -0.44234497 0.23165531 -1.90949639 0.05619809
Kdev -0.40539753 0.22643756 -1.79032811 0.07340118
Kdev -0.36929381 0.23630243 -1.5628016 0.11809927
Kdev -0.32574997 0.25756569 -1.26472579 0.20596964
Kdev -0.27060131 0.29402425 -0.9203367 0.35739683
Kdev -0.21695433 0.34056043 -0.6370509 0.52409169
Kdev -0.01319503 1.00027396 -0.01319142 0.98947508
Kdev -0.11796676 1.00837036 -0.11698754 0.90686993
Kdev -0.08148451 1.00402305 -0.08115801 0.9353163
Kdev 0.01936616 1.00101232 0.01934657 0.98456463
Kdev -0.11382989 1.01228391 -0.11244859 0.91046773
Kdev -0.06525364 1.01451725 -0.0643199 0.94871551
Kdev -0.02139498 1.00433547 -0.02130262 0.98300425
Kdev -0.06909741 1.00316156 -0.06887964 0.94508543
Kdev -0.07898068 1.01087245 -0.0781312 0.93772369
Kdev -0.19180465 1.03302678 -0.18567248 0.85270161
Kdev -0.32199846 1.08256139 -0.29744129 0.76612962
Kdev -0.22962201 1.05476754 -0.21769916 0.82766352
Kdev -0.22708376 1.9892777 -0.11415388 0.90911581
Kdev -0.06547254 0.98219586 -0.06665936 0.94685289
Kdev -0.30132968 1.15797085 -0.26022217 0.79469241
Kdev -0.54401552 0.12989305 -4.18818052 2.812e-05
Kdev -0.51258748 0.11911474 -4.30330874 1.683e-05
Kdev -0.47713939 0.11453507 -4.16588019 3.102e-05
Kdev -0.43791067 0.11032523 -3.96927051 7.209e-05
Kdev -0.39964955 0.11308988 -3.53391089 0.00040946
Kdev -0.3574731 0.11590362 -3.08422727 0.00204082
Kdev -0.32437472 0.16283039 -1.99210184 0.04635989
Kdev -0.28225408 0.17338667 -1.62788801 0.10354864
Kdev -0.25790189 0.18260963 -1.41231267 0.15785792
Kdev 0.18063586 1.03080869 0.17523704 0.86089338
Kdev -0.00517095 1.00034628 -0.00516916 0.99587563
Kdev -0.20139778 1.03547555 -0.19449786 0.84578607
Kdev -0.25003989 1.0456549 -0.23912277 0.81101039
Kdev -0.10579649 1.07082879 -0.0987987 0.9212981
Kdev -0.18804718 1.05259999 -0.17865018 0.85821239
Kdev -0.12075202 1.03742776 -0.11639559 0.90733903
Kdev -0.55487956 1.20433287 -0.46073604 0.64498799
Kdev -0.2971898 1.06151067 -0.27996873 0.77950149
Kdev -0.03749504 1.00080686 -0.03746481 0.9701144
Kdev -0.15284292 1.01419975 -0.15070297 0.88021003
Kdev 0.01741149 1.00023136 0.01740747 0.98611155
Kdev -0.51678808 0.1919552 -2.69223272 0.00709754
Kdev -0.47440478 0.2604502 -1.82147979 0.06853396
Kdev -0.4373281 0.21800069 -2.00608586 0.04484709
Kdev -0.41955568 0.13743648 -3.05272438 0.00226774
Kdev -0.38233871 0.13015186 -2.93763532 0.00330726
Kdev -0.34294429 0.11631838 -2.94832415 0.00319502
Kdev -0.30061378 0.11317448 -2.65619763 0.00790273
Kdev -0.25833773 0.11547368 -2.23720013 0.02527326
Kdev -0.2140118 0.12404005 -1.72534438 0.08446543
Kdev -0.22407013 0.13395712 -1.67270044 0.09438628
Kdev -0.23422617 0.17394166 -1.34657891 0.17811589
Kdev -0.23780773 0.1808799 -1.31472725 0.18860159
Kdev 0.08255882 1.02622394 0.08044913 0.93588006
Kdev 0.0468991 1.00413101 0.04670616 0.96274742
Kdev -0.06308795 1.01143875 -0.06237447 0.95026463
Kdev -0.06427264 1.02527156 -0.06268841 0.95001463
Kdev -0.20334085 1.06511138 -0.19091041 0.84859578
Kdev -0.01091462 1.0037342 -0.01087401 0.99132396
Kdev 0.02448188 1.00037302 0.02447275 0.98047552
Kdev -0.25116903 1.07485558 -0.23367701 0.81523574
Kdev -0.10524281 1.02862943 -0.10231363 0.91850774
Kdev -0.06929803 1.00307998 -0.06908525 0.94492176
Kdev -0.14668798 1.02114528 -0.14365046 0.8857765
Kdev -0.15809506 1.02689688 -0.15395417 0.87764587
Kdev -0.36428797 0.24347221 -1.49621989 0.13459636
Kdev -0.43702395 0.16329405 -2.67630053 0.00744399
Kdev -0.43584256 0.08111655 -5.3730412 8e-08
Kdev -0.39893739 0.04721612 -8.44917744 0
Kdev -0.35911471 0.04858774 -7.39105636 0
Kdev -0.31788726 0.04994514 -6.36472859 0
Kdev -0.2752754 0.05138192 -5.35743705 8e-08
Kdev -0.2321913 0.0525041 -4.42234658 9.76e-06
Kdev -0.18910246 0.05383249 -3.51279447 0.00044342
Kdev -0.18249548 0.07073059 -2.58014931 0.00987576
Kdev -0.19383985 0.06465474 -2.99807647 0.00271689
Kdev -0.20071328 0.11740641 -1.7095599 0.08734729
Kdev 0.03500477 1.0189613 0.03435338 0.97259536
Kdev -0.0088676 1.01323685 -0.00875176 0.9930172
Kdev -0.05808762 1.00636036 -0.05772049 0.95397127
Kdev -0.09529636 1.01333074 -0.0940427 0.92507524
Kdev -0.29503948 1.05425315 -0.27985639 0.77958768
Kdev 0.01446809 1.00212556 0.0144374 0.98848102
Kdev -0.1581874 1.01418483 -0.15597492 0.87605279
Kdev -0.06412123 1.04935636 -0.0611053 0.95127535
Kdev -0.09455484 1.00806111 -0.09379871 0.92526905
Kdev -0.22146384 1.02816815 -0.21539651 0.82945819
Kdev -0.09412805 1.01671119 -0.09258091 0.92623651
Kdev -0.08835211 1.0089554 -0.08756791 0.93022011
Kdev 0.23123815 0.895438 0.25824027 0.79622148
Kdev 0.30615568 0.88672765 0.34526461 0.72989545
Kdev 0.00546679 0.81320333 0.00672253 0.99463624
Kdev 0.12416357 0.84666687 0.14664986 0.8834084
Kdev 0.05082389 0.89185284 0.05698685 0.95455567
Kdev 0.05030439 0.96860153 0.05193508 0.95858042
Kdev -0.48637721 0.21686762 -2.24273779 0.02491373
Kdev -0.45200509 0.19076489 -2.36943544 0.01781527
Kdev -0.41298953 0.20924028 -1.97375726 0.04840935
Kdev -0.38074344 0.29961252 -1.27078613 0.20380475
Kdev -0.16554302 0.81104716 -0.20411023 0.83826736
Kdev 0.32683025 0.91246744 0.35818292 0.72020643
Kdev 0.39481643 0.85220025 0.46329068 0.64315603
Kdev 0.08886871 0.82108348 0.10823346 0.9138105
Kdev -0.20368169 1.0249425 -0.19872499 0.84247787
Kdev -0.43244408 1.11848383 -0.38663418 0.69902705
Kdev -0.37825778 1.085847 -0.34835275 0.72757529
Kdev -0.02234759 1.00084803 -0.02232866 0.98218579
Kdev -0.4750297 1.13172215 -0.41974057 0.67467499
Kdev -0.29287347 1.07097358 -0.2734647 0.78449602
Kdev -0.25542291 1.03790243 -0.2460953 0.80560846
Kdev -0.82567351 1.33925774 -0.61651577 0.53755417
Kdev -0.15547698 1.03069421 -0.15084685 0.88009653
Kdev -0.4956825 1.13170589 -0.43799587 0.66138928
Kdev -0.85780694 0.06358324 -13.49108605 0
Kdev -0.75624667 0.42769247 -1.76820198 0.07702714
Kdev -0.82059876 0.17585699 -4.66628451 3.07e-06
Kdev 0.09502195 0.96090216 0.09888827 0.92122698
Kdev 0.15410279 0.79341343 0.19422761 0.84599767
Kdev 0.48750882 0.77532511 0.62877986 0.52949319
Kdev 0.41356901 0.74733279 0.55339337 0.57999408
Kdev 0.36619733 0.78160993 0.46851673 0.63941511
Kdev 0.13684672 0.79516371 0.1720988 0.86335986
Kdev 0.0891654 0.85592179 0.10417471 0.9170307
Kdev 0.20553092 0.94269059 0.21802586 0.82740896
Kdev 0.12397939 0.8265691 0.14999277 0.88077032
Kdev -0.34246355 1.1585065 -0.29560779 0.76752962
Kdev 0.1472642 1.10670004 0.13306605 0.89414114
Kdev -0.01010143 1.01690976 -0.00993345 0.99207438
Kdev 0.2051618 1.08855429 0.18847182 0.85050681
Kdev -0.08282874 1.00512267 -0.08240659 0.93432339
Kdev -0.2313488 1.03621426 -0.22326348 0.82333045
Kdev -0.25067751 1.03724551 -0.24167615 0.80903111
Kdev 0.30257883 1.1283075 0.26817054 0.78856805
Kdev 0.18208927 1.06533498 0.17092208 0.86428504
Kdev -0.08304592 1.01872523 -0.08151945 0.93502886
Kdev 0.26693052 1.09389395 0.24401865 0.80721638
Kdev 0.1483099 1.04655392 0.14171262 0.88730701

Mixing matrix
0.89394222 0.10605778 0 0 0 0 ,# Asia
0.03038897 0.28552957 0.12859092 0.51647997 0.03901057 0 ,# Hawaii
0.09638475 0.60936011 0.09804447 0.09943451 0.02164157 0.07513459 ,# MX_AR
0.04826573 0.2794203 0.03829381 0.06653482 0.06852295 0.4989624 ,# MX_ML
0 0 0 0 0.06643407 0.93356593 ,# Central_Am

Split of breeding stock to feeding grounds over time
Split for: Asia
Year RUS+WAL EAL+BER+WGOA NGOA SEA+NBC SBC+WA OR+CA
1970 0.89602 0.10398 0 0 0 0
1971 0.89652 0.10348 0 0 0 0
1972 0.89343 0.10657 0 0 0 0
1973 0.89403 0.10597 0 0 0 0
1974 0.89447 0.10553 0 0 0 0
1975 0.89481 0.10519 0 0 0 0
1976 0.89508 0.10492 0 0 0 0
1977 0.89529 0.10471 0 0 0 0
1978 0.89547 0.10453 0 0 0 0
1979 0.89565 0.10435 0 0 0 0
1980 0.89585 0.10415 0 0 0 0
1981 0.89565 0.10435 0 0 0 0
1982 0.89553 0.10447 0 0 0 0
1983 0.89546 0.10454 0 0 0 0
1984 0.89544 0.10456 0 0 0 0
1985 0.89544 0.10456 0 0 0 0
1986 0.89547 0.10453 0 0 0 0
1987 0.89551 0.10449 0 0 0 0
1988 0.89556 0.10444 0 0 0 0
1989 0.89562 0.10438 0 0 0 0
1990 0.89564 0.10436 0 0 0 0
1991 0.89565 0.10435 0 0 0 0
1992 0.89564 0.10436 0 0 0 0
1993 0.89563 0.10437 0 0 0 0
1994 0.89562 0.10438 0 0 0 0
1995 0.89562 0.10438 0 0 0 0
1996 0.89561 0.10439 0 0 0 0
1997 0.89561 0.10439 0 0 0 0
1998 0.89566 0.10434 0 0 0 0
1999 0.89569 0.10431 0 0 0 0
2000 0.89568 0.10432 0 0 0 0
2001 0.89568 0.10432 0 0 0 0
2002 0.8957 0.1043 0 0 0 0
2003 0.8957 0.1043 0 0 0 0
2004 0.8957 0.1043 0 0 0 0
2005 0.89571 0.10429 0 0 0 0
2006 0.89572 0.10428 0 0 0 0
2007 0.89572 0.10428 0 0 0 0
2008 0.89573 0.10427 0 0 0 0
2009 0.89575 0.10425 0 0 0 0
2010 0.89756 0.10244 0 0 0 0
2011 0.89872 0.10128 0 0 0 0
2012 0.90149 0.09851 0 0 0 0
2013 0.90819 0.09181 0 0 0 0
2014 0.91348 0.08652 0 0 0 0
2015 0.91315 0.08685 0 0 0 0
2016 0.91271 0.08729 0 0 0 0
2017 0.91225 0.08775 0 0 0 0
2018 0.91172 0.08828 0 0 0 0
2019 0.91126 0.08874 0 0 0 0
2020 0.91082 0.08918 0 0 0 0
2021 0.91054 0.08946 0 0 0 0
2022 0.9061 0.0939 0 0 0 0
2023 0.90138 0.09862 0 0 0 0
2024 0.90211 0.09789 0 0 0 0
Split for: Hawaii
Year RUS+WAL EAL+BER+WGOA NGOA SEA+NBC SBC+WA OR+CA
1970 0.03094 0.28432 0.13076 0.51438 0.0396 0
1971 0.03119 0.28514 0.13159 0.51221 0.03986 0
1972 0.03034 0.28657 0.13219 0.51085 0.04005 0
1973 0.03061 0.28739 0.13252 0.50931 0.04016 0
1974 0.03083 0.28806 0.1328 0.50807 0.04025 0
1975 0.031 0.28864 0.13297 0.50706 0.04033 0
1976 0.03114 0.28917 0.13314 0.50621 0.04035 0
1977 0.03127 0.28966 0.1333 0.50541 0.04037 0
1978 0.03137 0.2901 0.13345 0.50468 0.0404 0
1979 0.03147 0.29046 0.13361 0.50404 0.04042 0
1980 0.03158 0.29085 0.13379 0.50329 0.04048 0
1981 0.03158 0.29137 0.13395 0.50257 0.04053 0
1982 0.0316 0.29197 0.13407 0.50176 0.04059 0
1983 0.03165 0.29258 0.13419 0.50091 0.04067 0
1984 0.03171 0.29322 0.13428 0.50006 0.04073 0
1985 0.03177 0.29379 0.13433 0.49933 0.04079 0
1986 0.03185 0.29445 0.13437 0.49847 0.04086 0
1987 0.03195 0.29527 0.13449 0.49735 0.04093 0
1988 0.03204 0.29587 0.13453 0.49657 0.04099 0
1989 0.0321 0.29629 0.13447 0.49613 0.04101 0
1990 0.03216 0.29681 0.13448 0.4955 0.04104 0
1991 0.03223 0.29743 0.13448 0.49476 0.0411 0
1992 0.03231 0.29816 0.13452 0.49383 0.04117 0
1993 0.03238 0.29877 0.13447 0.49316 0.04123 0
1994 0.03246 0.29954 0.13446 0.49224 0.04131 0
1995 0.03254 0.30035 0.13444 0.49128 0.04139 0
1996 0.03265 0.30136 0.13447 0.49001 0.04151 0
1997 0.03276 0.30238 0.13445 0.48874 0.04167 0
1998 0.03288 0.30338 0.13445 0.48746 0.04183 0
1999 0.03302 0.30453 0.13446 0.48602 0.04196 0
2000 0.03314 0.30566 0.13437 0.48471 0.04211 0
2001 0.03328 0.30693 0.13427 0.48324 0.04228 0
2002 0.03341 0.30812 0.13413 0.48189 0.04245 0
2003 0.03357 0.30958 0.13401 0.4802 0.04264 0
2004 0.03375 0.31119 0.13388 0.47832 0.04286 0
2005 0.03394 0.31297 0.13376 0.47639 0.04295 0
2006 0.03415 0.3148 0.13359 0.47435 0.04312 0
2007 0.03435 0.31669 0.13306 0.47233 0.04357 0
2008 0.03459 0.31885 0.13277 0.47027 0.04352 0
2009 0.03483 0.32103 0.13241 0.46766 0.04406 0
2010 0.03645 0.32961 0.12727 0.46044 0.04623 0
2011 0.03847 0.34358 0.12329 0.44602 0.04865 0
2012 0.04065 0.35239 0.12036 0.43525 0.05136 0
2013 0.04344 0.34923 0.11984 0.43216 0.05533 0
2014 0.04592 0.34673 0.11918 0.42926 0.05892 0
2015 0.04556 0.34535 0.11896 0.42756 0.06257 0
2016 0.04531 0.34511 0.11951 0.42823 0.06184 0
2017 0.04499 0.34453 0.12008 0.42952 0.06088 0
2018 0.04473 0.34458 0.1207 0.43074 0.05924 0
2019 0.04451 0.34464 0.12095 0.43139 0.0585 0
2020 0.04428 0.34457 0.12105 0.43063 0.05947 0
2021 0.04403 0.34375 0.12033 0.42759 0.0643 0
2022 0.04275 0.35084 0.12058 0.42063 0.0652 0
2023 0.04103 0.35417 0.12195 0.41826 0.0646 0
2024 0.04086 0.35019 0.12373 0.42236 0.06287 0
Split for: MX_AR
Year RUS+WAL EAL+BER+WGOA NGOA SEA+NBC SBC+WA OR+CA
1970 0.09841 0.60858 0.09999 0.09932 0.02203 0.07166
1971 0.09896 0.60867 0.10035 0.09864 0.02212 0.07127
1972 0.0962 0.61143 0.10076 0.09833 0.02222 0.07106
1973 0.09684 0.6117 0.10078 0.09779 0.02222 0.07067
1974 0.09735 0.61213 0.10082 0.0974 0.02223 0.07006
1975 0.09777 0.61257 0.10082 0.09708 0.02225 0.06951
1976 0.09811 0.613 0.10083 0.09681 0.02223 0.06901
1977 0.0984 0.61342 0.10085 0.09656 0.02222 0.06854
1978 0.09865 0.61382 0.10088 0.09633 0.02222 0.06809
1979 0.09889 0.61415 0.10093 0.09614 0.02222 0.06767
1980 0.09915 0.61443 0.10098 0.09592 0.02223 0.06729
1981 0.09905 0.61501 0.10101 0.0957 0.02224 0.06699
1982 0.09902 0.61557 0.10099 0.09543 0.02225 0.06674
1983 0.09904 0.61609 0.10095 0.09515 0.02226 0.0665
1984 0.09909 0.61657 0.10087 0.09486 0.02226 0.06635
1985 0.09917 0.61701 0.10079 0.0946 0.02227 0.06617
1986 0.09927 0.61751 0.10067 0.0943 0.02227 0.06597
1987 0.0994 0.61807 0.10058 0.09392 0.02227 0.06575
1988 0.09953 0.61855 0.10048 0.09365 0.02228 0.06551
1989 0.09965 0.6189 0.10035 0.09349 0.02227 0.06534
1990 0.09973 0.61926 0.10023 0.09326 0.02226 0.06526
1991 0.09982 0.61975 0.10011 0.093 0.02226 0.06506
1992 0.0999 0.62028 0.09998 0.09268 0.02226 0.0649
1993 0.09997 0.62073 0.09981 0.09243 0.02227 0.0648
1994 0.10003 0.6212 0.09963 0.09209 0.02227 0.06478
1995 0.1001 0.62169 0.09942 0.09174 0.02227 0.06478
1996 0.10019 0.62224 0.09919 0.09127 0.02228 0.06483
1997 0.10027 0.62278 0.09893 0.09081 0.02231 0.0649
1998 0.1004 0.62325 0.09868 0.09034 0.02234 0.06499
1999 0.10053 0.62382 0.0984 0.08981 0.02234 0.06509
2000 0.1006 0.62433 0.09805 0.08931 0.02236 0.06534
2001 0.1007 0.62492 0.09767 0.08876 0.02238 0.06557
2002 0.1008 0.62542 0.09726 0.08824 0.0224 0.06589
2003 0.1009 0.62606 0.09682 0.08761 0.02241 0.0662
2004 0.10101 0.6267 0.09632 0.0869 0.02243 0.06663
2005 0.10114 0.62747 0.09581 0.08616 0.02238 0.06704
2006 0.10127 0.62822 0.09524 0.0854 0.02237 0.0675
2007 0.10138 0.6289 0.0944 0.08461 0.02249 0.06822
2008 0.10149 0.62948 0.09365 0.08375 0.02234 0.0693
2009 0.10158 0.62991 0.09282 0.08278 0.02248 0.07043
2010 0.1048 0.63773 0.08798 0.08037 0.02325 0.06588
2011 0.10744 0.64575 0.08278 0.07562 0.02377 0.06463
2012 0.11146 0.65018 0.07934 0.07245 0.02463 0.06195
2013 0.11783 0.63745 0.07815 0.07116 0.02625 0.06916
2014 0.12327 0.62638 0.07692 0.06996 0.02767 0.07581
2015 0.12172 0.62082 0.0764 0.06934 0.02924 0.08248
2016 0.12037 0.61696 0.07633 0.06906 0.02874 0.08854
2017 0.11866 0.61142 0.07613 0.06876 0.02808 0.09694
2018 0.11716 0.60727 0.076 0.06848 0.02714 0.10396
2019 0.11571 0.60286 0.07559 0.06807 0.0266 0.11118
2020 0.11416 0.59773 0.07502 0.06739 0.02682 0.11889
2021 0.11286 0.5928 0.07414 0.06652 0.02882 0.12487
2022 0.10902 0.60204 0.07392 0.06511 0.02908 0.12083
2023 0.10418 0.60515 0.07444 0.06447 0.02869 0.12307
2024 0.1038 0.5986 0.07556 0.06513 0.02794 0.12898
Split for: MX_ML
Year RUS+WAL EAL+BER+WGOA NGOA SEA+NBC SBC+WA OR+CA
1970 0.05031 0.2849 0.03987 0.06785 0.07122 0.48585
1971 0.05071 0.28563 0.04011 0.06754 0.07167 0.48433
1972 0.04936 0.28727 0.04032 0.06741 0.07207 0.48356
1973 0.04982 0.28813 0.04043 0.06722 0.07227 0.48214
1974 0.05028 0.28946 0.04061 0.06721 0.0726 0.47984
1975 0.05067 0.29067 0.04075 0.06722 0.07289 0.47779
1976 0.05101 0.29182 0.04088 0.06726 0.07308 0.47594
1977 0.05132 0.29291 0.04102 0.06729 0.07327 0.47419
1978 0.0516 0.29395 0.04114 0.06733 0.07347 0.47251
1979 0.05186 0.29489 0.04127 0.06738 0.07367 0.47092
1980 0.05213 0.29575 0.0414 0.06739 0.07389 0.46945
1981 0.05217 0.2966 0.04149 0.06737 0.07405 0.46832
1982 0.05224 0.29735 0.04155 0.06729 0.07421 0.46738
1983 0.05233 0.29807 0.0416 0.0672 0.07438 0.46643
1984 0.05241 0.2986 0.0416 0.06705 0.07446 0.46588
1985 0.05251 0.29918 0.04162 0.06696 0.07456 0.46518
1986 0.05264 0.29981 0.04163 0.06683 0.07468 0.46441
1987 0.05278 0.30052 0.04165 0.06665 0.07479 0.46361
1988 0.05294 0.30123 0.04167 0.06657 0.07492 0.46267
1989 0.05306 0.30176 0.04167 0.06654 0.07498 0.462
1990 0.05313 0.30209 0.04164 0.06641 0.07499 0.46174
1991 0.05325 0.30272 0.04164 0.06631 0.07509 0.46099
1992 0.05335 0.30332 0.04164 0.06615 0.07519 0.46035
1993 0.05342 0.30374 0.04159 0.06602 0.07524 0.45999
1994 0.05346 0.30402 0.04152 0.06578 0.07526 0.45995
1995 0.0535 0.30427 0.04143 0.06553 0.07528 0.45998
1996 0.05353 0.30443 0.04132 0.06517 0.07528 0.46026
1997 0.05355 0.30455 0.04119 0.06481 0.07535 0.46056
1998 0.05358 0.30459 0.04106 0.06443 0.07539 0.46094
1999 0.05362 0.30468 0.04092 0.06402 0.07538 0.46138
2000 0.05357 0.30444 0.04071 0.06356 0.07531 0.46242
2001 0.05354 0.30426 0.04049 0.06306 0.07525 0.4634
2002 0.05348 0.30387 0.04023 0.06256 0.07516 0.46469
2003 0.05343 0.30356 0.03997 0.06198 0.07507 0.466
2004 0.05333 0.30302 0.03965 0.06131 0.07493 0.46775
2005 0.05327 0.30267 0.03934 0.06064 0.07457 0.4695
2006 0.05319 0.30214 0.03899 0.05992 0.07431 0.47145
2007 0.05299 0.30099 0.03846 0.05908 0.07436 0.47414
2008 0.0527 0.29932 0.0379 0.0581 0.07337 0.47862
2009 0.05235 0.29727 0.03728 0.05699 0.07327 0.48284
2010 0.05554 0.30942 0.03631 0.05686 0.07795 0.46393
2011 0.05737 0.31565 0.03439 0.05386 0.08029 0.45843
2012 0.06049 0.3229 0.03347 0.0524 0.08456 0.44618
2013 0.06071 0.3003 0.03128 0.04883 0.08558 0.47331
2014 0.06068 0.28176 0.0294 0.04584 0.08618 0.49614
2015 0.0573 0.2671 0.02794 0.04346 0.08718 0.51702
2016 0.05476 0.25651 0.02698 0.04184 0.08278 0.53713
2017 0.05158 0.24293 0.02572 0.03982 0.07729 0.56267
2018 0.04913 0.23284 0.02478 0.03827 0.07207 0.58292
2019 0.04679 0.22294 0.02377 0.0367 0.06811 0.60169
2020 0.0444 0.21263 0.02269 0.03495 0.06608 0.61925
2021 0.04247 0.20405 0.0217 0.03338 0.06883 0.62957
2022 0.04182 0.21141 0.02206 0.03331 0.07083 0.62058
2023 0.03956 0.21052 0.02201 0.03267 0.0692 0.62604
2024 0.03839 0.2028 0.02177 0.03215 0.0656 0.63929
Split for: Central_Am
Year RUS+WAL EAL+BER+WGOA NGOA SEA+NBC SBC+WA OR+CA
1970 0 0 0 0 0.0706 0.9294
1971 0 0 0 0 0.07122 0.92878
1972 0 0 0 0 0.07169 0.92831
1973 0 0 0 0 0.07208 0.92792
1974 0 0 0 0 0.0727 0.9273
1975 0 0 0 0 0.07326 0.92674
1976 0 0 0 0 0.0737 0.9263
1977 0 0 0 0 0.07413 0.92587
1978 0 0 0 0 0.07456 0.92544
1979 0 0 0 0 0.07498 0.92502
1980 0 0 0 0 0.0754 0.9246
1981 0 0 0 0 0.07572 0.92428
1982 0 0 0 0 0.07601 0.92399
1983 0 0 0 0 0.07631 0.92369
1984 0 0 0 0 0.07647 0.92353
1985 0 0 0 0 0.07667 0.92333
1986 0 0 0 0 0.07691 0.92309
1987 0 0 0 0 0.07713 0.92287
1988 0 0 0 0 0.0774 0.9226
1989 0 0 0 0 0.07756 0.92244
1990 0 0 0 0 0.07761 0.92239
1991 0 0 0 0 0.07783 0.92217
1992 0 0 0 0 0.07802 0.92198
1993 0 0 0 0 0.07813 0.92187
1994 0 0 0 0 0.07815 0.92185
1995 0 0 0 0 0.07817 0.92183
1996 0 0 0 0 0.07812 0.92188
1997 0 0 0 0 0.07814 0.92186
1998 0 0 0 0 0.07812 0.92188
1999 0 0 0 0 0.07804 0.92196
2000 0 0 0 0 0.07781 0.92219
2001 0 0 0 0 0.0776 0.9224
2002 0 0 0 0 0.07732 0.92268
2003 0 0 0 0 0.07703 0.92297
2004 0 0 0 0 0.07663 0.92337
2005 0 0 0 0 0.07603 0.92397
2006 0 0 0 0 0.07549 0.92451
2007 0 0 0 0 0.07514 0.92486
2008 0 0 0 0 0.07357 0.92643
2009 0 0 0 0 0.07289 0.92711
2010 0 0 0 0 0.08008 0.91992
2011 0 0 0 0 0.08319 0.91681
2012 0 0 0 0 0.08941 0.91059
2013 0 0 0 0 0.08565 0.91435
2014 0 0 0 0 0.08256 0.91744
2015 0 0 0 0 0.08034 0.91966
2016 0 0 0 0 0.07396 0.92604
2017 0 0 0 0 0.06647 0.93353
2018 0 0 0 0 0.06023 0.93977
2019 0 0 0 0 0.05544 0.94456
2020 0 0 0 0 0.05243 0.94757
2021 0 0 0 0 0.05364 0.94636
2022 0 0 0 0 0.05585 0.94415
2023 0 0 0 0 0.0542 0.9458
2024 0 0 0 0 0.05051 0.94949

Difference in mortality over time
Difference for: Asia
Year RUS+WAL EAL+BER+WGOA NGOA SEA+NBC SBC+WA OR+CA
1970 0 0 0 0 0 0
1971 0 0 0 0 0 0
1972 0 0 0 0 0 0
1973 0 0 0 0 0 0
1974 0 0 0 0 0 0
1975 0 0 0 0 0 0
1976 0 0 0 0 0 0
1977 0 0 0 0 0 0
1978 0 0 0 0 0 0
1979 0 0 0 0 0 0
1980 0 0 0 0 0 0
1981 0 0 0 0 0 0
1982 0 0 0 0 0 0
1983 0 0 0 0 0 0
1984 0 0 0 0 0 0
1985 0 0 0 0 0 0
1986 0 0 0 0 0 0
1987 0 0 0 0 0 0
1988 0 0 0 0 0 0
1989 0 0 0 0 0 0
1990 0 0 0 0 0 0
1991 0 0 0 0 0 0
1992 0 0 0 0 0 0
1993 0 0 0 0 0 0
1994 0 0 0 0 0 0
1995 0 0 0 0 0 0
1996 0 0 0 0 0 0
1997 0 0 0 0 0 0
1998 0 0 0 0 0 0
1999 0 0 0 0 0 0
2000 0 0 0 0 0 0
2001 0 0 0 0 0 0
2002 0 0 0 0 0 0
2003 0 0 0 0 0 0
2004 0 0 0 0 0 0
2005 0 0 0 0 0 0
2006 0 0 0 0 0 0
2007 0 0 0 0 0 0
2008 0 0 0 0 0 0
2009 0 0 0 0 0 0
2010 0 0 0 0 0 0
2011 0 0 0 0 0 0
2012 0 0 0 0 0 0
2013 0 0 0 0 0 0
2014 0 0 0 0 0 0
2015 0 0 0 0 0 0
2016 0 0 0 0 0 0
2017 0 0 0 0 0 0
2018 0 0 0 0 0 0
2019 0 0 0 0 0 0
2020 0 0 0 0 0 0
2021 0 0 0 0 0 0
2022 0 0 0 0 0 0
2023 0 0 0 0 0 0
Difference for: Hawaii
Year RUS+WAL EAL+BER+WGOA NGOA SEA+NBC SBC+WA OR+CA
1970 0 0 0 0 0 0
1971 0 0 0 0 0 0
1972 0 0 0 0 0 0
1973 0 0 0 0 0 0
1974 0 0 0 0 0 0
1975 0 0 0 0 0 0
1976 0 0 0 0 0 0
1977 0 0 0 0 0 0
1978 0 0 0 0 0 0
1979 0 0 0 0 0 0
1980 0 0 0 0 0 0
1981 0 0 0 0 0 0
1982 0 0 0 0 0 0
1983 0 0 0 0 0 0
1984 0 0 0 0 0 0
1985 0 0 0 0 0 0
1986 0 0 0 0 0 0
1987 0 0 0 0 0 0
1988 0 0 0 0 0 0
1989 0 0 0 0 0 0
1990 0 0 0 0 0 0
1991 0 0 0 0 0 0
1992 0 0 0 0 0 0
1993 0 0 0 0 0 0
1994 0 0 0 0 0 0
1995 0 0 0 0 0 0
1996 0 0 0 0 0 0
1997 0 0 0 0 0 0
1998 0 0 0 0 0 0
1999 0 0 0 0 0 0
2000 0 0 0 0 0 0
2001 0 0 0 0 0 0
2002 0 0 0 0 0 0
2003 0 0 0 0 0 0
2004 0 0 0 0 0 0
2005 0 0 0 0 0 0
2006 0 0 0 0 0 0
2007 0 0 0 0 0 0
2008 0 0 0 0 0 0
2009 0 0 0 0 0 0
2010 0 0 0 0 0 0
2011 0 0 0 0 0 0
2012 0 0 0 0 0 0
2013 0 0 0 0 0 0
2014 0 0 0 0 0 0
2015 0 0 0 0 0 0
2016 0 0 0 0 0 0
2017 0 0 0 0 0 0
2018 0 0 0 0 0 0
2019 0 0 0 0 0 0
2020 0 0 0 0 0 0
2021 0 0 0 0 0 0
2022 0 0 0 0 0 0
2023 0 0 0 0 0 0
Difference for: MX_AR
Year RUS+WAL EAL+BER+WGOA NGOA SEA+NBC SBC+WA OR+CA
1970 0 0 0 0 0 0
1971 0 0 0 0 0 0
1972 0 0 0 0 0 0
1973 0 0 0 0 0 0
1974 0 0 0 0 0 0
1975 0 0 0 0 0 0
1976 0 0 0 0 0 0
1977 0 0 0 0 0 0
1978 0 0 0 0 0 0
1979 0 0 0 0 0 0
1980 0 0 0 0 0 0
1981 0 0 0 0 0 0
1982 0 0 0 0 0 0
1983 0 0 0 0 0 0
1984 0 0 0 0 0 0
1985 0 0 0 0 0 0
1986 0 0 0 0 0 0
1987 0 0 0 0 0 0
1988 0 0 0 0 0 0
1989 0 0 0 0 0 0
1990 0 0 0 0 0 0
1991 0 0 0 0 0 0
1992 0 0 0 0 0 0
1993 0 0 0 0 0 0
1994 0 0 0 0 0 0
1995 0 0 0 0 0 0
1996 0 0 0 0 0 0
1997 0 0 0 0 0 0
1998 0 0 0 0 0 0
1999 0 0 0 0 0 0
2000 0 0 0 0 0 0
2001 0 0 0 0 0 0
2002 0 0 0 0 0 0
2003 0 0 0 0 0 0
2004 0 0 0 0 0 0
2005 0 0 0 0 0 0
2006 0 0 0 0 0 0
2007 0 0 0 0 0 0
2008 0 0 0 0 0 0
2009 0 0 0 0 0 0
2010 0 0 0 0 0 0
2011 0 0 0 0 0 0
2012 0 0 0 0 0 0
2013 0 0 0 0 0 0
2014 0 0 0 0 0 0
2015 0 0 0 0 0 0
2016 0 0 0 0 0 0
2017 0 0 0 0 0 0
2018 0 0 0 0 0 0
2019 0 0 0 0 0 0
2020 0 0 0 0 0 0
2021 0 0 0 0 0 0
2022 0 0 0 0 0 0
2023 0 0 0 0 0 0
Difference for: MX_ML
Year RUS+WAL EAL+BER+WGOA NGOA SEA+NBC SBC+WA OR+CA
1970 0 0 0 0 0 0
1971 0 0 0 0 0 0
1972 0 0 0 0 0 0
1973 0 0 0 0 0 0
1974 0 0 0 0 0 0
1975 0 0 0 0 0 0
1976 0 0 0 0 0 0
1977 0 0 0 0 0 0
1978 0 0 0 0 0 0
1979 0 0 0 0 0 0
1980 0 0 0 0 0 0
1981 0 0 0 0 0 0
1982 0 0 0 0 0 0
1983 0 0 0 0 0 0
1984 0 0 0 0 0 0
1985 0 0 0 0 0 0
1986 0 0 0 0 0 0
1987 0 0 0 0 0 0
1988 0 0 0 0 0 0
1989 0 0 0 0 0 0
1990 0 0 0 0 0 0
1991 0 0 0 0 0 0
1992 0 0 0 0 0 0
1993 0 0 0 0 0 0
1994 0 0 0 0 0 0
1995 0 0 0 0 0 0
1996 0 0 0 0 0 0
1997 0 0 0 0 0 0
1998 0 0 0 0 0 0
1999 0 0 0 0 0 0
2000 0 0 0 0 0 0
2001 0 0 0 0 0 0
2002 0 0 0 0 0 0
2003 0 0 0 0 0 0
2004 0 0 0 0 0 0
2005 0 0 0 0 0 0
2006 0 0 0 0 0 0
2007 0 0 0 0 0 0
2008 0 0 0 0 0 0
2009 0 0 0 0 0 0
2010 0 0 0 0 0 0
2011 0 0 0 0 0 0
2012 0 0 0 0 0 0
2013 0 0 0 0 0 0
2014 0 0 0 0 0 0
2015 0 0 0 0 0 0
2016 0 0 0 0 0 0
2017 0 0 0 0 0 0
2018 0 0 0 0 0 0
2019 0 0 0 0 0 0
2020 0 0 0 0 0 0
2021 0 0 0 0 0 0
2022 0 0 0 0 0 0
2023 0 0 0 0 0 0
Difference for: Central_Am
Year RUS+WAL EAL+BER+WGOA NGOA SEA+NBC SBC+WA OR+CA
1970 0 0 0 0 0 0
1971 0 0 0 0 0 0
1972 0 0 0 0 0 0
1973 0 0 0 0 0 0
1974 0 0 0 0 0 0
1975 0 0 0 0 0 0
1976 0 0 0 0 0 0
1977 0 0 0 0 0 0
1978 0 0 0 0 0 0
1979 0 0 0 0 0 0
1980 0 0 0 0 0 0
1981 0 0 0 0 0 0
1982 0 0 0 0 0 0
1983 0 0 0 0 0 0
1984 0 0 0 0 0 0
1985 0 0 0 0 0 0
1986 0 0 0 0 0 0
1987 0 0 0 0 0 0
1988 0 0 0 0 0 0
1989 0 0 0 0 0 0
1990 0 0 0 0 0 0
1991 0 0 0 0 0 0
1992 0 0 0 0 0 0
1993 0 0 0 0 0 0
1994 0 0 0 0 0 0
1995 0 0 0 0 0 0
1996 0 0 0 0 0 0
1997 0 0 0 0 0 0
1998 0 0 0 0 0 0
1999 0 0 0 0 0 0
2000 0 0 0 0 0 0
2001 0 0 0 0 0 0
2002 0 0 0 0 0 0
2003 0 0 0 0 0 0
2004 0 0 0 0 0 0
2005 0 0 0 0 0 0
2006 0 0 0 0 0 0
2007 0 0 0 0 0 0
2008 0 0 0 0 0 0
2009 0 0 0 0 0 0
2010 0 0 0 0 0 0
2011 0 0 0 0 0 0
2012 0 0 0 0 0 0
2013 0 0 0 0 0 0
2014 0 0 0 0 0 0
2015 0 0 0 0 0 0
2016 0 0 0 0 0 0
2017 0 0 0 0 0 0
2018 0 0 0 0 0 0
2019 0 0 0 0 0 0
2020 0 0 0 0 0 0
2021 0 0 0 0 0 0
2022 0 0 0 0 0 0
2023 0 0 0 0 0 0

Total survival over time
Values for breeding stock: Asia
Year RUS+WAL EAL+BER+WGOA NGOA SEA+NBC SBC+WA OR+CA
1970 0.945 0.925 NaN NaN NaN NaN
1971 0.948 0.942 NaN NaN NaN NaN
1972 0.917 0.946 NaN NaN NaN NaN
1973 0.949 0.947 NaN NaN NaN NaN
1974 0.949 0.947 NaN NaN NaN NaN
1975 0.95 0.948 NaN NaN NaN NaN
1976 0.95 0.949 NaN NaN NaN NaN
1977 0.95 0.949 NaN NaN NaN NaN
1978 0.95 0.949 NaN NaN NaN NaN
1979 0.95 0.949 NaN NaN NaN NaN
1980 0.949 0.948 NaN NaN NaN NaN
1981 0.95 0.949 NaN NaN NaN NaN
1982 0.95 0.949 NaN NaN NaN NaN
1983 0.95 0.949 NaN NaN NaN NaN
1984 0.95 0.95 NaN NaN NaN NaN
1985 0.95 0.95 NaN NaN NaN NaN
1986 0.951 0.95 NaN NaN NaN NaN
1987 0.951 0.95 NaN NaN NaN NaN
1988 0.951 0.95 NaN NaN NaN NaN
1989 0.951 0.951 NaN NaN NaN NaN
1990 0.951 0.951 NaN NaN NaN NaN
1991 0.951 0.951 NaN NaN NaN NaN
1992 0.951 0.951 NaN NaN NaN NaN
1993 0.951 0.951 NaN NaN NaN NaN
1994 0.952 0.951 NaN NaN NaN NaN
1995 0.952 0.951 NaN NaN NaN NaN
1996 0.952 0.952 NaN NaN NaN NaN
1997 0.952 0.952 NaN NaN NaN NaN
1998 0.952 0.951 NaN NaN NaN NaN
1999 0.952 0.951 NaN NaN NaN NaN
2000 0.952 0.952 NaN NaN NaN NaN
2001 0.952 0.952 NaN NaN NaN NaN
2002 0.952 0.952 NaN NaN NaN NaN
2003 0.952 0.952 NaN NaN NaN NaN
2004 0.952 0.952 NaN NaN NaN NaN
2005 0.952 0.952 NaN NaN NaN NaN
2006 0.952 0.952 NaN NaN NaN NaN
2007 0.952 0.952 NaN NaN NaN NaN
2008 0.952 0.952 NaN NaN NaN NaN
2009 0.952 0.952 NaN NaN NaN NaN
2010 0.952 0.951 NaN NaN NaN NaN
2011 0.952 0.952 NaN NaN NaN NaN
2012 0.952 0.952 NaN NaN NaN NaN
2013 0.946 0.946 NaN NaN NaN NaN
2014 0.96 0.96 NaN NaN NaN NaN
2015 0.926 0.925 NaN NaN NaN NaN
2016 0.954 0.954 NaN NaN NaN NaN
2017 0.954 0.953 NaN NaN NaN NaN
2018 0.952 0.952 NaN NaN NaN NaN
2019 0.958 0.957 NaN NaN NaN NaN
2020 0.946 0.946 NaN NaN NaN NaN
2021 0.945 0.945 NaN NaN NaN NaN
2022 0.944 0.944 NaN NaN NaN NaN
2023 0.943 0.943 NaN NaN NaN NaN
Values for breeding stock: Hawaii
Year RUS+WAL EAL+BER+WGOA NGOA SEA+NBC SBC+WA OR+CA
1970 0.96 0.939 0.959 0.939 0.957 NaN
1971 0.96 0.955 0.959 0.95 0.958 NaN
1972 0.928 0.958 0.959 0.951 0.958 NaN
1973 0.96 0.958 0.959 0.952 0.958 NaN
1974 0.96 0.958 0.959 0.952 0.958 NaN
1975 0.96 0.958 0.959 0.953 0.959 NaN
1976 0.96 0.959 0.959 0.953 0.957 NaN
1977 0.96 0.959 0.959 0.953 0.958 NaN
1978 0.96 0.959 0.959 0.953 0.958 NaN
1979 0.96 0.959 0.959 0.953 0.958 NaN
1980 0.96 0.959 0.959 0.954 0.958 NaN
1981 0.96 0.959 0.959 0.954 0.957 NaN
1982 0.96 0.959 0.959 0.954 0.958 NaN
1983 0.96 0.959 0.959 0.954 0.958 NaN
1984 0.96 0.959 0.959 0.955 0.957 NaN
1985 0.96 0.959 0.959 0.955 0.958 NaN
1986 0.96 0.959 0.958 0.955 0.958 NaN
1987 0.96 0.959 0.959 0.954 0.958 NaN
1988 0.96 0.959 0.959 0.955 0.958 NaN
1989 0.96 0.959 0.959 0.957 0.957 NaN
1990 0.96 0.959 0.959 0.957 0.957 NaN
1991 0.96 0.959 0.959 0.956 0.957 NaN
1992 0.96 0.959 0.959 0.956 0.957 NaN
1993 0.96 0.96 0.959 0.957 0.957 NaN
1994 0.96 0.96 0.959 0.957 0.957 NaN
1995 0.96 0.96 0.959 0.957 0.957 NaN
1996 0.96 0.96 0.959 0.956 0.957 NaN
1997 0.96 0.96 0.959 0.957 0.958 NaN
1998 0.96 0.959 0.959 0.956 0.958 NaN
1999 0.96 0.959 0.959 0.956 0.957 NaN
2000 0.96 0.96 0.959 0.957 0.957 NaN
2001 0.96 0.96 0.959 0.957 0.957 NaN
2002 0.96 0.96 0.959 0.957 0.957 NaN
2003 0.96 0.96 0.959 0.957 0.957 NaN
2004 0.96 0.96 0.959 0.956 0.957 NaN
2005 0.96 0.96 0.959 0.957 0.953 NaN
2006 0.96 0.96 0.959 0.957 0.954 NaN
2007 0.96 0.96 0.957 0.958 0.96 NaN
2008 0.96 0.96 0.958 0.958 0.948 NaN
2009 0.96 0.96 0.958 0.957 0.96 NaN
2010 0.96 0.959 0.96 0.955 0.954 NaN
2011 0.96 0.96 0.958 0.957 0.952 NaN
2012 0.96 0.96 0.957 0.959 0.96 NaN
2013 0.96 0.96 0.958 0.956 0.96 NaN
2014 0.96 0.96 0.955 0.954 0.955 NaN
2015 0.96 0.96 0.955 0.954 0.955 NaN
2016 0.96 0.96 0.958 0.956 0.956 NaN
2017 0.96 0.96 0.959 0.958 0.953 NaN
2018 0.96 0.96 0.958 0.957 0.941 NaN
2019 0.96 0.96 0.958 0.957 0.954 NaN
2020 0.96 0.96 0.96 0.957 0.945 NaN
2021 0.96 0.96 0.957 0.956 0.952 NaN
2022 0.96 0.96 0.96 0.957 0.956 NaN
2023 0.96 0.96 0.957 0.955 0.95 NaN
Values for breeding stock: MX_AR
Year RUS+WAL EAL+BER+WGOA NGOA SEA+NBC SBC+WA OR+CA
1970 0.96 0.939 0.959 0.939 0.957 0.897
1971 0.96 0.955 0.959 0.95 0.958 0.947
1972 0.928 0.958 0.959 0.951 0.958 0.948
1973 0.96 0.958 0.959 0.952 0.958 0.949
1974 0.96 0.958 0.959 0.952 0.959 0.945
1975 0.96 0.959 0.959 0.953 0.959 0.946
1976 0.96 0.959 0.959 0.953 0.958 0.946
1977 0.96 0.959 0.959 0.953 0.958 0.946
1978 0.96 0.959 0.959 0.953 0.958 0.946
1979 0.96 0.959 0.959 0.953 0.958 0.945
1980 0.96 0.959 0.959 0.954 0.958 0.945
1981 0.96 0.959 0.959 0.954 0.957 0.945
1982 0.96 0.959 0.959 0.954 0.958 0.945
1983 0.96 0.959 0.959 0.954 0.958 0.946
1984 0.96 0.959 0.959 0.955 0.957 0.947
1985 0.96 0.959 0.959 0.955 0.958 0.947
1986 0.96 0.959 0.959 0.955 0.958 0.948
1987 0.96 0.959 0.959 0.954 0.958 0.948
1988 0.96 0.959 0.959 0.955 0.958 0.948
1989 0.96 0.959 0.959 0.957 0.957 0.949
1990 0.96 0.959 0.959 0.957 0.957 0.95
1991 0.96 0.96 0.959 0.957 0.958 0.948
1992 0.96 0.96 0.959 0.956 0.957 0.948
1993 0.96 0.96 0.959 0.957 0.957 0.949
1994 0.96 0.96 0.959 0.957 0.957 0.949
1995 0.96 0.96 0.959 0.957 0.957 0.949
1996 0.96 0.96 0.959 0.956 0.957 0.95
1997 0.96 0.96 0.959 0.957 0.958 0.95
1998 0.96 0.959 0.959 0.956 0.958 0.949
1999 0.96 0.959 0.959 0.956 0.957 0.949
2000 0.96 0.96 0.959 0.957 0.957 0.951
2001 0.96 0.96 0.959 0.957 0.957 0.951
2002 0.96 0.96 0.959 0.957 0.957 0.951
2003 0.96 0.96 0.959 0.957 0.957 0.951
2004 0.96 0.96 0.959 0.956 0.957 0.951
2005 0.96 0.96 0.959 0.957 0.953 0.95
2006 0.96 0.96 0.959 0.957 0.954 0.95
2007 0.96 0.96 0.957 0.958 0.96 0.952
2008 0.96 0.96 0.958 0.958 0.948 0.956
2009 0.96 0.96 0.958 0.957 0.96 0.956
2010 0.96 0.959 0.96 0.955 0.954 0.951
2011 0.96 0.96 0.958 0.957 0.952 0.956
2012 0.96 0.96 0.957 0.959 0.96 0.956
2013 0.96 0.96 0.958 0.956 0.96 0.958
2014 0.96 0.96 0.955 0.955 0.956 0.946
2015 0.96 0.96 0.955 0.954 0.955 0.932
2016 0.96 0.96 0.958 0.956 0.956 0.922
2017 0.96 0.96 0.959 0.958 0.953 0.946
2018 0.96 0.96 0.958 0.957 0.941 0.936
2019 0.96 0.96 0.958 0.957 0.954 0.947
2020 0.96 0.96 0.96 0.957 0.945 0.954
2021 0.96 0.96 0.957 0.956 0.952 0.949
2022 0.96 0.96 0.96 0.957 0.956 0.95
2023 0.96 0.96 0.957 0.955 0.95 0.95
Values for breeding stock: MX_ML
Year RUS+WAL EAL+BER+WGOA NGOA SEA+NBC SBC+WA OR+CA
1970 0.951 0.931 0.95 0.931 0.949 0.889
1971 0.952 0.947 0.951 0.942 0.95 0.939
1972 0.921 0.951 0.952 0.944 0.951 0.941
1973 0.954 0.952 0.953 0.945 0.952 0.943
1974 0.954 0.952 0.953 0.946 0.952 0.939
1975 0.954 0.952 0.953 0.947 0.953 0.94
1976 0.954 0.953 0.953 0.947 0.952 0.94
1977 0.954 0.953 0.954 0.948 0.952 0.94
1978 0.954 0.953 0.954 0.948 0.952 0.94
1979 0.954 0.953 0.954 0.948 0.952 0.94
1980 0.955 0.953 0.954 0.948 0.953 0.94
1981 0.955 0.954 0.954 0.949 0.952 0.94
1982 0.955 0.954 0.954 0.949 0.953 0.94
1983 0.955 0.954 0.954 0.95 0.953 0.941
1984 0.955 0.954 0.954 0.95 0.953 0.943
1985 0.955 0.955 0.954 0.951 0.953 0.943
1986 0.956 0.955 0.954 0.951 0.953 0.943
1987 0.956 0.955 0.954 0.95 0.953 0.943
1988 0.956 0.955 0.954 0.951 0.954 0.943
1989 0.956 0.955 0.955 0.953 0.953 0.945
1990 0.956 0.956 0.955 0.953 0.953 0.946
1991 0.956 0.956 0.955 0.953 0.954 0.944
1992 0.956 0.956 0.955 0.952 0.954 0.944
1993 0.956 0.956 0.955 0.954 0.954 0.945
1994 0.956 0.956 0.955 0.953 0.954 0.946
1995 0.957 0.956 0.956 0.954 0.954 0.946
1996 0.957 0.956 0.956 0.953 0.954 0.946
1997 0.957 0.956 0.956 0.953 0.955 0.947
1998 0.957 0.956 0.956 0.953 0.954 0.946
1999 0.957 0.956 0.956 0.953 0.954 0.946
2000 0.957 0.957 0.956 0.954 0.954 0.948
2001 0.957 0.957 0.956 0.954 0.954 0.948
2002 0.957 0.957 0.956 0.955 0.955 0.949
2003 0.957 0.957 0.956 0.954 0.954 0.948
2004 0.957 0.957 0.956 0.954 0.954 0.949
2005 0.957 0.957 0.956 0.953 0.95 0.947
2006 0.958 0.957 0.957 0.954 0.952 0.947
2007 0.957 0.957 0.954 0.955 0.957 0.95
2008 0.958 0.958 0.956 0.955 0.946 0.954
2009 0.957 0.957 0.956 0.955 0.957 0.954
2010 0.957 0.957 0.957 0.952 0.952 0.948
2011 0.957 0.957 0.956 0.954 0.949 0.953
2012 0.957 0.957 0.954 0.956 0.957 0.953
2013 0.957 0.957 0.956 0.953 0.957 0.956
2014 0.957 0.957 0.952 0.951 0.952 0.943
2015 0.957 0.956 0.952 0.95 0.951 0.928
2016 0.957 0.956 0.955 0.952 0.953 0.919
2017 0.957 0.957 0.956 0.955 0.95 0.943
2018 0.957 0.957 0.956 0.954 0.938 0.933
2019 0.957 0.957 0.955 0.954 0.951 0.945
2020 0.955 0.955 0.955 0.952 0.941 0.949
2021 0.958 0.957 0.955 0.953 0.95 0.946
2022 0.958 0.958 0.958 0.955 0.954 0.948
2023 0.957 0.957 0.954 0.952 0.947 0.947
Values for breeding stock: Central_Am
Year RUS+WAL EAL+BER+WGOA NGOA SEA+NBC SBC+WA OR+CA
1970 NaN NaN NaN NaN 0.948 0.888
1971 NaN NaN NaN NaN 0.95 0.939
1972 NaN NaN NaN NaN 0.951 0.941
1973 NaN NaN NaN NaN 0.95 0.941
1974 NaN NaN NaN NaN 0.951 0.938
1975 NaN NaN NaN NaN 0.952 0.939
1976 NaN NaN NaN NaN 0.951 0.94
1977 NaN NaN NaN NaN 0.952 0.94
1978 NaN NaN NaN NaN 0.951 0.939
1979 NaN NaN NaN NaN 0.952 0.939
1980 NaN NaN NaN NaN 0.952 0.939
1981 NaN NaN NaN NaN 0.952 0.94
1982 NaN NaN NaN NaN 0.952 0.939
1983 NaN NaN NaN NaN 0.952 0.94
1984 NaN NaN NaN NaN 0.952 0.942
1985 NaN NaN NaN NaN 0.952 0.942
1986 NaN NaN NaN NaN 0.953 0.943
1987 NaN NaN NaN NaN 0.953 0.943
1988 NaN NaN NaN NaN 0.953 0.943
1989 NaN NaN NaN NaN 0.953 0.944
1990 NaN NaN NaN NaN 0.953 0.946
1991 NaN NaN NaN NaN 0.953 0.944
1992 NaN NaN NaN NaN 0.953 0.944
1993 NaN NaN NaN NaN 0.953 0.945
1994 NaN NaN NaN NaN 0.953 0.946
1995 NaN NaN NaN NaN 0.953 0.945
1996 NaN NaN NaN NaN 0.954 0.946
1997 NaN NaN NaN NaN 0.955 0.946
1998 NaN NaN NaN NaN 0.954 0.946
1999 NaN NaN NaN NaN 0.954 0.946
2000 NaN NaN NaN NaN 0.954 0.948
2001 NaN NaN NaN NaN 0.954 0.948
2002 NaN NaN NaN NaN 0.954 0.948
2003 NaN NaN NaN NaN 0.954 0.948
2004 NaN NaN NaN NaN 0.954 0.948
2005 NaN NaN NaN NaN 0.951 0.947
2006 NaN NaN NaN NaN 0.952 0.947
2007 NaN NaN NaN NaN 0.957 0.95
2008 NaN NaN NaN NaN 0.946 0.954
2009 NaN NaN NaN NaN 0.958 0.954
2010 NaN NaN NaN NaN 0.952 0.948
2011 NaN NaN NaN NaN 0.949 0.953
2012 NaN NaN NaN NaN 0.957 0.953
2013 NaN NaN NaN NaN 0.957 0.956
2014 NaN NaN NaN NaN 0.953 0.944
2015 NaN NaN NaN NaN 0.952 0.929
2016 NaN NaN NaN NaN 0.953 0.92
2017 NaN NaN NaN NaN 0.951 0.943
2018 NaN NaN NaN NaN 0.939 0.933
2019 NaN NaN NaN NaN 0.953 0.946
2020 NaN NaN NaN NaN 0.942 0.951
2021 NaN NaN NaN NaN 0.95 0.946
2022 NaN NaN NaN NaN 0.954 0.948
2023 NaN NaN NaN NaN 0.948 0.948

Numbers over time by herd
Values for breeding stock: Asia
Year RUS+WAL EAL+BER+WGOA NGOA SEA+NBC SBC+WA OR+CA
1970 52 6 0 0 0 0
1971 63 7 0 0 0 0
1972 71 9 0 0 0 0
1973 82 10 0 0 0 0
1974 91 11 0 0 0 0
1975 101 12 0 0 0 0
1976 110 13 0 0 0 0
1977 118 14 0 0 0 0
1978 127 15 0 0 0 0
1979 134 16 0 0 0 0
1980 144 17 0 0 0 0
1981 156 18 0 0 0 0
1982 171 20 0 0 0 0
1983 187 22 0 0 0 0
1984 204 24 0 0 0 0
1985 223 26 0 0 0 0
1986 244 28 0 0 0 0
1987 265 31 0 0 0 0
1988 288 34 0 0 0 0
1989 312 36 0 0 0 0
1990 337 39 0 0 0 0
1991 365 43 0 0 0 0
1992 395 46 0 0 0 0
1993 429 50 0 0 0 0
1994 464 54 0 0 0 0
1995 503 59 0 0 0 0
1996 545 64 0 0 0 0
1997 590 69 0 0 0 0
1998 638 74 0 0 0 0
1999 689 80 0 0 0 0
2000 743 87 0 0 0 0
2001 801 93 0 0 0 0
2002 862 100 0 0 0 0
2003 926 108 0 0 0 0
2004 995 116 0 0 0 0
2005 1067 124 0 0 0 0
2006 1142 133 0 0 0 0
2007 1220 142 0 0 0 0
2008 1302 152 0 0 0 0
2009 1386 161 0 0 0 0
2010 1478 169 0 0 0 0
2011 1582 178 0 0 0 0
2012 1681 184 0 0 0 0
2013 1765 178 0 0 0 0
2014 1860 176 0 0 0 0
2015 1767 168 0 0 0 0
2016 1734 166 0 0 0 0
2017 1706 164 0 0 0 0
2018 1678 162 0 0 0 0
2019 1666 162 0 0 0 0
2020 1638 160 0 0 0 0
2021 1615 159 0 0 0 0
2022 1660 172 0 0 0 0
2023 1642 180 0 0 0 0
Values for breeding stock: Hawaii
Year RUS+WAL EAL+BER+WGOA NGOA SEA+NBC SBC+WA OR+CA
1970 17 160 74 289 22 0
1971 21 196 91 353 27 0
1972 25 232 107 414 32 0
1973 28 266 123 472 37 0
1974 32 299 138 528 42 0
1975 36 331 152 581 46 0
1976 39 361 166 632 50 0
1977 42 390 180 681 54 0
1978 45 418 192 727 58 0
1979 48 445 205 772 62 0
1980 52 480 221 831 67 0
1981 57 524 241 903 73 0
1982 62 574 264 987 80 0
1983 68 632 290 1082 88 0
1984 75 695 318 1186 97 0
1985 83 764 349 1299 106 0
1986 91 837 382 1418 116 0
1987 99 915 417 1541 127 0
1988 108 996 453 1672 138 0
1989 117 1083 492 1814 150 0
1990 128 1178 534 1966 163 0
1991 139 1281 579 2130 177 0
1992 151 1394 629 2308 192 0
1993 164 1517 683 2504 209 0
1994 179 1652 742 2715 228 0
1995 195 1798 805 2941 248 0
1996 212 1956 873 3181 269 0
1997 230 2126 945 3437 293 0
1998 250 2307 1022 3707 318 0
1999 271 2501 1104 3991 345 0
2000 294 2709 1191 4295 373 0
2001 318 2931 1282 4614 404 0
2002 343 3167 1379 4954 436 0
2003 371 3420 1480 5304 471 0
2004 400 3687 1586 5668 508 0
2005 431 3971 1697 6044 545 0
2006 463 4269 1812 6433 585 0
2007 497 4583 1925 6835 631 0
2008 533 4910 2045 7242 670 0
2009 570 5250 2166 7648 721 0
2010 610 5520 2132 7711 774 0
2011 656 5859 2102 7606 830 0
2012 700 6072 2074 7500 885 0
2013 743 5976 2051 7395 947 0
2014 780 5892 2025 7295 1001 0
2015 768 5823 2006 7209 1055 0
2016 757 5769 1998 7158 1034 0
2017 748 5729 1997 7143 1012 0
2018 741 5707 1999 7134 981 0
2019 735 5695 1999 7128 967 0
2020 732 5698 2002 7121 983 0
2021 731 5709 1998 7101 1068 0
2022 760 6237 2144 7478 1159 0
2023 762 6581 2266 7772 1200 0
Values for breeding stock: MX_AR
Year RUS+WAL EAL+BER+WGOA NGOA SEA+NBC SBC+WA OR+CA
1970 9 55 9 9 2 7
1971 11 68 11 11 2 8
1972 13 80 13 13 3 9
1973 15 92 15 15 3 11
1974 16 104 17 16 4 12
1975 18 115 19 18 4 13
1976 20 125 21 20 5 14
1977 22 135 22 21 5 15
1978 23 145 24 23 5 16
1979 25 154 25 24 6 17
1980 27 166 27 26 6 18
1981 29 181 30 28 7 20
1982 32 199 33 31 7 22
1983 35 219 36 34 8 24
1984 39 241 39 37 9 26
1985 43 265 43 41 10 28
1986 47 290 47 44 10 31
1987 51 317 52 48 11 34
1988 56 345 56 52 12 37
1989 60 375 61 57 14 40
1990 66 408 66 61 15 43
1991 71 444 72 67 16 47
1992 78 483 78 72 17 51
1993 85 526 85 78 19 55
1994 92 572 92 85 21 60
1995 100 623 100 92 22 65
1996 109 678 108 99 24 71
1997 119 737 117 107 26 77
1998 129 799 127 116 29 83
1999 140 867 137 125 31 90
2000 151 939 147 134 34 98
2001 164 1016 159 144 36 107
2002 177 1098 171 155 39 116
2003 191 1185 183 166 42 125
2004 206 1278 196 177 46 136
2005 222 1376 210 189 49 147
2006 238 1479 224 201 53 159
2007 256 1588 238 214 57 172
2008 274 1702 253 226 60 187
2009 293 1819 268 239 65 203
2010 314 1913 264 241 70 198
2011 338 2030 260 238 75 203
2012 361 2104 257 234 80 200
2013 383 2071 254 231 85 225
2014 402 2043 251 228 90 247
2015 396 2018 248 225 95 268
2016 390 2000 247 224 93 287
2017 385 1986 247 223 91 315
2018 382 1978 248 223 88 339
2019 379 1974 248 223 87 364
2020 377 1975 248 223 89 393
2021 377 1979 247 222 96 417
2022 392 2162 265 234 104 434
2023 393 2281 281 243 108 464
Values for breeding stock: MX_ML
Year RUS+WAL EAL+BER+WGOA NGOA SEA+NBC SBC+WA OR+CA
1970 6 34 5 8 8 57
1971 7 41 6 10 10 69
1972 8 48 7 11 12 81
1973 9 55 8 13 14 92
1974 11 61 9 14 15 102
1975 12 68 9 16 17 111
1976 13 73 10 17 18 120
1977 14 79 11 18 20 128
1978 15 85 12 19 21 136
1979 16 90 13 21 22 143
1980 17 97 14 22 24 154
1981 19 105 15 24 26 166
1982 20 115 16 26 29 181
1983 22 126 18 29 32 198
1984 24 139 19 31 35 217
1985 27 152 21 34 38 237
1986 29 166 23 37 41 258
1987 32 181 25 40 45 280
1988 35 197 27 44 49 303
1989 38 214 30 47 53 327
1990 41 232 32 51 58 355
1991 44 252 35 55 62 384
1992 48 274 38 60 68 415
1993 52 297 41 65 74 450
1994 57 323 44 70 80 489
1995 62 351 48 76 87 531
1996 67 381 52 82 94 577
1997 73 414 56 88 102 626
1998 79 448 60 95 111 678
1999 85 485 65 102 120 735
2000 92 525 70 110 130 797
2001 100 567 75 117 140 863
2002 108 612 81 126 151 935
2003 116 660 87 135 163 1012
2004 125 710 93 144 176 1096
2005 134 763 99 153 188 1184
2006 144 820 106 163 202 1279
2007 155 879 112 173 217 1384
2008 166 940 119 183 231 1504
2009 177 1004 126 192 247 1631
2010 189 1054 124 194 265 1580
2011 203 1116 122 191 284 1621
2012 216 1155 120 187 302 1595
2013 229 1133 118 184 323 1786
2014 240 1115 116 181 341 1963
2015 236 1098 115 179 358 2126
2016 232 1085 114 177 350 2272
2017 228 1075 114 176 342 2490
2018 225 1069 114 176 331 2675
2019 223 1064 113 175 325 2872
2020 221 1061 113 174 330 3089
2021 221 1061 113 174 358 3274
2022 229 1160 121 183 389 3405
2023 230 1222 128 190 402 3634
Values for breeding stock: Central_Am
Year RUS+WAL EAL+BER+WGOA NGOA SEA+NBC SBC+WA OR+CA
1970 0 0 0 0 2 27
1971 0 0 0 0 3 33
1972 0 0 0 0 3 38
1973 0 0 0 0 3 43
1974 0 0 0 0 4 48
1975 0 0 0 0 4 52
1976 0 0 0 0 5 57
1977 0 0 0 0 5 61
1978 0 0 0 0 5 64
1979 0 0 0 0 5 68
1980 0 0 0 0 6 72
1981 0 0 0 0 6 78
1982 0 0 0 0 7 85
1983 0 0 0 0 8 93
1984 0 0 0 0 8 102
1985 0 0 0 0 9 111
1986 0 0 0 0 10 121
1987 0 0 0 0 11 132
1988 0 0 0 0 12 143
1989 0 0 0 0 13 154
1990 0 0 0 0 14 167
1991 0 0 0 0 15 180
1992 0 0 0 0 17 195
1993 0 0 0 0 18 212
1994 0 0 0 0 19 230
1995 0 0 0 0 21 250
1996 0 0 0 0 23 271
1997 0 0 0 0 25 294
1998 0 0 0 0 27 319
1999 0 0 0 0 29 345
2000 0 0 0 0 32 375
2001 0 0 0 0 34 406
2002 0 0 0 0 37 440
2003 0 0 0 0 40 476
2004 0 0 0 0 43 515
2005 0 0 0 0 46 557
2006 0 0 0 0 49 601
2007 0 0 0 0 53 651
2008 0 0 0 0 56 707
2009 0 0 0 0 60 767
2010 0 0 0 0 65 743
2011 0 0 0 0 69 762
2012 0 0 0 0 74 750
2013 0 0 0 0 79 840
2014 0 0 0 0 83 923
2015 0 0 0 0 87 1001
2016 0 0 0 0 85 1070
2017 0 0 0 0 84 1173
2018 0 0 0 0 81 1261
2019 0 0 0 0 80 1355
2020 0 0 0 0 81 1459
2021 0 0 0 0 88 1545
2022 0 0 0 0 95 1606
2023 0 0 0 0 98 1715

Catch numbers by breeding stock
Year Asia Hawaii MX_AR MX_ML Central_Am
1970 0.9 0 0 1.1 0.3
1971 0.9 0 0 1.2 0.3
1972 1 0 0 1.3 0.3
1973 1.1 0 0 1.3 0.4
1974 1.2 0.1 0 1.4 0.4
1975 1.2 0.1 0 1.5 0.4
1976 1.3 0.1 0 1.6 0.4
1977 1.4 0.1 0 1.6 0.4
1978 1.5 0.1 0 1.7 0.5
1979 1.6 0.1 0 1.8 0.5
1980 1.8 0.1 0 1.9 0.5
1981 1.9 0.1 0 2 0.5
1982 2 0.1 0 2.1 0.6
1983 2.2 0.1 0 2.2 0.6
1984 2.3 0.1 0 2.4 0.6
1985 2.5 0.1 0 2.5 0.7
1986 2.6 0.1 0 2.6 0.7
1987 2.8 0.1 0 2.8 0.7
1988 3 0.1 0 2.9 0.8
1989 3.2 0.1 0 3.1 0.8
1990 3.5 0.2 0 3.2 0.8
1991 3.7 0.2 0 3.4 0.9
1992 4 0.2 0 3.6 0.9
1993 4.3 0.2 0 3.8 1
1994 4.6 0.2 0 4 1
1995 4.9 0.2 0 4.2 1.1
1996 5.2 0.2 0 4.4 1.1
1997 5.6 0.2 0 4.7 1.2
1998 6 0.2 0 4.9 1.2
1999 6.4 0.2 0 5.2 1.3
2000 6.9 0.3 0 5.5 1.4
2001 7.3 0.3 0 5.8 1.4
2002 7.9 0 0 5.8 1.5
2003 8.4 0 0 5.8 1.6
2004 9 0 0 6.7 1.7
2005 9.6 0 0 8.1 1.8
2006 10.3 1 0 6.8 1.8
2007 11.1 0 0 7.7 1.9
2008 11.8 0 0 7.9 2
2009 12.7 0 0 9 2.1
2010 13.6 0 0 9.3 2.2
2011 14.5 0.8 0 10.6 2.4
2012 15.5 0 0 10.9 2.5
2013 28 0 0 10.8 2.6
2014 0 5 0 13 2.7
2015 72 0 0 14.2 2.9
2016 12 0.1 0 14.2 3
2017 12 0.1 0 13.4 3.2
2018 16 0.1 0 13.4 3.3
2019 4 0.4 0 13.4 1.7
2020 26.8 0.4 0 23.8 5
2021 28.6 0.4 0 12.8 4.7
2022 30.7 0.4 0 10.5 3.7
2023 32.8 0.4 0 18.4 4.2

Catch numbers by feeding ground
Year RUS+WAL EAL+BER+WGOA NGOA SEA+NBC SBC+WA OR+CA
1970 0 5.7 0.1 6.8 0.1 6.4
1971 0 1.8 0.1 4 0.1 1.5
1972 4 0.8 0.1 4.1 0.1 1.6
1973 0 0.8 0.1 4.3 0.1 1.7
1974 0 0.8 0.1 4.5 0.1 2.5
1975 0 0.8 0.2 4.7 0.1 2.7
1976 0 0.8 0.2 4.9 0.2 2.9
1977 0 0.8 0.2 5.2 0.2 3.1
1978 0 0.8 0.2 5.4 0.2 3.3
1979 0 1 0.2 5.6 0.2 3.5
1980 0 1 0.2 5.9 0.2 3.9
1981 0 1 0.3 6.1 0.3 4.2
1982 0 1 0.4 6.5 0.3 4.5
1983 0 1 0.4 6.7 0.3 4.8
1984 0 1 0.5 7.1 0.4 4.6
1985 0 1 0.5 6.7 0.4 5
1986 0 1 0.7 7.8 0.4 5.4
1987 0 1 0.7 10 0.5 5.8
1988 0 1.1 0.8 8.5 0.5 6.3
1989 0 0.9 0.8 6.1 0.6 6.1
1990 0 1 0.8 7.4 0.7 5.8
1991 0 1 0.9 8.2 0.7 7.6
1992 0 1.1 0.9 9.8 0.8 8.3
1993 0 1.1 1 7.1 0.9 8.6
1994 0 1.2 1 9.3 1 8.8
1995 0 1.2 1 9.3 1.1 9.6
1996 0 1.2 1.1 12.7 1.2 9.9
1997 0 1.2 1.3 12.7 0.9 10.7
1998 0 3 1.4 14.7 1.2 12
1999 0 2.6 1.4 17.4 1.7 13.5
2000 0 1.2 1.5 14.1 1.5 11.6
2001 0 1.2 1.8 16.4 1.7 13.4
2002 0 2.4 1.9 13.8 1.9 13.7
2003 0 1.4 2 18.9 2.3 16
2004 0 1.4 2.3 22 2.5 15.9
2005 0 1.6 2.3 23.3 5.8 20.1
2006 0 1.6 2.4 22.7 5.3 22.1
2007 0 0.1 7.3 18.4 0 18.1
2008 0 0.1 4.3 19.7 12.4 8.8
2009 0 0.1 4.3 24.1 0 9.8
2010 0 6.1 0.8 44.5 7 24.5
2011 0 3.1 4 28.4 11 11.9
2012 0 4.1 8.8 11.6 0 10
2013 0 0.1 4 31.6 0 4.7
2014 0 0.1 11.8 43.7 7 45.2
2015 0 4.1 12 51 9.1 103.4
2016 0 4.1 4.8 34.8 7.1 150.3
2017 0 4.1 2.1 16.3 11.1 60.3
2018 0 1.1 4 26.6 30.1 111.1
2019 0 4.1 6 27.3 9.1 61
2020 0 1.1 0 24 23 31.2
2021 0 2.2 7 33.7 13 62.4
2022 0 4.3 0.8 22.3 8 56
2023 0 3.6 9.1 40.1 19.2 59.7
