Stock structure: B2F1; Model type = BC
Mortality impacts feeding grounds
Recuitment related to unfished
Staying rate: 0
Age-at-matrity: 8
Base adult survival: 0
Sigma for survival devs: 
Additional variance estimated
Weight for mark-recapture proportions: 1
Weight for genetics proportions: 1


Total objective fn: 260.670231910053
Negative log-likelihood fn: 152.024858776631

Natural Survival by feeding ground
RUS+WAL,EAL+BER,GOA,SEA+NBC,SBC+WA,OR+CA
1970 0.96 0.96 0.96 0.96 0.96 0.96
1971 0.96 0.96 0.96 0.96 0.96 0.96
1972 0.96 0.96 0.96 0.96 0.96 0.96
1973 0.96 0.96 0.96 0.96 0.96 0.96
1974 0.96 0.96 0.96 0.96 0.96 0.96
1975 0.96 0.96 0.96 0.96 0.96 0.96
1976 0.96 0.96 0.96 0.96 0.96 0.96
1977 0.96 0.96 0.96 0.96 0.96 0.96
1978 0.96 0.96 0.96 0.96 0.96 0.96
1979 0.96 0.96 0.96 0.96 0.96 0.96
1980 0.96 0.96 0.96 0.96 0.96 0.96
1981 0.96 0.96 0.96 0.96 0.96 0.96
1982 0.96 0.96 0.96 0.96 0.96 0.96
1983 0.96 0.96 0.96 0.96 0.96 0.96
1984 0.96 0.96 0.96 0.96 0.96 0.96
1985 0.96 0.96 0.96 0.96 0.96 0.96
1986 0.96 0.96 0.96 0.96 0.96 0.96
1987 0.96 0.96 0.96 0.96 0.96 0.96
1988 0.96 0.96 0.96 0.96 0.96 0.96
1989 0.96 0.96 0.96 0.96 0.96 0.96
1990 0.96 0.96 0.96 0.96 0.96 0.96
1991 0.96 0.96 0.96 0.96 0.96 0.96
1992 0.96 0.96 0.96 0.96 0.96 0.96
1993 0.96 0.96 0.96 0.96 0.96 0.96
1994 0.96 0.96 0.96 0.96 0.96 0.96
1995 0.96 0.96 0.96 0.96 0.96 0.96
1996 0.96 0.96 0.96 0.96 0.96 0.96
1997 0.96 0.96 0.96 0.96 0.96 0.96
1998 0.96 0.96 0.96 0.96 0.96 0.96
1999 0.96 0.96 0.96 0.96 0.96 0.96
2000 0.96 0.9770406 0.9616878 0.956387 0.9907483 0.9660749
2001 0.96 0.9772155 0.8601824 0.9877833 0.9988827 0.968432
2002 0.96 0.9799225 0.9353034 0.9780166 0.9999819 0.9751213
2003 0.96 0.9626024 0.9772514 0.9804154 0.9998708 0.9797784
2004 0.96 0.9805385 0.7606818 0.9622653 0.9964763 0.9772282
2005 0.96 0.9706132 0.8726865 0.9382288 0.9977735 0.9646198
2006 0.96 0.9857753 0.9976493 0.9673046 0.999999 0.8687662
2007 0.96 0.9857209 0.9696796 0.923209 0.9995177 0.9499243
2008 0.96 0.9897198 0.940675 0.994593 0.9999991 0.9276254
2009 0.96 0.9200373 0.9919991 0.9518727 0.9929598 0.9612328
2010 0.96 0.9691568 0.9975884 0.9932659 1 0.9560261
2011 0.96 0.8690899 0.9854821 0.9056567 0.9910579 0.9567235
2012 0.96 0.9878683 0.9732726 0.9728189 0.9763839 0.9649998
2013 0.96 0.9721638 0.8980371 0.7690832 0.9924453 0.9779514
2014 0.96 0.9753129 0.6803695 0.7904897 0.9940225 0.9822215
2015 0.96 0.7343325 0.9365805 0.8926158 0.9999222 0.984764
2016 0.96 0.9356025 0.5389623 0.7269979 0.9999977 0.9801938
2017 0.96 0.7354532 0.9499675 0.9685503 0.9961032 0.9750741
2018 0.96 0.78719 0.9791833 0.9083384 1 0.9705268
2019 0.96 0.9379208 0.7566224 0.9122884 0.9956532 0.9685792
2020 0.96 0.9662926 0.6466555 0.9382794 0.9856653 0.9734852
2021 0.96 0.9558856 0.9397754 0.9216718 0.9893918 0.9569507
2022 0.96 0.8740206 0.7616396 0.9208803 0.9941275 0.9674748
2023 0.96 0.9804949 0.9575079 0.94007 0.9997961 0.9647839

Naturak Survival by breeding stock
RUS+WAL,EAL+BER,GOA,SEA+NBC,SBC+WA,OR+CA
1970 0.96 0.96 0.96 0.96 0.96
1971 0.96 0.96 0.96 0.96 0.96
1972 0.96 0.96 0.96 0.96 0.96
1973 0.96 0.96 0.96 0.96 0.96
1974 0.96 0.96 0.96 0.96 0.96
1975 0.96 0.96 0.96 0.96 0.96
1976 0.96 0.96 0.96 0.96 0.96
1977 0.96 0.96 0.96 0.96 0.96
1978 0.96 0.96 0.96 0.96 0.96
1979 0.96 0.96 0.96 0.96 0.96
1980 0.96 0.96 0.96 0.96 0.96
1981 0.96 0.96 0.96 0.96 0.96
1982 0.96 0.96 0.96 0.96 0.96
1983 0.96 0.96 0.96 0.96 0.96
1984 0.96 0.96 0.96 0.96 0.96
1985 0.96 0.96 0.96 0.96 0.96
1986 0.96 0.96 0.96 0.96 0.96
1987 0.96 0.96 0.96 0.96 0.96
1988 0.96 0.96 0.96 0.96 0.96
1989 0.96 0.96 0.96 0.96 0.96
1990 0.96 0.96 0.96 0.96 0.96
1991 0.96 0.96 0.96 0.96 0.96
1992 0.96 0.96 0.96 0.96 0.96
1993 0.96 0.96 0.96 0.96 0.96
1994 0.96 0.96 0.96 0.96 0.96
1995 0.96 0.96 0.96 0.96 0.96
1996 0.96 0.96 0.96 0.96 0.96
1997 0.96 0.96 0.96 0.96 0.96
1998 0.96 0.96 0.96 0.96 0.96
1999 0.96 0.96 0.96 0.96 0.96
2000 0.96 0.96 0.96 0.96 0.96
2001 0.96 0.96 0.96 0.96 0.96
2002 0.96 0.96 0.96 0.96 0.96
2003 0.96 0.96 0.96 0.96 0.96
2004 0.96 0.96 0.96 0.96 0.96
2005 0.96 0.96 0.96 0.96 0.96
2006 0.96 0.96 0.96 0.96 0.96
2007 0.96 0.96 0.96 0.96 0.96
2008 0.96 0.96 0.96 0.96 0.96
2009 0.96 0.96 0.96 0.96 0.96
2010 0.96 0.96 0.96 0.96 0.96
2011 0.96 0.96 0.96 0.96 0.96
2012 0.96 0.96 0.96 0.96 0.96
2013 0.96 0.96 0.96 0.96 0.96
2014 0.96 0.96 0.96 0.96 0.96
2015 0.96 0.96 0.96 0.96 0.96
2016 0.96 0.96 0.96 0.96 0.96
2017 0.96 0.96 0.96 0.96 0.96
2018 0.96 0.96 0.96 0.96 0.96
2019 0.96 0.96 0.96 0.96 0.96
2020 0.96 0.96 0.96 0.96 0.96
2021 0.96 0.96 0.96 0.96 0.96
2022 0.96 0.96 0.96 0.96 0.96
2023 0.96 0.96 0.96 0.96 0.96

Fecundity by feeding ground
RUS+WAL,EAL+BER,GOA,SEA+NBC,SBC+WA,OR+CA
1970 0.9611464 0.9615445 0.9601479 0.9575628 0.9619818 0.9662395
1971 0.9612171 0.9616123 0.960159 0.957684 0.9620272 0.9663264
1972 0.9590224 0.9591068 0.957285 0.9543528 0.9596276 0.964989
1973 0.956664 0.9567124 0.954529 0.9511947 0.9573382 0.9637378
1974 0.9544358 0.9544328 0.9518977 0.9482159 0.9551611 0.9625964
1975 0.9523235 0.952261 0.9493921 0.9454047 0.9530897 0.9615397
1976 0.9503288 0.9501922 0.9470001 0.9427516 0.9511496 0.9605632
1977 0.9484459 0.9482205 0.9447159 0.9402515 0.9493065 0.9596603
1978 0.9466702 0.9463421 0.9425351 0.9378936 0.9475583 0.9588335
1979 0.944997 0.9445599 0.940453 0.9356708 0.9458986 0.9580756
1980 0.9434306 0.9428637 0.9384651 0.9335799 0.9443232 0.957392
1981 0.9419544 0.9412473 0.9365745 0.9316059 0.942857 0.9567699
1982 0.9399036 0.9390308 0.9340022 0.9288725 0.9408255 0.9558682
1983 0.9373452 0.9362703 0.9308039 0.925451 0.9382822 0.9547189
1984 0.9343307 0.9330232 0.9270532 0.9214291 0.9353152 0.9533377
1985 0.9309233 0.9293431 0.922805 0.9168552 0.9319486 0.9517799
1986 0.9271665 0.9252799 0.9181334 0.9118485 0.9282295 0.95007
1987 0.9231167 0.9208826 0.9130801 0.9065147 0.9242353 0.9482354
1988 0.9188179 0.9161981 0.9077042 0.9007934 0.9199801 0.9463049
1989 0.9143118 0.9112581 0.9020472 0.8947029 0.9155334 0.9442692
1990 0.9096446 0.9061118 0.8961549 0.8884157 0.9109331 0.9421382
1991 0.9048422 0.9007907 0.8900756 0.881963 0.9061844 0.9400192
1992 0.8997796 0.8951574 0.8836419 0.8752003 0.9011846 0.9378004
1993 0.8943459 0.8890897 0.8767277 0.8678381 0.8958271 0.9354144
1994 0.8884534 0.8824959 0.8692194 0.8599254 0.8900243 0.9328093
1995 0.8820355 0.8752995 0.8610369 0.8513097 0.8837127 0.9299795
1996 0.8750448 0.8674478 0.8521319 0.842051 0.8768442 0.9268765
1997 0.8674608 0.8589086 0.8424798 0.83201 0.8692678 0.9235094
1998 0.8592698 0.8497294 0.8320604 0.8212446 0.8611444 0.9198841
1999 0.8504734 0.8398372 0.8208724 0.8097959 0.8525467 0.9160131
2000 0.8410941 0.8292098 0.8089474 0.7974926 0.8432785 0.9117593
2001 0.8311456 0.8138429 0.7958904 0.7855716 0.8266479 0.9066536
2002 0.8206375 0.7975971 0.80774 0.7630686 0.8069121 0.9009573
2003 0.8095365 0.7793358 0.7993015 0.7430794 0.785186 0.8941121
2004 0.797819 0.7652154 0.7799859 0.7208295 0.7614876 0.8861209
2005 0.7854413 0.7439052 0.8165829 0.7045117 0.737879 0.8780185
2006 0.7723612 0.7250735 0.8207141 0.6967118 0.7114448 0.8711819
2007 0.7585528 0.6986765 0.7953131 0.6755751 0.6800311 0.8775726
2008 0.7439796 0.6706987 0.7788857 0.6733107 0.6502107 0.8707079
2009 0.7286492 0.6388952 0.7699879 0.6364366 0.613955 0.8679316
2010 0.7125798 0.6398648 0.742633 0.6220335 0.5813297 0.8597422
2011 0.6957909 0.6148294 0.712164 0.5832037 0.5430491 0.8518259
2012 0.6783432 0.6388033 0.6863399 0.5918145 0.5046371 0.8430673
2013 0.6612534 0.600012 0.6639023 0.5617991 0.4744189 0.8316726
2014 0.6411268 0.5708159 0.6736054 0.6404258 0.4335423 0.8181361
2015 0.6265055 0.539196 0.7599997 0.6920648 0.3909613 0.8051563
2016 0.6064704 0.6387704 0.7462765 0.6950532 0.34221 0.7926303
2017 0.5856226 0.6238793 0.8449684 0.7570831 0.294708 0.7775334
2018 0.5647153 0.7002781 0.8241534 0.726902 0.2589077 0.7647626
2019 0.542344 0.7387852 0.8059462 0.7251705 0.2148147 0.7506137
2020 0.5218831 0.7205836 0.8376089 0.7215639 0.1819306 0.7350076
2021 0.5014932 0.6942363 0.879113 0.7082929 0.1595146 0.7174745
2022 0.4812106 0.6741916 0.866938 0.7027532 0.1343693 0.7051161
2023 0.461227 0.6885777 0.8862801 0.6980202 0.1104834 0.6876316

Total abundance: Estimate SD_log
1970 1092.863 0.05033634
1971 1373.956 0.04561163
1972 1604.337 0.04319638
1973 1818.816 0.04172733
1974 2025.731 0.04064772
1975 2220.811 0.03988891
1976 2405.315 0.03932819
1977 2579.654 0.03890442
1978 2744.411 0.03857699
1979 2899.933 0.03832227
1980 3046.533 0.03812471
1981 3261.946 0.03752905
1982 3527.097 0.03679401
1983 3835.945 0.03603926
1984 4183.436 0.03533198
1985 4564.705 0.03470111
1986 4975.469 0.03414771
1987 5409.868 0.03367272
1988 5862.58 0.03326806
1989 6333.562 0.03289746
1990 6821.602 0.03254152
1991 7338.94 0.03220281
1992 7894.46 0.03189036
1993 8496.455 0.03161036
1994 9155.826 0.03135549
1995 9871.997 0.03115623
1996 10649.02 0.03101926
1997 11484.69 0.03096648
1998 12381.37 0.03100349
1999 13332.37 0.03115926
2000 14335.56 0.03145024
2001 15512.74 0.03082208
2002 16733.56 0.02638052
2003 18207.23 0.02498017
2004 19815.56 0.02293733
2005 20849.66 0.02045636
2006 21898.8 0.02431588
2007 23550.04 0.02565662
2008 24973.5 0.02633971
2009 27211.24 0.02862413
2010 28468.87 0.03535946
2011 30949.84 0.03584554
2012 31038.69 0.0363306
2013 33593.21 0.03762778
2014 32952.5 0.0456507
2015 32131.88 0.04002564
2016 30286.79 0.04199977
2017 28508.99 0.04365105
2018 28080.28 0.03948988
2019 27878.62 0.03731897
2020 28642.73 0.03712195
2021 29735.75 0.0372269
2022 31018.49 0.04779196
2023 31249.86 0.07099756
2024 33045.72 0.07633868

Breeding stock abundance: Estimate SD_log Estimate/K
Asia
1 77.14278 0.08061319 1.558629
2 97.65021 0.07697349 1.97297
3 113.7217 0.07549684 2.297686
4 125.9221 0.07626329 2.544189
5 139.7616 0.07574203 2.823809
6 152.7302 0.07543859 3.085832
7 164.9782 0.07523205 3.333295
8 176.4425 0.07513491 3.564926
9 187.1578 0.07512163 3.781424
10 197.1568 0.07517593 3.983448
11 206.4624 0.0752889 4.171463
12 220.2542 0.07504976 4.450117
13 237.3059 0.07464432 4.794638
14 257.209 0.07414803 5.196771
15 279.4806 0.07364138 5.646756
16 303.8762 0.07312051 6.139656
17 329.971 0.0726224 6.666888
18 357.5758 0.07212505 7.224627
19 386.318 0.07165034 7.805347
20 415.9452 0.07119634 8.403949
21 446.2419 0.07076123 9.016079
22 478.1528 0.07032059 9.660821
23 512.4586 0.06984944 10.35395
24 549.5723 0.0693627 11.10381
25 589.8761 0.06886668 11.91813
26 633.6213 0.06837424 12.80198
27 680.9547 0.0679034 13.75832
28 731.9203 0.06747741 14.78806
29 786.3676 0.06713407 15.88814
30 844.1076 0.06690653 17.05474
31 905.0197 0.06683031 18.28544
32 972.2034 0.06686939 19.64285
33 1043.147 0.06715714 21.07624
34 1118.404 0.06774473 22.59675
35 1193.771 0.06857905 24.11951
36 1277.567 0.06999083 25.81256
37 1363.151 0.07193234 27.54173
38 1457.547 0.07450694 29.44896
39 1556.579 0.07790816 31.44984
40 1661.645 0.08186671 33.57264
41 1746.299 0.08643159 35.28304
42 1851.404 0.09160722 37.40662
43 1924.524 0.09653839 38.88398
44 2042.83 0.1030705 41.27428
45 2145.447 0.1109547 43.34762
46 2280.692 0.1182007 46.08015
47 2255.555 0.1297992 45.57228
48 2367.411 0.1387871 47.83227
49 2421.184 0.1503829 48.91873
50 2493.328 0.1622769 50.37635
51 2616.814 0.1727883 52.87133
52 2724.683 0.1850448 55.05077
53 2827.661 0.1978906 57.13139
54 2904.236 0.2125132 58.67853
Hawaii
1 690.1746 0.05482639 2.071698
2 871.3282 0.05068468 2.615467
3 1018.754 0.04865955 3.057995
4 1158.422 0.04737649 3.477239
5 1291.735 0.04648225 3.877402
6 1418.216 0.04584166 4.25706
7 1538.224 0.04536254 4.61729
8 1652.085 0.04499214 4.959066
9 1760.058 0.04469939 5.283169
10 1862.516 0.04446158 5.590717
11 1959.591 0.04426789 5.882107
12 2101.366 0.04376351 6.307675
13 2275.605 0.04315953 6.830686
14 2478.473 0.04254827 7.439636
15 2706.833 0.0419766 8.125103
16 2957.144 0.04146887 8.876464
17 3227.381 0.04101156 9.687635
18 3513.144 0.04061606 10.54541
19 3810.782 0.0402799 11.43883
20 4121.449 0.03995467 12.37136
21 4444.191 0.03962717 13.34013
22 4785.692 0.03932387 14.36522
23 5153.369 0.03904473 15.46888
24 5551.649 0.0388046 16.66439
25 5988.677 0.03858642 17.97622
26 6462.44 0.03843504 19.39832
27 6976.606 0.03835111 20.94169
28 7528.191 0.03836861 22.59738
29 8120.107 0.0384875 24.37414
30 8747.527 0.03874419 26.25747
31 9408.915 0.03916078 28.24275
32 10165.37 0.03854916 30.51342
33 10984.03 0.03409487 32.97077
34 11957.78 0.03291296 35.89369
35 13034.14 0.03050148 39.1246
36 13612.41 0.02777379 40.8604
37 14187.97 0.03127556 42.58806
38 15465.52 0.03308933 46.42287
39 16293.33 0.03269664 48.90771
40 17918.33 0.03458503 53.78549
41 18710.74 0.04060254 56.16405
42 20473.73 0.04098983 61.45603
43 20328.21 0.04075469 61.01921
44 22006.02 0.04360309 66.05549
45 20712.54 0.05819089 62.17287
46 19351.74 0.04638955 58.08814
47 17924.71 0.04871768 53.80462
48 15924.08 0.05086089 47.79934
49 15582.47 0.04874239 46.77393
50 15256.04 0.0440764 45.79406
51 15434.4 0.04311779 46.32946
52 15831.34 0.04669983 47.52097
53 16452.92 0.06250936 49.38675
54 16279.55 0.09426075 48.86634
MX_AR
1 118.7508 0.07555585 0.9628813
2 150.0223 0.07241198 1.216444
3 175.7326 0.07084355 1.424914
4 199.9214 0.06990962 1.621047
5 223.4028 0.06919301 1.811445
6 245.7346 0.06867882 1.99252
7 266.9927 0.0682915 2.164889
8 287.2375 0.06798875 2.329043
9 306.5188 0.06774464 2.485384
10 324.8831 0.06754329 2.634289
11 342.327 0.0673792 2.775732
12 367.6686 0.06699686 2.981212
13 398.7684 0.06655069 3.233383
14 434.9998 0.06610613 3.527163
15 475.8065 0.06569877 3.85804
16 520.6525 0.0653411 4.22167
17 569.0307 0.06503276 4.613942
18 620.3816 0.06476841 5.030317
19 674.2561 0.06453739 5.467154
20 730.3067 0.06433095 5.921636
21 788.3204 0.06413637 6.392035
22 850.0335 0.0639501 6.892431
23 916.5382 0.06378057 7.43168
24 988.8622 0.06362922 8.018113
25 1067.91 0.06349832 8.659068
26 1154.071 0.0633943 9.357693
27 1247.701 0.063322 10.11689
28 1348.861 0.06328631 10.93713
29 1457.581 0.06329214 11.81868
30 1573.143 0.06335625 12.75571
31 1695.671 0.06347836 13.74921
32 1849.765 0.06289405 14.99868
33 1970.303 0.05961347 15.97605
34 2140.872 0.05859181 17.35909
35 2321.11 0.05765074 18.82054
36 2424.485 0.0585967 19.65875
37 2565.354 0.06160242 20.80097
38 2799.647 0.0622131 22.70072
39 3038.54 0.06525726 24.63777
40 3303.153 0.06817396 26.78336
41 3430.345 0.07765528 27.81469
42 3711.477 0.07789093 30.09422
43 3699.706 0.0818648 29.99878
44 4033.067 0.08102303 32.70181
45 4189.944 0.08340741 33.97384
46 4221.202 0.08333201 34.22729
47 3782.925 0.08791855 30.67356
48 3671.58 0.08964235 29.77073
49 3376.07 0.08838803 27.37461
50 3247.469 0.08548617 26.33185
51 3332.87 0.0846373 27.02432
52 3458.515 0.0891594 28.0431
53 3652.498 0.09358331 29.616
54 3618.881 0.125092 29.34341
MX_ML
1 163.7176 0.06360572 0.7334169
2 202.4391 0.06051995 0.90688
3 235.1907 0.05877541 1.0536
4 265.7187 0.05776953 1.190358
5 294.7069 0.05714366 1.320218
6 321.4034 0.05684261 1.439812
7 346.2786 0.05671305 1.551247
8 369.4015 0.05670644 1.654832
9 390.9801 0.05677175 1.7515
10 410.9922 0.05690549 1.841149
11 429.4796 0.05709365 1.923968
12 457.3567 0.05696687 2.048851
13 491.8565 0.05672555 2.203403
14 532.1296 0.05646226 2.383817
15 577.4041 0.05623537 2.586636
16 627.1631 0.05605785 2.809544
17 680.5241 0.05595415 3.048589
18 736.8249 0.0559133 3.300804
19 795.3583 0.05593102 3.56302
20 855.7806 0.05599758 3.833698
21 918.0609 0.05609019 4.112699
22 984.4718 0.05617001 4.410204
23 1054.991 0.0562988 4.726113
24 1131.356 0.05644434 5.068211
25 1214.809 0.05660618 5.442059
26 1305.854 0.05677905 5.849923
27 1404.55 0.05698234 6.292058
28 1511.281 0.0572035 6.770185
29 1625.8 0.05745795 7.283205
30 1747.271 0.05774882 7.827369
31 1875.341 0.05808694 8.40109
32 2036.977 0.05811985 9.125182
33 2205.452 0.0573554 9.879913
34 2409.101 0.05719328 10.79221
35 2627.534 0.05679504 11.77074
36 2835.324 0.05716144 12.70159
37 3029.4 0.06079224 13.57101
38 3101.91 0.06733254 13.89584
39 3316.694 0.06628539 14.85801
40 3531.467 0.0689588 15.82015
41 3721.674 0.06726097 16.67223
42 3995.106 0.06559698 17.89714
43 4102.42 0.06375562 18.37789
44 4447.169 0.06309714 19.92228
45 4732.491 0.06217376 21.20046
46 4996.956 0.06193821 22.3852
47 4943.572 0.06049613 22.14605
48 5081.334 0.06140854 22.76319
49 5131.081 0.05881821 22.98605
50 5224.648 0.05940607 23.4052
51 5495.749 0.05918902 24.61968
52 5832.553 0.06009695 26.12848
53 6110.25 0.06543294 27.37249
54 6349.286 0.07703088 28.44332
Central_Am
1 43.0771 0.09138913 0.9961419
2 52.51663 0.08941025 1.214428
3 60.93755 0.08834464 1.409158
4 68.83118 0.08777134 1.591696
5 76.12526 0.08759552 1.760368
6 82.7268 0.08760574 1.913027
7 88.84109 0.08770819 2.054417
8 94.48732 0.08787624 2.184984
9 99.69634 0.08808616 2.305441
10 104.3846 0.08841575 2.413854
11 108.6731 0.08876558 2.513026
12 115.3001 0.08884604 2.666272
13 123.5621 0.08880882 2.857327
14 133.1335 0.08879626 3.078662
15 143.9122 0.08877851 3.327917
16 155.869 0.08877231 3.604413
17 168.5617 0.08885544 3.897928
18 181.9411 0.08896679 4.20732
19 195.8654 0.08910499 4.529315
20 210.0806 0.08931038 4.858036
21 224.7879 0.08952263 5.198138
22 240.5898 0.08972262 5.56355
23 257.1032 0.08996631 5.945415
24 275.0157 0.09020602 6.359636
25 294.5542 0.09047629 6.811457
26 316.0106 0.09074766 7.307627
27 339.2026 0.0910598 7.843935
28 364.4413 0.09138265 8.427569
29 391.5178 0.09174468 9.053703
30 420.3207 0.09213036 9.719761
31 450.6094 0.09256586 10.42018
32 488.4205 0.09400248 11.29454
33 530.6285 0.09406112 12.27059
34 581.0737 0.09454703 13.43711
35 639.0002 0.09447473 14.77664
36 699.8736 0.09564642 16.18432
37 752.9181 0.1008896 17.41095
38 725.4175 0.1133148 16.77501
39 768.3545 0.1090353 17.76791
40 796.6404 0.112745 18.42201
41 859.819 0.1034057 19.883
42 918.1255 0.09991128 21.23131
43 983.8301 0.09869767 22.75071
44 1064.124 0.09788102 24.60747
45 1172.081 0.0968356 27.10393
46 1281.292 0.09492563 29.6294
47 1380.034 0.09426037 31.91276
48 1464.584 0.09501567 33.86797
49 1569.473 0.09649652 36.29348
50 1657.14 0.09835854 38.32076
51 1762.894 0.09824086 40.76627
52 1888.655 0.09965899 43.67444
53 1975.163 0.1057596 45.67492
54 2097.908 0.1149583 48.51335

Feeding stock abundance: Estimate SD_log Estimate/K
RUS+WAL
1 101.6057 0.1033068 1.408991
2 129.4912 0.09978791 1.795687
3 147.4013 0.1009949 2.044049
4 167.5359 0.1000687 2.323262
5 186.5455 0.09944047 2.586873
6 204.573 0.09896684 2.836864
7 221.5895 0.09862242 3.072836
8 237.6446 0.09837185 3.295475
9 252.7765 0.0981923 3.505313
10 267.0253 0.09806945 3.702905
11 280.3432 0.09801794 3.887588
12 300.0376 0.09760841 4.160695
13 324.3259 0.09704658 4.497506
14 352.5868 0.09641799 4.889408
15 384.3997 0.09574855 5.330564
16 419.2237 0.09508079 5.813478
17 456.7128 0.09441109 6.333348
18 496.3847 0.09375804 6.883488
19 537.876 0.09312299 7.458858
20 580.8444 0.09250608 8.054711
21 624.8964 0.09191863 8.665591
22 671.6173 0.09131176 9.313482
23 721.8964 0.09068808 10.01071
24 776.4929 0.09004838 10.76782
25 835.9766 0.0894008 11.59269
26 900.7449 0.08875951 12.49085
27 971.0382 0.08814397 13.46562
28 1046.865 0.08758396 14.51713
29 1128.197 0.08710777 15.64499
30 1214.885 0.08674774 16.84711
31 1306.599 0.08654489 18.11893
32 1403.538 0.08653151 19.4632
33 1505.827 0.08676275 20.88167
34 1613.921 0.08728684 22.38064
35 1728.084 0.08816766 23.96376
36 1848.71 0.08946719 25.63651
37 1976.117 0.09126086 27.4033
38 2110.421 0.09361616 29.26572
39 2251.812 0.09659563 31.22643
40 2400.023 0.1002605 33.2817
41 2554.687 0.1046639 35.42646
42 2715.51 0.1098312 37.65665
43 2881.849 0.1157936 39.9633
44 3043.748 0.1228801 42.20839
45 3234.954 0.129843 44.85989
46 3370.061 0.1398088 46.73346
47 3560.839 0.1483535 49.37903
48 3755.272 0.1576856 52.07528
49 3948.914 0.1679121 54.76056
50 4155.779 0.1783805 57.6292
51 4341.972 0.1903937 60.21118
52 4528.045 0.2029131 62.79151
53 4712.006 0.2158804 65.34253
54 4891.981 0.2292269 67.8383
EAL+BER
1 274.4288 0.09424873 1.358856
2 349.7923 0.09166792 1.732024
3 410.2181 0.09049292 2.031228
4 467.7427 0.08975525 2.316065
5 522.5125 0.08925737 2.587262
6 574.699 0.08889794 2.845668
7 624.4143 0.08862531 3.091837
8 671.7999 0.08840874 3.32647
9 716.9425 0.08823167 3.549998
10 759.7455 0.08810619 3.76194
11 800.4816 0.08800139 3.963648
12 859.786 0.08770092 4.257299
13 932.6804 0.08733279 4.618241
14 1017.691 0.08694481 5.039176
15 1113.451 0.08656448 5.513339
16 1218.699 0.08620122 6.034483
17 1332.257 0.08585409 6.596778
18 1452.976 0.08551871 7.194528
19 1579.744 0.08519391 7.822226
20 1711.864 0.08485928 8.476432
21 1848.147 0.08452644 9.151248
22 1993.157 0.08417928 9.869273
23 2149.697 0.08382196 10.64439
24 2320.17 0.08345109 11.48851
25 2506.232 0.08307133 12.40981
26 2709.218 0.08268065 13.41491
27 2929.891 0.08228083 14.50759
28 3168.54 0.08187456 15.68928
29 3423.321 0.08150815 16.95085
30 3695.871 0.08113245 18.3004
31 3986.424 0.0807371 19.73909
32 4392.669 0.07875235 21.75065
33 4829.125 0.07717807 23.9118
34 5317.426 0.07455782 26.32966
35 5709.337 0.06981005 28.27023
36 6270.162 0.06731521 31.04721
37 6780.899 0.07214279 33.57616
38 7472.75 0.07324343 37.00192
39 8209.672 0.07949346 40.65084
40 9038.886 0.08154857 44.75676
41 9080.992 0.1080813 44.96525
42 9728.27 0.108586 48.1703
43 9200.317 0.1276856 45.5561
44 10147.59 0.1225272 50.24658
45 10904.5 0.1188326 53.99451
46 11706.48 0.1119491 57.96555
47 9335.648 0.1431243 46.2262
48 9661.752 0.1310126 47.84093
49 7836.171 0.1563001 38.80143
50 6772.39 0.1749118 33.53403
51 7125.623 0.1726307 35.28309
52 7745.545 0.1714251 38.35268
53 8283.221 0.1715936 41.01503
54 7965.623 0.2337165 39.44241
GOA
1 142.8673 0.1366949 1.534744
2 183.0188 0.1351205 1.96607
3 215.0717 0.134497 2.310397
4 245.6694 0.1341372 2.639091
5 274.8808 0.1339148 2.952893
6 302.6825 0.1338129 3.251552
7 329.2251 0.1337534 3.536684
8 354.5718 0.1337198 3.80897
9 378.7718 0.1337031 4.068937
10 401.8768 0.1336978 4.317141
11 423.9359 0.1337005 4.55411
12 455.7234 0.1336737 4.895586
13 494.6208 0.1336629 5.313439
14 539.945 0.1336609 5.800331
15 590.8677 0.1337008 6.347366
16 646.8049 0.1337592 6.948269
17 706.9169 0.1338707 7.594019
18 770.7826 0.1339897 8.280093
19 837.7493 0.1341282 8.999479
20 907.3855 0.1342662 9.747543
21 979.2009 0.1344028 10.51902
22 1055.433 0.1345576 11.33794
23 1137.69 0.1347237 12.22158
24 1227.055 0.1349177 13.18157
25 1324.504 0.1351329 14.22841
26 1430.639 0.1353739 15.36857
27 1545.706 0.1356538 16.60466
28 1669.698 0.1359839 17.93665
29 1802.602 0.1363594 19.36436
30 1944.206 0.1367788 20.88554
31 2093.924 0.137257 22.49387
32 2256.588 0.1365032 24.24128
33 2142.165 0.1027987 23.0121
34 2230.516 0.09997853 23.9612
35 2458.252 0.09510549 26.40764
36 2072.133 0.1011585 22.25979
37 1991.299 0.132617 21.39143
38 2270.324 0.1280858 24.38884
39 2479.108 0.1279281 26.63169
40 2599.57 0.1669101 27.92575
41 2920.262 0.1550803 31.37077
42 3273.69 0.1471213 35.16745
43 3589.168 0.1433432 38.55645
44 3871.465 0.1580686 41.58902
45 3763.11 0.2107954 40.42502
46 2804.161 0.2494761 30.12356
47 2913.939 0.2378443 31.30285
48 1826.425 0.2212243 19.62028
49 1928.757 0.2235322 20.71957
50 2147.854 0.2215666 23.07321
51 1819.972 0.3575 19.55095
52 1316.98 0.5963246 14.1476
53 1384.555 0.6382892 14.87352
54 1167.564 0.8456411 12.5425
SEA+NBC
1 390.0408 0.06529541 1.860319
2 495.6679 0.0617818 2.364112
3 578.5375 0.06038744 2.759363
4 656.6784 0.05957128 3.13206
5 730.3836 0.05907129 3.4836
6 799.9457 0.05875474 3.81538
7 865.5868 0.05855349 4.128459
8 927.419 0.0584358 4.42337
9 985.7162 0.05837242 4.701422
10 1040.655 0.05834945 4.963453
11 1092.298 0.05836336 5.209771
12 1168.65 0.05812455 5.573933
13 1262.627 0.05780586 6.02216
14 1372.266 0.0574617 6.545092
15 1495.394 0.05713748 7.132354
16 1630.972 0.05681937 7.779003
17 1775.861 0.0565606 8.470054
18 1927.316 0.05638548 9.192431
19 2087.455 0.05618217 9.956218
20 2255.971 0.05593283 10.75996
21 2428.092 0.05573222 11.58091
22 2609.988 0.05555937 12.44847
23 2804.481 0.05543639 13.37611
24 3018.592 0.05529237 14.39732
25 3249.641 0.05523364 15.49932
26 3501.062 0.05523934 16.69849
27 3770.163 0.05538194 17.98198
28 4060.272 0.0556333 19.36567
29 4369.001 0.05604816 20.83816
30 4694.689 0.05666321 22.39155
31 5041.905 0.05743963 24.04761
32 5379.753 0.05747337 25.659
33 5983.798 0.05688514 28.54002
34 6540.71 0.05717181 31.19624
35 7152.769 0.05401454 34.11548
36 7618.474 0.05012135 36.33669
37 7863.57 0.05817321 37.50568
38 8434.196 0.06099624 40.22731
39 8542.217 0.0587356 40.74252
40 9501.546 0.05656366 45.31809
41 9914.95 0.06149213 47.28984
42 10952.23 0.06088289 52.23721
43 10788.21 0.0559344 51.45489
44 11578.05 0.06386516 55.22208
45 9626.036 0.1100453 45.91185
46 8274.096 0.06090978 39.46371
47 8136.202 0.06080543 38.80602
48 6551.038 0.06625939 31.2455
49 7188.591 0.09265243 34.28634
50 7252.018 0.06476748 34.58886
51 7355.914 0.05583268 35.0844
52 7665.373 0.1143874 36.56037
53 7826.536 0.132546 37.32905
54 7904.744 0.158643 37.70207
SBC+WA
1 30.08895 0.1117588 1.303782
2 38.42994 0.1068385 1.665205
3 45.03462 0.1044593 1.951391
4 51.31299 0.1029312 2.223439
5 57.28428 0.1018964 2.48218
6 62.96648 0.1011754 2.728395
7 68.27396 0.1008127 2.958373
8 73.31728 0.1005867 3.176905
9 78.10052 0.1004605 3.384167
10 82.64121 0.1004064 3.580919
11 86.9512 0.1004064 3.767675
12 93.17443 0.1000473 4.037333
13 100.8519 0.09947237 4.370003
14 109.8261 0.09882525 4.758865
15 119.8432 0.09828418 5.192915
16 130.8545 0.09781713 5.670044
17 142.7355 0.09745209 6.184859
18 155.2619 0.09726152 6.727642
19 168.4143 0.09717732 7.297544
20 181.9911 0.09724668 7.885841
21 195.8937 0.09745372 8.488254
22 210.6846 0.09769525 9.129158
23 226.5792 0.0979984 9.817882
24 243.8097 0.09836035 10.5645
25 262.5603 0.09878936 11.37698
26 282.9502 0.09930059 12.26049
27 305.0599 0.099911 13.21852
28 329.31 0.1005155 14.2693
29 355.1278 0.1013204 15.38801
30 382.2481 0.1023816 16.56316
31 411.2691 0.1035155 17.82067
32 460.7584 0.08249568 19.96508
33 520.4576 0.07834216 22.5519
34 586.4072 0.08096366 25.40956
35 658.2745 0.08271064 28.52364
36 729.9094 0.06985056 31.62764
37 809.6972 0.06445576 35.08492
38 904.0884 0.06864254 39.17498
39 992.7447 0.07094213 43.01653
40 1100.847 0.07736809 47.7007
41 1199.178 0.06466706 51.96148
42 1312.59 0.07388114 56.87571
43 1426.496 0.06398163 61.81138
44 1515.642 0.0796285 65.67416
45 1632.622 0.06788936 70.74299
46 1752.21 0.06455148 75.92488
47 1887.204 0.07355869 81.77426
48 2014.552 0.09487878 87.29237
49 2105.767 0.1038662 91.24483
50 2222.362 0.1344201 96.29696
51 2300.732 0.1346483 99.69282
52 2352.358 0.1290018 101.9298
53 2412.906 0.1342142 104.5534
54 2465.836 0.1544546 106.8469
OR+CA
1 132.4313 0.05276829 0.7675471
2 167.6563 0.04674434 0.9717044
3 194.7734 0.04396361 1.12887
4 220.0765 0.0421898 1.275522
5 243.0244 0.04111928 1.408524
6 264.2441 0.04042519 1.531509
7 283.8251 0.03998559 1.644997
8 301.9013 0.03972355 1.749763
9 318.4035 0.03960782 1.845407
10 333.4892 0.039596 1.932841
11 347.0229 0.03969045 2.011279
12 368.1747 0.0392315 2.133871
13 394.4918 0.03856005 2.2864
14 425.3301 0.03782535 2.465134
15 460.4811 0.03709364 2.668862
16 498.7509 0.03647601 2.890667
17 539.6856 0.03598469 3.127916
18 582.7458 0.03561891 3.377485
19 627.3423 0.03537584 3.635958
20 673.8056 0.03519746 3.905251
21 721.9714 0.03506536 4.184411
22 771.4609 0.03503965 4.471243
23 824.5173 0.03505588 4.778747
24 882.336 0.03510617 5.113854
25 945.8124 0.03519533 5.481751
26 1014.783 0.03536078 5.881491
27 1090.157 0.03559172 6.318346
28 1171.508 0.03591285 6.789841
29 1258.524 0.03633576 7.294171
30 1350.77 0.03686469 7.828812
31 1451.434 0.03740535 8.41224
32 1570.135 0.0426973 9.100209
33 1703.285 0.04405289 9.871923
34 1861.851 0.04573305 10.79094
35 2047.34 0.04569161 11.866
36 2237.676 0.04833269 12.96915
37 2403.214 0.06060917 13.92858
38 2293.662 0.0813879 13.29363
39 2430.942 0.073406 14.08929
40 2508.268 0.08078723 14.53745
41 2690.805 0.06384092 15.5954
42 2880.853 0.05717575 16.69688
43 3089.25 0.05441789 17.90471
44 3354.913 0.05145806 19.44444
45 3662.78 0.04870971 21.22879
46 3956.173 0.04361818 22.92923
47 4222.561 0.04097491 24.47317
48 4577.353 0.04030677 26.52948
49 4866.38 0.04300124 28.20462
50 5201.218 0.04603236 30.14528
51 5563.214 0.04536489 32.24334
52 5962.648 0.04790491 34.55839
53 6262.568 0.05994135 36.29667
54 6666.61 0.07584171 38.63842

Parameters: Estimate  Std. Error      z value    Pr(>|z^2|)
rval 0.09109738 0.00200205 45.50201886 0
logK 8.50702186 0.74041811 11.48948384 0
logK 10.41374618 0.37191032 28.00069189 0
logK 9.42002207 0.7563845 12.45401251 0
logK 10.01335445 0.57235792 17.49491721 0
logK 8.37202723 0.86855703 9.63900692 0
logBK 4.19519865 0.78826982 5.32203385 1e-07
logBK 3.90566407 0.38131949 10.24249782 0
logBK 4.68257287 0.77317637 6.05628036 0
logBK 4.95699194 0.57157093 8.67257531 0
logBK 4.64829359 0.86744699 5.35859096 8e-08
MixPars -1.78688661 0.29644973 -6.0276209 0
MixPars -3.00575683 0.21204638 -14.17499739 0
MixPars -0.78578738 0.12926066 -6.07909144 0
MixPars -1.21313815 0.14768524 -8.21434923 0
MixPars -2.97066114 0.12251423 -24.247479 0
MixPars -1.66120945 0.24172539 -6.87230015 0
MixPars -0.79915782 0.22113181 -3.61394326 0.00030158
MixPars -1.6559673 0.28801513 -5.74958434 1e-08
MixPars -3.43957571 0.28724808 -11.97423374 0
MixPars -1.77579077 0.25110163 -7.0720001 0
MixPars -1.72655677 0.36885973 -4.68079495 2.86e-06
MixPars -1.44065962 0.35931953 -4.00941088 6.087e-05
MixPars -1.0456132 0.406255 -2.57378545 0.01005926
MixPars -1.67084314 0.24100484 -6.93281973 0
MixPars 0.84049106 0.17987564 4.67262311 2.97e-06
MixPars -2.98076039 0.2695436 -11.05854631 0
AddV 0.03924576 0.01800592 2.17960278 0.02928692
AddV 0.01467712 0.00488486 3.00461392 0.00265918
AddV 0.02641601 0.01850174 1.42775795 0.15336154
log_sigmaEnv -0.0695668 0.22683679 -0.30668216 0.75908531
omega_sst 0.41405725 0.25114357 1.64868743 0.09921169
omega_sst 0.36773672 0.51746766 0.71064676 0.47730316
omega_sst 0.28434421 0.41925123 0.67821915 0.49763275
omega_sst -0.14917825 2.52025371 -0.05919176 0.95279937
omega_sst 0.04404555 0.42790609 0.10293275 0.91801635
omega_mld 0.46327205 0.23762959 1.94955542 0.05122913
omega_mld -1.16688567 0.83844234 -1.39173036 0.16400406
omega_mld -0.74569679 0.59747936 -1.24807122 0.21200498
omega_mld -23.21652608 45.48411651 -0.51043151 0.60974919
omega_mld 0.19659016 0.48727925 0.40344456 0.68662121

Mixing matrix
0.85654514 0.14345486 0 0 0 0 ,# Asia
0.02670268 0.24585289 0.1603538 0.53943416 0.02765647 0 ,# Hawaii
0.09346145 0.49213767 0.22131802 0.09395267 0.01578694 0.08334326 ,# MX_AR
0.04164486 0.23409682 0.05542746 0.08227947 0.0440309 0.54252049 ,# MX_ML
0 0 0 0 0.04830266 0.95169734 ,# Central_Am

Split of breeding stock to feeding grounds over time
Split for: Asia
Year RUS+WAL EAL+BER GOA SEA+NBC SBC+WA OR+CA
1970 0.85774 0.14226 0 0 0 0
1971 0.85836 0.14164 0 0 0 0
1972 0.8553 0.1447 0 0 0 0
1973 0.85552 0.14448 0 0 0 0
1974 0.85571 0.14429 0 0 0 0
1975 0.85588 0.14412 0 0 0 0
1976 0.85604 0.14396 0 0 0 0
1977 0.85619 0.14381 0 0 0 0
1978 0.85633 0.14367 0 0 0 0
1979 0.8565 0.1435 0 0 0 0
1980 0.85666 0.14334 0 0 0 0
1981 0.85681 0.14319 0 0 0 0
1982 0.85695 0.14305 0 0 0 0
1983 0.85708 0.14292 0 0 0 0
1984 0.8572 0.1428 0 0 0 0
1985 0.85731 0.14269 0 0 0 0
1986 0.85742 0.14258 0 0 0 0
1987 0.85753 0.14247 0 0 0 0
1988 0.85764 0.14236 0 0 0 0
1989 0.85773 0.14227 0 0 0 0
1990 0.85783 0.14217 0 0 0 0
1991 0.85792 0.14208 0 0 0 0
1992 0.85803 0.14197 0 0 0 0
1993 0.85813 0.14187 0 0 0 0
1994 0.85824 0.14176 0 0 0 0
1995 0.85836 0.14164 0 0 0 0
1996 0.85848 0.14152 0 0 0 0
1997 0.8586 0.1414 0 0 0 0
1998 0.8588 0.1412 0 0 0 0
1999 0.85898 0.14102 0 0 0 0
2000 0.85913 0.14087 0 0 0 0
2001 0.85651 0.14349 0 0 0 0
2002 0.854 0.146 0 0 0 0
2003 0.85111 0.14889 0 0 0 0
2004 0.85128 0.14872 0 0 0 0
2005 0.84844 0.15156 0 0 0 0
2006 0.84746 0.15254 0 0 0 0
2007 0.84389 0.15611 0 0 0 0
2008 0.84055 0.15945 0 0 0 0
2009 0.8367 0.1633 0 0 0 0
2010 0.84499 0.15501 0 0 0 0
2011 0.8445 0.1555 0 0 0 0
2012 0.85956 0.14044 0 0 0 0
2013 0.85515 0.14485 0 0 0 0
2014 0.85375 0.14625 0 0 0 0
2015 0.85211 0.14789 0 0 0 0
2016 0.88446 0.11554 0 0 0 0
2017 0.88662 0.11338 0 0 0 0
2018 0.9105 0.0895 0 0 0 0
2019 0.92536 0.07464 0 0 0 0
2020 0.92523 0.07477 0 0 0 0
2021 0.9227 0.0773 0 0 0 0
2022 0.92114 0.07886 0 0 0 0
2023 0.92691 0.07309 0 0 0 0
2024 0.92294 0.07706 0 0 0 0
Split for: Hawaii
Year RUS+WAL EAL+BER GOA SEA+NBC SBC+WA OR+CA
1970 0.02711 0.2472 0.15936 0.53834 0.02799 0
1971 0.02728 0.24751 0.16023 0.53688 0.0281 0
1972 0.02671 0.24838 0.161 0.53572 0.02819 0
1973 0.02682 0.24904 0.16161 0.53427 0.02826 0
1974 0.02693 0.24968 0.16217 0.53288 0.02833 0
1975 0.02704 0.25031 0.16267 0.53158 0.0284 0
1976 0.02714 0.25094 0.16315 0.53034 0.02842 0
1977 0.02725 0.25158 0.16363 0.5291 0.02845 0
1978 0.02735 0.2522 0.1641 0.52787 0.02848 0
1979 0.02744 0.25277 0.16457 0.5267 0.02852 0
1980 0.02754 0.25335 0.16504 0.52551 0.02856 0
1981 0.02764 0.25396 0.16547 0.52435 0.02857 0
1982 0.02774 0.25461 0.16588 0.52318 0.02859 0
1983 0.02784 0.25524 0.16626 0.52204 0.02862 0
1984 0.02794 0.25589 0.16662 0.52092 0.02863 0
1985 0.02803 0.25648 0.16693 0.51993 0.02863 0
1986 0.02813 0.25714 0.16723 0.51885 0.02865 0
1987 0.02824 0.25792 0.16761 0.51756 0.02868 0
1988 0.02833 0.25856 0.16788 0.51654 0.02869 0
1989 0.02841 0.25906 0.16803 0.51583 0.02868 0
1990 0.02849 0.2596 0.16823 0.51502 0.02866 0
1991 0.02858 0.26018 0.16842 0.51417 0.02865 0
1992 0.02867 0.26082 0.16865 0.51321 0.02865 0
1993 0.02875 0.26133 0.16878 0.51251 0.02863 0
1994 0.02885 0.26192 0.16896 0.51165 0.02861 0
1995 0.02894 0.26252 0.16913 0.51081 0.0286 0
1996 0.02905 0.26324 0.16936 0.50976 0.02859 0
1997 0.02915 0.26395 0.16954 0.50873 0.02863 0
1998 0.02928 0.26462 0.16977 0.50769 0.02865 0
1999 0.02941 0.26539 0.17002 0.50652 0.02866 0
2000 0.02952 0.26614 0.17017 0.5055 0.02867 0
2001 0.02949 0.27163 0.16979 0.49933 0.02976 0
2002 0.02941 0.27644 0.14914 0.51389 0.03112 0
2003 0.0291 0.27982 0.1427 0.51614 0.03224 0
2004 0.02872 0.27581 0.14432 0.51792 0.03323 0
2005 0.02956 0.29026 0.11652 0.52835 0.03532 0
2006 0.03045 0.30129 0.10744 0.52322 0.03761 0
2007 0.02995 0.30461 0.11233 0.51459 0.03853 0
2008 0.03049 0.31792 0.11648 0.49491 0.0402 0
2009 0.02967 0.31834 0.11104 0.50041 0.04055 0
2010 0.03042 0.30683 0.11962 0.50074 0.04238 0
2011 0.02967 0.30033 0.12247 0.50514 0.04239 0
2012 0.03184 0.28595 0.13513 0.5007 0.04639 0
2013 0.03133 0.29169 0.13473 0.49667 0.04558 0
2014 0.03542 0.33357 0.13934 0.43937 0.05227 2e-05
2015 0.04024 0.38397 0.11121 0.40446 0.06012 0
2016 0.04601 0.33043 0.12466 0.429 0.0699 0
2017 0.05474 0.38482 0.0879 0.38856 0.08398 0
2018 0.05914 0.31957 0.09501 0.43638 0.0899 0
2019 0.0636 0.28204 0.10802 0.44943 0.09691 0
2020 0.06607 0.29354 0.09049 0.45063 0.09927 0
2021 0.06761 0.31139 0.06387 0.45806 0.09906 0
2022 0.06803 0.3202 0.06454 0.44952 0.0977 0
2023 0.07198 0.31199 0.05512 0.45974 0.10117 0
2024 0.0708 0.32493 0.05576 0.44999 0.09852 0
Split for: MX_AR
Year RUS+WAL EAL+BER GOA SEA+NBC SBC+WA OR+CA
1970 0.09488 0.49476 0.21992 0.09375 0.01597 0.08071
1971 0.09528 0.49433 0.22065 0.0933 0.016 0.08044
1972 0.09322 0.49584 0.22161 0.09305 0.01605 0.08024
1973 0.09343 0.4961 0.22196 0.0926 0.01605 0.07986
1974 0.09365 0.49648 0.22234 0.09219 0.01606 0.07928
1975 0.09386 0.4969 0.22264 0.09182 0.01607 0.07871
1976 0.09406 0.49734 0.22294 0.09145 0.01606 0.07814
1977 0.09427 0.49779 0.22324 0.09109 0.01605 0.07756
1978 0.09446 0.49825 0.22353 0.09074 0.01605 0.07697
1979 0.09466 0.49865 0.22384 0.09041 0.01604 0.07639
1980 0.09487 0.49909 0.22417 0.09008 0.01604 0.07575
1981 0.09508 0.49958 0.22443 0.08975 0.01603 0.07513
1982 0.09529 0.50011 0.22465 0.08941 0.01602 0.07453
1983 0.09549 0.50062 0.22485 0.08909 0.01601 0.07395
1984 0.09568 0.50113 0.22498 0.08876 0.01599 0.07347
1985 0.09586 0.50161 0.2251 0.08847 0.01597 0.07299
1986 0.09605 0.50214 0.22516 0.08816 0.01596 0.07253
1987 0.09624 0.50271 0.22524 0.08777 0.01594 0.07209
1988 0.09643 0.50324 0.22528 0.08747 0.01592 0.07165
1989 0.09659 0.5037 0.22527 0.08727 0.0159 0.07127
1990 0.09675 0.50414 0.22525 0.08702 0.01587 0.07097
1991 0.09692 0.50465 0.22524 0.08677 0.01585 0.07057
1992 0.09711 0.50517 0.22523 0.08649 0.01582 0.07018
1993 0.09728 0.50565 0.22517 0.08628 0.01579 0.06982
1994 0.09746 0.50612 0.22511 0.08602 0.01577 0.06951
1995 0.09764 0.50659 0.22504 0.08577 0.01574 0.06922
1996 0.09784 0.50709 0.22494 0.08544 0.01571 0.06899
1997 0.09803 0.50758 0.2248 0.08512 0.0157 0.06877
1998 0.09826 0.50797 0.2247 0.0848 0.01568 0.06858
1999 0.0985 0.50844 0.22458 0.08443 0.01565 0.06839
2000 0.09871 0.50888 0.22434 0.0841 0.01563 0.06833
2001 0.09766 0.51437 0.22168 0.08227 0.01607 0.06795
2002 0.09883 0.53121 0.19761 0.08592 0.01705 0.06938
2003 0.09793 0.5386 0.18938 0.08644 0.0177 0.06995
2004 0.09716 0.53367 0.19253 0.08719 0.01834 0.07111
2005 0.09999 0.56155 0.15543 0.08894 0.01948 0.07462
2006 0.10147 0.57425 0.14118 0.08677 0.02044 0.07589
2007 0.09974 0.58007 0.14749 0.08526 0.02092 0.06651
2008 0.09848 0.58734 0.14837 0.07955 0.02118 0.06508
2009 0.09697 0.59503 0.1431 0.08138 0.02161 0.06191
2010 0.09994 0.57642 0.15494 0.08185 0.0227 0.06415
2011 0.0986 0.5708 0.16049 0.08353 0.02298 0.0636
2012 0.10547 0.54181 0.17653 0.08255 0.02506 0.06858
2013 0.10296 0.54832 0.17461 0.08123 0.02443 0.06844
2014 0.10549 0.56817 0.16364 0.06511 0.02539 0.07219
2015 0.11125 0.60707 0.12123 0.05564 0.02711 0.0777
2016 0.13171 0.54098 0.14072 0.06111 0.03263 0.09285
2017 0.14324 0.5759 0.0907 0.05059 0.03584 0.10372
2018 0.16475 0.50914 0.10437 0.06049 0.04084 0.12041
2019 0.18022 0.45705 0.12069 0.06337 0.04478 0.13389
2020 0.18437 0.46844 0.09956 0.06257 0.04518 0.13988
2021 0.18659 0.49148 0.06951 0.06291 0.04459 0.14493
2022 0.18487 0.49762 0.06916 0.06078 0.0433 0.14427
2023 0.19512 0.48371 0.05892 0.06202 0.04473 0.15551
2024 0.18873 0.49542 0.05862 0.0597 0.04284 0.1547
Split for: MX_ML
Year RUS+WAL EAL+BER GOA SEA+NBC SBC+WA OR+CA
1970 0.04293 0.23899 0.05593 0.08337 0.04524 0.53353
1971 0.0432 0.23925 0.05623 0.08313 0.04541 0.53277
1972 0.04232 0.24032 0.05655 0.08303 0.04561 0.53217
1973 0.04253 0.24107 0.05679 0.08284 0.04574 0.53103
1974 0.04279 0.24217 0.0571 0.0828 0.04594 0.5292
1975 0.04305 0.24329 0.05739 0.08276 0.04615 0.52736
1976 0.04331 0.24443 0.05769 0.08275 0.04629 0.52553
1977 0.04357 0.2456 0.05799 0.08274 0.04644 0.52366
1978 0.04383 0.24679 0.05829 0.08275 0.04661 0.52174
1979 0.04409 0.24796 0.0586 0.08277 0.04678 0.51981
1980 0.04438 0.24923 0.05894 0.08281 0.04697 0.51767
1981 0.04466 0.25052 0.05925 0.08286 0.04712 0.51559
1982 0.04494 0.2518 0.05955 0.08289 0.04728 0.51354
1983 0.04521 0.25306 0.05984 0.08291 0.04744 0.51153
1984 0.04546 0.25416 0.06008 0.08288 0.04754 0.50989
1985 0.04569 0.25524 0.0603 0.08288 0.04764 0.50824
1986 0.04593 0.25631 0.06051 0.08285 0.04776 0.50664
1987 0.04616 0.2574 0.06072 0.08274 0.04785 0.50512
1988 0.04639 0.25846 0.06092 0.08271 0.04795 0.50357
1989 0.04659 0.25937 0.06107 0.08273 0.048 0.50223
1990 0.04677 0.26015 0.0612 0.08268 0.04802 0.50119
1991 0.04698 0.26114 0.06137 0.08267 0.04808 0.49975
1992 0.0472 0.26214 0.06154 0.08263 0.04814 0.49834
1993 0.04741 0.26305 0.06168 0.08264 0.04818 0.49705
1994 0.0476 0.26388 0.06179 0.08257 0.0482 0.49596
1995 0.04779 0.26468 0.0619 0.0825 0.04821 0.49493
1996 0.04797 0.26541 0.06199 0.08233 0.0482 0.49411
1997 0.04814 0.26608 0.06204 0.08215 0.04825 0.49334
1998 0.04832 0.26666 0.0621 0.08195 0.04828 0.49268
1999 0.04851 0.26731 0.06216 0.08172 0.04826 0.49204
2000 0.04864 0.26768 0.06213 0.08144 0.04822 0.4919
2001 0.0482 0.27099 0.06149 0.0798 0.04964 0.48988
2002 0.04783 0.27447 0.05376 0.08174 0.05167 0.49054
2003 0.04704 0.27617 0.05113 0.0816 0.0532 0.49085
2004 0.04626 0.27127 0.05153 0.0816 0.05465 0.49469
2005 0.046 0.27579 0.04019 0.08042 0.0561 0.5015
2006 0.0461 0.27851 0.03605 0.07748 0.05812 0.50373
2007 0.04813 0.29885 0.04001 0.08087 0.0632 0.46894
2008 0.04807 0.30607 0.04071 0.07632 0.06471 0.46413
2009 0.04819 0.31568 0.03997 0.07949 0.06723 0.44944
2010 0.04893 0.30127 0.04264 0.07876 0.06958 0.45882
2011 0.04844 0.29939 0.04432 0.08067 0.07066 0.45652
2012 0.05013 0.27489 0.04716 0.0771 0.07456 0.47616
2013 0.04905 0.27888 0.04676 0.07607 0.07287 0.47637
2014 0.04917 0.28271 0.04287 0.05965 0.07408 0.49152
2015 0.04963 0.28911 0.0304 0.04878 0.0757 0.50638
2016 0.05334 0.2339 0.03203 0.04865 0.08273 0.54935
2017 0.05409 0.23217 0.01925 0.03755 0.08472 0.57221
2018 0.0568 0.18739 0.02022 0.04099 0.08814 0.60646
2019 0.0582 0.15756 0.02191 0.04022 0.09052 0.63159
2020 0.05781 0.15679 0.01755 0.03856 0.08866 0.64065
2021 0.05706 0.16044 0.01195 0.03781 0.08534 0.6474
2022 0.05683 0.1633 0.01195 0.03672 0.08331 0.64788
2023 0.05708 0.15107 0.00969 0.03566 0.08191 0.66459
2024 0.05558 0.15574 0.0097 0.03455 0.07896 0.66547
Split for: Central_Am
Year RUS+WAL EAL+BER GOA SEA+NBC SBC+WA OR+CA
1970 0 0 0 0 0.05036 0.94964
1971 0 0 0 0 0.05061 0.94939
1972 0 0 0 0 0.05087 0.94913
1973 0 0 0 0 0.05111 0.94889
1974 0 0 0 0 0.05149 0.94851
1975 0 0 0 0 0.05188 0.94812
1976 0 0 0 0 0.05221 0.94779
1977 0 0 0 0 0.05255 0.94745
1978 0 0 0 0 0.05291 0.94709
1979 0 0 0 0 0.05328 0.94672
1980 0 0 0 0 0.0537 0.9463
1981 0 0 0 0 0.05407 0.94593
1982 0 0 0 0 0.05444 0.94556
1983 0 0 0 0 0.05482 0.94518
1984 0 0 0 0 0.05509 0.94491
1985 0 0 0 0 0.05538 0.94462
1986 0 0 0 0 0.05567 0.94433
1987 0 0 0 0 0.05593 0.94407
1988 0 0 0 0 0.0562 0.9438
1989 0 0 0 0 0.0564 0.9436
1990 0 0 0 0 0.05653 0.94347
1991 0 0 0 0 0.05676 0.94324
1992 0 0 0 0 0.05697 0.94303
1993 0 0 0 0 0.05715 0.94285
1994 0 0 0 0 0.05729 0.94271
1995 0 0 0 0 0.05741 0.94259
1996 0 0 0 0 0.0575 0.9425
1997 0 0 0 0 0.05763 0.94237
1998 0 0 0 0 0.05774 0.94226
1999 0 0 0 0 0.05779 0.94221
2000 0 0 0 0 0.05776 0.94224
2001 0 0 0 0 0.05959 0.94041
2002 0 0 0 0 0.0618 0.9382
2003 0 0 0 0 0.06348 0.93652
2004 0 0 0 0 0.06462 0.93538
2005 0 0 0 0 0.06539 0.93461
2006 0 0 0 0 0.0673 0.9327
2007 0 0 0 0 0.07773 0.92227
2008 0 0 0 0 0.08019 0.91981
2009 0 0 0 0 0.08554 0.91446
2010 0 0 0 0 0.08662 0.91338
2011 0 0 0 0 0.08825 0.91175
2012 0 0 0 0 0.08919 0.91081
2013 0 0 0 0 0.08731 0.91269
2014 0 0 0 0 0.08613 0.91387
2015 0 0 0 0 0.08549 0.91451
2016 0 0 0 0 0.08607 0.91393
2017 0 0 0 0 0.08474 0.91526
2018 0 0 0 0 0.08332 0.91668
2019 0 0 0 0 0.08226 0.91774
2020 0 0 0 0 0.07965 0.92035
2021 0 0 0 0 0.07616 0.92384
2022 0 0 0 0 0.07443 0.92557
2023 0 0 0 0 0.07156 0.92844
2024 0 0 0 0 0.06907 0.93093

Difference in mortality over time
Difference for: Asia
Year RUS+WAL EAL+BER GOA SEA+NBC SBC+WA OR+CA
1970 0 0 0 0 0 0
1971 0 0 0 0 0 0
1972 0 0 0 0 0 0
1973 0 0 0 0 0 0
1974 0 0 0 0 0 0
1975 0 0 0 0 0 0
1976 0 0 0 0 0 0
1977 0 0 0 0 0 0
1978 0 0 0 0 0 0
1979 0 0 0 0 0 0
1980 0 0 0 0 0 0
1981 0 0 0 0 0 0
1982 0 0 0 0 0 0
1983 0 0 0 0 0 0
1984 0 0 0 0 0 0
1985 0 0 0 0 0 0
1986 0 0 0 0 0 0
1987 0 0 0 0 0 0
1988 0 0 0 0 0 0
1989 0 0 0 0 0 0
1990 0 0 0 0 0 0
1991 0 0 0 0 0 0
1992 0 0 0 0 0 0
1993 0 0 0 0 0 0
1994 0 0 0 0 0 0
1995 0 0 0 0 0 0
1996 0 0 0 0 0 0
1997 0 0 0 0 0 0
1998 0 0 0 0 0 0
1999 0 0 0 0 0 0
2000 0 2 0 0 0 0
2001 0 2 0 0 0 0
2002 0 3 0 0 0 0
2003 0 0 0 0 0 0
2004 0 4 0 0 0 0
2005 0 2 0 0 0 0
2006 0 5 0 0 0 0
2007 0 6 0 0 0 0
2008 0 7 0 0 0 0
2009 0 -11 0 0 0 0
2010 0 2 0 0 0 0
2011 0 -26 0 0 0 0
2012 0 7 0 0 0 0
2013 0 4 0 0 0 0
2014 0 5 0 0 0 0
2015 0 -74 0 0 0 0
2016 0 -6 0 0 0 0
2017 0 -60 0 0 0 0
2018 0 -37 0 0 0 0
2019 0 -4 0 0 0 0
2020 0 1 0 0 0 0
2021 0 -1 0 0 0 0
2022 0 -19 0 0 0 0
2023 0 4 0 0 0 0
Difference for: Hawaii
Year RUS+WAL EAL+BER GOA SEA+NBC SBC+WA OR+CA
1970 0 0 0 0 0 0
1971 0 0 0 0 0 0
1972 0 0 0 0 0 0
1973 0 0 0 0 0 0
1974 0 0 0 0 0 0
1975 0 0 0 0 0 0
1976 0 0 0 0 0 0
1977 0 0 0 0 0 0
1978 0 0 0 0 0 0
1979 0 0 0 0 0 0
1980 0 0 0 0 0 0
1981 0 0 0 0 0 0
1982 0 0 0 0 0 0
1983 0 0 0 0 0 0
1984 0 0 0 0 0 0
1985 0 0 0 0 0 0
1986 0 0 0 0 0 0
1987 0 0 0 0 0 0
1988 0 0 0 0 0 0
1989 0 0 0 0 0 0
1990 0 0 0 0 0 0
1991 0 0 0 0 0 0
1992 0 0 0 0 0 0
1993 0 0 0 0 0 0
1994 0 0 0 0 0 0
1995 0 0 0 0 0 0
1996 0 0 0 0 0 0
1997 0 0 0 0 0 0
1998 0 0 0 0 0 0
1999 0 0 0 0 0 0
2000 0 43 3 -17 8 0
2001 0 47 -172 141 12 0
2002 0 60 -40 102 14 0
2003 0 9 29 126 15 0
2004 0 74 -374 15 16 0
2005 0 42 -138 -156 18 0
2006 0 110 57 54 21 0
2007 0 121 17 -292 24 0
2008 0 154 -37 278 26 0
2009 0 -228 64 -73 24 0
2010 0 52 84 311 32 0
2011 0 -558 64 -561 27 0
2012 0 162 36 130 15 0
2013 0 78 -183 -2084 32 0
2014 0 105 -805 -1538 37 0
2015 0 -1671 -50 -526 46 0
2016 0 -144 -939 -1787 50 0
2017 0 -1374 -14 53 48 0
2018 0 -858 28 -350 56 0
2019 0 -95 -334 -326 53 0
2020 0 28 -437 -151 39 0
2021 0 -20 -20 -277 46 0
2022 0 -452 -210 -289 55 0
2023 0 104 -2 -149 65 0
Difference for: MX_AR
Year RUS+WAL EAL+BER GOA SEA+NBC SBC+WA OR+CA
1970 0 0 0 0 0 0
1971 0 0 0 0 0 0
1972 0 0 0 0 0 0
1973 0 0 0 0 0 0
1974 0 0 0 0 0 0
1975 0 0 0 0 0 0
1976 0 0 0 0 0 0
1977 0 0 0 0 0 0
1978 0 0 0 0 0 0
1979 0 0 0 0 0 0
1980 0 0 0 0 0 0
1981 0 0 0 0 0 0
1982 0 0 0 0 0 0
1983 0 0 0 0 0 0
1984 0 0 0 0 0 0
1985 0 0 0 0 0 0
1986 0 0 0 0 0 0
1987 0 0 0 0 0 0
1988 0 0 0 0 0 0
1989 0 0 0 0 0 0
1990 0 0 0 0 0 0
1991 0 0 0 0 0 0
1992 0 0 0 0 0 0
1993 0 0 0 0 0 0
1994 0 0 0 0 0 0
1995 0 0 0 0 0 0
1996 0 0 0 0 0 0
1997 0 0 0 0 0 0
1998 0 0 0 0 0 0
1999 0 0 0 0 0 0
2000 0 15 1 -1 1 1
2001 0 16 -41 4 1 1
2002 0 21 -10 3 1 2
2003 0 3 7 4 2 3
2004 0 25 -89 0 2 3
2005 0 14 -33 -5 2 1
2006 0 38 14 2 2 -18
2007 0 42 4 -9 2 -2
2008 0 53 -9 8 3 -6
2009 0 -78 15 -2 2 0
2010 0 18 20 9 3 -1
2011 0 -192 15 -17 3 -1
2012 0 56 9 4 2 1
2013 0 27 -44 -63 3 5
2014 0 36 -191 -46 4 7
2015 0 -576 -12 -16 5 8
2016 0 -50 -223 -54 5 7
2017 0 -474 -3 2 5 6
2018 0 -296 7 -11 5 4
2019 0 -33 -80 -10 5 4
2020 0 10 -104 -5 4 6
2021 0 -7 -5 -8 5 -2
2022 0 -156 -50 -9 5 4
2023 0 36 -1 -4 6 3
Difference for: MX_ML
Year RUS+WAL EAL+BER GOA SEA+NBC SBC+WA OR+CA
1970 0 0 0 0 0 0
1971 0 0 0 0 0 0
1972 0 0 0 0 0 0
1973 0 0 0 0 0 0
1974 0 0 0 0 0 0
1975 0 0 0 0 0 0
1976 0 0 0 0 0 0
1977 0 0 0 0 0 0
1978 0 0 0 0 0 0
1979 0 0 0 0 0 0
1980 0 0 0 0 0 0
1981 0 0 0 0 0 0
1982 0 0 0 0 0 0
1983 0 0 0 0 0 0
1984 0 0 0 0 0 0
1985 0 0 0 0 0 0
1986 0 0 0 0 0 0
1987 0 0 0 0 0 0
1988 0 0 0 0 0 0
1989 0 0 0 0 0 0
1990 0 0 0 0 0 0
1991 0 0 0 0 0 0
1992 0 0 0 0 0 0
1993 0 0 0 0 0 0
1994 0 0 0 0 0 0
1995 0 0 0 0 0 0
1996 0 0 0 0 0 0
1997 0 0 0 0 0 0
1998 0 0 0 0 0 0
1999 0 0 0 0 0 0
2000 0 8 0 -1 3 6
2001 0 9 -12 4 4 8
2002 0 12 -3 3 5 16
2003 0 2 2 4 5 23
2004 0 15 -27 0 5 22
2005 0 8 -10 -5 6 7
2006 0 22 4 2 7 -138
2007 0 24 1 -9 8 -15
2008 0 30 -3 9 9 -50
2009 0 -44 4 -2 8 2
2010 0 10 6 10 10 -7
2011 0 -108 4 -17 9 -6
2012 0 31 3 4 5 10
2013 0 15 -13 -64 10 38
2014 0 20 -56 -47 12 51
2015 0 -321 -3 -16 15 62
2016 0 -28 -65 -55 16 54
2017 0 -262 -1 2 15 43
2018 0 -163 2 -11 18 32
2019 0 -18 -23 -10 17 28
2020 0 5 -30 -5 12 47
2021 0 -4 -1 -8 14 -11
2022 0 -85 -14 -9 17 29
2023 0 19 0 -4 20 20
Difference for: Central_Am
Year RUS+WAL EAL+BER GOA SEA+NBC SBC+WA OR+CA
1970 0 0 0 0 0 0
1971 0 0 0 0 0 0
1972 0 0 0 0 0 0
1973 0 0 0 0 0 0
1974 0 0 0 0 0 0
1975 0 0 0 0 0 0
1976 0 0 0 0 0 0
1977 0 0 0 0 0 0
1978 0 0 0 0 0 0
1979 0 0 0 0 0 0
1980 0 0 0 0 0 0
1981 0 0 0 0 0 0
1982 0 0 0 0 0 0
1983 0 0 0 0 0 0
1984 0 0 0 0 0 0
1985 0 0 0 0 0 0
1986 0 0 0 0 0 0
1987 0 0 0 0 0 0
1988 0 0 0 0 0 0
1989 0 0 0 0 0 0
1990 0 0 0 0 0 0
1991 0 0 0 0 0 0
1992 0 0 0 0 0 0
1993 0 0 0 0 0 0
1994 0 0 0 0 0 0
1995 0 0 0 0 0 0
1996 0 0 0 0 0 0
1997 0 0 0 0 0 0
1998 0 0 0 0 0 0
1999 0 0 0 0 0 0
2000 0 0 0 0 1 3
2001 0 0 0 0 1 4
2002 0 0 0 0 1 7
2003 0 0 0 0 1 11
2004 0 0 0 0 1 10
2005 0 0 0 0 2 3
2006 0 0 0 0 2 -63
2007 0 0 0 0 2 -7
2008 0 0 0 0 2 -23
2009 0 0 0 0 2 1
2010 0 0 0 0 3 -3
2011 0 0 0 0 2 -3
2012 0 0 0 0 1 4
2013 0 0 0 0 3 17
2014 0 0 0 0 3 23
2015 0 0 0 0 4 28
2016 0 0 0 0 5 25
2017 0 0 0 0 4 20
2018 0 0 0 0 5 15
2019 0 0 0 0 5 13
2020 0 0 0 0 4 22
2021 0 0 0 0 4 -5
2022 0 0 0 0 5 14
2023 0 0 0 0 6 9

Total survival over time
Values for breeding stock: Asia
Year RUS+WAL EAL+BER GOA SEA+NBC SBC+WA OR+CA
1970 0.996 0.987 0 0 0 0
1971 1.281 1.274 0 0 0 0
1972 1.186 1.216 0 0 0 0
1973 1.176 1.174 0 0 0 0
1974 1.147 1.145 0 0 0 0
1975 1.126 1.124 0 0 0 0
1976 1.109 1.107 0 0 0 0
1977 1.095 1.094 0 0 0 0
1978 1.084 1.083 0 0 0 0
1979 1.075 1.074 0 0 0 0
1980 1.067 1.066 0 0 0 0
1981 1.087 1.085 0 0 0 0
1982 1.101 1.099 0 0 0 0
1983 1.109 1.108 0 0 0 0
1984 1.113 1.112 0 0 0 0
1985 1.114 1.113 0 0 0 0
1986 1.113 1.112 0 0 0 0
1987 1.111 1.11 0 0 0 0
1988 1.107 1.106 0 0 0 0
1989 1.103 1.102 0 0 0 0
1990 1.098 1.097 0 0 0 0
1991 1.096 1.095 0 0 0 0
1992 1.096 1.095 0 0 0 0
1993 1.096 1.095 0 0 0 0
1994 1.098 1.096 0 0 0 0
1995 1.099 1.097 0 0 0 0
1996 1.099 1.098 0 0 0 0
1997 1.099 1.098 0 0 0 0
1998 1.099 1.097 0 0 0 0
1999 1.098 1.096 0 0 0 0
2000 1.097 1.115 0 0 0 0
2001 1.095 1.109 0 0 0 0
2002 1.093 1.109 0 0 0 0
2003 1.092 1.086 0 0 0 0
2004 1.091 1.107 0 0 0 0
2005 1.09 1.091 0 0 0 0
2006 1.088 1.107 0 0 0 0
2007 1.087 1.103 0 0 0 0
2008 1.086 1.104 0 0 0 0
2009 1.085 1.022 0 0 0 0
2010 1.083 1.084 0 0 0 0
2011 1.081 0.968 0 0 0 0
2012 1.079 1.115 0 0 0 0
2013 1.071 1.079 0 0 0 0
2014 1.084 1.093 0 0 0 0
2015 1.047 0.793 0 0 0 0
2016 1.074 1.075 0 0 0 0
2017 1.072 0.837 0 0 0 0
2018 1.068 0.93 0 0 0 0
2019 1.071 1.12 0 0 0 0
2020 1.059 1.117 0 0 0 0
2021 1.056 1.087 0 0 0 0
2022 1.053 0.991 0 0 0 0
2023 1.05 1.123 0 0 0 0
Values for breeding stock: Hawaii
Year RUS+WAL EAL+BER GOA SEA+NBC SBC+WA OR+CA
1970 1.008 0.998 0.987 0.991 1.005 0
1971 1.293 1.286 1.292 1.281 1.29 0
1972 1.197 1.227 1.228 1.22 1.226 0
1973 1.187 1.185 1.186 1.178 1.184 0
1974 1.157 1.155 1.156 1.149 1.155 0
1975 1.135 1.133 1.134 1.127 1.133 0
1976 1.118 1.116 1.117 1.111 1.114 0
1977 1.104 1.103 1.103 1.097 1.101 0
1978 1.093 1.092 1.092 1.087 1.09 0
1979 1.084 1.083 1.083 1.078 1.081 0
1980 1.076 1.075 1.076 1.07 1.074 0
1981 1.096 1.095 1.095 1.09 1.093 0
1982 1.11 1.109 1.108 1.103 1.107 0
1983 1.118 1.117 1.117 1.112 1.115 0
1984 1.123 1.121 1.121 1.116 1.119 0
1985 1.124 1.122 1.122 1.118 1.12 0
1986 1.122 1.121 1.12 1.116 1.119 0
1987 1.119 1.118 1.117 1.112 1.116 0
1988 1.115 1.114 1.113 1.109 1.112 0
1989 1.111 1.11 1.109 1.106 1.107 0
1990 1.106 1.105 1.104 1.101 1.102 0
1991 1.104 1.103 1.102 1.099 1.101 0
1992 1.104 1.103 1.102 1.098 1.1 0
1993 1.105 1.104 1.103 1.1 1.101 0
1994 1.106 1.105 1.104 1.1 1.102 0
1995 1.107 1.106 1.104 1.101 1.103 0
1996 1.108 1.107 1.105 1.101 1.104 0
1997 1.108 1.107 1.105 1.101 1.105 0
1998 1.107 1.106 1.104 1.1 1.104 0
1999 1.106 1.105 1.103 1.099 1.102 0
2000 1.105 1.123 1.103 1.094 1.136 0
2001 1.103 1.118 0.984 1.128 1.137 0
2002 1.102 1.117 1.089 1.109 1.132 0
2003 1.1 1.095 1.127 1.109 1.127 0
2004 1.099 1.116 0.87 1.085 1.12 0
2005 1.098 1.1 1.039 1.058 1.113 0
2006 1.097 1.116 1.172 1.094 1.114 0
2007 1.096 1.111 1.11 1.041 1.117 0
2008 1.094 1.112 1.078 1.127 1.1 0
2009 1.093 1.03 1.14 1.068 1.102 0
2010 1.092 1.092 1.136 1.113 1.102 0
2011 1.09 0.976 1.109 1.011 1.086 0
2012 1.088 1.124 1.091 1.096 1.076 0
2013 1.086 1.094 1.009 0.86 1.091 0
2014 1.084 1.093 0.765 0.907 1.083 0
2015 1.082 0.819 1.103 1.041 1.083 0
2016 1.08 1.08 0.621 0.845 1.078 0
2017 1.078 0.841 1.219 1.169 1.064 0
2018 1.075 0.936 1.139 1.054 1.051 0
2019 1.073 1.122 0.872 1.06 1.051 0
2020 1.07 1.129 0.782 1.091 1.027 0
2021 1.067 1.099 1.183 1.059 1.03 0
2022 1.065 1.002 0.896 1.06 1.033 0
2023 1.062 1.136 1.154 1.072 1.03 0
Values for breeding stock: MX_AR
Year RUS+WAL EAL+BER GOA SEA+NBC SBC+WA OR+CA
1970 1.008 0.998 0.987 0.991 1.005 0.962
1971 1.293 1.286 1.292 1.281 1.29 1.283
1972 1.197 1.227 1.228 1.22 1.226 1.22
1973 1.187 1.185 1.186 1.178 1.184 1.178
1974 1.157 1.155 1.156 1.149 1.155 1.146
1975 1.135 1.133 1.134 1.127 1.133 1.124
1976 1.118 1.116 1.117 1.111 1.114 1.107
1977 1.104 1.103 1.103 1.097 1.101 1.094
1978 1.093 1.092 1.092 1.087 1.09 1.083
1979 1.084 1.083 1.083 1.078 1.082 1.074
1980 1.077 1.075 1.076 1.07 1.074 1.065
1981 1.096 1.095 1.095 1.09 1.093 1.085
1982 1.11 1.109 1.109 1.103 1.107 1.099
1983 1.118 1.117 1.117 1.112 1.115 1.108
1984 1.123 1.122 1.121 1.116 1.119 1.113
1985 1.124 1.123 1.122 1.118 1.12 1.114
1986 1.122 1.121 1.12 1.116 1.119 1.113
1987 1.119 1.118 1.117 1.112 1.116 1.111
1988 1.116 1.114 1.113 1.109 1.112 1.107
1989 1.111 1.11 1.109 1.106 1.108 1.104
1990 1.106 1.105 1.104 1.101 1.103 1.1
1991 1.104 1.104 1.102 1.099 1.101 1.097
1992 1.104 1.103 1.102 1.098 1.101 1.097
1993 1.105 1.104 1.103 1.1 1.101 1.098
1994 1.106 1.105 1.104 1.1 1.102 1.1
1995 1.107 1.106 1.104 1.101 1.103 1.101
1996 1.108 1.107 1.105 1.101 1.104 1.102
1997 1.108 1.107 1.105 1.101 1.105 1.103
1998 1.107 1.106 1.104 1.1 1.104 1.103
1999 1.106 1.105 1.103 1.099 1.102 1.102
2000 1.105 1.123 1.103 1.094 1.136 1.11
2001 1.103 1.118 0.984 1.128 1.137 1.109
2002 1.102 1.117 1.089 1.109 1.132 1.115
2003 1.1 1.095 1.127 1.109 1.127 1.117
2004 1.099 1.116 0.87 1.085 1.12 1.113
2005 1.098 1.1 1.039 1.058 1.113 1.096
2006 1.097 1.116 1.172 1.094 1.114 0.988
2007 1.096 1.111 1.11 1.041 1.117 1.102
2008 1.094 1.112 1.078 1.127 1.1 1.068
2009 1.093 1.03 1.14 1.068 1.102 1.112
2010 1.092 1.092 1.136 1.113 1.102 1.094
2011 1.09 0.976 1.109 1.011 1.086 1.101
2012 1.088 1.124 1.091 1.096 1.076 1.111
2013 1.086 1.094 1.009 0.86 1.091 1.126
2014 1.084 1.093 0.765 0.907 1.083 1.114
2015 1.082 0.819 1.103 1.041 1.083 1.097
2016 1.08 1.081 0.621 0.845 1.078 1.075
2017 1.078 0.841 1.219 1.169 1.064 1.093
2018 1.075 0.936 1.139 1.054 1.051 1.075
2019 1.073 1.122 0.872 1.06 1.051 1.085
2020 1.07 1.129 0.782 1.091 1.027 1.096
2021 1.067 1.099 1.183 1.059 1.03 1.07
2022 1.065 1.002 0.896 1.06 1.033 1.086
2023 1.062 1.136 1.155 1.072 1.03 1.082
Values for breeding stock: MX_ML
Year RUS+WAL EAL+BER GOA SEA+NBC SBC+WA OR+CA
1970 1.001 0.991 0.98 0.984 0.998 0.955
1971 1.285 1.279 1.284 1.274 1.282 1.275
1972 1.19 1.22 1.221 1.213 1.22 1.213
1973 1.181 1.179 1.18 1.172 1.179 1.173
1974 1.151 1.15 1.151 1.144 1.149 1.14
1975 1.129 1.128 1.128 1.122 1.128 1.119
1976 1.112 1.111 1.111 1.106 1.109 1.102
1977 1.099 1.098 1.098 1.093 1.096 1.089
1978 1.088 1.087 1.088 1.082 1.086 1.078
1979 1.079 1.078 1.079 1.073 1.077 1.069
1980 1.072 1.07 1.071 1.065 1.069 1.061
1981 1.091 1.09 1.09 1.085 1.088 1.08
1982 1.105 1.104 1.104 1.099 1.102 1.094
1983 1.114 1.113 1.112 1.107 1.111 1.103
1984 1.118 1.117 1.116 1.111 1.114 1.109
1985 1.119 1.118 1.117 1.113 1.116 1.11
1986 1.118 1.117 1.116 1.112 1.115 1.109
1987 1.115 1.114 1.113 1.108 1.112 1.106
1988 1.111 1.11 1.109 1.105 1.108 1.103
1989 1.107 1.106 1.105 1.102 1.104 1.1
1990 1.102 1.102 1.1 1.097 1.099 1.096
1991 1.101 1.1 1.098 1.095 1.097 1.093
1992 1.101 1.1 1.098 1.095 1.097 1.093
1993 1.101 1.1 1.099 1.096 1.097 1.094
1994 1.102 1.101 1.1 1.097 1.098 1.096
1995 1.104 1.102 1.101 1.098 1.099 1.097
1996 1.104 1.103 1.101 1.098 1.1 1.099
1997 1.104 1.103 1.101 1.098 1.102 1.1
1998 1.104 1.102 1.101 1.097 1.101 1.099
1999 1.103 1.101 1.1 1.095 1.098 1.098
2000 1.102 1.12 1.1 1.09 1.133 1.106
2001 1.1 1.115 0.982 1.125 1.134 1.106
2002 1.099 1.114 1.086 1.107 1.129 1.112
2003 1.098 1.092 1.125 1.106 1.125 1.115
2004 1.096 1.113 0.868 1.082 1.117 1.11
2005 1.095 1.096 1.036 1.055 1.11 1.093
2006 1.094 1.113 1.169 1.092 1.111 0.986
2007 1.093 1.108 1.107 1.039 1.114 1.1
2008 1.092 1.109 1.075 1.125 1.097 1.066
2009 1.09 1.027 1.137 1.065 1.099 1.109
2010 1.089 1.089 1.133 1.11 1.099 1.091
2011 1.087 0.973 1.106 1.008 1.083 1.098
2012 1.085 1.121 1.088 1.093 1.073 1.108
2013 1.083 1.091 1.006 0.858 1.089 1.123
2014 1.081 1.09 0.763 0.905 1.08 1.111
2015 1.078 0.817 1.1 1.039 1.08 1.094
2016 1.077 1.077 0.619 0.842 1.075 1.071
2017 1.075 0.839 1.215 1.166 1.061 1.09
2018 1.072 0.933 1.136 1.051 1.049 1.072
2019 1.07 1.119 0.87 1.058 1.049 1.082
2020 1.065 1.124 0.779 1.086 1.023 1.092
2021 1.065 1.096 1.18 1.057 1.028 1.068
2022 1.063 1 0.894 1.058 1.032 1.084
2023 1.059 1.132 1.151 1.069 1.027 1.079
Values for breeding stock: Central_Am
Year RUS+WAL EAL+BER GOA SEA+NBC SBC+WA OR+CA
1970 0 0 0 0 0.998 0.955
1971 0 0 0 0 1.282 1.276
1972 0 0 0 0 1.22 1.214
1973 0 0 0 0 1.178 1.172
1974 0 0 0 0 1.149 1.14
1975 0 0 0 0 1.127 1.119
1976 0 0 0 0 1.109 1.102
1977 0 0 0 0 1.097 1.089
1978 0 0 0 0 1.085 1.077
1979 0 0 0 0 1.076 1.069
1980 0 0 0 0 1.069 1.06
1981 0 0 0 0 1.088 1.08
1982 0 0 0 0 1.101 1.093
1983 0 0 0 0 1.11 1.103
1984 0 0 0 0 1.114 1.109
1985 0 0 0 0 1.115 1.109
1986 0 0 0 0 1.115 1.109
1987 0 0 0 0 1.112 1.106
1988 0 0 0 0 1.108 1.102
1989 0 0 0 0 1.103 1.1
1990 0 0 0 0 1.099 1.096
1991 0 0 0 0 1.097 1.093
1992 0 0 0 0 1.097 1.093
1993 0 0 0 0 1.097 1.094
1994 0 0 0 0 1.098 1.096
1995 0 0 0 0 1.099 1.097
1996 0 0 0 0 1.1 1.099
1997 0 0 0 0 1.101 1.099
1998 0 0 0 0 1.101 1.099
1999 0 0 0 0 1.098 1.098
2000 0 0 0 0 1.133 1.106
2001 0 0 0 0 1.134 1.106
2002 0 0 0 0 1.129 1.112
2003 0 0 0 0 1.124 1.114
2004 0 0 0 0 1.117 1.11
2005 0 0 0 0 1.11 1.093
2006 0 0 0 0 1.111 0.986
2007 0 0 0 0 1.114 1.099
2008 0 0 0 0 1.097 1.066
2009 0 0 0 0 1.099 1.109
2010 0 0 0 0 1.099 1.091
2011 0 0 0 0 1.083 1.098
2012 0 0 0 0 1.073 1.108
2013 0 0 0 0 1.089 1.123
2014 0 0 0 0 1.081 1.111
2015 0 0 0 0 1.081 1.095
2016 0 0 0 0 1.076 1.072
2017 0 0 0 0 1.062 1.09
2018 0 0 0 0 1.049 1.072
2019 0 0 0 0 1.05 1.084
2020 0 0 0 0 1.024 1.093
2021 0 0 0 0 1.028 1.068
2022 0 0 0 0 1.032 1.084
2023 0 0 0 0 1.028 1.08

Numbers over time by herd
Values for breeding stock: Asia
Year RUS+WAL EAL+BER GOA SEA+NBC SBC+WA OR+CA
1970 65 11 0 0 0 0
1971 83 14 0 0 0 0
1972 94 16 0 0 0 0
1973 107 18 0 0 0 0
1974 119 20 0 0 0 0
1975 130 22 0 0 0 0
1976 140 24 0 0 0 0
1977 150 25 0 0 0 0
1978 159 27 0 0 0 0
1979 167 28 0 0 0 0
1980 175 29 0 0 0 0
1981 187 31 0 0 0 0
1982 202 34 0 0 0 0
1983 219 36 0 0 0 0
1984 238 40 0 0 0 0
1985 258 43 0 0 0 0
1986 281 47 0 0 0 0
1987 304 51 0 0 0 0
1988 329 55 0 0 0 0
1989 354 59 0 0 0 0
1990 380 63 0 0 0 0
1991 407 67 0 0 0 0
1992 436 72 0 0 0 0
1993 468 77 0 0 0 0
1994 502 83 0 0 0 0
1995 540 89 0 0 0 0
1996 580 96 0 0 0 0
1997 624 103 0 0 0 0
1998 670 110 0 0 0 0
1999 720 118 0 0 0 0
2000 772 127 0 0 0 0
2001 826 138 0 0 0 0
2002 884 151 0 0 0 0
2003 945 165 0 0 0 0
2004 1009 176 0 0 0 0
2005 1076 192 0 0 0 0
2006 1146 206 0 0 0 0
2007 1221 226 0 0 0 0
2008 1298 246 0 0 0 0
2009 1380 269 0 0 0 0
2010 1464 269 0 0 0 0
2011 1551 286 0 0 0 0
2012 1641 268 0 0 0 0
2013 1723 292 0 0 0 0
2014 1832 314 0 0 0 0
2015 1882 327 0 0 0 0
2016 1984 259 0 0 0 0
2017 2088 267 0 0 0 0
2018 2190 215 0 0 0 0
2019 2303 186 0 0 0 0
2020 2396 194 0 0 0 0
2021 2488 208 0 0 0 0
2022 2576 221 0 0 0 0
2023 2661 210 0 0 0 0
Values for breeding stock: Hawaii
Year RUS+WAL EAL+BER GOA SEA+NBC SBC+WA OR+CA
1970 18 168 108 366 19 0
1971 24 214 139 465 24 0
1972 27 252 163 543 29 0
1973 31 287 186 616 33 0
1974 35 321 209 686 36 0
1975 38 354 230 751 40 0
1976 42 385 250 813 44 0
1977 45 414 269 871 47 0
1978 48 442 288 926 50 0
1979 51 469 305 978 53 0
1980 54 495 322 1026 56 0
1981 58 532 347 1098 60 0
1982 63 578 376 1187 65 0
1983 69 631 411 1290 71 0
1984 75 691 450 1406 77 0
1985 83 756 492 1534 84 0
1986 91 828 538 1670 92 0
1987 99 903 587 1813 100 0
1988 108 983 638 1963 109 0
1989 117 1066 691 2122 118 0
1990 126 1151 746 2284 127 0
1991 136 1243 804 2456 137 0
1992 147 1341 867 2639 147 0
1993 159 1448 936 2841 159 0
1994 172 1566 1010 3058 171 0
1995 187 1694 1091 3295 184 0
1996 202 1833 1179 3549 199 0
1997 219 1983 1274 3822 215 0
1998 237 2144 1375 4113 232 0
1999 257 2316 1484 4421 250 0
2000 277 2500 1598 4748 269 0
2001 299 2756 1723 5066 302 0
2002 323 3032 1636 5636 341 0
2003 347 3340 1703 6161 385 0
2004 374 3588 1877 6738 432 0
2005 402 3943 1583 7177 480 0
2006 431 4266 1521 7408 532 0
2007 463 4704 1735 7947 595 0
2008 496 5170 1894 8049 654 0
2009 531 5696 1987 8953 725 0
2010 568 5725 2232 9344 791 0
2011 606 6137 2503 10322 866 0
2012 647 5807 2744 10168 942 0
2013 688 6409 2960 10913 1002 0
2014 732 6889 2878 9074 1080 0
2015 776 7405 2145 7800 1160 0
2016 823 5908 2229 7671 1250 0
2017 870 6118 1397 6177 1335 0
2018 919 4964 1476 6779 1396 0
2019 968 4292 1644 6839 1475 0
2020 1017 4519 1393 6938 1528 0
2021 1067 4915 1008 7230 1564 0
2022 1117 5259 1060 7382 1605 0
2023 1167 5060 894 7457 1641 0
Values for breeding stock: MX_AR
Year RUS+WAL EAL+BER GOA SEA+NBC SBC+WA OR+CA
1970 11 58 26 11 2 9
1971 14 74 33 14 2 12
1972 16 87 39 16 3 14
1973 19 99 44 18 3 16
1974 21 111 50 21 4 18
1975 23 122 55 23 4 19
1976 25 133 59 24 4 21
1977 27 143 64 26 5 22
1978 29 152 68 28 5 24
1979 31 162 73 29 5 25
1980 32 170 77 31 5 26
1981 35 183 82 33 6 28
1982 38 199 89 36 6 30
1983 41 217 98 39 7 32
1984 45 238 107 42 8 35
1985 50 261 117 46 8 38
1986 55 285 128 50 9 41
1987 60 311 139 54 10 45
1988 65 339 152 59 11 48
1989 70 367 164 64 12 52
1990 76 397 177 69 12 56
1991 82 428 191 74 13 60
1992 89 462 206 79 14 64
1993 96 499 222 85 16 69
1994 104 540 240 92 17 74
1995 113 584 259 99 18 80
1996 122 632 280 106 20 86
1997 132 684 303 115 21 93
1998 143 739 327 123 23 100
1999 155 799 353 133 25 107
2000 167 862 380 142 26 116
2001 180 950 410 152 30 126
2002 194 1045 389 169 34 137
2003 209 1152 405 185 38 150
2004 225 1237 446 202 43 165
2005 242 1360 376 215 47 181
2006 260 1471 362 222 52 194
2007 279 1622 412 238 59 186
2008 299 1783 450 241 64 198
2009 320 1964 472 269 71 204
2010 342 1974 531 280 78 220
2011 366 2116 595 310 85 236
2012 390 2003 652 305 93 253
2013 415 2210 704 327 98 276
2014 441 2376 684 272 106 302
2015 468 2554 510 234 114 327
2016 496 2038 530 230 123 350
2017 525 2110 332 185 131 380
2018 554 1712 351 203 137 405
2019 584 1480 391 205 145 434
2020 614 1559 331 208 150 465
2021 644 1695 240 217 154 500
2022 674 1814 252 222 158 526
2023 704 1746 213 224 161 561
Values for breeding stock: MX_ML
Year RUS+WAL EAL+BER GOA SEA+NBC SBC+WA OR+CA
1970 7 38 9 13 7 84
1971 9 48 11 17 9 106
1972 10 56 13 19 11 124
1973 11 63 15 22 12 140
1974 12 71 17 24 13 154
1975 14 77 18 26 15 168
1976 15 84 20 28 16 180
1977 16 90 21 30 17 191
1978 17 95 23 32 18 202
1979 18 101 24 34 19 211
1980 19 106 25 35 20 220
1981 20 113 27 37 21 233
1982 22 122 29 40 23 250
1983 24 133 32 44 25 269
1984 26 145 34 47 27 291
1985 28 159 37 51 30 316
1986 31 173 41 56 32 341
1987 34 188 44 60 35 369
1988 37 204 48 65 38 397
1989 40 220 52 70 41 426
1990 43 237 56 75 44 456
1991 46 255 60 81 47 488
1992 49 274 64 86 50 521
1993 53 295 69 93 54 557
1994 57 318 74 99 58 597
1995 62 343 80 107 62 641
1996 67 370 86 115 67 688
1997 72 399 93 123 72 740
1998 78 430 100 132 78 794
1999 84 463 108 142 84 852
2000 91 498 116 152 90 916
2001 97 548 124 161 100 990
2002 105 601 118 179 113 1074
2003 113 661 122 195 127 1174
2004 121 708 134 213 143 1291
2005 129 776 113 226 158 1410
2006 139 837 108 233 175 1514
2007 148 921 123 249 195 1445
2008 159 1010 134 252 214 1532
2009 169 1110 141 279 236 1580
2010 181 1113 157 291 257 1695
2011 192 1190 176 321 281 1814
2012 205 1123 193 315 305 1945
2013 217 1236 207 337 323 2111
2014 231 1325 201 280 347 2304
2015 244 1420 149 240 372 2488
2016 258 1130 155 235 400 2654
2017 272 1167 97 189 426 2876
2018 286 945 102 207 444 3057
2019 301 815 113 208 468 3265
2020 315 854 96 210 483 3489
2021 330 927 69 218 493 3740
2022 344 990 72 223 505 3927
2023 359 950 61 224 515 4179
Values for breeding stock: Central_Am
Year RUS+WAL EAL+BER GOA SEA+NBC SBC+WA OR+CA
1970 0 0 0 0 2 39
1971 0 0 0 0 3 49
1972 0 0 0 0 3 57
1973 0 0 0 0 3 64
1974 0 0 0 0 4 71
1975 0 0 0 0 4 77
1976 0 0 0 0 5 83
1977 0 0 0 0 5 88
1978 0 0 0 0 5 93
1979 0 0 0 0 5 97
1980 0 0 0 0 6 101
1981 0 0 0 0 6 107
1982 0 0 0 0 7 115
1983 0 0 0 0 7 124
1984 0 0 0 0 8 134
1985 0 0 0 0 9 145
1986 0 0 0 0 9 157
1987 0 0 0 0 10 169
1988 0 0 0 0 11 182
1989 0 0 0 0 12 196
1990 0 0 0 0 13 210
1991 0 0 0 0 13 224
1992 0 0 0 0 14 239
1993 0 0 0 0 16 256
1994 0 0 0 0 17 274
1995 0 0 0 0 18 294
1996 0 0 0 0 19 316
1997 0 0 0 0 21 339
1998 0 0 0 0 22 364
1999 0 0 0 0 24 391
2000 0 0 0 0 26 420
2001 0 0 0 0 29 454
2002 0 0 0 0 32 493
2003 0 0 0 0 36 538
2004 0 0 0 0 41 592
2005 0 0 0 0 45 647
2006 0 0 0 0 50 694
2007 0 0 0 0 56 662
2008 0 0 0 0 61 702
2009 0 0 0 0 68 724
2010 0 0 0 0 74 776
2011 0 0 0 0 80 831
2012 0 0 0 0 87 891
2013 0 0 0 0 93 968
2014 0 0 0 0 100 1056
2015 0 0 0 0 107 1141
2016 0 0 0 0 115 1218
2017 0 0 0 0 122 1321
2018 0 0 0 0 128 1405
2019 0 0 0 0 135 1503
2020 0 0 0 0 139 1608
2021 0 0 0 0 142 1723
2022 0 0 0 0 145 1809
2023 0 0 0 0 149 1927

Catch numbers by breeding stock
Year Asia Hawaii MX_AR MX_ML Central_Am
1970 0.9 0 0 1.1 0.3
1971 0.9 0 0 1.2 0.3
1972 1 0 0 1.3 0.3
1973 1.1 0 0 1.3 0.4
1974 1.2 0.1 0 1.4 0.4
1975 1.2 0.1 0 1.5 0.4
1976 1.3 0.1 0 1.6 0.4
1977 1.4 0.1 0 1.6 0.4
1978 1.5 0.1 0 1.7 0.5
1979 1.6 0.1 0 1.8 0.5
1980 1.8 0.1 0 1.9 0.5
1981 1.9 0.1 0 2 0.5
1982 2 0.1 0 2.1 0.6
1983 2.2 0.1 0 2.2 0.6
1984 2.3 0.1 0 2.4 0.6
1985 2.5 0.1 0 2.5 0.7
1986 2.6 0.1 0 2.6 0.7
1987 2.8 0.1 0 2.8 0.7
1988 3 0.1 0 2.9 0.8
1989 3.2 0.1 0 3.1 0.8
1990 3.5 0.2 0 3.2 0.8
1991 3.7 0.2 0 3.4 0.9
1992 4 0.2 0 3.6 0.9
1993 4.3 0.2 0 3.8 1
1994 4.6 0.2 0 4 1
1995 4.9 0.2 0 4.2 1.1
1996 5.2 0.2 0 4.4 1.1
1997 5.6 0.2 0 4.7 1.2
1998 6 0.2 0 4.9 1.2
1999 6.4 0.2 0 5.2 1.3
2000 6.9 0.3 0 5.5 1.4
2001 7.3 0.3 0 5.8 1.4
2002 7.9 0 0 5.8 1.5
2003 8.4 0 0 5.8 1.6
2004 9 0 0 6.7 1.7
2005 9.6 0 0 8.1 1.8
2006 10.3 1 0 6.8 1.8
2007 11.1 0 0 7.7 1.9
2008 11.8 0 0 7.9 2
2009 12.7 0 0 9 2.1
2010 13.6 0 0 9.3 2.2
2011 14.5 0.8 0 10.6 2.4
2012 15.5 0 0 10.9 2.5
2013 28 0 0 10.8 2.6
2014 0 5 0 13 2.7
2015 72 0 0 14.2 2.9
2016 12 0.1 0 14.2 3
2017 12 0.1 0 13.4 3.2
2018 16 0.1 0 13.4 3.3
2019 4 0.4 0 13.4 1.7
2020 26.8 0.4 0 23.8 5
2021 28.6 0.4 0 12.8 4.7
2022 30.7 0.4 0 10.5 3.7
2023 32.8 0.4 0 18.4 4.2

Catch numbers by feeding ground
Year RUS+WAL EAL+BER GOA SEA+NBC SBC+WA OR+CA
1970 0 2.7 3.1 6.8 0.1 6.4
1971 0 1.8 0.1 4 0.1 1.5
1972 4 0.8 0.1 4.1 0.1 1.6
1973 0 0.8 0.1 4.3 0.1 1.7
1974 0 0.8 0.1 4.5 0.1 2.5
1975 0 0.8 0.2 4.7 0.1 2.7
1976 0 0.8 0.2 4.9 0.2 2.9
1977 0 0.8 0.2 5.2 0.2 3.1
1978 0 0.8 0.2 5.4 0.2 3.3
1979 0 1 0.2 5.6 0.2 3.5
1980 0 1 0.2 5.9 0.2 3.9
1981 0 1 0.3 6.1 0.3 4.2
1982 0 1 0.4 6.5 0.3 4.5
1983 0 1 0.4 6.7 0.3 4.8
1984 0 1 0.5 7.1 0.4 4.6
1985 0 1 0.5 6.7 0.4 5
1986 0 1 0.7 7.8 0.4 5.4
1987 0 1 0.7 10 0.5 5.8
1988 0 1.1 0.8 8.5 0.5 6.3
1989 0 0.9 0.8 6.1 0.6 6.1
1990 0 1 0.8 7.4 0.7 5.8
1991 0 1 0.9 8.2 0.7 7.6
1992 0 1.1 0.9 9.8 0.8 8.3
1993 0 1.1 1 7.1 0.9 8.6
1994 0 1.2 1 9.3 1 8.8
1995 0 1.2 1 9.3 1.1 9.6
1996 0 1.2 1.1 12.7 1.2 9.9
1997 0 1.2 1.3 12.7 0.9 10.7
1998 0 3 1.4 14.7 1.2 12
1999 0 2.6 1.4 17.4 1.7 13.5
2000 0 1.2 1.5 14.1 1.5 11.6
2001 0 1.2 1.8 16.4 1.7 13.4
2002 0 2.4 1.9 13.8 1.9 13.7
2003 0 1.4 2 18.9 2.3 16
2004 0 1.4 2.3 22 2.5 15.9
2005 0 1.6 2.3 23.3 5.8 20.1
2006 0 1.6 2.4 22.7 5.3 22.1
2007 0 0.1 7.3 18.4 0 18.1
2008 0 0.1 4.3 19.7 12.4 8.8
2009 0 0.1 4.3 24.1 0 9.8
2010 0 6.1 0.8 44.5 7 24.5
2011 0 3.1 4 28.4 11 11.9
2012 0 4.1 8.8 11.6 0 10
2013 0 0.1 4 31.6 0 4.7
2014 0 0.1 11.8 43.7 7 45.2
2015 0 4.1 12 51 9.1 103.4
2016 0 4.1 4.8 34.8 7.1 150.3
2017 0 4.1 2.1 16.3 11.1 60.3
2018 0 1.1 4 26.6 30.1 111.1
2019 0 4.1 6 27.3 9.1 61
2020 0 1.1 0 24 23 31.2
2021 0 2.2 7 33.7 13 62.4
2022 0 4.3 0.8 22.3 8 56
2023 0 3.6 9.1 40.1 19.2 59.7
