Stock structure: B2F1; Model type = BC
Mortality impacts feeding grounds
Recuitment related to unfished
Staying rate: 0
Age-at-matrity: 8
Base adult survival: 0
Sigma for survival devs: 6
Additional variance estimated
Weight for mark-recapture proportions: 1
Weight for genetics proportions: 1


Total objective fn: 261.151380554168
Negative log-likelihood fn: 153.65421177209

Natural Survival by feeding ground
RUS+WAL,EAL+BER,GOA,SEA+NBC,SBC+WA,OR+CA
1970 0.96 0.96 0.96 0.96 0.96 0.96
1971 0.96 0.96 0.96 0.96 0.96 0.96
1972 0.96 0.96 0.96 0.96 0.96 0.96
1973 0.96 0.96 0.96 0.96 0.96 0.96
1974 0.96 0.96 0.96 0.96 0.96 0.96
1975 0.96 0.96 0.96 0.96 0.96 0.96
1976 0.96 0.96 0.96 0.96 0.96 0.96
1977 0.96 0.96 0.96 0.96 0.96 0.96
1978 0.96 0.96 0.96 0.96 0.96 0.96
1979 0.96 0.96 0.96 0.96 0.96 0.96
1980 0.96 0.96 0.96 0.96 0.96 0.96
1981 0.96 0.96 0.96 0.96 0.96 0.96
1982 0.96 0.96 0.96 0.96 0.96 0.96
1983 0.96 0.96 0.96 0.96 0.96 0.96
1984 0.96 0.96 0.96 0.96 0.96 0.96
1985 0.96 0.96 0.96 0.96 0.96 0.96
1986 0.96 0.96 0.96 0.96 0.96 0.96
1987 0.96 0.96 0.96 0.96 0.96 0.96
1988 0.96 0.96 0.96 0.96 0.96 0.96
1989 0.96 0.96 0.96 0.96 0.96 0.96
1990 0.96 0.96 0.96 0.96 0.96 0.96
1991 0.96 0.96 0.96 0.96 0.96 0.96
1992 0.96 0.96 0.96 0.96 0.96 0.96
1993 0.96 0.96 0.96 0.96 0.96 0.96
1994 0.96 0.96 0.96 0.96 0.96 0.96
1995 0.96 0.96 0.96 0.96 0.96 0.96
1996 0.96 0.96 0.96 0.96 0.96 0.96
1997 0.96 0.96 0.96 0.96 0.96 0.96
1998 0.96 0.96 0.96 0.96 0.96 0.96
1999 0.96 0.96 0.96 0.96 0.96 0.96
2000 0.96 0.987304 0.9948738 0.990565 0.9860236 0.9671532
2001 0.96 0.9827069 0.9480702 0.942627 0.9697876 0.972029
2002 0.96 0.9814128 0.8471443 0.9871592 0.984842 0.9775982
2003 0.96 0.9757625 0.7628641 0.960816 0.9949656 0.9778152
2004 0.96 0.9630059 0.9890271 0.9879913 0.9885718 0.9743677
2005 0.96 0.9663431 0.9322431 0.9426793 0.9740396 0.9614648
2006 0.96 0.9528444 0.9165554 0.9656337 0.9806979 0.884233
2007 0.96 0.9807238 0.9993227 0.924307 0.9974892 0.9410848
2008 0.96 0.9610826 0.923929 0.9791093 0.9827465 0.9401332
2009 0.96 0.9856561 0.8149367 0.9824557 0.9979689 0.9489507
2010 0.96 0.960114 0.992548 0.9138751 0.9704669 0.9517717
2011 0.96 0.9701585 0.9979095 0.9710782 0.9998265 0.9453696
2012 0.96 0.8947164 0.9646542 0.9681718 0.9653619 0.9615681
2013 0.96 0.9869269 0.9364408 0.7922632 0.9504541 0.9754809
2014 0.96 0.9660112 0.5943354 0.7629755 0.9497548 0.9820462
2015 0.96 0.9145981 0.6597168 0.8910274 0.9476441 0.9832335
2016 0.96 0.7775151 0.9739057 0.7395857 0.9890566 0.9795421
2017 0.96 0.8417311 0.7709837 0.857077 0.9956686 0.9763474
2018 0.96 0.7756617 0.9658311 0.9888603 0.9673948 0.9717542
2019 0.96 0.8836836 0.9763455 0.9310067 0.9993065 0.9666902
2020 0.96 0.8892247 0.8073078 0.8732196 0.9529783 0.9720535
2021 0.96 0.9509706 0.7034373 0.9819837 0.9521772 0.950146
2022 0.96 0.9608538 0.8938261 0.8974266 0.9464421 0.9539828
2023 0.96 0.9299518 0.6559262 0.9209405 0.9507422 0.9576613

Naturak Survival by breeding stock
RUS+WAL,EAL+BER,GOA,SEA+NBC,SBC+WA,OR+CA
1970 0.96 0.96 0.96 0.96 0.96
1971 0.96 0.96 0.96 0.96 0.96
1972 0.96 0.96 0.96 0.96 0.96
1973 0.96 0.96 0.96 0.96 0.96
1974 0.96 0.96 0.96 0.96 0.96
1975 0.96 0.96 0.96 0.96 0.96
1976 0.96 0.96 0.96 0.96 0.96
1977 0.96 0.96 0.96 0.96 0.96
1978 0.96 0.96 0.96 0.96 0.96
1979 0.96 0.96 0.96 0.96 0.96
1980 0.96 0.96 0.96 0.96 0.96
1981 0.96 0.96 0.96 0.96 0.96
1982 0.96 0.96 0.96 0.96 0.96
1983 0.96 0.96 0.96 0.96 0.96
1984 0.96 0.96 0.96 0.96 0.96
1985 0.96 0.96 0.96 0.96 0.96
1986 0.96 0.96 0.96 0.96 0.96
1987 0.96 0.96 0.96 0.96 0.96
1988 0.96 0.96 0.96 0.96 0.96
1989 0.96 0.96 0.96 0.96 0.96
1990 0.96 0.96 0.96 0.96 0.96
1991 0.96 0.96 0.96 0.96 0.96
1992 0.96 0.96 0.96 0.96 0.96
1993 0.96 0.96 0.96 0.96 0.96
1994 0.96 0.96 0.96 0.96 0.96
1995 0.96 0.96 0.96 0.96 0.96
1996 0.96 0.96 0.96 0.96 0.96
1997 0.96 0.96 0.96 0.96 0.96
1998 0.96 0.96 0.96 0.96 0.96
1999 0.96 0.96 0.96 0.96 0.96
2000 0.96 0.96 0.96 0.96 0.96
2001 0.96 0.96 0.96 0.96 0.96
2002 0.96 0.96 0.96 0.96 0.96
2003 0.96 0.96 0.96 0.96 0.96
2004 0.96 0.96 0.96 0.96 0.96
2005 0.96 0.96 0.96 0.96 0.96
2006 0.96 0.96 0.96 0.96 0.96
2007 0.96 0.96 0.96 0.96 0.96
2008 0.96 0.96 0.96 0.96 0.96
2009 0.96 0.96 0.96 0.96 0.96
2010 0.96 0.96 0.96 0.96 0.96
2011 0.96 0.96 0.96 0.96 0.96
2012 0.96 0.96 0.96 0.96 0.96
2013 0.96 0.96 0.96 0.96 0.96
2014 0.96 0.96 0.96 0.96 0.96
2015 0.96 0.96 0.96 0.96 0.96
2016 0.96 0.96 0.96 0.96 0.96
2017 0.96 0.96 0.96 0.96 0.96
2018 0.96 0.96 0.96 0.96 0.96
2019 0.96 0.96 0.96 0.96 0.96
2020 0.96 0.96 0.96 0.96 0.96
2021 0.96 0.96 0.96 0.96 0.96
2022 0.96 0.96 0.96 0.96 0.96
2023 0.96 0.96 0.96 0.96 0.96

Fecundity by feeding ground
RUS+WAL,EAL+BER,GOA,SEA+NBC,SBC+WA,OR+CA
1970 0.9612188 0.9621641 0.9601057 0.957506 0.9631462 0.9672259
1971 0.9612873 0.9622293 0.9601165 0.957625 0.963183 0.9672955
1972 0.9591629 0.9599339 0.9572991 0.9543443 0.9611128 0.966236
1973 0.9568793 0.9577409 0.9545974 0.951234 0.959137 0.9652452
1974 0.9547215 0.955653 0.9520177 0.9482999 0.9572568 0.9643416
1975 0.9526759 0.9536637 0.9495611 0.9455306 0.9554666 0.9635051
1976 0.9507439 0.9517686 0.9472157 0.9429168 0.9537855 0.962732
1977 0.94892 0.9499623 0.9449759 0.9404534 0.952187 0.9620174
1978 0.9471998 0.9482414 0.9428373 0.93813 0.9506692 0.9613631
1979 0.9455788 0.946609 0.9407954 0.9359393 0.949227 0.9607635
1980 0.9440611 0.9450552 0.9388456 0.9338784 0.9478567 0.9602229
1981 0.9426307 0.9435744 0.9369912 0.9319324 0.9465769 0.9597311
1982 0.9406434 0.9415427 0.9344684 0.9292382 0.944806 0.9590174
1983 0.9381641 0.9390114 0.9313314 0.9258658 0.9425901 0.9581074
1984 0.9352425 0.9360328 0.9276524 0.9219014 0.9400012 0.9570129
1985 0.9319397 0.9326556 0.923485 0.9173926 0.9370624 0.9557781
1986 0.9282977 0.9289252 0.9189019 0.9124565 0.9338136 0.954422
1987 0.9243707 0.924886 0.9139437 0.9071972 0.9303182 0.9529662
1988 0.9202016 0.9205807 0.9086681 0.9015551 0.9265905 0.9514336
1989 0.9158303 0.9160376 0.9031159 0.8955481 0.9226871 0.9498163
1990 0.9113015 0.9113018 0.8973316 0.889346 0.9186401 0.9481219
1991 0.9066404 0.9064018 0.8913625 0.8829795 0.9144569 0.9464365
1992 0.9017253 0.9012106 0.8850444 0.8763056 0.9100433 0.9446702
1993 0.8964484 0.8956147 0.8782528 0.8690392 0.9053046 0.9427692
1994 0.8907243 0.8895284 0.8708762 0.8612279 0.9001622 0.9406917
1995 0.8844877 0.8828798 0.8628353 0.8527209 0.894558 0.9384328
1996 0.8776921 0.8756184 0.8540821 0.8435767 0.8884472 0.9359533
1997 0.8703168 0.8677122 0.8445918 0.8336574 0.881709 0.9332594
1998 0.8623478 0.8592048 0.8343438 0.8230194 0.8744599 0.9303553
1999 0.8537855 0.8500237 0.8233359 0.8117025 0.8667513 0.9272499
2000 0.844651 0.8401439 0.8115982 0.7995373 0.8584326 0.9238321
2001 0.8349548 0.8234759 0.7895482 0.7777777 0.8445434 0.9196377
2002 0.8247059 0.807017 0.7801926 0.7697441 0.8333673 0.9147314
2003 0.8138712 0.7894899 0.7965134 0.7461115 0.8177038 0.9089693
2004 0.8024245 0.7722937 0.8282456 0.7313842 0.7982378 0.9027087
2005 0.7903257 0.7578784 0.8036914 0.7047926 0.7798489 0.8964339
2006 0.7775306 0.7412013 0.7978618 0.6957532 0.7642764 0.8912115
2007 0.7640171 0.7283197 0.7954782 0.6756466 0.7437388 0.894534
2008 0.7497427 0.7036069 0.7679501 0.6730461 0.7181842 0.8900877
2009 0.7347172 0.686157 0.7645034 0.6443413 0.6941032 0.8860747
2010 0.7189338 0.6564099 0.7897517 0.6140047 0.6626015 0.8810787
2011 0.7024259 0.6374585 0.7599548 0.6175219 0.6433017 0.8749898
2012 0.685221 0.6119826 0.7307948 0.589292 0.6041992 0.8694013
2013 0.6683508 0.6240214 0.7137544 0.5626962 0.5825074 0.8604312
2014 0.648507 0.5856365 0.7080316 0.6302563 0.5696459 0.8497133
2015 0.6339364 0.5603912 0.8089177 0.6951822 0.5567528 0.838983
2016 0.6140646 0.5645994 0.855706 0.6980332 0.5441465 0.8288806
2017 0.5933978 0.6371495 0.8348478 0.7551214 0.50481 0.816385
2018 0.5726091 0.6660421 0.8584691 0.7645094 0.4638353 0.8052868
2019 0.5503707 0.7165382 0.843383 0.73006 0.4393007 0.7928912
2020 0.5299221 0.718804 0.8289285 0.7206996 0.3926089 0.7802319
2021 0.5095134 0.7209371 0.8478488 0.7324737 0.382028 0.7657384
2022 0.4891661 0.6992315 0.8778284 0.7011208 0.3714973 0.7571484
2023 0.4690374 0.6754687 0.8754518 0.7067766 0.3685039 0.7465201

Total abundance: Estimate SD_log
1970 1080.881 NaN
1971 1358.693 NaN
1972 1586.445 NaN
1973 1798.457 NaN
1974 2003.048 NaN
1975 2195.937 NaN
1976 2378.377 NaN
1977 2550.77 NaN
1978 2713.693 NaN
1979 2867.485 NaN
1980 3012.455 NaN
1981 3225.534 NaN
1982 3487.848 NaN
1983 3793.446 NaN
1984 4137.359 NaN
1985 4514.802 NaN
1986 4921.567 NaN
1987 5351.863 NaN
1988 5800.433 NaN
1989 6267.289 NaN
1990 6751.277 NaN
1991 7264.534 NaN
1992 7815.897 NaN
1993 8413.659 NaN
1994 9068.757 NaN
1995 9780.689 NaN
1996 10553.61 NaN
1997 11385.46 NaN
1998 12278.74 NaN
1999 13226.94 NaN
2000 14228.12 NaN
2001 15820.74 NaN
2002 16964.95 NaN
2003 18272.6 NaN
2004 19206.25 NaN
2005 20982.43 NaN
2006 22184.3 NaN
2007 23302.23 NaN
2008 24768.51 NaN
2009 26465.65 NaN
2010 28334.93 NaN
2011 29540.26 NaN
2012 31816.28 NaN
2013 33008.58 NaN
2014 33022.11 NaN
2015 31512.01 NaN
2016 31129.61 NaN
2017 28632.81 NaN
2018 28001.49 NaN
2019 28271.9 NaN
2020 29307.15 NaN
2021 29433.59 NaN
2022 30837.76 NaN
2023 31866.94 NaN
2024 32437.02 NaN

Breeding stock abundance: Estimate SD_log Estimate/K
Asia
1 76.37215 NaN 1.564359
2 96.66046 NaN 1.979932
3 112.5567 NaN 2.30554
4 124.6162 NaN 2.55256
5 138.3031 NaN 2.832914
6 151.1273 NaN 3.095596
7 163.2385 NaN 3.343674
8 174.5734 NaN 3.575851
9 185.1662 NaN 3.792828
10 195.0491 NaN 3.995264
11 204.2445 NaN 4.183616
12 217.8785 NaN 4.462886
13 234.738 NaN 4.808226
14 254.42 NaN 5.211379
15 276.4465 NaN 5.662556
16 300.5779 NaN 6.156849
17 326.3939 NaN 6.685647
18 353.7094 NaN 7.24516
19 382.1557 NaN 7.827838
20 411.4838 NaN 8.428576
21 441.4818 NaN 9.043034
22 473.0853 NaN 9.690382
23 507.071 NaN 10.38652
24 543.8495 NaN 11.13987
25 583.8035 NaN 11.95826
26 627.1864 NaN 12.84689
27 674.1493 NaN 13.80885
28 724.7419 NaN 14.84516
29 778.8207 NaN 15.95287
30 836.2027 NaN 17.12825
31 896.7789 NaN 18.36905
32 965.6435 NaN 19.77963
33 1037.586 NaN 21.25326
34 1113.156 NaN 22.80118
35 1191.671 NaN 24.40944
36 1271.176 NaN 26.03798
37 1355.779 NaN 27.77092
38 1440.82 NaN 29.51286
39 1538.47 NaN 31.51305
40 1634.16 NaN 33.4731
41 1742.827 NaN 35.69898
42 1845.661 NaN 37.80537
43 1955.837 NaN 40.06213
44 2039.302 NaN 41.77177
45 2150.22 NaN 44.04375
46 2283.379 NaN 46.7713
47 2323.079 NaN 47.58448
48 2375.447 NaN 48.65716
49 2459.047 NaN 50.36957
50 2525.108 NaN 51.72271
51 2636.289 NaN 54.00009
52 2727.266 NaN 55.86361
53 2832.138 NaN 58.01172
54 2937.295 NaN 60.16571
Hawaii
1 683.9008 NaN 2.08082
2 863.2862 NaN 2.626614
3 1009.318 NaN 3.070925
4 1147.647 NaN 3.491804
5 1279.706 NaN 3.893602
6 1405.002 NaN 4.274824
7 1523.889 NaN 4.636547
8 1636.689 NaN 4.97975
9 1743.659 NaN 5.305214
10 1845.168 NaN 5.614063
11 1941.348 NaN 5.906697
12 2081.842 NaN 6.334161
13 2254.52 NaN 6.859549
14 2455.599 NaN 7.471346
15 2681.984 NaN 8.16014
16 2930.178 NaN 8.915288
17 3198.198 NaN 9.73076
18 3481.676 NaN 10.59326
19 3776.989 NaN 11.49178
20 4085.341 NaN 12.42996
21 4405.81 NaN 13.40501
22 4745.01 NaN 14.43705
23 5110.33 NaN 15.54856
24 5506.192 NaN 16.75301
25 5940.779 NaN 18.07527
26 6412.094 NaN 19.50928
27 6923.87 NaN 21.0664
28 7473.176 NaN 22.7377
29 8063.024 NaN 24.53236
30 8688.691 NaN 26.436
31 9348.714 NaN 28.44417
32 10458.22 NaN 31.81992
33 11144.73 NaN 33.90869
34 11995.64 NaN 36.49764
35 12507.02 NaN 38.05355
36 13722.09 NaN 41.75049
37 14431.23 NaN 43.9081
38 15304.79 NaN 46.566
39 16186.97 NaN 49.25009
40 17373.35 NaN 52.85974
41 18621.87 NaN 56.65846
42 19235.06 NaN 58.52414
43 20785.04 NaN 63.24005
44 21580.43 NaN 65.66008
45 20796.29 NaN 63.27429
46 18838.97 NaN 57.319
47 18222.1 NaN 55.44211
48 15973.08 NaN 48.59932
49 15134.68 NaN 46.04842
50 15337.47 NaN 46.66542
51 15804.49 NaN 48.08637
52 15434.93 NaN 46.96195
53 16278.34 NaN 49.52808
54 16607.55 NaN 50.52973
MX_AR
1 115.4058 NaN 1.019467
2 145.7781 NaN 1.287769
3 170.753 NaN 1.508391
4 194.2315 NaN 1.715794
5 217.0539 NaN 1.917402
6 238.7615 NaN 2.109161
7 259.4286 NaN 2.29173
8 279.1141 NaN 2.465627
9 297.8656 NaN 2.631273
10 315.7281 NaN 2.789066
11 332.6962 NaN 2.938958
12 357.3523 NaN 3.156765
13 387.6163 NaN 3.42411
14 422.8831 NaN 3.735648
15 462.6155 NaN 4.086634
16 506.298 NaN 4.472515
17 553.4396 NaN 4.888952
18 603.5007 NaN 5.33118
19 656.049 NaN 5.79538
20 710.746 NaN 6.27856
21 767.3909 NaN 6.778947
22 827.6843 NaN 7.311564
23 892.6965 NaN 7.885867
24 963.443 NaN 8.510824
25 1040.819 NaN 9.194346
26 1125.224 NaN 9.939958
27 1217.025 NaN 10.75091
28 1316.305 NaN 11.62792
29 1423.115 NaN 12.57145
30 1536.765 NaN 13.57541
31 1657.423 NaN 14.64128
32 1847.497 NaN 16.32035
33 2008.805 NaN 17.7453
34 2138.154 NaN 18.88794
35 2229.184 NaN 19.69207
36 2421.318 NaN 21.38935
37 2584.508 NaN 22.83092
38 2710.024 NaN 23.9397
39 2953.799 NaN 26.09315
40 3134.985 NaN 27.69371
41 3338.048 NaN 29.48751
42 3555.841 NaN 31.41145
43 3840.297 NaN 33.92426
44 3892.444 NaN 34.38492
45 4147.459 NaN 36.63765
46 4120.034 NaN 36.39539
47 4047.119 NaN 35.75128
48 3704.168 NaN 32.72173
49 3553.043 NaN 31.38673
50 3375.889 NaN 29.82179
51 3453.664 NaN 30.50884
52 3470.761 NaN 30.65987
53 3598.416 NaN 31.78754
54 3797.248 NaN 33.54397
MX_ML
1 162.0532 NaN 0.541427
2 200.3711 NaN 0.6694488
3 232.7827 NaN 0.7777376
4 263.0148 NaN 0.8787443
5 291.7247 NaN 0.9746654
6 318.1675 NaN 1.063012
7 342.8102 NaN 1.145344
8 365.7193 NaN 1.221885
9 387.1028 NaN 1.293328
10 406.9364 NaN 1.359593
11 425.2595 NaN 1.420811
12 452.9017 NaN 1.513165
13 487.1175 NaN 1.627482
14 527.0736 NaN 1.760976
15 572.0102 NaN 1.911112
16 621.4213 NaN 2.076197
17 674.4356 NaN 2.25332
18 730.4059 NaN 2.440319
19 788.6364 NaN 2.63487
20 848.7811 NaN 2.835816
21 910.8124 NaN 3.043065
22 977.0095 NaN 3.264233
23 1047.359 NaN 3.499272
24 1123.605 NaN 3.754014
25 1206.992 NaN 4.032614
26 1298.06 NaN 4.336875
27 1396.886 NaN 4.667058
28 1503.893 NaN 5.024575
29 1618.866 NaN 5.408703
30 1740.987 NaN 5.816717
31 1869.956 NaN 6.247607
32 2054.924 NaN 6.865592
33 2234.962 NaN 7.46711
34 2433.774 NaN 8.131347
35 2628.557 NaN 8.782126
36 2858.106 NaN 9.549062
37 3052.461 NaN 10.19841
38 3101.393 NaN 10.36189
39 3306.843 NaN 11.04831
40 3499.958 NaN 11.69352
41 3754.159 NaN 12.54281
42 3971.524 NaN 13.26904
43 4245.26 NaN 14.1836
44 4427.815 NaN 14.79353
45 4755.451 NaN 15.88818
46 4988.04 NaN 16.66527
47 5159.466 NaN 17.23801
48 5113.079 NaN 17.08303
49 5270.035 NaN 17.60742
50 5353.805 NaN 17.8873
51 5618.544 NaN 18.77181
52 5876.362 NaN 19.63319
53 6126.269 NaN 20.46814
54 6425.451 NaN 21.46772
Central_Am
1 43.14952 NaN 0.9284168
2 52.59684 NaN 1.131688
3 61.03472 NaN 1.313239
4 68.94709 NaN 1.483484
5 76.26072 NaN 1.640846
6 82.87975 NaN 1.783263
7 89.01123 NaN 1.91519
8 94.6745 NaN 2.037042
9 99.8999 NaN 2.149473
10 104.6037 NaN 2.250681
11 108.9068 NaN 2.343269
12 115.5595 NaN 2.486409
13 123.8556 NaN 2.66491
14 133.4705 NaN 2.871786
15 144.3031 NaN 3.104863
16 156.3273 NaN 3.363581
17 169.0997 NaN 3.638394
18 182.5715 NaN 3.928258
19 196.6021 NaN 4.230144
20 210.9371 NaN 4.53858
21 225.7813 NaN 4.85797
22 241.7446 NaN 5.201443
23 258.4412 NaN 5.560691
24 276.5691 NaN 5.950735
25 296.3635 NaN 6.376636
26 318.1246 NaN 6.844855
27 341.6762 NaN 7.351598
28 367.3401 NaN 7.903789
29 394.9135 NaN 8.497066
30 424.2938 NaN 9.12922
31 455.2487 NaN 9.795254
32 494.4529 NaN 10.63878
33 538.8653 NaN 11.59437
34 591.8769 NaN 12.73498
35 649.8247 NaN 13.9818
36 709.7434 NaN 15.27103
37 760.3215 NaN 16.35928
38 745.2024 NaN 16.03398
39 782.4274 NaN 16.83492
40 823.1932 NaN 17.71205
41 878.0239 NaN 18.8918
42 932.1645 NaN 20.0567
43 989.849 NaN 21.29786
44 1068.594 NaN 22.99216
45 1172.692 NaN 25.23197
46 1281.58 NaN 27.57483
47 1377.847 NaN 29.64612
48 1467.035 NaN 31.56511
49 1584.682 NaN 34.09644
50 1679.627 NaN 36.13931
51 1794.155 NaN 38.60352
52 1924.27 NaN 41.40312
53 2002.596 NaN 43.08839
54 2099.393 NaN 45.17111

Feeding stock abundance: Estimate SD_log Estimate/K
RUS+WAL
1 101.3207 NaN 1.364872
2 129.1295 NaN 1.739479
3 146.9787 NaN 1.979922
4 167.0578 NaN 2.250403
5 186.0166 NaN 2.505794
6 203.9977 NaN 2.748014
7 220.9721 NaN 2.976672
8 236.9887 NaN 3.192429
9 252.0858 NaN 3.395798
10 266.3031 NaN 3.587317
11 279.5926 NaN 3.766338
12 299.2456 NaN 4.03108
13 323.484 NaN 4.357589
14 351.6896 NaN 4.737543
15 383.4448 NaN 5.16531
16 418.2116 NaN 5.633647
17 455.6463 NaN 6.137923
18 495.2694 NaN 6.671677
19 536.7194 NaN 7.230042
20 579.656 NaN 7.808433
21 623.6873 NaN 8.40157
22 670.3994 NaN 9.03082
23 720.6832 NaN 9.708183
24 775.3011 NaN 10.44393
25 834.8275 NaN 11.2458
26 899.6656 NaN 12.11922
27 970.0628 NaN 13.06753
28 1046.036 NaN 14.09094
29 1127.565 NaN 15.1892
30 1214.51 NaN 16.36042
31 1306.55 NaN 17.60028
32 1403.911 NaN 18.91181
33 1506.726 NaN 20.29682
34 1615.457 NaN 21.7615
35 1730.401 NaN 23.30989
36 1851.93 NaN 24.94699
37 1980.399 NaN 26.67757
38 2115.89 NaN 28.50275
39 2258.67 NaN 30.42611
40 2408.442 NaN 32.44365
41 2565.09 NaN 34.55383
42 2728.161 NaN 36.75053
43 2897.334 NaN 39.02942
44 3062.18 NaN 41.25003
45 3256.596 NaN 43.86897
46 3395.649 NaN 45.74213
47 3590.723 NaN 48.36993
48 3789.586 NaN 51.04878
49 3988.318 NaN 53.72586
50 4200.523 NaN 56.58443
51 4392.701 NaN 59.17321
52 4584.949 NaN 61.76296
53 4775.472 NaN 64.32946
54 4962.661 NaN 66.85104
EAL+BER
1 262.2855 NaN 1.245779
2 334.2657 NaN 1.587664
3 391.9813 NaN 1.861796
4 446.9319 NaN 2.122795
5 499.2536 NaN 2.371308
6 549.1105 NaN 2.608113
7 596.6088 NaN 2.833716
8 641.885 NaN 3.048765
9 685.0202 NaN 3.253644
10 725.9125 NaN 3.447871
11 764.8299 NaN 3.632717
12 821.5271 NaN 3.902012
13 891.2397 NaN 4.233126
14 972.57 NaN 4.619421
15 1064.223 NaN 5.054744
16 1165.003 NaN 5.533423
17 1273.8 NaN 6.050174
18 1389.52 NaN 6.599812
19 1511.109 NaN 7.177324
20 1637.923 NaN 7.779652
21 1768.82 NaN 8.401373
22 1908.204 NaN 9.063407
23 2058.787 NaN 9.778632
24 2222.914 NaN 10.55819
25 2402.213 NaN 11.40981
26 2598.025 NaN 12.33985
27 2811.143 NaN 13.3521
28 3041.914 NaN 14.44819
29 3288.57 NaN 15.61974
30 3552.843 NaN 16.87496
31 3835.079 NaN 18.2155
32 4289.8 NaN 20.37529
33 4752.703 NaN 22.57394
34 5244.21 NaN 24.90845
35 5729.879 NaN 27.21524
36 6145.664 NaN 29.19009
37 6615.045 NaN 31.41951
38 6991.997 NaN 33.20993
39 7662.644 NaN 36.3953
40 8162.715 NaN 38.77049
41 8978.987 NaN 42.64754
42 9524.062 NaN 45.23649
43 10222.06 NaN 48.55178
44 9968.068 NaN 47.34539
45 10956.67 NaN 52.04098
46 11632.95 NaN 55.25308
47 11556.2 NaN 54.88855
48 9767.033 NaN 46.39053
49 9000.891 NaN 42.75158
50 7707.377 NaN 36.60777
51 7551.518 NaN 35.86749
52 7478.486 NaN 35.52061
53 7985.002 NaN 37.92641
54 8625.753 NaN 40.96979
GOA
1 140.8234 NaN 1.505107
2 180.3986 NaN 1.928084
3 211.9917 NaN 2.265748
4 242.1532 NaN 2.588112
5 270.9504 NaN 2.895893
6 298.3587 NaN 3.18883
7 324.5277 NaN 3.468522
8 349.5194 NaN 3.735631
9 373.3824 NaN 3.990676
10 396.1674 NaN 4.2342
11 417.9227 NaN 4.46672
12 449.2708 NaN 4.801765
13 487.6301 NaN 5.211746
14 532.3308 NaN 5.689503
15 582.5571 NaN 6.226317
16 637.7363 NaN 6.816067
17 697.0396 NaN 7.449895
18 760.0564 NaN 8.123413
19 826.1433 NaN 8.829743
20 894.8777 NaN 9.56437
21 965.777 NaN 10.32214
22 1041.051 NaN 11.12666
23 1122.291 NaN 11.99494
24 1210.57 NaN 12.93846
25 1306.858 NaN 13.96758
26 1411.757 NaN 15.08873
27 1525.517 NaN 16.30459
28 1648.14 NaN 17.61517
29 1779.625 NaN 19.02047
30 1919.773 NaN 20.51836
31 2068.018 NaN 22.10278
32 2332.363 NaN 24.92808
33 2462.059 NaN 26.31426
34 2295.043 NaN 24.52921
35 1929.755 NaN 20.62505
36 2171.437 NaN 23.20812
37 2259.347 NaN 24.14769
38 2297.993 NaN 24.56074
39 2615.587 NaN 27.95516
40 2681.311 NaN 28.6576
41 2416.161 NaN 25.8237
42 2725.835 NaN 29.13348
43 3063.352 NaN 32.74082
44 3265.477 NaN 34.90112
45 3370.816 NaN 36.02697
46 2249.056 NaN 24.0377
47 1619.852 NaN 17.31283
48 1793.653 NaN 19.1704
49 1539.803 NaN 16.45728
50 1669.912 NaN 17.84786
51 1857.836 NaN 19.85638
52 1668.628 NaN 17.83415
53 1309.311 NaN 13.9938
54 1283.743 NaN 13.72053
SEA+NBC
1 390.3698 NaN 1.83263
2 496.0898 NaN 2.328942
3 579.0371 NaN 2.718346
4 657.2605 NaN 3.085574
5 731.051 NaN 3.431991
6 800.7013 NaN 3.758971
7 866.4331 NaN 4.067555
8 928.3574 NaN 4.358265
9 986.7483 NaN 4.632387
10 1041.782 NaN 4.890746
11 1093.521 NaN 5.133643
12 1170.005 NaN 5.492702
13 1264.143 NaN 5.934643
14 1373.976 NaN 6.450266
15 1497.332 NaN 7.029373
16 1633.177 NaN 7.667108
17 1778.37 NaN 8.348731
18 1930.172 NaN 9.06138
19 2090.698 NaN 9.814985
20 2259.645 NaN 10.60812
21 2432.241 NaN 11.41839
22 2614.672 NaN 12.27484
23 2809.777 NaN 13.19077
24 3024.59 NaN 14.19924
25 3256.45 NaN 15.28773
26 3508.809 NaN 16.47245
27 3778.992 NaN 17.74085
28 4070.346 NaN 19.10864
29 4380.501 NaN 20.56469
30 4707.815 NaN 22.1013
31 5056.871 NaN 23.73998
32 5651.524 NaN 26.53164
33 5911.752 NaN 27.7533
34 6549.467 NaN 30.74712
35 6982.237 NaN 32.77879
36 7708.975 NaN 36.19054
37 8000.253 NaN 37.55797
38 8556.538 NaN 40.16951
39 8674.513 NaN 40.72335
40 9441.364 NaN 44.32341
41 10285.09 NaN 48.28437
42 10233.48 NaN 48.04206
43 11003.9 NaN 51.65889
44 11717.61 NaN 55.00947
45 10037.89 NaN 47.12385
46 8339.187 NaN 39.14913
47 8181.664 NaN 38.40962
48 6694.687 NaN 31.42887
49 6332.933 NaN 29.73058
50 7177.839 NaN 33.69707
51 7439.569 NaN 34.92579
52 7157.014 NaN 33.5993
53 7937.874 NaN 37.26513
54 7783.259 NaN 36.53927
SBC+WA
1 34.12091 NaN 1.122048
2 43.60423 NaN 1.433903
3 51.11733 NaN 1.680967
4 58.26544 NaN 1.916029
5 65.06857 NaN 2.139746
6 71.5466 NaN 2.352773
7 77.61535 NaN 2.55234
8 83.38763 NaN 2.742159
9 88.86754 NaN 2.922363
10 94.07431 NaN 3.093585
11 99.02095 NaN 3.256253
12 106.1708 NaN 3.491371
13 114.9881 NaN 3.781324
14 125.2967 NaN 4.120316
15 136.8236 NaN 4.499374
16 149.5037 NaN 4.916351
17 163.1971 NaN 5.366652
18 177.6639 NaN 5.842384
19 192.8708 NaN 6.342455
20 208.603 NaN 6.8598
21 224.7498 NaN 7.390781
22 241.9492 NaN 7.956373
23 260.4688 NaN 8.565383
24 280.5849 NaN 9.226888
25 302.519 NaN 9.948181
26 326.4202 NaN 10.73416
27 352.394 NaN 11.5883
28 380.8779 NaN 12.52497
29 411.3151 NaN 13.52588
30 443.4463 NaN 14.5825
31 477.8713 NaN 15.71455
32 532.7518 NaN 17.51927
33 579.4661 NaN 19.05544
34 642.0263 NaN 21.1127
35 719.7718 NaN 23.66932
36 794.3525 NaN 26.12187
37 858.9213 NaN 28.24518
38 941.6677 NaN 30.96625
39 1041.892 NaN 34.26207
40 1139.718 NaN 37.47903
41 1264.531 NaN 41.58344
42 1343.515 NaN 44.18078
43 1496.059 NaN 49.19713
44 1585.45 NaN 52.1367
45 1639.607 NaN 53.91762
46 1692.114 NaN 55.64428
47 1744.448 NaN 57.36525
48 1895.045 NaN 62.31758
49 2045.96 NaN 67.28034
50 2139.69 NaN 70.36259
51 2310.215 NaN 75.97022
52 2347.655 NaN 77.2014
53 2388.802 NaN 78.5545
54 2400.28 NaN 78.93198
OR+CA
1 130.5611 NaN 0.608061
2 165.3049 NaN 0.7698727
3 192.0386 NaN 0.8943794
4 216.9882 NaN 1.010577
5 239.608 NaN 1.115924
6 260.5228 NaN 1.21333
7 279.8202 NaN 1.303204
8 297.6323 NaN 1.38616
9 313.8891 NaN 1.461872
10 328.7463 NaN 1.531067
11 342.067 NaN 1.593105
12 362.9146 NaN 1.690198
13 388.8631 NaN 1.811048
14 419.2829 NaN 1.952722
15 453.9791 NaN 2.114312
16 491.7707 NaN 2.290319
17 532.2144 NaN 2.478677
18 574.7816 NaN 2.676924
19 618.8922 NaN 2.88236
20 664.8847 NaN 3.096561
21 712.6018 NaN 3.318793
22 761.6575 NaN 3.54726
23 814.29 NaN 3.792384
24 871.6989 NaN 4.059754
25 934.7888 NaN 4.353582
26 1003.412 NaN 4.673181
27 1078.497 NaN 5.022873
28 1159.642 NaN 5.400791
29 1246.563 NaN 5.805605
30 1338.853 NaN 6.235427
31 1439.731 NaN 6.705247
32 1561.086 NaN 7.270428
33 1703.343 NaN 7.932963
34 1869.996 NaN 8.709112
35 2052.711 NaN 9.560071
36 2237.474 NaN 10.42057
37 2396.33 NaN 11.1604
38 2333.547 NaN 10.868
39 2448.206 NaN 11.402
40 2569.997 NaN 11.96922
41 2717.071 NaN 12.65419
42 2898.506 NaN 13.49918
43 3070.175 NaN 14.2987
44 3327.996 NaN 15.49944
45 3632.032 NaN 16.91542
46 3934.352 NaN 18.32342
47 4206.322 NaN 19.59006
48 4570.208 NaN 21.28478
49 4887.884 NaN 22.76429
50 5249.558 NaN 24.44871
51 5620.008 NaN 26.17401
52 6032.06 NaN 28.09305
53 6304.598 NaN 29.36234
54 6623.741 NaN 30.84868

Parameters: Estimate  Std. Error      z value    Pr(>|z^2|)
rval 0.09107938 NaN NaN NaN
logK 8.49331213 NaN NaN NaN
logK 10.40022103 NaN NaN NaN
logK 9.33434472 NaN NaN NaN
logK 10.30664184 NaN NaN NaN
logK 8.4441161 NaN NaN NaN
logBK 4.19147348 NaN NaN NaN
logBK 3.90118193 NaN NaN NaN
logBK 4.62492396 NaN NaN NaN
logBK 5.26233758 NaN NaN NaN
logBK 4.71935347 NaN NaN NaN
MixPars -1.78334686 NaN NaN NaN
MixPars -2.99735087 NaN NaN NaN
MixPars -0.85603274 NaN NaN NaN
MixPars -1.2225998 NaN NaN NaN
MixPars -2.85174601 NaN NaN NaN
MixPars -1.59892289 NaN NaN NaN
MixPars -0.8127483 NaN NaN NaN
MixPars -1.67162962 NaN NaN NaN
MixPars -3.38497099 NaN NaN NaN
MixPars -1.76651306 NaN NaN NaN
MixPars -1.7661426 NaN NaN NaN
MixPars -1.50073515 NaN NaN NaN
MixPars -1.14915418 NaN NaN NaN
MixPars -1.51596536 NaN NaN NaN
MixPars 0.81204743 NaN NaN NaN
MixPars -2.89854508 NaN NaN NaN
AddV 0.05843891 NaN NaN NaN
AddV 0.01421749 NaN NaN NaN
AddV 0.01510408 NaN NaN NaN
log_sigmaEnv -0.07708869 NaN NaN NaN
omega_sst 0.53338418 NaN NaN NaN
omega_sst -0.42928343 NaN NaN NaN
omega_sst -0.31793318 NaN NaN NaN
omega_sst 0.28351357 NaN NaN NaN
omega_sst 0.03408032 NaN NaN NaN
omega_mld 0.24823936 NaN NaN NaN
omega_mld -1.88242735 NaN NaN NaN
omega_mld -1.35272636 NaN NaN NaN
omega_mld -6.34373498 NaN NaN NaN
omega_mld -0.01408577 NaN NaN NaN

Mixing matrix
0.85610964 0.14389036 0 0 0 0 ,# Asia
0.02732345 0.23254028 0.16117592 0.54735425 0.0316061 0 ,# Hawaii
0.09914852 0.49055717 0.21762938 0.09219558 0.0166194 0.08384994 ,# MX_AR
0.04087793 0.23906439 0.05330328 0.07576063 0.05249761 0.53849616 ,# MX_ML
0 0 0 0 0.05222553 0.94777447 ,# Central_Am

Split of breeding stock to feeding grounds over time
Split for: Asia
Year RUS+WAL EAL+BER GOA SEA+NBC SBC+WA OR+CA
1970 0.85737 0.14263 0 0 0 0
1971 0.85799 0.14201 0 0 0 0
1972 0.85492 0.14508 0 0 0 0
1973 0.85514 0.14486 0 0 0 0
1974 0.85533 0.14467 0 0 0 0
1975 0.8555 0.1445 0 0 0 0
1976 0.85566 0.14434 0 0 0 0
1977 0.85581 0.14419 0 0 0 0
1978 0.85595 0.14405 0 0 0 0
1979 0.85611 0.14389 0 0 0 0
1980 0.85627 0.14373 0 0 0 0
1981 0.85641 0.14359 0 0 0 0
1982 0.85654 0.14346 0 0 0 0
1983 0.85666 0.14334 0 0 0 0
1984 0.85677 0.14323 0 0 0 0
1985 0.85687 0.14313 0 0 0 0
1986 0.85696 0.14304 0 0 0 0
1987 0.85704 0.14296 0 0 0 0
1988 0.85713 0.14287 0 0 0 0
1989 0.8572 0.1428 0 0 0 0
1990 0.85727 0.14273 0 0 0 0
1991 0.85734 0.14266 0 0 0 0
1992 0.85741 0.14259 0 0 0 0
1993 0.85748 0.14252 0 0 0 0
1994 0.85756 0.14244 0 0 0 0
1995 0.85763 0.14237 0 0 0 0
1996 0.8577 0.1423 0 0 0 0
1997 0.85778 0.14222 0 0 0 0
1998 0.85792 0.14208 0 0 0 0
1999 0.85804 0.14196 0 0 0 0
2000 0.85813 0.14187 0 0 0 0
2001 0.85366 0.14634 0 0 0 0
2002 0.85016 0.14984 0 0 0 0
2003 0.84698 0.15302 0 0 0 0
2004 0.84492 0.15508 0 0 0 0
2005 0.84515 0.15485 0 0 0 0
2006 0.84481 0.15519 0 0 0 0
2007 0.84674 0.15326 0 0 0 0
2008 0.84383 0.15617 0 0 0 0
2009 0.84449 0.15551 0 0 0 0
2010 0.84074 0.15926 0 0 0 0
2011 0.84165 0.15835 0 0 0 0
2012 0.84078 0.15922 0 0 0 0
2013 0.85217 0.14783 0 0 0 0
2014 0.84793 0.15207 0 0 0 0
2015 0.84776 0.15224 0 0 0 0
2016 0.85596 0.14404 0 0 0 0
2017 0.8815 0.1185 0 0 0 0
2018 0.89499 0.10501 0 0 0 0
2019 0.91297 0.08703 0 0 0 0
2020 0.91839 0.08161 0 0 0 0
2021 0.92262 0.07738 0 0 0 0
2022 0.92123 0.07877 0 0 0 0
2023 0.91879 0.08121 0 0 0 0
2024 0.91955 0.08045 0 0 0 0
Split for: Hawaii
Year RUS+WAL EAL+BER GOA SEA+NBC SBC+WA OR+CA
1970 0.02775 0.23375 0.16016 0.54634 0.032 0
1971 0.02792 0.23403 0.16103 0.54487 0.03215 0
1972 0.02733 0.23486 0.16181 0.54372 0.03227 0
1973 0.02745 0.2355 0.16242 0.54226 0.03237 0
1974 0.02757 0.23611 0.16299 0.54087 0.03246 0
1975 0.02768 0.23672 0.16349 0.53956 0.03255 0
1976 0.02778 0.23733 0.16398 0.53831 0.03259 0
1977 0.02789 0.23794 0.16446 0.53706 0.03264 0
1978 0.02799 0.23855 0.16494 0.53583 0.0327 0
1979 0.02809 0.23909 0.16541 0.53465 0.03275 0
1980 0.0282 0.23965 0.16588 0.53346 0.03281 0
1981 0.0283 0.24025 0.16632 0.53228 0.03285 0
1982 0.0284 0.24088 0.16673 0.5311 0.03289 0
1983 0.0285 0.24151 0.16711 0.52994 0.03294 0
1984 0.02861 0.24216 0.16747 0.52879 0.03297 0
1985 0.0287 0.24275 0.16778 0.52777 0.033 0
1986 0.0288 0.24341 0.16807 0.52667 0.03305 0
1987 0.02891 0.2442 0.16844 0.52535 0.0331 0
1988 0.02901 0.24485 0.16871 0.52429 0.03314 0
1989 0.02909 0.24536 0.16886 0.52354 0.03315 0
1990 0.02917 0.24593 0.16904 0.5227 0.03316 0
1991 0.02926 0.24653 0.16923 0.5218 0.03318 0
1992 0.02936 0.24719 0.16945 0.52079 0.0332 0
1993 0.02944 0.24774 0.16957 0.52004 0.03321 0
1994 0.02953 0.24838 0.16974 0.51913 0.03323 0
1995 0.02962 0.24902 0.16989 0.51822 0.03324 0
1996 0.02973 0.24979 0.1701 0.5171 0.03328 0
1997 0.02984 0.25055 0.17027 0.51599 0.03335 0
1998 0.02996 0.25128 0.17047 0.51486 0.03342 0
1999 0.0301 0.25213 0.17071 0.5136 0.03347 0
2000 0.03022 0.25295 0.17083 0.51247 0.03353 0
2001 0.02916 0.2531 0.17226 0.51204 0.03344 0
2002 0.02949 0.26322 0.17062 0.50252 0.03415 0
2003 0.02952 0.27006 0.14782 0.51741 0.03519 0
2004 0.03047 0.28322 0.11925 0.52919 0.03787 0
2005 0.02986 0.27707 0.12233 0.53261 0.03813 0
2006 0.0305 0.28369 0.12103 0.52556 0.03922 0
2007 0.03085 0.28277 0.11603 0.5298 0.04055 0
2008 0.03129 0.29327 0.12493 0.50804 0.04247 0
2009 0.03122 0.29114 0.1193 0.51505 0.0433 0
2010 0.03121 0.29932 0.10043 0.52414 0.04491 0
2011 0.03226 0.30734 0.10963 0.50458 0.04619 0
2012 0.03182 0.3051 0.11391 0.50159 0.04758 0
2013 0.03266 0.28692 0.11703 0.51476 0.04863 0
2014 0.0361 0.3278 0.12554 0.45824 0.05229 2e-05
2015 0.04233 0.38494 0.09253 0.42054 0.05966 0
2016 0.04637 0.39511 0.06884 0.42613 0.06356 0
2017 0.05595 0.38086 0.0869 0.39752 0.07877 0
2018 0.06248 0.37119 0.07887 0.39751 0.08995 0
2019 0.06496 0.31355 0.08436 0.44432 0.09282 0
2020 0.0663 0.29834 0.09109 0.44691 0.09736 0
2021 0.07132 0.30289 0.08383 0.44053 0.10143 0
2022 0.07077 0.30642 0.0623 0.46272 0.09778 0
2023 0.07267 0.32525 0.05999 0.44555 0.09655 0
2024 0.07544 0.33421 0.04393 0.44847 0.09796 0
Split for: MX_AR
Year RUS+WAL EAL+BER GOA SEA+NBC SBC+WA OR+CA
1970 0.10068 0.49307 0.21624 0.09202 0.01683 0.08117
1971 0.1011 0.4926 0.21695 0.09157 0.01687 0.0809
1972 0.09893 0.49417 0.21792 0.09135 0.01692 0.08071
1973 0.09915 0.49442 0.21826 0.0909 0.01694 0.08033
1974 0.09937 0.4948 0.21863 0.0905 0.01695 0.07975
1975 0.0996 0.49522 0.21892 0.09012 0.01697 0.07917
1976 0.09981 0.49566 0.2192 0.08977 0.01697 0.07859
1977 0.10003 0.49611 0.21948 0.08941 0.01697 0.07801
1978 0.10023 0.49657 0.21976 0.08906 0.01697 0.07741
1979 0.10045 0.49697 0.22006 0.08873 0.01697 0.07682
1980 0.10066 0.49741 0.22037 0.08841 0.01697 0.07617
1981 0.10088 0.4979 0.22062 0.08808 0.01697 0.07555
1982 0.1011 0.49844 0.22082 0.08775 0.01696 0.07494
1983 0.1013 0.49897 0.22099 0.08742 0.01696 0.07435
1984 0.1015 0.49949 0.2211 0.08709 0.01695 0.07386
1985 0.10168 0.5 0.22119 0.0868 0.01694 0.07338
1986 0.10187 0.50056 0.22123 0.08648 0.01694 0.07292
1987 0.10207 0.50116 0.22127 0.08609 0.01693 0.07248
1988 0.10225 0.50172 0.22128 0.08578 0.01693 0.07204
1989 0.10241 0.50223 0.22123 0.08556 0.01691 0.07166
1990 0.10257 0.5027 0.22117 0.08531 0.01689 0.07136
1991 0.10274 0.50326 0.22112 0.08505 0.01688 0.07096
1992 0.10292 0.50383 0.22107 0.08475 0.01687 0.07056
1993 0.10308 0.50436 0.22096 0.08453 0.01685 0.07021
1994 0.10326 0.5049 0.22085 0.08426 0.01684 0.06991
1995 0.10343 0.50543 0.22072 0.08398 0.01682 0.06962
1996 0.10361 0.50601 0.22056 0.08364 0.0168 0.06939
1997 0.10379 0.50658 0.22035 0.0833 0.01681 0.06918
1998 0.10401 0.50706 0.22018 0.08295 0.01681 0.069
1999 0.10423 0.50761 0.21998 0.08256 0.0168 0.06882
2000 0.10441 0.50816 0.21966 0.0822 0.01679 0.06877
2001 0.10112 0.51028 0.2223 0.08243 0.01681 0.06707
2002 0.10028 0.52026 0.21585 0.07931 0.01682 0.06748
2003 0.10147 0.53964 0.18906 0.08255 0.01753 0.06976
2004 0.10473 0.56587 0.1525 0.08442 0.01886 0.07362
2005 0.10368 0.5592 0.15803 0.08583 0.01918 0.07408
2006 0.10434 0.56421 0.15407 0.08346 0.01944 0.07448
2007 0.10679 0.56899 0.14944 0.08512 0.02034 0.06932
2008 0.10504 0.57226 0.15604 0.07916 0.02066 0.06686
2009 0.10599 0.57458 0.1507 0.08116 0.0213 0.06627
2010 0.1066 0.59441 0.12766 0.08311 0.02223 0.066
2011 0.10688 0.59196 0.13516 0.0776 0.02218 0.06623
2012 0.10558 0.58855 0.14064 0.07726 0.02288 0.0651
2013 0.11092 0.5664 0.14787 0.08114 0.02393 0.06974
2014 0.11088 0.58534 0.14348 0.06533 0.02328 0.07169
2015 0.11867 0.62735 0.09653 0.05472 0.02423 0.07849
2016 0.12821 0.63512 0.07083 0.05469 0.02547 0.08568
2017 0.14801 0.58569 0.08554 0.04881 0.03019 0.10176
2018 0.16326 0.56388 0.07669 0.04822 0.03406 0.11389
2019 0.18096 0.50782 0.08745 0.05746 0.03747 0.12883
2020 0.18588 0.48624 0.09502 0.05816 0.03955 0.13515
2021 0.19441 0.47997 0.08503 0.05574 0.04006 0.1448
2022 0.19637 0.49428 0.06432 0.0596 0.03931 0.14612
2023 0.19472 0.50665 0.05981 0.05542 0.03749 0.14592
2024 0.19906 0.51267 0.04313 0.05493 0.03746 0.15275
Split for: MX_ML
Year RUS+WAL EAL+BER GOA SEA+NBC SBC+WA OR+CA
1970 0.04215 0.244 0.05378 0.07678 0.05397 0.52932
1971 0.0424 0.24421 0.05406 0.07655 0.0542 0.52857
1972 0.04154 0.24527 0.05436 0.07645 0.05445 0.52793
1973 0.04174 0.24602 0.05458 0.07627 0.05463 0.52676
1974 0.04199 0.24713 0.05488 0.07622 0.05488 0.5249
1975 0.04224 0.24825 0.05516 0.07618 0.05515 0.52302
1976 0.04249 0.24941 0.05544 0.07616 0.05534 0.52116
1977 0.04274 0.25059 0.05572 0.07615 0.05555 0.51925
1978 0.043 0.2518 0.056 0.07615 0.05576 0.51729
1979 0.04326 0.25297 0.0563 0.07616 0.05599 0.51532
1980 0.04353 0.25426 0.05662 0.0762 0.05624 0.51314
1981 0.04381 0.25557 0.05691 0.07623 0.05645 0.51103
1982 0.04408 0.25687 0.05719 0.07625 0.05667 0.50894
1983 0.04434 0.25815 0.05746 0.07626 0.05689 0.5069
1984 0.04457 0.25926 0.05768 0.07622 0.05703 0.50523
1985 0.04479 0.26036 0.05789 0.07621 0.05719 0.50356
1986 0.04502 0.26145 0.05807 0.07616 0.05736 0.50193
1987 0.04524 0.26256 0.05826 0.07605 0.0575 0.50039
1988 0.04546 0.26363 0.05844 0.076 0.05765 0.49882
1989 0.04564 0.26457 0.05857 0.076 0.05775 0.49746
1990 0.04581 0.26536 0.05868 0.07593 0.05781 0.49641
1991 0.04601 0.26638 0.05882 0.07591 0.05792 0.49496
1992 0.04621 0.2674 0.05897 0.07585 0.05803 0.49354
1993 0.0464 0.26834 0.05908 0.07584 0.05812 0.49223
1994 0.04657 0.26918 0.05918 0.07575 0.05818 0.49114
1995 0.04674 0.27001 0.05926 0.07565 0.05824 0.4901
1996 0.0469 0.27076 0.05931 0.07546 0.05828 0.48928
1997 0.04705 0.27145 0.05934 0.07526 0.05838 0.48852
1998 0.04721 0.27205 0.05937 0.07505 0.05845 0.48786
1999 0.04738 0.27272 0.0594 0.0748 0.05849 0.48722
2000 0.04748 0.27312 0.05933 0.0745 0.05849 0.48709
2001 0.04651 0.27742 0.06074 0.07556 0.05922 0.48055
2002 0.04597 0.2819 0.05878 0.07246 0.05909 0.4818
2003 0.04536 0.28514 0.05021 0.07355 0.06002 0.48572
2004 0.04507 0.28785 0.03899 0.07241 0.06218 0.4935
2005 0.04449 0.28363 0.04028 0.07341 0.06306 0.49513
2006 0.04462 0.28522 0.03914 0.07114 0.06371 0.49617
2007 0.04697 0.29584 0.03905 0.07463 0.06855 0.47496
2008 0.04707 0.30311 0.04154 0.0707 0.07092 0.46666
2009 0.04749 0.3043 0.04011 0.07248 0.07312 0.46249
2010 0.0474 0.31239 0.03372 0.07365 0.07572 0.45712
2011 0.04765 0.31194 0.0358 0.06895 0.07575 0.4599
2012 0.04738 0.31223 0.0375 0.06911 0.07868 0.4551
2013 0.04823 0.29112 0.0382 0.07032 0.07972 0.47241
2014 0.04793 0.2991 0.03685 0.05629 0.07709 0.48274
2015 0.04874 0.30454 0.02355 0.04479 0.07626 0.50212
2016 0.05009 0.29328 0.01644 0.04259 0.07623 0.52138
2017 0.05277 0.24683 0.01812 0.03469 0.08248 0.56512
2018 0.05431 0.2217 0.01515 0.03197 0.0868 0.59007
2019 0.05583 0.18518 0.01603 0.03533 0.08857 0.61907
2020 0.05563 0.17203 0.0169 0.03469 0.0907 0.63005
2021 0.05577 0.16276 0.01449 0.03187 0.08806 0.64704
2022 0.05587 0.16622 0.01087 0.03379 0.0857 0.64754
2023 0.05564 0.17112 0.01015 0.03156 0.08207 0.64945
2024 0.0552 0.16803 0.0071 0.03036 0.07957 0.65973
Split for: Central_Am
Year RUS+WAL EAL+BER GOA SEA+NBC SBC+WA OR+CA
1970 0 0 0 0 0.05449 0.94551
1971 0 0 0 0 0.05479 0.94521
1972 0 0 0 0 0.05509 0.94491
1973 0 0 0 0 0.05537 0.94463
1974 0 0 0 0 0.0558 0.9442
1975 0 0 0 0 0.05624 0.94376
1976 0 0 0 0 0.05662 0.94338
1977 0 0 0 0 0.05702 0.94298
1978 0 0 0 0 0.05743 0.94257
1979 0 0 0 0 0.05786 0.94214
1980 0 0 0 0 0.05833 0.94167
1981 0 0 0 0 0.05877 0.94123
1982 0 0 0 0 0.05921 0.94079
1983 0 0 0 0 0.05965 0.94035
1984 0 0 0 0 0.05998 0.94002
1985 0 0 0 0 0.06032 0.93968
1986 0 0 0 0 0.06067 0.93933
1987 0 0 0 0 0.06099 0.93901
1988 0 0 0 0 0.06132 0.93868
1989 0 0 0 0 0.06158 0.93842
1990 0 0 0 0 0.06175 0.93825
1991 0 0 0 0 0.06204 0.93796
1992 0 0 0 0 0.06232 0.93768
1993 0 0 0 0 0.06256 0.93744
1994 0 0 0 0 0.06275 0.93725
1995 0 0 0 0 0.06294 0.93706
1996 0 0 0 0 0.06308 0.93692
1997 0 0 0 0 0.06327 0.93673
1998 0 0 0 0 0.06343 0.93657
1999 0 0 0 0 0.06354 0.93646
2000 0 0 0 0 0.06356 0.93644
2001 0 0 0 0 0.06512 0.93488
2002 0 0 0 0 0.06483 0.93517
2003 0 0 0 0 0.06529 0.93471
2004 0 0 0 0 0.06649 0.93351
2005 0 0 0 0 0.06715 0.93285
2006 0 0 0 0 0.06766 0.93234
2007 0 0 0 0 0.07542 0.92458
2008 0 0 0 0 0.0791 0.9209
2009 0 0 0 0 0.08203 0.91797
2010 0 0 0 0 0.08562 0.91438
2011 0 0 0 0 0.08517 0.91483
2012 0 0 0 0 0.08902 0.91098
2013 0 0 0 0 0.08708 0.91292
2014 0 0 0 0 0.08279 0.91721
2015 0 0 0 0 0.07905 0.92095
2016 0 0 0 0 0.07633 0.92367
2017 0 0 0 0 0.07621 0.92379
2018 0 0 0 0 0.07677 0.92323
2019 0 0 0 0 0.07482 0.92518
2020 0 0 0 0 0.07524 0.92476
2021 0 0 0 0 0.07143 0.92857
2022 0 0 0 0 0.0696 0.9304
2023 0 0 0 0 0.06667 0.93333
2024 0 0 0 0 0.06382 0.93618

Difference in mortality over time
Difference for: Asia
Year RUS+WAL EAL+BER GOA SEA+NBC SBC+WA OR+CA
1970 0 0 0 0 0 0
1971 0 0 0 0 0 0
1972 0 0 0 0 0 0
1973 0 0 0 0 0 0
1974 0 0 0 0 0 0
1975 0 0 0 0 0 0
1976 0 0 0 0 0 0
1977 0 0 0 0 0 0
1978 0 0 0 0 0 0
1979 0 0 0 0 0 0
1980 0 0 0 0 0 0
1981 0 0 0 0 0 0
1982 0 0 0 0 0 0
1983 0 0 0 0 0 0
1984 0 0 0 0 0 0
1985 0 0 0 0 0 0
1986 0 0 0 0 0 0
1987 0 0 0 0 0 0
1988 0 0 0 0 0 0
1989 0 0 0 0 0 0
1990 0 0 0 0 0 0
1991 0 0 0 0 0 0
1992 0 0 0 0 0 0
1993 0 0 0 0 0 0
1994 0 0 0 0 0 0
1995 0 0 0 0 0 0
1996 0 0 0 0 0 0
1997 0 0 0 0 0 0
1998 0 0 0 0 0 0
1999 0 0 0 0 0 0
2000 0 3 0 0 0 0
2001 0 3 0 0 0 0
2002 0 3 0 0 0 0
2003 0 3 0 0 0 0
2004 0 1 0 0 0 0
2005 0 1 0 0 0 0
2006 0 -1 0 0 0 0
2007 0 5 0 0 0 0
2008 0 0 0 0 0 0
2009 0 6 0 0 0 0
2010 0 0 0 0 0 0
2011 0 3 0 0 0 0
2012 0 -20 0 0 0 0
2013 0 8 0 0 0 0
2014 0 2 0 0 0 0
2015 0 -15 0 0 0 0
2016 0 -61 0 0 0 0
2017 0 -33 0 0 0 0
2018 0 -47 0 0 0 0
2019 0 -17 0 0 0 0
2020 0 -15 0 0 0 0
2021 0 -2 0 0 0 0
2022 0 0 0 0 0 0
2023 0 -7 0 0 0 0
Difference for: Hawaii
Year RUS+WAL EAL+BER GOA SEA+NBC SBC+WA OR+CA
1970 0 0 0 0 0 0
1971 0 0 0 0 0 0
1972 0 0 0 0 0 0
1973 0 0 0 0 0 0
1974 0 0 0 0 0 0
1975 0 0 0 0 0 0
1976 0 0 0 0 0 0
1977 0 0 0 0 0 0
1978 0 0 0 0 0 0
1979 0 0 0 0 0 0
1980 0 0 0 0 0 0
1981 0 0 0 0 0 0
1982 0 0 0 0 0 0
1983 0 0 0 0 0 0
1984 0 0 0 0 0 0
1985 0 0 0 0 0 0
1986 0 0 0 0 0 0
1987 0 0 0 0 0 0
1988 0 0 0 0 0 0
1989 0 0 0 0 0 0
1990 0 0 0 0 0 0
1991 0 0 0 0 0 0
1992 0 0 0 0 0 0
1993 0 0 0 0 0 0
1994 0 0 0 0 0 0
1995 0 0 0 0 0 0
1996 0 0 0 0 0 0
1997 0 0 0 0 0 0
1998 0 0 0 0 0 0
1999 0 0 0 0 0 0
2000 0 64 56 146 8 0
2001 0 60 -21 -93 3 0
2002 0 63 -214 152 9 0
2003 0 51 -349 5 15 0
2004 0 11 43 185 14 0
2005 0 24 -46 -126 7 0
2006 0 -29 -76 43 12 0
2007 0 90 70 -289 23 0
2008 0 5 -73 157 16 0
2009 0 130 -300 201 29 0
2010 0 1 61 -449 9 0
2011 0 60 80 107 35 0
2012 0 -414 11 85 5 0
2013 0 166 -59 -1860 -10 0
2014 0 41 -952 -1872 -11 0
2015 0 -328 -522 -545 -14 0
2016 0 -1311 17 -1707 34 0
2017 0 -718 -262 -652 45 0
2018 0 -1032 7 173 10 0
2019 0 -366 21 -197 56 0
2020 0 -333 -219 -611 -11 0
2021 0 -42 -331 149 -12 0
2022 0 4 -67 -470 -22 0
2023 0 -162 -302 -288 -15 0
Difference for: MX_AR
Year RUS+WAL EAL+BER GOA SEA+NBC SBC+WA OR+CA
1970 0 0 0 0 0 0
1971 0 0 0 0 0 0
1972 0 0 0 0 0 0
1973 0 0 0 0 0 0
1974 0 0 0 0 0 0
1975 0 0 0 0 0 0
1976 0 0 0 0 0 0
1977 0 0 0 0 0 0
1978 0 0 0 0 0 0
1979 0 0 0 0 0 0
1980 0 0 0 0 0 0
1981 0 0 0 0 0 0
1982 0 0 0 0 0 0
1983 0 0 0 0 0 0
1984 0 0 0 0 0 0
1985 0 0 0 0 0 0
1986 0 0 0 0 0 0
1987 0 0 0 0 0 0
1988 0 0 0 0 0 0
1989 0 0 0 0 0 0
1990 0 0 0 0 0 0
1991 0 0 0 0 0 0
1992 0 0 0 0 0 0
1993 0 0 0 0 0 0
1994 0 0 0 0 0 0
1995 0 0 0 0 0 0
1996 0 0 0 0 0 0
1997 0 0 0 0 0 0
1998 0 0 0 0 0 0
1999 0 0 0 0 0 0
2000 0 23 13 4 1 1
2001 0 21 -5 -3 0 1
2002 0 22 -49 4 1 2
2003 0 18 -80 0 1 3
2004 0 4 10 5 1 2
2005 0 9 -11 -4 1 0
2006 0 -10 -17 1 1 -15
2007 0 32 16 -8 2 -4
2008 0 2 -17 4 1 -4
2009 0 46 -68 6 3 -2
2010 0 0 14 -13 1 -2
2011 0 21 18 3 3 -3
2012 0 -147 3 2 0 0
2013 0 59 -14 -53 -1 4
2014 0 15 -217 -53 -1 7
2015 0 -117 -119 -16 -1 7
2016 0 -467 4 -49 3 7
2017 0 -256 -60 -19 4 6
2018 0 -368 2 5 1 5
2019 0 -131 5 -6 5 3
2020 0 -119 -50 -17 -1 6
2021 0 -15 -76 4 -1 -5
2022 0 2 -15 -13 -2 -3
2023 0 -58 -69 -8 -1 -1
Difference for: MX_ML
Year RUS+WAL EAL+BER GOA SEA+NBC SBC+WA OR+CA
1970 0 0 0 0 0 0
1971 0 0 0 0 0 0
1972 0 0 0 0 0 0
1973 0 0 0 0 0 0
1974 0 0 0 0 0 0
1975 0 0 0 0 0 0
1976 0 0 0 0 0 0
1977 0 0 0 0 0 0
1978 0 0 0 0 0 0
1979 0 0 0 0 0 0
1980 0 0 0 0 0 0
1981 0 0 0 0 0 0
1982 0 0 0 0 0 0
1983 0 0 0 0 0 0
1984 0 0 0 0 0 0
1985 0 0 0 0 0 0
1986 0 0 0 0 0 0
1987 0 0 0 0 0 0
1988 0 0 0 0 0 0
1989 0 0 0 0 0 0
1990 0 0 0 0 0 0
1991 0 0 0 0 0 0
1992 0 0 0 0 0 0
1993 0 0 0 0 0 0
1994 0 0 0 0 0 0
1995 0 0 0 0 0 0
1996 0 0 0 0 0 0
1997 0 0 0 0 0 0
1998 0 0 0 0 0 0
1999 0 0 0 0 0 0
2000 0 14 4 4 3 6
2001 0 13 -1 -3 1 12
2002 0 13 -15 4 3 19
2003 0 11 -24 0 5 21
2004 0 2 3 5 5 19
2005 0 5 -3 -4 3 2
2006 0 -6 -5 1 4 -114
2007 0 19 5 -8 8 -28
2008 0 1 -5 4 5 -31
2009 0 27 -20 6 10 -18
2010 0 0 4 -13 3 -14
2011 0 13 5 3 12 -27
2012 0 -86 1 2 2 3
2013 0 35 -4 -52 -3 32
2014 0 8 -63 -52 -4 50
2015 0 -68 -35 -15 -5 57
2016 0 -270 1 -47 11 51
2017 0 -148 -17 -18 15 47
2018 0 -212 0 5 3 36
2019 0 -75 1 -5 18 22
2020 0 -68 -14 -17 -4 42
2021 0 -9 -22 4 -4 -37
2022 0 1 -4 -13 -7 -24
2023 0 -33 -20 -8 -5 -10
Difference for: Central_Am
Year RUS+WAL EAL+BER GOA SEA+NBC SBC+WA OR+CA
1970 0 0 0 0 0 0
1971 0 0 0 0 0 0
1972 0 0 0 0 0 0
1973 0 0 0 0 0 0
1974 0 0 0 0 0 0
1975 0 0 0 0 0 0
1976 0 0 0 0 0 0
1977 0 0 0 0 0 0
1978 0 0 0 0 0 0
1979 0 0 0 0 0 0
1980 0 0 0 0 0 0
1981 0 0 0 0 0 0
1982 0 0 0 0 0 0
1983 0 0 0 0 0 0
1984 0 0 0 0 0 0
1985 0 0 0 0 0 0
1986 0 0 0 0 0 0
1987 0 0 0 0 0 0
1988 0 0 0 0 0 0
1989 0 0 0 0 0 0
1990 0 0 0 0 0 0
1991 0 0 0 0 0 0
1992 0 0 0 0 0 0
1993 0 0 0 0 0 0
1994 0 0 0 0 0 0
1995 0 0 0 0 0 0
1996 0 0 0 0 0 0
1997 0 0 0 0 0 0
1998 0 0 0 0 0 0
1999 0 0 0 0 0 0
2000 0 0 0 0 1 3
2001 0 0 0 0 0 5
2002 0 0 0 0 1 9
2003 0 0 0 0 1 10
2004 0 0 0 0 1 9
2005 0 0 0 0 1 1
2006 0 0 0 0 1 -53
2007 0 0 0 0 2 -13
2008 0 0 0 0 1 -14
2009 0 0 0 0 3 -8
2010 0 0 0 0 1 -7
2011 0 0 0 0 3 -12
2012 0 0 0 0 0 1
2013 0 0 0 0 -1 15
2014 0 0 0 0 -1 23
2015 0 0 0 0 -1 27
2016 0 0 0 0 3 24
2017 0 0 0 0 4 22
2018 0 0 0 0 1 17
2019 0 0 0 0 5 10
2020 0 0 0 0 -1 20
2021 0 0 0 0 -1 -17
2022 0 0 0 0 -2 -11
2023 0 0 0 0 -1 -5

Total survival over time
Values for breeding stock: Asia
Year RUS+WAL EAL+BER GOA SEA+NBC SBC+WA OR+CA
1970 0.996 0.986 0 0 0 0
1971 1.281 1.274 0 0 0 0
1972 1.186 1.216 0 0 0 0
1973 1.176 1.174 0 0 0 0
1974 1.147 1.145 0 0 0 0
1975 1.126 1.124 0 0 0 0
1976 1.109 1.107 0 0 0 0
1977 1.095 1.094 0 0 0 0
1978 1.084 1.083 0 0 0 0
1979 1.075 1.074 0 0 0 0
1980 1.067 1.066 0 0 0 0
1981 1.087 1.085 0 0 0 0
1982 1.101 1.099 0 0 0 0
1983 1.109 1.108 0 0 0 0
1984 1.113 1.112 0 0 0 0
1985 1.114 1.113 0 0 0 0
1986 1.113 1.113 0 0 0 0
1987 1.111 1.11 0 0 0 0
1988 1.107 1.106 0 0 0 0
1989 1.103 1.102 0 0 0 0
1990 1.098 1.097 0 0 0 0
1991 1.096 1.095 0 0 0 0
1992 1.096 1.095 0 0 0 0
1993 1.097 1.096 0 0 0 0
1994 1.098 1.097 0 0 0 0
1995 1.099 1.098 0 0 0 0
1996 1.099 1.099 0 0 0 0
1997 1.1 1.099 0 0 0 0
1998 1.099 1.098 0 0 0 0
1999 1.098 1.097 0 0 0 0
2000 1.097 1.127 0 0 0 0
2001 1.095 1.114 0 0 0 0
2002 1.094 1.11 0 0 0 0
2003 1.092 1.101 0 0 0 0
2004 1.091 1.085 0 0 0 0
2005 1.09 1.089 0 0 0 0
2006 1.089 1.072 0 0 0 0
2007 1.088 1.105 0 0 0 0
2008 1.087 1.078 0 0 0 0
2009 1.085 1.105 0 0 0 0
2010 1.084 1.072 0 0 0 0
2011 1.082 1.084 0 0 0 0
2012 1.08 0.997 0 0 0 0
2013 1.072 1.104 0 0 0 0
2014 1.085 1.084 0 0 0 0
2015 1.048 0.99 0 0 0 0
2016 1.075 0.868 0 0 0 0
2017 1.073 0.966 0 0 0 0
2018 1.069 0.897 0 0 0 0
2019 1.072 1.053 0 0 0 0
2020 1.06 1.039 0 0 0 0
2021 1.057 1.109 0 0 0 0
2022 1.054 1.101 0 0 0 0
2023 1.051 1.058 0 0 0 0
Values for breeding stock: Hawaii
Year RUS+WAL EAL+BER GOA SEA+NBC SBC+WA OR+CA
1970 1.008 0.998 0.986 0.991 1.005 0
1971 1.293 1.286 1.292 1.281 1.291 0
1972 1.196 1.227 1.228 1.22 1.227 0
1973 1.187 1.185 1.186 1.178 1.185 0
1974 1.157 1.155 1.156 1.149 1.155 0
1975 1.135 1.133 1.134 1.127 1.133 0
1976 1.118 1.116 1.117 1.111 1.115 0
1977 1.104 1.103 1.103 1.097 1.102 0
1978 1.093 1.092 1.092 1.087 1.091 0
1979 1.084 1.083 1.083 1.078 1.082 0
1980 1.077 1.075 1.076 1.07 1.075 0
1981 1.096 1.095 1.095 1.09 1.093 0
1982 1.11 1.109 1.109 1.103 1.107 0
1983 1.118 1.117 1.117 1.112 1.116 0
1984 1.123 1.122 1.121 1.116 1.12 0
1985 1.124 1.123 1.122 1.118 1.121 0
1986 1.122 1.122 1.12 1.116 1.12 0
1987 1.119 1.119 1.117 1.112 1.117 0
1988 1.116 1.115 1.113 1.109 1.113 0
1989 1.111 1.111 1.109 1.106 1.109 0
1990 1.106 1.106 1.104 1.101 1.104 0
1991 1.105 1.104 1.102 1.099 1.102 0
1992 1.104 1.104 1.102 1.098 1.102 0
1993 1.105 1.105 1.103 1.1 1.102 0
1994 1.106 1.106 1.104 1.101 1.103 0
1995 1.107 1.107 1.105 1.101 1.104 0
1996 1.108 1.107 1.105 1.101 1.105 0
1997 1.108 1.107 1.105 1.101 1.107 0
1998 1.108 1.106 1.104 1.1 1.106 0
1999 1.107 1.106 1.103 1.099 1.104 0
2000 1.105 1.136 1.141 1.133 1.133 0
2001 1.104 1.123 1.078 1.07 1.107 0
2002 1.102 1.118 0.968 1.126 1.124 0
2003 1.101 1.109 0.888 1.087 1.13 0
2004 1.099 1.093 1.181 1.118 1.118 0
2005 1.098 1.097 1.07 1.061 1.095 0
2006 1.097 1.08 1.058 1.091 1.104 0
2007 1.096 1.114 1.155 1.042 1.128 0
2008 1.095 1.086 1.053 1.109 1.092 0
2009 1.094 1.114 0.936 1.105 1.122 0
2010 1.092 1.08 1.171 1.023 1.081 0
2011 1.09 1.093 1.141 1.094 1.111 0
2012 1.089 1.005 1.088 1.088 1.076 0
2013 1.087 1.119 1.053 0.885 1.06 0
2014 1.085 1.084 0.673 0.873 1.056 0
2015 1.082 1.023 0.806 1.044 1.053 0
2016 1.081 0.873 1.204 0.86 1.101 0
2017 1.079 0.971 0.897 1.032 1.1 0
2018 1.076 0.903 1.163 1.176 1.052 0
2019 1.074 1.055 1.125 1.076 1.095 0
2020 1.071 1.049 0.933 1.008 1.031 0
2021 1.068 1.121 0.838 1.142 1.033 0
2022 1.066 1.113 1.106 1.026 1.028 0
2023 1.063 1.07 0.771 1.052 1.028 0
Values for breeding stock: MX_AR
Year RUS+WAL EAL+BER GOA SEA+NBC SBC+WA OR+CA
1970 1.008 0.998 0.986 0.991 1.005 0.961
1971 1.293 1.286 1.292 1.281 1.291 1.283
1972 1.196 1.227 1.228 1.22 1.227 1.22
1973 1.187 1.185 1.186 1.178 1.185 1.179
1974 1.157 1.155 1.156 1.149 1.155 1.146
1975 1.135 1.133 1.134 1.127 1.133 1.124
1976 1.118 1.116 1.117 1.111 1.115 1.107
1977 1.104 1.103 1.103 1.097 1.102 1.094
1978 1.093 1.092 1.092 1.087 1.091 1.083
1979 1.084 1.083 1.083 1.078 1.082 1.074
1980 1.077 1.075 1.076 1.07 1.075 1.065
1981 1.096 1.095 1.095 1.09 1.093 1.085
1982 1.11 1.109 1.109 1.103 1.108 1.099
1983 1.119 1.117 1.117 1.112 1.116 1.108
1984 1.123 1.122 1.121 1.116 1.12 1.114
1985 1.124 1.123 1.122 1.118 1.121 1.115
1986 1.122 1.122 1.12 1.116 1.12 1.114
1987 1.12 1.119 1.117 1.112 1.117 1.111
1988 1.116 1.115 1.113 1.109 1.113 1.107
1989 1.111 1.111 1.109 1.106 1.109 1.104
1990 1.106 1.106 1.104 1.101 1.104 1.101
1991 1.105 1.104 1.102 1.099 1.102 1.097
1992 1.104 1.104 1.102 1.098 1.102 1.097
1993 1.105 1.105 1.103 1.1 1.102 1.098
1994 1.106 1.106 1.104 1.101 1.104 1.1
1995 1.107 1.107 1.105 1.102 1.105 1.102
1996 1.108 1.107 1.105 1.101 1.105 1.103
1997 1.108 1.107 1.105 1.101 1.107 1.104
1998 1.108 1.106 1.104 1.1 1.106 1.103
1999 1.107 1.106 1.103 1.099 1.104 1.102
2000 1.105 1.136 1.141 1.133 1.133 1.112
2001 1.104 1.123 1.078 1.07 1.107 1.114
2002 1.102 1.118 0.968 1.126 1.124 1.119
2003 1.101 1.109 0.888 1.087 1.13 1.116
2004 1.099 1.093 1.181 1.118 1.118 1.111
2005 1.098 1.097 1.07 1.061 1.095 1.094
2006 1.097 1.081 1.058 1.091 1.104 1.008
2007 1.096 1.114 1.155 1.042 1.128 1.091
2008 1.095 1.086 1.053 1.109 1.092 1.086
2009 1.094 1.114 0.936 1.105 1.122 1.097
2010 1.092 1.08 1.171 1.023 1.081 1.094
2011 1.091 1.093 1.141 1.094 1.111 1.091
2012 1.089 1.005 1.088 1.088 1.076 1.113
2013 1.087 1.119 1.053 0.885 1.06 1.127
2014 1.085 1.084 0.674 0.873 1.056 1.118
2015 1.082 1.023 0.806 1.044 1.053 1.099
2016 1.081 0.873 1.204 0.86 1.101 1.078
2017 1.079 0.971 0.897 1.032 1.1 1.098
2018 1.076 0.903 1.163 1.176 1.052 1.081
2019 1.074 1.055 1.125 1.076 1.095 1.087
2020 1.071 1.049 0.933 1.008 1.031 1.099
2021 1.068 1.121 0.838 1.142 1.033 1.067
2022 1.066 1.113 1.106 1.026 1.028 1.077
2023 1.063 1.07 0.771 1.052 1.028 1.082
Values for breeding stock: MX_ML
Year RUS+WAL EAL+BER GOA SEA+NBC SBC+WA OR+CA
1970 1.001 0.991 0.98 0.984 0.998 0.954
1971 1.285 1.279 1.284 1.274 1.283 1.276
1972 1.19 1.22 1.221 1.213 1.22 1.213
1973 1.181 1.179 1.18 1.172 1.179 1.173
1974 1.151 1.15 1.151 1.143 1.15 1.14
1975 1.129 1.128 1.128 1.122 1.128 1.119
1976 1.112 1.111 1.111 1.106 1.11 1.102
1977 1.099 1.098 1.098 1.093 1.097 1.089
1978 1.088 1.087 1.088 1.082 1.086 1.078
1979 1.079 1.078 1.079 1.073 1.077 1.069
1980 1.072 1.07 1.071 1.065 1.07 1.061
1981 1.091 1.09 1.09 1.085 1.089 1.08
1982 1.105 1.104 1.104 1.099 1.103 1.094
1983 1.114 1.113 1.112 1.107 1.112 1.103
1984 1.118 1.117 1.116 1.111 1.115 1.109
1985 1.119 1.118 1.117 1.113 1.117 1.11
1986 1.118 1.117 1.116 1.112 1.116 1.109
1987 1.115 1.114 1.113 1.108 1.113 1.107
1988 1.112 1.111 1.109 1.105 1.109 1.103
1989 1.107 1.107 1.105 1.102 1.105 1.1
1990 1.103 1.102 1.1 1.097 1.1 1.097
1991 1.101 1.1 1.098 1.095 1.098 1.093
1992 1.101 1.1 1.098 1.095 1.098 1.093
1993 1.102 1.101 1.099 1.097 1.099 1.095
1994 1.103 1.102 1.1 1.097 1.1 1.097
1995 1.104 1.103 1.101 1.098 1.101 1.098
1996 1.105 1.104 1.102 1.098 1.102 1.1
1997 1.105 1.104 1.101 1.098 1.103 1.1
1998 1.104 1.103 1.101 1.097 1.102 1.1
1999 1.104 1.102 1.1 1.095 1.1 1.099
2000 1.102 1.133 1.138 1.13 1.13 1.109
2001 1.101 1.12 1.075 1.067 1.104 1.111
2002 1.099 1.115 0.965 1.123 1.121 1.116
2003 1.098 1.107 0.886 1.084 1.128 1.113
2004 1.097 1.09 1.178 1.115 1.115 1.108
2005 1.095 1.094 1.067 1.058 1.092 1.091
2006 1.095 1.078 1.055 1.088 1.102 1.006
2007 1.093 1.111 1.152 1.039 1.125 1.088
2008 1.092 1.083 1.05 1.106 1.09 1.083
2009 1.091 1.111 0.934 1.102 1.119 1.094
2010 1.09 1.078 1.169 1.02 1.078 1.091
2011 1.088 1.09 1.138 1.091 1.108 1.088
2012 1.086 1.002 1.085 1.085 1.073 1.11
2013 1.084 1.116 1.051 0.883 1.058 1.125
2014 1.082 1.081 0.672 0.87 1.053 1.115
2015 1.079 1.02 0.804 1.041 1.05 1.096
2016 1.078 0.87 1.201 0.858 1.098 1.075
2017 1.076 0.969 0.894 1.03 1.097 1.095
2018 1.073 0.901 1.16 1.173 1.049 1.078
2019 1.071 1.052 1.122 1.074 1.093 1.084
2020 1.066 1.045 0.93 1.004 1.027 1.095
2021 1.066 1.118 0.836 1.14 1.03 1.065
2022 1.064 1.111 1.104 1.024 1.027 1.075
2023 1.06 1.067 0.769 1.049 1.025 1.079
Values for breeding stock: Central_Am
Year RUS+WAL EAL+BER GOA SEA+NBC SBC+WA OR+CA
1970 0 0 0 0 0.998 0.954
1971 0 0 0 0 1.283 1.276
1972 0 0 0 0 1.221 1.214
1973 0 0 0 0 1.178 1.172
1974 0 0 0 0 1.149 1.14
1975 0 0 0 0 1.128 1.119
1976 0 0 0 0 1.11 1.102
1977 0 0 0 0 1.097 1.089
1978 0 0 0 0 1.086 1.077
1979 0 0 0 0 1.077 1.069
1980 0 0 0 0 1.07 1.06
1981 0 0 0 0 1.089 1.08
1982 0 0 0 0 1.102 1.094
1983 0 0 0 0 1.111 1.103
1984 0 0 0 0 1.115 1.109
1985 0 0 0 0 1.116 1.11
1986 0 0 0 0 1.116 1.109
1987 0 0 0 0 1.113 1.107
1988 0 0 0 0 1.109 1.103
1989 0 0 0 0 1.104 1.1
1990 0 0 0 0 1.1 1.097
1991 0 0 0 0 1.098 1.093
1992 0 0 0 0 1.098 1.093
1993 0 0 0 0 1.098 1.094
1994 0 0 0 0 1.1 1.097
1995 0 0 0 0 1.101 1.098
1996 0 0 0 0 1.102 1.1
1997 0 0 0 0 1.103 1.1
1998 0 0 0 0 1.102 1.1
1999 0 0 0 0 1.1 1.099
2000 0 0 0 0 1.13 1.108
2001 0 0 0 0 1.104 1.111
2002 0 0 0 0 1.121 1.115
2003 0 0 0 0 1.127 1.113
2004 0 0 0 0 1.115 1.108
2005 0 0 0 0 1.093 1.092
2006 0 0 0 0 1.102 1.006
2007 0 0 0 0 1.125 1.088
2008 0 0 0 0 1.09 1.083
2009 0 0 0 0 1.119 1.094
2010 0 0 0 0 1.078 1.091
2011 0 0 0 0 1.108 1.088
2012 0 0 0 0 1.073 1.11
2013 0 0 0 0 1.058 1.125
2014 0 0 0 0 1.054 1.115
2015 0 0 0 0 1.05 1.097
2016 0 0 0 0 1.098 1.076
2017 0 0 0 0 1.098 1.096
2018 0 0 0 0 1.05 1.079
2019 0 0 0 0 1.094 1.086
2020 0 0 0 0 1.028 1.096
2021 0 0 0 0 1.03 1.064
2022 0 0 0 0 1.026 1.075
2023 0 0 0 0 1.026 1.08

Numbers over time by herd
Values for breeding stock: Asia
Year RUS+WAL EAL+BER GOA SEA+NBC SBC+WA OR+CA
1970 65 11 0 0 0 0
1971 82 14 0 0 0 0
1972 93 16 0 0 0 0
1973 106 18 0 0 0 0
1974 117 20 0 0 0 0
1975 128 22 0 0 0 0
1976 139 23 0 0 0 0
1977 148 25 0 0 0 0
1978 157 26 0 0 0 0
1979 166 28 0 0 0 0
1980 173 29 0 0 0 0
1981 185 31 0 0 0 0
1982 199 33 0 0 0 0
1983 216 36 0 0 0 0
1984 235 39 0 0 0 0
1985 255 43 0 0 0 0
1986 277 46 0 0 0 0
1987 301 50 0 0 0 0
1988 325 54 0 0 0 0
1989 350 58 0 0 0 0
1990 375 63 0 0 0 0
1991 402 67 0 0 0 0
1992 431 72 0 0 0 0
1993 463 77 0 0 0 0
1994 497 82 0 0 0 0
1995 534 89 0 0 0 0
1996 574 95 0 0 0 0
1997 617 102 0 0 0 0
1998 663 110 0 0 0 0
1999 712 118 0 0 0 0
2000 764 126 0 0 0 0
2001 818 140 0 0 0 0
2002 875 154 0 0 0 0
2003 936 169 0 0 0 0
2004 999 183 0 0 0 0
2005 1066 195 0 0 0 0
2006 1137 209 0 0 0 0
2007 1211 219 0 0 0 0
2008 1288 238 0 0 0 0
2009 1369 252 0 0 0 0
2010 1454 275 0 0 0 0
2011 1541 290 0 0 0 0
2012 1631 309 0 0 0 0
2013 1714 297 0 0 0 0
2014 1823 327 0 0 0 0
2015 1875 337 0 0 0 0
2016 1978 333 0 0 0 0
2017 2083 280 0 0 0 0
2018 2186 257 0 0 0 0
2019 2302 219 0 0 0 0
2020 2396 213 0 0 0 0
2021 2490 209 0 0 0 0
2022 2581 221 0 0 0 0
2023 2669 236 0 0 0 0
Values for breeding stock: Hawaii
Year RUS+WAL EAL+BER GOA SEA+NBC SBC+WA OR+CA
1970 19 157 108 368 22 0
1971 24 201 138 468 28 0
1972 27 236 162 546 32 0
1973 31 269 186 620 37 0
1974 35 301 208 689 41 0
1975 39 331 229 755 46 0
1976 42 360 249 817 49 0
1977 45 388 268 876 53 0
1978 49 415 287 931 57 0
1979 52 440 304 983 60 0
1980 55 464 321 1032 63 0
1981 59 499 345 1104 68 0
1982 64 541 375 1193 74 0
1983 70 591 409 1297 81 0
1984 76 648 448 1414 88 0
1985 84 709 490 1542 96 0
1986 92 776 536 1680 105 0
1987 100 848 585 1823 115 0
1988 109 922 636 1975 125 0
1989 119 1001 689 2135 135 0
1990 128 1081 743 2298 146 0
1991 139 1167 801 2471 157 0
1992 150 1260 864 2656 169 0
1993 162 1362 932 2859 183 0
1994 175 1473 1006 3078 197 0
1995 190 1594 1087 3317 213 0
1996 205 1726 1175 3573 230 0
1997 223 1869 1270 3849 249 0
1998 241 2022 1371 4142 269 0
1999 261 2185 1480 4452 290 0
2000 282 2361 1594 4783 313 0
2001 304 2642 1798 5345 349 0
2002 328 2929 1899 5592 380 0
2003 353 3234 1770 6195 421 0
2004 380 3535 1488 6605 473 0
2005 409 3794 1675 7293 522 0
2006 439 4086 1743 7569 565 0
2007 471 4321 1773 8096 620 0
2008 506 4738 2018 8208 686 0
2009 542 5050 2069 8935 751 0
2010 580 5559 1865 9734 834 0
2011 619 5899 2104 9685 887 0
2012 661 6335 2365 10415 988 0
2013 704 6182 2522 11092 1048 0
2014 749 6797 2603 9502 1084 0
2015 795 7226 1737 7895 1120 0
2016 843 7182 1251 7746 1155 0
2017 892 6073 1386 6339 1256 0
2018 943 5600 1190 5997 1357 0
2019 994 4797 1290 6797 1420 0
2020 1045 4703 1436 7046 1535 0
2021 1097 4661 1290 6779 1561 0
2022 1150 4979 1012 7518 1589 0
2023 1203 5382 993 7373 1598 0
Values for breeding stock: MX_AR
Year RUS+WAL EAL+BER GOA SEA+NBC SBC+WA OR+CA
1970 11 56 25 10 2 9
1971 15 72 31 13 2 12
1972 17 84 37 16 3 14
1973 19 96 42 18 3 16
1974 22 107 47 20 4 17
1975 24 118 52 21 4 19
1976 26 128 57 23 4 20
1977 28 138 61 25 5 22
1978 30 148 65 26 5 23
1979 32 157 69 28 5 24
1980 33 165 73 29 6 25
1981 36 178 79 31 6 27
1982 39 193 85 34 7 29
1983 43 211 93 37 7 31
1984 47 231 102 40 8 34
1985 51 253 112 44 9 37
1986 56 277 122 48 9 40
1987 61 302 133 52 10 44
1988 67 329 145 56 11 47
1989 73 356 157 61 12 51
1990 79 385 169 65 13 55
1991 85 416 183 70 14 59
1992 92 449 197 76 15 63
1993 99 485 213 81 16 68
1994 107 525 230 88 17 73
1995 116 568 248 94 19 78
1996 126 615 268 102 20 84
1997 136 666 290 110 22 91
1998 148 720 313 118 24 98
1999 160 779 338 127 26 106
2000 173 841 364 136 28 114
2001 187 942 410 152 31 124
2002 201 1044 433 159 34 135
2003 217 1152 404 176 37 149
2004 233 1260 340 188 42 164
2005 251 1352 382 208 46 179
2006 269 1456 398 215 50 192
2007 289 1540 405 230 55 188
2008 310 1689 460 234 61 197
2009 332 1800 472 254 67 208
2010 355 1981 425 277 74 220
2011 380 2103 480 276 79 235
2012 405 2258 540 296 88 250
2013 432 2204 575 316 93 271
2014 459 2423 594 270 96 297
2015 487 2576 396 225 100 322
2016 517 2561 286 221 103 345
2017 547 2165 316 180 112 376
2018 578 1996 272 171 121 403
2019 609 1710 294 193 126 434
2020 641 1677 328 201 136 466
2021 673 1662 294 193 139 501
2022 705 1775 231 214 141 525
2023 738 1919 227 210 142 553
Values for breeding stock: MX_ML
Year RUS+WAL EAL+BER GOA SEA+NBC SBC+WA OR+CA
1970 7 38 8 12 8 83
1971 8 48 11 15 11 105
1972 10 56 12 18 13 121
1973 11 64 14 20 14 137
1974 12 71 16 22 16 151
1975 13 78 17 24 17 165
1976 14 85 19 26 19 177
1977 15 91 20 28 20 188
1978 16 96 21 29 21 198
1979 17 102 23 31 23 207
1980 18 107 24 32 24 216
1981 20 114 25 34 25 229
1982 21 124 28 37 27 245
1983 23 135 30 40 30 264
1984 25 147 33 43 32 286
1985 28 160 36 47 35 310
1986 30 175 39 51 38 335
1987 33 190 42 55 42 362
1988 36 206 46 59 45 390
1989 38 223 49 64 49 419
1990 41 240 53 69 52 448
1991 45 258 57 73 56 479
1992 48 278 61 79 60 512
1993 52 299 66 84 65 548
1994 56 322 71 91 70 588
1995 60 348 76 97 75 631
1996 65 375 82 105 81 678
1997 70 405 89 112 87 729
1998 76 437 95 120 94 783
1999 82 471 103 129 101 841
2000 88 507 110 138 109 904
2001 95 566 124 154 121 980
2002 102 626 130 161 131 1069
2003 110 689 121 178 145 1174
2004 118 751 102 189 162 1288
2005 126 804 114 208 179 1404
2006 135 864 119 216 193 1503
2007 145 912 120 230 211 1464
2008 155 997 137 233 233 1535
2009 165 1060 140 253 255 1611
2010 177 1164 126 274 282 1703
2011 188 1232 141 272 299 1816
2012 200 1320 159 292 333 1924
2013 213 1285 169 310 352 2085
2014 226 1409 174 265 363 2274
2015 239 1494 116 220 374 2463
2016 253 1480 83 215 385 2632
2017 267 1249 92 175 417 2859
2018 281 1148 78 166 450 3056
2019 296 981 85 187 469 3280
2020 310 958 94 193 505 3509
2021 325 947 84 186 513 3766
2022 340 1010 66 205 521 3936
2023 354 1089 65 201 522 4133
Values for breeding stock: Central_Am
Year RUS+WAL EAL+BER GOA SEA+NBC SBC+WA OR+CA
1970 0 0 0 0 2 39
1971 0 0 0 0 3 49
1972 0 0 0 0 3 57
1973 0 0 0 0 4 64
1974 0 0 0 0 4 71
1975 0 0 0 0 5 77
1976 0 0 0 0 5 83
1977 0 0 0 0 5 88
1978 0 0 0 0 6 93
1979 0 0 0 0 6 97
1980 0 0 0 0 6 101
1981 0 0 0 0 7 107
1982 0 0 0 0 7 115
1983 0 0 0 0 8 124
1984 0 0 0 0 9 134
1985 0 0 0 0 9 145
1986 0 0 0 0 10 157
1987 0 0 0 0 11 169
1988 0 0 0 0 12 182
1989 0 0 0 0 13 195
1990 0 0 0 0 14 209
1991 0 0 0 0 15 224
1992 0 0 0 0 16 239
1993 0 0 0 0 17 256
1994 0 0 0 0 18 274
1995 0 0 0 0 20 294
1996 0 0 0 0 21 316
1997 0 0 0 0 23 340
1998 0 0 0 0 25 365
1999 0 0 0 0 27 392
2000 0 0 0 0 29 422
2001 0 0 0 0 32 457
2002 0 0 0 0 35 499
2003 0 0 0 0 38 547
2004 0 0 0 0 43 601
2005 0 0 0 0 47 655
2006 0 0 0 0 51 701
2007 0 0 0 0 56 682
2008 0 0 0 0 61 716
2009 0 0 0 0 67 751
2010 0 0 0 0 74 794
2011 0 0 0 0 79 847
2012 0 0 0 0 88 897
2013 0 0 0 0 93 972
2014 0 0 0 0 96 1061
2015 0 0 0 0 99 1149
2016 0 0 0 0 102 1229
2017 0 0 0 0 110 1335
2018 0 0 0 0 119 1428
2019 0 0 0 0 124 1535
2020 0 0 0 0 134 1645
2021 0 0 0 0 136 1765
2022 0 0 0 0 138 1844
2023 0 0 0 0 138 1938

Catch numbers by breeding stock
Year Asia Hawaii MX_AR MX_ML Central_Am
1970 0.9 0 0 1.1 0.3
1971 0.9 0 0 1.2 0.3
1972 1 0 0 1.3 0.3
1973 1.1 0 0 1.3 0.4
1974 1.2 0.1 0 1.4 0.4
1975 1.2 0.1 0 1.5 0.4
1976 1.3 0.1 0 1.6 0.4
1977 1.4 0.1 0 1.6 0.4
1978 1.5 0.1 0 1.7 0.5
1979 1.6 0.1 0 1.8 0.5
1980 1.8 0.1 0 1.9 0.5
1981 1.9 0.1 0 2 0.5
1982 2 0.1 0 2.1 0.6
1983 2.2 0.1 0 2.2 0.6
1984 2.3 0.1 0 2.4 0.6
1985 2.5 0.1 0 2.5 0.7
1986 2.6 0.1 0 2.6 0.7
1987 2.8 0.1 0 2.8 0.7
1988 3 0.1 0 2.9 0.8
1989 3.2 0.1 0 3.1 0.8
1990 3.5 0.2 0 3.2 0.8
1991 3.7 0.2 0 3.4 0.9
1992 4 0.2 0 3.6 0.9
1993 4.3 0.2 0 3.8 1
1994 4.6 0.2 0 4 1
1995 4.9 0.2 0 4.2 1.1
1996 5.2 0.2 0 4.4 1.1
1997 5.6 0.2 0 4.7 1.2
1998 6 0.2 0 4.9 1.2
1999 6.4 0.2 0 5.2 1.3
2000 6.9 0.3 0 5.5 1.4
2001 7.3 0.3 0 5.8 1.4
2002 7.9 0 0 5.8 1.5
2003 8.4 0 0 5.8 1.6
2004 9 0 0 6.7 1.7
2005 9.6 0 0 8.1 1.8
2006 10.3 1 0 6.8 1.8
2007 11.1 0 0 7.7 1.9
2008 11.8 0 0 7.9 2
2009 12.7 0 0 9 2.1
2010 13.6 0 0 9.3 2.2
2011 14.5 0.8 0 10.6 2.4
2012 15.5 0 0 10.9 2.5
2013 28 0 0 10.8 2.6
2014 0 5 0 13 2.7
2015 72 0 0 14.2 2.9
2016 12 0.1 0 14.2 3
2017 12 0.1 0 13.4 3.2
2018 16 0.1 0 13.4 3.3
2019 4 0.4 0 13.4 1.7
2020 26.8 0.4 0 23.8 5
2021 28.6 0.4 0 12.8 4.7
2022 30.7 0.4 0 10.5 3.7
2023 32.8 0.4 0 18.4 4.2

Catch numbers by feeding ground
Year RUS+WAL EAL+BER GOA SEA+NBC SBC+WA OR+CA
1970 0 2.7 3.1 6.8 0.1 6.4
1971 0 1.8 0.1 4 0.1 1.5
1972 4 0.8 0.1 4.1 0.1 1.6
1973 0 0.8 0.1 4.3 0.1 1.7
1974 0 0.8 0.1 4.5 0.1 2.5
1975 0 0.8 0.2 4.7 0.1 2.7
1976 0 0.8 0.2 4.9 0.2 2.9
1977 0 0.8 0.2 5.2 0.2 3.1
1978 0 0.8 0.2 5.4 0.2 3.3
1979 0 1 0.2 5.6 0.2 3.5
1980 0 1 0.2 5.9 0.2 3.9
1981 0 1 0.3 6.1 0.3 4.2
1982 0 1 0.4 6.5 0.3 4.5
1983 0 1 0.4 6.7 0.3 4.8
1984 0 1 0.5 7.1 0.4 4.6
1985 0 1 0.5 6.7 0.4 5
1986 0 1 0.7 7.8 0.4 5.4
1987 0 1 0.7 10 0.5 5.8
1988 0 1.1 0.8 8.5 0.5 6.3
1989 0 0.9 0.8 6.1 0.6 6.1
1990 0 1 0.8 7.4 0.7 5.8
1991 0 1 0.9 8.2 0.7 7.6
1992 0 1.1 0.9 9.8 0.8 8.3
1993 0 1.1 1 7.1 0.9 8.6
1994 0 1.2 1 9.3 1 8.8
1995 0 1.2 1 9.3 1.1 9.6
1996 0 1.2 1.1 12.7 1.2 9.9
1997 0 1.2 1.3 12.7 0.9 10.7
1998 0 3 1.4 14.7 1.2 12
1999 0 2.6 1.4 17.4 1.7 13.5
2000 0 1.2 1.5 14.1 1.5 11.6
2001 0 1.2 1.8 16.4 1.7 13.4
2002 0 2.4 1.9 13.8 1.9 13.7
2003 0 1.4 2 18.9 2.3 16
2004 0 1.4 2.3 22 2.5 15.9
2005 0 1.6 2.3 23.3 5.8 20.1
2006 0 1.6 2.4 22.7 5.3 22.1
2007 0 0.1 7.3 18.4 0 18.1
2008 0 0.1 4.3 19.7 12.4 8.8
2009 0 0.1 4.3 24.1 0 9.8
2010 0 6.1 0.8 44.5 7 24.5
2011 0 3.1 4 28.4 11 11.9
2012 0 4.1 8.8 11.6 0 10
2013 0 0.1 4 31.6 0 4.7
2014 0 0.1 11.8 43.7 7 45.2
2015 0 4.1 12 51 9.1 103.4
2016 0 4.1 4.8 34.8 7.1 150.3
2017 0 4.1 2.1 16.3 11.1 60.3
2018 0 1.1 4 26.6 30.1 111.1
2019 0 4.1 6 27.3 9.1 61
2020 0 1.1 0 24 23 31.2
2021 0 2.2 7 33.7 13 62.4
2022 0 4.3 0.8 22.3 8 56
2023 0 3.6 9.1 40.1 19.2 59.7
