Stock structure: B2F2; Model type = BC
Mortality impacts feeding grounds
Recruitment related to unfished
Straying rate: 0
Age-at-maturity: 8
Base adult survival: 0.96
Mirrored survival
Sigma for survival devs: 6
Additional variance estimated
Weight for mark-recapture proportions: 1
Weight for genetics proportions: 1


Total objective fn: 209.029684987416
Negative log-likelihood fn: 2.13574401471082

Natural Survival by feeding ground
RUS+WAL,EAL+BER+WGOA,NGOA,SEA+NBC,SBC+WA,OR+CA
1970 0.96 0.96 0.96 0.96 0.96 0.96
1971 0.96 0.96 0.96 0.96 0.96 0.96
1972 0.96 0.96 0.96 0.96 0.96 0.96
1973 0.96 0.96 0.96 0.96 0.96 0.96
1974 0.96 0.96 0.96 0.96 0.96 0.96
1975 0.96 0.96 0.96 0.96 0.96 0.96
1976 0.96 0.96 0.96 0.96 0.96 0.96
1977 0.96 0.96 0.96 0.96 0.96 0.96
1978 0.96 0.96 0.96 0.96 0.96 0.96
1979 0.96 0.96 0.96 0.96 0.96 0.96
1980 0.96 0.96 0.96 0.96 0.96 0.96
1981 0.96 0.96 0.96 0.96 0.96 0.96
1982 0.96 0.96 0.96 0.96 0.96 0.96
1983 0.96 0.96 0.96 0.96 0.96 0.96
1984 0.96 0.96 0.96 0.96 0.96 0.96
1985 0.96 0.96 0.96 0.96 0.96 0.96
1986 0.96 0.96 0.96 0.96 0.96 0.96
1987 0.96 0.96 0.96 0.96 0.96 0.96
1988 0.96 0.96 0.96 0.96 0.96 0.96
1989 0.96 0.96 0.96 0.96 0.96 0.96
1990 0.96 0.96 0.96 0.96 0.96 0.96
1991 0.96 0.96 0.96 0.96 0.96 0.96
1992 0.96 0.96 0.96 0.96 0.96 0.96
1993 0.96 0.96 0.96 0.96 0.96 0.96
1994 0.96 0.96 0.96 0.96 0.96 0.96
1995 0.96 0.96 0.96 0.96 0.96 0.96
1996 0.96 0.96 0.96 0.96 0.96 0.96
1997 0.96 0.96 0.96 0.96 0.96 0.96
1998 0.96 0.96 0.96 0.96 0.96 0.96
1999 0.96 0.96 0.96 0.96 0.96 0.96
2000 0.96 0.9963151 0.8734873 0.8734873 0.9969672 0.9722936
2001 0.96 0.9962652 0.991692 0.991692 0.9974864 0.9939001
2002 0.96 0.9959885 0.9947937 0.9947937 0.9977437 0.9966229
2003 0.96 0.9948539 0.8731003 0.8731003 0.9978421 0.9967724
2004 0.96 0.9947937 0.9944394 0.9944394 0.9977963 0.9964208
2005 0.96 0.9940711 0.8705857 0.8705857 0.99758 0.9914279
2006 0.96 0.9941985 0.9953964 0.9953964 0.9977164 0.692029
2007 0.96 0.987909 0.878183 0.878183 0.9970923 0.9876059
2008 0.96 0.9806689 0.995311 0.995311 0.9954487 0.9574442
2009 0.96 0.7636906 0.9028602 0.9028602 0.9927875 0.9872936
2010 0.96 0.9875205 0.9947004 0.9947004 0.992886 0.9879224
2011 0.96 0.9880757 0.8621152 0.8621152 0.9931766 0.9323732
2012 0.96 0.8584681 0.9889589 0.9889589 0.990502 0.993913
2013 0.96 0.9830129 0.7830716 0.7830716 0.8661322 0.9972367
2014 0.96 0.9807341 0.6728644 0.6728644 0.9225965 0.9982518
2015 0.96 0.7230032 0.8816849 0.8816849 0.7878786 0.9983988
2016 0.96 0.878376 0.7067514 0.7067514 0.9031761 0.9976516
2017 0.96 0.7348893 0.8435584 0.8435584 0.9881344 0.996444
2018 0.96 0.6324026 0.9901215 0.9901215 0.9824432 0.9911181
2019 0.96 0.9758227 0.9270087 0.9270087 0.9782008 0.9674942
2020 0.96 0.9834645 0.7078129 0.7078129 0.9849652 0.9940074
2021 0.96 0.96 0.96 0.96 0.9622202 0.8611739
2022 0.96 0.96 0.96 0.96 0.8778585 0.9550861
2023 0.96 0.96 0.96 0.96 0.96 0.96

Natural Survival by breeding stock
RUS+WAL,EAL+BER+WGOA,NGOA,SEA+NBC,SBC+WA,OR+CA
1970 0.96 0.96 0.96 0.96 0.96
1971 0.96 0.96 0.96 0.96 0.96
1972 0.96 0.96 0.96 0.96 0.96
1973 0.96 0.96 0.96 0.96 0.96
1974 0.96 0.96 0.96 0.96 0.96
1975 0.96 0.96 0.96 0.96 0.96
1976 0.96 0.96 0.96 0.96 0.96
1977 0.96 0.96 0.96 0.96 0.96
1978 0.96 0.96 0.96 0.96 0.96
1979 0.96 0.96 0.96 0.96 0.96
1980 0.96 0.96 0.96 0.96 0.96
1981 0.96 0.96 0.96 0.96 0.96
1982 0.96 0.96 0.96 0.96 0.96
1983 0.96 0.96 0.96 0.96 0.96
1984 0.96 0.96 0.96 0.96 0.96
1985 0.96 0.96 0.96 0.96 0.96
1986 0.96 0.96 0.96 0.96 0.96
1987 0.96 0.96 0.96 0.96 0.96
1988 0.96 0.96 0.96 0.96 0.96
1989 0.96 0.96 0.96 0.96 0.96
1990 0.96 0.96 0.96 0.96 0.96
1991 0.96 0.96 0.96 0.96 0.96
1992 0.96 0.96 0.96 0.96 0.96
1993 0.96 0.96 0.96 0.96 0.96
1994 0.96 0.96 0.96 0.96 0.96
1995 0.96 0.96 0.96 0.96 0.96
1996 0.96 0.96 0.96 0.96 0.96
1997 0.96 0.96 0.96 0.96 0.96
1998 0.96 0.96 0.96 0.96 0.96
1999 0.96 0.96 0.96 0.96 0.96
2000 0.96 0.96 0.96 0.96 0.96
2001 0.96 0.96 0.96 0.96 0.96
2002 0.96 0.96 0.96 0.96 0.96
2003 0.96 0.96 0.96 0.96 0.96
2004 0.96 0.96 0.96 0.96 0.96
2005 0.96 0.96 0.96 0.96 0.96
2006 0.96 0.96 0.96 0.96 0.96
2007 0.96 0.96 0.96 0.96 0.96
2008 0.96 0.96 0.96 0.96 0.96
2009 0.96 0.96 0.96 0.96 0.96
2010 0.96 0.96 0.96 0.96 0.96
2011 0.96 0.96 0.96 0.96 0.96
2012 0.96 0.96 0.96 0.96 0.96
2013 0.96 0.96 0.96 0.96 0.96
2014 0.96 0.96 0.96 0.96 0.96
2015 0.96 0.96 0.96 0.96 0.96
2016 0.96 0.96 0.96 0.96 0.96
2017 0.96 0.96 0.96 0.96 0.96
2018 0.96 0.96 0.96 0.96 0.96
2019 0.96 0.96 0.96 0.96 0.96
2020 0.96 0.96 0.96 0.96 0.96
2021 0.96 0.96 0.96 0.96 0.96
2022 0.96 0.96 0.96 0.96 0.96
2023 0.96 0.96 0.96 0.96 0.96

Fecundity by feeding ground
RUS+WAL,EAL+BER+WGOA,NGOA,SEA+NBC,SBC+WA,OR+CA
1970 0.9713021 0.9713032 0.9713002 0.971302 0.9713009 0.971308
1971 0.9713021 0.9713032 0.9713002 0.971302 0.9713009 0.971308
1972 0.9713021 0.9713032 0.9713002 0.971302 0.9713009 0.971308
1973 0.9713021 0.9713032 0.9713002 0.971302 0.9713009 0.971308
1974 0.9713021 0.9713032 0.9713002 0.971302 0.9713009 0.971308
1975 0.9713021 0.9713032 0.9713002 0.971302 0.9713009 0.971308
1976 0.9713021 0.9713032 0.9713002 0.971302 0.9713009 0.971308
1977 0.9713021 0.9713032 0.9713002 0.971302 0.9713009 0.971308
1978 0.9713021 0.9713032 0.9713002 0.971302 0.9713009 0.971308
1979 0.971303 0.9713041 0.9713004 0.9713031 0.9713016 0.97131
1980 0.9713084 0.9713046 0.9713005 0.9713043 0.9713023 0.9713121
1981 0.9713092 0.971305 0.9713007 0.9713055 0.971303 0.9713143
1982 0.9713101 0.9713054 0.9713009 0.9713067 0.9713037 0.9713172
1983 0.971311 0.9713058 0.9713011 0.9713079 0.9713044 0.9713202
1984 0.9713119 0.9713062 0.9713014 0.9713092 0.9713055 0.9713233
1985 0.9713129 0.9713066 0.9713017 0.9713105 0.9713065 0.9713265
1986 0.9713139 0.971307 0.971302 0.9713118 0.9713076 0.9713298
1987 0.971315 0.9713075 0.9713022 0.9713131 0.9713086 0.9713332
1988 0.9712646 0.9712564 0.97125 0.9712625 0.9712574 0.9712869
1989 0.9712171 0.9712077 0.9712001 0.9712143 0.9712091 0.9712437
1990 0.9711736 0.9711611 0.9711523 0.9711685 0.971163 0.9712035
1991 0.9711327 0.9711167 0.9711066 0.971125 0.9711191 0.9711663
1992 0.9710944 0.9710742 0.9710629 0.9710836 0.9710778 0.9711316
1993 0.9710587 0.9710337 0.971021 0.9710442 0.9710386 0.9711001
1994 0.9710252 0.970995 0.9709812 0.9710071 0.9710013 0.9710715
1995 0.9709943 0.9709581 0.9709431 0.9709725 0.9709665 0.9710458
1996 0.9709657 0.9709229 0.9709067 0.9709392 0.9709336 0.9710231
1997 0.9709395 0.9708894 0.9708719 0.9709068 0.9709029 0.9710025
1998 0.9709016 0.9708431 0.970824 0.9708621 0.9708597 0.97097
1999 0.9708533 0.9707852 0.9707642 0.9708059 0.9708052 0.9709294
2000 0.9707967 0.970717 0.9706935 0.9707397 0.9707407 0.9708808
2001 0.9707331 0.9706393 0.970613 0.9706632 0.9706674 0.9708253
2002 0.9706639 0.9705533 0.9705236 0.9705788 0.9705864 0.9707637
2003 0.9705902 0.9704597 0.9704262 0.9704869 0.9704988 0.9706983
2004 0.970513 0.9703595 0.9703218 0.9703893 0.9704053 0.9706292
2005 0.9704341 0.9702535 0.9702113 0.970286 0.9703054 0.9705587
2006 0.9703543 0.9701433 0.9700954 0.9701783 0.9702022 0.9704876
2007 0.9702746 0.9700285 0.9699745 0.9700667 0.9700978 0.9704176
2008 0.9701925 0.9699056 0.9698456 0.9699463 0.9699858 0.9703423
2009 0.9701051 0.969706 0.9698692 0.9699697 0.9698009 0.9702466
2010 0.9700118 0.9694798 0.9696699 0.9697825 0.9695901 0.9701095
2011 0.9699109 0.9692222 0.969437 0.9695648 0.9693504 0.9699516
2012 0.9698027 0.9689326 0.9694595 0.9695874 0.9690785 0.9697748
2013 0.9696873 0.9686053 0.9691963 0.9693414 0.9687848 0.9695851
2014 0.9695645 0.968236 0.9692252 0.9693699 0.9684448 0.969374
2015 0.9694359 0.9678168 0.9689318 0.9690889 0.9680345 0.9698625
2016 0.9693014 0.9673716 0.9689409 0.9690961 0.9676272 0.9696839
2017 0.9691642 0.966912 0.9686087 0.9687839 0.9671232 0.9695569
2018 0.9690237 0.9675567 0.9685009 0.9686928 0.9666267 0.9693759
2019 0.9688802 0.9671142 0.9681377 0.968353 0.9660939 0.9691774
2020 0.968732 0.9666162 0.9682395 0.9684379 0.9654427 0.9691033
2021 0.9686995 0.966778 0.9678015 0.9680286 0.9647315 0.9688539
2022 0.968348 0.9662706 0.9682624 0.9684602 0.9649487 0.9686211
2023 0.9688163 0.9657446 0.9690176 0.9691697 0.9647327 0.9684182

Total abundance: Estimate SD_log
1970 1836.875 0.03143403
1971 1816.331 0.03178957
1972 1807.647 0.03194231
1973 1796.065 0.03214807
1974 1788.348 0.03228604
1975 1779.718 0.03244151
1976 1770.886 0.03260189
1977 1761.771 0.03276873
1978 1752.479 0.03294026
1979 1742.938 0.03311781
1980 2168.417 0.02973032
1981 2572.454 0.02781538
1982 2955.124 0.02665863
1983 3318.158 0.0259181
1984 3662.308 0.02543153
1985 3988.331 0.02510877
1986 4297.024 0.02489675
1987 4587.777 0.0247694
1988 4859.835 0.02471201
1989 5117.194 0.02469239
1990 5483.835 0.02444936
1991 5944.861 0.02412656
1992 6488.502 0.0238288
1993 7105.683 0.02361133
1994 7791.859 0.02348322
1995 8534.41 0.02345798
1996 9326.618 0.02351835
1997 10158.08 0.02365328
1998 11024.16 0.02383772
1999 11915.72 0.02406252
2000 12860.79 0.02432527
2001 13427.07 0.02688715
2002 14970.67 0.02826193
2003 16754.76 0.02877175
2004 17652.19 0.02075216
2005 19781.4 0.01984715
2006 20880.76 0.02447542
2007 22617.99 0.02635119
2008 23962.51 0.02897783
2009 26638.12 0.0378987
2010 26161 0.04847226
2011 29009.32 0.0478195
2012 30062.01 0.05140141
2013 32033.11 0.04701241
2014 31740.5 0.05322879
2015 30620.34 0.05163074
2016 28121.09 0.05662662
2017 26799.95 0.06168063
2018 25661.01 0.04772811
2019 25305.64 0.03870834
2020 27291.75 0.03790145
2021 27154.59 0.03594065
2022 28552.52 0.1040525
2023 30691.08 0.1436286
2024 0 0

Breeding stock abundance: Estimate SD_log Estimate/K
Asia
1970 148.581 0.05421731 0.02607152
1971 147.5516 0.05456127 0.02589089
1972 146.6765 0.05487757 0.02573735
1973 143.1945 0.05615822 0.02512635
1974 142.362 0.05647394 0.02498028
1975 141.4762 0.05681181 0.02482485
1976 140.633 0.05713475 0.02467689
1977 139.7387 0.0574792 0.02451996
1978 138.7969 0.05784401 0.02435471
1979 137.8112 0.05822806 0.02418174
1980 172.1793 0.05591014 0.03021232
1981 204.3351 0.05484656 0.0358547
1982 233.6785 0.05456354 0.04100359
1983 261.0903 0.05455761 0.04581354
1984 286.4506 0.05475896 0.05026352
1985 310.0009 0.0550725 0.0543959
1986 331.5924 0.05550197 0.05818456
1987 351.4785 0.05599352 0.06167397
1988 369.4876 0.0565696 0.06483403
1989 385.6638 0.0572201 0.06767248
1990 409.8435 0.05764596 0.0719153
1991 440.6138 0.05798877 0.07731457
1992 476.9533 0.05833026 0.08369105
1993 517.5103 0.05875873 0.0908076
1994 561.3269 0.05929341 0.09849609
1995 607.4467 0.05994287 0.1065887
1996 655.0416 0.06070027 0.1149402
1997 703.2786 0.06156157 0.1234044
1998 750.9287 0.06255153 0.1317656
1999 797.2334 0.06366043 0.1398906
2000 844.2027 0.0648396 0.1481323
2001 896.0147 0.06602539 0.1572238
2002 951.5085 0.06724488 0.1669613
2003 1010.023 0.06855988 0.1772289
2004 1072.409 0.06992836 0.1881758
2005 1138.001 0.07139899 0.1996851
2006 1206.384 0.07298089 0.2116843
2007 1276.194 0.07471124 0.2239339
2008 1344.698 0.07671924 0.2359544
2009 1411.358 0.07916367 0.2476512
2010 1433.543 0.08158621 0.251544
2011 1491.964 0.08379744 0.2617952
2012 1547.978 0.08621784 0.2716238
2013 1578.782 0.08853789 0.2770291
2014 1508.749 0.09500668 0.2647404
2015 1744.631 0.09184227 0.3061306
2016 1137.705 0.1227559 0.1996332
2017 1310.215 0.1159625 0.2299035
2018 1459.041 0.1121104 0.2560181
2019 1558.232 0.1116807 0.2734232
2020 1796.645 0.1084275 0.3152575
2021 1764.041 0.113485 0.3095364
2022 1727.88 0.1188314 0.3031914
2023 1650.398 0.1258772 0.2895955
Hawaii
1970 1168.579 0.03816763 0.02628435
1971 1158.959 0.03845342 0.02606798
1972 1154.529 0.03858986 0.02596834
1973 1150.112 0.03872367 0.02586897
1974 1146.344 0.0388443 0.02578423
1975 1142.449 0.03897007 0.02569663
1976 1138.449 0.03910029 0.02560664
1977 1134.366 0.03923426 0.02551481
1978 1130.173 0.03937296 0.0254205
1979 1125.965 0.03951328 0.02532587
1980 1399.598 0.03681421 0.03148058
1981 1660.698 0.03532363 0.03735339
1982 1909.721 0.03442887 0.04295455
1983 2147.218 0.03386123 0.04829647
1984 2373.875 0.03348607 0.05339458
1985 2589.774 0.03323753 0.0582507
1986 2796.188 0.03306443 0.06289349
1987 2991.943 0.03295974 0.06729652
1988 3176.561 0.03291392 0.07144905
1989 3353.733 0.03288275 0.0754341
1990 3602.644 0.03269038 0.08103276
1991 3913.056 0.03245977 0.08801471
1992 4279.849 0.03225042 0.09626483
1993 4696.837 0.03210504 0.105644
1994 5162.76 0.03201354 0.1161238
1995 5668.457 0.03200195 0.1274982
1996 6211.285 0.03204882 0.1397078
1997 6783.33 0.03215819 0.1525746
1998 7384.467 0.03229796 0.1660957
1999 8008.545 0.03246747 0.1801328
2000 8674.249 0.03266815 0.1951062
2001 8911.252 0.03698562 0.200437
2002 9990.84 0.03906701 0.2247198
2003 11246.75 0.03975914 0.2529683
2004 11635.43 0.02851007 0.2617107
2005 13116.43 0.02732369 0.2950223
2006 13614.98 0.03331306 0.306236
2007 15358.08 0.03386303 0.3454429
2008 16063.53 0.03515897 0.3613103
2009 18031.99 0.04174615 0.4055859
2010 17699.35 0.05153925 0.398104
2011 19779.55 0.05108979 0.4448931
2012 20290.04 0.05265859 0.4563754
2013 21878.72 0.05071932 0.4921087
2014 21070.56 0.06387852 0.4739313
2015 19180.97 0.0566732 0.4314294
2016 17597.12 0.06122771 0.3958046
2017 15954.99 0.07011368 0.3588688
2018 14733.33 0.05698501 0.3313905
2019 14444.81 0.04712924 0.3249011
2020 15458.2 0.04628703 0.3476947
2021 14698.91 0.05078959 0.3306164
2022 16007.07 0.144981 0.3600402
2023 17469.95 0.2008376 0.3929442
MX_AR
1970 179.4852 0.06245876 0.02602681
1971 177.6655 0.06266634 0.02576294
1972 177.131 0.06271925 0.02568542
1973 176.4697 0.0627933 0.02558953
1974 176.1745 0.06281146 0.02554672
1975 175.8347 0.06283559 0.02549744
1976 175.479 0.06286274 0.02544587
1977 175.1127 0.06289269 0.02539275
1978 174.7388 0.06292374 0.02533853
1979 174.3602 0.06295624 0.02528363
1980 216.5285 0.06109633 0.03139838
1981 256.8208 0.06006073 0.03724109
1982 295.2675 0.05942812 0.04281617
1983 332.0484 0.05900576 0.04814969
1984 367.2326 0.05870912 0.05325168
1985 400.8893 0.05849218 0.05813218
1986 433.0763 0.05833075 0.06279956
1987 463.7862 0.05820727 0.06725273
1988 493.0591 0.05810949 0.07149755
1989 521.0117 0.05803714 0.07555089
1990 559.7715 0.05786644 0.08117137
1991 608.2142 0.05765227 0.08819596
1992 665.3254 0.05744502 0.09647754
1993 730.3291 0.05726753 0.1059036
1994 802.6265 0.05713368 0.1163873
1995 881.3515 0.05704001 0.1278031
1996 965.8594 0.05698491 0.1400574
1997 1055.425 0.05695861 0.1530451
1998 1149.532 0.05695761 0.1666913
1999 1247.153 0.05698155 0.1808473
2000 1351.574 0.05702063 0.1959891
2001 1470.165 0.05703344 0.2131858
2002 1648.194 0.05691803 0.2390014
2003 1851.702 0.0567554 0.2685117
2004 2028.929 0.05651378 0.2942111
2005 2283.519 0.0565312 0.3311287
2006 2509.245 0.05810898 0.3638608
2007 2762.563 0.06027794 0.4005939
2008 3033.278 0.06750242 0.4398498
2009 3376.042 0.08344356 0.4895532
2010 3138.559 0.1067385 0.4551164
2011 3494.676 0.1052101 0.5067562
2012 3787.909 0.1096515 0.5492773
2013 3871.381 0.1009426 0.5613815
2014 4127.404 0.09901279 0.5985069
2015 4359.55 0.1038091 0.6321699
2016 3904.581 0.1146696 0.5661957
2017 3890.33 0.1182262 0.5641292
2018 3587.8 0.1033421 0.5202599
2019 3233.764 0.09453739 0.4689218
2020 3525.848 0.0932659 0.5112764
2021 3787.75 0.0968889 0.5492542
2022 4071.727 0.1567005 0.5904333
2023 4412.488 0.197533 0.6398463
MX_ML
1970 272.1863 0.05007951 0.02620139
1971 266.1295 0.05080779 0.02561835
1972 263.903 0.05111149 0.02540402
1973 261.4999 0.05142954 0.02517269
1974 259.389 0.05175589 0.02496949
1975 256.7718 0.05217202 0.02471755
1976 254.0448 0.05261386 0.02445504
1977 251.1974 0.05308535 0.02418094
1978 248.3492 0.05356242 0.02390677
1979 245.4125 0.05406512 0.02362408
1980 305.9992 0.05182539 0.02945631
1981 362.7486 0.0507671 0.03491917
1982 415.7846 0.05027524 0.04002455
1983 465.3468 0.05009239 0.04479555
1984 511.4271 0.05011149 0.04923136
1985 554.2228 0.05026163 0.05335099
1986 593.665 0.05051949 0.05714781
1987 629.8431 0.05085331 0.06063041
1988 662.6025 0.05126411 0.06378391
1989 692.2986 0.05173681 0.06664255
1990 736.9419 0.05201127 0.07094003
1991 794.8506 0.05215112 0.07651448
1992 862.7032 0.05232281 0.08304616
1993 939.5591 0.05253175 0.09044451
1994 1024.239 0.05280084 0.09859604
1995 1115.187 0.05312921 0.107351
1996 1210.668 0.05353619 0.1165422
1997 1309.543 0.0540009 0.1260601
1998 1409.959 0.05454613 0.1357265
1999 1510.641 0.05515288 0.1454184
2000 1615.158 0.0558119 0.1554795
2001 1742.708 0.05626132 0.1677578
2002 1929.51 0.05598909 0.1857399
2003 2145.348 0.0562157 0.206517
2004 2358.217 0.05605618 0.2270083
2005 2623.044 0.05653708 0.2525014
2006 2863.429 0.05879376 0.2756415
2007 2675.35 0.0709517 0.2575364
2008 2918.906 0.07208062 0.2809818
2009 3172.047 0.07193772 0.3053498
2010 3177.791 0.07201578 0.3059028
2011 3466.741 0.07260583 0.3337179
2012 3630.255 0.07342488 0.3494582
2013 3817.617 0.06904568 0.3674942
2014 4066.154 0.06883655 0.391419
2015 4282.585 0.06998167 0.4122532
2016 4299.835 0.06777992 0.4139138
2017 4390.844 0.06693738 0.4226745
2018 4507.512 0.06089569 0.4339054
2019 4590.257 0.06057614 0.4418706
2020 4900.498 0.0635065 0.4717352
2021 5164.743 0.06479853 0.4971722
2022 5116.508 0.09482758 0.492529
2023 5453.572 0.1008047 0.5249757
Central_Am
1970 68.04356 0.07478506 0.02595937
1971 66.02517 0.07536262 0.02518933
1972 65.40703 0.07573748 0.0249535
1973 64.78942 0.07610253 0.02471788
1974 64.07851 0.07656879 0.02444666
1975 63.18561 0.07705429 0.02410601
1976 62.28031 0.07753197 0.02376063
1977 61.35651 0.07800802 0.02340819
1978 60.4216 0.07847793 0.02305151
1979 59.38893 0.07905317 0.02265753
1980 74.11225 0.07735669 0.02827465
1981 87.85125 0.07662667 0.03351622
1982 100.6731 0.07634944 0.03840788
1983 112.4549 0.07642674 0.0429028
1984 123.3224 0.07664804 0.04704884
1985 133.4433 0.07695379 0.0509101
1986 142.5015 0.0774222 0.05436592
1987 150.7265 0.07792234 0.05750384
1988 158.1245 0.07845878 0.06032627
1989 164.4872 0.0791247 0.06275368
1990 174.6337 0.07954864 0.06662468
1991 188.1266 0.07982191 0.07177239
1992 203.6713 0.08016058 0.07770285
1993 221.4475 0.0804898 0.08448468
1994 240.9058 0.08093242 0.09190823
1995 261.9675 0.08140872 0.09994352
1996 283.7641 0.08202223 0.1082591
1997 306.5038 0.08265532 0.1169346
1998 329.2759 0.08342088 0.1256224
1999 352.1521 0.08420868 0.1343499
2000 375.6064 0.08508093 0.143298
2001 406.9293 0.08837546 0.155248
2002 450.6155 0.08763187 0.1719148
2003 500.9382 0.08813785 0.1911135
2004 557.2136 0.08884979 0.2125832
2005 620.4085 0.08983362 0.2366927
2006 686.7178 0.09372396 0.2619905
2007 545.8014 0.1104748 0.2082293
2008 602.092 0.1107247 0.2297048
2009 646.6842 0.103907 0.2467172
2010 711.754 0.1028263 0.271542
2011 776.3826 0.1062183 0.2961986
2012 805.8267 0.0940137 0.3074318
2013 886.6094 0.09380591 0.3382513
2014 967.625 0.09608607 0.3691597
2015 1052.611 0.0975976 0.4015828
2016 1181.845 0.09936529 0.4508869
2017 1253.574 0.1006244 0.4782522
2018 1373.33 0.1020417 0.5239407
2019 1478.575 0.1054874 0.5640928
2020 1610.564 0.1084516 0.614448
2021 1739.148 0.1113501 0.6635042
2022 1629.335 0.1388684 0.6216092
2023 1704.673 0.1398367 0.6503515

Feeding stock abundance: Estimate SD_log Estimate/K
RUS+WAL
1970 198.3091 0.07458397 0.02599782
1971 197.4691 0.07482066 0.02588769
1972 196.5724 0.07507573 0.02577014
1973 191.8082 0.07684452 0.02514556
1974 190.9852 0.07707203 0.02503767
1975 190.1971 0.07728754 0.02493435
1976 189.3557 0.07752139 0.02482404
1977 188.4694 0.07777438 0.02470786
1978 187.5369 0.07804372 0.02458561
1979 186.5616 0.07832852 0.02445775
1980 232.6623 0.07639718 0.03050142
1981 276.1733 0.07545771 0.03620561
1982 316.057 0.07529025 0.04143426
1983 353.4443 0.07534613 0.04633564
1984 388.5469 0.07551863 0.0509375
1985 421.2795 0.07579879 0.05522866
1986 451.8998 0.07613355 0.0592429
1987 480.2531 0.07653904 0.06295994
1988 506.414 0.07700643 0.06638957
1989 530.4364 0.07752619 0.06953885
1990 565.1347 0.07788218 0.0740877
1991 609.3656 0.07812955 0.07988627
1992 661.2168 0.0784116 0.08668382
1993 719.4257 0.07876458 0.09431486
1994 782.8436 0.07920144 0.1026288
1995 850.3546 0.0797276 0.1114793
1996 920.9738 0.08033719 0.1207373
1997 993.2743 0.08105219 0.1302157
1998 1066.365 0.08186425 0.1397977
1999 1139.39 0.08276193 0.1493711
2000 1214.529 0.08373337 0.1592217
2001 1294.551 0.08472128 0.1697123
2002 1380.007 0.08578358 0.1809154
2003 1472.471 0.08688149 0.1930371
2004 1571.546 0.08802741 0.2060256
2005 1677.234 0.08921305 0.2198811
2006 1789.708 0.09049956 0.2346261
2007 1907.434 0.09189075 0.2500597
2008 2030.622 0.093354 0.2662093
2009 2156.3 0.09492359 0.2826853
2010 2284.993 0.09659513 0.2995568
2011 2416.361 0.09832102 0.3167787
2012 2552.104 0.1001439 0.3345743
2013 2581.894 0.1049942 0.3384796
2014 2903.79 0.102371 0.3806795
2015 2474.941 0.1209772 0.3244584
2016 2777.557 0.1175501 0.3641305
2017 3087.35 0.1153706 0.4047437
2018 3367.757 0.1148363 0.4415043
2019 3779.945 0.1125206 0.495541
2020 3924.241 0.1155223 0.5144579
2021 4097.769 0.1184886 0.537207
2022 4287.51 0.1213891 0.5620815
2023 4457.723 0.1246101 0.584396
EAL+BER+WGOA
1970 461.5893 0.07150812 0.02618855
1971 455.7552 0.07238547 0.02585755
1972 453.868 0.07264642 0.02575047
1973 453.0095 0.07274485 0.02570176
1974 452.1309 0.07284154 0.02565192
1975 451.2664 0.07293582 0.02560287
1976 450.4066 0.07302828 0.02555409
1977 449.5754 0.07311768 0.02550693
1978 448.7483 0.0732054 0.02546
1979 447.9256 0.07329149 0.02541333
1980 556.0473 0.07140715 0.03154768
1981 659.1115 0.07037965 0.03739509
1982 757.6084 0.06974757 0.04298336
1983 851.7074 0.06933595 0.04832213
1984 941.5418 0.06905901 0.05341894
1985 1027.309 0.06886879 0.05828497
1986 1109.189 0.06873734 0.06293051
1987 1187.263 0.06864904 0.06736009
1988 1261.74 0.06859155 0.07158559
1989 1332.546 0.06856647 0.07560281
1990 1430.595 0.06839734 0.08116567
1991 1553.036 0.06816938 0.08811243
1992 1697.594 0.06792926 0.09631402
1993 1861.967 0.06771323 0.1056398
1994 2044.175 0.06753353 0.1159775
1995 2242.183 0.06739828 0.1272116
1996 2454.281 0.06730267 0.1392451
1997 2678.589 0.06724393 0.1519714
1998 2913.606 0.06721581 0.1653052
1999 3156.016 0.06724982 0.1790585
2000 3414.828 0.06728405 0.1937423
2001 3837.14 0.06656935 0.2177024
2002 4316.964 0.06581419 0.2449255
2003 4861.057 0.0649144 0.275795
2004 5473.884 0.0632485 0.3105641
2005 6166.825 0.0622015 0.3498785
2006 6948.355 0.0640031 0.3942191
2007 7833.972 0.06672151 0.4444651
2008 8775.941 0.07899286 0.4979082
2009 9748.695 0.106654 0.5530981
2010 8390.346 0.1549705 0.4760313
2011 9323.811 0.1522692 0.528992
2012 10378.68 0.1535634 0.5888405
2013 10032.28 0.1447414 0.5691874
2014 11105.86 0.1366527 0.6300977
2015 12223 0.1340378 0.6934795
2016 9986.526 0.1681639 0.5665915
2017 9927.798 0.1704404 0.5632595
2018 8264.915 0.1606198 0.4689149
2019 6132.766 0.1713345 0.3479462
2020 6708.636 0.1657749 0.3806185
2021 7432.902 0.1816915 0.4217101
2022 8187.587 0.3021229 0.4645276
2023 8823.863 0.3859112 0.5006271
NGOA
1970 189.3387 0.0727192 0.02624501
1971 189.1922 0.07275554 0.02622469
1972 189.0473 0.0727905 0.02620461
1973 188.9086 0.07282417 0.02618538
1974 188.7577 0.0728576 0.02616447
1975 188.609 0.07288977 0.02614385
1976 188.3662 0.0729579 0.0261102
1977 188.1336 0.07302351 0.02607796
1978 187.9064 0.07308668 0.02604647
1979 187.6846 0.07314752 0.02601571
1980 232.9079 0.0720024 0.03228431
1981 276.2536 0.07141131 0.03829262
1982 317.7004 0.07109461 0.04403773
1983 357.3255 0.07092226 0.04953034
1984 395.2853 0.07081608 0.05479209
1985 431.5306 0.07076985 0.0598162
1986 466.2276 0.07074877 0.06462569
1987 499.2381 0.07077122 0.06920141
1988 530.8336 0.07080046 0.07358098
1989 560.9642 0.07084606 0.07775751
1990 602.4798 0.07084521 0.08351215
1991 654.3867 0.07082999 0.09070718
1992 715.6289 0.07083528 0.09919621
1993 785.4341 0.07086084 0.1088722
1994 862.8569 0.07091988 0.1196041
1995 947.2241 0.07100048 0.1312986
1996 1037.757 0.07110194 0.1438476
1997 1133.661 0.07122395 0.1571413
1998 1234.205 0.07136669 0.1710781
1999 1338.88 0.07151749 0.1855876
2000 1450.685 0.07167559 0.2010852
2001 1430.513 0.0720562 0.1982892
2002 1603.268 0.07205058 0.2222355
2003 1805.086 0.0722682 0.2502103
2004 1785.893 0.07185008 0.2475498
2005 2013.854 0.07070364 0.2791484
2006 1988.942 0.07798255 0.2756953
2007 2247.926 0.07796047 0.3115941
2008 2237.055 0.073705 0.3100872
2009 2524.805 0.0728513 0.3499734
2010 2614.718 0.07766955 0.3624366
2011 2932.456 0.0785767 0.4064795
2012 2849.14 0.07193764 0.3949307
2013 3223.685 0.07996048 0.4468481
2014 2832.303 0.1154469 0.3925969
2015 2178.324 0.07638924 0.3019463
2016 2154.78 0.07711885 0.2986827
2017 1742.44 0.0817166 0.2415266
2018 1656.029 0.08696597 0.2295488
2019 1868.427 0.0803006 0.2589902
2020 1948.247 0.07306343 0.2700544
2021 1586.298 0.1588796 0.2198832
2022 1711.438 0.2882328 0.2372293
2023 1912.353 0.3753479 0.265079
SEA+NBC
1970 704.6871 0.05571485 0.02627172
1971 698.0814 0.05623453 0.02602545
1972 694.422 0.05652301 0.02588903
1973 690.8138 0.05681072 0.02575451
1974 687.0961 0.05710796 0.02561591
1975 683.3299 0.05741234 0.0254755
1976 679.5172 0.05772389 0.02533335
1977 675.6663 0.05804272 0.02518979
1978 671.6766 0.05837712 0.02504104
1979 667.6496 0.05871863 0.02489091
1980 830.9527 0.05709622 0.03097908
1981 986.3196 0.05631738 0.03677138
1982 1134.176 0.05592761 0.04228369
1983 1274.618 0.05575354 0.04751953
1984 1408.088 0.05569945 0.0524955
1985 1534.674 0.05572843 0.05721479
1986 1655.404 0.05578819 0.0617158
1987 1769.021 0.05591504 0.06595158
1988 1874.757 0.05612527 0.06989357
1989 1976.453 0.05630158 0.07368493
1990 2121.83 0.0563188 0.07910479
1991 2303.515 0.05632974 0.08587826
1992 2518.353 0.05635779 0.09388773
1993 2762.208 0.05643818 0.102979
1994 3036.015 0.0564963 0.1131869
1995 3332.147 0.05662555 0.1242271
1996 3649.745 0.05678249 0.1360676
1997 3982.333 0.05701571 0.148467
1998 4331.393 0.05725584 0.1614804
1999 4693.409 0.05751485 0.1749769
2000 5077.954 0.05780476 0.1893132
2001 5004.848 0.06495528 0.1865877
2002 5605.071 0.06849925 0.2089649
2003 6311.135 0.06971527 0.235288
2004 6241.666 0.05247233 0.2326981
2005 7034.906 0.05112192 0.2622712
2006 6942.812 0.06266452 0.2588378
2007 7843.228 0.06287894 0.2924065
2008 7821.484 0.05939195 0.2915959
2009 8831.232 0.05830353 0.3292407
2010 9145.191 0.06394264 0.3409456
2011 10223.39 0.06500274 0.3811425
2012 9933.035 0.05687708 0.3703175
2013 11271.03 0.0679959 0.4201997
2014 9893.879 0.10604 0.3688577
2015 7615.453 0.06201158 0.2839148
2016 7531.786 0.06237336 0.2807956
2017 6084.329 0.0680146 0.2268323
2018 5782.232 0.07426079 0.2155697
2019 6519.246 0.06627176 0.2430466
2020 6803.472 0.05706162 0.253643
2021 5525.782 0.1548209 0.2060089
2022 5959.412 0.2861127 0.2221752
2023 6652.131 0.3744119 0.2480008
SBC+WA
1970 52.02343 0.05577828 0.02619076
1971 51.85481 0.05588254 0.02610587
1972 51.6885 0.05598322 0.02602214
1973 51.52392 0.05608225 0.02593928
1974 51.35885 0.05617895 0.02585618
1975 51.19613 0.05627238 0.02577426
1976 51.03572 0.05636271 0.0256935
1977 50.78653 0.05655664 0.02556805
1978 50.53816 0.05674614 0.02544301
1979 50.29592 0.05692973 0.02532106
1980 62.49911 0.05413886 0.03146465
1981 74.1329 0.05249903 0.03732158
1982 85.11571 0.05150143 0.04285078
1983 95.57743 0.05081841 0.04811765
1984 105.5288 0.05032879 0.0531276
1985 114.8925 0.05000909 0.05784165
1986 123.7716 0.04978164 0.06231175
1987 132.1769 0.04961964 0.06654332
1988 140.0297 0.04954158 0.07049677
1989 147.4506 0.04949518 0.07423277
1990 157.8405 0.04923397 0.07946348
1991 170.8569 0.04886207 0.08601648
1992 186.3377 0.04842981 0.09381011
1993 203.9081 0.04802025 0.1026558
1994 223.3185 0.0476656 0.1124278
1995 244.3218 0.04737495 0.1230017
1996 266.7279 0.04714682 0.1342819
1997 290.2551 0.04698139 0.1461265
1998 315.1505 0.04681111 0.1586599
1999 340.5641 0.04672643 0.1714541
2000 367.0741 0.0467184 0.1848003
2001 411.352 0.04604397 0.2070917
2002 461.8274 0.04566955 0.2325031
2003 519.405 0.04544154 0.2614901
2004 584.4495 0.04530905 0.2942362
2005 657.7795 0.04524149 0.3311535
2006 738.371 0.04546757 0.3717266
2007 830.9149 0.04574481 0.4183171
2008 940.4542 0.04593265 0.4734637
2009 1048.241 0.04734314 0.527728
2010 1173.664 0.05007994 0.590871
2011 1304.722 0.05356879 0.656851
2012 1449.015 0.05749814 0.7294941
2013 1618.641 0.06605803 0.8148912
2014 1573.908 0.1660122 0.7923706
2015 1627.365 0.1661975 0.819283
2016 1436.697 0.160065 0.7232927
2017 1458.337 0.08102964 0.7341874
2018 1615.601 0.07567923 0.8133607
2019 1767.603 0.07446932 0.889885
2020 1932.409 0.07462423 0.9728548
2021 2131.147 0.07961997 1.072908
2022 2315.998 0.1095851 1.16597
2023 2331.133 0.1250025 1.173589
OR+CA
1970 228.6272 0.03230287 0.02602034
1971 221.5765 0.03328477 0.02521788
1972 219.4665 0.03355621 0.02497774
1973 217.2617 0.03384897 0.02472681
1974 215.0071 0.03415328 0.02447022
1975 212.0377 0.03457756 0.02413226
1976 208.96 0.03502934 0.02378198
1977 205.8315 0.03550477 0.02342592
1978 202.5178 0.03602328 0.02304879
1979 199.1171 0.03657184 0.02266175
1980 248.3776 0.03355602 0.02826815
1981 294.2932 0.03204422 0.03349385
1982 336.9334 0.0312574 0.03834679
1983 376.5328 0.03085324 0.04285365
1984 412.9069 0.03069575 0.04699342
1985 446.5403 0.03067504 0.05082128
1986 477.1269 0.03077352 0.05430237
1987 504.6622 0.03096391 0.0574362
1988 529.1259 0.0312381 0.06022044
1989 550.6205 0.03158007 0.06266677
1990 584.6202 0.03167319 0.06653632
1991 629.2411 0.03164202 0.07161467
1992 681.2378 0.03166779 0.07753248
1993 740.0566 0.0317551 0.08422671
1994 805.1912 0.03189451 0.09163976
1995 875.036 0.0321036 0.09958888
1996 948.2008 0.03238561 0.1079158
1997 1023.37 0.03272442 0.116471
1998 1099.647 0.03311302 0.1251522
1999 1175.005 0.03356125 0.1337287
2000 1252.599 0.03405472 0.1425597
2001 1355.36 0.04726982 0.1542551
2002 1500.23 0.04458981 0.1707429
2003 1669.133 0.04428335 0.189966
2004 1855.532 0.04437327 0.2111803
2005 2059.895 0.04484274 0.2344391
2006 2284.599 0.05205 0.2600129
2007 1765.277 0.08227698 0.2009083
2008 1944.394 0.08159784 0.2212937
2009 2079.362 0.06968939 0.2366547
2010 2285.014 0.06484212 0.2600601
2011 2481.787 0.06941636 0.2824551
2012 2558.004 0.04034022 0.2911294
2013 2815.863 0.03569496 0.3204767
2014 3101.386 0.03497667 0.3529725
2015 3374.674 0.03544682 0.3840756
2016 3856.254 0.03808672 0.4388848
2017 4109.603 0.03824673 0.4677187
2018 4519.043 0.03755153 0.5143176
2019 4920.949 0.04389558 0.560059
2020 5082.199 0.05265815 0.5784111
2021 5660.993 0.05185275 0.6442842
2022 5431.948 0.09806545 0.6182164
2023 5654.874 0.09727704 0.6435879

Parameters: Estimate  Std. Error      z value    Pr(>|z^2|)
rval 0.09104525 0.00124377 73.20107384 0
logK 13.25321195 5.03670131 2.63132775 0.0085052
logK 15.30749531 5.0117076 3.05434725 0.00225551
logK 13.44389144 5.02873115 2.67341622 0.0075083
logK 13.85359966 4.99538175 2.77328147 0.00554941
logK 12.47654086 5.02283759 2.48396263 0.01299294
logBK 8.25182103 5.03939624 1.63746224 0.10153392
logBK 8.24368881 5.01436521 1.64401444 0.10017322
logBK 8.25353816 5.03140314 1.64040486 0.10092102
logBK 8.2468508 4.99765208 1.65014504 0.09891327
logBK 8.25613316 5.02458356 1.64314775 0.10035237
MixPars -2.26012976 0.2957171 -7.64287811 0
MixPars -2.98724475 0.19729181 -15.14125048 0
MixPars -0.86743212 0.11870377 -7.30753615 0
MixPars -1.4410843 0.09146101 -15.75626925 0
MixPars -3.02558194 0.08772373 -34.48989189 0
MixPars -1.7392859 0.24708953 -7.0390919 0
MixPars -1.62625932 0.21611219 -7.52506985 0
MixPars -1.58400553 0.29337528 -5.39924673 7e-08
MixPars -3.52566045 0.27339255 -12.89596395 0
MixPars -1.9495096 0.25252671 -7.72001351 0
MixPars -1.61684401 0.36426392 -4.43866085 9.05e-06
MixPars -1.72781912 0.33370497 -5.17768463 2.2e-07
MixPars -1.28938895 0.42653369 -3.02294747 0.00250326
MixPars -1.60862653 0.21224496 -7.5791036 0
MixPars 0.82847349 0.16194001 5.11592844 3.1e-07
MixPars -2.88010342 0.25825846 -11.15201981 0
AddV 0.01392685 0.01366657 1.01904516 0.30818153
AddV 0.0097143 0.00319706 3.03851452 0.00237748
AddV 0.03206139 0.02023546 1.58441609 0.11309906
SFdev -0.40362962 0.53997752 -0.74749337 0.4547658
SFdev -0.40137534 0.54095152 -0.74198025 0.4580993
SFdev -0.38941993 0.54632302 -0.71280161 0.47596853
SFdev -0.34771868 0.56680489 -0.61347157 0.53956458
SFdev -0.34576892 0.5662649 -0.61061338 0.54145557
SFdev -0.32398597 0.57789369 -0.56063248 0.57504811
SFdev -0.32762903 0.57637019 -0.56843508 0.56973958
SFdev -0.20417887 0.64148547 -0.31829072 0.75026442
SFdev -0.12474405 0.69029784 -0.18071048 0.85659483
SFdev 0.33417217 0.11862605 2.81702189 0.00484712
SFdev -0.19884257 0.66606215 -0.29853456 0.7652952
SFdev -0.20652083 0.65912447 -0.31332599 0.754033
SFdev 0.22923819 0.22047555 1.03974426 0.29845873
SFdev -0.14668546 0.70094635 -0.20926774 0.83423923
SFdev -0.12531844 0.70049669 -0.1788994 0.85801669
SFdev 0.36977437 0.11591144 3.19014559 0.00142201
SFdev 0.20015217 0.29876169 0.66993921 0.50289655
SFdev 0.35974689 0.13658512 2.63386587 0.00844188
SFdev 0.43925264 0.08664351 5.06965425 4e-07
SFdev -0.08663576 0.73031039 -0.11862869 0.90556954
SFdev -0.15125345 0.73010049 -0.20716799 0.83587866
SFdev 0 1 0 1
SFdev 0 1 0 1
SFdev 0 1 0 1
SFdev 0.20765045 0.05439356 3.81755582 0.00013478
SFdev -0.2673558 0.5852238 -0.45684369 0.6477834
SFdev -0.34576779 0.56247125 -0.61472971 0.53873324
SFdev 0.20823336 0.07213387 2.88676274 0.00389228
SFdev -0.33473714 0.5626349 -0.59494557 0.55187985
SFdev 0.21198436 0.06740707 3.14483869 0.00166178
SFdev -0.36637393 0.55587146 -0.65909829 0.50983266
SFdev 0.20045316 0.0673481 2.97637412 0.00291679
SFdev -0.36329641 0.54077994 -0.67180082 0.50171051
SFdev 0.15810618 0.06961653 2.27110112 0.02314086
SFdev -0.34279233 0.55728205 -0.61511461 0.53847903
SFdev 0.22418053 0.04777042 4.69287345 2.69e-06
SFdev -0.21949513 0.56594414 -0.38783885 0.69813529
SFdev 0.31573286 0.07682832 4.10958931 3.964e-05
SFdev 0.40948081 0.04914193 8.33261604 0
SFdev 0.19492837 0.05984638 3.2571454 0.00112539
SFdev 0.3830659 0.02928867 13.07898084 0
SFdev 0.24885124 0.06947089 3.58209363 0.00034085
SFdev -0.23823525 0.60933775 -0.39097406 0.69581641
SFdev 0.10607174 0.09326906 1.13726606 0.25542708
SFdev 0.38221142 0.0793755 4.81523153 1.47e-06
SFdev 0 1 0 1
SFdev 0 1 0 1
SFdev 0 1 0 1
SFdev -0.43619806 0.52951314 -0.82377192 0.41006917
SFdev -0.4675795 0.51591541 -0.90631041 0.36477158
SFdev -0.48561802 0.50849639 -0.95500781 0.33957375
SFdev -0.49306414 0.50549946 -0.97539993 0.32936192
SFdev -0.48956182 0.50685278 -0.96588563 0.33410141
SFdev -0.47392184 0.5122427 -0.92519003 0.35486707
SFdev -0.48360866 0.50884912 -0.95039697 0.34191058
SFdev -0.44323914 0.52393553 -0.84598031 0.39756373
SFdev -0.36828752 0.55412275 -0.66463166 0.50628611
SFdev -0.29110733 0.5860035 -0.49676722 0.61935321
SFdev -0.29341515 0.58860916 -0.49848893 0.61813947
SFdev -0.30041662 0.58940952 -0.50969081 0.61026809
SFdev -0.24484556 0.62556885 -0.39139667 0.69550405
SFdev 0.21847819 0.22291781 0.98008406 0.32704463
SFdev 0.116649 0.48618951 0.23992496 0.81038843
SFdev 0.3109781 0.18109157 1.71724224 0.08593492
SFdev 0.15750495 0.307237 0.51264969 0.60819639
SFdev -0.20735387 0.64102568 -0.32347202 0.74633779
SFdev -0.1410909 0.63528254 -0.22209157 0.8242426
SFdev -0.10429817 0.60223815 -0.17318427 0.86250659
SFdev -0.16736407 0.64463531 -0.25962597 0.7951523
SFdev -0.00990226 0.54189033 -0.01827356 0.98542062
SFdev 0.20095817 0.22973942 0.87472219 0.38172509
SFdev 0 1 0 1
SFdev -0.06332324 0.34093708 -0.18573293 0.85265421
SFdev -0.31921953 0.58008336 -0.55029941 0.58211403
SFdev -0.4182164 0.53307588 -0.78453447 0.43272657
SFdev -0.42578817 0.52961454 -0.80395861 0.42142088
SFdev -0.40849561 0.53815618 -0.75906517 0.44781358
SFdev -0.26209616 0.62087584 -0.42213942 0.67292326
SFdev 0.39473859 0.05278585 7.47811353 0
SFdev -0.20000186 0.66779283 -0.29949686 0.76456096
SFdev 0.01076711 0.40775787 0.02640565 0.97893379
SFdev -0.19580158 0.64396536 -0.30405608 0.76108517
SFdev -0.20436697 0.63769062 -0.32047982 0.74860463
SFdev 0.09238744 0.18632673 0.49583568 0.62001035
SFdev -0.31957243 0.57870665 -0.55221834 0.58079877
SFdev -0.45175333 0.51818094 -0.87180614 0.38331415
SFdev -0.52822981 0.49027252 -1.07742081 0.28129231
SFdev -0.54288616 0.48578254 -1.11754976 0.26375934
SFdev -0.47893901 0.50862035 -0.94164342 0.34637523
SFdev -0.40958455 0.53491564 -0.76569934 0.44385522
SFdev -0.25612742 0.58523975 -0.4376453 0.66164343
SFdev -0.03587285 0.30268291 -0.11851628 0.9056586
SFdev -0.32219527 0.57198864 -0.56328963 0.57323768
SFdev 0.22549653 0.13356575 1.68828107 0.09135729
SFdev 0.02016677 0.48460605 0.04161478 0.96680579
SFdev 0 1 0 1

Mixing matrix
0.90552073 0.09447927 0 0 0 0 ,# Asia
0.02872214 0.23924326 0.13480492 0.56958783 0.02764185 0 ,# Hawaii
0.10041277 0.57167764 0.11242833 0.11728064 0.01682582 0.0813748 ,# MX_AR
0.04793399 0.24145154 0.04289905 0.06650518 0.04832951 0.55288073 ,# MX_ML
0 0 0 0 0.05314593 0.94685407 ,# Central_Am

Split of breeding stock to feeding grounds over time
Split for: Asia
Year RUS+WAL EAL+BER+WGOA NGOA SEA+NBC SBC+WA OR+CA
1970 0.90552 0.09448 0 0 0 0
1971 NaN NaN NaN NaN NaN NaN
1972 NaN NaN NaN NaN NaN NaN
1973 NaN NaN NaN NaN NaN NaN
1974 NaN NaN NaN NaN NaN NaN
1975 NaN NaN NaN NaN NaN NaN
1976 NaN NaN NaN NaN NaN NaN
1977 NaN NaN NaN NaN NaN NaN
1978 NaN NaN NaN NaN NaN NaN
1979 NaN NaN NaN NaN NaN NaN
1980 NaN NaN NaN NaN NaN NaN
1981 NaN NaN NaN NaN NaN NaN
1982 NaN NaN NaN NaN NaN NaN
1983 NaN NaN NaN NaN NaN NaN
1984 NaN NaN NaN NaN NaN NaN
1985 NaN NaN NaN NaN NaN NaN
1986 NaN NaN NaN NaN NaN NaN
1987 NaN NaN NaN NaN NaN NaN
1988 NaN NaN NaN NaN NaN NaN
1989 NaN NaN NaN NaN NaN NaN
1990 NaN NaN NaN NaN NaN NaN
1991 NaN NaN NaN NaN NaN NaN
1992 NaN NaN NaN NaN NaN NaN
1993 NaN NaN NaN NaN NaN NaN
1994 NaN NaN NaN NaN NaN NaN
1995 NaN NaN NaN NaN NaN NaN
1996 NaN NaN NaN NaN NaN NaN
1997 NaN NaN NaN NaN NaN NaN
1998 NaN NaN NaN NaN NaN NaN
1999 NaN NaN NaN NaN NaN NaN
2000 NaN NaN NaN NaN NaN NaN
2001 NaN NaN NaN NaN NaN NaN
2002 NaN NaN NaN NaN NaN NaN
2003 NaN NaN NaN NaN NaN NaN
2004 NaN NaN NaN NaN NaN NaN
2005 NaN NaN NaN NaN NaN NaN
2006 NaN NaN NaN NaN NaN NaN
2007 NaN NaN NaN NaN NaN NaN
2008 NaN NaN NaN NaN NaN NaN
2009 NaN NaN NaN NaN NaN NaN
2010 NaN NaN NaN NaN NaN NaN
2011 NaN NaN NaN NaN NaN NaN
2012 NaN NaN NaN NaN NaN NaN
2013 NaN NaN NaN NaN NaN NaN
2014 NaN NaN NaN NaN NaN NaN
2015 NaN NaN NaN NaN NaN NaN
2016 NaN NaN NaN NaN NaN NaN
2017 NaN NaN NaN NaN NaN NaN
2018 NaN NaN NaN NaN NaN NaN
2019 NaN NaN NaN NaN NaN NaN
2020 NaN NaN NaN NaN NaN NaN
2021 NaN NaN NaN NaN NaN NaN
2022 NaN NaN NaN NaN NaN NaN
2023 NaN NaN NaN NaN NaN NaN
2024 NaN NaN NaN NaN NaN NaN
Split for: Hawaii
Year RUS+WAL EAL+BER+WGOA NGOA SEA+NBC SBC+WA OR+CA
1970 0.02872 0.23924 0.1348 0.56959 0.02764 0
1971 NaN NaN NaN NaN NaN NaN
1972 NaN NaN NaN NaN NaN NaN
1973 NaN NaN NaN NaN NaN NaN
1974 NaN NaN NaN NaN NaN NaN
1975 NaN NaN NaN NaN NaN NaN
1976 NaN NaN NaN NaN NaN NaN
1977 NaN NaN NaN NaN NaN NaN
1978 NaN NaN NaN NaN NaN NaN
1979 NaN NaN NaN NaN NaN NaN
1980 NaN NaN NaN NaN NaN NaN
1981 NaN NaN NaN NaN NaN NaN
1982 NaN NaN NaN NaN NaN NaN
1983 NaN NaN NaN NaN NaN NaN
1984 NaN NaN NaN NaN NaN NaN
1985 NaN NaN NaN NaN NaN NaN
1986 NaN NaN NaN NaN NaN NaN
1987 NaN NaN NaN NaN NaN NaN
1988 NaN NaN NaN NaN NaN NaN
1989 NaN NaN NaN NaN NaN NaN
1990 NaN NaN NaN NaN NaN NaN
1991 NaN NaN NaN NaN NaN NaN
1992 NaN NaN NaN NaN NaN NaN
1993 NaN NaN NaN NaN NaN NaN
1994 NaN NaN NaN NaN NaN NaN
1995 NaN NaN NaN NaN NaN NaN
1996 NaN NaN NaN NaN NaN NaN
1997 NaN NaN NaN NaN NaN NaN
1998 NaN NaN NaN NaN NaN NaN
1999 NaN NaN NaN NaN NaN NaN
2000 NaN NaN NaN NaN NaN NaN
2001 NaN NaN NaN NaN NaN NaN
2002 NaN NaN NaN NaN NaN NaN
2003 NaN NaN NaN NaN NaN NaN
2004 NaN NaN NaN NaN NaN NaN
2005 NaN NaN NaN NaN NaN NaN
2006 NaN NaN NaN NaN NaN NaN
2007 NaN NaN NaN NaN NaN NaN
2008 NaN NaN NaN NaN NaN NaN
2009 NaN NaN NaN NaN NaN NaN
2010 NaN NaN NaN NaN NaN NaN
2011 NaN NaN NaN NaN NaN NaN
2012 NaN NaN NaN NaN NaN NaN
2013 NaN NaN NaN NaN NaN NaN
2014 NaN NaN NaN NaN NaN NaN
2015 NaN NaN NaN NaN NaN NaN
2016 NaN NaN NaN NaN NaN NaN
2017 NaN NaN NaN NaN NaN NaN
2018 NaN NaN NaN NaN NaN NaN
2019 NaN NaN NaN NaN NaN NaN
2020 NaN NaN NaN NaN NaN NaN
2021 NaN NaN NaN NaN NaN NaN
2022 NaN NaN NaN NaN NaN NaN
2023 NaN NaN NaN NaN NaN NaN
2024 NaN NaN NaN NaN NaN NaN
Split for: MX_AR
Year RUS+WAL EAL+BER+WGOA NGOA SEA+NBC SBC+WA OR+CA
1970 0.10041 0.57168 0.11243 0.11728 0.01683 0.08137
1971 NaN NaN NaN NaN NaN NaN
1972 NaN NaN NaN NaN NaN NaN
1973 NaN NaN NaN NaN NaN NaN
1974 NaN NaN NaN NaN NaN NaN
1975 NaN NaN NaN NaN NaN NaN
1976 NaN NaN NaN NaN NaN NaN
1977 NaN NaN NaN NaN NaN NaN
1978 NaN NaN NaN NaN NaN NaN
1979 NaN NaN NaN NaN NaN NaN
1980 NaN NaN NaN NaN NaN NaN
1981 NaN NaN NaN NaN NaN NaN
1982 NaN NaN NaN NaN NaN NaN
1983 NaN NaN NaN NaN NaN NaN
1984 NaN NaN NaN NaN NaN NaN
1985 NaN NaN NaN NaN NaN NaN
1986 NaN NaN NaN NaN NaN NaN
1987 NaN NaN NaN NaN NaN NaN
1988 NaN NaN NaN NaN NaN NaN
1989 NaN NaN NaN NaN NaN NaN
1990 NaN NaN NaN NaN NaN NaN
1991 NaN NaN NaN NaN NaN NaN
1992 NaN NaN NaN NaN NaN NaN
1993 NaN NaN NaN NaN NaN NaN
1994 NaN NaN NaN NaN NaN NaN
1995 NaN NaN NaN NaN NaN NaN
1996 NaN NaN NaN NaN NaN NaN
1997 NaN NaN NaN NaN NaN NaN
1998 NaN NaN NaN NaN NaN NaN
1999 NaN NaN NaN NaN NaN NaN
2000 NaN NaN NaN NaN NaN NaN
2001 NaN NaN NaN NaN NaN NaN
2002 NaN NaN NaN NaN NaN NaN
2003 NaN NaN NaN NaN NaN NaN
2004 NaN NaN NaN NaN NaN NaN
2005 NaN NaN NaN NaN NaN NaN
2006 NaN NaN NaN NaN NaN NaN
2007 NaN NaN NaN NaN NaN NaN
2008 NaN NaN NaN NaN NaN NaN
2009 NaN NaN NaN NaN NaN NaN
2010 NaN NaN NaN NaN NaN NaN
2011 NaN NaN NaN NaN NaN NaN
2012 NaN NaN NaN NaN NaN NaN
2013 NaN NaN NaN NaN NaN NaN
2014 NaN NaN NaN NaN NaN NaN
2015 NaN NaN NaN NaN NaN NaN
2016 NaN NaN NaN NaN NaN NaN
2017 NaN NaN NaN NaN NaN NaN
2018 NaN NaN NaN NaN NaN NaN
2019 NaN NaN NaN NaN NaN NaN
2020 NaN NaN NaN NaN NaN NaN
2021 NaN NaN NaN NaN NaN NaN
2022 NaN NaN NaN NaN NaN NaN
2023 NaN NaN NaN NaN NaN NaN
2024 NaN NaN NaN NaN NaN NaN
Split for: MX_ML
Year RUS+WAL EAL+BER+WGOA NGOA SEA+NBC SBC+WA OR+CA
1970 0.04793 0.24145 0.0429 0.06651 0.04833 0.55288
1971 NaN NaN NaN NaN NaN NaN
1972 NaN NaN NaN NaN NaN NaN
1973 NaN NaN NaN NaN NaN NaN
1974 NaN NaN NaN NaN NaN NaN
1975 NaN NaN NaN NaN NaN NaN
1976 NaN NaN NaN NaN NaN NaN
1977 NaN NaN NaN NaN NaN NaN
1978 NaN NaN NaN NaN NaN NaN
1979 NaN NaN NaN NaN NaN NaN
1980 NaN NaN NaN NaN NaN NaN
1981 NaN NaN NaN NaN NaN NaN
1982 NaN NaN NaN NaN NaN NaN
1983 NaN NaN NaN NaN NaN NaN
1984 NaN NaN NaN NaN NaN NaN
1985 NaN NaN NaN NaN NaN NaN
1986 NaN NaN NaN NaN NaN NaN
1987 NaN NaN NaN NaN NaN NaN
1988 NaN NaN NaN NaN NaN NaN
1989 NaN NaN NaN NaN NaN NaN
1990 NaN NaN NaN NaN NaN NaN
1991 NaN NaN NaN NaN NaN NaN
1992 NaN NaN NaN NaN NaN NaN
1993 NaN NaN NaN NaN NaN NaN
1994 NaN NaN NaN NaN NaN NaN
1995 NaN NaN NaN NaN NaN NaN
1996 NaN NaN NaN NaN NaN NaN
1997 NaN NaN NaN NaN NaN NaN
1998 NaN NaN NaN NaN NaN NaN
1999 NaN NaN NaN NaN NaN NaN
2000 NaN NaN NaN NaN NaN NaN
2001 NaN NaN NaN NaN NaN NaN
2002 NaN NaN NaN NaN NaN NaN
2003 NaN NaN NaN NaN NaN NaN
2004 NaN NaN NaN NaN NaN NaN
2005 NaN NaN NaN NaN NaN NaN
2006 NaN NaN NaN NaN NaN NaN
2007 NaN NaN NaN NaN NaN NaN
2008 NaN NaN NaN NaN NaN NaN
2009 NaN NaN NaN NaN NaN NaN
2010 NaN NaN NaN NaN NaN NaN
2011 NaN NaN NaN NaN NaN NaN
2012 NaN NaN NaN NaN NaN NaN
2013 NaN NaN NaN NaN NaN NaN
2014 NaN NaN NaN NaN NaN NaN
2015 NaN NaN NaN NaN NaN NaN
2016 NaN NaN NaN NaN NaN NaN
2017 NaN NaN NaN NaN NaN NaN
2018 NaN NaN NaN NaN NaN NaN
2019 NaN NaN NaN NaN NaN NaN
2020 NaN NaN NaN NaN NaN NaN
2021 NaN NaN NaN NaN NaN NaN
2022 NaN NaN NaN NaN NaN NaN
2023 NaN NaN NaN NaN NaN NaN
2024 NaN NaN NaN NaN NaN NaN
Split for: Central_Am
Year RUS+WAL EAL+BER+WGOA NGOA SEA+NBC SBC+WA OR+CA
1970 0 0 0 0 0.05315 0.94685
1971 NaN NaN NaN NaN NaN NaN
1972 NaN NaN NaN NaN NaN NaN
1973 NaN NaN NaN NaN NaN NaN
1974 NaN NaN NaN NaN NaN NaN
1975 NaN NaN NaN NaN NaN NaN
1976 NaN NaN NaN NaN NaN NaN
1977 NaN NaN NaN NaN NaN NaN
1978 NaN NaN NaN NaN NaN NaN
1979 NaN NaN NaN NaN NaN NaN
1980 NaN NaN NaN NaN NaN NaN
1981 NaN NaN NaN NaN NaN NaN
1982 NaN NaN NaN NaN NaN NaN
1983 NaN NaN NaN NaN NaN NaN
1984 NaN NaN NaN NaN NaN NaN
1985 NaN NaN NaN NaN NaN NaN
1986 NaN NaN NaN NaN NaN NaN
1987 NaN NaN NaN NaN NaN NaN
1988 NaN NaN NaN NaN NaN NaN
1989 NaN NaN NaN NaN NaN NaN
1990 NaN NaN NaN NaN NaN NaN
1991 NaN NaN NaN NaN NaN NaN
1992 NaN NaN NaN NaN NaN NaN
1993 NaN NaN NaN NaN NaN NaN
1994 NaN NaN NaN NaN NaN NaN
1995 NaN NaN NaN NaN NaN NaN
1996 NaN NaN NaN NaN NaN NaN
1997 NaN NaN NaN NaN NaN NaN
1998 NaN NaN NaN NaN NaN NaN
1999 NaN NaN NaN NaN NaN NaN
2000 NaN NaN NaN NaN NaN NaN
2001 NaN NaN NaN NaN NaN NaN
2002 NaN NaN NaN NaN NaN NaN
2003 NaN NaN NaN NaN NaN NaN
2004 NaN NaN NaN NaN NaN NaN
2005 NaN NaN NaN NaN NaN NaN
2006 NaN NaN NaN NaN NaN NaN
2007 NaN NaN NaN NaN NaN NaN
2008 NaN NaN NaN NaN NaN NaN
2009 NaN NaN NaN NaN NaN NaN
2010 NaN NaN NaN NaN NaN NaN
2011 NaN NaN NaN NaN NaN NaN
2012 NaN NaN NaN NaN NaN NaN
2013 NaN NaN NaN NaN NaN NaN
2014 NaN NaN NaN NaN NaN NaN
2015 NaN NaN NaN NaN NaN NaN
2016 NaN NaN NaN NaN NaN NaN
2017 NaN NaN NaN NaN NaN NaN
2018 NaN NaN NaN NaN NaN NaN
2019 NaN NaN NaN NaN NaN NaN
2020 NaN NaN NaN NaN NaN NaN
2021 NaN NaN NaN NaN NaN NaN
2022 NaN NaN NaN NaN NaN NaN
2023 NaN NaN NaN NaN NaN NaN
2024 NaN NaN NaN NaN NaN NaN

Difference in mortality over time
Difference for: Asia
Year RUS+WAL EAL+BER+WGOA NGOA SEA+NBC SBC+WA OR+CA
1970 0 0 0 0 0 0
1971 0 0 0 0 0 0
1972 0 0 0 0 0 0
1973 0 0 0 0 0 0
1974 0 0 0 0 0 0
1975 0 0 0 0 0 0
1976 0 0 0 0 0 0
1977 0 0 0 0 0 0
1978 0 0 0 0 0 0
1979 0 0 0 0 0 0
1980 0 0 0 0 0 0
1981 0 0 0 0 0 0
1982 0 0 0 0 0 0
1983 0 0 0 0 0 0
1984 0 0 0 0 0 0
1985 0 0 0 0 0 0
1986 0 0 0 0 0 0
1987 0 0 0 0 0 0
1988 0 0 0 0 0 0
1989 0 0 0 0 0 0
1990 0 0 0 0 0 0
1991 0 0 0 0 0 0
1992 0 0 0 0 0 0
1993 0 0 0 0 0 0
1994 0 0 0 0 0 0
1995 0 0 0 0 0 0
1996 0 0 0 0 0 0
1997 0 0 0 0 0 0
1998 0 0 0 0 0 0
1999 0 0 0 0 0 0
2000 0 0 0 0 0 0
2001 0 0 0 0 0 0
2002 0 0 0 0 0 0
2003 0 0 0 0 0 0
2004 0 0 0 0 0 0
2005 0 0 0 0 0 0
2006 0 0 0 0 0 0
2007 0 0 0 0 0 0
2008 0 0 0 0 0 0
2009 0 0 0 0 0 0
2010 0 0 0 0 0 0
2011 0 0 0 0 0 0
2012 0 0 0 0 0 0
2013 0 0 0 0 0 0
2014 0 0 0 0 0 0
2015 0 0 0 0 0 0
2016 0 0 0 0 0 0
2017 0 0 0 0 0 0
2018 0 0 0 0 0 0
2019 0 0 0 0 0 0
2020 0 0 0 0 0 0
2021 0 0 0 0 0 0
2022 0 0 0 0 0 0
2023 0 0 0 0 0 0
Difference for: Hawaii
Year RUS+WAL EAL+BER+WGOA NGOA SEA+NBC SBC+WA OR+CA
1970 0 0 0 0 0 0
1971 0 0 0 0 0 0
1972 0 0 0 0 0 0
1973 0 0 0 0 0 0
1974 0 0 0 0 0 0
1975 0 0 0 0 0 0
1976 0 0 0 0 0 0
1977 0 0 0 0 0 0
1978 0 0 0 0 0 0
1979 0 0 0 0 0 0
1980 0 0 0 0 0 0
1981 0 0 0 0 0 0
1982 0 0 0 0 0 0
1983 0 0 0 0 0 0
1984 0 0 0 0 0 0
1985 0 0 0 0 0 0
1986 0 0 0 0 0 0
1987 0 0 0 0 0 0
1988 0 0 0 0 0 0
1989 0 0 0 0 0 0
1990 0 0 0 0 0 0
1991 0 0 0 0 0 0
1992 0 0 0 0 0 0
1993 0 0 0 0 0 0
1994 0 0 0 0 0 0
1995 0 0 0 0 0 0
1996 0 0 0 0 0 0
1997 0 0 0 0 0 0
1998 0 0 0 0 0 0
1999 0 0 0 0 0 0
2000 0 0 0 0 0 0
2001 0 0 0 0 0 0
2002 0 0 0 0 0 0
2003 0 0 0 0 0 0
2004 0 0 0 0 0 0
2005 0 0 0 0 0 0
2006 0 0 0 0 0 0
2007 0 0 0 0 0 0
2008 0 0 0 0 0 0
2009 0 0 0 0 0 0
2010 0 0 0 0 0 0
2011 0 0 0 0 0 0
2012 0 0 0 0 0 0
2013 0 0 0 0 0 0
2014 0 0 0 0 0 0
2015 0 0 0 0 0 0
2016 0 0 0 0 0 0
2017 0 0 0 0 0 0
2018 0 0 0 0 0 0
2019 0 0 0 0 0 0
2020 0 0 0 0 0 0
2021 0 0 0 0 0 0
2022 0 0 0 0 0 0
2023 0 0 0 0 0 0
Difference for: MX_AR
Year RUS+WAL EAL+BER+WGOA NGOA SEA+NBC SBC+WA OR+CA
1970 0 0 0 0 0 0
1971 0 0 0 0 0 0
1972 0 0 0 0 0 0
1973 0 0 0 0 0 0
1974 0 0 0 0 0 0
1975 0 0 0 0 0 0
1976 0 0 0 0 0 0
1977 0 0 0 0 0 0
1978 0 0 0 0 0 0
1979 0 0 0 0 0 0
1980 0 0 0 0 0 0
1981 0 0 0 0 0 0
1982 0 0 0 0 0 0
1983 0 0 0 0 0 0
1984 0 0 0 0 0 0
1985 0 0 0 0 0 0
1986 0 0 0 0 0 0
1987 0 0 0 0 0 0
1988 0 0 0 0 0 0
1989 0 0 0 0 0 0
1990 0 0 0 0 0 0
1991 0 0 0 0 0 0
1992 0 0 0 0 0 0
1993 0 0 0 0 0 0
1994 0 0 0 0 0 0
1995 0 0 0 0 0 0
1996 0 0 0 0 0 0
1997 0 0 0 0 0 0
1998 0 0 0 0 0 0
1999 0 0 0 0 0 0
2000 0 0 0 0 0 0
2001 0 0 0 0 0 0
2002 0 0 0 0 0 0
2003 0 0 0 0 0 0
2004 0 0 0 0 0 0
2005 0 0 0 0 0 0
2006 0 0 0 0 0 0
2007 0 0 0 0 0 0
2008 0 0 0 0 0 0
2009 0 0 0 0 0 0
2010 0 0 0 0 0 0
2011 0 0 0 0 0 0
2012 0 0 0 0 0 0
2013 0 0 0 0 0 0
2014 0 0 0 0 0 0
2015 0 0 0 0 0 0
2016 0 0 0 0 0 0
2017 0 0 0 0 0 0
2018 0 0 0 0 0 0
2019 0 0 0 0 0 0
2020 0 0 0 0 0 0
2021 0 0 0 0 0 0
2022 0 0 0 0 0 0
2023 0 0 0 0 0 0
Difference for: MX_ML
Year RUS+WAL EAL+BER+WGOA NGOA SEA+NBC SBC+WA OR+CA
1970 0 0 0 0 0 0
1971 0 0 0 0 0 0
1972 0 0 0 0 0 0
1973 0 0 0 0 0 0
1974 0 0 0 0 0 0
1975 0 0 0 0 0 0
1976 0 0 0 0 0 0
1977 0 0 0 0 0 0
1978 0 0 0 0 0 0
1979 0 0 0 0 0 0
1980 0 0 0 0 0 0
1981 0 0 0 0 0 0
1982 0 0 0 0 0 0
1983 0 0 0 0 0 0
1984 0 0 0 0 0 0
1985 0 0 0 0 0 0
1986 0 0 0 0 0 0
1987 0 0 0 0 0 0
1988 0 0 0 0 0 0
1989 0 0 0 0 0 0
1990 0 0 0 0 0 0
1991 0 0 0 0 0 0
1992 0 0 0 0 0 0
1993 0 0 0 0 0 0
1994 0 0 0 0 0 0
1995 0 0 0 0 0 0
1996 0 0 0 0 0 0
1997 0 0 0 0 0 0
1998 0 0 0 0 0 0
1999 0 0 0 0 0 0
2000 0 0 0 0 0 0
2001 0 0 0 0 0 0
2002 0 0 0 0 0 0
2003 0 0 0 0 0 0
2004 0 0 0 0 0 0
2005 0 0 0 0 0 0
2006 0 0 0 0 0 0
2007 0 0 0 0 0 0
2008 0 0 0 0 0 0
2009 0 0 0 0 0 0
2010 0 0 0 0 0 0
2011 0 0 0 0 0 0
2012 0 0 0 0 0 0
2013 0 0 0 0 0 0
2014 0 0 0 0 0 0
2015 0 0 0 0 0 0
2016 0 0 0 0 0 0
2017 0 0 0 0 0 0
2018 0 0 0 0 0 0
2019 0 0 0 0 0 0
2020 0 0 0 0 0 0
2021 0 0 0 0 0 0
2022 0 0 0 0 0 0
2023 0 0 0 0 0 0
Difference for: Central_Am
Year RUS+WAL EAL+BER+WGOA NGOA SEA+NBC SBC+WA OR+CA
1970 0 0 0 0 0 0
1971 0 0 0 0 0 0
1972 0 0 0 0 0 0
1973 0 0 0 0 0 0
1974 0 0 0 0 0 0
1975 0 0 0 0 0 0
1976 0 0 0 0 0 0
1977 0 0 0 0 0 0
1978 0 0 0 0 0 0
1979 0 0 0 0 0 0
1980 0 0 0 0 0 0
1981 0 0 0 0 0 0
1982 0 0 0 0 0 0
1983 0 0 0 0 0 0
1984 0 0 0 0 0 0
1985 0 0 0 0 0 0
1986 0 0 0 0 0 0
1987 0 0 0 0 0 0
1988 0 0 0 0 0 0
1989 0 0 0 0 0 0
1990 0 0 0 0 0 0
1991 0 0 0 0 0 0
1992 0 0 0 0 0 0
1993 0 0 0 0 0 0
1994 0 0 0 0 0 0
1995 0 0 0 0 0 0
1996 0 0 0 0 0 0
1997 0 0 0 0 0 0
1998 0 0 0 0 0 0
1999 0 0 0 0 0 0
2000 0 0 0 0 0 0
2001 0 0 0 0 0 0
2002 0 0 0 0 0 0
2003 0 0 0 0 0 0
2004 0 0 0 0 0 0
2005 0 0 0 0 0 0
2006 0 0 0 0 0 0
2007 0 0 0 0 0 0
2008 0 0 0 0 0 0
2009 0 0 0 0 0 0
2010 0 0 0 0 0 0
2011 0 0 0 0 0 0
2012 0 0 0 0 0 0
2013 0 0 0 0 0 0
2014 0 0 0 0 0 0
2015 0 0 0 0 0 0
2016 0 0 0 0 0 0
2017 0 0 0 0 0 0
2018 0 0 0 0 0 0
2019 0 0 0 0 0 0
2020 0 0 0 0 0 0
2021 0 0 0 0 0 0
2022 0 0 0 0 0 0
2023 0 0 0 0 0 0

Total survival over time
Values for breeding stock: Asia
Year RUS+WAL EAL+BER+WGOA NGOA SEA+NBC SBC+WA OR+CA
1970 0.96 0.96 NaN NaN NaN NaN
1971 0 0 NaN NaN NaN NaN
1972 0 0 NaN NaN NaN NaN
1973 0 0 NaN NaN NaN NaN
1974 0 0 NaN NaN NaN NaN
1975 0 0 NaN NaN NaN NaN
1976 0 0 NaN NaN NaN NaN
1977 0 0 NaN NaN NaN NaN
1978 0 0 NaN NaN NaN NaN
1979 0 0 NaN NaN NaN NaN
1980 0 0 NaN NaN NaN NaN
1981 0 0 NaN NaN NaN NaN
1982 0 0 NaN NaN NaN NaN
1983 0 0 NaN NaN NaN NaN
1984 0 0 NaN NaN NaN NaN
1985 0 0 NaN NaN NaN NaN
1986 0 0 NaN NaN NaN NaN
1987 0 0 NaN NaN NaN NaN
1988 0 0 NaN NaN NaN NaN
1989 0 0 NaN NaN NaN NaN
1990 0 0 NaN NaN NaN NaN
1991 0 0 NaN NaN NaN NaN
1992 0 0 NaN NaN NaN NaN
1993 0 0 NaN NaN NaN NaN
1994 0 0 NaN NaN NaN NaN
1995 0 0 NaN NaN NaN NaN
1996 0 0 NaN NaN NaN NaN
1997 0 0 NaN NaN NaN NaN
1998 0 0 NaN NaN NaN NaN
1999 0 0 NaN NaN NaN NaN
2000 0 0 NaN NaN NaN NaN
2001 0 0 NaN NaN NaN NaN
2002 0 0 NaN NaN NaN NaN
2003 0 0 NaN NaN NaN NaN
2004 0 0 NaN NaN NaN NaN
2005 0 0 NaN NaN NaN NaN
2006 0 0 NaN NaN NaN NaN
2007 0 0 NaN NaN NaN NaN
2008 0 0 NaN NaN NaN NaN
2009 0 0 NaN NaN NaN NaN
2010 0 0 NaN NaN NaN NaN
2011 0 0 NaN NaN NaN NaN
2012 0 0 NaN NaN NaN NaN
2013 0 0 NaN NaN NaN NaN
2014 0 0 NaN NaN NaN NaN
2015 0 0 NaN NaN NaN NaN
2016 0 0 NaN NaN NaN NaN
2017 0 0 NaN NaN NaN NaN
2018 0 0 NaN NaN NaN NaN
2019 0 0 NaN NaN NaN NaN
2020 0 0 NaN NaN NaN NaN
2021 0 0 NaN NaN NaN NaN
2022 0 0 NaN NaN NaN NaN
2023 0 0 NaN NaN NaN NaN
Values for breeding stock: Hawaii
Year RUS+WAL EAL+BER+WGOA NGOA SEA+NBC SBC+WA OR+CA
1970 0.96 0.96 0.96 0.96 0.96 NaN
1971 0 0 0 0 0 NaN
1972 0 0 0 0 0 NaN
1973 0 0 0 0 0 NaN
1974 0 0 0 0 0 NaN
1975 0 0 0 0 0 NaN
1976 0 0 0 0 0 NaN
1977 0 0 0 0 0 NaN
1978 0 0 0 0 0 NaN
1979 0 0 0 0 0 NaN
1980 0 0 0 0 0 NaN
1981 0 0 0 0 0 NaN
1982 0 0 0 0 0 NaN
1983 0 0 0 0 0 NaN
1984 0 0 0 0 0 NaN
1985 0 0 0 0 0 NaN
1986 0 0 0 0 0 NaN
1987 0 0 0 0 0 NaN
1988 0 0 0 0 0 NaN
1989 0 0 0 0 0 NaN
1990 0 0 0 0 0 NaN
1991 0 0 0 0 0 NaN
1992 0 0 0 0 0 NaN
1993 0 0 0 0 0 NaN
1994 0 0 0 0 0 NaN
1995 0 0 0 0 0 NaN
1996 0 0 0 0 0 NaN
1997 0 0 0 0 0 NaN
1998 0 0 0 0 0 NaN
1999 0 0 0 0 0 NaN
2000 0 0 0 0 0 NaN
2001 0 0 0 0 0 NaN
2002 0 0 0 0 0 NaN
2003 0 0 0 0 0 NaN
2004 0 0 0 0 0 NaN
2005 0 0 0 0 0 NaN
2006 0 0 0 0 0 NaN
2007 0 0 0 0 0 NaN
2008 0 0 0 0 0 NaN
2009 0 0 0 0 0 NaN
2010 0 0 0 0 0 NaN
2011 0 0 0 0 0 NaN
2012 0 0 0 0 0 NaN
2013 0 0 0 0 0 NaN
2014 0 0 0 0 0 NaN
2015 0 0 0 0 0 0
2016 0 0 0 0 0 0
2017 0 0 0 0 0 0
2018 0 0 0 0 0 0
2019 0 0 0 0 0 0
2020 0 0 0 0 0 0
2021 0 0 0 0 0 0
2022 0 0 0 0 0 0
2023 0 0 0 0 0 0
Values for breeding stock: MX_AR
Year RUS+WAL EAL+BER+WGOA NGOA SEA+NBC SBC+WA OR+CA
1970 0.96 0.96 0.96 0.96 0.96 0.96
1971 0 0 0 0 0 0
1972 0 0 0 0 0 0
1973 0 0 0 0 0 0
1974 0 0 0 0 0 0
1975 0 0 0 0 0 0
1976 0 0 0 0 0 0
1977 0 0 0 0 0 0
1978 0 0 0 0 0 0
1979 0 0 0 0 0 0
1980 0 0 0 0 0 0
1981 0 0 0 0 0 0
1982 0 0 0 0 0 0
1983 0 0 0 0 0 0
1984 0 0 0 0 0 0
1985 0 0 0 0 0 0
1986 0 0 0 0 0 0
1987 0 0 0 0 0 0
1988 0 0 0 0 0 0
1989 0 0 0 0 0 0
1990 0 0 0 0 0 0
1991 0 0 0 0 0 0
1992 0 0 0 0 0 0
1993 0 0 0 0 0 0
1994 0 0 0 0 0 0
1995 0 0 0 0 0 0
1996 0 0 0 0 0 0
1997 0 0 0 0 0 0
1998 0 0 0 0 0 0
1999 0 0 0 0 0 0
2000 0 0 0 0 0 0
2001 0 0 0 0 0 0
2002 0 0 0 0 0 0
2003 0 0 0 0 0 0
2004 0 0 0 0 0 0
2005 0 0 0 0 0 0
2006 0 0 0 0 0 0
2007 0 0 0 0 0 0
2008 0 0 0 0 0 0
2009 0 0 0 0 0 0
2010 0 0 0 0 0 0
2011 0 0 0 0 0 0
2012 0 0 0 0 0 0
2013 0 0 0 0 0 0
2014 0 0 0 0 0 0
2015 0 0 0 0 0 0
2016 0 0 0 0 0 0
2017 0 0 0 0 0 0
2018 0 0 0 0 0 0
2019 0 0 0 0 0 0
2020 0 0 0 0 0 0
2021 0 0 0 0 0 0
2022 0 0 0 0 0 0
2023 0 0 0 0 0 0
Values for breeding stock: MX_ML
Year RUS+WAL EAL+BER+WGOA NGOA SEA+NBC SBC+WA OR+CA
1970 0.96 0.96 0.96 0.96 0.96 0.96
1971 0 0 0 0 0 0
1972 0 0 0 0 0 0
1973 0 0 0 0 0 0
1974 0 0 0 0 0 0
1975 0 0 0 0 0 0
1976 0 0 0 0 0 0
1977 0 0 0 0 0 0
1978 0 0 0 0 0 0
1979 0 0 0 0 0 0
1980 0 0 0 0 0 0
1981 0 0 0 0 0 0
1982 0 0 0 0 0 0
1983 0 0 0 0 0 0
1984 0 0 0 0 0 0
1985 0 0 0 0 0 0
1986 0 0 0 0 0 0
1987 0 0 0 0 0 0
1988 0 0 0 0 0 0
1989 0 0 0 0 0 0
1990 0 0 0 0 0 0
1991 0 0 0 0 0 0
1992 0 0 0 0 0 0
1993 0 0 0 0 0 0
1994 0 0 0 0 0 0
1995 0 0 0 0 0 0
1996 0 0 0 0 0 0
1997 0 0 0 0 0 0
1998 0 0 0 0 0 0
1999 0 0 0 0 0 0
2000 0 0 0 0 0 0
2001 0 0 0 0 0 0
2002 0 0 0 0 0 0
2003 0 0 0 0 0 0
2004 0 0 0 0 0 0
2005 0 0 0 0 0 0
2006 0 0 0 0 0 0
2007 0 0 0 0 0 0
2008 0 0 0 0 0 0
2009 0 0 0 0 0 0
2010 0 0 0 0 0 0
2011 0 0 0 0 0 0
2012 0 0 0 0 0 0
2013 0 0 0 0 0 0
2014 0 0 0 0 0 0
2015 0 0 0 0 0 0
2016 0 0 0 0 0 0
2017 0 0 0 0 0 0
2018 0 0 0 0 0 0
2019 0 0 0 0 0 0
2020 0 0 0 0 0 0
2021 0 0 0 0 0 0
2022 0 0 0 0 0 0
2023 0 0 0 0 0 0
Values for breeding stock: Central_Am
Year RUS+WAL EAL+BER+WGOA NGOA SEA+NBC SBC+WA OR+CA
1970 NaN NaN NaN NaN 0.96 0.96
1971 NaN NaN NaN NaN 0 0
1972 NaN NaN NaN NaN 0 0
1973 NaN NaN NaN NaN 0 0
1974 NaN NaN NaN NaN 0 0
1975 NaN NaN NaN NaN 0 0
1976 NaN NaN NaN NaN 0 0
1977 NaN NaN NaN NaN 0 0
1978 NaN NaN NaN NaN 0 0
1979 NaN NaN NaN NaN 0 0
1980 NaN NaN NaN NaN 0 0
1981 NaN NaN NaN NaN 0 0
1982 NaN NaN NaN NaN 0 0
1983 NaN NaN NaN NaN 0 0
1984 NaN NaN NaN NaN 0 0
1985 NaN NaN NaN NaN 0 0
1986 NaN NaN NaN NaN 0 0
1987 NaN NaN NaN NaN 0 0
1988 NaN NaN NaN NaN 0 0
1989 NaN NaN NaN NaN 0 0
1990 NaN NaN NaN NaN 0 0
1991 NaN NaN NaN NaN 0 0
1992 NaN NaN NaN NaN 0 0
1993 NaN NaN NaN NaN 0 0
1994 NaN NaN NaN NaN 0 0
1995 NaN NaN NaN NaN 0 0
1996 NaN NaN NaN NaN 0 0
1997 NaN NaN NaN NaN 0 0
1998 NaN NaN NaN NaN 0 0
1999 NaN NaN NaN NaN 0 0
2000 NaN NaN NaN NaN 0 0
2001 NaN NaN NaN NaN 0 0
2002 NaN NaN NaN NaN 0 0
2003 NaN NaN NaN NaN 0 0
2004 NaN NaN NaN NaN 0 0
2005 NaN NaN NaN NaN 0 0
2006 NaN NaN NaN NaN 0 0
2007 NaN NaN NaN NaN 0 0
2008 NaN NaN NaN NaN 0 0
2009 NaN NaN NaN NaN 0 0
2010 NaN NaN NaN NaN 0 0
2011 NaN NaN NaN NaN 0 0
2012 NaN NaN NaN NaN 0 0
2013 NaN NaN NaN NaN 0 0
2014 NaN NaN NaN NaN 0 0
2015 NaN NaN NaN NaN 0 0
2016 NaN NaN NaN NaN 0 0
2017 NaN NaN NaN NaN 0 0
2018 NaN NaN NaN NaN 0 0
2019 NaN NaN NaN NaN 0 0
2020 NaN NaN NaN NaN 0 0
2021 NaN NaN NaN NaN 0 0
2022 NaN NaN NaN NaN 0 0
2023 NaN NaN NaN NaN 0 0

Numbers over time by herd
Values for breeding stock: Asia
Year RUS+WAL EAL+BER+WGOA NGOA SEA+NBC SBC+WA OR+CA
1970 135 14 0 0 0 0
1971 0 0 0 0 0 0
1972 0 0 0 0 0 0
1973 0 0 0 0 0 0
1974 0 0 0 0 0 0
1975 0 0 0 0 0 0
1976 0 0 0 0 0 0
1977 0 0 0 0 0 0
1978 0 0 0 0 0 0
1979 0 0 0 0 0 0
1980 0 0 0 0 0 0
1981 0 0 0 0 0 0
1982 0 0 0 0 0 0
1983 0 0 0 0 0 0
1984 0 0 0 0 0 0
1985 0 0 0 0 0 0
1986 0 0 0 0 0 0
1987 0 0 0 0 0 0
1988 0 0 0 0 0 0
1989 0 0 0 0 0 0
1990 0 0 0 0 0 0
1991 0 0 0 0 0 0
1992 0 0 0 0 0 0
1993 0 0 0 0 0 0
1994 0 0 0 0 0 0
1995 0 0 0 0 0 0
1996 0 0 0 0 0 0
1997 0 0 0 0 0 0
1998 0 0 0 0 0 0
1999 0 0 0 0 0 0
2000 0 0 0 0 0 0
2001 0 0 0 0 0 0
2002 0 0 0 0 0 0
2003 0 0 0 0 0 0
2004 0 0 0 0 0 0
2005 0 0 0 0 0 0
2006 0 0 0 0 0 0
2007 0 0 0 0 0 0
2008 0 0 0 0 0 0
2009 0 0 0 0 0 0
2010 0 0 0 0 0 0
2011 0 0 0 0 0 0
2012 0 0 0 0 0 0
2013 0 0 0 0 0 0
2014 0 0 0 0 0 0
2015 0 0 0 0 0 0
2016 0 0 0 0 0 0
2017 0 0 0 0 0 0
2018 0 0 0 0 0 0
2019 0 0 0 0 0 0
2020 0 0 0 0 0 0
2021 0 0 0 0 0 0
2022 0 0 0 0 0 0
2023 0 0 0 0 0 0
Values for breeding stock: Hawaii
Year RUS+WAL EAL+BER+WGOA NGOA SEA+NBC SBC+WA OR+CA
1970 34 280 158 666 32 0
1971 0 0 0 0 0 0
1972 0 0 0 0 0 0
1973 0 0 0 0 0 0
1974 0 0 0 0 0 0
1975 0 0 0 0 0 0
1976 0 0 0 0 0 0
1977 0 0 0 0 0 0
1978 0 0 0 0 0 0
1979 0 0 0 0 0 0
1980 0 0 0 0 0 0
1981 0 0 0 0 0 0
1982 0 0 0 0 0 0
1983 0 0 0 0 0 0
1984 0 0 0 0 0 0
1985 0 0 0 0 0 0
1986 0 0 0 0 0 0
1987 0 0 0 0 0 0
1988 0 0 0 0 0 0
1989 0 0 0 0 0 0
1990 0 0 0 0 0 0
1991 0 0 0 0 0 0
1992 0 0 0 0 0 0
1993 0 0 0 0 0 0
1994 0 0 0 0 0 0
1995 0 0 0 0 0 0
1996 0 0 0 0 0 0
1997 0 0 0 0 0 0
1998 0 0 0 0 0 0
1999 0 0 0 0 0 0
2000 0 0 0 0 0 0
2001 0 0 0 0 0 0
2002 0 0 0 0 0 0
2003 0 0 0 0 0 0
2004 0 0 0 0 0 0
2005 0 0 0 0 0 0
2006 0 0 0 0 0 0
2007 0 0 0 0 0 0
2008 0 0 0 0 0 0
2009 0 0 0 0 0 0
2010 0 0 0 0 0 0
2011 0 0 0 0 0 0
2012 0 0 0 0 0 0
2013 0 0 0 0 0 0
2014 0 0 0 0 0 0
2015 0 0 0 0 0 0
2016 0 0 0 0 0 0
2017 0 0 0 0 0 0
2018 0 0 0 0 0 0
2019 0 0 0 0 0 0
2020 0 0 0 0 0 0
2021 0 0 0 0 0 0
2022 0 0 0 0 0 0
2023 0 0 0 0 0 0
Values for breeding stock: MX_AR
Year RUS+WAL EAL+BER+WGOA NGOA SEA+NBC SBC+WA OR+CA
1970 18 103 20 21 3 15
1971 0 0 0 0 0 0
1972 0 0 0 0 0 0
1973 0 0 0 0 0 0
1974 0 0 0 0 0 0
1975 0 0 0 0 0 0
1976 0 0 0 0 0 0
1977 0 0 0 0 0 0
1978 0 0 0 0 0 0
1979 0 0 0 0 0 0
1980 0 0 0 0 0 0
1981 0 0 0 0 0 0
1982 0 0 0 0 0 0
1983 0 0 0 0 0 0
1984 0 0 0 0 0 0
1985 0 0 0 0 0 0
1986 0 0 0 0 0 0
1987 0 0 0 0 0 0
1988 0 0 0 0 0 0
1989 0 0 0 0 0 0
1990 0 0 0 0 0 0
1991 0 0 0 0 0 0
1992 0 0 0 0 0 0
1993 0 0 0 0 0 0
1994 0 0 0 0 0 0
1995 0 0 0 0 0 0
1996 0 0 0 0 0 0
1997 0 0 0 0 0 0
1998 0 0 0 0 0 0
1999 0 0 0 0 0 0
2000 0 0 0 0 0 0
2001 0 0 0 0 0 0
2002 0 0 0 0 0 0
2003 0 0 0 0 0 0
2004 0 0 0 0 0 0
2005 0 0 0 0 0 0
2006 0 0 0 0 0 0
2007 0 0 0 0 0 0
2008 0 0 0 0 0 0
2009 0 0 0 0 0 0
2010 0 0 0 0 0 0
2011 0 0 0 0 0 0
2012 0 0 0 0 0 0
2013 0 0 0 0 0 0
2014 0 0 0 0 0 0
2015 0 0 0 0 0 0
2016 0 0 0 0 0 0
2017 0 0 0 0 0 0
2018 0 0 0 0 0 0
2019 0 0 0 0 0 0
2020 0 0 0 0 0 0
2021 0 0 0 0 0 0
2022 0 0 0 0 0 0
2023 0 0 0 0 0 0
Values for breeding stock: MX_ML
Year RUS+WAL EAL+BER+WGOA NGOA SEA+NBC SBC+WA OR+CA
1970 13 66 12 18 13 150
1971 0 0 0 0 0 0
1972 0 0 0 0 0 0
1973 0 0 0 0 0 0
1974 0 0 0 0 0 0
1975 0 0 0 0 0 0
1976 0 0 0 0 0 0
1977 0 0 0 0 0 0
1978 0 0 0 0 0 0
1979 0 0 0 0 0 0
1980 0 0 0 0 0 0
1981 0 0 0 0 0 0
1982 0 0 0 0 0 0
1983 0 0 0 0 0 0
1984 0 0 0 0 0 0
1985 0 0 0 0 0 0
1986 0 0 0 0 0 0
1987 0 0 0 0 0 0
1988 0 0 0 0 0 0
1989 0 0 0 0 0 0
1990 0 0 0 0 0 0
1991 0 0 0 0 0 0
1992 0 0 0 0 0 0
1993 0 0 0 0 0 0
1994 0 0 0 0 0 0
1995 0 0 0 0 0 0
1996 0 0 0 0 0 0
1997 0 0 0 0 0 0
1998 0 0 0 0 0 0
1999 0 0 0 0 0 0
2000 0 0 0 0 0 0
2001 0 0 0 0 0 0
2002 0 0 0 0 0 0
2003 0 0 0 0 0 0
2004 0 0 0 0 0 0
2005 0 0 0 0 0 0
2006 0 0 0 0 0 0
2007 0 0 0 0 0 0
2008 0 0 0 0 0 0
2009 0 0 0 0 0 0
2010 0 0 0 0 0 0
2011 0 0 0 0 0 0
2012 0 0 0 0 0 0
2013 0 0 0 0 0 0
2014 0 0 0 0 0 0
2015 0 0 0 0 0 0
2016 0 0 0 0 0 0
2017 0 0 0 0 0 0
2018 0 0 0 0 0 0
2019 0 0 0 0 0 0
2020 0 0 0 0 0 0
2021 0 0 0 0 0 0
2022 0 0 0 0 0 0
2023 0 0 0 0 0 0
Values for breeding stock: Central_Am
Year RUS+WAL EAL+BER+WGOA NGOA SEA+NBC SBC+WA OR+CA
1970 0 0 0 0 4 64
1971 0 0 0 0 0 0
1972 0 0 0 0 0 0
1973 0 0 0 0 0 0
1974 0 0 0 0 0 0
1975 0 0 0 0 0 0
1976 0 0 0 0 0 0
1977 0 0 0 0 0 0
1978 0 0 0 0 0 0
1979 0 0 0 0 0 0
1980 0 0 0 0 0 0
1981 0 0 0 0 0 0
1982 0 0 0 0 0 0
1983 0 0 0 0 0 0
1984 0 0 0 0 0 0
1985 0 0 0 0 0 0
1986 0 0 0 0 0 0
1987 0 0 0 0 0 0
1988 0 0 0 0 0 0
1989 0 0 0 0 0 0
1990 0 0 0 0 0 0
1991 0 0 0 0 0 0
1992 0 0 0 0 0 0
1993 0 0 0 0 0 0
1994 0 0 0 0 0 0
1995 0 0 0 0 0 0
1996 0 0 0 0 0 0
1997 0 0 0 0 0 0
1998 0 0 0 0 0 0
1999 0 0 0 0 0 0
2000 0 0 0 0 0 0
2001 0 0 0 0 0 0
2002 0 0 0 0 0 0
2003 0 0 0 0 0 0
2004 0 0 0 0 0 0
2005 0 0 0 0 0 0
2006 0 0 0 0 0 0
2007 0 0 0 0 0 0
2008 0 0 0 0 0 0
2009 0 0 0 0 0 0
2010 0 0 0 0 0 0
2011 0 0 0 0 0 0
2012 0 0 0 0 0 0
2013 0 0 0 0 0 0
2014 0 0 0 0 0 0
2015 0 0 0 0 0 0
2016 0 0 0 0 0 0
2017 0 0 0 0 0 0
2018 0 0 0 0 0 0
2019 0 0 0 0 0 0
2020 0 0 0 0 0 0
2021 0 0 0 0 0 0
2022 0 0 0 0 0 0
2023 0 0 0 0 0 0

Catch numbers by breeding stock
Year Asia Hawaii MX_AR MX_ML Central_Am
1970 0.9 0 0 1.1 0.3
1971 0.9 0 0 1.2 0.3
1972 1 0 0 1.3 0.3
1973 1.1 0 0 1.3 0.4
1974 1.2 0.1 0 1.4 0.4
1975 1.2 0.1 0 1.5 0.4
1976 1.3 0.1 0 1.6 0.4
1977 1.4 0.1 0 1.6 0.4
1978 1.5 0.1 0 1.7 0.5
1979 1.6 0.1 0 1.8 0.5
1980 1.8 0.1 0 1.9 0.5
1981 1.9 0.1 0 2 0.5
1982 2 0.1 0 2.1 0.6
1983 2.2 0.1 0 2.2 0.6
1984 2.3 0.1 0 2.4 0.6
1985 2.5 0.1 0 2.5 0.7
1986 2.6 0.1 0 2.6 0.7
1987 2.8 0.1 0 2.8 0.7
1988 3 0.1 0 2.9 0.8
1989 3.2 0.1 0 3.1 0.8
1990 3.5 0.2 0 3.2 0.8
1991 3.7 0.2 0 3.4 0.9
1992 4 0.2 0 3.6 0.9
1993 4.3 0.2 0 3.8 1
1994 4.6 0.2 0 4 1
1995 4.9 0.2 0 4.2 1.1
1996 5.2 0.2 0 4.4 1.1
1997 5.6 0.2 0 4.7 1.2
1998 6 0.2 0 4.9 1.2
1999 6.4 0.2 0 5.2 1.3
2000 6.9 0.3 0 5.5 1.4
2001 7.3 0.3 0 5.8 1.4
2002 7.9 0 0 5.8 1.5
2003 8.4 0 0 5.8 1.6
2004 9 0 0 6.7 1.7
2005 9.6 0 0 8.1 1.8
2006 10.3 1 0 6.8 1.8
2007 11.1 0 0 7.7 1.9
2008 11.8 0 0 7.9 2
2009 12.7 0 0 9 2.1
2010 13.6 0 0 9.3 2.2
2011 14.5 0.8 0 10.6 2.4
2012 15.5 0 0 10.9 2.5
2013 28 0 0 10.8 2.6
2014 0 5 0 13 2.7
2015 72 0 0 14.2 2.9
2016 12 0.1 0 14.2 3
2017 12 0.1 0 13.4 3.2
2018 16 0.1 0 13.4 3.3
2019 4 0.4 0 13.4 1.7
2020 26.8 0.4 0 23.8 5
2021 28.6 0.4 0 12.8 4.7
2022 30.7 0.4 0 10.5 3.7
2023 32.8 0.4 0 18.4 4.2

Catch numbers by feeding ground
Year RUS+WAL EAL+BER+WGOA NGOA SEA+NBC SBC+WA OR+CA
1970 0 5.7 0.1 6.8 0.1 6.4
1971 0 1.8 0.1 4 0.1 1.5
1972 4 0.8 0.1 4.1 0.1 1.6
1973 0 0.8 0.1 4.3 0.1 1.7
1974 0 0.8 0.1 4.5 0.1 2.5
1975 0 0.8 0.2 4.7 0.1 2.7
1976 0 0.8 0.2 4.9 0.2 2.9
1977 0 0.8 0.2 5.2 0.2 3.1
1978 0 0.8 0.2 5.4 0.2 3.3
1979 0 1 0.2 5.6 0.2 3.5
1980 0 1 0.2 5.9 0.2 3.9
1981 0 1 0.3 6.1 0.3 4.2
1982 0 1 0.4 6.5 0.3 4.5
1983 0 1 0.4 6.7 0.3 4.8
1984 0 1 0.5 7.1 0.4 4.6
1985 0 1 0.5 6.7 0.4 5
1986 0 1 0.7 7.8 0.4 5.4
1987 0 1 0.7 10 0.5 5.8
1988 0 1.1 0.8 8.5 0.5 6.3
1989 0 0.9 0.8 6.1 0.6 6.1
1990 0 1 0.8 7.4 0.7 5.8
1991 0 1 0.9 8.2 0.7 7.6
1992 0 1.1 0.9 9.8 0.8 8.3
1993 0 1.1 1 7.1 0.9 8.6
1994 0 1.2 1 9.3 1 8.8
1995 0 1.2 1 9.3 1.1 9.6
1996 0 1.2 1.1 12.7 1.2 9.9
1997 0 1.2 1.3 12.7 0.9 10.7
1998 0 3 1.4 14.7 1.2 12
1999 0 2.6 1.4 17.4 1.7 13.5
2000 0 1.2 1.5 14.1 1.5 11.6
2001 0 1.2 1.8 16.4 1.7 13.4
2002 0 2.4 1.9 13.8 1.9 13.7
2003 0 1.4 2 18.9 2.3 16
2004 0 1.4 2.3 22 2.5 15.9
2005 0 1.6 2.3 23.3 5.8 20.1
2006 0 1.6 2.4 22.7 5.3 22.1
2007 0 0.1 7.3 18.4 0 18.1
2008 0 0.1 4.3 19.7 12.4 8.8
2009 0 0.1 4.3 24.1 0 9.8
2010 0 6.1 0.8 44.5 7 24.5
2011 0 3.1 4 28.4 11 11.9
2012 0 4.1 8.8 11.6 0 10
2013 0 0.1 4 31.6 0 4.7
2014 0 0.1 11.8 43.7 7 45.2
2015 0 4.1 12 51 9.1 103.4
2016 0 4.1 4.8 34.8 7.1 150.3
2017 0 4.1 2.1 16.3 11.1 60.3
2018 0 1.1 4 26.6 30.1 111.1
2019 0 4.1 6 27.3 9.1 61
2020 0 1.1 0 24 23 31.2
2021 0 2.2 7 33.7 13 62.4
2022 0 4.3 0.8 22.3 8 56
2023 0 3.6 9.1 40.1 19.2 59.7
