Stock structure: B2F1; Model type = BC
Mortality impacts feeding grounds
Recuitment related to unfished
Staying rate: 0
Age-at-matrity: 8
Base adult survival: 0
Sigma for survival devs: 6
Additional variance estimated
Weight for mark-recapture proportions: 1
Weight for genetics proportions: 1


Total objective fn: 347.99811741432
Negative log-likelihood fn: 250.862502434846

Natural Survival by feeding ground
RUS+WAL,EAL+BER,GOA,SEA+NBC,SBC+WA,OR+CA
1970 0.96 0.96 0.96 0.96 0.96 0.96
1971 0.96 0.96 0.96 0.96 0.96 0.96
1972 0.96 0.96 0.96 0.96 0.96 0.96
1973 0.96 0.96 0.96 0.96 0.96 0.96
1974 0.96 0.96 0.96 0.96 0.96 0.96
1975 0.96 0.96 0.96 0.96 0.96 0.96
1976 0.96 0.96 0.96 0.96 0.96 0.96
1977 0.96 0.96 0.96 0.96 0.96 0.96
1978 0.96 0.96 0.96 0.96 0.96 0.96
1979 0.96 0.96 0.96 0.96 0.96 0.96
1980 0.96 0.96 0.96 0.96 0.96 0.96
1981 0.96 0.96 0.96 0.96 0.96 0.96
1982 0.96 0.96 0.96 0.96 0.96 0.96
1983 0.96 0.96 0.96 0.96 0.96 0.96
1984 0.96 0.96 0.96 0.96 0.96 0.96
1985 0.96 0.96 0.96 0.96 0.96 0.96
1986 0.96 0.96 0.96 0.96 0.96 0.96
1987 0.96 0.96 0.96 0.96 0.96 0.96
1988 0.96 0.96 0.96 0.96 0.96 0.96
1989 0.96 0.96 0.96 0.96 0.96 0.96
1990 0.96 0.96 0.96 0.96 0.96 0.96
1991 0.96 0.96 0.96 0.96 0.96 0.96
1992 0.96 0.96 0.96 0.96 0.96 0.96
1993 0.96 0.96 0.96 0.96 0.96 0.96
1994 0.96 0.96 0.96 0.96 0.96 0.96
1995 0.96 0.96 0.96 0.96 0.96 0.96
1996 0.96 0.96 0.96 0.96 0.96 0.96
1997 0.96 0.96 0.96 0.96 0.96 0.96
1998 0.96 0.96 0.96 0.96 0.96 0.96
1999 0.96 0.96 0.96 0.96 0.96 0.96
2000 0.9505404 0.982568 0.9676485 0.9606424 0.827167 0.9721313
2001 0.9501471 0.9828949 0.9657718 0.9725335 0.9495602 0.9763484
2002 0.9493418 0.9832142 0.9634254 0.9762778 0.9626368 0.980771
2003 0.9361995 0.9807182 0.837304 0.9726216 0.9662012 0.9811969
2004 0.9272384 0.9796264 0.9137767 0.9800628 0.9657721 0.9778542
2005 0.9588511 0.9779807 0.9680874 0.9439593 0.9734219 0.9682751
2006 0.9581156 0.9724566 0.9687876 0.9726635 0.9744823 0.8452475
2007 0.9558616 0.964564 0.9648608 0.9227712 0.9730105 0.9421961
2008 0.9547421 0.961243 0.9618879 0.9834842 0.9706078 0.94673
2009 0.9527077 0.9270742 0.9549011 0.9559772 0.9675869 0.9543488
2010 0.9564968 0.9587395 0.9611433 0.9785244 0.9684199 0.9599102
2011 0.9565713 0.9602828 0.9565071 0.9126587 0.9677664 0.9520123
2012 0.9543399 0.9478831 0.9298539 0.9753424 0.9639934 0.9654251
2013 0.9559455 0.9551785 0.9228583 0.8011779 0.958357 0.9794793
2014 0.955395 0.9491845 0.853922 0.7528668 0.9545416 0.9844489
2015 0.9517465 0.7959951 0.8414675 0.8966016 0.9447518 0.9850732
2016 0.9498656 0.8951465 0.9213947 0.7325996 0.9448907 0.9796776
2017 0.9506274 0.7184908 0.9363155 0.9002427 0.9559574 0.9769528
2018 0.9519379 0.7738696 0.9419174 0.9511533 0.9577745 0.9693005
2019 0.9555248 0.9396738 0.9514934 0.9307631 0.9612779 0.9634571
2020 0.9574982 0.9468671 0.9495497 0.7876093 0.9638075 0.9746794
2021 0.9599993 0.9599978 0.9599995 0.9599995 0.9628196 0.947092
2022 0.9599996 0.9599989 0.9599997 0.9599998 0.9608413 0.953818
2023 0.96 0.96 0.96 0.96 0.96 0.96

Naturak Survival by breeding stock
RUS+WAL,EAL+BER,GOA,SEA+NBC,SBC+WA,OR+CA
1970 0.96 0.96 0.96 0.96 0.96
1971 0.96 0.96 0.96 0.96 0.96
1972 0.96 0.96 0.96 0.96 0.96
1973 0.96 0.96 0.96 0.96 0.96
1974 0.96 0.96 0.96 0.96 0.96
1975 0.96 0.96 0.96 0.96 0.96
1976 0.96 0.96 0.96 0.96 0.96
1977 0.96 0.96 0.96 0.96 0.96
1978 0.96 0.96 0.96 0.96 0.96
1979 0.96 0.96 0.96 0.96 0.96
1980 0.96 0.96 0.96 0.96 0.96
1981 0.96 0.96 0.96 0.96 0.96
1982 0.96 0.96 0.96 0.96 0.96
1983 0.96 0.96 0.96 0.96 0.96
1984 0.96 0.96 0.96 0.96 0.96
1985 0.96 0.96 0.96 0.96 0.96
1986 0.96 0.96 0.96 0.96 0.96
1987 0.96 0.96 0.96 0.96 0.96
1988 0.96 0.96 0.96 0.96 0.96
1989 0.96 0.96 0.96 0.96 0.96
1990 0.96 0.96 0.96 0.96 0.96
1991 0.96 0.96 0.96 0.96 0.96
1992 0.96 0.96 0.96 0.96 0.96
1993 0.96 0.96 0.96 0.96 0.96
1994 0.96 0.96 0.96 0.96 0.96
1995 0.96 0.96 0.96 0.96 0.96
1996 0.96 0.96 0.96 0.96 0.96
1997 0.96 0.96 0.96 0.96 0.96
1998 0.96 0.96 0.96 0.96 0.96
1999 0.96 0.96 0.96 0.96 0.96
2000 0.96 0.96 0.96 0.96 0.96
2001 0.96 0.96 0.96 0.96 0.96
2002 0.96 0.96 0.96 0.96 0.96
2003 0.96 0.96 0.96 0.96 0.96
2004 0.96 0.96 0.96 0.96 0.96
2005 0.96 0.96 0.96 0.96 0.96
2006 0.96 0.96 0.96 0.96 0.96
2007 0.96 0.96 0.96 0.96 0.96
2008 0.96 0.96 0.96 0.96 0.96
2009 0.96 0.96 0.96 0.96 0.96
2010 0.96 0.96 0.96 0.96 0.96
2011 0.96 0.96 0.96 0.96 0.96
2012 0.96 0.96 0.96 0.96 0.96
2013 0.96 0.96 0.96 0.96 0.96
2014 0.96 0.96 0.96 0.96 0.96
2015 0.96 0.96 0.96 0.96 0.96
2016 0.96 0.96 0.96 0.96 0.96
2017 0.96 0.96 0.96 0.96 0.96
2018 0.96 0.96 0.96 0.96 0.96
2019 0.96 0.96 0.96 0.96 0.96
2020 0.96 0.96 0.96 0.96 0.96
2021 0.96 0.96 0.96 0.96 0.96
2022 0.96 0.96 0.96 0.96 0.96
2023 0.96 0.96 0.96 0.96 0.96

Fecundity by feeding ground
RUS+WAL,EAL+BER,GOA,SEA+NBC,SBC+WA,OR+CA
1970 0.9490614 0.9480128 0.9467373 0.9451019 0.9499436 0.9539999
1971 0.9491199 0.9480813 0.9467497 0.945215 0.949975 0.9540698
1972 0.9471736 0.9455728 0.9439079 0.9421302 0.9478977 0.9529891
1973 0.9450995 0.9431754 0.9411832 0.9392055 0.9459136 0.9519777
1974 0.9431376 0.940893 0.9385822 0.9364461 0.9440242 0.9510545
1975 0.941276 0.9387185 0.9361071 0.9338411 0.9422243 0.9501992
1976 0.9395158 0.936647 0.9337447 0.9313819 0.9405259 0.9494082
1977 0.9378521 0.9346728 0.9314893 0.9290639 0.9389089 0.9486764
1978 0.9362809 0.932792 0.9293365 0.9268772 0.9373719 0.9480056
1979 0.9347984 0.9310076 0.9272815 0.9248152 0.9359098 0.9473902
1980 0.9334079 0.9293092 0.92532 0.922875 0.9345192 0.9468346
1981 0.9320955 0.9276907 0.923456 0.9210429 0.9332118 0.9463287
1982 0.9302824 0.9254809 0.9209308 0.9185165 0.9314172 0.9455992
1983 0.9280258 0.9227351 0.9177971 0.9153605 0.9291803 0.944672
1984 0.9253701 0.9195101 0.9141283 0.9116548 0.9265656 0.9435586
1985 0.9223691 0.9158586 0.9099765 0.9074426 0.9236017 0.9423037
1986 0.9190602 0.9118302 0.9054168 0.902833 0.9203281 0.9409264
1987 0.9154913 0.9074728 0.9004873 0.8979229 0.9168007 0.9394484
1988 0.9117004 0.9028331 0.8952467 0.8926543 0.91304 0.9378928
1989 0.9077231 0.8979422 0.8897342 0.8870431 0.9090956 0.9362515
1990 0.9035987 0.8928486 0.8839942 0.8812484 0.9049985 0.9345323
1991 0.8993501 0.8875835 0.878075 0.8752983 0.9007632 0.9328221
1992 0.8948679 0.8820139 0.8718151 0.8690619 0.8962903 0.931031
1993 0.8900557 0.8760209 0.8650951 0.8622729 0.8914865 0.9291054
1994 0.884836 0.8695161 0.857805 0.8549785 0.8862739 0.9270036
1995 0.8791495 0.8624252 0.849868 0.847037 0.8805947 0.9247211
1996 0.8729532 0.8546974 0.8412397 0.8385037 0.8744042 0.9222186
1997 0.8662262 0.8463016 0.8318978 0.8292471 0.8676101 0.9195029
1998 0.8589542 0.837287 0.8218216 0.8193187 0.8602883 0.9165783
1999 0.8511352 0.8275798 0.8110081 0.8087533 0.8524744 0.913454
2000 0.8427854 0.8171568 0.7994885 0.7973875 0.8440652 0.9100175
2001 0.8356773 0.8007031 0.7853244 0.7852596 0.8565751 0.9053853
2002 0.8281666 0.7832584 0.7709434 0.7689972 0.8480829 0.9000685
2003 0.8204351 0.7643351 0.7564083 0.7508791 0.8385442 0.8939357
2004 0.8151215 0.7447886 0.7765541 0.7329915 0.8279265 0.8872219
2005 0.8113197 0.7241807 0.7733676 0.7112143 0.8172924 0.8804431
2006 0.7998686 0.7027323 0.7553521 0.7020299 0.8040288 0.8742979
2007 0.7884711 0.682041 0.737561 0.6801545 0.7887315 0.8822587
2008 0.7770542 0.6634302 0.7199569 0.6783218 0.7747899 0.8773753
2009 0.7653366 0.6452191 0.7025058 0.6490977 0.7585243 0.8726309
2010 0.753655 0.6419321 0.6866754 0.633379 0.7432407 0.8670679
2011 0.7402949 0.6223379 0.6676487 0.6047618 0.7283858 0.8598897
2012 0.7264626 0.6014093 0.6505082 0.6085266 0.7105849 0.8533923
2013 0.713762 0.5862637 0.6445289 0.5786432 0.6929535 0.8437846
2014 0.6981327 0.566374 0.6427995 0.636991 0.6777747 0.832204
2015 0.6873928 0.5500926 0.6695117 0.7018579 0.6636499 0.8208288
2016 0.6734225 0.614061 0.6954847 0.7019102 0.6526591 0.8101186
2017 0.6594476 0.6203576 0.6877046 0.7576217 0.6414535 0.7975676
2018 0.6449218 0.7007856 0.6751965 0.7531743 0.6276126 0.7862095
2019 0.6284371 0.7410798 0.6607286 0.7354784 0.6090432 0.77436
2020 0.6115252 0.722243 0.6415081 0.726258 0.5905263 0.7624876
2021 0.593356 0.7047896 0.6238608 0.7622184 0.5685844 0.7469108
2022 0.5735954 0.6824805 0.6002916 0.7406168 0.5459313 0.7392729
2023 0.5537725 0.6605763 0.5779647 0.7229093 0.5263317 0.728576

Total abundance: Estimate SD_log
1970 1108.614 NaN
1971 1389.403 NaN
1972 1619.559 NaN
1973 1833.892 NaN
1974 2040.717 NaN
1975 2235.756 NaN
1976 2420.261 NaN
1977 2594.639 NaN
1978 2759.468 NaN
1979 2915.09 NaN
1980 3061.816 NaN
1981 3276.383 NaN
1982 3539.981 NaN
1983 3846.687 NaN
1984 4191.559 NaN
1985 4569.835 NaN
1986 4977.329 NaN
1987 5408.271 NaN
1988 5857.421 NaN
1989 6324.81 NaN
1990 6809.293 NaN
1991 7322.733 NaN
1992 7873.786 NaN
1993 8470.603 NaN
1994 9124.026 NaN
1995 9833.488 NaN
1996 10603.12 NaN
1997 11430.86 NaN
1998 12319.25 NaN
1999 13261.83 NaN
2000 14256.75 NaN
2001 15363.2 NaN
2002 16738.65 NaN
2003 18262.14 NaN
2004 19465.75 NaN
2005 20991.77 NaN
2006 22432.94 NaN
2007 23841.33 NaN
2008 24962.82 NaN
2009 26824.38 NaN
2010 28041.69 NaN
2011 30011.59 NaN
2012 31137.4 NaN
2013 32985.01 NaN
2014 32633.58 NaN
2015 31685.83 NaN
2016 30318.49 NaN
2017 29170.87 NaN
2018 28021.6 NaN
2019 28096.25 NaN
2020 29574.58 NaN
2021 29997.37 NaN
2022 31846.23 NaN
2023 33773.04 NaN
2024 35689.38 NaN

Breeding stock abundance: Estimate SD_log Estimate/K
Asia
1 81.98218 NaN 1.260442
2 103.5182 NaN 1.591549
3 120.4143 NaN 1.85132
4 133.4489 NaN 2.051721
5 148.0625 NaN 2.276399
6 161.7772 NaN 2.487256
7 174.7439 NaN 2.686614
8 186.9005 NaN 2.873516
9 198.2824 NaN 3.048508
10 208.923 NaN 3.212104
11 218.8463 NaN 3.36467
12 233.4571 NaN 3.589305
13 251.4782 NaN 3.866372
14 272.491 NaN 4.189435
15 296.0032 NaN 4.550925
16 321.7612 NaN 4.946945
17 349.3317 NaN 5.370829
18 378.5168 NaN 5.819538
19 408.9361 NaN 6.287221
20 440.3292 NaN 6.769878
21 472.473 NaN 7.264075
22 506.3551 NaN 7.784998
23 542.787 NaN 8.345124
24 582.2106 NaN 8.951245
25 625.0351 NaN 9.609654
26 671.537 NaN 10.3246
27 721.8861 NaN 11.0987
28 776.1479 NaN 11.93295
29 834.191 NaN 12.82534
30 895.8441 NaN 13.77323
31 961.0005 NaN 14.77498
32 1022.725 NaN 15.72397
33 1087.087 NaN 16.71351
34 1153.619 NaN 17.73641
35 1205.658 NaN 18.53649
36 1247.596 NaN 19.18127
37 1335.742 NaN 20.53647
38 1426.192 NaN 21.9271
39 1514.802 NaN 23.28944
40 1604.249 NaN 24.66465
41 1681.804 NaN 25.85704
42 1779.474 NaN 27.35866
43 1880.876 NaN 28.91769
44 1974.264 NaN 30.35348
45 2063.047 NaN 31.71849
46 2181.982 NaN 33.54706
47 2168.389 NaN 33.33808
48 2249.342 NaN 34.58269
49 2286.882 NaN 35.15986
50 2348.875 NaN 36.11297
51 2475.039 NaN 38.0527
52 2588.245 NaN 39.79319
53 2711.56 NaN 41.6891
54 2833.047 NaN 43.55692
Hawaii
1 705.3522 NaN 1.950783
2 887.5909 NaN 2.454798
3 1035.917 NaN 2.865022
4 1176.436 NaN 3.253652
5 1310.645 NaN 3.624833
6 1438.005 NaN 3.977072
7 1558.874 NaN 4.311358
8 1673.577 NaN 4.628589
9 1782.372 NaN 4.929483
10 1885.632 NaN 5.215068
11 1983.483 NaN 5.485693
12 2125.721 NaN 5.879077
13 2300.19 NaN 6.361605
14 2503.109 NaN 6.922816
15 2731.386 NaN 7.554159
16 2981.527 NaN 8.245971
17 3251.549 NaN 8.992765
18 3537.088 NaN 9.782477
19 3834.53 NaN 10.60511
20 4145.06 NaN 11.46394
21 4467.766 NaN 12.35644
22 4809.148 NaN 13.3006
23 5176.523 NaN 14.31664
24 5574.263 NaN 15.41667
25 6010.508 NaN 16.62318
26 6483.267 NaN 17.93069
27 6996.277 NaN 19.34951
28 7546.644 NaN 20.87165
29 8137.407 NaN 22.50552
30 8763.83 NaN 24.23801
31 9424.61 NaN 26.06552
32 10153.68 NaN 28.08189
33 11076.48 NaN 30.63407
34 12098.27 NaN 33.46003
35 12871.04 NaN 35.59726
36 13911.38 NaN 38.47453
37 14797.5 NaN 40.92524
38 15992.95 NaN 44.23149
39 16664.15 NaN 46.08782
40 18001.49 NaN 49.78649
41 18796.15 NaN 51.98426
42 20160.23 NaN 55.75689
43 20719.1 NaN 57.30254
44 21953.23 NaN 60.71575
45 21001.69 NaN 58.08409
46 19516.53 NaN 53.97662
47 18308.77 NaN 50.63632
48 16876.34 NaN 46.67469
49 15813.37 NaN 43.73483
50 15745.94 NaN 43.54833
51 16523.99 NaN 45.70018
52 16176.43 NaN 44.73893
53 17327.53 NaN 47.92251
54 18470.46 NaN 51.08352
MX_AR
1 109.5923 NaN 1.281329
2 137.7388 NaN 1.610411
3 161.0121 NaN 1.882518
4 182.8713 NaN 2.13809
5 204.0975 NaN 2.386262
6 224.2466 NaN 2.621841
7 243.4096 NaN 2.84589
8 261.6428 NaN 3.059069
9 278.9905 NaN 3.261895
10 295.4952 NaN 3.454864
11 311.1566 NaN 3.637973
12 333.8331 NaN 3.903102
13 361.6161 NaN 4.227935
14 393.9453 NaN 4.605921
15 430.3256 NaN 5.03127
16 470.3017 NaN 5.498662
17 513.4005 NaN 6.002564
18 559.1215 NaN 6.537123
19 607.0661 NaN 7.097681
20 656.9284 NaN 7.680659
21 708.5511 NaN 8.28422
22 763.4601 NaN 8.926204
23 822.5237 NaN 9.616763
24 886.6912 NaN 10.36699
25 956.7866 NaN 11.18653
26 1033.155 NaN 12.07941
27 1116.098 NaN 13.04917
28 1205.695 NaN 14.09672
29 1301.97 NaN 15.22235
30 1404.3 NaN 16.41876
31 1512.79 NaN 17.6872
32 1650.623 NaN 19.29871
33 1806.128 NaN 21.11684
34 1974.601 NaN 23.0866
35 2090.177 NaN 24.43788
36 2245.834 NaN 26.25778
37 2431.499 NaN 28.42854
38 2584.615 NaN 30.21874
39 2746.158 NaN 32.10746
40 2929.517 NaN 34.25126
41 3042.453 NaN 35.57168
42 3242.321 NaN 37.90849
43 3424.697 NaN 40.0408
44 3591.486 NaN 41.99085
45 3723.905 NaN 43.53907
46 3790.577 NaN 44.31857
47 3532.212 NaN 41.29783
48 3529.787 NaN 41.26948
49 3267.274 NaN 38.20024
50 3166.228 NaN 37.01883
51 3345.553 NaN 39.11545
52 3524.675 NaN 41.20971
53 3748.29 NaN 43.82416
54 3981.991 NaN 46.55655
MX_ML
1 170.8816 NaN 0.6838391
2 210.9092 NaN 0.8440227
3 244.7117 NaN 0.9792946
4 276.2644 NaN 1.105563
5 306.2373 NaN 1.22551
6 333.8873 NaN 1.33616
7 359.6826 NaN 1.439389
8 383.6903 NaN 1.535463
9 406.122 NaN 1.625231
10 426.9564 NaN 1.708607
11 446.2361 NaN 1.785761
12 475.1085 NaN 1.901304
13 510.7521 NaN 2.043943
14 552.3129 NaN 2.210263
15 599.0122 NaN 2.397145
16 650.3193 NaN 2.602468
17 705.3505 NaN 2.822693
18 763.4332 NaN 3.05513
19 823.8495 NaN 3.296906
20 886.2538 NaN 3.546637
21 950.6035 NaN 3.804154
22 1019.197 NaN 4.078654
23 1092.045 NaN 4.370178
24 1170.9 NaN 4.685744
25 1257.03 NaN 5.030422
26 1350.961 NaN 5.406315
27 1452.776 NaN 5.813761
28 1562.878 NaN 6.254371
29 1681.062 NaN 6.727325
30 1806.493 NaN 7.22928
31 1938.834 NaN 7.758885
32 2085.572 NaN 8.346105
33 2276.759 NaN 9.111203
34 2494.508 NaN 9.982598
35 2704.377 NaN 10.82246
36 2936.792 NaN 11.75255
37 3166.517 NaN 12.67186
38 3179.002 NaN 12.72183
39 3348.107 NaN 13.39856
40 3559.137 NaN 14.24306
41 3740.873 NaN 14.97034
42 3993.458 NaN 15.98114
43 4221.736 NaN 16.89467
44 4500.358 NaN 18.00967
45 4779.921 NaN 19.12843
46 5029.579 NaN 20.12752
47 5053.95 NaN 20.22505
48 5185.417 NaN 20.75116
49 5222.527 NaN 20.89967
50 5323.455 NaN 21.30357
51 5626.357 NaN 22.51573
52 5979.445 NaN 23.92873
53 6263.802 NaN 25.06667
54 6603.014 NaN 26.42414
Central_Am
1 40.80539 NaN 0.5566979
2 49.64585 NaN 0.6773062
3 57.50345 NaN 0.7845055
4 64.87182 NaN 0.8850304
5 71.67545 NaN 0.9778506
6 77.83932 NaN 1.061943
7 83.5511 NaN 1.139867
8 88.82896 NaN 1.211872
9 93.7013 NaN 1.278344
10 98.08305 NaN 1.338123
11 102.0939 NaN 1.392842
12 108.264 NaN 1.47702
13 115.9445 NaN 1.581803
14 124.8285 NaN 1.703005
15 134.8313 NaN 1.839471
16 145.9251 NaN 1.990821
17 157.6976 NaN 2.15143
18 170.1123 NaN 2.3208
19 183.0398 NaN 2.497167
20 196.2386 NaN 2.677235
21 209.8993 NaN 2.863605
22 224.5729 NaN 3.063793
23 239.9069 NaN 3.27299
24 256.5378 NaN 3.499882
25 274.6657 NaN 3.747197
26 294.5695 NaN 4.01874
27 316.08 NaN 4.312202
28 339.4938 NaN 4.63163
29 364.6173 NaN 4.974385
30 391.3666 NaN 5.339318
31 419.5197 NaN 5.723404
32 450.6012 NaN 6.147442
33 492.2031 NaN 6.715006
34 541.1426 NaN 7.382676
35 594.5026 NaN 8.110653
36 650.1646 NaN 8.870036
37 701.6921 NaN 9.573013
38 658.5659 NaN 8.984653
39 689.6068 NaN 9.408136
40 729.9866 NaN 9.959028
41 780.4106 NaN 10.64695
42 836.0992 NaN 11.4067
43 890.9944 NaN 12.15562
44 965.6815 NaN 13.17456
45 1065.02 NaN 14.52981
46 1167.157 NaN 15.92324
47 1255.173 NaN 17.12401
48 1329.976 NaN 18.14453
49 1431.552 NaN 19.53031
50 1511.757 NaN 20.62453
51 1603.64 NaN 21.87807
52 1728.574 NaN 23.58251
53 1795.047 NaN 24.48938
54 1884.525 NaN 25.71011

Feeding stock abundance: Estimate SD_log Estimate/K
RUS+WAL
1 110.8135 NaN 1.271365
2 140.8298 NaN 1.615742
3 160.4406 NaN 1.840737
4 182.2133 NaN 2.090536
5 202.7952 NaN 2.326672
6 222.3327 NaN 2.550827
7 240.7983 NaN 2.762682
8 258.2435 NaN 2.962832
9 274.7088 NaN 3.151739
10 290.2363 NaN 3.329886
11 304.779 NaN 3.496734
12 326.1469 NaN 3.741888
13 352.4404 NaN 4.043554
14 383.0106 NaN 4.394287
15 417.413 NaN 4.788985
16 455.0824 NaN 5.221168
17 495.6518 NaN 5.686621
18 538.6168 NaN 6.179559
19 583.5945 NaN 6.695588
20 630.2235 NaN 7.230564
21 678.0909 NaN 7.779747
22 728.8848 NaN 8.362506
23 783.5639 NaN 8.98984
24 842.9504 NaN 9.671183
25 907.6706 NaN 10.41372
26 978.1716 NaN 11.22258
27 1054.738 NaN 12.10102
28 1137.414 NaN 13.04956
29 1226.204 NaN 14.06826
30 1320.985 NaN 15.15569
31 1421.447 NaN 16.30829
32 1509.089 NaN 17.3138
33 1599.968 NaN 18.35646
34 1693.731 NaN 19.4322
35 1762.34 NaN 20.21935
36 1812.998 NaN 20.80056
37 1943.542 NaN 22.29829
38 2080.236 NaN 23.86658
39 2217.772 NaN 25.44454
40 2358.478 NaN 27.05885
41 2497.443 NaN 28.65321
42 2654.264 NaN 30.45241
43 2816.997 NaN 32.31945
44 2964.856 NaN 34.01584
45 3146.195 NaN 36.09635
46 3273.75 NaN 37.55979
47 3442.983 NaN 39.5014
48 3608.773 NaN 41.40351
49 3779.165 NaN 43.35842
50 3971.337 NaN 45.56321
51 4165.45 NaN 47.79027
52 4373.701 NaN 50.17954
53 4597.647 NaN 52.74887
54 4821.463 NaN 55.31672
EAL+BER
1 275.1085 NaN 1.405579
2 349.4055 NaN 1.785176
3 408.9929 NaN 2.089619
4 465.7194 NaN 2.379445
5 519.7291 NaN 2.65539
6 571.1912 NaN 2.918319
7 620.2171 NaN 3.168801
8 666.9456 NaN 3.407546
9 711.4633 NaN 3.634995
10 753.6719 NaN 3.850646
11 793.8443 NaN 4.055894
12 852.0419 NaN 4.353237
13 923.4264 NaN 4.717953
14 1006.564 NaN 5.14272
15 1100.127 NaN 5.620749
16 1202.888 NaN 6.145773
17 1313.702 NaN 6.71194
18 1431.451 NaN 7.313541
19 1555.051 NaN 7.945036
20 1683.836 NaN 8.603021
21 1816.638 NaN 9.281535
22 1957.827 NaN 10.00289
23 2110.073 NaN 10.78075
24 2275.674 NaN 11.62683
25 2456.201 NaN 12.54918
26 2652.928 NaN 13.55429
27 2866.578 NaN 14.64587
28 3097.423 NaN 15.82529
29 3343.612 NaN 17.08312
30 3606.802 NaN 18.42781
31 3887.255 NaN 19.86069
32 4312.415 NaN 22.03291
33 4772.072 NaN 24.38138
34 5270.166 NaN 26.92623
35 5785.954 NaN 29.56149
36 6328.516 NaN 32.33353
37 6892.775 NaN 35.21644
38 7439.908 NaN 38.01184
39 7935.863 NaN 40.54576
40 8419.183 NaN 43.01513
41 8554.898 NaN 43.70852
42 9063.914 NaN 46.30918
43 9611.658 NaN 49.1077
44 10017.64 NaN 51.18195
45 10530.78 NaN 53.80365
46 10952.76 NaN 55.95966
47 9455.519 NaN 48.30996
48 9284.138 NaN 47.43434
49 7363.655 NaN 37.62225
50 6263.776 NaN 32.00276
51 6613.409 NaN 33.7891
52 7042.411 NaN 35.98095
53 7590.012 NaN 38.77874
54 8136.988 NaN 41.57335
GOA
1 123.7736 NaN 1.56883
2 157.9727 NaN 2.002304
3 185.267 NaN 2.348258
4 211.3182 NaN 2.678457
5 236.1853 NaN 2.993648
6 259.8341 NaN 3.293396
7 282.4068 NaN 3.579505
8 303.9581 NaN 3.852667
9 324.5299 NaN 4.113415
10 344.1667 NaN 4.362311
11 362.9106 NaN 4.59989
12 389.7907 NaN 4.940595
13 422.6071 NaN 5.356543
14 460.8007 NaN 5.840646
15 503.6596 NaN 6.383882
16 550.709 NaN 6.980234
17 601.2127 NaN 7.620367
18 654.8473 NaN 8.300186
19 711.0508 NaN 9.012564
20 769.4768 NaN 9.753114
21 829.7157 NaN 10.51664
22 893.5959 NaN 11.32632
23 962.4595 NaN 12.19917
24 1037.182 NaN 13.14627
25 1118.583 NaN 14.17804
26 1207.162 NaN 15.30077
27 1303.103 NaN 16.51682
28 1406.385 NaN 17.82592
29 1517.016 NaN 19.22817
30 1634.844 NaN 20.72164
31 1759.372 NaN 22.30004
32 1909.585 NaN 24.20398
33 2063.82 NaN 26.15891
34 2220.033 NaN 28.13891
35 2043.041 NaN 25.89553
36 2063.876 NaN 26.15962
37 2243.549 NaN 28.43697
38 2432.001 NaN 30.82559
39 2620.14 NaN 33.21026
40 2806.21 NaN 35.56869
41 2977.752 NaN 37.74298
42 3177.276 NaN 40.27196
43 3358.317 NaN 42.56665
44 3416.728 NaN 43.30701
45 3442.506 NaN 43.63375
46 3201.77 NaN 40.58241
47 2951.826 NaN 37.41438
48 3017.827 NaN 38.25094
49 3144.903 NaN 39.86162
50 3292.568 NaN 41.73327
51 3488.955 NaN 44.22248
52 3668.855 NaN 46.50271
53 3901.47 NaN 49.45111
54 4119.732 NaN 52.21757
SEA+NBC
1 394.3533 NaN 1.778137
2 499.5066 NaN 2.252272
3 582.0054 NaN 2.624259
4 659.8248 NaN 2.975146
5 733.2485 NaN 3.306213
6 802.5646 NaN 3.618759
7 867.9919 NaN 3.91377
8 929.6391 NaN 4.191737
9 987.7776 NaN 4.453883
10 1042.581 NaN 4.700991
11 1094.111 NaN 4.933341
12 1169.939 NaN 5.275247
13 1263.096 NaN 5.695291
14 1371.676 NaN 6.184877
15 1493.555 NaN 6.73443
16 1627.746 NaN 7.339495
17 1771.151 NaN 7.986109
18 1921.071 NaN 8.662099
19 2079.659 NaN 9.377168
20 2246.643 NaN 10.1301
21 2417.284 NaN 10.89952
22 2597.617 NaN 11.71264
23 2790.388 NaN 12.58184
24 3002.581 NaN 13.53862
25 3231.513 NaN 14.57087
26 3480.643 NaN 15.6942
27 3747.335 NaN 16.89671
28 4034.99 NaN 18.19374
29 4341.321 NaN 19.57499
30 4664.783 NaN 21.03348
31 5010.068 NaN 22.59037
32 5376.36 NaN 24.24197
33 5856.711 NaN 26.40787
34 6394.687 NaN 28.8336
35 6930.772 NaN 31.25081
36 7572.668 NaN 34.14512
37 7879.475 NaN 35.52851
38 8513.93 NaN 38.38926
39 8619.52 NaN 38.86536
40 9442.024 NaN 42.57403
41 9922.014 NaN 44.7383
42 10750.07 NaN 48.47199
43 10707.25 NaN 48.27891
44 11546.91 NaN 52.06496
45 10014.93 NaN 45.15725
46 8216.207 NaN 37.04683
47 8117.983 NaN 36.60394
48 6586.137 NaN 29.69685
49 6576.598 NaN 29.65384
50 7038.99 NaN 31.73876
51 7320.066 NaN 33.00613
52 6339.879 NaN 28.58648
53 6841.466 NaN 30.84813
54 7305.901 NaN 32.94227
SBC+WA
1 49.56705 NaN 1.158456
2 63.16151 NaN 1.476179
3 73.9465 NaN 1.72824
4 84.21457 NaN 1.96822
5 93.99298 NaN 2.196756
6 103.3092 NaN 2.414489
7 112.085 NaN 2.619593
8 120.4419 NaN 2.814907
9 128.3844 NaN 3.000534
10 135.9391 NaN 3.1771
11 143.1241 NaN 3.345025
12 153.4727 NaN 3.586885
13 166.1897 NaN 3.884101
14 181.0276 NaN 4.230884
15 197.6421 NaN 4.619191
16 215.9037 NaN 5.045991
17 235.6145 NaN 5.506662
18 256.4751 NaN 5.994206
19 278.3998 NaN 6.506618
20 301.1243 NaN 7.037723
21 324.494 NaN 7.58391
22 349.3658 NaN 8.165199
23 376.1563 NaN 8.791333
24 405.2563 NaN 9.471445
25 436.9811 NaN 10.2129
26 471.5431 NaN 11.02067
27 509.0939 NaN 11.89828
28 550.0876 NaN 12.85637
29 593.976 NaN 13.8821
30 640.4803 NaN 14.96898
31 690.1701 NaN 16.1303
32 630.8937 NaN 14.74493
33 669.4848 NaN 15.64686
34 724.1775 NaN 16.92511
35 786.1044 NaN 18.37243
36 848.4932 NaN 19.83055
37 925.1951 NaN 21.62319
38 1014.314 NaN 23.70604
39 1095.311 NaN 25.59905
40 1190.47 NaN 27.82305
41 1273.226 NaN 29.75719
42 1361.886 NaN 31.8293
43 1466.51 NaN 34.27453
44 1569.868 NaN 36.69015
45 1659.049 NaN 38.77446
46 1742.94 NaN 40.73511
47 1810.316 NaN 42.30977
48 1876.965 NaN 43.86748
49 1954.787 NaN 45.68628
50 2061.047 NaN 48.16975
51 2163.011 NaN 50.55279
52 2285.09 NaN 53.40596
53 2410.151 NaN 56.32881
54 2516.571 NaN 58.81601
OR+CA
1 133.5977 NaN 0.6392776
2 168.6267 NaN 0.8068947
3 195.6064 NaN 0.9359948
4 220.8018 NaN 1.056557
5 243.6662 NaN 1.165965
6 264.8238 NaN 1.267207
7 284.3622 NaN 1.360699
8 302.4109 NaN 1.447065
9 318.9041 NaN 1.525986
10 333.995 NaN 1.598197
11 347.5466 NaN 1.663043
12 368.5922 NaN 1.763748
13 394.7215 NaN 1.888779
14 425.3078 NaN 2.035138
15 460.1619 NaN 2.201918
16 498.1061 NaN 2.383484
17 538.6973 NaN 2.577717
18 581.4102 NaN 2.782102
19 625.667 NaN 2.993875
20 671.8063 NaN 3.214656
21 719.6695 NaN 3.443686
22 768.8434 NaN 3.678988
23 821.5446 NaN 3.931168
24 878.9594 NaN 4.205903
25 941.9767 NaN 4.507447
26 1010.441 NaN 4.835054
27 1085.27 NaN 5.193118
28 1166.06 NaN 5.579707
29 1252.518 NaN 5.993414
30 1344.239 NaN 6.432309
31 1444.441 NaN 6.911788
32 1575.556 NaN 7.539184
33 1727.698 NaN 8.267197
34 1902.948 NaN 9.105786
35 2096.041 NaN 10.02975
36 2292.617 NaN 10.97039
37 2474.408 NaN 11.84028
38 2296.337 NaN 10.98819
39 2407.217 NaN 11.51876
40 2545.917 NaN 12.18245
41 2708.356 NaN 12.95974
42 2917.478 NaN 13.96041
43 3113.272 NaN 14.8973
44 3387.208 NaN 16.20811
45 3711.623 NaN 17.76046
46 4029.694 NaN 19.28246
47 4309.465 NaN 20.62119
48 4674.427 NaN 22.36757
49 4996.797 NaN 23.91014
50 5341.534 NaN 25.55974
51 5688.388 NaN 27.21947
52 6122.63 NaN 29.29735
53 6368.78 NaN 30.47521
54 6684.886 NaN 31.98781

Parameters: Estimate  Std. Error      z value    Pr(>|z^2|)
rval 0.09024023 NaN NaN NaN
logK 8.7802098 NaN NaN NaN
logK 10.49563645 NaN NaN NaN
logK 9.05403978 NaN NaN NaN
logK 10.12617363 NaN NaN NaN
logK 8.89971686 NaN NaN NaN
logBK 4.41042127 NaN NaN NaN
logBK 3.96697574 NaN NaN NaN
logBK 4.39378448 NaN NaN NaN
logBK 5.02745892 NaN NaN NaN
logBK 5.23437687 NaN NaN NaN
MixPars -1.87856345 NaN NaN NaN
MixPars -2.84721714 NaN NaN NaN
MixPars -0.7458821 NaN NaN NaN
MixPars -1.35361373 NaN NaN NaN
MixPars -2.49694174 NaN NaN NaN
MixPars -1.47964157 NaN NaN NaN
MixPars -0.86818892 NaN NaN NaN
MixPars -1.5413167 NaN NaN NaN
MixPars -3.07774216 NaN NaN NaN
MixPars -1.26963031 NaN NaN NaN
MixPars -1.66859581 NaN NaN NaN
MixPars -1.49763253 NaN NaN NaN
MixPars -1.01978049 NaN NaN NaN
MixPars -1.05759805 NaN NaN NaN
MixPars 0.83550819 NaN NaN NaN
MixPars -2.51473482 NaN NaN NaN
AddV 0.10163467 NaN NaN NaN
AddV 0.02342822 NaN NaN NaN
AddV 0.86787906 NaN NaN NaN
log_SFsigma 0.191634 NaN NaN NaN

Mixing matrix
0.86744603 0.13255397 0 0 0 0 ,# Asia
0.03096993 0.25324354 0.13791258 0.53391344 0.04396052 0 ,# Hawaii
0.10405136 0.45692815 0.19177777 0.09782786 0.02104755 0.12836732 ,# MX_AR
0.04259071 0.22593155 0.05053163 0.08148766 0.07846354 0.52099491 ,# MX_ML
0 0 0 0 0.07483165 0.92516835 ,# Central_Am

Split of breeding stock to feeding grounds over time
Split for: Asia
Year RUS+WAL EAL+BER GOA SEA+NBC SBC+WA OR+CA
1970 0.86856 0.13144 0 0 0 0
1971 0.86918 0.13082 0 0 0 0
1972 0.8666 0.1334 0 0 0 0
1973 0.86682 0.13318 0 0 0 0
1974 0.86703 0.13297 0 0 0 0
1975 0.86721 0.13279 0 0 0 0
1976 0.86738 0.13262 0 0 0 0
1977 0.86754 0.13246 0 0 0 0
1978 0.8677 0.1323 0 0 0 0
1979 0.86787 0.13213 0 0 0 0
1980 0.86804 0.13196 0 0 0 0
1981 0.86821 0.13179 0 0 0 0
1982 0.86837 0.13163 0 0 0 0
1983 0.86852 0.13148 0 0 0 0
1984 0.86868 0.13132 0 0 0 0
1985 0.86883 0.13117 0 0 0 0
1986 0.86898 0.13102 0 0 0 0
1987 0.86913 0.13087 0 0 0 0
1988 0.86928 0.13072 0 0 0 0
1989 0.86942 0.13058 0 0 0 0
1990 0.86957 0.13043 0 0 0 0
1991 0.86971 0.13029 0 0 0 0
1992 0.86987 0.13013 0 0 0 0
1993 0.87004 0.12996 0 0 0 0
1994 0.87022 0.12978 0 0 0 0
1995 0.87041 0.12959 0 0 0 0
1996 0.87061 0.12939 0 0 0 0
1997 0.87082 0.12918 0 0 0 0
1998 0.8711 0.1289 0 0 0 0
1999 0.87138 0.12862 0 0 0 0
2000 0.87163 0.12837 0 0 0 0
2001 0.86706 0.13294 0 0 0 0
2002 0.86251 0.13749 0 0 0 0
2003 0.85789 0.14211 0 0 0 0
2004 0.85172 0.14828 0 0 0 0
2005 0.84435 0.15565 0 0 0 0
2006 0.84279 0.15721 0 0 0 0
2007 0.84222 0.15778 0 0 0 0
2008 0.8427 0.1573 0 0 0 0
2009 0.84356 0.15644 0 0 0 0
2010 0.84947 0.15053 0 0 0 0
2011 0.85041 0.14959 0 0 0 0
2012 0.85106 0.14894 0 0 0 0
2013 0.85324 0.14676 0 0 0 0
2014 0.85438 0.14562 0 0 0 0
2015 0.85661 0.14339 0 0 0 0
2016 0.87948 0.12052 0 0 0 0
2017 0.88651 0.11349 0 0 0 0
2018 0.91189 0.08811 0 0 0 0
2019 0.92751 0.07249 0 0 0 0
2020 0.92743 0.07257 0 0 0 0
2021 0.92686 0.07314 0 0 0 0
2022 0.92555 0.07445 0 0 0 0
2023 0.92442 0.07558 0 0 0 0
2024 0.92346 0.07654 0 0 0 0
Split for: Hawaii
Year RUS+WAL EAL+BER GOA SEA+NBC SBC+WA OR+CA
1970 0.03144 0.25459 0.13659 0.53284 0.04454 0
1971 0.03164 0.25485 0.1373 0.53145 0.04477 0
1972 0.03104 0.25572 0.13793 0.53035 0.04496 0
1973 0.03118 0.25636 0.13842 0.52893 0.04511 0
1974 0.03131 0.25698 0.13888 0.52758 0.04525 0
1975 0.03144 0.25759 0.13927 0.52631 0.04539 0
1976 0.03156 0.25821 0.13966 0.52509 0.04549 0
1977 0.03168 0.25882 0.14004 0.52387 0.04559 0
1978 0.0318 0.25943 0.14041 0.52267 0.04568 0
1979 0.03191 0.25998 0.14079 0.52153 0.04579 0
1980 0.03203 0.26055 0.14117 0.52036 0.04589 0
1981 0.03215 0.26114 0.14151 0.51923 0.04598 0
1982 0.03227 0.26175 0.14181 0.5181 0.04607 0
1983 0.03239 0.26235 0.1421 0.517 0.04617 0
1984 0.03251 0.26296 0.14236 0.51592 0.04625 0
1985 0.03262 0.26351 0.14258 0.51497 0.04632 0
1986 0.03274 0.26412 0.14279 0.51395 0.04642 0
1987 0.03287 0.26485 0.14306 0.51271 0.04652 0
1988 0.03299 0.26543 0.14324 0.51174 0.0466 0
1989 0.03308 0.26587 0.14332 0.51109 0.04665 0
1990 0.03318 0.26635 0.14343 0.51034 0.0467 0
1991 0.03329 0.26686 0.14354 0.50955 0.04676 0
1992 0.03341 0.26742 0.14368 0.50866 0.04683 0
1993 0.03351 0.26785 0.14373 0.50804 0.04687 0
1994 0.03363 0.26835 0.14383 0.50726 0.04693 0
1995 0.03374 0.26885 0.14391 0.50652 0.04699 0
1996 0.03388 0.26945 0.14403 0.50556 0.04707 0
1997 0.03402 0.27004 0.14411 0.50464 0.04719 0
1998 0.03417 0.27058 0.14423 0.50371 0.04731 0
1999 0.03434 0.27121 0.14436 0.50267 0.04742 0
2000 0.03449 0.2718 0.14441 0.50178 0.04753 0
2001 0.03414 0.28007 0.14552 0.4999 0.04037 0
2002 0.03331 0.28417 0.14415 0.49908 0.03929 0
2003 0.03244 0.28754 0.14202 0.49906 0.03894 0
2004 0.03187 0.29693 0.12289 0.50853 0.03977 0
2005 0.03048 0.3007 0.11489 0.51418 0.03976 0
2006 0.03086 0.30801 0.11741 0.50295 0.04078 0
2007 0.03069 0.30762 0.11772 0.50261 0.04137 0
2008 0.03155 0.31519 0.12178 0.48856 0.04292 0
2009 0.0312 0.3096 0.12071 0.49528 0.04321 0
2010 0.03183 0.30184 0.12285 0.49913 0.04435 0
2011 0.03167 0.29811 0.12214 0.50386 0.04423 0
2012 0.03283 0.30746 0.12551 0.48787 0.04633 0
2013 0.0329 0.3028 0.12059 0.49684 0.04687 0
2014 0.03654 0.33327 0.1272 0.45109 0.05188 2e-05
2015 0.04172 0.37368 0.12739 0.39848 0.05873 0
2016 0.04687 0.34371 0.12509 0.41931 0.06501 0
2017 0.05343 0.36601 0.13865 0.36879 0.07312 0
2018 0.06004 0.31042 0.15446 0.39362 0.08146 0
2019 0.06339 0.26513 0.16233 0.42289 0.08626 0
2020 0.06375 0.26692 0.16393 0.41906 0.08635 0
2021 0.06884 0.29067 0.17621 0.37098 0.0933 0
2022 0.0679 0.29225 0.17474 0.37331 0.0918 0
2023 0.06733 0.29456 0.17339 0.37458 0.09013 0
2024 0.06678 0.29618 0.17183 0.37614 0.08908 0
Split for: MX_AR
Year RUS+WAL EAL+BER GOA SEA+NBC SBC+WA OR+CA
1970 0.10582 0.46017 0.19027 0.0978 0.02136 0.12458
1971 0.1063 0.45978 0.1909 0.09737 0.02143 0.12421
1972 0.10428 0.46131 0.19177 0.09716 0.02152 0.12396
1973 0.10456 0.46164 0.1921 0.09672 0.02155 0.12342
1974 0.10485 0.46213 0.19248 0.09635 0.02159 0.1226
1975 0.10514 0.46266 0.19279 0.096 0.02163 0.12178
1976 0.10542 0.46322 0.19309 0.09566 0.02165 0.12095
1977 0.1057 0.46378 0.1934 0.09533 0.02168 0.12012
1978 0.10597 0.46436 0.1937 0.095 0.0217 0.11927
1979 0.10625 0.46488 0.19402 0.0947 0.02173 0.11842
1980 0.10654 0.46545 0.19436 0.0944 0.02175 0.1175
1981 0.10683 0.46605 0.19464 0.0941 0.02177 0.1166
1982 0.10713 0.46668 0.19486 0.09381 0.0218 0.11573
1983 0.10742 0.46729 0.19507 0.09351 0.02182 0.11488
1984 0.10769 0.46786 0.19521 0.09321 0.02183 0.11419
1985 0.10796 0.46839 0.19533 0.09296 0.02185 0.11351
1986 0.10823 0.46897 0.1954 0.09267 0.02187 0.11285
1987 0.10852 0.46958 0.19548 0.09231 0.02189 0.11222
1988 0.10879 0.47014 0.19553 0.09205 0.0219 0.11159
1989 0.10904 0.47062 0.19551 0.09187 0.02191 0.11105
1990 0.10927 0.47104 0.19549 0.09165 0.02191 0.11063
1991 0.10954 0.47156 0.19548 0.09144 0.02193 0.11006
1992 0.10982 0.47208 0.19548 0.09119 0.02194 0.1095
1993 0.11008 0.47254 0.19543 0.09102 0.02194 0.10899
1994 0.11036 0.47297 0.19537 0.09079 0.02195 0.10856
1995 0.11064 0.47339 0.19529 0.09057 0.02196 0.10816
1996 0.11093 0.4738 0.19519 0.09028 0.02196 0.10784
1997 0.11123 0.4742 0.19504 0.08999 0.02199 0.10756
1998 0.11158 0.47448 0.19492 0.0897 0.02202 0.10731
1999 0.11193 0.47482 0.19479 0.08937 0.02203 0.10706
2000 0.11225 0.47509 0.19453 0.08907 0.02205 0.10702
2001 0.10971 0.48336 0.19356 0.08761 0.01849 0.10727
2002 0.10677 0.48909 0.19121 0.08723 0.01794 0.10776
2003 0.10384 0.49431 0.18816 0.08712 0.01777 0.1088
2004 0.10253 0.51295 0.16361 0.08921 0.01823 0.11347
2005 0.09864 0.52258 0.15388 0.09074 0.01833 0.11582
2006 0.09812 0.52597 0.15452 0.08722 0.01848 0.11569
2007 0.09924 0.53427 0.15757 0.08865 0.01907 0.10121
2008 0.1 0.53642 0.15973 0.08444 0.01939 0.10004
2009 0.10014 0.53366 0.16036 0.08669 0.01976 0.09939
2010 0.10269 0.52293 0.16403 0.08781 0.02039 0.10214
2011 0.10284 0.51987 0.16416 0.08923 0.02047 0.10343
2012 0.10382 0.52216 0.16428 0.08414 0.02088 0.10473
2013 0.105 0.51904 0.15931 0.08648 0.02132 0.10884
2014 0.10768 0.52742 0.15514 0.07249 0.02179 0.11548
2015 0.1124 0.5407 0.14206 0.05855 0.02255 0.12374
2016 0.12745 0.50187 0.14077 0.06217 0.02519 0.14254
2017 0.13367 0.49178 0.14358 0.05032 0.02607 0.15458
2018 0.15219 0.42259 0.16205 0.05442 0.02942 0.17933
2019 0.16493 0.37044 0.1748 0.06 0.03198 0.19784
2020 0.1645 0.3699 0.17508 0.05897 0.03175 0.19979
2021 0.16518 0.37457 0.175 0.04855 0.0319 0.20479
2022 0.16419 0.37955 0.1749 0.04923 0.03164 0.20049
2023 0.16323 0.38348 0.17397 0.04952 0.03114 0.19866
2024 0.16176 0.38531 0.17228 0.04969 0.03075 0.20021
Split for: MX_ML
Year RUS+WAL EAL+BER GOA SEA+NBC SBC+WA OR+CA
1970 0.04385 0.23037 0.05076 0.08248 0.08063 0.51191
1971 0.04412 0.23051 0.051 0.08223 0.081 0.51114
1972 0.04331 0.23144 0.05127 0.08211 0.0814 0.51047
1973 0.04351 0.23208 0.05147 0.08192 0.0817 0.50932
1974 0.04377 0.23306 0.05173 0.08185 0.0821 0.50749
1975 0.04403 0.23404 0.05197 0.08181 0.08251 0.50565
1976 0.04429 0.23507 0.05222 0.08178 0.08285 0.50381
1977 0.04455 0.23611 0.05247 0.08175 0.0832 0.50193
1978 0.04481 0.23717 0.05272 0.08174 0.08355 0.50001
1979 0.04507 0.23821 0.05298 0.08175 0.08393 0.49807
1980 0.04535 0.23934 0.05326 0.08178 0.08434 0.49593
1981 0.04564 0.24049 0.05352 0.0818 0.08471 0.49385
1982 0.04592 0.24162 0.05376 0.08182 0.08508 0.49181
1983 0.04619 0.24272 0.054 0.08183 0.08545 0.48981
1984 0.04643 0.24368 0.05418 0.08179 0.08574 0.48819
1985 0.04667 0.24461 0.05436 0.08178 0.08603 0.48655
1986 0.04691 0.24554 0.05452 0.08174 0.08633 0.48497
1987 0.04715 0.24647 0.05468 0.08162 0.08661 0.48347
1988 0.04739 0.24737 0.05482 0.08159 0.08689 0.48194
1989 0.04759 0.24814 0.05493 0.0816 0.0871 0.48062
1990 0.04778 0.24878 0.05502 0.08155 0.08726 0.47961
1991 0.048 0.24962 0.05514 0.08154 0.0875 0.4782
1992 0.04823 0.25045 0.05527 0.0815 0.08774 0.47682
1993 0.04844 0.2512 0.05536 0.08151 0.08794 0.47555
1994 0.04865 0.25185 0.05544 0.08144 0.08812 0.4745
1995 0.04885 0.25248 0.0555 0.08138 0.08829 0.4735
1996 0.04904 0.25303 0.05555 0.08122 0.08844 0.47272
1997 0.04923 0.25352 0.05557 0.08105 0.08864 0.472
1998 0.04943 0.25392 0.05559 0.08087 0.08883 0.47137
1999 0.04964 0.25436 0.05561 0.08065 0.08897 0.47077
2000 0.04979 0.25455 0.05554 0.08039 0.08905 0.47067
2001 0.04923 0.26201 0.05591 0.08001 0.07555 0.47729
2002 0.04788 0.26493 0.0552 0.0796 0.07328 0.47912
2003 0.04636 0.26657 0.05407 0.07915 0.07223 0.48162
2004 0.04457 0.26938 0.04579 0.07892 0.07219 0.48915
2005 0.04235 0.27104 0.04253 0.07929 0.07169 0.49309
2006 0.04219 0.27318 0.04277 0.07631 0.07235 0.4932
2007 0.04503 0.29287 0.04603 0.08186 0.0788 0.4554
2008 0.04564 0.29573 0.04693 0.07842 0.08058 0.45271
2009 0.04573 0.29437 0.04714 0.08056 0.08219 0.45002
2010 0.04632 0.28491 0.04762 0.0806 0.08374 0.4568
2011 0.04612 0.28161 0.04739 0.08142 0.08358 0.45988
2012 0.04635 0.28157 0.04721 0.07643 0.08488 0.46356
2013 0.04598 0.27453 0.0449 0.07706 0.08501 0.47252
2014 0.0461 0.27278 0.04276 0.06316 0.08495 0.49025
2015 0.04667 0.2712 0.03797 0.04947 0.08527 0.50942
2016 0.04914 0.23375 0.03494 0.04878 0.08845 0.54494
2017 0.04964 0.22062 0.03433 0.03803 0.08818 0.5692
2018 0.05205 0.1746 0.03568 0.03787 0.09166 0.60814
2019 0.05321 0.14435 0.0363 0.03939 0.09396 0.6328
2020 0.05282 0.14348 0.03619 0.03854 0.09287 0.6361
2021 0.05244 0.14363 0.03576 0.03136 0.09224 0.64457
2022 0.05277 0.14735 0.03618 0.0322 0.0926 0.63889
2023 0.05278 0.14979 0.03621 0.03259 0.0917 0.63693
2024 0.05211 0.14993 0.03572 0.03257 0.09022 0.63944
Split for: Central_Am
Year RUS+WAL EAL+BER GOA SEA+NBC SBC+WA OR+CA
1970 0 0 0 0 0.07799 0.92201
1971 0 0 0 0 0.07844 0.92156
1972 0 0 0 0 0.07889 0.92111
1973 0 0 0 0 0.07931 0.92069
1974 0 0 0 0 0.07994 0.92006
1975 0 0 0 0 0.08057 0.91943
1976 0 0 0 0 0.08115 0.91885
1977 0 0 0 0 0.08174 0.91826
1978 0 0 0 0 0.08236 0.91764
1979 0 0 0 0 0.08299 0.91701
1980 0 0 0 0 0.08369 0.91631
1981 0 0 0 0 0.08435 0.91565
1982 0 0 0 0 0.08501 0.91499
1983 0 0 0 0 0.08567 0.91433
1984 0 0 0 0 0.08619 0.91381
1985 0 0 0 0 0.08672 0.91328
1986 0 0 0 0 0.08726 0.91274
1987 0 0 0 0 0.08777 0.91223
1988 0 0 0 0 0.08828 0.91172
1989 0 0 0 0 0.0887 0.9113
1990 0 0 0 0 0.08902 0.91098
1991 0 0 0 0 0.08948 0.91052
1992 0 0 0 0 0.08994 0.91006
1993 0 0 0 0 0.09035 0.90965
1994 0 0 0 0 0.09069 0.90931
1995 0 0 0 0 0.09102 0.90898
1996 0 0 0 0 0.0913 0.9087
1997 0 0 0 0 0.09162 0.90838
1998 0 0 0 0 0.09191 0.90809
1999 0 0 0 0 0.09215 0.90785
2000 0 0 0 0 0.09224 0.90776
2001 0 0 0 0 0.07835 0.92165
2002 0 0 0 0 0.07591 0.92409
2003 0 0 0 0 0.07454 0.92546
2004 0 0 0 0 0.07344 0.92656
2005 0 0 0 0 0.07243 0.92757
2006 0 0 0 0 0.07303 0.92697
2007 0 0 0 0 0.08503 0.91497
2008 0 0 0 0 0.08725 0.91275
2009 0 0 0 0 0.08932 0.91068
2010 0 0 0 0 0.08963 0.91037
2011 0 0 0 0 0.08893 0.91107
2012 0 0 0 0 0.08954 0.91046
2013 0 0 0 0 0.08811 0.91189
2014 0 0 0 0 0.08514 0.91486
2015 0 0 0 0 0.08249 0.91751
2016 0 0 0 0 0.08019 0.91981
2017 0 0 0 0 0.07681 0.92319
2018 0 0 0 0 0.07489 0.92511
2019 0 0 0 0 0.07386 0.92614
2020 0 0 0 0 0.07271 0.92729
2021 0 0 0 0 0.07137 0.92863
2022 0 0 0 0 0.07222 0.92778
2023 0 0 0 0 0.07177 0.92823
2024 0 0 0 0 0.07044 0.92956

Difference in mortality over time
Difference for: Asia
Year RUS+WAL EAL+BER GOA SEA+NBC SBC+WA OR+CA
1970 0 0 0 0 0 0
1971 0 0 0 0 0 0
1972 0 0 0 0 0 0
1973 0 0 0 0 0 0
1974 0 0 0 0 0 0
1975 0 0 0 0 0 0
1976 0 0 0 0 0 0
1977 0 0 0 0 0 0
1978 0 0 0 0 0 0
1979 0 0 0 0 0 0
1980 0 0 0 0 0 0
1981 0 0 0 0 0 0
1982 0 0 0 0 0 0
1983 0 0 0 0 0 0
1984 0 0 0 0 0 0
1985 0 0 0 0 0 0
1986 0 0 0 0 0 0
1987 0 0 0 0 0 0
1988 0 0 0 0 0 0
1989 0 0 0 0 0 0
1990 0 0 0 0 0 0
1991 0 0 0 0 0 0
1992 0 0 0 0 0 0
1993 0 0 0 0 0 0
1994 0 0 0 0 0 0
1995 0 0 0 0 0 0
1996 0 0 0 0 0 0
1997 0 0 0 0 0 0
1998 0 0 0 0 0 0
1999 0 0 0 0 0 0
2000 -8 3 0 0 0 0
2001 -9 3 0 0 0 0
2002 -10 3 0 0 0 0
2003 -23 3 0 0 0 0
2004 -33 3 0 0 0 0
2005 -1 3 0 0 0 0
2006 -2 3 0 0 0 0
2007 -5 1 0 0 0 0
2008 -7 0 0 0 0 0
2009 -10 -8 0 0 0 0
2010 -5 0 0 0 0 0
2011 -5 0 0 0 0 0
2012 -9 -3 0 0 0 0
2013 -7 -1 0 0 0 0
2014 -8 -3 0 0 0 0
2015 -15 -50 0 0 0 0
2016 -19 -17 0 0 0 0
2017 -19 -61 0 0 0 0
2018 -17 -37 0 0 0 0
2019 -10 -3 0 0 0 0
2020 -6 -2 0 0 0 0
2021 0 0 0 0 0 0
2022 0 0 0 0 0 0
2023 0 0 0 0 0 0
Difference for: Hawaii
Year RUS+WAL EAL+BER GOA SEA+NBC SBC+WA OR+CA
1970 0 0 0 0 0 0
1971 0 0 0 0 0 0
1972 0 0 0 0 0 0
1973 0 0 0 0 0 0
1974 0 0 0 0 0 0
1975 0 0 0 0 0 0
1976 0 0 0 0 0 0
1977 0 0 0 0 0 0
1978 0 0 0 0 0 0
1979 0 0 0 0 0 0
1980 0 0 0 0 0 0
1981 0 0 0 0 0 0
1982 0 0 0 0 0 0
1983 0 0 0 0 0 0
1984 0 0 0 0 0 0
1985 0 0 0 0 0 0
1986 0 0 0 0 0 0
1987 0 0 0 0 0 0
1988 0 0 0 0 0 0
1989 0 0 0 0 0 0
1990 0 0 0 0 0 0
1991 0 0 0 0 0 0
1992 0 0 0 0 0 0
1993 0 0 0 0 0 0
1994 0 0 0 0 0 0
1995 0 0 0 0 0 0
1996 0 0 0 0 0 0
1997 0 0 0 0 0 0
1998 0 0 0 0 0 0
1999 0 0 0 0 0 0
2000 -3 58 10 3 -59 0
2001 -3 65 9 63 -4 0
2002 -4 73 5 90 1 0
2003 -9 72 -210 76 3 0
2004 -13 75 -73 131 3 0
2005 0 75 13 -115 7 0
2006 -1 57 15 94 9 0
2007 -2 22 9 -299 9 0
2008 -3 7 4 191 8 0
2009 -4 -183 -11 -36 6 0
2010 -2 -7 3 173 7 0
2011 -2 2 -9 -480 7 0
2012 -4 -77 -78 155 4 0
2013 -3 -32 -98 -1730 -2 0
2014 -4 -75 -283 -1957 -6 0
2015 -7 -1192 -294 -491 -17 0
2016 -9 -407 -88 -1742 -18 0
2017 -8 -1489 -55 -371 -5 0
2018 -8 -911 -44 -55 -3 0
2019 -4 -85 -22 -194 2 0
2020 -3 -58 -28 -1191 5 0
2021 0 0 0 0 4 0
2022 0 0 0 0 1 0
2023 0 0 0 0 0 0
Difference for: MX_AR
Year RUS+WAL EAL+BER GOA SEA+NBC SBC+WA OR+CA
1970 0 0 0 0 0 0
1971 0 0 0 0 0 0
1972 0 0 0 0 0 0
1973 0 0 0 0 0 0
1974 0 0 0 0 0 0
1975 0 0 0 0 0 0
1976 0 0 0 0 0 0
1977 0 0 0 0 0 0
1978 0 0 0 0 0 0
1979 0 0 0 0 0 0
1980 0 0 0 0 0 0
1981 0 0 0 0 0 0
1982 0 0 0 0 0 0
1983 0 0 0 0 0 0
1984 0 0 0 0 0 0
1985 0 0 0 0 0 0
1986 0 0 0 0 0 0
1987 0 0 0 0 0 0
1988 0 0 0 0 0 0
1989 0 0 0 0 0 0
1990 0 0 0 0 0 0
1991 0 0 0 0 0 0
1992 0 0 0 0 0 0
1993 0 0 0 0 0 0
1994 0 0 0 0 0 0
1995 0 0 0 0 0 0
1996 0 0 0 0 0 0
1997 0 0 0 0 0 0
1998 0 0 0 0 0 0
1999 0 0 0 0 0 0
2000 -2 16 2 0 -4 2
2001 -2 18 2 2 0 3
2002 -2 20 1 3 0 4
2003 -5 20 -46 2 0 5
2004 -7 21 -16 4 0 4
2005 0 21 3 -3 1 2
2006 0 16 3 3 1 -32
2007 -1 6 2 -9 1 -5
2008 -1 2 1 5 1 -4
2009 -2 -51 -2 -1 0 -2
2010 -1 -2 1 5 1 0
2011 -1 0 -2 -14 1 -3
2012 -2 -22 -17 4 0 2
2013 -2 -9 -21 -49 0 8
2014 -2 -21 -61 -56 0 10
2015 -4 -335 -64 -14 -1 12
2016 -5 -114 -19 -50 -1 10
2017 -4 -418 -12 -11 0 9
2018 -4 -256 -10 -2 0 5
2019 -2 -24 -5 -6 0 2
2020 -1 -16 -6 -34 0 10
2021 0 0 0 0 0 -9
2022 0 0 0 0 0 -5
2023 0 0 0 0 0 0
Difference for: MX_ML
Year RUS+WAL EAL+BER GOA SEA+NBC SBC+WA OR+CA
1970 0 0 0 0 0 0
1971 0 0 0 0 0 0
1972 0 0 0 0 0 0
1973 0 0 0 0 0 0
1974 0 0 0 0 0 0
1975 0 0 0 0 0 0
1976 0 0 0 0 0 0
1977 0 0 0 0 0 0
1978 0 0 0 0 0 0
1979 0 0 0 0 0 0
1980 0 0 0 0 0 0
1981 0 0 0 0 0 0
1982 0 0 0 0 0 0
1983 0 0 0 0 0 0
1984 0 0 0 0 0 0
1985 0 0 0 0 0 0
1986 0 0 0 0 0 0
1987 0 0 0 0 0 0
1988 0 0 0 0 0 0
1989 0 0 0 0 0 0
1990 0 0 0 0 0 0
1991 0 0 0 0 0 0
1992 0 0 0 0 0 0
1993 0 0 0 0 0 0
1994 0 0 0 0 0 0
1995 0 0 0 0 0 0
1996 0 0 0 0 0 0
1997 0 0 0 0 0 0
1998 0 0 0 0 0 0
1999 0 0 0 0 0 0
2000 -1 11 1 0 -23 11
2001 -1 12 1 2 -2 16
2002 -1 14 0 3 0 23
2003 -3 14 -16 2 1 25
2004 -4 14 -6 4 1 23
2005 0 14 1 -4 3 12
2006 0 11 1 3 3 -178
2007 -1 4 1 -10 3 -26
2008 -1 1 0 6 3 -20
2009 -1 -34 -1 -1 2 -9
2010 -1 -1 0 6 3 0
2011 -1 0 -1 -15 3 -15
2012 -1 -14 -6 5 1 11
2013 -1 -6 -7 -55 -1 41
2014 -1 -14 -21 -62 -2 57
2015 -2 -220 -22 -16 -6 63
2016 -2 -75 -7 -55 -7 53
2017 -2 -273 -4 -12 -2 50
2018 -2 -167 -3 -2 -1 29
2019 -1 -15 -2 -6 1 12
2020 -1 -11 -2 -37 2 52
2021 0 0 0 0 2 -49
2022 0 0 0 0 0 -25
2023 0 0 0 0 0 0
Difference for: Central_Am
Year RUS+WAL EAL+BER GOA SEA+NBC SBC+WA OR+CA
1970 0 0 0 0 0 0
1971 0 0 0 0 0 0
1972 0 0 0 0 0 0
1973 0 0 0 0 0 0
1974 0 0 0 0 0 0
1975 0 0 0 0 0 0
1976 0 0 0 0 0 0
1977 0 0 0 0 0 0
1978 0 0 0 0 0 0
1979 0 0 0 0 0 0
1980 0 0 0 0 0 0
1981 0 0 0 0 0 0
1982 0 0 0 0 0 0
1983 0 0 0 0 0 0
1984 0 0 0 0 0 0
1985 0 0 0 0 0 0
1986 0 0 0 0 0 0
1987 0 0 0 0 0 0
1988 0 0 0 0 0 0
1989 0 0 0 0 0 0
1990 0 0 0 0 0 0
1991 0 0 0 0 0 0
1992 0 0 0 0 0 0
1993 0 0 0 0 0 0
1994 0 0 0 0 0 0
1995 0 0 0 0 0 0
1996 0 0 0 0 0 0
1997 0 0 0 0 0 0
1998 0 0 0 0 0 0
1999 0 0 0 0 0 0
2000 0 0 0 0 -5 5
2001 0 0 0 0 0 7
2002 0 0 0 0 0 9
2003 0 0 0 0 0 10
2004 0 0 0 0 0 10
2005 0 0 0 0 1 5
2006 0 0 0 0 1 -74
2007 0 0 0 0 1 -11
2008 0 0 0 0 1 -8
2009 0 0 0 0 0 -4
2010 0 0 0 0 1 0
2011 0 0 0 0 1 -6
2012 0 0 0 0 0 4
2013 0 0 0 0 0 17
2014 0 0 0 0 0 23
2015 0 0 0 0 -1 26
2016 0 0 0 0 -1 22
2017 0 0 0 0 0 21
2018 0 0 0 0 0 12
2019 0 0 0 0 0 5
2020 0 0 0 0 0 22
2021 0 0 0 0 0 -20
2022 0 0 0 0 0 -10
2023 0 0 0 0 0 0

Total survival over time
Values for breeding stock: Asia
Year RUS+WAL EAL+BER GOA SEA+NBC SBC+WA OR+CA
1970 0.997 0.987 0 0 0 0
1971 1.277 1.271 0 0 0 0
1972 1.187 1.214 0 0 0 0
1973 1.175 1.173 0 0 0 0
1974 1.146 1.144 0 0 0 0
1975 1.125 1.124 0 0 0 0
1976 1.109 1.107 0 0 0 0
1977 1.095 1.094 0 0 0 0
1978 1.085 1.083 0 0 0 0
1979 1.076 1.074 0 0 0 0
1980 1.067 1.066 0 0 0 0
1981 1.087 1.085 0 0 0 0
1982 1.1 1.099 0 0 0 0
1983 1.108 1.107 0 0 0 0
1984 1.113 1.111 0 0 0 0
1985 1.114 1.112 0 0 0 0
1986 1.113 1.112 0 0 0 0
1987 1.11 1.109 0 0 0 0
1988 1.107 1.105 0 0 0 0
1989 1.103 1.101 0 0 0 0
1990 1.098 1.096 0 0 0 0
1991 1.096 1.095 0 0 0 0
1992 1.096 1.094 0 0 0 0
1993 1.097 1.095 0 0 0 0
1994 1.098 1.096 0 0 0 0
1995 1.099 1.097 0 0 0 0
1996 1.1 1.097 0 0 0 0
1997 1.1 1.098 0 0 0 0
1998 1.1 1.096 0 0 0 0
1999 1.099 1.096 0 0 0 0
2000 1.086 1.12 0 0 0 0
2001 1.087 1.114 0 0 0 0
2002 1.085 1.11 0 0 0 0
2003 1.069 1.105 0 0 0 0
2004 1.061 1.101 0 0 0 0
2005 1.099 1.096 0 0 0 0
2006 1.093 1.088 0 0 0 0
2007 1.089 1.078 0 0 0 0
2008 1.087 1.073 0 0 0 0
2009 1.083 1.034 0 0 0 0
2010 1.086 1.075 0 0 0 0
2011 1.084 1.074 0 0 0 0
2012 1.079 1.059 0 0 0 0
2013 1.072 1.061 0 0 0 0
2014 1.085 1.067 0 0 0 0
2015 1.044 0.864 0 0 0 0
2016 1.072 1.022 0 0 0 0
2017 1.072 0.821 0 0 0 0
2018 1.071 0.918 0 0 0 0
2019 1.079 1.129 0 0 0 0
2020 1.069 1.096 0 0 0 0
2021 1.069 1.102 0 0 0 0
2022 1.066 1.091 0 0 0 0
2023 1.063 1.084 0 0 0 0
Values for breeding stock: Hawaii
Year RUS+WAL EAL+BER GOA SEA+NBC SBC+WA OR+CA
1970 1.008 0.998 0.983 0.991 1.006 0
1971 1.289 1.282 1.287 1.277 1.287 0
1972 1.197 1.224 1.225 1.217 1.225 0
1973 1.185 1.183 1.184 1.176 1.184 0
1974 1.155 1.153 1.154 1.148 1.154 0
1975 1.134 1.132 1.132 1.126 1.133 0
1976 1.117 1.115 1.116 1.11 1.115 0
1977 1.104 1.102 1.102 1.097 1.102 0
1978 1.093 1.091 1.092 1.086 1.091 0
1979 1.084 1.082 1.083 1.077 1.082 0
1980 1.076 1.075 1.075 1.07 1.075 0
1981 1.096 1.094 1.094 1.089 1.093 0
1982 1.109 1.107 1.107 1.102 1.107 0
1983 1.117 1.116 1.116 1.111 1.116 0
1984 1.122 1.12 1.119 1.115 1.119 0
1985 1.123 1.121 1.12 1.117 1.121 0
1986 1.121 1.12 1.119 1.115 1.12 0
1987 1.119 1.117 1.116 1.111 1.117 0
1988 1.115 1.113 1.112 1.109 1.113 0
1989 1.111 1.109 1.108 1.106 1.109 0
1990 1.106 1.104 1.103 1.101 1.104 0
1991 1.104 1.103 1.101 1.099 1.102 0
1992 1.104 1.102 1.101 1.098 1.102 0
1993 1.105 1.103 1.102 1.1 1.102 0
1994 1.106 1.104 1.102 1.1 1.103 0
1995 1.107 1.105 1.103 1.101 1.104 0
1996 1.108 1.105 1.104 1.101 1.105 0
1997 1.108 1.105 1.104 1.101 1.106 0
1998 1.107 1.104 1.103 1.1 1.105 0
1999 1.107 1.104 1.102 1.098 1.104 0
2000 1.094 1.128 1.109 1.099 0.95 0
2001 1.094 1.122 1.103 1.11 1.118 0
2002 1.093 1.119 1.098 1.111 1.111 0
2003 1.077 1.113 0.953 1.102 1.11 0
2004 1.069 1.109 1.063 1.108 1.107 0
2005 1.108 1.104 1.118 1.064 1.11 0
2006 1.101 1.096 1.109 1.1 1.109 0
2007 1.098 1.086 1.099 1.04 1.111 0
2008 1.095 1.082 1.095 1.115 1.094 0
2009 1.092 1.043 1.085 1.075 1.102 0
2010 1.095 1.083 1.093 1.098 1.09 0
2011 1.093 1.083 1.083 1.022 1.087 0
2012 1.088 1.067 1.05 1.101 1.091 0
2013 1.088 1.076 1.041 0.897 1.084 0
2014 1.084 1.067 0.963 0.862 1.075 0
2015 1.08 0.893 0.964 1.053 1.063 0
2016 1.078 1.028 1.071 0.852 1.066 0
2017 1.078 0.825 1.082 1.086 1.077 0
2018 1.078 0.925 1.084 1.12 1.067 0
2019 1.08 1.131 1.09 1.08 1.081 0
2020 1.08 1.108 1.085 0.913 1.073 0
2021 1.081 1.114 1.091 1.138 1.074 0
2022 1.078 1.104 1.085 1.109 1.071 0
2023 1.075 1.097 1.077 1.093 1.063 0
Values for breeding stock: MX_AR
Year RUS+WAL EAL+BER GOA SEA+NBC SBC+WA OR+CA
1970 1.008 0.998 0.983 0.991 1.006 0.962
1971 1.289 1.282 1.287 1.277 1.287 1.279
1972 1.197 1.224 1.225 1.217 1.225 1.217
1973 1.185 1.183 1.184 1.176 1.184 1.177
1974 1.156 1.154 1.155 1.148 1.154 1.145
1975 1.134 1.132 1.132 1.126 1.133 1.123
1976 1.117 1.115 1.116 1.11 1.115 1.107
1977 1.104 1.102 1.102 1.097 1.102 1.093
1978 1.093 1.091 1.092 1.086 1.091 1.082
1979 1.084 1.082 1.083 1.077 1.082 1.073
1980 1.076 1.075 1.075 1.07 1.075 1.065
1981 1.096 1.094 1.094 1.089 1.094 1.084
1982 1.109 1.107 1.107 1.102 1.107 1.098
1983 1.117 1.116 1.116 1.111 1.116 1.107
1984 1.122 1.12 1.119 1.115 1.12 1.112
1985 1.123 1.121 1.12 1.117 1.121 1.113
1986 1.121 1.12 1.119 1.115 1.12 1.112
1987 1.119 1.117 1.116 1.111 1.117 1.11
1988 1.115 1.113 1.112 1.109 1.113 1.106
1989 1.111 1.109 1.108 1.106 1.109 1.103
1990 1.106 1.104 1.103 1.101 1.104 1.1
1991 1.104 1.103 1.101 1.099 1.102 1.096
1992 1.104 1.102 1.101 1.098 1.102 1.096
1993 1.105 1.103 1.102 1.1 1.103 1.097
1994 1.106 1.104 1.102 1.1 1.104 1.099
1995 1.107 1.105 1.103 1.101 1.104 1.101
1996 1.108 1.105 1.104 1.101 1.105 1.102
1997 1.108 1.106 1.104 1.101 1.106 1.103
1998 1.108 1.104 1.103 1.1 1.105 1.102
1999 1.107 1.104 1.102 1.098 1.104 1.101
2000 1.094 1.128 1.109 1.099 0.95 1.117
2001 1.094 1.122 1.103 1.11 1.118 1.117
2002 1.093 1.119 1.098 1.111 1.111 1.12
2003 1.077 1.113 0.953 1.102 1.11 1.117
2004 1.069 1.109 1.063 1.108 1.107 1.113
2005 1.108 1.104 1.118 1.064 1.11 1.1
2006 1.101 1.096 1.109 1.1 1.109 0.961
2007 1.098 1.086 1.099 1.04 1.111 1.098
2008 1.095 1.082 1.095 1.115 1.094 1.092
2009 1.092 1.043 1.085 1.075 1.102 1.1
2010 1.095 1.083 1.093 1.098 1.09 1.1
2011 1.093 1.083 1.083 1.022 1.087 1.096
2012 1.088 1.067 1.05 1.101 1.091 1.114
2013 1.088 1.076 1.041 0.897 1.084 1.129
2014 1.085 1.067 0.963 0.862 1.075 1.118
2015 1.08 0.893 0.964 1.053 1.063 1.099
2016 1.078 1.028 1.072 0.852 1.066 1.076
2017 1.078 0.825 1.082 1.086 1.077 1.096
2018 1.078 0.925 1.084 1.12 1.067 1.076
2019 1.08 1.131 1.09 1.08 1.081 1.082
2020 1.08 1.108 1.085 0.913 1.073 1.101
2021 1.081 1.114 1.091 1.138 1.074 1.062
2022 1.078 1.104 1.086 1.109 1.071 1.076
2023 1.075 1.097 1.077 1.093 1.063 1.083
Values for breeding stock: MX_ML
Year RUS+WAL EAL+BER GOA SEA+NBC SBC+WA OR+CA
1970 1.002 0.992 0.977 0.985 0.999 0.956
1971 1.281 1.274 1.28 1.27 1.28 1.272
1972 1.19 1.217 1.219 1.21 1.218 1.211
1973 1.179 1.177 1.178 1.171 1.178 1.171
1974 1.15 1.148 1.149 1.142 1.149 1.14
1975 1.129 1.127 1.127 1.121 1.128 1.118
1976 1.112 1.11 1.111 1.105 1.11 1.102
1977 1.099 1.097 1.098 1.092 1.097 1.089
1978 1.088 1.087 1.087 1.082 1.087 1.078
1979 1.079 1.078 1.078 1.073 1.078 1.069
1980 1.072 1.07 1.071 1.065 1.07 1.061
1981 1.091 1.089 1.089 1.084 1.089 1.08
1982 1.105 1.103 1.103 1.098 1.103 1.093
1983 1.113 1.111 1.111 1.106 1.111 1.102
1984 1.117 1.116 1.115 1.111 1.115 1.108
1985 1.118 1.117 1.116 1.112 1.116 1.109
1986 1.117 1.116 1.115 1.111 1.116 1.108
1987 1.115 1.113 1.112 1.107 1.113 1.106
1988 1.111 1.109 1.108 1.105 1.109 1.102
1989 1.107 1.105 1.104 1.102 1.105 1.099
1990 1.102 1.101 1.1 1.097 1.1 1.096
1991 1.101 1.099 1.098 1.095 1.098 1.093
1992 1.1 1.099 1.097 1.094 1.098 1.092
1993 1.101 1.099 1.098 1.096 1.099 1.094
1994 1.102 1.1 1.099 1.097 1.1 1.096
1995 1.104 1.101 1.1 1.098 1.101 1.097
1996 1.104 1.102 1.1 1.097 1.102 1.099
1997 1.105 1.102 1.1 1.098 1.103 1.099
1998 1.104 1.101 1.1 1.097 1.102 1.099
1999 1.103 1.1 1.099 1.095 1.101 1.098
2000 1.091 1.125 1.106 1.095 0.948 1.113
2001 1.091 1.119 1.1 1.107 1.115 1.114
2002 1.09 1.116 1.096 1.108 1.108 1.117
2003 1.075 1.11 0.951 1.1 1.108 1.115
2004 1.066 1.106 1.06 1.105 1.104 1.11
2005 1.105 1.101 1.115 1.061 1.107 1.097
2006 1.099 1.094 1.106 1.098 1.107 0.959
2007 1.095 1.083 1.096 1.037 1.109 1.096
2008 1.093 1.079 1.092 1.112 1.092 1.09
2009 1.089 1.04 1.082 1.072 1.099 1.097
2010 1.092 1.081 1.09 1.095 1.087 1.097
2011 1.09 1.08 1.08 1.019 1.084 1.093
2012 1.085 1.065 1.047 1.098 1.088 1.111
2013 1.085 1.073 1.039 0.895 1.082 1.126
2014 1.082 1.064 0.961 0.86 1.072 1.115
2015 1.077 0.891 0.961 1.05 1.06 1.096
2016 1.075 1.025 1.068 0.85 1.063 1.073
2017 1.075 0.823 1.079 1.084 1.074 1.093
2018 1.075 0.923 1.081 1.117 1.064 1.074
2019 1.078 1.129 1.087 1.077 1.078 1.079
2020 1.076 1.104 1.08 0.91 1.069 1.097
2021 1.079 1.112 1.088 1.136 1.072 1.06
2022 1.076 1.102 1.084 1.107 1.07 1.074
2023 1.072 1.094 1.074 1.09 1.06 1.08
Values for breeding stock: Central_Am
Year RUS+WAL EAL+BER GOA SEA+NBC SBC+WA OR+CA
1970 0 0 0 0 0.999 0.955
1971 0 0 0 0 1.279 1.271
1972 0 0 0 0 1.218 1.211
1973 0 0 0 0 1.176 1.17
1974 0 0 0 0 1.148 1.138
1975 0 0 0 0 1.127 1.117
1976 0 0 0 0 1.11 1.101
1977 0 0 0 0 1.097 1.088
1978 0 0 0 0 1.085 1.077
1979 0 0 0 0 1.077 1.068
1980 0 0 0 0 1.07 1.06
1981 0 0 0 0 1.088 1.079
1982 0 0 0 0 1.101 1.092
1983 0 0 0 0 1.11 1.101
1984 0 0 0 0 1.115 1.107
1985 0 0 0 0 1.115 1.108
1986 0 0 0 0 1.115 1.107
1987 0 0 0 0 1.112 1.105
1988 0 0 0 0 1.108 1.101
1989 0 0 0 0 1.104 1.099
1990 0 0 0 0 1.1 1.096
1991 0 0 0 0 1.098 1.092
1992 0 0 0 0 1.098 1.092
1993 0 0 0 0 1.098 1.093
1994 0 0 0 0 1.1 1.095
1995 0 0 0 0 1.1 1.096
1996 0 0 0 0 1.101 1.098
1997 0 0 0 0 1.102 1.099
1998 0 0 0 0 1.102 1.099
1999 0 0 0 0 1.1 1.098
2000 0 0 0 0 0.947 1.113
2001 0 0 0 0 1.115 1.113
2002 0 0 0 0 1.108 1.117
2003 0 0 0 0 1.107 1.114
2004 0 0 0 0 1.104 1.109
2005 0 0 0 0 1.107 1.097
2006 0 0 0 0 1.106 0.958
2007 0 0 0 0 1.108 1.095
2008 0 0 0 0 1.091 1.089
2009 0 0 0 0 1.099 1.097
2010 0 0 0 0 1.087 1.097
2011 0 0 0 0 1.084 1.093
2012 0 0 0 0 1.088 1.111
2013 0 0 0 0 1.081 1.126
2014 0 0 0 0 1.072 1.115
2015 0 0 0 0 1.061 1.097
2016 0 0 0 0 1.064 1.073
2017 0 0 0 0 1.074 1.094
2018 0 0 0 0 1.064 1.074
2019 0 0 0 0 1.08 1.08
2020 0 0 0 0 1.07 1.098
2021 0 0 0 0 1.072 1.059
2022 0 0 0 0 1.069 1.073
2023 0 0 0 0 1.06 1.081

Numbers over time by herd
Values for breeding stock: Asia
Year RUS+WAL EAL+BER GOA SEA+NBC SBC+WA OR+CA
1970 70 11 0 0 0 0
1971 89 13 0 0 0 0
1972 101 16 0 0 0 0
1973 115 18 0 0 0 0
1974 127 20 0 0 0 0
1975 139 21 0 0 0 0
1976 150 23 0 0 0 0
1977 161 25 0 0 0 0
1978 171 26 0 0 0 0
1979 180 27 0 0 0 0
1980 188 29 0 0 0 0
1981 201 31 0 0 0 0
1982 217 33 0 0 0 0
1983 235 36 0 0 0 0
1984 255 39 0 0 0 0
1985 277 42 0 0 0 0
1986 301 45 0 0 0 0
1987 327 49 0 0 0 0
1988 353 53 0 0 0 0
1989 380 57 0 0 0 0
1990 408 61 0 0 0 0
1991 437 65 0 0 0 0
1992 469 70 0 0 0 0
1993 503 75 0 0 0 0
1994 540 81 0 0 0 0
1995 580 86 0 0 0 0
1996 624 93 0 0 0 0
1997 671 100 0 0 0 0
1998 721 107 0 0 0 0
1999 775 114 0 0 0 0
2000 832 122 0 0 0 0
2001 880 135 0 0 0 0
2002 931 148 0 0 0 0
2003 982 163 0 0 0 0
2004 1019 177 0 0 0 0
2005 1045 193 0 0 0 0
2006 1117 208 0 0 0 0
2007 1192 223 0 0 0 0
2008 1267 236 0 0 0 0
2009 1343 249 0 0 0 0
2010 1417 251 0 0 0 0
2011 1501 264 0 0 0 0
2012 1587 278 0 0 0 0
2013 1661 286 0 0 0 0
2014 1763 300 0 0 0 0
2015 1807 303 0 0 0 0
2016 1896 260 0 0 0 0
2017 1983 254 0 0 0 0
2018 2071 200 0 0 0 0
2019 2175 170 0 0 0 0
2020 2271 178 0 0 0 0
2021 2372 187 0 0 0 0
2022 2481 200 0 0 0 0
2023 2589 212 0 0 0 0
Values for breeding stock: Hawaii
Year RUS+WAL EAL+BER GOA SEA+NBC SBC+WA OR+CA
1970 22 177 95 370 31 0
1971 28 225 121 469 40 0
1972 32 264 142 547 46 0
1973 37 300 162 620 53 0
1974 41 336 181 689 59 0
1975 45 369 200 754 65 0
1976 49 401 217 816 71 0
1977 53 432 234 874 76 0
1978 56 461 249 928 81 0
1979 60 489 265 980 86 0
1980 63 515 279 1029 91 0
1981 68 553 300 1100 97 0
1982 74 600 325 1188 106 0
1983 81 655 355 1290 115 0
1984 89 716 388 1405 126 0
1985 97 784 424 1531 138 0
1986 106 856 463 1667 151 0
1987 116 934 504 1808 164 0
1988 126 1015 548 1957 178 0
1989 137 1100 593 2115 193 0
1990 148 1188 640 2276 208 0
1991 160 1281 689 2446 224 0
1992 173 1381 742 2627 242 0
1993 186 1491 800 2827 261 0
1994 202 1610 863 3043 282 0
1995 218 1740 931 3278 304 0
1996 237 1881 1006 3530 329 0
1997 256 2034 1085 3801 355 0
1998 277 2197 1171 4090 384 0
1999 300 2371 1262 4395 415 0
2000 324 2557 1359 4721 447 0
2001 346 2838 1475 5066 409 0
2002 368 3143 1594 5519 434 0
2003 392 3472 1715 6027 470 0
2004 409 3814 1579 6533 511 0
2005 423 4175 1595 7138 552 0
2006 456 4549 1734 7428 602 0
2007 490 4913 1880 8027 661 0
2008 525 5243 2026 8127 714 0
2009 561 5565 2170 8903 777 0
2010 597 5658 2303 9356 831 0
2011 637 5998 2457 10138 890 0
2012 680 6364 2598 10098 959 0
2013 721 6638 2643 10891 1027 0
2014 765 6979 2664 9447 1086 0
2015 811 7268 2478 7751 1142 0
2016 856 6278 2285 7659 1187 0
2017 900 6167 2336 6214 1232 0
2018 946 4894 2435 6205 1284 0
2019 996 4164 2550 6642 1355 0
2020 1051 4400 2702 6908 1423 0
2021 1110 4688 2842 5984 1505 0
2022 1174 5055 3023 6457 1588 0
2023 1240 5423 3192 6896 1659 0
Values for breeding stock: MX_AR
Year RUS+WAL EAL+BER GOA SEA+NBC SBC+WA OR+CA
1970 11 50 21 11 2 13
1971 15 63 26 13 3 17
1972 17 74 31 16 3 20
1973 19 84 35 18 4 23
1974 21 94 39 20 4 25
1975 24 103 43 21 5 27
1976 26 112 47 23 5 29
1977 28 121 50 25 6 31
1978 29 129 54 26 6 33
1979 31 137 57 28 6 35
1980 33 144 60 29 7 36
1981 36 155 65 31 7 39
1982 39 168 70 34 8 42
1983 42 184 77 37 9 45
1984 46 201 84 40 9 49
1985 51 220 92 44 10 53
1986 55 240 100 47 11 58
1987 61 262 109 52 12 63
1988 66 285 118 56 13 68
1989 72 309 128 60 14 73
1990 77 333 138 65 16 78
1991 83 359 149 70 17 84
1992 90 388 160 75 18 90
1993 97 418 173 81 19 96
1994 105 452 187 87 21 104
1995 114 488 201 93 23 112
1996 124 528 217 101 24 120
1997 134 571 235 108 26 129
1998 145 617 253 117 29 139
1999 157 665 273 125 31 150
2000 170 718 294 135 33 162
2001 181 797 319 144 30 177
2002 193 882 345 157 32 194
2003 205 975 371 172 35 215
2004 214 1071 341 186 38 237
2005 221 1172 345 203 41 260
2006 238 1277 375 212 45 281
2007 256 1379 407 229 49 261
2008 274 1472 438 232 53 274
2009 293 1562 469 254 58 291
2010 312 1588 498 267 62 310
2011 333 1684 532 289 66 335
2012 355 1786 562 288 71 358
2013 377 1863 572 310 77 391
2014 400 1959 576 269 81 429
2015 424 2041 536 221 85 467
2016 448 1763 494 218 88 501
2017 471 1731 506 177 92 544
2018 495 1374 527 177 96 583
2019 521 1169 552 189 101 624
2020 549 1235 585 197 106 667
2021 580 1316 615 171 112 720
2022 614 1419 654 184 118 750
2023 648 1523 691 197 124 789
Values for breeding stock: MX_ML
Year RUS+WAL EAL+BER GOA SEA+NBC SBC+WA OR+CA
1970 7 38 8 14 13 84
1971 9 48 11 17 17 106
1972 10 56 12 20 20 123
1973 12 63 14 22 22 139
1974 13 71 16 25 25 154
1975 15 77 17 27 27 167
1976 16 84 19 29 29 179
1977 17 90 20 31 32 191
1978 18 95 21 33 34 201
1979 19 101 22 35 35 210
1980 20 106 24 36 37 219
1981 21 113 25 38 40 232
1982 23 122 27 41 43 249
1983 25 133 30 45 47 268
1984 28 145 32 49 51 290
1985 30 158 35 53 55 313
1986 33 172 38 57 60 339
1987 36 186 41 62 66 366
1988 39 202 45 67 71 393
1989 42 218 48 72 77 422
1990 45 235 52 77 82 452
1991 48 252 56 82 88 483
1992 52 271 60 88 95 516
1993 56 292 64 95 102 552
1994 61 314 69 102 110 592
1995 65 338 74 109 118 634
1996 71 365 80 117 127 681
1997 76 393 86 126 137 732
1998 82 423 93 135 148 786
1999 89 456 100 144 159 843
2000 96 490 107 155 171 906
2001 102 542 116 166 156 988
2002 108 599 125 180 166 1083
2003 115 660 134 196 179 1193
2004 120 724 123 212 194 1314
2005 123 790 124 231 209 1437
2006 133 859 134 240 227 1550
2007 142 925 145 259 249 1439
2008 152 985 156 261 268 1508
2009 162 1043 167 285 291 1594
2010 172 1058 177 299 311 1696
2011 183 1118 188 323 332 1826
2012 195 1184 198 321 357 1948
2013 206 1231 201 346 381 2119
2014 218 1292 202 299 402 2321
2015 231 1341 188 245 422 2519
2016 243 1155 173 241 437 2693
2017 255 1132 176 195 452 2920
2018 267 896 183 194 470 3121
2019 280 760 191 208 495 3334
2020 295 800 202 215 518 3547
2021 311 851 212 186 546 3818
2022 328 916 225 200 576 3971
2023 345 980 237 213 600 4166
Values for breeding stock: Central_Am
Year RUS+WAL EAL+BER GOA SEA+NBC SBC+WA OR+CA
1970 0 0 0 0 3 36
1971 0 0 0 0 4 45
1972 0 0 0 0 4 52
1973 0 0 0 0 5 59
1974 0 0 0 0 6 65
1975 0 0 0 0 6 71
1976 0 0 0 0 7 76
1977 0 0 0 0 7 80
1978 0 0 0 0 8 85
1979 0 0 0 0 8 89
1980 0 0 0 0 8 92
1981 0 0 0 0 9 98
1982 0 0 0 0 10 104
1983 0 0 0 0 11 112
1984 0 0 0 0 11 122
1985 0 0 0 0 12 131
1986 0 0 0 0 14 142
1987 0 0 0 0 15 153
1988 0 0 0 0 16 165
1989 0 0 0 0 17 177
1990 0 0 0 0 18 189
1991 0 0 0 0 20 202
1992 0 0 0 0 21 215
1993 0 0 0 0 23 230
1994 0 0 0 0 25 247
1995 0 0 0 0 26 264
1996 0 0 0 0 29 284
1997 0 0 0 0 31 305
1998 0 0 0 0 33 327
1999 0 0 0 0 36 351
2000 0 0 0 0 38 377
2001 0 0 0 0 35 411
2002 0 0 0 0 37 450
2003 0 0 0 0 40 495
2004 0 0 0 0 43 545
2005 0 0 0 0 47 596
2006 0 0 0 0 51 643
2007 0 0 0 0 55 597
2008 0 0 0 0 60 625
2009 0 0 0 0 65 661
2010 0 0 0 0 69 702
2011 0 0 0 0 74 756
2012 0 0 0 0 79 807
2013 0 0 0 0 85 877
2014 0 0 0 0 89 961
2015 0 0 0 0 94 1043
2016 0 0 0 0 97 1116
2017 0 0 0 0 101 1210
2018 0 0 0 0 105 1293
2019 0 0 0 0 110 1383
2020 0 0 0 0 116 1474
2021 0 0 0 0 122 1585
2022 0 0 0 0 128 1648
2023 0 0 0 0 134 1730

Catch numbers by breeding stock
Year Asia Hawaii MX_AR MX_ML Central_Am
1970 0.9 0 0 1.1 0.3
1971 0.9 0 0 1.2 0.3
1972 1 0 0 1.3 0.3
1973 1.1 0 0 1.3 0.4
1974 1.2 0.1 0 1.4 0.4
1975 1.2 0.1 0 1.5 0.4
1976 1.3 0.1 0 1.6 0.4
1977 1.4 0.1 0 1.6 0.4
1978 1.5 0.1 0 1.7 0.5
1979 1.6 0.1 0 1.8 0.5
1980 1.8 0.1 0 1.9 0.5
1981 1.9 0.1 0 2 0.5
1982 2 0.1 0 2.1 0.6
1983 2.2 0.1 0 2.2 0.6
1984 2.3 0.1 0 2.4 0.6
1985 2.5 0.1 0 2.5 0.7
1986 2.6 0.1 0 2.6 0.7
1987 2.8 0.1 0 2.8 0.7
1988 3 0.1 0 2.9 0.8
1989 3.2 0.1 0 3.1 0.8
1990 3.5 0.2 0 3.2 0.8
1991 3.7 0.2 0 3.4 0.9
1992 4 0.2 0 3.6 0.9
1993 4.3 0.2 0 3.8 1
1994 4.6 0.2 0 4 1
1995 4.9 0.2 0 4.2 1.1
1996 5.2 0.2 0 4.4 1.1
1997 5.6 0.2 0 4.7 1.2
1998 6 0.2 0 4.9 1.2
1999 6.4 0.2 0 5.2 1.3
2000 6.9 0.3 0 5.5 1.4
2001 7.3 0.3 0 5.8 1.4
2002 7.9 0 0 5.8 1.5
2003 8.4 0 0 5.8 1.6
2004 9 0 0 6.7 1.7
2005 9.6 0 0 8.1 1.8
2006 10.3 1 0 6.8 1.8
2007 11.1 0 0 7.7 1.9
2008 11.8 0 0 7.9 2
2009 12.7 0 0 9 2.1
2010 13.6 0 0 9.3 2.2
2011 14.5 0.8 0 10.6 2.4
2012 15.5 0 0 10.9 2.5
2013 28 0 0 10.8 2.6
2014 0 5 0 13 2.7
2015 72 0 0 14.2 2.9
2016 12 0.1 0 14.2 3
2017 12 0.1 0 13.4 3.2
2018 16 0.1 0 13.4 3.3
2019 4 0.4 0 13.4 1.7
2020 26.8 0.4 0 23.8 5
2021 28.6 0.4 0 12.8 4.7
2022 30.7 0.4 0 10.5 3.7
2023 32.8 0.4 0 18.4 4.2

Catch numbers by feeding ground
Year RUS+WAL EAL+BER GOA SEA+NBC SBC+WA OR+CA
1970 0 2.7 3.1 6.8 0.1 6.4
1971 0 1.8 0.1 4 0.1 1.5
1972 4 0.8 0.1 4.1 0.1 1.6
1973 0 0.8 0.1 4.3 0.1 1.7
1974 0 0.8 0.1 4.5 0.1 2.5
1975 0 0.8 0.2 4.7 0.1 2.7
1976 0 0.8 0.2 4.9 0.2 2.9
1977 0 0.8 0.2 5.2 0.2 3.1
1978 0 0.8 0.2 5.4 0.2 3.3
1979 0 1 0.2 5.6 0.2 3.5
1980 0 1 0.2 5.9 0.2 3.9
1981 0 1 0.3 6.1 0.3 4.2
1982 0 1 0.4 6.5 0.3 4.5
1983 0 1 0.4 6.7 0.3 4.8
1984 0 1 0.5 7.1 0.4 4.6
1985 0 1 0.5 6.7 0.4 5
1986 0 1 0.7 7.8 0.4 5.4
1987 0 1 0.7 10 0.5 5.8
1988 0 1.1 0.8 8.5 0.5 6.3
1989 0 0.9 0.8 6.1 0.6 6.1
1990 0 1 0.8 7.4 0.7 5.8
1991 0 1 0.9 8.2 0.7 7.6
1992 0 1.1 0.9 9.8 0.8 8.3
1993 0 1.1 1 7.1 0.9 8.6
1994 0 1.2 1 9.3 1 8.8
1995 0 1.2 1 9.3 1.1 9.6
1996 0 1.2 1.1 12.7 1.2 9.9
1997 0 1.2 1.3 12.7 0.9 10.7
1998 0 3 1.4 14.7 1.2 12
1999 0 2.6 1.4 17.4 1.7 13.5
2000 0 1.2 1.5 14.1 1.5 11.6
2001 0 1.2 1.8 16.4 1.7 13.4
2002 0 2.4 1.9 13.8 1.9 13.7
2003 0 1.4 2 18.9 2.3 16
2004 0 1.4 2.3 22 2.5 15.9
2005 0 1.6 2.3 23.3 5.8 20.1
2006 0 1.6 2.4 22.7 5.3 22.1
2007 0 0.1 7.3 18.4 0 18.1
2008 0 0.1 4.3 19.7 12.4 8.8
2009 0 0.1 4.3 24.1 0 9.8
2010 0 6.1 0.8 44.5 7 24.5
2011 0 3.1 4 28.4 11 11.9
2012 0 4.1 8.8 11.6 0 10
2013 0 0.1 4 31.6 0 4.7
2014 0 0.1 11.8 43.7 7 45.2
2015 0 4.1 12 51 9.1 103.4
2016 0 4.1 4.8 34.8 7.1 150.3
2017 0 4.1 2.1 16.3 11.1 60.3
2018 0 1.1 4 26.6 30.1 111.1
2019 0 4.1 6 27.3 9.1 61
2020 0 1.1 0 24 23 31.2
2021 0 2.2 7 33.7 13 62.4
2022 0 4.3 0.8 22.3 8 56
2023 0 3.6 9.1 40.1 19.2 59.7
