Stock structure: B2F1; Model type = BC
Mortality impacts feeding grounds
Recuitment related to unfished
Staying rate: 0
Age-at-matrity: 8
Base adult survival: 0
Sigma for survival devs: 6
Additional variance estimated
Weight for mark-recapture proportions: 1
Weight for genetics proportions: 1


Total objective fn: 844.796510990703
Negative log-likelihood fn: 600.195759483233

Natural Survival by feeding ground
RUS+WAL,EAL+BER,GOA,SEA+NBC,SBC+WA,OR+CA
1970 0.96 0.96 0.96 0.96 0.96 0.96
1971 0.96 0.96 0.96 0.96 0.96 0.96
1972 0.96 0.96 0.96 0.96 0.96 0.96
1973 0.96 0.96 0.96 0.96 0.96 0.96
1974 0.96 0.96 0.96 0.96 0.96 0.96
1975 0.96 0.96 0.96 0.96 0.96 0.96
1976 0.96 0.96 0.96 0.96 0.96 0.96
1977 0.96 0.96 0.96 0.96 0.96 0.96
1978 0.96 0.96 0.96 0.96 0.96 0.96
1979 0.96 0.96 0.96 0.96 0.96 0.96
1980 0.96 0.96 0.96 0.96 0.96 0.96
1981 0.96 0.96 0.96 0.96 0.96 0.96
1982 0.96 0.96 0.96 0.96 0.96 0.96
1983 0.96 0.96 0.96 0.96 0.96 0.96
1984 0.96 0.96 0.96 0.96 0.96 0.96
1985 0.96 0.96 0.96 0.96 0.96 0.96
1986 0.96 0.96 0.96 0.96 0.96 0.96
1987 0.96 0.96 0.96 0.96 0.96 0.96
1988 0.96 0.96 0.96 0.96 0.96 0.96
1989 0.96 0.96 0.96 0.96 0.96 0.96
1990 0.96 0.96 0.96 0.96 0.96 0.96
1991 0.96 0.96 0.96 0.96 0.96 0.96
1992 0.96 0.96 0.96 0.96 0.96 0.96
1993 0.96 0.96 0.96 0.96 0.96 0.96
1994 0.96 0.96 0.96 0.96 0.96 0.96
1995 0.96 0.96 0.96 0.96 0.96 0.96
1996 0.96 0.96 0.96 0.96 0.96 0.96
1997 0.96 0.96 0.96 0.96 0.96 0.96
1998 0.96 0.96 0.96 0.96 0.96 0.96
1999 0.96 0.96 0.96 0.96 0.96 0.96
2000 0.96 0.96 0.96 0.96 0.96 0.96
2001 0.96 0.96 0.96 0.96 0.96 0.96
2002 0.96 0.96 0.96 0.96 0.96 0.96
2003 0.96 0.96 0.96 0.96 0.96 0.96
2004 0.96 0.96 0.96 0.96 0.96 0.96
2005 0.96 0.96 0.96 0.96 0.96 0.96
2006 0.96 0.96 0.96 0.96 0.96 0.96
2007 0.96 0.96 0.96 0.96 0.96 0.96
2008 0.96 0.96 0.96 0.96 0.96 0.96
2009 0.96 0.96 0.96 0.96 0.96 0.96
2010 0.96 0.96 0.96 0.96 0.96 0.96
2011 0.96 0.96 0.96 0.96 0.96 0.96
2012 0.96 0.96 0.96 0.96 0.96 0.96
2013 0.96 0.96 0.96 0.96 0.96 0.96
2014 0.96 0.96 0.96 0.96 0.96 0.96
2015 0.96 0.96 0.96 0.96 0.96 0.96
2016 0.96 0.96 0.96 0.96 0.96 0.96
2017 0.96 0.96 0.96 0.96 0.96 0.96
2018 0.96 0.96 0.96 0.96 0.96 0.96
2019 0.96 0.96 0.96 0.96 0.96 0.96
2020 0.96 0.96 0.96 0.96 0.96 0.96
2021 0.96 0.96 0.96 0.96 0.96 0.96
2022 0.96 0.96 0.96 0.96 0.96 0.96
2023 0.96 0.96 0.96 0.96 0.96 0.96

Naturak Survival by breeding stock
RUS+WAL,EAL+BER,GOA,SEA+NBC,SBC+WA,OR+CA
1970 0.96 0.96 0.96 0.96 0.96
1971 0.96 0.96 0.96 0.96 0.96
1972 0.96 0.96 0.96 0.96 0.96
1973 0.96 0.96 0.96 0.96 0.96
1974 0.96 0.96 0.96 0.96 0.96
1975 0.96 0.96 0.96 0.96 0.96
1976 0.96 0.96 0.96 0.96 0.96
1977 0.96 0.96 0.96 0.96 0.96
1978 0.96 0.96 0.96 0.96 0.96
1979 0.96 0.96 0.96 0.96 0.96
1980 0.96 0.96 0.96 0.96 0.96
1981 0.96 0.96 0.96 0.96 0.96
1982 0.96 0.96 0.96 0.96 0.96
1983 0.96 0.96 0.96 0.96 0.96
1984 0.96 0.96 0.96 0.96 0.96
1985 0.96 0.96 0.96 0.96 0.96
1986 0.96 0.96 0.96 0.96 0.96
1987 0.96 0.96 0.96 0.96 0.96
1988 0.96 0.96 0.96 0.96 0.96
1989 0.96 0.96 0.96 0.96 0.96
1990 0.96 0.96 0.96 0.96 0.96
1991 0.96 0.96 0.96 0.96 0.96
1992 0.96 0.96 0.96 0.96 0.96
1993 0.96 0.96 0.96 0.96 0.96
1994 0.96 0.96 0.96 0.96 0.96
1995 0.96 0.96 0.96 0.96 0.96
1996 0.96 0.96 0.96 0.96 0.96
1997 0.96 0.96 0.96 0.96 0.96
1998 0.96 0.96 0.96 0.96 0.96
1999 0.96 0.96 0.96 0.96 0.96
2000 0.96 0.96 0.96 0.96 0.96
2001 0.96 0.96 0.96 0.96 0.96
2002 0.96 0.96 0.96 0.96 0.96
2003 0.96 0.96 0.96 0.96 0.96
2004 0.96 0.96 0.96 0.96 0.96
2005 0.96 0.96 0.96 0.96 0.96
2006 0.96 0.96 0.96 0.96 0.96
2007 0.96 0.96 0.96 0.96 0.96
2008 0.96 0.96 0.96 0.96 0.96
2009 0.96 0.96 0.96 0.96 0.96
2010 0.96 0.96 0.96 0.96 0.96
2011 0.96 0.96 0.96 0.96 0.96
2012 0.96 0.96 0.96 0.96 0.96
2013 0.96 0.96 0.96 0.96 0.96
2014 0.96 0.96 0.96 0.96 0.96
2015 0.96 0.96 0.96 0.96 0.96
2016 0.96 0.96 0.96 0.96 0.96
2017 0.96 0.96 0.96 0.96 0.96
2018 0.96 0.96 0.96 0.96 0.96
2019 0.96 0.96 0.96 0.96 0.96
2020 0.96 0.96 0.96 0.96 0.96
2021 0.96 0.96 0.96 0.96 0.96
2022 0.96 0.96 0.96 0.96 0.96
2023 0.96 0.96 0.96 0.96 0.96

Fecundity by feeding ground
RUS+WAL,EAL+BER,GOA,SEA+NBC,SBC+WA,OR+CA
1970 0.9438092 0.9392936 0.9317718 0.9266651 0.9533461 0.9676396
1971 0.9439655 0.9394496 0.931802 0.9269105 0.9534068 0.9677344
1972 0.9377748 0.9313616 0.9219777 0.9162688 0.9484268 0.9661332
1973 0.9312649 0.9236213 0.9125543 0.9061292 0.9436653 0.9646322
1974 0.9251323 0.9162997 0.9036409 0.8966192 0.9391439 0.9632593
1975 0.919344 0.9093715 0.89523 0.8876983 0.9348491 0.9619853
1976 0.9138972 0.9028161 0.887277 0.8793301 0.9308036 0.9608048
1977 0.9087734 0.8966112 0.8797552 0.8714873 0.9269634 0.959711
1978 0.9039573 0.8907398 0.872642 0.8641334 0.9233223 0.958706
1979 0.8994334 0.8852006 0.8659154 0.8572396 0.9198681 0.9577815
1980 0.8952067 0.879963 0.8595543 0.8507862 0.9165913 0.9569438
1981 0.8912363 0.8750064 0.8535591 0.8447316 0.9135148 0.9561783
1982 0.8857742 0.8682737 0.8454829 0.8364893 0.909297 0.9550747
1983 0.8789962 0.8599438 0.8355189 0.8262838 0.904047 0.9536712
1984 0.8710675 0.8502362 0.8239646 0.8144366 0.8979253 0.9519864
1985 0.8621787 0.839359 0.8110649 0.8011864 0.8910187 0.9500864
1986 0.8524746 0.8275085 0.797113 0.786906 0.8834352 0.9480007
1987 0.8421248 0.8148732 0.7823048 0.7719309 0.8753152 0.9457619
1988 0.8312678 0.8016297 0.7668752 0.7562461 0.866724 0.943405
1989 0.820032 0.7879141 0.7510015 0.7399825 0.8577844 0.9409196
1990 0.8085512 0.7738923 0.7348609 0.7235733 0.8485798 0.9383189
1991 0.7969098 0.7596843 0.7186294 0.7071541 0.8391555 0.9357282
1992 0.7848293 0.7449623 0.7019132 0.6903978 0.8292989 0.9330143
1993 0.7720739 0.729453 0.6844438 0.6727122 0.8188167 0.9300967
1994 0.7584794 0.712988 0.6660215 0.6542433 0.807561 0.9269132
1995 0.743948 0.6954663 0.6465671 0.6347805 0.7954373 0.923456
1996 0.728441 0.6768685 0.6261129 0.6145724 0.78239 0.9196686
1997 0.7119929 0.6572444 0.6047694 0.5934903 0.7682722 0.915561
1998 0.6946631 0.6368386 0.5826634 0.5718156 0.7532983 0.9111413
1999 0.6765502 0.6156322 0.5599677 0.5498059 0.7376052 0.9064248
2000 0.6578009 0.593718 0.5369328 0.5272719 0.7210381 0.9012533
2001 0.6385444 0.5714034 0.5138455 0.5048228 0.7038196 0.8957998
2002 0.6189051 0.5489207 0.4908208 0.4822892 0.6859979 0.8899849
2003 0.5989183 0.5261947 0.4679774 0.4603187 0.667668 0.8838794
2004 0.5786445 0.5033897 0.4454555 0.4388897 0.6487937 0.8773591
2005 0.5581208 0.48061 0.4232744 0.4179271 0.630481 0.8706037
2006 0.5373854 0.4578835 0.4015392 0.3973686 0.6114122 0.8634165
2007 0.5165281 0.4351886 0.3813887 0.3769619 0.5898701 0.8555187
2008 0.4956121 0.4127713 0.3612218 0.3572339 0.5720599 0.8465813
2009 0.4747923 0.3908089 0.3416923 0.338574 0.5496682 0.8370609
2010 0.4541908 0.3699417 0.3221989 0.3222639 0.5291303 0.8275925
2011 0.4339667 0.3496377 0.304404 0.3057924 0.5099853 0.8169059
2012 0.4142617 0.3302536 0.2888581 0.2888854 0.4868675 0.8054208
2013 0.3975483 0.3116558 0.2733944 0.2744457 0.4635108 0.7929497
2014 0.3758312 0.2939733 0.2609043 0.2624205 0.4430884 0.7817423
2015 0.3691058 0.2784907 0.2495453 0.2518037 0.4238483 0.7729197
2016 0.3515607 0.2635943 0.2374419 0.2409079 0.4043377 0.7658692
2017 0.3333974 0.2497666 0.2255452 0.2293953 0.3866616 0.753977
2018 0.3169367 0.2368878 0.2151889 0.2195616 0.3765015 0.7437876
2019 0.2991212 0.2252976 0.2065181 0.2109636 0.3594833 0.7305549
2020 0.2871698 0.2150378 0.1975869 0.2031614 0.3476012 0.7155427
2021 0.2769794 0.2057801 0.1910728 0.1969122 0.332686 0.7009934
2022 0.2679745 0.197672 0.1841336 0.1906196 0.3161193 0.6854008
2023 0.2601176 0.19059 0.179868 0.1863143 0.304584 0.6695906

Total abundance: Estimate SD_log
1970 1575.339 NaN
1971 1979.875 NaN
1972 2309.103 NaN
1973 2614.964 NaN
1974 2906.811 NaN
1975 3180.82 NaN
1976 3438.657 NaN
1977 3681.112 NaN
1978 3909.122 NaN
1979 4123.363 NaN
1980 4324.463 NaN
1981 4616.177 NaN
1982 4972.671 NaN
1983 5383.777 NaN
1984 5840.716 NaN
1985 6335.135 NaN
1986 6859.515 NaN
1987 7405.135 NaN
1988 7964.199 NaN
1989 8534.417 NaN
1990 9112.635 NaN
1991 9712.5 NaN
1992 10342.81 NaN
1993 11010.25 NaN
1994 11722.61 NaN
1995 12475.45 NaN
1996 13268.02 NaN
1997 14093.11 NaN
1998 14947.62 NaN
1999 15819.83 NaN
2000 16702.89 NaN
2001 17603.32 NaN
2002 18507.71 NaN
2003 19420.09 NaN
2004 20331.29 NaN
2005 21242.14 NaN
2006 22144.1 NaN
2007 23043.58 NaN
2008 23947.56 NaN
2009 24840.61 NaN
2010 25725.65 NaN
2011 26550.22 NaN
2012 27376.81 NaN
2013 28202.92 NaN
2014 28989.17 NaN
2015 29706.47 NaN
2016 30269.62 NaN
2017 30842.25 NaN
2018 31493.91 NaN
2019 32039 NaN
2020 32639.33 NaN
2021 33214.35 NaN
2022 33746.2 NaN
2023 34289.2 NaN
2024 34774.5 NaN

Breeding stock abundance: Estimate SD_log Estimate/K
Asia
1 95.72646 NaN 3.828994
2 120.9082 NaN 4.836249
3 140.7251 NaN 5.62891
4 156.4238 NaN 6.256848
5 173.458 NaN 6.938204
6 189.3797 NaN 7.575059
7 204.356 NaN 8.174102
8 218.3403 NaN 8.733467
9 231.3826 NaN 9.255149
10 243.5296 NaN 9.74102
11 254.8182 NaN 10.19256
12 271.3687 NaN 10.85457
13 291.7084 NaN 11.66814
14 315.2621 NaN 12.61027
15 341.3957 NaN 13.6556
16 369.7222 NaN 14.78864
17 399.6866 NaN 15.9872
18 430.981 NaN 17.23895
19 463.1298 NaN 18.52488
20 495.7924 NaN 19.83136
21 528.6786 NaN 21.14679
22 562.7458 NaN 22.50945
23 598.7354 NaN 23.94902
24 636.9562 NaN 25.47782
25 677.6315 NaN 27.10481
26 720.8085 NaN 28.83186
27 766.394 NaN 30.65525
28 814.1677 NaN 32.56616
29 863.7055 NaN 34.54764
30 914.5527 NaN 36.58149
31 966.3252 NaN 38.65236
32 1018.703 NaN 40.74743
33 1071.602 NaN 42.86336
34 1124.685 NaN 44.98664
35 1178.012 NaN 47.1197
36 1231.318 NaN 49.2519
37 1284.408 NaN 51.37547
38 1336.93 NaN 53.47631
39 1388.506 NaN 55.53933
40 1438.828 NaN 57.55217
41 1487.302 NaN 59.49108
42 1533.397 NaN 61.33483
43 1577.024 NaN 63.07989
44 1617.699 NaN 64.70686
45 1644.175 NaN 65.76591
46 1695.673 NaN 67.82578
47 1674.862 NaN 66.99335
48 1710.945 NaN 68.43667
49 1743.936 NaN 69.75628
50 1770.128 NaN 70.80392
51 1804.705 NaN 72.187
52 1814.645 NaN 72.58459
53 1820.922 NaN 72.83567
54 1823.353 NaN 72.93289
Hawaii
1 1064.51 NaN 6.822952
2 1341.175 NaN 8.596224
3 1565.113 NaN 10.03155
4 1775.465 NaN 11.3798
5 1974.465 NaN 12.65528
6 2161.972 NaN 13.8571
7 2338.661 NaN 14.98959
8 2505.152 NaN 16.05671
9 2661.983 NaN 17.06191
10 2809.783 NaN 18.00923
11 2948.925 NaN 18.90106
12 3149.549 NaN 20.18695
13 3394.198 NaN 21.75502
14 3675.84 NaN 23.5602
15 3988.448 NaN 25.56385
16 4325.78 NaN 27.72598
17 4683.303 NaN 30.01751
18 5054.415 NaN 32.39614
19 5433.573 NaN 34.82635
20 5820.182 NaN 37.30431
21 6211.782 NaN 39.81426
22 6616.137 NaN 42.40596
23 7040.588 NaN 45.12647
24 7488.326 NaN 47.99624
25 7965.069 NaN 51.05191
26 8465.869 NaN 54.26177
27 8990.733 NaN 57.62587
28 9532.897 NaN 61.10086
29 10091.16 NaN 64.67906
30 10656.94 NaN 68.30536
31 11225.22 NaN 71.94779
32 11798.96 NaN 75.62516
33 12369.58 NaN 79.28253
34 12939.53 NaN 82.93558
35 13501.11 NaN 86.53504
36 14053.86 NaN 90.07782
37 14595.29 NaN 93.54813
38 15125.88 NaN 96.94892
39 15648.08 NaN 100.2959
40 16145.88 NaN 103.4866
41 16627.24 NaN 106.5719
42 17063.11 NaN 109.3655
43 17485.15 NaN 112.0706
44 17897.93 NaN 114.7163
45 18271.31 NaN 117.1095
46 18593.02 NaN 119.1715
47 18889.17 NaN 121.0696
48 19180.45 NaN 122.9366
49 19458.78 NaN 124.7206
50 19690.53 NaN 126.2059
51 19907.3 NaN 127.5953
52 20102.76 NaN 128.8481
53 20271.56 NaN 129.9301
54 20437.25 NaN 130.992
MX_AR
1 160.9209 NaN 4.587112
2 202.9724 NaN 5.785805
3 237.2861 NaN 6.763932
4 269.377 NaN 7.678695
5 300.1924 NaN 8.557101
6 329.3151 NaN 9.387253
7 356.8585 NaN 10.17239
8 382.9165 NaN 10.91518
9 407.5706 NaN 11.61796
10 430.8972 NaN 12.28289
11 452.9228 NaN 12.91074
12 484.6364 NaN 13.81475
13 523.3234 NaN 14.91753
14 567.9724 NaN 16.19027
15 617.6765 NaN 17.60711
16 671.5729 NaN 19.14344
17 728.8472 NaN 20.77607
18 788.6721 NaN 22.4814
19 850.358 NaN 24.23978
20 913.342 NaN 26.03516
21 977.2255 NaN 27.85619
22 1043.775 NaN 29.7532
23 1113.988 NaN 31.75465
24 1188.644 NaN 33.88276
25 1268.264 NaN 36.15234
26 1352.773 NaN 38.56131
27 1441.976 NaN 41.10407
28 1535.345 NaN 43.7656
29 1632.295 NaN 46.52921
30 1731.555 NaN 49.35863
31 1832.676 NaN 52.24113
32 1935.832 NaN 55.18164
33 2039.942 NaN 58.14932
34 2144.829 NaN 61.13917
35 2250.37 NaN 64.14767
36 2356.345 NaN 67.1685
37 2461.938 NaN 70.1785
38 2567.2 NaN 73.17902
39 2672.049 NaN 76.1678
40 2776.129 NaN 79.13461
41 2878.973 NaN 82.06624
42 2976.729 NaN 84.8528
43 3073.049 NaN 87.59843
44 3166.646 NaN 90.26646
45 3258.704 NaN 92.89061
46 3341.889 NaN 95.26184
47 3417.149 NaN 97.40714
48 3486.374 NaN 99.38044
49 3559.764 NaN 101.4724
50 3624.35 NaN 103.3135
51 3689.864 NaN 105.181
52 3756.062 NaN 107.068
53 3816.374 NaN 108.7872
54 3876.093 NaN 110.4895
MX_ML
1 205.4311 NaN 1.854039
2 255.2152 NaN 2.303346
3 296.7357 NaN 2.678073
4 335.4111 NaN 3.027123
5 372.0282 NaN 3.357596
6 405.8754 NaN 3.663071
7 437.4409 NaN 3.947954
8 466.8229 NaN 4.213129
9 494.258 NaN 4.460734
10 519.7507 NaN 4.690808
11 543.3665 NaN 4.903944
12 578.4771 NaN 5.22082
13 621.6909 NaN 5.61083
14 671.8202 NaN 6.063252
15 727.7872 NaN 6.568361
16 788.7727 NaN 7.118762
17 853.6458 NaN 7.704249
18 921.4972 NaN 8.316616
19 991.4006 NaN 8.947502
20 1062.843 NaN 9.592277
21 1135.618 NaN 10.24908
22 1212.199 NaN 10.94023
23 1292.693 NaN 11.6667
24 1378.747 NaN 12.44335
25 1471.437 NaN 13.27988
26 1570.978 NaN 14.17825
27 1677.11 NaN 15.1361
28 1789.801 NaN 16.15315
29 1908.41 NaN 17.22361
30 2031.667 NaN 18.33603
31 2158.828 NaN 19.48366
32 2292.36 NaN 20.68881
33 2429.571 NaN 21.92715
34 2571.958 NaN 23.21221
35 2718.532 NaN 24.53506
36 2870.101 NaN 25.90298
37 3022.913 NaN 27.28213
38 3182.07 NaN 28.71854
39 3350.258 NaN 30.23646
40 3527.689 NaN 31.83779
41 3712.2 NaN 33.50302
42 3890.254 NaN 35.10998
43 4080.253 NaN 36.82474
44 4279.288 NaN 38.62106
45 4487.534 NaN 40.5005
46 4671.41 NaN 42.16
47 4822.038 NaN 43.51944
48 4947.956 NaN 44.65585
49 5133.169 NaN 46.32743
50 5287.456 NaN 47.71989
51 5480.377 NaN 49.46102
52 5683.833 NaN 51.29723
53 5885.657 NaN 53.11871
54 6099.497 NaN 55.04865
Central_Am
1 48.74977 NaN 0.454469
2 59.60469 NaN 0.5556639
3 69.24329 NaN 0.6455196
4 78.28656 NaN 0.7298254
5 86.66769 NaN 0.8079583
6 94.27798 NaN 0.8789051
7 101.341 NaN 0.9447498
8 107.88 NaN 1.00571
9 113.9277 NaN 1.062089
10 119.4032 NaN 1.113135
11 124.4302 NaN 1.159998
12 132.1462 NaN 1.231931
13 141.7504 NaN 1.321466
14 152.8825 NaN 1.425245
15 165.4094 NaN 1.542027
16 179.2873 NaN 1.671403
17 194.032 NaN 1.808861
18 209.5698 NaN 1.953711
19 225.7375 NaN 2.104435
20 242.2573 NaN 2.25844
21 259.3307 NaN 2.417607
22 277.6433 NaN 2.588326
23 296.8086 NaN 2.766994
24 317.5778 NaN 2.960615
25 340.212 NaN 3.171622
26 365.0196 NaN 3.40289
27 391.8075 NaN 3.65262
28 420.8941 NaN 3.923779
29 452.042 NaN 4.214155
30 485.1135 NaN 4.522464
31 519.841 NaN 4.84621
32 557.455 NaN 5.196867
33 597.011 NaN 5.565626
34 639.0908 NaN 5.957915
35 683.2565 NaN 6.36965
36 730.5261 NaN 6.810319
37 779.5498 NaN 7.267342
38 831.5008 NaN 7.751655
39 888.6672 NaN 8.284587
40 952.0902 NaN 8.875847
41 1019.938 NaN 9.508362
42 1086.73 NaN 10.13103
43 1161.329 NaN 10.82647
44 1241.36 NaN 11.57257
45 1327.45 NaN 12.37514
46 1404.477 NaN 13.09322
47 1466.407 NaN 13.67056
48 1516.517 NaN 14.13771
49 1598.255 NaN 14.89971
50 1666.537 NaN 15.53627
51 1757.088 NaN 16.38043
52 1857.049 NaN 17.31231
53 1951.681 NaN 18.19451
54 2053.003 NaN 19.13909

Feeding stock abundance: Estimate SD_log Estimate/K
RUS+WAL
1 126.5675 NaN 3.900122
2 160.7625 NaN 4.953827
3 183.732 NaN 5.661622
4 208.5486 NaN 6.426333
5 231.8941 NaN 7.145714
6 253.937 NaN 7.824959
7 274.672 NaN 8.463898
8 294.1696 NaN 9.064709
9 312.488 NaN 9.62918
10 329.6855 NaN 10.15911
11 345.733 NaN 10.65361
12 369.2233 NaN 11.37745
13 398.0373 NaN 12.26534
14 431.3327 NaN 13.29133
15 468.4842 NaN 14.43614
16 508.7598 NaN 15.67721
17 551.6354 NaN 16.9984
18 596.4684 NaN 18.37991
19 642.7539 NaN 19.80618
20 690.027 NaN 21.26288
21 737.7924 NaN 22.73475
22 787.6523 NaN 24.27116
23 840.443 NaN 25.89788
24 896.7796 NaN 27.63387
25 957.0115 NaN 29.48989
26 1021.251 NaN 31.46939
27 1089.4 NaN 33.56939
28 1161.095 NaN 35.77863
29 1235.915 NaN 38.08419
30 1313.317 NaN 40.46929
31 1392.592 NaN 42.9121
32 1473.498 NaN 45.4052
33 1555.71 NaN 47.93851
34 1639.188 NaN 50.51087
35 1723.686 NaN 53.11464
36 1809.009 NaN 55.74381
37 1894.911 NaN 58.39086
38 1980.907 NaN 61.04078
39 2066.637 NaN 63.68251
40 2151.348 NaN 66.29284
41 2234.486 NaN 68.8547
42 2315.395 NaN 71.34789
43 2393.562 NaN 73.75656
44 2458.566 NaN 75.75964
45 2545.864 NaN 78.44968
46 2566.044 NaN 79.07151
47 2640.523 NaN 81.36657
48 2710.308 NaN 83.51696
49 2771.848 NaN 85.41327
50 2839.561 NaN 87.49984
51 2881.031 NaN 88.7777
52 2918.833 NaN 89.94257
53 2952.452 NaN 90.9785
54 2981.671 NaN 91.87888
EAL+BER
1 410.2409 NaN 4.46711
2 520.7816 NaN 5.670786
3 609.3365 NaN 6.635059
4 692.9514 NaN 7.545541
5 772.0372 NaN 8.406706
6 846.8809 NaN 9.221678
7 917.6988 NaN 9.992813
8 984.7363 NaN 10.72278
9 1048.168 NaN 11.41349
10 1107.983 NaN 12.06482
11 1164.538 NaN 12.68064
12 1246.1 NaN 13.56877
13 1345.711 NaN 14.65343
14 1460.751 NaN 15.9061
15 1588.81 NaN 17.30054
16 1727.648 NaN 18.81234
17 1875.176 NaN 20.41878
18 2029.407 NaN 22.09819
19 2188.489 NaN 23.83044
20 2351.078 NaN 25.60086
21 2515.423 NaN 27.39041
22 2686.537 NaN 29.25367
23 2867.217 NaN 31.2211
24 3059.396 NaN 33.31373
25 3263.869 NaN 35.54024
26 3480.793 NaN 37.90232
27 3709.492 NaN 40.39262
28 3948.625 NaN 42.99654
29 4194.632 NaN 45.67531
30 4447.529 NaN 48.4291
31 4705.873 NaN 51.2422
32 4966.829 NaN 54.08375
33 5228.366 NaN 56.93162
34 5491.869 NaN 59.80091
35 5755.225 NaN 62.66859
36 6017.152 NaN 65.52071
37 6277.144 NaN 68.35176
38 6535.152 NaN 71.1612
39 6787.808 NaN 73.91237
40 7033.025 NaN 76.58254
41 7263.154 NaN 79.08841
42 7485.642 NaN 81.51108
43 7695.447 NaN 83.79565
44 7894.975 NaN 85.96831
45 8082.608 NaN 88.01144
46 8243.581 NaN 89.76427
47 8399.928 NaN 91.46674
48 8542.703 NaN 93.02141
49 8674.508 NaN 94.45663
50 8791.26 NaN 95.72795
51 8893.521 NaN 96.84146
52 8985.524 NaN 97.84328
53 9064.958 NaN 98.70824
54 9133.912 NaN 99.45907
GOA
1 184.0603 NaN 5.41155
2 234.0455 NaN 6.881164
3 273.9691 NaN 8.054956
4 311.6443 NaN 9.162644
5 347.2714 NaN 10.21011
6 380.8744 NaN 11.19807
7 412.6506 NaN 12.13233
8 442.705 NaN 13.01595
9 471.1266 NaN 13.85158
10 498.0038 NaN 14.64179
11 523.4202 NaN 15.38906
12 559.7131 NaN 16.4561
13 603.8036 NaN 17.75241
14 654.5595 NaN 19.24468
15 710.7492 NaN 20.89671
16 771.4124 NaN 22.68027
17 835.3634 NaN 24.56049
18 901.8813 NaN 26.51618
19 970.0496 NaN 28.52039
20 1039.223 NaN 30.55415
21 1108.74 NaN 32.59801
22 1180.535 NaN 34.70886
23 1255.875 NaN 36.92393
24 1335.336 NaN 39.26015
25 1419.268 NaN 41.72785
26 1507.556 NaN 44.32359
27 1599.668 NaN 47.03179
28 1694.818 NaN 49.82929
29 1792.241 NaN 52.69361
30 1891.036 NaN 55.59829
31 1990.031 NaN 58.50884
32 2088.379 NaN 61.40035
33 2185.902 NaN 64.26761
34 2282.21 NaN 67.09918
35 2376.732 NaN 69.87821
36 2469.391 NaN 72.60247
37 2559.636 NaN 75.25575
38 2642.349 NaN 77.6876
39 2725.268 NaN 80.1255
40 2804.438 NaN 82.45318
41 2882.866 NaN 84.75904
42 2952.797 NaN 86.81507
43 3013.093 NaN 88.58783
44 3073.825 NaN 90.37341
45 3120.774 NaN 91.75377
46 3164.464 NaN 93.03827
47 3211.615 NaN 94.42456
48 3256.472 NaN 95.74342
49 3294.175 NaN 96.85191
50 3325.395 NaN 97.76982
51 3358.704 NaN 98.74914
52 3380.799 NaN 99.39873
53 3406.592 NaN 100.1571
54 3420.164 NaN 100.5561
SEA+NBC
1 640.9079 NaN 6.052747
2 810.2612 NaN 7.652122
3 944.1502 NaN 8.916573
4 1069.389 NaN 10.09933
5 1186.824 NaN 11.20839
6 1296.989 NaN 12.24879
7 1400.326 NaN 13.2247
8 1497.152 NaN 14.13913
9 1587.928 NaN 14.99643
10 1673.007 NaN 15.79991
11 1752.616 NaN 16.55174
12 1868.109 NaN 17.64246
13 2008.946 NaN 18.97252
14 2171.052 NaN 20.50346
15 2350.349 NaN 22.19674
16 2544.038 NaN 24.02594
17 2747.339 NaN 25.94592
18 2956.09 NaN 27.91737
19 3171.222 NaN 29.94908
20 3391.293 NaN 32.02744
21 3610.544 NaN 34.09805
22 3835.982 NaN 36.22709
23 4070.509 NaN 38.44197
24 4320.503 NaN 40.80292
25 4581.81 NaN 43.27071
26 4856.173 NaN 45.8618
27 5138.732 NaN 48.53028
28 5430.677 NaN 51.28742
29 5727.235 NaN 54.08812
30 6024.605 NaN 56.89648
31 6325.513 NaN 59.73826
32 6622.255 NaN 62.5407
33 6918.728 NaN 65.3406
34 7205.915 NaN 68.0528
35 7485.107 NaN 70.6895
36 7757.222 NaN 73.25936
37 8022.764 NaN 75.76714
38 8284.837 NaN 78.24216
39 8535.347 NaN 80.60799
40 8769.707 NaN 82.82129
41 8971.05 NaN 84.72277
42 9176.858 NaN 86.66643
43 9385.47 NaN 88.63656
44 9556.599 NaN 90.25271
45 9698.467 NaN 91.59251
46 9824.744 NaN 92.78507
47 9956.901 NaN 94.03317
48 10094.56 NaN 95.33324
49 10205.79 NaN 96.38369
50 10303.34 NaN 97.30492
51 10392.1 NaN 98.14322
52 10461.11 NaN 98.79489
53 10533.99 NaN 99.48317
54 10578.84 NaN 99.90674
SBC+WA
1 56.96054 NaN 2.702669
2 72.69666 NaN 3.449317
3 85.20212 NaN 4.042678
4 97.0635 NaN 4.605477
5 108.3272 NaN 5.13992
6 119.0269 NaN 5.6476
7 129.0911 NaN 6.125123
8 138.6465 NaN 6.57851
9 147.7052 NaN 7.00833
10 156.2989 NaN 7.416081
11 164.4505 NaN 7.802859
12 176.1978 NaN 8.36025
13 190.6161 NaN 9.044367
14 207.3775 NaN 9.839667
15 226.0667 NaN 10.72643
16 246.4856 NaN 11.69527
17 268.3706 NaN 12.73367
18 291.3635 NaN 13.82464
19 315.3252 NaN 14.96158
20 339.9432 NaN 16.12965
21 365.0215 NaN 17.31957
22 391.45 NaN 18.57355
23 419.6397 NaN 19.9111
24 449.9416 NaN 21.34886
25 482.5963 NaN 22.89827
26 517.7156 NaN 24.56461
27 555.3227 NaN 26.349
28 595.7267 NaN 28.26609
29 638.2031 NaN 30.28151
30 682.3092 NaN 32.37426
31 728.4534 NaN 34.56372
32 776.1382 NaN 36.82627
33 825.3555 NaN 39.16154
34 875.8891 NaN 41.55926
35 927.8612 NaN 44.02524
36 978.0955 NaN 46.40876
37 1030.491 NaN 48.89484
38 1089.6 NaN 51.69945
39 1137.421 NaN 53.96845
40 1198.708 NaN 56.87642
41 1253.345 NaN 59.46881
42 1304.144 NaN 61.87911
43 1366.064 NaN 64.8171
44 1427.117 NaN 67.71394
45 1479.482 NaN 70.19861
46 1529.015 NaN 72.54884
47 1579.395 NaN 74.93928
48 1624.231 NaN 77.06665
49 1648.605 NaN 78.22315
50 1694.444 NaN 80.3981
51 1723.034 NaN 81.75467
52 1761.701 NaN 83.58933
53 1803.235 NaN 85.56002
54 1829.809 NaN 86.82092
OR+CA
1 135.2014 NaN 0.9079606
2 171.4276 NaN 1.151242
3 199.4129 NaN 1.33918
4 225.5666 NaN 1.514818
5 249.3573 NaN 1.674588
6 271.4116 NaN 1.822696
7 291.8191 NaN 1.959745
8 310.7026 NaN 2.086559
9 328.006 NaN 2.202762
10 343.8852 NaN 2.309401
11 358.2052 NaN 2.405568
12 380.4343 NaN 2.554851
13 408.0569 NaN 2.740353
14 440.4043 NaN 2.957586
15 477.2568 NaN 3.205073
16 517.3912 NaN 3.4746
17 560.3305 NaN 3.762964
18 605.5251 NaN 4.066474
19 652.3593 NaN 4.380994
20 701.153 NaN 4.708674
21 751.7149 NaN 5.048229
22 803.7447 NaN 5.397641
23 859.529 NaN 5.772267
24 920.2962 NaN 6.180356
25 986.9581 NaN 6.628031
26 1059.36 NaN 7.114252
27 1138.405 NaN 7.645093
28 1223.663 NaN 8.217652
29 1314.79 NaN 8.829624
30 1411.329 NaN 9.477943
31 1516.432 NaN 10.18378
32 1626.916 NaN 10.92574
33 1744.749 NaN 11.71706
34 1868.62 NaN 12.54893
35 2001.174 NaN 13.43912
36 2138.675 NaN 14.36252
37 2285.152 NaN 15.34621
38 2446.133 NaN 16.42729
39 2628.078 NaN 17.64916
40 2821.288 NaN 18.94668
41 3012.754 NaN 20.2325
42 3228.681 NaN 21.68258
43 3459.774 NaN 23.23451
44 3710.04 NaN 24.91521
45 3933.476 NaN 26.41572
46 4109.927 NaN 27.60069
47 4250.862 NaN 28.54716
48 4491.37 NaN 30.16231
49 4693.281 NaN 31.51827
50 4958.003 NaN 33.29604
51 5255.638 NaN 35.29485
52 5541.59 NaN 37.21519
53 5848.273 NaN 39.27475
54 6157.307 NaN 41.35011

Parameters: Estimate  Std. Error      z value    Pr(>|z^2|)
rval 0.09125936 NaN NaN NaN
logK 7.82406278 NaN NaN NaN
logK 9.65514819 NaN NaN NaN
logK 8.16283251 NaN NaN NaN
logK 9.31291455 NaN NaN NaN
logK 9.28049614 NaN NaN NaN
logBK 3.27421009 NaN NaN NaN
logBK 2.66648017 NaN NaN NaN
logBK 3.08604004 NaN NaN NaN
logBK 4.01877877 NaN NaN NaN
logBK 5.43824821 NaN NaN NaN
MixPars -1.68290664 NaN NaN NaN
MixPars -3.25522096 NaN NaN NaN
MixPars -0.86913957 NaN NaN NaN
MixPars -1.43316141 NaN NaN NaN
MixPars -2.81592021 NaN NaN NaN
MixPars -1.77302596 NaN NaN NaN
MixPars -0.98121248 NaN NaN NaN
MixPars -1.60460074 NaN NaN NaN
MixPars -3.20081813 NaN NaN NaN
MixPars -2.12478969 NaN NaN NaN
MixPars -1.90168464 NaN NaN NaN
MixPars -1.69542948 NaN NaN NaN
MixPars -0.88211036 NaN NaN NaN
MixPars -1.447229 NaN NaN NaN
MixPars 0.37331334 NaN NaN NaN
MixPars -2.59936619 NaN NaN NaN
AddV 0.22431143 NaN NaN NaN
AddV 0.02348359 NaN NaN NaN
AddV 0.08317278 NaN NaN NaN
omega_sst 0 NaN NaN NaN
omega_chl 0 NaN NaN NaN
Kdev 0.001 NaN NaN NaN
Kdev 0.001 NaN NaN NaN
Kdev 0.001 NaN NaN NaN
Kdev 0.001 NaN NaN NaN
Kdev 0.001 NaN NaN NaN
Kdev 0.001 NaN NaN NaN
Kdev 0.001 NaN NaN NaN
Kdev 0.001 NaN NaN NaN
Kdev 0.001 NaN NaN NaN
Kdev 0.001 NaN NaN NaN
Kdev 0.001 NaN NaN NaN
Kdev 0.001 NaN NaN NaN
Kdev 0.001 NaN NaN NaN
Kdev 0.001 NaN NaN NaN
Kdev 0.001 NaN NaN NaN
Kdev 0.001 NaN NaN NaN
Kdev 0.001 NaN NaN NaN
Kdev 0.001 NaN NaN NaN
Kdev 0.001 NaN NaN NaN
Kdev 0.001 NaN NaN NaN
Kdev 0.001 NaN NaN NaN
Kdev 0.001 NaN NaN NaN
Kdev 0.001 NaN NaN NaN
Kdev 0.001 NaN NaN NaN
Kdev 0.001 NaN NaN NaN
Kdev 0.001 NaN NaN NaN
Kdev 0.001 NaN NaN NaN
Kdev 0.001 NaN NaN NaN
Kdev 0.001 NaN NaN NaN
Kdev 0.001 NaN NaN NaN
Kdev 0.001 NaN NaN NaN
Kdev 0.001 NaN NaN NaN
Kdev 0.001 NaN NaN NaN
Kdev 0.001 NaN NaN NaN
Kdev 0.001 NaN NaN NaN
Kdev 0.001 NaN NaN NaN
Kdev 0.001 NaN NaN NaN
Kdev 0.001 NaN NaN NaN
Kdev 0.001 NaN NaN NaN
Kdev 0.001 NaN NaN NaN
Kdev 0.001 NaN NaN NaN
Kdev 0.001 NaN NaN NaN
Kdev 0.001 NaN NaN NaN
Kdev 0.001 NaN NaN NaN
Kdev 0.001 NaN NaN NaN
Kdev 0.001 NaN NaN NaN
Kdev 0.001 NaN NaN NaN
Kdev 0.001 NaN NaN NaN
Kdev 0.001 NaN NaN NaN
Kdev 0.001 NaN NaN NaN
Kdev 0.001 NaN NaN NaN
Kdev 0.001 NaN NaN NaN
Kdev 0.001 NaN NaN NaN
Kdev 0.001 NaN NaN NaN
Kdev 0.001 NaN NaN NaN
Kdev 0.001 NaN NaN NaN
Kdev 0.001 NaN NaN NaN
Kdev 0.001 NaN NaN NaN
Kdev 0.001 NaN NaN NaN
Kdev 0.001 NaN NaN NaN
Kdev 0.001 NaN NaN NaN
Kdev 0.001 NaN NaN NaN
Kdev 0.001 NaN NaN NaN
Kdev 0.001 NaN NaN NaN
Kdev 0.001 NaN NaN NaN
Kdev 0.001 NaN NaN NaN
Kdev 0.001 NaN NaN NaN
Kdev 0.001 NaN NaN NaN
Kdev 0.001 NaN NaN NaN
Kdev 0.001 NaN NaN NaN
Kdev 0.001 NaN NaN NaN
Kdev 0.001 NaN NaN NaN
Kdev 0.001 NaN NaN NaN
Kdev 0.001 NaN NaN NaN
Kdev 0.001 NaN NaN NaN
Kdev 0.001 NaN NaN NaN
Kdev 0.001 NaN NaN NaN
Kdev 0.001 NaN NaN NaN
Kdev 0.001 NaN NaN NaN
Kdev 0.001 NaN NaN NaN
Kdev 0.001 NaN NaN NaN
Kdev 0.001 NaN NaN NaN
Kdev 0.001 NaN NaN NaN
Kdev 0.001 NaN NaN NaN
Kdev 0.001 NaN NaN NaN
Kdev 0.001 NaN NaN NaN
Kdev 0.001 NaN NaN NaN
Kdev 0.001 NaN NaN NaN
Kdev 0.001 NaN NaN NaN
Kdev 0.001 NaN NaN NaN
Kdev 0.001 NaN NaN NaN
Kdev 0.001 NaN NaN NaN
Kdev 0.001 NaN NaN NaN
Kdev 0.001 NaN NaN NaN
Kdev 0.001 NaN NaN NaN
Kdev 0.001 NaN NaN NaN
Kdev 0.001 NaN NaN NaN
Kdev 0.001 NaN NaN NaN
Kdev 0.001 NaN NaN NaN
Kdev 0.001 NaN NaN NaN
Kdev 0.001 NaN NaN NaN
Kdev 0.001 NaN NaN NaN
Kdev 0.001 NaN NaN NaN
Kdev 0.001 NaN NaN NaN
Kdev 0.001 NaN NaN NaN
Kdev 0.001 NaN NaN NaN
Kdev 0.001 NaN NaN NaN
Kdev 0.001 NaN NaN NaN
Kdev 0.001 NaN NaN NaN
Kdev 0.001 NaN NaN NaN
Kdev 0.001 NaN NaN NaN
Kdev 0.001 NaN NaN NaN
Kdev 0.001 NaN NaN NaN
Kdev 0.001 NaN NaN NaN
Kdev 0.001 NaN NaN NaN
Kdev 0.001 NaN NaN NaN
Kdev 0.001 NaN NaN NaN
Kdev 0.001 NaN NaN NaN
Kdev 0.001 NaN NaN NaN
Kdev 0.001 NaN NaN NaN
Kdev 0.001 NaN NaN NaN
Kdev 0.001 NaN NaN NaN
Kdev 0.001 NaN NaN NaN
Kdev 0.001 NaN NaN NaN
Kdev 0.001 NaN NaN NaN
Kdev 0.001 NaN NaN NaN
Kdev 0.001 NaN NaN NaN
Kdev 0.001 NaN NaN NaN
Kdev 0.001 NaN NaN NaN
Kdev 0.001 NaN NaN NaN
Kdev 0.001 NaN NaN NaN
Kdev 0.001 NaN NaN NaN
Kdev 0.001 NaN NaN NaN
Kdev 0.001 NaN NaN NaN
Kdev 0.001 NaN NaN NaN
Kdev 0.001 NaN NaN NaN
Kdev 0.001 NaN NaN NaN
Kdev 0.001 NaN NaN NaN
Kdev 0.001 NaN NaN NaN
Kdev 0.001 NaN NaN NaN
Kdev 0.001 NaN NaN NaN
Kdev 0.001 NaN NaN NaN
Kdev 0.001 NaN NaN NaN
Kdev 0.001 NaN NaN NaN

Mixing matrix
0.84328903 0.15671097 0 0 0 0 ,# Asia
0.0219624 0.23874915 0.1358283 0.56938281 0.03407734 0 ,# Hawaii
0.0891046 0.52470539 0.19668913 0.10544992 0.02137066 0.0626803 ,# MX_AR
0.04347549 0.29116266 0.05343429 0.1205147 0.06848763 0.42292524 ,# MX_ML
0 0 0 0 0.06917922 0.93082078 ,# Central_Am

Split of breeding stock to feeding grounds over time
Split for: Asia
Year RUS+WAL EAL+BER GOA SEA+NBC SBC+WA OR+CA
1970 0.84415 0.15585 0 0 0 0
1971 0.84504 0.15496 0 0 0 0
1972 0.84247 0.15753 0 0 0 0
1973 0.84277 0.15723 0 0 0 0
1974 0.84304 0.15696 0 0 0 0
1975 0.84329 0.15671 0 0 0 0
1976 0.84356 0.15644 0 0 0 0
1977 0.84386 0.15614 0 0 0 0
1978 0.84414 0.15586 0 0 0 0
1979 0.84443 0.15557 0 0 0 0
1980 0.84471 0.15529 0 0 0 0
1981 0.84503 0.15497 0 0 0 0
1982 0.84537 0.15463 0 0 0 0
1983 0.84573 0.15427 0 0 0 0
1984 0.84611 0.15389 0 0 0 0
1985 0.8465 0.1535 0 0 0 0
1986 0.84693 0.15307 0 0 0 0
1987 0.84739 0.15261 0 0 0 0
1988 0.84789 0.15211 0 0 0 0
1989 0.84841 0.15159 0 0 0 0
1990 0.84897 0.15103 0 0 0 0
1991 0.84956 0.15044 0 0 0 0
1992 0.85021 0.14979 0 0 0 0
1993 0.8509 0.1491 0 0 0 0
1994 0.85164 0.14836 0 0 0 0
1995 0.85244 0.14756 0 0 0 0
1996 0.85329 0.14671 0 0 0 0
1997 0.85421 0.14579 0 0 0 0
1998 0.85525 0.14475 0 0 0 0
1999 0.85634 0.14366 0 0 0 0
2000 0.85745 0.14255 0 0 0 0
2001 0.85864 0.14136 0 0 0 0
2002 0.85993 0.14007 0 0 0 0
2003 0.86126 0.13874 0 0 0 0
2004 0.86267 0.13733 0 0 0 0
2005 0.86417 0.13583 0 0 0 0
2006 0.86573 0.13427 0 0 0 0
2007 0.86733 0.13267 0 0 0 0
2008 0.869 0.131 0 0 0 0
2009 0.87074 0.12926 0 0 0 0
2010 0.87263 0.12737 0 0 0 0
2011 0.87449 0.12551 0 0 0 0
2012 0.87638 0.12362 0 0 0 0
2013 0.87821 0.12179 0 0 0 0
2014 0.8802 0.1198 0 0 0 0
2015 0.88199 0.11801 0 0 0 0
2016 0.88449 0.11551 0 0 0 0
2017 0.88675 0.11325 0 0 0 0
2018 0.88872 0.11128 0 0 0 0
2019 0.89048 0.10952 0 0 0 0
2020 0.89195 0.10805 0 0 0 0
2021 0.89302 0.10698 0 0 0 0
2022 0.89419 0.10581 0 0 0 0
2023 0.89548 0.10452 0 0 0 0
2024 0.89684 0.10316 0 0 0 0
Split for: Hawaii
Year RUS+WAL EAL+BER GOA SEA+NBC SBC+WA OR+CA
1970 0.02218 0.23955 0.13491 0.56901 0.03436 0
1971 0.02246 0.24097 0.13536 0.56622 0.03499 0
1972 0.0221 0.24175 0.13576 0.5652 0.03519 0
1973 0.02221 0.24241 0.13606 0.56395 0.03537 0
1974 0.02231 0.24303 0.13633 0.56277 0.03554 0
1975 0.02241 0.24364 0.13657 0.56167 0.03571 0
1976 0.02252 0.24431 0.13678 0.56052 0.03588 0
1977 0.02264 0.24504 0.13699 0.55926 0.03608 0
1978 0.02275 0.24574 0.13718 0.55806 0.03627 0
1979 0.02286 0.24638 0.13738 0.55692 0.03645 0
1980 0.02297 0.24702 0.13758 0.55581 0.03663 0
1981 0.0231 0.24778 0.13773 0.55454 0.03685 0
1982 0.02323 0.2486 0.13787 0.5532 0.0371 0
1983 0.02338 0.24945 0.13798 0.55182 0.03737 0
1984 0.02353 0.25036 0.13808 0.55038 0.03765 0
1985 0.02369 0.25125 0.13814 0.54897 0.03795 0
1986 0.02386 0.25222 0.13817 0.54746 0.03828 0
1987 0.02405 0.25333 0.13824 0.54573 0.03865 0
1988 0.02424 0.25438 0.13823 0.54411 0.03904 0
1989 0.02443 0.25536 0.13814 0.54263 0.03943 0
1990 0.02464 0.25642 0.13806 0.54104 0.03985 0
1991 0.02486 0.25753 0.13797 0.53933 0.04031 0
1992 0.0251 0.25874 0.13788 0.53747 0.04081 0
1993 0.02535 0.25989 0.13772 0.53571 0.04133 0
1994 0.02563 0.26117 0.13757 0.53373 0.0419 0
1995 0.02592 0.26249 0.13739 0.53168 0.04253 0
1996 0.02624 0.26394 0.13722 0.52938 0.04321 0
1997 0.02659 0.26542 0.13699 0.52701 0.04398 0
1998 0.02696 0.26691 0.13676 0.52456 0.04481 0
1999 0.02736 0.26851 0.13652 0.52193 0.04568 0
2000 0.02777 0.27009 0.13616 0.51936 0.04662 0
2001 0.02822 0.27174 0.13577 0.51665 0.04762 0
2002 0.02868 0.27328 0.13532 0.51404 0.04869 0
2003 0.02918 0.27497 0.13487 0.51116 0.04982 0
2004 0.02971 0.27667 0.1344 0.50818 0.05104 0
2005 0.03027 0.27837 0.13393 0.50526 0.05217 0
2006 0.03086 0.27996 0.13338 0.50238 0.05342 0
2007 0.03145 0.28141 0.13251 0.49962 0.05501 0
2008 0.03208 0.28287 0.13192 0.49706 0.05607 0
2009 0.03272 0.28409 0.13128 0.49406 0.05785 0
2010 0.03342 0.28534 0.131 0.49082 0.05941 0
2011 0.0341 0.28627 0.13034 0.48852 0.06077 0
2012 0.03473 0.28663 0.12933 0.48666 0.06265 0
2013 0.03541 0.28727 0.12873 0.48403 0.06455 0
2014 0.03618 0.28801 0.12795 0.48175 0.06608 2e-05
2015 0.03683 0.2883 0.12737 0.47995 0.06754 0
2016 0.03769 0.28788 0.12707 0.47845 0.06891 0
2017 0.03842 0.28708 0.12679 0.47777 0.06994 0
2018 0.03914 0.28668 0.1265 0.47738 0.07029 0
2019 0.03972 0.28579 0.12605 0.47662 0.07183 0
2020 0.04024 0.28515 0.12586 0.47607 0.07268 0
2021 0.04063 0.28469 0.12531 0.47521 0.07415 0
2022 0.04099 0.28376 0.125 0.47462 0.07563 0
2023 0.04149 0.28328 0.12457 0.4742 0.07646 0
2024 0.04189 0.28185 0.12427 0.4745 0.0775 0
Split for: MX_AR
Year RUS+WAL EAL+BER GOA SEA+NBC SBC+WA OR+CA
1970 0.09007 0.52689 0.19552 0.10547 0.02156 0.06049
1971 0.09066 0.52679 0.19498 0.10431 0.02183 0.06142
1972 0.08913 0.52808 0.19539 0.10404 0.02193 0.06144
1973 0.08937 0.52832 0.19538 0.10357 0.022 0.06137
1974 0.0896 0.52865 0.1954 0.10316 0.02206 0.06113
1975 0.08983 0.52901 0.19537 0.10277 0.02213 0.06089
1976 0.09009 0.52938 0.19528 0.10235 0.02218 0.06072
1977 0.09036 0.52976 0.19514 0.10189 0.02226 0.0606
1978 0.09061 0.53015 0.195 0.10145 0.02233 0.06046
1979 0.09087 0.53049 0.1949 0.10105 0.0224 0.0603
1980 0.09112 0.53085 0.19481 0.10066 0.02246 0.06009
1981 0.09142 0.53126 0.19458 0.10019 0.02255 0.06
1982 0.09173 0.53168 0.19428 0.0997 0.02264 0.05996
1983 0.09205 0.5321 0.19393 0.09919 0.02275 0.05998
1984 0.09239 0.53249 0.19351 0.09865 0.02285 0.06011
1985 0.09274 0.53286 0.19303 0.09811 0.02297 0.06029
1986 0.09311 0.53325 0.19248 0.09754 0.0231 0.06052
1987 0.09351 0.53366 0.19188 0.09688 0.02324 0.06083
1988 0.09394 0.53401 0.1912 0.09625 0.02339 0.06121
1989 0.09437 0.53429 0.19043 0.09567 0.02354 0.0617
1990 0.09482 0.53451 0.18963 0.09504 0.0237 0.06231
1991 0.09531 0.53477 0.18877 0.09438 0.02388 0.0629
1992 0.09583 0.53501 0.18786 0.09365 0.02408 0.06357
1993 0.09638 0.53517 0.18685 0.09296 0.02428 0.06436
1994 0.09697 0.53527 0.18578 0.09218 0.02451 0.06529
1995 0.09759 0.53532 0.18462 0.09137 0.02475 0.06634
1996 0.09826 0.53532 0.18338 0.09048 0.02501 0.06756
1997 0.09897 0.53523 0.18202 0.08956 0.02531 0.06892
1998 0.09975 0.53496 0.18061 0.0886 0.02563 0.07045
1999 0.10057 0.53465 0.17911 0.08758 0.02596 0.07214
2000 0.1014 0.53417 0.17743 0.08656 0.02631 0.07414
2001 0.10228 0.53358 0.17566 0.08549 0.02668 0.07631
2002 0.1032 0.53271 0.1738 0.08444 0.02708 0.07876
2003 0.10417 0.53176 0.17186 0.0833 0.02749 0.08141
2004 0.10518 0.53055 0.16982 0.08212 0.02793 0.0844
2005 0.10624 0.52918 0.16775 0.08094 0.0283 0.08758
2006 0.10733 0.5275 0.1656 0.07977 0.02872 0.09107
2007 0.10841 0.5255 0.16304 0.07862 0.02932 0.09511
2008 0.10947 0.52292 0.16068 0.07743 0.02958 0.09991
2009 0.1105 0.51976 0.15826 0.07617 0.0302 0.10511
2010 0.11163 0.5163 0.15618 0.07484 0.03067 0.11038
2011 0.11266 0.51237 0.15371 0.07368 0.03104 0.11654
2012 0.11361 0.50783 0.15098 0.07266 0.03167 0.12325
2013 0.11443 0.50286 0.14848 0.0714 0.03224 0.1306
2014 0.11556 0.49837 0.14588 0.07025 0.03263 0.13732
2015 0.11657 0.49427 0.14388 0.06934 0.03304 0.1429
2016 0.11836 0.48978 0.14244 0.06859 0.03345 0.14738
2017 0.11945 0.48341 0.14068 0.0678 0.03361 0.15507
2018 0.1205 0.47809 0.139 0.06709 0.03345 0.16187
2019 0.12095 0.4714 0.13699 0.06625 0.03381 0.1706
2020 0.12097 0.46435 0.13504 0.06533 0.03377 0.18053
2021 0.12066 0.45806 0.13285 0.06443 0.03405 0.18996
2022 0.12034 0.45125 0.13098 0.0636 0.03432 0.1995
2023 0.12027 0.4448 0.12888 0.06275 0.03426 0.20904
2024 0.11993 0.43713 0.12699 0.06202 0.0343 0.21964
Split for: MX_ML
Year RUS+WAL EAL+BER GOA SEA+NBC SBC+WA OR+CA
1970 0.04451 0.29616 0.0538 0.12209 0.07 0.41344
1971 0.04454 0.29435 0.05334 0.12004 0.07044 0.4173
1972 0.04378 0.295 0.05344 0.1197 0.07076 0.41732
1973 0.04392 0.2953 0.05346 0.11923 0.07101 0.41707
1974 0.04411 0.29595 0.05355 0.11894 0.07133 0.41613
1975 0.04429 0.29661 0.05363 0.11867 0.07165 0.41515
1976 0.04447 0.29717 0.05367 0.11833 0.07192 0.41444
1977 0.04463 0.29762 0.05367 0.11789 0.07221 0.41397
1978 0.0448 0.29811 0.05368 0.1175 0.0725 0.4134
1979 0.04497 0.29861 0.05371 0.11715 0.07281 0.41276
1980 0.04516 0.29923 0.05376 0.11685 0.07313 0.41186
1981 0.04534 0.29963 0.05373 0.11638 0.07344 0.41149
1982 0.0455 0.29994 0.05366 0.11584 0.07377 0.4113
1983 0.04565 0.30013 0.05355 0.11523 0.0741 0.41134
1984 0.04578 0.30008 0.05339 0.11449 0.07437 0.41189
1985 0.04589 0.29992 0.05319 0.11374 0.07466 0.4126
1986 0.04601 0.29966 0.05296 0.11289 0.07496 0.41353
1987 0.04611 0.29926 0.05268 0.11189 0.07525 0.41481
1988 0.0462 0.29869 0.05236 0.11088 0.07555 0.41632
1989 0.04626 0.29786 0.05197 0.10985 0.0758 0.41826
1990 0.04629 0.29679 0.05155 0.10869 0.07601 0.42067
1991 0.04635 0.29577 0.05111 0.1075 0.07629 0.42298
1992 0.0464 0.29458 0.05064 0.10621 0.07656 0.42561
1993 0.04642 0.29313 0.05011 0.10487 0.07682 0.42866
1994 0.04642 0.29141 0.04952 0.10336 0.07705 0.43224
1995 0.0464 0.28947 0.04887 0.10176 0.07729 0.43621
1996 0.04636 0.28723 0.04817 0.09999 0.0775 0.44075
1997 0.04629 0.28469 0.0474 0.09811 0.07775 0.44577
1998 0.0462 0.28182 0.04658 0.09613 0.07798 0.4513
1999 0.0461 0.27872 0.04571 0.09403 0.07815 0.45729
2000 0.04591 0.27508 0.04473 0.0918 0.07825 0.46422
2001 0.04571 0.27118 0.04371 0.08949 0.07832 0.47159
2002 0.04545 0.26682 0.04262 0.08711 0.07834 0.47967
2003 0.04517 0.26224 0.04149 0.08461 0.07831 0.48818
2004 0.04483 0.2572 0.0403 0.08199 0.07819 0.49748
2005 0.04449 0.25201 0.03911 0.07939 0.07783 0.50717
2006 0.04409 0.24643 0.03787 0.07675 0.0775 0.51735
2007 0.04356 0.24013 0.03647 0.07399 0.07737 0.52847
2008 0.04291 0.23313 0.03507 0.0711 0.07615 0.54163
2009 0.04217 0.22561 0.03363 0.0681 0.07572 0.55477
2010 0.04151 0.21837 0.03234 0.06519 0.07493 0.56766
2011 0.04068 0.21044 0.03091 0.06233 0.07363 0.58201
2012 0.03975 0.20209 0.02941 0.05955 0.07279 0.5964
2013 0.03874 0.1936 0.02799 0.05661 0.07169 0.61138
2014 0.038 0.18637 0.02671 0.0541 0.07047 0.62436
2015 0.03743 0.1805 0.02572 0.05215 0.06969 0.63451
2016 0.0373 0.17555 0.025 0.05064 0.06925 0.64227
2017 0.03651 0.16806 0.02394 0.04854 0.06747 0.65547
2018 0.0359 0.16198 0.02306 0.04681 0.06545 0.6668
2019 0.03486 0.15452 0.02198 0.04472 0.064 0.67992
2020 0.03364 0.14688 0.02091 0.04256 0.0617 0.69431
2021 0.03246 0.14016 0.0199 0.0406 0.06016 0.70671
2022 0.03134 0.13366 0.01899 0.0388 0.05871 0.71849
2023 0.03037 0.12772 0.01812 0.03711 0.05682 0.72987
2024 0.02928 0.12139 0.01726 0.03547 0.05501 0.74159
Split for: Central_Am
Year RUS+WAL EAL+BER GOA SEA+NBC SBC+WA OR+CA
1970 0 0 0 0 0.0721 0.9279
1971 0 0 0 0 0.0719 0.9281
1972 0 0 0 0 0.0722 0.9278
1973 0 0 0 0 0.07247 0.92753
1974 0 0 0 0 0.07293 0.92707
1975 0 0 0 0 0.07339 0.92661
1976 0 0 0 0 0.07377 0.92623
1977 0 0 0 0 0.07412 0.92588
1978 0 0 0 0 0.0745 0.9255
1979 0 0 0 0 0.07489 0.92511
1980 0 0 0 0 0.07535 0.92465
1981 0 0 0 0 0.07571 0.92429
1982 0 0 0 0 0.07605 0.92395
1983 0 0 0 0 0.07636 0.92364
1984 0 0 0 0 0.07653 0.92347
1985 0 0 0 0 0.07668 0.92332
1986 0 0 0 0 0.0768 0.9232
1987 0 0 0 0 0.07686 0.92314
1988 0 0 0 0 0.07688 0.92312
1989 0 0 0 0 0.07679 0.92321
1990 0 0 0 0 0.07657 0.92343
1991 0 0 0 0 0.07644 0.92356
1992 0 0 0 0 0.07626 0.92374
1993 0 0 0 0 0.076 0.924
1994 0 0 0 0 0.07563 0.92437
1995 0 0 0 0 0.0752 0.9248
1996 0 0 0 0 0.07467 0.92533
1997 0 0 0 0 0.07411 0.92589
1998 0 0 0 0 0.07347 0.92653
1999 0 0 0 0 0.07273 0.92727
2000 0 0 0 0 0.0718 0.9282
2001 0 0 0 0 0.07083 0.92917
2002 0 0 0 0 0.06973 0.93027
2003 0 0 0 0 0.06857 0.93143
2004 0 0 0 0 0.06728 0.93272
2005 0 0 0 0 0.0658 0.9342
2006 0 0 0 0 0.06433 0.93567
2007 0 0 0 0 0.06296 0.93704
2008 0 0 0 0 0.06062 0.93938
2009 0 0 0 0 0.05895 0.94105
2010 0 0 0 0 0.05712 0.94288
2011 0 0 0 0 0.05487 0.94513
2012 0 0 0 0 0.05304 0.94696
2013 0 0 0 0 0.05107 0.94893
2014 0 0 0 0 0.04925 0.95075
2015 0 0 0 0 0.04799 0.95201
2016 0 0 0 0 0.04715 0.95285
2017 0 0 0 0 0.04511 0.95489
2018 0 0 0 0 0.04311 0.95689
2019 0 0 0 0 0.04141 0.95859
2020 0 0 0 0 0.03918 0.96082
2021 0 0 0 0 0.0376 0.9624
2022 0 0 0 0 0.03615 0.96385
2023 0 0 0 0 0.03449 0.96551
2024 0 0 0 0 0.03292 0.96708

Difference in mortality over time
Difference for: Asia
Year RUS+WAL EAL+BER GOA SEA+NBC SBC+WA OR+CA
1970 0 0 0 0 0 0
1971 0 0 0 0 0 0
1972 0 0 0 0 0 0
1973 0 0 0 0 0 0
1974 0 0 0 0 0 0
1975 0 0 0 0 0 0
1976 0 0 0 0 0 0
1977 0 0 0 0 0 0
1978 0 0 0 0 0 0
1979 0 0 0 0 0 0
1980 0 0 0 0 0 0
1981 0 0 0 0 0 0
1982 0 0 0 0 0 0
1983 0 0 0 0 0 0
1984 0 0 0 0 0 0
1985 0 0 0 0 0 0
1986 0 0 0 0 0 0
1987 0 0 0 0 0 0
1988 0 0 0 0 0 0
1989 0 0 0 0 0 0
1990 0 0 0 0 0 0
1991 0 0 0 0 0 0
1992 0 0 0 0 0 0
1993 0 0 0 0 0 0
1994 0 0 0 0 0 0
1995 0 0 0 0 0 0
1996 0 0 0 0 0 0
1997 0 0 0 0 0 0
1998 0 0 0 0 0 0
1999 0 0 0 0 0 0
2000 0 0 0 0 0 0
2001 0 0 0 0 0 0
2002 0 0 0 0 0 0
2003 0 0 0 0 0 0
2004 0 0 0 0 0 0
2005 0 0 0 0 0 0
2006 0 0 0 0 0 0
2007 0 0 0 0 0 0
2008 0 0 0 0 0 0
2009 0 0 0 0 0 0
2010 0 0 0 0 0 0
2011 0 0 0 0 0 0
2012 0 0 0 0 0 0
2013 0 0 0 0 0 0
2014 0 0 0 0 0 0
2015 0 0 0 0 0 0
2016 0 0 0 0 0 0
2017 0 0 0 0 0 0
2018 0 0 0 0 0 0
2019 0 0 0 0 0 0
2020 0 0 0 0 0 0
2021 0 0 0 0 0 0
2022 0 0 0 0 0 0
2023 0 0 0 0 0 0
Difference for: Hawaii
Year RUS+WAL EAL+BER GOA SEA+NBC SBC+WA OR+CA
1970 0 0 0 0 0 0
1971 0 0 0 0 0 0
1972 0 0 0 0 0 0
1973 0 0 0 0 0 0
1974 0 0 0 0 0 0
1975 0 0 0 0 0 0
1976 0 0 0 0 0 0
1977 0 0 0 0 0 0
1978 0 0 0 0 0 0
1979 0 0 0 0 0 0
1980 0 0 0 0 0 0
1981 0 0 0 0 0 0
1982 0 0 0 0 0 0
1983 0 0 0 0 0 0
1984 0 0 0 0 0 0
1985 0 0 0 0 0 0
1986 0 0 0 0 0 0
1987 0 0 0 0 0 0
1988 0 0 0 0 0 0
1989 0 0 0 0 0 0
1990 0 0 0 0 0 0
1991 0 0 0 0 0 0
1992 0 0 0 0 0 0
1993 0 0 0 0 0 0
1994 0 0 0 0 0 0
1995 0 0 0 0 0 0
1996 0 0 0 0 0 0
1997 0 0 0 0 0 0
1998 0 0 0 0 0 0
1999 0 0 0 0 0 0
2000 0 0 0 0 0 0
2001 0 0 0 0 0 0
2002 0 0 0 0 0 0
2003 0 0 0 0 0 0
2004 0 0 0 0 0 0
2005 0 0 0 0 0 0
2006 0 0 0 0 0 0
2007 0 0 0 0 0 0
2008 0 0 0 0 0 0
2009 0 0 0 0 0 0
2010 0 0 0 0 0 0
2011 0 0 0 0 0 0
2012 0 0 0 0 0 0
2013 0 0 0 0 0 0
2014 0 0 0 0 0 0
2015 0 0 0 0 0 0
2016 0 0 0 0 0 0
2017 0 0 0 0 0 0
2018 0 0 0 0 0 0
2019 0 0 0 0 0 0
2020 0 0 0 0 0 0
2021 0 0 0 0 0 0
2022 0 0 0 0 0 0
2023 0 0 0 0 0 0
Difference for: MX_AR
Year RUS+WAL EAL+BER GOA SEA+NBC SBC+WA OR+CA
1970 0 0 0 0 0 0
1971 0 0 0 0 0 0
1972 0 0 0 0 0 0
1973 0 0 0 0 0 0
1974 0 0 0 0 0 0
1975 0 0 0 0 0 0
1976 0 0 0 0 0 0
1977 0 0 0 0 0 0
1978 0 0 0 0 0 0
1979 0 0 0 0 0 0
1980 0 0 0 0 0 0
1981 0 0 0 0 0 0
1982 0 0 0 0 0 0
1983 0 0 0 0 0 0
1984 0 0 0 0 0 0
1985 0 0 0 0 0 0
1986 0 0 0 0 0 0
1987 0 0 0 0 0 0
1988 0 0 0 0 0 0
1989 0 0 0 0 0 0
1990 0 0 0 0 0 0
1991 0 0 0 0 0 0
1992 0 0 0 0 0 0
1993 0 0 0 0 0 0
1994 0 0 0 0 0 0
1995 0 0 0 0 0 0
1996 0 0 0 0 0 0
1997 0 0 0 0 0 0
1998 0 0 0 0 0 0
1999 0 0 0 0 0 0
2000 0 0 0 0 0 0
2001 0 0 0 0 0 0
2002 0 0 0 0 0 0
2003 0 0 0 0 0 0
2004 0 0 0 0 0 0
2005 0 0 0 0 0 0
2006 0 0 0 0 0 0
2007 0 0 0 0 0 0
2008 0 0 0 0 0 0
2009 0 0 0 0 0 0
2010 0 0 0 0 0 0
2011 0 0 0 0 0 0
2012 0 0 0 0 0 0
2013 0 0 0 0 0 0
2014 0 0 0 0 0 0
2015 0 0 0 0 0 0
2016 0 0 0 0 0 0
2017 0 0 0 0 0 0
2018 0 0 0 0 0 0
2019 0 0 0 0 0 0
2020 0 0 0 0 0 0
2021 0 0 0 0 0 0
2022 0 0 0 0 0 0
2023 0 0 0 0 0 0
Difference for: MX_ML
Year RUS+WAL EAL+BER GOA SEA+NBC SBC+WA OR+CA
1970 0 0 0 0 0 0
1971 0 0 0 0 0 0
1972 0 0 0 0 0 0
1973 0 0 0 0 0 0
1974 0 0 0 0 0 0
1975 0 0 0 0 0 0
1976 0 0 0 0 0 0
1977 0 0 0 0 0 0
1978 0 0 0 0 0 0
1979 0 0 0 0 0 0
1980 0 0 0 0 0 0
1981 0 0 0 0 0 0
1982 0 0 0 0 0 0
1983 0 0 0 0 0 0
1984 0 0 0 0 0 0
1985 0 0 0 0 0 0
1986 0 0 0 0 0 0
1987 0 0 0 0 0 0
1988 0 0 0 0 0 0
1989 0 0 0 0 0 0
1990 0 0 0 0 0 0
1991 0 0 0 0 0 0
1992 0 0 0 0 0 0
1993 0 0 0 0 0 0
1994 0 0 0 0 0 0
1995 0 0 0 0 0 0
1996 0 0 0 0 0 0
1997 0 0 0 0 0 0
1998 0 0 0 0 0 0
1999 0 0 0 0 0 0
2000 0 0 0 0 0 0
2001 0 0 0 0 0 0
2002 0 0 0 0 0 0
2003 0 0 0 0 0 0
2004 0 0 0 0 0 0
2005 0 0 0 0 0 0
2006 0 0 0 0 0 0
2007 0 0 0 0 0 0
2008 0 0 0 0 0 0
2009 0 0 0 0 0 0
2010 0 0 0 0 0 0
2011 0 0 0 0 0 0
2012 0 0 0 0 0 0
2013 0 0 0 0 0 0
2014 0 0 0 0 0 0
2015 0 0 0 0 0 0
2016 0 0 0 0 0 0
2017 0 0 0 0 0 0
2018 0 0 0 0 0 0
2019 0 0 0 0 0 0
2020 0 0 0 0 0 0
2021 0 0 0 0 0 0
2022 0 0 0 0 0 0
2023 0 0 0 0 0 0
Difference for: Central_Am
Year RUS+WAL EAL+BER GOA SEA+NBC SBC+WA OR+CA
1970 0 0 0 0 0 0
1971 0 0 0 0 0 0
1972 0 0 0 0 0 0
1973 0 0 0 0 0 0
1974 0 0 0 0 0 0
1975 0 0 0 0 0 0
1976 0 0 0 0 0 0
1977 0 0 0 0 0 0
1978 0 0 0 0 0 0
1979 0 0 0 0 0 0
1980 0 0 0 0 0 0
1981 0 0 0 0 0 0
1982 0 0 0 0 0 0
1983 0 0 0 0 0 0
1984 0 0 0 0 0 0
1985 0 0 0 0 0 0
1986 0 0 0 0 0 0
1987 0 0 0 0 0 0
1988 0 0 0 0 0 0
1989 0 0 0 0 0 0
1990 0 0 0 0 0 0
1991 0 0 0 0 0 0
1992 0 0 0 0 0 0
1993 0 0 0 0 0 0
1994 0 0 0 0 0 0
1995 0 0 0 0 0 0
1996 0 0 0 0 0 0
1997 0 0 0 0 0 0
1998 0 0 0 0 0 0
1999 0 0 0 0 0 0
2000 0 0 0 0 0 0
2001 0 0 0 0 0 0
2002 0 0 0 0 0 0
2003 0 0 0 0 0 0
2004 0 0 0 0 0 0
2005 0 0 0 0 0 0
2006 0 0 0 0 0 0
2007 0 0 0 0 0 0
2008 0 0 0 0 0 0
2009 0 0 0 0 0 0
2010 0 0 0 0 0 0
2011 0 0 0 0 0 0
2012 0 0 0 0 0 0
2013 0 0 0 0 0 0
2014 0 0 0 0 0 0
2015 0 0 0 0 0 0
2016 0 0 0 0 0 0
2017 0 0 0 0 0 0
2018 0 0 0 0 0 0
2019 0 0 0 0 0 0
2020 0 0 0 0 0 0
2021 0 0 0 0 0 0
2022 0 0 0 0 0 0
2023 0 0 0 0 0 0

Total survival over time
Values for breeding stock: Asia
Year RUS+WAL EAL+BER GOA SEA+NBC SBC+WA OR+CA
1970 0.999 0.992 0 0 0 0
1971 1.277 1.271 0 0 0 0
1972 1.191 1.214 0 0 0 0
1973 1.175 1.172 0 0 0 0
1974 1.145 1.143 0 0 0 0
1975 1.124 1.122 0 0 0 0
1976 1.107 1.105 0 0 0 0
1977 1.094 1.092 0 0 0 0
1978 1.083 1.081 0 0 0 0
1979 1.074 1.072 0 0 0 0
1980 1.066 1.064 0 0 0 0
1981 1.084 1.082 0 0 0 0
1982 1.098 1.095 0 0 0 0
1983 1.105 1.103 0 0 0 0
1984 1.109 1.106 0 0 0 0
1985 1.109 1.106 0 0 0 0
1986 1.108 1.105 0 0 0 0
1987 1.104 1.101 0 0 0 0
1988 1.1 1.097 0 0 0 0
1989 1.095 1.092 0 0 0 0
1990 1.09 1.086 0 0 0 0
1991 1.088 1.084 0 0 0 0
1992 1.087 1.082 0 0 0 0
1993 1.087 1.082 0 0 0 0
1994 1.087 1.082 0 0 0 0
1995 1.087 1.081 0 0 0 0
1996 1.086 1.08 0 0 0 0
1997 1.085 1.079 0 0 0 0
1998 1.084 1.076 0 0 0 0
1999 1.081 1.074 0 0 0 0
2000 1.079 1.071 0 0 0 0
2001 1.076 1.068 0 0 0 0
2002 1.073 1.065 0 0 0 0
2003 1.071 1.062 0 0 0 0
2004 1.068 1.059 0 0 0 0
2005 1.065 1.056 0 0 0 0
2006 1.063 1.053 0 0 0 0
2007 1.06 1.05 0 0 0 0
2008 1.058 1.047 0 0 0 0
2009 1.055 1.043 0 0 0 0
2010 1.052 1.039 0 0 0 0
2011 1.049 1.036 0 0 0 0
2012 1.046 1.033 0 0 0 0
2013 1.035 1.023 0 0 0 0
2014 1.051 1.038 0 0 0 0
2015 1.003 0.99 0 0 0 0
2016 1.04 1.025 0 0 0 0
2017 1.038 1.022 0 0 0 0
2018 1.033 1.018 0 0 0 0
2019 1.037 1.023 0 0 0 0
2020 1.021 1.008 0 0 0 0
2021 1.018 1.006 0 0 0 0
2022 1.016 1.003 0 0 0 0
2023 1.014 1 0 0 0 0
Values for breeding stock: Hawaii
Year RUS+WAL EAL+BER GOA SEA+NBC SBC+WA OR+CA
1970 1.008 1.001 0.991 0.997 1.006 0
1971 1.287 1.281 1.282 1.275 1.288 0
1972 1.199 1.223 1.222 1.216 1.226 0
1973 1.183 1.181 1.18 1.175 1.184 0
1974 1.153 1.151 1.15 1.145 1.154 0
1975 1.131 1.129 1.128 1.124 1.132 0
1976 1.114 1.112 1.111 1.107 1.114 0
1977 1.101 1.099 1.098 1.094 1.101 0
1978 1.09 1.088 1.087 1.083 1.09 0
1979 1.081 1.079 1.078 1.075 1.081 0
1980 1.074 1.072 1.071 1.067 1.074 0
1981 1.092 1.09 1.088 1.085 1.092 0
1982 1.105 1.103 1.101 1.097 1.106 0
1983 1.113 1.11 1.108 1.104 1.114 0
1984 1.116 1.114 1.111 1.107 1.117 0
1985 1.117 1.114 1.111 1.108 1.118 0
1986 1.115 1.112 1.108 1.105 1.116 0
1987 1.112 1.108 1.105 1.101 1.113 0
1988 1.107 1.104 1.1 1.097 1.109 0
1989 1.102 1.099 1.095 1.093 1.104 0
1990 1.097 1.094 1.09 1.087 1.099 0
1991 1.095 1.091 1.087 1.084 1.097 0
1992 1.094 1.09 1.085 1.082 1.096 0
1993 1.094 1.089 1.084 1.082 1.096 0
1994 1.094 1.089 1.084 1.081 1.096 0
1995 1.094 1.089 1.083 1.08 1.097 0
1996 1.094 1.088 1.082 1.079 1.097 0
1997 1.093 1.086 1.08 1.077 1.097 0
1998 1.091 1.084 1.078 1.075 1.095 0
1999 1.089 1.082 1.075 1.071 1.093 0
2000 1.086 1.079 1.072 1.069 1.091 0
2001 1.084 1.076 1.068 1.065 1.088 0
2002 1.081 1.073 1.065 1.063 1.086 0
2003 1.079 1.07 1.062 1.059 1.083 0
2004 1.076 1.067 1.059 1.056 1.081 0
2005 1.074 1.064 1.056 1.053 1.075 0
2006 1.071 1.061 1.053 1.05 1.074 0
2007 1.069 1.059 1.048 1.048 1.078 0
2008 1.067 1.056 1.047 1.045 1.064 0
2009 1.064 1.053 1.044 1.042 1.074 0
2010 1.062 1.049 1.042 1.037 1.065 0
2011 1.059 1.046 1.038 1.037 1.06 0
2012 1.056 1.043 1.034 1.036 1.066 0
2013 1.053 1.041 1.033 1.031 1.063 0
2014 1.051 1.037 1.028 1.027 1.054 0
2015 1.048 1.034 1.026 1.025 1.051 0
2016 1.048 1.032 1.027 1.025 1.05 0
2017 1.045 1.03 1.025 1.025 1.045 0
2018 1.042 1.028 1.023 1.022 1.031 0
2019 1.04 1.025 1.02 1.02 1.043 0
2020 1.036 1.023 1.021 1.019 1.033 0
2021 1.035 1.022 1.017 1.017 1.037 0
2022 1.033 1.02 1.018 1.017 1.038 0
2023 1.032 1.018 1.014 1.014 1.029 0
Values for breeding stock: MX_AR
Year RUS+WAL EAL+BER GOA SEA+NBC SBC+WA OR+CA
1970 1.008 1.001 0.991 0.997 1.006 0.962
1971 1.287 1.281 1.282 1.275 1.288 1.284
1972 1.199 1.223 1.222 1.216 1.226 1.221
1973 1.183 1.181 1.18 1.175 1.184 1.179
1974 1.153 1.151 1.15 1.146 1.154 1.146
1975 1.131 1.129 1.128 1.124 1.132 1.124
1976 1.114 1.112 1.111 1.107 1.114 1.107
1977 1.101 1.099 1.098 1.094 1.101 1.094
1978 1.09 1.088 1.087 1.083 1.09 1.083
1979 1.081 1.079 1.078 1.075 1.081 1.074
1980 1.074 1.072 1.071 1.067 1.074 1.066
1981 1.092 1.09 1.088 1.085 1.092 1.085
1982 1.105 1.103 1.101 1.097 1.106 1.099
1983 1.113 1.11 1.108 1.104 1.114 1.108
1984 1.116 1.114 1.111 1.107 1.117 1.114
1985 1.117 1.114 1.111 1.108 1.118 1.115
1986 1.115 1.112 1.108 1.105 1.116 1.114
1987 1.112 1.108 1.105 1.101 1.113 1.111
1988 1.107 1.104 1.1 1.097 1.109 1.107
1989 1.102 1.099 1.095 1.093 1.104 1.104
1990 1.097 1.094 1.09 1.087 1.099 1.1
1991 1.095 1.091 1.087 1.084 1.097 1.097
1992 1.094 1.09 1.085 1.082 1.096 1.097
1993 1.094 1.089 1.084 1.082 1.096 1.098
1994 1.094 1.089 1.084 1.081 1.096 1.1
1995 1.094 1.089 1.083 1.081 1.097 1.101
1996 1.094 1.088 1.082 1.079 1.097 1.102
1997 1.093 1.086 1.08 1.077 1.097 1.103
1998 1.091 1.084 1.078 1.075 1.095 1.102
1999 1.089 1.082 1.075 1.071 1.093 1.101
2000 1.087 1.079 1.072 1.069 1.091 1.102
2001 1.084 1.076 1.068 1.066 1.088 1.1
2002 1.081 1.073 1.065 1.063 1.086 1.099
2003 1.079 1.07 1.062 1.059 1.083 1.098
2004 1.076 1.067 1.059 1.056 1.081 1.098
2005 1.074 1.064 1.056 1.053 1.075 1.096
2006 1.071 1.061 1.053 1.05 1.074 1.095
2007 1.069 1.059 1.048 1.048 1.078 1.097
2008 1.067 1.056 1.047 1.045 1.064 1.101
2009 1.064 1.053 1.044 1.042 1.074 1.1
2010 1.062 1.049 1.042 1.037 1.065 1.094
2011 1.059 1.046 1.038 1.037 1.06 1.098
2012 1.056 1.043 1.034 1.036 1.066 1.098
2013 1.053 1.041 1.033 1.031 1.063 1.098
2014 1.051 1.038 1.028 1.028 1.055 1.086
2015 1.048 1.034 1.026 1.025 1.051 1.07
2016 1.048 1.032 1.027 1.025 1.05 1.059
2017 1.045 1.03 1.025 1.025 1.045 1.081
2018 1.042 1.028 1.023 1.022 1.031 1.069
2019 1.04 1.025 1.02 1.02 1.043 1.081
2020 1.036 1.024 1.021 1.019 1.033 1.086
2021 1.035 1.022 1.017 1.017 1.037 1.078
2022 1.033 1.02 1.018 1.017 1.038 1.079
2023 1.032 1.018 1.014 1.014 1.029 1.077
Values for breeding stock: MX_ML
Year RUS+WAL EAL+BER GOA SEA+NBC SBC+WA OR+CA
1970 1.003 0.996 0.986 0.992 1.001 0.957
1971 1.281 1.275 1.276 1.269 1.282 1.278
1972 1.194 1.217 1.217 1.211 1.22 1.215
1973 1.179 1.176 1.175 1.17 1.179 1.174
1974 1.149 1.147 1.146 1.141 1.15 1.142
1975 1.127 1.125 1.124 1.12 1.128 1.12
1976 1.11 1.108 1.107 1.103 1.11 1.103
1977 1.097 1.095 1.094 1.09 1.097 1.09
1978 1.086 1.085 1.084 1.08 1.086 1.079
1979 1.077 1.075 1.075 1.071 1.077 1.07
1980 1.07 1.068 1.067 1.064 1.07 1.062
1981 1.088 1.086 1.085 1.081 1.088 1.082
1982 1.101 1.099 1.097 1.093 1.102 1.095
1983 1.109 1.107 1.104 1.101 1.11 1.104
1984 1.113 1.11 1.107 1.104 1.113 1.11
1985 1.113 1.11 1.107 1.104 1.114 1.111
1986 1.112 1.108 1.105 1.102 1.113 1.11
1987 1.108 1.105 1.101 1.097 1.11 1.107
1988 1.104 1.101 1.097 1.094 1.106 1.104
1989 1.099 1.096 1.092 1.089 1.101 1.101
1990 1.094 1.091 1.087 1.084 1.096 1.097
1991 1.092 1.088 1.084 1.081 1.094 1.094
1992 1.091 1.087 1.082 1.079 1.093 1.093
1993 1.091 1.086 1.081 1.079 1.093 1.095
1994 1.091 1.086 1.081 1.078 1.093 1.097
1995 1.091 1.086 1.08 1.078 1.094 1.098
1996 1.091 1.085 1.079 1.076 1.094 1.099
1997 1.09 1.084 1.077 1.074 1.094 1.1
1998 1.088 1.081 1.075 1.072 1.092 1.099
1999 1.086 1.079 1.072 1.069 1.09 1.098
2000 1.084 1.076 1.069 1.066 1.088 1.099
2001 1.081 1.073 1.066 1.063 1.086 1.097
2002 1.079 1.07 1.062 1.06 1.083 1.097
2003 1.076 1.067 1.059 1.057 1.081 1.095
2004 1.074 1.064 1.056 1.053 1.078 1.095
2005 1.071 1.061 1.053 1.05 1.072 1.092
2006 1.069 1.059 1.05 1.048 1.072 1.092
2007 1.067 1.056 1.045 1.046 1.075 1.094
2008 1.064 1.053 1.044 1.043 1.061 1.098
2009 1.062 1.05 1.041 1.039 1.071 1.097
2010 1.059 1.046 1.04 1.035 1.062 1.091
2011 1.056 1.043 1.035 1.034 1.057 1.095
2012 1.053 1.04 1.031 1.033 1.063 1.095
2013 1.051 1.038 1.03 1.029 1.06 1.095
2014 1.048 1.035 1.025 1.025 1.052 1.082
2015 1.045 1.031 1.023 1.022 1.048 1.067
2016 1.045 1.029 1.024 1.022 1.047 1.056
2017 1.042 1.027 1.023 1.023 1.042 1.078
2018 1.04 1.025 1.02 1.02 1.028 1.067
2019 1.037 1.023 1.018 1.018 1.041 1.078
2020 1.032 1.019 1.016 1.015 1.028 1.081
2021 1.032 1.019 1.014 1.015 1.035 1.076
2022 1.031 1.018 1.016 1.015 1.036 1.077
2023 1.029 1.015 1.011 1.011 1.026 1.073
Values for breeding stock: Central_Am
Year RUS+WAL EAL+BER GOA SEA+NBC SBC+WA OR+CA
1970 0 0 0 0 1 0.957
1971 0 0 0 0 1.282 1.277
1972 0 0 0 0 1.221 1.215
1973 0 0 0 0 1.178 1.173
1974 0 0 0 0 1.149 1.141
1975 0 0 0 0 1.127 1.12
1976 0 0 0 0 1.11 1.103
1977 0 0 0 0 1.097 1.09
1978 0 0 0 0 1.085 1.078
1979 0 0 0 0 1.077 1.069
1980 0 0 0 0 1.069 1.061
1981 0 0 0 0 1.088 1.081
1982 0 0 0 0 1.101 1.095
1983 0 0 0 0 1.109 1.104
1984 0 0 0 0 1.113 1.11
1985 0 0 0 0 1.114 1.11
1986 0 0 0 0 1.112 1.11
1987 0 0 0 0 1.109 1.107
1988 0 0 0 0 1.105 1.103
1989 0 0 0 0 1.1 1.1
1990 0 0 0 0 1.095 1.097
1991 0 0 0 0 1.093 1.093
1992 0 0 0 0 1.093 1.093
1993 0 0 0 0 1.093 1.094
1994 0 0 0 0 1.093 1.096
1995 0 0 0 0 1.093 1.098
1996 0 0 0 0 1.094 1.099
1997 0 0 0 0 1.094 1.1
1998 0 0 0 0 1.092 1.099
1999 0 0 0 0 1.09 1.098
2000 0 0 0 0 1.088 1.099
2001 0 0 0 0 1.086 1.097
2002 0 0 0 0 1.083 1.097
2003 0 0 0 0 1.08 1.095
2004 0 0 0 0 1.078 1.095
2005 0 0 0 0 1.073 1.093
2006 0 0 0 0 1.072 1.092
2007 0 0 0 0 1.076 1.094
2008 0 0 0 0 1.062 1.098
2009 0 0 0 0 1.071 1.097
2010 0 0 0 0 1.063 1.092
2011 0 0 0 0 1.057 1.095
2012 0 0 0 0 1.064 1.095
2013 0 0 0 0 1.061 1.096
2014 0 0 0 0 1.053 1.083
2015 0 0 0 0 1.049 1.068
2016 0 0 0 0 1.048 1.057
2017 0 0 0 0 1.043 1.079
2018 0 0 0 0 1.029 1.067
2019 0 0 0 0 1.042 1.079
2020 0 0 0 0 1.03 1.083
2021 0 0 0 0 1.035 1.076
2022 0 0 0 0 1.036 1.077
2023 0 0 0 0 1.027 1.074

Numbers over time by herd
Values for breeding stock: Asia
Year RUS+WAL EAL+BER GOA SEA+NBC SBC+WA OR+CA
1970 15 3 0 0 0 0
1971 37 7 0 0 0 0
1972 53 10 0 0 0 0
1973 69 13 0 0 0 0
1974 84 16 0 0 0 0
1975 97 18 0 0 0 0
1976 96 18 0 0 0 0
1977 95 18 0 0 0 0
1978 94 17 0 0 0 0
1979 93 17 0 0 0 0
1980 92 17 0 0 0 0
1981 96 18 0 0 0 0
1982 104 19 0 0 0 0
1983 115 21 0 0 0 0
1984 129 23 0 0 0 0
1985 145 26 0 0 0 0
1986 160 29 0 0 0 0
1987 174 31 0 0 0 0
1988 186 33 0 0 0 0
1989 196 35 0 0 0 0
1990 206 37 0 0 0 0
1991 215 38 0 0 0 0
1992 225 40 0 0 0 0
1993 236 41 0 0 0 0
1994 250 43 0 0 0 0
1995 265 46 0 0 0 0
1996 281 48 0 0 0 0
1997 299 51 0 0 0 0
1998 316 53 0 0 0 0
1999 333 56 0 0 0 0
2000 349 58 0 0 0 0
2001 365 60 0 0 0 0
2002 379 62 0 0 0 0
2003 392 63 0 0 0 0
2004 405 64 0 0 0 0
2005 417 66 0 0 0 0
2006 429 67 0 0 0 0
2007 440 67 0 0 0 0
2008 451 68 0 0 0 0
2009 460 68 0 0 0 0
2010 468 68 0 0 0 0
2011 474 68 0 0 0 0
2012 479 68 0 0 0 0
2013 479 66 0 0 0 0
2014 486 66 0 0 0 0
2015 470 63 0 0 0 0
2016 473 62 0 0 0 0
2017 475 61 0 0 0 0
2018 474 59 0 0 0 0
2019 475 58 0 0 0 0
2020 468 57 0 0 0 0
2021 459 55 0 0 0 0
2022 449 53 0 0 0 0
2023 440 51 0 0 0 0
Values for breeding stock: Hawaii
Year RUS+WAL EAL+BER GOA SEA+NBC SBC+WA OR+CA
1970 4 48 27 115 7 0
1971 11 117 66 276 17 0
1972 16 172 97 403 25 0
1973 21 225 126 522 33 0
1974 25 274 154 634 40 0
1975 30 321 180 739 47 0
1976 29 318 178 730 47 0
1977 29 316 176 720 46 0
1978 29 313 175 711 46 0
1979 29 310 173 702 46 0
1980 29 308 172 693 46 0
1981 30 323 180 723 48 0
1982 33 351 195 782 52 0
1983 37 391 216 865 59 0
1984 41 441 243 969 66 0
1985 47 499 274 1089 75 0
1986 52 552 302 1198 84 0
1987 57 600 327 1292 92 0
1988 61 643 349 1375 99 0
1989 65 682 369 1449 105 0
1990 69 716 385 1510 111 0
1991 72 750 402 1570 117 0
1992 76 786 419 1633 124 0
1993 81 827 438 1704 131 0
1994 86 874 460 1786 140 0
1995 92 927 485 1878 150 0
1996 98 985 512 1976 161 0
1997 105 1045 540 2075 173 0
1998 112 1105 566 2171 185 0
1999 118 1162 591 2259 198 0
2000 125 1216 613 2339 210 0
2001 131 1266 633 2408 222 0
2002 138 1312 650 2467 234 0
2003 144 1353 664 2516 245 0
2004 149 1392 676 2556 257 0
2005 155 1427 686 2590 267 0
2006 161 1459 695 2619 278 0
2007 166 1489 701 2644 291 0
2008 172 1515 706 2662 300 0
2009 177 1536 710 2671 313 0
2010 182 1550 712 2667 323 0
2011 186 1560 710 2662 331 0
2012 190 1564 706 2655 342 0
2013 193 1563 701 2634 351 0
2014 196 1557 692 2604 357 0
2015 197 1545 683 2572 362 0
2016 200 1531 676 2544 366 0
2017 203 1513 668 2519 369 0
2018 204 1494 659 2488 366 0
2019 205 1473 650 2457 370 0
2020 205 1452 641 2424 370 0
2021 204 1429 629 2386 372 0
2022 203 1407 620 2353 375 0
2023 203 1385 609 2319 374 0
Values for breeding stock: MX_AR
Year RUS+WAL EAL+BER GOA SEA+NBC SBC+WA OR+CA
1970 3 16 6 3 1 2
1971 7 39 14 8 2 5
1972 10 57 21 11 2 7
1973 13 75 28 15 3 9
1974 15 91 34 18 4 11
1975 18 107 39 21 4 12
1976 18 106 39 20 4 12
1977 18 105 39 20 4 12
1978 18 104 38 20 4 12
1979 18 103 38 20 4 12
1980 18 102 38 19 4 12
1981 18 107 39 20 5 12
1982 20 117 43 22 5 13
1983 22 130 47 24 6 15
1984 25 146 53 27 6 17
1985 29 166 60 31 7 19
1986 32 183 66 34 8 21
1987 35 199 72 36 9 23
1988 38 214 77 39 9 25
1989 40 227 81 41 10 26
1990 42 238 84 42 11 28
1991 44 249 88 44 11 29
1992 47 261 92 46 12 31
1993 50 275 96 48 12 33
1994 53 290 101 50 13 35
1995 56 308 106 53 14 38
1996 60 328 112 55 15 41
1997 64 348 118 58 16 45
1998 68 367 124 61 18 48
1999 73 386 129 63 19 52
2000 77 404 134 66 20 56
2001 81 421 139 67 21 60
2002 84 436 142 69 22 64
2003 88 450 145 70 23 69
2004 92 463 148 72 24 74
2005 95 474 150 73 25 79
2006 99 485 152 73 26 84
2007 102 495 154 74 28 90
2008 105 504 155 75 28 96
2009 109 511 156 75 30 103
2010 111 516 156 75 31 110
2011 114 519 156 75 31 118
2012 116 520 155 74 32 126
2013 118 520 153 74 33 135
2014 120 518 152 73 34 143
2015 121 514 150 72 34 149
2016 123 509 148 71 35 153
2017 124 503 146 71 35 161
2018 125 497 145 70 35 168
2019 126 490 142 69 35 177
2020 126 483 140 68 35 188
2021 125 475 138 67 35 197
2022 125 468 136 66 36 207
2023 125 461 134 65 35 217
Values for breeding stock: MX_ML
Year RUS+WAL EAL+BER GOA SEA+NBC SBC+WA OR+CA
1970 2 11 2 5 3 16
1971 4 27 5 11 7 39
1972 6 40 7 16 10 57
1973 8 52 9 21 12 73
1974 9 63 11 25 15 89
1975 11 74 13 29 18 103
1976 11 73 13 29 18 101
1977 11 72 13 28 17 100
1978 11 71 13 28 17 99
1979 11 70 13 28 17 97
1980 10 69 12 27 17 96
1981 11 73 13 28 18 100
1982 12 79 14 30 19 108
1983 13 87 16 34 22 120
1984 15 98 17 37 24 135
1985 17 111 20 42 28 152
1986 19 122 22 46 31 168
1987 20 132 23 49 33 183
1988 22 141 25 52 36 197
1989 23 149 26 55 38 210
1990 24 156 27 57 40 222
1991 26 163 28 59 42 234
1992 27 171 29 62 44 247
1993 28 179 31 64 47 262
1994 30 189 32 67 50 280
1995 32 200 34 70 53 301
1996 34 212 36 74 57 325
1997 36 224 37 77 61 351
1998 39 236 39 81 65 378
1999 41 248 41 84 70 407
2000 43 259 42 86 74 437
2001 45 269 43 89 78 467
2002 47 278 44 91 82 499
2003 49 286 45 92 85 532
2004 51 293 46 94 89 567
2005 53 300 47 94 93 604
2006 55 306 47 95 96 642
2007 57 312 47 96 100 686
2008 58 316 48 96 103 735
2009 60 320 48 97 107 786
2010 61 322 48 96 110 837
2011 62 323 47 96 113 894
2012 64 323 47 95 116 953
2013 64 322 47 94 119 1017
2014 65 320 46 93 121 1072
2015 66 317 45 91 122 1113
2016 66 313 45 90 123 1144
2017 67 308 44 89 124 1202
2018 67 304 43 88 123 1250
2019 67 299 42 86 124 1314
2020 67 293 42 85 123 1385
2021 67 288 41 83 124 1451
2022 66 283 40 82 124 1520
2023 66 278 39 81 123 1586
Values for breeding stock: Central_Am
Year RUS+WAL EAL+BER GOA SEA+NBC SBC+WA OR+CA
1970 0 0 0 0 1 8
1971 0 0 0 0 2 20
1972 0 0 0 0 2 30
1973 0 0 0 0 3 38
1974 0 0 0 0 4 46
1975 0 0 0 0 4 54
1976 0 0 0 0 4 53
1977 0 0 0 0 4 52
1978 0 0 0 0 4 51
1979 0 0 0 0 4 50
1980 0 0 0 0 4 50
1981 0 0 0 0 4 52
1982 0 0 0 0 5 56
1983 0 0 0 0 5 62
1984 0 0 0 0 6 70
1985 0 0 0 0 7 79
1986 0 0 0 0 7 87
1987 0 0 0 0 8 95
1988 0 0 0 0 8 102
1989 0 0 0 0 9 108
1990 0 0 0 0 9 114
1991 0 0 0 0 10 121
1992 0 0 0 0 11 127
1993 0 0 0 0 11 135
1994 0 0 0 0 12 144
1995 0 0 0 0 13 155
1996 0 0 0 0 14 168
1997 0 0 0 0 14 181
1998 0 0 0 0 15 195
1999 0 0 0 0 16 210
2000 0 0 0 0 17 225
2001 0 0 0 0 18 241
2002 0 0 0 0 19 257
2003 0 0 0 0 20 274
2004 0 0 0 0 21 292
2005 0 0 0 0 22 311
2006 0 0 0 0 23 331
2007 0 0 0 0 24 353
2008 0 0 0 0 24 378
2009 0 0 0 0 25 405
2010 0 0 0 0 26 431
2011 0 0 0 0 27 461
2012 0 0 0 0 28 492
2013 0 0 0 0 28 525
2014 0 0 0 0 29 554
2015 0 0 0 0 29 576
2016 0 0 0 0 29 592
2017 0 0 0 0 29 623
2018 0 0 0 0 29 648
2019 0 0 0 0 29 682
2020 0 0 0 0 29 720
2021 0 0 0 0 29 754
2022 0 0 0 0 30 790
2023 0 0 0 0 29 825

Catch numbers by breeding stock
Year Asia Hawaii MX_AR MX_ML Central_Am
1970 0.9 0 0 1.1 0.3
1971 0.9 0 0 1.2 0.3
1972 1 0 0 1.3 0.3
1973 1.1 0 0 1.3 0.4
1974 1.2 0.1 0 1.4 0.4
1975 1.2 0.1 0 1.5 0.4
1976 1.3 0.1 0 1.6 0.4
1977 1.4 0.1 0 1.6 0.4
1978 1.5 0.1 0 1.7 0.5
1979 1.6 0.1 0 1.8 0.5
1980 1.8 0.1 0 1.9 0.5
1981 1.9 0.1 0 2 0.5
1982 2 0.1 0 2.1 0.6
1983 2.2 0.1 0 2.2 0.6
1984 2.3 0.1 0 2.4 0.6
1985 2.5 0.1 0 2.5 0.7
1986 2.6 0.1 0 2.6 0.7
1987 2.8 0.1 0 2.8 0.7
1988 3 0.1 0 2.9 0.8
1989 3.2 0.1 0 3.1 0.8
1990 3.5 0.2 0 3.2 0.8
1991 3.7 0.2 0 3.4 0.9
1992 4 0.2 0 3.6 0.9
1993 4.3 0.2 0 3.8 1
1994 4.6 0.2 0 4 1
1995 4.9 0.2 0 4.2 1.1
1996 5.2 0.2 0 4.4 1.1
1997 5.6 0.2 0 4.7 1.2
1998 6 0.2 0 4.9 1.2
1999 6.4 0.2 0 5.2 1.3
2000 6.9 0.3 0 5.5 1.4
2001 7.3 0.3 0 5.8 1.4
2002 7.9 0 0 5.8 1.5
2003 8.4 0 0 5.8 1.6
2004 9 0 0 6.7 1.7
2005 9.6 0 0 8.1 1.8
2006 10.3 1 0 6.8 1.8
2007 11.1 0 0 7.7 1.9
2008 11.8 0 0 7.9 2
2009 12.7 0 0 9 2.1
2010 13.6 0 0 9.3 2.2
2011 14.5 0.8 0 10.6 2.4
2012 15.5 0 0 10.9 2.5
2013 28 0 0 10.8 2.6
2014 0 5 0 13 2.7
2015 72 0 0 14.2 2.9
2016 12 0.1 0 14.2 3
2017 12 0.1 0 13.4 3.2
2018 16 0.1 0 13.4 3.3
2019 4 0.4 0 13.4 1.7
2020 26.8 0.4 0 23.8 5
2021 28.6 0.4 0 12.8 4.7
2022 30.7 0.4 0 10.5 3.7
2023 32.8 0.4 0 18.4 4.2

Catch numbers by feeding ground
Year RUS+WAL EAL+BER GOA SEA+NBC SBC+WA OR+CA
1970 0 2.7 3.1 6.8 0.1 6.4
1971 0 1.8 0.1 4 0.1 1.5
1972 4 0.8 0.1 4.1 0.1 1.6
1973 0 0.8 0.1 4.3 0.1 1.7
1974 0 0.8 0.1 4.5 0.1 2.5
1975 0 0.8 0.2 4.7 0.1 2.7
1976 0 0.8 0.2 4.9 0.2 2.9
1977 0 0.8 0.2 5.2 0.2 3.1
1978 0 0.8 0.2 5.4 0.2 3.3
1979 0 1 0.2 5.6 0.2 3.5
1980 0 1 0.2 5.9 0.2 3.9
1981 0 1 0.3 6.1 0.3 4.2
1982 0 1 0.4 6.5 0.3 4.5
1983 0 1 0.4 6.7 0.3 4.8
1984 0 1 0.5 7.1 0.4 4.6
1985 0 1 0.5 6.7 0.4 5
1986 0 1 0.7 7.8 0.4 5.4
1987 0 1 0.7 10 0.5 5.8
1988 0 1.1 0.8 8.5 0.5 6.3
1989 0 0.9 0.8 6.1 0.6 6.1
1990 0 1 0.8 7.4 0.7 5.8
1991 0 1 0.9 8.2 0.7 7.6
1992 0 1.1 0.9 9.8 0.8 8.3
1993 0 1.1 1 7.1 0.9 8.6
1994 0 1.2 1 9.3 1 8.8
1995 0 1.2 1 9.3 1.1 9.6
1996 0 1.2 1.1 12.7 1.2 9.9
1997 0 1.2 1.3 12.7 0.9 10.7
1998 0 3 1.4 14.7 1.2 12
1999 0 2.6 1.4 17.4 1.7 13.5
2000 0 1.2 1.5 14.1 1.5 11.6
2001 0 1.2 1.8 16.4 1.7 13.4
2002 0 2.4 1.9 13.8 1.9 13.7
2003 0 1.4 2 18.9 2.3 16
2004 0 1.4 2.3 22 2.5 15.9
2005 0 1.6 2.3 23.3 5.8 20.1
2006 0 1.6 2.4 22.7 5.3 22.1
2007 0 0.1 7.3 18.4 0 18.1
2008 0 0.1 4.3 19.7 12.4 8.8
2009 0 0.1 4.3 24.1 0 9.8
2010 0 6.1 0.8 44.5 7 24.5
2011 0 3.1 4 28.4 11 11.9
2012 0 4.1 8.8 11.6 0 10
2013 0 0.1 4 31.6 0 4.7
2014 0 0.1 11.8 43.7 7 45.2
2015 0 4.1 12 51 9.1 103.4
2016 0 4.1 4.8 34.8 7.1 150.3
2017 0 4.1 2.1 16.3 11.1 60.3
2018 0 1.1 4 26.6 30.1 111.1
2019 0 4.1 6 27.3 9.1 61
2020 0 1.1 0 24 23 31.2
2021 0 2.2 7 33.7 13 62.4
2022 0 4.3 0.8 22.3 8 56
2023 0 3.6 9.1 40.1 19.2 59.7
