Stock structure: B1F1; Model type = BC
Mortality impacts feeding grounds
Recuitment related to unfished
Staying rate: 0
Age-at-matrity: 8
Base adult survival: 0
Mirrored survival
Sigma for survival devs: 6
Additional variance estimated
Weight for mark-recapture proportions: 1
Weight for genetics proportions: 1


Total objective fn: 290.567654895399
Negative log-likelihood fn: 193.771195846092

Natural Survival by feeding ground
RUS+WAL,EAL+BER,GOA,SEA+NBC,SBC+WA,OR+CA
1970 0.96 0.96 0.96 0.96 0.96 0.96
1971 0.96 0.96 0.96 0.96 0.96 0.96
1972 0.96 0.96 0.96 0.96 0.96 0.96
1973 0.96 0.96 0.96 0.96 0.96 0.96
1974 0.96 0.96 0.96 0.96 0.96 0.96
1975 0.96 0.96 0.96 0.96 0.96 0.96
1976 0.96 0.96 0.96 0.96 0.96 0.96
1977 0.96 0.96 0.96 0.96 0.96 0.96
1978 0.96 0.96 0.96 0.96 0.96 0.96
1979 0.96 0.96 0.96 0.96 0.96 0.96
1980 0.96 0.96 0.96 0.96 0.96 0.96
1981 0.96 0.96 0.96 0.96 0.96 0.96
1982 0.96 0.96 0.96 0.96 0.96 0.96
1983 0.96 0.96 0.96 0.96 0.96 0.96
1984 0.96 0.96 0.96 0.96 0.96 0.96
1985 0.96 0.96 0.96 0.96 0.96 0.96
1986 0.96 0.96 0.96 0.96 0.96 0.96
1987 0.96 0.96 0.96 0.96 0.96 0.96
1988 0.96 0.96 0.96 0.96 0.96 0.96
1989 0.96 0.96 0.96 0.96 0.96 0.96
1990 0.96 0.96 0.96 0.96 0.96 0.96
1991 0.96 0.96 0.96 0.96 0.96 0.96
1992 0.96 0.96 0.96 0.96 0.96 0.96
1993 0.96 0.96 0.96 0.96 0.96 0.96
1994 0.96 0.96 0.96 0.96 0.96 0.96
1995 0.96 0.96 0.96 0.96 0.96 0.96
1996 0.96 0.96 0.96 0.96 0.96 0.96
1997 0.96 0.96 0.96 0.96 0.96 0.96
1998 0.96 0.96 0.96 0.96 0.96 0.96
1999 0.96 0.96 0.96 0.96 0.96 0.96
2000 0.96 0.9766623 0.9589523 0.9589523 0.9544148 0.9570149
2001 0.96 0.9769777 0.9733872 0.9733872 0.9630447 0.9665537
2002 0.96 0.9782393 0.976465 0.976465 0.9676466 0.9751541
2003 0.96 0.9722138 0.9549193 0.9549193 0.9690553 0.9743446
2004 0.96 0.9655156 0.9757108 0.9757108 0.9690335 0.9758092
2005 0.96 0.9730832 0.9392021 0.9392021 0.9737586 0.9567859
2006 0.96 0.9585984 0.9733209 0.9733209 0.9745233 0.9081406
2007 0.96 0.9466975 0.9317504 0.9317504 0.973358 0.948699
2008 0.96 0.9484942 0.9790404 0.9790404 0.9713125 0.9402369
2009 0.96 0.9241837 0.9494288 0.9494288 0.9692037 0.9497402
2010 0.96 0.9586363 0.9755665 0.9755665 0.9692157 0.9518132
2011 0.96 0.9605521 0.9162561 0.9162561 0.9685152 0.9449171
2012 0.96 0.955547 0.969239 0.969239 0.9657216 0.9640693
2013 0.96 0.9672936 0.888727 0.888727 0.9612126 0.97734
2014 0.96 0.9676197 0.7112431 0.7112431 0.9590948 0.9846966
2015 0.96 0.9184602 0.8844219 0.8844219 0.9538585 0.9869915
2016 0.96 0.9030762 0.7545937 0.7545937 0.9560488 0.9851491
2017 0.96 0.878543 0.8468114 0.8468114 0.9596755 0.9831789
2018 0.96 0.8492044 0.9613984 0.9613984 0.9599323 0.9770699
2019 0.96 0.9556676 0.9420426 0.9420426 0.9628619 0.9692671
2020 0.96 0.9741038 0.7298629 0.7298629 0.9660447 0.9715586
2021 0.96 0.9599935 0.959999 0.959999 0.963908 0.9476787
2022 0.96 0.9599967 0.9599995 0.9599995 0.9617693 0.9541381
2023 0.96 0.96 0.96 0.96 0.96 0.96

Naturak Survival by breeding stock
RUS+WAL,EAL+BER,GOA,SEA+NBC,SBC+WA,OR+CA
1970 0.96 0.96 0.96 0.96
1971 0.96 0.96 0.96 0.96
1972 0.96 0.96 0.96 0.96
1973 0.96 0.96 0.96 0.96
1974 0.96 0.96 0.96 0.96
1975 0.96 0.96 0.96 0.96
1976 0.96 0.96 0.96 0.96
1977 0.96 0.96 0.96 0.96
1978 0.96 0.96 0.96 0.96
1979 0.96 0.96 0.96 0.96
1980 0.96 0.96 0.96 0.96
1981 0.96 0.96 0.96 0.96
1982 0.96 0.96 0.96 0.96
1983 0.96 0.96 0.96 0.96
1984 0.96 0.96 0.96 0.96
1985 0.96 0.96 0.96 0.96
1986 0.96 0.96 0.96 0.96
1987 0.96 0.96 0.96 0.96
1988 0.96 0.96 0.96 0.96
1989 0.96 0.96 0.96 0.96
1990 0.96 0.96 0.96 0.96
1991 0.96 0.96 0.96 0.96
1992 0.96 0.96 0.96 0.96
1993 0.96 0.96 0.96 0.96
1994 0.96 0.96 0.96 0.96
1995 0.96 0.96 0.96 0.96
1996 0.96 0.96 0.96 0.96
1997 0.96 0.96 0.96 0.96
1998 0.96 0.96 0.96 0.96
1999 0.96 0.96 0.96 0.96
2000 0.96 0.96 0.96 0.96
2001 0.96 0.96 0.96 0.96
2002 0.96 0.96 0.96 0.96
2003 0.96 0.96 0.96 0.96
2004 0.96 0.96 0.96 0.96
2005 0.96 0.96 0.96 0.96
2006 0.96 0.96 0.96 0.96
2007 0.96 0.96 0.96 0.96
2008 0.96 0.96 0.96 0.96
2009 0.96 0.96 0.96 0.96
2010 0.96 0.96 0.96 0.96
2011 0.96 0.96 0.96 0.96
2012 0.96 0.96 0.96 0.96
2013 0.96 0.96 0.96 0.96
2014 0.96 0.96 0.96 0.96
2015 0.96 0.96 0.96 0.96
2016 0.96 0.96 0.96 0.96
2017 0.96 0.96 0.96 0.96
2018 0.96 0.96 0.96 0.96
2019 0.96 0.96 0.96 0.96
2020 0.96 0.96 0.96 0.96
2021 0.96 0.96 0.96 0.96
2022 0.96 0.96 0.96 0.96
2023 0.96 0.96 0.96 0.96

Fecundity by feeding ground
RUS+WAL,EAL+BER,GOA,SEA+NBC,SBC+WA,OR+CA
1970 0.9592553 0.9610921 0.9602149 0.9584182 0.9632995 0.9668116
1971 0.9593413 0.9611506 0.9602316 0.9585331 0.9633313 0.9668796
1972 0.9568527 0.9585761 0.9574213 0.9554326 0.9612639 0.9656926
1973 0.9541515 0.9561151 0.9547281 0.9524941 0.9592899 0.9645797
1974 0.9516022 0.953772 0.9521586 0.9497221 0.9574096 0.963562
1975 0.9491883 0.9515399 0.9497141 0.9471057 0.9556179 0.9626167
1976 0.9469117 0.9494139 0.9473822 0.9446364 0.9539307 0.96174
1977 0.9447657 0.9473874 0.9451567 0.9423092 0.9523248 0.9609275
1978 0.9427447 0.9454572 0.9430334 0.9401143 0.9507988 0.9601803
1979 0.9408432 0.9436242 0.9410078 0.9380449 0.949347 0.9594924
1980 0.9390668 0.9418796 0.9390755 0.9360982 0.9479659 0.9588689
1981 0.9373952 0.9402174 0.9372397 0.9342602 0.9466713 0.9582989
1982 0.9350709 0.9379396 0.9347396 0.9317136 0.9448847 0.9574779
1983 0.9321716 0.9351036 0.931629 0.9285246 0.9426512 0.9564341
1984 0.9287566 0.9317692 0.9279815 0.9247745 0.9400389 0.955179
1985 0.9249 0.927991 0.9238493 0.9205073 0.9370746 0.9537632
1986 0.9206519 0.9238206 0.9193065 0.9158345 0.9337974 0.9522081
1987 0.9160783 0.9193088 0.9143929 0.9108548 0.9302669 0.9505369
1988 0.9112304 0.9145026 0.9091662 0.9055088 0.9265015 0.9487762
1989 0.9061564 0.9094382 0.9036667 0.8998125 0.9225536 0.9469154
1990 0.9009103 0.9041625 0.8979383 0.8939285 0.9184553 0.9449642
1991 0.8955215 0.8987098 0.8920293 0.8878853 0.9142177 0.9430203
1992 0.8898508 0.8929385 0.8857754 0.881547 0.9097419 0.9409814
1993 0.8837749 0.8867245 0.8790541 0.8746392 0.9049331 0.9387858
1994 0.8771971 0.8799733 0.8717536 0.867209 0.8997111 0.936386
1995 0.8700454 0.8726082 0.8637952 0.8591103 0.8940176 0.9337765
1996 0.86227 0.8645759 0.8551321 0.8503989 0.8878064 0.9309124
1997 0.8538834 0.8559363 0.8458017 0.840952 0.881026 0.927848
1998 0.8448486 0.8466425 0.8357301 0.8308117 0.8737257 0.9245484
1999 0.8351718 0.8366412 0.8249145 0.8200134 0.8659501 0.9210234
2000 0.8248835 0.82592 0.8133842 0.8083901 0.8575683 0.9171444
2001 0.8140032 0.8104786 0.8014585 0.796429 0.8497067 0.9133171
2002 0.8025475 0.7941176 0.7848067 0.7795423 0.8396265 0.9082796
2003 0.7904842 0.7761807 0.766342 0.7609832 0.828082 0.9020764
2004 0.7777991 0.7589502 0.7538353 0.7486425 0.8155274 0.8955119
2005 0.7644585 0.7428246 0.7330418 0.7278878 0.8028224 0.8883524
2006 0.7504077 0.7227748 0.7247948 0.7199792 0.7877741 0.8832348
2007 0.7356476 0.7072578 0.7027285 0.6974367 0.7703515 0.883909
2008 0.7201501 0.6954551 0.6967956 0.6916138 0.7546364 0.8781223
2009 0.7039424 0.6821063 0.6695052 0.6642229 0.7360032 0.8736838
2010 0.6870441 0.6786209 0.6552547 0.6510937 0.718324 0.8679583
2011 0.6694926 0.6588051 0.6274684 0.6235163 0.7005309 0.861173
2012 0.6513336 0.6377301 0.6292077 0.6247903 0.6796602 0.8550651
2013 0.6338564 0.6184115 0.6019587 0.5978243 0.6587874 0.8445543
2014 0.6128883 0.592116 0.6178474 0.6142555 0.6406098 0.8322324
2015 0.5989494 0.5656756 0.7072503 0.7050807 0.6231111 0.8196916
2016 0.5785482 0.5673413 0.7112724 0.7097772 0.6071662 0.8076237
2017 0.557365 0.576519 0.7606333 0.7596416 0.5901383 0.7920755
2018 0.5363177 0.5970902 0.7728051 0.7722596 0.5745775 0.7777112
2019 0.5137554 0.6290249 0.7496628 0.7492855 0.5541765 0.7622992
2020 0.4936507 0.6043701 0.7357398 0.7359252 0.534459 0.7472738
2021 0.4739217 0.5701596 0.7883791 0.7888774 0.5104976 0.7315368
2022 0.454387 0.5447287 0.7650061 0.7661097 0.4864105 0.7232527
2023 0.4353531 0.51982 0.7473082 0.7488946 0.4664962 0.7117248

Total abundance: Estimate SD_log
1970 1168.523 0.04911253
1971 1471.052 0.044727
1972 1718.579 0.04237619
1973 1949.483 0.0408776
1974 2172.132 0.03974833
1975 2382.285 0.03893234
1976 2581.228 0.03831752
1977 2769.4 0.03784588
1978 2947.408 0.03747763
1979 3115.622 0.03718857
1980 3274.381 0.03696218
1981 3507.322 0.03628074
1982 3793.968 0.03541586
1983 4127.889 0.03449784
1984 4503.67 0.03360919
1985 4916.103 0.03279589
1986 5360.582 0.03207479
1987 5830.943 0.03145678
1988 6321.577 0.03093922
1989 6832.175 0.03049133
1990 7361.281 0.03009399
1991 7922.472 0.02972622
1992 8525.522 0.02938616
1993 9179.448 0.02907671
1994 9895.733 0.02879342
1995 10674.23 0.02856392
1996 11519.29 0.02839411
1997 12428.9 0.02829861
1998 13398.74 0.02828861
1999 14427.95 0.02836026
2000 15514.22 0.02850894
2001 16781.17 0.02834377
2002 18305.55 0.02785991
2003 20008.94 0.02688168
2004 21493.84 0.02286447
2005 23265.68 0.0201954
2006 24670.83 0.02400924
2007 26318.07 0.02842348
2008 27392.23 0.03185394
2009 29267.81 0.03290901
2010 30419.95 0.03527364
2011 32572.73 0.0335999
2012 33727.03 0.03112733
2013 35945.17 0.03279138
2014 36911.4 0.040517
2015 35130.19 0.03386047
2016 35268.47 0.03710444
2017 33646.18 0.0401951
2018 33050.9 0.03624145
2019 33345.11 0.03391408
2020 35306.32 0.03230383
2021 35190.54 0.03328498
2022 37139.86 0.04382791
2023 39199.65 0.05079252
2024 41207.96 0.05660013

Breeding stock abundance: Estimate SD_log Estimate/K
Asia
1 80.13003 0.08040829 1.758684
2 101.4626 0.07737295 2.226889
3 118.1943 0.07613104 2.594115
4 130.7099 0.07721028 2.868805
5 145.0997 0.07674754 3.18463
6 158.5897 0.07646892 3.480708
7 171.3319 0.07626897 3.760372
8 183.2647 0.07616666 4.022272
9 194.4243 0.07614081 4.2672
10 204.8445 0.07617774 4.495903
11 214.5513 0.07626953 4.708946
12 228.9104 0.07601915 5.024097
13 246.65 0.07559892 5.413445
14 267.3433 0.07507571 5.867617
15 290.4899 0.07452695 6.375636
16 315.829 0.0739519 6.931778
17 342.9207 0.07339142 7.526383
18 371.5614 0.07282922 8.154985
19 401.3657 0.07229099 8.809126
20 432.0702 0.07177816 9.483024
21 463.447 0.07129155 10.17168
22 496.4716 0.07080259 10.8965
23 531.9406 0.07028568 11.67497
24 570.2755 0.06975568 12.51634
25 611.8587 0.06922077 13.429
26 656.9366 0.06869654 14.41837
27 705.6435 0.06820441 15.48738
28 758.0063 0.06777097 16.63663
29 813.8584 0.06743669 17.86247
30 872.9981 0.06723527 19.16046
31 935.2659 0.06720214 20.5271
32 1004.041 0.06732436 22.03657
33 1076.56 0.06768662 23.62821
34 1153.034 0.06836572 25.30665
35 1231.957 0.06934313 27.03884
36 1312.955 0.0707383 28.81658
37 1400.199 0.07269664 30.73139
38 1486.908 0.07536248 32.63448
39 1573.385 0.07857849 34.53246
40 1663.879 0.08225649 36.51861
41 1749.372 0.0864364 38.39499
42 1849.509 0.0910752 40.5928
43 1953.043 0.09640776 42.86515
44 2056.438 0.1024457 45.13445
45 2154.491 0.1095416 47.28651
46 2283.27 0.1158959 50.11292
47 2318.681 0.1267025 50.89012
48 2409.163 0.1355252 52.87602
49 2491.759 0.1451012 54.68882
50 2561.676 0.1560269 56.22335
51 2685.39 0.1649933 58.93862
52 2793.71 0.1752435 61.316
53 2892.166 0.1863033 63.47691
54 2986.428 0.1976039 65.54576
Hawaii
1 677.4989 0.05232529 1.826905
2 855.8079 0.04827692 2.307722
3 1000.827 0.04617894 2.698772
4 1138.267 0.04478988 3.069386
5 1269.37 0.0437975 3.422909
6 1393.773 0.04307257 3.758369
7 1511.834 0.04252526 4.076726
8 1623.879 0.04210161 4.378859
9 1730.146 0.04176885 4.665411
10 1831.001 0.04150216 4.937371
11 1926.596 0.04128784 5.195146
12 2066.201 0.04069599 5.571598
13 2237.798 0.03996202 6.034316
14 2437.622 0.03919788 6.57315
15 2662.602 0.03846995 7.179819
16 2909.29 0.03781935 7.845023
17 3175.706 0.03724729 8.563426
18 3457.518 0.03677144 9.323344
19 3751.128 0.03639133 10.11508
20 4057.754 0.03606127 10.94191
21 4376.466 0.0357657 11.80133
22 4713.857 0.03551035 12.71112
23 5077.262 0.03528768 13.69105
24 5471.102 0.03510892 14.75306
25 5903.535 0.03495939 15.91913
26 6372.575 0.0348793 17.18392
27 6881.942 0.03486649 18.55745
28 7428.723 0.0349445 20.03187
29 8015.934 0.03510169 21.61531
30 8639.174 0.03535229 23.2959
31 9296.787 0.0356967 25.06918
32 10051.19 0.03615248 27.10347
33 10988.04 0.03682574 29.62971
34 12030.6 0.03638383 32.44103
35 12873.39 0.03056034 34.71363
36 13962.03 0.02804431 37.64921
37 14718.97 0.03215943 39.69031
38 15855.37 0.03481655 42.75467
39 16418.5 0.03670592 44.27319
40 17678.77 0.03642045 47.67154
41 18374.04 0.03942816 49.54639
42 19758.23 0.03912615 53.27891
43 20242.27 0.03496631 54.58415
44 21604.74 0.03931969 58.25811
45 21709.88 0.05483501 58.54162
46 19343.13 0.03913733 52.15957
47 19113.35 0.04166292 51.53997
48 17394.21 0.04613868 46.90423
49 16623.23 0.04453067 44.82525
50 16850.09 0.03978867 45.43699
51 17839.78 0.03704362 48.10572
52 16834.83 0.04731518 45.39584
53 17944.65 0.05949229 48.3885
54 19071.76 0.06760649 51.42781
Mexico
1 357.1712 0.06146348 1.128808
2 448.2159 0.05826528 1.416547
3 523.3966 0.05646868 1.654149
4 594.3941 0.05532351 1.87853
5 662.3141 0.05449754 2.093186
6 726.1925 0.05394738 2.295068
7 786.5531 0.05356046 2.485832
8 843.5494 0.05328938 2.665964
9 897.4742 0.05309476 2.836389
10 948.3764 0.05296317 2.997261
11 996.2912 0.05288431 3.148691
12 1066.763 0.05244886 3.371412
13 1153.492 0.05187188 3.64551
14 1254.615 0.05124866 3.9651
15 1368.438 0.05064146 4.324829
16 1493.505 0.05007845 4.720093
17 1628.151 0.0495803 5.145629
18 1770.836 0.04914931 5.596571
19 1920.115 0.04878209 6.068356
20 2075.014 0.0484674 6.5579
21 2235.016 0.04818686 7.063573
22 2405.359 0.04790685 7.601927
23 2588.118 0.04764766 8.179522
24 2786.63 0.04739544 8.806901
25 3003.513 0.0471498 9.492341
26 3240.014 0.04691858 10.23978
27 3496.818 0.04671381 11.05139
28 3774.426 0.04653749 11.92874
29 4065.893 0.04647516 12.8499
30 4375.123 0.04645949 13.82719
31 4701.912 0.04648754 14.85998
32 5105.27 0.04603305 16.13476
33 5569.502 0.04461996 17.60192
34 6091.172 0.04327505 19.25061
35 6587.726 0.04202351 20.81993
36 7115.894 0.04028396 22.48916
37 7618.754 0.0429256 24.0784
38 8033.651 0.04970887 25.38965
39 8402.455 0.05514842 26.55522
40 8875.297 0.05761469 28.0496
41 9179.329 0.05968974 29.01047
42 9779.111 0.05664142 30.90602
43 10277.79 0.05529699 32.48205
44 10927.25 0.05434107 34.53461
45 11555.65 0.05400159 36.52061
46 11871.23 0.05562574 37.518
47 12075 0.0592139 38.16199
48 11963.29 0.06056364 37.80892
49 11899.86 0.05609528 37.60846
50 11766.8 0.05321312 37.18794
51 12472.41 0.05145771 39.41795
52 13089.47 0.05126251 41.36814
53 13737.78 0.05986761 43.41706
54 14453.27 0.0657333 45.67831
Central_Am
1 53.72296 0.08067052 0.436369
2 65.56546 0.07900349 0.5325607
3 76.16189 0.07800862 0.6186311
4 86.11139 0.07743321 0.6994466
5 95.34874 0.07718475 0.7744778
6 103.7293 0.07711336 0.8425496
7 111.509 0.07712934 0.905741
8 118.7067 0.07721006 0.9642045
9 125.3634 0.07733287 1.018274
10 131.4002 0.07754936 1.067309
11 136.9426 0.07778816 1.112327
12 145.4478 0.07777873 1.181411
13 156.0284 0.07766146 1.267353
14 168.3096 0.07754847 1.367108
15 182.1399 0.07743023 1.479446
16 197.4786 0.07732165 1.604035
17 213.8036 0.07728552 1.736637
18 231.0275 0.07728146 1.876539
19 248.9679 0.07730955 2.022262
20 267.3363 0.07739661 2.171461
21 286.3524 0.07749667 2.32592
22 306.7844 0.07758919 2.491881
23 328.2003 0.07772132 2.665833
24 351.4406 0.07785546 2.854605
25 376.8254 0.07801495 3.060794
26 404.704 0.07818217 3.287241
27 434.886 0.07838903 3.532397
28 467.7412 0.07861578 3.799265
29 503.0577 0.07888431 4.086127
30 540.655 0.07918868 4.391513
31 580.2539 0.07954772 4.713159
32 620.6621 0.08433795 5.041378
33 671.4469 0.08423377 5.453881
34 734.1281 0.08385442 5.963014
35 800.7707 0.08392857 6.504324
36 874.8019 0.08478885 7.105649
37 932.9087 0.09068442 7.577626
38 942.1439 0.09885392 7.652639
39 997.8851 0.09630797 8.105402
40 1049.869 0.09360784 8.527648
41 1117.208 0.09136826 9.074613
42 1185.875 0.08977042 9.632367
43 1253.927 0.08574848 10.18512
44 1356.738 0.08208022 11.02021
45 1491.373 0.0801804 12.1138
46 1632.552 0.07942745 13.26053
47 1761.436 0.07950627 14.3074
48 1879.522 0.07995225 15.26657
49 2036.048 0.08055039 16.53796
50 2166.545 0.08152268 17.59794
51 2308.747 0.08275528 18.75298
52 2472.522 0.08479453 20.08326
53 2565.26 0.09274746 20.83653
54 2688.192 0.0987298 21.83505

Feeding stock abundance: Estimate SD_log Estimate/K
RUS+WAL
1 94.73056 0.1037621 1.626002
2 120.6263 0.1008145 2.07049
3 136.9523 0.102501 2.350717
4 155.5679 0.1017045 2.670244
5 173.1201 0.1011508 2.971519
6 189.7485 0.1007203 3.256937
7 205.4232 0.100402 3.525985
8 220.1911 0.1001674 3.779468
9 234.0892 0.09999787 4.018022
10 247.1558 0.0998816 4.242304
11 259.3425 0.09983581 4.451482
12 277.386 0.09943883 4.76119
13 299.6392 0.09888516 5.143155
14 325.5136 0.09825303 5.587276
15 354.6176 0.09756533 6.086831
16 386.4388 0.09686715 6.633027
17 420.6561 0.09615817 7.220349
18 456.8136 0.09546225 7.840973
19 494.5706 0.09478481 8.489054
20 533.6079 0.09412944 9.159108
21 573.5538 0.09351049 9.84476
22 615.8505 0.09287614 10.57076
23 661.2899 0.09222913 11.35071
24 710.5459 0.09157139 12.19616
25 764.1149 0.09091351 13.11564
26 822.3315 0.09027332 14.1149
27 885.3844 0.08967475 15.19717
28 952.9926 0.08914007 16.35763
29 1025.313 0.08871488 17.59897
30 1102.171 0.08843521 18.91821
31 1183.23 0.088345 20.30953
32 1268.632 0.0884762 21.77543
33 1358.445 0.08888419 23.31702
34 1453.034 0.08961495 24.94059
35 1552.535 0.09072596 26.64848
36 1657.182 0.09227676 28.44469
37 1767.323 0.09433559 30.33521
38 1882.819 0.09695984 32.31763
39 2003.752 0.1002008 34.39339
40 2129.74 0.1041046 36.5559
41 2260.473 0.1087044 38.79987
42 2395.569 0.1140081 41.11873
43 2534.636 0.1200255 43.50573
44 2667.497 0.1271275 45.78624
45 2827.666 0.1338896 48.53546
46 2930.202 0.1438105 50.29542
47 3086.907 0.1519094 52.98519
48 3245.355 0.1606847 55.70487
49 3401.537 0.1702293 58.38566
50 3568.82 0.1798487 61.25698
51 3714.996 0.1909322 63.76603
52 3859.183 0.2023546 66.24092
53 4001.199 0.2140693 68.67856
54 4138.493 0.2259828 71.03513
EAL+BER
1 377.2791 0.09063895 1.394618
2 481.3153 0.08773451 1.779189
3 564.5223 0.08633161 2.086765
4 643.7491 0.08538305 2.379628
5 719.1839 0.08470387 2.658474
6 791.0495 0.08419108 2.924127
7 859.5019 0.08378882 3.177162
8 924.7529 0.08346089 3.418363
9 986.9034 0.08318894 3.648104
10 1045.895 0.08297495 3.866165
11 1102.034 0.08279317 4.073685
12 1183.697 0.08233207 4.375553
13 1284.036 0.08175756 4.746459
14 1401.022 0.08113608 5.1789
15 1532.746 0.08051311 5.665821
16 1677.487 0.07991107 6.200856
17 1833.613 0.07933969 6.77798
18 1999.522 0.07880223 7.391263
19 2173.731 0.07829914 8.03523
20 2355.152 0.07781751 8.705854
21 2542.275 0.07736333 9.39756
22 2741.298 0.07690594 10.13325
23 2956.098 0.07644205 10.92726
24 3189.924 0.07596927 11.7916
25 3445.062 0.07549441 12.73472
26 3723.282 0.07502215 13.76317
27 4025.605 0.07456065 14.88071
28 4348.948 0.07414889 16.07595
29 4694.424 0.07379331 17.35301
30 5063.421 0.07346671 18.71702
31 5455.893 0.07316574 20.16779
32 6002.687 0.07131198 22.18903
33 6591.162 0.06891422 24.36433
34 7234.808 0.06670351 26.74358
35 7859.757 0.06310673 29.05371
36 8448.513 0.0577257 31.23006
37 9163.503 0.06220255 33.87303
38 9737.846 0.07548751 35.9961
39 10184.54 0.08811236 37.64731
40 10674.16 0.09423193 39.45718
41 10853.91 0.09811067 40.12163
42 11545.34 0.09207043 42.67753
43 12293.87 0.08828709 45.44447
44 12979.26 0.08652021 47.97804
45 13881.46 0.08444248 51.31303
46 14792.18 0.08377232 54.67953
47 14776.36 0.09170158 54.62105
48 14504.7 0.09566888 53.61684
49 13860.45 0.0927999 51.23535
50 12818.33 0.09153339 47.38315
51 13611.88 0.08662275 50.31653
52 14755.59 0.08738503 54.54427
53 15610.46 0.100018 57.7043
54 16450.44 0.1097764 60.8093
GOA
1 130.0345 0.07829141 1.505124
2 166.5016 0.07514026 1.927224
3 195.5769 0.07367629 2.263764
4 223.3184 0.07270677 2.584867
5 249.7858 0.07202252 2.891222
6 274.9492 0.07153954 3.182483
7 298.9548 0.07116934 3.460343
8 321.8671 0.0708761 3.725548
9 343.726 0.07063827 3.978561
10 364.5791 0.07044137 4.219931
11 384.4716 0.0702756 4.450183
12 413.1708 0.06990537 4.782371
13 448.2961 0.06947219 5.188939
14 489.2353 0.06902472 5.662803
15 535.2218 0.06861664 6.195087
16 585.7403 0.06825314 6.779829
17 640.0118 0.06796099 7.408011
18 697.6674 0.06771504 8.075364
19 758.1135 0.06751877 8.775016
20 820.9639 0.0673565 9.502496
21 885.783 0.06722269 10.25276
22 954.584 0.06711072 11.04912
23 1028.835 0.06701279 11.90856
24 1109.51 0.06693915 12.84237
25 1197.509 0.0668896 13.86093
26 1293.383 0.06687089 14.97066
27 1397.354 0.06689397 16.1741
28 1508.683 0.06696857 17.46271
29 1628.023 0.06709206 18.84405
30 1755.193 0.06726338 20.31601
31 1889.678 0.06748938 21.87266
32 2028.555 0.06623103 23.48013
33 2216.855 0.06652836 25.65966
34 2427.618 0.06597694 28.09921
35 2578.293 0.06333812 29.84324
36 2811.558 0.06167415 32.54323
37 2919.487 0.06796435 33.79249
38 3163.534 0.06856053 36.61728
39 3247.498 0.06894162 37.58915
40 3545.086 0.06693604 41.03367
41 3715.424 0.07158123 43.00531
42 4023.908 0.07284864 46.57595
43 4028.222 0.06979405 46.62588
44 4320.424 0.07651763 50.00806
45 4174.408 0.1044936 48.31796
46 3248.631 0.07784698 37.60226
47 3162.535 0.08078371 36.60572
48 2639.933 0.08441186 30.55671
49 2471.487 0.09851675 28.60698
50 2689.824 0.08557244 31.13418
51 2849.724 0.08087416 32.98499
52 2305.27 0.133303 26.68305
53 2496.128 0.1453714 28.89219
54 2680.499 0.1530061 31.02625
SEA+NBC
1 380.725 0.06396999 1.731444
2 483.8664 0.06084502 2.200506
3 564.7563 0.05956652 2.568374
4 641.0417 0.05880395 2.915301
5 713.003 0.05833713 3.242563
6 780.9263 0.0580491 3.551462
7 845.0275 0.05787746 3.842978
8 905.411 0.05779236 4.117588
9 962.3471 0.05776464 4.376519
10 1016.007 0.05778001 4.620552
11 1066.45 0.05783438 4.849956
12 1141.082 0.0576324 5.189364
13 1232.97 0.05734461 5.607248
14 1340.219 0.05703099 6.094987
15 1460.716 0.05674368 6.642979
16 1593.482 0.05647508 7.246766
17 1735.429 0.05628462 7.892308
18 1883.868 0.05619962 8.567372
19 2040.955 0.05610558 9.281765
20 2206.431 0.05598216 10.03431
21 2375.561 0.05592246 10.80347
22 2554.439 0.05590031 11.61696
23 2745.852 0.05593421 12.48746
24 2956.815 0.05594775 13.44687
25 3184.673 0.0560472 14.48311
26 3432.902 0.05620434 15.612
27 3698.877 0.0564848 16.82159
28 3985.63 0.0568434 18.12567
29 4291.201 0.05732165 19.51533
30 4614.037 0.05793634 20.98351
31 4958.82 0.05862345 22.5515
32 5312.926 0.06019359 24.16189
33 5798.441 0.06269484 26.36989
34 6336.775 0.06305397 28.8181
35 6715.101 0.05409355 30.53864
36 7306.972 0.05156211 33.23032
37 7571.749 0.05858132 34.43446
38 8206.664 0.05979993 37.3219
39 8416.616 0.05948156 38.27671
40 9176.034 0.05718762 41.73036
41 9575.58 0.06119063 43.54739
42 10355.66 0.0631356 47.09501
43 10381 0.05637823 47.21026
44 11114.41 0.06492789 50.5456
45 10727.51 0.09430485 48.78608
46 8332.058 0.06062442 37.89216
47 8094.765 0.0602763 36.81301
48 6750.87 0.06448528 30.70131
49 6308.103 0.08094827 28.68771
50 6858.235 0.06333231 31.18958
51 7247.551 0.05627088 32.96009
52 5852.169 0.1242975 26.61423
53 6319.772 0.137794 28.74078
54 6775.093 0.1463436 30.81147
SBC+WA
1 39.01426 0.1265128 1.116551
2 49.88729 0.1238645 1.427727
3 58.51395 0.1226724 1.674613
4 66.72429 0.1218994 1.909585
5 74.54574 0.1213659 2.133428
6 82.00005 0.1209814 2.346763
7 89.00502 0.1208306 2.547239
8 95.67409 0.1207377 2.738101
9 102.0102 0.1206902 2.919433
10 108.038 0.120672 3.091944
11 113.7722 0.1206753 3.256052
12 122.0583 0.1205055 3.493193
13 132.2656 0.120209 3.785316
14 144.1962 0.1198478 4.126758
15 157.5548 0.1195433 4.509068
16 172.248 0.1192416 4.929573
17 188.1187 0.1189534 5.383778
18 204.9084 0.1187417 5.864282
19 222.5594 0.1185465 6.369438
20 240.845 0.1184135 6.892754
21 259.6372 0.1183335 7.43057
22 279.6563 0.1182292 8.003496
23 301.2313 0.1181288 8.620953
24 324.6799 0.1180261 9.292028
25 350.2639 0.1179165 10.02422
26 378.1543 0.117801 10.82241
27 408.4787 0.1176793 11.69027
28 441.4025 0.1174492 12.63252
29 476.6155 0.117273 13.64028
30 513.848 0.1171891 14.70584
31 553.6924 0.1170356 15.84615
32 591.4974 0.1079522 16.92809
33 638.4751 0.1011877 18.27255
34 692.4632 0.09583093 19.81763
35 751.4121 0.09088803 21.5047
36 811.1341 0.08659792 23.21388
37 881.2746 0.08504247 25.22124
38 962.7654 0.08328555 27.55343
39 1035.91 0.08306262 29.64675
40 1123.291 0.08254132 32.14751
41 1205.099 0.08322272 34.48879
42 1287.752 0.08442179 36.85423
43 1384.985 0.08519238 39.63696
44 1481.653 0.08663879 42.40349
45 1565.748 0.08946299 44.81021
46 1647.034 0.09219663 47.13655
47 1721.832 0.09502628 49.27718
48 1799.938 0.09615766 51.5125
49 1869.559 0.09706392 53.505
50 1962.681 0.09730463 56.17007
51 2049.385 0.09841434 58.65144
52 2155.395 0.09927251 61.68536
53 2260.825 0.1018559 64.70264
54 2345.931 0.107346 67.13829
OR+CA
1 125.3398 0.04775719 0.6741383
2 158.9549 0.04281772 0.8549371
3 184.9577 0.04052974 0.9947928
4 209.2813 0.0390522 1.125617
5 231.3935 0.03816469 1.244547
6 251.9113 0.03758669 1.354902
7 270.916 0.03721999 1.457118
8 288.5037 0.03700374 1.551713
9 304.6316 0.03691193 1.638457
10 319.4473 0.03690847 1.718143
11 332.81 0.03699853 1.790014
12 353.5277 0.03661098 1.901444
13 379.2605 0.0360361 2.039848
14 409.403 0.03539651 2.201969
15 443.8134 0.0347429 2.387044
16 481.3069 0.03418017 2.588703
17 521.4523 0.03372247 2.804625
18 563.7632 0.03337284 3.032193
19 607.647 0.03313421 3.268222
20 653.4758 0.03295479 3.514711
21 701.0711 0.03282115 3.770702
22 750.0451 0.0327913 4.034108
23 802.6151 0.03280319 4.316855
24 859.973 0.03284951 4.625354
25 923.01 0.03293654 4.964398
26 991.5766 0.03310228 5.333182
27 1066.591 0.03333957 5.736647
28 1146.44 0.03367951 6.166114
29 1231.867 0.03413316 6.625579
30 1322.48 0.03470604 7.112943
31 1421.504 0.03530803 7.645543
32 1519.77 0.04837205 8.174064
33 1645.369 0.0488779 8.849597
34 1799.936 0.04856782 9.680933
35 1966.142 0.0492459 10.57487
36 2146.825 0.05092694 11.54667
37 2284.189 0.0642245 12.28548
38 2289.341 0.07599283 12.31319
39 2426.112 0.07129461 13.04881
40 2545.205 0.06675325 13.68935
41 2688.77 0.06333296 14.46151
42 2863.498 0.06045757 15.40129
43 3026.22 0.05323632 16.27649
44 3285.627 0.04553908 17.6717
45 3588.509 0.04126921 19.30075
46 3892.081 0.03945131 20.93351
47 4176.472 0.03939536 22.4631
48 4564.69 0.03955184 24.55113
49 4915.966 0.04138943 26.44046
50 5302.126 0.04430528 28.51742
51 5680.587 0.04829543 30.55297
52 6066.831 0.05270229 32.63037
53 6298.873 0.06424443 33.87841
54 6596.801 0.0732256 35.48081

Parameters: Estimate  Std. Error      z value    Pr(>|z^2|)
rval 0.09108647 0.00159678 57.04368178 0
logK 8.42425499 0.65379991 12.88506598 0
logK 10.52095512 0.27971889 37.61260165 0
logK 10.36222292 0.44353604 23.3627531 0
logK 9.41827761 0.67739639 13.90364303 0
logBK 4.07250325 0.70615986 5.76711238 1e-08
logBK 4.03378505 0.2878882 14.01163731 0
logBK 4.52198902 0.46677738 9.6876781 0
logBK 5.47906277 0.69018174 7.93857968 0
MixPars -1.71350892 0.2940721 -5.8268326 1e-08
MixPars -3.2408806 0.20732469 -15.63190892 0
MixPars -0.67558706 0.1257602 -5.3720258 8e-08
MixPars -1.3611242 0.09495081 -14.33504587 0
MixPars -2.93730118 0.1477085 -19.8857963 0
MixPars -2.61570493 0.24548784 -10.65513019 0
MixPars -1.52615861 0.15858725 -9.62346374 0
MixPars -2.08038031 0.27513923 -7.56119123 0
MixPars -2.49818164 0.17449854 -14.31634692 0
MixPars -0.78534899 0.11170595 -7.0305029 0
MixPars -2.3177649 0.20223441 -11.46078425 0
AddV 0.11039857 0.05150064 2.14363503 0.03206214
AddV 0.01314072 0.00416141 3.15775403 0.0015899
AddV 0.02398186 0.01643441 1.45924725 0.14449707
SFsigma 1.05606138 0.14573153 7.2466224 0

Mixing matrix
0.84729085 0.15270915 0 0 0 0 ,# Asia
0.02106713 0.27396703 0.13802994 0.53839626 0.02853963 0 ,# Hawaii
0.03742712 0.51188522 0.11126801 0.06392561 0.04209457 0.23339947 ,# Mexico
0 0 0 0 0.08966233 0.91033767 ,# Central_Am

Split of breeding stock to feeding grounds over time
Split for: Asia
Year RUS+WAL EAL+BER GOA SEA+NBC SBC+WA OR+CA
1970 0.84821 0.15179 0 0 0 0
1971 0.84851 0.15149 0 0 0 0
1972 0.84492 0.15508 0 0 0 0
1973 0.84507 0.15493 0 0 0 0
1974 0.8452 0.1548 0 0 0 0
1975 0.84532 0.15468 0 0 0 0
1976 0.84542 0.15458 0 0 0 0
1977 0.84551 0.15449 0 0 0 0
1978 0.84559 0.15441 0 0 0 0
1979 0.84569 0.15431 0 0 0 0
1980 0.8458 0.1542 0 0 0 0
1981 0.84588 0.15412 0 0 0 0
1982 0.84594 0.15406 0 0 0 0
1983 0.846 0.154 0 0 0 0
1984 0.84605 0.15395 0 0 0 0
1985 0.84609 0.15391 0 0 0 0
1986 0.84613 0.15387 0 0 0 0
1987 0.84616 0.15384 0 0 0 0
1988 0.8462 0.1538 0 0 0 0
1989 0.84622 0.15378 0 0 0 0
1990 0.84625 0.15375 0 0 0 0
1991 0.84627 0.15373 0 0 0 0
1992 0.8463 0.1537 0 0 0 0
1993 0.84633 0.15367 0 0 0 0
1994 0.84636 0.15364 0 0 0 0
1995 0.84639 0.15361 0 0 0 0
1996 0.84642 0.15358 0 0 0 0
1997 0.84645 0.15355 0 0 0 0
1998 0.84654 0.15346 0 0 0 0
1999 0.84661 0.15339 0 0 0 0
2000 0.84665 0.15335 0 0 0 0
2001 0.84277 0.15723 0 0 0 0
2002 0.8391 0.1609 0 0 0 0
2003 0.8354 0.1646 0 0 0 0
2004 0.83538 0.16462 0 0 0 0
2005 0.83669 0.16331 0 0 0 0
2006 0.83613 0.16387 0 0 0 0
2007 0.83834 0.16166 0 0 0 0
2008 0.84238 0.15762 0 0 0 0
2009 0.84651 0.15349 0 0 0 0
2010 0.85303 0.14697 0 0 0 0
2011 0.85049 0.14951 0 0 0 0
2012 0.84809 0.15191 0 0 0 0
2013 0.84521 0.15479 0 0 0 0
2014 0.84413 0.15587 0 0 0 0
2015 0.84316 0.15684 0 0 0 0
2016 0.85304 0.14696 0 0 0 0
2017 0.86523 0.13477 0 0 0 0
2018 0.87833 0.12167 0 0 0 0
2019 0.88876 0.11124 0 0 0 0
2020 0.87956 0.12044 0 0 0 0
2021 0.86659 0.13341 0 0 0 0
2022 0.8578 0.1422 0 0 0 0
2023 0.85848 0.14152 0 0 0 0
2024 0.86065 0.13935 0 0 0 0
Split for: Hawaii
Year RUS+WAL EAL+BER GOA SEA+NBC SBC+WA OR+CA
1970 0.02138 0.27607 0.13682 0.53683 0.02889 0
1971 0.0215 0.27692 0.13758 0.53493 0.02908 0
1972 0.02099 0.27797 0.1382 0.53365 0.02919 0
1973 0.02108 0.2788 0.13871 0.53214 0.02928 0
1974 0.02116 0.27959 0.13918 0.53071 0.02937 0
1975 0.02124 0.28038 0.13958 0.52935 0.02945 0
1976 0.02131 0.28117 0.13998 0.52802 0.02951 0
1977 0.02139 0.28196 0.14037 0.52671 0.02957 0
1978 0.02146 0.28273 0.14076 0.52542 0.02964 0
1979 0.02153 0.28345 0.14114 0.52418 0.0297 0
1980 0.0216 0.28417 0.14152 0.52294 0.02976 0
1981 0.02167 0.28493 0.14188 0.52172 0.02981 0
1982 0.02174 0.2857 0.1422 0.52049 0.02987 0
1983 0.02181 0.28645 0.14251 0.51931 0.02993 0
1984 0.02187 0.28721 0.14279 0.51815 0.02998 0
1985 0.02193 0.28788 0.14303 0.51713 0.03002 0
1986 0.022 0.28863 0.14325 0.51603 0.03009 0
1987 0.02207 0.28952 0.14355 0.51471 0.03015 0
1988 0.02213 0.29023 0.14374 0.51368 0.03022 0
1989 0.02218 0.29077 0.14384 0.51296 0.03025 0
1990 0.02223 0.29136 0.14397 0.51215 0.03028 0
1991 0.02228 0.29199 0.14411 0.51129 0.03033 0
1992 0.02234 0.29268 0.14427 0.51033 0.03039 0
1993 0.02238 0.29322 0.14434 0.50963 0.03043 0
1994 0.02243 0.29384 0.14446 0.50879 0.03048 0
1995 0.02249 0.29445 0.14457 0.50796 0.03053 0
1996 0.02255 0.2952 0.14472 0.50693 0.0306 0
1997 0.02261 0.29592 0.14483 0.50594 0.03071 0
1998 0.02268 0.29662 0.14497 0.50492 0.03081 0
1999 0.02275 0.29742 0.14514 0.50379 0.03091 0
2000 0.02281 0.29815 0.14521 0.50282 0.03101 0
2001 0.02271 0.30571 0.14392 0.49706 0.0306 0
2002 0.02223 0.30759 0.14392 0.49611 0.03016 0
2003 0.02172 0.30878 0.14412 0.49549 0.0299 0
2004 0.02195 0.3121 0.14343 0.49168 0.03083 0
2005 0.0219 0.30845 0.14455 0.49411 0.031 0
2006 0.02265 0.32025 0.14165 0.48291 0.03254 0
2007 0.02239 0.31148 0.14365 0.48962 0.03286 0
2008 0.02357 0.31829 0.14156 0.48176 0.03482 0
2009 0.02305 0.30154 0.14579 0.49522 0.03441 0
2010 0.02403 0.29879 0.14643 0.49487 0.03588 0
2011 0.02319 0.29419 0.14817 0.49983 0.03462 0
2012 0.02452 0.31697 0.142 0.47951 0.037 0
2013 0.02393 0.31621 0.1427 0.48079 0.03637 0
2014 0.02578 0.34352 0.13558 0.45612 0.03898 2e-05
2015 0.03 0.40267 0.11989 0.40236 0.04508 0
2016 0.0325 0.40395 0.11848 0.39688 0.0482 0
2017 0.03694 0.41518 0.11347 0.37986 0.05455 0
2018 0.03908 0.39059 0.11814 0.39474 0.05745 0
2019 0.03889 0.35119 0.12727 0.42482 0.05784 0
2020 0.03571 0.35285 0.12893 0.42896 0.05356 0
2021 0.03863 0.42908 0.10964 0.3639 0.05876 0
2022 0.03724 0.44539 0.10681 0.35342 0.05715 0
2023 0.03663 0.4357 0.1097 0.36215 0.05583 0
2024 0.03506 0.40962 0.11672 0.38545 0.05315 0
Split for: Mexico
Year RUS+WAL EAL+BER GOA SEA+NBC SBC+WA OR+CA
1970 0.03814 0.51798 0.11076 0.06401 0.04279 0.22631
1971 0.03824 0.51808 0.11105 0.0636 0.04295 0.22608
1972 0.0373 0.51953 0.11144 0.06338 0.04307 0.22528
1973 0.0374 0.52035 0.11169 0.06311 0.04314 0.22431
1974 0.03752 0.52149 0.112 0.0629 0.04324 0.22285
1975 0.03764 0.52263 0.11225 0.0627 0.04334 0.22143
1976 0.03775 0.52377 0.1125 0.06251 0.0434 0.22008
1977 0.03786 0.52491 0.11275 0.06231 0.04346 0.21871
1978 0.03796 0.52607 0.113 0.06213 0.04353 0.21731
1979 0.03808 0.5272 0.11326 0.06196 0.0436 0.2159
1980 0.03819 0.52842 0.11354 0.06179 0.04369 0.21436
1981 0.03831 0.52964 0.11378 0.06163 0.04375 0.2129
1982 0.03841 0.53085 0.11399 0.06146 0.04381 0.21147
1983 0.03851 0.53203 0.11419 0.06129 0.04388 0.21009
1984 0.0386 0.53305 0.11434 0.06111 0.04392 0.20898
1985 0.03869 0.53404 0.11447 0.06096 0.04397 0.20788
1986 0.03877 0.53501 0.11456 0.06079 0.04402 0.20684
1987 0.03885 0.53599 0.11466 0.06055 0.04407 0.20588
1988 0.03893 0.5369 0.11472 0.06039 0.04412 0.20494
1989 0.03899 0.53765 0.11475 0.06027 0.04415 0.20419
1990 0.03904 0.53826 0.11475 0.06012 0.04416 0.20365
1991 0.03911 0.53905 0.11478 0.05998 0.0442 0.20287
1992 0.03917 0.53983 0.11481 0.05982 0.04424 0.20213
1993 0.03923 0.5405 0.1148 0.0597 0.04427 0.2015
1994 0.03928 0.54108 0.11477 0.05954 0.0443 0.20103
1995 0.03933 0.54162 0.11473 0.05938 0.04433 0.20062
1996 0.03937 0.54208 0.11466 0.05916 0.04436 0.20037
1997 0.03941 0.54246 0.11455 0.05894 0.04444 0.20021
1998 0.03945 0.54274 0.11445 0.05871 0.04451 0.20014
1999 0.0395 0.54305 0.11433 0.05846 0.04455 0.20011
2000 0.03951 0.54309 0.11412 0.0582 0.0446 0.20048
2001 0.03896 0.55152 0.11202 0.05698 0.04358 0.19694
2002 0.03812 0.55464 0.11196 0.05685 0.04293 0.1955
2003 0.03715 0.55552 0.11186 0.05665 0.04246 0.19636
2004 0.03699 0.5532 0.10969 0.05538 0.04314 0.20159
2005 0.03694 0.54718 0.11063 0.0557 0.04341 0.20613
2006 0.03728 0.55438 0.10579 0.05312 0.04447 0.20497
2007 0.03805 0.55678 0.11078 0.05562 0.04637 0.19241
2008 0.03922 0.55688 0.10686 0.05356 0.04809 0.19538
2009 0.03961 0.54499 0.11369 0.05688 0.04909 0.19575
2010 0.04074 0.53262 0.11261 0.05606 0.05048 0.20748
2011 0.03993 0.53269 0.11575 0.05751 0.04948 0.20463
2012 0.04006 0.54451 0.10524 0.05235 0.05018 0.20766
2013 0.03906 0.54278 0.10568 0.05245 0.04928 0.21076
2014 0.03917 0.54883 0.09345 0.04631 0.04916 0.22307
2015 0.03986 0.5626 0.07227 0.03572 0.04972 0.23983
2016 0.04179 0.54635 0.06913 0.03411 0.05146 0.25715
2017 0.04444 0.5253 0.06194 0.03054 0.05448 0.2833
2018 0.04702 0.49427 0.0645 0.03174 0.05739 0.30508
2019 0.04862 0.46181 0.07221 0.0355 0.06004 0.32182
2020 0.04576 0.47549 0.07496 0.03673 0.05697 0.31008
2021 0.04385 0.51222 0.05647 0.02761 0.05538 0.30448
2022 0.04218 0.53063 0.0549 0.02676 0.05375 0.29178
2023 0.04193 0.52446 0.05697 0.0277 0.05305 0.29589
2024 0.04141 0.50876 0.06254 0.03042 0.05211 0.30475
Split for: Central_Am
Year RUS+WAL EAL+BER GOA SEA+NBC SBC+WA OR+CA
1970 0 0 0 0 0.09359 0.90641
1971 0 0 0 0 0.09399 0.90601
1972 0 0 0 0 0.09453 0.90547
1973 0 0 0 0 0.09505 0.90495
1974 0 0 0 0 0.09581 0.90419
1975 0 0 0 0 0.09657 0.90343
1976 0 0 0 0 0.09723 0.90277
1977 0 0 0 0 0.0979 0.9021
1978 0 0 0 0 0.09861 0.90139
1979 0 0 0 0 0.09934 0.90066
1980 0 0 0 0 0.10015 0.89985
1981 0 0 0 0 0.10089 0.89911
1982 0 0 0 0 0.10164 0.89836
1983 0 0 0 0 0.10239 0.89761
1984 0 0 0 0 0.10296 0.89704
1985 0 0 0 0 0.10355 0.89645
1986 0 0 0 0 0.10413 0.89587
1987 0 0 0 0 0.10466 0.89534
1988 0 0 0 0 0.10521 0.89479
1989 0 0 0 0 0.10561 0.89439
1990 0 0 0 0 0.10589 0.89411
1991 0 0 0 0 0.10634 0.89366
1992 0 0 0 0 0.10677 0.89323
1993 0 0 0 0 0.10714 0.89286
1994 0 0 0 0 0.10742 0.89258
1995 0 0 0 0 0.10768 0.89232
1996 0 0 0 0 0.10787 0.89213
1997 0 0 0 0 0.1081 0.8919
1998 0 0 0 0 0.10829 0.89171
1999 0 0 0 0 0.1084 0.8916
2000 0 0 0 0 0.10832 0.89168
2001 0 0 0 0 0.10782 0.89218
2002 0 0 0 0 0.10707 0.89293
2003 0 0 0 0 0.10561 0.89439
2004 0 0 0 0 0.10464 0.89536
2005 0 0 0 0 0.10315 0.89685
2006 0 0 0 0 0.10593 0.89407
2007 0 0 0 0 0.1163 0.8837
2008 0 0 0 0 0.11849 0.88151
2009 0 0 0 0 0.12045 0.87955
2010 0 0 0 0 0.11729 0.88271
2011 0 0 0 0 0.11665 0.88335
2012 0 0 0 0 0.11658 0.88342
2013 0 0 0 0 0.11323 0.88677
2014 0 0 0 0 0.10743 0.89257
2015 0 0 0 0 0.10171 0.89829
2016 0 0 0 0 0.09853 0.90147
2017 0 0 0 0 0.09504 0.90496
2018 0 0 0 0 0.09316 0.90684
2019 0 0 0 0 0.09247 0.90753
2020 0 0 0 0 0.09119 0.90881
2021 0 0 0 0 0.09035 0.90965
2022 0 0 0 0 0.09141 0.90859
2023 0 0 0 0 0.08918 0.91082
2024 0 0 0 0 0.0854 0.9146

Difference in mortality over time
Difference for: Asia
Year RUS+WAL EAL+BER GOA SEA+NBC SBC+WA OR+CA
1970 0 0 0 0 0 0
1971 0 0 0 0 0 0
1972 0 0 0 0 0 0
1973 0 0 0 0 0 0
1974 0 0 0 0 0 0
1975 0 0 0 0 0 0
1976 0 0 0 0 0 0
1977 0 0 0 0 0 0
1978 0 0 0 0 0 0
1979 0 0 0 0 0 0
1980 0 0 0 0 0 0
1981 0 0 0 0 0 0
1982 0 0 0 0 0 0
1983 0 0 0 0 0 0
1984 0 0 0 0 0 0
1985 0 0 0 0 0 0
1986 0 0 0 0 0 0
1987 0 0 0 0 0 0
1988 0 0 0 0 0 0
1989 0 0 0 0 0 0
1990 0 0 0 0 0 0
1991 0 0 0 0 0 0
1992 0 0 0 0 0 0
1993 0 0 0 0 0 0
1994 0 0 0 0 0 0
1995 0 0 0 0 0 0
1996 0 0 0 0 0 0
1997 0 0 0 0 0 0
1998 0 0 0 0 0 0
1999 0 0 0 0 0 0
2000 0 2 0 0 0 0
2001 0 3 0 0 0 0
2002 0 3 0 0 0 0
2003 0 2 0 0 0 0
2004 0 1 0 0 0 0
2005 0 3 0 0 0 0
2006 0 0 0 0 0 0
2007 0 -3 0 0 0 0
2008 0 -3 0 0 0 0
2009 0 -9 0 0 0 0
2010 0 0 0 0 0 0
2011 0 0 0 0 0 0
2012 0 -1 0 0 0 0
2013 0 2 0 0 0 0
2014 0 3 0 0 0 0
2015 0 -14 0 0 0 0
2016 0 -19 0 0 0 0
2017 0 -27 0 0 0 0
2018 0 -35 0 0 0 0
2019 0 -1 0 0 0 0
2020 0 4 0 0 0 0
2021 0 0 0 0 0 0
2022 0 0 0 0 0 0
2023 0 0 0 0 0 0
Difference for: Hawaii
Year RUS+WAL EAL+BER GOA SEA+NBC SBC+WA OR+CA
1970 0 0 0 0 0 0
1971 0 0 0 0 0 0
1972 0 0 0 0 0 0
1973 0 0 0 0 0 0
1974 0 0 0 0 0 0
1975 0 0 0 0 0 0
1976 0 0 0 0 0 0
1977 0 0 0 0 0 0
1978 0 0 0 0 0 0
1979 0 0 0 0 0 0
1980 0 0 0 0 0 0
1981 0 0 0 0 0 0
1982 0 0 0 0 0 0
1983 0 0 0 0 0 0
1984 0 0 0 0 0 0
1985 0 0 0 0 0 0
1986 0 0 0 0 0 0
1987 0 0 0 0 0 0
1988 0 0 0 0 0 0
1989 0 0 0 0 0 0
1990 0 0 0 0 0 0
1991 0 0 0 0 0 0
1992 0 0 0 0 0 0
1993 0 0 0 0 0 0
1994 0 0 0 0 0 0
1995 0 0 0 0 0 0
1996 0 0 0 0 0 0
1997 0 0 0 0 0 0
1998 0 0 0 0 0 0
1999 0 0 0 0 0 0
2000 0 46 -1 -5 -2 0
2001 0 52 19 67 1 0
2002 0 61 26 90 2 0
2003 0 45 -9 -30 3 0
2004 0 22 29 100 3 0
2005 0 56 -42 -144 6 0
2006 0 -7 28 95 7 0
2007 0 -66 -64 -219 7 0
2008 0 -60 44 151 6 0
2009 0 -195 -27 -92 5 0
2010 0 -8 42 141 6 0
2011 0 3 -127 -428 6 0
2012 0 -28 27 91 4 0
2013 0 49 -222 -749 1 0
2014 0 54 -748 -2524 -1 0
2015 0 -317 -177 -596 -5 0
2016 0 -434 -469 -1573 -4 0
2017 0 -611 -216 -723 0 0
2018 0 -795 2 8 0 0
2019 0 -29 -35 -117 3 0
2020 0 100 -475 -1579 6 0
2021 0 0 0 0 4 0
2022 0 0 0 0 2 0
2023 0 0 0 0 0 0
Difference for: Mexico
Year RUS+WAL EAL+BER GOA SEA+NBC SBC+WA OR+CA
1970 0 0 0 0 0 0
1971 0 0 0 0 0 0
1972 0 0 0 0 0 0
1973 0 0 0 0 0 0
1974 0 0 0 0 0 0
1975 0 0 0 0 0 0
1976 0 0 0 0 0 0
1977 0 0 0 0 0 0
1978 0 0 0 0 0 0
1979 0 0 0 0 0 0
1980 0 0 0 0 0 0
1981 0 0 0 0 0 0
1982 0 0 0 0 0 0
1983 0 0 0 0 0 0
1984 0 0 0 0 0 0
1985 0 0 0 0 0 0
1986 0 0 0 0 0 0
1987 0 0 0 0 0 0
1988 0 0 0 0 0 0
1989 0 0 0 0 0 0
1990 0 0 0 0 0 0
1991 0 0 0 0 0 0
1992 0 0 0 0 0 0
1993 0 0 0 0 0 0
1994 0 0 0 0 0 0
1995 0 0 0 0 0 0
1996 0 0 0 0 0 0
1997 0 0 0 0 0 0
1998 0 0 0 0 0 0
1999 0 0 0 0 0 0
2000 0 43 -1 0 -1 -3
2001 0 48 8 4 1 6
2002 0 56 10 5 2 16
2003 0 41 -4 -2 2 17
2004 0 20 12 6 3 20
2005 0 52 -17 -8 4 -4
2006 0 -6 11 6 5 -76
2007 0 -60 -25 -13 5 -17
2008 0 -54 17 9 4 -31
2009 0 -178 -11 -5 4 -17
2010 0 -7 16 8 4 -14
2011 0 3 -49 -25 4 -28
2012 0 -25 10 5 3 8
2013 0 44 -86 -43 1 36
2014 0 49 -290 -144 -1 57
2015 0 -284 -68 -34 -4 67
2016 0 -388 -181 -89 -2 67
2017 0 -544 -83 -41 0 68
2018 0 -706 1 0 0 54
2019 0 -25 -13 -7 2 31
2020 0 88 -181 -89 5 42
2021 0 0 0 0 3 -48
2022 0 0 0 0 1 -24
2023 0 0 0 0 0 0
Difference for: Central_Am
Year RUS+WAL EAL+BER GOA SEA+NBC SBC+WA OR+CA
1970 0 0 0 0 0 0
1971 0 0 0 0 0 0
1972 0 0 0 0 0 0
1973 0 0 0 0 0 0
1974 0 0 0 0 0 0
1975 0 0 0 0 0 0
1976 0 0 0 0 0 0
1977 0 0 0 0 0 0
1978 0 0 0 0 0 0
1979 0 0 0 0 0 0
1980 0 0 0 0 0 0
1981 0 0 0 0 0 0
1982 0 0 0 0 0 0
1983 0 0 0 0 0 0
1984 0 0 0 0 0 0
1985 0 0 0 0 0 0
1986 0 0 0 0 0 0
1987 0 0 0 0 0 0
1988 0 0 0 0 0 0
1989 0 0 0 0 0 0
1990 0 0 0 0 0 0
1991 0 0 0 0 0 0
1992 0 0 0 0 0 0
1993 0 0 0 0 0 0
1994 0 0 0 0 0 0
1995 0 0 0 0 0 0
1996 0 0 0 0 0 0
1997 0 0 0 0 0 0
1998 0 0 0 0 0 0
1999 0 0 0 0 0 0
2000 0 0 0 0 0 -2
2001 0 0 0 0 0 4
2002 0 0 0 0 1 9
2003 0 0 0 0 1 9
2004 0 0 0 0 1 11
2005 0 0 0 0 1 -2
2006 0 0 0 0 1 -43
2007 0 0 0 0 1 -9
2008 0 0 0 0 1 -17
2009 0 0 0 0 1 -9
2010 0 0 0 0 1 -8
2011 0 0 0 0 1 -16
2012 0 0 0 0 1 4
2013 0 0 0 0 0 21
2014 0 0 0 0 0 32
2015 0 0 0 0 -1 38
2016 0 0 0 0 -1 38
2017 0 0 0 0 0 38
2018 0 0 0 0 0 30
2019 0 0 0 0 1 18
2020 0 0 0 0 1 24
2021 0 0 0 0 1 -27
2022 0 0 0 0 0 -13
2023 0 0 0 0 0 0

Total survival over time
Values for breeding stock: Asia
Year RUS+WAL EAL+BER GOA SEA+NBC SBC+WA OR+CA
1970 0.997 0.99 0 0 0 0
1971 1.281 1.277 0 0 0 0
1972 1.184 1.217 0 0 0 0
1973 1.176 1.175 0 0 0 0
1974 1.147 1.146 0 0 0 0
1975 1.126 1.125 0 0 0 0
1976 1.109 1.108 0 0 0 0
1977 1.095 1.095 0 0 0 0
1978 1.084 1.084 0 0 0 0
1979 1.075 1.075 0 0 0 0
1980 1.067 1.066 0 0 0 0
1981 1.087 1.086 0 0 0 0
1982 1.101 1.1 0 0 0 0
1983 1.109 1.108 0 0 0 0
1984 1.113 1.113 0 0 0 0
1985 1.114 1.114 0 0 0 0
1986 1.113 1.113 0 0 0 0
1987 1.11 1.11 0 0 0 0
1988 1.106 1.106 0 0 0 0
1989 1.102 1.102 0 0 0 0
1990 1.097 1.097 0 0 0 0
1991 1.095 1.095 0 0 0 0
1992 1.095 1.095 0 0 0 0
1993 1.096 1.096 0 0 0 0
1994 1.097 1.097 0 0 0 0
1995 1.098 1.098 0 0 0 0
1996 1.098 1.098 0 0 0 0
1997 1.098 1.098 0 0 0 0
1998 1.098 1.097 0 0 0 0
1999 1.097 1.096 0 0 0 0
2000 1.095 1.114 0 0 0 0
2001 1.094 1.109 0 0 0 0
2002 1.092 1.107 0 0 0 0
2003 1.09 1.098 0 0 0 0
2004 1.089 1.088 0 0 0 0
2005 1.088 1.096 0 0 0 0
2006 1.087 1.077 0 0 0 0
2007 1.085 1.064 0 0 0 0
2008 1.084 1.068 0 0 0 0
2009 1.082 1.04 0 0 0 0
2010 1.08 1.083 0 0 0 0
2011 1.079 1.082 0 0 0 0
2012 1.076 1.073 0 0 0 0
2013 1.068 1.079 0 0 0 0
2014 1.081 1.089 0 0 0 0
2015 1.044 0.997 0 0 0 0
2016 1.072 1.01 0 0 0 0
2017 1.069 0.987 0 0 0 0
2018 1.065 0.961 0 0 0 0
2019 1.068 1.098 0 0 0 0
2020 1.056 1.1 0 0 0 0
2021 1.053 1.074 0 0 0 0
2022 1.05 1.069 0 0 0 0
2023 1.047 1.064 0 0 0 0
Values for breeding stock: Hawaii
Year RUS+WAL EAL+BER GOA SEA+NBC SBC+WA OR+CA
1970 1.008 1.001 0.985 0.99 1.005 0
1971 1.292 1.288 1.292 1.281 1.291 0
1972 1.194 1.227 1.228 1.22 1.227 0
1973 1.186 1.185 1.186 1.178 1.185 0
1974 1.156 1.155 1.156 1.149 1.155 0
1975 1.134 1.133 1.133 1.127 1.134 0
1976 1.117 1.116 1.117 1.111 1.115 0
1977 1.104 1.103 1.103 1.097 1.102 0
1978 1.093 1.092 1.092 1.087 1.091 0
1979 1.084 1.083 1.083 1.078 1.082 0
1980 1.076 1.075 1.076 1.07 1.075 0
1981 1.096 1.095 1.095 1.09 1.094 0
1982 1.109 1.109 1.108 1.103 1.108 0
1983 1.118 1.117 1.117 1.112 1.117 0
1984 1.122 1.122 1.121 1.116 1.12 0
1985 1.123 1.123 1.122 1.118 1.122 0
1986 1.122 1.121 1.12 1.116 1.12 0
1987 1.119 1.118 1.117 1.112 1.117 0
1988 1.115 1.115 1.113 1.11 1.114 0
1989 1.11 1.11 1.109 1.107 1.109 0
1990 1.106 1.105 1.104 1.102 1.104 0
1991 1.104 1.103 1.102 1.099 1.102 0
1992 1.103 1.103 1.102 1.099 1.102 0
1993 1.104 1.104 1.103 1.101 1.103 0
1994 1.105 1.105 1.104 1.101 1.104 0
1995 1.106 1.106 1.105 1.102 1.105 0
1996 1.107 1.106 1.105 1.102 1.106 0
1997 1.107 1.106 1.105 1.102 1.107 0
1998 1.106 1.106 1.104 1.101 1.106 0
1999 1.105 1.105 1.103 1.099 1.104 0
2000 1.103 1.122 1.1 1.098 1.097 0
2001 1.102 1.117 1.115 1.112 1.106 0
2002 1.1 1.115 1.114 1.112 1.109 0
2003 1.099 1.106 1.086 1.083 1.107 0
2004 1.097 1.096 1.111 1.108 1.105 0
2005 1.096 1.104 1.065 1.062 1.105 0
2006 1.095 1.085 1.107 1.104 1.104 0
2007 1.093 1.072 1.053 1.053 1.108 0
2008 1.092 1.076 1.113 1.111 1.09 0
2009 1.091 1.048 1.072 1.07 1.1 0
2010 1.089 1.092 1.103 1.098 1.091 0
2011 1.087 1.09 1.031 1.029 1.086 0
2012 1.085 1.082 1.096 1.097 1.091 0
2013 1.083 1.094 1 0.997 1.084 0
2014 1.081 1.089 0.806 0.805 1.075 0
2015 1.078 1.03 1.043 1.04 1.068 0
2016 1.077 1.015 0.881 0.879 1.072 0
2017 1.075 0.992 1.019 1.017 1.072 0
2018 1.072 0.967 1.148 1.145 1.06 0
2019 1.069 1.1 1.096 1.095 1.074 0
2020 1.066 1.111 0.849 0.846 1.067 0
2021 1.064 1.086 1.158 1.155 1.067 0
2022 1.061 1.08 1.116 1.112 1.064 0
2023 1.059 1.075 1.1 1.098 1.054 0
Values for breeding stock: Mexico
Year RUS+WAL EAL+BER GOA SEA+NBC SBC+WA OR+CA
1970 1.005 0.998 0.981 0.987 1.002 0.956
1971 1.289 1.285 1.288 1.278 1.288 1.279
1972 1.191 1.224 1.225 1.217 1.224 1.217
1973 1.184 1.182 1.183 1.176 1.183 1.176
1974 1.154 1.153 1.154 1.147 1.153 1.143
1975 1.132 1.131 1.131 1.125 1.131 1.121
1976 1.115 1.114 1.114 1.108 1.113 1.105
1977 1.102 1.101 1.101 1.095 1.1 1.091
1978 1.091 1.09 1.09 1.085 1.089 1.08
1979 1.082 1.081 1.081 1.076 1.08 1.071
1980 1.074 1.073 1.074 1.068 1.073 1.063
1981 1.094 1.093 1.093 1.088 1.092 1.083
1982 1.108 1.107 1.107 1.101 1.106 1.096
1983 1.116 1.115 1.115 1.11 1.115 1.105
1984 1.12 1.12 1.119 1.114 1.118 1.111
1985 1.121 1.121 1.12 1.116 1.12 1.112
1986 1.12 1.12 1.118 1.114 1.119 1.111
1987 1.117 1.117 1.116 1.111 1.116 1.109
1988 1.113 1.113 1.112 1.108 1.112 1.105
1989 1.109 1.109 1.107 1.105 1.107 1.102
1990 1.104 1.104 1.103 1.1 1.103 1.099
1991 1.102 1.102 1.101 1.098 1.101 1.095
1992 1.102 1.102 1.101 1.097 1.101 1.095
1993 1.103 1.102 1.101 1.099 1.101 1.096
1994 1.104 1.104 1.102 1.1 1.103 1.098
1995 1.105 1.104 1.103 1.101 1.104 1.1
1996 1.105 1.105 1.104 1.1 1.104 1.101
1997 1.103 1.103 1.102 1.099 1.104 1.1
1998 1.103 1.102 1.101 1.098 1.103 1.1
1999 1.102 1.101 1.1 1.096 1.101 1.099
2000 1.1 1.119 1.097 1.095 1.094 1.097
2001 1.099 1.114 1.112 1.109 1.104 1.106
2002 1.097 1.113 1.111 1.109 1.106 1.114
2003 1.096 1.103 1.083 1.081 1.105 1.109
2004 1.094 1.094 1.108 1.105 1.103 1.11
2005 1.093 1.101 1.062 1.059 1.102 1.086
2006 1.092 1.083 1.105 1.102 1.102 1.034
2007 1.091 1.07 1.051 1.05 1.105 1.092
2008 1.09 1.073 1.11 1.108 1.088 1.081
2009 1.088 1.045 1.069 1.067 1.097 1.094
2010 1.086 1.089 1.101 1.095 1.089 1.088
2011 1.084 1.087 1.028 1.026 1.083 1.086
2012 1.082 1.079 1.093 1.094 1.088 1.111
2013 1.08 1.091 0.997 0.995 1.082 1.124
2014 1.078 1.086 0.804 0.803 1.073 1.115
2015 1.075 1.027 1.04 1.037 1.065 1.097
2016 1.074 1.013 0.879 0.876 1.069 1.079
2017 1.072 0.99 1.016 1.015 1.069 1.1
2018 1.069 0.964 1.145 1.142 1.057 1.08
2019 1.066 1.097 1.093 1.092 1.071 1.082
2020 1.063 1.107 0.846 0.843 1.064 1.09
2021 1.06 1.082 1.154 1.151 1.064 1.057
2022 1.059 1.078 1.114 1.11 1.062 1.071
2023 1.056 1.072 1.097 1.095 1.051 1.077
Values for breeding stock: Central_Am
Year RUS+WAL EAL+BER GOA SEA+NBC SBC+WA OR+CA
1970 0 0 0 0 1 0.954
1971 0 0 0 0 1.285 1.277
1972 0 0 0 0 1.223 1.215
1973 0 0 0 0 1.18 1.173
1974 0 0 0 0 1.151 1.141
1975 0 0 0 0 1.129 1.119
1976 0 0 0 0 1.111 1.103
1977 0 0 0 0 1.098 1.09
1978 0 0 0 0 1.087 1.078
1979 0 0 0 0 1.078 1.069
1980 0 0 0 0 1.071 1.061
1981 0 0 0 0 1.09 1.081
1982 0 0 0 0 1.104 1.094
1983 0 0 0 0 1.113 1.103
1984 0 0 0 0 1.117 1.109
1985 0 0 0 0 1.118 1.11
1986 0 0 0 0 1.117 1.109
1987 0 0 0 0 1.114 1.107
1988 0 0 0 0 1.11 1.103
1989 0 0 0 0 1.106 1.1
1990 0 0 0 0 1.101 1.097
1991 0 0 0 0 1.099 1.093
1992 0 0 0 0 1.099 1.093
1993 0 0 0 0 1.1 1.095
1994 0 0 0 0 1.101 1.097
1995 0 0 0 0 1.102 1.098
1996 0 0 0 0 1.103 1.1
1997 0 0 0 0 1.104 1.1
1998 0 0 0 0 1.103 1.1
1999 0 0 0 0 1.102 1.099
2000 0 0 0 0 1.094 1.097
2001 0 0 0 0 1.104 1.107
2002 0 0 0 0 1.106 1.114
2003 0 0 0 0 1.105 1.11
2004 0 0 0 0 1.103 1.111
2005 0 0 0 0 1.102 1.086
2006 0 0 0 0 1.102 1.034
2007 0 0 0 0 1.105 1.092
2008 0 0 0 0 1.088 1.081
2009 0 0 0 0 1.098 1.094
2010 0 0 0 0 1.089 1.089
2011 0 0 0 0 1.084 1.086
2012 0 0 0 0 1.089 1.111
2013 0 0 0 0 1.082 1.124
2014 0 0 0 0 1.074 1.116
2015 0 0 0 0 1.066 1.098
2016 0 0 0 0 1.07 1.08
2017 0 0 0 0 1.07 1.101
2018 0 0 0 0 1.058 1.081
2019 0 0 0 0 1.073 1.084
2020 0 0 0 0 1.065 1.092
2021 0 0 0 0 1.065 1.058
2022 0 0 0 0 1.063 1.071
2023 0 0 0 0 1.052 1.079

Numbers over time by herd
Values for breeding stock: Asia
Year RUS+WAL EAL+BER GOA SEA+NBC SBC+WA OR+CA
1970 11 2 0 0 0 0
1971 29 5 0 0 0 0
1972 43 8 0 0 0 0
1973 56 10 0 0 0 0
1974 69 13 0 0 0 0
1975 68 12 0 0 0 0
1976 67 12 0 0 0 0
1977 66 12 0 0 0 0
1978 66 12 0 0 0 0
1979 65 12 0 0 0 0
1980 64 12 0 0 0 0
1981 68 12 0 0 0 0
1982 76 14 0 0 0 0
1983 86 16 0 0 0 0
1984 99 18 0 0 0 0
1985 110 20 0 0 0 0
1986 122 22 0 0 0 0
1987 132 24 0 0 0 0
1988 141 26 0 0 0 0
1989 150 27 0 0 0 0
1990 158 29 0 0 0 0
1991 166 30 0 0 0 0
1992 175 32 0 0 0 0
1993 187 34 0 0 0 0
1994 200 36 0 0 0 0
1995 216 39 0 0 0 0
1996 233 42 0 0 0 0
1997 251 45 0 0 0 0
1998 269 49 0 0 0 0
1999 289 52 0 0 0 0
2000 308 56 0 0 0 0
2001 327 61 0 0 0 0
2002 347 67 0 0 0 0
2003 367 72 0 0 0 0
2004 388 77 0 0 0 0
2005 411 80 0 0 0 0
2006 434 85 0 0 0 0
2007 458 88 0 0 0 0
2008 483 90 0 0 0 0
2009 508 92 0 0 0 0
2010 534 92 0 0 0 0
2011 559 98 0 0 0 0
2012 584 105 0 0 0 0
2013 605 111 0 0 0 0
2014 634 117 0 0 0 0
2015 641 119 0 0 0 0
2016 666 115 0 0 0 0
2017 690 107 0 0 0 0
2018 711 98 0 0 0 0
2019 734 92 0 0 0 0
2020 748 102 0 0 0 0
2021 760 117 0 0 0 0
2022 770 128 0 0 0 0
2023 777 128 0 0 0 0
Values for breeding stock: Hawaii
Year RUS+WAL EAL+BER GOA SEA+NBC SBC+WA OR+CA
1970 2 29 14 56 3 0
1971 6 81 40 156 8 0
1972 9 122 61 234 13 0
1973 12 162 80 308 17 0
1974 15 199 99 378 21 0
1975 15 199 99 375 21 0
1976 15 198 99 372 21 0
1977 15 197 98 368 21 0
1978 15 197 98 365 21 0
1979 15 196 98 362 21 0
1980 15 195 97 360 20 0
1981 16 209 104 382 22 0
1982 18 233 116 424 24 0
1983 20 266 132 483 28 0
1984 23 308 153 556 32 0
1985 27 348 173 625 36 0
1986 29 386 191 689 40 0
1987 32 421 209 748 44 0
1988 35 454 225 804 47 0
1989 37 486 240 857 51 0
1990 39 515 254 905 54 0
1991 42 546 269 956 57 0
1992 44 581 287 1014 60 0
1993 48 623 307 1083 65 0
1994 51 673 331 1166 70 0
1995 56 731 359 1260 76 0
1996 61 793 389 1363 82 0
1997 66 861 421 1472 89 0
1998 71 932 455 1586 97 0
1999 77 1005 490 1702 104 0
2000 83 1080 526 1821 112 0
2001 89 1191 561 1937 119 0
2002 95 1308 612 2109 128 0
2003 101 1433 669 2299 139 0
2004 107 1526 701 2405 151 0
2005 114 1610 754 2579 162 0
2006 122 1720 761 2594 175 0
2007 129 1800 830 2830 190 0
2008 137 1856 825 2809 203 0
2009 146 1908 922 3133 218 0
2010 154 1919 940 3178 230 0
2011 163 2067 1041 3512 243 0
2012 172 2218 994 3356 259 0
2013 180 2382 1075 3621 274 0
2014 189 2516 993 3341 285 0
2015 197 2646 788 2644 296 0
2016 206 2559 751 2515 305 0
2017 214 2408 658 2204 316 0
2018 222 2221 672 2245 327 0
2019 230 2076 752 2512 342 0
2020 236 2336 854 2840 355 0
2021 243 2695 689 2286 369 0
2022 248 2972 713 2358 381 0
2023 254 3018 760 2509 387 0
Values for breeding stock: Mexico
Year RUS+WAL EAL+BER GOA SEA+NBC SBC+WA OR+CA
1970 2 28 6 4 2 12
1971 6 79 17 10 7 35
1972 9 119 26 15 10 52
1973 11 157 34 19 13 68
1974 14 194 42 23 16 83
1975 14 193 41 23 16 82
1976 14 192 41 23 16 81
1977 14 191 41 23 16 79
1978 14 190 41 22 16 78
1979 14 189 41 22 16 77
1980 14 188 40 22 16 76
1981 14 200 43 23 17 81
1982 16 223 48 26 18 89
1983 18 255 55 29 21 101
1984 21 294 63 34 24 115
1985 24 332 71 38 27 129
1986 27 367 79 42 30 142
1987 29 400 86 45 33 154
1988 31 431 92 48 35 165
1989 33 460 98 52 38 175
1990 35 487 104 54 40 184
1991 37 516 110 57 42 194
1992 40 549 117 61 45 205
1993 43 587 125 65 48 219
1994 46 634 134 70 52 236
1995 50 687 145 75 56 254
1996 54 745 158 81 61 275
1997 59 806 170 88 66 298
1998 63 870 183 94 71 321
1999 68 936 197 101 77 345
2000 73 1003 211 107 82 370
2001 78 1103 224 114 87 394
2002 83 1208 244 124 94 426
2003 88 1321 266 135 101 467
2004 94 1404 278 141 109 511
2005 100 1476 299 150 117 556
2006 106 1574 300 151 126 582
2007 112 1644 327 164 137 568
2008 119 1691 324 163 146 593
2009 126 1734 362 181 156 623
2010 133 1740 368 183 165 678
2011 140 1870 406 202 174 718
2012 147 2001 387 192 184 763
2013 154 2144 417 207 195 832
2014 161 2259 385 191 202 918
2015 168 2369 304 150 209 1010
2016 175 2285 289 143 215 1076
2017 181 2145 253 125 222 1157
2018 188 1973 257 127 229 1218
2019 194 1839 288 141 239 1282
2020 199 2063 325 159 247 1345
2021 203 2372 261 128 256 1410
2022 207 2610 270 132 264 1435
2023 211 2643 287 140 267 1491
Values for breeding stock: Central_Am
Year RUS+WAL EAL+BER GOA SEA+NBC SBC+WA OR+CA
1970 0 0 0 0 1 7
1971 0 0 0 0 2 20
1972 0 0 0 0 3 30
1973 0 0 0 0 4 39
1974 0 0 0 0 5 48
1975 0 0 0 0 5 47
1976 0 0 0 0 5 47
1977 0 0 0 0 5 46
1978 0 0 0 0 5 45
1979 0 0 0 0 5 44
1980 0 0 0 0 5 44
1981 0 0 0 0 5 46
1982 0 0 0 0 6 51
1983 0 0 0 0 7 57
1984 0 0 0 0 8 66
1985 0 0 0 0 8 74
1986 0 0 0 0 9 81
1987 0 0 0 0 10 87
1988 0 0 0 0 11 93
1989 0 0 0 0 12 99
1990 0 0 0 0 12 104
1991 0 0 0 0 13 110
1992 0 0 0 0 14 116
1993 0 0 0 0 15 123
1994 0 0 0 0 16 132
1995 0 0 0 0 17 143
1996 0 0 0 0 19 154
1997 0 0 0 0 20 167
1998 0 0 0 0 22 180
1999 0 0 0 0 24 193
2000 0 0 0 0 25 208
2001 0 0 0 0 27 221
2002 0 0 0 0 29 239
2003 0 0 0 0 31 262
2004 0 0 0 0 34 287
2005 0 0 0 0 36 313
2006 0 0 0 0 39 327
2007 0 0 0 0 42 319
2008 0 0 0 0 45 334
2009 0 0 0 0 48 350
2010 0 0 0 0 51 382
2011 0 0 0 0 53 405
2012 0 0 0 0 57 430
2013 0 0 0 0 60 469
2014 0 0 0 0 62 518
2015 0 0 0 0 65 570
2016 0 0 0 0 66 608
2017 0 0 0 0 69 655
2018 0 0 0 0 71 690
2019 0 0 0 0 74 727
2020 0 0 0 0 77 764
2021 0 0 0 0 80 802
2022 0 0 0 0 82 817
2023 0 0 0 0 83 850

Catch numbers by breeding stock
Year Asia Hawaii Mexico Central_Am
1970 0.9 0 1.1 0.3
1971 0.9 0 1.2 0.3
1972 1 0 1.3 0.3
1973 1.1 0 1.3 0.4
1974 1.2 0.1 1.4 0.4
1975 1.2 0.1 1.5 0.4
1976 1.3 0.1 1.6 0.4
1977 1.4 0.1 1.6 0.4
1978 1.5 0.1 1.7 0.5
1979 1.6 0.1 1.8 0.5
1980 1.8 0.1 1.9 0.5
1981 1.9 0.1 2 0.5
1982 2 0.1 2.1 0.6
1983 2.2 0.1 2.2 0.6
1984 2.3 0.1 2.4 0.6
1985 2.5 0.1 2.5 0.7
1986 2.6 0.1 2.6 0.7
1987 2.8 0.1 2.8 0.7
1988 3 0.1 2.9 0.8
1989 3.2 0.1 3.1 0.8
1990 3.5 0.2 3.2 0.8
1991 3.7 0.2 3.4 0.9
1992 4 0.2 3.6 0.9
1993 4.3 0.2 3.8 1
1994 4.6 0.2 4 1
1995 4.9 0.2 4.2 1.1
1996 5.2 0.2 4.4 1.1
1997 5.6 0.2 11 1.2
1998 6 0.2 11.6 1.2
1999 6.4 0.2 12.3 1.3
2000 6.9 0.3 12.9 1.4
2001 7.3 0.3 13.6 1.4
2002 7.9 0 13.7 1.5
2003 8.4 0 13.7 1.6
2004 9 0 15.8 1.7
2005 9.6 0 19 1.8
2006 10.3 1 16.1 1.8
2007 11.1 0 18.2 1.9
2008 11.8 0 18.7 2
2009 12.7 0 21.2 2.1
2010 13.6 0 22 2.2
2011 14.5 0.8 24.9 2.4
2012 15.5 0 25.6 2.5
2013 28 0 25.3 2.6
2014 0 5 30.6 2.7
2015 72 0 33.5 2.9
2016 12 0.1 33.4 3
2017 12 0.1 31.5 3.2
2018 16 0.1 31.5 3.3
2019 4 0.4 31.5 1.7
2020 26.8 0.4 40.7 5
2021 28.6 0.4 44.1 4.7
2022 30.7 0.4 26.4 3.7
2023 32.8 0.4 43.3 4.2

Catch numbers by feeding ground
Year RUS+WAL EAL+BER GOA SEA+NBC SBC+WA OR+CA
1970 0 2.7 3.1 6.8 0.1 6.4
1971 0 1.8 0.1 4 0.1 1.5
1972 4 0.8 0.1 4.1 0.1 1.6
1973 0 0.8 0.1 4.3 0.1 1.7
1974 0 0.8 0.1 4.5 0.1 2.5
1975 0 0.8 0.2 4.7 0.1 2.7
1976 0 0.8 0.2 4.9 0.2 2.9
1977 0 0.8 0.2 5.2 0.2 3.1
1978 0 0.8 0.2 5.4 0.2 3.3
1979 0 1 0.2 5.6 0.2 3.5
1980 0 1 0.2 5.9 0.2 3.9
1981 0 1 0.3 6.1 0.3 4.2
1982 0 1 0.4 6.5 0.3 4.5
1983 0 1 0.4 6.7 0.3 4.8
1984 0 1 0.5 7.1 0.4 4.6
1985 0 1 0.5 6.7 0.4 5
1986 0 1 0.7 7.8 0.4 5.4
1987 0 1 0.7 10 0.5 5.8
1988 0 1.1 0.8 8.5 0.5 6.3
1989 0 0.9 0.8 6.1 0.6 6.1
1990 0 1 0.8 7.4 0.7 5.8
1991 0 1 0.9 8.2 0.7 7.6
1992 0 1.1 0.9 9.8 0.8 8.3
1993 0 1.1 1 7.1 0.9 8.6
1994 0 1.2 1 9.3 1 8.8
1995 0 1.2 1 9.3 1.1 9.6
1996 0 1.2 1.1 12.7 1.2 9.9
1997 0 1.2 1.3 12.7 0.9 10.7
1998 0 3 1.4 14.7 1.2 12
1999 0 2.6 1.4 17.4 1.7 13.5
2000 0 1.2 1.5 14.1 1.5 11.6
2001 0 1.2 1.8 16.4 1.7 13.4
2002 0 2.4 1.9 13.8 1.9 13.7
2003 0 1.4 2 18.9 2.3 16
2004 0 1.4 2.3 22 2.5 15.9
2005 0 1.6 2.3 23.3 5.8 20.1
2006 0 1.6 2.4 22.7 5.3 22.1
2007 0 0.1 7.3 18.4 0 18.1
2008 0 0.1 4.3 19.7 12.4 8.8
2009 0 0.1 4.3 24.1 0 9.8
2010 0 6.1 0.8 44.5 7 24.5
2011 0 3.1 4 28.4 11 11.9
2012 0 4.1 8.8 11.6 0 10
2013 0 0.1 4 31.6 0 4.7
2014 0 0.1 11.8 43.7 7 45.2
2015 0 4.1 12 51 9.1 103.4
2016 0 4.1 4.8 34.8 7.1 150.3
2017 0 4.1 2.1 16.3 11.1 60.3
2018 0 1.1 4 26.6 30.1 111.1
2019 0 4.1 6 27.3 9.1 61
2020 0 1.1 0 24 23 31.2
2021 0 2.2 7 33.7 13 62.4
2022 0 4.3 0.8 22.3 8 56
2023 0 3.6 9.1 40.1 19.2 59.7
