Stock structure: B2F2; Model type = BC
Mortality impacts feeding grounds
Recuitment related to unfished
Staying rate: 0
Age-at-matrity: 8
Base adult survival: 0
Mirrored survival
Sigma for survival devs: 6
Additional variance estimated
Weight for mark-recapture proportions: 1
Weight for genetics proportions: 1


Total objective fn: 262.844899328857
Negative log-likelihood fn: 152.881845673576

Natural Survival by feeding ground
RUS+WAL,EAL+BER+WGOA,NGOA,SEA+NBC,SBC+WA,OR+CA
1970 0.96 0.96 0.96 0.96 0.96 0.96
1971 0.96 0.96 0.96 0.96 0.96 0.96
1972 0.96 0.96 0.96 0.96 0.96 0.96
1973 0.96 0.96 0.96 0.96 0.96 0.96
1974 0.96 0.96 0.96 0.96 0.96 0.96
1975 0.96 0.96 0.96 0.96 0.96 0.96
1976 0.96 0.96 0.96 0.96 0.96 0.96
1977 0.96 0.96 0.96 0.96 0.96 0.96
1978 0.96 0.96 0.96 0.96 0.96 0.96
1979 0.96 0.96 0.96 0.96 0.96 0.96
1980 0.96 0.96 0.96 0.96 0.96 0.96
1981 0.96 0.96 0.96 0.96 0.96 0.96
1982 0.96 0.96 0.96 0.96 0.96 0.96
1983 0.96 0.96 0.96 0.96 0.96 0.96
1984 0.96 0.96 0.96 0.96 0.96 0.96
1985 0.96 0.96 0.96 0.96 0.96 0.96
1986 0.96 0.96 0.96 0.96 0.96 0.96
1987 0.96 0.96 0.96 0.96 0.96 0.96
1988 0.96 0.96 0.96 0.96 0.96 0.96
1989 0.96 0.96 0.96 0.96 0.96 0.96
1990 0.96 0.96 0.96 0.96 0.96 0.96
1991 0.96 0.96 0.96 0.96 0.96 0.96
1992 0.96 0.96 0.96 0.96 0.96 0.96
1993 0.96 0.96 0.96 0.96 0.96 0.96
1994 0.96 0.96 0.96 0.96 0.96 0.96
1995 0.96 0.96 0.96 0.96 0.96 0.96
1996 0.96 0.96 0.96 0.96 0.96 0.96
1997 0.96 0.96 0.96 0.96 0.96 0.96
1998 0.96 0.96 0.96 0.96 0.96 0.96
1999 0.96 0.96 0.96 0.96 0.96 0.96
2000 0.96 0.9810903 0.9553747 0.9553747 0.9348292 0.9697066
2001 0.96 0.9814187 0.9725929 0.9725929 0.9550459 0.9759389
2002 0.96 0.9812305 0.9770589 0.9770589 0.9624424 0.9810065
2003 0.96 0.978226 0.9474698 0.9474698 0.9644912 0.9814814
2004 0.96 0.9794816 0.9785178 0.9785178 0.9645113 0.9802064
2005 0.96 0.9767535 0.930195 0.930195 0.9699689 0.9640153
2006 0.96 0.9767563 0.977234 0.977234 0.970938 0.85238
2007 0.96 0.9706877 0.9360001 0.9360001 0.9693305 0.9435346
2008 0.96 0.9663634 0.9801511 0.9801511 0.9671521 0.9419664
2009 0.96 0.9494622 0.9478928 0.9478928 0.964355 0.9497471
2010 0.96 0.9637787 0.9763425 0.9763425 0.9655393 0.9549663
2011 0.96 0.9638311 0.9166713 0.9166713 0.9650178 0.9428469
2012 0.96 0.9494621 0.969254 0.969254 0.9614981 0.9617497
2013 0.96 0.9551122 0.8793726 0.8793726 0.9575744 0.9784996
2014 0.96 0.9540432 0.7170742 0.7170742 0.9553836 0.9850199
2015 0.96 0.8286115 0.8871204 0.8871204 0.9482108 0.9863792
2016 0.96 0.892672 0.7534673 0.7534673 0.9484089 0.9821416
2017 0.96 0.796888 0.8655951 0.8655951 0.9550612 0.9791119
2018 0.96 0.7742288 0.956443 0.956443 0.9575634 0.9721218
2019 0.96 0.942128 0.9330829 0.9330829 0.9606882 0.963757
2020 0.96 0.95109 0.8136546 0.8136546 0.9629338 0.9734261
2021 0.96 0.9599974 0.9599994 0.9599994 0.9623155 0.9486172
2022 0.96 0.9599987 0.9599997 0.9599997 0.9608673 0.9542698
2023 0.96 0.96 0.96 0.96 0.96 0.96

Naturak Survival by breeding stock
RUS+WAL,EAL+BER+WGOA,NGOA,SEA+NBC,SBC+WA,OR+CA
1970 0.96 0.96 0.96 0.96 0.96
1971 0.96 0.96 0.96 0.96 0.96
1972 0.96 0.96 0.96 0.96 0.96
1973 0.96 0.96 0.96 0.96 0.96
1974 0.96 0.96 0.96 0.96 0.96
1975 0.96 0.96 0.96 0.96 0.96
1976 0.96 0.96 0.96 0.96 0.96
1977 0.96 0.96 0.96 0.96 0.96
1978 0.96 0.96 0.96 0.96 0.96
1979 0.96 0.96 0.96 0.96 0.96
1980 0.96 0.96 0.96 0.96 0.96
1981 0.96 0.96 0.96 0.96 0.96
1982 0.96 0.96 0.96 0.96 0.96
1983 0.96 0.96 0.96 0.96 0.96
1984 0.96 0.96 0.96 0.96 0.96
1985 0.96 0.96 0.96 0.96 0.96
1986 0.96 0.96 0.96 0.96 0.96
1987 0.96 0.96 0.96 0.96 0.96
1988 0.96 0.96 0.96 0.96 0.96
1989 0.96 0.96 0.96 0.96 0.96
1990 0.96 0.96 0.96 0.96 0.96
1991 0.96 0.96 0.96 0.96 0.96
1992 0.96 0.96 0.96 0.96 0.96
1993 0.96 0.96 0.96 0.96 0.96
1994 0.96 0.96 0.96 0.96 0.96
1995 0.96 0.96 0.96 0.96 0.96
1996 0.96 0.96 0.96 0.96 0.96
1997 0.96 0.96 0.96 0.96 0.96
1998 0.96 0.96 0.96 0.96 0.96
1999 0.96 0.96 0.96 0.96 0.96
2000 0.96 0.96 0.96 0.96 0.96
2001 0.96 0.96 0.96 0.96 0.96
2002 0.96 0.96 0.96 0.96 0.96
2003 0.96 0.96 0.96 0.96 0.96
2004 0.96 0.96 0.96 0.96 0.96
2005 0.96 0.96 0.96 0.96 0.96
2006 0.96 0.96 0.96 0.96 0.96
2007 0.96 0.96 0.96 0.96 0.96
2008 0.96 0.96 0.96 0.96 0.96
2009 0.96 0.96 0.96 0.96 0.96
2010 0.96 0.96 0.96 0.96 0.96
2011 0.96 0.96 0.96 0.96 0.96
2012 0.96 0.96 0.96 0.96 0.96
2013 0.96 0.96 0.96 0.96 0.96
2014 0.96 0.96 0.96 0.96 0.96
2015 0.96 0.96 0.96 0.96 0.96
2016 0.96 0.96 0.96 0.96 0.96
2017 0.96 0.96 0.96 0.96 0.96
2018 0.96 0.96 0.96 0.96 0.96
2019 0.96 0.96 0.96 0.96 0.96
2020 0.96 0.96 0.96 0.96 0.96
2021 0.96 0.96 0.96 0.96 0.96
2022 0.96 0.96 0.96 0.96 0.96
2023 0.96 0.96 0.96 0.96 0.96

Fecundity by feeding ground
RUS+WAL,EAL+BER+WGOA,NGOA,SEA+NBC,SBC+WA,OR+CA
1970 0.9617784 0.9622712 0.9598679 0.9586741 0.9629269 0.9668041
1971 0.9618425 0.9623302 0.9598811 0.9587804 0.9629597 0.9668813
1972 0.9597658 0.9600167 0.9569736 0.9557173 0.9607952 0.9656942
1973 0.9575572 0.9578051 0.9541862 0.9528117 0.9587278 0.9645837
1974 0.9554693 0.9556981 0.9515255 0.9500684 0.9567592 0.9635706
1975 0.9534892 0.9536897 0.9489949 0.9474768 0.9548838 0.9626326
1976 0.951618 0.9517752 0.9465799 0.9450286 0.9531159 0.9617655
1977 0.9498506 0.9499495 0.9442747 0.9427191 0.9514331 0.9609638
1978 0.9481826 0.9482091 0.9420745 0.9405388 0.9498336 0.9602295
1979 0.9466098 0.9465564 0.9399744 0.9384812 0.9483123 0.9595563
1980 0.9451359 0.9449821 0.93797 0.9365433 0.9468654 0.958949
1981 0.9437459 0.943481 0.9360668 0.9347119 0.9455069 0.9583964
1982 0.9418158 0.9414235 0.9334781 0.9321777 0.9436333 0.957595
1983 0.939408 0.9388609 0.9302578 0.9290062 0.9412924 0.9565735
1984 0.9365706 0.9358462 0.9264832 0.9252769 0.9385536 0.9553456
1985 0.933362 0.9324279 0.9222076 0.9210346 0.935446 0.9539602
1986 0.929823 0.9286522 0.9175114 0.9163865 0.9320118 0.9524392
1987 0.9260057 0.9245635 0.9124321 0.9114276 0.9283113 0.9508066
1988 0.9219511 0.9202047 0.907032 0.9061064 0.9243652 0.949088
1989 0.9176981 0.9156053 0.9013507 0.9004409 0.920227 0.9472749
1990 0.9132894 0.9108097 0.8954344 0.8945847 0.9159302 0.9453761
1991 0.9087495 0.9058472 0.8893343 0.8885669 0.9114884 0.9434871
1992 0.9039597 0.9005891 0.8828797 0.8822507 0.9067968 0.941508
1993 0.8988148 0.8949208 0.8759461 0.8753728 0.9017555 0.9393788
1994 0.8932314 0.8887557 0.8684171 0.8679692 0.8962818 0.9370527
1995 0.8871453 0.8820212 0.8602123 0.8598991 0.8903143 0.9345244
1996 0.8805107 0.8746664 0.8512863 0.8512098 0.883806 0.9317504
1997 0.8733061 0.866659 0.8416174 0.8417739 0.8766537 0.9287382
1998 0.865517 0.8580374 0.8311836 0.8316387 0.8689464 0.9254924
1999 0.857143 0.8487351 0.8199814 0.8208375 0.8607257 0.9220236
2000 0.8482031 0.8387302 0.8080454 0.809217 0.851874 0.9182087
2001 0.8387088 0.8233328 0.7966509 0.7981836 0.8472373 0.9132949
2002 0.8286663 0.8069752 0.7796577 0.7815205 0.8381021 0.907434
2003 0.8180423 0.7893501 0.7604406 0.7628093 0.8271858 0.9006211
2004 0.8068092 0.7712738 0.7499867 0.7528516 0.8152489 0.8931617
2005 0.7949239 0.7513996 0.7274821 0.7310315 0.8031955 0.8853437
2006 0.7823419 0.7310645 0.7222601 0.7262563 0.7887316 0.8791572
2007 0.7690372 0.7092157 0.6980578 0.7021141 0.7720415 0.8870014
2008 0.7549721 0.688459 0.6903578 0.6945674 0.7570967 0.881463
2009 0.74015 0.6682996 0.6621033 0.6668771 0.7395801 0.8768559
2010 0.7245705 0.6549719 0.6482786 0.6544276 0.7232696 0.8713111
2011 0.7082552 0.6334138 0.6196149 0.6265784 0.7066561 0.8641324
2012 0.6912321 0.6108931 0.6214323 0.6275865 0.6872232 0.8584727
2013 0.6744419 0.5951292 0.5938213 0.6006926 0.6682112 0.8485424
2014 0.6548237 0.5754494 0.6149941 0.6214372 0.6515137 0.8361049
2015 0.6400892 0.5562165 0.7027849 0.7078078 0.6355073 0.8236216
2016 0.6203374 0.6052553 0.7060582 0.7113858 0.6220117 0.8117662
2017 0.5997637 0.6147006 0.7567506 0.7612763 0.6084818 0.7975331
2018 0.5790111 0.6668762 0.7633598 0.7680448 0.59456 0.7846796
2019 0.556859 0.7169835 0.7417941 0.7471051 0.5749635 0.7710974
2020 0.5362745 0.6956101 0.7305053 0.7367205 0.5558652 0.7582832
2021 0.5156524 0.6742571 0.759563 0.765264 0.5331886 0.7420246
2022 0.495041 0.6492896 0.7365189 0.7432697 0.5096329 0.7334738
2023 0.4746031 0.624869 0.7171173 0.7245783 0.4893987 0.7220487

Total abundance: Estimate SD_log
1970 1106.712 0.04808284
1971 1391.997 0.04338376
1972 1625.727 0.04084171
1973 1843.478 0.03920528
1974 2053.58 0.03797103
1975 2251.761 0.03707467
1976 2439.28 0.03639725
1977 2616.55 0.03587629
1978 2784.154 0.03546889
1979 2942.439 0.03514863
1980 3091.721 0.03489737
1981 3311.049 0.03414417
1982 3581.048 0.03318533
1983 3895.64 0.03216537
1984 4249.737 0.03117769
1985 4638.442 0.03027586
1986 5057.44 0.02948139
1987 5500.842 0.02880723
1988 5963.292 0.02825119
1989 6444.719 0.0277824
1990 6943.883 0.02738074
1991 7473.435 0.02702042
1992 8042.557 0.02669931
1993 8659.836 0.02642252
1994 9336.457 0.0261893
1995 10072.11 0.02603011
1996 10871.11 0.02595377
1997 11731.49 0.02597626
1998 12655.84 0.02609451
1999 13637.66 0.02631792
2000 14675.01 0.02663996
2001 15864.93 0.02682605
2002 17343.47 0.02734347
2003 19000.79 0.02676315
2004 20387.08 0.02135656
2005 22268.87 0.0196875
2006 23535.55 0.02354107
2007 25203.27 0.02528174
2008 26552.11 0.02617063
2009 28621.62 0.02721311
2010 30050.31 0.03220425
2011 32241.18 0.03322203
2012 33384.29 0.03176492
2013 35450.7 0.03596481
2014 36009.72 0.04378822
2015 34081.73 0.03992019
2016 33030.87 0.04678601
2017 31458.77 0.0499797
2018 30335.75 0.04272605
2019 30218.17 0.03689853
2020 31798.12 0.03578943
2021 32111.9 0.03542021
2022 34096.86 0.04461258
2023 36153.62 0.05093453
2024 38171.45 0.05645853

Breeding stock abundance: Estimate SD_log Estimate/K
Asia
1 78.83577 0.07704373 1.429603
2 99.78201 0.07388613 1.809441
3 116.2669 0.07255269 2.108376
4 128.8775 0.07329818 2.337056
5 143.096 0.07283588 2.594894
6 156.4317 0.07257902 2.836723
7 169.035 0.07241632 3.065271
8 180.8432 0.07235984 3.2794
9 191.8912 0.07238525 3.479743
10 202.2118 0.07247669 3.666896
11 211.8308 0.07262445 3.841327
12 226.0725 0.07244017 4.099586
13 243.6768 0.07209472 4.41882
14 264.2283 0.07166455 4.791499
15 287.2375 0.07123084 5.208747
16 312.4539 0.07079529 5.666021
17 339.4469 0.07039691 6.15551
18 368.0216 0.07001775 6.673682
19 397.8002 0.06967944 7.213685
20 428.5262 0.0693797 7.770868
21 459.9756 0.06911568 8.341169
22 493.136 0.0688613 8.942499
23 528.8155 0.06859064 9.589509
24 567.4533 0.06831731 10.29016
25 609.4534 0.06804744 11.05179
26 655.0883 0.06779273 11.87933
27 704.5215 0.06756857 12.77575
28 757.8125 0.06739313 13.74213
29 814.8238 0.06729573 14.77597
30 875.3976 0.06729776 15.87441
31 939.3978 0.06742075 17.03498
32 1009.581 0.0676447 18.30768
33 1083.82 0.06804284 19.65392
34 1162.07 0.06865841 21.07291
35 1244.28 0.06951001 22.56369
36 1331.314 0.07066552 24.14197
37 1422.633 0.07216943 25.79793
38 1518.789 0.07406736 27.54163
39 1618.332 0.07639717 29.34674
40 1721.504 0.07918731 31.21764
41 1824.854 0.08247913 33.0918
42 1935.779 0.08620962 35.10329
43 2050.509 0.09048113 37.1838
44 2164.216 0.09535313 39.24576
45 2270.595 0.1012375 41.17483
46 2408.527 0.106524 43.67608
47 2440.313 0.1157192 44.25248
48 2554.367 0.1232422 46.32073
49 2648.752 0.1315613 48.0323
50 2740.618 0.1408669 49.6982
51 2881.315 0.1489874 52.24958
52 3001.788 0.1586528 54.43425
53 3121.844 0.1686633 56.61133
54 3238.424 0.1790719 58.72539
Hawaii
1 707.9124 0.05234611 1.864743
2 894.7524 0.04797388 2.356906
3 1046.378 0.04571387 2.756311
4 1190.049 0.04420436 3.13476
5 1327.266 0.04311604 3.496209
6 1457.511 0.04231496 3.839294
7 1581.139 0.04170625 4.164948
8 1698.486 0.04123218 4.474056
9 1809.816 0.04085705 4.767316
10 1915.507 0.0405544 5.04572
11 2015.694 0.04030975 5.309628
12 2162.006 0.03964932 5.695034
13 2341.834 0.0388299 6.168726
14 2551.273 0.03797392 6.72042
15 2787.127 0.03715613 7.341693
16 3045.783 0.03642341 8.02303
17 3325.169 0.03578086 8.758973
18 3620.804 0.03524692 9.537717
19 3928.987 0.03482097 10.34952
20 4250.839 0.03446013 11.19732
21 4585.374 0.03414841 12.07853
22 4939.67 0.03388604 13.0118
23 5321.434 0.03366594 14.01742
24 5735.363 0.03350099 15.10777
25 6189.87 0.03338156 16.30501
26 6683.137 0.03334887 17.60434
27 7219.043 0.033405 19.016
28 7794.741 0.03357504 20.53247
29 8413.307 0.03385042 22.16186
30 9070.027 0.03424699 23.89175
31 9763.456 0.03476431 25.71835
32 10527.06 0.03545303 27.72977
33 11515.01 0.03695369 30.33219
34 12625.93 0.03671768 33.25852
35 13460.39 0.0291572 35.4566
36 14718.28 0.0272221 38.77007
37 15433.42 0.0315784 40.65384
38 16806.79 0.03260412 44.27149
39 17637.56 0.03316556 46.45986
40 19120.5 0.03338221 50.36615
41 20022.54 0.03838768 52.74225
42 21546.85 0.03990975 56.7575
43 22110.43 0.03670154 58.24204
44 23494.32 0.04260256 61.88742
45 23362.78 0.05628099 61.5409
46 20891.16 0.04552524 55.03032
47 19896.18 0.05183521 52.4094
48 18091.74 0.05733979 47.65623
49 16950.96 0.05073599 44.65127
50 16817.77 0.04376581 44.30043
51 17654.58 0.0416332 46.50469
52 17203.97 0.04684117 45.31773
53 18447.09 0.05902248 48.59228
54 19688.41 0.06743766 51.8621
MX_AR
1 111.7489 0.0742445 1.038669
2 140.8864 0.0711043 1.309493
3 164.9875 0.06940811 1.533504
4 187.6929 0.06832834 1.744544
5 209.731 0.06749508 1.94938
6 230.6898 0.06688168 2.144185
7 250.6484 0.06641197 2.329694
8 269.6572 0.06604204 2.506375
9 287.7622 0.06574342 2.674655
10 305.0072 0.06549809 2.834942
11 321.3836 0.06529806 2.987155
12 345.1907 0.06480929 3.208434
13 374.424 0.0642137 3.480148
14 408.4999 0.06359516 3.796873
15 446.8946 0.06300663 4.153738
16 489.1169 0.06247482 4.546181
17 534.6901 0.06201043 4.969768
18 583.1022 0.06161299 5.419744
19 633.9194 0.0612747 5.892072
20 686.8333 0.06098936 6.38389
21 741.653 0.0607444 6.893421
22 800.008 0.06051622 7.435811
23 862.9466 0.06030407 8.020805
24 931.443 0.06010704 8.657457
25 1006.391 0.05992997 9.354075
26 1088.157 0.05977779 10.11406
27 1177.111 0.05965668 10.94086
28 1273.334 0.05956895 11.83522
29 1376.901 0.05951695 12.79784
30 1487.106 0.05950705 13.82217
31 1604.145 0.05953134 14.91
32 1756.904 0.05925729 16.32985
33 1931.918 0.05873421 17.95654
34 2123.477 0.0580333 19.73702
35 2306.855 0.05742129 21.44146
36 2524.209 0.05728842 23.4617
37 2715.545 0.05901968 25.2401
38 2923.863 0.06135814 27.17634
39 3121.251 0.06459226 29.011
40 3350.546 0.06817079 31.14222
41 3520.597 0.07525994 32.72279
42 3766.118 0.07618358 35.00483
43 3968.19 0.0775664 36.88302
44 4181.293 0.08077691 38.86375
45 4348.379 0.08248894 40.41676
46 4397.364 0.08796517 40.87205
47 4144.68 0.1015685 38.52344
48 4055.985 0.1042533 37.69905
49 3777.099 0.100928 35.1069
50 3540.46 0.08804877 32.90741
51 3736.771 0.08556694 34.73206
52 3902.53 0.0886942 36.27273
53 4158.627 0.09360842 38.65307
54 4419.213 0.09741718 41.07513
MX_ML
1 164.2704 0.06272174 0.6263196
2 202.9597 0.06025061 0.7738316
3 235.8612 0.05876234 0.8992764
4 266.5451 0.05788741 1.016266
5 295.6993 0.05734092 1.127423
6 322.5676 0.05708904 1.229865
7 347.6195 0.05699225 1.325381
8 370.9224 0.0570089 1.414229
9 392.6848 0.05709197 1.497203
10 412.8829 0.05724014 1.574213
11 431.558 0.05744041 1.645416
12 459.6999 0.05732926 1.752714
13 494.5255 0.05709428 1.885494
14 535.1904 0.0568217 2.040539
15 580.923 0.0565694 2.214905
16 631.2096 0.05635443 2.406635
17 685.1635 0.05620701 2.612347
18 742.1351 0.05612269 2.829564
19 801.4248 0.05610136 3.05562
20 862.6633 0.05613513 3.289106
21 925.8109 0.05620227 3.529871
22 993.1997 0.05625779 3.786807
23 1064.83 0.05636007 4.059916
24 1142.473 0.05647515 4.355946
25 1227.366 0.05660207 4.679622
26 1320.079 0.05673693 5.033113
27 1420.682 0.05689973 5.416685
28 1529.613 0.05707867 5.832011
29 1646.636 0.05728819 6.278186
30 1770.95 0.05752804 6.752162
31 1902.23 0.05780536 7.2527
32 2066.473 0.05807675 7.878913
33 2260.68 0.0575762 8.619372
34 2481.824 0.0570729 9.462538
35 2707.648 0.05681388 10.32355
36 2962.17 0.05717007 11.29397
37 3177.081 0.06022333 12.11337
38 3210.086 0.06776567 12.23921
39 3394.791 0.06684036 12.94344
40 3607.823 0.06589138 13.75567
41 3808.949 0.06632446 14.52251
42 4062.023 0.0658519 15.48742
43 4273.963 0.06506124 16.29549
44 4551.444 0.06459195 17.35345
45 4859.469 0.06397904 18.52787
46 5102.165 0.06437584 19.4532
47 5167.156 0.06586461 19.701
48 5286.952 0.0646852 20.15775
49 5373.241 0.06108873 20.48674
50 5440.252 0.05886212 20.74224
51 5745.683 0.0593821 21.90677
52 6090.29 0.05989074 23.22066
53 6381.344 0.06704033 24.33037
54 6721.61 0.07198018 25.62772
Central_Am
1 43.94502 0.08976084 0.9524594
2 53.61672 0.08839297 1.162083
3 62.23264 0.08763004 1.348823
4 70.31395 0.08723536 1.523977
5 77.7883 0.08716969 1.685975
6 84.56065 0.08725329 1.832758
7 90.8382 0.08740683 1.968817
8 96.64097 0.08761023 2.094585
9 101.9994 0.08784593 2.210724
10 106.8301 0.08819244 2.315424
11 111.2544 0.08855457 2.411315
12 118.0803 0.08868424 2.559259
13 126.5883 0.08870689 2.74366
14 136.4485 0.08875001 2.957369
15 147.5553 0.08877817 3.198097
16 159.8786 0.08880339 3.46519
17 172.9706 0.08890512 3.748945
18 186.7792 0.08902585 4.048231
19 201.1605 0.08916587 4.35993
20 215.8568 0.08936744 4.678455
21 231.0699 0.08957093 5.008182
22 247.4209 0.08975746 5.362572
23 264.5313 0.08998632 5.73342
24 283.1038 0.09020728 6.135959
25 303.3764 0.09045267 6.575346
26 325.6503 0.09069354 7.058108
27 349.7487 0.09096969 7.580412
28 375.9908 0.09125153 8.149182
29 404.1695 0.09156919 8.759924
30 434.1793 0.09190648 9.410353
31 465.7831 0.09228827 10.09533
32 504.9194 0.09402 10.94356
33 552.0418 0.09406896 11.96489
34 607.4892 0.09405924 13.16665
35 667.9044 0.09429826 14.47608
36 732.8892 0.09526645 15.88456
37 786.8751 0.1007786 17.05464
38 743.7498 0.1132395 16.11995
39 780.1798 0.1091341 16.90953
40 821.2477 0.1055406 17.79963
41 873.3676 0.1040288 18.92927
42 930.411 0.1032554 20.16562
43 981.2031 0.1006537 21.26648
44 1059.429 0.09722475 22.96193
45 1168.496 0.09559794 25.32586
46 1282.506 0.09486627 27.79689
47 1382.545 0.09489505 29.96511
48 1469.73 0.09535015 31.85475
49 1585.692 0.09609533 34.36811
50 1679.068 0.09718942 36.39194
51 1779.771 0.09792348 38.57455
52 1913.322 0.09874264 41.46912
53 1987.956 0.1077554 43.08674
54 2085.968 0.1138062 45.21103

Feeding stock abundance: Estimate SD_log Estimate/K
RUS+WAL
1 110.0769 0.09608775 1.314007
2 140.3347 0.09297978 1.675199
3 160.1206 0.09396498 1.911388
4 182.039 0.09315092 2.173031
5 202.7457 0.09261634 2.42021
6 222.392 0.09222797 2.654732
7 240.9488 0.09196469 2.876247
8 258.4688 0.09179308 3.085387
9 274.9934 0.0916909 3.282643
10 290.5654 0.09164403 3.468529
11 305.1353 0.09166699 3.642453
12 326.6661 0.09135588 3.899469
13 353.2175 0.09089906 4.216418
14 384.1213 0.09038322 4.585322
15 418.9208 0.08983581 5.000729
16 457.0345 0.0893017 5.4557
17 498.0861 0.08877912 5.94574
18 541.5566 0.08828772 6.464655
19 587.053 0.08782874 7.007752
20 634.2044 0.08740111 7.570608
21 682.5871 0.08701432 8.14816
22 733.939 0.0866198 8.761156
23 789.2443 0.0862183 9.421346
24 849.3446 0.08580949 10.13877
25 914.8768 0.08540011 10.92104
26 986.2912 0.08500199 11.77353
27 1063.868 0.0846306 12.69958
28 1147.639 0.08430978 13.69957
29 1237.594 0.08405922 14.77337
30 1333.588 0.08389999 15.91927
31 1435.284 0.08385945 17.13323
32 1542.916 0.08395442 18.41806
33 1656.662 0.08422186 19.77586
34 1777.042 0.08468938 21.21286
35 1904.41 0.08539682 22.73326
36 2039.218 0.08638525 24.34249
37 2181.874 0.08770643 26.0454
38 2332.521 0.08940792 27.84371
39 2491.406 0.09153461 29.74034
40 2658.276 0.09413555 31.73229
41 2832.926 0.09725068 33.81712
42 3014.984 0.1009094 35.99039
43 3204.078 0.1051409 38.24763
44 3389.472 0.110262 40.46071
45 3606.542 0.1151864 43.05191
46 3765.691 0.1226298 44.9517
47 3984.527 0.1288372 47.56398
48 4208.259 0.1356731 50.23471
49 4432.501 0.1432228 52.91153
50 4671.366 0.1509879 55.7629
51 4890.213 0.1599915 58.37531
52 5109.774 0.1694505 60.99626
53 5327.884 0.1793188 63.59987
54 5542.68 0.1895301 66.16392
EAL+BER+WGOA
1 286.9019 0.08785673 1.251934
2 365.8909 0.08485378 1.596613
3 429.2301 0.08337787 1.873002
4 489.5707 0.08240973 2.136306
5 547.0588 0.08173655 2.387163
6 601.865 0.08124546 2.626317
7 654.1089 0.08087468 2.85429
8 703.936 0.08058591 3.071717
9 751.4355 0.08035685 3.278987
10 796.5136 0.0801922 3.475691
11 839.4505 0.08006062 3.663052
12 901.922 0.07965316 3.935655
13 978.7065 0.07913584 4.270714
14 1068.28 0.07858344 4.66158
15 1169.22 0.0780445 5.102043
16 1280.22 0.07754374 5.586406
17 1400.053 0.07709041 6.109315
18 1527.529 0.07668543 6.665571
19 1661.494 0.07632865 7.250147
20 1801.215 0.07600111 7.859835
21 1945.466 0.07570957 8.489298
22 2099.078 0.075424 9.159604
23 2265.048 0.07514142 9.883832
24 2445.943 0.07485844 10.67319
25 2643.565 0.07458168 11.53554
26 2859.373 0.07431327 12.47725
27 3094.24 0.07405826 13.50212
28 3348.545 0.07382099 14.61181
29 3620.517 0.07364075 15.7986
30 3911.844 0.0734723 17.06984
31 4222.802 0.07330101 18.42675
32 4683.092 0.07174259 20.43529
33 5181.627 0.06996568 22.61071
34 5718.778 0.06785856 24.95464
35 6271.629 0.06446635 27.36707
36 6875.64 0.06227168 30.00276
37 7495.781 0.06540351 32.70882
38 8158.604 0.06988184 35.60114
39 8792.63 0.0761392 38.36779
40 9407.795 0.08303879 41.05215
41 9843.821 0.09539953 42.9548
42 10495.39 0.09686077 45.79802
43 11174.84 0.09825721 48.76287
44 11663.25 0.1042288 50.89411
45 12253.55 0.1066164 53.46999
46 12825.36 0.1099456 55.96514
47 11517.91 0.1401047 50.25991
48 11260.95 0.1424162 49.13862
49 9833.358 0.1528753 42.90915
50 8384.879 0.1388462 36.58852
51 8866.233 0.131748 38.68897
52 9467.823 0.1434649 41.31408
53 10170.9 0.1493844 44.38205
54 10865.56 0.1538655 47.4133
NGOA
1 106.8074 0.08031519 1.554654
2 136.7927 0.07730575 1.991112
3 160.7223 0.07592531 2.339424
4 183.5603 0.0750281 2.671846
5 205.3585 0.07440644 2.989133
6 226.0756 0.07398574 3.290685
7 245.8478 0.07367199 3.578483
8 264.7227 0.07343086 3.853221
9 282.7382 0.07324153 4.115448
10 299.9333 0.07309019 4.365734
11 316.3452 0.07296754 4.604621
12 339.9845 0.07267098 4.948707
13 368.8945 0.07232846 5.369512
14 402.5867 0.07198083 5.859925
15 440.4163 0.07168226 6.410561
16 481.9693 0.07143211 7.015393
17 526.5675 0.07126174 7.664551
18 573.9436 0.07113891 8.354143
19 623.5851 0.07106939 9.076708
20 675.1943 0.07103477 9.827917
21 728.4053 0.07102961 10.60244
22 784.8563 0.07105501 11.42412
23 845.7651 0.0711034 12.31069
24 911.9087 0.07118864 13.27346
25 984.0332 0.07130988 14.32328
26 1062.583 0.0714749 15.46663
27 1147.711 0.07169689 16.70571
28 1239.382 0.07198649 18.04005
29 1337.606 0.07234121 19.46977
30 1442.247 0.07275931 20.99289
31 1552.841 0.07324942 22.60267
32 1659.184 0.07205352 24.15056
33 1811.428 0.07195277 26.36658
34 1985.331 0.07093848 28.89786
35 2088.541 0.07059113 30.40014
36 2287.115 0.06913358 33.29052
37 2348.47 0.07538551 34.18359
38 2558.623 0.07505926 37.24251
39 2640.436 0.07420163 38.43336
40 2885.797 0.07211561 42.00475
41 3017.275 0.07584776 43.9185
42 3269.639 0.07671699 47.59184
43 3272.346 0.071983 47.63125
44 3506.847 0.07918706 51.04457
45 3347.717 0.1071529 48.72831
46 2622.74 0.07656437 38.17578
47 2563.828 0.07812131 37.31827
48 2138.467 0.08137022 31.12686
49 2049.934 0.1032529 29.83819
50 2214.478 0.08237808 32.23325
51 2319.31 0.07631929 33.75914
52 2078.705 0.1288298 30.25698
53 2249.816 0.1404783 32.74761
54 2409.485 0.1487944 35.07171
SEA+NBC
1 405.3255 0.0648092 1.705021
2 515.4266 0.06156554 2.168167
3 601.882 0.06021995 2.531846
4 683.4881 0.05940618 2.875126
5 760.5378 0.05889794 3.199239
6 833.3279 0.05857483 3.505434
7 902.0841 0.05837246 3.794661
8 966.9199 0.05825935 4.067396
9 1028.114 0.0582059 4.324813
10 1085.846 0.05819724 4.567666
11 1140.184 0.05822856 4.79624
12 1220.432 0.05799881 5.133807
13 1319.204 0.05768268 5.549295
14 1434.472 0.05734331 6.034174
15 1564 0.05703407 6.579043
16 1706.693 0.05675012 7.179289
17 1859.354 0.05654814 7.821464
18 2019.189 0.05645379 8.493817
19 2188.258 0.05635946 9.205012
20 2366.21 0.0562458 9.953579
21 2548.229 0.05619982 10.71925
22 2740.822 0.05619755 11.5294
23 2947.05 0.05625793 12.39691
24 3174.14 0.05631153 13.35217
25 3419.602 0.05646062 14.38472
26 3687.026 0.05668132 15.50966
27 3973.857 0.05703792 16.71622
28 4283.527 0.05749225 18.01886
29 4613.735 0.05808346 19.4079
30 4962.883 0.05882921 20.87661
31 5335.572 0.05967038 22.44435
32 5692.003 0.06149352 23.94369
33 6208.567 0.06515461 26.11664
34 6794.412 0.06591213 28.58102
35 7135.778 0.05380468 30.017
36 7801.771 0.05167074 32.81853
37 7999.893 0.05930038 33.65194
38 8726.41 0.05998956 36.70807
39 9004.246 0.05971786 37.8768
40 9836.08 0.05769589 41.37595
41 10247.79 0.06194674 43.10784
42 11098.41 0.06415633 46.68602
43 11134.78 0.05708882 46.839
44 11922.1 0.06679787 50.15088
45 11385.25 0.09711456 47.89259
46 8914.258 0.06133552 37.49826
47 8696.862 0.06068646 36.58378
48 7247.847 0.06484055 30.48842
49 6935.792 0.08963387 29.17575
50 7487.833 0.06431362 31.49794
51 7822.303 0.05678031 32.9049
52 7005.079 0.1191383 29.46721
53 7565.802 0.1325244 31.82591
54 8099.056 0.1419887 34.06908
SBC+WA
1 44.57162 0.1718636 1.169335
2 56.99056 0.1698644 1.495145
3 66.8427 0.1690139 1.753616
4 76.2219 0.1684827 1.999679
5 85.1535 0.1681335 2.233999
6 93.66273 0.167896 2.457239
7 101.6698 0.1678964 2.667303
8 109.293 0.1679339 2.867298
9 116.5378 0.1680006 3.057366
10 123.4283 0.1680851 3.238137
11 129.981 0.1681822 3.410047
12 139.4574 0.1681751 3.658661
13 151.1288 0.1680549 3.964859
14 164.7643 0.1678711 4.322585
15 180.0375 0.1677536 4.723279
16 196.8345 0.167624 5.163947
17 214.9707 0.167492 5.639748
18 234.1615 0.167435 6.143218
19 254.3337 0.1673784 6.672436
20 275.2349 0.1673822 7.220779
21 296.7206 0.1674367 7.784455
22 319.6005 0.1674584 8.38471
23 344.258 0.1674873 9.031598
24 371.0583 0.1675154 9.734702
25 400.2937 0.1675369 10.50169
26 432.161 0.1675502 11.33773
27 466.798 0.1675534 12.24643
28 504.6528 0.1674141 13.23955
29 545.1694 0.1673358 14.3025
30 588.0701 0.1673652 15.428
31 633.9261 0.1672992 16.63103
32 660.6607 0.1498479 17.33241
33 706.2788 0.1382987 18.5292
34 761.8079 0.1292145 19.986
35 822.9999 0.1204913 21.59138
36 884.9383 0.1121921 23.21633
37 958.4977 0.1095736 25.14615
38 1043.752 0.106461 27.38279
39 1119.842 0.1050261 29.37901
40 1209.674 0.1034086 31.73576
41 1291.077 0.103248 33.87137
42 1375.304 0.1037025 36.08106
43 1474.328 0.1036962 38.67896
44 1570.912 0.1047672 41.21281
45 1655.58 0.1080942 43.43408
46 1737.239 0.1116415 45.57641
47 1807.441 0.1159216 47.41815
48 1876.353 0.1171087 49.22606
49 1944.621 0.1168017 51.01706
50 2042.203 0.1157388 53.57712
51 2134.026 0.1161339 55.98609
52 2243.938 0.1168286 58.86963
53 2356.717 0.1192529 61.82839
54 2451.623 0.124849 64.31826
OR+CA
1 131.6292 0.04903871 0.6809615
2 166.6618 0.04408986 0.8621968
3 193.6288 0.04181779 1.001706
4 218.7984 0.04036082 1.131917
5 241.6262 0.03949766 1.250013
6 262.7375 0.03894757 1.359229
7 282.2211 0.03861164 1.460024
8 300.2095 0.03842631 1.553084
9 316.6347 0.03836822 1.638057
10 331.6521 0.0384008 1.715747
11 345.1252 0.03852934 1.785447
12 366.1873 0.03817006 1.894409
13 392.3973 0.03761664 2.030002
14 423.1166 0.03699311 2.188923
15 458.1432 0.03635241 2.370127
16 496.2908 0.03580028 2.567477
17 537.1086 0.03535139 2.778642
18 580.0625 0.03501034 3.000857
19 624.5689 0.0347801 3.231103
20 670.9603 0.03460871 3.471101
21 719.075 0.03448204 3.720014
22 768.5381 0.03445815 3.975903
23 821.5926 0.03447132 4.250372
24 879.4415 0.03451269 4.549644
25 942.9867 0.03458723 4.878384
26 1012.077 0.03473329 5.235813
27 1087.634 0.03494275 5.626691
28 1169.246 0.0352431 6.0489
29 1256.617 0.03564886 6.500897
30 1349.329 0.03616639 6.980529
31 1450.588 0.03670415 7.504375
32 1577.776 0.04335344 8.162361
33 1730.007 0.04448086 8.949905
34 1907.023 0.0448187 9.865667
35 2102.218 0.04580304 10.87548
36 2307.584 0.0479192 11.9379
37 2477.037 0.0612985 12.81454
38 2318.764 0.08123768 11.99574
39 2436.552 0.07360078 12.6051
40 2561.9 0.06743945 13.25356
41 2709.417 0.06457001 14.01672
42 2900.749 0.06279308 15.00654
43 3060.522 0.0570025 15.8331
44 3316.328 0.04823493 17.15647
45 3632.577 0.04398145 18.79253
46 3947.737 0.04200337 20.42296
47 4229.905 0.04166373 21.88271
48 4604.296 0.04114017 23.81955
49 4933.842 0.04256502 25.52441
50 5290.412 0.04539367 27.36906
51 5630.734 0.0474352 29.12966
52 6041.785 0.04898018 31.25616
53 6289.045 0.06560757 32.53532
54 6597.719 0.07592918 34.1322

Parameters: Estimate  Std. Error      z value    Pr(>|z^2|)
rval 0.09108947 0.00162404 56.08816722 0
logK 8.61514017 0.65295007 13.19417905 0
logK 10.54436737 0.31045157 33.96461326 0
logK 9.28348421 0.69692637 13.32060976 0
logK 10.17457874 0.46305116 21.9729043 0
logK 8.43681734 0.83749331 10.07389221 0
logBK 4.28285472 0.69510994 6.16140627 0
logBK 4.01291819 0.32305289 12.42186148 0
logBK 4.60607873 0.71183019 6.47075495 0
logBK 5.11587203 0.46984964 10.88831735 0
logBK 4.69355571 0.84073209 5.58270079 2e-08
MixPars -2.20763161 0.30182214 -7.3143462 0
MixPars -2.90689375 0.2039051 -14.25611117 0
MixPars -0.77484503 0.12275233 -6.3122631 0
MixPars -1.46987406 0.09209723 -15.96002408 0
MixPars -2.61445537 0.18600717 -14.0556696 0
MixPars -1.76577887 0.24995038 -7.06451752 0
MixPars -1.75740093 0.21479183 -8.18187983 0
MixPars -1.68953358 0.29183483 -5.78934873 1e-08
MixPars -3.25116823 0.30893956 -10.52363854 0
MixPars -1.9339279 0.25718698 -7.51954046 0
MixPars -1.69001927 0.36448903 -4.6366807 3.54e-06
MixPars -1.88105267 0.33007231 -5.69891093 1e-08
MixPars -1.3143461 0.42350058 -3.10352846 0.00191228
MixPars -1.30945764 0.26281242 -4.98248002 6.3e-07
MixPars 0.77984871 0.17328215 4.50045623 6.78e-06
MixPars -2.68518263 0.28639664 -9.37574772 0
AddV 0.15022015 0.08203406 1.83119248 0.06707182
AddV 0.01473034 0.00494883 2.97652859 0.00291532
AddV 0.02443993 0.01692885 1.44368528 0.14882752
SFsigma 1.13153807 0.15816495 7.1541645 0

Mixing matrix
0.90093274 0.09906726 0 0 0 0 ,# Asia
0.03004824 0.25337052 0.12644708 0.54987883 0.04025534 0 ,# Hawaii
0.09994597 0.5842965 0.10078682 0.10786441 0.02262918 0.08447711 ,# MX_AR
0.04548421 0.24650553 0.03757473 0.06622369 0.06654822 0.53766362 ,# MX_ML
0 0 0 0 0.06385338 0.93614662 ,# Central_Am

Split of breeding stock to feeding grounds over time
Split for: Asia
Year RUS+WAL EAL+BER+WGOA NGOA SEA+NBC SBC+WA OR+CA
1970 0.90267 0.09733 0 0 0 0
1971 0.90307 0.09693 0 0 0 0
1972 0.90105 0.09895 0 0 0 0
1973 0.9012 0.0988 0 0 0 0
1974 0.90133 0.09867 0 0 0 0
1975 0.90145 0.09855 0 0 0 0
1976 0.90157 0.09843 0 0 0 0
1977 0.90167 0.09833 0 0 0 0
1978 0.90177 0.09823 0 0 0 0
1979 0.90189 0.09811 0 0 0 0
1980 0.902 0.098 0 0 0 0
1981 0.9021 0.0979 0 0 0 0
1982 0.90219 0.09781 0 0 0 0
1983 0.90228 0.09772 0 0 0 0
1984 0.90237 0.09763 0 0 0 0
1985 0.90245 0.09755 0 0 0 0
1986 0.90252 0.09748 0 0 0 0
1987 0.9026 0.0974 0 0 0 0
1988 0.90268 0.09732 0 0 0 0
1989 0.90275 0.09725 0 0 0 0
1990 0.90282 0.09718 0 0 0 0
1991 0.90289 0.09711 0 0 0 0
1992 0.90297 0.09703 0 0 0 0
1993 0.90305 0.09695 0 0 0 0
1994 0.90314 0.09686 0 0 0 0
1995 0.90323 0.09677 0 0 0 0
1996 0.90333 0.09667 0 0 0 0
1997 0.90343 0.09657 0 0 0 0
1998 0.90358 0.09642 0 0 0 0
1999 0.90373 0.09627 0 0 0 0
2000 0.90385 0.09615 0 0 0 0
2001 0.90082 0.09918 0 0 0 0
2002 0.89794 0.10206 0 0 0 0
2003 0.89528 0.10472 0 0 0 0
2004 0.89333 0.10667 0 0 0 0
2005 0.8926 0.1074 0 0 0 0
2006 0.89217 0.10783 0 0 0 0
2007 0.89176 0.10824 0 0 0 0
2008 0.89224 0.10776 0 0 0 0
2009 0.89353 0.10647 0 0 0 0
2010 0.89686 0.10314 0 0 0 0
2011 0.89759 0.10241 0 0 0 0
2012 0.89784 0.10216 0 0 0 0
2013 0.89998 0.10002 0 0 0 0
2014 0.90025 0.09975 0 0 0 0
2015 0.9018 0.0982 0 0 0 0
2016 0.91727 0.08273 0 0 0 0
2017 0.92268 0.07732 0 0 0 0
2018 0.93499 0.06501 0 0 0 0
2019 0.94594 0.05406 0 0 0 0
2020 0.94056 0.05944 0 0 0 0
2021 0.93641 0.06359 0 0 0 0
2022 0.9304 0.0696 0 0 0 0
2023 0.92544 0.07456 0 0 0 0
2024 0.92602 0.07398 0 0 0 0
Split for: Hawaii
Year RUS+WAL EAL+BER+WGOA NGOA SEA+NBC SBC+WA OR+CA
1970 0.03048 0.25202 0.12815 0.54861 0.04074 0
1971 0.03069 0.25262 0.12877 0.54693 0.04099 0
1972 0.03011 0.25352 0.12934 0.54589 0.04115 0
1973 0.03024 0.2542 0.12977 0.54451 0.04128 0
1974 0.03036 0.25485 0.13018 0.54321 0.0414 0
1975 0.03048 0.25549 0.13051 0.54199 0.04152 0
1976 0.0306 0.25615 0.13084 0.54081 0.04161 0
1977 0.03071 0.25684 0.13116 0.5396 0.04169 0
1978 0.03083 0.2575 0.13148 0.53841 0.04178 0
1979 0.03094 0.25811 0.13179 0.53728 0.04187 0
1980 0.03105 0.25873 0.13211 0.53614 0.04196 0
1981 0.03117 0.25939 0.13238 0.53502 0.04203 0
1982 0.03129 0.26008 0.13262 0.5339 0.04211 0
1983 0.0314 0.26075 0.13285 0.5328 0.0422 0
1984 0.03151 0.26145 0.13304 0.53173 0.04227 0
1985 0.03162 0.26209 0.1332 0.53077 0.04233 0
1986 0.03173 0.26279 0.13333 0.52974 0.04241 0
1987 0.03186 0.26363 0.13352 0.52849 0.0425 0
1988 0.03197 0.26433 0.13362 0.5275 0.04257 0
1989 0.03206 0.2649 0.13363 0.5268 0.04261 0
1990 0.03217 0.26552 0.13366 0.526 0.04266 0
1991 0.03227 0.26617 0.13369 0.52515 0.04271 0
1992 0.03239 0.26689 0.13375 0.52419 0.04278 0
1993 0.03249 0.2675 0.13372 0.52347 0.04282 0
1994 0.03261 0.26819 0.13372 0.5226 0.04288 0
1995 0.03273 0.26889 0.13371 0.52173 0.04294 0
1996 0.03287 0.26972 0.13373 0.52067 0.04302 0
1997 0.03301 0.27054 0.1337 0.51962 0.04314 0
1998 0.03316 0.27134 0.1337 0.51855 0.04326 0
1999 0.03333 0.27225 0.1337 0.51737 0.04336 0
2000 0.03348 0.27313 0.13361 0.5163 0.04347 0
2001 0.03353 0.28311 0.13205 0.50952 0.04178 0
2002 0.03293 0.28701 0.13168 0.5077 0.04067 0
2003 0.03224 0.2892 0.13166 0.50691 0.03999 0
2004 0.03268 0.29924 0.12948 0.49777 0.04083 0
2005 0.03211 0.29629 0.13036 0.50047 0.04076 0
2006 0.03343 0.3098 0.12697 0.48691 0.04288 0
2007 0.03313 0.30836 0.12713 0.48825 0.04313 0
2008 0.03397 0.31463 0.12544 0.48177 0.04419 0
2009 0.03383 0.30913 0.12661 0.48612 0.04431 0
2010 0.03453 0.30447 0.12768 0.48856 0.04476 0
2011 0.03456 0.30238 0.1282 0.49046 0.0444 0
2012 0.03591 0.31331 0.12499 0.47961 0.04617 0
2013 0.03637 0.3099 0.12557 0.48153 0.04663 0
2014 0.039 0.33139 0.11991 0.46026 0.04941 2e-05
2015 0.04673 0.39016 0.10435 0.40032 0.05845 0
2016 0.05155 0.3565 0.10961 0.41927 0.06307 0
2017 0.05979 0.38426 0.10046 0.38369 0.0718 0
2018 0.06548 0.34916 0.10557 0.40216 0.07763 0
2019 0.06497 0.28476 0.11923 0.45361 0.07744 0
2020 0.06253 0.30302 0.11672 0.44274 0.07499 0
2021 0.06481 0.33752 0.10831 0.41062 0.07874 0
2022 0.06098 0.3498 0.1076 0.40708 0.07455 0
2023 0.05931 0.36641 0.10497 0.39718 0.07213 0
2024 0.0588 0.36022 0.10642 0.40322 0.07134 0
Split for: MX_AR
Year RUS+WAL EAL+BER+WGOA NGOA SEA+NBC SBC+WA OR+CA
1970 0.1017 0.58295 0.10246 0.10794 0.02297 0.08197
1971 0.10215 0.58287 0.10269 0.10734 0.02305 0.0819
1972 0.10016 0.58478 0.10311 0.10711 0.02314 0.0817
1973 0.1004 0.58521 0.10326 0.10663 0.02317 0.08133
1974 0.10065 0.58577 0.10342 0.10621 0.0232 0.08075
1975 0.10089 0.58637 0.10353 0.10581 0.02323 0.08018
1976 0.10112 0.58698 0.10363 0.10541 0.02324 0.07962
1977 0.10135 0.5876 0.10372 0.10501 0.02325 0.07907
1978 0.10157 0.58823 0.10381 0.10462 0.02327 0.07851
1979 0.1018 0.5888 0.10391 0.10425 0.02328 0.07795
1980 0.10204 0.58941 0.10402 0.10389 0.0233 0.07733
1981 0.10227 0.59007 0.10409 0.10353 0.02331 0.07674
1982 0.1025 0.59075 0.10412 0.10316 0.02332 0.07616
1983 0.10272 0.59142 0.10414 0.10279 0.02333 0.07559
1984 0.10292 0.59206 0.10413 0.10242 0.02333 0.07514
1985 0.10312 0.59266 0.10411 0.10209 0.02333 0.07468
1986 0.10333 0.59331 0.10404 0.10173 0.02334 0.07424
1987 0.10354 0.59401 0.10398 0.10129 0.02334 0.07384
1988 0.10374 0.59464 0.10389 0.10094 0.02335 0.07344
1989 0.10391 0.59519 0.10377 0.10068 0.02334 0.0731
1990 0.10409 0.59569 0.10365 0.10038 0.02333 0.07286
1991 0.10428 0.59628 0.10352 0.10007 0.02333 0.07252
1992 0.10448 0.5969 0.10339 0.09972 0.02332 0.07219
1993 0.10468 0.59743 0.10322 0.09945 0.02331 0.0719
1994 0.10488 0.59797 0.10305 0.09911 0.02331 0.07168
1995 0.10508 0.5985 0.10287 0.09878 0.0233 0.07147
1996 0.10529 0.59906 0.10266 0.09837 0.02329 0.07133
1997 0.10551 0.5996 0.10242 0.09796 0.0233 0.07121
1998 0.10577 0.60004 0.10219 0.09754 0.02332 0.07114
1999 0.10604 0.60056 0.10194 0.09708 0.02332 0.07107
2000 0.10627 0.601 0.10162 0.09664 0.02332 0.07116
2001 0.10435 0.61077 0.09846 0.0935 0.02197 0.07095
2002 0.10187 0.61553 0.09761 0.09262 0.02126 0.07111
2003 0.09944 0.61839 0.0973 0.0922 0.02084 0.07182
2004 0.09848 0.62517 0.0935 0.08846 0.02079 0.0736
2005 0.09738 0.62292 0.09473 0.0895 0.02089 0.07458
2006 0.09829 0.6316 0.08947 0.08444 0.02131 0.07489
2007 0.0989 0.63819 0.09094 0.08596 0.02176 0.06426
2008 0.10007 0.64258 0.08855 0.0837 0.022 0.0631
2009 0.10083 0.63881 0.09043 0.08545 0.02232 0.06216
2010 0.10341 0.63227 0.09164 0.0863 0.02266 0.06372
2011 0.10351 0.62785 0.092 0.08663 0.02247 0.06754
2012 0.10489 0.63455 0.0875 0.08262 0.0228 0.06765
2013 0.10636 0.62841 0.08801 0.08306 0.02305 0.07112
2014 0.10822 0.63751 0.07973 0.07531 0.02317 0.07605
2015 0.11397 0.65981 0.06099 0.05758 0.02409 0.08355
2016 0.12912 0.61914 0.06579 0.06194 0.0267 0.0973
2017 0.13855 0.61731 0.05578 0.05243 0.02812 0.10781
2018 0.15551 0.5749 0.06008 0.05632 0.03116 0.12203
2019 0.17 0.51656 0.07475 0.06999 0.03424 0.13445
2020 0.16072 0.54001 0.07189 0.06711 0.03258 0.12769
2021 0.15608 0.56351 0.0625 0.05831 0.03205 0.12756
2022 0.14679 0.58381 0.06207 0.05779 0.03033 0.11921
2023 0.1402 0.60056 0.05947 0.05538 0.02882 0.11557
2024 0.13984 0.5939 0.06065 0.05655 0.02867 0.12039
Split for: MX_ML
Year RUS+WAL EAL+BER+WGOA NGOA SEA+NBC SBC+WA OR+CA
1970 0.04694 0.24944 0.03874 0.06722 0.06852 0.52914
1971 0.04716 0.24949 0.03884 0.06687 0.06879 0.52885
1972 0.0463 0.25058 0.03905 0.06679 0.06912 0.52817
1973 0.04652 0.25134 0.03919 0.06665 0.06936 0.52695
1974 0.04679 0.25246 0.03939 0.06661 0.0697 0.52505
1975 0.04707 0.2536 0.03957 0.06659 0.07004 0.52313
1976 0.04734 0.25475 0.03974 0.06658 0.07031 0.52128
1977 0.04761 0.25589 0.03991 0.06655 0.07058 0.51945
1978 0.04788 0.25706 0.04009 0.06653 0.07087 0.51757
1979 0.04816 0.25821 0.04027 0.06653 0.07117 0.51566
1980 0.04845 0.25946 0.04047 0.06656 0.07151 0.51355
1981 0.04874 0.26073 0.04064 0.06657 0.07179 0.51152
1982 0.04903 0.26199 0.04081 0.06658 0.07209 0.50951
1983 0.04931 0.26322 0.04096 0.06658 0.07238 0.50755
1984 0.04956 0.26428 0.04107 0.06653 0.07259 0.50596
1985 0.0498 0.26532 0.04119 0.06651 0.07281 0.50436
1986 0.05004 0.26636 0.04128 0.06647 0.07304 0.50282
1987 0.05027 0.26738 0.04136 0.06635 0.07324 0.50139
1988 0.0505 0.26836 0.04143 0.06629 0.07344 0.49997
1989 0.0507 0.26919 0.04148 0.06627 0.07358 0.49879
1990 0.05086 0.26985 0.04149 0.06618 0.07367 0.49795
1991 0.05107 0.27073 0.04153 0.06612 0.07382 0.49672
1992 0.05128 0.27159 0.04157 0.06603 0.07397 0.49555
1993 0.05148 0.27236 0.04158 0.06598 0.07408 0.49452
1994 0.05165 0.27302 0.04158 0.06586 0.07417 0.49372
1995 0.05182 0.27365 0.04156 0.06573 0.07425 0.49299
1996 0.05198 0.27418 0.04152 0.06552 0.07431 0.49249
1997 0.05213 0.27463 0.04145 0.0653 0.07441 0.49208
1998 0.05228 0.27498 0.04138 0.06505 0.07449 0.49181
1999 0.05244 0.27536 0.0413 0.06478 0.07452 0.4916
2000 0.05253 0.27542 0.04115 0.06445 0.07449 0.49195
2001 0.05187 0.28148 0.0401 0.06271 0.07058 0.49325
2002 0.0507 0.28399 0.0398 0.06218 0.06838 0.49495
2003 0.04933 0.28437 0.03954 0.0617 0.06682 0.49823
2004 0.04833 0.28441 0.03759 0.05857 0.06594 0.50517
2005 0.04747 0.28152 0.03783 0.05886 0.06581 0.50851
2006 0.04781 0.28477 0.03565 0.0554 0.06698 0.50939
2007 0.0515 0.3081 0.0388 0.06039 0.07322 0.46799
2008 0.05251 0.31256 0.03806 0.05925 0.0746 0.46302
2009 0.05318 0.31235 0.03908 0.0608 0.07607 0.45851
2010 0.0539 0.30551 0.03913 0.06068 0.07632 0.46446
2011 0.05261 0.29581 0.03831 0.05939 0.07381 0.48007
2012 0.05325 0.29865 0.03639 0.05659 0.07479 0.48032
2013 0.05274 0.28888 0.03575 0.05556 0.07385 0.49321
2014 0.05204 0.28421 0.03141 0.04886 0.07201 0.51147
2015 0.05234 0.28091 0.02295 0.03568 0.0715 0.53662
2016 0.05439 0.24179 0.02271 0.0352 0.07268 0.57323
2017 0.05506 0.2274 0.01816 0.02811 0.0722 0.59908
2018 0.05714 0.19583 0.01808 0.02792 0.07398 0.62705
2019 0.0585 0.16479 0.02107 0.03249 0.07614 0.647
2020 0.05726 0.17834 0.02098 0.03226 0.075 0.63617
2021 0.05576 0.18662 0.01829 0.0281 0.07398 0.63725
2022 0.05477 0.20196 0.01897 0.02909 0.07313 0.62207
2023 0.05346 0.21227 0.01857 0.02848 0.071 0.61622
2024 0.05208 0.20503 0.0185 0.02841 0.069 0.62698
Split for: Central_Am
Year RUS+WAL EAL+BER+WGOA NGOA SEA+NBC SBC+WA OR+CA
1970 0 0 0 0 0.06661 0.93339
1971 0 0 0 0 0.06689 0.93311
1972 0 0 0 0 0.06727 0.93273
1973 0 0 0 0 0.06763 0.93237
1974 0 0 0 0 0.06817 0.93183
1975 0 0 0 0 0.06871 0.93129
1976 0 0 0 0 0.06918 0.93082
1977 0 0 0 0 0.06967 0.93033
1978 0 0 0 0 0.07017 0.92983
1979 0 0 0 0 0.07068 0.92932
1980 0 0 0 0 0.07126 0.92874
1981 0 0 0 0 0.07179 0.92821
1982 0 0 0 0 0.07233 0.92767
1983 0 0 0 0 0.07286 0.92714
1984 0 0 0 0 0.07327 0.92673
1985 0 0 0 0 0.07369 0.92631
1986 0 0 0 0 0.07411 0.92589
1987 0 0 0 0 0.0745 0.9255
1988 0 0 0 0 0.07489 0.92511
1989 0 0 0 0 0.07518 0.92482
1990 0 0 0 0 0.07538 0.92462
1991 0 0 0 0 0.0757 0.9243
1992 0 0 0 0 0.07601 0.92399
1993 0 0 0 0 0.07626 0.92374
1994 0 0 0 0 0.07646 0.92354
1995 0 0 0 0 0.07664 0.92336
1996 0 0 0 0 0.07676 0.92324
1997 0 0 0 0 0.07692 0.92308
1998 0 0 0 0 0.07703 0.92297
1999 0 0 0 0 0.0771 0.9229
2000 0 0 0 0 0.07702 0.92298
2001 0 0 0 0 0.07309 0.92691
2002 0 0 0 0 0.07075 0.92925
2003 0 0 0 0 0.06882 0.93118
2004 0 0 0 0 0.06711 0.93289
2005 0 0 0 0 0.06657 0.93343
2006 0 0 0 0 0.06756 0.93244
2007 0 0 0 0 0.07938 0.92062
2008 0 0 0 0 0.08154 0.91846
2009 0 0 0 0 0.08377 0.91623
2010 0 0 0 0 0.08303 0.91697
2011 0 0 0 0 0.07811 0.92189
2012 0 0 0 0 0.07902 0.92098
2013 0 0 0 0 0.07623 0.92377
2014 0 0 0 0 0.072 0.928
2015 0 0 0 0 0.06841 0.93159
2016 0 0 0 0 0.06531 0.93469
2017 0 0 0 0 0.06228 0.93772
2018 0 0 0 0 0.06105 0.93895
2019 0 0 0 0 0.06091 0.93909
2020 0 0 0 0 0.061 0.939
2021 0 0 0 0 0.06013 0.93987
2022 0 0 0 0 0.06084 0.93916
2023 0 0 0 0 0.05971 0.94029
2024 0 0 0 0 0.05718 0.94282

Difference in mortality over time
Difference for: Asia
Year RUS+WAL EAL+BER+WGOA NGOA SEA+NBC SBC+WA OR+CA
1970 0 0 0 0 0 0
1971 0 0 0 0 0 0
1972 0 0 0 0 0 0
1973 0 0 0 0 0 0
1974 0 0 0 0 0 0
1975 0 0 0 0 0 0
1976 0 0 0 0 0 0
1977 0 0 0 0 0 0
1978 0 0 0 0 0 0
1979 0 0 0 0 0 0
1980 0 0 0 0 0 0
1981 0 0 0 0 0 0
1982 0 0 0 0 0 0
1983 0 0 0 0 0 0
1984 0 0 0 0 0 0
1985 0 0 0 0 0 0
1986 0 0 0 0 0 0
1987 0 0 0 0 0 0
1988 0 0 0 0 0 0
1989 0 0 0 0 0 0
1990 0 0 0 0 0 0
1991 0 0 0 0 0 0
1992 0 0 0 0 0 0
1993 0 0 0 0 0 0
1994 0 0 0 0 0 0
1995 0 0 0 0 0 0
1996 0 0 0 0 0 0
1997 0 0 0 0 0 0
1998 0 0 0 0 0 0
1999 0 0 0 0 0 0
2000 0 2 0 0 0 0
2001 0 2 0 0 0 0
2002 0 2 0 0 0 0
2003 0 2 0 0 0 0
2004 0 3 0 0 0 0
2005 0 2 0 0 0 0
2006 0 3 0 0 0 0
2007 0 2 0 0 0 0
2008 0 1 0 0 0 0
2009 0 -2 0 0 0 0
2010 0 1 0 0 0 0
2011 0 1 0 0 0 0
2012 0 -2 0 0 0 0
2013 0 -1 0 0 0 0
2014 0 -1 0 0 0 0
2015 0 -32 0 0 0 0
2016 0 -15 0 0 0 0
2017 0 -34 0 0 0 0
2018 0 -34 0 0 0 0
2019 0 -3 0 0 0 0
2020 0 -1 0 0 0 0
2021 0 0 0 0 0 0
2022 0 0 0 0 0 0
2023 0 0 0 0 0 0
Difference for: Hawaii
Year RUS+WAL EAL+BER+WGOA NGOA SEA+NBC SBC+WA OR+CA
1970 0 0 0 0 0 0
1971 0 0 0 0 0 0
1972 0 0 0 0 0 0
1973 0 0 0 0 0 0
1974 0 0 0 0 0 0
1975 0 0 0 0 0 0
1976 0 0 0 0 0 0
1977 0 0 0 0 0 0
1978 0 0 0 0 0 0
1979 0 0 0 0 0 0
1980 0 0 0 0 0 0
1981 0 0 0 0 0 0
1982 0 0 0 0 0 0
1983 0 0 0 0 0 0
1984 0 0 0 0 0 0
1985 0 0 0 0 0 0
1986 0 0 0 0 0 0
1987 0 0 0 0 0 0
1988 0 0 0 0 0 0
1989 0 0 0 0 0 0
1990 0 0 0 0 0 0
1991 0 0 0 0 0 0
1992 0 0 0 0 0 0
1993 0 0 0 0 0 0
1994 0 0 0 0 0 0
1995 0 0 0 0 0 0
1996 0 0 0 0 0 0
1997 0 0 0 0 0 0
1998 0 0 0 0 0 0
1999 0 0 0 0 0 0
2000 0 56 -6 -23 -11 0
2001 0 63 18 68 -2 0
2002 0 69 26 100 1 0
2003 0 65 -21 -81 2 0
2004 0 77 33 125 2 0
2005 0 72 -57 -220 6 0
2006 0 79 34 131 7 0
2007 0 55 -52 -198 6 0
2008 0 35 45 172 5 0
2009 0 -62 -29 -113 4 0
2010 0 23 42 159 5 0
2011 0 25 -120 -456 5 0
2012 0 -74 26 98 1 0
2013 0 -36 -239 -911 -3 0
2014 0 -46 -686 -2622 -5 0
2015 0 -1062 -161 -616 -14 0
2016 0 -489 -447 -1703 -14 0
2017 0 -1159 -170 -649 -6 0
2018 0 -1153 -6 -23 -3 0
2019 0 -95 -50 -191 1 0
2020 0 -50 -287 -1086 4 0
2021 0 0 0 0 3 0
2022 0 0 0 0 1 0
2023 0 0 0 0 0 0
Difference for: MX_AR
Year RUS+WAL EAL+BER+WGOA NGOA SEA+NBC SBC+WA OR+CA
1970 0 0 0 0 0 0
1971 0 0 0 0 0 0
1972 0 0 0 0 0 0
1973 0 0 0 0 0 0
1974 0 0 0 0 0 0
1975 0 0 0 0 0 0
1976 0 0 0 0 0 0
1977 0 0 0 0 0 0
1978 0 0 0 0 0 0
1979 0 0 0 0 0 0
1980 0 0 0 0 0 0
1981 0 0 0 0 0 0
1982 0 0 0 0 0 0
1983 0 0 0 0 0 0
1984 0 0 0 0 0 0
1985 0 0 0 0 0 0
1986 0 0 0 0 0 0
1987 0 0 0 0 0 0
1988 0 0 0 0 0 0
1989 0 0 0 0 0 0
1990 0 0 0 0 0 0
1991 0 0 0 0 0 0
1992 0 0 0 0 0 0
1993 0 0 0 0 0 0
1994 0 0 0 0 0 0
1995 0 0 0 0 0 0
1996 0 0 0 0 0 0
1997 0 0 0 0 0 0
1998 0 0 0 0 0 0
1999 0 0 0 0 0 0
2000 0 20 -1 -1 -1 1
2001 0 23 2 2 0 2
2002 0 25 3 3 0 3
2003 0 24 -3 -3 0 3
2004 0 28 4 4 0 3
2005 0 26 -7 -7 1 1
2006 0 29 4 4 1 -21
2007 0 20 -7 -6 1 -3
2008 0 13 6 5 0 -3
2009 0 -23 -4 -3 0 -2
2010 0 9 5 5 0 -1
2011 0 9 -15 -14 0 -4
2012 0 -27 3 3 0 0
2013 0 -13 -30 -28 0 5
2014 0 -17 -86 -81 0 7
2015 0 -387 -20 -19 -1 8
2016 0 -178 -56 -53 -1 7
2017 0 -422 -21 -20 -1 7
2018 0 -420 -1 -1 0 5
2019 0 -34 -6 -6 0 2
2020 0 -18 -36 -34 0 6
2021 0 0 0 0 0 -6
2022 0 0 0 0 0 -3
2023 0 0 0 0 0 0
Difference for: MX_ML
Year RUS+WAL EAL+BER+WGOA NGOA SEA+NBC SBC+WA OR+CA
1970 0 0 0 0 0 0
1971 0 0 0 0 0 0
1972 0 0 0 0 0 0
1973 0 0 0 0 0 0
1974 0 0 0 0 0 0
1975 0 0 0 0 0 0
1976 0 0 0 0 0 0
1977 0 0 0 0 0 0
1978 0 0 0 0 0 0
1979 0 0 0 0 0 0
1980 0 0 0 0 0 0
1981 0 0 0 0 0 0
1982 0 0 0 0 0 0
1983 0 0 0 0 0 0
1984 0 0 0 0 0 0
1985 0 0 0 0 0 0
1986 0 0 0 0 0 0
1987 0 0 0 0 0 0
1988 0 0 0 0 0 0
1989 0 0 0 0 0 0
1990 0 0 0 0 0 0
1991 0 0 0 0 0 0
1992 0 0 0 0 0 0
1993 0 0 0 0 0 0
1994 0 0 0 0 0 0
1995 0 0 0 0 0 0
1996 0 0 0 0 0 0
1997 0 0 0 0 0 0
1998 0 0 0 0 0 0
1999 0 0 0 0 0 0
2000 0 11 0 -1 -4 9
2001 0 12 1 2 -1 16
2002 0 14 2 2 0 23
2003 0 13 -1 -2 1 26
2004 0 15 2 3 1 27
2005 0 14 -3 -5 2 6
2006 0 15 2 3 2 -168
2007 0 11 -3 -5 2 -24
2008 0 7 3 4 2 -28
2009 0 -12 -2 -3 1 -17
2010 0 5 2 4 2 -9
2011 0 5 -7 -11 2 -31
2012 0 -14 2 2 0 3
2013 0 -7 -14 -22 -1 39
2014 0 -9 -40 -63 -2 57
2015 0 -204 -9 -15 -4 66
2016 0 -94 -26 -40 -5 59
2017 0 -221 -10 -15 -2 55
2018 0 -220 0 -1 -1 38
2019 0 -18 -3 -4 0 12
2020 0 -9 -17 -25 1 47
2021 0 0 0 0 1 -43
2022 0 0 0 0 0 -23
2023 0 0 0 0 0 0
Difference for: Central_Am
Year RUS+WAL EAL+BER+WGOA NGOA SEA+NBC SBC+WA OR+CA
1970 0 0 0 0 0 0
1971 0 0 0 0 0 0
1972 0 0 0 0 0 0
1973 0 0 0 0 0 0
1974 0 0 0 0 0 0
1975 0 0 0 0 0 0
1976 0 0 0 0 0 0
1977 0 0 0 0 0 0
1978 0 0 0 0 0 0
1979 0 0 0 0 0 0
1980 0 0 0 0 0 0
1981 0 0 0 0 0 0
1982 0 0 0 0 0 0
1983 0 0 0 0 0 0
1984 0 0 0 0 0 0
1985 0 0 0 0 0 0
1986 0 0 0 0 0 0
1987 0 0 0 0 0 0
1988 0 0 0 0 0 0
1989 0 0 0 0 0 0
1990 0 0 0 0 0 0
1991 0 0 0 0 0 0
1992 0 0 0 0 0 0
1993 0 0 0 0 0 0
1994 0 0 0 0 0 0
1995 0 0 0 0 0 0
1996 0 0 0 0 0 0
1997 0 0 0 0 0 0
1998 0 0 0 0 0 0
1999 0 0 0 0 0 0
2000 0 0 0 0 -1 4
2001 0 0 0 0 0 7
2002 0 0 0 0 0 11
2003 0 0 0 0 0 12
2004 0 0 0 0 0 12
2005 0 0 0 0 0 3
2006 0 0 0 0 1 -78
2007 0 0 0 0 1 -11
2008 0 0 0 0 0 -13
2009 0 0 0 0 0 -8
2010 0 0 0 0 0 -4
2011 0 0 0 0 0 -15
2012 0 0 0 0 0 2
2013 0 0 0 0 0 18
2014 0 0 0 0 0 27
2015 0 0 0 0 -1 30
2016 0 0 0 0 -1 27
2017 0 0 0 0 -1 26
2018 0 0 0 0 0 17
2019 0 0 0 0 0 6
2020 0 0 0 0 0 22
2021 0 0 0 0 0 -20
2022 0 0 0 0 0 -11
2023 0 0 0 0 0 0

Total survival over time
Values for breeding stock: Asia
Year RUS+WAL EAL+BER+WGOA NGOA SEA+NBC SBC+WA OR+CA
1970 0.996 0.977 0 0 0 0
1971 1.281 1.275 0 0 0 0
1972 1.189 1.216 0 0 0 0
1973 1.177 1.175 0 0 0 0
1974 1.147 1.146 0 0 0 0
1975 1.126 1.125 0 0 0 0
1976 1.109 1.108 0 0 0 0
1977 1.096 1.094 0 0 0 0
1978 1.085 1.084 0 0 0 0
1979 1.076 1.074 0 0 0 0
1980 1.067 1.066 0 0 0 0
1981 1.087 1.086 0 0 0 0
1982 1.101 1.1 0 0 0 0
1983 1.109 1.108 0 0 0 0
1984 1.114 1.113 0 0 0 0
1985 1.115 1.114 0 0 0 0
1986 1.114 1.113 0 0 0 0
1987 1.111 1.11 0 0 0 0
1988 1.107 1.106 0 0 0 0
1989 1.103 1.102 0 0 0 0
1990 1.098 1.097 0 0 0 0
1991 1.097 1.096 0 0 0 0
1992 1.096 1.095 0 0 0 0
1993 1.097 1.096 0 0 0 0
1994 1.098 1.097 0 0 0 0
1995 1.099 1.098 0 0 0 0
1996 1.1 1.099 0 0 0 0
1997 1.1 1.099 0 0 0 0
1998 1.1 1.098 0 0 0 0
1999 1.099 1.097 0 0 0 0
2000 1.098 1.12 0 0 0 0
2001 1.096 1.115 0 0 0 0
2002 1.094 1.111 0 0 0 0
2003 1.093 1.105 0 0 0 0
2004 1.092 1.104 0 0 0 0
2005 1.091 1.098 0 0 0 0
2006 1.09 1.096 0 0 0 0
2007 1.089 1.087 0 0 0 0
2008 1.088 1.081 0 0 0 0
2009 1.086 1.061 0 0 0 0
2010 1.085 1.079 0 0 0 0
2011 1.083 1.078 0 0 0 0
2012 1.081 1.06 0 0 0 0
2013 1.073 1.061 0 0 0 0
2014 1.085 1.072 0 0 0 0
2015 1.051 0.901 0 0 0 0
2016 1.076 1.014 0 0 0 0
2017 1.074 0.908 0 0 0 0
2018 1.07 0.901 0 0 0 0
2019 1.073 1.124 0 0 0 0
2020 1.062 1.098 0 0 0 0
2021 1.059 1.099 0 0 0 0
2022 1.056 1.089 0 0 0 0
2023 1.053 1.081 0 0 0 0
Values for breeding stock: Hawaii
Year RUS+WAL EAL+BER+WGOA NGOA SEA+NBC SBC+WA OR+CA
1970 1.008 0.988 1.007 0.991 1.006 0
1971 1.293 1.287 1.291 1.282 1.291 0
1972 1.199 1.227 1.228 1.22 1.228 0
1973 1.187 1.185 1.186 1.179 1.185 0
1974 1.157 1.155 1.156 1.149 1.156 0
1975 1.135 1.133 1.133 1.128 1.134 0
1976 1.118 1.116 1.116 1.111 1.116 0
1977 1.104 1.103 1.103 1.098 1.102 0
1978 1.093 1.092 1.092 1.087 1.091 0
1979 1.084 1.083 1.083 1.078 1.083 0
1980 1.077 1.075 1.075 1.071 1.075 0
1981 1.096 1.095 1.095 1.09 1.094 0
1982 1.11 1.109 1.108 1.104 1.108 0
1983 1.119 1.117 1.117 1.112 1.117 0
1984 1.123 1.122 1.121 1.117 1.121 0
1985 1.124 1.123 1.122 1.118 1.122 0
1986 1.122 1.122 1.12 1.117 1.121 0
1987 1.12 1.119 1.117 1.113 1.117 0
1988 1.116 1.115 1.113 1.11 1.114 0
1989 1.111 1.111 1.109 1.107 1.109 0
1990 1.107 1.106 1.104 1.102 1.104 0
1991 1.105 1.104 1.102 1.1 1.103 0
1992 1.105 1.104 1.102 1.099 1.102 0
1993 1.105 1.105 1.102 1.101 1.103 0
1994 1.107 1.106 1.103 1.101 1.104 0
1995 1.108 1.107 1.104 1.102 1.105 0
1996 1.108 1.107 1.104 1.102 1.106 0
1997 1.108 1.107 1.104 1.102 1.107 0
1998 1.108 1.106 1.104 1.101 1.106 0
1999 1.107 1.106 1.102 1.1 1.104 0
2000 1.106 1.129 1.095 1.094 1.074 0
2001 1.104 1.123 1.114 1.112 1.101 0
2002 1.102 1.119 1.114 1.113 1.106 0
2003 1.101 1.113 1.077 1.075 1.105 0
2004 1.1 1.112 1.115 1.113 1.103 0
2005 1.099 1.106 1.054 1.052 1.103 0
2006 1.098 1.104 1.113 1.111 1.103 0
2007 1.097 1.095 1.057 1.058 1.105 0
2008 1.096 1.089 1.112 1.112 1.089 0
2009 1.094 1.069 1.069 1.068 1.097 0
2010 1.093 1.087 1.103 1.099 1.089 0
2011 1.091 1.086 1.03 1.029 1.084 0
2012 1.089 1.068 1.094 1.097 1.088 0
2013 1.087 1.075 0.988 0.987 1.082 0
2014 1.085 1.072 0.812 0.813 1.074 0
2015 1.083 0.929 1.043 1.043 1.064 0
2016 1.082 1.019 0.879 0.877 1.066 0
2017 1.079 0.913 1.041 1.041 1.071 0
2018 1.077 0.907 1.137 1.135 1.062 0
2019 1.074 1.125 1.085 1.084 1.075 0
2020 1.072 1.109 0.947 0.945 1.068 0
2021 1.069 1.109 1.135 1.134 1.069 0
2022 1.067 1.099 1.111 1.109 1.067 0
2023 1.064 1.092 1.096 1.096 1.058 0
Values for breeding stock: MX_AR
Year RUS+WAL EAL+BER+WGOA NGOA SEA+NBC SBC+WA OR+CA
1970 1.008 0.988 1.007 0.991 1.006 0.961
1971 1.293 1.287 1.291 1.282 1.291 1.283
1972 1.199 1.227 1.228 1.22 1.228 1.22
1973 1.187 1.185 1.186 1.179 1.185 1.179
1974 1.157 1.155 1.156 1.149 1.156 1.146
1975 1.135 1.133 1.133 1.128 1.134 1.124
1976 1.118 1.116 1.116 1.111 1.116 1.107
1977 1.104 1.103 1.103 1.098 1.102 1.094
1978 1.093 1.092 1.092 1.087 1.092 1.083
1979 1.084 1.083 1.083 1.078 1.083 1.074
1980 1.077 1.075 1.075 1.071 1.075 1.065
1981 1.096 1.095 1.095 1.09 1.094 1.085
1982 1.11 1.109 1.108 1.104 1.108 1.099
1983 1.119 1.118 1.117 1.112 1.117 1.108
1984 1.123 1.122 1.121 1.117 1.121 1.113
1985 1.124 1.123 1.122 1.118 1.122 1.115
1986 1.123 1.122 1.12 1.117 1.121 1.113
1987 1.12 1.119 1.117 1.113 1.117 1.111
1988 1.116 1.115 1.113 1.11 1.114 1.107
1989 1.111 1.111 1.109 1.107 1.109 1.104
1990 1.107 1.106 1.104 1.102 1.104 1.101
1991 1.105 1.104 1.102 1.1 1.103 1.097
1992 1.105 1.104 1.102 1.099 1.102 1.097
1993 1.105 1.105 1.102 1.101 1.103 1.098
1994 1.107 1.106 1.103 1.101 1.104 1.1
1995 1.108 1.107 1.104 1.102 1.105 1.101
1996 1.108 1.107 1.104 1.102 1.106 1.103
1997 1.108 1.107 1.104 1.102 1.107 1.103
1998 1.108 1.106 1.104 1.101 1.106 1.103
1999 1.107 1.106 1.102 1.1 1.104 1.102
2000 1.106 1.129 1.095 1.094 1.074 1.114
2001 1.104 1.123 1.114 1.112 1.101 1.118
2002 1.102 1.119 1.114 1.113 1.106 1.121
2003 1.101 1.113 1.077 1.075 1.105 1.118
2004 1.1 1.112 1.115 1.113 1.103 1.116
2005 1.099 1.106 1.054 1.052 1.103 1.095
2006 1.098 1.104 1.113 1.111 1.103 0.97
2007 1.097 1.095 1.057 1.058 1.105 1.099
2008 1.096 1.089 1.112 1.112 1.089 1.087
2009 1.094 1.069 1.069 1.068 1.097 1.096
2010 1.093 1.087 1.103 1.099 1.089 1.096
2011 1.091 1.086 1.03 1.03 1.084 1.087
2012 1.089 1.068 1.094 1.097 1.088 1.112
2013 1.087 1.075 0.988 0.987 1.082 1.13
2014 1.085 1.072 0.813 0.813 1.074 1.12
2015 1.083 0.929 1.043 1.043 1.064 1.101
2016 1.082 1.019 0.879 0.877 1.066 1.078
2017 1.079 0.913 1.041 1.041 1.071 1.098
2018 1.077 0.907 1.137 1.135 1.062 1.078
2019 1.074 1.125 1.085 1.084 1.075 1.081
2020 1.072 1.109 0.947 0.945 1.068 1.099
2021 1.069 1.109 1.135 1.134 1.07 1.063
2022 1.067 1.099 1.111 1.109 1.067 1.074
2023 1.064 1.092 1.096 1.096 1.058 1.082
Values for breeding stock: MX_ML
Year RUS+WAL EAL+BER+WGOA NGOA SEA+NBC SBC+WA OR+CA
1970 1.001 0.982 1 0.985 0.999 0.955
1971 1.285 1.279 1.284 1.274 1.284 1.276
1972 1.193 1.22 1.221 1.213 1.221 1.213
1973 1.181 1.179 1.18 1.173 1.18 1.173
1974 1.151 1.15 1.15 1.144 1.15 1.141
1975 1.13 1.128 1.128 1.123 1.128 1.119
1976 1.113 1.111 1.111 1.106 1.111 1.102
1977 1.099 1.098 1.098 1.093 1.098 1.089
1978 1.089 1.087 1.087 1.082 1.087 1.078
1979 1.08 1.078 1.078 1.073 1.078 1.069
1980 1.072 1.071 1.071 1.066 1.07 1.061
1981 1.092 1.09 1.09 1.085 1.089 1.08
1982 1.105 1.104 1.103 1.099 1.103 1.094
1983 1.114 1.113 1.112 1.108 1.112 1.103
1984 1.118 1.117 1.116 1.112 1.116 1.109
1985 1.119 1.118 1.117 1.114 1.117 1.11
1986 1.118 1.117 1.116 1.112 1.116 1.109
1987 1.115 1.115 1.113 1.109 1.113 1.107
1988 1.112 1.111 1.109 1.106 1.11 1.103
1989 1.107 1.107 1.105 1.103 1.105 1.1
1990 1.103 1.102 1.1 1.098 1.1 1.097
1991 1.101 1.1 1.098 1.096 1.099 1.093
1992 1.101 1.1 1.098 1.095 1.099 1.093
1993 1.102 1.101 1.099 1.097 1.099 1.095
1994 1.103 1.102 1.1 1.098 1.1 1.097
1995 1.104 1.103 1.101 1.099 1.102 1.098
1996 1.105 1.104 1.101 1.099 1.102 1.099
1997 1.105 1.104 1.101 1.099 1.103 1.1
1998 1.105 1.103 1.1 1.098 1.103 1.1
1999 1.104 1.102 1.099 1.097 1.101 1.099
2000 1.102 1.125 1.092 1.091 1.071 1.111
2001 1.101 1.12 1.111 1.109 1.098 1.114
2002 1.1 1.116 1.111 1.11 1.103 1.118
2003 1.099 1.11 1.074 1.072 1.102 1.115
2004 1.097 1.109 1.112 1.11 1.1 1.113
2005 1.096 1.103 1.051 1.049 1.1 1.092
2006 1.095 1.102 1.111 1.109 1.101 0.968
2007 1.094 1.093 1.054 1.056 1.103 1.096
2008 1.093 1.087 1.11 1.11 1.086 1.084
2009 1.092 1.066 1.066 1.065 1.094 1.093
2010 1.09 1.084 1.1 1.097 1.087 1.093
2011 1.088 1.083 1.027 1.027 1.081 1.084
2012 1.087 1.065 1.091 1.094 1.085 1.11
2013 1.085 1.072 0.985 0.985 1.08 1.127
2014 1.083 1.069 0.81 0.811 1.071 1.117
2015 1.08 0.926 1.04 1.04 1.061 1.098
2016 1.079 1.016 0.877 0.875 1.063 1.075
2017 1.077 0.91 1.039 1.038 1.068 1.096
2018 1.074 0.905 1.134 1.132 1.059 1.076
2019 1.072 1.123 1.082 1.082 1.073 1.078
2020 1.067 1.104 0.943 0.941 1.063 1.094
2021 1.067 1.107 1.132 1.132 1.067 1.06
2022 1.065 1.098 1.11 1.107 1.065 1.073
2023 1.061 1.089 1.093 1.093 1.055 1.079
Values for breeding stock: Central_Am
Year RUS+WAL EAL+BER+WGOA NGOA SEA+NBC SBC+WA OR+CA
1970 0 0 0 0 0.999 0.955
1971 0 0 0 0 1.284 1.276
1972 0 0 0 0 1.222 1.214
1973 0 0 0 0 1.179 1.172
1974 0 0 0 0 1.15 1.14
1975 0 0 0 0 1.128 1.119
1976 0 0 0 0 1.111 1.102
1977 0 0 0 0 1.098 1.089
1978 0 0 0 0 1.086 1.078
1979 0 0 0 0 1.078 1.069
1980 0 0 0 0 1.07 1.061
1981 0 0 0 0 1.089 1.08
1982 0 0 0 0 1.103 1.094
1983 0 0 0 0 1.112 1.103
1984 0 0 0 0 1.116 1.109
1985 0 0 0 0 1.117 1.11
1986 0 0 0 0 1.116 1.109
1987 0 0 0 0 1.113 1.107
1988 0 0 0 0 1.109 1.103
1989 0 0 0 0 1.105 1.1
1990 0 0 0 0 1.1 1.097
1991 0 0 0 0 1.099 1.093
1992 0 0 0 0 1.099 1.093
1993 0 0 0 0 1.099 1.094
1994 0 0 0 0 1.1 1.097
1995 0 0 0 0 1.101 1.098
1996 0 0 0 0 1.102 1.099
1997 0 0 0 0 1.103 1.1
1998 0 0 0 0 1.103 1.1
1999 0 0 0 0 1.101 1.099
2000 0 0 0 0 1.071 1.111
2001 0 0 0 0 1.098 1.115
2002 0 0 0 0 1.103 1.118
2003 0 0 0 0 1.102 1.115
2004 0 0 0 0 1.1 1.113
2005 0 0 0 0 1.101 1.092
2006 0 0 0 0 1.101 0.968
2007 0 0 0 0 1.103 1.096
2008 0 0 0 0 1.086 1.084
2009 0 0 0 0 1.094 1.093
2010 0 0 0 0 1.086 1.093
2011 0 0 0 0 1.082 1.084
2012 0 0 0 0 1.085 1.11
2013 0 0 0 0 1.079 1.127
2014 0 0 0 0 1.072 1.117
2015 0 0 0 0 1.062 1.099
2016 0 0 0 0 1.064 1.076
2017 0 0 0 0 1.069 1.096
2018 0 0 0 0 1.06 1.076
2019 0 0 0 0 1.074 1.08
2020 0 0 0 0 1.065 1.096
2021 0 0 0 0 1.067 1.06
2022 0 0 0 0 1.065 1.072
2023 0 0 0 0 1.056 1.08

Numbers over time by herd
Values for breeding stock: Asia
Year RUS+WAL EAL+BER+WGOA NGOA SEA+NBC SBC+WA OR+CA
1970 13 1 0 0 0 0
1971 33 4 0 0 0 0
1972 47 5 0 0 0 0
1973 61 7 0 0 0 0
1974 74 8 0 0 0 0
1975 87 9 0 0 0 0
1976 86 9 0 0 0 0
1977 85 9 0 0 0 0
1978 84 9 0 0 0 0
1979 83 9 0 0 0 0
1980 83 9 0 0 0 0
1981 87 9 0 0 0 0
1982 94 10 0 0 0 0
1983 105 11 0 0 0 0
1984 118 13 0 0 0 0
1985 134 14 0 0 0 0
1986 149 16 0 0 0 0
1987 163 18 0 0 0 0
1988 175 19 0 0 0 0
1989 187 20 0 0 0 0
1990 198 21 0 0 0 0
1991 209 22 0 0 0 0
1992 221 24 0 0 0 0
1993 235 25 0 0 0 0
1994 252 27 0 0 0 0
1995 271 29 0 0 0 0
1996 292 31 0 0 0 0
1997 315 34 0 0 0 0
1998 340 36 0 0 0 0
1999 365 39 0 0 0 0
2000 391 42 0 0 0 0
2001 418 46 0 0 0 0
2002 445 51 0 0 0 0
2003 473 55 0 0 0 0
2004 502 60 0 0 0 0
2005 532 64 0 0 0 0
2006 564 68 0 0 0 0
2007 598 73 0 0 0 0
2008 633 77 0 0 0 0
2009 670 80 0 0 0 0
2010 707 81 0 0 0 0
2011 745 85 0 0 0 0
2012 784 89 0 0 0 0
2013 817 91 0 0 0 0
2014 861 95 0 0 0 0
2015 878 96 0 0 0 0
2016 917 83 0 0 0 0
2017 956 80 0 0 0 0
2018 992 69 0 0 0 0
2019 1031 59 0 0 0 0
2020 1060 67 0 0 0 0
2021 1085 74 0 0 0 0
2022 1108 83 0 0 0 0
2023 1128 91 0 0 0 0
Values for breeding stock: Hawaii
Year RUS+WAL EAL+BER+WGOA NGOA SEA+NBC SBC+WA OR+CA
1970 4 34 17 73 5 0
1971 10 83 42 180 13 0
1972 15 122 62 263 20 0
1973 19 160 82 343 26 0
1974 23 196 100 417 32 0
1975 27 230 117 488 37 0
1976 27 229 117 484 37 0
1977 27 228 117 480 37 0
1978 27 228 116 476 37 0
1979 27 227 116 472 37 0
1980 27 226 116 469 37 0
1981 29 239 122 493 39 0
1982 31 262 133 537 42 0
1983 35 293 150 600 47 0
1984 40 333 170 678 54 0
1985 46 381 194 771 62 0
1986 51 426 216 858 69 0
1987 57 468 237 938 75 0
1988 61 508 257 1014 82 0
1989 66 546 275 1085 88 0
1990 70 581 292 1151 93 0
1991 75 618 310 1219 99 0
1992 80 658 330 1293 105 0
1993 86 705 352 1379 113 0
1994 92 759 378 1478 121 0
1995 100 822 409 1594 131 0
1996 109 892 442 1722 142 0
1997 118 969 479 1861 155 0
1998 128 1050 518 2007 167 0
1999 139 1136 558 2158 181 0
2000 150 1224 599 2313 195 0
2001 161 1362 635 2451 201 0
2002 173 1508 692 2667 214 0
2003 185 1661 756 2911 230 0
2004 198 1812 784 3015 247 0
2005 211 1951 859 3296 268 0
2006 226 2093 858 3290 290 0
2007 241 2244 925 3554 314 0
2008 257 2383 950 3648 335 0
2009 274 2505 1026 3939 359 0
2010 292 2572 1078 4127 378 0
2011 310 2709 1148 4393 398 0
2012 328 2861 1141 4380 422 0
2013 346 2952 1196 4587 444 0
2014 365 3102 1123 4309 463 0
2015 384 3204 857 3287 480 0
2016 403 2786 857 3277 493 0
2017 422 2710 709 2706 506 0
2018 440 2348 710 2704 522 0
2019 458 2008 841 3199 546 0
2020 475 2304 887 3366 570 0
2021 491 2559 821 3114 597 0
2022 507 2907 894 3383 619 0
2023 521 3219 922 3490 634 0
Values for breeding stock: MX_AR
Year RUS+WAL EAL+BER+WGOA NGOA SEA+NBC SBC+WA OR+CA
1970 2 12 2 2 0 2
1971 5 30 5 6 1 4
1972 8 45 8 8 2 6
1973 10 58 10 11 2 8
1974 12 71 13 13 3 10
1975 14 84 15 15 3 11
1976 14 83 15 15 3 11
1977 14 83 15 15 3 11
1978 14 83 15 15 3 11
1979 14 83 15 15 3 11
1980 14 82 15 15 3 11
1981 15 87 15 15 3 11
1982 17 95 17 17 4 12
1983 19 107 19 19 4 14
1984 21 121 21 21 5 15
1985 24 139 24 24 5 17
1986 27 155 27 27 6 19
1987 30 170 30 29 7 21
1988 32 185 32 31 7 23
1989 35 199 35 34 8 24
1990 37 212 37 36 8 26
1991 39 225 39 38 9 27
1992 42 240 42 40 9 29
1993 45 257 44 43 10 31
1994 48 276 48 46 11 33
1995 53 299 51 49 12 36
1996 57 325 56 53 13 39
1997 62 353 60 58 14 42
1998 67 383 65 62 15 45
1999 73 414 70 67 16 49
2000 79 446 75 72 17 53
2001 85 496 80 76 18 58
2002 91 549 87 83 19 63
2003 97 605 95 90 20 70
2004 104 661 99 93 22 78
2005 111 711 108 102 24 85
2006 119 763 108 102 26 90
2007 127 818 117 110 28 82
2008 135 868 120 113 30 85
2009 144 913 129 122 32 89
2010 153 937 136 128 34 94
2011 163 987 145 136 35 106
2012 172 1043 144 136 37 111
2013 182 1076 151 142 39 122
2014 192 1131 141 134 41 135
2015 202 1168 108 102 43 148
2016 212 1016 108 102 44 160
2017 222 988 89 84 45 173
2018 232 856 89 84 46 182
2019 241 732 106 99 49 191
2020 250 840 112 104 51 199
2021 258 933 103 97 53 211
2022 266 1060 113 105 55 216
2023 274 1174 116 108 56 226
Values for breeding stock: MX_ML
Year RUS+WAL EAL+BER+WGOA NGOA SEA+NBC SBC+WA OR+CA
1970 1 8 1 2 2 16
1971 3 18 3 5 5 39
1972 5 27 4 7 7 57
1973 7 35 6 9 10 74
1974 8 43 7 11 12 89
1975 9 50 8 13 14 104
1976 9 50 8 13 14 102
1977 9 50 8 13 14 100
1978 9 49 8 13 14 99
1979 9 49 8 13 13 97
1980 9 48 8 12 13 96
1981 10 51 8 13 14 100
1982 10 55 9 14 15 108
1983 12 62 10 16 17 120
1984 13 70 11 18 19 134
1985 15 80 12 20 22 152
1986 17 89 14 22 24 168
1987 18 97 15 24 27 182
1988 20 105 16 26 29 196
1989 21 113 17 28 31 209
1990 23 120 18 29 33 221
1991 24 127 19 31 35 232
1992 25 134 21 33 37 245
1993 27 144 22 35 39 261
1994 29 154 23 37 42 279
1995 31 166 25 40 45 300
1996 34 180 27 43 49 323
1997 37 195 29 46 53 349
1998 40 211 32 50 57 377
1999 43 227 34 53 61 405
2000 47 244 36 57 66 436
2001 50 271 39 60 68 475
2002 53 299 42 65 72 521
2003 57 329 46 71 77 576
2004 61 358 47 74 83 635
2005 65 384 52 80 90 694
2006 69 411 51 80 97 736
2007 74 440 55 86 105 668
2008 78 466 57 88 111 690
2009 83 489 61 95 119 717
2010 88 500 64 99 125 761
2011 93 526 68 106 131 853
2012 99 554 67 105 139 891
2013 104 570 71 110 146 973
2014 109 598 66 103 151 1075
2015 115 615 50 78 157 1175
2016 120 534 50 78 160 1265
2017 125 518 41 64 164 1364
2018 131 447 41 64 169 1433
2019 136 382 49 75 176 1499
2020 140 436 51 79 183 1556
2021 144 484 47 73 192 1651
2022 149 548 52 79 199 1689
2023 153 606 53 81 203 1758
Values for breeding stock: Central_Am
Year RUS+WAL EAL+BER+WGOA NGOA SEA+NBC SBC+WA OR+CA
1970 0 0 0 0 1 7
1971 0 0 0 0 1 18
1972 0 0 0 0 2 27
1973 0 0 0 0 2 34
1974 0 0 0 0 3 42
1975 0 0 0 0 4 48
1976 0 0 0 0 4 48
1977 0 0 0 0 4 47
1978 0 0 0 0 3 46
1979 0 0 0 0 3 45
1980 0 0 0 0 3 45
1981 0 0 0 0 4 46
1982 0 0 0 0 4 50
1983 0 0 0 0 4 56
1984 0 0 0 0 5 62
1985 0 0 0 0 6 70
1986 0 0 0 0 6 78
1987 0 0 0 0 7 85
1988 0 0 0 0 7 91
1989 0 0 0 0 8 97
1990 0 0 0 0 8 102
1991 0 0 0 0 9 108
1992 0 0 0 0 9 114
1993 0 0 0 0 10 121
1994 0 0 0 0 11 129
1995 0 0 0 0 12 139
1996 0 0 0 0 12 150
1997 0 0 0 0 14 162
1998 0 0 0 0 15 175
1999 0 0 0 0 16 188
2000 0 0 0 0 17 202
2001 0 0 0 0 17 220
2002 0 0 0 0 18 242
2003 0 0 0 0 20 267
2004 0 0 0 0 21 295
2005 0 0 0 0 23 322
2006 0 0 0 0 25 341
2007 0 0 0 0 27 310
2008 0 0 0 0 28 320
2009 0 0 0 0 30 332
2010 0 0 0 0 32 353
2011 0 0 0 0 34 395
2012 0 0 0 0 35 413
2013 0 0 0 0 37 451
2014 0 0 0 0 39 499
2015 0 0 0 0 40 545
2016 0 0 0 0 41 587
2017 0 0 0 0 42 634
2018 0 0 0 0 43 666
2019 0 0 0 0 45 698
2020 0 0 0 0 47 725
2021 0 0 0 0 49 769
2022 0 0 0 0 51 787
2023 0 0 0 0 52 819

Catch numbers by breeding stock
Year Asia Hawaii MX_AR MX_ML Central_Am
1970 0.9 0 0 1.1 0.3
1971 0.9 0 0 1.2 0.3
1972 1 0 0 1.3 0.3
1973 1.1 0 0 1.3 0.4
1974 1.2 0.1 0 1.4 0.4
1975 1.2 0.1 0 1.5 0.4
1976 1.3 0.1 0 1.6 0.4
1977 1.4 0.1 0 1.6 0.4
1978 1.5 0.1 0 1.7 0.5
1979 1.6 0.1 0 1.8 0.5
1980 1.8 0.1 0 1.9 0.5
1981 1.9 0.1 0 2 0.5
1982 2 0.1 0 2.1 0.6
1983 2.2 0.1 0 2.2 0.6
1984 2.3 0.1 0 2.4 0.6
1985 2.5 0.1 0 2.5 0.7
1986 2.6 0.1 0 2.6 0.7
1987 2.8 0.1 0 2.8 0.7
1988 3 0.1 0 2.9 0.8
1989 3.2 0.1 0 3.1 0.8
1990 3.5 0.2 0 3.2 0.8
1991 3.7 0.2 0 3.4 0.9
1992 4 0.2 0 3.6 0.9
1993 4.3 0.2 0 3.8 1
1994 4.6 0.2 0 4 1
1995 4.9 0.2 0 4.2 1.1
1996 5.2 0.2 0 4.4 1.1
1997 5.6 0.2 0 4.7 1.2
1998 6 0.2 0 4.9 1.2
1999 6.4 0.2 0 5.2 1.3
2000 6.9 0.3 0 5.5 1.4
2001 7.3 0.3 0 5.8 1.4
2002 7.9 0 0 5.8 1.5
2003 8.4 0 0 5.8 1.6
2004 9 0 0 6.7 1.7
2005 9.6 0 0 8.1 1.8
2006 10.3 1 0 6.8 1.8
2007 11.1 0 0 7.7 1.9
2008 11.8 0 0 7.9 2
2009 12.7 0 0 9 2.1
2010 13.6 0 0 9.3 2.2
2011 14.5 0.8 0 10.6 2.4
2012 15.5 0 0 10.9 2.5
2013 28 0 0 10.8 2.6
2014 0 5 0 13 2.7
2015 72 0 0 14.2 2.9
2016 12 0.1 0 14.2 3
2017 12 0.1 0 13.4 3.2
2018 16 0.1 0 13.4 3.3
2019 4 0.4 0 13.4 1.7
2020 26.8 0.4 0 23.8 5
2021 28.6 0.4 0 12.8 4.7
2022 30.7 0.4 0 10.5 3.7
2023 32.8 0.4 0 18.4 4.2

Catch numbers by feeding ground
Year RUS+WAL EAL+BER+WGOA NGOA SEA+NBC SBC+WA OR+CA
1970 0 5.7 0.1 6.8 0.1 6.4
1971 0 1.8 0.1 4 0.1 1.5
1972 4 0.8 0.1 4.1 0.1 1.6
1973 0 0.8 0.1 4.3 0.1 1.7
1974 0 0.8 0.1 4.5 0.1 2.5
1975 0 0.8 0.2 4.7 0.1 2.7
1976 0 0.8 0.2 4.9 0.2 2.9
1977 0 0.8 0.2 5.2 0.2 3.1
1978 0 0.8 0.2 5.4 0.2 3.3
1979 0 1 0.2 5.6 0.2 3.5
1980 0 1 0.2 5.9 0.2 3.9
1981 0 1 0.3 6.1 0.3 4.2
1982 0 1 0.4 6.5 0.3 4.5
1983 0 1 0.4 6.7 0.3 4.8
1984 0 1 0.5 7.1 0.4 4.6
1985 0 1 0.5 6.7 0.4 5
1986 0 1 0.7 7.8 0.4 5.4
1987 0 1 0.7 10 0.5 5.8
1988 0 1.1 0.8 8.5 0.5 6.3
1989 0 0.9 0.8 6.1 0.6 6.1
1990 0 1 0.8 7.4 0.7 5.8
1991 0 1 0.9 8.2 0.7 7.6
1992 0 1.1 0.9 9.8 0.8 8.3
1993 0 1.1 1 7.1 0.9 8.6
1994 0 1.2 1 9.3 1 8.8
1995 0 1.2 1 9.3 1.1 9.6
1996 0 1.2 1.1 12.7 1.2 9.9
1997 0 1.2 1.3 12.7 0.9 10.7
1998 0 3 1.4 14.7 1.2 12
1999 0 2.6 1.4 17.4 1.7 13.5
2000 0 1.2 1.5 14.1 1.5 11.6
2001 0 1.2 1.8 16.4 1.7 13.4
2002 0 2.4 1.9 13.8 1.9 13.7
2003 0 1.4 2 18.9 2.3 16
2004 0 1.4 2.3 22 2.5 15.9
2005 0 1.6 2.3 23.3 5.8 20.1
2006 0 1.6 2.4 22.7 5.3 22.1
2007 0 0.1 7.3 18.4 0 18.1
2008 0 0.1 4.3 19.7 12.4 8.8
2009 0 0.1 4.3 24.1 0 9.8
2010 0 6.1 0.8 44.5 7 24.5
2011 0 3.1 4 28.4 11 11.9
2012 0 4.1 8.8 11.6 0 10
2013 0 0.1 4 31.6 0 4.7
2014 0 0.1 11.8 43.7 7 45.2
2015 0 4.1 12 51 9.1 103.4
2016 0 4.1 4.8 34.8 7.1 150.3
2017 0 4.1 2.1 16.3 11.1 60.3
2018 0 1.1 4 26.6 30.1 111.1
2019 0 4.1 6 27.3 9.1 61
2020 0 1.1 0 24 23 31.2
2021 0 2.2 7 33.7 13 62.4
2022 0 4.3 0.8 22.3 8 56
2023 0 3.6 9.1 40.1 19.2 59.7
