Stock structure: B2F1; Model type = BC
Mortality impacts feeding grounds
Recuitment related to unfished
Staying rate: 0
Age-at-matrity: 8
Base adult survival: 0
Sigma for survival devs: 6
Additional variance estimated
Weight for mark-recapture proportions: 1
Weight for genetics proportions: 1


Total objective fn: 396.689005608384
Negative log-likelihood fn: 290.926079373006

Natural Survival by feeding ground
RUS+WAL,EAL+BER,GOA,SEA+NBC,SBC+WA,OR+CA
1970 0.96 0.96 0.96 0.96 0.96 0.96
1971 0.96 0.96 0.96 0.96 0.96 0.96
1972 0.96 0.96 0.96 0.96 0.96 0.96
1973 0.96 0.96 0.96 0.96 0.96 0.96
1974 0.96 0.96 0.96 0.96 0.96 0.96
1975 0.96 0.96 0.96 0.96 0.96 0.96
1976 0.96 0.96 0.96 0.96 0.96 0.96
1977 0.96 0.96 0.96 0.96 0.96 0.96
1978 0.96 0.96 0.96 0.96 0.96 0.96
1979 0.96 0.96 0.96 0.96 0.96 0.96
1980 0.96 0.96 0.96 0.96 0.96 0.96
1981 0.96 0.96 0.96 0.96 0.96 0.96
1982 0.96 0.96 0.96 0.96 0.96 0.96
1983 0.96 0.96 0.96 0.96 0.96 0.96
1984 0.96 0.96 0.96 0.96 0.96 0.96
1985 0.96 0.96 0.96 0.96 0.96 0.96
1986 0.96 0.96 0.96 0.96 0.96 0.96
1987 0.96 0.96 0.96 0.96 0.96 0.96
1988 0.96 0.96 0.96 0.96 0.96 0.96
1989 0.96 0.96 0.96 0.96 0.96 0.96
1990 0.96 0.96 0.96 0.96 0.96 0.96
1991 0.96 0.96 0.96 0.96 0.96 0.96
1992 0.96 0.96 0.96 0.96 0.96 0.96
1993 0.96 0.96 0.96 0.96 0.96 0.96
1994 0.96 0.96 0.96 0.96 0.96 0.96
1995 0.9999828 0.9991461 0.9916227 1 1 0.991546
1996 0.994199 0.9980802 0.9735428 1 1 0.9181818
1997 0.9794245 0.9897118 0.698432 1 0.3830932 0.9995724
1998 0.5936945 0.9990825 0.9690388 1 1 0.9995257
1999 0.9999906 0.9999975 0.9929162 1 1 0.9286712
2000 0.999949 0.9999208 0.9667923 1 1 0.9804378
2001 1 0.9999963 0.9187394 1 1 0.9686903
2002 0.9999081 0.9983541 0.9720456 1 1 0.9334051
2003 0.9999576 0.998948 0.9400126 1 1 0.9901258
2004 0.9999625 0.9957156 0.8437078 1 1 0.9877935
2005 0.9999077 0.9997094 0.6584645 1 1 0.9784503
2006 0.9999784 0.9999129 0.9675777 1 1 0.9780789
2007 0.9997854 0.9981595 0.9856509 1 1 0.991046
2008 0.94178 0.9999992 0.9938669 1 1 0.9233532
2009 0.9965976 0.9999758 0.9845965 1 1 0.9819609
2010 0.9990695 0.9999729 0.9928145 1 1 0.8532269
2011 0.9769707 0.9999993 0.9898947 1 0.9999998 0.9403001
2012 0.9996073 0.9999868 0.9950813 1 1 0.9671537
2013 0.9985414 0.9999256 0.9638522 1 1 0.9919181
2014 0.9994358 0.9989887 0.8653326 1 1 0.9979443
2015 0.998502 0.9995693 0.8276789 1 1 0.9995735
2016 0.9736458 0.4533417 0.6014865 1 1 0.9926165
2017 0.6768169 0.9802578 0.924177 1 1 0.9696309
2018 0.9821037 0.9654059 0.9736563 1 1 0.9819414
2019 0.9991609 0.9987712 0.6007142 1 1 0.9996711
2020 0.9235298 0.9996426 0.8098344 1 1 0.9992462
2021 0.6707934 0.999929 0.9655202 1 1 0.9979507
2022 0.05486577 0.9999939 0.8835285 1 1 0.9993508
2023 0.05838127 0.9998589 0.9856548 1 1 0.9988418

Naturak Survival by breeding stock
RUS+WAL,EAL+BER,GOA,SEA+NBC,SBC+WA,OR+CA
1970 0.96 0.96 0.96 0.96 0.96
1971 0.96 0.96 0.96 0.96 0.96
1972 0.96 0.96 0.96 0.96 0.96
1973 0.96 0.96 0.96 0.96 0.96
1974 0.96 0.96 0.96 0.96 0.96
1975 0.96 0.96 0.96 0.96 0.96
1976 0.96 0.96 0.96 0.96 0.96
1977 0.96 0.96 0.96 0.96 0.96
1978 0.96 0.96 0.96 0.96 0.96
1979 0.96 0.96 0.96 0.96 0.96
1980 0.96 0.96 0.96 0.96 0.96
1981 0.96 0.96 0.96 0.96 0.96
1982 0.96 0.96 0.96 0.96 0.96
1983 0.96 0.96 0.96 0.96 0.96
1984 0.96 0.96 0.96 0.96 0.96
1985 0.96 0.96 0.96 0.96 0.96
1986 0.96 0.96 0.96 0.96 0.96
1987 0.96 0.96 0.96 0.96 0.96
1988 0.96 0.96 0.96 0.96 0.96
1989 0.96 0.96 0.96 0.96 0.96
1990 0.96 0.96 0.96 0.96 0.96
1991 0.96 0.96 0.96 0.96 0.96
1992 0.96 0.96 0.96 0.96 0.96
1993 0.96 0.96 0.96 0.96 0.96
1994 0.96 0.96 0.96 0.96 0.96
1995 0.96 0.96 0.96 0.96 0.96
1996 0.96 0.96 0.96 0.96 0.96
1997 0.96 0.96 0.96 0.96 0.96
1998 0.96 0.96 0.96 0.96 0.96
1999 0.96 0.96 0.96 0.96 0.96
2000 0.96 0.96 0.96 0.96 0.96
2001 0.96 0.96 0.96 0.96 0.96
2002 0.96 0.96 0.96 0.96 0.96
2003 0.96 0.96 0.96 0.96 0.96
2004 0.96 0.96 0.96 0.96 0.96
2005 0.96 0.96 0.96 0.96 0.96
2006 0.96 0.96 0.96 0.96 0.96
2007 0.96 0.96 0.96 0.96 0.96
2008 0.96 0.96 0.96 0.96 0.96
2009 0.96 0.96 0.96 0.96 0.96
2010 0.96 0.96 0.96 0.96 0.96
2011 0.96 0.96 0.96 0.96 0.96
2012 0.96 0.96 0.96 0.96 0.96
2013 0.96 0.96 0.96 0.96 0.96
2014 0.96 0.96 0.96 0.96 0.96
2015 0.96 0.96 0.96 0.96 0.96
2016 0.96 0.96 0.96 0.96 0.96
2017 0.96 0.96 0.96 0.96 0.96
2018 0.96 0.96 0.96 0.96 0.96
2019 0.96 0.96 0.96 0.96 0.96
2020 0.96 0.96 0.96 0.96 0.96
2021 0.96 0.96 0.96 0.96 0.96
2022 0.96 0.96 0.96 0.96 0.96
2023 0.96 0.96 0.96 0.96 0.96

Fecundity by feeding ground
RUS+WAL,EAL+BER,GOA,SEA+NBC,SBC+WA,OR+CA
1970 0.9559549 0.953014 0.9468663 0.9199859 0.9490904 0.9620928
1971 0.9560584 0.9531458 0.946885 0.9203531 0.9491636 0.9622538
1972 0.952583 0.9484417 0.9407011 0.9087678 0.9435549 0.9597643
1973 0.9488889 0.9439458 0.9347697 0.8977592 0.9381941 0.9574348
1974 0.9454018 0.939678 0.9291306 0.8874823 0.9331103 0.955314
1975 0.9421008 0.9356243 0.9237791 0.8778866 0.9282878 0.9533542
1976 0.9389869 0.9317743 0.9186918 0.8689275 0.9237486 0.9515461
1977 0.9360506 0.9281159 0.9138545 0.8605737 0.9194447 0.9498779
1978 0.9332844 0.9246409 0.9092557 0.8527794 0.9153697 0.948353
1979 0.9306803 0.9213548 0.9048836 0.8455098 0.911509 0.946958
1980 0.928244 0.9182363 0.9007272 0.8387437 0.9078515 0.945703
1981 0.9259503 0.9152735 0.8967863 0.8324265 0.9044197 0.944564
1982 0.9227734 0.9112219 0.8914492 0.8237995 0.8997202 0.9429132
1983 0.9188166 0.9061866 0.8848398 0.8131034 0.8938752 0.9408106
1984 0.914165 0.900284 0.8771275 0.8007013 0.8870658 0.9382856
1985 0.9089207 0.893623 0.868452 0.7868363 0.879395 0.9354445
1986 0.9031566 0.8863064 0.8589784 0.7719592 0.8709861 0.9323345
1987 0.8969639 0.8784334 0.8488217 0.7564708 0.8619971 0.9290078
1988 0.8904151 0.8701004 0.8381171 0.74025 0.8525059 0.92552
1989 0.8835782 0.8613719 0.8269712 0.723403 0.8426495 0.9218531
1990 0.8765272 0.8523465 0.8154916 0.7065024 0.8325223 0.9180266
1991 0.8693059 0.8430878 0.8037851 0.6896798 0.822179 0.9142444
1992 0.8617311 0.8333687 0.7915547 0.6726247 0.8113876 0.9103028
1993 0.8536435 0.82299 0.7785809 0.6545863 0.7999404 0.9060817
1994 0.8449212 0.8118149 0.7646893 0.6358779 0.787681 0.901491
1995 0.835478 0.7997382 0.7497782 0.6162264 0.7745142 0.8965292
1996 0.8156419 0.7749848 0.7219828 0.572753 0.7467547 0.8868911
1997 0.7959539 0.748777 0.7000535 0.527271 0.7169446 0.8867182
1998 0.7787331 0.7234397 0.7726323 0.4800824 0.872561 0.8738974
1999 0.8533504 0.6918129 0.7467594 0.4318568 0.8375521 0.8608249
2000 0.8254725 0.657228 0.716635 0.3826889 0.8195808 0.859128
2001 0.8054945 0.6202 0.6964733 0.3339576 0.8003623 0.8470471
2002 0.7839057 0.5808417 0.6949738 0.2859599 0.7794201 0.8372203
2003 0.7603978 0.5402523 0.6698184 0.240261 0.7567334 0.8341993
2004 0.7348156 0.4973306 0.659539 0.1973703 0.7321518 0.8175385
2005 0.7070661 0.4551624 0.6891912 0.1575239 0.7067482 0.8013375
2006 0.6763917 0.4076737 0.7759594 0.1201175 0.6784904 0.7861637
2007 0.6429714 0.3582827 0.7474457 0.0855427 0.6456333 0.7699368
2008 0.6072908 0.3101083 0.7204846 0.05647563 0.6177306 0.7464768
2009 0.6032969 0.2606624 0.6876307 0.03565707 0.5763836 0.7448402
2010 0.5641457 0.2130123 0.6562975 0.02496945 0.5340397 0.7225218
2011 0.520952 0.1677026 0.6192974 0.01814716 0.491167 0.7444072
2012 0.4912441 0.125691 0.5837354 0.01252087 0.4425795 0.733702
2013 0.4452844 0.08776543 0.5426937 0.01051006 0.3924696 0.713931
2014 0.3951801 0.0559655 0.5223217 0.01111872 0.3448865 0.6857007
2015 0.3531344 0.03472246 0.5610254 0.01259523 0.2988253 0.657966
2016 0.3051514 0.0208903 0.6129441 0.01231159 0.2533259 0.6316591
2017 0.2808729 0.5447757 0.7470441 0.009803443 0.2113124 0.6007764
2018 0.4944458 0.5474268 0.7309701 0.008261192 0.1801022 0.5852756
2019 0.4614335 0.490898 0.7019992 0.00753048 0.1435211 0.5582722
2020 0.403859 0.4011377 0.8018939 0.007010959 0.1147015 0.5161841
2021 0.4093546 0.3181314 0.8166567 0.007439972 0.08553679 0.4764916
2022 0.5837125 0.246959 0.7940234 0.007093079 0.05818031 0.4361206
2023 0.9522383 0.1888634 0.7984675 0.008067883 0.04237211 0.3943281

Total abundance: Estimate SD_log
1970 1272.651 NaN
1971 1595.935 NaN
1972 1860.156 NaN
1973 2105.029 NaN
1974 2339.477 NaN
1975 2559.468 NaN
1976 2766.471 NaN
1977 2961.094 NaN
1978 3144.103 NaN
1979 3316.009 NaN
1980 3477.285 NaN
1981 3712.411 NaN
1982 4000.401 NaN
1983 4333.343 NaN
1984 4704.526 NaN
1985 5107.544 NaN
1986 5536.689 NaN
1987 5984.897 NaN
1988 6445.867 NaN
1989 6918.615 NaN
1990 7401.119 NaN
1991 7904.556 NaN
1992 8436.521 NaN
1993 9003.387 NaN
1994 9613.367 NaN
1995 10263.09 NaN
1996 11519.4 NaN
1997 12687.2 NaN
1998 12798.62 NaN
1999 13547.63 NaN
2000 14851.59 NaN
2001 16228.57 NaN
2002 17468.44 NaN
2003 18817.3 NaN
2004 20211.95 NaN
2005 21309.93 NaN
2006 21963.53 NaN
2007 23431.83 NaN
2008 25000.21 NaN
2009 26171.47 NaN
2010 27683.67 NaN
2011 28657.14 NaN
2012 29807.77 NaN
2013 31155.52 NaN
2014 32360.45 NaN
2015 33021.51 NaN
2016 33440.93 NaN
2017 26615.72 NaN
2018 26643 NaN
2019 28230.58 NaN
2020 29363.83 NaN
2021 30503.17 NaN
2022 30794.01 NaN
2023 29613.58 NaN
2024 30220.15 NaN

Breeding stock abundance: Estimate SD_log Estimate/K
Asia
1 82.7424 NaN 2.34385
2 104.6789 NaN 2.965248
3 121.8957 NaN 3.452949
4 135.1622 NaN 3.828749
5 149.9836 NaN 4.248597
6 163.8626 NaN 4.641748
7 176.9542 NaN 5.012596
8 189.2003 NaN 5.359492
9 200.6399 NaN 5.683542
10 211.3098 NaN 5.985788
11 221.237 NaN 6.266998
12 235.8974 NaN 6.682283
13 253.9877 NaN 7.19473
14 275.0496 NaN 7.791352
15 298.5545 NaN 8.457177
16 324.2147 NaN 9.184055
17 351.5653 NaN 9.958817
18 380.3801 NaN 10.77506
19 410.254 NaN 11.6213
20 440.906 NaN 12.48958
21 472.0958 NaN 13.37309
22 504.7731 NaN 14.29875
23 539.7061 NaN 15.2883
24 577.2737 NaN 16.35248
25 617.8047 NaN 17.5006
26 661.4809 NaN 18.73782
27 748.0746 NaN 21.19077
28 837.356 NaN 23.71985
29 916.9431 NaN 25.97432
30 664.4094 NaN 18.82078
31 748.0313 NaN 21.18954
32 837.6857 NaN 23.72919
33 934.7079 NaN 26.47754
34 1038.614 NaN 29.4209
35 1150.514 NaN 32.59071
36 1272.185 NaN 36.03727
37 1404.41 NaN 39.78282
38 1544.534 NaN 43.75214
39 1680.881 NaN 47.61445
40 1728.16 NaN 48.95372
41 1884.909 NaN 53.39396
42 2052.185 NaN 58.13241
43 2167.772 NaN 61.40666
44 2341.149 NaN 66.31792
45 2497.184 NaN 70.73792
46 2679.685 NaN 75.90765
47 2780.266 NaN 78.7568
48 2677.392 NaN 75.84269
49 1967.386 NaN 55.7303
50 2137.701 NaN 60.55483
51 2372.59 NaN 67.20853
52 2354.888 NaN 66.7071
53 1780.06 NaN 50.4239
54 550.5018 NaN 15.59411
Hawaii
1 840.4149 NaN 9.456403
2 1056.631 NaN 11.88929
3 1232.208 NaN 13.86489
4 1397.164 NaN 15.72098
5 1553.363 NaN 17.47854
6 1700.541 NaN 19.1346
7 1839.232 NaN 20.69516
8 1969.927 NaN 22.16574
9 2093.037 NaN 23.55098
10 2209.075 NaN 24.85665
11 2318.303 NaN 26.08569
12 2476.395 NaN 27.86456
13 2669.526 NaN 30.03768
14 2892.314 NaN 32.5445
15 3140.246 NaN 35.33425
16 3408.513 NaN 38.3528
17 3693.915 NaN 41.56417
18 3991.061 NaN 44.90768
19 4295.509 NaN 48.33335
20 4607.656 NaN 51.84564
21 4925.895 NaN 55.42649
22 5256.047 NaN 59.14138
23 5604.497 NaN 63.06216
24 5974.137 NaN 67.22137
25 6370.96 NaN 71.68646
26 6790.726 NaN 76.40969
27 7612.42 NaN 85.65545
28 8437.472 NaN 94.93898
29 8412.197 NaN 94.65458
30 9128.238 NaN 102.7115
31 10045.54 NaN 113.0331
32 10926.95 NaN 122.9508
33 11701.78 NaN 131.6691
34 12605.94 NaN 141.8429
35 13419.35 NaN 150.9954
36 13976.53 NaN 157.2648
37 14185.18 NaN 159.6125
38 14991.72 NaN 168.6878
39 15814.97 NaN 177.951
40 16591 NaN 186.683
41 17337.54 NaN 195.0831
42 18042.5 NaN 203.0154
43 18686.91 NaN 210.2663
44 19336.21 NaN 217.5723
45 19787.59 NaN 222.6512
46 19798.29 NaN 222.7716
47 19719.1 NaN 221.8806
48 15010.81 NaN 168.9026
49 15445.9 NaN 173.7983
50 16213.37 NaN 182.4339
51 16404.84 NaN 184.5883
52 16843.19 NaN 189.5207
53 17204.68 NaN 193.5882
54 17068.19 NaN 192.0524
MX_AR
1 130.1429 NaN 0.9871289
2 164.1744 NaN 1.245256
3 192.0641 NaN 1.456798
4 218.209 NaN 1.655106
5 243.4603 NaN 1.846637
6 267.3922 NaN 2.028159
7 290.0931 NaN 2.200345
8 311.6357 NaN 2.363744
9 332.0802 NaN 2.518815
10 351.4837 NaN 2.665989
11 369.8526 NaN 2.805317
12 396.4195 NaN 3.006826
13 428.9237 NaN 3.253369
14 466.6076 NaN 3.5392
15 508.7954 NaN 3.859193
16 554.8406 NaN 4.208444
17 604.1295 NaN 4.582297
18 656.0159 NaN 4.975854
19 709.9724 NaN 5.385112
20 765.5703 NaN 5.80682
21 822.5292 NaN 6.238851
22 882.478 NaN 6.69356
23 946.3845 NaN 7.178288
24 1015.091 NaN 7.699422
25 1089.253 NaN 8.261943
26 1169.006 NaN 8.866865
27 1318.321 NaN 9.999412
28 1460.48 NaN 11.07768
29 1459.398 NaN 11.06947
30 1547.666 NaN 11.73898
31 1719.508 NaN 13.0424
32 1895.349 NaN 14.37615
33 2052.366 NaN 15.56711
34 2237.485 NaN 16.97124
35 2422.352 NaN 18.37345
36 2558.256 NaN 19.40427
37 2627.566 NaN 19.92998
38 2841.372 NaN 21.55169
39 3068.873 NaN 23.27728
40 3265.376 NaN 24.76775
41 3494.646 NaN 26.50675
42 3681.595 NaN 27.92475
43 3869.491 NaN 29.34993
44 4070.339 NaN 30.87336
45 4236.577 NaN 32.13427
46 4302.74 NaN 32.63611
47 4341.159 NaN 32.92752
48 2835.469 NaN 21.50692
49 2898.166 NaN 21.98247
50 3168.471 NaN 24.03272
51 3351.533 NaN 25.42124
52 3548.349 NaN 26.91409
53 3626.065 NaN 27.50356
54 3474.609 NaN 26.35477
MX_ML
1 174.7363 NaN 1.509665
2 216.0504 NaN 1.866605
3 250.8812 NaN 2.167532
4 283.2403 NaN 2.447104
5 313.8956 NaN 2.711956
6 342.0929 NaN 2.955572
7 368.3169 NaN 3.182139
8 392.6486 NaN 3.392357
9 415.3093 NaN 3.588138
10 436.2875 NaN 3.769383
11 455.6366 NaN 3.936552
12 484.6611 NaN 4.187315
13 520.482 NaN 4.496796
14 562.1296 NaN 4.856618
15 608.7243 NaN 5.25918
16 659.6478 NaN 5.699143
17 713.924 NaN 6.168072
18 770.8131 NaN 6.659575
19 829.5412 NaN 7.166967
20 889.6974 NaN 7.686697
21 951.1938 NaN 8.218006
22 1016.217 NaN 8.779783
23 1084.642 NaN 9.370953
24 1158.058 NaN 10.00524
25 1237.499 NaN 10.69159
26 1323.258 NaN 11.43252
27 1484.309 NaN 12.82395
28 1586.167 NaN 13.70397
29 1623.777 NaN 14.0289
30 1771.9 NaN 15.30864
31 1890.665 NaN 16.33473
32 2077.306 NaN 17.94725
33 2249.558 NaN 19.43545
34 2387.613 NaN 20.6282
35 2613.284 NaN 22.57792
36 2832.989 NaN 24.47611
37 3019.469 NaN 26.08724
38 3264.602 NaN 28.20511
39 3560.588 NaN 30.76233
40 3695.802 NaN 31.93053
41 3990.062 NaN 34.47284
42 3964.164 NaN 34.24909
43 4131.116 NaN 35.6915
44 4381.699 NaN 37.85646
45 4699.706 NaN 40.60394
46 4985.085 NaN 43.06952
47 5237.665 NaN 45.25173
48 4642.999 NaN 40.114
49 4812.383 NaN 41.57743
50 5110.72 NaN 44.15496
51 5501.979 NaN 47.53531
52 5884.47 NaN 50.83991
53 6180.302 NaN 53.3958
54 6377.118 NaN 55.09624
Central_Am
1 44.61421 NaN 1.733931
2 54.40026 NaN 2.114265
3 63.10678 NaN 2.452644
4 71.25374 NaN 2.769275
5 78.77512 NaN 3.061593
6 85.57923 NaN 3.326035
7 91.8746 NaN 3.570705
8 97.68297 NaN 3.796447
9 103.0365 NaN 4.004511
10 107.8534 NaN 4.191719
11 112.2562 NaN 4.362835
12 119.038 NaN 4.62641
13 127.481 NaN 4.954547
14 137.2424 NaN 5.333924
15 148.2057 NaN 5.76001
16 160.3288 NaN 6.231174
17 173.156 NaN 6.729703
18 186.6268 NaN 7.253248
19 200.5907 NaN 7.795953
20 214.785 NaN 8.347614
21 229.4053 NaN 8.915834
22 245.0406 NaN 9.5235
23 261.292 NaN 10.15511
24 278.8282 NaN 10.83665
25 297.8494 NaN 11.57591
26 318.6141 NaN 12.38293
27 356.2784 NaN 13.84675
28 365.7221 NaN 14.21378
29 386.3081 NaN 15.01386
30 435.4132 NaN 16.92233
31 447.8433 NaN 17.40542
32 491.2752 NaN 19.0934
33 530.0331 NaN 20.59973
34 547.6385 NaN 21.28396
35 606.4449 NaN 23.56947
36 669.9688 NaN 26.03832
37 726.9036 NaN 28.25109
38 789.6046 NaN 30.68797
39 874.898 NaN 34.00289
40 891.1357 NaN 34.63397
41 976.5117 NaN 37.95211
42 916.6917 NaN 35.6272
43 952.4752 NaN 37.01793
44 1026.118 NaN 39.88005
45 1139.391 NaN 44.28241
46 1255.712 NaN 48.80324
47 1362.743 NaN 52.96299
48 1449.047 NaN 56.31719
49 1519.159 NaN 59.04208
50 1600.325 NaN 62.19659
51 1732.888 NaN 67.34866
52 1872.269 NaN 72.76571
53 2002.896 NaN 77.84252
54 2143.16 NaN 83.29389

Feeding stock abundance: Estimate SD_log Estimate/K
RUS+WAL
1 111.9207 NaN 2.205144
2 142.4981 NaN 2.807604
3 162.5528 NaN 3.202735
4 184.6863 NaN 3.638826
5 205.5598 NaN 4.050091
6 225.3276 NaN 4.439571
7 243.9667 NaN 4.806813
8 261.5346 NaN 5.152948
9 278.076 NaN 5.478859
10 293.6376 NaN 5.785466
11 308.1756 NaN 6.071905
12 329.6065 NaN 6.494152
13 355.9924 NaN 7.014026
14 386.6278 NaN 7.617627
15 421.0176 NaN 8.295201
16 458.5479 NaN 9.034651
17 498.8078 NaN 9.827881
18 541.2508 NaN 10.66412
19 585.4586 NaN 11.53514
20 631.0391 NaN 12.4332
21 677.554 NaN 13.34967
22 726.6384 NaN 14.31677
23 779.1884 NaN 15.35215
24 835.9355 NaN 16.47022
25 897.3908 NaN 17.68106
26 963.8636 NaN 18.99075
27 1093.983 NaN 21.55447
28 1227.718 NaN 24.18941
29 1346.423 NaN 26.52822
30 905.0081 NaN 17.83114
31 1026.885 NaN 20.23244
32 1158.528 NaN 22.82619
33 1302.057 NaN 25.65409
34 1458.024 NaN 28.72708
35 1627.279 NaN 32.06186
36 1814.485 NaN 35.75033
37 2018.164 NaN 39.76336
38 2236.417 NaN 44.06353
39 2450.921 NaN 48.28986
40 2512.258 NaN 49.49836
41 2766.767 NaN 54.51289
42 3044.003 NaN 59.97521
43 3235.66 NaN 63.75136
44 3524.052 NaN 69.43347
45 3833.613 NaN 75.53269
46 4081.991 NaN 80.42641
47 4372.092 NaN 86.1422
48 4506.405 NaN 88.78852
49 3197.033 NaN 62.99032
50 3490.576 NaN 68.77391
51 3845.028 NaN 75.75759
52 3793.037 NaN 74.73322
53 2741.423 NaN 54.01354
54 506.457 NaN 9.97859
EAL+BER
1 261.9758 NaN 2.575013
2 333.1087 NaN 3.274193
3 390.1856 NaN 3.835213
4 444.3248 NaN 4.367358
5 495.7202 NaN 4.872534
6 544.5448 NaN 5.352441
7 590.9197 NaN 5.80827
8 634.9892 NaN 6.241437
9 676.849 NaN 6.652885
10 716.4074 NaN 7.041713
11 753.945 NaN 7.410677
12 808.4572 NaN 7.94649
13 875.3206 NaN 8.603703
14 953.0169 NaN 9.367396
15 1040.145 NaN 10.22379
16 1135.403 NaN 11.16011
17 1237.578 NaN 12.1644
18 1345.492 NaN 13.22511
19 1458.008 NaN 14.33106
20 1574.423 NaN 15.47532
21 1693.542 NaN 16.64617
22 1819.225 NaN 17.88153
23 1953.722 NaN 19.20353
24 2098.851 NaN 20.63003
25 2255.663 NaN 22.17137
26 2424.875 NaN 23.83459
27 2749.447 NaN 27.02487
28 3101.04 NaN 30.48075
29 3442.117 NaN 33.83326
30 3857.614 NaN 37.91727
31 4309.502 NaN 42.35897
32 4789.762 NaN 47.07953
33 5296.465 NaN 52.06002
34 5815.869 NaN 57.16535
35 6360.333 NaN 62.51699
36 6903.057 NaN 67.85154
37 7501.587 NaN 73.73461
38 8108.063 NaN 79.69579
39 8689.789 NaN 85.41369
40 9273.496 NaN 91.15107
41 9815.144 NaN 96.47503
42 10308.08 NaN 101.3202
43 10735.2 NaN 105.5184
44 11088.04 NaN 108.9866
45 11356.41 NaN 111.6244
46 11518.31 NaN 113.2158
47 11632.64 NaN 114.3396
48 5307.96 NaN 52.17301
49 6254.077 NaN 61.47259
50 6996.811 NaN 68.77307
51 7997.362 NaN 78.60768
52 8862.57 NaN 87.11199
53 9575.342 NaN 94.11797
54 10132.91 NaN 99.59839
GOA
1 213.7603 NaN 3.348206
2 272.9178 NaN 4.274811
3 320.1649 NaN 5.014861
4 365.0315 NaN 5.717623
5 407.6809 NaN 6.385656
6 448.14 NaN 7.019382
7 486.6036 NaN 7.621851
8 523.1781 NaN 8.194731
9 557.9496 NaN 8.73937
10 591.0064 NaN 9.257151
11 622.4325 NaN 9.749389
12 667.534 NaN 10.45583
13 722.5546 NaN 11.31764
14 786.2907 NaN 12.31596
15 857.4332 NaN 13.43029
16 934.9471 NaN 14.64442
17 1017.567 NaN 15.93852
18 1104.478 NaN 17.29985
19 1194.673 NaN 18.7126
20 1287.396 NaN 20.16496
21 1381.871 NaN 21.64475
22 1480.895 NaN 23.1958
23 1586.333 NaN 24.84732
24 1699.297 NaN 26.61672
25 1820.602 NaN 28.51677
26 1950.517 NaN 30.55167
27 2179.293 NaN 34.13507
28 2367.526 NaN 37.08343
29 1830.246 NaN 28.66782
30 1988.607 NaN 31.14829
31 2231.169 NaN 34.94761
32 2402.42 NaN 37.62999
33 2427.637 NaN 38.02497
34 2626.817 NaN 41.1448
35 2719.226 NaN 42.59223
36 2508.068 NaN 39.28478
37 1839.137 NaN 28.80709
38 1984.069 NaN 31.0772
39 2211.811 NaN 34.64442
40 2486.024 NaN 38.9395
41 2743.238 NaN 42.96835
42 3035.012 NaN 47.53851
43 3322.906 NaN 52.0479
44 3645.641 NaN 57.10301
45 3798.116 NaN 59.49129
46 3494.074 NaN 54.72896
47 3131.58 NaN 49.05109
48 2116.514 NaN 33.15173
49 2175.267 NaN 34.072
50 2402.21 NaN 37.6267
51 1655.591 NaN 25.93213
52 1460.69 NaN 22.87933
53 1611.989 NaN 25.24917
54 1582.203 NaN 24.78262
SEA+NBC
1 471.4779 NaN 6.728909
2 593.9248 NaN 8.476465
3 690.3177 NaN 9.85218
4 780.0396 NaN 11.13269
5 863.7718 NaN 12.32771
6 941.957 NaN 13.44356
7 1014.95 NaN 14.48531
8 1082.984 NaN 15.4563
9 1146.447 NaN 16.36204
10 1205.617 NaN 17.20651
11 1260.653 NaN 17.99198
12 1340.921 NaN 19.13756
13 1438.83 NaN 20.5349
14 1551.414 NaN 22.14171
15 1675.628 NaN 23.91448
16 1809.645 NaN 25.82716
17 1949.598 NaN 27.82456
18 2092.184 NaN 29.85955
19 2239.12 NaN 31.95661
20 2389.671 NaN 34.10526
21 2538.709 NaN 36.23232
22 2691.192 NaN 38.40856
23 2848.829 NaN 40.65834
24 3017.276 NaN 43.06241
25 3192.054 NaN 45.55683
26 3374.972 NaN 48.16742
27 3756.795 NaN 53.61679
28 4154.775 NaN 59.29674
29 4562.099 NaN 65.11005
30 4971.878 NaN 70.9584
31 5383.019 NaN 76.82618
32 5783.06 NaN 82.53555
33 6170.463 NaN 88.06454
34 6530.663 NaN 93.20529
35 6859.653 NaN 97.90062
36 7159.721 NaN 102.1832
37 7423.894 NaN 105.9534
38 7647.724 NaN 109.1479
39 7817.515 NaN 111.5712
40 7929.707 NaN 113.1724
41 7978.189 NaN 113.8643
42 8019.009 NaN 114.4469
43 8061.151 NaN 115.0483
44 8068.734 NaN 115.1566
45 8057.121 NaN 114.9908
46 8044.05 NaN 114.8043
47 8053.759 NaN 114.9428
48 8082.145 NaN 115.348
49 8091.831 NaN 115.4862
50 8095.341 NaN 115.5363
51 8099.23 NaN 115.5918
52 8092.044 NaN 115.4892
53 8098.102 NaN 115.5757
54 8084.813 NaN 115.386
SBC+WA
1 61.74856 NaN 3.068478
2 78.70335 NaN 3.911014
3 92.17039 NaN 4.580233
4 104.9252 NaN 5.214061
5 117.0208 NaN 5.815125
6 128.4954 NaN 6.385334
7 139.281 NaN 6.921306
8 149.51 NaN 7.429616
9 159.1931 NaN 7.910801
10 168.3668 NaN 8.366667
11 177.0565 NaN 8.79849
12 189.5766 NaN 9.42065
13 204.9291 NaN 10.18356
14 222.7548 NaN 11.06938
15 242.606 NaN 12.05584
16 264.2561 NaN 13.13171
17 287.4178 NaN 14.28268
18 311.7068 NaN 15.48968
19 336.963 NaN 16.74474
20 362.8551 NaN 18.0314
21 389.1723 NaN 19.33918
22 416.8322 NaN 20.71369
23 446.2621 NaN 22.17615
24 477.8114 NaN 23.74393
25 511.7139 NaN 25.42865
26 548.0602 NaN 27.23481
27 619.7213 NaN 30.79588
28 698.1819 NaN 34.69483
29 329.439 NaN 16.37084
30 372.629 NaN 18.51709
31 419.1566 NaN 20.82919
32 469.8277 NaN 23.3472
33 524.9003 NaN 26.08393
34 584.3934 NaN 29.04033
35 648.6765 NaN 32.23475
36 716.3272 NaN 35.59652
37 790.7907 NaN 39.29684
38 869.1665 NaN 43.19158
39 957.8337 NaN 47.59773
40 1066.259 NaN 52.98572
41 1173.485 NaN 58.3141
42 1280.648 NaN 63.63936
43 1401.452 NaN 69.64249
44 1523.105 NaN 75.68782
45 1635.779 NaN 81.28694
46 1743.435 NaN 86.63669
47 1848.099 NaN 91.8378
48 1940.487 NaN 96.42883
49 2006.064 NaN 99.68755
50 2086.435 NaN 103.6814
51 2140.775 NaN 106.3817
52 2195.796 NaN 109.1159
53 2243.018 NaN 111.4625
54 2263.581 NaN 112.4844
OR+CA
1 130.3676 NaN 1.433189
2 164.8827 NaN 1.81263
3 191.4645 NaN 2.104855
4 216.2214 NaN 2.377019
5 238.6239 NaN 2.6233
6 259.3029 NaN 2.850633
7 278.3503 NaN 3.06003
8 295.8982 NaN 3.252942
9 311.8875 NaN 3.428719
10 326.4736 NaN 3.589071
11 339.5226 NaN 3.732525
12 359.9161 NaN 3.956719
13 385.2744 NaN 4.235495
14 414.9386 NaN 4.561607
15 448.6962 NaN 4.932719
16 485.3452 NaN 5.335618
17 524.4218 NaN 5.765205
18 565.3852 NaN 6.215534
19 607.6448 NaN 6.680112
20 651.5302 NaN 7.162564
21 696.8717 NaN 7.661024
22 743.1729 NaN 8.170034
23 792.5874 NaN 8.713269
24 846.2155 NaN 9.302827
25 904.8425 NaN 9.94734
26 968.1974 NaN 10.64383
27 1083.164 NaN 11.90771
28 1099.455 NaN 12.08681
29 1243.698 NaN 13.67253
30 1402.189 NaN 15.4149
31 1437.86 NaN 15.80704
32 1575.671 NaN 17.32206
33 1698.018 NaN 18.66708
34 1745.128 NaN 19.18498
35 1935.279 NaN 21.27539
36 2135.669 NaN 23.47837
37 2315.953 NaN 25.46031
38 2521.796 NaN 27.72323
39 2805.335 NaN 30.84031
40 2841.63 NaN 31.23932
41 3098.847 NaN 34.06702
42 2883.686 NaN 31.70166
43 2988.001 NaN 32.84844
44 3224.14 NaN 35.44443
45 3550.909 NaN 39.03674
46 3870.946 NaN 42.55505
47 4172.361 NaN 45.86864
48 4539.606 NaN 49.90593
49 4713.026 NaN 51.81241
50 5032.211 NaN 55.32136
51 5490.544 NaN 60.36002
52 5934.231 NaN 65.23767
53 6387.432 NaN 70.21992
54 6856.12 NaN 75.37241

Parameters: Estimate  Std. Error      z value    Pr(>|z^2|)
rval 0.09117112 NaN NaN NaN
logK 8.16910731 NaN NaN NaN
logK 9.09237383 NaN NaN NaN
logK 9.48675818 NaN NaN NaN
logK 9.35656039 NaN NaN NaN
logK 7.85283186 NaN NaN NaN
logBK 3.77959002 NaN NaN NaN
logBK 2.31289063 NaN NaN NaN
logBK 4.65746929 NaN NaN NaN
logBK 4.22759017 NaN NaN NaN
logBK 4.08691802 NaN NaN NaN
MixPars -1.95849503 NaN NaN NaN
MixPars -3.11598553 NaN NaN NaN
MixPars -1.01485027 NaN NaN NaN
MixPars -0.99531334 NaN NaN NaN
MixPars -2.44475801 NaN NaN NaN
MixPars -1.5202381 NaN NaN NaN
MixPars -0.41569858 NaN NaN NaN
MixPars -1.52151986 NaN NaN NaN
MixPars -2.79896189 NaN NaN NaN
MixPars -1.78091533 NaN NaN NaN
MixPars -1.48362448 NaN NaN NaN
MixPars -0.9767317 NaN NaN NaN
MixPars -0.85149517 NaN NaN NaN
MixPars -0.82608245 NaN NaN NaN
MixPars 0.90681106 NaN NaN NaN
MixPars -2.32693982 NaN NaN NaN
AddV 0.08997455 NaN NaN NaN
AddV 0.0140819 NaN NaN NaN
AddV 0.03566315 NaN NaN NaN
omega_sst 21.6671948 NaN NaN NaN
omega_sst 6.24460523 NaN NaN NaN
omega_sst 5.02982672 NaN NaN NaN
omega_sst -312.36274309 NaN NaN NaN
omega_sst -61.3492447 NaN NaN NaN
omega_sst -5.45028921 NaN NaN NaN
omega_chl -16.59107063 NaN NaN NaN
omega_chl -17.06256905 NaN NaN NaN
omega_chl -0.41079492 NaN NaN NaN
omega_chl 208.49257253 NaN NaN NaN
omega_chl -542.15186696 NaN NaN NaN
omega_chl 2.141278 NaN NaN NaN

Mixing matrix
0.87636999 0.12363001 0 0 0 0 ,# Asia
0.02379566 0.19454012 0.19837821 0.53672653 0.04655948 0 ,# Hawaii
0.09399566 0.42987165 0.28366333 0.09387525 0.02616767 0.07242643 ,# MX_AR
0.04587382 0.20225294 0.07615627 0.08631677 0.08853843 0.50086177 ,# MX_ML
0 0 0 0 0.08891626 0.91108374 ,# Central_Am

Split of breeding stock to feeding grounds over time
Split for: Asia
Year RUS+WAL EAL+BER GOA SEA+NBC SBC+WA OR+CA
1970 0.87748 0.12252 0 0 0 0
1971 0.87828 0.12172 0 0 0 0
1972 0.87593 0.12407 0 0 0 0
1973 0.8762 0.1238 0 0 0 0
1974 0.87645 0.12355 0 0 0 0
1975 0.87667 0.12333 0 0 0 0
1976 0.8769 0.1231 0 0 0 0
1977 0.87713 0.12287 0 0 0 0
1978 0.87735 0.12265 0 0 0 0
1979 0.87759 0.12241 0 0 0 0
1980 0.87781 0.12219 0 0 0 0
1981 0.87806 0.12194 0 0 0 0
1982 0.87831 0.12169 0 0 0 0
1983 0.87856 0.12144 0 0 0 0
1984 0.87882 0.12118 0 0 0 0
1985 0.87908 0.12092 0 0 0 0
1986 0.87935 0.12065 0 0 0 0
1987 0.87964 0.12036 0 0 0 0
1988 0.87994 0.12006 0 0 0 0
1989 0.88025 0.11975 0 0 0 0
1990 0.88058 0.11942 0 0 0 0
1991 0.88093 0.11907 0 0 0 0
1992 0.88131 0.11869 0 0 0 0
1993 0.88171 0.11829 0 0 0 0
1994 0.88214 0.11786 0 0 0 0
1995 0.8826 0.1174 0 0 0 0
1996 0.88327 0.11673 0 0 0 0
1997 0.88311 0.11689 0 0 0 0
1998 0.88209 0.11791 0 0 0 0
1999 0.82043 0.17957 0 0 0 0
2000 0.82642 0.17358 0 0 0 0
2001 0.83257 0.16743 0 0 0 0
2002 0.83919 0.16081 0 0 0 0
2003 0.85667 0.14333 0 0 0 0
2004 0.85112 0.14888 0 0 0 0
2005 0.85702 0.14298 0 0 0 0
2006 0.86251 0.13749 0 0 0 0
2007 0.86824 0.13176 0 0 0 0
2008 0.87304 0.12696 0 0 0 0
2009 0.87043 0.12957 0 0 0 0
2010 0.88107 0.11893 0 0 0 0
2011 0.89302 0.10698 0 0 0 0
2012 0.90191 0.09809 0 0 0 0
2013 0.91941 0.08059 0 0 0 0
2014 0.93214 0.06786 0 0 0 0
2015 0.94482 0.05518 0 0 0 0
2016 0.95755 0.04245 0 0 0 0
2017 0.98448 0.01552 0 0 0 0
2018 0.93475 0.06525 0 0 0 0
2019 0.91177 0.08823 0 0 0 0
2020 0.8942 0.1058 0 0 0 0
2021 0.86968 0.13032 0 0 0 0
2022 0.82308 0.17692 0 0 0 0
2023 0.6731 0.3269 0 0 0 0
2024 0.19913 0.80087 0 0 0 0
Split for: Hawaii
Year RUS+WAL EAL+BER GOA SEA+NBC SBC+WA OR+CA
1970 0.0241 0.195 0.19802 0.53581 0.04707 0
1971 0.02461 0.19762 0.20079 0.52922 0.04777 0
1972 0.0242 0.19866 0.20198 0.52713 0.04803 0
1973 0.02437 0.19958 0.20301 0.52477 0.04826 0
1974 0.02454 0.20046 0.20397 0.52255 0.04848 0
1975 0.02469 0.20132 0.20485 0.52045 0.04869 0
1976 0.02487 0.2023 0.20578 0.51817 0.04889 0
1977 0.02506 0.20342 0.20679 0.51562 0.04911 0
1978 0.02524 0.20449 0.20775 0.51318 0.04933 0
1979 0.02542 0.20548 0.20869 0.51087 0.04954 0
1980 0.02559 0.20644 0.20959 0.50864 0.04974 0
1981 0.0258 0.20768 0.21063 0.50592 0.04997 0
1982 0.02603 0.20903 0.21169 0.50303 0.05022 0
1983 0.02627 0.21047 0.2128 0.49996 0.05049 0
1984 0.02653 0.21203 0.21393 0.49674 0.05076 0
1985 0.0268 0.21362 0.21506 0.49348 0.05104 0
1986 0.02708 0.21535 0.21622 0.49 0.05135 0
1987 0.0274 0.21731 0.21753 0.48607 0.05168 0
1988 0.02773 0.21927 0.21878 0.4822 0.05202 0
1989 0.02806 0.22123 0.21993 0.47846 0.05233 0
1990 0.02841 0.22331 0.22116 0.47447 0.05265 0
1991 0.02879 0.22554 0.22244 0.47022 0.05301 0
1992 0.02921 0.22795 0.22382 0.46563 0.0534 0
1993 0.02963 0.23039 0.22514 0.46106 0.05377 0
1994 0.0301 0.23307 0.22659 0.45606 0.05419 0
1995 0.0306 0.2359 0.22807 0.45082 0.05462 0
1996 0.03128 0.23956 0.22692 0.44691 0.05533 0
1997 0.03199 0.24536 0.22115 0.44489 0.05661 0
1998 0.03551 0.27512 0.17038 0.48897 0.03002 0
1999 0.0226 0.2866 0.17261 0.48621 0.03199 0
2000 0.02406 0.29289 0.18136 0.46819 0.03349 0
2001 0.02595 0.30238 0.1854 0.45074 0.03553 0
2002 0.02815 0.31262 0.18916 0.42912 0.04096 0
2003 0.03362 0.32598 0.19029 0.41314 0.03697 0
2004 0.03379 0.34257 0.18729 0.39641 0.03994 0
2005 0.0377 0.36452 0.17094 0.38269 0.04414 0
2006 0.04323 0.39939 0.1346 0.37261 0.05018 0
2007 0.04723 0.41537 0.14468 0.33903 0.0537 0
2008 0.05039 0.42464 0.16768 0.29826 0.05903 0
2009 0.04997 0.43109 0.20125 0.25209 0.06561 0
2010 0.05495 0.42984 0.23904 0.20394 0.07224 0
2011 0.06247 0.43374 0.25818 0.16428 0.08132 0
2012 0.06763 0.42627 0.28607 0.12765 0.09238 0
2013 0.07996 0.40618 0.31597 0.09686 0.10103 0
2014 0.09078 0.38304 0.33716 0.0776 0.11141 1e-05
2015 0.10774 0.36466 0.32685 0.07227 0.12848 0
2016 0.12854 0.33024 0.32069 0.07435 0.14618 0
2017 0.18368 0.16783 0.33033 0.10665 0.21151 0
2018 0.09482 0.38356 0.2795 0.08348 0.15863 0
2019 0.08399 0.47104 0.26544 0.0634 0.11613 0
2020 0.08603 0.58986 0.17754 0.05278 0.09379 0
2021 0.07623 0.66198 0.14479 0.04188 0.07512 0
2022 0.05652 0.70402 0.14355 0.03456 0.06135 0
2023 0.02592 0.72947 0.1505 0.03586 0.05825 0
2024 0.00299 0.69607 0.20601 0.04043 0.05451 0
Split for: MX_AR
Year RUS+WAL EAL+BER GOA SEA+NBC SBC+WA OR+CA
1970 0.09525 0.43118 0.28335 0.09378 0.02648 0.06996
1971 0.0961 0.43173 0.28386 0.09151 0.02654 0.07026
1972 0.09431 0.43305 0.28492 0.09095 0.02663 0.07013
1973 0.09462 0.43338 0.28527 0.0902 0.02666 0.06987
1974 0.09492 0.43381 0.28564 0.08951 0.02669 0.06943
1975 0.09522 0.43426 0.28595 0.08886 0.02672 0.06899
1976 0.09554 0.43479 0.2862 0.08815 0.02673 0.06859
1977 0.09588 0.4354 0.28642 0.08736 0.02674 0.06821
1978 0.0962 0.43599 0.28663 0.0866 0.02675 0.06782
1979 0.09653 0.43651 0.28687 0.0859 0.02677 0.06743
1980 0.09685 0.43704 0.28712 0.08523 0.02678 0.06698
1981 0.09723 0.43772 0.28727 0.0844 0.02679 0.06659
1982 0.09762 0.43848 0.28736 0.08352 0.0268 0.06622
1983 0.09803 0.43928 0.2874 0.08259 0.0268 0.06589
1984 0.09845 0.44011 0.28736 0.08161 0.0268 0.06567
1985 0.09888 0.44096 0.28727 0.08063 0.0268 0.06546
1986 0.09934 0.44189 0.2871 0.07958 0.0268 0.06528
1987 0.09984 0.4429 0.2869 0.07841 0.02679 0.06515
1988 0.10036 0.44391 0.28662 0.07727 0.02679 0.06505
1989 0.10089 0.44492 0.28622 0.07616 0.02677 0.06503
1990 0.10143 0.44593 0.28579 0.075 0.02674 0.06511
1991 0.10202 0.44704 0.28531 0.07377 0.02673 0.06512
1992 0.10266 0.44821 0.2848 0.07247 0.0267 0.06516
1993 0.10332 0.44938 0.28417 0.07118 0.02668 0.06527
1994 0.10403 0.45059 0.28347 0.06979 0.02665 0.06546
1995 0.10479 0.45185 0.28269 0.06835 0.02661 0.0657
1996 0.10626 0.45528 0.27907 0.06723 0.02674 0.06541
1997 0.10861 0.46604 0.27182 0.06689 0.02735 0.0593
1998 0.11945 0.5176 0.20743 0.07282 0.01437 0.06833
1999 0.0771 0.54709 0.21321 0.07346 0.01553 0.0736
2000 0.0804 0.5475 0.21938 0.06927 0.01592 0.06752
2001 0.08399 0.54759 0.21727 0.06461 0.01637 0.07017
2002 0.08856 0.55015 0.21541 0.05977 0.01833 0.06778
2003 0.10203 0.55343 0.20906 0.05552 0.01596 0.06399
2004 0.09924 0.56276 0.1991 0.05155 0.01669 0.07066
2005 0.10663 0.57674 0.17502 0.04793 0.01776 0.07592
2006 0.11702 0.60477 0.13189 0.04466 0.01933 0.08233
2007 0.1216 0.59825 0.13485 0.03865 0.01967 0.08698
2008 0.12371 0.58324 0.14904 0.03243 0.02062 0.09096
2009 0.11872 0.57293 0.17308 0.02652 0.02218 0.08658
2010 0.12453 0.54496 0.19611 0.02047 0.02329 0.09063
2011 0.13721 0.53287 0.20525 0.01598 0.02541 0.08329
2012 0.14438 0.50907 0.22107 0.01207 0.02806 0.08535
2013 0.16424 0.4667 0.23493 0.00881 0.02952 0.09579
2014 0.18087 0.42689 0.24316 0.00685 0.03158 0.11066
2015 0.20513 0.38839 0.22527 0.00609 0.03481 0.14031
2016 0.23588 0.33901 0.21303 0.00604 0.03817 0.16788
2017 0.31709 0.16208 0.20644 0.00815 0.05195 0.25429
2018 0.17135 0.38773 0.18283 0.00668 0.04079 0.21062
2019 0.1511 0.47402 0.17286 0.00505 0.02972 0.16725
2020 0.14777 0.56677 0.11039 0.00401 0.02292 0.14814
2021 0.12894 0.62637 0.08866 0.00314 0.01808 0.13482
2022 0.09586 0.66794 0.08813 0.0026 0.0148 0.13068
2023 0.04412 0.6946 0.09273 0.0027 0.01411 0.15175
2024 0.00515 0.67207 0.12871 0.00309 0.01339 0.17758
Split for: MX_ML
Year RUS+WAL EAL+BER GOA SEA+NBC SBC+WA OR+CA
1970 0.04719 0.20595 0.07723 0.08754 0.09094 0.49116
1971 0.04756 0.206 0.07729 0.08534 0.09108 0.49273
1972 0.04673 0.20685 0.07766 0.0849 0.09148 0.49238
1973 0.04698 0.20743 0.07791 0.08437 0.09175 0.49156
1974 0.04728 0.2083 0.07826 0.08399 0.09215 0.49003
1975 0.04757 0.20918 0.07859 0.08365 0.09254 0.48846
1976 0.04788 0.21007 0.0789 0.08323 0.09286 0.48706
1977 0.04819 0.21096 0.07919 0.08272 0.09316 0.48579
1978 0.04849 0.21187 0.07948 0.08225 0.09348 0.48444
1979 0.0488 0.21275 0.07978 0.08182 0.09381 0.48303
1980 0.04913 0.21372 0.08012 0.08145 0.09419 0.4814
1981 0.04947 0.2147 0.0804 0.0809 0.09449 0.48004
1982 0.04981 0.21568 0.08066 0.08029 0.09479 0.47878
1983 0.05015 0.21665 0.08088 0.07961 0.09507 0.47765
1984 0.05046 0.21749 0.08103 0.07882 0.09524 0.47696
1985 0.05078 0.21832 0.08116 0.07801 0.09541 0.47633
1986 0.0511 0.21913 0.08124 0.07713 0.09557 0.47583
1987 0.05143 0.21994 0.0813 0.0761 0.09568 0.47556
1988 0.05176 0.2207 0.08131 0.07508 0.09577 0.47538
1989 0.05206 0.22134 0.08125 0.07405 0.09576 0.47554
1990 0.05234 0.22184 0.08113 0.07291 0.09568 0.47611
1991 0.05267 0.2225 0.08103 0.07176 0.09566 0.47639
1992 0.05301 0.22314 0.08091 0.07051 0.09561 0.47683
1993 0.05335 0.22368 0.08071 0.06924 0.09549 0.47753
1994 0.05368 0.22412 0.08046 0.06784 0.09531 0.4786
1995 0.05401 0.22452 0.08015 0.06637 0.09509 0.47986
1996 0.05484 0.22652 0.07923 0.06537 0.09569 0.47835
1997 0.05829 0.24113 0.08025 0.06763 0.10176 0.45093
1998 0.06165 0.25753 0.05889 0.0708 0.0514 0.49973
1999 0.03834 0.26229 0.05833 0.06883 0.05354 0.51867
2000 0.04174 0.27397 0.06264 0.06775 0.0573 0.4966
2001 0.04283 0.26921 0.06095 0.06208 0.05786 0.50707
2002 0.04571 0.27373 0.06116 0.05812 0.0656 0.49568
2003 0.05449 0.28492 0.06141 0.05586 0.0591 0.48422
2004 0.05049 0.27604 0.05573 0.04941 0.05887 0.50946
2005 0.05206 0.27147 0.04701 0.04409 0.06013 0.52523
2006 0.05425 0.27026 0.03363 0.039 0.06211 0.54075
2007 0.05492 0.26048 0.0335 0.03289 0.0616 0.55661
2008 0.05472 0.24869 0.03626 0.02702 0.06324 0.57008
2009 0.05404 0.25143 0.04334 0.02274 0.06999 0.55845
2010 0.05554 0.23432 0.04812 0.0172 0.07203 0.57279
2011 0.06381 0.23891 0.05251 0.014 0.08193 0.54884
2012 0.06612 0.22476 0.0557 0.01041 0.0891 0.55391
2013 0.07073 0.19376 0.05566 0.00715 0.08815 0.58455
2014 0.0716 0.16292 0.05295 0.00511 0.08667 0.62074
2015 0.06967 0.12717 0.04209 0.0039 0.08195 0.67523
2016 0.07074 0.09801 0.03514 0.00341 0.07935 0.71334
2017 0.06945 0.03422 0.02487 0.00336 0.07889 0.78919
2018 0.04365 0.09522 0.02562 0.00321 0.07203 0.76026
2019 0.04595 0.13896 0.02892 0.00289 0.06266 0.72061
2020 0.04892 0.1809 0.02011 0.0025 0.05261 0.69495
2021 0.04567 0.21389 0.01728 0.00209 0.0444 0.67667
2022 0.03489 0.23438 0.01765 0.00178 0.03736 0.67395
2023 0.01462 0.2219 0.0169 0.00169 0.03241 0.71248
2024 0.00154 0.19406 0.02121 0.00174 0.02779 0.75365
Split for: Central_Am
Year RUS+WAL EAL+BER GOA SEA+NBC SBC+WA OR+CA
1970 0 0 0 0 0.09274 0.90726
1971 0 0 0 0 0.0926 0.9074
1972 0 0 0 0 0.09303 0.90697
1973 0 0 0 0 0.09342 0.90658
1974 0 0 0 0 0.09405 0.90595
1975 0 0 0 0 0.09469 0.90531
1976 0 0 0 0 0.09523 0.90477
1977 0 0 0 0 0.09574 0.90426
1978 0 0 0 0 0.09628 0.90372
1979 0 0 0 0 0.09684 0.90316
1980 0 0 0 0 0.09749 0.90251
1981 0 0 0 0 0.09802 0.90198
1982 0 0 0 0 0.09853 0.90147
1983 0 0 0 0 0.099 0.901
1984 0 0 0 0 0.0993 0.9007
1985 0 0 0 0 0.09957 0.90043
1986 0 0 0 0 0.09981 0.90019
1987 0 0 0 0 0.09997 0.90003
1988 0 0 0 0 0.10009 0.89991
1989 0 0 0 0 0.10005 0.89995
1990 0 0 0 0 0.09987 0.90013
1991 0 0 0 0 0.09979 0.90021
1992 0 0 0 0 0.09966 0.90034
1993 0 0 0 0 0.09942 0.90058
1994 0 0 0 0 0.09905 0.90095
1995 0 0 0 0 0.09861 0.90139
1996 0 0 0 0 0.09945 0.90055
1997 0 0 0 0 0.11078 0.88922
1998 0 0 0 0 0.05374 0.94626
1999 0 0 0 0 0.05392 0.94608
2000 0 0 0 0 0.05989 0.94011
2001 0 0 0 0 0.05926 0.94074
2002 0 0 0 0 0.06809 0.93191
2003 0 0 0 0 0.06313 0.93687
2004 0 0 0 0 0.05997 0.94003
2005 0 0 0 0 0.05945 0.94055
2006 0 0 0 0 0.05963 0.94037
2007 0 0 0 0 0.05758 0.94242
2008 0 0 0 0 0.05771 0.94229
2009 0 0 0 0 0.06471 0.93529
2010 0 0 0 0 0.06492 0.93508
2011 0 0 0 0 0.07614 0.92386
2012 0 0 0 0 0.08156 0.91844
2013 0 0 0 0 0.07686 0.92314
2014 0 0 0 0 0.07157 0.92843
2015 0 0 0 0 0.0628 0.9372
2016 0 0 0 0 0.05786 0.94214
2017 0 0 0 0 0.0523 0.9477
2018 0 0 0 0 0.04971 0.95029
2019 0 0 0 0 0.04581 0.95419
2020 0 0 0 0 0.04012 0.95988
2021 0 0 0 0 0.03496 0.96504
2022 0 0 0 0 0.02969 0.97031
2023 0 0 0 0 0.0245 0.9755
2024 0 0 0 0 0.01995 0.98005

Difference in mortality over time
Difference for: Asia
Year RUS+WAL EAL+BER GOA SEA+NBC SBC+WA OR+CA
1970 0 0 0 0 0 0
1971 0 0 0 0 0 0
1972 0 0 0 0 0 0
1973 0 0 0 0 0 0
1974 0 0 0 0 0 0
1975 0 0 0 0 0 0
1976 0 0 0 0 0 0
1977 0 0 0 0 0 0
1978 0 0 0 0 0 0
1979 0 0 0 0 0 0
1980 0 0 0 0 0 0
1981 0 0 0 0 0 0
1982 0 0 0 0 0 0
1983 0 0 0 0 0 0
1984 0 0 0 0 0 0
1985 0 0 0 0 0 0
1986 0 0 0 0 0 0
1987 0 0 0 0 0 0
1988 0 0 0 0 0 0
1989 0 0 0 0 0 0
1990 0 0 0 0 0 0
1991 0 0 0 0 0 0
1992 0 0 0 0 0 0
1993 0 0 0 0 0 0
1994 0 0 0 0 0 0
1995 23 3 0 0 0 0
1996 22 3 0 0 0 0
1997 14 3 0 0 0 0
1998 -294 4 0 0 0 0
1999 21 5 0 0 0 0
2000 24 5 0 0 0 0
2001 27 6 0 0 0 0
2002 31 6 0 0 0 0
2003 34 7 0 0 0 0
2004 38 7 0 0 0 0
2005 42 8 0 0 0 0
2006 47 9 0 0 0 0
2007 51 9 0 0 0 0
2008 -26 10 0 0 0 0
2009 53 11 0 0 0 0
2010 62 11 0 0 0 0
2011 30 12 0 0 0 0
2012 73 12 0 0 0 0
2013 77 12 0 0 0 0
2014 86 12 0 0 0 0
2015 88 13 0 0 0 0
2016 33 -161 0 0 0 0
2017 -714 3 0 0 0 0
2018 39 1 0 0 0 0
2019 76 7 0 0 0 0
2020 -78 8 0 0 0 0
2021 -605 9 0 0 0 0
2022 -1358 10 0 0 0 0
2023 -243 10 0 0 0 0
Difference for: Hawaii
Year RUS+WAL EAL+BER GOA SEA+NBC SBC+WA OR+CA
1970 0 0 0 0 0 0
1971 0 0 0 0 0 0
1972 0 0 0 0 0 0
1973 0 0 0 0 0 0
1974 0 0 0 0 0 0
1975 0 0 0 0 0 0
1976 0 0 0 0 0 0
1977 0 0 0 0 0 0
1978 0 0 0 0 0 0
1979 0 0 0 0 0 0
1980 0 0 0 0 0 0
1981 0 0 0 0 0 0
1982 0 0 0 0 0 0
1983 0 0 0 0 0 0
1984 0 0 0 0 0 0
1985 0 0 0 0 0 0
1986 0 0 0 0 0 0
1987 0 0 0 0 0 0
1988 0 0 0 0 0 0
1989 0 0 0 0 0 0
1990 0 0 0 0 0 0
1991 0 0 0 0 0 0
1992 0 0 0 0 0 0
1993 0 0 0 0 0 0
1994 0 0 0 0 0 0
1995 8 60 48 128 14 0
1996 8 66 23 142 16 0
1997 5 58 -479 157 -263 0
1998 -101 85 13 173 9 0
1999 7 97 51 188 10 0
2000 9 109 12 204 11 0
2001 10 121 -77 219 12 0
2002 11 128 23 234 14 0
2003 12 143 -41 247 15 0
2004 14 144 -245 260 17 0
2005 15 174 -586 271 19 0
2006 17 190 11 281 21 0
2007 19 196 39 290 23 0
2008 -10 220 58 296 25 0
2009 20 235 47 300 28 0
2010 24 249 70 302 31 0
2011 11 262 70 304 34 0
2012 28 273 90 305 37 0
2013 30 281 11 306 40 0
2014 33 282 -279 305 43 0
2015 35 290 -358 305 46 0
2016 13 -3754 -870 305 49 0
2017 -288 69 -59 306 51 0
2018 16 22 23 307 53 0
2019 31 173 -669 307 55 0
2020 -32 202 -193 307 57 0
2021 -252 226 6 307 58 0
2022 -576 245 -96 307 60 0
2023 -110 259 32 307 60 0
Difference for: MX_AR
Year RUS+WAL EAL+BER GOA SEA+NBC SBC+WA OR+CA
1970 0 0 0 0 0 0
1971 0 0 0 0 0 0
1972 0 0 0 0 0 0
1973 0 0 0 0 0 0
1974 0 0 0 0 0 0
1975 0 0 0 0 0 0
1976 0 0 0 0 0 0
1977 0 0 0 0 0 0
1978 0 0 0 0 0 0
1979 0 0 0 0 0 0
1980 0 0 0 0 0 0
1981 0 0 0 0 0 0
1982 0 0 0 0 0 0
1983 0 0 0 0 0 0
1984 0 0 0 0 0 0
1985 0 0 0 0 0 0
1986 0 0 0 0 0 0
1987 0 0 0 0 0 0
1988 0 0 0 0 0 0
1989 0 0 0 0 0 0
1990 0 0 0 0 0 0
1991 0 0 0 0 0 0
1992 0 0 0 0 0 0
1993 0 0 0 0 0 0
1994 0 0 0 0 0 0
1995 5 20 11 3 1 2
1996 5 23 5 4 1 -3
1997 3 20 -106 4 -23 3
1998 -62 29 3 5 1 4
1999 5 33 11 5 1 -3
2000 5 37 3 6 1 2
2001 6 41 -17 6 1 1
2002 7 44 5 6 1 -3
2003 8 49 -9 7 1 4
2004 8 49 -54 7 1 4
2005 9 59 -130 7 2 3
2006 11 65 2 8 2 3
2007 12 67 9 8 2 6
2008 -6 76 13 8 2 -8
2009 12 81 10 8 2 5
2010 14 85 15 8 3 -26
2011 7 90 16 8 3 -4
2012 17 93 20 8 3 2
2013 18 96 2 8 4 8
2014 20 96 -62 8 4 11
2015 22 99 -79 8 4 12
2016 8 -1286 -193 8 4 11
2017 -176 23 -13 8 4 3
2018 10 7 5 8 5 8
2019 19 59 -148 8 5 16
2020 -20 69 -43 8 5 17
2021 -155 77 1 8 5 18
2022 -353 84 -21 8 5 20
2023 -67 89 7 8 5 22
Difference for: MX_ML
Year RUS+WAL EAL+BER GOA SEA+NBC SBC+WA OR+CA
1970 0 0 0 0 0 0
1971 0 0 0 0 0 0
1972 0 0 0 0 0 0
1973 0 0 0 0 0 0
1974 0 0 0 0 0 0
1975 0 0 0 0 0 0
1976 0 0 0 0 0 0
1977 0 0 0 0 0 0
1978 0 0 0 0 0 0
1979 0 0 0 0 0 0
1980 0 0 0 0 0 0
1981 0 0 0 0 0 0
1982 0 0 0 0 0 0
1983 0 0 0 0 0 0
1984 0 0 0 0 0 0
1985 0 0 0 0 0 0
1986 0 0 0 0 0 0
1987 0 0 0 0 0 0
1988 0 0 0 0 0 0
1989 0 0 0 0 0 0
1990 0 0 0 0 0 0
1991 0 0 0 0 0 0
1992 0 0 0 0 0 0
1993 0 0 0 0 0 0
1994 0 0 0 0 0 0
1995 3 12 3 4 5 19
1996 3 13 2 4 6 -29
1997 2 11 -34 5 -93 28
1998 -36 16 1 5 3 31
1999 3 19 4 6 3 -28
2000 3 21 1 6 4 19
2001 3 23 -5 6 4 9
2002 4 25 2 7 5 -29
2003 4 27 -3 7 5 33
2004 5 27 -17 8 6 34
2005 5 33 -41 8 7 25
2006 6 36 1 8 7 26
2007 7 37 3 8 8 49
2008 -3 41 4 9 9 -65
2009 7 44 3 9 10 39
2010 8 47 5 9 11 -209
2011 4 49 5 9 12 -36
2012 10 51 6 9 13 13
2013 10 52 1 9 14 65
2014 11 52 -19 9 15 85
2015 12 54 -24 9 16 97
2016 5 -692 -59 9 17 86
2017 -98 13 -4 9 17 28
2018 5 4 2 9 18 65
2019 11 32 -45 9 19 126
2020 -11 37 -13 9 19 135
2021 -85 41 0 9 19 142
2022 -194 44 -6 9 20 158
2023 -37 47 2 9 20 167
Difference for: Central_Am
Year RUS+WAL EAL+BER GOA SEA+NBC SBC+WA OR+CA
1970 0 0 0 0 0 0
1971 0 0 0 0 0 0
1972 0 0 0 0 0 0
1973 0 0 0 0 0 0
1974 0 0 0 0 0 0
1975 0 0 0 0 0 0
1976 0 0 0 0 0 0
1977 0 0 0 0 0 0
1978 0 0 0 0 0 0
1979 0 0 0 0 0 0
1980 0 0 0 0 0 0
1981 0 0 0 0 0 0
1982 0 0 0 0 0 0
1983 0 0 0 0 0 0
1984 0 0 0 0 0 0
1985 0 0 0 0 0 0
1986 0 0 0 0 0 0
1987 0 0 0 0 0 0
1988 0 0 0 0 0 0
1989 0 0 0 0 0 0
1990 0 0 0 0 0 0
1991 0 0 0 0 0 0
1992 0 0 0 0 0 0
1993 0 0 0 0 0 0
1994 0 0 0 0 0 0
1995 0 0 0 0 1 9
1996 0 0 0 0 1 -13
1997 0 0 0 0 -24 13
1998 0 0 0 0 1 14
1999 0 0 0 0 1 -13
2000 0 0 0 0 1 9
2001 0 0 0 0 1 4
2002 0 0 0 0 1 -13
2003 0 0 0 0 1 15
2004 0 0 0 0 2 16
2005 0 0 0 0 2 11
2006 0 0 0 0 2 12
2007 0 0 0 0 2 23
2008 0 0 0 0 2 -30
2009 0 0 0 0 2 18
2010 0 0 0 0 3 -96
2011 0 0 0 0 3 -16
2012 0 0 0 0 3 6
2013 0 0 0 0 3 30
2014 0 0 0 0 4 39
2015 0 0 0 0 4 44
2016 0 0 0 0 4 39
2017 0 0 0 0 4 13
2018 0 0 0 0 5 30
2019 0 0 0 0 5 58
2020 0 0 0 0 5 63
2021 0 0 0 0 5 65
2022 0 0 0 0 5 73
2023 0 0 0 0 5 77

Total survival over time
Values for breeding stock: Asia
Year RUS+WAL EAL+BER GOA SEA+NBC SBC+WA OR+CA
1970 0.997 0.987 0 0 0 0
1971 1.28 1.272 0 0 0 0
1972 1.189 1.215 0 0 0 0
1973 1.176 1.173 0 0 0 0
1974 1.146 1.144 0 0 0 0
1975 1.125 1.123 0 0 0 0
1976 1.108 1.106 0 0 0 0
1977 1.095 1.093 0 0 0 0
1978 1.084 1.082 0 0 0 0
1979 1.075 1.073 0 0 0 0
1980 1.067 1.065 0 0 0 0
1981 1.086 1.084 0 0 0 0
1982 1.1 1.097 0 0 0 0
1983 1.108 1.105 0 0 0 0
1984 1.112 1.11 0 0 0 0
1985 1.113 1.11 0 0 0 0
1986 1.112 1.109 0 0 0 0
1987 1.109 1.106 0 0 0 0
1988 1.105 1.102 0 0 0 0
1989 1.1 1.098 0 0 0 0
1990 1.095 1.092 0 0 0 0
1991 1.093 1.09 0 0 0 0
1992 1.093 1.09 0 0 0 0
1993 1.093 1.09 0 0 0 0
1994 1.094 1.09 0 0 0 0
1995 1.14 1.135 0 0 0 0
1996 1.126 1.126 0 0 0 0
1997 1.107 1.113 0 0 0 0
1998 0.671 1.12 0 0 0 0
1999 1.227 1.112 0 0 0 0
2000 1.131 1.107 0 0 0 0
2001 1.124 1.103 0 0 0 0
2002 1.12 1.095 0 0 0 0
2003 1.116 1.091 0 0 0 0
2004 1.113 1.083 0 0 0 0
2005 1.112 1.084 0 0 0 0
2006 1.109 1.08 0 0 0 0
2007 1.105 1.072 0 0 0 0
2008 1.03 1.067 0 0 0 0
2009 1.104 1.06 0 0 0 0
2010 1.103 1.051 0 0 0 0
2011 1.073 1.043 0 0 0 0
2012 1.095 1.035 0 0 0 0
2013 1.083 1.021 0 0 0 0
2014 1.09 1.024 0 0 0 0
2015 1.052 0.989 0 0 0 0
2016 1.043 0.456 0 0 0 0
2017 0.721 0.991 0 0 0 0
2018 1.069 1.153 0 0 0 0
2019 1.118 1.185 0 0 0 0
2020 1.014 1.133 0 0 0 0
2021 0.733 1.096 0 0 0 0
2022 0.062 1.063 0 0 0 0
2023 0.215 0.997 0 0 0 0
Values for breeding stock: Hawaii
Year RUS+WAL EAL+BER GOA SEA+NBC SBC+WA OR+CA
1970 1.008 0.998 0.994 0.994 1.006 0
1971 1.291 1.283 1.287 1.27 1.287 0
1972 1.198 1.225 1.225 1.213 1.225 0
1973 1.186 1.183 1.183 1.172 1.183 0
1974 1.156 1.153 1.153 1.143 1.153 0
1975 1.134 1.131 1.131 1.121 1.131 0
1976 1.117 1.114 1.114 1.105 1.114 0
1977 1.103 1.101 1.101 1.092 1.1 0
1978 1.092 1.09 1.09 1.081 1.09 0
1979 1.083 1.081 1.081 1.073 1.081 0
1980 1.076 1.074 1.074 1.065 1.073 0
1981 1.095 1.093 1.092 1.082 1.091 0
1982 1.108 1.106 1.105 1.095 1.105 0
1983 1.117 1.114 1.113 1.102 1.113 0
1984 1.121 1.118 1.116 1.105 1.116 0
1985 1.121 1.119 1.117 1.105 1.117 0
1986 1.12 1.117 1.115 1.102 1.115 0
1987 1.117 1.114 1.111 1.097 1.112 0
1988 1.113 1.11 1.107 1.094 1.108 0
1989 1.108 1.106 1.102 1.09 1.103 0
1990 1.103 1.101 1.097 1.084 1.098 0
1991 1.101 1.098 1.095 1.081 1.095 0
1992 1.101 1.098 1.094 1.079 1.094 0
1993 1.101 1.098 1.094 1.08 1.094 0
1994 1.102 1.098 1.094 1.078 1.095 0
1995 1.149 1.144 1.13 1.122 1.14 0
1996 1.133 1.134 1.103 1.113 1.132 0
1997 1.114 1.12 0.79 1.106 0.432 0
1998 0.675 1.128 1.154 1.098 1.349 0
1999 1.239 1.123 1.138 1.09 1.132 0
2000 1.141 1.118 1.097 1.083 1.126 0
2001 1.134 1.112 1.041 1.074 1.122 0
2002 1.13 1.105 1.107 1.067 1.118 0
2003 1.125 1.1 1.063 1.058 1.114 0
2004 1.121 1.091 0.955 1.05 1.111 0
2005 1.12 1.092 0.759 1.044 1.105 0
2006 1.117 1.088 1.176 1.037 1.105 0
2007 1.113 1.08 1.127 1.03 1.1 0
2008 1.037 1.075 1.134 1.022 1.103 0
2009 1.113 1.068 1.118 1.014 1.114 0
2010 1.111 1.059 1.123 1.006 1.101 0
2011 1.081 1.051 1.108 1.005 1.092 0
2012 1.103 1.042 1.106 1.005 1.095 0
2013 1.096 1.033 1.065 1.001 1.088 0
2014 1.09 1.023 0.949 0.999 1.075 0
2015 1.081 1.016 0.914 0.998 1.067 0
2016 1.048 0.458 0.682 1.001 1.061 0
2017 0.724 0.995 1.128 1.004 1.051 0
2018 1.078 1.163 1.14 1.001 1.035 0
2019 1.12 1.188 0.693 1.001 1.041 0
2020 1.025 1.146 1.022 1.001 1.027 0
2021 0.742 1.109 1.17 0.999 1.026 0
2022 0.063 1.081 1.037 1.001 1.022 0
2023 0.229 1.06 1.159 0.998 1.01 0
Values for breeding stock: MX_AR
Year RUS+WAL EAL+BER GOA SEA+NBC SBC+WA OR+CA
1970 1.008 0.998 0.994 0.994 1.006 0.961
1971 1.291 1.283 1.287 1.27 1.287 1.281
1972 1.198 1.225 1.225 1.213 1.225 1.219
1973 1.186 1.183 1.183 1.172 1.183 1.177
1974 1.156 1.153 1.154 1.143 1.153 1.145
1975 1.134 1.131 1.131 1.121 1.131 1.123
1976 1.117 1.114 1.114 1.105 1.114 1.106
1977 1.103 1.101 1.101 1.092 1.1 1.093
1978 1.092 1.09 1.09 1.081 1.09 1.082
1979 1.083 1.081 1.081 1.073 1.081 1.073
1980 1.076 1.074 1.074 1.065 1.073 1.064
1981 1.095 1.093 1.092 1.082 1.091 1.084
1982 1.108 1.106 1.105 1.095 1.105 1.097
1983 1.117 1.114 1.113 1.102 1.113 1.106
1984 1.121 1.118 1.116 1.105 1.116 1.112
1985 1.121 1.119 1.117 1.105 1.117 1.113
1986 1.12 1.117 1.115 1.102 1.115 1.111
1987 1.117 1.114 1.111 1.098 1.112 1.109
1988 1.113 1.11 1.107 1.094 1.108 1.105
1989 1.108 1.106 1.102 1.09 1.103 1.101
1990 1.103 1.101 1.097 1.085 1.098 1.098
1991 1.101 1.098 1.095 1.081 1.095 1.094
1992 1.101 1.098 1.094 1.079 1.094 1.094
1993 1.101 1.098 1.094 1.08 1.094 1.095
1994 1.102 1.099 1.094 1.078 1.095 1.097
1995 1.149 1.144 1.13 1.123 1.14 1.134
1996 1.133 1.134 1.103 1.113 1.132 1.045
1997 1.114 1.12 0.79 1.106 0.432 1.151
1998 0.675 1.128 1.154 1.098 1.349 1.135
1999 1.239 1.123 1.138 1.09 1.132 1.051
2000 1.141 1.118 1.097 1.083 1.126 1.122
2001 1.134 1.112 1.041 1.074 1.122 1.099
2002 1.13 1.105 1.107 1.067 1.118 1.059
2003 1.125 1.1 1.063 1.058 1.114 1.128
2004 1.121 1.091 0.955 1.05 1.111 1.116
2005 1.12 1.092 0.759 1.044 1.105 1.104
2006 1.117 1.088 1.177 1.037 1.105 1.099
2007 1.113 1.08 1.127 1.03 1.1 1.119
2008 1.037 1.075 1.134 1.022 1.103 1.044
2009 1.113 1.068 1.118 1.014 1.114 1.116
2010 1.111 1.059 1.123 1.006 1.101 0.959
2011 1.081 1.051 1.108 1.005 1.092 1.082
2012 1.103 1.042 1.106 1.005 1.095 1.102
2013 1.096 1.033 1.065 1.001 1.088 1.129
2014 1.09 1.024 0.95 0.999 1.075 1.116
2015 1.081 1.016 0.914 0.998 1.067 1.096
2016 1.048 0.458 0.682 1.001 1.061 1.073
2017 0.724 0.995 1.128 1.004 1.051 1.07
2018 1.078 1.163 1.14 1.001 1.035 1.069
2019 1.12 1.188 0.693 1.001 1.041 1.098
2020 1.025 1.146 1.022 1.001 1.027 1.095
2021 0.742 1.109 1.17 0.999 1.026 1.082
2022 0.063 1.081 1.037 1.001 1.022 1.081
2023 0.229 1.06 1.159 0.998 1.01 1.076
Values for breeding stock: MX_ML
Year RUS+WAL EAL+BER GOA SEA+NBC SBC+WA OR+CA
1970 1.002 0.991 0.987 0.987 1 0.955
1971 1.284 1.276 1.28 1.263 1.28 1.274
1972 1.192 1.218 1.219 1.207 1.219 1.213
1973 1.18 1.177 1.178 1.166 1.177 1.172
1974 1.151 1.148 1.148 1.138 1.148 1.14
1975 1.129 1.126 1.126 1.117 1.126 1.118
1976 1.112 1.11 1.11 1.1 1.109 1.101
1977 1.099 1.097 1.096 1.087 1.096 1.088
1978 1.088 1.086 1.086 1.077 1.085 1.077
1979 1.079 1.077 1.077 1.068 1.076 1.068
1980 1.071 1.069 1.069 1.061 1.069 1.06
1981 1.09 1.088 1.088 1.078 1.087 1.079
1982 1.104 1.102 1.101 1.09 1.1 1.093
1983 1.112 1.11 1.109 1.097 1.109 1.102
1984 1.116 1.114 1.112 1.1 1.112 1.107
1985 1.117 1.115 1.113 1.101 1.113 1.108
1986 1.116 1.113 1.111 1.098 1.111 1.107
1987 1.113 1.11 1.107 1.094 1.108 1.105
1988 1.109 1.106 1.103 1.09 1.104 1.101
1989 1.104 1.102 1.099 1.086 1.099 1.098
1990 1.1 1.097 1.094 1.081 1.094 1.094
1991 1.098 1.095 1.091 1.078 1.092 1.09
1992 1.097 1.094 1.09 1.076 1.091 1.09
1993 1.098 1.094 1.09 1.076 1.091 1.091
1994 1.099 1.095 1.09 1.075 1.091 1.093
1995 1.145 1.14 1.126 1.119 1.137 1.13
1996 1.13 1.131 1.099 1.11 1.128 1.041
1997 1.111 1.117 0.788 1.103 0.431 1.148
1998 0.673 1.124 1.15 1.095 1.345 1.131
1999 1.235 1.12 1.135 1.087 1.129 1.048
2000 1.138 1.115 1.094 1.08 1.123 1.119
2001 1.131 1.109 1.038 1.071 1.119 1.096
2002 1.127 1.102 1.104 1.064 1.115 1.056
2003 1.123 1.098 1.06 1.056 1.111 1.125
2004 1.119 1.088 0.952 1.048 1.108 1.113
2005 1.117 1.089 0.757 1.041 1.102 1.101
2006 1.115 1.085 1.174 1.035 1.102 1.097
2007 1.11 1.077 1.125 1.028 1.097 1.116
2008 1.035 1.073 1.131 1.02 1.1 1.042
2009 1.11 1.065 1.115 1.012 1.111 1.114
2010 1.108 1.056 1.12 1.004 1.099 0.957
2011 1.078 1.048 1.105 1.003 1.089 1.079
2012 1.1 1.039 1.104 1.003 1.092 1.1
2013 1.093 1.031 1.063 0.999 1.085 1.126
2014 1.087 1.021 0.947 0.996 1.072 1.113
2015 1.078 1.013 0.911 0.996 1.064 1.093
2016 1.045 0.457 0.68 0.999 1.058 1.07
2017 0.722 0.992 1.125 1.001 1.048 1.066
2018 1.075 1.159 1.137 0.998 1.032 1.066
2019 1.117 1.184 0.692 0.998 1.038 1.096
2020 1.021 1.141 1.017 0.996 1.023 1.09
2021 0.74 1.107 1.168 0.997 1.024 1.08
2022 0.063 1.079 1.036 0.999 1.02 1.079
2023 0.228 1.057 1.155 0.996 1.007 1.073
Values for breeding stock: Central_Am
Year RUS+WAL EAL+BER GOA SEA+NBC SBC+WA OR+CA
1970 0 0 0 0 1 0.954
1971 0 0 0 0 1.28 1.274
1972 0 0 0 0 1.219 1.213
1973 0 0 0 0 1.176 1.171
1974 0 0 0 0 1.147 1.139
1975 0 0 0 0 1.126 1.118
1976 0 0 0 0 1.109 1.101
1977 0 0 0 0 1.096 1.088
1978 0 0 0 0 1.084 1.077
1979 0 0 0 0 1.076 1.068
1980 0 0 0 0 1.068 1.06
1981 0 0 0 0 1.087 1.079
1982 0 0 0 0 1.1 1.092
1983 0 0 0 0 1.108 1.101
1984 0 0 0 0 1.112 1.107
1985 0 0 0 0 1.112 1.108
1986 0 0 0 0 1.111 1.107
1987 0 0 0 0 1.108 1.104
1988 0 0 0 0 1.103 1.1
1989 0 0 0 0 1.099 1.097
1990 0 0 0 0 1.094 1.094
1991 0 0 0 0 1.091 1.09
1992 0 0 0 0 1.091 1.09
1993 0 0 0 0 1.091 1.091
1994 0 0 0 0 1.091 1.093
1995 0 0 0 0 1.137 1.13
1996 0 0 0 0 1.128 1.041
1997 0 0 0 0 0.431 1.147
1998 0 0 0 0 1.345 1.131
1999 0 0 0 0 1.129 1.048
2000 0 0 0 0 1.122 1.119
2001 0 0 0 0 1.119 1.095
2002 0 0 0 0 1.115 1.056
2003 0 0 0 0 1.111 1.125
2004 0 0 0 0 1.108 1.113
2005 0 0 0 0 1.102 1.101
2006 0 0 0 0 1.102 1.097
2007 0 0 0 0 1.097 1.116
2008 0 0 0 0 1.1 1.042
2009 0 0 0 0 1.111 1.114
2010 0 0 0 0 1.099 0.957
2011 0 0 0 0 1.089 1.079
2012 0 0 0 0 1.092 1.1
2013 0 0 0 0 1.085 1.126
2014 0 0 0 0 1.072 1.113
2015 0 0 0 0 1.064 1.094
2016 0 0 0 0 1.058 1.071
2017 0 0 0 0 1.048 1.067
2018 0 0 0 0 1.032 1.066
2019 0 0 0 0 1.04 1.097
2020 0 0 0 0 1.024 1.092
2021 0 0 0 0 1.024 1.079
2022 0 0 0 0 1.02 1.079
2023 0 0 0 0 1.008 1.074

Numbers over time by herd
Values for breeding stock: Asia
Year RUS+WAL EAL+BER GOA SEA+NBC SBC+WA OR+CA
1970 14 2 0 0 0 0
1971 34 5 0 0 0 0
1972 48 7 0 0 0 0
1973 62 9 0 0 0 0
1974 76 11 0 0 0 0
1975 88 12 0 0 0 0
1976 87 12 0 0 0 0
1977 86 12 0 0 0 0
1978 85 12 0 0 0 0
1979 84 12 0 0 0 0
1980 83 12 0 0 0 0
1981 87 12 0 0 0 0
1982 95 13 0 0 0 0
1983 105 15 0 0 0 0
1984 119 16 0 0 0 0
1985 134 18 0 0 0 0
1986 149 20 0 0 0 0
1987 162 22 0 0 0 0
1988 174 24 0 0 0 0
1989 185 25 0 0 0 0
1990 195 27 0 0 0 0
1991 206 28 0 0 0 0
1992 217 29 0 0 0 0
1993 230 31 0 0 0 0
1994 244 33 0 0 0 0
1995 262 35 0 0 0 0
1996 302 40 0 0 0 0
1997 342 45 0 0 0 0
1998 374 50 0 0 0 0
1999 255 56 0 0 0 0
2000 286 60 0 0 0 0
2001 321 65 0 0 0 0
2002 361 69 0 0 0 0
2003 435 73 0 0 0 0
2004 435 76 0 0 0 0
2005 473 79 0 0 0 0
2006 515 82 0 0 0 0
2007 558 85 0 0 0 0
2008 592 86 0 0 0 0
2009 583 87 0 0 0 0
2010 632 85 0 0 0 0
2011 682 82 0 0 0 0
2012 702 76 0 0 0 0
2013 783 69 0 0 0 0
2014 822 60 0 0 0 0
2015 827 48 0 0 0 0
2016 855 38 0 0 0 0
2017 815 13 0 0 0 0
2018 526 37 0 0 0 0
2019 602 58 0 0 0 0
2020 698 83 0 0 0 0
2021 695 104 0 0 0 0
2022 555 119 0 0 0 0
2023 216 105 0 0 0 0
Values for breeding stock: Hawaii
Year RUS+WAL EAL+BER GOA SEA+NBC SBC+WA OR+CA
1970 4 31 31 85 7 0
1971 9 76 77 203 18 0
1972 14 112 113 296 27 0
1973 18 146 148 383 35 0
1974 22 178 181 464 43 0
1975 26 209 212 539 50 0
1976 26 208 211 532 50 0
1977 25 206 210 523 50 0
1978 25 205 209 515 50 0
1979 25 204 207 507 49 0
1980 25 203 206 500 49 0
1981 27 214 217 521 51 0
1982 29 233 236 562 56 0
1983 33 261 264 620 63 0
1984 37 295 298 692 71 0
1985 42 336 338 776 80 0
1986 47 374 375 851 89 0
1987 52 409 410 915 97 0
1988 56 442 441 972 105 0
1989 60 472 469 1021 112 0
1990 64 500 495 1062 118 0
1991 67 528 521 1101 124 0
1992 72 559 549 1141 131 0
1993 76 594 580 1188 139 0
1994 82 634 617 1241 147 0
1995 88 681 658 1301 158 0
1996 103 786 744 1465 181 0
1997 117 897 808 1626 207 0
1998 129 999 619 1776 109 0
1999 89 1123 676 1906 125 0
2000 100 1221 756 1952 140 0
2001 114 1324 812 1973 156 0
2002 129 1432 867 1966 188 0
2003 157 1519 887 1925 172 0
2004 158 1601 876 1853 187 0
2005 173 1673 785 1757 203 0
2006 190 1753 591 1635 220 0
2007 207 1822 634 1487 235 0
2008 221 1864 736 1309 259 0
2009 220 1894 884 1108 288 0
2010 240 1874 1042 889 315 0
2011 260 1809 1077 685 339 0
2012 270 1703 1143 510 369 0
2013 305 1547 1204 369 385 0
2014 320 1349 1188 273 392 0
2015 330 1119 1003 222 394 0
2016 343 882 856 199 390 0
2017 329 300 591 191 378 0
2018 214 865 631 188 358 0
2019 245 1376 775 185 339 0
2020 287 1971 593 176 313 0
2021 290 2519 551 159 286 0
2022 236 2934 598 144 256 0
2023 98 2748 567 135 219 0
Values for breeding stock: MX_AR
Year RUS+WAL EAL+BER GOA SEA+NBC SBC+WA OR+CA
1970 2 11 7 2 1 2
1971 6 26 17 5 2 4
1972 8 38 25 8 2 6
1973 11 50 33 10 3 8
1974 13 61 40 13 4 10
1975 16 71 47 15 4 11
1976 16 71 47 14 4 11
1977 16 71 46 14 4 11
1978 16 70 46 14 4 11
1979 15 70 46 14 4 11
1980 15 69 46 14 4 11
1981 16 73 48 14 4 11
1982 18 80 52 15 5 12
1983 20 89 58 17 5 13
1984 23 101 66 19 6 15
1985 26 115 75 21 7 17
1986 29 128 83 23 8 19
1987 32 140 91 25 8 21
1988 34 151 98 26 9 22
1989 37 162 104 28 10 24
1990 39 171 110 29 10 25
1991 41 181 115 30 11 26
1992 44 191 122 31 11 28
1993 47 203 129 32 12 30
1994 50 217 137 34 13 32
1995 54 233 146 35 14 34
1996 63 269 165 40 16 39
1997 72 307 179 44 18 39
1998 79 342 137 48 9 45
1999 54 385 150 52 11 52
2000 61 418 168 53 12 52
2001 70 453 180 53 14 58
2002 79 491 192 53 16 60
2003 96 520 197 52 15 60
2004 97 549 194 50 16 69
2005 106 573 174 48 18 75
2006 116 600 131 44 19 82
2007 127 624 141 40 21 91
2008 135 639 163 36 23 100
2009 134 649 196 30 25 98
2010 147 642 231 24 27 107
2011 160 620 239 19 30 97
2012 165 583 253 14 32 98
2013 187 530 267 10 34 109
2014 196 462 263 7 34 120
2015 202 383 222 6 34 138
2016 210 302 190 5 34 150
2017 201 103 131 5 33 161
2018 131 297 140 5 31 161
2019 150 472 172 5 30 166
2020 176 675 132 5 27 177
2021 178 863 122 4 25 186
2022 144 1005 133 4 22 197
2023 60 942 126 4 19 206
Values for breeding stock: MX_ML
Year RUS+WAL EAL+BER GOA SEA+NBC SBC+WA OR+CA
1970 2 7 2 3 3 16
1971 4 16 6 7 7 39
1972 5 24 9 10 10 56
1973 7 31 12 13 14 73
1974 9 37 14 15 17 88
1975 10 44 16 17 19 102
1976 10 43 16 17 19 100
1977 10 43 16 17 19 99
1978 10 43 16 17 19 97
1979 10 42 16 16 19 96
1980 10 42 16 16 18 94
1981 10 44 16 16 19 98
1982 11 48 18 18 21 106
1983 12 53 20 19 23 117
1984 14 60 22 22 26 131
1985 16 68 25 24 30 148
1986 18 75 28 26 33 163
1987 19 82 30 28 36 177
1988 21 88 32 30 38 190
1989 22 94 34 31 41 201
1990 23 99 36 32 43 212
1991 25 104 38 34 45 223
1992 26 110 40 35 47 235
1993 28 116 42 36 50 248
1994 30 124 44 37 53 265
1995 32 133 47 39 56 283
1996 37 153 53 44 64 322
1997 42 174 58 49 73 325
1998 46 193 44 53 38 374
1999 32 216 48 57 44 427
2000 36 234 54 58 49 425
2001 40 253 57 58 54 477
2002 46 273 61 58 66 495
2003 55 289 62 57 60 492
2004 56 304 61 54 65 561
2005 61 317 55 51 70 613
2006 66 331 41 48 76 663
2007 72 343 44 43 81 734
2008 77 351 51 38 89 804
2009 76 355 61 32 99 789
2010 83 351 72 26 108 857
2011 90 338 74 20 116 776
2012 93 317 79 15 126 781
2013 105 287 83 11 131 867
2014 110 250 81 8 133 952
2015 113 207 68 6 133 1097
2016 117 162 58 6 132 1183
2017 112 55 40 5 127 1272
2018 73 159 43 5 120 1266
2019 83 251 52 5 113 1304
2020 97 359 40 5 104 1378
2021 98 457 37 4 95 1447
2022 79 532 40 4 85 1529
2023 33 497 38 4 73 1595
Values for breeding stock: Central_Am
Year RUS+WAL EAL+BER GOA SEA+NBC SBC+WA OR+CA
1970 0 0 0 0 1 7
1971 0 0 0 0 2 18
1972 0 0 0 0 3 26
1973 0 0 0 0 3 34
1974 0 0 0 0 4 41
1975 0 0 0 0 5 47
1976 0 0 0 0 5 47
1977 0 0 0 0 5 46
1978 0 0 0 0 5 45
1979 0 0 0 0 5 44
1980 0 0 0 0 5 43
1981 0 0 0 0 5 45
1982 0 0 0 0 5 49
1983 0 0 0 0 6 54
1984 0 0 0 0 7 61
1985 0 0 0 0 8 68
1986 0 0 0 0 8 75
1987 0 0 0 0 9 82
1988 0 0 0 0 10 88
1989 0 0 0 0 10 93
1990 0 0 0 0 11 98
1991 0 0 0 0 11 103
1992 0 0 0 0 12 108
1993 0 0 0 0 13 114
1994 0 0 0 0 13 122
1995 0 0 0 0 14 131
1996 0 0 0 0 16 148
1997 0 0 0 0 19 150
1998 0 0 0 0 10 172
1999 0 0 0 0 11 197
2000 0 0 0 0 12 196
2001 0 0 0 0 14 220
2002 0 0 0 0 17 228
2003 0 0 0 0 15 226
2004 0 0 0 0 16 258
2005 0 0 0 0 18 282
2006 0 0 0 0 19 305
2007 0 0 0 0 21 337
2008 0 0 0 0 23 370
2009 0 0 0 0 25 363
2010 0 0 0 0 27 394
2011 0 0 0 0 29 357
2012 0 0 0 0 32 359
2013 0 0 0 0 33 399
2014 0 0 0 0 34 438
2015 0 0 0 0 34 505
2016 0 0 0 0 33 545
2017 0 0 0 0 32 586
2018 0 0 0 0 31 584
2019 0 0 0 0 29 602
2020 0 0 0 0 27 637
2021 0 0 0 0 24 669
2022 0 0 0 0 22 707
2023 0 0 0 0 19 738

Catch numbers by breeding stock
Year Asia Hawaii MX_AR MX_ML Central_Am
1970 0.9 0 0 1.1 0.3
1971 0.9 0 0 1.2 0.3
1972 1 0 0 1.3 0.3
1973 1.1 0 0 1.3 0.4
1974 1.2 0.1 0 1.4 0.4
1975 1.2 0.1 0 1.5 0.4
1976 1.3 0.1 0 1.6 0.4
1977 1.4 0.1 0 1.6 0.4
1978 1.5 0.1 0 1.7 0.5
1979 1.6 0.1 0 1.8 0.5
1980 1.8 0.1 0 1.9 0.5
1981 1.9 0.1 0 2 0.5
1982 2 0.1 0 2.1 0.6
1983 2.2 0.1 0 2.2 0.6
1984 2.3 0.1 0 2.4 0.6
1985 2.5 0.1 0 2.5 0.7
1986 2.6 0.1 0 2.6 0.7
1987 2.8 0.1 0 2.8 0.7
1988 3 0.1 0 2.9 0.8
1989 3.2 0.1 0 3.1 0.8
1990 3.5 0.2 0 3.2 0.8
1991 3.7 0.2 0 3.4 0.9
1992 4 0.2 0 3.6 0.9
1993 4.3 0.2 0 3.8 1
1994 4.6 0.2 0 4 1
1995 4.9 0.2 0 4.2 1.1
1996 5.2 0.2 0 4.4 1.1
1997 5.6 0.2 0 4.7 1.2
1998 6 0.2 0 4.9 1.2
1999 6.4 0.2 0 5.2 1.3
2000 6.9 0.3 0 5.5 1.4
2001 7.3 0.3 0 5.8 1.4
2002 7.9 0 0 5.8 1.5
2003 8.4 0 0 5.8 1.6
2004 9 0 0 6.7 1.7
2005 9.6 0 0 8.1 1.8
2006 10.3 1 0 6.8 1.8
2007 11.1 0 0 7.7 1.9
2008 11.8 0 0 7.9 2
2009 12.7 0 0 9 2.1
2010 13.6 0 0 9.3 2.2
2011 14.5 0.8 0 10.6 2.4
2012 15.5 0 0 10.9 2.5
2013 28 0 0 10.8 2.6
2014 0 5 0 13 2.7
2015 72 0 0 14.2 2.9
2016 12 0.1 0 14.2 3
2017 12 0.1 0 13.4 3.2
2018 16 0.1 0 13.4 3.3
2019 4 0.4 0 13.4 1.7
2020 26.8 0.4 0 23.8 5
2021 28.6 0.4 0 12.8 4.7
2022 30.7 0.4 0 10.5 3.7
2023 32.8 0.4 0 18.4 4.2

Catch numbers by feeding ground
Year RUS+WAL EAL+BER GOA SEA+NBC SBC+WA OR+CA
1970 0 2.7 3.1 6.8 0.1 6.4
1971 0 1.8 0.1 4 0.1 1.5
1972 4 0.8 0.1 4.1 0.1 1.6
1973 0 0.8 0.1 4.3 0.1 1.7
1974 0 0.8 0.1 4.5 0.1 2.5
1975 0 0.8 0.2 4.7 0.1 2.7
1976 0 0.8 0.2 4.9 0.2 2.9
1977 0 0.8 0.2 5.2 0.2 3.1
1978 0 0.8 0.2 5.4 0.2 3.3
1979 0 1 0.2 5.6 0.2 3.5
1980 0 1 0.2 5.9 0.2 3.9
1981 0 1 0.3 6.1 0.3 4.2
1982 0 1 0.4 6.5 0.3 4.5
1983 0 1 0.4 6.7 0.3 4.8
1984 0 1 0.5 7.1 0.4 4.6
1985 0 1 0.5 6.7 0.4 5
1986 0 1 0.7 7.8 0.4 5.4
1987 0 1 0.7 10 0.5 5.8
1988 0 1.1 0.8 8.5 0.5 6.3
1989 0 0.9 0.8 6.1 0.6 6.1
1990 0 1 0.8 7.4 0.7 5.8
1991 0 1 0.9 8.2 0.7 7.6
1992 0 1.1 0.9 9.8 0.8 8.3
1993 0 1.1 1 7.1 0.9 8.6
1994 0 1.2 1 9.3 1 8.8
1995 0 1.2 1 9.3 1.1 9.6
1996 0 1.2 1.1 12.7 1.2 9.9
1997 0 1.2 1.3 12.7 0.9 10.7
1998 0 3 1.4 14.7 1.2 12
1999 0 2.6 1.4 17.4 1.7 13.5
2000 0 1.2 1.5 14.1 1.5 11.6
2001 0 1.2 1.8 16.4 1.7 13.4
2002 0 2.4 1.9 13.8 1.9 13.7
2003 0 1.4 2 18.9 2.3 16
2004 0 1.4 2.3 22 2.5 15.9
2005 0 1.6 2.3 23.3 5.8 20.1
2006 0 1.6 2.4 22.7 5.3 22.1
2007 0 0.1 7.3 18.4 0 18.1
2008 0 0.1 4.3 19.7 12.4 8.8
2009 0 0.1 4.3 24.1 0 9.8
2010 0 6.1 0.8 44.5 7 24.5
2011 0 3.1 4 28.4 11 11.9
2012 0 4.1 8.8 11.6 0 10
2013 0 0.1 4 31.6 0 4.7
2014 0 0.1 11.8 43.7 7 45.2
2015 0 4.1 12 51 9.1 103.4
2016 0 4.1 4.8 34.8 7.1 150.3
2017 0 4.1 2.1 16.3 11.1 60.3
2018 0 1.1 4 26.6 30.1 111.1
2019 0 4.1 6 27.3 9.1 61
2020 0 1.1 0 24 23 31.2
2021 0 2.2 7 33.7 13 62.4
2022 0 4.3 0.8 22.3 8 56
2023 0 3.6 9.1 40.1 19.2 59.7
