Stock structure: B2F2; Model type = BC
Mortality impacts feeding grounds
Recruitment related to unfished
Straying rate: 0
Age-at-maturity: 8
Base adult survival: 0.96
Sigma for survival devs: 6
Additional variance estimated
Weight for mark-recapture proportions: 1
Weight for genetics proportions: 1


Total objective fn: 514.485007656801
Negative log-likelihood fn: 212.038259304721

Natural Survival by feeding ground
RUS+WAL,EAL+BER+WGOA,NGOA,SEA+NBC,SBC+WA,OR+CA
1970 0.96 0.96 0.96 0.96 0.96 0.96
1971 0.96 0.96 0.96 0.96 0.96 0.96
1972 0.96 0.96 0.96 0.96 0.96 0.96
1973 0.96 0.96 0.96 0.96 0.96 0.96
1974 0.96 0.96 0.96 0.96 0.96 0.96
1975 0.96 0.96 0.96 0.96 0.96 0.96
1976 0.96 0.96 0.96 0.96 0.96 0.96
1977 0.96 0.96 0.96 0.96 0.96 0.96
1978 0.96 0.96 0.96 0.96 0.96 0.96
1979 0.96 0.96 0.96 0.96 0.96 0.96
1980 0.96 0.96 0.96 0.96 0.96 0.96
1981 0.96 0.96 0.96 0.96 0.96 0.96
1982 0.96 0.96 0.96 0.96 0.96 0.96
1983 0.96 0.96 0.96 0.96 0.96 0.96
1984 0.96 0.96 0.96 0.96 0.96 0.96
1985 0.96 0.96 0.96 0.96 0.96 0.96
1986 0.96 0.96 0.96 0.96 0.96 0.96
1987 0.96 0.96 0.96 0.96 0.96 0.96
1988 0.96 0.96 0.96 0.96 0.96 0.96
1989 0.96 0.96 0.96 0.96 0.96 0.96
1990 0.96 0.96 0.96 0.96 0.96 0.96
1991 0.96 0.96 0.96 0.96 0.96 0.96
1992 0.96 0.96 0.96 0.96 0.96 0.96
1993 0.96 0.96 0.96 0.96 0.96 0.96
1994 0.96 0.96 0.96 0.96 0.96 0.96
1995 0.96 0.96 0.96 0.96 0.96 0.96
1996 0.96 0.96 0.96 0.96 0.96 0.96
1997 0.96 0.96 0.96 0.96 0.96 0.96
1998 0.96 0.96 0.96 0.96 0.96 0.96
1999 0.96 0.96 0.96 0.96 0.96 0.96
2000 0.96 0.96 0.96 0.96 0.96 0.96
2001 0.96 0.96 0.96 0.96 0.96 0.96
2002 0.96 0.96 0.96 0.96 0.96 0.96
2003 0.96 0.96 0.96 0.96 0.96 0.96
2004 0.96 0.96 0.96 0.96 0.96 0.96
2005 0.96 0.96 0.96 0.96 0.96 0.96
2006 0.96 0.96 0.96 0.96 0.96 0.96
2007 0.96 0.96 0.96 0.96 0.96 0.96
2008 0.96 0.96 0.96 0.96 0.96 0.96
2009 0.96 0.96 0.96 0.96 0.96 0.96
2010 0.96 0.96 0.96 0.96 0.96 0.96
2011 0.96 0.96 0.96 0.96 0.96 0.96
2012 0.96 0.96 0.96 0.96 0.96 0.96
2013 0.96 0.96 0.96 0.96 0.96 0.96
2014 0.96 0.96 0.96 0.96 0.96 0.96
2015 0.96 0.96 0.96 0.96 0.96 0.96
2016 0.96 0.96 0.96 0.96 0.96 0.96
2017 0.96 0.96 0.96 0.96 0.96 0.96
2018 0.96 0.96 0.96 0.96 0.96 0.96
2019 0.96 0.96 0.96 0.96 0.96 0.96
2020 0.96 0.96 0.96 0.96 0.96 0.96
2021 0.96 0.96 0.96 0.96 0.96 0.96
2022 0.96 0.96 0.96 0.96 0.96 0.96
2023 0.96 0.96 0.96 0.96 0.96 0.96

Natural Survival by breeding stock
RUS+WAL,EAL+BER+WGOA,NGOA,SEA+NBC,SBC+WA,OR+CA
1970 0.96 0.96 0.96 0.96 0.96
1971 0.96 0.96 0.96 0.96 0.96
1972 0.96 0.96 0.96 0.96 0.96
1973 0.96 0.96 0.96 0.96 0.96
1974 0.96 0.96 0.96 0.96 0.96
1975 0.96 0.96 0.96 0.96 0.96
1976 0.96 0.96 0.96 0.96 0.96
1977 0.96 0.96 0.96 0.96 0.96
1978 0.96 0.96 0.96 0.96 0.96
1979 0.96 0.96 0.96 0.96 0.96
1980 0.96 0.96 0.96 0.96 0.96
1981 0.96 0.96 0.96 0.96 0.96
1982 0.96 0.96 0.96 0.96 0.96
1983 0.96 0.96 0.96 0.96 0.96
1984 0.96 0.96 0.96 0.96 0.96
1985 0.96 0.96 0.96 0.96 0.96
1986 0.96 0.96 0.96 0.96 0.96
1987 0.96 0.96 0.96 0.96 0.96
1988 0.96 0.96 0.96 0.96 0.96
1989 0.96 0.96 0.96 0.96 0.96
1990 0.96 0.96 0.96 0.96 0.96
1991 0.96 0.96 0.96 0.96 0.96
1992 0.96 0.96 0.96 0.96 0.96
1993 0.96 0.96 0.96 0.96 0.96
1994 0.96 0.96 0.96 0.96 0.96
1995 0.96 0.96 0.96 0.96 0.96
1996 0.96 0.96 0.96 0.96 0.96
1997 0.96 0.96 0.96 0.96 0.96
1998 0.96 0.96 0.96 0.96 0.96
1999 0.96 0.96 0.96 0.96 0.96
2000 0.96 0.96 0.96 0.96 0.96
2001 0.96 0.96 0.96 0.96 0.96
2002 0.96 0.96 0.96 0.96 0.96
2003 0.96 0.96 0.96 0.96 0.96
2004 0.96 0.96 0.96 0.96 0.96
2005 0.96 0.96 0.96 0.96 0.96
2006 0.96 0.96 0.96 0.96 0.96
2007 0.96 0.96 0.96 0.96 0.96
2008 0.96 0.96 0.96 0.96 0.96
2009 0.96 0.96 0.96 0.96 0.96
2010 0.96 0.96 0.96 0.96 0.96
2011 0.96 0.96 0.96 0.96 0.96
2012 0.96 0.96 0.96 0.96 0.96
2013 0.96 0.96 0.96 0.96 0.96
2014 0.96 0.96 0.96 0.96 0.96
2015 0.96 0.96 0.96 0.96 0.96
2016 0.96 0.96 0.96 0.96 0.96
2017 0.96 0.96 0.96 0.96 0.96
2018 0.96 0.96 0.96 0.96 0.96
2019 0.96 0.96 0.96 0.96 0.96
2020 0.96 0.96 0.96 0.96 0.96
2021 0.96 0.96 0.96 0.96 0.96
2022 0.96 0.96 0.96 0.96 0.96
2023 0.96 0.96 0.96 0.96 0.96

Fecundity by feeding ground
RUS+WAL,EAL+BER+WGOA,NGOA,SEA+NBC,SBC+WA,OR+CA
1970 0.9547338 0.9559775 0.9494514 0.9454209 0.9584745 0.9657461
1971 0.9547338 0.9559775 0.9494514 0.9454209 0.9584745 0.9657461
1972 0.9547338 0.9559775 0.9494514 0.9454209 0.9584745 0.9657461
1973 0.9547338 0.9559775 0.9494514 0.9454209 0.9584745 0.9657461
1974 0.9547338 0.9559775 0.9494514 0.9454209 0.9584745 0.9657461
1975 0.9547338 0.9559775 0.9494514 0.9454209 0.9584745 0.9657461
1976 0.9547338 0.9559775 0.9494514 0.9454209 0.9584745 0.9657461
1977 0.9547338 0.9559775 0.9494514 0.9454209 0.9584745 0.9657461
1978 0.9547338 0.9559775 0.9494514 0.9454209 0.9584745 0.9657461
1979 0.9507749 0.952267 0.944137 0.9395142 0.9552831 0.9643472
1980 0.9478398 0.9486424 0.9390362 0.9338532 0.9522225 0.9630149
1981 0.9441949 0.9451638 0.9341395 0.928436 0.9492874 0.9617497
1982 0.9407167 0.9418287 0.9294432 0.9232579 0.9464743 0.960596
1983 0.9373789 0.9386288 0.9249602 0.918305 0.9437769 0.9595062
1984 0.9341947 0.9355596 0.9206576 0.9135683 0.9412326 0.9584776
1985 0.931157 0.9326139 0.9165272 0.9090472 0.9387903 0.9575044
1986 0.9282611 0.9297886 0.9125631 0.904725 0.9364517 0.9565944
1987 0.9255011 0.927092 0.9087587 0.9005938 0.9342098 0.9557385
1988 0.9218246 0.9235044 0.9036948 0.8950991 0.9311937 0.9545623
1989 0.9175307 0.9190917 0.8975183 0.8883703 0.9275176 0.9530909
1990 0.9124612 0.9139333 0.8903414 0.880555 0.9232077 0.9513621
1991 0.9067176 0.9081042 0.8822449 0.8717564 0.9183239 0.9494111
1992 0.9003525 0.9016743 0.8733577 0.8621035 0.9129691 0.9472324
1993 0.8934548 0.8947062 0.8637428 0.8516275 0.9071646 0.944899
1994 0.8860704 0.887258 0.8535314 0.8405579 0.9009557 0.9424259
1995 0.8782803 0.8793873 0.8427507 0.8290748 0.8944341 0.93984
1996 0.8701389 0.871153 0.8314946 0.8169275 0.8875985 0.9371711
1997 0.8614352 0.8623311 0.8194633 0.8037523 0.8803073 0.934283
1998 0.852064 0.8527663 0.8064404 0.7896475 0.8724143 0.9310949
1999 0.8418533 0.8423082 0.7922761 0.7743813 0.8637537 0.9277122
2000 0.8307066 0.8308516 0.7768107 0.7578863 0.8542629 0.9239991
2001 0.8185317 0.8183054 0.7599817 0.7396951 0.8438758 0.9198884
2002 0.80007 0.8394887 0.7015563 0.7618457 0.8629178 0.9410446
2003 0.7590765 0.8488262 0.1388771 0.7070672 0.8473508 0.924151
2004 0.7813803 0.8348996 0.1422698 0.7841932 0.8328779 0.9177249
2005 0.7748968 0.8150004 0.7391493 0.1413717 0.8168011 0.8601195
2006 0.7705746 0.7795362 0.6825678 0.7318543 0.8082475 0.1373543
2007 0.7336314 0.7806165 0.6806953 0.6458717 0.7779503 0.913049
2008 0.7498299 0.742501 0.5927018 0.7740895 0.7903129 0.1376019
2009 0.7079212 0.1522789 0.1436985 0.2838457 0.7695361 0.5346756
2010 0.7176401 0.6309868 0.1470737 0.1629154 0.7640163 0.8513334
2011 0.6751277 0.4303287 0.1462614 0.1371456 0.6783115 0.1445775
2012 0.629076 0.1375106 0.1375088 0.1371166 0.6874243 0.848747
2013 0.5547281 0.1371735 0.137271 0.1371165 0.642762 0.8447564
2014 0.1428706 0.1371332 0.1371421 0.1371166 0.6177681 0.8670558
2015 0.1383653 0.1371626 0.1371656 0.1371166 0.1407868 0.85982
2016 0.1380243 0.1371204 0.1371416 0.1371165 0.1418751 0.8474779
2017 0.1374995 0.1371331 0.1371532 0.1371166 0.1413956 0.8240302
2018 0.137535 0.1371433 0.1372507 0.1371165 0.1382409 0.8179932
2019 0.1386333 0.1371749 0.1373233 0.1371165 0.3383991 0.8155238
2020 0.1403684 0.1371358 0.1381206 0.1372045 0.5432721 0.8029933
2021 0.288751 0.4674629 0.4319121 0.3075476 0.5359366 0.6333706
2022 0.1626599 0.3838578 0.4232809 0.2887391 0.3805443 0.7729861
2023 0.2247212 0.2509299 0.3680476 0.2629805 0.1397489 0.722863

Total abundance: Estimate SD_log
1970 882.6171 NaN
1971 1063.474 NaN
1972 1248.136 NaN
1973 1422.148 NaN
1974 1592.559 NaN
1975 1754.906 NaN
1976 1910.183 NaN
1977 2058.577 NaN
1978 2200.459 NaN
1979 2335.994 NaN
1980 2516.861 NaN
1981 2737.625 NaN
1982 2995.375 NaN
1983 3285.83 NaN
1984 3605.689 0.005047101
1985 3951.688 0.01226333
1986 4321.031 0.01583324
1987 4709.384 0.01816069
1988 5112.952 0.01978798
1989 5545.415 0.02102491
1990 6016.788 0.02197784
1991 6529.902 0.02269613
1992 7088.597 0.02319107
1993 7697.012 0.0234653
1994 8362.234 0.02351761
1995 9080.78 0.02338776
1996 9854.168 0.02310832
1997 10679.38 0.02272842
1998 11561.28 0.02228542
1999 12497.78 0.021838
2000 13492.48 0.0214404
2001 14558.6 0.02114496
2002 15688.33 0.0210508
2003 16946.01 0.02052663
2004 18087.64 0.01818976
2005 19405.26 0.01738342
2006 20326.8 0.0189368
2007 21738.96 0.02106386
2008 23434.91 0.02249588
2009 25073.83 0.02479969
2010 25313.67 0.02988463
2011 26247.14 0.03276243
2012 26603.83 0.03288925
2013 26927.6 0.03146165
2014 27278.06 0.03072757
2015 27432.01 0.02964113
2016 27361.22 0.02886804
2017 27434.85 0.02812113
2018 27647.68 0.02740049
2019 27794.58 0.02679299
2020 28172.54 0.02698072
2021 28609.76 0.02727035
2022 30541.06 0.07757927
2023 32147.5 0.1048525
2024 33146.27 0.1409322

Breeding stock abundance: Estimate SD_log Estimate/K
Asia
1970 58.13562 0.04486949 2.499443
1971 70.55221 0.05567591 3.033274
1972 82.55987 0.06131237 3.549523
1973 91.6679 0.06626823 3.941108
1974 102.6613 0.06857307 4.413752
1975 113.1192 0.07027397 4.863368
1976 123.1587 0.07154724 5.295004
1977 132.7008 0.07258602 5.70525
1978 141.7653 0.0734653 6.094962
1979 150.3713 0.07423227 6.464961
1980 161.9002 0.07527279 6.960626
1981 175.3108 0.07662613 7.537194
1982 191.1266 0.07781865 8.217169
1983 209.0808 0.07878311 8.98908
1984 228.8568 0.07953645 9.839314
1985 250.3232 0.08006603 10.76222
1986 273.1699 0.08044042 11.74448
1987 297.2991 0.08066707 12.78188
1988 322.4305 0.08080788 13.86236
1989 349.2194 0.08085456 15.0141
1990 378.0748 0.08082415 16.25469
1991 409.3705 0.08070414 17.6002
1992 443.5545 0.08045687 19.06988
1993 480.8136 0.08009016 20.67178
1994 521.3266 0.07961137 22.41356
1995 565.2174 0.07903669 24.30058
1996 612.5211 0.07839813 26.33432
1997 663.2123 0.07773467 28.5137
1998 717.2996 0.07708896 30.8391
1999 774.8878 0.07649944 33.315
2000 836.2444 0.07600224 35.95293
2001 901.5074 0.07565699 38.7588
2002 970.9561 0.07552119 41.74463
2003 1044.381 0.07560686 44.90141
2004 1118.732 0.07347131 48.09802
2005 1203.21 0.07367037 51.72998
2006 1293.655 0.07585031 55.61854
2007 1390.326 0.079123 59.77476
2008 1487.799 0.08499996 63.96544
2009 1596.215 0.08910532 68.6266
2010 1688.098 0.09643753 72.57696
2011 1804.35 0.1019269 77.57503
2012 1912.46 0.1083183 82.223
2013 2006.013 0.122175 86.24516
2014 2074.859 0.1504457 89.20509
2015 2044.546 0.1491885 87.90183
2016 1948.589 0.151896 83.77631
2017 1917.798 0.15005 82.45253
2018 1892.305 0.1482 81.3565
2019 1867.666 0.1468967 80.29717
2020 1860.573 0.1453543 79.99224
2021 1837.07 0.1474095 78.98174
2022 1909.787 0.2612407 82.10811
2023 1912.11 0.3654953 82.20799
Hawaii
1970 578.1114 NaN 3.822455
1971 700.8483 NaN 4.633987
1972 823.5835 NaN 5.445508
1973 941.1156 NaN 6.222626
1974 1054.574 NaN 6.97281
1975 1163.216 NaN 7.691147
1976 1267.249 NaN 8.37901
1977 1366.876 NaN 9.037742
1978 1462.245 NaN 9.66832
1979 1553.618 NaN 10.27247
1980 1675.057 NaN 11.07543
1981 1823.604 0.005084675 12.05761
1982 1996.684 0.01441925 13.20201
1983 2191.596 0.01929052 14.49077
1984 2406.221 0.02261493 15.90986
1985 2638.024 0.02499947 17.44253
1986 2885.84 0.02672997 19.08108
1987 3146.253 0.02800137 20.80292
1988 3416.643 0.02894377 22.59073
1989 3707.027 0.02965943 24.51075
1990 4023.784 0.0301884 26.60513
1991 4367.486 0.03056766 28.87768
1992 4742.104 0.03079025 31.35464
1993 5149.178 0.03086256 34.0462
1994 5594.28 0.03077363 36.9892
1995 6073.379 0.03057445 40.15699
1996 6588.299 0.03028919 43.56162
1997 7135.67 0.02996892 47.18083
1998 7719.954 0.02963784 51.04409
1999 8338.872 0.02935267 55.13636
2000 8994.576 0.02916209 59.47186
2001 9694.634 0.02910636 64.10062
2002 10433.95 0.02927096 68.98898
2003 11258.56 0.02888567 74.44122
2004 11967.45 0.0256487 79.12838
2005 12809.34 0.02494219 84.69496
2006 13246.42 0.02522485 87.5849
2007 14340.77 0.02800454 94.82072
2008 15423.56 0.0296668 101.9801
2009 16690.19 0.03134283 110.355
2010 16715.52 0.03667856 110.5225
2011 17037.81 0.03736778 112.6535
2012 17187.41 0.03668969 113.6426
2013 17088.22 0.03561979 112.9868
2014 17008.36 0.03444743 112.4587
2015 16872.87 0.03375872 111.5629
2016 16700.89 0.0332705 110.4258
2017 16600.27 0.03275581 109.7604
2018 16570.34 0.03223093 109.5626
2019 16519.93 0.03180549 109.2293
2020 16541.78 0.03216791 109.3737
2021 16626.78 0.0323059 109.9358
2022 17830.79 0.100597 117.8966
2023 18734.56 0.1361008 123.8723
MX_AR
1970 92.25072 NaN 1.600865
1971 111.6341 NaN 1.937232
1972 131.4599 0.01671298 2.281279
1973 150.2732 0.02726865 2.607753
1974 168.7369 0.03276623 2.928161
1975 186.4 0.03625127 3.234677
1976 203.3262 0.0386889 3.528404
1977 219.5495 0.04049601 3.809933
1978 235.1008 0.04188924 4.079802
1979 250.0098 0.04299626 4.338523
1980 269.824 0.04491084 4.682367
1981 294.0443 0.04708212 5.102672
1982 322.3502 0.04916897 5.593875
1983 354.3185 0.05099678 6.148635
1984 389.5817 0.05251472 6.760571
1985 427.7988 0.05373361 7.423769
1986 468.6361 0.05469256 8.132435
1987 511.7271 0.05543507 8.880212
1988 556.7656 0.05600252 9.661783
1989 604.9586 0.05646486 10.4981
1990 657.3733 0.05684145 11.40767
1991 714.6206 0.05713228 12.40111
1992 777.1881 0.05733687 13.48687
1993 845.5808 0.05744837 14.67371
1994 920.2792 0.05746925 15.96998
1995 1001.318 0.05740756 17.37628
1996 1088.804 0.05728059 18.89447
1997 1182.653 0.05710771 20.52307
1998 1283.17 0.05691047 22.26737
1999 1390.191 0.05671366 24.12456
2000 1504.537 0.05653721 26.10884
2001 1627.271 0.05640353 28.23871
2002 1758.006 0.05635119 30.5074
2003 1903.036 0.05615536 33.02418
2004 2042.187 0.05633614 35.43892
2005 2194.849 0.0565906 38.08812
2006 2357.861 0.05723886 40.91693
2007 2527.351 0.05843566 43.85816
2008 2728.681 0.05973058 47.35193
2009 2916.763 0.06248075 50.61579
2010 2919.124 0.06642444 50.65677
2011 3083.639 0.07414802 53.51166
2012 3168.498 0.07968853 54.98425
2013 3184.622 0.07745208 55.26406
2014 3206.876 0.07536628 55.65025
2015 3207.276 0.07393538 55.65718
2016 3200.097 0.07280131 55.53261
2017 3201.878 0.0717245 55.56351
2018 3216.403 0.07069888 55.81557
2019 3226.76 0.06982987 55.9953
2020 3255.786 0.06908946 56.499
2021 3293.687 0.06947651 57.15671
2022 3562.6 0.1067399 61.82327
2023 3766.197 0.1419378 65.35638
MX_ML
1970 122.8212 NaN 0.6851477
1971 144.404 NaN 0.8055455
1972 168.5554 NaN 0.940272
1973 191.4379 NaN 1.06792
1974 213.6083 0.009793843 1.191596
1975 234.3066 0.0187693 1.307059
1976 253.9508 0.02350378 1.416643
1977 272.5658 0.02671198 1.520485
1978 290.3088 0.02908327 1.619463
1979 307.1204 0.03093834 1.713245
1980 329.8692 0.03398501 1.840147
1981 357.8212 0.03734056 1.996076
1982 390.5678 0.04051394 2.17875
1983 427.4865 0.04328618 2.384697
1984 468.0964 0.0456186 2.611236
1985 512.1128 0.0475349 2.856778
1986 558.9124 0.04910728 3.117846
1987 608.0607 0.05039204 3.392015
1988 659.0583 0.0514516 3.676501
1989 713.4543 0.05238842 3.979945
1990 772.7981 0.05322524 4.310989
1991 838.1072 0.05394511 4.675311
1992 908.8033 0.05460569 5.069683
1993 986.1727 0.05515717 5.501281
1994 1070.969 0.05559072 5.974313
1995 1163.376 0.05589907 6.489793
1996 1263.17 0.0561105 7.046488
1997 1370.581 0.05622687 7.64567
1998 1485.778 0.05627854 8.288286
1999 1608.823 0.05627677 8.974685
2000 1740.163 0.05625444 9.707352
2001 1882.98 0.05618151 10.50405
2002 2035.391 0.05612327 11.35426
2003 2207.084 0.05593274 12.31203
2004 2381.326 0.0559879 13.28402
2005 2571.092 0.05602534 14.34262
2006 2755.032 0.05690796 15.36871
2007 2822.881 0.05904772 15.7472
2008 3071.548 0.05890989 17.13437
2009 3159.153 0.0615783 17.62307
2010 3241.457 0.06793907 18.0822
2011 3493.146 0.06587527 19.48622
2012 3518.644 0.06894256 19.62846
2013 3731.818 0.06433877 20.81763
2014 3963.362 0.06066136 22.10928
2015 4176.471 0.05783566 23.29809
2016 4308.038 0.05621641 24.03203
2017 4440.934 0.05532184 24.77338
2018 4610.297 0.05487815 25.71815
2019 4750.525 0.05527088 26.5004
2020 4977.472 0.05624992 27.76641
2021 5209.173 0.05682426 29.05893
2022 5518.727 0.0866554 30.78575
2023 5888.666 0.08868693 32.84943
Central_Am
1970 31.29818 0.03757924 1.432756
1971 36.03509 0.04647368 1.6496
1972 41.97718 0.05423837 1.921615
1973 47.65318 0.05892329 2.181448
1974 52.97847 0.06218255 2.425227
1975 57.86421 0.06440086 2.648885
1976 62.4981 0.06607578 2.861013
1977 66.88436 0.06738 3.061806
1978 71.03855 0.06841949 3.251975
1979 74.87469 0.06935082 3.427584
1980 80.20974 0.07101523 3.67181
1981 86.84528 0.07299009 3.975569
1982 94.64641 0.07500402 4.332686
1983 103.3475 0.07693359 4.730999
1984 112.933 0.07862747 5.169804
1985 123.4298 0.08008404 5.650318
1986 134.473 0.08135957 6.155854
1987 146.0441 0.08243154 6.685549
1988 158.0548 0.08333253 7.235369
1989 170.7553 0.08418754 7.816771
1990 184.7576 0.0849726 8.45776
1991 200.3174 0.0857004 9.170051
1992 216.9473 0.08640066 9.931329
1993 235.2664 0.08701617 10.76993
1994 255.3787 0.08757577 11.69063
1995 277.4902 0.08803272 12.70284
1996 301.3744 0.08842072 13.7962
1997 327.2585 0.08871944 14.98111
1998 355.0819 0.08896193 16.2548
1999 385.0045 0.08913238 17.62459
2000 416.9621 0.08926987 19.08753
2001 452.2086 0.08936116 20.70103
2002 490.0262 0.08941178 22.43223
2003 532.9542 0.08951019 24.39737
2004 577.9507 0.08957267 26.4572
2005 626.7711 0.08961604 28.69208
2006 673.8293 0.09073215 30.84629
2007 657.6312 0.09087376 30.10478
2008 723.3192 0.09061406 33.11182
2009 711.5067 0.09105074 32.57107
2010 749.4707 0.1117256 34.30897
2011 828.1999 0.1027752 37.91301
2012 816.8269 0.1013348 37.39238
2013 916.9239 0.09642578 41.97458
2014 1024.599 0.0936441 46.90368
2015 1130.847 0.09179826 51.76745
2016 1203.602 0.09102313 55.09804
2017 1273.974 0.09089426 58.3195
2018 1358.334 0.09142432 62.18126
2019 1429.698 0.09251933 65.44816
2020 1536.929 0.09380641 70.35693
2021 1643.046 0.09501017 75.21471
2022 1719.153 0.1328258 78.69871
2023 1845.967 0.1245694 84.50395

Feeding stock abundance: Estimate SD_log Estimate/K
RUS+WAL
1970 83.24623 0.07473323 2.10975
1971 101.983 0.08155801 2.584604
1972 119.8747 0.08536162 3.038042
1973 133.1251 0.09032062 3.373855
1974 149.5871 0.09169073 3.791058
1975 165.3846 0.09265479 4.191422
1976 180.4547 0.09340401 4.573351
1977 194.8315 0.09401576 4.93771
1978 208.5379 0.09453416 5.285076
1979 221.6005 0.09498763 5.616128
1980 239.0006 0.09563963 6.057107
1981 259.3232 0.09667187 6.572153
1982 283.3162 0.09751677 7.18022
1983 310.4999 0.09816456 7.869149
1984 340.6249 0.09858815 8.632623
1985 373.2706 0.09884232 9.459978
1986 408.2199 0.09894184 10.34572
1987 445.0895 0.09894258 11.28012
1988 483.6215 0.09887317 12.25665
1989 524.815 0.0987191 13.30064
1990 569.1673 0.09852873 14.42468
1991 617.4933 0.09825272 15.64943
1992 670.249 0.09788722 16.98644
1993 727.8708 0.09742291 18.44678
1994 790.6463 0.09686876 20.03773
1995 858.7716 0.09624298 21.76426
1996 932.3182 0.09557634 23.62819
1997 1011.177 0.09491249 25.62676
1998 1095.538 0.09428004 27.76474
1999 1185.634 0.09371614 30.04809
2000 1281.721 0.09326473 32.48327
2001 1384.249 0.09296869 35.08169
2002 1493.403 0.09290173 37.84804
2003 1608.364 0.09304781 40.76154
2004 1723.722 0.0907658 43.68513
2005 1855.971 0.09058959 47.03678
2006 1998.226 0.09328258 50.64202
2007 2151.537 0.09666692 54.52745
2008 2305.483 0.1026443 58.42898
2009 2478.711 0.1067633 62.81917
2010 2649.499 0.113929 67.14753
2011 2839.013 0.1193195 71.95048
2012 3024.051 0.1276758 76.63998
2013 3189.752 0.141805 80.83942
2014 3358.213 0.1686119 85.10882
2015 3239.398 0.1703672 82.09764
2016 3183.944 0.168202 80.69224
2017 3136.712 0.1660074 79.49521
2018 3094.272 0.1640034 78.41964
2019 3071.334 0.1616978 77.83831
2020 3036.443 0.1610788 76.95404
2021 3010.75 0.1625249 76.30289
2022 3127.69 0.2829504 79.26656
2023 3129.758 0.3939963 79.31896
EAL+BER+WGOA
1970 257.0437 NaN 2.005034
1971 310.1999 0.007575956 2.419671
1972 364.9357 0.0289414 2.84663
1973 418.4272 0.03669419 3.263883
1974 469.712 0.04125064 3.663923
1975 518.9161 0.04429999 4.047732
1976 566.1121 0.04649222 4.415879
1977 611.4086 0.04814589 4.769208
1978 654.8532 0.04943705 5.108091
1979 696.5198 0.05047257 5.433106
1980 751.6866 0.05228371 5.863427
1981 819.5403 0.05434803 6.39271
1982 898.8625 0.05633726 7.011452
1983 988.4966 0.0580891 7.71063
1984 1087.369 0.0595521 8.481874
1985 1194.519 0.06073345 9.317677
1986 1309.051 0.06166588 10.21107
1987 1430.079 0.06239043 11.15514
1988 1556.799 0.06294759 12.1436
1989 1692.255 0.06340586 13.2002
1990 1839.433 0.06377295 14.34824
1991 2000.249 0.0640593 15.60266
1992 2176.518 0.06425414 16.97763
1993 2369.442 0.06435489 18.4825
1994 2580.037 0.0643593 20.12522
1995 2808.779 0.06427776 21.90949
1996 3056.022 0.06412249 23.83807
1997 3321.678 0.06391421 25.91029
1998 3606.404 0.06367208 28.13125
1999 3909.407 0.06344527 30.49478
2000 4234.043 0.06321667 33.02706
2001 4582.537 0.06300202 35.74544
2002 4954.802 0.06285594 38.64924
2003 5376.435 0.06252019 41.93814
2004 5844.79 0.06196665 45.59147
2005 6342.203 0.06152344 49.47147
2006 6864.42 0.06224819 53.54496
2007 7395.276 0.06434476 57.68582
2008 7975.687 0.06657712 62.21324
2009 8559.218 0.07071763 66.76499
2010 8413.867 0.07959223 65.6312
2011 8968.259 0.09384588 69.95566
2012 9269.133 0.1045074 72.30258
2013 9120.727 0.1024934 71.14496
2014 9001.581 0.10035 70.21558
2015 8903.467 0.09808824 69.45026
2016 8831.626 0.09582313 68.88987
2017 8785.84 0.09350279 68.53272
2018 8764.786 0.09116859 68.36849
2019 8742.5 0.08904025 68.19466
2020 8736.424 0.08704562 68.14726
2021 8747.456 0.08771797 68.23331
2022 9620.687 0.1469706 75.04483
2023 10221.81 0.2057565 79.7338
NGOA
1970 94.16316 0.05971242 2.746268
1971 116.02 0.06818563 3.383722
1972 136.998 0.07260904 3.995546
1973 157.1366 0.07529344 4.582889
1974 176.4512 0.07707742 5.146197
1975 194.9885 0.07834093 5.686839
1976 212.6838 0.07931368 6.202921
1977 229.671 0.08006272 6.698353
1978 245.9741 0.08065592 7.173833
1979 261.6205 0.08113632 7.630159
1980 282.4467 0.08191148 8.237556
1981 307.9489 0.08276315 8.981328
1982 337.5654 0.08357046 9.845093
1983 370.864 0.08425584 10.81625
1984 407.5145 0.08477995 11.88516
1985 447.0576 0.08516986 13.03843
1986 489.2539 0.08542525 14.26909
1987 533.5919 0.0856028 15.5622
1988 579.985 0.0856894 16.91526
1989 629.4662 0.08571155 18.35838
1990 683.0252 0.08565589 19.92043
1991 741.3792 0.08552036 21.62232
1992 804.9836 0.08531166 23.47734
1993 874.2962 0.08502314 25.49884
1994 949.4583 0.08467227 27.69094
1995 1030.633 0.0842677 30.0584
1996 1117.815 0.08382761 32.60106
1997 1210.777 0.08338139 35.31231
1998 1309.511 0.08295051 38.19187
1999 1414.288 0.08254388 41.2477
2000 1525.377 0.08217673 44.48761
2001 1642.868 0.08187878 47.91423
2002 1766.689 0.08168962 51.52548
2003 1885.959 0.06809201 55.00397
2004 1849.607 0.06791767 53.94376
2005 1818.979 0.06849884 53.0505
2006 2001.607 0.07244513 58.37686
2007 2176.593 0.0811255 63.48033
2008 2359.744 0.08707342 68.82191
2009 2521.501 0.1062327 73.53957
2010 2484.215 0.1071095 72.4521
2011 2458.515 0.1111797 71.70257
2012 2435.482 0.1130086 71.03081
2013 2402.579 0.1110846 70.07119
2014 2373.63 0.1090336 69.22691
2015 2346.09 0.1073412 68.42369
2016 2326.208 0.1058959 67.84384
2017 2321.418 0.1043921 67.70413
2018 2325.833 0.1039583 67.8329
2019 2326.954 0.1038057 67.86561
2020 2324.803 0.1042078 67.80285
2021 2328.209 0.1048279 67.90221
2022 2527.023 0.1735903 73.7006
2023 2713.198 0.2078964 79.13041
SEA+NBC
1970 314.9235 NaN 3.298017
1971 379.7758 0.003798667 3.977179
1972 444.7156 0.02597858 4.657257
1973 506.962 0.03333985 5.309128
1974 566.4692 0.03768253 5.932314
1975 623.3975 0.04060953 6.528493
1976 677.8501 0.04273274 7.098744
1977 729.9326 0.04435141 7.644175
1978 779.6372 0.04563639 8.164703
1979 827.1548 0.04668174 8.662329
1980 890.3888 0.04832931 9.324542
1981 967.6573 0.05015009 10.13373
1982 1057.57 0.0518651 11.07534
1983 1158.546 0.05335563 12.1328
1984 1269.506 0.05457793 13.29483
1985 1389.094 0.0555554 14.5472
1986 1516.981 0.05629395 15.88649
1987 1650.704 0.05688841 17.2869
1988 1788.334 0.05740194 18.72821
1989 1936.837 0.05775723 20.28341
1990 2099.688 0.05795795 21.98886
1991 2275.341 0.05811643 23.82837
1992 2465.868 0.05821499 25.82365
1993 2671.522 0.05827508 27.97735
1994 2897.199 0.0582181 30.34074
1995 3138.062 0.058175 32.86316
1996 3395.743 0.05813441 35.56171
1997 3666.882 0.05817133 38.4012
1998 3955.397 0.0582503 41.42266
1999 4259.387 0.05844078 44.60618
2000 4578.417 0.05878955 47.94719
2001 4918.363 0.05927019 51.50726
2002 5274.231 0.06000329 55.23407
2003 5684.521 0.0610358 59.53081
2004 6076.948 0.05398275 63.64047
2005 6577.787 0.05282416 68.88548
2006 6440.54 0.05023759 67.44817
2007 6992.877 0.05591017 73.23248
2008 7485.625 0.05970222 78.39275
2009 8186.262 0.05918831 85.73014
2010 8236.619 0.06756558 86.2575
2011 8110.792 0.05769863 84.93978
2012 7982.732 0.05777158 83.59868
2013 7891.324 0.05751431 82.64142
2014 7801.901 0.0574224 81.70493
2015 7701.194 0.05740862 80.65028
2016 7619.513 0.05753564 79.79489
2017 7576.15 0.05770184 79.34077
2018 7579.849 0.05774969 79.37951
2019 7574.583 0.05789024 79.32436
2020 7564.176 0.05808223 79.21537
2021 7553.56 0.058254 79.1042
2022 7916.062 0.1995748 82.90048
2023 8223.653 0.2682293 86.1217
SBC+WA
1970 33.0737 0.08096719 1.666101
1971 40.67261 0.08851924 2.048899
1972 47.96017 0.09270389 2.416013
1973 54.9488 0.09534355 2.768068
1974 61.64686 0.09714736 3.105486
1975 68.06949 0.09845401 3.429028
1976 74.22768 0.09944148 3.739249
1977 80.04311 0.1003322 4.032204
1978 85.61143 0.1010526 4.31271
1979 90.94955 0.1016457 4.58162
1980 98.13093 0.1025437 4.943385
1981 106.984 0.1035263 5.389363
1982 117.2461 0.1045321 5.906318
1983 128.8749 0.105379 6.492123
1984 141.725 0.1060456 7.139452
1985 155.5458 0.106624 7.835684
1986 170.3295 0.1070495 8.580418
1987 185.9579 0.1073472 9.367706
1988 202.2339 0.1075923 10.18762
1989 219.6947 0.1077366 11.06721
1990 238.5885 0.1078317 12.01899
1991 259.2098 0.1078544 13.0578
1992 281.9081 0.107744 14.20123
1993 306.7404 0.1075395 15.45217
1994 333.85 0.1072309 16.81783
1995 363.3226 0.1068178 18.30252
1996 395.1938 0.1063125 19.90805
1997 429.4679 0.1057245 21.63462
1998 466.6298 0.1049757 23.50666
1999 506.2202 0.1042158 25.50104
2000 548.2591 0.1034627 27.61877
2001 593.6499 0.1025809 29.90536
2002 642.2182 0.1016538 32.352
2003 697.0505 0.1008674 35.1142
2004 754.9192 0.09996341 38.02936
2005 816.2961 0.09887867 41.12124
2006 878.4196 0.09834177 44.25074
2007 946.0065 0.09768224 47.65546
2008 1020.67 0.09634906 51.41665
2009 1091.744 0.09610499 54.99702
2010 1178.562 0.0950066 59.37052
2011 1264.755 0.09465037 63.71255
2012 1338.426 0.09482387 67.42376
2013 1432.98 0.09441566 72.18694
2014 1524.342 0.09562767 76.78936
2015 1610.833 0.09717823 81.14635
2016 1574.709 0.09702597 79.32658
2017 1544.919 0.09689567 77.82592
2018 1515.818 0.09712533 76.35992
2019 1471.978 0.09840574 74.15151
2020 1524.868 0.1436451 76.81584
2021 1650.423 0.1364265 83.14073
2022 1792.537 0.1356924 90.29976
2023 1878.208 0.1611315 94.61546
OR+CA
1970 97.86686 NaN 0.8440544
1971 112.4224 NaN 0.9695885
1972 131.0518 NaN 1.130258
1973 148.7479 NaN 1.282879
1974 165.5927 NaN 1.428157
1975 180.9497 NaN 1.560604
1976 195.4544 NaN 1.6857
1977 209.1898 NaN 1.804161
1978 222.0451 NaN 1.915032
1979 234.1486 NaN 2.019418
1980 250.907 NaN 2.163951
1981 271.6715 NaN 2.343035
1982 296.0146 NaN 2.552983
1983 323.4485 NaN 2.789587
1984 353.5488 NaN 3.049188
1985 386.4016 NaN 3.332527
1986 421.1962 NaN 3.632613
1987 457.561 NaN 3.946242
1988 495.1782 0.009416029 4.270673
1989 535.1461 0.01402435 4.615377
1990 579.1849 0.01728635 4.99519
1991 628.0302 0.01987057 5.416457
1992 680.3703 0.02202848 5.867866
1993 737.8408 0.02379999 6.36352
1994 801.2438 0.02520644 6.910341
1995 870.812 0.02628175 7.510333
1996 946.1771 0.02707725 8.160321
1997 1027.693 0.02762246 8.863352
1998 1115.504 0.02796627 9.62068
1999 1209.742 0.0281511 10.43344
2000 1310.566 0.02821409 11.303
2001 1422.134 0.0281071 12.26522
2002 1541.79 0.02793043 13.29719
2003 1677.883 0.02779966 14.47093
2004 1820.257 0.02763994 15.69884
2005 1974.525 0.02737546 17.02933
2006 2123.682 0.03154297 18.31573
2007 2055.968 0.03204636 17.73173
2008 2266.002 0.03074807 19.54317
2009 2212.593 0.03206489 19.08254
2010 2325.808 0.08115444 20.05897
2011 2577.51 0.06482683 22.22978
2012 2525.11 0.06236441 21.77785
2013 2848.838 0.05116771 24.56985
2014 3197.688 0.04320888 27.57851
2015 3541.925 0.03677186 30.54739
2016 3795.92 0.03269312 32.73798
2017 4041.112 0.03056843 34.85264
2018 4334.323 0.03040568 37.38144
2019 4587.735 0.03394738 39.567
2020 4929.825 0.03776026 42.51736
2021 5272.86 0.04051235 45.47587
2022 5511.762 0.1040623 47.53628
2023 5925.072 0.09179793 51.10089

Parameters: Estimate  Std. Error      z value    Pr(>|z^2|)
rval 0.09109666 NaN NaN NaN
logK 7.75188059 0.62465545 12.4098503 0
logK 9.62404405 0.20806342 46.25534022 0
logK 8.65913627 0.71770987 12.06495359 0
logK 9.79402063 0.43850969 22.33478725 0
logK 7.68913046 0.89964566 8.54684323 0
logBK 3.66379001 0.69475973 5.2734634 1.3e-07
logBK 3.22530315 0.24948855 12.92765987 0
logBK 4.11848806 0.74351871 5.53918553 3e-08
logBK 4.976416 0.46610766 10.67653774 0
logBK 4.23113946 0.91771709 4.61050522 4.02e-06
MixPars -2.14623734 0.30593167 -7.01541418 0
MixPars -2.84501746 0.21246647 -13.39043042 0
MixPars -0.60429044 0.1227379 -4.92342181 8.5e-07
MixPars -1.32371646 0.11106771 -11.91810365 0
MixPars -2.64098766 0.14353373 -18.39976977 0
MixPars -1.82908783 0.25089685 -7.29019846 0
MixPars -1.71659564 0.21713392 -7.90569988 0
MixPars -1.79781167 0.28835913 -6.23462722 0
MixPars -3.36180623 0.28682783 -11.72064187 0
MixPars -2.07366555 0.2534546 -8.18160562 0
MixPars -1.73779131 0.3753159 -4.63020962 3.65e-06
MixPars -1.88979952 0.32968123 -5.73220234 1e-08
MixPars -1.40909721 0.4200606 -3.35450932 0.00079506
MixPars -1.42465137 0.23363638 -6.09772913 0
MixPars 0.62846701 0.17235401 3.64637294 0.00026597
MixPars -2.68023643 0.26858898 -9.97895168 0
AddV 0.14438747 0.06056566 2.38398263 0.01712641
AddV 0.01299459 0.00410667 3.16426077 0.00155477
AddV 0.05707751 0.03665248 1.55726206 0.11940828
omega_sst -0.17433275 0.20578328 -0.84716671 0.39690221
omega_chl -0.87813849 0.8107171 -1.08316266 0.27873623
Kdev -0.03017599 1.11866449 -0.02697501 0.97847966
Kdev -0.14911093 1.37907402 -0.10812395 0.91389737
Kdev 0.03166426 1.07339344 0.02949921 0.97646645
Kdev 0.08218067 0.98414008 0.08350505 0.93344996
Kdev 0.14734633 0.91357761 0.16128496 0.87186897
Kdev 0.04952005 0.91820601 0.05393131 0.95698989
Kdev 0.21717799 0.94886734 0.22888129 0.81896118
Kdev 0.10618313 0.93008086 0.11416548 0.90910661
Kdev 0.23895219 0.9403777 0.25410236 0.79941648
Kdev 0.14345611 0.91492718 0.15679511 0.87540633
Kdev 0.06105434 0.98410253 0.06204063 0.95053048
Kdev -0.06093994 1.1075845 -0.05502058 0.95612207
Kdev -0.49147662 0.24332133 -2.01986661 0.04339723
Kdev -0.46223308 0.21970396 -2.10389048 0.035388
Kdev -0.42518553 0.21616472 -1.96695156 0.0491888
Kdev -0.38521293 0.22761642 -1.69237761 0.090574
Kdev -0.34255812 0.2464158 -1.39016298 0.16447939
Kdev -0.28920049 0.28074776 -1.03010792 0.30295935
Kdev -0.23665511 0.32426407 -0.7298222 0.46549887
Kdev -0.01278299 1.00023439 -0.01277999 0.98980332
Kdev -0.11455403 1.0055618 -0.11392043 0.90930087
Kdev -0.07913924 1.00264524 -0.07893045 0.93708795
Kdev 0.01903503 1.00066057 0.01902247 0.98482318
Kdev -0.1102085 1.00874292 -0.10925331 0.91300158
Kdev -0.0626818 1.01067934 -0.06201947 0.95054732
Kdev -0.0203556 1.00316455 -0.02029139 0.98381092
Kdev -0.06705318 1.00213364 -0.06691042 0.94665302
Kdev -0.07620621 1.00795661 -0.07560465 0.93973364
Kdev -0.18574916 1.02348115 -0.18148762 0.85598485
Kdev -0.31200658 1.05849979 -0.29476301 0.76817493
Kdev -0.22217761 1.03953764 -0.21372733 0.8307597
Kdev 0.26252366 0.80744418 0.32512917 0.74508331
Kdev 0.4784344 0.89374114 0.53531652 0.592431
Kdev 0.44560997 0.84475232 0.5275037 0.59784385
Kdev 0.37257253 0.83834376 0.44441498 0.65674258
Kdev 0.21551747 0.81805924 0.26344971 0.79220398
Kdev 0.32528982 0.95269976 0.34144001 0.73277236
Kdev 0.19774997 0.94958761 0.20824827 0.83503512
Kdev -0.63398901 0.17018931 -3.7251988 0.00019516
Kdev -0.05646292 0.96107572 -0.05874971 0.95315146
Kdev -0.35505696 0.83594522 -0.42473712 0.67102832
Kdev -0.55385746 0.11746418 -4.71511803 2.42e-06
Kdev -0.51900827 0.10625714 -4.88445528 1.04e-06
Kdev -0.48038492 0.10111496 -4.75087888 2.03e-06
Kdev -0.43924204 0.09690536 -4.53269065 5.82e-06
Kdev -0.39684574 0.09845132 -4.03088288 5.557e-05
Kdev -0.35195827 0.10156873 -3.4652229 0.00052979
Kdev -0.36302564 0.10637662 -3.41264515 0.00064336
Kdev -0.31987964 0.12401882 -2.57928306 0.00990056
Kdev -0.29838245 0.16194517 -1.84249061 0.06540342
Kdev 0.17484913 1.02206132 0.17107499 0.8641648
Kdev -0.00515354 1.00031096 -0.00515194 0.99588937
Kdev -0.19506724 1.02516972 -0.19027799 0.8490913
Kdev -0.24243785 1.03173036 -0.23498179 0.81422287
Kdev -0.10106225 1.05229375 -0.09603996 0.92348883
Kdev -0.18158699 1.03857274 -0.17484282 0.86120314
Kdev -0.11621718 1.02760618 -0.11309506 0.9099552
Kdev -0.53808339 1.14448267 -0.47015425 0.63824482
Kdev -0.28823036 1.04256533 -0.27646264 0.78219275
Kdev -0.03648195 1.00050131 -0.03646367 0.97091264
Kdev -0.1488704 1.0086691 -0.14759092 0.88266562
Kdev 0.01687978 1.00016024 0.01687708 0.98653468
Kdev -0.1482821 1.30669358 -0.11347886 0.90965092
Kdev -0.70292641 0.08692502 -8.086583 0
Kdev -0.67352453 0.11678485 -5.76722517 1e-08
Kdev 0.26121993 0.97541123 0.26780492 0.78884948
Kdev 0.09770586 0.86063729 0.11352733 0.90961249
Kdev 0.17801738 0.88622055 0.20087255 0.84079823
Kdev -0.02394981 0.98989098 -0.02419439 0.98069755
Kdev -0.51832017 0.18749182 -2.76449492 0.0057011
Kdev -0.4779434 0.23756458 -2.01184618 0.04423615
Kdev -0.44365564 0.20551112 -2.15879142 0.03086635
Kdev -0.47266705 0.1273391 -3.71187687 0.00020573
Kdev -0.48338357 0.11531233 -4.19195058 2.766e-05
Kdev -0.43373743 0.1057178 -4.1027853 4.082e-05
Kdev -0.3849033 0.10605425 -3.62930595 0.00028418
Kdev -0.33285327 0.10934505 -3.04406336 0.00233406
Kdev -0.28662555 0.12379421 -2.31533891 0.02059439
Kdev -0.2940971 0.13202273 -2.22762472 0.02590555
Kdev -0.30128522 0.16259747 -1.85295149 0.06388931
Kdev -0.30321431 0.16988021 -1.7848713 0.0742822
Kdev 0.07922349 1.01932304 0.07772167 0.93804946
Kdev 0.04598906 1.00265124 0.04586746 0.96341589
Kdev -0.060677 1.00841147 -0.06017088 0.95201954
Kdev -0.06143029 1.01856061 -0.06031088 0.95190804
Kdev -0.19628388 1.04790031 -0.1873116 0.85141633
Kdev -0.01018608 1.00269944 -0.01015866 0.9918947
Kdev 0.02377089 1.00024727 0.02376501 0.98104005
Kdev -0.24283403 1.05460934 -0.2302597 0.81788997
Kdev -0.10128862 1.02109345 -0.09919623 0.92098247
Kdev -0.06752837 1.00186783 -0.06740248 0.9462613
Kdev -0.14198912 1.0151184 -0.13987444 0.8887592
Kdev -0.15456537 1.01669636 -0.15202707 0.87916558
Kdev 0.1979415 0.90950157 0.21763734 0.82771169
Kdev 0.02983182 0.90655608 0.03290676 0.97374894
Kdev 0.57003269 0.78709069 0.72422745 0.46892611
Kdev -0.61747501 NaN NaN NaN
Kdev 0.43078146 0.72270812 0.59606561 0.5511314
Kdev 0.13451366 0.61989238 0.21699518 0.8282121
Kdev 1.01028452 0.70445856 1.4341291 0.15153543
Kdev -0.37744216 0.23851971 -1.58243597 0.11355008
Kdev -0.42666452 0.16601991 -2.56995989 0.01017103
Kdev -0.42366601 0.08593373 -4.93014794 8.2e-07
Kdev -0.38581729 0.07536138 -5.11956262 3.1e-07
Kdev -0.33522189 0.07800216 -4.29759753 1.727e-05
Kdev -0.34901155 0.09065934 -3.84970311 0.00011826
Kdev -0.29260074 0.09388689 -3.11652403 0.00182997
Kdev -0.24281102 0.10068945 -2.41148415 0.01588774
Kdev -0.17212089 0.10305333 -1.67021185 0.09487746
Kdev -0.16914438 0.11281879 -1.4992571 0.13380695
Kdev -0.18035756 0.10622004 -1.69796175 0.08951498
Kdev -0.18737652 0.14548025 -1.28798592 0.19775086
Kdev 0.03306902 1.01383717 0.03261769 0.97397946
Kdev -0.00781898 1.00951902 -0.00774525 0.99382024
Kdev -0.05602159 1.00465819 -0.05576185 0.95553153
Kdev -0.09203964 1.00971688 -0.0911539 0.9273703
Kdev -0.28639575 1.03657875 -0.27628943 0.78232577
Kdev 0.01438852 1.00145225 0.01436766 0.98853666
Kdev -0.15386075 1.00891603 -0.15250104 0.87879177
Kdev -0.06080732 1.03615855 -0.05868534 0.95320273
Kdev -0.09157383 1.0057066 -0.09105422 0.92744951
Kdev -0.2152195 1.01823104 -0.21136608 0.83260162
Kdev -0.09077701 1.01225673 -0.08967786 0.92854321
Kdev -0.08545139 1.00645537 -0.0849033 0.93233827
Kdev 0.27773413 1.01673515 0.27316271 0.78472814
Kdev 0.21728381 0.98644153 0.22027034 0.82566062
Kdev 0.18663091 0.95903333 0.19460315 0.84570364
Kdev 0.15733113 0.89024419 0.17672807 0.85972199
Kdev 0.19135163 0.89892436 0.21286733 0.83143045
Kdev 0.09011638 0.85801577 0.10502881 0.91635294
Kdev 0.26162411 0.90086251 0.29041514 0.77149866
Kdev 0.22595506 0.8967941 0.25195869 0.801073
Kdev 0.29098745 0.89058032 0.32673915 0.74386519
Kdev -0.00758364 0.79953947 -0.00948501 0.99243217
Kdev 0.10917156 0.85363152 0.12789073 0.89823544
Kdev 0.03286712 0.90396316 0.03635892 0.97099617
Kdev 0.03423578 0.98270726 0.03483823 0.97220873
Kdev -0.5246031 0.19318349 -2.71556908 0.0066162
Kdev -0.49146635 0.17240393 -2.85066781 0.00436275
Kdev -0.4502118 0.19269196 -2.33643274 0.0194687
Kdev -0.41844507 0.26895445 -1.5558213 0.11975059
Kdev -0.16910431 0.80530668 -0.20998747 0.83367745
Kdev 0.31013245 0.9122594 0.33996082 0.73388603
Kdev 0.37910907 0.85421321 0.44381082 0.65717936
Kdev 0.0769482 0.82844131 0.0928831 0.92599643
Kdev -0.19837539 1.01527117 -0.19539153 0.84508644
Kdev -0.42155147 1.07324851 -0.39278086 0.69448134
Kdev -0.36850968 1.05296951 -0.34997184 0.72635983
Kdev -0.0215665 1.00061937 -0.02155316 0.9828044
Kdev -0.46276166 1.08195349 -0.42770938 0.66886272
Kdev -0.28373041 1.05039828 -0.27011697 0.78707026
Kdev -0.24815286 1.0247939 -0.24214904 0.80866468
Kdev -0.80364531 1.22025259 -0.65858931 0.51015953
Kdev -0.15027886 1.02231278 -0.1469989 0.88313289
Kdev -0.48200046 1.08505657 -0.44421689 0.65688578
Kdev 0.82168122 1.22569835 0.67037801 0.50261685
Kdev 0.28547229 0.92952922 0.30711491 0.75875591
Kdev 0.23302926 0.9071359 0.25688462 0.79726784
Kdev -0.34828556 0.95295678 -0.36547886 0.71475398
Kdev -0.90705706 0.04168212 -21.76129979 0
Kdev 0.45111278 1.1819838 0.38165733 0.70271556
Kdev -0.89022499 0.05857531 -15.19795536 0
Kdev -0.76855349 0.32872592 -2.33797657 0.01938846
Kdev -0.09187238 1.03981816 -0.08835428 0.9295951
Kdev -0.85543451 0.08927109 -9.58243619 0
Kdev 0.04986737 0.98746121 0.05050058 0.95972348
Kdev 0.10161077 0.80307145 0.12652768 0.89931424
Kdev 0.43548664 0.78302882 0.55615659 0.57810381
Kdev 0.30244081 0.7501986 0.40314766 0.6868396
Kdev 0.30000474 0.79539016 0.37717934 0.70604033
Kdev 0.06806937 0.81344241 0.08368063 0.93331036
Kdev 0.07218742 0.88174784 0.08186855 0.93475124
Kdev 0.17650173 0.9582686 0.18418816 0.85386585
Kdev 0.06799624 0.84245389 0.08071212 0.9356709
Kdev -0.39666635 1.42444805 -0.27847022 0.78065143
Kdev 0.13713344 1.10946133 0.12360362 0.90162913
Kdev -0.00890127 1.01213964 -0.00879451 0.99298309
Kdev 0.20138643 1.05800199 0.19034598 0.84903802
Kdev -0.0803093 1.00354011 -0.08002599 0.93621658
Kdev -0.22556553 1.02205529 -0.22069798 0.82532761
Kdev -0.24412343 1.02288666 -0.23866128 0.81136825
Kdev 0.29633427 1.08267553 0.27370552 0.78431094
Kdev 0.17865436 1.04245661 0.17137822 0.86392638
Kdev -0.07990168 1.01378093 -0.07881553 0.93717935
Kdev 0.26130807 1.05987668 0.24654574 0.80525981
Kdev 0.14556777 1.03026327 0.14129182 0.88763941

Mixing matrix
0.89531665 0.10468335 0 0 0 0 ,# Asia
0.02993426 0.28138695 0.13704437 0.51492498 0.03670943 0 ,# Hawaii
0.0963575 0.60013404 0.10783016 0.09941881 0.02080819 0.0754513 ,# MX_AR
0.04771434 0.2712452 0.04098572 0.06628251 0.06525951 0.50851272 ,# MX_ML
0 0 0 0 0.06414968 0.93585032 ,# Central_Am

Split of breeding stock to feeding grounds over time
Split for: Asia
Year RUS+WAL EAL+BER+WGOA NGOA SEA+NBC SBC+WA OR+CA
1970 0.8974 0.1026 0 0 0 0
1971 0.89791 0.10209 0 0 0 0
1972 0.89484 0.10516 0 0 0 0
1973 0.89544 0.10456 0 0 0 0
1974 0.89588 0.10412 0 0 0 0
1975 0.89622 0.10378 0 0 0 0
1976 0.89648 0.10352 0 0 0 0
1977 0.8967 0.1033 0 0 0 0
1978 0.89688 0.10312 0 0 0 0
1979 0.89705 0.10295 0 0 0 0
1980 0.89726 0.10274 0 0 0 0
1981 0.89706 0.10294 0 0 0 0
1982 0.89694 0.10306 0 0 0 0
1983 0.89688 0.10312 0 0 0 0
1984 0.89686 0.10314 0 0 0 0
1985 0.89687 0.10313 0 0 0 0
1986 0.8969 0.1031 0 0 0 0
1987 0.89694 0.10306 0 0 0 0
1988 0.897 0.103 0 0 0 0
1989 0.89706 0.10294 0 0 0 0
1990 0.89709 0.10291 0 0 0 0
1991 0.8971 0.1029 0 0 0 0
1992 0.89711 0.10289 0 0 0 0
1993 0.8971 0.1029 0 0 0 0
1994 0.8971 0.1029 0 0 0 0
1995 0.8971 0.1029 0 0 0 0
1996 0.8971 0.1029 0 0 0 0
1997 0.89711 0.10289 0 0 0 0
1998 0.89717 0.10283 0 0 0 0
1999 0.89722 0.10278 0 0 0 0
2000 0.89722 0.10278 0 0 0 0
2001 0.89723 0.10277 0 0 0 0
2002 0.89726 0.10274 0 0 0 0
2003 0.89675 0.10325 0 0 0 0
2004 0.89561 0.10439 0 0 0 0
2005 0.89509 0.10491 0 0 0 0
2006 0.8948 0.1052 0 0 0 0
2007 0.89495 0.10505 0 0 0 0
2008 0.89455 0.10545 0 0 0 0
2009 0.89496 0.10504 0 0 0 0
2010 0.90308 0.09692 0 0 0 0
2011 0.9037 0.0963 0 0 0 0
2012 0.90658 0.09342 0 0 0 0
2013 0.9129 0.0871 0 0 0 0
2014 0.9179 0.0821 0 0 0 0
2015 0.91744 0.08256 0 0 0 0
2016 0.91686 0.08314 0 0 0 0
2017 0.91623 0.08377 0 0 0 0
2018 0.91555 0.08445 0 0 0 0
2019 0.91515 0.08485 0 0 0 0
2020 0.91475 0.08525 0 0 0 0
2021 0.91451 0.08549 0 0 0 0
2022 0.91016 0.08984 0 0 0 0
2023 0.9054 0.0946 0 0 0 0
2024 0.90562 0.09438 0 0 0 0
Split for: Hawaii
Year RUS+WAL EAL+BER+WGOA NGOA SEA+NBC SBC+WA OR+CA
1970 0.03047 0.28008 0.13935 0.51284 0.03725 0
1971 0.03073 0.2809 0.14024 0.51062 0.03751 0
1972 0.02988 0.28232 0.14088 0.50922 0.0377 0
1973 0.03016 0.28314 0.14124 0.50766 0.0378 0
1974 0.03037 0.2838 0.14154 0.50641 0.03789 0
1975 0.03054 0.28438 0.14173 0.50539 0.03796 0
1976 0.03068 0.2849 0.14191 0.50453 0.03798 0
1977 0.03081 0.28539 0.14208 0.50373 0.038 0
1978 0.03091 0.28583 0.14225 0.50299 0.03802 0
1979 0.03101 0.28617 0.14242 0.50235 0.03805 0
1980 0.03112 0.28657 0.14262 0.50159 0.03811 0
1981 0.03112 0.2871 0.14279 0.50084 0.03815 0
1982 0.03115 0.28771 0.14293 0.49999 0.03822 0
1983 0.0312 0.28834 0.14306 0.4991 0.0383 0
1984 0.03126 0.28901 0.14316 0.4982 0.03837 0
1985 0.03133 0.2896 0.14322 0.49743 0.03843 0
1986 0.03141 0.29028 0.14327 0.49652 0.03851 0
1987 0.03152 0.29112 0.14342 0.49536 0.03859 0
1988 0.0316 0.29175 0.14346 0.49454 0.03865 0
1989 0.03167 0.29219 0.14341 0.49404 0.03868 0
1990 0.03174 0.29276 0.14342 0.49336 0.03872 0
1991 0.03182 0.29341 0.14343 0.49255 0.03879 0
1992 0.0319 0.29419 0.14349 0.49155 0.03888 0
1993 0.03198 0.29485 0.14344 0.49079 0.03895 0
1994 0.03207 0.29568 0.14344 0.48977 0.03904 0
1995 0.03216 0.29656 0.14342 0.48871 0.03915 0
1996 0.03228 0.29764 0.14346 0.48733 0.03929 0
1997 0.0324 0.29874 0.14344 0.48594 0.03947 0
1998 0.03254 0.29983 0.14345 0.48453 0.03965 0
1999 0.03269 0.30107 0.14347 0.48296 0.03981 0
2000 0.03283 0.30231 0.14338 0.48149 0.04 0
2001 0.03298 0.30369 0.14329 0.47985 0.0402 0
2002 0.03314 0.30501 0.14314 0.47832 0.0404 0
2003 0.03317 0.30695 0.14166 0.47757 0.04065 0
2004 0.03353 0.31406 0.13071 0.48025 0.04144 0
2005 0.03382 0.31852 0.12013 0.48579 0.04173 0
2006 0.0353 0.33342 0.12783 0.45997 0.04348 0
2007 0.03518 0.33177 0.12806 0.46148 0.04351 0
2008 0.03515 0.33288 0.12934 0.45948 0.04315 0
2009 0.035 0.33009 0.12769 0.46404 0.04318 0
2010 0.03751 0.32439 0.12599 0.46575 0.04636 0
2011 0.0395 0.33921 0.12209 0.45053 0.04866 0
2012 0.04178 0.34723 0.11954 0.43999 0.05146 0
2013 0.04463 0.34425 0.11894 0.4367 0.05548 0
2014 0.04719 0.34198 0.11787 0.43381 0.05915 0
2015 0.04683 0.34128 0.11748 0.43141 0.063 0
2016 0.04656 0.34169 0.11791 0.43157 0.06226 0
2017 0.04623 0.34175 0.11841 0.43235 0.06127 0
2018 0.04592 0.34224 0.11892 0.43335 0.05957 0
2019 0.0457 0.34218 0.11918 0.43411 0.05883 0
2020 0.04543 0.34182 0.11924 0.43314 0.06037 0
2021 0.04517 0.34078 0.11852 0.43001 0.06552 0
2022 0.04395 0.34902 0.12013 0.4204 0.0665 0
2023 0.04223 0.35364 0.12258 0.41548 0.06607 0
2024 0.04209 0.3519 0.1254 0.41668 0.06393 0
Split for: MX_AR
Year RUS+WAL EAL+BER+WGOA NGOA SEA+NBC SBC+WA OR+CA
1970 0.09838 0.59915 0.10998 0.09931 0.02118 0.072
1971 0.09894 0.5992 0.11037 0.09861 0.02127 0.07162
1972 0.09616 0.60194 0.11082 0.09829 0.02136 0.07144
1973 0.09681 0.6022 0.11083 0.09775 0.02137 0.07105
1974 0.09733 0.60262 0.11088 0.09735 0.02138 0.07045
1975 0.09775 0.60305 0.11088 0.09702 0.02139 0.06991
1976 0.09809 0.60347 0.11089 0.09675 0.02138 0.06941
1977 0.09839 0.60388 0.11092 0.09649 0.02137 0.06895
1978 0.09864 0.60428 0.11095 0.09627 0.02136 0.06851
1979 0.09888 0.60459 0.111 0.09608 0.02136 0.06809
1980 0.09914 0.60487 0.11106 0.09584 0.02138 0.06771
1981 0.09904 0.60544 0.11109 0.09561 0.02138 0.06743
1982 0.09902 0.606 0.11106 0.09533 0.0214 0.06719
1983 0.09904 0.60653 0.11102 0.09504 0.02141 0.06696
1984 0.0991 0.607 0.11093 0.09473 0.02142 0.06683
1985 0.09918 0.60745 0.11083 0.09446 0.02142 0.06666
1986 0.09929 0.60796 0.1107 0.09414 0.02144 0.06647
1987 0.09943 0.60853 0.1106 0.09374 0.02144 0.06627
1988 0.09957 0.60901 0.11048 0.09345 0.02144 0.06604
1989 0.09969 0.60938 0.11034 0.09327 0.02144 0.06588
1990 0.09978 0.60974 0.1102 0.09302 0.02143 0.06582
1991 0.09988 0.61024 0.11006 0.09274 0.02144 0.06564
1992 0.09997 0.61079 0.1099 0.09239 0.02145 0.06549
1993 0.10005 0.61127 0.1097 0.09211 0.02146 0.06542
1994 0.10013 0.61176 0.10948 0.09174 0.02147 0.06542
1995 0.10022 0.61228 0.10924 0.09134 0.02148 0.06544
1996 0.10031 0.61285 0.10897 0.09084 0.0215 0.06553
1997 0.10042 0.61343 0.10866 0.09033 0.02154 0.06562
1998 0.10056 0.61394 0.10836 0.08982 0.02158 0.06574
1999 0.10071 0.61454 0.10804 0.08924 0.0216 0.06587
2000 0.10081 0.6151 0.10763 0.08869 0.02163 0.06615
2001 0.10092 0.61574 0.10718 0.08807 0.02166 0.06643
2002 0.10105 0.61628 0.1067 0.08749 0.0217 0.06678
2003 0.10079 0.61802 0.10522 0.08705 0.02175 0.06716
2004 0.10092 0.62623 0.09616 0.08669 0.02196 0.06804
2005 0.10138 0.63255 0.08801 0.08734 0.02203 0.06869
2006 0.10186 0.63745 0.09016 0.07961 0.0221 0.06882
2007 0.10254 0.64079 0.09125 0.08069 0.02234 0.06239
2008 0.10202 0.64014 0.09176 0.07999 0.02205 0.06405
2009 0.10284 0.6427 0.09172 0.08179 0.02234 0.0586
2010 0.11025 0.63178 0.09052 0.08212 0.024 0.06134
2011 0.11206 0.63755 0.08466 0.07666 0.02431 0.06476
2012 0.11647 0.64133 0.08145 0.07357 0.02526 0.06193
2013 0.12294 0.62824 0.08008 0.07215 0.02691 0.06969
2014 0.12849 0.61695 0.07845 0.07085 0.02836 0.0769
2015 0.12665 0.61158 0.07767 0.06999 0.03 0.08411
2016 0.12519 0.60868 0.07749 0.0696 0.02948 0.08956
2017 0.1233 0.60395 0.0772 0.06917 0.02878 0.09761
2018 0.12173 0.60112 0.07706 0.0689 0.02781 0.10338
2019 0.12029 0.5968 0.07669 0.06854 0.02727 0.11041
2020 0.11859 0.59114 0.07608 0.06781 0.02775 0.11864
2021 0.11719 0.58579 0.07516 0.06692 0.02993 0.12501
2022 0.11312 0.59521 0.07558 0.0649 0.03014 0.12105
2023 0.10791 0.59877 0.07657 0.06368 0.02973 0.12334
2024 0.10714 0.59342 0.07802 0.06361 0.02865 0.12917
Split for: MX_ML
Year RUS+WAL EAL+BER+WGOA NGOA SEA+NBC SBC+WA OR+CA
1970 0.04975 0.27655 0.04269 0.06762 0.06784 0.49555
1971 0.05015 0.27723 0.04294 0.0673 0.06827 0.49411
1972 0.0488 0.27881 0.04317 0.06715 0.06865 0.49342
1973 0.04925 0.27964 0.04328 0.06695 0.06885 0.49203
1974 0.04971 0.28093 0.04347 0.06694 0.06916 0.48978
1975 0.0501 0.28211 0.04362 0.06695 0.06945 0.48776
1976 0.05045 0.28323 0.04377 0.06699 0.06963 0.48594
1977 0.05075 0.28429 0.04391 0.06702 0.06981 0.48423
1978 0.05103 0.2853 0.04405 0.06706 0.06999 0.48257
1979 0.05129 0.28622 0.04419 0.06711 0.07018 0.481
1980 0.05156 0.28705 0.04432 0.06711 0.07039 0.47957
1981 0.0516 0.28787 0.04441 0.06708 0.07055 0.47849
1982 0.05166 0.28858 0.04447 0.06699 0.0707 0.4776
1983 0.05175 0.28927 0.04452 0.06688 0.07087 0.47671
1984 0.05183 0.28976 0.04452 0.06672 0.07095 0.47622
1985 0.05193 0.2903 0.04453 0.0666 0.07105 0.47558
1986 0.05205 0.29091 0.04454 0.06646 0.07118 0.47486
1987 0.0522 0.29158 0.04456 0.06627 0.07129 0.47411
1988 0.05235 0.29226 0.04458 0.06617 0.07142 0.47322
1989 0.05247 0.29275 0.04457 0.06612 0.07148 0.47261
1990 0.05255 0.29306 0.04453 0.06597 0.0715 0.47241
1991 0.05266 0.29365 0.04453 0.06584 0.07161 0.47172
1992 0.05276 0.2942 0.04451 0.06566 0.07171 0.47116
1993 0.05283 0.29458 0.04445 0.06549 0.07178 0.47088
1994 0.05287 0.29481 0.04436 0.06522 0.07181 0.47093
1995 0.0529 0.29501 0.04425 0.06493 0.07185 0.47105
1996 0.05293 0.29513 0.04412 0.06453 0.07187 0.47143
1997 0.05294 0.2952 0.04396 0.06413 0.07195 0.47183
1998 0.05298 0.29519 0.0438 0.06371 0.07201 0.47232
1999 0.05301 0.29522 0.04363 0.06324 0.07202 0.47288
2000 0.05296 0.29493 0.04338 0.06273 0.07198 0.47403
2001 0.05292 0.29469 0.04312 0.06218 0.07196 0.47514
2002 0.05286 0.29424 0.04282 0.06161 0.07191 0.47656
2003 0.05257 0.29427 0.04211 0.06113 0.0719 0.47802
2004 0.05227 0.29611 0.03817 0.06045 0.07209 0.4809
2005 0.05224 0.29755 0.03472 0.06059 0.07192 0.48298
2006 0.05253 0.3001 0.03561 0.05522 0.07221 0.48434
2007 0.05519 0.31484 0.03763 0.05842 0.07618 0.45774
2008 0.05433 0.31124 0.03745 0.05732 0.07444 0.46522
2009 0.05682 0.32415 0.03884 0.06081 0.07824 0.44114
2010 0.05947 0.3108 0.03739 0.05957 0.08203 0.45074
2011 0.05904 0.30632 0.03413 0.05427 0.08116 0.46509
2012 0.06242 0.31339 0.03338 0.05294 0.08581 0.45207
2013 0.06228 0.28993 0.03099 0.04904 0.08641 0.48135
2014 0.06194 0.27077 0.02888 0.0458 0.08667 0.50593
2015 0.05818 0.25581 0.02725 0.04312 0.08746 0.52817
2016 0.05577 0.24693 0.02637 0.04159 0.08331 0.54603
2017 0.05257 0.23454 0.02515 0.03957 0.07783 0.57033
2018 0.0504 0.22675 0.02439 0.0383 0.07304 0.58712
2019 0.04805 0.21723 0.02342 0.03676 0.0691 0.60543
2020 0.04539 0.20621 0.02227 0.03486 0.06743 0.62385
2021 0.04329 0.19722 0.02123 0.0332 0.07031 0.63476
2022 0.04259 0.20444 0.02178 0.03282 0.0722 0.62617
2023 0.04021 0.20371 0.02186 0.03189 0.07052 0.6318
2024 0.03893 0.1968 0.02172 0.03106 0.06621 0.64529
Split for: Central_Am
Year RUS+WAL EAL+BER+WGOA NGOA SEA+NBC SBC+WA OR+CA
1970 0 0 0 0 0.06814 0.93186
1971 0 0 0 0 0.06873 0.93127
1972 0 0 0 0 0.06918 0.93082
1973 0 0 0 0 0.06954 0.93046
1974 0 0 0 0 0.07014 0.92986
1975 0 0 0 0 0.07068 0.92932
1976 0 0 0 0 0.07109 0.92891
1977 0 0 0 0 0.07149 0.92851
1978 0 0 0 0 0.0719 0.9281
1979 0 0 0 0 0.07229 0.92771
1980 0 0 0 0 0.0727 0.9273
1981 0 0 0 0 0.073 0.927
1982 0 0 0 0 0.07327 0.92673
1983 0 0 0 0 0.07356 0.92644
1984 0 0 0 0 0.07371 0.92629
1985 0 0 0 0 0.0739 0.9261
1986 0 0 0 0 0.07412 0.92588
1987 0 0 0 0 0.07433 0.92567
1988 0 0 0 0 0.07459 0.92541
1989 0 0 0 0 0.07474 0.92526
1990 0 0 0 0 0.07478 0.92522
1991 0 0 0 0 0.07499 0.92501
1992 0 0 0 0 0.07518 0.92482
1993 0 0 0 0 0.07528 0.92472
1994 0 0 0 0 0.0753 0.9247
1995 0 0 0 0 0.07532 0.92468
1996 0 0 0 0 0.07528 0.92472
1997 0 0 0 0 0.07531 0.92469
1998 0 0 0 0 0.0753 0.9247
1999 0 0 0 0 0.07522 0.92478
2000 0 0 0 0 0.07501 0.92499
2001 0 0 0 0 0.07483 0.92517
2002 0 0 0 0 0.07457 0.92543
2003 0 0 0 0 0.07436 0.92564
2004 0 0 0 0 0.07412 0.92588
2005 0 0 0 0 0.07367 0.92633
2006 0 0 0 0 0.07374 0.92626
2007 0 0 0 0 0.08163 0.91837
2008 0 0 0 0 0.07872 0.92128
2009 0 0 0 0 0.08653 0.91347
2010 0 0 0 0 0.08859 0.91141
2011 0 0 0 0 0.08525 0.91475
2012 0 0 0 0 0.09204 0.90796
2013 0 0 0 0 0.08748 0.91252
2014 0 0 0 0 0.08382 0.91618
2015 0 0 0 0 0.08125 0.91875
2016 0 0 0 0 0.07535 0.92465
2017 0 0 0 0 0.06796 0.93204
2018 0 0 0 0 0.06234 0.93766
2019 0 0 0 0 0.0575 0.9425
2020 0 0 0 0 0.05462 0.94538
2021 0 0 0 0 0.05589 0.94411
2022 0 0 0 0 0.05804 0.94196
2023 0 0 0 0 0.05629 0.94371
2024 0 0 0 0 0.05199 0.94801

Difference in mortality over time
Difference for: Asia
Year RUS+WAL EAL+BER+WGOA NGOA SEA+NBC SBC+WA OR+CA
1970 0 0 0 0 0 0
1971 0 0 0 0 0 0
1972 0 0 0 0 0 0
1973 0 0 0 0 0 0
1974 0 0 0 0 0 0
1975 0 0 0 0 0 0
1976 0 0 0 0 0 0
1977 0 0 0 0 0 0
1978 0 0 0 0 0 0
1979 0 0 0 0 0 0
1980 0 0 0 0 0 0
1981 0 0 0 0 0 0
1982 0 0 0 0 0 0
1983 0 0 0 0 0 0
1984 0 0 0 0 0 0
1985 0 0 0 0 0 0
1986 0 0 0 0 0 0
1987 0 0 0 0 0 0
1988 0 0 0 0 0 0
1989 0 0 0 0 0 0
1990 0 0 0 0 0 0
1991 0 0 0 0 0 0
1992 0 0 0 0 0 0
1993 0 0 0 0 0 0
1994 0 0 0 0 0 0
1995 0 0 0 0 0 0
1996 0 0 0 0 0 0
1997 0 0 0 0 0 0
1998 0 0 0 0 0 0
1999 0 0 0 0 0 0
2000 0 0 0 0 0 0
2001 0 0 0 0 0 0
2002 0 0 0 0 0 0
2003 0 0 0 0 0 0
2004 0 0 0 0 0 0
2005 0 0 0 0 0 0
2006 0 0 0 0 0 0
2007 0 0 0 0 0 0
2008 0 0 0 0 0 0
2009 0 0 0 0 0 0
2010 0 0 0 0 0 0
2011 0 0 0 0 0 0
2012 0 0 0 0 0 0
2013 0 0 0 0 0 0
2014 0 0 0 0 0 0
2015 0 0 0 0 0 0
2016 0 0 0 0 0 0
2017 0 0 0 0 0 0
2018 0 0 0 0 0 0
2019 0 0 0 0 0 0
2020 0 0 0 0 0 0
2021 0 0 0 0 0 0
2022 0 0 0 0 0 0
2023 0 0 0 0 0 0
Difference for: Hawaii
Year RUS+WAL EAL+BER+WGOA NGOA SEA+NBC SBC+WA OR+CA
1970 0 0 0 0 0 0
1971 0 0 0 0 0 0
1972 0 0 0 0 0 0
1973 0 0 0 0 0 0
1974 0 0 0 0 0 0
1975 0 0 0 0 0 0
1976 0 0 0 0 0 0
1977 0 0 0 0 0 0
1978 0 0 0 0 0 0
1979 0 0 0 0 0 0
1980 0 0 0 0 0 0
1981 0 0 0 0 0 0
1982 0 0 0 0 0 0
1983 0 0 0 0 0 0
1984 0 0 0 0 0 0
1985 0 0 0 0 0 0
1986 0 0 0 0 0 0
1987 0 0 0 0 0 0
1988 0 0 0 0 0 0
1989 0 0 0 0 0 0
1990 0 0 0 0 0 0
1991 0 0 0 0 0 0
1992 0 0 0 0 0 0
1993 0 0 0 0 0 0
1994 0 0 0 0 0 0
1995 0 0 0 0 0 0
1996 0 0 0 0 0 0
1997 0 0 0 0 0 0
1998 0 0 0 0 0 0
1999 0 0 0 0 0 0
2000 0 0 0 0 0 0
2001 0 0 0 0 0 0
2002 0 0 0 0 0 0
2003 0 0 0 0 0 0
2004 0 0 0 0 0 0
2005 0 0 0 0 0 0
2006 0 0 0 0 0 0
2007 0 0 0 0 0 0
2008 0 0 0 0 0 0
2009 0 0 0 0 0 0
2010 0 0 0 0 0 0
2011 0 0 0 0 0 0
2012 0 0 0 0 0 0
2013 0 0 0 0 0 0
2014 0 0 0 0 0 0
2015 0 0 0 0 0 0
2016 0 0 0 0 0 0
2017 0 0 0 0 0 0
2018 0 0 0 0 0 0
2019 0 0 0 0 0 0
2020 0 0 0 0 0 0
2021 0 0 0 0 0 0
2022 0 0 0 0 0 0
2023 0 0 0 0 0 0
Difference for: MX_AR
Year RUS+WAL EAL+BER+WGOA NGOA SEA+NBC SBC+WA OR+CA
1970 0 0 0 0 0 0
1971 0 0 0 0 0 0
1972 0 0 0 0 0 0
1973 0 0 0 0 0 0
1974 0 0 0 0 0 0
1975 0 0 0 0 0 0
1976 0 0 0 0 0 0
1977 0 0 0 0 0 0
1978 0 0 0 0 0 0
1979 0 0 0 0 0 0
1980 0 0 0 0 0 0
1981 0 0 0 0 0 0
1982 0 0 0 0 0 0
1983 0 0 0 0 0 0
1984 0 0 0 0 0 0
1985 0 0 0 0 0 0
1986 0 0 0 0 0 0
1987 0 0 0 0 0 0
1988 0 0 0 0 0 0
1989 0 0 0 0 0 0
1990 0 0 0 0 0 0
1991 0 0 0 0 0 0
1992 0 0 0 0 0 0
1993 0 0 0 0 0 0
1994 0 0 0 0 0 0
1995 0 0 0 0 0 0
1996 0 0 0 0 0 0
1997 0 0 0 0 0 0
1998 0 0 0 0 0 0
1999 0 0 0 0 0 0
2000 0 0 0 0 0 0
2001 0 0 0 0 0 0
2002 0 0 0 0 0 0
2003 0 0 0 0 0 0
2004 0 0 0 0 0 0
2005 0 0 0 0 0 0
2006 0 0 0 0 0 0
2007 0 0 0 0 0 0
2008 0 0 0 0 0 0
2009 0 0 0 0 0 0
2010 0 0 0 0 0 0
2011 0 0 0 0 0 0
2012 0 0 0 0 0 0
2013 0 0 0 0 0 0
2014 0 0 0 0 0 0
2015 0 0 0 0 0 0
2016 0 0 0 0 0 0
2017 0 0 0 0 0 0
2018 0 0 0 0 0 0
2019 0 0 0 0 0 0
2020 0 0 0 0 0 0
2021 0 0 0 0 0 0
2022 0 0 0 0 0 0
2023 0 0 0 0 0 0
Difference for: MX_ML
Year RUS+WAL EAL+BER+WGOA NGOA SEA+NBC SBC+WA OR+CA
1970 0 0 0 0 0 0
1971 0 0 0 0 0 0
1972 0 0 0 0 0 0
1973 0 0 0 0 0 0
1974 0 0 0 0 0 0
1975 0 0 0 0 0 0
1976 0 0 0 0 0 0
1977 0 0 0 0 0 0
1978 0 0 0 0 0 0
1979 0 0 0 0 0 0
1980 0 0 0 0 0 0
1981 0 0 0 0 0 0
1982 0 0 0 0 0 0
1983 0 0 0 0 0 0
1984 0 0 0 0 0 0
1985 0 0 0 0 0 0
1986 0 0 0 0 0 0
1987 0 0 0 0 0 0
1988 0 0 0 0 0 0
1989 0 0 0 0 0 0
1990 0 0 0 0 0 0
1991 0 0 0 0 0 0
1992 0 0 0 0 0 0
1993 0 0 0 0 0 0
1994 0 0 0 0 0 0
1995 0 0 0 0 0 0
1996 0 0 0 0 0 0
1997 0 0 0 0 0 0
1998 0 0 0 0 0 0
1999 0 0 0 0 0 0
2000 0 0 0 0 0 0
2001 0 0 0 0 0 0
2002 0 0 0 0 0 0
2003 0 0 0 0 0 0
2004 0 0 0 0 0 0
2005 0 0 0 0 0 0
2006 0 0 0 0 0 0
2007 0 0 0 0 0 0
2008 0 0 0 0 0 0
2009 0 0 0 0 0 0
2010 0 0 0 0 0 0
2011 0 0 0 0 0 0
2012 0 0 0 0 0 0
2013 0 0 0 0 0 0
2014 0 0 0 0 0 0
2015 0 0 0 0 0 0
2016 0 0 0 0 0 0
2017 0 0 0 0 0 0
2018 0 0 0 0 0 0
2019 0 0 0 0 0 0
2020 0 0 0 0 0 0
2021 0 0 0 0 0 0
2022 0 0 0 0 0 0
2023 0 0 0 0 0 0
Difference for: Central_Am
Year RUS+WAL EAL+BER+WGOA NGOA SEA+NBC SBC+WA OR+CA
1970 0 0 0 0 0 0
1971 0 0 0 0 0 0
1972 0 0 0 0 0 0
1973 0 0 0 0 0 0
1974 0 0 0 0 0 0
1975 0 0 0 0 0 0
1976 0 0 0 0 0 0
1977 0 0 0 0 0 0
1978 0 0 0 0 0 0
1979 0 0 0 0 0 0
1980 0 0 0 0 0 0
1981 0 0 0 0 0 0
1982 0 0 0 0 0 0
1983 0 0 0 0 0 0
1984 0 0 0 0 0 0
1985 0 0 0 0 0 0
1986 0 0 0 0 0 0
1987 0 0 0 0 0 0
1988 0 0 0 0 0 0
1989 0 0 0 0 0 0
1990 0 0 0 0 0 0
1991 0 0 0 0 0 0
1992 0 0 0 0 0 0
1993 0 0 0 0 0 0
1994 0 0 0 0 0 0
1995 0 0 0 0 0 0
1996 0 0 0 0 0 0
1997 0 0 0 0 0 0
1998 0 0 0 0 0 0
1999 0 0 0 0 0 0
2000 0 0 0 0 0 0
2001 0 0 0 0 0 0
2002 0 0 0 0 0 0
2003 0 0 0 0 0 0
2004 0 0 0 0 0 0
2005 0 0 0 0 0 0
2006 0 0 0 0 0 0
2007 0 0 0 0 0 0
2008 0 0 0 0 0 0
2009 0 0 0 0 0 0
2010 0 0 0 0 0 0
2011 0 0 0 0 0 0
2012 0 0 0 0 0 0
2013 0 0 0 0 0 0
2014 0 0 0 0 0 0
2015 0 0 0 0 0 0
2016 0 0 0 0 0 0
2017 0 0 0 0 0 0
2018 0 0 0 0 0 0
2019 0 0 0 0 0 0
2020 0 0 0 0 0 0
2021 0 0 0 0 0 0
2022 0 0 0 0 0 0
2023 0 0 0 0 0 0

Total survival over time
Values for breeding stock: Asia
Year RUS+WAL EAL+BER+WGOA NGOA SEA+NBC SBC+WA OR+CA
1970 0.945 0.924 NaN NaN NaN NaN
1971 0.948 0.942 NaN NaN NaN NaN
1972 0.917 0.946 NaN NaN NaN NaN
1973 0.948 0.947 NaN NaN NaN NaN
1974 0.949 0.947 NaN NaN NaN NaN
1975 0.95 0.948 NaN NaN NaN NaN
1976 0.95 0.949 NaN NaN NaN NaN
1977 0.95 0.949 NaN NaN NaN NaN
1978 0.95 0.949 NaN NaN NaN NaN
1979 0.95 0.948 NaN NaN NaN NaN
1980 0.949 0.948 NaN NaN NaN NaN
1981 0.95 0.948 NaN NaN NaN NaN
1982 0.95 0.949 NaN NaN NaN NaN
1983 0.95 0.949 NaN NaN NaN NaN
1984 0.95 0.949 NaN NaN NaN NaN
1985 0.95 0.95 NaN NaN NaN NaN
1986 0.951 0.95 NaN NaN NaN NaN
1987 0.951 0.95 NaN NaN NaN NaN
1988 0.951 0.95 NaN NaN NaN NaN
1989 0.951 0.951 NaN NaN NaN NaN
1990 0.951 0.951 NaN NaN NaN NaN
1991 0.951 0.951 NaN NaN NaN NaN
1992 0.951 0.951 NaN NaN NaN NaN
1993 0.951 0.951 NaN NaN NaN NaN
1994 0.952 0.951 NaN NaN NaN NaN
1995 0.952 0.951 NaN NaN NaN NaN
1996 0.952 0.951 NaN NaN NaN NaN
1997 0.952 0.952 NaN NaN NaN NaN
1998 0.952 0.951 NaN NaN NaN NaN
1999 0.952 0.951 NaN NaN NaN NaN
2000 0.952 0.952 NaN NaN NaN NaN
2001 0.952 0.952 NaN NaN NaN NaN
2002 0.952 0.952 NaN NaN NaN NaN
2003 0.952 0.952 NaN NaN NaN NaN
2004 0.952 0.952 NaN NaN NaN NaN
2005 0.952 0.952 NaN NaN NaN NaN
2006 0.952 0.952 NaN NaN NaN NaN
2007 0.952 0.952 NaN NaN NaN NaN
2008 0.952 0.952 NaN NaN NaN NaN
2009 0.952 0.952 NaN NaN NaN NaN
2010 0.952 0.952 NaN NaN NaN NaN
2011 0.952 0.952 NaN NaN NaN NaN
2012 0.952 0.952 NaN NaN NaN NaN
2013 0.947 0.947 NaN NaN NaN NaN
2014 0.96 0.96 NaN NaN NaN NaN
2015 0.926 0.926 NaN NaN NaN NaN
2016 0.954 0.954 NaN NaN NaN NaN
2017 0.954 0.954 NaN NaN NaN NaN
2018 0.952 0.952 NaN NaN NaN NaN
2019 0.958 0.957 NaN NaN NaN NaN
2020 0.946 0.946 NaN NaN NaN NaN
2021 0.945 0.945 NaN NaN NaN NaN
2022 0.945 0.944 NaN NaN NaN NaN
2023 0.944 0.943 NaN NaN NaN NaN
Values for breeding stock: Hawaii
Year RUS+WAL EAL+BER+WGOA NGOA SEA+NBC SBC+WA OR+CA
1970 0.96 0.939 0.959 0.939 0.957 NaN
1971 0.96 0.954 0.959 0.95 0.958 NaN
1972 0.928 0.958 0.959 0.951 0.958 NaN
1973 0.96 0.958 0.959 0.952 0.958 NaN
1974 0.96 0.958 0.959 0.952 0.958 NaN
1975 0.96 0.958 0.959 0.953 0.959 NaN
1976 0.96 0.959 0.959 0.953 0.957 NaN
1977 0.96 0.959 0.959 0.953 0.958 NaN
1978 0.96 0.959 0.959 0.953 0.958 NaN
1979 0.96 0.959 0.959 0.953 0.958 NaN
1980 0.96 0.959 0.959 0.954 0.958 NaN
1981 0.96 0.959 0.959 0.954 0.957 NaN
1982 0.96 0.959 0.959 0.954 0.957 NaN
1983 0.96 0.959 0.959 0.954 0.958 NaN
1984 0.96 0.959 0.959 0.955 0.957 NaN
1985 0.96 0.959 0.959 0.955 0.957 NaN
1986 0.96 0.959 0.959 0.955 0.958 NaN
1987 0.96 0.959 0.959 0.954 0.957 NaN
1988 0.96 0.959 0.959 0.955 0.958 NaN
1989 0.96 0.959 0.959 0.957 0.957 NaN
1990 0.96 0.959 0.959 0.957 0.957 NaN
1991 0.96 0.959 0.959 0.956 0.957 NaN
1992 0.96 0.959 0.959 0.956 0.957 NaN
1993 0.96 0.96 0.959 0.957 0.957 NaN
1994 0.96 0.96 0.959 0.957 0.957 NaN
1995 0.96 0.96 0.959 0.957 0.957 NaN
1996 0.96 0.96 0.959 0.956 0.957 NaN
1997 0.96 0.96 0.959 0.957 0.958 NaN
1998 0.96 0.959 0.959 0.956 0.958 NaN
1999 0.96 0.959 0.959 0.956 0.957 NaN
2000 0.96 0.96 0.959 0.957 0.957 NaN
2001 0.96 0.96 0.959 0.957 0.957 NaN
2002 0.96 0.96 0.959 0.957 0.957 NaN
2003 0.96 0.96 0.959 0.957 0.957 NaN
2004 0.96 0.96 0.959 0.957 0.957 NaN
2005 0.96 0.96 0.959 0.957 0.953 NaN
2006 0.96 0.96 0.959 0.957 0.954 NaN
2007 0.96 0.96 0.957 0.957 0.96 NaN
2008 0.96 0.96 0.958 0.957 0.948 NaN
2009 0.96 0.96 0.958 0.957 0.96 NaN
2010 0.96 0.959 0.96 0.955 0.954 NaN
2011 0.96 0.96 0.958 0.957 0.952 NaN
2012 0.96 0.96 0.957 0.959 0.96 NaN
2013 0.96 0.96 0.958 0.956 0.96 NaN
2014 0.96 0.96 0.955 0.954 0.955 NaN
2015 0.96 0.96 0.955 0.954 0.955 NaN
2016 0.96 0.96 0.958 0.956 0.956 NaN
2017 0.96 0.96 0.959 0.958 0.953 NaN
2018 0.96 0.96 0.958 0.957 0.941 NaN
2019 0.96 0.96 0.958 0.957 0.954 NaN
2020 0.96 0.96 0.96 0.957 0.945 NaN
2021 0.96 0.96 0.957 0.956 0.952 NaN
2022 0.96 0.96 0.96 0.957 0.956 NaN
2023 0.96 0.96 0.957 0.955 0.95 NaN
Values for breeding stock: MX_AR
Year RUS+WAL EAL+BER+WGOA NGOA SEA+NBC SBC+WA OR+CA
1970 0.96 0.939 0.959 0.939 0.957 0.897
1971 0.96 0.954 0.959 0.95 0.958 0.947
1972 0.928 0.958 0.959 0.951 0.958 0.948
1973 0.96 0.958 0.959 0.952 0.958 0.949
1974 0.96 0.958 0.959 0.952 0.958 0.946
1975 0.96 0.959 0.959 0.953 0.959 0.946
1976 0.96 0.959 0.959 0.953 0.957 0.946
1977 0.96 0.959 0.959 0.953 0.958 0.946
1978 0.96 0.959 0.959 0.953 0.958 0.946
1979 0.96 0.959 0.959 0.954 0.958 0.946
1980 0.96 0.959 0.959 0.954 0.958 0.945
1981 0.96 0.959 0.959 0.954 0.957 0.945
1982 0.96 0.959 0.959 0.954 0.958 0.945
1983 0.96 0.959 0.959 0.954 0.958 0.946
1984 0.96 0.959 0.959 0.955 0.957 0.948
1985 0.96 0.959 0.959 0.955 0.958 0.948
1986 0.96 0.959 0.959 0.955 0.958 0.948
1987 0.96 0.959 0.959 0.954 0.957 0.948
1988 0.96 0.959 0.959 0.955 0.958 0.948
1989 0.96 0.959 0.959 0.957 0.957 0.949
1990 0.96 0.959 0.959 0.957 0.957 0.95
1991 0.96 0.96 0.959 0.957 0.957 0.948
1992 0.96 0.96 0.959 0.956 0.957 0.948
1993 0.96 0.96 0.959 0.957 0.957 0.949
1994 0.96 0.96 0.959 0.957 0.957 0.949
1995 0.96 0.96 0.959 0.957 0.957 0.949
1996 0.96 0.96 0.959 0.956 0.957 0.95
1997 0.96 0.96 0.959 0.957 0.958 0.95
1998 0.96 0.959 0.959 0.956 0.958 0.95
1999 0.96 0.959 0.959 0.956 0.957 0.949
2000 0.96 0.96 0.959 0.957 0.957 0.952
2001 0.96 0.96 0.959 0.957 0.957 0.951
2002 0.96 0.96 0.959 0.957 0.957 0.951
2003 0.96 0.96 0.959 0.957 0.957 0.951
2004 0.96 0.96 0.959 0.957 0.957 0.952
2005 0.96 0.96 0.959 0.957 0.953 0.95
2006 0.96 0.96 0.959 0.957 0.954 0.95
2007 0.96 0.96 0.957 0.957 0.96 0.952
2008 0.96 0.96 0.958 0.957 0.948 0.956
2009 0.96 0.96 0.958 0.957 0.96 0.956
2010 0.96 0.959 0.96 0.955 0.954 0.95
2011 0.96 0.96 0.958 0.957 0.952 0.956
2012 0.96 0.96 0.957 0.959 0.96 0.956
2013 0.96 0.96 0.958 0.956 0.96 0.958
2014 0.96 0.96 0.955 0.955 0.956 0.946
2015 0.96 0.96 0.955 0.954 0.955 0.932
2016 0.96 0.96 0.958 0.956 0.956 0.922
2017 0.96 0.96 0.959 0.958 0.953 0.946
2018 0.96 0.96 0.958 0.957 0.941 0.935
2019 0.96 0.96 0.958 0.957 0.954 0.947
2020 0.96 0.96 0.96 0.957 0.946 0.954
2021 0.96 0.96 0.957 0.956 0.952 0.949
2022 0.96 0.96 0.96 0.957 0.956 0.95
2023 0.96 0.96 0.957 0.955 0.95 0.95
Values for breeding stock: MX_ML
Year RUS+WAL EAL+BER+WGOA NGOA SEA+NBC SBC+WA OR+CA
1970 0.951 0.93 0.95 0.931 0.949 0.889
1971 0.952 0.946 0.951 0.942 0.95 0.939
1972 0.921 0.951 0.952 0.944 0.951 0.941
1973 0.953 0.952 0.953 0.945 0.952 0.943
1974 0.954 0.952 0.953 0.946 0.952 0.939
1975 0.954 0.952 0.953 0.947 0.952 0.94
1976 0.954 0.953 0.953 0.947 0.951 0.94
1977 0.954 0.953 0.954 0.948 0.952 0.94
1978 0.954 0.953 0.954 0.948 0.952 0.94
1979 0.954 0.953 0.954 0.948 0.952 0.94
1980 0.954 0.953 0.954 0.948 0.953 0.94
1981 0.955 0.953 0.954 0.949 0.952 0.94
1982 0.955 0.954 0.954 0.949 0.952 0.94
1983 0.955 0.954 0.954 0.95 0.953 0.941
1984 0.955 0.954 0.954 0.95 0.952 0.943
1985 0.955 0.955 0.954 0.951 0.953 0.943
1986 0.956 0.955 0.954 0.951 0.953 0.943
1987 0.956 0.955 0.954 0.95 0.953 0.943
1988 0.956 0.955 0.954 0.951 0.953 0.944
1989 0.956 0.955 0.955 0.953 0.953 0.945
1990 0.956 0.956 0.955 0.953 0.953 0.946
1991 0.956 0.956 0.955 0.953 0.954 0.945
1992 0.956 0.956 0.955 0.952 0.953 0.945
1993 0.956 0.956 0.955 0.954 0.953 0.945
1994 0.956 0.956 0.955 0.953 0.954 0.946
1995 0.957 0.956 0.956 0.954 0.954 0.946
1996 0.957 0.956 0.956 0.953 0.954 0.947
1997 0.957 0.956 0.956 0.953 0.955 0.947
1998 0.957 0.956 0.956 0.953 0.954 0.947
1999 0.957 0.956 0.956 0.953 0.954 0.946
2000 0.957 0.957 0.956 0.954 0.954 0.948
2001 0.957 0.957 0.956 0.954 0.954 0.948
2002 0.957 0.957 0.956 0.955 0.954 0.949
2003 0.957 0.957 0.956 0.954 0.954 0.948
2004 0.957 0.957 0.956 0.954 0.954 0.949
2005 0.957 0.957 0.956 0.954 0.95 0.947
2006 0.958 0.957 0.956 0.954 0.952 0.948
2007 0.957 0.957 0.954 0.955 0.957 0.949
2008 0.958 0.958 0.956 0.955 0.946 0.954
2009 0.957 0.957 0.956 0.954 0.957 0.953
2010 0.957 0.957 0.957 0.952 0.952 0.947
2011 0.957 0.957 0.956 0.954 0.949 0.953
2012 0.957 0.957 0.954 0.956 0.957 0.953
2013 0.957 0.957 0.956 0.953 0.957 0.956
2014 0.957 0.957 0.952 0.951 0.952 0.943
2015 0.957 0.956 0.952 0.95 0.951 0.929
2016 0.957 0.956 0.955 0.952 0.953 0.919
2017 0.957 0.957 0.956 0.955 0.95 0.943
2018 0.957 0.957 0.956 0.954 0.938 0.933
2019 0.957 0.957 0.955 0.954 0.951 0.945
2020 0.955 0.955 0.955 0.952 0.941 0.949
2021 0.958 0.957 0.955 0.953 0.95 0.946
2022 0.958 0.958 0.958 0.955 0.954 0.948
2023 0.957 0.957 0.954 0.952 0.947 0.947
Values for breeding stock: Central_Am
Year RUS+WAL EAL+BER+WGOA NGOA SEA+NBC SBC+WA OR+CA
1970 NaN NaN NaN NaN 0.948 0.889
1971 NaN NaN NaN NaN 0.95 0.939
1972 NaN NaN NaN NaN 0.951 0.942
1973 NaN NaN NaN NaN 0.95 0.941
1974 NaN NaN NaN NaN 0.951 0.938
1975 NaN NaN NaN NaN 0.952 0.939
1976 NaN NaN NaN NaN 0.951 0.94
1977 NaN NaN NaN NaN 0.952 0.94
1978 NaN NaN NaN NaN 0.951 0.939
1979 NaN NaN NaN NaN 0.951 0.939
1980 NaN NaN NaN NaN 0.952 0.939
1981 NaN NaN NaN NaN 0.952 0.94
1982 NaN NaN NaN NaN 0.951 0.939
1983 NaN NaN NaN NaN 0.952 0.94
1984 NaN NaN NaN NaN 0.952 0.942
1985 NaN NaN NaN NaN 0.952 0.942
1986 NaN NaN NaN NaN 0.953 0.943
1987 NaN NaN NaN NaN 0.953 0.943
1988 NaN NaN NaN NaN 0.953 0.943
1989 NaN NaN NaN NaN 0.953 0.945
1990 NaN NaN NaN NaN 0.953 0.946
1991 NaN NaN NaN NaN 0.953 0.944
1992 NaN NaN NaN NaN 0.953 0.944
1993 NaN NaN NaN NaN 0.953 0.945
1994 NaN NaN NaN NaN 0.953 0.946
1995 NaN NaN NaN NaN 0.953 0.946
1996 NaN NaN NaN NaN 0.954 0.946
1997 NaN NaN NaN NaN 0.954 0.947
1998 NaN NaN NaN NaN 0.954 0.946
1999 NaN NaN NaN NaN 0.954 0.946
2000 NaN NaN NaN NaN 0.954 0.948
2001 NaN NaN NaN NaN 0.954 0.948
2002 NaN NaN NaN NaN 0.954 0.949
2003 NaN NaN NaN NaN 0.954 0.948
2004 NaN NaN NaN NaN 0.954 0.949
2005 NaN NaN NaN NaN 0.95 0.947
2006 NaN NaN NaN NaN 0.952 0.947
2007 NaN NaN NaN NaN 0.957 0.949
2008 NaN NaN NaN NaN 0.946 0.954
2009 NaN NaN NaN NaN 0.957 0.953
2010 NaN NaN NaN NaN 0.951 0.947
2011 NaN NaN NaN NaN 0.949 0.953
2012 NaN NaN NaN NaN 0.957 0.953
2013 NaN NaN NaN NaN 0.957 0.956
2014 NaN NaN NaN NaN 0.953 0.944
2015 NaN NaN NaN NaN 0.952 0.93
2016 NaN NaN NaN NaN 0.953 0.92
2017 NaN NaN NaN NaN 0.951 0.943
2018 NaN NaN NaN NaN 0.939 0.933
2019 NaN NaN NaN NaN 0.953 0.946
2020 NaN NaN NaN NaN 0.942 0.951
2021 NaN NaN NaN NaN 0.95 0.946
2022 NaN NaN NaN NaN 0.954 0.948
2023 NaN NaN NaN NaN 0.948 0.948

Numbers over time by herd
Values for breeding stock: Asia
Year RUS+WAL EAL+BER+WGOA NGOA SEA+NBC SBC+WA OR+CA
1970 51 6 0 0 0 0
1971 63 7 0 0 0 0
1972 71 8 0 0 0 0
1973 81 9 0 0 0 0
1974 91 11 0 0 0 0
1975 100 12 0 0 0 0
1976 109 13 0 0 0 0
1977 118 14 0 0 0 0
1978 126 14 0 0 0 0
1979 133 15 0 0 0 0
1980 144 16 0 0 0 0
1981 156 18 0 0 0 0
1982 170 19 0 0 0 0
1983 186 21 0 0 0 0
1984 203 23 0 0 0 0
1985 222 26 0 0 0 0
1986 243 28 0 0 0 0
1987 264 30 0 0 0 0
1988 287 33 0 0 0 0
1989 310 36 0 0 0 0
1990 336 39 0 0 0 0
1991 364 42 0 0 0 0
1992 394 45 0 0 0 0
1993 427 49 0 0 0 0
1994 464 53 0 0 0 0
1995 503 58 0 0 0 0
1996 545 62 0 0 0 0
1997 590 68 0 0 0 0
1998 638 73 0 0 0 0
1999 689 79 0 0 0 0
2000 744 85 0 0 0 0
2001 802 92 0 0 0 0
2002 864 99 0 0 0 0
2003 929 107 0 0 0 0
2004 994 116 0 0 0 0
2005 1068 125 0 0 0 0
2006 1148 135 0 0 0 0
2007 1234 145 0 0 0 0
2008 1320 156 0 0 0 0
2009 1417 166 0 0 0 0
2010 1512 162 0 0 0 0
2011 1617 172 0 0 0 0
2012 1720 177 0 0 0 0
2013 1806 172 0 0 0 0
2014 1905 170 0 0 0 0
2015 1810 163 0 0 0 0
2016 1776 161 0 0 0 0
2017 1746 160 0 0 0 0
2018 1718 158 0 0 0 0
2019 1705 158 0 0 0 0
2020 1677 156 0 0 0 0
2021 1654 155 0 0 0 0
2022 1710 169 0 0 0 0
2023 1701 178 0 0 0 0
Values for breeding stock: Hawaii
Year RUS+WAL EAL+BER+WGOA NGOA SEA+NBC SBC+WA OR+CA
1970 17 159 79 291 21 0
1971 21 195 98 355 26 0
1972 24 231 115 417 31 0
1973 28 265 132 475 35 0
1974 32 298 149 532 40 0
1975 35 329 164 585 44 0
1976 39 359 179 637 48 0
1977 42 388 193 686 52 0
1978 45 416 207 732 55 0
1979 48 443 220 777 59 0
1980 52 478 238 837 64 0
1981 57 522 259 910 69 0
1982 62 572 284 995 76 0
1983 68 630 312 1090 84 0
1984 75 693 343 1195 92 0
1985 82 762 377 1308 101 0
1986 90 835 412 1428 111 0
1987 99 913 450 1553 121 0
1988 108 994 489 1685 132 0
1989 117 1081 531 1828 143 0
1990 127 1175 576 1981 155 0
1991 139 1279 625 2146 169 0
1992 151 1392 679 2325 184 0
1993 164 1516 737 2523 200 0
1994 179 1651 801 2734 218 0
1995 195 1798 869 2963 237 0
1996 212 1957 943 3204 258 0
1997 231 2127 1021 3460 281 0
1998 251 2309 1105 3732 305 0
1999 272 2504 1193 4017 331 0
2000 295 2714 1287 4323 359 0
2001 319 2938 1386 4643 389 0
2002 345 3177 1491 4982 421 0
2003 373 3449 1592 5366 457 0
2004 400 3750 1561 5735 495 0
2005 432 4071 1535 6209 533 0
2006 467 4407 1690 6080 575 0
2007 504 4750 1833 6607 623 0
2008 541 5124 1991 7073 664 0
2009 583 5501 2128 7733 720 0
2010 625 5406 2099 7761 773 0
2011 671 5766 2075 7658 827 0
2012 717 5961 2052 7553 883 0
2013 761 5871 2028 7448 946 0
2014 800 5796 1998 7352 1002 0
2015 787 5735 1974 7250 1059 0
2016 776 5691 1964 7188 1037 0
2017 766 5664 1962 7165 1015 0
2018 759 5654 1965 7159 984 0
2019 753 5639 1964 7154 970 0
2020 750 5641 1968 7148 996 0
2021 749 5650 1965 7129 1086 0
2022 782 6213 2138 7483 1184 0
2023 789 6604 2289 7758 1234 0
Values for breeding stock: MX_AR
Year RUS+WAL EAL+BER+WGOA NGOA SEA+NBC SBC+WA OR+CA
1970 9 54 10 9 2 7
1971 11 67 12 11 2 8
1972 13 79 14 13 3 9
1973 15 90 17 15 3 11
1974 16 101 19 16 4 12
1975 18 112 21 18 4 13
1976 20 122 22 20 4 14
1977 22 132 24 21 5 15
1978 23 142 26 23 5 16
1979 25 151 28 24 5 17
1980 27 163 30 26 6 18
1981 29 178 33 28 6 20
1982 32 195 36 31 7 22
1983 35 214 39 34 8 24
1984 39 236 43 37 8 26
1985 42 259 47 40 9 28
1986 46 284 52 44 10 31
1987 51 311 56 48 11 34
1988 55 338 61 52 12 37
1989 60 368 67 56 13 40
1990 65 400 72 61 14 43
1991 71 435 79 66 15 47
1992 78 474 85 72 17 51
1993 84 516 93 78 18 55
1994 92 562 101 84 20 60
1995 100 612 109 91 21 65
1996 109 666 118 99 23 71
1997 119 724 128 107 25 78
1998 129 786 139 115 28 84
1999 140 853 150 124 30 91
2000 151 924 162 133 33 99
2001 164 1001 174 143 35 108
2002 177 1082 187 154 38 117
2003 192 1175 200 165 41 128
2004 206 1277 196 177 45 139
2005 222 1386 193 191 48 151
2006 240 1501 212 187 52 162
2007 259 1618 230 204 56 158
2008 278 1745 250 218 60 175
2009 300 1873 267 238 65 171
2010 321 1841 264 239 70 179
2011 345 1964 261 236 75 199
2012 369 2030 258 233 80 196
2013 391 2000 255 230 86 222
2014 411 1974 251 227 91 246
2015 405 1954 248 224 96 269
2016 399 1939 247 222 94 285
2017 394 1930 247 221 92 312
2018 390 1926 247 221 89 331
2019 387 1921 247 221 88 355
2020 386 1922 247 220 90 386
2021 385 1925 247 220 98 411
2022 402 2117 269 231 107 430
2023 405 2250 288 239 112 463
Values for breeding stock: MX_ML
Year RUS+WAL EAL+BER+WGOA NGOA SEA+NBC SBC+WA OR+CA
1970 6 32 5 8 8 58
1971 7 39 6 10 10 70
1972 8 46 7 11 11 82
1973 9 53 8 13 13 93
1974 10 59 9 14 15 103
1975 12 65 10 15 16 113
1976 13 71 11 17 17 122
1977 14 76 12 18 19 130
1978 15 82 13 19 20 138
1979 16 87 13 20 21 146
1980 17 93 14 22 23 156
1981 18 102 16 24 25 169
1982 20 111 17 26 27 184
1983 22 122 19 28 30 201
1984 24 134 21 31 33 220
1985 26 147 23 34 36 241
1986 29 161 25 37 39 262
1987 31 175 27 40 43 285
1988 34 190 29 43 47 308
1989 37 207 31 47 50 334
1990 40 224 34 50 55 362
1991 44 244 37 55 59 391
1992 47 265 40 59 64 424
1993 52 288 43 64 70 460
1994 56 313 47 69 76 500
1995 61 340 51 75 83 543
1996 66 369 55 81 90 590
1997 72 401 60 87 98 641
1998 78 435 64 94 106 695
1999 84 471 70 101 115 754
2000 91 509 75 108 124 818
2001 99 550 81 116 134 887
2002 107 594 86 124 145 963
2003 115 644 92 134 157 1047
2004 124 700 90 143 170 1136
2005 133 758 88 154 183 1231
2006 144 820 97 151 197 1323
2007 155 883 105 164 214 1283
2008 166 951 114 175 227 1421
2009 179 1019 122 191 246 1387
2010 191 999 120 191 264 1448
2011 205 1063 118 188 282 1614
2012 218 1097 117 185 300 1582
2013 232 1078 115 182 321 1789
2014 243 1061 113 179 340 1983
2015 238 1047 112 176 358 2162
2016 234 1036 111 175 350 2291
2017 231 1029 110 174 341 2502
2018 228 1025 110 173 330 2653
2019 226 1020 110 173 324 2843
2020 224 1016 110 172 332 3075
2021 223 1016 109 171 362 3271
2022 233 1118 119 180 395 3425
2023 234 1187 127 186 411 3681
Values for breeding stock: Central_Am
Year RUS+WAL EAL+BER+WGOA NGOA SEA+NBC SBC+WA OR+CA
1970 0 0 0 0 2 27
1971 0 0 0 0 2 33
1972 0 0 0 0 3 38
1973 0 0 0 0 3 43
1974 0 0 0 0 4 48
1975 0 0 0 0 4 53
1976 0 0 0 0 4 57
1977 0 0 0 0 5 61
1978 0 0 0 0 5 65
1979 0 0 0 0 5 68
1980 0 0 0 0 6 73
1981 0 0 0 0 6 79
1982 0 0 0 0 7 86
1983 0 0 0 0 7 94
1984 0 0 0 0 8 103
1985 0 0 0 0 9 112
1986 0 0 0 0 10 122
1987 0 0 0 0 11 133
1988 0 0 0 0 12 144
1989 0 0 0 0 13 156
1990 0 0 0 0 14 169
1991 0 0 0 0 15 182
1992 0 0 0 0 16 198
1993 0 0 0 0 17 214
1994 0 0 0 0 19 233
1995 0 0 0 0 21 253
1996 0 0 0 0 22 275
1997 0 0 0 0 24 299
1998 0 0 0 0 26 324
1999 0 0 0 0 29 351
2000 0 0 0 0 31 381
2001 0 0 0 0 33 413
2002 0 0 0 0 36 448
2003 0 0 0 0 39 487
2004 0 0 0 0 42 529
2005 0 0 0 0 46 573
2006 0 0 0 0 49 616
2007 0 0 0 0 53 597
2008 0 0 0 0 57 662
2009 0 0 0 0 61 645
2010 0 0 0 0 66 674
2011 0 0 0 0 70 752
2012 0 0 0 0 75 737
2013 0 0 0 0 80 833
2014 0 0 0 0 85 924
2015 0 0 0 0 89 1008
2016 0 0 0 0 87 1069
2017 0 0 0 0 85 1167
2018 0 0 0 0 82 1238
2019 0 0 0 0 81 1329
2020 0 0 0 0 83 1438
2021 0 0 0 0 91 1529
2022 0 0 0 0 99 1600
2023 0 0 0 0 103 1721

Catch numbers by breeding stock
Year Asia Hawaii MX_AR MX_ML Central_Am
1970 0.9 0 0 1.1 0.3
1971 0.9 0 0 1.2 0.3
1972 1 0 0 1.3 0.3
1973 1.1 0 0 1.3 0.4
1974 1.2 0.1 0 1.4 0.4
1975 1.2 0.1 0 1.5 0.4
1976 1.3 0.1 0 1.6 0.4
1977 1.4 0.1 0 1.6 0.4
1978 1.5 0.1 0 1.7 0.5
1979 1.6 0.1 0 1.8 0.5
1980 1.8 0.1 0 1.9 0.5
1981 1.9 0.1 0 2 0.5
1982 2 0.1 0 2.1 0.6
1983 2.2 0.1 0 2.2 0.6
1984 2.3 0.1 0 2.4 0.6
1985 2.5 0.1 0 2.5 0.7
1986 2.6 0.1 0 2.6 0.7
1987 2.8 0.1 0 2.8 0.7
1988 3 0.1 0 2.9 0.8
1989 3.2 0.1 0 3.1 0.8
1990 3.5 0.2 0 3.2 0.8
1991 3.7 0.2 0 3.4 0.9
1992 4 0.2 0 3.6 0.9
1993 4.3 0.2 0 3.8 1
1994 4.6 0.2 0 4 1
1995 4.9 0.2 0 4.2 1.1
1996 5.2 0.2 0 4.4 1.1
1997 5.6 0.2 0 4.7 1.2
1998 6 0.2 0 4.9 1.2
1999 6.4 0.2 0 5.2 1.3
2000 6.9 0.3 0 5.5 1.4
2001 7.3 0.3 0 5.8 1.4
2002 7.9 0 0 5.8 1.5
2003 8.4 0 0 5.8 1.6
2004 9 0 0 6.7 1.7
2005 9.6 0 0 8.1 1.8
2006 10.3 1 0 6.8 1.8
2007 11.1 0 0 7.7 1.9
2008 11.8 0 0 7.9 2
2009 12.7 0 0 9 2.1
2010 13.6 0 0 9.3 2.2
2011 14.5 0.8 0 10.6 2.4
2012 15.5 0 0 10.9 2.5
2013 28 0 0 10.8 2.6
2014 0 5 0 13 2.7
2015 72 0 0 14.2 2.9
2016 12 0.1 0 14.2 3
2017 12 0.1 0 13.4 3.2
2018 16 0.1 0 13.4 3.3
2019 4 0.4 0 13.4 1.7
2020 26.8 0.4 0 23.8 5
2021 28.6 0.4 0 12.8 4.7
2022 30.7 0.4 0 10.5 3.7
2023 32.8 0.4 0 18.4 4.2

Catch numbers by feeding ground
Year RUS+WAL EAL+BER+WGOA NGOA SEA+NBC SBC+WA OR+CA
1970 0 5.7 0.1 6.8 0.1 6.4
1971 0 1.8 0.1 4 0.1 1.5
1972 4 0.8 0.1 4.1 0.1 1.6
1973 0 0.8 0.1 4.3 0.1 1.7
1974 0 0.8 0.1 4.5 0.1 2.5
1975 0 0.8 0.2 4.7 0.1 2.7
1976 0 0.8 0.2 4.9 0.2 2.9
1977 0 0.8 0.2 5.2 0.2 3.1
1978 0 0.8 0.2 5.4 0.2 3.3
1979 0 1 0.2 5.6 0.2 3.5
1980 0 1 0.2 5.9 0.2 3.9
1981 0 1 0.3 6.1 0.3 4.2
1982 0 1 0.4 6.5 0.3 4.5
1983 0 1 0.4 6.7 0.3 4.8
1984 0 1 0.5 7.1 0.4 4.6
1985 0 1 0.5 6.7 0.4 5
1986 0 1 0.7 7.8 0.4 5.4
1987 0 1 0.7 10 0.5 5.8
1988 0 1.1 0.8 8.5 0.5 6.3
1989 0 0.9 0.8 6.1 0.6 6.1
1990 0 1 0.8 7.4 0.7 5.8
1991 0 1 0.9 8.2 0.7 7.6
1992 0 1.1 0.9 9.8 0.8 8.3
1993 0 1.1 1 7.1 0.9 8.6
1994 0 1.2 1 9.3 1 8.8
1995 0 1.2 1 9.3 1.1 9.6
1996 0 1.2 1.1 12.7 1.2 9.9
1997 0 1.2 1.3 12.7 0.9 10.7
1998 0 3 1.4 14.7 1.2 12
1999 0 2.6 1.4 17.4 1.7 13.5
2000 0 1.2 1.5 14.1 1.5 11.6
2001 0 1.2 1.8 16.4 1.7 13.4
2002 0 2.4 1.9 13.8 1.9 13.7
2003 0 1.4 2 18.9 2.3 16
2004 0 1.4 2.3 22 2.5 15.9
2005 0 1.6 2.3 23.3 5.8 20.1
2006 0 1.6 2.4 22.7 5.3 22.1
2007 0 0.1 7.3 18.4 0 18.1
2008 0 0.1 4.3 19.7 12.4 8.8
2009 0 0.1 4.3 24.1 0 9.8
2010 0 6.1 0.8 44.5 7 24.5
2011 0 3.1 4 28.4 11 11.9
2012 0 4.1 8.8 11.6 0 10
2013 0 0.1 4 31.6 0 4.7
2014 0 0.1 11.8 43.7 7 45.2
2015 0 4.1 12 51 9.1 103.4
2016 0 4.1 4.8 34.8 7.1 150.3
2017 0 4.1 2.1 16.3 11.1 60.3
2018 0 1.1 4 26.6 30.1 111.1
2019 0 4.1 6 27.3 9.1 61
2020 0 1.1 0 24 23 31.2
2021 0 2.2 7 33.7 13 62.4
2022 0 4.3 0.8 22.3 8 56
2023 0 3.6 9.1 40.1 19.2 59.7
