Stock structure: B2F1; Model type = BC
Mortality impacts feeding grounds
Recruitment related to unfished
Staying rate: 0
Age-at-matrity: 8
Base adult survival: 0
Sigma for survival devs: 
Additional variance estimated
Weight for mark-recapture proportions: 1
Weight for genetics proportions: 1


Total objective fn: 205.21388961215
Negative log-likelihood fn: 117.782798169981

Natural Survival by feeding ground
RUS+WAL,EAL+BER,GOA,SEA+NBC,SBC+WA,OR+CA
1970 0.96 0.96 0.96 0.96 0.96 0.96
1971 0.96 0.96 0.96 0.96 0.96 0.96
1972 0.96 0.96 0.96 0.96 0.96 0.96
1973 0.96 0.96 0.96 0.96 0.96 0.96
1974 0.96 0.96 0.96 0.96 0.96 0.96
1975 0.96 0.96 0.96 0.96 0.96 0.96
1976 0.96 0.96 0.96 0.96 0.96 0.96
1977 0.96 0.96 0.96 0.96 0.96 0.96
1978 0.96 0.96 0.96 0.96 0.96 0.96
1979 0.96 0.96 0.96 0.96 0.96 0.96
1980 0.96 0.96 0.96 0.96 0.96 0.96
1981 0.96 0.96 0.96 0.96 0.96 0.96
1982 0.96 0.96 0.96 0.96 0.96 0.96
1983 0.96 0.96 0.96 0.96 0.96 0.96
1984 0.96 0.96 0.96 0.96 0.96 0.96
1985 0.96 0.96 0.96 0.96 0.96 0.96
1986 0.96 0.96 0.96 0.96 0.96 0.96
1987 0.96 0.96 0.96 0.96 0.96 0.96
1988 0.96 0.96 0.96 0.96 0.96 0.96
1989 0.96 0.96 0.96 0.96 0.96 0.96
1990 0.96 0.96 0.96 0.96 0.96 0.96
1991 0.96 0.96 0.96 0.96 0.96 0.96
1992 0.96 0.96 0.96 0.96 0.96 0.96
1993 0.96 0.96 0.96 0.96 0.96 0.96
1994 0.96 0.96 0.96 0.96 0.96 0.96
1995 0.96 0.96 0.96 0.96 0.96 0.96
1996 0.96 0.96 0.96 0.96 0.96 0.96
1997 0.96 0.96 0.96 0.96 0.96 0.96
1998 0.96 0.96 0.96 0.96 0.96 0.96
1999 0.96 0.96 0.96 0.96 0.96 0.96
2000 0.96 0.9812797 0.9648371 0.9445976 0.973112 0.9643807
2001 0.96 0.9901204 0.9347718 0.9897628 0.9792034 0.9805988
2002 0.96 0.9958673 0.8818093 0.9763481 0.9847876 0.9764896
2003 0.96 0.9815804 0.9456814 0.9794372 0.978346 0.9786861
2004 0.96 0.9930751 0.8448066 0.9579788 0.9694512 0.9456285
2005 0.96 0.9918534 0.8885901 0.9156413 0.9754036 0.9681647
2006 0.96 0.991388 0.9706696 0.9608111 0.9873793 0.8890508
2007 0.96 0.9636949 0.9895655 0.9661035 0.9681158 0.9385381
2008 0.96 0.9858198 0.9933692 0.9946788 0.9897514 0.9399564
2009 0.96 0.9756586 0.9497081 0.938808 0.9802198 0.9372671
2010 0.96 0.944281 0.9943756 0.9895651 0.9929842 0.9863775
2011 0.96 0.9455953 0.9655289 0.9094731 0.9682815 0.918322
2012 0.96 0.959287 0.9873098 0.9670308 0.9704454 0.9518428
2013 0.96 0.9865429 0.8892134 0.7491579 0.9636588 0.9883937
2014 0.96 0.9701944 0.7329989 0.8200765 0.9707194 0.9829893
2015 0.96 0.8117058 0.7147904 0.8809653 0.9658762 0.9909921
2016 0.96 0.8738082 0.749598 0.7350328 0.9735534 0.9811031
2017 0.96 0.7350066 0.8368635 0.9669542 0.9660842 0.9753742
2018 0.96 0.8221166 0.9429526 0.9113736 0.9823845 0.9503235
2019 0.96 0.9280448 0.8087342 0.9048026 0.9500471 0.9916596
2020 0.96 0.8955492 0.7691656 0.9343853 0.9642359 0.9896858
2021 0.96 0.823132 0.9623501 0.9180596 0.9780857 0.951447
2022 0.96 0.724745 0.9346108 0.8905836 0.950327 0.9831609
2023 0.96 0.7183487 0.994189 0.912795 0.9791143 0.9869956

Naturak Survival by breeding stock
RUS+WAL,EAL+BER,GOA,SEA+NBC,SBC+WA,OR+CA
1970 0.96 0.96 0.96 0.96 0.96
1971 0.96 0.96 0.96 0.96 0.96
1972 0.96 0.96 0.96 0.96 0.96
1973 0.96 0.96 0.96 0.96 0.96
1974 0.96 0.96 0.96 0.96 0.96
1975 0.96 0.96 0.96 0.96 0.96
1976 0.96 0.96 0.96 0.96 0.96
1977 0.96 0.96 0.96 0.96 0.96
1978 0.96 0.96 0.96 0.96 0.96
1979 0.96 0.96 0.96 0.96 0.96
1980 0.96 0.96 0.96 0.96 0.96
1981 0.96 0.96 0.96 0.96 0.96
1982 0.96 0.96 0.96 0.96 0.96
1983 0.96 0.96 0.96 0.96 0.96
1984 0.96 0.96 0.96 0.96 0.96
1985 0.96 0.96 0.96 0.96 0.96
1986 0.96 0.96 0.96 0.96 0.96
1987 0.96 0.96 0.96 0.96 0.96
1988 0.96 0.96 0.96 0.96 0.96
1989 0.96 0.96 0.96 0.96 0.96
1990 0.96 0.96 0.96 0.96 0.96
1991 0.96 0.96 0.96 0.96 0.96
1992 0.96 0.96 0.96 0.96 0.96
1993 0.96 0.96 0.96 0.96 0.96
1994 0.96 0.96 0.96 0.96 0.96
1995 0.96 0.96 0.96 0.96 0.96
1996 0.96 0.96 0.96 0.96 0.96
1997 0.96 0.96 0.96 0.96 0.96
1998 0.96 0.96 0.96 0.96 0.96
1999 0.96 0.96 0.96 0.96 0.96
2000 0.96 0.96 0.96 0.96 0.96
2001 0.96 0.96 0.96 0.96 0.96
2002 0.96 0.96 0.96 0.96 0.96
2003 0.96 0.96 0.96 0.96 0.96
2004 0.96 0.96 0.96 0.96 0.96
2005 0.96 0.96 0.96 0.96 0.96
2006 0.96 0.96 0.96 0.96 0.96
2007 0.96 0.96 0.96 0.96 0.96
2008 0.96 0.96 0.96 0.96 0.96
2009 0.96 0.96 0.96 0.96 0.96
2010 0.96 0.96 0.96 0.96 0.96
2011 0.96 0.96 0.96 0.96 0.96
2012 0.96 0.96 0.96 0.96 0.96
2013 0.96 0.96 0.96 0.96 0.96
2014 0.96 0.96 0.96 0.96 0.96
2015 0.96 0.96 0.96 0.96 0.96
2016 0.96 0.96 0.96 0.96 0.96
2017 0.96 0.96 0.96 0.96 0.96
2018 0.96 0.96 0.96 0.96 0.96
2019 0.96 0.96 0.96 0.96 0.96
2020 0.96 0.96 0.96 0.96 0.96
2021 0.96 0.96 0.96 0.96 0.96
2022 0.96 0.96 0.96 0.96 0.96
2023 0.96 0.96 0.96 0.96 0.96

Fecundity by feeding ground
RUS+WAL,EAL+BER,GOA,SEA+NBC,SBC+WA,OR+CA
1970 0.959812 0.9614691 0.959646 0.9578819 0.9629921 0.9670235
1971 0.9598898 0.961541 0.9596575 0.9579969 0.9630286 0.9670961
1972 0.9574886 0.9590833 0.9567294 0.954794 0.9609174 0.9659882
1973 0.9549093 0.9567353 0.9539216 0.951757 0.9589023 0.964952
1974 0.9524731 0.9545004 0.9512411 0.9488915 0.9569845 0.9640068
1975 0.9501647 0.9523717 0.9486891 0.9461861 0.9551584 0.9631317
1976 0.9479857 0.9503443 0.9462531 0.9436321 0.9534423 0.9623229
1977 0.9459297 0.9484124 0.9439273 0.9412244 0.9518101 0.9615752
1978 0.9439915 0.9465723 0.9417069 0.9389529 0.9502601 0.9608904
1979 0.9421661 0.9448274 0.9395873 0.9368107 0.9487871 0.9602628
1980 0.9404581 0.9431671 0.9375637 0.9347947 0.9473873 0.9596968
1981 0.9388492 0.9415852 0.9356397 0.9328908 0.9460785 0.9591818
1982 0.9366145 0.9394148 0.9330226 0.930255 0.9442688 0.9584347
1983 0.9338275 0.9367111 0.9297685 0.9269558 0.9420051 0.9574822
1984 0.9305448 0.9335305 0.9259532 0.923077 0.9393596 0.9563369
1985 0.9268362 0.9299252 0.9216322 0.9186653 0.9363569 0.9550449
1986 0.9227495 0.9259443 0.9168819 0.9138341 0.9330381 0.953626
1987 0.9183469 0.9216356 0.9117443 0.9086845 0.9294662 0.9521029
1988 0.9136772 0.9170453 0.90628 0.9031595 0.9256573 0.9504995
1989 0.9087861 0.9122036 0.9005312 0.8972771 0.9216679 0.9488077
1990 0.9037245 0.9071594 0.8945444 0.8912012 0.9175306 0.9470356
1991 0.898521 0.9019432 0.8883692 0.8849622 0.9132545 0.9452726
1992 0.8930407 0.8964205 0.8818357 0.8784193 0.908742 0.9434252
1993 0.8871644 0.890471 0.874816 0.871295 0.9038967 0.9414372
1994 0.8807983 0.8840047 0.8671951 0.8636329 0.8986385 0.939265
1995 0.8738718 0.876946 0.8588919 0.8552858 0.8929081 0.9369034
1996 0.866336 0.8692427 0.8498584 0.8463084 0.8866601 0.9343116
1997 0.8581709 0.8608628 0.8400707 0.8365663 0.8797766 0.9314963
1998 0.8493646 0.8518578 0.8295089 0.8261128 0.8723692 0.9284618
1999 0.8399216 0.8421492 0.818172 0.8149853 0.8644881 0.9252175
2000 0.8298695 0.8317109 0.8060933 0.80302 0.8559886 0.9216483
2001 0.8192257 0.8155832 0.792021 0.7945325 0.8444283 0.9175059
2002 0.8080028 0.7961426 0.785618 0.7719846 0.8308929 0.9115605
2003 0.7961682 0.7733467 0.7924995 0.7532292 0.8150915 0.9056962
2004 0.7837004 0.7534663 0.7810294 0.732021 0.799808 0.8990258
2005 0.7705585 0.7276108 0.7971808 0.7177098 0.7865281 0.895847
2006 0.7567011 0.7003219 0.799652 0.7180602 0.7702222 0.889396
2007 0.742109 0.6710399 0.7805374 0.6998537 0.747495 0.8922762
2008 0.7267579 0.6527868 0.755355 0.6792934 0.7330699 0.8880604
2009 0.7106592 0.6220476 0.7271846 0.6441194 0.7060214 0.8839202
2010 0.6938261 0.5956481 0.7141438 0.636394 0.6830232 0.8804093
2011 0.6763069 0.5849292 0.6810744 0.6007412 0.6530936 0.8685965
2012 0.65815 0.5721581 0.6611919 0.6065495 0.6311538 0.8673734
2013 0.6404884 0.5501581 0.6297283 0.5804586 0.6063237 0.8595565
2014 0.6196539 0.5096754 0.6454949 0.6640625 0.5859251 0.8459607
2015 0.6048663 0.4802203 0.7207317 0.6996913 0.5611672 0.8352386
2016 0.5843481 0.5508905 0.7805416 0.7076947 0.5381876 0.8232386
2017 0.5630724 0.575188 0.8156746 0.764192 0.5102103 0.8102212
2018 0.5418733 0.6629084 0.8255666 0.7352965 0.4916363 0.79926
2019 0.5192305 0.6935154 0.8118146 0.73229 0.4559231 0.7924665
2020 0.4987924 0.6777404 0.8305614 0.7313931 0.4471886 0.7719575
2021 0.4786021 0.6795843 0.8529226 0.7197565 0.4252917 0.7513782
2022 0.4587012 0.7101693 0.8349847 0.7154146 0.390844 0.7426674
2023 0.4392791 0.7677483 0.8274625 0.7216389 0.3823545 0.7213737

Total abundance: Estimate SD_log
1970 1074.787 0.04646685
1971 1350.781 0.04242213
1972 1577.08 0.04026684
1973 1787.682 0.03892123
1974 1990.905 0.03790849
1975 2182.469 0.03718562
1976 2363.624 0.0366461
1977 2534.773 0.03623643
1978 2696.49 0.03591996
1979 2849.115 0.03567492
1980 2992.955 0.03548662
1981 3204.388 0.03488845
1982 3464.666 0.03412751
1983 3767.858 0.03332091
1984 4109.014 0.03254062
1985 4483.366 0.03182527
1986 4886.721 0.03118716
1987 5313.305 0.03063609
1988 5757.874 0.03017016
1989 6220.456 0.02975867
1990 6699.912 0.02938418
1991 7208.213 0.02903317
1992 7754.076 0.02870633
1993 8345.677 0.02840681
1994 8993.848 0.0281287
1995 9697.982 0.02790151
1996 10462.13 0.02773279
1997 11284.16 0.02764193
1998 12166.47 0.02763094
1999 13102.47 0.02771952
2000 14090.15 0.02791269
2001 15179.21 0.02756448
2002 16695.37 0.02515322
2003 18097.69 0.02490093
2004 19704.99 0.02349886
2005 20909.46 0.02096888
2006 21957.37 0.02587115
2007 23555.84 0.02544303
2008 25212.66 0.03135598
2009 27630.4 0.03173221
2010 29104.03 0.03174233
2011 31343.61 0.03483457
2012 32110.21 0.03346105
2013 34211.75 0.03321004
2014 33492.3 0.03987568
2015 33030.79 0.03886608
2016 31087.2 0.05410012
2017 29194.68 0.04197661
2018 28363.94 0.03665569
2019 28265.81 0.03755977
2020 29173.36 0.03614505
2021 29974.18 0.03675669
2022 30097.51 0.06316129
2023 29435.99 0.1049691
2024 29469.04 0.1212487

Breeding stock abundance: Estimate SD_log Estimate/K
Asia
1 76.98695 0.07708153 1.82441
2 97.41758 0.0743625 2.308568
3 113.428 0.07329694 2.687978
4 125.5541 0.07425606 2.975338
5 139.3291 0.0739032 3.301774
6 152.2325 0.07371872 3.607553
7 164.4147 0.07360118 3.896242
8 175.813 0.07357251 4.166355
9 186.4623 0.07361353 4.418719
10 196.3954 0.073712 4.654111
11 205.6354 0.07386176 4.873077
12 219.3273 0.07371039 5.197542
13 236.2525 0.07340809 5.598629
14 256.0012 0.07301362 6.066629
15 278.0897 0.07259836 6.590075
16 302.2726 0.07215634 7.163152
17 328.1243 0.0717256 7.775776
18 355.4547 0.07128727 8.423444
19 383.8912 0.07086621 9.097321
20 413.1809 0.07046327 9.791418
21 443.1086 0.07007849 10.50064
22 474.6033 0.06968908 11.24699
23 508.4338 0.06926948 12.04869
24 545 0.06883393 12.91522
25 584.6712 0.06838798 13.85534
26 627.6854 0.06794394 14.87467
27 674.1757 0.06751916 15.97638
28 724.1726 0.06713606 17.16119
29 777.5121 0.06683099 18.42521
30 833.9916 0.06663521 19.76365
31 893.4795 0.06657992 21.17337
32 959.5975 0.06661367 22.74021
33 1031.07 0.0668578 24.43394
34 1107.643 0.06739508 26.24853
35 1185.163 0.06823828 28.08559
36 1269.77 0.06950784 30.09056
37 1358.602 0.07122472 32.19569
38 1451.803 0.07348876 34.40433
39 1540.241 0.07727546 36.50009
40 1639.933 0.08070313 38.86257
41 1739.686 0.08413884 41.22648
42 1830.672 0.08885065 43.38265
43 1924.967 0.09300727 45.61721
44 2026.512 0.09902952 48.02359
45 2129.815 0.1058169 50.47162
46 2256.039 0.1121271 53.46283
47 2245.885 0.1223303 53.2222
48 2326.772 0.1303193 55.13904
49 2367.899 0.1406578 56.11366
50 2439.011 0.1509907 57.79884
51 2551.346 0.1599352 60.46091
52 2631.081 0.1717355 62.35044
53 2689.951 0.1854897 63.74553
54 2727.66 0.2006996 64.63914
Hawaii
1 679.2945 0.05119846 1.999407
2 857.3895 0.04758368 2.523604
3 1002.372 0.04572845 2.95034
4 1139.718 0.04451255 3.354596
5 1270.818 0.04364518 3.740471
6 1395.194 0.04301392 4.106555
7 1513.2 0.04253792 4.453888
8 1625.154 0.04216945 4.78341
9 1731.313 0.04187953 5.095873
10 1832.043 0.04164638 5.392359
11 1927.475 0.0414592 5.673248
12 2066.882 0.04093788 6.083573
13 2238.224 0.04029134 6.587892
14 2437.735 0.03961534 7.175124
15 2662.34 0.03896492 7.836217
16 2908.56 0.03837468 8.560932
17 3174.427 0.03784227 9.343472
18 3455.59 0.03738562 10.17104
19 3748.447 0.03700642 11.03302
20 4054.201 0.03666131 11.93296
21 4371.942 0.0363376 12.86819
22 4708.199 0.03604567 13.85791
23 5070.293 0.03577879 14.92369
24 5462.589 0.03554855 16.07835
25 5893.205 0.03533997 17.34581
26 6360.112 0.03519544 18.72008
27 6866.995 0.03511617 20.21202
28 7410.897 0.03513192 21.81292
29 7994.789 0.03523868 23.53152
30 8613.92 0.0354626 25.35385
31 9266.817 0.03581385 27.27556
32 9945.513 0.03537397 29.2732
33 10965.1 0.03292861 32.27422
34 11866.72 0.03295558 34.92799
35 12927.07 0.03136056 38.049
36 13687.43 0.02804878 40.28701
37 14194.45 0.03401859 41.77934
38 15368.46 0.03341583 45.23487
39 16524.68 0.03694235 48.63805
40 18270.58 0.03677216 53.77685
41 19177.12 0.03819828 56.44513
42 20703.52 0.04094696 60.93787
43 21083.11 0.03782213 62.05514
44 22502.28 0.03930646 66.23227
45 21044.52 0.05126374 61.94154
46 20025.94 0.0457455 58.94352
47 18381.34 0.05992811 54.10286
48 16418.83 0.04939639 48.32648
49 15798.45 0.04596734 46.5005
50 15627.82 0.0442626 45.99826
51 15776.98 0.04209479 46.43728
52 15924.79 0.04398366 46.87236
53 15844.4 0.07844124 46.63574
54 14955.23 0.1374418 44.0186
MX_AR
1 114.3876 0.07267954 1.327606
2 144.4032 0.06998221 1.675974
3 169.1114 0.06856521 1.962743
4 192.344 0.06768997 2.232385
5 214.9122 0.06700193 2.494316
6 236.3699 0.06649908 2.743358
7 256.7916 0.06611577 2.980377
8 276.2363 0.0658144 3.206057
9 294.752 0.065571 3.420954
10 312.3838 0.06537072 3.625592
11 329.1261 0.06520841 3.819906
12 353.4565 0.06481042 4.10229
13 383.317 0.06432827 4.448858
14 418.1053 0.06382891 4.852618
15 457.2873 0.06335321 5.307373
16 500.3491 0.06292077 5.807157
17 546.8033 0.06253856 6.346314
18 596.1092 0.06220593 6.918568
19 647.8355 0.06191594 7.518914
20 701.6507 0.06166321 8.143505
21 757.3588 0.06143627 8.790065
22 816.6214 0.06121939 9.477879
23 880.4811 0.06101434 10.21905
24 949.9284 0.06082025 11.02507
25 1025.841 0.06064011 11.90612
26 1108.588 0.06047931 12.8665
27 1198.517 0.06034355 13.91024
28 1295.683 0.06023662 15.03797
29 1400.123 0.06016257 16.25013
30 1511.123 0.06013376 17.53841
31 1628.83 0.0601446 18.90455
32 1779.889 0.06007105 20.65777
33 1950.76 0.05800811 22.64093
34 2112.894 0.05775713 24.5227
35 2299.014 0.05750691 26.68284
36 2453.451 0.05757083 28.47527
37 2634.299 0.06118461 30.57423
38 2865.893 0.06061959 33.26216
39 3071.37 0.07261587 35.64696
40 3360.239 0.07324075 38.99964
41 3583.698 0.07149256 41.59315
42 3801.337 0.07574841 44.11911
43 3951.579 0.07531235 45.86285
44 4204.16 0.07294687 48.79436
45 4393.578 0.07406858 50.99279
46 4442.098 0.0795988 51.55592
47 4028.739 0.1076927 46.75839
48 3853.284 0.08699072 44.72203
49 3473.354 0.08198537 40.31247
50 3376.975 0.08584522 39.19389
51 3483.95 0.08345848 40.43545
52 3518.023 0.09091292 40.83092
53 3451.863 0.1257588 40.06305
54 3243.514 0.2032764 37.64491
MX_ML
1 160.8774 0.06026936 0.552937
2 198.8383 0.05798957 0.6834089
3 230.9711 0.0566264 0.7938498
4 260.9307 0.05583301 0.8968212
5 289.3719 0.05534221 0.994574
6 315.5525 0.0551254 1.084557
7 339.9403 0.05505078 1.168378
8 362.6019 0.05508049 1.246266
9 383.7446 0.05516978 1.318934
10 403.3445 0.05531891 1.386299
11 421.4417 0.05551647 1.448499
12 448.7572 0.05543095 1.542383
13 482.5704 0.05523424 1.658599
14 522.0519 0.0550036 1.794297
15 566.4462 0.05479114 1.946881
16 615.2518 0.05461044 2.114626
17 667.6013 0.05448944 2.294552
18 722.8488 0.0544212 2.484438
19 780.3002 0.05440532 2.681899
20 839.6191 0.05443744 2.885779
21 900.7822 0.05449787 3.095997
22 966.0342 0.05454273 3.320268
23 1035.337 0.05462926 3.558463
24 1110.416 0.05472459 3.81651
25 1192.503 0.0548295 4.098644
26 1282.114 0.0549371 4.406639
27 1379.314 0.05506724 4.740714
28 1484.506 0.05520709 5.10226
29 1597.465 0.05537249 5.490501
30 1717.372 0.05556425 5.902624
31 1843.905 0.05579003 6.337518
32 2000.017 0.0554144 6.874078
33 2203.498 0.05547498 7.573442
34 2412.866 0.05612301 8.293044
35 2638.132 0.05589641 9.067283
36 2808.671 0.05800339 9.653428
37 3024.325 0.05995706 10.39463
38 3133.724 0.06516607 10.77064
39 3308.039 0.06567005 11.36976
40 3550.509 0.06795285 12.20313
41 3753.873 0.06429814 12.9021
42 4063.233 0.06355129 13.96537
43 4181.551 0.06454516 14.37203
44 4444.655 0.06234955 15.27632
45 4770.64 0.06154174 16.39673
46 5042.929 0.06175466 17.33259
47 5058.258 0.06780115 17.38528
48 5135.787 0.05994954 17.65175
49 5155.717 0.05669735 17.72025
50 5201.38 0.05863342 17.87719
51 5580.735 0.05683505 19.18104
52 5948.051 0.05721549 20.44351
53 6075.75 0.06925265 20.88241
54 6300.343 0.08348179 21.65434
Central_Am
1 43.2409 0.08836561 1.01837
2 52.73262 0.08707252 1.24191
3 61.19721 0.08637662 1.44126
4 69.13546 0.08602588 1.628214
5 76.47431 0.08599058 1.801052
6 83.11993 0.08609105 1.957563
7 89.27782 0.08625498 2.102588
8 94.96724 0.08646455 2.23658
9 100.2187 0.08670278 2.360258
10 104.9484 0.08704933 2.471648
11 109.2775 0.08740915 2.573601
12 115.9649 0.08755072 2.731098
13 124.3026 0.08759234 2.92746
14 133.9653 0.08765748 3.155027
15 144.8513 0.08770756 3.411403
16 156.9322 0.08775493 3.695922
17 169.7655 0.08787615 3.99816
18 183.3019 0.08801308 4.316957
19 197.4 0.08816638 4.648983
20 211.8052 0.08837839 4.98824
21 226.7197 0.08859122 5.339493
22 242.7548 0.08878813 5.717137
23 259.5309 0.08902533 6.112232
24 277.7439 0.08925504 6.541167
25 297.6281 0.08951046 7.00946
26 319.483 0.08976225 7.524167
27 343.1332 0.09004926 8.081156
28 368.8982 0.09034209 8.687949
29 396.5756 0.09066975 9.339781
30 426.0618 0.09101613 10.03421
31 457.123 0.09140651 10.76574
32 494.1905 0.09171643 11.63872
33 544.9368 0.09226904 12.83385
34 597.5682 0.09353704 14.07337
35 655.6095 0.09385404 15.44031
36 690.1391 0.09625443 16.25352
37 745.6917 0.09913274 17.56184
38 735.9573 0.1081853 17.33258
39 768.3278 0.1058877 18.09494
40 809.1387 0.110099 19.05608
41 849.6486 0.1015261 20.01013
42 944.8473 0.09876992 22.25217
43 968.9989 0.09657636 22.82096
44 1034.143 0.09577003 24.35518
45 1153.753 0.09561984 27.17211
46 1263.782 0.09446107 29.76343
47 1372.977 0.09451822 32.33508
48 1460.006 0.09431501 34.38471
49 1568.513 0.0945961 36.94016
50 1620.623 0.09598342 38.1674
51 1780.352 0.09490549 41.9292
52 1952.228 0.09575597 45.97705
53 2035.539 0.1055951 47.93912
54 2209.239 0.1100242 52.02994

Feeding stock abundance: Estimate SD_log Estimate/K
RUS+WAL
1 102.0469 0.0985872 1.544347
2 130.003 0.09590184 1.967427
3 147.9663 0.09737821 2.239279
4 168.143 0.09669136 2.544627
5 187.1842 0.0962299 2.83279
6 205.2347 0.09588044 3.105961
7 222.2658 0.09563298 3.363705
8 238.3275 0.09546108 3.606779
9 253.459 0.09534755 3.835774
10 267.7009 0.09528155 4.051307
11 281.0052 0.09527987 4.252649
12 300.6755 0.09497119 4.550334
13 324.9288 0.09452696 4.917376
14 353.1369 0.09401808 5.34427
15 384.8746 0.09346258 5.824578
16 419.5951 0.09290026 6.350029
17 456.9485 0.09232802 6.915324
18 496.4475 0.09176659 7.51309
19 537.7251 0.09121952 8.137773
20 580.436 0.09068901 8.784147
21 624.1833 0.09018787 9.446205
22 670.538 0.08967055 10.14772
23 720.3747 0.08914014 10.90194
24 774.4361 0.08859749 11.72009
25 833.2735 0.08805058 12.61051
26 897.2634 0.0875134 13.57892
27 966.6239 0.08700505 14.6286
28 1041.339 0.08655485 15.75932
29 1121.357 0.08618985 16.97028
30 1206.502 0.08594039 18.25885
31 1296.421 0.08584444 19.61966
32 1391.285 0.08592935 21.0553
33 1491.197 0.08624329 22.56733
34 1596.57 0.08682635 24.16202
35 1707.627 0.08773378 25.84273
36 1824.698 0.08901811 27.61443
37 1948.057 0.09074374 29.48133
38 2077.738 0.09296922 31.44387
39 2213.795 0.09575094 33.50291
40 2355.938 0.09913627 35.65407
41 2503.869 0.1031624 37.89282
42 2657.053 0.1078588 40.21105
43 2815.018 0.1132367 42.60164
44 2967.613 0.1196303 44.91098
45 3148.255 0.1258135 47.64476
46 3272.483 0.1348046 49.52479
47 3450.965 0.1423349 52.22589
48 3631.77 0.150539 54.96214
49 3810.562 0.15951 57.66792
50 4001.278 0.1686108 60.55416
51 4170.348 0.1790876 63.11282
52 4338.028 0.1899633 65.65043
53 4502.27 0.2011888 68.13603
54 4661.413 0.2126878 70.54445
EAL+BER
1 252.0253 0.08928142 1.335577
2 321.0717 0.08673682 1.701481
3 376.4545 0.08548779 1.994975
4 429.1671 0.08467873 2.274319
5 479.3443 0.08412262 2.540227
6 527.1453 0.08372068 2.793543
7 572.6738 0.0834199 3.034816
8 616.0612 0.08318732 3.264742
9 657.3872 0.08300427 3.483744
10 696.5469 0.08288157 3.691266
11 733.8064 0.08278601 3.888718
12 788.0857 0.08244404 4.176365
13 854.818 0.08200169 4.530005
14 932.653 0.08152257 4.942482
15 1020.34 0.08104778 5.407166
16 1116.723 0.08059814 5.917941
17 1220.729 0.08018124 6.469105
18 1331.302 0.0797982 7.055075
19 1447.42 0.07945076 7.670426
20 1568.471 0.07911885 8.311922
21 1693.343 0.07881348 8.973666
22 1826.231 0.07850576 9.67789
23 1969.702 0.07819363 10.4382
24 2125.972 0.07787209 11.26633
25 2296.56 0.07754715 12.17034
26 2482.708 0.07721928 13.15681
27 2685.129 0.07689306 14.22952
28 2904.103 0.07657311 15.38994
29 3137.806 0.07630701 16.62842
30 3387.93 0.0760423 17.95393
31 3654.793 0.07576406 19.36813
32 4051.314 0.07342689 21.46945
33 4532.807 0.07189314 24.02106
34 5096.765 0.07034881 27.00969
35 5599.954 0.06839726 29.67628
36 6235.547 0.0675205 33.04453
37 6909.936 0.06830509 36.61837
38 7630.535 0.06891836 40.4371
39 8101.145 0.1016329 42.93104
40 8845.467 0.1027595 46.87548
41 9504.897 0.0921692 50.37005
42 9807.517 0.1027959 51.97375
43 10150.48 0.1047707 53.79126
44 10688.78 0.09854106 56.64388
45 11649.74 0.09591078 61.73637
46 12344.35 0.09735075 65.41738
47 10769.79 0.1711702 57.07322
48 10249.9 0.1204725 54.31808
49 8282.133 0.1314732 43.89016
50 7504.477 0.157142 39.76907
51 7785.82 0.15205 41.26001
52 7733.818 0.1727515 40.98443
53 7027.08 0.2593586 37.23916
54 5673.801 0.4926948 30.06762
GOA
1 136.9984 0.1294503 1.565257
2 175.4738 0.1281032 2.004852
3 206.1875 0.1275423 2.355768
4 235.5037 0.1271964 2.690715
5 263.4888 0.1269681 3.010455
6 290.1168 0.1268515 3.31469
7 315.536 0.1267736 3.605114
8 339.8073 0.1267205 3.882422
9 362.978 0.1266844 4.147156
10 385.098 0.12666 4.399885
11 406.2145 0.1266443 4.641149
12 436.6371 0.1265808 4.988737
13 473.8579 0.1265184 5.413999
14 517.2247 0.1264507 5.90948
15 565.9381 0.1264134 6.466049
16 619.4411 0.1263867 7.07734
17 676.9193 0.1264085 7.734049
18 737.976 0.1264365 8.431645
19 801.9808 0.1264845 9.162922
20 868.5234 0.1265339 9.923196
21 937.1333 0.1265841 10.70709
22 1009.942 0.1266476 11.53895
23 1088.487 0.1267138 12.43636
24 1173.794 0.1267972 13.41103
25 1266.795 0.12689 14.4736
26 1368.058 0.1269962 15.63056
27 1477.803 0.1271283 16.88444
28 1596.013 0.127297 18.23503
29 1722.668 0.1274966 19.68211
30 1857.561 0.1277242 21.22332
31 2000.119 0.1279921 22.85208
32 2163.887 0.1325572 24.72319
33 2248.716 0.1116943 25.6924
34 2188.51 0.1107738 25.00452
35 2308.89 0.1185304 26.37991
36 2153.811 0.09725675 24.60808
37 2118.296 0.157589 24.20231
38 2319.181 0.1394113 26.49749
39 2603.497 0.1406027 29.7459
40 2923.94 0.136885 33.40708
41 3087.618 0.1516562 35.27716
42 3447.362 0.147674 39.38737
43 3669.547 0.1367502 41.92591
44 4022.027 0.1291042 45.95313
45 3863.616 0.1453301 44.14322
46 3077.209 0.2556923 35.15823
47 2421.847 0.2724965 27.67048
48 2005.954 0.2109906 22.91875
49 1862.25 0.2335211 21.27689
50 1986.191 0.2378606 22.69295
51 1805.453 0.3013216 20.62796
52 1543.018 0.4200018 17.62954
53 1696.808 0.4235457 19.38665
54 1778.059 0.4664979 20.31497
SEA+NBC
1 394.7415 0.0620966 1.787497
2 501.7355 0.05917768 2.271995
3 585.6983 0.05799498 2.652201
4 664.9006 0.0572901 3.010851
5 739.6322 0.05685613 3.349256
6 810.1878 0.05658426 3.668751
7 876.7902 0.05641725 3.970345
8 939.5521 0.05632821 4.254548
9 998.7481 0.05629067 4.522603
10 1054.555 0.05629192 4.775312
11 1107.038 0.05632868 5.01297
12 1184.604 0.0561226 5.364211
13 1280.078 0.05583259 5.796541
14 1391.48 0.05551189 6.301
15 1516.62 0.05520754 6.867667
16 1654.447 0.05491166 7.491786
17 1801.805 0.05467999 8.159065
18 1955.94 0.0545391 8.857029
19 2118.951 0.05438374 9.595187
20 2290.522 0.05419706 10.37211
21 2465.868 0.05406823 11.16612
22 2651.272 0.05397173 12.00568
23 2849.637 0.05392501 12.90393
24 3068.057 0.053858 13.893
25 3303.924 0.05387128 14.96107
26 3560.734 0.05394222 16.12397
27 3835.85 0.05413666 17.36977
28 4132.648 0.0544215 18.71375
29 4448.783 0.05484126 20.1453
30 4782.629 0.05542072 21.65705
31 5138.779 0.05611063 23.26979
32 5403.098 0.05468917 24.4667
33 6033.886 0.05510517 27.32308
34 6587.897 0.05566854 29.83179
35 7203.746 0.05349742 32.62052
36 7640.338 0.05087052 34.59753
37 7679.946 0.06442614 34.77689
38 8189.897 0.06288176 37.08608
39 8784.838 0.05837259 39.78014
40 9769.767 0.05726391 44.24017
41 10025.45 0.06069113 45.39798
42 11033.27 0.06242691 49.96167
43 10937.09 0.05500312 49.52612
44 11664.42 0.06452183 52.81967
45 9477.24 0.1021996 42.91552
46 8443.265 0.06032987 38.23341
47 8184.411 0.0594294 37.06124
48 6677.777 0.06479355 30.23879
49 7317.925 0.0839333 33.13756
50 7413.377 0.06276962 33.56979
51 7451.933 0.05486609 33.74438
52 7733.245 0.09590515 35.01824
53 7867.79 0.1079455 35.6275
54 7657.67 0.1434666 34.67601
SBC+WA
1 36.0497 0.1131671 1.143704
2 46.07253 0.1105247 1.461686
3 54.01507 0.1093478 1.713669
4 61.57217 0.1085785 1.953424
5 68.76499 0.1080452 2.181622
6 75.61447 0.1076577 2.398927
7 82.03724 0.107497 2.602694
8 88.14725 0.107392 2.796539
9 93.94861 0.1073295 2.980591
10 99.46164 0.107296 3.155496
11 104.7 0.1072842 3.321688
12 112.2729 0.1071001 3.561943
13 121.6089 0.1067906 3.858135
14 132.5218 0.1064167 4.204356
15 144.7288 0.106095 4.59163
16 158.1552 0.105771 5.017594
17 172.6532 0.1054554 5.477553
18 187.9743 0.1052091 5.963629
19 204.0779 0.1049723 6.474527
20 220.7422 0.1047909 7.003215
21 237.8504 0.1046556 7.545986
22 256.0709 0.104491 8.124045
23 275.6923 0.1043253 8.746548
24 297.0061 0.104151 9.422745
25 320.2465 0.1039639 10.16006
26 345.5702 0.1037637 10.96348
27 373.0881 0.1035501 11.8365
28 403.2384 0.1032221 12.79304
29 435.4637 0.1029371 13.81542
30 469.5004 0.1027326 14.89526
31 505.9421 0.1024542 16.0514
32 554.091 0.09422184 17.57896
33 610.7528 0.08866097 19.3766
34 676.7423 0.08423815 21.47017
35 741.5964 0.0790735 23.52771
36 798.5553 0.07549901 25.33478
37 866.928 0.07413094 27.50395
38 960.9585 0.07096365 30.48714
39 1023.131 0.0735537 32.45961
40 1133.829 0.07114897 35.97159
41 1230.312 0.06835801 39.0326
42 1352.528 0.06802788 42.90997
43 1446.563 0.07416118 45.89332
44 1548.829 0.08227043 49.13777
45 1632.384 0.08151951 51.78863
46 1732.732 0.07911475 54.97223
47 1827.412 0.07711805 57.97605
48 1937.832 0.0806745 61.47919
49 2012.425 0.08320413 63.84573
50 2154.006 0.08630389 68.33749
51 2189.002 0.08727708 69.44774
52 2276.466 0.09173062 72.22263
53 2408.944 0.1045109 76.42558
54 2437.134 0.1171839 77.31993
OR+CA
1 131.5255 0.04759644 0.6358185
2 166.5247 0.04276179 0.8050108
3 193.4582 0.04054494 0.9352124
4 218.5954 0.03912583 1.05673
5 241.3909 0.03828658 1.166928
6 262.4699 0.03775326 1.268828
7 281.9209 0.03742906 1.362858
8 299.8774 0.03725177 1.449663
9 316.2695 0.03719858 1.528905
10 331.2529 0.03723377 1.601338
11 344.6914 0.03736238 1.666302
12 365.7124 0.03701981 1.767921
13 391.8746 0.03649159 1.894394
14 422.542 0.03589842 2.042646
15 457.5134 0.03529163 2.211704
16 495.6041 0.03477356 2.395841
17 536.3659 0.03435781 2.592891
18 579.265 0.03404839 2.800274
19 623.7192 0.03384767 3.015174
20 670.0619 0.03370464 3.239203
21 718.1338 0.03360514 3.471591
22 767.5594 0.03360776 3.710523
23 820.5837 0.03364919 3.966852
24 878.4112 0.03372131 4.246402
25 941.9487 0.03382904 4.553553
26 1011.049 0.03400982 4.887598
27 1086.64 0.03425529 5.253017
28 1168.316 0.03459208 5.647852
29 1255.788 0.03503396 6.070709
30 1348.645 0.03558693 6.519599
31 1450.101 0.0361606 7.010053
32 1566.233 0.03881966 7.571459
33 1729.109 0.04093244 8.358832
34 1894.804 0.04490677 9.15983
35 2081.679 0.04589028 10.06322
36 2183.914 0.05101651 10.55744
37 2360.204 0.05760038 11.40966
38 2312.927 0.07397637 11.18111
39 2419.254 0.06845984 11.69512
40 2539.359 0.07730498 12.27573
41 2643.88 0.06117717 12.781
42 2959.179 0.0550028 14.30522
43 3028.108 0.04928907 14.63843
44 3238.289 0.04704852 15.65448
45 3592.57 0.04668511 17.36715
46 3892.056 0.04356575 18.81492
47 4202.37 0.0435206 20.31503
48 4568.848 0.04070812 22.08665
49 4872.941 0.04051676 23.55669
50 5079.48 0.04381147 24.55514
51 5635.503 0.04016682 27.24306
52 6184.801 0.04128494 29.89847
53 6457.913 0.06153005 31.21874
54 7040.41 0.06931157 34.03464

Parameters: Estimate  Std. Error      z value    Pr(>|z^2|)
rval 0.09108053 0.00159014 57.27812901 0
logK 8.34754935 0.69669104 11.98170906 0
logK 10.4333745 0.33166451 31.45761486 0
logK 9.06138518 0.71723475 12.63377877 0
logK 10.27832376 0.44941123 22.87064287 0
logK 8.35375413 0.89736899 9.3091629 0
logBK 4.03517559 0.74640821 5.40612437 6e-08
logBK 3.94188426 0.34251301 11.50871409 0
logBK 4.35785835 0.73357289 5.94059348 0
logBK 5.24119165 0.4594424 11.40772314 0
logBK 4.62601134 0.90079613 5.13546981 2.8e-07
MixPars -1.86379635 0.29302795 -6.36047299 0
MixPars -3.01701225 0.21039318 -14.33987687 0
MixPars -0.89322366 0.1268059 -7.04402313 0
MixPars -1.26534986 0.14038234 -9.01359702 0
MixPars -2.81117871 0.13347257 -21.06184548 0
MixPars -1.58471383 0.24153143 -6.56110821 0
MixPars -0.76872742 0.21673155 -3.54691057 0.00038978
MixPars -1.57502941 0.28935315 -5.44327728 5e-08
MixPars -3.21404413 0.28618875 -11.23050486 0
MixPars -1.70677017 0.24974223 -6.83412713 0
MixPars -1.69456518 0.36638445 -4.62510126 3.74e-06
MixPars -1.44599637 0.35258073 -4.10117815 4.111e-05
MixPars -1.00706403 0.40326217 -2.49729361 0.01251453
MixPars -1.38847386 0.22439569 -6.18761384 0
MixPars 0.90093216 0.1727568 5.21503152 1.8e-07
MixPars -2.82449294 0.26894013 -10.50231122 0
AddV 0.07403296 0.0359647 2.05848937 0.03954318
AddV 0.0136612 0.00436305 3.13111218 0.00174146
AddV 0.0262265 0.0184389 1.42234653 0.15492568
log_sigmaEnv -0.38382658 0.2480986 -1.54707274 0.12184571
envParams -0.4088101 0.42391947 -0.96435793 0.33486651
envParams 0.31809982 0.48073671 0.66169239 0.50816838
envParams 0.2398093 0.31317075 0.76574618 0.44382735
envParams 0.58450038 0.51929723 1.12556037 0.26035165
envParams 0.67161893 0.54667577 1.22855076 0.21924029
envParams -0.03564553 0.71261003 -0.05002109 0.96010558
envParams -0.97417812 0.8899371 -1.09465952 0.27366583
envParams 0.60067255 0.67903776 0.88459374 0.37637579
envParams 0.2294126 0.68584152 0.33449797 0.73800382
envParams 0.84958129 0.57267935 1.48352004 0.1379363
envParams 0.17507217 0.34126684 0.51300669 0.60794664
envParams -0.0646555 0.77164288 -0.08378941 0.93322387
envParams -0.61072383 0.5777941 -1.05699216 0.29051517
envParams -0.89540621 0.90798082 -0.98615102 0.32405901
envParams -0.47780367 0.45362545 -1.05329995 0.29220354
envParams -1.54182401 0.59874961 -2.5750731 0.01002189
envParams 0.17335464 0.58927128 0.29418477 0.76861672
envParams -0.63823828 0.6140935 -1.03931776 0.29865698
envParams 0.81063324 0.92727408 0.87421105 0.38200333
envParams 0.2644321 0.34023103 0.77721334 0.43703291
envParams -0.08435413 0.88015321 -0.09584028 0.92364743
envParams -0.99195302 0.84332295 -1.17624336 0.23949764
envParams -0.54232031 0.66792177 -0.81195184 0.41681927
envParams -0.37352276 0.60661698 -0.61574729 0.53806132
envParams -0.25808974 0.50337359 -0.51272007 0.60814715

Mixing matrix
0.86573883 0.13426117 0 0 0 0 ,# Asia
0.02718452 0.2273376 0.15669636 0.55538402 0.0333975 0 ,# Hawaii
0.09774988 0.47681369 0.2210521 0.09870113 0.01916492 0.08651827 ,# MX_AR
0.04085541 0.22242819 0.05238435 0.08125077 0.05548599 0.54759529 ,# MX_ML
0 0 0 0 0.05601489 0.94398511 ,# Central_Am

Split of breeding stock to feeding grounds over time
Split for: Asia
Year RUS+WAL EAL+BER GOA SEA+NBC SBC+WA OR+CA
1970 0.86697 0.13303 0 0 0 0
1971 0.86757 0.13243 0 0 0 0
1972 0.86469 0.13531 0 0 0 0
1973 0.86489 0.13511 0 0 0 0
1974 0.86507 0.13493 0 0 0 0
1975 0.86523 0.13477 0 0 0 0
1976 0.86537 0.13463 0 0 0 0
1977 0.86551 0.13449 0 0 0 0
1978 0.86563 0.13437 0 0 0 0
1979 0.86579 0.13421 0 0 0 0
1980 0.86593 0.13407 0 0 0 0
1981 0.86606 0.13394 0 0 0 0
1982 0.86617 0.13383 0 0 0 0
1983 0.86627 0.13373 0 0 0 0
1984 0.86636 0.13364 0 0 0 0
1985 0.86644 0.13356 0 0 0 0
1986 0.86651 0.13349 0 0 0 0
1987 0.86657 0.13343 0 0 0 0
1988 0.86663 0.13337 0 0 0 0
1989 0.86667 0.13333 0 0 0 0
1990 0.86672 0.13328 0 0 0 0
1991 0.86676 0.13324 0 0 0 0
1992 0.8668 0.1332 0 0 0 0
1993 0.86683 0.13317 0 0 0 0
1994 0.86687 0.13313 0 0 0 0
1995 0.8669 0.1331 0 0 0 0
1996 0.86693 0.13307 0 0 0 0
1997 0.86696 0.13304 0 0 0 0
1998 0.86706 0.13294 0 0 0 0
1999 0.86713 0.13287 0 0 0 0
2000 0.86715 0.13285 0 0 0 0
2001 0.86386 0.13614 0 0 0 0
2002 0.85923 0.14077 0 0 0 0
2003 0.85371 0.14629 0 0 0 0
2004 0.85084 0.14916 0 0 0 0
2005 0.84606 0.15394 0 0 0 0
2006 0.84169 0.15831 0 0 0 0
2007 0.83756 0.16244 0 0 0 0
2008 0.8386 0.1614 0 0 0 0
2009 0.83566 0.16434 0 0 0 0
2010 0.83471 0.16529 0 0 0 0
2011 0.83911 0.16089 0 0 0 0
2012 0.8428 0.1572 0 0 0 0
2013 0.84393 0.15607 0 0 0 0
2014 0.84031 0.15969 0 0 0 0
2015 0.84004 0.15996 0 0 0 0
2016 0.86422 0.13578 0 0 0 0
2017 0.87587 0.12413 0 0 0 0
2018 0.90191 0.09809 0 0 0 0
2019 0.91426 0.08574 0 0 0 0
2020 0.91503 0.08497 0 0 0 0
2021 0.91897 0.08103 0 0 0 0
2022 0.92873 0.07127 0 0 0 0
2023 0.94386 0.05614 0 0 0 0
2024 0.95628 0.04372 0 0 0 0
Split for: Hawaii
Year RUS+WAL EAL+BER GOA SEA+NBC SBC+WA OR+CA
1970 0.02761 0.22844 0.15562 0.5545 0.03383 0
1971 0.02778 0.22864 0.15646 0.55314 0.03398 0
1972 0.02719 0.22942 0.15721 0.55207 0.03412 0
1973 0.0273 0.23001 0.1578 0.55068 0.03422 0
1974 0.02741 0.23057 0.15835 0.54935 0.03432 0
1975 0.02752 0.23114 0.15882 0.5481 0.03442 0
1976 0.02762 0.23171 0.15929 0.54691 0.03447 0
1977 0.02772 0.23228 0.15975 0.54572 0.03453 0
1978 0.02782 0.23284 0.1602 0.54455 0.03459 0
1979 0.02792 0.23335 0.16065 0.54343 0.03465 0
1980 0.02801 0.23387 0.16111 0.54229 0.03472 0
1981 0.02811 0.23442 0.16152 0.54118 0.03476 0
1982 0.02821 0.235 0.1619 0.54007 0.03481 0
1983 0.0283 0.23557 0.16226 0.53899 0.03487 0
1984 0.02839 0.23617 0.16259 0.53794 0.03491 0
1985 0.02848 0.2367 0.16287 0.537 0.03495 0
1986 0.02856 0.23729 0.16314 0.536 0.035 0
1987 0.02867 0.23801 0.16348 0.53478 0.03506 0
1988 0.02875 0.23859 0.16372 0.53383 0.03511 0
1989 0.02882 0.23904 0.16383 0.53318 0.03513 0
1990 0.02889 0.23954 0.16399 0.53244 0.03514 0
1991 0.02896 0.24006 0.16415 0.53166 0.03517 0
1992 0.02904 0.24065 0.16434 0.53078 0.0352 0
1993 0.0291 0.24111 0.16442 0.53016 0.03521 0
1994 0.02918 0.24165 0.16455 0.52938 0.03524 0
1995 0.02925 0.24219 0.16467 0.52863 0.03526 0
1996 0.02934 0.24285 0.16483 0.52768 0.0353 0
1997 0.02943 0.2435 0.16495 0.52674 0.03538 0
1998 0.02952 0.2441 0.16511 0.52581 0.03546 0
1999 0.02963 0.2448 0.16529 0.52476 0.03552 0
2000 0.02972 0.24548 0.16537 0.52385 0.03559 0
2001 0.02986 0.25373 0.16674 0.51332 0.03635 0
2002 0.02915 0.25755 0.15714 0.5198 0.03636 0
2003 0.02898 0.26781 0.14137 0.52458 0.03726 0
2004 0.02859 0.27029 0.13694 0.52666 0.03751 0
2005 0.02899 0.28447 0.12068 0.52767 0.03819 0
2006 0.02998 0.3041 0.11446 0.51146 0.04 0
2007 0.02966 0.31017 0.11569 0.50353 0.04096 0
2008 0.02953 0.30652 0.12084 0.50251 0.04059 0
2009 0.02855 0.30275 0.12272 0.50529 0.0407 0
2010 0.02908 0.31049 0.12363 0.49464 0.04216 0
2011 0.0287 0.2967 0.12778 0.5039 0.04293 0
2012 0.02997 0.30143 0.13345 0.49007 0.04508 0
2013 0.02986 0.29775 0.13713 0.48998 0.04527 0
2014 0.03392 0.34757 0.14107 0.4263 0.05113 2e-05
2015 0.03776 0.38769 0.11814 0.39932 0.0571 0
2016 0.04348 0.36835 0.10122 0.42136 0.06559 0
2017 0.05134 0.39237 0.0938 0.38462 0.07787 0
2018 0.05629 0.33013 0.09064 0.43871 0.08422 0
2019 0.05978 0.30233 0.09769 0.44906 0.09113 0
2020 0.0621 0.31094 0.08797 0.44716 0.09183 0
2021 0.06442 0.30632 0.07453 0.46 0.09472 0
2022 0.06756 0.27958 0.0823 0.46988 0.10068 0
2023 0.07477 0.23983 0.09157 0.4856 0.10823 0
2024 0.07968 0.19644 0.10623 0.50033 0.11732 0
Split for: MX_AR
Year RUS+WAL EAL+BER GOA SEA+NBC SBC+WA OR+CA
1970 0.09931 0.47928 0.21961 0.09858 0.01942 0.08382
1971 0.09971 0.47875 0.22036 0.09814 0.01947 0.08357
1972 0.09757 0.48024 0.22135 0.09792 0.01954 0.08338
1973 0.09779 0.48047 0.22171 0.09747 0.01956 0.083
1974 0.09801 0.48083 0.2221 0.09707 0.01958 0.08242
1975 0.09822 0.48124 0.22241 0.09669 0.01961 0.08184
1976 0.09843 0.48166 0.22271 0.09633 0.01961 0.08125
1977 0.09864 0.4821 0.22301 0.09597 0.01961 0.08067
1978 0.09884 0.48255 0.22331 0.09562 0.01961 0.08007
1979 0.09905 0.48294 0.22363 0.0953 0.01962 0.07947
1980 0.09926 0.48336 0.22396 0.09497 0.01963 0.07882
1981 0.09947 0.48384 0.22423 0.09464 0.01963 0.07819
1982 0.09967 0.48436 0.22444 0.09432 0.01963 0.07757
1983 0.09986 0.48488 0.22464 0.094 0.01964 0.07698
1984 0.10004 0.48538 0.22476 0.09368 0.01963 0.0765
1985 0.10021 0.48587 0.22487 0.0934 0.01963 0.07602
1986 0.10038 0.48641 0.22492 0.0931 0.01963 0.07556
1987 0.10055 0.48699 0.22498 0.09272 0.01963 0.07513
1988 0.10072 0.48753 0.225 0.09243 0.01963 0.07469
1989 0.10085 0.48801 0.22497 0.09223 0.01962 0.07432
1990 0.10099 0.48846 0.22492 0.092 0.01961 0.07403
1991 0.10113 0.48899 0.22489 0.09176 0.0196 0.07363
1992 0.10128 0.48954 0.22485 0.09149 0.01959 0.07325
1993 0.10141 0.49004 0.22477 0.0913 0.01958 0.0729
1994 0.10155 0.49054 0.22467 0.09106 0.01957 0.07261
1995 0.10168 0.49104 0.22456 0.09082 0.01956 0.07234
1996 0.10182 0.49158 0.22442 0.0905 0.01955 0.07213
1997 0.10196 0.49211 0.22423 0.0902 0.01956 0.07194
1998 0.10213 0.49253 0.22408 0.0899 0.01958 0.07179
1999 0.1023 0.49304 0.22391 0.08955 0.01957 0.07163
2000 0.10242 0.49353 0.22361 0.08924 0.01958 0.07162
2001 0.10107 0.50099 0.22144 0.08588 0.01964 0.07098
2002 0.09931 0.51174 0.21 0.08751 0.01976 0.07168
2003 0.09862 0.53153 0.18871 0.08822 0.02023 0.07268
2004 0.09739 0.53701 0.18299 0.08866 0.02039 0.07356
2005 0.09799 0.56076 0.16001 0.08814 0.02059 0.07251
2006 0.09788 0.57905 0.14659 0.08252 0.02084 0.07314
2007 0.09638 0.58797 0.14751 0.08088 0.02124 0.06602
2008 0.09624 0.58264 0.1545 0.08094 0.02111 0.06456
2009 0.09403 0.58166 0.15858 0.08226 0.0214 0.06207
2010 0.09422 0.58682 0.15716 0.07921 0.0218 0.06078
2011 0.09467 0.57093 0.16538 0.08216 0.0226 0.06426
2012 0.09694 0.56869 0.16935 0.07834 0.02327 0.06341
2013 0.09679 0.56302 0.17441 0.07851 0.02342 0.06385
2014 0.0984 0.5882 0.16057 0.06113 0.02367 0.06802
2015 0.1032 0.6181 0.12668 0.05394 0.02491 0.07317
2016 0.12048 0.59538 0.11004 0.05771 0.02901 0.08739
2017 0.13271 0.59155 0.09512 0.04913 0.03212 0.09937
2018 0.15536 0.53149 0.09815 0.05985 0.0371 0.11805
2019 0.16777 0.49491 0.10756 0.06229 0.04082 0.12666
2020 0.17036 0.49758 0.09469 0.06063 0.04021 0.13654
2021 0.17677 0.49027 0.08024 0.06238 0.04148 0.14886
2022 0.1881 0.45403 0.08989 0.06466 0.04473 0.15859
2023 0.20889 0.39082 0.10037 0.06705 0.04825 0.18463
2024 0.22492 0.32345 0.11765 0.0698 0.05285 0.21133
Split for: MX_ML
Year RUS+WAL EAL+BER GOA SEA+NBC SBC+WA OR+CA
1970 0.04214 0.22698 0.05283 0.08238 0.05707 0.53859
1971 0.04238 0.22712 0.05311 0.08216 0.05732 0.5379
1972 0.04152 0.22809 0.05341 0.08207 0.0576 0.53732
1973 0.04172 0.22877 0.05363 0.0819 0.05779 0.5362
1974 0.04196 0.22979 0.05392 0.08186 0.05808 0.53439
1975 0.04221 0.23082 0.05419 0.08184 0.05836 0.53257
1976 0.04246 0.23189 0.05447 0.08184 0.05858 0.53076
1977 0.04271 0.23298 0.05475 0.08185 0.05881 0.5289
1978 0.04296 0.23409 0.05503 0.08186 0.05905 0.527
1979 0.04322 0.23518 0.05532 0.08189 0.0593 0.52508
1980 0.04349 0.23638 0.05564 0.08195 0.05959 0.52296
1981 0.04376 0.23758 0.05593 0.08201 0.05982 0.5209
1982 0.04402 0.23878 0.05621 0.08205 0.06007 0.51887
1983 0.04428 0.23995 0.05647 0.08209 0.06031 0.51689
1984 0.0445 0.24097 0.05669 0.08207 0.06049 0.51529
1985 0.04471 0.24197 0.05689 0.08208 0.06067 0.51367
1986 0.04493 0.24297 0.05707 0.08206 0.06086 0.51211
1987 0.04513 0.24397 0.05726 0.08197 0.06103 0.51064
1988 0.04534 0.24494 0.05743 0.08195 0.06121 0.50914
1989 0.04551 0.24579 0.05756 0.08197 0.06133 0.50784
1990 0.04566 0.24649 0.05766 0.08193 0.0614 0.50686
1991 0.04584 0.24741 0.0578 0.08193 0.06154 0.50547
1992 0.04603 0.24832 0.05794 0.0819 0.06168 0.50413
1993 0.0462 0.24915 0.05805 0.08192 0.06179 0.50289
1994 0.04635 0.24989 0.05814 0.08186 0.06187 0.50189
1995 0.0465 0.25061 0.05822 0.08179 0.06195 0.50093
1996 0.04663 0.25125 0.05827 0.08163 0.06202 0.5002
1997 0.04675 0.25183 0.05829 0.08146 0.06214 0.49953
1998 0.04688 0.25232 0.05832 0.08127 0.06224 0.49897
1999 0.04701 0.25286 0.05834 0.08105 0.0623 0.49844
2000 0.04707 0.25315 0.05827 0.08077 0.06232 0.49842
2001 0.04667 0.25817 0.05797 0.0781 0.0628 0.49629
2002 0.04547 0.2615 0.05451 0.07891 0.06268 0.49693
2003 0.04456 0.26802 0.04834 0.0785 0.06332 0.49726
2004 0.04367 0.26874 0.04652 0.0783 0.06333 0.49944
2005 0.04396 0.2808 0.0407 0.07788 0.06401 0.49264
2006 0.04366 0.28831 0.03708 0.0725 0.06439 0.49406
2007 0.04499 0.30631 0.03904 0.07435 0.06868 0.46663
2008 0.04545 0.30711 0.04137 0.07528 0.06906 0.46172
2009 0.04514 0.31161 0.04316 0.07777 0.07114 0.45119
2010 0.04561 0.31705 0.04313 0.07552 0.0731 0.44558
2011 0.04471 0.30097 0.04429 0.07643 0.07395 0.45965
2012 0.04609 0.30177 0.04565 0.07336 0.07663 0.4565
2013 0.04592 0.29813 0.04692 0.07336 0.07697 0.45871
2014 0.04555 0.30389 0.04214 0.05573 0.0759 0.47678
2015 0.04583 0.30638 0.0319 0.04718 0.07662 0.49209
2016 0.04847 0.26737 0.0251 0.04573 0.08085 0.53247
2017 0.04969 0.2472 0.02019 0.03623 0.0833 0.56339
2018 0.05237 0.19995 0.01876 0.03973 0.08662 0.60257
2019 0.05404 0.17793 0.01964 0.03952 0.09107 0.6178
2020 0.0525 0.17115 0.01655 0.0368 0.08583 0.63717
2021 0.05148 0.15936 0.01325 0.03578 0.08368 0.65645
2022 0.05248 0.14137 0.01422 0.03553 0.08645 0.66996
2023 0.0527 0.11004 0.01436 0.03331 0.08432 0.70528
2024 0.05163 0.08287 0.01531 0.03156 0.08404 0.73459
Split for: Central_Am
Year RUS+WAL EAL+BER GOA SEA+NBC SBC+WA OR+CA
1970 0 0 0 0 0.05843 0.94157
1971 0 0 0 0 0.05874 0.94126
1972 0 0 0 0 0.05907 0.94093
1973 0 0 0 0 0.05937 0.94063
1974 0 0 0 0 0.05984 0.94016
1975 0 0 0 0 0.0603 0.9397
1976 0 0 0 0 0.06071 0.93929
1977 0 0 0 0 0.06114 0.93886
1978 0 0 0 0 0.06158 0.93842
1979 0 0 0 0 0.06204 0.93796
1980 0 0 0 0 0.06255 0.93745
1981 0 0 0 0 0.06302 0.93698
1982 0 0 0 0 0.06349 0.93651
1983 0 0 0 0 0.06396 0.93604
1984 0 0 0 0 0.06432 0.93568
1985 0 0 0 0 0.06469 0.93531
1986 0 0 0 0 0.06507 0.93493
1987 0 0 0 0 0.06541 0.93459
1988 0 0 0 0 0.06577 0.93423
1989 0 0 0 0 0.06605 0.93395
1990 0 0 0 0 0.06624 0.93376
1991 0 0 0 0 0.06655 0.93345
1992 0 0 0 0 0.06686 0.93314
1993 0 0 0 0 0.06712 0.93288
1994 0 0 0 0 0.06733 0.93267
1995 0 0 0 0 0.06754 0.93246
1996 0 0 0 0 0.06769 0.93231
1997 0 0 0 0 0.0679 0.9321
1998 0 0 0 0 0.06807 0.93193
1999 0 0 0 0 0.0682 0.9318
2000 0 0 0 0 0.06822 0.93178
2001 0 0 0 0 0.06899 0.93101
2002 0 0 0 0 0.06878 0.93122
2003 0 0 0 0 0.06939 0.93061
2004 0 0 0 0 0.06913 0.93087
2005 0 0 0 0 0.07071 0.92929
2006 0 0 0 0 0.07091 0.92909
2007 0 0 0 0 0.07935 0.92065
2008 0 0 0 0 0.08054 0.91946
2009 0 0 0 0 0.08453 0.91547
2010 0 0 0 0 0.08765 0.91235
2011 0 0 0 0 0.0861 0.9139
2012 0 0 0 0 0.08951 0.91049
2013 0 0 0 0 0.08948 0.91052
2014 0 0 0 0 0.08528 0.91472
2015 0 0 0 0 0.08356 0.91644
2016 0 0 0 0 0.08166 0.91834
2017 0 0 0 0 0.07969 0.92031
2018 0 0 0 0 0.07764 0.92236
2019 0 0 0 0 0.07947 0.92053
2020 0 0 0 0 0.07312 0.92688
2021 0 0 0 0 0.06946 0.93054
2022 0 0 0 0 0.07026 0.92974
2023 0 0 0 0 0.06543 0.93457
2024 0 0 0 0 0.06279 0.93721

Difference in mortality over time
Difference for: Asia
Year RUS+WAL EAL+BER GOA SEA+NBC SBC+WA OR+CA
1970 0 0 0 0 0 0
1971 0 0 0 0 0 0
1972 0 0 0 0 0 0
1973 0 0 0 0 0 0
1974 0 0 0 0 0 0
1975 0 0 0 0 0 0
1976 0 0 0 0 0 0
1977 0 0 0 0 0 0
1978 0 0 0 0 0 0
1979 0 0 0 0 0 0
1980 0 0 0 0 0 0
1981 0 0 0 0 0 0
1982 0 0 0 0 0 0
1983 0 0 0 0 0 0
1984 0 0 0 0 0 0
1985 0 0 0 0 0 0
1986 0 0 0 0 0 0
1987 0 0 0 0 0 0
1988 0 0 0 0 0 0
1989 0 0 0 0 0 0
1990 0 0 0 0 0 0
1991 0 0 0 0 0 0
1992 0 0 0 0 0 0
1993 0 0 0 0 0 0
1994 0 0 0 0 0 0
1995 0 0 0 0 0 0
1996 0 0 0 0 0 0
1997 0 0 0 0 0 0
1998 0 0 0 0 0 0
1999 0 0 0 0 0 0
2000 0 3 0 0 0 0
2001 0 4 0 0 0 0
2002 0 5 0 0 0 0
2003 0 3 0 0 0 0
2004 0 6 0 0 0 0
2005 0 6 0 0 0 0
2006 0 7 0 0 0 0
2007 0 1 0 0 0 0
2008 0 6 0 0 0 0
2009 0 4 0 0 0 0
2010 0 -4 0 0 0 0
2011 0 -4 0 0 0 0
2012 0 0 0 0 0 0
2013 0 8 0 0 0 0
2014 0 3 0 0 0 0
2015 0 -52 0 0 0 0
2016 0 -26 0 0 0 0
2017 0 -65 0 0 0 0
2018 0 -32 0 0 0 0
2019 0 -7 0 0 0 0
2020 0 -14 0 0 0 0
2021 0 -29 0 0 0 0
2022 0 -45 0 0 0 0
2023 0 -37 0 0 0 0
Difference for: Hawaii
Year RUS+WAL EAL+BER GOA SEA+NBC SBC+WA OR+CA
1970 0 0 0 0 0 0
1971 0 0 0 0 0 0
1972 0 0 0 0 0 0
1973 0 0 0 0 0 0
1974 0 0 0 0 0 0
1975 0 0 0 0 0 0
1976 0 0 0 0 0 0
1977 0 0 0 0 0 0
1978 0 0 0 0 0 0
1979 0 0 0 0 0 0
1980 0 0 0 0 0 0
1981 0 0 0 0 0 0
1982 0 0 0 0 0 0
1983 0 0 0 0 0 0
1984 0 0 0 0 0 0
1985 0 0 0 0 0 0
1986 0 0 0 0 0 0
1987 0 0 0 0 0 0
1988 0 0 0 0 0 0
1989 0 0 0 0 0 0
1990 0 0 0 0 0 0
1991 0 0 0 0 0 0
1992 0 0 0 0 0 0
1993 0 0 0 0 0 0
1994 0 0 0 0 0 0
1995 0 0 0 0 0 0
1996 0 0 0 0 0 0
1997 0 0 0 0 0 0
1998 0 0 0 0 0 0
1999 0 0 0 0 0 0
2000 0 48 7 -75 4 0
2001 0 76 -42 152 7 0
2002 0 101 -135 93 10 0
2003 0 68 -24 121 8 0
2004 0 115 -204 -14 5 0
2005 0 124 -118 -320 8 0
2006 0 135 17 6 16 0
2007 0 18 52 47 5 0
2008 0 131 67 287 20 0
2009 0 86 -23 -195 15 0
2010 0 -93 81 280 27 0
2011 0 -88 15 -526 7 0
2012 0 -5 77 73 10 0
2013 0 178 -218 -2321 4 0
2014 0 74 -672 -1252 12 0
2015 0 -1148 -578 -630 7 0
2016 0 -582 -391 -1738 16 0
2017 0 -1447 -189 44 8 0
2018 0 -717 -24 -336 30 0
2019 0 -151 -230 -386 -14 0
2020 0 -315 -264 -180 6 0
2021 0 -666 3 -306 27 0
2022 0 -1040 -33 -516 -15 0
2023 0 -863 47 -341 31 0
Difference for: MX_AR
Year RUS+WAL EAL+BER GOA SEA+NBC SBC+WA OR+CA
1970 0 0 0 0 0 0
1971 0 0 0 0 0 0
1972 0 0 0 0 0 0
1973 0 0 0 0 0 0
1974 0 0 0 0 0 0
1975 0 0 0 0 0 0
1976 0 0 0 0 0 0
1977 0 0 0 0 0 0
1978 0 0 0 0 0 0
1979 0 0 0 0 0 0
1980 0 0 0 0 0 0
1981 0 0 0 0 0 0
1982 0 0 0 0 0 0
1983 0 0 0 0 0 0
1984 0 0 0 0 0 0
1985 0 0 0 0 0 0
1986 0 0 0 0 0 0
1987 0 0 0 0 0 0
1988 0 0 0 0 0 0
1989 0 0 0 0 0 0
1990 0 0 0 0 0 0
1991 0 0 0 0 0 0
1992 0 0 0 0 0 0
1993 0 0 0 0 0 0
1994 0 0 0 0 0 0
1995 0 0 0 0 0 0
1996 0 0 0 0 0 0
1997 0 0 0 0 0 0
1998 0 0 0 0 0 0
1999 0 0 0 0 0 0
2000 0 17 2 -2 0 1
2001 0 27 -10 5 1 3
2002 0 36 -32 3 1 2
2003 0 24 -6 4 1 3
2004 0 41 -48 0 0 -2
2005 0 44 -28 -10 1 1
2006 0 48 4 0 2 -14
2007 0 6 12 1 0 -4
2008 0 46 16 9 2 -4
2009 0 31 -5 -6 1 -5
2010 0 -33 19 8 3 6
2011 0 -31 3 -16 1 -10
2012 0 -2 18 2 1 -2
2013 0 63 -52 -70 0 8
2014 0 26 -160 -38 1 7
2015 0 -406 -138 -19 1 10
2016 0 -206 -93 -52 2 7
2017 0 -512 -45 1 1 6
2018 0 -254 -6 -10 3 -4
2019 0 -53 -55 -12 -1 14
2020 0 -112 -63 -5 1 14
2021 0 -235 1 -9 3 -4
2022 0 -368 -8 -15 -1 13
2023 0 -305 11 -10 3 16
Difference for: MX_ML
Year RUS+WAL EAL+BER GOA SEA+NBC SBC+WA OR+CA
1970 0 0 0 0 0 0
1971 0 0 0 0 0 0
1972 0 0 0 0 0 0
1973 0 0 0 0 0 0
1974 0 0 0 0 0 0
1975 0 0 0 0 0 0
1976 0 0 0 0 0 0
1977 0 0 0 0 0 0
1978 0 0 0 0 0 0
1979 0 0 0 0 0 0
1980 0 0 0 0 0 0
1981 0 0 0 0 0 0
1982 0 0 0 0 0 0
1983 0 0 0 0 0 0
1984 0 0 0 0 0 0
1985 0 0 0 0 0 0
1986 0 0 0 0 0 0
1987 0 0 0 0 0 0
1988 0 0 0 0 0 0
1989 0 0 0 0 0 0
1990 0 0 0 0 0 0
1991 0 0 0 0 0 0
1992 0 0 0 0 0 0
1993 0 0 0 0 0 0
1994 0 0 0 0 0 0
1995 0 0 0 0 0 0
1996 0 0 0 0 0 0
1997 0 0 0 0 0 0
1998 0 0 0 0 0 0
1999 0 0 0 0 0 0
2000 0 10 1 -2 1 4
2001 0 15 -3 5 2 20
2002 0 21 -9 3 3 18
2003 0 14 -2 4 3 22
2004 0 23 -14 0 2 -19
2005 0 25 -8 -10 3 11
2006 0 27 1 0 5 -105
2007 0 4 4 1 2 -31
2008 0 26 5 9 7 -30
2009 0 17 -2 -6 5 -36
2010 0 -19 6 8 9 44
2011 0 -18 1 -16 2 -77
2012 0 -1 5 2 3 -16
2013 0 35 -15 -69 1 58
2014 0 15 -45 -37 4 52
2015 0 -225 -39 -18 2 76
2016 0 -114 -26 -51 5 56
2017 0 -283 -13 1 3 44
2018 0 -140 -2 -10 10 -30
2019 0 -29 -15 -11 -5 101
2020 0 -61 -17 -5 2 105
2021 0 -129 0 -9 9 -33
2022 0 -200 -2 -15 -5 94
2023 0 -166 3 -10 10 119
Difference for: Central_Am
Year RUS+WAL EAL+BER GOA SEA+NBC SBC+WA OR+CA
1970 0 0 0 0 0 0
1971 0 0 0 0 0 0
1972 0 0 0 0 0 0
1973 0 0 0 0 0 0
1974 0 0 0 0 0 0
1975 0 0 0 0 0 0
1976 0 0 0 0 0 0
1977 0 0 0 0 0 0
1978 0 0 0 0 0 0
1979 0 0 0 0 0 0
1980 0 0 0 0 0 0
1981 0 0 0 0 0 0
1982 0 0 0 0 0 0
1983 0 0 0 0 0 0
1984 0 0 0 0 0 0
1985 0 0 0 0 0 0
1986 0 0 0 0 0 0
1987 0 0 0 0 0 0
1988 0 0 0 0 0 0
1989 0 0 0 0 0 0
1990 0 0 0 0 0 0
1991 0 0 0 0 0 0
1992 0 0 0 0 0 0
1993 0 0 0 0 0 0
1994 0 0 0 0 0 0
1995 0 0 0 0 0 0
1996 0 0 0 0 0 0
1997 0 0 0 0 0 0
1998 0 0 0 0 0 0
1999 0 0 0 0 0 0
2000 0 0 0 0 0 2
2001 0 0 0 0 1 9
2002 0 0 0 0 1 8
2003 0 0 0 0 1 10
2004 0 0 0 0 0 -9
2005 0 0 0 0 1 5
2006 0 0 0 0 1 -49
2007 0 0 0 0 0 -14
2008 0 0 0 0 2 -14
2009 0 0 0 0 1 -17
2010 0 0 0 0 2 20
2011 0 0 0 0 1 -36
2012 0 0 0 0 1 -7
2013 0 0 0 0 0 27
2014 0 0 0 0 1 24
2015 0 0 0 0 1 35
2016 0 0 0 0 1 26
2017 0 0 0 0 1 20
2018 0 0 0 0 3 -14
2019 0 0 0 0 -1 47
2020 0 0 0 0 1 49
2021 0 0 0 0 2 -15
2022 0 0 0 0 -1 43
2023 0 0 0 0 3 55

Total survival over time
Values for breeding stock: Asia
Year RUS+WAL EAL+BER GOA SEA+NBC SBC+WA OR+CA
1970 0.996 0.986 0 0 0 0
1971 1.28 1.274 0 0 0 0
1972 1.186 1.216 0 0 0 0
1973 1.176 1.174 0 0 0 0
1974 1.147 1.145 0 0 0 0
1975 1.126 1.124 0 0 0 0
1976 1.109 1.107 0 0 0 0
1977 1.095 1.094 0 0 0 0
1978 1.084 1.083 0 0 0 0
1979 1.075 1.074 0 0 0 0
1980 1.067 1.066 0 0 0 0
1981 1.086 1.085 0 0 0 0
1982 1.1 1.099 0 0 0 0
1983 1.109 1.108 0 0 0 0
1984 1.113 1.112 0 0 0 0
1985 1.114 1.113 0 0 0 0
1986 1.113 1.112 0 0 0 0
1987 1.11 1.11 0 0 0 0
1988 1.106 1.106 0 0 0 0
1989 1.102 1.102 0 0 0 0
1990 1.097 1.097 0 0 0 0
1991 1.095 1.095 0 0 0 0
1992 1.095 1.095 0 0 0 0
1993 1.096 1.095 0 0 0 0
1994 1.097 1.096 0 0 0 0
1995 1.098 1.097 0 0 0 0
1996 1.098 1.098 0 0 0 0
1997 1.098 1.098 0 0 0 0
1998 1.098 1.097 0 0 0 0
1999 1.097 1.096 0 0 0 0
2000 1.095 1.119 0 0 0 0
2001 1.094 1.123 0 0 0 0
2002 1.092 1.124 0 0 0 0
2003 1.091 1.103 0 0 0 0
2004 1.089 1.115 0 0 0 0
2005 1.088 1.109 0 0 0 0
2006 1.087 1.105 0 0 0 0
2007 1.086 1.071 0 0 0 0
2008 1.084 1.096 0 0 0 0
2009 1.083 1.081 0 0 0 0
2010 1.081 1.044 0 0 0 0
2011 1.079 1.049 0 0 0 0
2012 1.077 1.066 0 0 0 0
2013 1.069 1.089 0 0 0 0
2014 1.082 1.08 0 0 0 0
2015 1.045 0.871 0 0 0 0
2016 1.072 0.981 0 0 0 0
2017 1.07 0.834 0 0 0 0
2018 1.065 0.966 0 0 0 0
2019 1.068 1.102 0 0 0 0
2020 1.056 1.035 0 0 0 0
2021 1.053 0.951 0 0 0 0
2022 1.05 0.849 0 0 0 0
2023 1.047 0.87 0 0 0 0
Values for breeding stock: Hawaii
Year RUS+WAL EAL+BER GOA SEA+NBC SBC+WA OR+CA
1970 1.008 0.997 0.986 0.991 1.005 0
1971 1.292 1.286 1.292 1.281 1.291 0
1972 1.196 1.226 1.228 1.22 1.227 0
1973 1.186 1.184 1.186 1.178 1.185 0
1974 1.156 1.155 1.156 1.149 1.155 0
1975 1.134 1.133 1.133 1.127 1.133 0
1976 1.117 1.116 1.116 1.111 1.115 0
1977 1.104 1.103 1.103 1.097 1.102 0
1978 1.093 1.092 1.092 1.087 1.091 0
1979 1.084 1.082 1.083 1.078 1.082 0
1980 1.076 1.075 1.076 1.07 1.075 0
1981 1.096 1.095 1.095 1.09 1.094 0
1982 1.11 1.109 1.108 1.103 1.108 0
1983 1.118 1.117 1.117 1.112 1.116 0
1984 1.122 1.121 1.121 1.116 1.12 0
1985 1.123 1.122 1.122 1.118 1.121 0
1986 1.122 1.121 1.12 1.116 1.12 0
1987 1.119 1.118 1.117 1.112 1.117 0
1988 1.115 1.114 1.113 1.11 1.113 0
1989 1.111 1.11 1.109 1.107 1.109 0
1990 1.106 1.105 1.104 1.101 1.104 0
1991 1.104 1.104 1.102 1.099 1.102 0
1992 1.104 1.103 1.102 1.099 1.102 0
1993 1.104 1.104 1.102 1.1 1.103 0
1994 1.105 1.105 1.103 1.101 1.104 0
1995 1.106 1.106 1.104 1.102 1.105 0
1996 1.107 1.107 1.105 1.101 1.105 0
1997 1.107 1.107 1.104 1.102 1.107 0
1998 1.107 1.106 1.104 1.101 1.106 0
1999 1.105 1.105 1.103 1.099 1.104 0
2000 1.104 1.128 1.106 1.081 1.118 0
2001 1.102 1.132 1.069 1.133 1.12 0
2002 1.101 1.133 1.012 1.109 1.123 0
2003 1.099 1.112 1.097 1.11 1.111 0
2004 1.098 1.123 0.971 1.082 1.1 0
2005 1.096 1.117 1.041 1.035 1.102 0
2006 1.095 1.113 1.134 1.093 1.114 0
2007 1.094 1.079 1.137 1.095 1.095 0
2008 1.093 1.105 1.135 1.124 1.107 0
2009 1.091 1.089 1.078 1.053 1.105 0
2010 1.09 1.052 1.133 1.11 1.111 0
2011 1.088 1.058 1.088 1.017 1.077 0
2012 1.086 1.075 1.107 1.091 1.089 0
2013 1.084 1.104 0.994 0.84 1.079 0
2014 1.081 1.079 0.823 0.948 1.08 0
2015 1.079 0.899 0.83 1.024 1.071 0
2016 1.078 0.986 0.901 0.855 1.08 0
2017 1.075 0.838 1.021 1.169 1.066 0
2018 1.073 0.973 1.139 1.059 1.072 0
2019 1.07 1.104 0.952 1.052 1.044 0
2020 1.067 1.046 0.934 1.088 1.052 0
2021 1.064 0.961 1.181 1.057 1.071 0
2022 1.062 0.858 1.101 1.027 1.038 0
2023 1.059 0.88 1.158 1.048 1.062 0
Values for breeding stock: MX_AR
Year RUS+WAL EAL+BER GOA SEA+NBC SBC+WA OR+CA
1970 1.008 0.997 0.986 0.991 1.005 0.961
1971 1.292 1.286 1.292 1.281 1.291 1.283
1972 1.196 1.226 1.228 1.22 1.227 1.22
1973 1.186 1.184 1.186 1.178 1.185 1.179
1974 1.157 1.155 1.156 1.149 1.155 1.146
1975 1.134 1.133 1.134 1.128 1.133 1.124
1976 1.117 1.116 1.117 1.111 1.115 1.107
1977 1.104 1.103 1.103 1.098 1.102 1.094
1978 1.093 1.092 1.092 1.087 1.091 1.083
1979 1.084 1.083 1.083 1.078 1.082 1.074
1980 1.076 1.075 1.076 1.07 1.075 1.065
1981 1.096 1.095 1.095 1.09 1.094 1.085
1982 1.11 1.109 1.108 1.104 1.108 1.099
1983 1.118 1.117 1.117 1.112 1.116 1.108
1984 1.122 1.121 1.121 1.116 1.12 1.114
1985 1.123 1.122 1.122 1.118 1.121 1.115
1986 1.122 1.121 1.12 1.116 1.12 1.114
1987 1.119 1.118 1.117 1.112 1.117 1.111
1988 1.115 1.114 1.113 1.11 1.113 1.107
1989 1.111 1.11 1.109 1.107 1.109 1.104
1990 1.106 1.105 1.104 1.101 1.104 1.101
1991 1.104 1.104 1.102 1.099 1.102 1.097
1992 1.104 1.103 1.102 1.099 1.102 1.097
1993 1.104 1.104 1.102 1.1 1.103 1.098
1994 1.105 1.105 1.103 1.101 1.104 1.1
1995 1.106 1.106 1.104 1.102 1.105 1.102
1996 1.107 1.107 1.105 1.101 1.105 1.103
1997 1.107 1.107 1.104 1.102 1.107 1.104
1998 1.107 1.106 1.104 1.101 1.106 1.103
1999 1.106 1.105 1.103 1.099 1.104 1.102
2000 1.104 1.128 1.106 1.081 1.118 1.109
2001 1.102 1.132 1.069 1.133 1.121 1.124
2002 1.101 1.133 1.012 1.109 1.123 1.115
2003 1.099 1.112 1.097 1.11 1.111 1.116
2004 1.098 1.123 0.971 1.082 1.1 1.078
2005 1.096 1.117 1.041 1.035 1.102 1.107
2006 1.095 1.113 1.134 1.093 1.115 1.013
2007 1.094 1.079 1.137 1.095 1.095 1.088
2008 1.093 1.105 1.135 1.124 1.107 1.087
2009 1.091 1.089 1.078 1.053 1.105 1.084
2010 1.09 1.052 1.133 1.11 1.111 1.136
2011 1.088 1.058 1.088 1.017 1.077 1.054
2012 1.086 1.075 1.107 1.091 1.089 1.106
2013 1.084 1.104 0.994 0.84 1.079 1.144
2014 1.082 1.08 0.823 0.948 1.08 1.114
2015 1.079 0.899 0.83 1.024 1.071 1.106
2016 1.078 0.986 0.901 0.855 1.08 1.077
2017 1.075 0.838 1.021 1.17 1.066 1.095
2018 1.073 0.973 1.139 1.059 1.072 1.055
2019 1.07 1.104 0.952 1.052 1.044 1.116
2020 1.067 1.046 0.934 1.088 1.052 1.117
2021 1.064 0.961 1.181 1.057 1.071 1.063
2022 1.062 0.858 1.101 1.027 1.038 1.105
2023 1.059 0.88 1.158 1.048 1.062 1.107
Values for breeding stock: MX_ML
Year RUS+WAL EAL+BER GOA SEA+NBC SBC+WA OR+CA
1970 1.001 0.99 0.979 0.984 0.998 0.955
1971 1.285 1.278 1.284 1.274 1.283 1.276
1972 1.19 1.22 1.221 1.213 1.22 1.213
1973 1.18 1.179 1.18 1.172 1.179 1.173
1974 1.151 1.149 1.15 1.144 1.15 1.14
1975 1.129 1.128 1.128 1.122 1.128 1.119
1976 1.112 1.111 1.111 1.106 1.11 1.102
1977 1.099 1.098 1.098 1.093 1.097 1.089
1978 1.088 1.087 1.087 1.082 1.086 1.078
1979 1.079 1.078 1.078 1.073 1.077 1.069
1980 1.071 1.07 1.071 1.065 1.07 1.061
1981 1.091 1.09 1.09 1.085 1.089 1.08
1982 1.105 1.104 1.104 1.099 1.103 1.094
1983 1.113 1.112 1.112 1.107 1.112 1.103
1984 1.118 1.117 1.116 1.112 1.115 1.109
1985 1.119 1.118 1.117 1.113 1.117 1.11
1986 1.117 1.117 1.116 1.112 1.116 1.109
1987 1.115 1.114 1.113 1.108 1.113 1.107
1988 1.111 1.11 1.109 1.106 1.109 1.103
1989 1.106 1.106 1.105 1.103 1.105 1.1
1990 1.102 1.102 1.1 1.098 1.1 1.097
1991 1.1 1.1 1.098 1.095 1.098 1.093
1992 1.1 1.1 1.098 1.095 1.098 1.093
1993 1.101 1.1 1.099 1.097 1.099 1.095
1994 1.102 1.101 1.1 1.097 1.1 1.097
1995 1.103 1.102 1.101 1.098 1.101 1.098
1996 1.103 1.103 1.101 1.098 1.102 1.1
1997 1.104 1.103 1.101 1.098 1.103 1.1
1998 1.103 1.102 1.1 1.097 1.102 1.1
1999 1.102 1.101 1.099 1.096 1.1 1.099
2000 1.101 1.125 1.103 1.077 1.115 1.105
2001 1.099 1.129 1.066 1.13 1.117 1.121
2002 1.098 1.13 1.009 1.106 1.12 1.112
2003 1.096 1.109 1.094 1.107 1.109 1.114
2004 1.095 1.12 0.969 1.079 1.097 1.075
2005 1.093 1.114 1.038 1.032 1.099 1.104
2006 1.093 1.111 1.132 1.091 1.112 1.011
2007 1.091 1.076 1.135 1.092 1.093 1.085
2008 1.09 1.102 1.132 1.121 1.104 1.084
2009 1.089 1.086 1.075 1.05 1.102 1.081
2010 1.087 1.05 1.13 1.108 1.109 1.133
2011 1.085 1.055 1.085 1.015 1.074 1.051
2012 1.083 1.072 1.104 1.088 1.086 1.103
2013 1.081 1.101 0.991 0.838 1.076 1.142
2014 1.079 1.077 0.821 0.945 1.077 1.111
2015 1.076 0.897 0.828 1.022 1.068 1.103
2016 1.075 0.984 0.898 0.853 1.077 1.074
2017 1.072 0.836 1.018 1.166 1.063 1.092
2018 1.07 0.97 1.136 1.057 1.069 1.053
2019 1.067 1.101 0.949 1.049 1.041 1.114
2020 1.062 1.042 0.93 1.084 1.048 1.112
2021 1.062 0.959 1.179 1.055 1.068 1.061
2022 1.06 0.857 1.099 1.026 1.036 1.103
2023 1.056 0.878 1.155 1.045 1.059 1.104
Values for breeding stock: Central_Am
Year RUS+WAL EAL+BER GOA SEA+NBC SBC+WA OR+CA
1970 0 0 0 0 0.998 0.955
1971 0 0 0 0 1.283 1.276
1972 0 0 0 0 1.221 1.214
1973 0 0 0 0 1.178 1.172
1974 0 0 0 0 1.149 1.14
1975 0 0 0 0 1.128 1.119
1976 0 0 0 0 1.11 1.102
1977 0 0 0 0 1.097 1.089
1978 0 0 0 0 1.086 1.077
1979 0 0 0 0 1.077 1.069
1980 0 0 0 0 1.07 1.061
1981 0 0 0 0 1.089 1.08
1982 0 0 0 0 1.102 1.094
1983 0 0 0 0 1.111 1.103
1984 0 0 0 0 1.115 1.109
1985 0 0 0 0 1.116 1.11
1986 0 0 0 0 1.116 1.109
1987 0 0 0 0 1.113 1.107
1988 0 0 0 0 1.109 1.103
1989 0 0 0 0 1.105 1.1
1990 0 0 0 0 1.1 1.097
1991 0 0 0 0 1.098 1.093
1992 0 0 0 0 1.098 1.093
1993 0 0 0 0 1.099 1.094
1994 0 0 0 0 1.1 1.097
1995 0 0 0 0 1.101 1.098
1996 0 0 0 0 1.102 1.1
1997 0 0 0 0 1.103 1.1
1998 0 0 0 0 1.102 1.1
1999 0 0 0 0 1.1 1.099
2000 0 0 0 0 1.115 1.105
2001 0 0 0 0 1.117 1.121
2002 0 0 0 0 1.12 1.112
2003 0 0 0 0 1.108 1.113
2004 0 0 0 0 1.097 1.075
2005 0 0 0 0 1.099 1.105
2006 0 0 0 0 1.112 1.011
2007 0 0 0 0 1.093 1.085
2008 0 0 0 0 1.104 1.084
2009 0 0 0 0 1.102 1.081
2010 0 0 0 0 1.108 1.133
2011 0 0 0 0 1.074 1.051
2012 0 0 0 0 1.086 1.103
2013 0 0 0 0 1.076 1.142
2014 0 0 0 0 1.078 1.112
2015 0 0 0 0 1.069 1.104
2016 0 0 0 0 1.078 1.075
2017 0 0 0 0 1.063 1.092
2018 0 0 0 0 1.07 1.053
2019 0 0 0 0 1.043 1.115
2020 0 0 0 0 1.049 1.113
2021 0 0 0 0 1.068 1.061
2022 0 0 0 0 1.036 1.103
2023 0 0 0 0 1.06 1.105

Numbers over time by herd
Values for breeding stock: Asia
Year RUS+WAL EAL+BER GOA SEA+NBC SBC+WA OR+CA
1970 66 10 0 0 0 0
1971 84 13 0 0 0 0
1972 95 15 0 0 0 0
1973 108 17 0 0 0 0
1974 119 19 0 0 0 0
1975 131 20 0 0 0 0
1976 141 22 0 0 0 0
1977 151 23 0 0 0 0
1978 160 25 0 0 0 0
1979 169 26 0 0 0 0
1980 176 27 0 0 0 0
1981 188 29 0 0 0 0
1982 203 31 0 0 0 0
1983 220 34 0 0 0 0
1984 239 37 0 0 0 0
1985 260 40 0 0 0 0
1986 282 43 0 0 0 0
1987 306 47 0 0 0 0
1988 330 51 0 0 0 0
1989 355 55 0 0 0 0
1990 381 59 0 0 0 0
1991 408 63 0 0 0 0
1992 437 67 0 0 0 0
1993 469 72 0 0 0 0
1994 503 77 0 0 0 0
1995 540 83 0 0 0 0
1996 580 89 0 0 0 0
1997 623 96 0 0 0 0
1998 669 103 0 0 0 0
1999 718 110 0 0 0 0
2000 769 118 0 0 0 0
2001 823 130 0 0 0 0
2002 879 144 0 0 0 0
2003 938 161 0 0 0 0
2004 1001 175 0 0 0 0
2005 1066 194 0 0 0 0
2006 1135 213 0 0 0 0
2007 1207 234 0 0 0 0
2008 1282 247 0 0 0 0
2009 1360 267 0 0 0 0
2010 1441 285 0 0 0 0
2011 1524 292 0 0 0 0
2012 1609 300 0 0 0 0
2013 1687 312 0 0 0 0
2014 1790 340 0 0 0 0
2015 1835 349 0 0 0 0
2016 1930 303 0 0 0 0
2017 2027 287 0 0 0 0
2018 2121 231 0 0 0 0
2019 2226 209 0 0 0 0
2020 2310 215 0 0 0 0
2021 2392 211 0 0 0 0
2022 2470 190 0 0 0 0
2023 2543 151 0 0 0 0
Values for breeding stock: Hawaii
Year RUS+WAL EAL+BER GOA SEA+NBC SBC+WA OR+CA
1970 18 153 104 371 23 0
1971 24 195 133 471 29 0
1972 27 229 157 551 34 0
1973 31 261 179 625 39 0
1974 35 292 200 695 43 0
1975 38 321 221 762 48 0
1976 42 349 240 825 52 0
1977 45 376 259 884 56 0
1978 48 402 276 940 60 0
1979 51 426 293 992 63 0
1980 54 449 309 1042 67 0
1981 58 483 333 1115 72 0
1982 63 524 361 1205 78 0
1983 69 572 394 1310 85 0
1984 75 627 432 1428 93 0
1985 83 687 472 1558 101 0
1986 90 751 516 1697 111 0
1987 99 820 563 1842 121 0
1988 107 892 612 1996 131 0
1989 117 967 663 2158 142 0
1990 126 1045 716 2323 153 0
1991 136 1128 771 2498 165 0
1992 147 1217 831 2685 178 0
1993 159 1315 897 2891 192 0
1994 172 1421 968 3114 207 0
1995 186 1538 1045 3356 224 0
1996 201 1664 1130 3616 242 0
1997 218 1801 1220 3896 262 0
1998 236 1947 1317 4194 283 0
1999 255 2104 1420 4510 305 0
2000 275 2271 1530 4846 329 0
2001 296 2519 1655 5095 361 0
2002 319 2820 1720 5691 398 0
2003 343 3172 1674 6214 441 0
2004 369 3487 1767 6795 484 0
2005 396 3885 1648 7207 522 0
2006 425 4308 1621 7245 567 0
2007 455 4760 1775 7727 628 0
2008 487 5056 1993 8289 670 0
2009 521 5523 2239 9219 743 0
2010 556 5938 2365 9461 806 0
2011 593 6131 2640 10412 887 0
2012 631 6349 2811 10322 949 0
2013 671 6690 3081 11010 1017 0
2014 712 7294 2960 8946 1073 0
2015 754 7738 2358 7970 1140 0
2016 797 6755 1856 7727 1203 0
2017 842 6432 1538 6305 1276 0
2018 887 5199 1428 6910 1326 0
2019 932 4713 1523 7000 1421 0
2020 977 4894 1385 7037 1445 0
2021 1023 4864 1183 7304 1504 0
2022 1068 4421 1301 7431 1592 0
2023 1114 3572 1364 7233 1612 0
Values for breeding stock: MX_AR
Year RUS+WAL EAL+BER GOA SEA+NBC SBC+WA OR+CA
1970 11 54 25 11 2 9
1971 14 69 32 14 3 12
1972 16 81 37 16 3 14
1973 19 92 43 19 4 16
1974 21 103 48 21 4 18
1975 23 113 52 23 5 19
1976 25 123 57 25 5 21
1977 27 133 61 26 5 22
1978 29 142 66 28 6 24
1979 31 151 70 30 6 25
1980 33 159 74 31 6 26
1981 35 171 79 33 7 28
1982 38 185 86 36 8 30
1983 42 202 94 39 8 32
1984 46 222 103 43 9 35
1985 50 243 112 47 10 38
1986 55 265 123 51 11 41
1987 60 290 134 55 12 45
1988 65 315 146 60 13 48
1989 71 342 158 65 14 52
1990 76 369 170 70 15 56
1991 82 399 183 75 16 60
1992 89 430 198 80 17 64
1993 96 465 213 87 19 69
1994 104 502 230 93 20 74
1995 113 544 249 101 22 80
1996 122 588 269 108 23 86
1997 132 637 290 117 25 93
1998 143 688 313 126 27 100
1999 154 744 338 135 30 108
2000 167 803 364 145 32 117
2001 180 891 394 153 35 126
2002 193 997 409 170 39 140
2003 208 1122 398 186 43 153
2004 224 1233 420 204 47 169
2005 240 1374 392 216 50 178
2006 257 1523 386 217 55 192
2007 276 1683 422 232 61 189
2008 295 1788 474 248 65 198
2009 316 1953 533 276 72 208
2010 337 2100 562 283 78 218
2011 359 2168 628 312 86 244
2012 383 2245 669 309 92 250
2013 407 2366 733 330 98 268
2014 432 2580 704 268 104 298
2015 457 2737 561 239 110 324
2016 483 2389 442 232 116 351
2017 510 2275 366 189 124 382
2018 538 1839 340 207 128 409
2019 565 1667 362 210 137 427
2020 593 1731 329 211 140 475
2021 620 1720 282 219 146 522
2022 648 1564 310 223 154 546
2023 675 1264 325 217 156 597
Values for breeding stock: MX_ML
Year RUS+WAL EAL+BER GOA SEA+NBC SBC+WA OR+CA
1970 7 35 8 13 9 83
1971 8 45 10 16 11 106
1972 9 52 12 19 13 123
1973 11 59 14 21 15 138
1974 12 66 15 23 17 153
1975 13 72 17 26 18 166
1976 14 78 18 28 20 178
1977 15 84 20 29 21 190
1978 16 89 21 31 22 200
1979 17 94 22 33 24 209
1980 18 98 23 34 25 218
1981 19 105 25 36 27 231
1982 21 114 27 39 29 248
1983 23 124 29 42 31 267
1984 25 135 32 46 34 289
1985 27 147 35 50 37 313
1986 30 161 38 54 40 339
1987 32 175 41 59 44 366
1988 35 189 44 63 47 393
1989 38 205 48 68 51 423
1990 41 220 52 73 55 453
1991 44 237 55 78 59 484
1992 47 255 59 84 63 517
1993 51 274 64 90 68 553
1994 55 295 69 97 73 593
1995 59 319 74 104 79 637
1996 64 344 80 112 85 684
1997 69 371 86 120 91 735
1998 74 400 92 129 99 790
1999 80 430 99 138 106 849
2000 86 463 107 148 114 912
2001 93 512 115 155 125 985
2002 99 572 119 173 137 1087
2003 107 642 116 188 152 1191
2004 114 704 122 205 166 1309
2005 122 782 113 217 178 1372
2006 131 865 111 218 193 1483
2007 140 954 122 232 214 1453
2008 150 1011 136 248 227 1520
2009 160 1101 153 275 251 1595
2010 170 1181 161 281 272 1660
2011 181 1216 179 309 299 1858
2012 192 1256 190 305 319 1900
2013 203 1321 208 325 341 2032
2014 215 1436 199 263 359 2253
2015 227 1519 158 234 380 2440
2016 240 1323 124 226 400 2634
2017 252 1256 103 184 423 2863
2018 265 1013 95 201 439 3052
2019 278 916 101 203 469 3179
2020 290 947 92 204 475 3525
2021 303 939 78 211 493 3868
2022 316 852 86 214 521 4038
2023 329 686 90 208 526 4400
Values for breeding stock: Central_Am
Year RUS+WAL EAL+BER GOA SEA+NBC SBC+WA OR+CA
1970 0 0 0 0 2 39
1971 0 0 0 0 3 49
1972 0 0 0 0 4 57
1973 0 0 0 0 4 64
1974 0 0 0 0 5 71
1975 0 0 0 0 5 77
1976 0 0 0 0 5 83
1977 0 0 0 0 6 88
1978 0 0 0 0 6 93
1979 0 0 0 0 6 97
1980 0 0 0 0 7 101
1981 0 0 0 0 7 107
1982 0 0 0 0 8 115
1983 0 0 0 0 8 124
1984 0 0 0 0 9 134
1985 0 0 0 0 10 145
1986 0 0 0 0 11 157
1987 0 0 0 0 12 169
1988 0 0 0 0 13 182
1989 0 0 0 0 14 195
1990 0 0 0 0 15 209
1991 0 0 0 0 16 224
1992 0 0 0 0 17 239
1993 0 0 0 0 18 256
1994 0 0 0 0 20 274
1995 0 0 0 0 21 294
1996 0 0 0 0 23 316
1997 0 0 0 0 25 340
1998 0 0 0 0 27 365
1999 0 0 0 0 29 392
2000 0 0 0 0 31 421
2001 0 0 0 0 34 455
2002 0 0 0 0 37 502
2003 0 0 0 0 41 550
2004 0 0 0 0 45 604
2005 0 0 0 0 48 634
2006 0 0 0 0 52 685
2007 0 0 0 0 58 671
2008 0 0 0 0 61 702
2009 0 0 0 0 68 736
2010 0 0 0 0 74 766
2011 0 0 0 0 81 858
2012 0 0 0 0 86 877
2013 0 0 0 0 92 938
2014 0 0 0 0 97 1041
2015 0 0 0 0 103 1128
2016 0 0 0 0 108 1218
2017 0 0 0 0 115 1324
2018 0 0 0 0 119 1412
2019 0 0 0 0 127 1473
2020 0 0 0 0 129 1636
2021 0 0 0 0 134 1795
2022 0 0 0 0 142 1874
2023 0 0 0 0 143 2044

Catch numbers by breeding stock
Year Asia Hawaii MX_AR MX_ML Central_Am
1970 0.9 0 0 1.1 0.3
1971 0.9 0 0 1.2 0.3
1972 1 0 0 1.3 0.3
1973 1.1 0 0 1.3 0.4
1974 1.2 0.1 0 1.4 0.4
1975 1.2 0.1 0 1.5 0.4
1976 1.3 0.1 0 1.6 0.4
1977 1.4 0.1 0 1.6 0.4
1978 1.5 0.1 0 1.7 0.5
1979 1.6 0.1 0 1.8 0.5
1980 1.8 0.1 0 1.9 0.5
1981 1.9 0.1 0 2 0.5
1982 2 0.1 0 2.1 0.6
1983 2.2 0.1 0 2.2 0.6
1984 2.3 0.1 0 2.4 0.6
1985 2.5 0.1 0 2.5 0.7
1986 2.6 0.1 0 2.6 0.7
1987 2.8 0.1 0 2.8 0.7
1988 3 0.1 0 2.9 0.8
1989 3.2 0.1 0 3.1 0.8
1990 3.5 0.2 0 3.2 0.8
1991 3.7 0.2 0 3.4 0.9
1992 4 0.2 0 3.6 0.9
1993 4.3 0.2 0 3.8 1
1994 4.6 0.2 0 4 1
1995 4.9 0.2 0 4.2 1.1
1996 5.2 0.2 0 4.4 1.1
1997 5.6 0.2 0 4.7 1.2
1998 6 0.2 0 4.9 1.2
1999 6.4 0.2 0 5.2 1.3
2000 6.9 0.3 0 5.5 1.4
2001 7.3 0.3 0 5.8 1.4
2002 7.9 0 0 5.8 1.5
2003 8.4 0 0 5.8 1.6
2004 9 0 0 6.7 1.7
2005 9.6 0 0 8.1 1.8
2006 10.3 1 0 6.8 1.8
2007 11.1 0 0 7.7 1.9
2008 11.8 0 0 7.9 2
2009 12.7 0 0 9 2.1
2010 13.6 0 0 9.3 2.2
2011 14.5 0.8 0 10.6 2.4
2012 15.5 0 0 10.9 2.5
2013 28 0 0 10.8 2.6
2014 0 5 0 13 2.7
2015 72 0 0 14.2 2.9
2016 12 0.1 0 14.2 3
2017 12 0.1 0 13.4 3.2
2018 16 0.1 0 13.4 3.3
2019 4 0.4 0 13.4 1.7
2020 26.8 0.4 0 23.8 5
2021 28.6 0.4 0 12.8 4.7
2022 30.7 0.4 0 10.5 3.7
2023 32.8 0.4 0 18.4 4.2

Catch numbers by feeding ground
Year RUS+WAL EAL+BER GOA SEA+NBC SBC+WA OR+CA
1970 0 2.7 3.1 6.8 0.1 6.4
1971 0 1.8 0.1 4 0.1 1.5
1972 4 0.8 0.1 4.1 0.1 1.6
1973 0 0.8 0.1 4.3 0.1 1.7
1974 0 0.8 0.1 4.5 0.1 2.5
1975 0 0.8 0.2 4.7 0.1 2.7
1976 0 0.8 0.2 4.9 0.2 2.9
1977 0 0.8 0.2 5.2 0.2 3.1
1978 0 0.8 0.2 5.4 0.2 3.3
1979 0 1 0.2 5.6 0.2 3.5
1980 0 1 0.2 5.9 0.2 3.9
1981 0 1 0.3 6.1 0.3 4.2
1982 0 1 0.4 6.5 0.3 4.5
1983 0 1 0.4 6.7 0.3 4.8
1984 0 1 0.5 7.1 0.4 4.6
1985 0 1 0.5 6.7 0.4 5
1986 0 1 0.7 7.8 0.4 5.4
1987 0 1 0.7 10 0.5 5.8
1988 0 1.1 0.8 8.5 0.5 6.3
1989 0 0.9 0.8 6.1 0.6 6.1
1990 0 1 0.8 7.4 0.7 5.8
1991 0 1 0.9 8.2 0.7 7.6
1992 0 1.1 0.9 9.8 0.8 8.3
1993 0 1.1 1 7.1 0.9 8.6
1994 0 1.2 1 9.3 1 8.8
1995 0 1.2 1 9.3 1.1 9.6
1996 0 1.2 1.1 12.7 1.2 9.9
1997 0 1.2 1.3 12.7 0.9 10.7
1998 0 3 1.4 14.7 1.2 12
1999 0 2.6 1.4 17.4 1.7 13.5
2000 0 1.2 1.5 14.1 1.5 11.6
2001 0 1.2 1.8 16.4 1.7 13.4
2002 0 2.4 1.9 13.8 1.9 13.7
2003 0 1.4 2 18.9 2.3 16
2004 0 1.4 2.3 22 2.5 15.9
2005 0 1.6 2.3 23.3 5.8 20.1
2006 0 1.6 2.4 22.7 5.3 22.1
2007 0 0.1 7.3 18.4 0 18.1
2008 0 0.1 4.3 19.7 12.4 8.8
2009 0 0.1 4.3 24.1 0 9.8
2010 0 6.1 0.8 44.5 7 24.5
2011 0 3.1 4 28.4 11 11.9
2012 0 4.1 8.8 11.6 0 10
2013 0 0.1 4 31.6 0 4.7
2014 0 0.1 11.8 43.7 7 45.2
2015 0 4.1 12 51 9.1 103.4
2016 0 4.1 4.8 34.8 7.1 150.3
2017 0 4.1 2.1 16.3 11.1 60.3
2018 0 1.1 4 26.6 30.1 111.1
2019 0 4.1 6 27.3 9.1 61
2020 0 1.1 0 24 23 31.2
2021 0 2.2 7 33.7 13 62.4
2022 0 4.3 0.8 22.3 8 56
2023 0 3.6 9.1 40.1 19.2 59.7
