Stock structure: B2F1; Model type = BC
Mortality impacts feeding grounds
Recuitment related to unfished
Staying rate: 0
Age-at-matrity: 8
Base adult survival: 0
Sigma for survival devs: 6
Additional variance estimated
Weight for mark-recapture proportions: 1
Weight for genetics proportions: 1


Total objective fn: 696.729801737976
Negative log-likelihood fn: 495.983569790591

Natural Survival by feeding ground
RUS+WAL,EAL+BER,GOA,SEA+NBC,SBC+WA,OR+CA
1970 0.9583068 0.9583296 0.9584872 0.9583796 0.9582692 0.9585965
1971 0.9583421 0.9583629 0.9584948 0.9584216 0.9582878 0.9586551
1972 0.9570769 0.9568722 0.9571099 0.9570166 0.956727 0.9574917
1973 0.9558027 0.9554731 0.9557993 0.9557206 0.9552619 0.956444
1974 0.954627 0.954162 0.9545623 0.9545248 0.9538894 0.9555237
1975 0.9535403 0.9529372 0.9534056 0.9534239 0.9526087 0.9547064
1976 0.9525444 0.9517981 0.9523241 0.9524141 0.9514304 0.953985
1977 0.9516363 0.9507427 0.9513167 0.9514934 0.9503424 0.9533509
1978 0.9508133 0.9497698 0.9503825 0.9506569 0.9493445 0.9528045
1979 0.9500724 0.9488825 0.9495198 0.949901 0.9484332 0.9523373
1980 0.9494166 0.9480738 0.9487269 0.949224 0.9476055 0.9519532
1981 0.9488233 0.9473356 0.9480056 0.9486086 0.9468633 0.9516182
1982 0.947169 0.9453958 0.9461492 0.9469131 0.9448781 0.9504927
1983 0.9446346 0.9424478 0.9433289 0.9443123 0.9418551 0.9487187
1984 0.9413839 0.938684 0.9397285 0.9409802 0.9380091 0.946407
1985 0.9375912 0.934304 0.9355279 0.9370778 0.9335419 0.9436958
1986 0.9334215 0.9295125 0.9309297 0.9328011 0.9286666 0.940695
1987 0.9290476 0.9245135 0.9261141 0.9283418 0.9236056 0.9375146
1988 0.9246287 0.9195018 0.9212679 0.9238098 0.918548 0.9342617
1989 0.9203095 0.9146442 0.91655 0.9193367 0.9136805 0.9310022
1990 0.9162196 0.9100928 0.9121 0.9151065 0.9091493 0.9278111
1991 0.9124496 0.9059564 0.9080321 0.9112126 0.9050546 0.9248376
1992 0.908352 0.9015011 0.9036332 0.9070009 0.9006532 0.9215459
1993 0.9035497 0.8963147 0.8985096 0.9020245 0.8955305 0.9176179
1994 0.8978983 0.8902589 0.8925138 0.896211 0.8895456 0.9129014
1995 0.8914496 0.8834139 0.885719 0.8895867 0.8827844 0.9074176
1996 0.8844095 0.8760295 0.8783682 0.8824155 0.8754983 0.9012635
1997 0.8770928 0.8684607 0.87081 0.8749719 0.8680077 0.8946719
1998 0.8698568 0.8611331 0.8634232 0.8676515 0.8607565 0.8879257
1999 0.863053 0.8543711 0.8565687 0.8608208 0.8541273 0.8813301
2000 0.856986 0.8484539 0.8505526 0.8547012 0.8483492 0.8750518
2001 0.8518682 0.8436079 0.8455909 0.8495851 0.843653 0.8694472
2002 0.8475574 0.8396559 0.8414868 0.8452432 0.8398324 0.8643979
2003 0.843772 0.8362368 0.8379344 0.8414959 0.8365832 0.8597846
2004 0.8402538 0.8330801 0.8346571 0.8380385 0.8335955 0.8553487
2005 0.8368192 0.8299892 0.831443 0.8346587 0.8309317 0.8510976
2006 0.8333876 0.8268685 0.8282131 0.8312552 0.8281353 0.8468417
2007 0.8299801 0.8237049 0.8252011 0.8277888 0.8248495 0.8424694
2008 0.8266786 0.8206204 0.822099 0.8244311 0.8226709 0.8379159
2009 0.8236227 0.8177497 0.8192087 0.821348 0.8195646 0.8336697
2010 0.820951 0.8153376 0.8165047 0.8188689 0.817423 0.8302585
2011 0.8187954 0.813353 0.8144571 0.8166623 0.8160248 0.8269907
2012 0.8171876 0.8118971 0.8131335 0.814779 0.8141603 0.824264
2013 0.8165682 0.8108483 0.8120112 0.8136259 0.8128041 0.8219214
2014 0.8150042 0.8100986 0.8116255 0.8129887 0.8124095 0.8212341
2015 0.8168888 0.8097705 0.8113697 0.8125847 0.8122997 0.8224555
2016 0.8158721 0.8093519 0.8108309 0.8120526 0.8120553 0.8249029
2017 0.8149964 0.8089241 0.8101778 0.8113083 0.8121003 0.8243917
2018 0.8142687 0.8083935 0.809579 0.8106701 0.8135431 0.8253958
2019 0.812972 0.8078283 0.8090166 0.8099897 0.8129539 0.8246181
2020 0.8127412 0.8072577 0.808159 0.8092574 0.8135849 0.8232559
2021 0.8125063 0.8066919 0.8076636 0.8086692 0.8131641 0.8226696
2022 0.8123953 0.8062349 0.8069388 0.808022 0.8123962 0.8218505
2023 0.8124576 0.8059026 0.8067548 0.8077277 0.8127153 0.8214177

Naturak Survival by breeding stock
RUS+WAL,EAL+BER,GOA,SEA+NBC,SBC+WA,OR+CA
1970 0.96 0.96 0.96 0.96 0.96
1971 0.96 0.96 0.96 0.96 0.96
1972 0.96 0.96 0.96 0.96 0.96
1973 0.96 0.96 0.96 0.96 0.96
1974 0.96 0.96 0.96 0.96 0.96
1975 0.96 0.96 0.96 0.96 0.96
1976 0.96 0.96 0.96 0.96 0.96
1977 0.96 0.96 0.96 0.96 0.96
1978 0.96 0.96 0.96 0.96 0.96
1979 0.96 0.96 0.96 0.96 0.96
1980 0.96 0.96 0.96 0.96 0.96
1981 0.96 0.96 0.96 0.96 0.96
1982 0.96 0.96 0.96 0.96 0.96
1983 0.96 0.96 0.96 0.96 0.96
1984 0.96 0.96 0.96 0.96 0.96
1985 0.96 0.96 0.96 0.96 0.96
1986 0.96 0.96 0.96 0.96 0.96
1987 0.96 0.96 0.96 0.96 0.96
1988 0.96 0.96 0.96 0.96 0.96
1989 0.96 0.96 0.96 0.96 0.96
1990 0.96 0.96 0.96 0.96 0.96
1991 0.96 0.96 0.96 0.96 0.96
1992 0.96 0.96 0.96 0.96 0.96
1993 0.96 0.96 0.96 0.96 0.96
1994 0.96 0.96 0.96 0.96 0.96
1995 0.96 0.96 0.96 0.96 0.96
1996 0.96 0.96 0.96 0.96 0.96
1997 0.96 0.96 0.96 0.96 0.96
1998 0.96 0.96 0.96 0.96 0.96
1999 0.96 0.96 0.96 0.96 0.96
2000 0.96 0.96 0.96 0.96 0.96
2001 0.96 0.96 0.96 0.96 0.96
2002 0.96 0.96 0.96 0.96 0.96
2003 0.96 0.96 0.96 0.96 0.96
2004 0.96 0.96 0.96 0.96 0.96
2005 0.96 0.96 0.96 0.96 0.96
2006 0.96 0.96 0.96 0.96 0.96
2007 0.96 0.96 0.96 0.96 0.96
2008 0.96 0.96 0.96 0.96 0.96
2009 0.96 0.96 0.96 0.96 0.96
2010 0.96 0.96 0.96 0.96 0.96
2011 0.96 0.96 0.96 0.96 0.96
2012 0.96 0.96 0.96 0.96 0.96
2013 0.96 0.96 0.96 0.96 0.96
2014 0.96 0.96 0.96 0.96 0.96
2015 0.96 0.96 0.96 0.96 0.96
2016 0.96 0.96 0.96 0.96 0.96
2017 0.96 0.96 0.96 0.96 0.96
2018 0.96 0.96 0.96 0.96 0.96
2019 0.96 0.96 0.96 0.96 0.96
2020 0.96 0.96 0.96 0.96 0.96
2021 0.96 0.96 0.96 0.96 0.96
2022 0.96 0.96 0.96 0.96 0.96
2023 0.96 0.96 0.96 0.96 0.96

Fecundity by feeding ground
RUS+WAL,EAL+BER,GOA,SEA+NBC,SBC+WA,OR+CA
1970 3.359203 3.359203 3.359203 3.359203 3.359203 3.359203
1971 3.359203 3.359203 3.359203 3.359203 3.359203 3.359203
1972 3.359203 3.359203 3.359203 3.359203 3.359203 3.359203
1973 3.359203 3.359203 3.359203 3.359203 3.359203 3.359203
1974 3.359203 3.359203 3.359203 3.359203 3.359203 3.359203
1975 3.359203 3.359203 3.359203 3.359203 3.359203 3.359203
1976 3.359203 3.359203 3.359203 3.359203 3.359203 3.359203
1977 3.359203 3.359203 3.359203 3.359203 3.359203 3.359203
1978 3.359203 3.359203 3.359203 3.359203 3.359203 3.359203
1979 3.359203 3.359203 3.359203 3.359203 3.359203 3.359203
1980 3.359203 3.359203 3.359203 3.359203 3.359203 3.359203
1981 3.359203 3.359203 3.359203 3.359203 3.359203 3.359203
1982 3.359203 3.359203 3.359203 3.359203 3.359203 3.359203
1983 3.359203 3.359203 3.359203 3.359203 3.359203 3.359203
1984 3.359203 3.359203 3.359203 3.359203 3.359203 3.359203
1985 3.359203 3.359203 3.359203 3.359203 3.359203 3.359203
1986 3.359203 3.359203 3.359203 3.359203 3.359203 3.359203
1987 3.359203 3.359203 3.359203 3.359203 3.359203 3.359203
1988 3.359203 3.359203 3.359203 3.359203 3.359203 3.359203
1989 3.359203 3.359203 3.359203 3.359203 3.359203 3.359203
1990 3.359203 3.359203 3.359203 3.359203 3.359203 3.359203
1991 3.359203 3.359203 3.359203 3.359203 3.359203 3.359203
1992 3.359203 3.359203 3.359203 3.359203 3.359203 3.359203
1993 3.359203 3.359203 3.359203 3.359203 3.359203 3.359203
1994 3.359203 3.359203 3.359203 3.359203 3.359203 3.359203
1995 3.359203 3.359203 3.359203 3.359203 3.359203 3.359203
1996 3.359203 3.359203 3.359203 3.359203 3.359203 3.359203
1997 3.359203 3.359203 3.359203 3.359203 3.359203 3.359203
1998 3.359203 3.359203 3.359203 3.359203 3.359203 3.359203
1999 3.359203 3.359203 3.359203 3.359203 3.359203 3.359203
2000 3.359203 3.359203 3.359203 3.359203 3.359203 3.359203
2001 3.359203 3.359203 3.359203 3.359203 3.359203 3.359203
2002 3.359203 3.359203 3.359203 3.359203 3.359203 3.359203
2003 3.359203 3.359203 3.359203 3.359203 3.359203 3.359203
2004 3.359203 3.359203 3.359203 3.359203 3.359203 3.359203
2005 3.359203 3.359203 3.359203 3.359203 3.359203 3.359203
2006 3.359203 3.359203 3.359203 3.359203 3.359203 3.359203
2007 3.359203 3.359203 3.359203 3.359203 3.359203 3.359203
2008 3.359203 3.359203 3.359203 3.359203 3.359203 3.359203
2009 3.359203 3.359203 3.359203 3.359203 3.359203 3.359203
2010 3.359203 3.359203 3.359203 3.359203 3.359203 3.359203
2011 3.359203 3.359203 3.359203 3.359203 3.359203 3.359203
2012 3.359203 3.359203 3.359203 3.359203 3.359203 3.359203
2013 3.359203 3.359203 3.359203 3.359203 3.359203 3.359203
2014 3.359203 3.359203 3.359203 3.359203 3.359203 3.359203
2015 3.359203 3.359203 3.359203 3.359203 3.359203 3.359203
2016 3.359203 3.359203 3.359203 3.359203 3.359203 3.359203
2017 3.359203 3.359203 3.359203 3.359203 3.359203 3.359203
2018 3.359203 3.359203 3.359203 3.359203 3.359203 3.359203
2019 3.359203 3.359203 3.359203 3.359203 3.359203 3.359203
2020 3.359203 3.359203 3.359203 3.359203 3.359203 3.359203
2021 3.359203 3.359203 3.359203 3.359203 3.359203 3.359203
2022 3.359203 3.359203 3.359203 3.359203 3.359203 3.359203
2023 3.359203 3.359203 3.359203 3.359203 3.359203 3.359203

Total abundance: Estimate SD_log
1970 238.4058 0.09026455
1971 456.7396 0.07016753
1972 633.7055 0.06411355
1973 794.6081 0.06147603
1974 947.8315 0.05973178
1975 1088.71 0.05868759
1976 1218.213 0.05800668
1977 1336.521 0.05755268
1978 1444.059 0.05724297
1979 1541.083 0.05703643
1980 1627.878 0.05690866
1981 1897.886 0.05142455
1982 2296.276 0.04497138
1983 2802.098 0.0393396
1984 3394.468 0.03502833
1985 4051.312 0.03192419
1986 4749.822 0.02972796
1987 5464.79 0.02815902
1988 6171.833 0.0269979
1989 6853.425 0.02607828
1990 7493.294 0.0253096
1991 8213.179 0.02429529
1992 9075.796 0.02310492
1993 10110.84 0.02205727
1994 11321.47 0.02145611
1995 12673.96 0.02137265
1996 14118.71 0.02158967
1997 15586.13 0.02180048
1998 17005.83 0.02176106
1999 18302.71 0.02137466
2000 19418.97 0.02066471
2001 20389.44 0.01985227
2002 21258.32 0.01915632
2003 22087.95 0.01866645
2004 22911.74 0.01838926
2005 23750.8 0.01827629
2006 24595.65 0.01827349
2007 25433.71 0.0183144
2008 26240.64 0.01833839
2009 26965.22 0.01831615
2010 27575.6 0.018232
2011 28010.94 0.01815073
2012 28347.87 0.01807917
2013 28613.64 0.01805323
2014 28802.67 0.01810182
2015 28922.82 0.01821707
2016 28919.9 0.0184188
2017 28979.15 0.01857687
2018 29161.57 0.01864625
2019 29276.67 0.01874667
2020 29464.3 0.01878788
2021 29623.04 0.01883286
2022 29723.6 0.01889877
2023 29816.55 0.01895437
2024 29831.23 0.01904644

Breeding stock abundance: Estimate SD_log Estimate/K
Asia
1 16.82531 0.09519788 4.979717
2 33.25979 0.07674019 9.843761
3 45.77622 0.07316485 13.5482
4 53.93806 0.07665321 15.96382
5 63.77285 0.07647295 18.87458
6 72.68703 0.07671579 21.51287
7 80.82412 0.07708441 23.92118
8 88.11148 0.0776072 26.07798
9 94.57833 0.07823737 27.99195
10 100.256 0.07895012 29.67236
11 105.1697 0.07973508 31.12663
12 121.642 0.07719976 36.00187
13 146.1139 0.07429204 43.24471
14 177.1928 0.07207574 52.443
15 213.3804 0.07070759 63.1533
16 253.369 0.06992 74.98856
17 295.5997 0.06950386 87.48741
18 338.728 0.06925527 100.2519
19 381.2467 0.06908996 112.836
20 421.8636 0.06894716 124.8572
21 459.4816 0.06879998 135.9908
22 501.6893 0.06856886 148.4829
23 552.4823 0.06828118 163.5159
24 613.505 0.06804903 181.5765
25 684.6121 0.06794164 202.6218
26 764.0177 0.06794573 226.1231
27 848.6243 0.06797797 251.1638
28 934.4272 0.06793664 276.5585
29 1016.931 0.06775626 300.9767
30 1091.866 0.067415 323.1549
31 1155.802 0.06694138 342.078
32 1210.115 0.06644827 358.1525
33 1258.141 0.06601958 372.3666
34 1303.01 0.06570767 385.6464
35 1347.319 0.06550965 398.7602
36 1392.027 0.06541457 411.9924
37 1436.905 0.06540013 425.2748
38 1480.573 0.06544802 438.1989
39 1521.004 0.06554183 450.1653
40 1556.009 0.06566297 460.5254
41 1583.26 0.06581509 468.5908
42 1601.889 0.06600963 474.1042
43 1612.901 0.06626134 477.3635
44 1617.753 0.06658718 478.7995
45 1607.633 0.0674596 475.8044
46 1623.395 0.06720861 480.4693
47 1569.648 0.07001982 464.5621
48 1576.309 0.07027034 466.5335
49 1583.428 0.07053725 468.6405
50 1586.857 0.07099451 469.6555
51 1601.113 0.070938 473.8747
52 1591.838 0.07190436 471.1297
53 1579.414 0.07297363 467.4525
54 1563.404 0.07416784 462.7141
Hawaii
1 147.3718 0.09234655 4.979717
2 288.0007 0.07086513 9.731588
3 401.2711 0.06469926 13.55901
4 507.2311 0.06164404 17.13942
5 606.8551 0.05979335 20.50573
6 699.4171 0.05860192 23.63341
7 785.0348 0.05778009 26.52645
8 863.8439 0.05718351 29.18942
9 935.9691 0.05673542 31.62654
10 1001.699 0.0563833 33.84756
11 1061.119 0.05610524 35.85539
12 1240.863 0.05074999 41.92897
13 1505.461 0.04463307 50.86977
14 1841.395 0.03948704 62.22102
15 2235.046 0.03573214 75.52255
16 2671.291 0.03318787 90.26335
17 3135.624 0.03149342 105.9532
18 3610.491 0.03035284 121.9991
19 4079.271 0.02954479 137.8392
20 4531.295 0.02890131 153.1132
21 4955.4 0.02834542 167.4438
22 5430.806 0.02768644 183.5078
23 6000.468 0.02701869 202.7568
24 6682.613 0.02659258 225.8066
25 7479.711 0.02657162 252.7406
26 8367.008 0.0269271 282.7225
27 9311.946 0.02741979 314.6521
28 10266.33 0.02779418 346.9009
29 11184.83 0.02785992 377.937
30 12017.69 0.0275656 406.0795
31 12727.61 0.02696074 430.0678
32 13338.04 0.02626221 450.6946
33 13879.81 0.02567324 469.0009
34 14395.16 0.02526738 486.4147
35 14905.44 0.02505028 503.6571
36 15424.55 0.02497252 521.198
37 15950.2 0.02497906 538.9599
38 16471.55 0.02501417 556.5762
39 16972.19 0.02502757 573.4929
40 17414.24 0.02500751 588.4299
41 17784.47 0.02493397 600.9399
42 18047.34 0.02486715 609.8226
43 18246.07 0.02480405 616.5377
44 18405.36 0.02476311 621.9201
45 18516.61 0.02478753 625.6791
46 18587.47 0.0248735 628.0735
47 18658.51 0.02496871 630.4739
48 18761.09 0.02502914 633.94
49 18889.33 0.02505718 638.2734
50 19001.96 0.02509941 642.0791
51 19120.08 0.02512365 646.0706
52 19225.23 0.0251476 649.6235
53 19302.42 0.02518431 652.2317
54 19373.33 0.02520742 654.628
MX_AR
1 24.0187 0.1073448 4.979717
2 46.94748 0.08914912 9.733463
3 65.71123 0.08388443 13.62369
4 83.09149 0.08150278 17.22708
5 99.83505 0.0798399 20.69847
6 115.4629 0.07874579 23.93854
7 129.9953 0.07796669 26.95149
8 143.4549 0.07737434 29.74202
9 155.862 0.07690122 32.31434
10 167.2433 0.07650864 34.67398
11 177.5822 0.07618487 36.81752
12 208.1369 0.07212831 43.15233
13 253.0118 0.06776939 52.4561
14 309.9853 0.06432907 64.26823
15 376.7495 0.06195332 78.11021
16 450.8178 0.06039316 93.46654
17 529.5647 0.05936393 109.7929
18 610.2072 0.05865238 126.5122
19 690.1039 0.05811719 143.0769
20 766.8846 0.05768026 158.9956
21 838.6078 0.05729758 173.8657
22 919.1873 0.05684449 190.572
23 1015.67 0.05637026 210.5754
24 1131.332 0.05599231 234.5553
25 1266.03 0.05580128 262.4818
26 1416.251 0.0557857 293.6266
27 1576.177 0.05585011 326.7835
28 1738.185 0.05587396 360.3722
29 1894.125 0.05577176 392.7027
30 2035.688 0.05551881 422.0524
31 2156.929 0.05514009 447.1888
32 2261.384 0.05474288 468.8452
33 2354.6 0.05441394 488.1713
34 2443.052 0.05418325 506.5097
35 2531.505 0.05403973 524.8485
36 2622.061 0.05396181 543.6231
37 2713.933 0.05392788 562.6707
38 2805.152 0.05391391 581.5827
39 2892.22 0.05390562 599.6342
40 2971.066 0.05388759 615.9813
41 3037.543 0.05384827 629.7637
42 3087.128 0.05380481 640.0438
43 3124.949 0.05378148 647.8852
44 3153.04 0.05378419 653.7093
45 3176.653 0.05379627 658.6048
46 3192.715 0.05382985 661.935
47 3205.275 0.05385648 664.539
48 3218.659 0.05386625 667.3139
49 3241.21 0.05387763 671.9892
50 3260.477 0.0538888 675.9838
51 3282.93 0.05389511 680.6388
52 3306.46 0.05390076 685.5172
53 3323.362 0.05391073 689.0215
54 3338.231 0.05391642 692.1042
MX_ML
1 38.26192 0.09711312 4.979717
2 68.19646 0.08781655 8.875641
3 93.18987 0.08439665 12.12849
4 115.8069 0.08338789 15.07205
5 136.7519 0.08305538 17.798
6 155.264 0.0834237 20.20732
7 171.8088 0.08404393 22.36059
8 186.4531 0.08483258 24.26652
9 199.4108 0.08568664 25.95294
10 210.6667 0.08663201 27.41787
11 220.2818 0.08765994 28.66926
12 254.0793 0.08454705 33.06794
13 304.3821 0.08068456 39.61475
14 368.313 0.07736617 47.93524
15 443.087 0.07488463 57.66694
16 526.1205 0.0730865 68.47359
17 614.3413 0.07180857 79.95535
18 704.8614 0.07086912 91.73638
19 794.7861 0.07015103 103.4399
20 881.7239 0.06957015 114.7547
21 963.871 0.06905516 125.446
22 1057.535 0.06820501 137.6362
23 1169.719 0.06709866 152.2367
24 1305.21 0.06585259 169.8706
25 1464.692 0.0646506 190.6269
26 1645.032 0.06359868 214.0978
27 1839.955 0.06271946 239.4666
28 2041.621 0.06193874 265.7131
29 2240.525 0.06119377 291.6001
30 2426.796 0.06043426 315.8429
31 2592.129 0.05965079 337.3607
32 2741.433 0.05883553 356.7923
33 2878.532 0.05806247 374.6355
34 3011.625 0.05733303 391.9573
35 3144.586 0.05667342 409.2619
36 3280.201 0.05608458 426.9119
37 3414.022 0.05561217 444.3285
38 3547.752 0.05517894 461.7332
39 3678.692 0.0547669 478.7748
40 3801.229 0.05435504 494.7228
41 3906.98 0.0539699 508.486
42 3981.886 0.05369664 518.2349
43 4044.705 0.05343028 526.4107
44 4095.797 0.05319974 533.0603
45 4139.996 0.05299501 538.8126
46 4151.421 0.05304508 540.2996
47 4128.997 0.05337429 537.3811
48 4086.737 0.05390353 531.881
49 4103.888 0.05399735 534.1132
50 4090.866 0.0543419 532.4184
51 4112.532 0.05440493 535.2383
52 4136.798 0.0544918 538.3964
53 4150.536 0.05456595 540.1845
54 4166.962 0.05458002 542.3223
Central_Am
1 11.92802 0.1165918 4.979717
2 20.33522 0.1131474 8.489563
3 27.75705 0.1110394 11.58803
4 34.54051 0.1106437 14.42
5 40.61658 0.1111866 16.95664
6 45.87875 0.1123034 19.15349
7 50.54993 0.1135415 21.10362
8 54.65725 0.114861 22.81835
9 58.23879 0.1162316 24.31357
10 61.21796 0.117851 25.55732
11 63.72522 0.1195127 26.60405
12 73.16435 0.117615 30.5447
13 87.30698 0.1149379 36.44898
14 105.212 0.1126872 43.92397
15 126.2056 0.110969 52.68842
16 149.7137 0.1096474 62.5026
17 174.692 0.108751 72.93055
18 200.502 0.1080678 83.70574
19 226.4251 0.1075107 94.52811
20 251.6578 0.107075 105.0623
21 275.9333 0.1066294 115.1968
22 303.9608 0.1058041 126.8978
23 337.457 0.1047308 140.8818
24 378.1821 0.1034502 157.8837
25 426.4277 0.1021504 178.0253
26 481.6487 0.1009234 201.079
27 542.0118 0.09985038 226.2795
28 605.5684 0.09887845 252.8131
29 669.4213 0.09799264 279.4705
30 730.6698 0.09714721 305.0406
31 786.4992 0.09633818 328.3483
32 838.468 0.0955189 350.0442
33 887.2402 0.0947343 370.4057
34 935.1048 0.0939933 390.3882
35 982.89 0.09332432 410.3376
36 1031.961 0.09271676 430.8239
37 1080.589 0.09220887 451.125
38 1128.683 0.0917657 471.2034
39 1176.535 0.09134944 491.1807
40 1222.677 0.09096141 510.444
41 1263.348 0.0906068 527.4235
42 1292.692 0.09036602 539.6739
43 1319.243 0.09013779 550.7587
44 1341.688 0.08994175 560.1287
45 1361.785 0.08978497 568.5188
46 1367.821 0.08980166 571.0389
47 1357.47 0.09002049 566.7177
48 1336.355 0.090394 557.9024
49 1343.714 0.0904997 560.9748
50 1336.514 0.09080099 557.969
51 1347.647 0.09079743 562.6164
52 1362.714 0.09094351 568.9068
53 1367.866 0.09115912 571.0576
54 1374.625 0.09128613 573.8792

Feeding stock abundance: Estimate SD_log Estimate/K
RUS+WAL
1 19.8362 0.1207625 4.790523
2 40.95006 0.1015325 9.889606
3 53.18205 0.1053033 12.84368
4 67.15606 0.1040372 16.21846
5 80.0603 0.1035884 19.33489
6 92.0027 0.1034492 22.21903
7 102.9343 0.1035234 24.85906
8 112.8825 0.103726 27.26158
9 121.8713 0.1040121 29.43241
10 129.932 0.1043574 31.3791
11 137.0159 0.1048 33.08991
12 159.6638 0.1024193 38.55947
13 193.1798 0.09978106 46.65372
14 235.7197 0.09776731 56.92726
15 285.5646 0.09640592 68.96502
16 340.7833 0.09552169 82.30056
17 399.5251 0.09489509 96.48694
18 459.7571 0.09439869 111.0332
19 519.5765 0.09394354 125.4798
20 577.2126 0.09348098 139.3992
21 631.042 0.093 152.3992
22 691.7842 0.09241537 167.0687
23 764.822 0.09177355 184.7076
24 852.7099 0.09115213 205.9329
25 955.38 0.0906059 230.7282
26 1070.466 0.09012597 258.5219
27 1193.706 0.08964942 288.2848
28 1319.408 0.0891031 318.6425
29 1441.344 0.08843101 348.0904
30 1553.448 0.08761827 375.164
31 1650.492 0.0866948 398.6006
32 1734.469 0.08574762 418.8813
33 1809.811 0.0848622 437.0769
34 1881.373 0.08407443 454.3592
35 1952.509 0.08339366 471.5388
36 2024.785 0.08280917 488.994
37 2097.878 0.0823082 506.6461
38 2169.792 0.08187325 524.0138
39 2237.713 0.08148325 540.4168
40 2298.083 0.08112861 554.9965
41 2347.72 0.08080322 566.984
42 2385.427 0.08051224 576.0905
43 2412.219 0.08027124 582.5608
44 2420.618 0.08034532 584.5891
45 2449.358 0.0797999 591.5299
46 2412.56 0.08093914 582.6431
47 2432.755 0.0806237 587.5202
48 2453.593 0.08033777 592.5527
49 2471.66 0.08016925 596.916
50 2500.558 0.07975125 603.895
51 2507.33 0.07987238 605.5305
52 2512.001 0.08003143 606.6586
53 2513.147 0.08022503 606.9353
54 2510.142 0.08044432 606.2095
EAL+BER
1 56.88724 0.1197577 4.725965
2 117.5411 0.1001434 9.764848
3 165.4633 0.09582375 13.74603
4 210.6423 0.0938294 17.49932
5 253.0217 0.09271967 21.02003
6 292.6344 0.09201838 24.3109
7 329.4739 0.09153498 27.37138
8 363.5862 0.09117367 30.20529
9 394.9946 0.09088796 32.81457
10 423.5578 0.09069271 35.18749
11 449.5226 0.09052776 37.34454
12 526.8459 0.08758375 43.76826
13 640.5168 0.08454449 53.21158
14 784.7877 0.08227428 65.19703
15 953.5948 0.08078402 79.22085
16 1140.446 0.0798239 94.7437
17 1338.481 0.07915678 111.1957
18 1540.633 0.07862163 127.9896
19 1739.974 0.07812786 144.5501
20 1930.489 0.07761556 160.3773
21 2106.501 0.07708159 174.9997
22 2303.504 0.0765161 191.3659
23 2539.156 0.07597147 210.9429
24 2821.215 0.07551402 234.3753
25 3148.243 0.07518043 261.5435
26 3511.295 0.07493174 291.7044
27 3895.249 0.07468004 323.6018
28 4281.011 0.07433339 355.6493
29 4646.425 0.07386396 386.0065
30 4974.768 0.07322884 413.2839
31 5251.966 0.07245755 436.3124
32 5484.568 0.07168393 455.636
33 5687.708 0.07100774 472.5121
34 5879.826 0.07043243 488.4725
35 6071.258 0.06996679 504.3759
36 6266.983 0.06959268 520.6359
37 6466.616 0.06928403 537.2206
38 6666.064 0.0690053 553.79
39 6854.755 0.06875603 569.4657
40 7022.375 0.068524 583.3909
41 7153.413 0.06836148 594.277
42 7253.871 0.0681828 602.6226
43 7323.339 0.06804084 608.3938
44 7372.671 0.06789851 612.4921
45 7410.458 0.06778217 615.6313
46 7429.811 0.06775265 617.239
47 7459.201 0.06771534 619.6806
48 7492.917 0.06768364 622.4816
49 7533.786 0.06762854 625.8768
50 7575.586 0.06760237 629.3495
51 7614.354 0.06756083 632.5702
52 7648.765 0.06753654 635.4288
53 7673.351 0.06753859 637.4714
54 7688.341 0.06754085 638.7167
GOA
1 19.1803 0.1262619 4.279487
2 40.22994 0.1024337 8.976058
3 56.91214 0.09672079 12.69817
4 72.75145 0.0938322 16.23222
5 87.70838 0.0920746 19.56939
6 101.6774 0.0909551 22.68614
7 114.7391 0.09012675 25.60046
8 126.9009 0.08946896 28.31399
9 138.1696 0.08891874 30.82824
10 148.5606 0.08843863 33.14668
11 158.0951 0.08800588 35.27399
12 185.6421 0.08391748 41.42025
13 225.9882 0.0795004 50.42224
14 277.2515 0.0759001 61.86005
15 337.2459 0.07330381 75.24593
16 403.8194 0.07147028 90.09973
17 474.3991 0.07017383 105.8474
18 546.7191 0.06918382 121.9834
19 618.3021 0.06838278 137.9549
20 687.031 0.06768204 153.2896
21 750.9924 0.06704159 167.5606
22 822.6961 0.06626619 183.559
23 908.6349 0.06537368 202.7336
24 1011.554 0.06449836 225.6967
25 1131.197 0.06375159 252.3913
26 1264.448 0.0631649 282.1223
27 1405.868 0.06268763 313.6757
28 1548.516 0.06223251 345.503
29 1685.093 0.06172199 375.976
30 1808.727 0.0611266 403.5612
31 1913.637 0.06047241 426.9684
32 2002.299 0.05984314 446.7506
33 2080.705 0.05928855 464.2446
34 2154.633 0.05882344 480.7392
35 2228.025 0.05844201 497.1144
36 2303.081 0.05811904 513.8609
37 2379.353 0.0578441 530.8785
38 2450.096 0.05772062 546.6627
39 2520.245 0.05754247 562.3142
40 2582.823 0.0573832 576.2765
41 2637.775 0.05716836 588.5374
42 2676.694 0.05705947 597.221
43 2699.67 0.05708772 602.3473
44 2719.492 0.05703776 606.7699
45 2725.684 0.05717643 608.1515
46 2731.016 0.05731094 609.3411
47 2744.514 0.05727374 612.3529
48 2762.058 0.05717211 616.2673
49 2778.857 0.05710977 620.0153
50 2794.298 0.05708848 623.4607
51 2814.948 0.056948 628.0679
52 2826.414 0.05697216 630.6262
53 2841.374 0.05688066 633.9642
54 2843.851 0.05698062 634.5169
SEA+NBC
1 79.67014 0.1040406 4.584312
2 163.6009 0.07923464 9.413787
3 227.8272 0.07384546 13.10944
4 287.4048 0.07145144 16.5376
5 342.4518 0.07025037 19.70507
6 393.1552 0.0696226 22.62261
7 439.6436 0.06930982 25.2976
8 481.9531 0.06919984 27.73214
9 520.3068 0.06921005 29.93905
10 554.8542 0.06930159 31.92695
11 585.6541 0.06946293 33.69921
12 683.1585 0.06521743 39.30973
13 827.1996 0.06043652 47.59802
14 1010.462 0.05655331 58.14317
15 1225.114 0.05383811 70.49449
16 1463.951 0.05203583 84.23745
17 1717.253 0.05089837 98.81271
18 1975.314 0.05020453 113.6618
19 2233.365 0.04969688 128.5104
20 2484.844 0.04926899 142.9808
21 2719.47 0.04894438 156.4814
22 2983.426 0.04852006 171.6698
23 3299.366 0.04805935 189.8493
24 3682.39 0.0476594 211.889
25 4127.287 0.04751061 237.4888
26 4625.574 0.04758208 266.1609
27 5155.078 0.04779123 296.6291
28 5694.48 0.04795299 327.667
29 6214.722 0.04796985 357.6023
30 6688.97 0.04779982 384.8911
31 7101.384 0.04742366 408.6218
32 7454.998 0.04700733 428.9692
33 7775.067 0.04662369 447.3863
34 8074.358 0.04636463 464.6079
35 8370.162 0.04621301 481.6288
36 8671.277 0.04613464 498.9553
37 8977.929 0.04609316 516.6004
38 9286.631 0.04604348 534.3635
39 9578.402 0.04599475 551.1523
40 9835.712 0.04594596 565.9582
41 10029.07 0.04596481 577.0843
42 10191.57 0.04589091 586.4345
43 10327.6 0.0457525 594.2623
44 10408.38 0.04573707 598.91
45 10453.21 0.04580441 601.4896
46 10486.71 0.0459114 603.4175
47 10538.35 0.04594377 606.3888
48 10613.38 0.04589162 610.7061
49 10681.7 0.04588551 614.6375
50 10751.35 0.04587941 618.6449
51 10820.73 0.04585833 622.6371
52 10872.18 0.04588358 625.5977
53 10923.53 0.04586296 628.5526
54 10942.43 0.04592517 629.64
SBC+WA
1 12.58288 0.1453198 4.89723
2 26.24416 0.1299966 10.21417
3 36.96514 0.127052 14.38676
4 47.0718 0.1257764 18.32025
5 56.54819 0.125111 22.00844
6 65.39463 0.1247236 25.45146
7 73.51099 0.1246503 28.61033
8 81.00194 0.1246388 31.52579
9 87.86075 0.1246712 34.19522
10 94.1114 0.1247236 36.62797
11 99.77269 0.124787 38.83133
12 116.7157 0.1231353 45.42553
13 141.6533 0.12146 55.13119
14 173.2936 0.1202955 67.44552
15 210.1612 0.1196682 81.79433
16 250.8806 0.1193311 97.64221
17 293.9277 0.1191275 114.3961
18 337.6348 0.1189941 131.4068
19 380.5847 0.118838 148.1228
20 421.3098 0.1186639 163.9729
21 458.6546 0.1184635 178.5074
22 500.4325 0.1182391 194.7673
23 550.4038 0.1180467 214.2161
24 610.1852 0.1179181 237.4828
25 679.4575 0.1178572 264.4435
26 756.2321 0.1178273 294.324
27 837.2528 0.1177636 325.8571
28 918.822 0.1175549 357.6036
29 996.0312 0.1172498 387.6533
30 1064.655 0.1168686 414.3615
31 1122.236 0.1163643 436.7721
32 1170.155 0.1158627 455.4221
33 1211.972 0.1154232 471.6969
34 1250.965 0.1150863 486.8732
35 1289.763 0.1148276 501.9733
36 1326.366 0.1148996 516.2191
37 1364.829 0.1149246 531.1888
38 1408.643 0.1145054 548.241
39 1437.823 0.1151052 559.5977
40 1475.988 0.1146432 574.4516
41 1500.711 0.11474 584.0735
42 1514.764 0.1151092 589.5432
43 1534.428 0.1145999 597.1962
44 1549.022 0.1141467 602.8762
45 1552.814 0.1142651 604.3522
46 1554.053 0.1145333 604.8342
47 1558.009 0.1146295 606.374
48 1559.16 0.1150095 606.8219
49 1543.021 0.1167636 600.5406
50 1551.231 0.1167584 603.7359
51 1544.611 0.1177881 601.1594
52 1549.666 0.1179422 603.127
53 1558.859 0.1176815 606.7047
54 1554.278 0.118276 604.9218
OR+CA
1 28.84901 0.1216396 3.969694
2 58.27342 0.09933408 8.018566
3 80.05567 0.09549557 11.01586
4 99.7817 0.0943935 13.73021
5 116.9411 0.09487256 16.09138
6 132.1455 0.0958565 18.18354
7 145.5111 0.09712863 20.02268
8 157.1959 0.09856853 21.63054
9 167.1561 0.1002034 23.00108
10 175.5668 0.1019615 24.15843
11 182.3179 0.1039503 25.0874
12 209.4599 0.1012258 28.8222
13 250.2381 0.09747505 34.43337
14 302.2831 0.09407972 41.59489
15 363.7874 0.09129125 50.05805
16 432.0317 0.08920483 59.44862
17 504.9363 0.08760613 69.48048
18 580.332 0.08632508 79.85511
19 656.031 0.08525381 90.27147
20 730.8383 0.08421407 100.5651
21 803.2335 0.08315316 110.5269
22 884.7355 0.0817674 121.7418
23 983.813 0.07990116 135.3751
24 1104.789 0.07771067 152.0216
25 1248.809 0.07542787 171.8392
26 1413.342 0.07326846 194.4793
27 1594.56 0.0712661 219.4154
28 1785.394 0.0694263 245.6746
29 1977.612 0.06769936 272.1243
30 2162.438 0.06603191 297.5568
31 2335.252 0.0642928 321.3364
32 2493.655 0.06258548 343.1331
33 2644.157 0.06089645 363.8424
34 2790.395 0.05930184 383.9653
35 2938.52 0.05778042 404.3475
36 3085.707 0.05643772 424.6008
37 3235.048 0.05522467 445.1506
38 3387.88 0.05404734 466.1806
39 3544.703 0.05282188 487.7598
40 3688.14 0.0517016 507.4971
41 3798.907 0.05084861 522.7389
42 3901.915 0.04988741 536.9131
43 3987.211 0.04898599 548.65
44 4061.661 0.04812223 558.8945
45 4082.652 0.04784078 561.7829
46 4039.971 0.04832073 555.91
47 3956.67 0.04937786 544.4475
48 3975.438 0.04927877 547.03
49 3946.843 0.0498196 543.0953
50 3976.652 0.04967965 547.1971
51 4027.034 0.04923009 554.1297
52 4049.215 0.04915752 557.1819
53 4076.633 0.04898761 560.9548
54 4090.015 0.04888675 562.7961

Parameters: Estimate  Std. Error      z value    Pr(>|z^2|)
rval 0.17752269 0.00421883 42.07866526 0
logK 5.82268155 0.09519788 61.16398098 0
logK 7.99275593 0.09234655 86.55175026 0
logK 6.17862987 0.10734483 57.55871169 0
logK 6.64425238 0.09711312 68.41765697 0
logK 5.47868711 0.11659178 46.99033773 0
MixPars -1.58888339 0.28793653 -5.51817222 3e-08
MixPars -3.19085203 0.20798673 -15.3416133 0
MixPars -0.78310452 0.11738423 -6.6712923 0
MixPars -1.571124 0.08519688 -18.44109713 0
MixPars -2.31183939 0.14055858 -16.44751557 0
MixPars -1.83475619 0.23815881 -7.70391908 0
MixPars -1.15548126 0.17729936 -6.51712036 0
MixPars -1.66955345 0.28516757 -5.85463988 0
MixPars -2.89525656 0.2940509 -9.84610685 0
MixPars -1.80364207 0.25261298 -7.13994225 0
MixPars -1.7245715 0.37261299 -4.62831831 3.69e-06
MixPars -1.66034345 0.33850535 -4.90492531 9.3e-07
MixPars -1.03531793 0.40902855 -2.53116302 0.0113685
MixPars -0.80185042 0.25950272 -3.08994998 0.0020019
MixPars 1.18696646 0.21021647 5.64640077 2e-08
MixPars -2.56626661 0.27043407 -9.48943515 0
AddV 0.45973471 0.13701016 3.35547894 0.00079228
AddV 0.12337277 0.03295685 3.74346384 0.0001815
AddV 0.06906709 0.04342216 1.59059553 0.11170063
log_alphaK -3.25124384 0.05754381 -56.50031835 0
log_betaK -19.84685029 3390.04327305 -0.00585445 0.99532885

Mixing matrix
0.83045895 0.16954105 0 0 0 0 ,# Asia
0.02279032 0.25317562 0.11513023 0.55401287 0.05489095 0 ,# Hawaii
0.08479195 0.53110346 0.16724764 0.10002332 0.02936197 0.08747165 ,# MX_AR
0.03271196 0.1835179 0.03488192 0.06516968 0.08230746 0.60141107 ,# MX_ML
0 0 0 0 0.07134125 0.92865875 ,# Central_Am

Split of breeding stock to feeding grounds over time
Split for: Asia
Year RUS+WAL EAL+BER GOA SEA+NBC SBC+WA OR+CA
1970 0.83689 0.16311 0 0 0 0
1971 0.83895 0.16105 0 0 0 0
1972 0.82959 0.17041 0 0 0 0
1973 0.83015 0.16985 0 0 0 0
1974 0.83063 0.16937 0 0 0 0
1975 0.83107 0.16893 0 0 0 0
1976 0.83149 0.16851 0 0 0 0
1977 0.8319 0.1681 0 0 0 0
1978 0.8323 0.1677 0 0 0 0
1979 0.83277 0.16723 0 0 0 0
1980 0.83324 0.16676 0 0 0 0
1981 0.83368 0.16632 0 0 0 0
1982 0.83409 0.16591 0 0 0 0
1983 0.83449 0.16551 0 0 0 0
1984 0.83491 0.16509 0 0 0 0
1985 0.83538 0.16462 0 0 0 0
1986 0.83591 0.16409 0 0 0 0
1987 0.83651 0.16349 0 0 0 0
1988 0.83719 0.16281 0 0 0 0
1989 0.83794 0.16206 0 0 0 0
1990 0.83877 0.16123 0 0 0 0
1991 0.83966 0.16034 0 0 0 0
1992 0.8406 0.1594 0 0 0 0
1993 0.84158 0.15842 0 0 0 0
1994 0.8426 0.1574 0 0 0 0
1995 0.84368 0.15632 0 0 0 0
1996 0.84481 0.15519 0 0 0 0
1997 0.84598 0.15402 0 0 0 0
1998 0.84724 0.15276 0 0 0 0
1999 0.84851 0.15149 0 0 0 0
2000 0.84975 0.15025 0 0 0 0
2001 0.85097 0.14903 0 0 0 0
2002 0.85218 0.14782 0 0 0 0
2003 0.85332 0.14668 0 0 0 0
2004 0.85441 0.14559 0 0 0 0
2005 0.85545 0.14455 0 0 0 0
2006 0.85643 0.14357 0 0 0 0
2007 0.85734 0.14266 0 0 0 0
2008 0.8582 0.1418 0 0 0 0
2009 0.85904 0.14096 0 0 0 0
2010 0.85995 0.14005 0 0 0 0
2011 0.86077 0.13923 0 0 0 0
2012 0.86158 0.13842 0 0 0 0
2013 0.8623 0.1377 0 0 0 0
2014 0.86307 0.13693 0 0 0 0
2015 0.86381 0.13619 0 0 0 0
2016 0.86479 0.13521 0 0 0 0
2017 0.86571 0.13429 0 0 0 0
2018 0.86654 0.13346 0 0 0 0
2019 0.86738 0.13262 0 0 0 0
2020 0.86809 0.13191 0 0 0 0
2021 0.86885 0.13115 0 0 0 0
2022 0.86967 0.13033 0 0 0 0
2023 0.87052 0.12948 0 0 0 0
2024 0.87135 0.12865 0 0 0 0
Split for: Hawaii
Year RUS+WAL EAL+BER GOA SEA+NBC SBC+WA OR+CA
1970 0.02455 0.26031 0.10674 0.54975 0.05865 0
1971 0.02498 0.26096 0.10838 0.54621 0.05947 0
1972 0.02354 0.26312 0.10963 0.54363 0.06008 0
1973 0.02376 0.26456 0.11052 0.54066 0.06051 0
1974 0.02396 0.26583 0.11131 0.53803 0.06087 0
1975 0.02414 0.26702 0.11194 0.5357 0.0612 0
1976 0.02432 0.26815 0.11254 0.53357 0.06142 0
1977 0.02449 0.26925 0.11313 0.5315 0.06164 0
1978 0.02465 0.27029 0.11369 0.52953 0.06183 0
1979 0.02482 0.2712 0.11426 0.52769 0.06203 0
1980 0.02499 0.2721 0.11482 0.52586 0.06222 0
1981 0.02514 0.27292 0.11527 0.52433 0.06234 0
1982 0.02528 0.27363 0.11562 0.52302 0.06244 0
1983 0.0254 0.27417 0.11591 0.522 0.06251 0
1984 0.02552 0.2746 0.11614 0.52123 0.06251 0
1985 0.02563 0.2748 0.11629 0.52081 0.06247 0
1986 0.02574 0.27495 0.11641 0.52048 0.06242 0
1987 0.02587 0.2751 0.11656 0.52012 0.06236 0
1988 0.02599 0.27498 0.11661 0.52019 0.06223 0
1989 0.0261 0.27462 0.11658 0.52067 0.06203 0
1990 0.02622 0.27421 0.11657 0.52119 0.06181 0
1991 0.02635 0.27376 0.11653 0.52176 0.06159 0
1992 0.02649 0.2733 0.11652 0.52233 0.06137 0
1993 0.02662 0.27265 0.11643 0.5232 0.0611 0
1994 0.02676 0.27201 0.11635 0.52403 0.06084 0
1995 0.02691 0.27129 0.11626 0.52497 0.06056 0
1996 0.02707 0.2706 0.11619 0.52584 0.0603 0
1997 0.02724 0.26982 0.11608 0.52682 0.06005 0
1998 0.02741 0.26896 0.11598 0.52785 0.05979 0
1999 0.0276 0.26815 0.11588 0.52884 0.05952 0
2000 0.02778 0.2673 0.11573 0.52994 0.05925 0
2001 0.02796 0.2665 0.11557 0.53097 0.05899 0
2002 0.02814 0.26564 0.1154 0.53207 0.05874 0
2003 0.02833 0.26496 0.11527 0.53294 0.0585 0
2004 0.02851 0.26438 0.11514 0.53367 0.05829 0
2005 0.0287 0.26389 0.11505 0.53439 0.05798 0
2006 0.02888 0.26341 0.11495 0.53505 0.05772 0
2007 0.02904 0.26295 0.11458 0.53573 0.05769 0
2008 0.02921 0.26264 0.11444 0.5365 0.0572 0
2009 0.02937 0.26228 0.11429 0.5368 0.05725 0
2010 0.02958 0.26211 0.11446 0.53674 0.05711 0
2011 0.02975 0.26188 0.1144 0.53716 0.0568 0
2012 0.0299 0.26136 0.11401 0.53784 0.05689 0
2013 0.03006 0.26123 0.11395 0.53775 0.05701 0
2014 0.03028 0.26143 0.11369 0.53764 0.05693 3e-05
2015 0.0305 0.26162 0.11354 0.53752 0.05682 0
2016 0.03073 0.26149 0.11355 0.53751 0.05673 0
2017 0.03094 0.26113 0.11356 0.53792 0.05645 0
2018 0.03117 0.26123 0.11363 0.53837 0.0556 0
2019 0.03138 0.26108 0.11354 0.53842 0.05558 0
2020 0.03157 0.26105 0.1137 0.53861 0.05507 0
2021 0.03179 0.26111 0.1136 0.53848 0.05502 0
2022 0.03199 0.26086 0.11365 0.53839 0.05511 0
2023 0.03226 0.26107 0.11354 0.53824 0.05489 0
2024 0.03243 0.26057 0.11343 0.53835 0.05521 0
Split for: MX_AR
Year RUS+WAL EAL+BER GOA SEA+NBC SBC+WA OR+CA
1970 0.0913 0.54597 0.15503 0.09923 0.03137 0.07709
1971 0.09251 0.54483 0.1567 0.09815 0.03166 0.07615
1972 0.08714 0.54915 0.15845 0.09765 0.03198 0.07564
1973 0.08758 0.54981 0.15906 0.0967 0.03206 0.07478
1974 0.08802 0.55063 0.15966 0.09592 0.03215 0.07362
1975 0.08843 0.55148 0.16009 0.09522 0.03223 0.07254
1976 0.08883 0.5523 0.16051 0.09458 0.03226 0.07152
1977 0.08921 0.55308 0.16092 0.09396 0.03228 0.07054
1978 0.08959 0.55382 0.16132 0.09338 0.03231 0.06958
1979 0.08999 0.55442 0.16175 0.09284 0.03234 0.06866
1980 0.09039 0.55505 0.1622 0.09232 0.03237 0.06768
1981 0.09078 0.55567 0.16252 0.09188 0.03237 0.06679
1982 0.09114 0.55621 0.16275 0.0915 0.03236 0.06604
1983 0.09147 0.55659 0.16295 0.0912 0.03236 0.06544
1984 0.09178 0.55678 0.16307 0.09096 0.03232 0.06508
1985 0.09209 0.55678 0.16317 0.09082 0.03228 0.06486
1986 0.09243 0.55667 0.16321 0.09069 0.03223 0.06478
1987 0.09279 0.55642 0.16326 0.09054 0.03216 0.06483
1988 0.09318 0.55595 0.16326 0.09051 0.03208 0.06502
1989 0.09358 0.55524 0.16323 0.0906 0.03198 0.06536
1990 0.094 0.55437 0.16319 0.09068 0.03186 0.06589
1991 0.09447 0.55345 0.16314 0.09078 0.03175 0.06641
1992 0.09495 0.55244 0.1631 0.09087 0.03163 0.06701
1993 0.09545 0.55127 0.16301 0.09104 0.0315 0.06773
1994 0.09597 0.54998 0.16292 0.09119 0.03137 0.06858
1995 0.0965 0.54857 0.1628 0.09136 0.03123 0.06953
1996 0.09706 0.54706 0.16266 0.09149 0.03109 0.07064
1997 0.09764 0.54541 0.16248 0.09165 0.03095 0.07186
1998 0.09827 0.54358 0.16231 0.09182 0.03082 0.0732
1999 0.0989 0.54174 0.16212 0.09195 0.03066 0.07462
2000 0.09951 0.53984 0.16185 0.09211 0.03051 0.07617
2001 0.10012 0.53797 0.16156 0.09225 0.03037 0.07773
2002 0.10073 0.53607 0.16127 0.09241 0.03022 0.0793
2003 0.10132 0.53433 0.16097 0.0925 0.03008 0.0808
2004 0.10189 0.53269 0.16066 0.09254 0.02995 0.08227
2005 0.10246 0.53122 0.16038 0.09258 0.02976 0.0836
2006 0.10301 0.52983 0.16011 0.09262 0.0296 0.08482
2007 0.10354 0.5286 0.15951 0.09269 0.02957 0.08609
2008 0.10403 0.52734 0.15912 0.09271 0.02929 0.08751
2009 0.10449 0.52604 0.15873 0.09266 0.02928 0.0888
2010 0.10504 0.52486 0.15872 0.0925 0.02916 0.08972
2011 0.10554 0.52376 0.15844 0.09246 0.02897 0.09084
2012 0.10603 0.52263 0.15787 0.09256 0.02901 0.0919
2013 0.10646 0.5216 0.15755 0.09241 0.02903 0.09295
2014 0.10713 0.52146 0.15705 0.0923 0.02896 0.09311
2015 0.1079 0.52194 0.15686 0.09229 0.02891 0.0921
2016 0.10892 0.52249 0.15711 0.09243 0.0289 0.09014
2017 0.10963 0.52175 0.15712 0.0925 0.02876 0.09024
2018 0.11047 0.52202 0.15724 0.09259 0.02833 0.08934
2019 0.11115 0.5214 0.15701 0.09254 0.0283 0.0896
2020 0.11165 0.5205 0.15698 0.09242 0.028 0.09045
2021 0.1123 0.52009 0.15669 0.09231 0.02794 0.09066
2022 0.11293 0.51923 0.15665 0.09223 0.02797 0.09098
2023 0.1137 0.51887 0.15626 0.09207 0.02782 0.09129
2024 0.11419 0.51728 0.15593 0.09198 0.02795 0.09266
Split for: MX_ML
Year RUS+WAL EAL+BER GOA SEA+NBC SBC+WA OR+CA
1970 0.03752 0.20095 0.03444 0.06887 0.09366 0.56456
1971 0.03825 0.2018 0.03503 0.06854 0.09513 0.56124
1972 0.03616 0.2041 0.03554 0.06843 0.09641 0.55935
1973 0.03657 0.20561 0.0359 0.06819 0.09728 0.55645
1974 0.03706 0.20764 0.03634 0.0682 0.09836 0.5524
1975 0.03752 0.20958 0.03672 0.06823 0.09937 0.54857
1976 0.03797 0.21148 0.0371 0.06829 0.10021 0.54495
1977 0.03842 0.21334 0.03747 0.06834 0.10103 0.54141
1978 0.03886 0.21517 0.03783 0.06841 0.10183 0.53791
1979 0.03931 0.2169 0.0382 0.06849 0.10263 0.53448
1980 0.03978 0.21877 0.03859 0.06861 0.10349 0.53077
1981 0.04022 0.22052 0.03893 0.06875 0.1042 0.52738
1982 0.04062 0.22202 0.03921 0.06887 0.1048 0.52448
1983 0.04095 0.22321 0.03944 0.06897 0.10527 0.52216
1984 0.04121 0.22393 0.03959 0.06898 0.10546 0.52084
1985 0.04143 0.22435 0.03969 0.069 0.10551 0.52002
1986 0.04161 0.22449 0.03973 0.06896 0.10543 0.51978
1987 0.04177 0.22434 0.03973 0.06883 0.10519 0.52014
1988 0.0419 0.22389 0.03969 0.06873 0.10481 0.52098
1989 0.04197 0.22307 0.03958 0.06863 0.10423 0.52252
1990 0.04201 0.2219 0.03943 0.06844 0.10347 0.52476
1991 0.04206 0.22071 0.03927 0.06826 0.10272 0.52697
1992 0.0421 0.21937 0.03909 0.06804 0.10189 0.52951
1993 0.0421 0.2178 0.03887 0.06782 0.10096 0.53244
1994 0.04208 0.21599 0.03862 0.06753 0.09993 0.53586
1995 0.04203 0.21397 0.03833 0.06719 0.09881 0.53967
1996 0.04194 0.21172 0.038 0.06677 0.0976 0.54397
1997 0.04183 0.20926 0.03763 0.0663 0.09634 0.54863
1998 0.0417 0.20661 0.03724 0.0658 0.09502 0.55363
1999 0.04156 0.2039 0.03683 0.06526 0.09363 0.55882
2000 0.04137 0.20102 0.03638 0.06468 0.09218 0.56437
2001 0.04118 0.19821 0.03593 0.06409 0.09076 0.56983
2002 0.041 0.19541 0.03548 0.06352 0.08938 0.57521
2003 0.04083 0.19284 0.03507 0.06295 0.08808 0.58024
2004 0.04066 0.19039 0.03466 0.06237 0.08684 0.58508
2005 0.04054 0.18826 0.03431 0.06187 0.08556 0.58947
2006 0.04044 0.18629 0.03398 0.06141 0.08444 0.59344
2007 0.0403 0.18429 0.03357 0.06093 0.08365 0.59726
2008 0.04014 0.18226 0.0332 0.06042 0.08212 0.60186
2009 0.03998 0.1803 0.03284 0.05988 0.08141 0.60559
2010 0.03997 0.17887 0.03265 0.05944 0.08062 0.60844
2011 0.03989 0.1773 0.03237 0.05902 0.07956 0.61187
2012 0.03979 0.17568 0.03203 0.05867 0.07911 0.61472
2013 0.03969 0.17417 0.03176 0.05819 0.07863 0.61756
2014 0.0399 0.17397 0.03162 0.05806 0.07837 0.61807
2015 0.04045 0.17526 0.03179 0.05844 0.07874 0.61532
2016 0.04134 0.17764 0.03224 0.05926 0.07972 0.60979
2017 0.0416 0.17734 0.03223 0.05928 0.07931 0.61024
2018 0.04221 0.17863 0.03248 0.05974 0.07865 0.60829
2019 0.0424 0.17813 0.03238 0.05962 0.07844 0.60904
2020 0.04239 0.17698 0.03222 0.05926 0.07724 0.61192
2021 0.04258 0.17662 0.03212 0.05911 0.07698 0.61259
2022 0.04273 0.17595 0.03204 0.05893 0.0769 0.61345
2023 0.04295 0.17555 0.03191 0.05873 0.07635 0.61451
2024 0.04274 0.17342 0.03155 0.05815 0.07601 0.61812
Split for: Central_Am
Year RUS+WAL EAL+BER GOA SEA+NBC SBC+WA OR+CA
1970 0 0 0 0 0.08519 0.91481
1971 0 0 0 0 0.08688 0.91312
1972 0 0 0 0 0.08822 0.91178
1973 0 0 0 0 0.08936 0.91064
1974 0 0 0 0 0.09086 0.90914
1975 0 0 0 0 0.0923 0.9077
1976 0 0 0 0 0.09356 0.90644
1977 0 0 0 0 0.09481 0.90519
1978 0 0 0 0 0.09605 0.90395
1979 0 0 0 0 0.0973 0.9027
1980 0 0 0 0 0.09865 0.90135
1981 0 0 0 0 0.09983 0.90017
1982 0 0 0 0 0.10085 0.89915
1983 0 0 0 0 0.10166 0.89834
1984 0 0 0 0 0.10205 0.89795
1985 0 0 0 0 0.10225 0.89775
1986 0 0 0 0 0.10222 0.89778
1987 0 0 0 0 0.10195 0.89805
1988 0 0 0 0 0.10147 0.89853
1989 0 0 0 0 0.1007 0.8993
1990 0 0 0 0 0.09965 0.90035
1991 0 0 0 0 0.09863 0.90137
1992 0 0 0 0 0.09749 0.90251
1993 0 0 0 0 0.0962 0.9038
1994 0 0 0 0 0.09476 0.90524
1995 0 0 0 0 0.0932 0.9068
1996 0 0 0 0 0.0915 0.9085
1997 0 0 0 0 0.08973 0.91027
1998 0 0 0 0 0.08787 0.91213
1999 0 0 0 0 0.08597 0.91403
2000 0 0 0 0 0.08398 0.91602
2001 0 0 0 0 0.08207 0.91793
2002 0 0 0 0 0.08023 0.91977
2003 0 0 0 0 0.07852 0.92148
2004 0 0 0 0 0.07691 0.92309
2005 0 0 0 0 0.07534 0.92466
2006 0 0 0 0 0.07396 0.92604
2007 0 0 0 0 0.07288 0.92712
2008 0 0 0 0 0.07114 0.92886
2009 0 0 0 0 0.07017 0.92983
2010 0 0 0 0 0.06923 0.93077
2011 0 0 0 0 0.06802 0.93198
2012 0 0 0 0 0.06737 0.93263
2013 0 0 0 0 0.06671 0.93329
2014 0 0 0 0 0.06644 0.93356
2015 0 0 0 0 0.06702 0.93298
2016 0 0 0 0 0.06837 0.93163
2017 0 0 0 0 0.06799 0.93201
2018 0 0 0 0 0.06767 0.93233
2019 0 0 0 0 0.06742 0.93258
2020 0 0 0 0 0.06616 0.93384
2021 0 0 0 0 0.06589 0.93411
2022 0 0 0 0 0.06574 0.93426
2023 0 0 0 0 0.0652 0.9348
2024 0 0 0 0 0.06457 0.93543

Difference in mortality over time
Difference for: Asia
Year RUS+WAL EAL+BER GOA SEA+NBC SBC+WA OR+CA
1970 0 0 0 0 0 0
1971 0 0 0 0 0 0
1972 0 0 0 0 0 0
1973 0 0 0 0 0 0
1974 0 0 0 0 0 0
1975 0 0 0 0 0 0
1976 0 0 0 0 0 0
1977 -1 0 0 0 0 0
1978 -1 0 0 0 0 0
1979 -1 0 0 0 0 0
1980 -1 0 0 0 0 0
1981 -1 0 0 0 0 0
1982 -2 0 0 0 0 0
1983 -2 -1 0 0 0 0
1984 -3 -1 0 0 0 0
1985 -5 -1 0 0 0 0
1986 -7 -1 0 0 0 0
1987 -9 -2 0 0 0 0
1988 -11 -2 0 0 0 0
1989 -14 -3 0 0 0 0
1990 -17 -4 0 0 0 0
1991 -20 -4 0 0 0 0
1992 -24 -5 0 0 0 0
1993 -29 -6 0 0 0 0
1994 -36 -7 0 0 0 0
1995 -44 -9 0 0 0 0
1996 -54 -11 0 0 0 0
1997 -65 -13 0 0 0 0
1998 -77 -15 0 0 0 0
1999 -89 -17 0 0 0 0
2000 -101 -19 0 0 0 0
2001 -111 -21 0 0 0 0
2002 -120 -22 0 0 0 0
2003 -128 -24 0 0 0 0
2004 -137 -25 0 0 0 0
2005 -146 -26 0 0 0 0
2006 -155 -27 0 0 0 0
2007 -164 -29 0 0 0 0
2008 -173 -30 0 0 0 0
2009 -181 -31 0 0 0 0
2010 -188 -32 0 0 0 0
2011 -193 -32 0 0 0 0
2012 -197 -33 0 0 0 0
2013 -197 -33 0 0 0 0
2014 -201 -33 0 0 0 0
2015 -192 -32 0 0 0 0
2016 -194 -32 0 0 0 0
2017 -196 -32 0 0 0 0
2018 -198 -32 0 0 0 0
2019 -202 -32 0 0 0 0
2020 -201 -32 0 0 0 0
2021 -200 -31 0 0 0 0
2022 -199 -31 0 0 0 0
2023 -197 -31 0 0 0 0
Difference for: Hawaii
Year RUS+WAL EAL+BER GOA SEA+NBC SBC+WA OR+CA
1970 0 0 0 0 0 0
1971 0 0 0 0 0 0
1972 0 0 0 -1 0 0
1973 0 -1 0 -1 0 0
1974 0 -1 0 -2 0 0
1975 0 -1 -1 -2 0 0
1976 0 -2 -1 -3 0 0
1977 0 -2 -1 -4 -1 0
1978 0 -3 -1 -5 -1 0
1979 0 -3 -1 -5 -1 0
1980 0 -3 -1 -6 -1 0
1981 0 -4 -2 -7 -1 0
1982 0 -6 -2 -10 -1 0
1983 -1 -9 -4 -15 -2 0
1984 -1 -13 -5 -22 -3 0
1985 -2 -19 -8 -32 -4 0
1986 -2 -26 -11 -44 -6 0
1987 -3 -35 -14 -59 -8 0
1988 -4 -45 -18 -77 -10 0
1989 -5 -56 -23 -96 -13 0
1990 -6 -68 -28 -116 -16 0
1991 -7 -80 -33 -138 -18 0
1992 -8 -96 -39 -166 -22 0
1993 -10 -116 -48 -202 -26 0
1994 -12 -142 -59 -250 -32 0
1995 -15 -174 -72 -309 -39 0
1996 -19 -211 -88 -379 -47 0
1997 -23 -253 -106 -459 -57 0
1998 -28 -297 -125 -544 -66 0
1999 -32 -340 -144 -629 -76 0
2000 -36 -379 -161 -709 -84 0
2001 -40 -413 -176 -781 -91 0
2002 -44 -443 -190 -846 -98 0
2003 -47 -471 -202 -908 -104 0
2004 -51 -499 -215 -969 -110 0
2005 -54 -528 -228 -1031 -115 0
2006 -58 -558 -241 -1097 -121 0
2007 -62 -589 -254 -1165 -128 0
2008 -66 -620 -267 -1232 -133 0
2009 -70 -649 -280 -1294 -140 0
2010 -73 -672 -291 -1343 -144 0
2011 -76 -692 -300 -1386 -147 0
2012 -78 -705 -305 -1424 -151 0
2013 -79 -716 -310 -1446 -154 0
2014 -81 -723 -311 -1459 -155 0
2015 -81 -728 -313 -1468 -155 0
2016 -82 -733 -315 -1480 -156 0
2017 -84 -739 -319 -1498 -156 0
2018 -86 -746 -322 -1515 -153 0
2019 -87 -753 -325 -1532 -155 0
2020 -89 -761 -329 -1549 -154 0
2021 -90 -768 -332 -1563 -155 0
2022 -91 -773 -335 -1577 -157 0
2023 -92 -777 -336 -1583 -156 0
Difference for: MX_AR
Year RUS+WAL EAL+BER GOA SEA+NBC SBC+WA OR+CA
1970 0 0 0 0 0 0
1971 0 0 0 0 0 0
1972 0 0 0 0 0 0
1973 0 0 0 0 0 0
1974 0 0 0 0 0 0
1975 0 0 0 0 0 0
1976 0 -1 0 0 0 0
1977 0 -1 0 0 0 0
1978 0 -1 0 0 0 0
1979 0 -1 0 0 0 0
1980 0 -1 0 0 0 0
1981 0 -1 0 0 0 0
1982 0 -2 -1 0 0 0
1983 0 -3 -1 0 0 0
1984 -1 -4 -1 -1 0 0
1985 -1 -6 -2 -1 0 0
1986 -1 -9 -3 -1 -1 -1
1987 -2 -12 -3 -2 -1 -1
1988 -2 -16 -4 -2 -1 -1
1989 -3 -19 -5 -3 -1 -1
1990 -3 -23 -7 -3 -1 -2
1991 -4 -27 -8 -4 -2 -2
1992 -5 -33 -9 -5 -2 -3
1993 -6 -40 -11 -6 -2 -3
1994 -8 -49 -14 -7 -3 -4
1995 -9 -59 -17 -9 -3 -5
1996 -12 -72 -21 -11 -4 -7
1997 -14 -87 -25 -14 -5 -8
1998 -17 -102 -30 -16 -6 -10
1999 -19 -116 -34 -19 -7 -12
2000 -22 -130 -38 -21 -7 -14
2001 -24 -141 -42 -23 -8 -16
2002 -27 -152 -45 -25 -9 -18
2003 -29 -161 -48 -27 -9 -20
2004 -31 -171 -51 -29 -10 -22
2005 -33 -181 -54 -30 -10 -24
2006 -35 -191 -57 -32 -11 -26
2007 -38 -202 -60 -34 -11 -28
2008 -40 -212 -63 -36 -12 -31
2009 -42 -222 -66 -38 -12 -33
2010 -44 -230 -69 -40 -13 -35
2011 -46 -237 -71 -41 -13 -37
2012 -47 -242 -72 -42 -13 -39
2013 -48 -245 -73 -43 -13 -40
2014 -49 -248 -74 -43 -14 -41
2015 -49 -249 -74 -43 -14 -40
2016 -50 -251 -75 -44 -14 -39
2017 -51 -253 -76 -44 -14 -39
2018 -52 -256 -76 -45 -13 -39
2019 -53 -258 -77 -45 -14 -39
2020 -54 -261 -78 -46 -13 -41
2021 -55 -263 -79 -46 -14 -41
2022 -55 -265 -80 -46 -14 -42
2023 -56 -266 -80 -47 -14 -42
Difference for: MX_ML
Year RUS+WAL EAL+BER GOA SEA+NBC SBC+WA OR+CA
1970 0 0 0 0 0 0
1971 0 0 0 0 0 0
1972 0 0 0 0 0 0
1973 0 0 0 0 0 0
1974 0 0 0 0 0 0
1975 0 0 0 0 0 0
1976 0 0 0 0 0 -1
1977 0 0 0 0 0 -1
1978 0 0 0 0 0 -1
1979 0 0 0 0 0 -1
1980 0 -1 0 0 0 -1
1981 0 -1 0 0 0 -1
1982 0 -1 0 0 0 -1
1983 0 -1 0 0 -1 -2
1984 0 -2 0 -1 -1 -3
1985 0 -3 -1 -1 -1 -4
1986 -1 -4 -1 -1 -2 -6
1987 -1 -6 -1 -2 -3 -8
1988 -1 -7 -1 -2 -3 -11
1989 -1 -9 -2 -2 -4 -13
1990 -2 -11 -2 -3 -5 -16
1991 -2 -13 -2 -3 -6 -19
1992 -3 -15 -3 -4 -7 -24
1993 -3 -18 -3 -5 -8 -29
1994 -4 -22 -4 -6 -10 -37
1995 -5 -27 -5 -8 -12 -46
1996 -6 -33 -6 -9 -15 -58
1997 -7 -39 -7 -11 -18 -73
1998 -8 -45 -8 -14 -21 -89
1999 -10 -52 -9 -16 -24 -106
2000 -11 -58 -10 -18 -27 -124
2001 -12 -63 -11 -19 -29 -141
2002 -13 -67 -12 -21 -31 -157
2003 -14 -71 -13 -22 -33 -174
2004 -15 -76 -14 -24 -34 -191
2005 -16 -80 -14 -25 -36 -209
2006 -17 -84 -15 -27 -38 -228
2007 -18 -89 -16 -28 -40 -248
2008 -20 -93 -17 -30 -41 -269
2009 -21 -97 -18 -31 -43 -290
2010 -22 -100 -18 -33 -45 -306
2011 -22 -103 -19 -34 -45 -322
2012 -23 -105 -19 -34 -46 -336
2013 -23 -106 -19 -35 -47 -348
2014 -24 -107 -19 -35 -47 -351
2015 -24 -107 -19 -35 -47 -344
2016 -24 -108 -19 -35 -47 -331
2017 -24 -108 -19 -36 -47 -334
2018 -25 -109 -20 -36 -46 -329
2019 -25 -109 -20 -36 -47 -333
2020 -25 -110 -20 -36 -46 -340
2021 -26 -111 -20 -37 -46 -343
2022 -26 -111 -20 -37 -47 -348
2023 -26 -111 -20 -37 -46 -350
Difference for: Central_Am
Year RUS+WAL EAL+BER GOA SEA+NBC SBC+WA OR+CA
1970 0 0 0 0 0 0
1971 0 0 0 0 0 0
1972 0 0 0 0 0 0
1973 0 0 0 0 0 0
1974 0 0 0 0 0 0
1975 0 0 0 0 0 0
1976 0 0 0 0 0 0
1977 0 0 0 0 0 0
1978 0 0 0 0 0 0
1979 0 0 0 0 0 0
1980 0 0 0 0 0 0
1981 0 0 0 0 0 -1
1982 0 0 0 0 0 -1
1983 0 0 0 0 0 -1
1984 0 0 0 0 0 -2
1985 0 0 0 0 0 -2
1986 0 0 0 0 -1 -3
1987 0 0 0 0 -1 -4
1988 0 0 0 0 -1 -5
1989 0 0 0 0 -1 -6
1990 0 0 0 0 -1 -8
1991 0 0 0 0 -2 -10
1992 0 0 0 0 -2 -12
1993 0 0 0 0 -2 -14
1994 0 0 0 0 -3 -18
1995 0 0 0 0 -3 -23
1996 0 0 0 0 -4 -29
1997 0 0 0 0 -5 -36
1998 0 0 0 0 -6 -44
1999 0 0 0 0 -7 -52
2000 0 0 0 0 -7 -61
2001 0 0 0 0 -8 -69
2002 0 0 0 0 -8 -78
2003 0 0 0 0 -9 -86
2004 0 0 0 0 -9 -94
2005 0 0 0 0 -10 -103
2006 0 0 0 0 -10 -112
2007 0 0 0 0 -11 -122
2008 0 0 0 0 -11 -133
2009 0 0 0 0 -12 -143
2010 0 0 0 0 -12 -151
2011 0 0 0 0 -13 -159
2012 0 0 0 0 -13 -166
2013 0 0 0 0 -13 -172
2014 0 0 0 0 -13 -174
2015 0 0 0 0 -13 -171
2016 0 0 0 0 -13 -165
2017 0 0 0 0 -13 -166
2018 0 0 0 0 -13 -164
2019 0 0 0 0 -13 -166
2020 0 0 0 0 -13 -170
2021 0 0 0 0 -13 -172
2022 0 0 0 0 -13 -174
2023 0 0 0 0 -13 -175

Total survival over time
Values for breeding stock: Asia
Year RUS+WAL EAL+BER GOA SEA+NBC SBC+WA OR+CA
1970 0.952 0.909 0 0 0 0
1971 2.064 2.033 0 0 0 0
1972 1.418 1.517 0 0 0 0
1973 1.339 1.334 0 0 0 0
1974 1.246 1.242 0 0 0 0
1975 1.191 1.187 0 0 0 0
1976 1.153 1.149 0 0 0 0
1977 1.125 1.122 0 0 0 0
1978 1.104 1.101 0 0 0 0
1979 1.087 1.083 0 0 0 0
1980 1.073 1.069 0 0 0 0
1981 1.184 1.18 0 0 0 0
1982 1.246 1.242 0 0 0 0
1983 1.264 1.26 0 0 0 0
1984 1.258 1.253 0 0 0 0
1985 1.238 1.233 0 0 0 0
1986 1.214 1.209 0 0 0 0
1987 1.189 1.183 0 0 0 0
1988 1.165 1.159 0 0 0 0
1989 1.143 1.136 0 0 0 0
1990 1.123 1.116 0 0 0 0
1991 1.124 1.117 0 0 0 0
1992 1.134 1.126 0 0 0 0
1993 1.145 1.137 0 0 0 0
1994 1.152 1.143 0 0 0 0
1995 1.153 1.143 0 0 0 0
1996 1.148 1.138 0 0 0 0
1997 1.138 1.128 0 0 0 0
1998 1.125 1.114 0 0 0 0
1999 1.11 1.099 0 0 0 0
2000 1.094 1.084 0 0 0 0
2001 1.082 1.072 0 0 0 0
2002 1.075 1.065 0 0 0 0
2003 1.071 1.062 0 0 0 0
2004 1.069 1.061 0 0 0 0
2005 1.069 1.061 0 0 0 0
2006 1.069 1.061 0 0 0 0
2007 1.067 1.06 0 0 0 0
2008 1.064 1.057 0 0 0 0
2009 1.06 1.053 0 0 0 0
2010 1.055 1.048 0 0 0 0
2011 1.05 1.043 0 0 0 0
2012 1.045 1.038 0 0 0 0
2013 1.034 1.027 0 0 0 0
2014 1.049 1.044 0 0 0 0
2015 1.005 0.997 0 0 0 0
2016 1.043 1.035 0 0 0 0
2017 1.043 1.036 0 0 0 0
2018 1.041 1.034 0 0 0 0
2019 1.049 1.042 0 0 0 0
2020 1.034 1.028 0 0 0 0
2021 1.033 1.025 0 0 0 0
2022 1.031 1.023 0 0 0 0
2023 1.028 1.02 0 0 0 0
Values for breeding stock: Hawaii
Year RUS+WAL EAL+BER GOA SEA+NBC SBC+WA OR+CA
1970 1.006 0.961 0.866 0.927 0.998 0
1971 2.122 2.09 2.116 2.071 2.113 0
1972 1.45 1.551 1.556 1.531 1.554 0
1973 1.367 1.361 1.365 1.347 1.363 0
1974 1.27 1.265 1.268 1.253 1.267 0
1975 1.211 1.207 1.208 1.197 1.208 0
1976 1.171 1.168 1.169 1.158 1.167 0
1977 1.143 1.14 1.141 1.131 1.139 0
1978 1.122 1.118 1.119 1.11 1.117 0
1979 1.105 1.101 1.103 1.094 1.101 0
1980 1.091 1.087 1.089 1.08 1.087 0
1981 1.203 1.199 1.2 1.192 1.197 0
1982 1.263 1.259 1.26 1.253 1.258 0
1983 1.28 1.276 1.277 1.271 1.275 0
1984 1.271 1.267 1.267 1.264 1.265 0
1985 1.25 1.245 1.246 1.244 1.243 0
1986 1.225 1.219 1.22 1.219 1.218 0
1987 1.199 1.193 1.194 1.192 1.191 0
1988 1.174 1.168 1.169 1.169 1.166 0
1989 1.152 1.145 1.146 1.148 1.143 0
1990 1.132 1.124 1.126 1.127 1.122 0
1991 1.133 1.125 1.127 1.128 1.123 0
1992 1.143 1.134 1.136 1.138 1.132 0
1993 1.153 1.144 1.146 1.149 1.142 0
1994 1.16 1.151 1.153 1.155 1.148 0
1995 1.161 1.151 1.153 1.156 1.149 0
1996 1.155 1.145 1.147 1.15 1.143 0
1997 1.145 1.134 1.137 1.14 1.133 0
1998 1.131 1.12 1.123 1.126 1.119 0
1999 1.116 1.105 1.108 1.111 1.104 0
2000 1.1 1.09 1.092 1.096 1.089 0
2001 1.089 1.079 1.08 1.084 1.077 0
2002 1.081 1.072 1.073 1.077 1.07 0
2003 1.078 1.069 1.07 1.073 1.067 0
2004 1.077 1.068 1.069 1.071 1.067 0
2005 1.077 1.068 1.069 1.071 1.065 0
2006 1.076 1.068 1.069 1.071 1.066 0
2007 1.075 1.068 1.066 1.07 1.069 0
2008 1.073 1.065 1.065 1.068 1.059 0
2009 1.069 1.062 1.062 1.064 1.064 0
2010 1.064 1.057 1.059 1.057 1.055 0
2011 1.059 1.052 1.052 1.054 1.048 0
2012 1.055 1.048 1.047 1.051 1.051 0
2013 1.052 1.046 1.045 1.046 1.048 0
2014 1.049 1.043 1.041 1.043 1.042 0
2015 1.052 1.043 1.041 1.042 1.04 0
2016 1.051 1.043 1.043 1.043 1.042 0
2017 1.051 1.044 1.045 1.045 1.04 0
2018 1.052 1.045 1.045 1.045 1.031 0
2019 1.051 1.045 1.044 1.045 1.045 0
2020 1.052 1.045 1.046 1.045 1.037 0
2021 1.052 1.044 1.043 1.044 1.043 0
2022 1.051 1.043 1.044 1.044 1.045 0
2023 1.05 1.042 1.04 1.041 1.038 0
Values for breeding stock: MX_AR
Year RUS+WAL EAL+BER GOA SEA+NBC SBC+WA OR+CA
1970 1.006 0.961 0.866 0.927 0.998 0.824
1971 2.122 2.09 2.116 2.071 2.113 2.069
1972 1.45 1.551 1.556 1.531 1.554 1.529
1973 1.367 1.361 1.365 1.347 1.363 1.345
1974 1.27 1.265 1.268 1.253 1.267 1.244
1975 1.211 1.207 1.209 1.197 1.208 1.188
1976 1.172 1.168 1.169 1.159 1.167 1.15
1977 1.143 1.14 1.141 1.131 1.139 1.123
1978 1.122 1.118 1.12 1.11 1.118 1.102
1979 1.105 1.101 1.103 1.094 1.101 1.086
1980 1.091 1.088 1.089 1.08 1.087 1.071
1981 1.203 1.199 1.2 1.192 1.198 1.182
1982 1.263 1.259 1.26 1.253 1.258 1.245
1983 1.28 1.276 1.277 1.271 1.275 1.265
1984 1.271 1.267 1.268 1.264 1.265 1.261
1985 1.25 1.245 1.246 1.244 1.244 1.243
1986 1.225 1.219 1.22 1.219 1.218 1.22
1987 1.199 1.193 1.194 1.192 1.191 1.197
1988 1.175 1.168 1.169 1.169 1.166 1.174
1989 1.152 1.145 1.146 1.148 1.143 1.154
1990 1.132 1.124 1.126 1.127 1.122 1.136
1991 1.133 1.125 1.127 1.128 1.123 1.137
1992 1.143 1.134 1.136 1.138 1.132 1.148
1993 1.153 1.145 1.146 1.149 1.142 1.161
1994 1.16 1.151 1.153 1.155 1.148 1.169
1995 1.161 1.151 1.153 1.156 1.149 1.171
1996 1.155 1.145 1.147 1.15 1.143 1.168
1997 1.145 1.134 1.137 1.14 1.133 1.159
1998 1.132 1.12 1.123 1.126 1.119 1.146
1999 1.116 1.105 1.108 1.111 1.104 1.131
2000 1.101 1.09 1.092 1.096 1.089 1.116
2001 1.089 1.079 1.08 1.084 1.077 1.103
2002 1.081 1.072 1.073 1.077 1.07 1.096
2003 1.078 1.069 1.07 1.073 1.067 1.091
2004 1.077 1.068 1.069 1.071 1.067 1.089
2005 1.077 1.068 1.069 1.071 1.065 1.087
2006 1.076 1.068 1.069 1.071 1.066 1.085
2007 1.075 1.068 1.066 1.07 1.069 1.084
2008 1.073 1.065 1.065 1.068 1.059 1.084
2009 1.069 1.062 1.062 1.064 1.064 1.078
2010 1.064 1.057 1.059 1.057 1.055 1.069
2011 1.059 1.052 1.053 1.054 1.048 1.066
2012 1.055 1.048 1.047 1.051 1.051 1.061
2013 1.052 1.046 1.045 1.046 1.048 1.058
2014 1.049 1.044 1.041 1.043 1.042 1.046
2015 1.052 1.043 1.041 1.042 1.04 1.032
2016 1.051 1.043 1.043 1.043 1.042 1.023
2017 1.051 1.044 1.045 1.045 1.04 1.046
2018 1.052 1.045 1.045 1.045 1.031 1.035
2019 1.051 1.045 1.044 1.045 1.045 1.048
2020 1.052 1.045 1.046 1.045 1.037 1.055
2021 1.052 1.044 1.043 1.044 1.043 1.047
2022 1.051 1.043 1.044 1.044 1.045 1.048
2023 1.05 1.042 1.04 1.041 1.038 1.046
Values for breeding stock: MX_ML
Year RUS+WAL EAL+BER GOA SEA+NBC SBC+WA OR+CA
1970 0.977 0.933 0.841 0.901 0.97 0.8
1971 2.084 2.053 2.079 2.035 2.076 2.032
1972 1.429 1.529 1.534 1.51 1.532 1.507
1973 1.352 1.346 1.35 1.332 1.348 1.33
1974 1.257 1.252 1.255 1.241 1.254 1.232
1975 1.199 1.196 1.197 1.185 1.197 1.177
1976 1.161 1.157 1.158 1.148 1.156 1.14
1977 1.133 1.13 1.131 1.121 1.129 1.113
1978 1.112 1.109 1.11 1.101 1.108 1.093
1979 1.095 1.092 1.093 1.084 1.091 1.076
1980 1.082 1.078 1.08 1.071 1.078 1.062
1981 1.193 1.189 1.19 1.183 1.188 1.173
1982 1.255 1.25 1.251 1.244 1.249 1.236
1983 1.273 1.268 1.269 1.264 1.267 1.258
1984 1.264 1.26 1.261 1.257 1.258 1.255
1985 1.244 1.239 1.24 1.238 1.238 1.237
1986 1.22 1.214 1.215 1.213 1.213 1.215
1987 1.194 1.188 1.189 1.187 1.186 1.192
1988 1.17 1.164 1.165 1.165 1.162 1.17
1989 1.148 1.141 1.142 1.144 1.139 1.15
1990 1.128 1.12 1.122 1.124 1.118 1.133
1991 1.129 1.121 1.123 1.125 1.119 1.133
1992 1.139 1.131 1.133 1.134 1.129 1.145
1993 1.15 1.141 1.143 1.146 1.139 1.157
1994 1.157 1.147 1.15 1.152 1.145 1.166
1995 1.158 1.148 1.15 1.153 1.146 1.168
1996 1.152 1.142 1.144 1.147 1.14 1.165
1997 1.142 1.132 1.134 1.137 1.131 1.156
1998 1.129 1.118 1.121 1.124 1.117 1.143
1999 1.114 1.103 1.105 1.108 1.102 1.128
2000 1.098 1.088 1.09 1.093 1.087 1.114
2001 1.086 1.076 1.078 1.081 1.075 1.101
2002 1.079 1.069 1.071 1.075 1.068 1.093
2003 1.076 1.067 1.068 1.071 1.065 1.088
2004 1.074 1.066 1.067 1.069 1.064 1.086
2005 1.074 1.065 1.066 1.068 1.062 1.084
2006 1.074 1.066 1.067 1.069 1.064 1.083
2007 1.073 1.065 1.064 1.068 1.067 1.082
2008 1.07 1.063 1.063 1.066 1.057 1.081
2009 1.067 1.06 1.059 1.061 1.061 1.076
2010 1.062 1.054 1.056 1.055 1.053 1.066
2011 1.056 1.05 1.05 1.051 1.046 1.063
2012 1.052 1.045 1.044 1.048 1.048 1.058
2013 1.05 1.043 1.043 1.043 1.045 1.055
2014 1.046 1.04 1.038 1.04 1.039 1.043
2015 1.049 1.039 1.037 1.038 1.037 1.029
2016 1.047 1.039 1.04 1.04 1.038 1.02
2017 1.048 1.04 1.041 1.042 1.037 1.042
2018 1.048 1.041 1.041 1.042 1.028 1.032
2019 1.048 1.041 1.041 1.042 1.041 1.045
2020 1.046 1.039 1.04 1.039 1.031 1.049
2021 1.048 1.041 1.04 1.04 1.04 1.044
2022 1.048 1.04 1.042 1.041 1.043 1.045
2023 1.046 1.037 1.036 1.036 1.033 1.041
Values for breeding stock: Central_Am
Year RUS+WAL EAL+BER GOA SEA+NBC SBC+WA OR+CA
1970 0 0 0 0 0.973 0.803
1971 0 0 0 0 2.082 2.038
1972 0 0 0 0 1.537 1.512
1973 0 0 0 0 1.348 1.329
1974 0 0 0 0 1.254 1.232
1975 0 0 0 0 1.198 1.178
1976 0 0 0 0 1.158 1.141
1977 0 0 0 0 1.131 1.115
1978 0 0 0 0 1.108 1.093
1979 0 0 0 0 1.092 1.077
1980 0 0 0 0 1.079 1.063
1981 0 0 0 0 1.189 1.174
1982 0 0 0 0 1.249 1.236
1983 0 0 0 0 1.267 1.258
1984 0 0 0 0 1.259 1.255
1985 0 0 0 0 1.238 1.237
1986 0 0 0 0 1.213 1.215
1987 0 0 0 0 1.187 1.193
1988 0 0 0 0 1.162 1.17
1989 0 0 0 0 1.139 1.151
1990 0 0 0 0 1.119 1.133
1991 0 0 0 0 1.12 1.134
1992 0 0 0 0 1.129 1.145
1993 0 0 0 0 1.139 1.158
1994 0 0 0 0 1.146 1.167
1995 0 0 0 0 1.146 1.169
1996 0 0 0 0 1.141 1.165
1997 0 0 0 0 1.131 1.156
1998 0 0 0 0 1.117 1.144
1999 0 0 0 0 1.102 1.129
2000 0 0 0 0 1.087 1.114
2001 0 0 0 0 1.076 1.102
2002 0 0 0 0 1.069 1.094
2003 0 0 0 0 1.065 1.089
2004 0 0 0 0 1.065 1.087
2005 0 0 0 0 1.063 1.085
2006 0 0 0 0 1.064 1.083
2007 0 0 0 0 1.067 1.083
2008 0 0 0 0 1.057 1.082
2009 0 0 0 0 1.062 1.077
2010 0 0 0 0 1.053 1.067
2011 0 0 0 0 1.046 1.064
2012 0 0 0 0 1.049 1.059
2013 0 0 0 0 1.046 1.056
2014 0 0 0 0 1.04 1.044
2015 0 0 0 0 1.038 1.03
2016 0 0 0 0 1.04 1.021
2017 0 0 0 0 1.038 1.043
2018 0 0 0 0 1.028 1.033
2019 0 0 0 0 1.043 1.047
2020 0 0 0 0 1.033 1.051
2021 0 0 0 0 1.039 1.044
2022 0 0 0 0 1.042 1.045
2023 0 0 0 0 1.035 1.043

Numbers over time by herd
Values for breeding stock: Asia
Year RUS+WAL EAL+BER GOA SEA+NBC SBC+WA OR+CA
1970 13 3 0 0 0 0
1971 27 5 0 0 0 0
1972 35 7 0 0 0 0
1973 44 9 0 0 0 0
1974 52 11 0 0 0 0
1975 59 12 0 0 0 0
1976 66 13 0 0 0 0
1977 72 15 0 0 0 0
1978 77 16 0 0 0 0
1979 82 16 0 0 0 0
1980 86 17 0 0 0 0
1981 100 20 0 0 0 0
1982 120 24 0 0 0 0
1983 146 29 0 0 0 0
1984 176 35 0 0 0 0
1985 210 41 0 0 0 0
1986 245 48 0 0 0 0
1987 281 55 0 0 0 0
1988 317 62 0 0 0 0
1989 351 68 0 0 0 0
1990 382 74 0 0 0 0
1991 418 80 0 0 0 0
1992 461 87 0 0 0 0
1993 513 97 0 0 0 0
1994 573 107 0 0 0 0
1995 640 119 0 0 0 0
1996 712 131 0 0 0 0
1997 786 143 0 0 0 0
1998 856 154 0 0 0 0
1999 921 164 0 0 0 0
2000 976 173 0 0 0 0
2001 1024 179 0 0 0 0
2002 1065 185 0 0 0 0
2003 1105 190 0 0 0 0
2004 1143 195 0 0 0 0
2005 1183 200 0 0 0 0
2006 1222 205 0 0 0 0
2007 1260 210 0 0 0 0
2008 1295 214 0 0 0 0
2009 1326 218 0 0 0 0
2010 1350 220 0 0 0 0
2011 1366 221 0 0 0 0
2012 1376 221 0 0 0 0
2013 1371 219 0 0 0 0
2014 1387 220 0 0 0 0
2015 1340 211 0 0 0 0
2016 1347 211 0 0 0 0
2017 1354 210 0 0 0 0
2018 1358 209 0 0 0 0
2019 1373 210 0 0 0 0
2020 1367 208 0 0 0 0
2021 1358 205 0 0 0 0
2022 1347 202 0 0 0 0
2023 1332 198 0 0 0 0
Values for breeding stock: Hawaii
Year RUS+WAL EAL+BER GOA SEA+NBC SBC+WA OR+CA
1970 3 36 15 75 8 0
1971 7 74 31 155 17 0
1972 9 104 43 215 24 0
1973 12 133 56 272 30 0
1974 14 160 67 324 37 0
1975 17 185 78 372 42 0
1976 19 209 88 416 48 0
1977 21 231 97 456 53 0
1978 23 251 106 492 58 0
1979 25 270 114 525 62 0
1980 26 287 121 555 66 0
1981 31 337 142 647 77 0
1982 38 410 173 784 94 0
1983 47 503 213 957 115 0
1984 57 612 259 1161 139 0
1985 68 732 310 1387 166 0
1986 80 860 364 1627 195 0
1987 93 990 420 1872 224 0
1988 106 1119 475 2117 253 0
1989 118 1242 527 2355 281 0
1990 130 1356 577 2578 306 0
1991 143 1484 632 2828 334 0
1992 159 1637 698 3128 368 0
1993 178 1820 777 3492 408 0
1994 200 2032 869 3914 454 0
1995 225 2267 971 4387 506 0
1996 252 2516 1080 4889 561 0
1997 279 2766 1190 5401 616 0
1998 306 3003 1295 5894 668 0
1999 331 3217 1390 6345 714 0
2000 353 3398 1471 6736 753 0
2001 372 3549 1539 7072 786 0
2002 390 3682 1600 7376 814 0
2003 407 3808 1657 7660 841 0
2004 424 3934 1713 7941 867 0
2005 442 4063 1771 8227 893 0
2006 460 4194 1830 8519 919 0
2007 478 4325 1885 8812 949 0
2008 495 4450 1939 9089 969 0
2009 511 4561 1987 9334 995 0
2010 524 4648 2030 9518 1013 0
2011 536 4716 2060 9673 1023 0
2012 545 4764 2078 9802 1037 0
2013 552 4799 2093 9880 1047 0
2014 559 4825 2098 9923 1051 0
2015 565 4846 2103 9955 1052 0
2016 572 4867 2114 10005 1056 0
2017 580 4892 2127 10077 1058 0
2018 587 4922 2141 10143 1047 0
2019 595 4951 2153 10210 1054 0
2020 602 4981 2169 10277 1051 0
2021 610 5007 2179 10326 1055 0
2022 616 5027 2190 10376 1062 0
2023 623 5042 2193 10395 1060 0
Values for breeding stock: MX_AR
Year RUS+WAL EAL+BER GOA SEA+NBC SBC+WA OR+CA
1970 2 12 3 2 1 2
1971 4 25 7 5 1 4
1972 6 36 10 6 2 5
1973 7 45 13 8 3 6
1974 9 55 16 10 3 7
1975 10 63 18 11 4 8
1976 11 71 21 12 4 9
1977 13 79 23 13 5 10
1978 14 86 25 14 5 11
1979 15 92 27 15 5 11
1980 16 98 29 16 6 12
1981 19 115 34 19 7 14
1982 23 140 41 23 8 17
1983 28 172 50 28 10 20
1984 35 209 61 34 12 24
1985 41 251 73 41 15 29
1986 49 294 86 48 17 34
1987 57 339 99 55 20 39
1988 64 383 112 62 22 45
1989 72 425 125 69 24 50
1990 79 464 137 76 27 55
1991 87 508 150 83 29 61
1992 96 560 165 92 32 68
1993 108 623 184 103 36 77
1994 121 696 206 115 40 87
1995 137 776 230 129 44 98
1996 153 861 256 144 49 111
1997 170 947 282 159 54 125
1998 186 1028 307 174 58 138
1999 201 1102 330 187 62 152
2000 214 1163 349 199 66 164
2001 226 1215 365 208 69 176
2002 237 1261 379 217 71 187
2003 247 1304 393 226 73 197
2004 258 1347 406 234 76 208
2005 268 1391 420 242 78 219
2006 279 1436 434 251 80 230
2007 290 1481 447 260 83 241
2008 301 1524 460 268 85 253
2009 310 1562 471 275 87 264
2010 319 1592 481 281 88 272
2011 325 1615 489 285 89 280
2012 331 1631 493 289 91 287
2013 335 1644 496 291 91 293
2014 340 1653 498 293 92 295
2015 343 1660 499 294 92 293
2016 348 1667 501 295 92 288
2017 352 1676 505 297 92 290
2018 357 1686 508 299 91 289
2019 362 1696 511 301 92 291
2020 366 1706 515 303 92 297
2021 370 1715 517 304 92 299
2022 375 1722 520 306 93 302
2023 379 1727 520 306 93 304
Values for breeding stock: MX_ML
Year RUS+WAL EAL+BER GOA SEA+NBC SBC+WA OR+CA
1970 1 7 1 2 3 18
1971 3 13 2 5 6 37
1972 3 18 3 6 9 51
1973 4 23 4 8 11 63
1974 5 28 5 9 13 74
1975 6 32 6 10 15 83
1976 6 36 6 11 17 92
1977 7 39 7 12 18 99
1978 8 42 7 13 20 105
1979 8 45 8 14 21 110
1980 9 47 8 15 22 114
1981 10 55 10 17 26 131
1982 12 66 12 21 31 157
1983 15 81 14 25 38 189
1984 18 98 17 30 46 228
1985 22 117 21 36 55 270
1986 25 136 24 42 64 316
1987 29 157 28 48 73 363
1988 33 176 31 54 83 410
1989 37 195 35 60 91 457
1990 40 212 38 65 99 502
1991 44 232 41 72 108 553
1992 49 255 45 79 118 614
1993 55 282 50 88 131 690
1994 61 314 56 98 145 779
1995 69 350 63 110 161 882
1996 77 387 69 122 178 995
1997 85 425 76 135 196 1113
1998 93 460 83 147 212 1233
1999 100 492 89 157 226 1348
2000 107 518 94 167 238 1455
2001 112 540 98 175 247 1554
2002 117 559 102 182 256 1647
2003 122 578 105 189 264 1738
2004 127 595 108 195 272 1829
2005 132 613 112 202 279 1920
2006 137 632 115 208 286 2013
2007 142 650 118 215 295 2107
2008 147 667 122 221 301 2204
2009 151 682 124 227 308 2292
2010 155 694 127 231 313 2360
2011 158 702 128 234 315 2423
2012 160 707 129 236 319 2475
2013 162 711 130 237 321 2520
2014 163 713 130 238 321 2532
2015 165 713 129 238 320 2504
2016 166 714 130 238 320 2451
2017 168 715 130 239 320 2461
2018 169 717 130 240 316 2442
2019 171 719 131 241 317 2458
2020 172 719 131 241 314 2487
2021 174 721 131 241 314 2500
2022 175 722 131 242 315 2517
2023 176 721 131 241 314 2523
Values for breeding stock: Central_Am
Year RUS+WAL EAL+BER GOA SEA+NBC SBC+WA OR+CA
1970 0 0 0 0 1 9
1971 0 0 0 0 2 18
1972 0 0 0 0 2 25
1973 0 0 0 0 3 31
1974 0 0 0 0 4 36
1975 0 0 0 0 4 41
1976 0 0 0 0 5 45
1977 0 0 0 0 5 48
1978 0 0 0 0 5 51
1979 0 0 0 0 6 54
1980 0 0 0 0 6 56
1981 0 0 0 0 7 64
1982 0 0 0 0 9 77
1983 0 0 0 0 10 93
1984 0 0 0 0 13 111
1985 0 0 0 0 15 132
1986 0 0 0 0 18 155
1987 0 0 0 0 20 178
1988 0 0 0 0 23 201
1989 0 0 0 0 25 224
1990 0 0 0 0 27 246
1991 0 0 0 0 30 271
1992 0 0 0 0 33 301
1993 0 0 0 0 36 338
1994 0 0 0 0 40 383
1995 0 0 0 0 45 433
1996 0 0 0 0 49 489
1997 0 0 0 0 54 547
1998 0 0 0 0 58 606
1999 0 0 0 0 62 663
2000 0 0 0 0 66 716
2001 0 0 0 0 68 765
2002 0 0 0 0 71 811
2003 0 0 0 0 73 856
2004 0 0 0 0 75 901
2005 0 0 0 0 77 947
2006 0 0 0 0 79 992
2007 0 0 0 0 82 1040
2008 0 0 0 0 83 1088
2009 0 0 0 0 85 1132
2010 0 0 0 0 87 1166
2011 0 0 0 0 87 1199
2012 0 0 0 0 89 1225
2013 0 0 0 0 89 1248
2014 0 0 0 0 89 1255
2015 0 0 0 0 89 1243
2016 0 0 0 0 89 1218
2017 0 0 0 0 89 1225
2018 0 0 0 0 88 1216
2019 0 0 0 0 89 1227
2020 0 0 0 0 88 1244
2021 0 0 0 0 88 1250
2022 0 0 0 0 89 1258
2023 0 0 0 0 88 1263

Catch numbers by breeding stock
Year Asia Hawaii MX_AR MX_ML Central_Am
1970 0.9 0 0 1.1 0.3
1971 0.9 0 0 1.2 0.3
1972 1 0 0 1.3 0.3
1973 1.1 0 0 1.3 0.4
1974 1.2 0.1 0 1.4 0.4
1975 1.2 0.1 0 1.5 0.4
1976 1.3 0.1 0 1.6 0.4
1977 1.4 0.1 0 1.6 0.4
1978 1.5 0.1 0 1.7 0.5
1979 1.6 0.1 0 1.8 0.5
1980 1.8 0.1 0 1.9 0.5
1981 1.9 0.1 0 2 0.5
1982 2 0.1 0 2.1 0.6
1983 2.2 0.1 0 2.2 0.6
1984 2.3 0.1 0 2.4 0.6
1985 2.5 0.1 0 2.5 0.7
1986 2.6 0.1 0 2.6 0.7
1987 2.8 0.1 0 2.8 0.7
1988 3 0.1 0 2.9 0.8
1989 3.2 0.1 0 3.1 0.8
1990 3.5 0.2 0 3.2 0.8
1991 3.7 0.2 0 3.4 0.9
1992 4 0.2 0 3.6 0.9
1993 4.3 0.2 0 3.8 1
1994 4.6 0.2 0 4 1
1995 4.9 0.2 0 4.2 1.1
1996 5.2 0.2 0 4.4 1.1
1997 5.6 0.2 0 4.7 1.2
1998 6 0.2 0 4.9 1.2
1999 6.4 0.2 0 5.2 1.3
2000 6.9 0.3 0 5.5 1.4
2001 7.3 0.3 0 5.8 1.4
2002 7.9 0 0 5.8 1.5
2003 8.4 0 0 5.8 1.6
2004 9 0 0 6.7 1.7
2005 9.6 0 0 8.1 1.8
2006 10.3 1 0 6.8 1.8
2007 11.1 0 0 7.7 1.9
2008 11.8 0 0 7.9 2
2009 12.7 0 0 9 2.1
2010 13.6 0 0 9.3 2.2
2011 14.5 0.8 0 10.6 2.4
2012 15.5 0 0 10.9 2.5
2013 28 0 0 10.8 2.6
2014 0 5 0 13 2.7
2015 72 0 0 14.2 2.9
2016 12 0.1 0 14.2 3
2017 12 0.1 0 13.4 3.2
2018 16 0.1 0 13.4 3.3
2019 4 0.4 0 13.4 1.7
2020 26.8 0.4 0 23.8 5
2021 28.6 0.4 0 12.8 4.7
2022 30.7 0.4 0 10.5 3.7
2023 32.8 0.4 0 18.4 4.2

Catch numbers by feeding ground
Year RUS+WAL EAL+BER GOA SEA+NBC SBC+WA OR+CA
1970 0 2.7 3.1 6.8 0.1 6.4
1971 0 1.8 0.1 4 0.1 1.5
1972 4 0.8 0.1 4.1 0.1 1.6
1973 0 0.8 0.1 4.3 0.1 1.7
1974 0 0.8 0.1 4.5 0.1 2.5
1975 0 0.8 0.2 4.7 0.1 2.7
1976 0 0.8 0.2 4.9 0.2 2.9
1977 0 0.8 0.2 5.2 0.2 3.1
1978 0 0.8 0.2 5.4 0.2 3.3
1979 0 1 0.2 5.6 0.2 3.5
1980 0 1 0.2 5.9 0.2 3.9
1981 0 1 0.3 6.1 0.3 4.2
1982 0 1 0.4 6.5 0.3 4.5
1983 0 1 0.4 6.7 0.3 4.8
1984 0 1 0.5 7.1 0.4 4.6
1985 0 1 0.5 6.7 0.4 5
1986 0 1 0.7 7.8 0.4 5.4
1987 0 1 0.7 10 0.5 5.8
1988 0 1.1 0.8 8.5 0.5 6.3
1989 0 0.9 0.8 6.1 0.6 6.1
1990 0 1 0.8 7.4 0.7 5.8
1991 0 1 0.9 8.2 0.7 7.6
1992 0 1.1 0.9 9.8 0.8 8.3
1993 0 1.1 1 7.1 0.9 8.6
1994 0 1.2 1 9.3 1 8.8
1995 0 1.2 1 9.3 1.1 9.6
1996 0 1.2 1.1 12.7 1.2 9.9
1997 0 1.2 1.3 12.7 0.9 10.7
1998 0 3 1.4 14.7 1.2 12
1999 0 2.6 1.4 17.4 1.7 13.5
2000 0 1.2 1.5 14.1 1.5 11.6
2001 0 1.2 1.8 16.4 1.7 13.4
2002 0 2.4 1.9 13.8 1.9 13.7
2003 0 1.4 2 18.9 2.3 16
2004 0 1.4 2.3 22 2.5 15.9
2005 0 1.6 2.3 23.3 5.8 20.1
2006 0 1.6 2.4 22.7 5.3 22.1
2007 0 0.1 7.3 18.4 0 18.1
2008 0 0.1 4.3 19.7 12.4 8.8
2009 0 0.1 4.3 24.1 0 9.8
2010 0 6.1 0.8 44.5 7 24.5
2011 0 3.1 4 28.4 11 11.9
2012 0 4.1 8.8 11.6 0 10
2013 0 0.1 4 31.6 0 4.7
2014 0 0.1 11.8 43.7 7 45.2
2015 0 4.1 12 51 9.1 103.4
2016 0 4.1 4.8 34.8 7.1 150.3
2017 0 4.1 2.1 16.3 11.1 60.3
2018 0 1.1 4 26.6 30.1 111.1
2019 0 4.1 6 27.3 9.1 61
2020 0 1.1 0 24 23 31.2
2021 0 2.2 7 33.7 13 62.4
2022 0 4.3 0.8 22.3 8 56
2023 0 3.6 9.1 40.1 19.2 59.7
