Stock structure: B2F1; Model type = BC
Mortality impacts feeding grounds
Recuitment related to unfished
Staying rate: 0
Age-at-matrity: 8
Base adult survival: 0
Mirrored survival
Sigma for survival devs: 6
Additional variance estimated
Weight for mark-recapture proportions: 1
Weight for genetics proportions: 1


Total objective fn: 223.903980693618
Negative log-likelihood fn: 22.7467803903637

Natural Survival by feeding ground
RUS+WAL,EAL+BER,GOA,SEA+NBC,SBC+WA,OR+CA
1970 0.96 0.96 0.96 0.96 0.96 0.96
1971 0.96 0.96 0.96 0.96 0.96 0.96
1972 0.96 0.96 0.96 0.96 0.96 0.96
1973 0.96 0.96 0.96 0.96 0.96 0.96
1974 0.96 0.96 0.96 0.96 0.96 0.96
1975 0.96 0.96 0.96 0.96 0.96 0.96
1976 0.96 0.96 0.96 0.96 0.96 0.96
1977 0.96 0.96 0.96 0.96 0.96 0.96
1978 0.96 0.96 0.96 0.96 0.96 0.96
1979 0.96 0.96 0.96 0.96 0.96 0.96
1980 0.96 0.96 0.96 0.96 0.96 0.96
1981 0.96 0.96 0.96 0.96 0.96 0.96
1982 0.96 0.96 0.96 0.96 0.96 0.96
1983 0.96 0.96 0.96 0.96 0.96 0.96
1984 0.96 0.96 0.96 0.96 0.96 0.96
1985 0.96 0.96 0.96 0.96 0.96 0.96
1986 0.96 0.96 0.96 0.96 0.96 0.96
1987 0.96 0.96 0.96 0.96 0.96 0.96
1988 0.96 0.96 0.96 0.96 0.96 0.96
1989 0.96 0.96 0.96 0.96 0.96 0.96
1990 0.96 0.96 0.96 0.96 0.96 0.96
1991 0.96 0.96 0.96 0.96 0.96 0.96
1992 0.96 0.96 0.96 0.96 0.96 0.96
1993 0.96 0.96 0.96 0.96 0.96 0.96
1994 0.96 0.96 0.96 0.96 0.96 0.96
1995 0.96 0.96 0.96 0.96 0.96 0.96
1996 0.96 0.96 0.96 0.96 0.96 0.96
1997 0.96 0.96 0.96 0.96 0.96 0.96
1998 0.96 0.96 0.96 0.96 0.96 0.96
1999 0.96 0.96 0.96 0.96 0.96 0.96
2000 0.96 0.9971051 0.9431897 0.9431897 0.9959369 0.9206785
2001 0.96 0.9971885 0.9941023 0.9941023 0.9971818 0.9878998
2002 0.96 0.997083 0.9949401 0.9949401 0.9976898 0.9959158
2003 0.96 0.9962714 0.888933 0.888933 0.997893 0.9956058
2004 0.96 0.9945493 0.9931412 0.9931412 0.9978749 0.9952979
2005 0.96 0.9956108 0.9107918 0.9107918 0.9979161 0.9853252
2006 0.96 0.9912167 0.9945396 0.9945396 0.9981601 0.7958869
2007 0.96 0.9774156 0.9060081 0.9060081 0.9978339 0.9606485
2008 0.96 0.9811463 0.9968034 0.9968034 0.996938 0.9334346
2009 0.96 0.8064365 0.9377557 0.9377557 0.9957107 0.9664518
2010 0.96 0.9900447 0.9954763 0.9954763 0.9956694 0.9619082
2011 0.96 0.9915381 0.8884247 0.8884247 0.9956996 0.8978854
2012 0.96 0.9297383 0.9916186 0.9916186 0.993763 0.9503047
2013 0.96 0.9869584 0.8250998 0.8250998 0.9520836 0.9961532
2014 0.96 0.9878092 0.7017952 0.7017952 0.9532024 0.9985264
2015 0.96 0.7813168 0.8947398 0.8947398 0.8488329 0.9988905
2016 0.96 0.9105946 0.7307192 0.7307192 0.9361027 0.9982001
2017 0.96 0.7732596 0.866252 0.866252 0.9915674 0.997223
2018 0.96 0.7092882 0.9837197 0.9837197 0.9900773 0.9909941
2019 0.96 0.9803782 0.9240088 0.9240088 0.9910564 0.9266867
2020 0.96 0.9790889 0.782378 0.782378 0.9922779 0.99237
2021 0.96 0.960008 0.9600036 0.9600036 0.9885238 0.913374
2022 0.96 0.9599996 0.96 0.96 0.9699274 0.9500245
2023 0.96 0.96 0.96 0.96 0.96 0.96

Naturak Survival by breeding stock
RUS+WAL,EAL+BER,GOA,SEA+NBC,SBC+WA,OR+CA
1970 0.96 0.96 0.96 0.96 0.96
1971 0.96 0.96 0.96 0.96 0.96
1972 0.96 0.96 0.96 0.96 0.96
1973 0.96 0.96 0.96 0.96 0.96
1974 0.96 0.96 0.96 0.96 0.96
1975 0.96 0.96 0.96 0.96 0.96
1976 0.96 0.96 0.96 0.96 0.96
1977 0.96 0.96 0.96 0.96 0.96
1978 0.96 0.96 0.96 0.96 0.96
1979 0.96 0.96 0.96 0.96 0.96
1980 0.96 0.96 0.96 0.96 0.96
1981 0.96 0.96 0.96 0.96 0.96
1982 0.96 0.96 0.96 0.96 0.96
1983 0.96 0.96 0.96 0.96 0.96
1984 0.96 0.96 0.96 0.96 0.96
1985 0.96 0.96 0.96 0.96 0.96
1986 0.96 0.96 0.96 0.96 0.96
1987 0.96 0.96 0.96 0.96 0.96
1988 0.96 0.96 0.96 0.96 0.96
1989 0.96 0.96 0.96 0.96 0.96
1990 0.96 0.96 0.96 0.96 0.96
1991 0.96 0.96 0.96 0.96 0.96
1992 0.96 0.96 0.96 0.96 0.96
1993 0.96 0.96 0.96 0.96 0.96
1994 0.96 0.96 0.96 0.96 0.96
1995 0.96 0.96 0.96 0.96 0.96
1996 0.96 0.96 0.96 0.96 0.96
1997 0.96 0.96 0.96 0.96 0.96
1998 0.96 0.96 0.96 0.96 0.96
1999 0.96 0.96 0.96 0.96 0.96
2000 0.96 0.96 0.96 0.96 0.96
2001 0.96 0.96 0.96 0.96 0.96
2002 0.96 0.96 0.96 0.96 0.96
2003 0.96 0.96 0.96 0.96 0.96
2004 0.96 0.96 0.96 0.96 0.96
2005 0.96 0.96 0.96 0.96 0.96
2006 0.96 0.96 0.96 0.96 0.96
2007 0.96 0.96 0.96 0.96 0.96
2008 0.96 0.96 0.96 0.96 0.96
2009 0.96 0.96 0.96 0.96 0.96
2010 0.96 0.96 0.96 0.96 0.96
2011 0.96 0.96 0.96 0.96 0.96
2012 0.96 0.96 0.96 0.96 0.96
2013 0.96 0.96 0.96 0.96 0.96
2014 0.96 0.96 0.96 0.96 0.96
2015 0.96 0.96 0.96 0.96 0.96
2016 0.96 0.96 0.96 0.96 0.96
2017 0.96 0.96 0.96 0.96 0.96
2018 0.96 0.96 0.96 0.96 0.96
2019 0.96 0.96 0.96 0.96 0.96
2020 0.96 0.96 0.96 0.96 0.96
2021 0.96 0.96 0.96 0.96 0.96
2022 0.96 0.96 0.96 0.96 0.96
2023 0.96 0.96 0.96 0.96 0.96

Fecundity by feeding ground
RUS+WAL,EAL+BER,GOA,SEA+NBC,SBC+WA,OR+CA
1970 0.9598763 0.9630178 0.9622596 0.9617852 0.9641682 0.9669926
1971 0.9599555 0.9630838 0.9622706 0.9618713 0.9642045 0.967069
1972 0.9575376 0.9609462 0.9599148 0.9595031 0.9623312 0.9659201
1973 0.9549392 0.9589046 0.9576564 0.9572582 0.9605444 0.9648459
1974 0.9524854 0.956961 0.9554991 0.9551379 0.9588442 0.9638667
1975 0.9501606 0.9551094 0.9534458 0.9531343 0.9572258 0.9629607
1976 0.9479664 0.9533457 0.951485 0.9512408 0.955709 0.9621239
1977 0.9458966 0.9516646 0.9496119 0.949454 0.9542673 0.9613507
1978 0.9439458 0.9500631 0.9478229 0.9477667 0.952899 0.9606432
1979 0.9421088 0.9485446 0.9461142 0.9461738 0.9515994 0.9599952
1980 0.9403906 0.9470994 0.9444822 0.9446733 0.9503652 0.9594115
1981 0.9387724 0.9457223 0.9429314 0.9432547 0.9492157 0.958881
1982 0.9365242 0.943831 0.9408201 0.941288 0.9476216 0.9581104
1983 0.93372 0.9414735 0.9381921 0.9388238 0.9456247 0.9571275
1984 0.930417 0.9386985 0.9351088 0.9359228 0.943293 0.9559454
1985 0.9266856 0.935551 0.9316124 0.9326177 0.9406447 0.954612
1986 0.9225742 0.9320729 0.9277667 0.9289914 0.9377155 0.953148
1987 0.9181454 0.9283053 0.9236013 0.9251173 0.9345654 0.951577
1988 0.9134483 0.924288 0.9191655 0.9209512 0.9312045 0.9499238
1989 0.9085292 0.9200465 0.9144907 0.9165052 0.9276865 0.9481798
1990 0.9034394 0.915623 0.9096135 0.9119002 0.9240404 0.9463533
1991 0.8982077 0.9110438 0.9045747 0.9071575 0.9202701 0.9445378
1992 0.8926983 0.9061899 0.8992317 0.9021676 0.9162922 0.9426362
1993 0.8867916 0.9009541 0.8934795 0.8967185 0.9120209 0.9405904
1994 0.8803931 0.895256 0.8872189 0.8908371 0.9073843 0.9383554
1995 0.8734321 0.8890268 0.8803792 0.8844064 0.9023292 0.9359263
1996 0.8658593 0.8822177 0.8729176 0.8774596 0.8968137 0.9332609
1997 0.8576552 0.8747975 0.8648098 0.8698882 0.8907164 0.9303667
1998 0.8488079 0.8668105 0.856031 0.8617229 0.8841568 0.9272483
1999 0.8393222 0.8581806 0.8465714 0.8529822 0.8771861 0.9239162
2000 0.8292262 0.8488792 0.8364517 0.8435348 0.8696474 0.9202498
2001 0.8185362 0.830974 0.8293309 0.8369657 0.8551873 0.9195716
2002 0.807265 0.8118926 0.8093185 0.8180936 0.839532 0.9126775
2003 0.7953807 0.7909467 0.7881138 0.7982106 0.82227 0.9048596
2004 0.7828597 0.7682563 0.7945004 0.8045 0.8032632 0.8962938
2005 0.7696618 0.7440722 0.7697858 0.7813475 0.7831858 0.8869816
2006 0.755747 0.7172926 0.7707626 0.782506 0.7609901 0.8781676
2007 0.7410985 0.6900624 0.7436552 0.7565753 0.7352474 0.8929524
2008 0.7256874 0.666925 0.7466811 0.7594004 0.7103058 0.8848967
2009 0.7095302 0.6402797 0.7153891 0.7297835 0.6805429 0.8819759
2010 0.6926827 0.6890519 0.7072966 0.7229531 0.6505539 0.874351
2011 0.675141 0.6527077 0.673782 0.6913865 0.6187008 0.8669892
2012 0.6569507 0.6164302 0.6860052 0.7021775 0.5813953 0.8688023
2013 0.6392919 0.6114466 0.6495518 0.6676009 0.5424979 0.8610559
2014 0.6184068 0.5732682 0.6892482 0.7049928 0.5300958 0.8459071
2015 0.6036808 0.5339282 0.7623877 0.7741193 0.5164983 0.8314961
2016 0.5831481 0.6114267 0.7606021 0.7726032 0.5633755 0.8173695
2017 0.5618483 0.6116508 0.8063384 0.8159072 0.5558053 0.7998787
2018 0.5406267 0.6751522 0.8103187 0.8198766 0.5163749 0.7822941
2019 0.5179624 0.7468862 0.7847265 0.7959157 0.4723849 0.7634785
2020 0.4975455 0.7101347 0.7788003 0.7908547 0.4308147 0.7625447
2021 0.4773642 0.6790772 0.8092736 0.8196106 0.3860004 0.7393986
2022 0.4574389 0.6563617 0.7900889 0.8019202 0.3436436 0.743515
2023 0.4379284 0.6338727 0.774324 0.7872913 0.3225165 0.7338752

Total abundance: Estimate SD_log
1970 1018.029 0.04847639
1971 1278.758 0.04335685
1972 1492.837 0.04056342
1973 1691.916 0.03875969
1974 1884.241 0.03740012
1975 2065.495 0.03641372
1976 2236.899 0.03567035
1977 2398.822 0.03510108
1978 2551.812 0.03465843
1979 2696.179 0.03431295
1980 2832.206 0.03404431
1981 3032.532 0.0332179
1982 3279.332 0.0321621
1983 3567.063 0.03103987
1984 3891.131 0.02995776
1985 4247.107 0.02897773
1986 4631.122 0.02812536
1987 5037.697 0.02741488
1988 5461.856 0.02684282
1989 5903.885 0.02637485
1990 6362.884 0.02598728
1991 6850.295 0.02565078
1992 7374.571 0.02536297
1993 7943.798 0.02512996
1994 8568.899 0.02495151
1995 9249.479 0.02485862
1996 9989.955 0.02485808
1997 10788.63 0.02496237
1998 11648.5 0.02516233
1999 12563.6 0.02546084
2000 13532.61 0.02584373
2001 14553.24 0.02862639
2002 16323.3 0.02925521
2003 18290.81 0.0296781
2004 19134.2 0.02312979
2005 21325.65 0.02051383
2006 22547.22 0.02519393
2007 24412.4 0.02796808
2008 25418.65 0.03788588
2009 27879.96 0.04098334
2010 27679.3 0.04646576
2011 30589.66 0.04402493
2012 31443.19 0.04451706
2013 33701.38 0.04429887
2014 33752.21 0.04931343
2015 32161.9 0.04362858
2016 30459.44 0.04869666
2017 28968.97 0.0519746
2018 27904.42 0.04202168
2019 27836.17 0.03748768
2020 29359.91 0.03721996
2021 29734.23 0.03582561
2022 31269.83 0.1342952
2023 33083.5 0.1807163
2024 34900.5 0.2228139

Breeding stock abundance: Estimate SD_log Estimate/K
Asia
1 76.17813 0.07692358 1.994715
2 96.38765 0.07348345 2.523899
3 112.2211 0.07204122 2.938497
4 124.1754 0.07273662 3.251518
5 137.789 0.07223024 3.607988
6 150.5383 0.07194662 3.941829
7 162.5736 0.0717673 4.256971
8 173.8318 0.07170247 4.551765
9 184.3474 0.07172563 4.827115
10 194.153 0.07181955 5.083873
11 203.2714 0.07197464 5.322636
12 216.7892 0.07177574 5.676599
13 233.5019 0.07140567 6.11422
14 253.0044 0.07094799 6.62489
15 274.8168 0.07048922 7.196047
16 298.698 0.07003229 7.821371
17 324.2259 0.06961771 8.489816
18 351.2141 0.06922649 9.196501
19 379.2932 0.06888035 9.931747
20 408.2134 0.06857633 10.68902
21 437.7622 0.06831014 11.46275
22 468.8572 0.06805411 12.27697
23 502.26 0.06778011 13.15162
24 538.3653 0.06750155 14.09703
25 577.5389 0.06722359 15.12279
26 620.017 0.06695715 16.23507
27 665.9324 0.06671629 17.43736
28 715.3168 0.06651762 18.73049
29 768.0086 0.06638893 20.11021
30 823.8091 0.06635057 21.57134
31 882.5905 0.06641969 23.11053
32 950.5986 0.06647159 24.89131
33 1022.639 0.06671425 26.77767
34 1098.691 0.06718223 28.76909
35 1179.027 0.06788071 30.87269
36 1263.473 0.06885002 33.08388
37 1352.929 0.07016016 35.42628
38 1445.691 0.07203041 37.85525
39 1538.218 0.07533819 40.27805
40 1636.036 0.07823502 42.83942
41 1681.335 0.08108394 44.02555
42 1788.596 0.08394317 46.83419
43 1899.998 0.08739586 49.75121
44 1990.032 0.09101981 52.10877
45 2092.641 0.09551855 54.79556
46 2226.759 0.099451 58.30741
47 2207.431 0.1083762 57.80132
48 2301.228 0.1146082 60.25738
49 2353.161 0.1222826 61.61723
50 2392.499 0.1313698 62.6473
51 2517.231 0.1375291 65.91339
52 2619.176 0.1455439 68.58282
53 2711.621 0.1562456 71.00349
54 2800.381 0.166837 73.32765
Hawaii
1 636.8786 0.05286683 1.405617
2 803.6897 0.04815087 1.773776
3 939.6356 0.04566978 2.073814
4 1068.476 0.04401725 2.358169
5 1191.555 0.0428348 2.629809
6 1308.362 0.04197261 2.887609
7 1419.226 0.04132507 3.132289
8 1524.441 0.04082811 3.364502
9 1624.239 0.04044161 3.584761
10 1718.967 0.04013587 3.79383
11 1808.734 0.0398945 3.991949
12 1940.102 0.0391982 4.281885
13 2101.704 0.0383288 4.638546
14 2290.075 0.0374249 5.054288
15 2502.414 0.03657132 5.52293
16 2735.506 0.03582054 6.037373
17 2987.629 0.03517827 6.593818
18 3254.665 0.03466269 7.183177
19 3533.217 0.03427091 7.797953
20 3824.679 0.03395397 8.441221
21 4128.323 0.03369172 9.111375
22 4450.342 0.03348381 9.822086
23 4797.904 0.03332119 10.58917
24 5175.357 0.03321628 11.42222
25 5590.935 0.03315607 12.33942
26 6042.833 0.03318118 13.33678
27 6535.065 0.03328854 14.42315
28 7065.078 0.03349879 15.59291
29 7636.331 0.03379514 16.85369
30 8244.62 0.03418727 18.19621
31 8889.043 0.03466669 19.61848
32 9570.9 0.03831407 21.12336
33 10784.52 0.03993419 23.80187
34 12123.04 0.04065812 26.75603
35 12413.56 0.03143888 27.39723
36 13878.42 0.02813599 30.63023
37 14459.49 0.03353165 31.91267
38 16117.96 0.03501728 35.57299
39 16597.84 0.0422877 36.63211
40 18414.08 0.04447645 40.64062
41 18238.44 0.05013454 40.25297
42 20306.03 0.04832428 44.81623
43 20686.45 0.0474193 45.65584
44 22363.49 0.0488455 49.35713
45 21647.06 0.06134076 47.77595
46 19403.47 0.04928746 42.82424
47 18023.74 0.05388773 39.77914
48 16221.75 0.06047112 35.80207
49 15087.28 0.05156522 33.29824
50 14997.72 0.04523076 33.10059
51 15946.18 0.04430475 35.19386
52 15404.54 0.04680937 33.99844
53 16540.18 0.1975033 36.50485
54 17646.63 0.2656514 38.94684
MX_AR
1 105.8746 0.07297595 1.403826
2 133.528 0.06929533 1.770491
3 156.3527 0.0673246 2.073131
4 177.791 0.06605322 2.357388
5 198.6551 0.06508149 2.634032
6 218.4888 0.06436249 2.897014
7 237.3643 0.06381128 3.147291
8 255.3367 0.06337623 3.385592
9 272.4502 0.06302425 3.612505
10 288.7464 0.06273446 3.828583
11 304.2168 0.06249669 4.033709
12 326.7306 0.06192136 4.332226
13 354.3774 0.06122035 4.698805
14 386.6075 0.06049259 5.126155
15 422.9361 0.059801 5.607846
16 462.897 0.05917887 6.137701
17 506.0461 0.05863877 6.709829
18 551.8829 0.05817995 7.317594
19 600.0135 0.05779238 7.955773
20 650.1444 0.05747049 8.620475
21 702.115 0.05720087 9.30957
22 757.4774 0.05695313 10.04364
23 817.2048 0.05672422 10.83558
24 882.2507 0.05651382 11.69805
25 953.4796 0.05633004 12.64249
26 1031.261 0.05617644 13.67382
27 1115.963 0.05606029 14.79692
28 1207.68 0.05598277 16.01302
29 1306.501 0.05594627 17.32332
30 1411.775 0.05595428 18.71918
31 1523.721 0.05599708 20.20351
32 1671.27 0.05638037 22.1599
33 1877.68 0.05622651 24.89677
34 2105.463 0.05610819 27.91701
35 2269.266 0.05595173 30.08894
36 2527.789 0.05556296 33.51677
37 2734.447 0.05701408 36.25691
38 2974.025 0.06158145 39.43357
39 3152.039 0.08148817 41.7939
40 3436.803 0.08779396 45.56968
41 3267.723 0.09815215 43.3278
42 3612.283 0.09394989 47.89643
43 3831.514 0.09511066 50.80329
44 4024.475 0.09196443 53.36182
45 4207.194 0.08777311 55.78454
46 4290.128 0.08998673 56.8842
47 3916.757 0.1000372 51.93354
48 3843.792 0.1026624 50.96608
49 3560.449 0.09744648 47.20914
50 3288.886 0.0869603 43.60841
51 3528.798 0.08522768 46.78947
52 3714.37 0.09506145 49.25003
53 3924.04 0.1852453 52.03012
54 4161.641 0.2366666 55.18054
MX_ML
1 156.6061 0.06155743 0.5802684
2 193.3755 0.05874751 0.716509
3 224.5529 0.05709202 0.8320299
4 253.6216 0.05609812 0.9397376
5 281.2047 0.05546483 1.04194
6 306.5696 0.05514355 1.135924
7 330.1812 0.05499056 1.223412
8 352.1041 0.05496053 1.304642
9 372.5438 0.05500282 1.380377
10 391.4746 0.0551149 1.450521
11 408.934 0.05528318 1.515213
12 435.3424 0.0551189 1.613063
13 468.0525 0.05482612 1.734263
14 506.2608 0.05449933 1.875835
15 549.2374 0.05420254 2.035075
16 596.5025 0.05395668 2.210205
17 647.2141 0.05379188 2.398105
18 700.7438 0.05369976 2.596448
19 756.4145 0.05367742 2.802723
20 813.9146 0.05372135 3.015777
21 873.2399 0.05381073 3.235593
22 936.5727 0.05389645 3.470258
23 1003.85 0.05403543 3.719541
24 1076.775 0.05419697 3.989746
25 1156.579 0.05438731 4.285441
26 1243.769 0.05459791 4.608504
27 1338.427 0.05485068 4.959239
28 1440.968 0.05513066 5.339181
29 1551.2 0.0554539 5.747619
30 1668.324 0.05581793 6.181599
31 1792.065 0.05622669 6.64009
32 1903.065 0.06129379 7.051377
33 2128.269 0.05712222 7.885821
34 2389.131 0.05666377 8.852384
35 2627.419 0.05596218 9.735307
36 2933.04 0.0561009 10.86771
37 3202.669 0.06090807 11.86676
38 3165.437 0.06813382 11.72881
39 3371.081 0.07165474 12.49078
40 3600.619 0.07180687 13.34128
41 3633.059 0.07258873 13.46148
42 3959.323 0.07037326 14.67037
43 4097.15 0.07094172 15.18106
44 4332.133 0.06811372 16.05174
45 4688.178 0.06552086 17.37098
46 4995.123 0.06497165 18.5083
47 4962.814 0.06531075 18.38858
48 5140.952 0.06343104 19.04863
49 5287.265 0.05876082 19.59076
50 5402.51 0.05855088 20.01778
51 5587.07 0.06021508 20.70163
52 6038.508 0.06056198 22.37433
53 6143.471 0.09308167 22.76324
54 6440.569 0.1078456 23.86407
Central_Am
1 42.49167 0.08864492 1.005879
2 51.77736 0.08711476 1.225693
3 60.07444 0.08633066 1.422105
4 67.85219 0.0859285 1.606223
5 75.03726 0.08586313 1.776311
6 81.53618 0.08593837 1.930155
7 87.55373 0.08608258 2.072605
8 93.10873 0.08627603 2.204105
9 98.23161 0.08649981 2.325376
10 102.8384 0.08683421 2.43443
11 107.0499 0.08718199 2.534127
12 113.5675 0.08730833 2.688413
13 121.6965 0.08733748 2.880846
14 131.1156 0.08739785 3.103817
15 141.7263 0.08745139 3.354999
16 153.5031 0.08751404 3.633784
17 166.007 0.08765891 3.92978
18 179.1915 0.08782568 4.24189
19 192.9178 0.08801404 4.566824
20 206.9341 0.08826553 4.898622
21 221.444 0.08852348 5.242107
22 237.0454 0.08877496 5.611429
23 253.3515 0.0890715 5.997432
24 271.0495 0.08937073 6.416388
25 290.3674 0.08970947 6.873689
26 311.5997 0.09005861 7.376306
27 334.5675 0.09045662 7.920009
28 359.5872 0.09087427 8.512284
29 386.4557 0.09133919 9.148327
30 415.0683 0.09183381 9.825655
31 445.1911 0.09238331 10.53873
32 457.4037 0.1035755 10.82783
33 510.1916 0.09560243 12.07745
34 574.4941 0.09485115 13.59964
35 644.9286 0.0946243 15.267
36 722.9351 0.09525629 17.11359
37 797.6851 0.1048549 18.88311
38 709.2915 0.1132296 16.79062
39 759.468 0.1138432 17.97842
40 792.4175 0.1104934 18.75841
41 858.7451 0.109415 20.32854
42 923.4323 0.1092996 21.85984
43 928.0748 0.1068144 21.96974
44 991.2485 0.09416574 23.46521
45 1117.136 0.0939419 26.44527
46 1246.426 0.09390848 29.50587
47 1348.692 0.09436741 31.92674
48 1461.245 0.09460325 34.59114
49 1616.266 0.09558748 38.26087
50 1754.549 0.0999343 41.53435
51 1780.633 0.1007544 42.15183
52 1957.643 0.1006497 46.34206
53 1950.519 0.1166675 46.17342
54 2034.275 0.1166885 48.15613

Feeding stock abundance: Estimate SD_log Estimate/K
RUS+WAL
1 101.6359 0.09704024 1.556414
2 129.4731 0.09377119 1.982704
3 147.3389 0.09489892 2.256294
4 167.4198 0.09404122 2.563805
5 186.3669 0.09348073 2.853955
6 204.3261 0.09307751 3.128974
7 221.2677 0.09280624 3.388413
8 237.2419 0.09263109 3.633036
9 252.2877 0.0925287 3.863442
10 266.4458 0.09248407 4.080254
11 279.6674 0.0925109 4.282724
12 299.2226 0.09219872 4.582186
13 323.3361 0.09174007 4.951451
14 351.3806 0.09122566 5.380914
15 382.9332 0.09068568 5.864099
16 417.448 0.09016567 6.392646
17 454.5772 0.08966409 6.961229
18 493.8345 0.08920016 7.562401
19 534.8542 0.08877437 8.190561
20 577.2925 0.08838509 8.840446
21 620.7531 0.08804093 9.505985
22 666.799 0.08769435 10.21112
23 716.2982 0.08734639 10.96913
24 769.9881 0.08699725 11.79132
25 828.4155 0.08665412 12.68605
26 891.9529 0.08632905 13.65904
27 960.8157 0.08603737 14.71358
28 1034.985 0.08580244 15.84938
29 1114.406 0.08564285 17.06561
30 1198.905 0.0855782 18.3596
31 1288.126 0.08563387 19.72589
32 1382.25 0.08582076 21.16728
33 1481.378 0.08617364 22.68528
34 1585.914 0.08671694 24.28611
35 1696.094 0.08748657 25.97336
36 1812.238 0.08851962 27.75195
37 1934.605 0.08986076 29.62583
38 2063.205 0.09155242 31.59516
39 2198.131 0.09363326 33.66137
40 2339.052 0.09614525 35.81938
41 2485.293 0.09914319 38.05887
42 2636.81 0.1026227 40.37914
43 2793.139 0.1066061 42.7731
44 2943.831 0.1114185 45.08075
45 3122.723 0.1159351 47.82024
46 3244.848 0.1228979 49.69041
47 3421.326 0.1285278 52.39294
48 3600.115 0.1346923 55.13084
49 3776.886 0.1414874 57.83785
50 3965.425 0.1483708 60.72507
51 4132.198 0.1564371 63.27897
52 4297.745 0.1648255 65.81409
53 4460.173 0.1734922 68.30145
54 4618.081 0.1823683 70.7196
EAL+BER
1 238.2348 0.08960701 1.16071
2 303.5132 0.0861241 1.478755
3 355.882 0.0843817 1.733902
4 405.7398 0.08324134 1.976815
5 453.2072 0.08245252 2.208082
6 498.4352 0.08188262 2.428439
7 541.5212 0.08145843 2.638359
8 582.5902 0.08113419 2.838452
9 621.7153 0.08088284 3.029075
10 658.7859 0.08071009 3.209688
11 694.0629 0.08057779 3.381561
12 745.5093 0.08010989 3.632215
13 808.7924 0.07950436 3.940538
14 882.6503 0.07885478 4.300383
15 965.9127 0.0782223 4.706048
16 1057.504 0.07763942 5.152291
17 1156.421 0.07711925 5.634226
18 1261.679 0.07666401 6.147057
19 1372.318 0.07627418 6.686107
20 1487.788 0.0759267 7.248687
21 1607.028 0.07562934 7.829644
22 1734.078 0.07534329 8.448646
23 1871.415 0.07506307 9.11777
24 2021.209 0.07478385 9.847585
25 2184.967 0.07451353 10.64543
26 2363.953 0.07425478 11.51747
27 2558.937 0.07401374 12.46746
28 2770.279 0.0737953 13.49715
29 2996.267 0.07364618 14.59819
30 3238.713 0.07351014 15.77942
31 3498.084 0.07336737 17.0431
32 3970.307 0.07282922 19.34383
33 4488.138 0.07222936 21.86677
34 5056.014 0.07146607 24.63354
35 5670.485 0.07011045 27.62731
36 6324.843 0.06745424 30.81543
37 7045.352 0.06913475 34.32584
38 7779.531 0.07975485 37.90285
39 8412.141 0.1206616 40.98501
40 9126.128 0.1338918 44.46364
41 8002.847 0.1658044 38.99087
42 8885.388 0.1567285 43.29073
43 9843.013 0.1515725 47.95639
44 10028.13 0.146719 48.85833
45 11011.17 0.1319874 53.6478
46 12024.46 0.124179 58.58468
47 10149.53 0.1571068 49.44978
48 10131.51 0.1550834 49.36199
49 8579.762 0.1732298 41.80167
50 6691.103 0.168751 32.59989
51 7475.116 0.1576389 36.4197
52 8287.816 0.1974365 40.37928
53 8869.411 0.3567835 43.21288
54 9465.79 0.4486749 46.11852
GOA
1 107.6507 0.07604091 1.256211
2 137.9568 0.07247816 1.609864
3 162.1402 0.07082633 1.892068
4 185.2401 0.06974716 2.161629
5 207.3035 0.06899641 2.419094
6 228.2884 0.06847708 2.663974
7 248.3301 0.06808692 2.897847
8 267.4759 0.06778477 3.121265
9 285.7624 0.06754543 3.334657
10 303.2282 0.06735218 3.538471
11 319.9098 0.06719369 3.733134
12 343.9594 0.06681954 4.013777
13 373.3907 0.06638465 4.357221
14 407.7226 0.06594456 4.757851
15 446.3163 0.0655594 5.208214
16 488.7647 0.06523349 5.703559
17 534.3962 0.06499558 6.236048
18 582.9483 0.06481486 6.802619
19 633.9141 0.06469354 7.397355
20 686.9994 0.06461195 8.016825
21 741.8414 0.06456225 8.656795
22 800.1493 0.06454115 9.33721
23 863.1988 0.06454093 10.07296
24 931.8303 0.06457363 10.87384
25 1006.857 0.06463822 11.74935
26 1088.795 0.06474065 12.70552
27 1177.872 0.06489077 13.74498
28 1274.128 0.06509519 14.86823
29 1377.652 0.06534808 16.07628
30 1488.384 0.06564369 17.36845
31 1605.935 0.065985 18.7402
32 1693.024 0.06743586 19.75647
33 1910.185 0.06813292 22.29059
34 2149.6 0.06849896 25.08441
35 2107.15 0.06627533 24.58903
36 2363.825 0.06245164 27.58426
37 2377.59 0.07060104 27.74489
38 2664.183 0.07002981 31.08925
39 2658.31 0.06753202 31.02071
40 2987.955 0.06600668 34.86745
41 3094.286 0.07189822 36.10826
42 3462.195 0.07153519 40.40151
43 3366.246 0.06626165 39.28185
44 3733.478 0.07521481 43.56721
45 3356.193 0.1076168 39.16454
46 2583.397 0.07227248 30.14652
47 2553.287 0.07283808 29.79516
48 2072.839 0.07782686 24.18865
49 1989.462 0.1134375 23.2157
50 2238 0.07671048 26.11597
51 2323.511 0.06914189 27.11383
52 2006.587 0.1481205 23.41553
53 2178.936 0.3552787 25.42673
54 2339.761 0.4614053 27.30345
SEA+NBC
1 388.4449 0.06383944 1.315967
2 494.1796 0.06031417 1.674173
3 577.1244 0.05884724 1.955172
4 655.4632 0.05798144 2.220567
5 729.4502 0.05745817 2.471219
6 799.3718 0.0571417 2.708098
7 865.4408 0.05695929 2.931925
8 927.7614 0.05687465 3.143054
9 986.5991 0.05685486 3.342383
10 1042.123 0.05688306 3.530486
11 1094.391 0.05695317 3.707557
12 1171.752 0.05676239 3.96964
13 1267.062 0.05649073 4.29253
14 1378.433 0.05620864 4.669831
15 1503.754 0.0559721 5.094391
16 1642.052 0.05577488 5.562914
17 1790.245 0.05567167 6.064961
18 1945.642 0.05568456 6.591412
19 2110.394 0.05569901 7.149557
20 2284.243 0.05569087 7.738519
21 2462.456 0.0557456 8.342264
22 2651.491 0.05583992 8.982675
23 2854.422 0.05599163 9.670161
24 3078.553 0.0561263 10.42947
25 3321.547 0.0563439 11.25268
26 3587.178 0.05661309 12.15258
27 3873.138 0.05699107 13.12135
28 4183.119 0.0574289 14.1715
29 4515.144 0.05795558 15.29632
30 4867.938 0.05857781 16.49151
31 5246.435 0.05922511 17.77378
32 5524.041 0.06475519 18.71425
33 6229.605 0.06737511 21.10455
34 7004.017 0.0686223 23.72809
35 6857.505 0.05538609 23.23173
36 7684.104 0.05061412 26.03207
37 7721.811 0.06125259 26.15981
38 8667.271 0.06116894 29.36283
39 8652.103 0.05928205 29.31144
40 9726.037 0.0577811 32.9497
41 10043.16 0.06366848 34.02404
42 11239.37 0.06383664 38.07654
43 10963.49 0.05656536 37.14193
44 12158.33 0.06674576 41.18978
45 10942.67 0.1008357 37.07138
46 8417.576 0.06178474 28.51692
47 8301.394 0.06203866 28.12332
48 6734.263 0.06774874 22.81422
49 6450.338 0.1070138 21.85234
50 7251.247 0.06606925 24.56565
51 7511.141 0.05678386 25.44611
52 6481.659 0.1449701 21.95845
53 7023.817 0.3556223 23.79516
54 7539.394 0.4629529 25.54182
SBC+WA
1 30.156 0.0753035 1.015808
2 38.53405 0.07011504 1.298024
3 45.16608 0.06757159 1.521424
4 51.475 0.06584078 1.733941
5 57.47834 0.06459837 1.936164
6 63.19401 0.0636692 2.128697
7 68.53612 0.06304437 2.308647
8 73.61528 0.0625614 2.479739
9 78.4349 0.06218484 2.642088
10 83.01238 0.06188691 2.796281
11 87.35937 0.0616495 2.94271
12 93.64297 0.06095415 3.154373
13 101.3991 0.06002503 3.415641
14 110.4732 0.05900004 3.721303
15 120.6133 0.05802364 4.06287
16 131.7729 0.05709904 4.438785
17 143.8302 0.05625335 4.844935
18 156.5624 0.05553194 5.27382
19 169.9518 0.05489471 5.724846
20 183.7985 0.0543647 6.191272
21 198.0048 0.05392804 6.669813
22 213.1474 0.0534946 7.179892
23 229.454 0.05306794 7.729181
24 247.1705 0.05264239 8.325965
25 266.4963 0.05222201 8.976957
26 287.5666 0.05181645 9.686713
27 310.4798 0.05143608 10.45855
28 335.6741 0.05102972 11.30722
29 362.5987 0.05069738 12.21418
30 391.0062 0.05046406 13.17109
31 421.5117 0.05023935 14.19867
32 476.7944 0.04871728 16.06087
33 538.4532 0.04798863 18.13786
34 606.4184 0.04753626 20.42727
35 681.1775 0.04720187 22.94554
36 759.961 0.04715866 25.59937
37 846.9706 0.04724179 28.5303
38 947.6573 0.04718102 31.92194
39 1044.389 0.04793705 35.18036
40 1160.187 0.04863875 39.08104
41 1278.199 0.05064735 43.05626
42 1401.923 0.05304854 47.22394
43 1545.725 0.05525359 52.0679
44 1693.537 0.06107359 57.04698
45 1744.756 0.1380735 58.77231
46 1800.4 0.1472331 60.64667
47 1640.443 0.1450007 55.25851
48 1673.092 0.08039342 56.3583
49 1816.329 0.06880076 61.18323
50 1977.091 0.06232302 66.59853
51 2124.426 0.06018125 71.56153
52 2283.607 0.06018856 76.92356
53 2430.622 0.06995204 81.87577
54 2495.778 0.1097323 84.07055
OR+CA
1 130.5069 0.04646008 0.6600501
2 165.2013 0.04091735 0.8355203
3 191.8852 0.03831967 0.9704763
4 216.7779 0.03662404 1.096374
5 239.3344 0.03556862 1.210455
6 260.1798 0.03486318 1.315882
7 279.4027 0.03439729 1.413104
8 297.1374 0.03409956 1.502799
9 313.3124 0.03394115 1.584605
10 328.0841 0.03388303 1.659314
11 341.316 0.03392559 1.726236
12 362.0459 0.03342608 1.831079
13 387.852 0.03271382 1.961596
14 418.1032 0.031934 2.114594
15 452.6014 0.03115959 2.289072
16 490.1657 0.03049747 2.479057
17 530.3526 0.02996679 2.682306
18 572.6312 0.0295724 2.896133
19 616.4227 0.02931339 3.117613
20 662.0641 0.02914074 3.348448
21 709.4003 0.02903664 3.587855
22 758.03 0.02904864 3.833804
23 810.1826 0.02912505 4.09757
24 867.0468 0.02926504 4.385166
25 929.5166 0.02947944 4.701113
26 997.433 0.0298063 5.044606
27 1071.714 0.03024036 5.420287
28 1151.943 0.03080475 5.826056
29 1237.828 0.03150813 6.260427
30 1328.95 0.03235079 6.721285
31 1428.518 0.03324203 7.224858
32 1457.52 0.06348728 7.371537
33 1626.637 0.04776145 8.226863
34 1832.449 0.04542589 9.267774
35 2060.288 0.04454841 10.42009
36 2308.082 0.04535559 11.67333
37 2546.886 0.06769076 12.8811
38 2225.957 0.08078904 11.25797
39 2386.576 0.08041007 12.07032
40 2478.497 0.07536122 12.53522
41 2667.512 0.0734093 13.49118
42 2877.276 0.07341423 14.55208
43 2868.173 0.06944866 14.50604
44 3062.267 0.0385609 15.48769
45 3446.202 0.034218 17.42947
46 3822.52 0.03323322 19.33273
47 4163.058 0.03380887 21.05504
48 4634.55 0.03423462 23.43965
49 5085.944 0.03673249 25.72261
50 5586.302 0.04785196 28.25322
51 5658.217 0.05198628 28.61694
52 6212.021 0.05090983 31.41785
53 6170.172 0.08020149 31.20619
54 6437.197 0.07961869 32.55669

Parameters: Estimate  Std. Error      z value    Pr(>|z^2|)
rval 0.09109092 0.00170665 53.37417867 0
logK 8.24774325 0.63841549 12.91908386 0
logK 10.72127298 0.27134504 39.51158613 0
logK 8.92822449 0.68209277 13.08945783 0
logK 10.2031683 0.46071 22.14661782 0
logK 8.34861647 0.85810087 9.72917846 0
logBK 3.94427891 0.68210216 5.78253401 1e-08
logBK 4.30000689 0.27988075 15.36371096 0
logBK 4.30129891 0.69705019 6.17071625 0
logBK 5.19268315 0.46924184 11.06611286 0
logBK 4.63847256 0.86300096 5.37481737 8e-08
MixPars -1.92298236 0.29084624 -6.61168023 0
MixPars -2.9970447 0.20663267 -14.50421486 0
MixPars -0.93711239 0.12288024 -7.62622525 0
MixPars -1.481576 0.08720253 -16.99005801 0
MixPars -2.97223045 0.09542365 -31.14773497 0
MixPars -1.52055268 0.2414356 -6.2979638 0
MixPars -0.94953032 0.1830367 -5.18764998 2.1e-07
MixPars -1.50981786 0.2903575 -5.19985838 2e-07
MixPars -3.32082418 0.27496589 -12.07722222 0
MixPars -1.61865055 0.24970662 -6.48220924 0
MixPars -1.72193372 0.36508757 -4.71649503 2.4e-06
MixPars -1.6472817 0.33464576 -4.92246399 8.5e-07
MixPars -0.93913683 0.4087652 -2.29749704 0.02159043
MixPars -1.55352854 0.20998111 -7.39842035 0
MixPars 0.90843916 0.16834739 5.39621752 7e-08
MixPars -2.96753848 0.25935481 -11.44200306 0
AddV 0.01757951 0.01447921 1.21412058 0.22470168
AddV 0.00750516 0.00262186 2.86252962 0.00420274
AddV 0.03250914 0.02068542 1.57159658 0.11604414
SFdev -0.44397458 0.52359642 -0.8479328 0.3964754
SFdev -0.44886002 0.52151248 -0.86068894 0.38940938
SFdev -0.44270318 0.52374246 -0.84526884 0.39796075
SFdev -0.40165681 0.54107482 -0.74233135 0.4578866
SFdev -0.33808318 0.56724875 -0.59600515 0.55117179
SFdev -0.37436094 0.55439935 -0.67525501 0.49951377
SFdev -0.25800424 0.60917859 -0.42352808 0.67191002
SFdev -0.09826644 0.60799001 -0.16162508 0.8716011
SFdev -0.12899318 0.6628912 -0.19459178 0.84571254
SFdev 0.29183904 0.16082096 1.81468289 0.06957266
SFdev -0.2369322 0.63903547 -0.37076534 0.71081232
SFdev -0.26427194 0.6200065 -0.4262406 0.66993254
SFdev 0.09922966 0.36282971 0.27348825 0.78447792
SFdev -0.19140464 0.65907581 -0.29041368 0.77149978
SFdev -0.20279212 0.64474736 -0.31452959 0.75311885
SFdev 0.31744955 0.13263619 2.39338553 0.01669369
SFdev 0.14285612 0.30756766 0.46447054 0.64231066
SFdev 0.32520745 0.15375693 2.11507514 0.03442354
SFdev 0.38102074 0.12071931 3.15625345 0.0015981
SFdev -0.12220749 0.63091247 -0.1936996 0.84641111
SFdev -0.11138115 0.75581325 -0.14736596 0.88284317
SFdev -3.466e-05 0.99991495 -3.467e-05 0.99997234
SFdev 1.81e-06 1.00000439 1.81e-06 0.99999856
SFdev 0 1 0 1
SFdev 0.0614172 0.10631103 0.57771236 0.56345833
SFdev -0.32486925 0.55886764 -0.58129909 0.56103889
SFdev -0.35054621 0.55387395 -0.63289888 0.52679968
SFdev 0.18302755 0.07936761 2.30607356 0.02110652
SFdev -0.29954693 0.53392495 -0.56102815 0.57477835
SFdev 0.14245209 0.08776503 1.6231077 0.10456638
SFdev -0.33778538 0.54651523 -0.6180713 0.53652834
SFdev 0.15203578 0.07708371 1.97234644 0.04857007
SFdev -0.42740428 0.50893389 -0.83980314 0.40101877
SFdev 0.07760535 0.09197797 0.84373849 0.39881556
SFdev -0.36930553 0.53627032 -0.68865555 0.49104005
SFdev 0.18388393 0.05324275 3.45368928 0.00055297
SFdev -0.26587902 0.54918797 -0.48413117 0.62829278
SFdev 0.27112746 0.09067298 2.99016831 0.00278824
SFdev 0.38703209 0.05576735 6.94011981 0
SFdev 0.17299267 0.05917859 2.92323091 0.0034642
SFdev 0.36329657 0.03451807 10.52482373 0
SFdev 0.21830584 0.1154516 1.89088632 0.05863952
SFdev -0.15388902 0.60384842 -0.2548471 0.7988412
SFdev 0.11332496 0.07459153 1.51927381 0.12869359
SFdev 0.31641261 0.10366086 3.05238253 0.00227033
SFdev -1.56e-05 0.99996254 -1.56e-05 0.99998755
SFdev 1.3e-07 1.00000023 1.3e-07 0.9999999
SFdev 0 1 0 1
SFdev -0.38728111 0.5496899 -0.70454471 0.48109361
SFdev -0.44846116 0.52360185 -0.85649269 0.39172531
SFdev -0.48167393 0.51036674 -0.94378002 0.34528207
SFdev -0.49705289 0.50445308 -0.98533028 0.32446186
SFdev -0.49562772 0.50524888 -0.98095759 0.32661366
SFdev -0.49889314 0.50304403 -0.99174846 0.32132025
SFdev -0.51969561 0.49615679 -1.04744228 0.29489564
SFdev -0.49243562 0.50557853 -0.9740042 0.33005445
SFdev -0.43459247 0.52670999 -0.82510771 0.40931044
SFdev -0.37821433 0.54870183 -0.68928935 0.4906412
SFdev -0.37660839 0.55064146 -0.68394484 0.49401
SFdev -0.37777895 0.55194649 -0.6844485 0.493692
SFdev -0.31549014 0.58401783 -0.54020636 0.58905473
SFdev 0.03147643 0.42712877 0.07369308 0.94125461
SFdev 0.02734307 0.52605653 0.05197743 0.95854668
SFdev 0.2420962 0.21286398 1.13732815 0.25540113
SFdev 0.0822676 0.34875915 0.23588658 0.81352068
SFdev -0.26485552 0.6056959 -0.43727474 0.66191211
SFdev -0.23748458 0.59644162 -0.39816903 0.69050559
SFdev -0.25496321 0.58870424 -0.43309219 0.66494779
SFdev -0.2796428 0.58781108 -0.47573585 0.63426258
SFdev -0.21298029 0.61075919 -0.34871401 0.72730402
SFdev -0.04925861 0.53441553 -0.09217287 0.92656069
SFdev 0 1 0 1
SFdev 0.12107536 0.13003036 0.93113147 0.35178556
SFdev -0.20405085 0.56111316 -0.36365365 0.71611666
SFdev -0.38641219 0.54044296 -0.71499162 0.47461422
SFdev -0.37416916 0.5423702 -0.68987781 0.49027103
SFdev -0.36282826 0.5479204 -0.66219156 0.50784846
SFdev -0.17146446 0.55108548 -0.3111395 0.75569457
SFdev 0.30287852 0.08428271 3.59360209 0.00032614
SFdev -0.00283687 0.30469926 -0.00931038 0.9925715
SFdev 0.08956118 0.20097009 0.44564432 0.65585419
SFdev -0.03043224 0.32912125 -0.09246515 0.92632848
SFdev -0.00847767 0.29423658 -0.02881244 0.97701418
SFdev 0.16735118 0.12809837 1.30642708 0.19140736
SFdev 0.03786355 0.20122121 0.18816879 0.85074434
SFdev -0.39643627 0.53224608 -0.74483643 0.45637061
SFdev -0.55674937 0.48020313 -1.15940388 0.2462916
SFdev -0.60411558 0.4662908 -1.29557687 0.1951213
SFdev -0.52336371 0.49188634 -1.06399318 0.28733179
SFdev -0.45092461 0.5155751 -0.8746051 0.38178881
SFdev -0.2537952 0.53167995 -0.47734581 0.6331159
SFdev 0.10686344 0.12688101 0.84223354 0.39965724
SFdev -0.28165873 0.55133425 -0.51086746 0.60944387
SFdev 0.13708479 0.15822209 0.8664074 0.38626679
SFdev 0.03884979 0.28764608 0.13506109 0.89256358
SFdev 0 1 0 1

Mixing matrix
0.87247064 0.12752936 0 0 0 0 ,# Asia
0.02902894 0.22774476 0.13212678 0.58134124 0.02975828 0 ,# Hawaii
0.10607339 0.48525953 0.18775793 0.1072182 0.01752905 0.09616191 ,# MX_AR
0.04012392 0.22450689 0.04323389 0.08777437 0.04748329 0.55687764 ,# MX_ML
0 0 0 0 0.04891411 0.95108589 ,# Central_Am

Split of breeding stock to feeding grounds over time
Split for: Asia
Year RUS+WAL EAL+BER GOA SEA+NBC SBC+WA OR+CA
1970 0.87372 0.12628 0 0 0 0
1971 0.87428 0.12572 0 0 0 0
1972 0.87151 0.12849 0 0 0 0
1973 0.87168 0.12832 0 0 0 0
1974 0.87184 0.12816 0 0 0 0
1975 0.87198 0.12802 0 0 0 0
1976 0.87211 0.12789 0 0 0 0
1977 0.87222 0.12778 0 0 0 0
1978 0.87233 0.12767 0 0 0 0
1979 0.87246 0.12754 0 0 0 0
1980 0.87259 0.12741 0 0 0 0
1981 0.87269 0.12731 0 0 0 0
1982 0.87277 0.12723 0 0 0 0
1983 0.87284 0.12716 0 0 0 0
1984 0.87289 0.12711 0 0 0 0
1985 0.87292 0.12708 0 0 0 0
1986 0.87294 0.12706 0 0 0 0
1987 0.87294 0.12706 0 0 0 0
1988 0.87295 0.12705 0 0 0 0
1989 0.87293 0.12707 0 0 0 0
1990 0.87291 0.12709 0 0 0 0
1991 0.87288 0.12712 0 0 0 0
1992 0.87285 0.12715 0 0 0 0
1993 0.87281 0.12719 0 0 0 0
1994 0.87276 0.12724 0 0 0 0
1995 0.87269 0.12731 0 0 0 0
1996 0.87262 0.12738 0 0 0 0
1997 0.87253 0.12747 0 0 0 0
1998 0.8725 0.1275 0 0 0 0
1999 0.87244 0.12756 0 0 0 0
2000 0.87232 0.12768 0 0 0 0
2001 0.86641 0.13359 0 0 0 0
2002 0.86062 0.13938 0 0 0 0
2003 0.8549 0.1451 0 0 0 0
2004 0.84943 0.15057 0 0 0 0
2005 0.84438 0.15562 0 0 0 0
2006 0.83926 0.16074 0 0 0 0
2007 0.83508 0.16492 0 0 0 0
2008 0.83359 0.16641 0 0 0 0
2009 0.83147 0.16853 0 0 0 0
2010 0.85721 0.14279 0 0 0 0
2011 0.8521 0.1479 0 0 0 0
2012 0.84692 0.15308 0 0 0 0
2013 0.85222 0.14778 0 0 0 0
2014 0.84778 0.15222 0 0 0 0
2015 0.84357 0.15643 0 0 0 0
2016 0.87105 0.12895 0 0 0 0
2017 0.87714 0.12286 0 0 0 0
2018 0.89873 0.10127 0 0 0 0
2019 0.92282 0.07718 0 0 0 0
2020 0.91812 0.08188 0 0 0 0
2021 0.91363 0.08637 0 0 0 0
2022 0.91164 0.08836 0 0 0 0
2023 0.90966 0.09034 0 0 0 0
2024 0.90774 0.09226 0 0 0 0
Split for: Hawaii
Year RUS+WAL EAL+BER GOA SEA+NBC SBC+WA OR+CA
1970 0.02951 0.22894 0.13056 0.58084 0.03015 0
1971 0.02968 0.22906 0.13128 0.5797 0.03028 0
1972 0.02904 0.22984 0.13193 0.57879 0.03039 0
1973 0.02916 0.23042 0.13244 0.57751 0.03047 0
1974 0.02928 0.23098 0.13291 0.57628 0.03055 0
1975 0.02938 0.23154 0.13331 0.57514 0.03063 0
1976 0.02949 0.2321 0.13371 0.57405 0.03066 0
1977 0.02959 0.23266 0.1341 0.57295 0.0307 0
1978 0.02969 0.23322 0.13448 0.57187 0.03074 0
1979 0.02979 0.23372 0.13487 0.57084 0.03079 0
1980 0.02989 0.23423 0.13526 0.56979 0.03083 0
1981 0.02998 0.23476 0.13561 0.5688 0.03085 0
1982 0.03008 0.23531 0.13592 0.56782 0.03088 0
1983 0.03016 0.23584 0.13621 0.56688 0.03091 0
1984 0.03024 0.23638 0.13647 0.56598 0.03092 0
1985 0.03031 0.23685 0.13669 0.56522 0.03093 0
1986 0.03038 0.23738 0.1369 0.56439 0.03095 0
1987 0.03047 0.23803 0.13717 0.56336 0.03098 0
1988 0.03054 0.23853 0.13734 0.5626 0.03099 0
1989 0.03058 0.23889 0.13742 0.56215 0.03097 0
1990 0.03062 0.23928 0.13753 0.56162 0.03095 0
1991 0.03067 0.2397 0.13764 0.56105 0.03094 0
1992 0.03072 0.24017 0.13778 0.5604 0.03093 0
1993 0.03075 0.2405 0.13782 0.56003 0.0309 0
1994 0.03078 0.2409 0.13791 0.55953 0.03088 0
1995 0.03081 0.24127 0.13799 0.55907 0.03085 0
1996 0.03086 0.24176 0.13811 0.55843 0.03084 0
1997 0.03089 0.24221 0.13819 0.55784 0.03087 0
1998 0.03093 0.2426 0.1383 0.55728 0.03089 0
1999 0.03097 0.24308 0.13843 0.55663 0.03088 0
2000 0.031 0.24352 0.13847 0.55612 0.03088 0
2001 0.03104 0.2569 0.13562 0.54396 0.03248 0
2002 0.02965 0.25778 0.13577 0.54424 0.03256 0
2003 0.02838 0.25853 0.13596 0.54448 0.03266 0
2004 0.02979 0.28339 0.1302 0.52077 0.03586 0
2005 0.0286 0.28291 0.13067 0.52201 0.03581 0
2006 0.02944 0.3026 0.12615 0.50349 0.03833 0
2007 0.02828 0.29975 0.12676 0.50674 0.03848 0
2008 0.0294 0.31504 0.12288 0.49145 0.04122 0
2009 0.02832 0.30812 0.12447 0.49781 0.04129 0
2010 0.03057 0.27333 0.13033 0.51974 0.04602 0
2011 0.02925 0.2725 0.13089 0.52203 0.04533 0
2012 0.03053 0.2962 0.12482 0.4994 0.04905 0
2013 0.03003 0.27948 0.12813 0.51259 0.04977 0
2014 0.03295 0.31753 0.11916 0.47725 0.05308 2e-05
2015 0.03894 0.38759 0.10241 0.40987 0.06119 0
2016 0.04431 0.35204 0.10888 0.43477 0.06001 0
2017 0.05192 0.39034 0.09814 0.3916 0.068 0
2018 0.05889 0.35615 0.10145 0.40396 0.07955 0
2019 0.06223 0.27934 0.11475 0.45658 0.0871 0
2020 0.06136 0.29369 0.11205 0.44479 0.08811 0
2021 0.06651 0.33748 0.10025 0.3976 0.09816 0
2022 0.06461 0.33611 0.10126 0.40079 0.09723 0
2023 0.06322 0.33698 0.1021 0.40391 0.09379 0
2024 0.06193 0.33786 0.10283 0.40724 0.09015 0
Split for: MX_AR
Year RUS+WAL EAL+BER GOA SEA+NBC SBC+WA OR+CA
1970 0.10792 0.48816 0.18568 0.10721 0.01777 0.09326
1971 0.10835 0.48764 0.1864 0.10682 0.01782 0.09297
1972 0.10604 0.48932 0.18733 0.10666 0.01788 0.09278
1973 0.10627 0.4896 0.18768 0.10621 0.0179 0.09234
1974 0.10651 0.49001 0.18805 0.10582 0.01792 0.09168
1975 0.10674 0.49048 0.18835 0.10546 0.01794 0.09103
1976 0.10697 0.49097 0.18864 0.10511 0.01793 0.09037
1977 0.10719 0.49148 0.18893 0.10476 0.01793 0.08971
1978 0.10741 0.49199 0.18921 0.10442 0.01793 0.08903
1979 0.10764 0.49244 0.18952 0.10411 0.01793 0.08836
1980 0.10787 0.49294 0.18984 0.10379 0.01794 0.08762
1981 0.10809 0.49348 0.19011 0.10349 0.01793 0.0869
1982 0.10829 0.49406 0.19032 0.1032 0.01792 0.0862
1983 0.10848 0.49464 0.19053 0.10291 0.01792 0.08551
1984 0.10865 0.49519 0.19068 0.10263 0.01791 0.08494
1985 0.1088 0.49572 0.19081 0.1024 0.0179 0.08438
1986 0.10894 0.49631 0.19089 0.10214 0.01789 0.08383
1987 0.10909 0.49694 0.19099 0.1018 0.01788 0.0833
1988 0.10922 0.49752 0.19105 0.10157 0.01787 0.08277
1989 0.10931 0.49802 0.19107 0.10144 0.01785 0.0823
1990 0.1094 0.49849 0.19108 0.10127 0.01782 0.08193
1991 0.10949 0.49905 0.19111 0.10111 0.01781 0.08143
1992 0.10959 0.49962 0.19115 0.10091 0.01779 0.08094
1993 0.10966 0.50013 0.19115 0.10081 0.01776 0.08049
1994 0.10972 0.50064 0.19115 0.10065 0.01774 0.0801
1995 0.10976 0.50114 0.19115 0.10051 0.01772 0.07971
1996 0.10981 0.50167 0.19113 0.1003 0.01769 0.07939
1997 0.10983 0.50219 0.19108 0.10011 0.01769 0.07909
1998 0.10989 0.50259 0.19108 0.09993 0.01769 0.07881
1999 0.10994 0.50308 0.19108 0.09972 0.01767 0.07853
2000 0.10992 0.50354 0.19096 0.09954 0.01766 0.07839
2001 0.10806 0.52143 0.18359 0.09557 0.01822 0.07313
2002 0.10356 0.52495 0.18439 0.09593 0.01833 0.07283
2003 0.09933 0.52765 0.18507 0.09619 0.01843 0.07333
2004 0.09902 0.54936 0.16834 0.08738 0.01922 0.07668
2005 0.09544 0.55049 0.16957 0.08792 0.01926 0.07731
2006 0.09461 0.56714 0.15769 0.08168 0.01986 0.07902
2007 0.09319 0.576 0.16245 0.08429 0.02044 0.06363
2008 0.09409 0.58785 0.15293 0.07938 0.02126 0.0645
2009 0.09223 0.58508 0.15763 0.08182 0.02167 0.06156
2010 0.10367 0.54044 0.17187 0.08895 0.02516 0.06992
2011 0.09993 0.54284 0.1739 0.09001 0.02497 0.06835
2012 0.10027 0.5672 0.15941 0.08278 0.02597 0.06438
2013 0.1014 0.55031 0.16827 0.08736 0.02709 0.06557
2014 0.10305 0.57908 0.14493 0.07534 0.02676 0.07084
2015 0.10715 0.62184 0.10958 0.05692 0.02714 0.07737
2016 0.12426 0.57572 0.11875 0.06154 0.02713 0.0926
2017 0.13336 0.58463 0.09804 0.05077 0.02815 0.10506
2018 0.1519 0.5357 0.10177 0.05259 0.03308 0.12496
2019 0.17265 0.45194 0.12382 0.06394 0.03896 0.14869
2020 0.16853 0.47041 0.1197 0.06167 0.03901 0.14069
2021 0.16773 0.49626 0.09832 0.05061 0.03991 0.14718
2022 0.16572 0.50268 0.101 0.05188 0.0402 0.13852
2023 0.16296 0.5065 0.10235 0.05255 0.03897 0.13667
2024 0.15982 0.50838 0.10319 0.05304 0.0375 0.13807
Split for: MX_ML
Year RUS+WAL EAL+BER GOA SEA+NBC SBC+WA OR+CA
1970 0.04143 0.22919 0.04339 0.08906 0.04886 0.54807
1971 0.04167 0.22936 0.04364 0.08891 0.04908 0.54735
1972 0.04082 0.23038 0.0439 0.08886 0.0493 0.54675
1973 0.04101 0.2311 0.04409 0.08871 0.04947 0.54561
1974 0.04126 0.23218 0.04435 0.08873 0.04971 0.54377
1975 0.04151 0.23328 0.04458 0.08875 0.04995 0.54192
1976 0.04176 0.23441 0.04483 0.0888 0.05013 0.54007
1977 0.04201 0.23557 0.04507 0.08885 0.05032 0.53818
1978 0.04226 0.23675 0.04532 0.08892 0.05051 0.53625
1979 0.04252 0.2379 0.04557 0.089 0.05072 0.53429
1980 0.04279 0.23917 0.04584 0.08911 0.05096 0.53214
1981 0.04306 0.24045 0.0461 0.08923 0.05115 0.53001
1982 0.04332 0.24173 0.04635 0.08934 0.05134 0.52791
1983 0.04357 0.243 0.04659 0.08946 0.05155 0.52584
1984 0.04379 0.2441 0.04678 0.08952 0.05168 0.52413
1985 0.044 0.2452 0.04697 0.08962 0.05182 0.52239
1986 0.0442 0.24629 0.04715 0.08969 0.05198 0.52069
1987 0.0444 0.2474 0.04732 0.08968 0.05211 0.51908
1988 0.0446 0.24848 0.04749 0.08976 0.05225 0.51741
1989 0.04476 0.24943 0.04763 0.0899 0.05234 0.51595
1990 0.0449 0.25023 0.04774 0.08996 0.05239 0.51479
1991 0.04507 0.25126 0.04789 0.09008 0.05249 0.5132
1992 0.04525 0.2523 0.04804 0.09017 0.05259 0.51164
1993 0.0454 0.25325 0.04817 0.09033 0.05267 0.51018
1994 0.04553 0.25413 0.04829 0.09041 0.05273 0.50891
1995 0.04566 0.25498 0.04841 0.09049 0.05278 0.50768
1996 0.04577 0.25577 0.0485 0.09049 0.05282 0.50665
1997 0.04587 0.25651 0.04858 0.09048 0.05291 0.50565
1998 0.04597 0.25716 0.04866 0.09048 0.05299 0.50474
1999 0.04607 0.25787 0.04875 0.09044 0.05303 0.50383
2000 0.04611 0.25833 0.04876 0.09036 0.05303 0.50341
2001 0.04669 0.27555 0.04829 0.08936 0.05639 0.48373
2002 0.0448 0.27774 0.04855 0.08981 0.05679 0.4823
2003 0.04281 0.27815 0.04856 0.08973 0.05687 0.48388
2004 0.04171 0.28303 0.04316 0.07966 0.05797 0.49447
2005 0.04004 0.28244 0.0433 0.07982 0.05787 0.49653
2006 0.03921 0.28747 0.03978 0.07326 0.05894 0.50134
2007 0.04237 0.32029 0.04496 0.08293 0.06655 0.4429
2008 0.04243 0.32421 0.04198 0.07746 0.06866 0.44527
2009 0.04233 0.32847 0.04404 0.08128 0.07125 0.43262
2010 0.04483 0.28586 0.04525 0.08326 0.07791 0.4629
2011 0.04364 0.28997 0.04623 0.08508 0.07808 0.457
2012 0.04473 0.30945 0.04328 0.07991 0.08295 0.43968
2013 0.04479 0.29732 0.04525 0.08352 0.08571 0.44341
2014 0.04406 0.30284 0.03772 0.06972 0.08194 0.46372
2015 0.04398 0.31217 0.02738 0.05056 0.07977 0.48615
2016 0.04696 0.26614 0.02732 0.05034 0.07343 0.5358
2017 0.04716 0.25286 0.0211 0.03885 0.0713 0.56873
2018 0.04849 0.20915 0.01978 0.03633 0.07562 0.61063
2019 0.04941 0.15818 0.02157 0.0396 0.07984 0.6514
2020 0.04981 0.17006 0.02154 0.03945 0.08258 0.63657
2021 0.04816 0.17427 0.01718 0.03145 0.08205 0.6469
2022 0.04928 0.18284 0.01828 0.03339 0.08561 0.6306
2023 0.04894 0.18605 0.01871 0.03416 0.08382 0.62833
2024 0.04783 0.18609 0.0188 0.03436 0.08037 0.63256
Split for: Central_Am
Year RUS+WAL EAL+BER GOA SEA+NBC SBC+WA OR+CA
1970 0 0 0 0 0.05103 0.94897
1971 0 0 0 0 0.05131 0.94869
1972 0 0 0 0 0.05158 0.94842
1973 0 0 0 0 0.05185 0.94815
1974 0 0 0 0 0.05226 0.94774
1975 0 0 0 0 0.05267 0.94733
1976 0 0 0 0 0.05302 0.94698
1977 0 0 0 0 0.05338 0.94662
1978 0 0 0 0 0.05376 0.94624
1979 0 0 0 0 0.05416 0.94584
1980 0 0 0 0 0.0546 0.9454
1981 0 0 0 0 0.055 0.945
1982 0 0 0 0 0.05541 0.94459
1983 0 0 0 0 0.05583 0.94417
1984 0 0 0 0 0.05614 0.94386
1985 0 0 0 0 0.05646 0.94354
1986 0 0 0 0 0.05679 0.94321
1987 0 0 0 0 0.0571 0.9429
1988 0 0 0 0 0.05742 0.94258
1989 0 0 0 0 0.05766 0.94234
1990 0 0 0 0 0.05783 0.94217
1991 0 0 0 0 0.05811 0.94189
1992 0 0 0 0 0.05838 0.94162
1993 0 0 0 0 0.05862 0.94138
1994 0 0 0 0 0.05882 0.94118
1995 0 0 0 0 0.05901 0.94099
1996 0 0 0 0 0.05916 0.94084
1997 0 0 0 0 0.05937 0.94063
1998 0 0 0 0 0.05956 0.94044
1999 0 0 0 0 0.05969 0.94031
2000 0 0 0 0 0.05975 0.94025
2001 0 0 0 0 0.06569 0.93431
2002 0 0 0 0 0.06631 0.93369
2003 0 0 0 0 0.0662 0.9338
2004 0 0 0 0 0.06604 0.93396
2005 0 0 0 0 0.06568 0.93432
2006 0 0 0 0 0.06621 0.93379
2007 0 0 0 0 0.0831 0.9169
2008 0 0 0 0 0.0851 0.9149
2009 0 0 0 0 0.09036 0.90964
2010 0 0 0 0 0.09216 0.90784
2011 0 0 0 0 0.09343 0.90657
2012 0 0 0 0 0.10217 0.89783
2013 0 0 0 0 0.10441 0.89559
2014 0 0 0 0 0.09632 0.90368
2015 0 0 0 0 0.09006 0.90994
2016 0 0 0 0 0.07635 0.92365
2017 0 0 0 0 0.0703 0.9297
2018 0 0 0 0 0.0695 0.9305
2019 0 0 0 0 0.06884 0.93116
2020 0 0 0 0 0.07257 0.92743
2021 0 0 0 0 0.07106 0.92894
2022 0 0 0 0 0.07569 0.92431
2023 0 0 0 0 0.07447 0.92553
2024 0 0 0 0 0.07118 0.92882

Difference in mortality over time
Difference for: Asia
Year RUS+WAL EAL+BER GOA SEA+NBC SBC+WA OR+CA
1970 0 0 0 0 0 0
1971 0 0 0 0 0 0
1972 0 0 0 0 0 0
1973 0 0 0 0 0 0
1974 0 0 0 0 0 0
1975 0 0 0 0 0 0
1976 0 0 0 0 0 0
1977 0 0 0 0 0 0
1978 0 0 0 0 0 0
1979 0 0 0 0 0 0
1980 0 0 0 0 0 0
1981 0 0 0 0 0 0
1982 0 0 0 0 0 0
1983 0 0 0 0 0 0
1984 0 0 0 0 0 0
1985 0 0 0 0 0 0
1986 0 0 0 0 0 0
1987 0 0 0 0 0 0
1988 0 0 0 0 0 0
1989 0 0 0 0 0 0
1990 0 0 0 0 0 0
1991 0 0 0 0 0 0
1992 0 0 0 0 0 0
1993 0 0 0 0 0 0
1994 0 0 0 0 0 0
1995 0 0 0 0 0 0
1996 0 0 0 0 0 0
1997 0 0 0 0 0 0
1998 0 0 0 0 0 0
1999 0 0 0 0 0 0
2000 0 4 0 0 0 0
2001 0 5 0 0 0 0
2002 0 5 0 0 0 0
2003 0 6 0 0 0 0
2004 0 6 0 0 0 0
2005 0 7 0 0 0 0
2006 0 7 0 0 0 0
2007 0 4 0 0 0 0
2008 0 5 0 0 0 0
2009 0 -42 0 0 0 0
2010 0 7 0 0 0 0
2011 0 8 0 0 0 0
2012 0 -9 0 0 0 0
2013 0 8 0 0 0 0
2014 0 9 0 0 0 0
2015 0 -60 0 0 0 0
2016 0 -14 0 0 0 0
2017 0 -53 0 0 0 0
2018 0 -59 0 0 0 0
2019 0 4 0 0 0 0
2020 0 4 0 0 0 0
2021 0 0 0 0 0 0
2022 0 0 0 0 0 0
2023 0 0 0 0 0 0
Difference for: Hawaii
Year RUS+WAL EAL+BER GOA SEA+NBC SBC+WA OR+CA
1970 0 0 0 0 0 0
1971 0 0 0 0 0 0
1972 0 0 0 0 0 0
1973 0 0 0 0 0 0
1974 0 0 0 0 0 0
1975 0 0 0 0 0 0
1976 0 0 0 0 0 0
1977 0 0 0 0 0 0
1978 0 0 0 0 0 0
1979 0 0 0 0 0 0
1980 0 0 0 0 0 0
1981 0 0 0 0 0 0
1982 0 0 0 0 0 0
1983 0 0 0 0 0 0
1984 0 0 0 0 0 0
1985 0 0 0 0 0 0
1986 0 0 0 0 0 0
1987 0 0 0 0 0 0
1988 0 0 0 0 0 0
1989 0 0 0 0 0 0
1990 0 0 0 0 0 0
1991 0 0 0 0 0 0
1992 0 0 0 0 0 0
1993 0 0 0 0 0 0
1994 0 0 0 0 0 0
1995 0 0 0 0 0 0
1996 0 0 0 0 0 0
1997 0 0 0 0 0 0
1998 0 0 0 0 0 0
1999 0 0 0 0 0 0
2000 0 80 -21 -83 10 0
2001 0 91 44 177 12 0
2002 0 103 51 205 13 0
2003 0 113 -117 -468 15 0
2004 0 121 53 214 17 0
2005 0 140 -89 -356 19 0
2006 0 136 63 251 21 0
2007 0 84 -110 -440 23 0
2008 0 110 75 300 25 0
2009 0 -870 -51 -204 27 0
2010 0 149 84 335 30 0
2011 0 174 -190 -757 33 0
2012 0 -185 82 326 34 0
2013 0 168 -386 -1544 -9 0
2014 0 191 -664 -2660 -8 0
2015 0 -1339 -129 -517 -132 0
2016 0 -313 -449 -1792 -26 0
2017 0 -1180 -149 -595 35 0
2018 0 -1343 36 144 36 0
2019 0 85 -62 -246 40 0
2020 0 89 -317 -1257 45 0
2021 0 0 0 0 43 0
2022 0 0 0 0 16 0
2023 0 0 0 0 0 0
Difference for: MX_AR
Year RUS+WAL EAL+BER GOA SEA+NBC SBC+WA OR+CA
1970 0 0 0 0 0 0
1971 0 0 0 0 0 0
1972 0 0 0 0 0 0
1973 0 0 0 0 0 0
1974 0 0 0 0 0 0
1975 0 0 0 0 0 0
1976 0 0 0 0 0 0
1977 0 0 0 0 0 0
1978 0 0 0 0 0 0
1979 0 0 0 0 0 0
1980 0 0 0 0 0 0
1981 0 0 0 0 0 0
1982 0 0 0 0 0 0
1983 0 0 0 0 0 0
1984 0 0 0 0 0 0
1985 0 0 0 0 0 0
1986 0 0 0 0 0 0
1987 0 0 0 0 0 0
1988 0 0 0 0 0 0
1989 0 0 0 0 0 0
1990 0 0 0 0 0 0
1991 0 0 0 0 0 0
1992 0 0 0 0 0 0
1993 0 0 0 0 0 0
1994 0 0 0 0 0 0
1995 0 0 0 0 0 0
1996 0 0 0 0 0 0
1997 0 0 0 0 0 0
1998 0 0 0 0 0 0
1999 0 0 0 0 0 0
2000 0 28 -5 -3 1 -5
2001 0 32 10 5 1 3
2002 0 37 12 6 1 5
2003 0 40 -28 -14 1 5
2004 0 43 13 7 2 6
2005 0 49 -21 -11 2 5
2006 0 48 15 8 2 -35
2007 0 30 -26 -14 2 0
2008 0 39 18 9 2 -5
2009 0 -309 -12 -6 3 1
2010 0 53 20 10 3 0
2011 0 62 -45 -23 3 -15
2012 0 -66 19 10 3 -2
2013 0 60 -91 -47 -1 10
2014 0 68 -157 -82 -1 11
2015 0 -475 -31 -16 -13 13
2016 0 -111 -106 -55 -3 14
2017 0 -419 -35 -18 3 15
2018 0 -476 9 4 4 14
2019 0 30 -15 -8 4 -16
2020 0 32 -75 -39 4 16
2021 0 0 0 0 4 -25
2022 0 0 0 0 2 -5
2023 0 0 0 0 0 0
Difference for: MX_ML
Year RUS+WAL EAL+BER GOA SEA+NBC SBC+WA OR+CA
1970 0 0 0 0 0 0
1971 0 0 0 0 0 0
1972 0 0 0 0 0 0
1973 0 0 0 0 0 0
1974 0 0 0 0 0 0
1975 0 0 0 0 0 0
1976 0 0 0 0 0 0
1977 0 0 0 0 0 0
1978 0 0 0 0 0 0
1979 0 0 0 0 0 0
1980 0 0 0 0 0 0
1981 0 0 0 0 0 0
1982 0 0 0 0 0 0
1983 0 0 0 0 0 0
1984 0 0 0 0 0 0
1985 0 0 0 0 0 0
1986 0 0 0 0 0 0
1987 0 0 0 0 0 0
1988 0 0 0 0 0 0
1989 0 0 0 0 0 0
1990 0 0 0 0 0 0
1991 0 0 0 0 0 0
1992 0 0 0 0 0 0
1993 0 0 0 0 0 0
1994 0 0 0 0 0 0
1995 0 0 0 0 0 0
1996 0 0 0 0 0 0
1997 0 0 0 0 0 0
1998 0 0 0 0 0 0
1999 0 0 0 0 0 0
2000 0 17 -1 -3 3 -35
2001 0 19 3 6 4 25
2002 0 22 4 7 5 37
2003 0 24 -8 -15 5 41
2004 0 26 4 7 6 46
2005 0 29 -6 -11 6 37
2006 0 29 4 8 7 -262
2007 0 18 -8 -14 8 1
2008 0 23 5 10 9 -40
2009 0 -181 -4 -6 9 10
2010 0 31 6 11 10 3
2011 0 36 -13 -24 11 -112
2012 0 -38 6 10 11 -17
2013 0 35 -26 -49 -3 69
2014 0 39 -45 -84 -3 83
2015 0 -274 -9 -16 -44 93
2016 0 -64 -30 -56 -9 99
2017 0 -240 -10 -19 11 108
2018 0 -273 2 4 12 98
2019 0 17 -4 -8 13 -116
2020 0 18 -21 -39 15 114
2021 0 0 0 0 14 -180
2022 0 0 0 0 5 -38
2023 0 0 0 0 0 0
Difference for: Central_Am
Year RUS+WAL EAL+BER GOA SEA+NBC SBC+WA OR+CA
1970 0 0 0 0 0 0
1971 0 0 0 0 0 0
1972 0 0 0 0 0 0
1973 0 0 0 0 0 0
1974 0 0 0 0 0 0
1975 0 0 0 0 0 0
1976 0 0 0 0 0 0
1977 0 0 0 0 0 0
1978 0 0 0 0 0 0
1979 0 0 0 0 0 0
1980 0 0 0 0 0 0
1981 0 0 0 0 0 0
1982 0 0 0 0 0 0
1983 0 0 0 0 0 0
1984 0 0 0 0 0 0
1985 0 0 0 0 0 0
1986 0 0 0 0 0 0
1987 0 0 0 0 0 0
1988 0 0 0 0 0 0
1989 0 0 0 0 0 0
1990 0 0 0 0 0 0
1991 0 0 0 0 0 0
1992 0 0 0 0 0 0
1993 0 0 0 0 0 0
1994 0 0 0 0 0 0
1995 0 0 0 0 0 0
1996 0 0 0 0 0 0
1997 0 0 0 0 0 0
1998 0 0 0 0 0 0
1999 0 0 0 0 0 0
2000 0 0 0 0 1 -16
2001 0 0 0 0 1 12
2002 0 0 0 0 1 17
2003 0 0 0 0 1 19
2004 0 0 0 0 2 21
2005 0 0 0 0 2 17
2006 0 0 0 0 2 -121
2007 0 0 0 0 2 0
2008 0 0 0 0 2 -18
2009 0 0 0 0 3 5
2010 0 0 0 0 3 1
2011 0 0 0 0 3 -52
2012 0 0 0 0 3 -8
2013 0 0 0 0 -1 32
2014 0 0 0 0 -1 38
2015 0 0 0 0 -12 43
2016 0 0 0 0 -2 46
2017 0 0 0 0 3 50
2018 0 0 0 0 3 46
2019 0 0 0 0 4 -54
2020 0 0 0 0 4 53
2021 0 0 0 0 4 -84
2022 0 0 0 0 1 -18
2023 0 0 0 0 0 0

Total survival over time
Values for breeding stock: Asia
Year RUS+WAL EAL+BER GOA SEA+NBC SBC+WA OR+CA
1970 0.996 0.985 0 0 0 0
1971 1.28 1.274 0 0 0 0
1972 1.186 1.216 0 0 0 0
1973 1.176 1.174 0 0 0 0
1974 1.146 1.145 0 0 0 0
1975 1.125 1.124 0 0 0 0
1976 1.109 1.107 0 0 0 0
1977 1.095 1.094 0 0 0 0
1978 1.084 1.083 0 0 0 0
1979 1.075 1.074 0 0 0 0
1980 1.067 1.066 0 0 0 0
1981 1.086 1.085 0 0 0 0
1982 1.1 1.099 0 0 0 0
1983 1.108 1.108 0 0 0 0
1984 1.113 1.113 0 0 0 0
1985 1.114 1.114 0 0 0 0
1986 1.113 1.113 0 0 0 0
1987 1.11 1.11 0 0 0 0
1988 1.106 1.106 0 0 0 0
1989 1.102 1.102 0 0 0 0
1990 1.097 1.097 0 0 0 0
1991 1.095 1.096 0 0 0 0
1992 1.095 1.095 0 0 0 0
1993 1.096 1.096 0 0 0 0
1994 1.097 1.097 0 0 0 0
1995 1.098 1.098 0 0 0 0
1996 1.098 1.099 0 0 0 0
1997 1.098 1.099 0 0 0 0
1998 1.098 1.098 0 0 0 0
1999 1.097 1.098 0 0 0 0
2000 1.095 1.139 0 0 0 0
2001 1.094 1.129 0 0 0 0
2002 1.092 1.124 0 0 0 0
2003 1.091 1.12 0 0 0 0
2004 1.089 1.114 0 0 0 0
2005 1.088 1.112 0 0 0 0
2006 1.087 1.104 0 0 0 0
2007 1.086 1.086 0 0 0 0
2008 1.084 1.09 0 0 0 0
2009 1.083 0.893 0 0 0 0
2010 1.081 1.126 0 0 0 0
2011 1.079 1.11 0 0 0 0
2012 1.077 1.036 0 0 0 0
2013 1.068 1.098 0 0 0 0
2014 1.082 1.107 0 0 0 0
2015 1.044 0.842 0 0 0 0
2016 1.072 1.034 0 0 0 0
2017 1.069 0.877 0 0 0 0
2018 1.065 0.826 0 0 0 0
2019 1.068 1.18 0 0 0 0
2020 1.055 1.122 0 0 0 0
2021 1.053 1.09 0 0 0 0
2022 1.05 1.082 0 0 0 0
2023 1.047 1.078 0 0 0 0
Values for breeding stock: Hawaii
Year RUS+WAL EAL+BER GOA SEA+NBC SBC+WA OR+CA
1970 1.008 0.997 0.98 0.991 1.005 0
1971 1.292 1.286 1.292 1.283 1.291 0
1972 1.196 1.227 1.228 1.22 1.227 0
1973 1.186 1.185 1.186 1.179 1.185 0
1974 1.156 1.155 1.156 1.15 1.155 0
1975 1.134 1.133 1.134 1.128 1.133 0
1976 1.117 1.116 1.117 1.111 1.115 0
1977 1.104 1.103 1.103 1.098 1.102 0
1978 1.093 1.092 1.092 1.087 1.091 0
1979 1.084 1.083 1.083 1.078 1.082 0
1980 1.076 1.075 1.076 1.071 1.074 0
1981 1.096 1.095 1.095 1.091 1.093 0
1982 1.11 1.109 1.109 1.104 1.107 0
1983 1.118 1.118 1.117 1.113 1.116 0
1984 1.122 1.122 1.121 1.117 1.12 0
1985 1.123 1.123 1.122 1.119 1.121 0
1986 1.122 1.122 1.121 1.118 1.12 0
1987 1.119 1.119 1.118 1.114 1.117 0
1988 1.115 1.115 1.114 1.111 1.113 0
1989 1.111 1.111 1.11 1.108 1.109 0
1990 1.106 1.106 1.105 1.103 1.104 0
1991 1.104 1.104 1.103 1.101 1.102 0
1992 1.104 1.104 1.103 1.101 1.102 0
1993 1.104 1.105 1.104 1.103 1.103 0
1994 1.105 1.106 1.105 1.103 1.104 0
1995 1.106 1.107 1.106 1.104 1.105 0
1996 1.107 1.108 1.106 1.104 1.105 0
1997 1.107 1.108 1.106 1.105 1.107 0
1998 1.106 1.107 1.106 1.104 1.106 0
1999 1.105 1.106 1.105 1.103 1.104 0
2000 1.104 1.148 1.084 1.083 1.145 0
2001 1.102 1.138 1.144 1.143 1.137 0
2002 1.1 1.133 1.134 1.133 1.133 0
2003 1.099 1.128 1.009 1.008 1.129 0
2004 1.098 1.123 1.144 1.143 1.125 0
2005 1.096 1.121 1.033 1.032 1.118 0
2006 1.095 1.112 1.14 1.14 1.117 0
2007 1.094 1.094 1.024 1.026 1.12 0
2008 1.093 1.098 1.141 1.142 1.103 0
2009 1.091 0.9 1.06 1.06 1.112 0
2010 1.09 1.135 1.131 1.128 1.105 0
2011 1.088 1.119 1.001 1.002 1.1 0
2012 1.086 1.044 1.132 1.136 1.104 0
2013 1.084 1.114 0.928 0.928 1.054 0
2014 1.081 1.107 0.807 0.808 1.052 0
2015 1.079 0.87 1.067 1.067 0.937 0
2016 1.078 1.04 0.856 0.855 1.05 0
2017 1.075 0.882 1.052 1.051 1.111 0
2018 1.072 0.832 1.173 1.171 1.09 0
2019 1.07 1.182 1.07 1.069 1.096 0
2020 1.067 1.134 0.914 0.912 1.082 0
2021 1.064 1.102 1.146 1.145 1.075 0
2022 1.062 1.094 1.117 1.115 1.05 0
2023 1.059 1.09 1.1 1.099 1.028 0
Values for breeding stock: MX_AR
Year RUS+WAL EAL+BER GOA SEA+NBC SBC+WA OR+CA
1970 1.008 0.997 0.98 0.991 1.005 0.961
1971 1.292 1.286 1.292 1.283 1.291 1.283
1972 1.196 1.227 1.228 1.22 1.227 1.22
1973 1.186 1.185 1.186 1.179 1.185 1.179
1974 1.157 1.155 1.156 1.15 1.155 1.146
1975 1.134 1.133 1.134 1.128 1.133 1.124
1976 1.117 1.116 1.117 1.111 1.115 1.107
1977 1.104 1.103 1.103 1.098 1.102 1.094
1978 1.093 1.092 1.092 1.087 1.091 1.083
1979 1.084 1.083 1.083 1.078 1.082 1.074
1980 1.076 1.075 1.076 1.071 1.074 1.065
1981 1.096 1.095 1.095 1.091 1.093 1.085
1982 1.11 1.109 1.109 1.104 1.107 1.099
1983 1.118 1.118 1.117 1.113 1.116 1.108
1984 1.122 1.122 1.121 1.118 1.12 1.113
1985 1.123 1.123 1.123 1.119 1.121 1.115
1986 1.122 1.122 1.121 1.118 1.12 1.113
1987 1.119 1.119 1.118 1.114 1.117 1.111
1988 1.115 1.115 1.114 1.111 1.113 1.107
1989 1.111 1.111 1.11 1.108 1.109 1.104
1990 1.106 1.106 1.105 1.103 1.104 1.1
1991 1.104 1.104 1.103 1.101 1.102 1.097
1992 1.104 1.104 1.103 1.101 1.102 1.097
1993 1.104 1.105 1.104 1.103 1.103 1.098
1994 1.105 1.106 1.105 1.103 1.104 1.1
1995 1.106 1.107 1.106 1.104 1.105 1.101
1996 1.107 1.108 1.107 1.104 1.105 1.103
1997 1.107 1.108 1.107 1.105 1.107 1.103
1998 1.107 1.107 1.106 1.104 1.106 1.103
1999 1.105 1.106 1.105 1.103 1.104 1.102
2000 1.104 1.148 1.084 1.083 1.145 1.058
2001 1.102 1.138 1.144 1.143 1.137 1.142
2002 1.1 1.133 1.134 1.133 1.133 1.137
2003 1.099 1.128 1.009 1.008 1.129 1.132
2004 1.098 1.123 1.144 1.143 1.125 1.13
2005 1.096 1.121 1.033 1.032 1.118 1.115
2006 1.095 1.112 1.141 1.14 1.117 0.901
2007 1.094 1.094 1.024 1.026 1.12 1.128
2008 1.093 1.098 1.141 1.142 1.103 1.071
2009 1.091 0.9 1.06 1.06 1.112 1.115
2010 1.09 1.135 1.131 1.128 1.105 1.095
2011 1.088 1.119 1.001 1.002 1.1 1.031
2012 1.086 1.044 1.132 1.136 1.104 1.107
2013 1.084 1.114 0.928 0.928 1.054 1.155
2014 1.082 1.107 0.807 0.808 1.052 1.134
2015 1.079 0.87 1.067 1.067 0.937 1.114
2016 1.078 1.04 0.856 0.855 1.05 1.092
2017 1.075 0.882 1.052 1.051 1.111 1.116
2018 1.072 0.832 1.173 1.171 1.09 1.095
2019 1.07 1.182 1.07 1.069 1.096 1.034
2020 1.067 1.134 0.914 0.912 1.082 1.123
2021 1.064 1.102 1.146 1.145 1.075 1.017
2022 1.062 1.094 1.117 1.115 1.05 1.071
2023 1.059 1.09 1.1 1.099 1.028 1.083
Values for breeding stock: MX_ML
Year RUS+WAL EAL+BER GOA SEA+NBC SBC+WA OR+CA
1970 1.001 0.99 0.973 0.984 0.998 0.954
1971 1.284 1.278 1.284 1.275 1.283 1.275
1972 1.189 1.22 1.221 1.213 1.22 1.213
1973 1.18 1.179 1.18 1.173 1.179 1.172
1974 1.151 1.149 1.151 1.144 1.15 1.14
1975 1.129 1.128 1.128 1.123 1.128 1.119
1976 1.112 1.111 1.111 1.106 1.109 1.102
1977 1.099 1.098 1.098 1.093 1.097 1.089
1978 1.088 1.087 1.087 1.082 1.086 1.078
1979 1.079 1.078 1.078 1.073 1.077 1.069
1980 1.071 1.07 1.071 1.066 1.069 1.06
1981 1.091 1.09 1.09 1.086 1.088 1.08
1982 1.105 1.104 1.104 1.099 1.102 1.094
1983 1.113 1.113 1.113 1.108 1.111 1.103
1984 1.117 1.117 1.117 1.113 1.115 1.109
1985 1.118 1.118 1.118 1.115 1.116 1.11
1986 1.117 1.117 1.116 1.113 1.116 1.109
1987 1.114 1.115 1.114 1.109 1.112 1.106
1988 1.111 1.111 1.11 1.107 1.109 1.103
1989 1.106 1.107 1.106 1.104 1.104 1.1
1990 1.102 1.102 1.101 1.099 1.1 1.096
1991 1.1 1.1 1.099 1.097 1.098 1.093
1992 1.1 1.1 1.099 1.097 1.098 1.093
1993 1.101 1.101 1.1 1.099 1.099 1.094
1994 1.102 1.102 1.101 1.099 1.1 1.096
1995 1.103 1.103 1.102 1.101 1.101 1.098
1996 1.103 1.104 1.103 1.101 1.102 1.099
1997 1.103 1.104 1.103 1.101 1.103 1.1
1998 1.103 1.104 1.103 1.101 1.103 1.1
1999 1.102 1.103 1.102 1.099 1.101 1.099
2000 1.1 1.145 1.081 1.08 1.142 1.055
2001 1.099 1.135 1.141 1.14 1.133 1.139
2002 1.097 1.13 1.131 1.13 1.13 1.134
2003 1.096 1.125 1.006 1.005 1.126 1.129
2004 1.095 1.12 1.141 1.14 1.123 1.127
2005 1.093 1.118 1.031 1.029 1.115 1.112
2006 1.093 1.11 1.138 1.137 1.114 0.899
2007 1.091 1.092 1.022 1.024 1.118 1.125
2008 1.09 1.095 1.138 1.139 1.101 1.069
2009 1.088 0.898 1.057 1.057 1.109 1.112
2010 1.087 1.133 1.128 1.125 1.102 1.092
2011 1.085 1.116 0.999 0.999 1.097 1.028
2012 1.083 1.041 1.128 1.133 1.101 1.104
2013 1.081 1.111 0.925 0.925 1.051 1.152
2014 1.079 1.104 0.805 0.806 1.049 1.13
2015 1.076 0.868 1.064 1.064 0.934 1.11
2016 1.075 1.037 0.854 0.852 1.047 1.089
2017 1.072 0.88 1.049 1.049 1.108 1.113
2018 1.07 0.83 1.17 1.168 1.087 1.092
2019 1.067 1.179 1.067 1.067 1.093 1.032
2020 1.062 1.129 0.91 0.908 1.077 1.118
2021 1.062 1.1 1.143 1.143 1.073 1.015
2022 1.06 1.092 1.115 1.113 1.048 1.069
2023 1.056 1.087 1.097 1.096 1.025 1.08
Values for breeding stock: Central_Am
Year RUS+WAL EAL+BER GOA SEA+NBC SBC+WA OR+CA
1970 0 0 0 0 0.998 0.954
1971 0 0 0 0 1.283 1.276
1972 0 0 0 0 1.221 1.214
1973 0 0 0 0 1.178 1.172
1974 0 0 0 0 1.149 1.14
1975 0 0 0 0 1.128 1.119
1976 0 0 0 0 1.11 1.102
1977 0 0 0 0 1.097 1.089
1978 0 0 0 0 1.085 1.077
1979 0 0 0 0 1.077 1.068
1980 0 0 0 0 1.069 1.06
1981 0 0 0 0 1.088 1.08
1982 0 0 0 0 1.102 1.093
1983 0 0 0 0 1.111 1.103
1984 0 0 0 0 1.115 1.109
1985 0 0 0 0 1.116 1.109
1986 0 0 0 0 1.115 1.109
1987 0 0 0 0 1.113 1.106
1988 0 0 0 0 1.109 1.102
1989 0 0 0 0 1.104 1.1
1990 0 0 0 0 1.1 1.096
1991 0 0 0 0 1.098 1.093
1992 0 0 0 0 1.098 1.093
1993 0 0 0 0 1.099 1.094
1994 0 0 0 0 1.1 1.096
1995 0 0 0 0 1.101 1.097
1996 0 0 0 0 1.102 1.099
1997 0 0 0 0 1.103 1.1
1998 0 0 0 0 1.103 1.1
1999 0 0 0 0 1.101 1.099
2000 0 0 0 0 1.141 1.055
2001 0 0 0 0 1.133 1.139
2002 0 0 0 0 1.129 1.134
2003 0 0 0 0 1.126 1.129
2004 0 0 0 0 1.123 1.127
2005 0 0 0 0 1.115 1.112
2006 0 0 0 0 1.114 0.899
2007 0 0 0 0 1.117 1.125
2008 0 0 0 0 1.1 1.069
2009 0 0 0 0 1.109 1.112
2010 0 0 0 0 1.102 1.092
2011 0 0 0 0 1.097 1.028
2012 0 0 0 0 1.101 1.104
2013 0 0 0 0 1.051 1.152
2014 0 0 0 0 1.049 1.131
2015 0 0 0 0 0.935 1.111
2016 0 0 0 0 1.048 1.089
2017 0 0 0 0 1.109 1.113
2018 0 0 0 0 1.088 1.092
2019 0 0 0 0 1.095 1.033
2020 0 0 0 0 1.079 1.119
2021 0 0 0 0 1.073 1.015
2022 0 0 0 0 1.048 1.069
2023 0 0 0 0 1.026 1.081

Numbers over time by herd
Values for breeding stock: Asia
Year RUS+WAL EAL+BER GOA SEA+NBC SBC+WA OR+CA
1970 66 9 0 0 0 0
1971 83 12 0 0 0 0
1972 95 14 0 0 0 0
1973 107 16 0 0 0 0
1974 119 18 0 0 0 0
1975 130 19 0 0 0 0
1976 141 21 0 0 0 0
1977 150 22 0 0 0 0
1978 159 23 0 0 0 0
1979 168 25 0 0 0 0
1980 176 26 0 0 0 0
1981 188 27 0 0 0 0
1982 202 29 0 0 0 0
1983 219 32 0 0 0 0
1984 238 35 0 0 0 0
1985 259 38 0 0 0 0
1986 281 41 0 0 0 0
1987 304 44 0 0 0 0
1988 328 48 0 0 0 0
1989 354 51 0 0 0 0
1990 379 55 0 0 0 0
1991 406 59 0 0 0 0
1992 435 63 0 0 0 0
1993 466 68 0 0 0 0
1994 500 73 0 0 0 0
1995 537 78 0 0 0 0
1996 577 84 0 0 0 0
1997 619 90 0 0 0 0
1998 665 97 0 0 0 0
1999 713 104 0 0 0 0
2000 764 112 0 0 0 0
2001 817 126 0 0 0 0
2002 873 141 0 0 0 0
2003 932 158 0 0 0 0
2004 994 176 0 0 0 0
2005 1059 195 0 0 0 0
2006 1127 216 0 0 0 0
2007 1198 237 0 0 0 0
2008 1272 254 0 0 0 0
2009 1350 274 0 0 0 0
2010 1429 238 0 0 0 0
2011 1512 262 0 0 0 0
2012 1596 288 0 0 0 0
2013 1672 290 0 0 0 0
2014 1774 319 0 0 0 0
2015 1818 337 0 0 0 0
2016 1912 283 0 0 0 0
2017 2008 281 0 0 0 0
2018 2100 237 0 0 0 0
2019 2204 184 0 0 0 0
2020 2286 204 0 0 0 0
2021 2367 224 0 0 0 0
2022 2444 237 0 0 0 0
2023 2517 250 0 0 0 0
Values for breeding stock: Hawaii
Year RUS+WAL EAL+BER GOA SEA+NBC SBC+WA OR+CA
1970 18 143 82 364 19 0
1971 24 183 105 463 24 0
1972 27 215 123 541 28 0
1973 31 245 141 614 32 0
1974 35 274 158 684 36 0
1975 38 302 174 749 40 0
1976 42 328 189 812 43 0
1977 45 353 204 870 47 0
1978 48 377 218 925 50 0
1979 51 400 231 978 53 0
1980 54 422 244 1027 56 0
1981 58 454 262 1100 60 0
1982 63 493 285 1189 65 0
1983 69 538 311 1294 71 0
1984 75 590 340 1412 77 0
1985 83 646 373 1542 84 0
1986 91 707 408 1681 92 0
1987 99 772 445 1827 100 0
1988 108 840 484 1982 109 0
1989 117 912 525 2146 118 0
1990 126 986 567 2314 127 0
1991 136 1064 611 2491 137 0
1992 147 1150 659 2682 148 0
1993 159 1243 712 2893 160 0
1994 172 1344 770 3122 172 0
1995 186 1455 832 3372 186 0
1996 201 1576 901 3641 201 0
1997 218 1708 974 3933 218 0
1998 236 1848 1054 4246 235 0
1999 255 1999 1139 4578 254 0
2000 275 2161 1229 4934 274 0
2001 297 2454 1295 5196 310 0
2002 319 2776 1462 5860 351 0
2003 343 3129 1645 6589 395 0
2004 369 3511 1613 6452 444 0
2005 396 3918 1810 7230 496 0
2006 425 4367 1820 7266 553 0
2007 455 4824 2040 8156 619 0
2008 487 5220 2036 8142 683 0
2009 521 5666 2289 9154 759 0
2010 556 4971 2370 9453 837 0
2011 593 5523 2653 10580 919 0
2012 631 6121 2580 10321 1014 0
2013 671 6241 2861 11446 1111 0
2014 711 6855 2572 10303 1146 1
2015 753 7495 1980 7926 1183 0
2016 797 6330 1958 7817 1079 0
2017 841 6321 1589 6342 1101 0
2018 886 5356 1526 6075 1196 0
2019 931 4178 1717 6830 1303 0
2020 976 4672 1782 7075 1402 0
2021 1021 5183 1540 6106 1507 0
2022 1067 5549 1672 6617 1605 0
2023 1112 5926 1796 7103 1650 0
Values for breeding stock: MX_AR
Year RUS+WAL EAL+BER GOA SEA+NBC SBC+WA OR+CA
1970 11 51 19 11 2 10
1971 14 65 25 14 2 12
1972 16 76 29 17 3 14
1973 19 87 33 19 3 16
1974 21 97 37 21 4 18
1975 23 107 41 23 4 20
1976 25 116 45 25 4 21
1977 27 125 48 27 5 23
1978 29 134 51 28 5 24
1979 31 142 55 30 5 25
1980 33 150 58 31 5 27
1981 35 161 62 34 6 28
1982 38 175 67 36 6 30
1983 42 191 73 40 7 33
1984 46 209 80 43 8 36
1985 50 229 88 47 8 39
1986 55 251 96 52 9 42
1987 60 274 105 56 10 46
1988 65 298 114 61 11 50
1989 71 323 124 66 12 53
1990 77 349 134 71 12 57
1991 83 377 145 76 13 62
1992 89 408 156 82 15 66
1993 97 441 168 89 16 71
1994 104 477 182 96 17 76
1995 113 516 197 103 18 82
1996 122 559 213 112 20 88
1997 132 606 230 121 21 95
1998 143 655 249 130 23 103
1999 155 709 269 141 25 111
2000 167 766 291 151 27 119
2001 180 870 306 160 30 122
2002 194 984 346 180 34 137
2003 209 1110 389 202 39 154
2004 224 1245 382 198 44 174
2005 241 1390 428 222 49 195
2006 258 1549 431 223 54 216
2007 277 1711 483 250 61 189
2008 296 1851 482 250 67 203
2009 317 2009 541 281 74 211
2010 338 1763 561 290 82 228
2011 361 1959 627 325 90 247
2012 384 2171 610 317 99 246
2013 408 2214 677 351 109 264
2014 433 2432 609 316 112 297
2015 458 2659 469 243 116 331
2016 485 2246 463 240 106 361
2017 512 2243 376 195 108 403
2018 539 1900 361 187 117 443
2019 566 1482 406 210 128 488
2020 594 1658 422 217 137 496
2021 621 1839 364 188 148 545
2022 649 1969 396 203 157 543
2023 677 2103 425 218 162 567
Values for breeding stock: MX_ML
Year RUS+WAL EAL+BER GOA SEA+NBC SBC+WA OR+CA
1970 6 35 7 13 7 83
1971 8 44 8 17 9 104
1972 9 51 10 20 11 121
1973 10 58 11 22 12 137
1974 11 65 12 25 14 151
1975 13 71 14 27 15 164
1976 14 77 15 29 16 176
1977 15 82 16 31 18 187
1978 16 87 17 33 19 198
1979 16 92 18 34 20 207
1980 17 97 19 36 21 215
1981 19 103 20 38 22 228
1982 20 112 21 41 24 244
1983 22 122 23 45 26 263
1984 24 133 25 49 28 285
1985 26 145 28 53 31 308
1986 28 158 30 57 33 334
1987 31 172 33 62 36 360
1988 33 186 36 67 39 388
1989 36 201 38 73 42 416
1990 39 217 41 78 45 446
1991 42 233 44 84 49 476
1992 45 251 48 90 52 509
1993 48 270 51 96 56 544
1994 52 291 55 104 60 583
1995 56 314 60 112 65 626
1996 61 339 64 120 70 672
1997 66 366 69 129 76 722
1998 71 395 75 139 81 776
1999 76 426 81 150 88 833
2000 82 459 87 161 94 895
2001 88 520 91 169 106 913
2002 95 587 103 190 120 1019
2003 102 660 115 213 135 1148
2004 109 738 113 208 151 1290
2005 117 822 126 232 168 1445
2006 125 914 126 233 187 1594
2007 133 1007 141 261 209 1393
2008 142 1087 141 260 230 1493
2009 152 1177 158 291 255 1551
2010 162 1030 163 300 281 1669
2011 172 1142 182 335 307 1799
2012 182 1262 177 326 338 1793
2013 193 1284 195 361 370 1914
2014 205 1406 175 324 380 2153
2015 216 1533 134 248 392 2388
2016 228 1291 133 244 356 2599
2017 240 1286 107 198 363 2893
2018 252 1087 103 189 393 3173
2019 264 846 115 212 427 3483
2020 276 942 119 218 457 3525
2021 288 1043 103 188 491 3870
2022 300 1114 111 204 522 3844
2023 312 1187 119 218 535 4008
Values for breeding stock: Central_Am
Year RUS+WAL EAL+BER GOA SEA+NBC SBC+WA OR+CA
1970 0 0 0 0 2 38
1971 0 0 0 0 3 48
1972 0 0 0 0 3 56
1973 0 0 0 0 3 63
1974 0 0 0 0 4 70
1975 0 0 0 0 4 76
1976 0 0 0 0 5 82
1977 0 0 0 0 5 87
1978 0 0 0 0 5 92
1979 0 0 0 0 5 96
1980 0 0 0 0 6 100
1981 0 0 0 0 6 106
1982 0 0 0 0 7 113
1983 0 0 0 0 7 122
1984 0 0 0 0 8 132
1985 0 0 0 0 9 143
1986 0 0 0 0 9 154
1987 0 0 0 0 10 167
1988 0 0 0 0 11 179
1989 0 0 0 0 12 193
1990 0 0 0 0 13 206
1991 0 0 0 0 14 220
1992 0 0 0 0 15 235
1993 0 0 0 0 16 252
1994 0 0 0 0 17 270
1995 0 0 0 0 18 289
1996 0 0 0 0 20 311
1997 0 0 0 0 21 334
1998 0 0 0 0 23 359
1999 0 0 0 0 24 385
2000 0 0 0 0 26 414
2001 0 0 0 0 30 422
2002 0 0 0 0 33 471
2003 0 0 0 0 38 531
2004 0 0 0 0 42 596
2005 0 0 0 0 47 668
2006 0 0 0 0 52 737
2007 0 0 0 0 58 644
2008 0 0 0 0 64 690
2009 0 0 0 0 71 716
2010 0 0 0 0 78 771
2011 0 0 0 0 86 831
2012 0 0 0 0 94 828
2013 0 0 0 0 103 884
2014 0 0 0 0 106 995
2015 0 0 0 0 109 1104
2016 0 0 0 0 99 1202
2017 0 0 0 0 101 1339
2018 0 0 0 0 110 1469
2019 0 0 0 0 119 1615
2020 0 0 0 0 128 1637
2021 0 0 0 0 137 1797
2022 0 0 0 0 146 1784
2023 0 0 0 0 150 1862

Catch numbers by breeding stock
Year Asia Hawaii MX_AR MX_ML Central_Am
1970 0.9 0 0 1.1 0.3
1971 0.9 0 0 1.2 0.3
1972 1 0 0 1.3 0.3
1973 1.1 0 0 1.3 0.4
1974 1.2 0.1 0 1.4 0.4
1975 1.2 0.1 0 1.5 0.4
1976 1.3 0.1 0 1.6 0.4
1977 1.4 0.1 0 1.6 0.4
1978 1.5 0.1 0 1.7 0.5
1979 1.6 0.1 0 1.8 0.5
1980 1.8 0.1 0 1.9 0.5
1981 1.9 0.1 0 2 0.5
1982 2 0.1 0 2.1 0.6
1983 2.2 0.1 0 2.2 0.6
1984 2.3 0.1 0 2.4 0.6
1985 2.5 0.1 0 2.5 0.7
1986 2.6 0.1 0 2.6 0.7
1987 2.8 0.1 0 2.8 0.7
1988 3 0.1 0 2.9 0.8
1989 3.2 0.1 0 3.1 0.8
1990 3.5 0.2 0 3.2 0.8
1991 3.7 0.2 0 3.4 0.9
1992 4 0.2 0 3.6 0.9
1993 4.3 0.2 0 3.8 1
1994 4.6 0.2 0 4 1
1995 4.9 0.2 0 4.2 1.1
1996 5.2 0.2 0 4.4 1.1
1997 5.6 0.2 0 4.7 1.2
1998 6 0.2 0 4.9 1.2
1999 6.4 0.2 0 5.2 1.3
2000 6.9 0.3 0 5.5 1.4
2001 7.3 0.3 0 5.8 1.4
2002 7.9 0 0 5.8 1.5
2003 8.4 0 0 5.8 1.6
2004 9 0 0 6.7 1.7
2005 9.6 0 0 8.1 1.8
2006 10.3 1 0 6.8 1.8
2007 11.1 0 0 7.7 1.9
2008 11.8 0 0 7.9 2
2009 12.7 0 0 9 2.1
2010 13.6 0 0 9.3 2.2
2011 14.5 0.8 0 10.6 2.4
2012 15.5 0 0 10.9 2.5
2013 28 0 0 10.8 2.6
2014 0 5 0 13 2.7
2015 72 0 0 14.2 2.9
2016 12 0.1 0 14.2 3
2017 12 0.1 0 13.4 3.2
2018 16 0.1 0 13.4 3.3
2019 4 0.4 0 13.4 1.7
2020 26.8 0.4 0 23.8 5
2021 28.6 0.4 0 12.8 4.7
2022 30.7 0.4 0 10.5 3.7
2023 32.8 0.4 0 18.4 4.2

Catch numbers by feeding ground
Year RUS+WAL EAL+BER GOA SEA+NBC SBC+WA OR+CA
1970 0 2.7 3.1 6.8 0.1 6.4
1971 0 1.8 0.1 4 0.1 1.5
1972 4 0.8 0.1 4.1 0.1 1.6
1973 0 0.8 0.1 4.3 0.1 1.7
1974 0 0.8 0.1 4.5 0.1 2.5
1975 0 0.8 0.2 4.7 0.1 2.7
1976 0 0.8 0.2 4.9 0.2 2.9
1977 0 0.8 0.2 5.2 0.2 3.1
1978 0 0.8 0.2 5.4 0.2 3.3
1979 0 1 0.2 5.6 0.2 3.5
1980 0 1 0.2 5.9 0.2 3.9
1981 0 1 0.3 6.1 0.3 4.2
1982 0 1 0.4 6.5 0.3 4.5
1983 0 1 0.4 6.7 0.3 4.8
1984 0 1 0.5 7.1 0.4 4.6
1985 0 1 0.5 6.7 0.4 5
1986 0 1 0.7 7.8 0.4 5.4
1987 0 1 0.7 10 0.5 5.8
1988 0 1.1 0.8 8.5 0.5 6.3
1989 0 0.9 0.8 6.1 0.6 6.1
1990 0 1 0.8 7.4 0.7 5.8
1991 0 1 0.9 8.2 0.7 7.6
1992 0 1.1 0.9 9.8 0.8 8.3
1993 0 1.1 1 7.1 0.9 8.6
1994 0 1.2 1 9.3 1 8.8
1995 0 1.2 1 9.3 1.1 9.6
1996 0 1.2 1.1 12.7 1.2 9.9
1997 0 1.2 1.3 12.7 0.9 10.7
1998 0 3 1.4 14.7 1.2 12
1999 0 2.6 1.4 17.4 1.7 13.5
2000 0 1.2 1.5 14.1 1.5 11.6
2001 0 1.2 1.8 16.4 1.7 13.4
2002 0 2.4 1.9 13.8 1.9 13.7
2003 0 1.4 2 18.9 2.3 16
2004 0 1.4 2.3 22 2.5 15.9
2005 0 1.6 2.3 23.3 5.8 20.1
2006 0 1.6 2.4 22.7 5.3 22.1
2007 0 0.1 7.3 18.4 0 18.1
2008 0 0.1 4.3 19.7 12.4 8.8
2009 0 0.1 4.3 24.1 0 9.8
2010 0 6.1 0.8 44.5 7 24.5
2011 0 3.1 4 28.4 11 11.9
2012 0 4.1 8.8 11.6 0 10
2013 0 0.1 4 31.6 0 4.7
2014 0 0.1 11.8 43.7 7 45.2
2015 0 4.1 12 51 9.1 103.4
2016 0 4.1 4.8 34.8 7.1 150.3
2017 0 4.1 2.1 16.3 11.1 60.3
2018 0 1.1 4 26.6 30.1 111.1
2019 0 4.1 6 27.3 9.1 61
2020 0 1.1 0 24 23 31.2
2021 0 2.2 7 33.7 13 62.4
2022 0 4.3 0.8 22.3 8 56
2023 0 3.6 9.1 40.1 19.2 59.7
