Stock structure: B2F1; Model type = BC
Mortality impacts feeding grounds
Recuitment related to unfished
Staying rate: 0
Age-at-matrity: 8
Base adult survival: 0
Mirrored survival
Sigma for survival devs: 6
Additional variance estimated
Weight for mark-recapture proportions: 1
Weight for genetics proportions: 1


Total objective fn: 344.758926675733
Negative log-likelihood fn: 142.442888225274

Natural Survival by feeding ground
RUS+WAL,EAL+BER,GOA,SEA+NBC,SBC+WA,OR+CA
1970 0.96 0.96 0.96 0.96 0.96 0.96
1971 0.96 0.96 0.96 0.96 0.96 0.96
1972 0.96 0.96 0.96 0.96 0.96 0.96
1973 0.96 0.96 0.96 0.96 0.96 0.96
1974 0.96 0.96 0.96 0.96 0.96 0.96
1975 0.96 0.96 0.96 0.96 0.96 0.96
1976 0.96 0.96 0.96 0.96 0.96 0.96
1977 0.96 0.96 0.96 0.96 0.96 0.96
1978 0.96 0.96 0.96 0.96 0.96 0.96
1979 0.96 0.96 0.96 0.96 0.96 0.96
1980 0.96 0.96 0.96 0.96 0.96 0.96
1981 0.96 0.96 0.96 0.96 0.96 0.96
1982 0.96 0.96 0.96 0.96 0.96 0.96
1983 0.96 0.96 0.96 0.96 0.96 0.96
1984 0.96 0.96 0.96 0.96 0.96 0.96
1985 0.96 0.96 0.96 0.96 0.96 0.96
1986 0.96 0.96 0.96 0.96 0.96 0.96
1987 0.96 0.96 0.96 0.96 0.96 0.96
1988 0.96 0.96 0.96 0.96 0.96 0.96
1989 0.96 0.96 0.96 0.96 0.96 0.96
1990 0.96 0.96 0.96 0.96 0.96 0.96
1991 0.96 0.96 0.96 0.96 0.96 0.96
1992 0.96 0.96 0.96 0.96 0.96 0.96
1993 0.96 0.96 0.96 0.96 0.96 0.96
1994 0.96 0.96 0.96 0.96 0.96 0.96
1995 0.96 0.96 0.96 0.96 0.96 0.96
1996 0.96 0.96 0.96 0.96 0.96 0.96
1997 0.96 0.96 0.96 0.96 0.96 0.96
1998 0.96 0.96 0.96 0.96 0.96 0.96
1999 0.96 0.96 0.96 0.96 0.96 0.96
2000 0.96 0.96956 0.9613147 0.9613147 0.9589337 0.9644267
2001 0.96 0.9701695 0.9699952 0.9699952 0.9618151 0.9674781
2002 0.96 0.97163 0.9697342 0.9697342 0.9635158 0.9708252
2003 0.96 0.9680356 0.9614703 0.9614703 0.9633735 0.9707376
2004 0.96 0.9695286 0.9640425 0.9640425 0.9628354 0.9681421
2005 0.96 0.9651445 0.9517314 0.9517314 0.9665811 0.9568339
2006 0.96 0.9619545 0.963993 0.963993 0.9667514 0.9295145
2007 0.96 0.960999 0.9502833 0.9502833 0.9655969 0.9455392
2008 0.96 0.9576799 0.9727072 0.9727072 0.9657548 0.947847
2009 0.96 0.9443085 0.9488168 0.9488168 0.9644912 0.9526749
2010 0.96 0.9529465 0.9648775 0.9648775 0.9645162 0.9555897
2011 0.96 0.9450504 0.9300606 0.9300606 0.9644996 0.9553169
2012 0.96 0.952796 0.9546766 0.9546766 0.9635987 0.9621255
2013 0.96 0.9505829 0.8954574 0.8954574 0.9614648 0.9708736
2014 0.96 0.9528211 0.6870744 0.6870744 0.9608481 0.9763778
2015 0.96 0.8988812 0.8895195 0.8895195 0.9582917 0.9771597
2016 0.96 0.9220616 0.7353339 0.7353339 0.9573958 0.9732503
2017 0.96 0.7898386 0.9125184 0.9125184 0.9591445 0.9709603
2018 0.96 0.8670565 0.9328538 0.9328538 0.957959 0.9667435
2019 0.96 0.9389071 0.9303721 0.9303721 0.9590592 0.9650928
2020 0.96 0.948193 0.8707634 0.8707634 0.9612334 0.9686105
2021 0.96 0.9574517 0.9516471 0.9516471 0.9619949 0.9619501
2022 0.96 0.9529324 0.9507966 0.9507966 0.9612177 0.9621923
2023 0.96 0.9603686 0.9523408 0.9523408 0.9604955 0.9633691

Naturak Survival by breeding stock
RUS+WAL,EAL+BER,GOA,SEA+NBC,SBC+WA,OR+CA
1970 0.96 0.96 0.96 0.96 0.96
1971 0.96 0.96 0.96 0.96 0.96
1972 0.96 0.96 0.96 0.96 0.96
1973 0.96 0.96 0.96 0.96 0.96
1974 0.96 0.96 0.96 0.96 0.96
1975 0.96 0.96 0.96 0.96 0.96
1976 0.96 0.96 0.96 0.96 0.96
1977 0.96 0.96 0.96 0.96 0.96
1978 0.96 0.96 0.96 0.96 0.96
1979 0.96 0.96 0.96 0.96 0.96
1980 0.96 0.96 0.96 0.96 0.96
1981 0.96 0.96 0.96 0.96 0.96
1982 0.96 0.96 0.96 0.96 0.96
1983 0.96 0.96 0.96 0.96 0.96
1984 0.96 0.96 0.96 0.96 0.96
1985 0.96 0.96 0.96 0.96 0.96
1986 0.96 0.96 0.96 0.96 0.96
1987 0.96 0.96 0.96 0.96 0.96
1988 0.96 0.96 0.96 0.96 0.96
1989 0.96 0.96 0.96 0.96 0.96
1990 0.96 0.96 0.96 0.96 0.96
1991 0.96 0.96 0.96 0.96 0.96
1992 0.96 0.96 0.96 0.96 0.96
1993 0.96 0.96 0.96 0.96 0.96
1994 0.96 0.96 0.96 0.96 0.96
1995 0.96 0.96 0.96 0.96 0.96
1996 0.96 0.96 0.96 0.96 0.96
1997 0.96 0.96 0.96 0.96 0.96
1998 0.96 0.96 0.96 0.96 0.96
1999 0.96 0.96 0.96 0.96 0.96
2000 0.96 0.96 0.96 0.96 0.96
2001 0.96 0.96 0.96 0.96 0.96
2002 0.96 0.96 0.96 0.96 0.96
2003 0.96 0.96 0.96 0.96 0.96
2004 0.96 0.96 0.96 0.96 0.96
2005 0.96 0.96 0.96 0.96 0.96
2006 0.96 0.96 0.96 0.96 0.96
2007 0.96 0.96 0.96 0.96 0.96
2008 0.96 0.96 0.96 0.96 0.96
2009 0.96 0.96 0.96 0.96 0.96
2010 0.96 0.96 0.96 0.96 0.96
2011 0.96 0.96 0.96 0.96 0.96
2012 0.96 0.96 0.96 0.96 0.96
2013 0.96 0.96 0.96 0.96 0.96
2014 0.96 0.96 0.96 0.96 0.96
2015 0.96 0.96 0.96 0.96 0.96
2016 0.96 0.96 0.96 0.96 0.96
2017 0.96 0.96 0.96 0.96 0.96
2018 0.96 0.96 0.96 0.96 0.96
2019 0.96 0.96 0.96 0.96 0.96
2020 0.96 0.96 0.96 0.96 0.96
2021 0.96 0.96 0.96 0.96 0.96
2022 0.96 0.96 0.96 0.96 0.96
2023 0.96 0.96 0.96 0.96 0.96

Fecundity by feeding ground
RUS+WAL,EAL+BER,GOA,SEA+NBC,SBC+WA,OR+CA
1970 0.9567084 0.9605406 0.959446 0.9588005 0.9624203 0.966214
1971 0.956804 0.9606132 0.9594595 0.9589074 0.9624559 0.9662991
1972 0.9537659 0.9579048 0.9564527 0.9558731 0.9601748 0.9649813
1973 0.9505089 0.9553164 0.95357 0.9529953 0.9579964 0.9637483
1974 0.9474341 0.9528527 0.9508186 0.9502787 0.9559227 0.9626233
1975 0.9445228 0.9505061 0.9482017 0.9477127 0.9539478 0.9615817
1976 0.9417763 0.9482713 0.9457046 0.9452891 0.9520876 0.9606187
1977 0.9391864 0.946142 0.9433212 0.9430032 0.9503176 0.9597284
1978 0.9367464 0.9441138 0.9410466 0.9408454 0.9486359 0.9589127
1979 0.9344496 0.94219 0.9388758 0.9388094 0.9470369 0.9581647
1980 0.9323015 0.9403594 0.9368041 0.9368923 0.9455168 0.9574899
1981 0.9302791 0.9386154 0.9348368 0.9350809 0.9440909 0.9568756
1982 0.9274746 0.9362248 0.9321612 0.9325733 0.9421238 0.9559855
1983 0.92398 0.9332483 0.9288334 0.9294347 0.9396657 0.9548513
1984 0.9198687 0.9297485 0.9249332 0.9257438 0.936791 0.9534882
1985 0.9152301 0.9257836 0.9205163 0.9215449 0.93353 0.9519508
1986 0.9101268 0.9214081 0.9156652 0.9169442 0.929927 0.9502631
1987 0.9046387 0.9166753 0.9104198 0.9120362 0.926047 0.9484521
1988 0.8988287 0.9116364 0.9048443 0.9067691 0.9219111 0.9465463
1989 0.8927558 0.9063262 0.8989803 0.9011602 0.9175768 0.9445362
1990 0.8864851 0.9007979 0.8928756 0.8953625 0.9130795 0.9424319
1991 0.8800538 0.895086 0.8865832 0.8894047 0.9084328 0.940339
1992 0.8732978 0.8890439 0.8799275 0.8831514 0.9035282 0.9381471
1993 0.8660729 0.8825411 0.8727805 0.8763405 0.8982615 0.9357899
1994 0.8582679 0.8754806 0.8650232 0.8690088 0.8925468 0.9332159
1995 0.8498019 0.8677821 0.8565736 0.8610158 0.8863207 0.9304196
1996 0.8406217 0.8593912 0.8473856 0.8524093 0.8795349 0.9273532
1997 0.8307114 0.8502759 0.8374378 0.8430617 0.8720785 0.9240253
1998 0.8200661 0.8404896 0.8267093 0.8330201 0.8640522 0.9204417
1999 0.8087015 0.8299576 0.8151985 0.8223172 0.8555036 0.9166148
2000 0.7966622 0.8186592 0.8029422 0.8107995 0.8463038 0.9124088
2001 0.7839825 0.8042599 0.7896417 0.7983194 0.8367667 0.9075272
2002 0.7706928 0.7889465 0.7730391 0.7825942 0.8260362 0.9019945
2003 0.7567686 0.7721799 0.7556662 0.7662662 0.8143551 0.8957514
2004 0.7421983 0.7555302 0.7401553 0.751767 0.8020443 0.8890466
2005 0.726952 0.7372967 0.7227294 0.735462 0.789805 0.8823372
2006 0.7110016 0.719612 0.7091877 0.7228135 0.7755586 0.8767537
2007 0.6943477 0.7020535 0.6902703 0.7043813 0.7592539 0.8745104
2008 0.6769774 0.6839061 0.676258 0.6909008 0.7449084 0.8689605
2009 0.6589379 0.6663299 0.651025 0.6668031 0.7270368 0.862893
2010 0.6402715 0.6543063 0.6364057 0.6537937 0.7100308 0.8562188
2011 0.621049 0.6372001 0.613062 0.6316099 0.6930196 0.8480964
2012 0.6013516 0.6235046 0.6079721 0.6257215 0.672799 0.8394097
2013 0.5826294 0.6050541 0.5882972 0.6068818 0.6519475 0.8284101
2014 0.5602651 0.5873852 0.6013318 0.6189794 0.6328877 0.8163442
2015 0.5459617 0.5685907 0.7053176 0.7180858 0.6138919 0.8046772
2016 0.5247368 0.5798069 0.7065357 0.7193318 0.5952002 0.7941102
2017 0.5028557 0.5766094 0.762821 0.7730946 0.5772492 0.7805158
2018 0.4814521 0.6398075 0.7533914 0.7643532 0.5619486 0.7687249
2019 0.4586716 0.6565787 0.7412831 0.7530168 0.542646 0.7554136
2020 0.438982 0.6392843 0.7305443 0.7434193 0.5252887 0.7408326
2021 0.4199639 0.6188074 0.7415441 0.7540215 0.5040975 0.7250084
2022 0.4015534 0.5940784 0.72243 0.7362688 0.480972 0.7105389
2023 0.3839 0.5725248 0.7061793 0.7209726 0.4609977 0.6953238

Total abundance: Estimate SD_log
1970 1092.045 0.04663682
1971 1372.801 0.04217972
1972 1602.911 0.03983162
1973 1817.125 0.03835247
1974 2023.775 0.03724138
1975 2218.591 0.03643786
1976 2402.832 0.03582852
1977 2576.909 0.03535578
1978 2741.408 0.0349808
1979 2896.672 0.03468043
1980 3043.018 0.03443915
1981 3258.042 0.03375672
1982 3522.699 0.03289912
1983 3830.946 0.03198904
1984 4177.728 0.0311013
1985 4558.177 0.03027448
1986 4968.01 0.02951943
1987 5401.363 0.02884351
1988 5852.912 0.02824314
1989 6322.612 0.02768869
1990 6809.259 0.02716388
1991 7325.03 0.0266516
1992 7878.761 0.02615261
1993 8478.696 0.02567102
1994 9135.693 0.02520423
1995 9849.121 0.02478333
1996 10622.98 0.02442169
1997 11455.02 0.02414553
1998 12347.53 0.02396827
1999 13293.77 0.02392134
2000 14291.57 0.02402546
2001 15428.67 0.02382068
2002 16734.7 0.02334987
2003 18141.88 0.02253921
2004 19502.14 0.02045119
2005 20975.55 0.01924496
2006 22287.93 0.02109633
2007 23732.94 0.02310281
2008 25088.05 0.0242874
2009 26846.32 0.02547958
2010 28148.9 0.02805784
2011 29860.4 0.0298994
2012 30910.94 0.02789802
2013 32612.87 0.03199751
2014 33214.97 0.04146812
2015 30578.97 0.03589706
2016 30537.65 0.03717884
2017 29043.57 0.04321753
2018 28337.09 0.04108551
2019 28802.95 0.03429774
2020 30120.73 0.03370733
2021 30814.09 0.0355923
2022 32559.33 0.03990229
2023 34247.27 0.04436691
2024 35960.6 0.04842337

Breeding stock abundance: Estimate SD_log Estimate/K
Asia
1 79.77887 0.0792631 2.53172
2 100.9224 0.07678589 3.202695
3 117.5041 0.07588074 3.728901
4 130.1456 0.07696062 4.130068
5 144.4142 0.07666679 4.582873
6 157.7778 0.07651123 5.006954
7 170.3888 0.07640067 5.407155
8 182.1868 0.07636292 5.781554
9 193.2086 0.07638297 6.131322
10 203.4889 0.0764516 6.45756
11 213.0525 0.07656466 6.761055
12 227.1974 0.07640773 7.209931
13 244.6659 0.07611472 7.76428
14 265.0256 0.07572734 8.410379
15 287.7717 0.07530513 9.132209
16 312.6389 0.07483431 9.921352
17 339.1834 0.07434891 10.76372
18 367.1979 0.07382879 11.65274
19 396.2947 0.07329985 12.5761
20 426.2074 0.07276531 13.52536
21 456.7092 0.07222868 14.49331
22 488.7369 0.0716717 15.50968
23 523.0576 0.07107178 16.59882
24 560.0598 0.07044366 17.77306
25 600.0924 0.06979297 19.04346
26 643.3651 0.06913259 20.41669
27 689.976 0.06848231 21.89585
28 739.9148 0.06786932 23.48062
29 792.973 0.06733765 25.16438
30 848.9004 0.06692861 26.93919
31 907.5173 0.06668777 28.79935
32 970.4904 0.06663466 30.79776
33 1036.497 0.06684049 32.89243
34 1105.626 0.06738658 35.08618
35 1177.07 0.06831443 37.35341
36 1251.946 0.06974471 39.72952
37 1328.803 0.07173842 42.16852
38 1407.691 0.07436419 44.67199
39 1488.98 0.07767741 47.2516
40 1571.729 0.08162168 49.8776
41 1652.266 0.086038 52.43337
42 1736.89 0.09124818 55.11883
43 1820.027 0.09697958 57.75713
44 1906.309 0.103595 60.49524
45 1980.276 0.1114238 62.84252
46 2083.825 0.118497 66.12857
47 2095.388 0.1288951 66.49548
48 2175.528 0.1377451 69.03869
49 2212.74 0.1467328 70.21958
50 2272.841 0.1566628 72.12683
51 2365.279 0.1659684 75.06029
52 2435.944 0.1769453 77.30278
53 2505.413 0.1879056 79.50733
54 2568.16 0.199123 81.49855
Hawaii
1 685.0624 0.05063872 1.819854
2 864.8518 0.04650634 2.297461
3 1011.192 0.0443994 2.68621
4 1149.866 0.0430131 3.054596
5 1282.217 0.04202405 3.406182
6 1407.792 0.0412981 3.73977
7 1526.947 0.04074452 4.056302
8 1640.003 0.04030976 4.356633
9 1747.217 0.03996138 4.641446
10 1848.96 0.03967555 4.911723
11 1945.361 0.03943974 5.167812
12 2086.168 0.03883143 5.541863
13 2259.226 0.03808332 6.001588
14 2460.738 0.03730097 6.5369
15 2687.597 0.03654514 7.139547
16 2936.296 0.03585165 7.800208
17 3204.834 0.03521823 8.513574
18 3488.839 0.03465963 9.268029
19 3784.685 0.03417511 10.05394
20 4093.542 0.03372329 10.87441
21 4414.48 0.03329186 11.72697
22 4754.135 0.03288525 12.62926
23 5119.896 0.03249733 13.6009
24 5516.179 0.03213951 14.65361
25 5951.13 0.03180071 15.80905
26 6422.755 0.03152211 17.06191
27 6934.744 0.03130953 18.422
28 7484.142 0.0311954 19.88147
29 8073.899 0.03118405 21.44814
30 8699.251 0.03130727 23.10938
31 9358.688 0.03158563 24.86116
32 10104.03 0.03155837 26.84113
33 10977.36 0.03130981 29.16112
34 11912.03 0.03051911 31.64405
35 12791.25 0.02771797 33.97968
36 13753.48 0.02613417 36.53583
37 14593.73 0.02795355 38.76794
38 15618.42 0.02985233 41.49001
39 16502.94 0.0309349 43.83971
40 17729.43 0.03140842 47.09787
41 18549.53 0.03449746 49.27645
42 19700.52 0.03636352 52.33403
43 20254.84 0.03296382 53.80657
44 21324.41 0.03840611 56.64784
45 21356.42 0.05358492 56.7329
46 18432.21 0.04082275 48.96478
47 18141.75 0.04230738 48.19317
48 16448.6 0.04947309 43.69537
49 15796.7 0.04861605 41.96361
50 15990.51 0.04079905 42.47846
51 16664.91 0.03857537 44.26998
52 16715.36 0.04583735 44.404
53 17732.26 0.05048846 47.10538
54 18691.45 0.05505978 49.65345
MX_AR
1 116.8091 0.07190815 1.852209
2 147.4783 0.06896511 2.338523
3 172.7054 0.06743076 2.73854
4 196.4182 0.06647663 3.114548
5 219.4471 0.06573581 3.479711
6 241.3388 0.06518837 3.826842
7 262.1701 0.06476566 4.157157
8 282.001 0.0644274 4.47161
9 300.8807 0.06414875 4.770981
10 318.8556 0.06391438 5.056004
11 335.9211 0.06371754 5.326606
12 360.7124 0.0632747 5.719715
13 391.1327 0.06274559 6.202082
14 426.5622 0.06219809 6.763877
15 466.4506 0.06167248 7.396376
16 510.2689 0.06118767 8.091191
17 557.5152 0.06074888 8.840361
18 607.6353 0.06035485 9.635102
19 660.185 0.05999749 10.46837
20 714.8222 0.05967233 11.33473
21 771.3415 0.05936992 12.23095
22 831.4231 0.05907305 13.18364
23 896.1185 0.05878421 14.2095
24 966.4186 0.05850279 15.32423
25 1043.196 0.05823384 16.54166
26 1126.805 0.05798286 17.86744
27 1217.576 0.05775823 19.30676
28 1315.537 0.0575668 20.86011
29 1420.698 0.05741803 22.52761
30 1532.308 0.05732648 24.29737
31 1650.482 0.05729777 26.17123
32 1789.658 0.05696619 28.3781
33 1944.679 0.05652119 30.83623
34 2112.136 0.05604964 33.49154
35 2277.716 0.05569985 36.1171
36 2457.191 0.05566953 38.96299
37 2625.043 0.05680206 41.62457
38 2799.76 0.05864465 44.39501
39 2971.878 0.06064355 47.12423
40 3169.052 0.06294915 50.25077
41 3319.639 0.06513984 52.63859
42 3514.082 0.06674292 55.7218
43 3654.974 0.06728643 57.95589
44 3853.32 0.06918882 61.10101
45 3982.936 0.07162633 63.15629
46 3910.106 0.07629526 62.00145
47 3896.661 0.07979508 61.78826
48 3836.66 0.08691378 60.83684
49 3586.995 0.08988833 56.87797
50 3570.648 0.07859822 56.61876
51 3735.787 0.07698707 59.23732
52 3881.782 0.07660264 61.55232
53 4109.68 0.07836437 65.16605
54 4322.807 0.08081196 68.54554
MX_ML
1 165.8892 0.06182512 0.6745069
2 205.2466 0.05937872 0.8345341
3 238.4817 0.05794173 0.9696683
4 269.4827 0.05711982 1.095719
5 298.9143 0.05661251 1.215388
6 326.0395 0.0563873 1.325679
7 351.3253 0.05630835 1.428491
8 374.8407 0.0563355 1.524105
9 396.7954 0.05642331 1.613373
10 417.168 0.05657128 1.696208
11 436.0009 0.05676716 1.772783
12 464.3691 0.05668047 1.888128
13 499.4665 0.05648564 2.030834
14 540.4313 0.05626086 2.197398
15 586.4798 0.05605714 2.384631
16 637.0783 0.05588612 2.590365
17 691.3396 0.05577371 2.810992
18 748.5897 0.05571229 3.043772
19 808.1092 0.05570026 3.285778
20 869.5509 0.05573166 3.535601
21 932.8712 0.0557866 3.793061
22 1000.367 0.05582357 4.067498
23 1072.051 0.05590167 4.358967
24 1149.664 0.05598746 4.674541
25 1234.455 0.05608087 5.019304
26 1326.927 0.05617547 5.395294
27 1427.139 0.05629126 5.802758
28 1535.462 0.05641623 6.243198
29 1651.65 0.05656739 6.71562
30 1774.842 0.05674662 7.216523
31 1904.674 0.05696602 7.744418
32 2057.093 0.05696641 8.364157
33 2227.108 0.05675333 9.055437
34 2415.678 0.05654605 9.822165
35 2609.275 0.05642259 10.60933
36 2813.754 0.05675364 11.44074
37 2996.142 0.05802666 12.18234
38 3140.185 0.06079441 12.76802
39 3317.093 0.06111244 13.48733
40 3521.337 0.06135935 14.31779
41 3716.327 0.0610389 15.11061
42 3939.187 0.06098951 16.01676
43 4145.518 0.06041367 16.85571
44 4412.986 0.0602922 17.94324
45 4679.745 0.0600265 19.02788
46 4835.658 0.06008773 19.66182
47 4997.665 0.05983306 20.32054
48 5103.528 0.06115016 20.75098
49 5160.258 0.05886291 20.98165
50 5306.705 0.05667212 21.5771
51 5590.481 0.0570728 22.73094
52 5895.621 0.05790606 23.97164
53 6222.823 0.06081663 25.30205
54 6561.811 0.06460991 26.68038
Central_Am
1 44.50515 0.08944248 1.058399
2 54.30187 0.08793355 1.29138
3 63.0283 0.08711107 1.498907
4 71.21242 0.08668111 1.693538
5 78.78277 0.08658915 1.873572
6 85.64244 0.08665109 2.036705
7 92.00089 0.08678616 2.187918
8 97.87825 0.08697286 2.327691
9 103.3056 0.08719291 2.456761
10 108.1999 0.08752264 2.573155
11 112.6827 0.08786838 2.679763
12 119.5947 0.08798018 2.84414
13 128.2077 0.08798612 3.048971
14 138.1886 0.08801337 3.286331
15 149.4286 0.08802805 3.553635
16 161.8957 0.08804207 3.850121
17 175.1381 0.08813183 4.165045
18 189.101 0.08824009 4.497103
19 203.638 0.08836634 4.842815
20 218.4895 0.0885513 5.196006
21 233.8574 0.08873674 5.561477
22 250.3677 0.08890441 5.954117
23 267.6382 0.08911123 6.364835
24 286.3757 0.08930863 6.810442
25 306.8192 0.0895281 7.296618
26 329.2686 0.08974088 7.830499
27 353.543 0.08998505 8.40778
28 379.9599 0.09023142 9.036013
29 408.3076 0.0905088 9.710164
30 438.4728 0.09080105 10.42754
31 470.2121 0.09113262 11.18234
32 507.3989 0.09169091 12.0667
33 549.0575 0.09178504 13.05741
34 596.4105 0.09192456 14.18353
35 646.8289 0.09199432 15.38256
36 699.1797 0.09262832 16.62754
37 744.2087 0.0944566 17.69839
38 766.8814 0.09874486 18.23758
39 807.1596 0.0982459 19.19546
40 854.7653 0.09780375 20.32759
41 911.135 0.09670514 21.66815
42 969.7192 0.09618577 23.06137
43 1035.58 0.0954494 24.62763
44 1115.851 0.09456997 26.5366
45 1215.586 0.09371779 28.90844
46 1317.168 0.09319677 31.32422
47 1406.186 0.09321988 33.4412
48 1479.251 0.09368824 35.17879
49 1580.395 0.09435126 37.58416
50 1662.242 0.09507611 39.53059
51 1764.269 0.095656 41.95696
52 1885.382 0.09688518 44.83719
53 1989.152 0.1000305 47.305
54 2103.045 0.1041628 50.01354

Feeding stock abundance: Estimate SD_log Estimate/K
RUS+WAL
1 104.2408 0.1011171 1.953287
2 132.7122 0.09866835 2.48679
3 151.0926 0.1003149 2.831207
4 171.6501 0.0997064 3.216417
5 191.0383 0.09928053 3.579718
6 209.4044 0.09893765 3.923866
7 226.7227 0.09867579 4.248381
8 243.0456 0.09847428 4.554243
9 258.4145 0.09832021 4.842228
10 272.872 0.0982057 5.113137
11 286.3728 0.09814931 5.366118
12 306.3011 0.09780779 5.739539
13 330.8509 0.09734064 6.199559
14 359.3714 0.0968023 6.733982
15 391.4148 0.09620051 7.334418
16 426.4144 0.09556806 7.990248
17 464 0.09489902 8.694535
18 503.6674 0.09421354 9.437833
19 545.034 0.09351662 10.21297
20 587.741 0.09281334 11.01322
21 631.3809 0.09211983 11.83096
22 677.5025 0.09139365 12.69519
23 726.9572 0.09064013 13.62189
24 780.4524 0.0898605 14.62429
25 838.4944 0.08906282 15.7119
26 901.4065 0.08826192 16.89076
27 969.346 0.08747949 18.16382
28 1042.232 0.08674954 19.52957
29 1119.941 0.08610675 20.9857
30 1202.228 0.08559184 22.52762
31 1288.667 0.08525538 24.14734
32 1379.329 0.08514053 25.84617
33 1474.199 0.08531141 27.62386
34 1573.568 0.08582448 29.48587
35 1677.54 0.0867485 31.43412
36 1786.288 0.08815136 33.47186
37 1899.915 0.09010846 35.60103
38 2018.279 0.09268478 37.81897
39 2141.321 0.09593239 40.12455
40 2268.523 0.09989799 42.50809
41 2399.429 0.1046071 44.96105
42 2533.449 0.1100643 47.47234
43 2669.98 0.1162661 50.03069
44 2798.619 0.1235524 52.44114
45 2953.287 0.1305119 55.33936
46 3047.524 0.1405975 57.1052
47 3195.522 0.1487777 59.8784
48 3343.133 0.1575706 62.64438
49 3486.083 0.1670631 65.32301
50 3638.24 0.1765295 68.17416
51 3766.471 0.1873494 70.57698
52 3891.443 0.1983771 72.91874
53 4011.69 0.2095239 75.17195
54 4126.119 0.2206946 77.31614
EAL+BER
1 278.1593 0.08896046 1.470579
2 354.4769 0.08638383 1.874057
3 415.6648 0.08515335 2.197547
4 473.8979 0.0843737 2.505415
5 529.329 0.08384741 2.798469
6 582.1323 0.083473 3.077631
7 632.423 0.08319681 3.343509
8 680.3451 0.0829861 3.596865
9 725.9876 0.08282243 3.838169
10 769.256 0.08271471 4.066921
11 810.4251 0.08263242 4.284575
12 870.3359 0.08233007 4.601313
13 943.9566 0.08194284 4.990532
14 1029.782 0.08153055 5.444278
15 1126.418 0.08113019 5.955176
16 1232.576 0.08075901 6.516414
17 1347.054 0.08042185 7.121636
18 1468.676 0.08011798 7.764629
19 1596.308 0.07984788 8.4394
20 1729.237 0.07959279 9.142171
21 1866.253 0.07936291 9.86655
22 2011.926 0.07913636 10.6367
23 2169.055 0.07891396 11.46741
24 2340.019 0.0786933 12.37127
25 2526.439 0.07848183 13.35684
26 2729.604 0.07828206 14.43093
27 2950.219 0.07810063 15.59729
28 3188.506 0.07794495 16.85707
29 3442.543 0.07786322 18.20012
30 3713.894 0.0778114 19.6347
31 4002.706 0.07778138 21.1616
32 4362.622 0.07647442 23.06441
33 4748.64 0.07512143 25.10522
34 5170.272 0.07379972 27.33431
35 5592.112 0.07189855 29.56451
36 6050.497 0.07054968 31.98791
37 6498.875 0.07336664 34.35841
38 6944.087 0.07770303 36.71216
39 7401.909 0.08254467 39.13259
40 7846.294 0.08757044 41.48198
41 8166.359 0.09161495 43.1741
42 8595.515 0.09441639 45.44297
43 8948.293 0.09590646 47.30805
44 9403.048 0.09856577 49.71226
45 9840.725 0.1010107 52.02618
46 10297.28 0.1040518 54.43992
47 10071.35 0.1108071 53.24547
48 10164.39 0.1194663 53.73733
49 8749.136 0.1430104 46.25514
50 8326.358 0.119369 44.01998
51 8700.102 0.1127162 45.99591
52 9172.844 0.1122982 48.49521
53 9750.134 0.1127083 51.54724
54 10254.36 0.1148458 54.21298
GOA
1 111.4489 0.07517454 1.608454
2 142.7235 0.07202434 2.059815
3 167.6825 0.07059294 2.420029
4 191.4994 0.06965138 2.763759
5 214.2298 0.06898571 3.091809
6 235.8344 0.06851496 3.403611
7 256.4514 0.06814873 3.70116
8 276.131 0.06785285 3.98518
9 294.9123 0.06760713 4.256236
10 312.8364 0.06739833 4.51492
11 329.9422 0.06721762 4.761794
12 354.5794 0.06684325 5.117364
13 384.7093 0.06641095 5.552205
14 419.8159 0.06596023 6.058871
15 459.2286 0.06554069 6.627683
16 502.5096 0.06515182 7.252324
17 548.9581 0.06482046 7.922678
18 598.2851 0.06451844 8.634575
19 649.9586 0.06425114 9.380338
20 703.6625 0.064004 10.1554
21 759.0145 0.06377426 10.95426
22 817.7177 0.06355739 11.80147
23 881.0304 0.06334601 12.71522
24 949.7579 0.06315145 13.7071
25 1024.664 0.0629738 14.78817
26 1106.201 0.06282207 15.96492
27 1194.518 0.06271186 17.23953
28 1289.571 0.06265888 18.61136
29 1391.353 0.06267029 20.08029
30 1499.703 0.06275634 21.64402
31 1614.128 0.06293819 23.29544
32 1737.431 0.06260889 25.07496
33 1888.883 0.06223027 27.26075
34 2048.784 0.06154643 29.56848
35 2193.931 0.06065807 31.66326
36 2354.385 0.06001369 33.97897
37 2483.437 0.0627491 35.84148
38 2655.084 0.06404234 38.31873
39 2788.41 0.06490077 40.24292
40 3012.931 0.06386904 43.48325
41 3152.121 0.06709523 45.49207
42 3361.647 0.06832917 48.51599
43 3419.169 0.06526781 49.34616
44 3593.654 0.07126982 51.86437
45 3496.4 0.09561107 50.46077
46 2636.324 0.071674 38.04798
47 2583.117 0.07211149 37.28008
48 2109.569 0.07613882 30.44575
49 2145.651 0.08491094 30.96648
50 2243.249 0.07327087 32.37504
51 2338.514 0.06866713 33.74993
52 2246.846 0.1018796 32.42696
53 2398.026 0.106773 34.60881
54 2533.153 0.1115309 36.55899
SEA+NBC
1 402.2032 0.06210894 1.689755
2 511.4181 0.05880762 2.148594
3 597.1535 0.05744865 2.508789
4 678.0706 0.05664646 2.848742
5 754.4575 0.05615573 3.169662
6 826.6106 0.05585045 3.472795
7 894.7543 0.05566417 3.759083
8 959.0031 0.05556464 4.029008
9 1019.633 0.05552233 4.283729
10 1076.822 0.05552252 4.523994
11 1130.637 0.05556045 4.750084
12 1210.148 0.0553453 5.084128
13 1308.023 0.05504512 5.495328
14 1422.255 0.0547212 5.975243
15 1550.623 0.0544232 6.514549
16 1692.05 0.05414391 7.108719
17 1843.356 0.05393514 7.744392
18 2001.759 0.05381942 8.409883
19 2169.336 0.05369223 9.113916
20 2345.749 0.05353466 9.855068
21 2526.192 0.05343062 10.61316
22 2717.128 0.05335452 11.41533
23 2921.59 0.05332192 12.27432
24 3146.785 0.05326365 13.22042
25 3390.214 0.05327445 14.24313
26 3655.463 0.05332974 15.3575
27 3939.979 0.05348963 16.55282
28 4247.204 0.05371892 17.84355
29 4574.854 0.0540571 19.22009
30 4921.349 0.05452524 20.6758
31 5291.312 0.05507473 22.23011
32 5689.27 0.05543253 23.90203
33 6182.761 0.055621 25.9753
34 6699.883 0.05512373 28.14786
35 7167.27 0.05140298 30.11147
36 7684.213 0.04921335 32.28327
37 8100.138 0.05211741 34.03068
38 8676.637 0.05411621 36.45269
39 9118.44 0.05522511 38.30881
40 9856.267 0.0541394 41.40861
41 10285.19 0.05766645 43.2106
42 10972.78 0.05896426 46.09936
43 11198.11 0.05417404 47.04602
44 11770.2 0.06149323 49.44953
45 11465.51 0.08809768 48.16942
46 8646.092 0.05974558 36.32436
47 8452.316 0.05976868 35.51026
48 6898.352 0.06485785 28.98168
49 7003.449 0.07344137 29.42321
50 7318.521 0.05950021 30.74691
51 7611.872 0.05401892 31.97935
52 7310.312 0.09163419 30.71243
53 7790.456 0.0975954 32.72962
54 8229.894 0.1030182 34.57581
SBC+WA
1 42.51593 0.1225158 1.233815
2 54.34889 0.1204705 1.577208
3 63.73389 0.1196236 1.849561
4 72.66529 0.1190853 2.108751
5 81.16793 0.1187186 2.355498
6 89.26618 0.1184535 2.59051
7 96.87948 0.1183747 2.811448
8 104.1253 0.1183294 3.021723
9 111.0087 0.1183098 3.22148
10 117.5531 0.1183062 3.411398
11 123.7744 0.118314 3.59194
12 132.7696 0.1182219 3.852982
13 143.8492 0.1180436 4.174512
14 156.7921 0.1178166 4.550116
15 171.2815 0.1176361 4.970599
16 187.2118 0.1174418 5.432898
17 204.4067 0.1172373 5.931893
18 222.5893 0.1170767 6.459556
19 241.6937 0.1169031 7.013967
20 261.4743 0.1167597 7.588001
21 281.7928 0.116639 8.177643
22 303.4196 0.1164801 8.805256
23 326.7111 0.1163131 9.481176
24 352.0096 0.1161314 10.21534
25 379.5882 0.1159287 11.01567
26 409.628 0.1157015 11.88743
27 442.254 0.1154457 12.83424
28 477.9052 0.1150629 13.86884
29 516.0181 0.1146984 14.97488
30 556.3114 0.1143856 16.14419
31 599.3552 0.1139792 17.39332
32 643.9301 0.1082083 18.68689
33 693.6167 0.1031665 20.1288
34 747.7364 0.09885447 21.69936
35 804.9632 0.09468664 23.36008
36 861.881 0.0909085 25.01184
37 927.595 0.08879531 26.91886
38 1003.091 0.08634137 29.10977
39 1069.142 0.08524386 31.02657
40 1151.752 0.08357268 33.4239
41 1229.56 0.08282443 35.68191
42 1307.305 0.08295189 37.93808
43 1399.831 0.08264246 40.62317
44 1494.305 0.08303795 43.36482
45 1580.209 0.08377573 45.85776
46 1665.983 0.08504524 48.34692
47 1750.586 0.08644744 50.80211
48 1831.063 0.08772657 53.13757
49 1898.452 0.09057582 55.09318
50 1985.627 0.09208013 57.62303
51 2061.195 0.09535934 59.816
52 2154.385 0.09866533 62.52038
53 2254.483 0.1026833 65.42522
54 2338.811 0.1082973 67.87244
OR+CA
1 132.0766 0.05051436 0.755949
2 167.2214 0.0452884 0.9571028
3 194.2841 0.04288251 1.111998
4 219.5419 0.04134409 1.256563
5 242.4528 0.04042913 1.387694
6 263.6427 0.03984333 1.508976
7 283.2009 0.03948176 1.620919
8 301.2594 0.03927776 1.724278
9 317.7514 0.03920558 1.818671
10 332.8327 0.03922718 1.90499
11 346.3672 0.03934737 1.982455
12 367.5082 0.03896156 2.103457
13 393.81 0.03837447 2.253998
14 424.6296 0.03771608 2.430395
15 459.7618 0.03704146 2.631477
16 498.0152 0.03645821 2.850423
17 538.9358 0.03598016 3.084634
18 581.9869 0.03561049 3.33104
19 626.5809 0.03535125 3.586277
20 673.0489 0.03514882 3.85224
21 721.2259 0.03498863 4.127984
22 770.7352 0.03492753 4.411353
23 823.818 0.03489793 4.715177
24 881.6723 0.03488971 5.046309
25 945.1927 0.03490683 5.409873
26 1014.219 0.03498699 5.80495
27 1089.662 0.03512147 6.23675
28 1171.098 0.03533759 6.702859
29 1258.218 0.03565026 7.201491
30 1350.589 0.03606667 7.730186
31 1451.404 0.03649731 8.307205
32 1566.784 0.03899531 8.96759
33 1697.698 0.04001796 9.716887
34 1845.236 0.04082733 10.56133
35 2004.823 0.04141795 11.47473
36 2165.686 0.04284286 12.39544
37 2303.968 0.04799179 13.18691
38 2371.16 0.05565055 13.57149
39 2501.827 0.05360864 14.31937
40 2648.45 0.05246628 15.15858
41 2808.246 0.04976017 16.07318
42 3003.001 0.0481499 17.18787
43 3212.159 0.04581214 18.385
44 3471.243 0.04285478 19.86789
45 3750.339 0.04043763 21.46531
46 4017.061 0.03896678 22.99191
47 4254.353 0.03863484 24.35007
48 4574.462 0.0383022 26.18223
49 4848.622 0.03960116 27.7514
50 5163.951 0.04109573 29.55621
51 5507.271 0.0423143 31.52123
52 5873.455 0.04475405 33.6171
53 6217.84 0.05111949 35.58821
54 6577.44 0.0592681 37.64641

Parameters: Estimate  Std. Error      z value    Pr(>|z^2|)
rval 0.09108981 0.00173744 52.42761467 0
logK 8.05552994 0.65806378 12.24126012 0
logK 10.53592383 0.29222892 36.05366576 0
logK 8.74933217 0.70894544 12.34133356 0
logK 10.11026387 0.46936884 21.54012595 0
logK 8.34401786 0.97545029 8.55401646 0
logBK 3.70065433 0.71436273 5.18035753 2.2e-07
logBK 4.03772019 0.30079461 13.42351225 0
logBK 4.01978366 0.72897981 5.51425923 4e-08
logBK 5.0412892 0.47621245 10.58621891 0
logBK 4.58707202 0.97687519 4.69565824 2.66e-06
MixPars -1.79597669 0.29590462 -6.06944455 0
MixPars -3.04630558 0.21068056 -14.45935779 0
MixPars -0.81487098 0.12630117 -6.45180882 0
MixPars -1.47983906 0.08810594 -16.79613344 0
MixPars -2.66406134 0.13890792 -19.17861333 0
MixPars -1.65039205 0.24333204 -6.78246903 0
MixPars -1.09151347 0.1830354 -5.96340077 0
MixPars -1.65697561 0.28828958 -5.74760832 1e-08
MixPars -3.15607934 0.29033717 -10.8703937 0
MixPars -1.80122674 0.24985351 -7.20913117 0
MixPars -1.76531487 0.3691646 -4.78191804 1.74e-06
MixPars -1.7351465 0.33477443 -5.18303168 2.2e-07
MixPars -1.01866811 0.40671935 -2.50459711 0.01225909
MixPars -1.31591503 0.2401511 -5.47952937 4e-08
MixPars 0.79448375 0.18291886 4.34336699 1.403e-05
MixPars -2.69918882 0.27251331 -9.9047963 0
AddV 0.12947391 0.05539252 2.33738954 0.01941894
AddV 0.0162094 0.00525085 3.08700699 0.00202183
AddV 0.02231129 0.01541545 1.4473335 0.14780354
omega_sst 0.10196872 0.24868738 0.41002773 0.6817856
omega_sst 0.70067448 0.73142119 0.95796307 0.33808138
omega_sst 0.30209773 1.31520102 0.229697 0.81832723
omega_sst -0.20051526 0.24701127 -0.81176564 0.41692612
omega_mld 0.21642379 0.25575838 0.84620412 0.39743889
omega_mld -0.20268122 0.66472014 -0.30491211 0.7604331
omega_mld 0.29379495 0.8878939 0.33088971 0.7407278
omega_mld -0.02435264 0.46347459 -0.05254363 0.95809553
SFsigma 0.74153445 0.07428277 9.98259079 0

Mixing matrix
0.85765847 0.14234153 0 0 0 0 ,# Asia
0.02659153 0.24765269 0.12736529 0.55941875 0.03897175 0 ,# Hawaii
0.09967084 0.51918756 0.17429543 0.09901681 0.02211345 0.08571591 ,# MX_AR
0.0408421 0.23865724 0.04209302 0.08617329 0.06401474 0.52821961 ,# MX_ML
0 0 0 0 0.06302124 0.93697876 ,# Central_Am

Split of breeding stock to feeding grounds over time
Split for: Asia
Year RUS+WAL EAL+BER GOA SEA+NBC SBC+WA OR+CA
1970 0.85883 0.14117 0 0 0 0
1971 0.85932 0.14068 0 0 0 0
1972 0.8563 0.1437 0 0 0 0
1973 0.85646 0.14354 0 0 0 0
1974 0.85659 0.14341 0 0 0 0
1975 0.8567 0.1433 0 0 0 0
1976 0.85681 0.14319 0 0 0 0
1977 0.8569 0.1431 0 0 0 0
1978 0.85699 0.14301 0 0 0 0
1979 0.8571 0.1429 0 0 0 0
1980 0.85721 0.14279 0 0 0 0
1981 0.85729 0.14271 0 0 0 0
1982 0.85734 0.14266 0 0 0 0
1983 0.85738 0.14262 0 0 0 0
1984 0.8574 0.1426 0 0 0 0
1985 0.8574 0.1426 0 0 0 0
1986 0.85739 0.14261 0 0 0 0
1987 0.85737 0.14263 0 0 0 0
1988 0.85734 0.14266 0 0 0 0
1989 0.85729 0.14271 0 0 0 0
1990 0.85724 0.14276 0 0 0 0
1991 0.85718 0.14282 0 0 0 0
1992 0.85712 0.14288 0 0 0 0
1993 0.85704 0.14296 0 0 0 0
1994 0.85695 0.14305 0 0 0 0
1995 0.85685 0.14315 0 0 0 0
1996 0.85674 0.14326 0 0 0 0
1997 0.85661 0.14339 0 0 0 0
1998 0.85654 0.14346 0 0 0 0
1999 0.85643 0.14357 0 0 0 0
2000 0.85627 0.14373 0 0 0 0
2001 0.85453 0.14547 0 0 0 0
2002 0.85277 0.14723 0 0 0 0
2003 0.85079 0.14921 0 0 0 0
2004 0.84948 0.15052 0 0 0 0
2005 0.84796 0.15204 0 0 0 0
2006 0.84723 0.15277 0 0 0 0
2007 0.84703 0.15297 0 0 0 0
2008 0.84698 0.15302 0 0 0 0
2009 0.84746 0.15254 0 0 0 0
2010 0.8501 0.1499 0 0 0 0
2011 0.85106 0.14894 0 0 0 0
2012 0.85318 0.14682 0 0 0 0
2013 0.85385 0.14615 0 0 0 0
2014 0.85485 0.14515 0 0 0 0
2015 0.85546 0.14454 0 0 0 0
2016 0.8642 0.1358 0 0 0 0
2017 0.86869 0.13131 0 0 0 0
2018 0.88943 0.11057 0 0 0 0
2019 0.89826 0.10174 0 0 0 0
2020 0.89794 0.10206 0 0 0 0
2021 0.89664 0.10336 0 0 0 0
2022 0.89437 0.10563 0 0 0 0
2023 0.89288 0.10712 0 0 0 0
2024 0.89057 0.10943 0 0 0 0
Split for: Hawaii
Year RUS+WAL EAL+BER GOA SEA+NBC SBC+WA OR+CA
1970 0.027 0.24906 0.12583 0.55862 0.03948 0
1971 0.02714 0.24931 0.12647 0.5574 0.03967 0
1972 0.02657 0.25016 0.12705 0.5564 0.03983 0
1973 0.02667 0.25079 0.1275 0.5551 0.03995 0
1974 0.02676 0.2514 0.12792 0.55386 0.04007 0
1975 0.02685 0.252 0.12827 0.5527 0.04019 0
1976 0.02693 0.2526 0.12861 0.55159 0.04026 0
1977 0.02702 0.25321 0.12896 0.55048 0.04034 0
1978 0.0271 0.2538 0.12929 0.54939 0.04041 0
1979 0.02719 0.25435 0.12963 0.54834 0.04049 0
1980 0.02727 0.2549 0.12997 0.54728 0.04058 0
1981 0.02735 0.25547 0.13027 0.54627 0.04064 0
1982 0.02742 0.25606 0.13054 0.54527 0.04071 0
1983 0.02749 0.25663 0.13079 0.5443 0.04078 0
1984 0.02756 0.25722 0.13102 0.54337 0.04083 0
1985 0.02762 0.25773 0.1312 0.54258 0.04088 0
1986 0.02767 0.2583 0.13136 0.54171 0.04095 0
1987 0.02774 0.25899 0.13159 0.54065 0.04102 0
1988 0.0278 0.25953 0.13173 0.53986 0.04108 0
1989 0.02783 0.25992 0.13178 0.53937 0.0411 0
1990 0.02786 0.26036 0.13186 0.53879 0.04113 0
1991 0.0279 0.26082 0.13194 0.53819 0.04116 0
1992 0.02794 0.26132 0.13205 0.53749 0.0412 0
1993 0.02796 0.26169 0.13207 0.53707 0.04122 0
1994 0.02798 0.26213 0.13212 0.53652 0.04125 0
1995 0.02801 0.26255 0.13217 0.536 0.04128 0
1996 0.02804 0.26308 0.13225 0.5353 0.04133 0
1997 0.02806 0.26358 0.1323 0.53465 0.04141 0
1998 0.02809 0.26403 0.13237 0.53402 0.04149 0
1999 0.02812 0.26457 0.13246 0.5333 0.04156 0
2000 0.02814 0.26505 0.13246 0.53272 0.04163 0
2001 0.02803 0.26777 0.1321 0.53064 0.04146 0
2002 0.0277 0.26834 0.13216 0.53067 0.04113 0
2003 0.02738 0.26946 0.13216 0.53011 0.0409 0
2004 0.02732 0.2716 0.13183 0.52822 0.04104 0
2005 0.02718 0.2735 0.13161 0.52681 0.0409 0
2006 0.02737 0.27697 0.13083 0.52333 0.04151 0
2007 0.02729 0.27654 0.13065 0.52357 0.04195 0
2008 0.02754 0.27922 0.12991 0.52096 0.04236 0
2009 0.02728 0.27557 0.13064 0.52402 0.04249 0
2010 0.02775 0.27464 0.13081 0.52335 0.04344 0
2011 0.02771 0.27214 0.13128 0.52538 0.04349 0
2012 0.02852 0.27544 0.12976 0.521 0.04528 0
2013 0.02866 0.27527 0.12963 0.52048 0.04597 0
2014 0.03024 0.28809 0.1261 0.50692 0.04863 3e-05
2015 0.03692 0.35003 0.11027 0.44329 0.0595 0
2016 0.03942 0.3476 0.10966 0.43982 0.0635 0
2017 0.0456 0.38681 0.09871 0.39563 0.07325 0
2018 0.0498 0.34738 0.10471 0.41887 0.07925 0
2019 0.05137 0.32649 0.10809 0.43217 0.08188 0
2020 0.05136 0.32757 0.10813 0.4313 0.08163 0
2021 0.05329 0.34471 0.10364 0.4132 0.08516 0
2022 0.05208 0.34517 0.10416 0.41463 0.08395 0
2023 0.05127 0.34515 0.10456 0.41621 0.08281 0
2024 0.05029 0.34679 0.10448 0.41646 0.08198 0
Split for: MX_AR
Year RUS+WAL EAL+BER GOA SEA+NBC SBC+WA OR+CA
1970 0.10123 0.52222 0.17223 0.09889 0.02241 0.08303
1971 0.10157 0.52186 0.17281 0.09851 0.02247 0.08278
1972 0.0994 0.52355 0.17357 0.09832 0.02256 0.08259
1973 0.09959 0.52387 0.17384 0.0979 0.02259 0.08222
1974 0.09978 0.5243 0.17414 0.09752 0.02262 0.08164
1975 0.09996 0.52479 0.17436 0.09718 0.02265 0.08106
1976 0.10014 0.52529 0.17458 0.09684 0.02266 0.08049
1977 0.10032 0.5258 0.1748 0.09651 0.02267 0.0799
1978 0.10049 0.52631 0.17502 0.09619 0.02268 0.07931
1979 0.10067 0.52677 0.17525 0.09588 0.0227 0.07872
1980 0.10085 0.52727 0.1755 0.09558 0.02272 0.07808
1981 0.10102 0.52782 0.17569 0.09529 0.02272 0.07746
1982 0.10118 0.5284 0.17584 0.095 0.02273 0.07685
1983 0.10132 0.52897 0.17598 0.09472 0.02275 0.07627
1984 0.10144 0.52952 0.17606 0.09444 0.02275 0.07579
1985 0.10154 0.53004 0.17613 0.09421 0.02276 0.07532
1986 0.10164 0.53062 0.17615 0.09395 0.02277 0.07487
1987 0.10174 0.53123 0.17619 0.09363 0.02277 0.07444
1988 0.10183 0.53179 0.17619 0.09339 0.02278 0.07401
1989 0.10188 0.53228 0.17616 0.09325 0.02278 0.07364
1990 0.10193 0.53274 0.17612 0.09308 0.02278 0.07336
1991 0.10198 0.53327 0.17609 0.0929 0.02278 0.07297
1992 0.10203 0.53382 0.17608 0.0927 0.02278 0.07259
1993 0.10206 0.53431 0.17602 0.09258 0.02278 0.07225
1994 0.10208 0.5348 0.17596 0.09242 0.02278 0.07197
1995 0.10208 0.53527 0.17589 0.09226 0.02278 0.07171
1996 0.10209 0.53577 0.17581 0.09204 0.02278 0.07151
1997 0.10207 0.53626 0.1757 0.09184 0.0228 0.07133
1998 0.10208 0.53665 0.17562 0.09164 0.02283 0.07118
1999 0.10208 0.53711 0.17553 0.09141 0.02284 0.07103
2000 0.10203 0.53753 0.17535 0.09121 0.02285 0.07102
2001 0.1012 0.54068 0.17411 0.09046 0.02266 0.07089
2002 0.10001 0.54193 0.17423 0.09048 0.02248 0.07087
2003 0.09875 0.54355 0.17401 0.09028 0.02233 0.07108
2004 0.09808 0.54546 0.17281 0.08956 0.02231 0.07178
2005 0.09728 0.54748 0.17196 0.08903 0.02216 0.07208
2006 0.09731 0.55075 0.16981 0.08786 0.02234 0.07192
2007 0.09738 0.55197 0.17022 0.08823 0.02266 0.06955
2008 0.09778 0.55446 0.16839 0.08734 0.02277 0.06927
2009 0.0976 0.55136 0.17061 0.08852 0.02301 0.06891
2010 0.09912 0.54859 0.17057 0.08826 0.02349 0.06997
2011 0.09932 0.54555 0.17179 0.08892 0.0236 0.07082
2012 0.10114 0.54631 0.168 0.08725 0.02431 0.073
2013 0.10139 0.54467 0.16742 0.08695 0.02462 0.07495
2014 0.10368 0.5525 0.15786 0.08208 0.02524 0.07863
2015 0.11138 0.59067 0.12146 0.06316 0.02718 0.08616
2016 0.11766 0.58032 0.1195 0.06199 0.02869 0.09183
2017 0.12517 0.59388 0.09893 0.05128 0.03044 0.1003
2018 0.14044 0.54796 0.10782 0.05579 0.03383 0.11416
2019 0.14723 0.52342 0.11311 0.0585 0.03553 0.12222
2020 0.14651 0.52264 0.11261 0.0581 0.03525 0.12488
2021 0.14679 0.53113 0.10424 0.05375 0.03552 0.12857
2022 0.14385 0.53324 0.10504 0.05408 0.0351 0.12869
2023 0.14177 0.53385 0.10556 0.05435 0.03467 0.1298
2024 0.13887 0.53555 0.10533 0.0543 0.03427 0.1317
Split for: MX_ML
Year RUS+WAL EAL+BER GOA SEA+NBC SBC+WA OR+CA
1970 0.04208 0.24353 0.0422 0.08731 0.0658 0.51908
1971 0.04229 0.24375 0.04241 0.08711 0.06611 0.51834
1972 0.04143 0.24478 0.04264 0.08703 0.06643 0.51769
1973 0.0416 0.24551 0.0428 0.08686 0.06666 0.51655
1974 0.04183 0.24659 0.04303 0.08684 0.06699 0.51472
1975 0.04206 0.24767 0.04323 0.08683 0.06732 0.51289
1976 0.04228 0.24879 0.04344 0.08684 0.06759 0.51105
1977 0.04251 0.24993 0.04365 0.08685 0.06787 0.50918
1978 0.04274 0.2511 0.04387 0.08688 0.06815 0.50727
1979 0.04297 0.25224 0.04409 0.08692 0.06845 0.50533
1980 0.04322 0.25348 0.04433 0.08699 0.06878 0.5032
1981 0.04346 0.25473 0.04455 0.08707 0.06906 0.50113
1982 0.04369 0.25597 0.04475 0.08713 0.06936 0.49909
1983 0.04391 0.25718 0.04495 0.08719 0.06965 0.49711
1984 0.0441 0.25823 0.04511 0.0872 0.06987 0.4955
1985 0.04427 0.25925 0.04526 0.08724 0.0701 0.49388
1986 0.04444 0.26027 0.04539 0.08725 0.07033 0.49231
1987 0.04461 0.26129 0.04553 0.08719 0.07055 0.49084
1988 0.04477 0.26228 0.04565 0.08721 0.07077 0.48933
1989 0.04489 0.26312 0.04575 0.08728 0.07092 0.48803
1990 0.045 0.26383 0.04582 0.08727 0.07103 0.48704
1991 0.04513 0.26474 0.04593 0.08732 0.07122 0.48566
1992 0.04526 0.26565 0.04604 0.08734 0.07139 0.48431
1993 0.04537 0.26647 0.04612 0.08742 0.07154 0.48308
1994 0.04546 0.26719 0.04619 0.08742 0.07167 0.48208
1995 0.04554 0.26788 0.04625 0.08742 0.07179 0.48112
1996 0.0456 0.2685 0.04629 0.08733 0.07189 0.48039
1997 0.04565 0.26904 0.04631 0.08723 0.07204 0.47973
1998 0.0457 0.26949 0.04633 0.08713 0.07219 0.47917
1999 0.04574 0.26999 0.04636 0.08699 0.07229 0.47864
2000 0.04572 0.27021 0.04631 0.08681 0.07233 0.47862
2001 0.04541 0.27214 0.04604 0.08621 0.07183 0.47837
2002 0.0449 0.27293 0.0461 0.08628 0.0713 0.47849
2003 0.04429 0.27349 0.046 0.086 0.07075 0.47946
2004 0.0438 0.27327 0.04549 0.08495 0.07038 0.48212
2005 0.04338 0.27389 0.0452 0.08433 0.06982 0.48338
2006 0.04342 0.27565 0.04465 0.08325 0.07041 0.4826
2007 0.04406 0.28014 0.04539 0.08478 0.07243 0.4732
2008 0.0443 0.28182 0.04497 0.08405 0.07287 0.47199
2009 0.04429 0.28069 0.04563 0.08532 0.07377 0.4703
2010 0.04463 0.27712 0.04527 0.08441 0.07472 0.47385
2011 0.04448 0.27405 0.04534 0.08457 0.07465 0.47692
2012 0.0446 0.27024 0.04366 0.08171 0.07573 0.48407
2013 0.04414 0.26602 0.04296 0.0804 0.07572 0.49076
2014 0.04409 0.26356 0.03956 0.07413 0.07584 0.50283
2015 0.04514 0.26855 0.02901 0.05436 0.07781 0.52512
2016 0.04606 0.25485 0.02757 0.05154 0.07935 0.54062
2017 0.04667 0.2484 0.02174 0.04061 0.08017 0.5624
2018 0.04855 0.21249 0.02197 0.04096 0.08262 0.59342
2019 0.04885 0.1948 0.02212 0.04122 0.08327 0.60975
2020 0.04804 0.19225 0.02176 0.04046 0.08166 0.61582
2021 0.04731 0.19204 0.0198 0.0368 0.08087 0.62317
2022 0.04637 0.19284 0.01996 0.03703 0.07994 0.62386
2023 0.04551 0.19225 0.01997 0.03706 0.07862 0.62659
2024 0.04423 0.19135 0.01977 0.03673 0.0771 0.63081
Split for: Central_Am
Year RUS+WAL EAL+BER GOA SEA+NBC SBC+WA OR+CA
1970 0 0 0 0 0.06573 0.93427
1971 0 0 0 0 0.0661 0.9339
1972 0 0 0 0 0.06648 0.93352
1973 0 0 0 0 0.06684 0.93316
1974 0 0 0 0 0.06737 0.93263
1975 0 0 0 0 0.0679 0.9321
1976 0 0 0 0 0.06838 0.93162
1977 0 0 0 0 0.06888 0.93112
1978 0 0 0 0 0.06939 0.93061
1979 0 0 0 0 0.06992 0.93008
1980 0 0 0 0 0.07051 0.92949
1981 0 0 0 0 0.07105 0.92895
1982 0 0 0 0 0.0716 0.9284
1983 0 0 0 0 0.07215 0.92785
1984 0 0 0 0 0.07258 0.92742
1985 0 0 0 0 0.07302 0.92698
1986 0 0 0 0 0.07346 0.92654
1987 0 0 0 0 0.07387 0.92613
1988 0 0 0 0 0.0743 0.9257
1989 0 0 0 0 0.07464 0.92536
1990 0 0 0 0 0.07488 0.92512
1991 0 0 0 0 0.07526 0.92474
1992 0 0 0 0 0.07563 0.92437
1993 0 0 0 0 0.07595 0.92405
1994 0 0 0 0 0.07622 0.92378
1995 0 0 0 0 0.07648 0.92352
1996 0 0 0 0 0.07669 0.92331
1997 0 0 0 0 0.07694 0.92306
1998 0 0 0 0 0.07716 0.92284
1999 0 0 0 0 0.07734 0.92266
2000 0 0 0 0 0.07739 0.92261
2001 0 0 0 0 0.07692 0.92308
2002 0 0 0 0 0.07639 0.92361
2003 0 0 0 0 0.0757 0.9243
2004 0 0 0 0 0.07494 0.92506
2005 0 0 0 0 0.07421 0.92579
2006 0 0 0 0 0.07491 0.92509
2007 0 0 0 0 0.0783 0.9217
2008 0 0 0 0 0.07892 0.92108
2009 0 0 0 0 0.08009 0.91991
2010 0 0 0 0 0.08047 0.91953
2011 0 0 0 0 0.07993 0.92007
2012 0 0 0 0 0.07989 0.92011
2013 0 0 0 0 0.07888 0.92112
2014 0 0 0 0 0.07724 0.92276
2015 0 0 0 0 0.07599 0.92401
2016 0 0 0 0 0.07532 0.92468
2017 0 0 0 0 0.07332 0.92668
2018 0 0 0 0 0.07173 0.92827
2019 0 0 0 0 0.07045 0.92955
2020 0 0 0 0 0.06855 0.93145
2021 0 0 0 0 0.06719 0.93281
2022 0 0 0 0 0.0664 0.9336
2023 0 0 0 0 0.0651 0.9349
2024 0 0 0 0 0.06353 0.93647

Difference in mortality over time
Difference for: Asia
Year RUS+WAL EAL+BER GOA SEA+NBC SBC+WA OR+CA
1970 0 0 0 0 0 0
1971 0 0 0 0 0 0
1972 0 0 0 0 0 0
1973 0 0 0 0 0 0
1974 0 0 0 0 0 0
1975 0 0 0 0 0 0
1976 0 0 0 0 0 0
1977 0 0 0 0 0 0
1978 0 0 0 0 0 0
1979 0 0 0 0 0 0
1980 0 0 0 0 0 0
1981 0 0 0 0 0 0
1982 0 0 0 0 0 0
1983 0 0 0 0 0 0
1984 0 0 0 0 0 0
1985 0 0 0 0 0 0
1986 0 0 0 0 0 0
1987 0 0 0 0 0 0
1988 0 0 0 0 0 0
1989 0 0 0 0 0 0
1990 0 0 0 0 0 0
1991 0 0 0 0 0 0
1992 0 0 0 0 0 0
1993 0 0 0 0 0 0
1994 0 0 0 0 0 0
1995 0 0 0 0 0 0
1996 0 0 0 0 0 0
1997 0 0 0 0 0 0
1998 0 0 0 0 0 0
1999 0 0 0 0 0 0
2000 0 1 0 0 0 0
2001 0 1 0 0 0 0
2002 0 2 0 0 0 0
2003 0 1 0 0 0 0
2004 0 2 0 0 0 0
2005 0 1 0 0 0 0
2006 0 0 0 0 0 0
2007 0 0 0 0 0 0
2008 0 -1 0 0 0 0
2009 0 -4 0 0 0 0
2010 0 -2 0 0 0 0
2011 0 -4 0 0 0 0
2012 0 -2 0 0 0 0
2013 0 -3 0 0 0 0
2014 0 -2 0 0 0 0
2015 0 -18 0 0 0 0
2016 0 -11 0 0 0 0
2017 0 -48 0 0 0 0
2018 0 -23 0 0 0 0
2019 0 -5 0 0 0 0
2020 0 -3 0 0 0 0
2021 0 -1 0 0 0 0
2022 0 -2 0 0 0 0
2023 0 0 0 0 0 0
Difference for: Hawaii
Year RUS+WAL EAL+BER GOA SEA+NBC SBC+WA OR+CA
1970 0 0 0 0 0 0
1971 0 0 0 0 0 0
1972 0 0 0 0 0 0
1973 0 0 0 0 0 0
1974 0 0 0 0 0 0
1975 0 0 0 0 0 0
1976 0 0 0 0 0 0
1977 0 0 0 0 0 0
1978 0 0 0 0 0 0
1979 0 0 0 0 0 0
1980 0 0 0 0 0 0
1981 0 0 0 0 0 0
1982 0 0 0 0 0 0
1983 0 0 0 0 0 0
1984 0 0 0 0 0 0
1985 0 0 0 0 0 0
1986 0 0 0 0 0 0
1987 0 0 0 0 0 0
1988 0 0 0 0 0 0
1989 0 0 0 0 0 0
1990 0 0 0 0 0 0
1991 0 0 0 0 0 0
1992 0 0 0 0 0 0
1993 0 0 0 0 0 0
1994 0 0 0 0 0 0
1995 0 0 0 0 0 0
1996 0 0 0 0 0 0
1997 0 0 0 0 0 0
1998 0 0 0 0 0 0
1999 0 0 0 0 0 0
2000 0 24 2 7 0 0
2001 0 27 13 53 1 0
2002 0 34 14 57 2 0
2003 0 26 2 9 2 0
2004 0 33 7 27 1 0
2005 0 19 -15 -60 4 0
2006 0 8 8 30 4 0
2007 0 4 -20 -79 4 0
2008 0 -11 27 109 4 0
2009 0 -77 -26 -104 3 0
2010 0 -36 12 47 4 0
2011 0 -80 -77 -309 4 0
2012 0 -40 -14 -56 3 0
2013 0 -55 -178 -715 1 0
2014 0 -44 -733 -2946 1 0
2015 0 -393 -143 -574 -2 0
2016 0 -239 -446 -1788 -3 0
2017 0 -1081 -77 -308 -1 0
2018 0 -508 -45 -179 -3 0
2019 0 -110 -51 -204 -1 0
2020 0 -64 -160 -640 2 0
2021 0 -15 -14 -58 3 0
2022 0 -43 -17 -68 2 0
2023 0 2 -15 -59 1 0
Difference for: MX_AR
Year RUS+WAL EAL+BER GOA SEA+NBC SBC+WA OR+CA
1970 0 0 0 0 0 0
1971 0 0 0 0 0 0
1972 0 0 0 0 0 0
1973 0 0 0 0 0 0
1974 0 0 0 0 0 0
1975 0 0 0 0 0 0
1976 0 0 0 0 0 0
1977 0 0 0 0 0 0
1978 0 0 0 0 0 0
1979 0 0 0 0 0 0
1980 0 0 0 0 0 0
1981 0 0 0 0 0 0
1982 0 0 0 0 0 0
1983 0 0 0 0 0 0
1984 0 0 0 0 0 0
1985 0 0 0 0 0 0
1986 0 0 0 0 0 0
1987 0 0 0 0 0 0
1988 0 0 0 0 0 0
1989 0 0 0 0 0 0
1990 0 0 0 0 0 0
1991 0 0 0 0 0 0
1992 0 0 0 0 0 0
1993 0 0 0 0 0 0
1994 0 0 0 0 0 0
1995 0 0 0 0 0 0
1996 0 0 0 0 0 0
1997 0 0 0 0 0 0
1998 0 0 0 0 0 0
1999 0 0 0 0 0 0
2000 0 8 0 0 0 1
2001 0 10 3 2 0 1
2002 0 12 3 2 0 1
2003 0 9 1 0 0 2
2004 0 12 2 1 0 1
2005 0 7 -3 -2 0 -1
2006 0 3 2 1 0 -6
2007 0 2 -5 -2 0 -3
2008 0 -4 6 3 0 -2
2009 0 -27 -6 -3 0 -2
2010 0 -13 3 1 0 -1
2011 0 -29 -18 -9 0 -1
2012 0 -14 -3 -2 0 1
2013 0 -20 -42 -22 0 3
2014 0 -16 -171 -89 0 5
2015 0 -141 -33 -17 0 6
2016 0 -85 -104 -54 0 5
2017 0 -387 -18 -9 0 4
2018 0 -182 -10 -5 0 3
2019 0 -39 -12 -6 0 2
2020 0 -23 -37 -19 0 4
2021 0 -5 -3 -2 0 1
2022 0 -15 -4 -2 0 1
2023 0 1 -3 -2 0 2
Difference for: MX_ML
Year RUS+WAL EAL+BER GOA SEA+NBC SBC+WA OR+CA
1970 0 0 0 0 0 0
1971 0 0 0 0 0 0
1972 0 0 0 0 0 0
1973 0 0 0 0 0 0
1974 0 0 0 0 0 0
1975 0 0 0 0 0 0
1976 0 0 0 0 0 0
1977 0 0 0 0 0 0
1978 0 0 0 0 0 0
1979 0 0 0 0 0 0
1980 0 0 0 0 0 0
1981 0 0 0 0 0 0
1982 0 0 0 0 0 0
1983 0 0 0 0 0 0
1984 0 0 0 0 0 0
1985 0 0 0 0 0 0
1986 0 0 0 0 0 0
1987 0 0 0 0 0 0
1988 0 0 0 0 0 0
1989 0 0 0 0 0 0
1990 0 0 0 0 0 0
1991 0 0 0 0 0 0
1992 0 0 0 0 0 0
1993 0 0 0 0 0 0
1994 0 0 0 0 0 0
1995 0 0 0 0 0 0
1996 0 0 0 0 0 0
1997 0 0 0 0 0 0
1998 0 0 0 0 0 0
1999 0 0 0 0 0 0
2000 0 5 0 0 0 4
2001 0 6 1 2 0 7
2002 0 7 1 2 1 11
2003 0 5 0 0 1 12
2004 0 7 0 1 1 10
2005 0 4 -1 -2 1 -4
2006 0 2 1 1 1 -44
2007 0 1 -1 -3 1 -21
2008 0 -2 2 4 1 -19
2009 0 -15 -2 -3 1 -12
2010 0 -7 1 2 1 -8
2011 0 -16 -5 -10 1 -9
2012 0 -8 -1 -2 1 4
2013 0 -11 -12 -23 0 23
2014 0 -9 -50 -94 0 38
2015 0 -78 -10 -18 -1 43
2016 0 -47 -30 -57 -1 35
2017 0 -213 -5 -10 0 31
2018 0 -100 -3 -6 -1 20
2019 0 -22 -3 -6 0 16
2020 0 -13 -11 -20 1 29
2021 0 -3 -1 -2 1 7
2022 0 -8 -1 -2 1 8
2023 0 0 -1 -2 0 14
Difference for: Central_Am
Year RUS+WAL EAL+BER GOA SEA+NBC SBC+WA OR+CA
1970 0 0 0 0 0 0
1971 0 0 0 0 0 0
1972 0 0 0 0 0 0
1973 0 0 0 0 0 0
1974 0 0 0 0 0 0
1975 0 0 0 0 0 0
1976 0 0 0 0 0 0
1977 0 0 0 0 0 0
1978 0 0 0 0 0 0
1979 0 0 0 0 0 0
1980 0 0 0 0 0 0
1981 0 0 0 0 0 0
1982 0 0 0 0 0 0
1983 0 0 0 0 0 0
1984 0 0 0 0 0 0
1985 0 0 0 0 0 0
1986 0 0 0 0 0 0
1987 0 0 0 0 0 0
1988 0 0 0 0 0 0
1989 0 0 0 0 0 0
1990 0 0 0 0 0 0
1991 0 0 0 0 0 0
1992 0 0 0 0 0 0
1993 0 0 0 0 0 0
1994 0 0 0 0 0 0
1995 0 0 0 0 0 0
1996 0 0 0 0 0 0
1997 0 0 0 0 0 0
1998 0 0 0 0 0 0
1999 0 0 0 0 0 0
2000 0 0 0 0 0 2
2001 0 0 0 0 0 3
2002 0 0 0 0 0 5
2003 0 0 0 0 0 6
2004 0 0 0 0 0 5
2005 0 0 0 0 0 -2
2006 0 0 0 0 0 -21
2007 0 0 0 0 0 -10
2008 0 0 0 0 0 -9
2009 0 0 0 0 0 -6
2010 0 0 0 0 0 -4
2011 0 0 0 0 0 -4
2012 0 0 0 0 0 2
2013 0 0 0 0 0 11
2014 0 0 0 0 0 18
2015 0 0 0 0 0 20
2016 0 0 0 0 0 17
2017 0 0 0 0 0 15
2018 0 0 0 0 0 10
2019 0 0 0 0 0 8
2020 0 0 0 0 0 14
2021 0 0 0 0 0 3
2022 0 0 0 0 0 4
2023 0 0 0 0 0 7

Total survival over time
Values for breeding stock: Asia
Year RUS+WAL EAL+BER GOA SEA+NBC SBC+WA OR+CA
1970 0.997 0.987 0 0 0 0
1971 1.28 1.275 0 0 0 0
1972 1.186 1.216 0 0 0 0
1973 1.176 1.174 0 0 0 0
1974 1.146 1.145 0 0 0 0
1975 1.125 1.124 0 0 0 0
1976 1.108 1.108 0 0 0 0
1977 1.095 1.094 0 0 0 0
1978 1.084 1.083 0 0 0 0
1979 1.075 1.074 0 0 0 0
1980 1.067 1.066 0 0 0 0
1981 1.086 1.085 0 0 0 0
1982 1.1 1.099 0 0 0 0
1983 1.108 1.108 0 0 0 0
1984 1.112 1.112 0 0 0 0
1985 1.113 1.113 0 0 0 0
1986 1.112 1.112 0 0 0 0
1987 1.109 1.109 0 0 0 0
1988 1.105 1.106 0 0 0 0
1989 1.101 1.101 0 0 0 0
1990 1.096 1.097 0 0 0 0
1991 1.094 1.095 0 0 0 0
1992 1.094 1.094 0 0 0 0
1993 1.094 1.095 0 0 0 0
1994 1.095 1.096 0 0 0 0
1995 1.096 1.097 0 0 0 0
1996 1.096 1.098 0 0 0 0
1997 1.096 1.097 0 0 0 0
1998 1.095 1.096 0 0 0 0
1999 1.094 1.095 0 0 0 0
2000 1.092 1.105 0 0 0 0
2001 1.091 1.102 0 0 0 0
2002 1.089 1.1 0 0 0 0
2003 1.087 1.094 0 0 0 0
2004 1.085 1.094 0 0 0 0
2005 1.084 1.087 0 0 0 0
2006 1.082 1.082 0 0 0 0
2007 1.081 1.08 0 0 0 0
2008 1.079 1.075 0 0 0 0
2009 1.077 1.059 0 0 0 0
2010 1.075 1.069 0 0 0 0
2011 1.073 1.059 0 0 0 0
2012 1.07 1.068 0 0 0 0
2013 1.061 1.057 0 0 0 0
2014 1.075 1.074 0 0 0 0
2015 1.035 0.975 0 0 0 0
2016 1.065 1.037 0 0 0 0
2017 1.062 0.889 0 0 0 0
2018 1.057 0.998 0 0 0 0
2019 1.06 1.089 0 0 0 0
2020 1.047 1.079 0 0 0 0
2021 1.044 1.082 0 0 0 0
2022 1.041 1.069 0 0 0 0
2023 1.038 1.072 0 0 0 0
Values for breeding stock: Hawaii
Year RUS+WAL EAL+BER GOA SEA+NBC SBC+WA OR+CA
1970 1.008 0.998 0.981 0.991 1.006 0
1971 1.291 1.286 1.291 1.282 1.291 0
1972 1.196 1.227 1.228 1.22 1.227 0
1973 1.186 1.184 1.186 1.179 1.185 0
1974 1.156 1.155 1.156 1.149 1.155 0
1975 1.134 1.133 1.133 1.128 1.133 0
1976 1.117 1.116 1.116 1.111 1.115 0
1977 1.103 1.103 1.103 1.098 1.102 0
1978 1.092 1.092 1.092 1.087 1.091 0
1979 1.083 1.082 1.083 1.078 1.082 0
1980 1.076 1.075 1.075 1.07 1.075 0
1981 1.095 1.095 1.095 1.09 1.094 0
1982 1.109 1.108 1.108 1.104 1.108 0
1983 1.117 1.117 1.117 1.112 1.116 0
1984 1.121 1.121 1.12 1.117 1.12 0
1985 1.122 1.122 1.121 1.118 1.121 0
1986 1.121 1.121 1.12 1.117 1.12 0
1987 1.118 1.118 1.117 1.113 1.117 0
1988 1.114 1.114 1.113 1.11 1.113 0
1989 1.109 1.11 1.108 1.107 1.109 0
1990 1.104 1.105 1.104 1.102 1.104 0
1991 1.102 1.103 1.102 1.1 1.102 0
1992 1.102 1.103 1.101 1.099 1.102 0
1993 1.103 1.103 1.102 1.101 1.103 0
1994 1.103 1.104 1.103 1.101 1.104 0
1995 1.104 1.105 1.104 1.102 1.105 0
1996 1.105 1.106 1.104 1.102 1.105 0
1997 1.104 1.106 1.104 1.102 1.106 0
1998 1.104 1.105 1.103 1.101 1.105 0
1999 1.102 1.104 1.102 1.1 1.104 0
2000 1.101 1.113 1.102 1.101 1.101 0
2001 1.099 1.11 1.109 1.108 1.103 0
2002 1.097 1.109 1.105 1.105 1.103 0
2003 1.095 1.102 1.093 1.092 1.1 0
2004 1.094 1.102 1.095 1.094 1.098 0
2005 1.092 1.095 1.079 1.079 1.097 0
2006 1.091 1.09 1.094 1.093 1.097 0
2007 1.089 1.089 1.074 1.076 1.1 0
2008 1.088 1.084 1.101 1.102 1.086 0
2009 1.086 1.067 1.069 1.07 1.096 0
2010 1.084 1.078 1.089 1.087 1.088 0
2011 1.082 1.068 1.046 1.047 1.083 0
2012 1.08 1.077 1.075 1.079 1.09 0
2013 1.077 1.073 1.007 1.008 1.085 0
2014 1.075 1.074 0.776 0.778 1.077 0
2015 1.072 1.01 1.052 1.054 1.072 0
2016 1.071 1.043 0.859 0.857 1.071 0
2017 1.068 0.894 1.105 1.105 1.069 0
2018 1.065 1.006 1.098 1.097 1.056 0
2019 1.062 1.091 1.084 1.084 1.068 0
2020 1.059 1.092 1.014 1.011 1.061 0
2021 1.057 1.095 1.112 1.112 1.065 0
2022 1.054 1.082 1.098 1.096 1.063 0
2023 1.052 1.085 1.087 1.087 1.054 0
Values for breeding stock: MX_AR
Year RUS+WAL EAL+BER GOA SEA+NBC SBC+WA OR+CA
1970 1.008 0.998 0.981 0.991 1.006 0.961
1971 1.291 1.286 1.291 1.282 1.291 1.283
1972 1.196 1.227 1.228 1.22 1.227 1.22
1973 1.186 1.184 1.186 1.179 1.185 1.178
1974 1.156 1.155 1.156 1.149 1.156 1.146
1975 1.134 1.133 1.133 1.128 1.134 1.124
1976 1.117 1.116 1.116 1.111 1.115 1.107
1977 1.103 1.103 1.103 1.098 1.102 1.094
1978 1.092 1.092 1.092 1.087 1.091 1.083
1979 1.083 1.083 1.083 1.078 1.082 1.074
1980 1.076 1.075 1.075 1.071 1.075 1.065
1981 1.095 1.095 1.095 1.09 1.094 1.085
1982 1.109 1.108 1.108 1.104 1.108 1.099
1983 1.117 1.117 1.117 1.112 1.117 1.108
1984 1.121 1.121 1.121 1.117 1.12 1.113
1985 1.122 1.122 1.121 1.118 1.121 1.114
1986 1.121 1.121 1.12 1.117 1.12 1.113
1987 1.118 1.118 1.117 1.113 1.117 1.111
1988 1.114 1.114 1.113 1.11 1.113 1.107
1989 1.109 1.11 1.108 1.107 1.109 1.104
1990 1.104 1.105 1.104 1.102 1.104 1.1
1991 1.102 1.103 1.102 1.1 1.102 1.097
1992 1.102 1.103 1.101 1.099 1.102 1.097
1993 1.103 1.103 1.102 1.101 1.103 1.098
1994 1.103 1.104 1.103 1.101 1.104 1.1
1995 1.104 1.105 1.104 1.102 1.105 1.101
1996 1.105 1.106 1.104 1.102 1.105 1.102
1997 1.104 1.106 1.104 1.102 1.106 1.103
1998 1.104 1.105 1.103 1.101 1.105 1.103
1999 1.103 1.104 1.102 1.1 1.104 1.102
2000 1.101 1.113 1.102 1.101 1.101 1.108
2001 1.099 1.11 1.109 1.108 1.103 1.109
2002 1.097 1.109 1.105 1.105 1.103 1.111
2003 1.095 1.102 1.093 1.092 1.1 1.108
2004 1.094 1.102 1.095 1.094 1.098 1.105
2005 1.092 1.095 1.079 1.079 1.097 1.09
2006 1.091 1.09 1.094 1.093 1.097 1.06
2007 1.089 1.089 1.074 1.076 1.1 1.087
2008 1.088 1.084 1.101 1.102 1.086 1.092
2009 1.086 1.067 1.069 1.07 1.096 1.097
2010 1.084 1.078 1.089 1.087 1.088 1.094
2011 1.082 1.068 1.046 1.047 1.083 1.098
2012 1.08 1.077 1.075 1.079 1.09 1.107
2013 1.077 1.073 1.007 1.008 1.085 1.117
2014 1.075 1.074 0.777 0.778 1.078 1.108
2015 1.072 1.01 1.052 1.054 1.072 1.09
2016 1.071 1.043 0.859 0.857 1.071 1.071
2017 1.068 0.894 1.105 1.105 1.069 1.091
2018 1.065 1.006 1.098 1.097 1.056 1.074
2019 1.062 1.091 1.084 1.084 1.068 1.084
2020 1.059 1.092 1.014 1.011 1.061 1.094
2021 1.057 1.095 1.112 1.112 1.065 1.079
2022 1.054 1.082 1.098 1.096 1.063 1.081
2023 1.052 1.085 1.087 1.087 1.054 1.082
Values for breeding stock: MX_ML
Year RUS+WAL EAL+BER GOA SEA+NBC SBC+WA OR+CA
1970 1.001 0.992 0.974 0.985 0.999 0.955
1971 1.284 1.279 1.284 1.274 1.283 1.276
1972 1.19 1.22 1.221 1.213 1.221 1.213
1973 1.18 1.179 1.18 1.173 1.179 1.173
1974 1.151 1.149 1.15 1.144 1.15 1.141
1975 1.129 1.128 1.128 1.123 1.128 1.119
1976 1.112 1.111 1.111 1.106 1.11 1.102
1977 1.099 1.098 1.098 1.093 1.097 1.089
1978 1.088 1.087 1.087 1.082 1.087 1.078
1979 1.079 1.078 1.078 1.073 1.078 1.069
1980 1.071 1.07 1.071 1.066 1.07 1.061
1981 1.091 1.09 1.09 1.085 1.089 1.08
1982 1.104 1.104 1.103 1.099 1.103 1.094
1983 1.113 1.112 1.112 1.108 1.112 1.103
1984 1.117 1.117 1.116 1.112 1.116 1.109
1985 1.118 1.118 1.117 1.114 1.117 1.11
1986 1.116 1.117 1.116 1.112 1.116 1.109
1987 1.113 1.114 1.113 1.109 1.113 1.107
1988 1.11 1.11 1.109 1.106 1.109 1.103
1989 1.105 1.106 1.104 1.103 1.105 1.1
1990 1.101 1.101 1.1 1.098 1.1 1.097
1991 1.099 1.099 1.098 1.096 1.098 1.093
1992 1.098 1.099 1.098 1.095 1.098 1.093
1993 1.099 1.1 1.098 1.097 1.099 1.094
1994 1.1 1.101 1.099 1.098 1.1 1.096
1995 1.101 1.102 1.1 1.099 1.101 1.098
1996 1.101 1.102 1.101 1.099 1.102 1.099
1997 1.101 1.102 1.101 1.099 1.103 1.1
1998 1.1 1.101 1.1 1.098 1.102 1.099
1999 1.099 1.101 1.099 1.097 1.1 1.098
2000 1.098 1.11 1.099 1.097 1.098 1.105
2001 1.096 1.107 1.106 1.105 1.1 1.105
2002 1.094 1.106 1.102 1.102 1.1 1.108
2003 1.093 1.1 1.091 1.09 1.098 1.105
2004 1.091 1.1 1.093 1.092 1.096 1.102
2005 1.089 1.092 1.076 1.075 1.094 1.087
2006 1.088 1.088 1.091 1.091 1.094 1.058
2007 1.087 1.086 1.071 1.073 1.098 1.084
2008 1.085 1.081 1.098 1.099 1.084 1.089
2009 1.083 1.065 1.067 1.067 1.093 1.094
2010 1.081 1.075 1.087 1.084 1.085 1.091
2011 1.079 1.065 1.043 1.044 1.08 1.095
2012 1.077 1.074 1.073 1.077 1.087 1.104
2013 1.075 1.07 1.005 1.005 1.083 1.114
2014 1.072 1.071 0.774 0.776 1.075 1.104
2015 1.069 1.007 1.049 1.051 1.069 1.086
2016 1.068 1.04 0.856 0.855 1.068 1.068
2017 1.065 0.892 1.102 1.102 1.066 1.088
2018 1.062 1.003 1.096 1.094 1.053 1.071
2019 1.06 1.088 1.082 1.081 1.065 1.081
2020 1.055 1.087 1.009 1.007 1.056 1.089
2021 1.054 1.093 1.109 1.109 1.062 1.076
2022 1.052 1.081 1.096 1.094 1.062 1.079
2023 1.049 1.082 1.084 1.084 1.051 1.079
Values for breeding stock: Central_Am
Year RUS+WAL EAL+BER GOA SEA+NBC SBC+WA OR+CA
1970 0 0 0 0 0.999 0.955
1971 0 0 0 0 1.284 1.276
1972 0 0 0 0 1.221 1.214
1973 0 0 0 0 1.179 1.172
1974 0 0 0 0 1.15 1.14
1975 0 0 0 0 1.128 1.119
1976 0 0 0 0 1.111 1.102
1977 0 0 0 0 1.098 1.089
1978 0 0 0 0 1.086 1.078
1979 0 0 0 0 1.077 1.069
1980 0 0 0 0 1.07 1.061
1981 0 0 0 0 1.089 1.08
1982 0 0 0 0 1.103 1.094
1983 0 0 0 0 1.112 1.103
1984 0 0 0 0 1.116 1.109
1985 0 0 0 0 1.117 1.11
1986 0 0 0 0 1.116 1.109
1987 0 0 0 0 1.113 1.107
1988 0 0 0 0 1.109 1.103
1989 0 0 0 0 1.105 1.1
1990 0 0 0 0 1.1 1.097
1991 0 0 0 0 1.098 1.093
1992 0 0 0 0 1.098 1.093
1993 0 0 0 0 1.099 1.094
1994 0 0 0 0 1.1 1.096
1995 0 0 0 0 1.101 1.097
1996 0 0 0 0 1.102 1.099
1997 0 0 0 0 1.103 1.1
1998 0 0 0 0 1.102 1.099
1999 0 0 0 0 1.1 1.098
2000 0 0 0 0 1.098 1.105
2001 0 0 0 0 1.1 1.105
2002 0 0 0 0 1.1 1.108
2003 0 0 0 0 1.098 1.105
2004 0 0 0 0 1.095 1.102
2005 0 0 0 0 1.095 1.087
2006 0 0 0 0 1.094 1.058
2007 0 0 0 0 1.098 1.084
2008 0 0 0 0 1.084 1.089
2009 0 0 0 0 1.093 1.094
2010 0 0 0 0 1.085 1.092
2011 0 0 0 0 1.081 1.096
2012 0 0 0 0 1.087 1.104
2013 0 0 0 0 1.083 1.114
2014 0 0 0 0 1.075 1.105
2015 0 0 0 0 1.07 1.087
2016 0 0 0 0 1.069 1.069
2017 0 0 0 0 1.067 1.089
2018 0 0 0 0 1.053 1.072
2019 0 0 0 0 1.066 1.083
2020 0 0 0 0 1.058 1.09
2021 0 0 0 0 1.062 1.076
2022 0 0 0 0 1.061 1.079
2023 0 0 0 0 1.052 1.08

Numbers over time by herd
Values for breeding stock: Asia
Year RUS+WAL EAL+BER GOA SEA+NBC SBC+WA OR+CA
1970 68 11 0 0 0 0
1971 86 14 0 0 0 0
1972 98 16 0 0 0 0
1973 110 19 0 0 0 0
1974 123 21 0 0 0 0
1975 134 22 0 0 0 0
1976 145 24 0 0 0 0
1977 155 26 0 0 0 0
1978 164 27 0 0 0 0
1979 173 29 0 0 0 0
1980 181 30 0 0 0 0
1981 193 32 0 0 0 0
1982 208 35 0 0 0 0
1983 225 37 0 0 0 0
1984 245 41 0 0 0 0
1985 266 44 0 0 0 0
1986 289 48 0 0 0 0
1987 312 52 0 0 0 0
1988 337 56 0 0 0 0
1989 363 60 0 0 0 0
1990 388 65 0 0 0 0
1991 416 69 0 0 0 0
1992 445 74 0 0 0 0
1993 476 79 0 0 0 0
1994 510 85 0 0 0 0
1995 547 91 0 0 0 0
1996 587 98 0 0 0 0
1997 629 105 0 0 0 0
1998 674 113 0 0 0 0
1999 721 121 0 0 0 0
2000 771 129 0 0 0 0
2001 823 140 0 0 0 0
2002 877 151 0 0 0 0
2003 933 164 0 0 0 0
2004 992 176 0 0 0 0
2005 1053 189 0 0 0 0
2006 1117 201 0 0 0 0
2007 1183 214 0 0 0 0
2008 1251 226 0 0 0 0
2009 1321 238 0 0 0 0
2010 1393 246 0 0 0 0
2011 1466 257 0 0 0 0
2012 1539 265 0 0 0 0
2013 1604 275 0 0 0 0
2014 1693 287 0 0 0 0
2015 1721 291 0 0 0 0
2016 1800 283 0 0 0 0
2017 1879 284 0 0 0 0
2018 1954 243 0 0 0 0
2019 2038 231 0 0 0 0
2020 2100 239 0 0 0 0
2021 2158 249 0 0 0 0
2022 2213 261 0 0 0 0
2023 2264 272 0 0 0 0
Values for breeding stock: Hawaii
Year RUS+WAL EAL+BER GOA SEA+NBC SBC+WA OR+CA
1970 18 168 85 377 27 0
1971 23 214 109 479 34 0
1972 27 252 128 560 40 0
1973 31 287 146 636 46 0
1974 34 321 163 707 51 0
1975 38 353 180 775 56 0
1976 41 384 196 839 61 0
1977 44 414 211 900 66 0
1978 47 442 225 957 70 0
1979 50 469 239 1010 75 0
1980 53 494 252 1061 79 0
1981 57 531 271 1136 84 0
1982 62 577 294 1228 92 0
1983 67 630 321 1335 100 0
1984 74 689 351 1456 109 0
1985 81 755 384 1589 120 0
1986 88 826 420 1731 131 0
1987 96 901 458 1880 143 0
1988 105 980 497 2038 155 0
1989 114 1062 538 2204 168 0
1990 123 1147 581 2374 181 0
1991 132 1237 626 2553 195 0
1992 143 1335 675 2746 210 0
1993 154 1441 727 2958 227 0
1994 166 1557 785 3187 245 0
1995 180 1683 847 3437 265 0
1996 194 1821 915 3704 286 0
1997 210 1969 988 3994 309 0
1998 226 2127 1066 4302 334 0
1999 244 2296 1150 4628 361 0
2000 263 2476 1237 4977 389 0
2001 283 2700 1332 5352 418 0
2002 304 2941 1449 5816 451 0
2003 326 3204 1571 6303 486 0
2004 349 3467 1683 6743 524 0
2005 373 3754 1806 7230 561 0
2006 399 4034 1906 7622 605 0
2007 426 4313 2037 8165 654 0
2008 454 4600 2140 8582 698 0
2009 483 4879 2313 9277 752 0
2010 513 5080 2420 9681 804 0
2011 545 5350 2581 10329 855 0
2012 577 5573 2626 10542 916 0
2013 610 5861 2760 11082 979 0
2014 644 6135 2685 10796 1036 1
2015 678 6429 2025 8142 1093 0
2016 713 6291 1985 7960 1149 0
2017 749 6352 1621 6497 1203 0
2018 784 5470 1649 6596 1248 0
2019 819 5208 1724 6894 1306 0
2020 854 5446 1798 7171 1357 0
2021 888 5746 1727 6887 1419 0
2022 922 6110 1844 7340 1486 0
2023 955 6431 1948 7755 1543 0
Values for breeding stock: MX_AR
Year RUS+WAL EAL+BER GOA SEA+NBC SBC+WA OR+CA
1970 12 60 20 11 3 10
1971 15 77 25 14 3 12
1972 17 90 30 17 4 14
1973 20 103 34 19 4 16
1974 22 115 38 21 5 18
1975 24 126 42 23 5 20
1976 26 137 46 25 6 21
1977 28 148 49 27 6 22
1978 30 158 53 29 7 24
1979 32 168 56 31 7 25
1980 34 177 59 32 8 26
1981 36 190 63 34 8 28
1982 39 206 69 37 9 30
1983 43 225 75 40 10 32
1984 47 247 82 44 11 35
1985 52 270 90 48 12 38
1986 57 295 98 52 13 42
1987 62 322 107 57 14 45
1988 67 350 116 62 15 49
1989 73 380 126 67 16 53
1990 79 410 136 72 18 57
1991 85 443 146 77 19 61
1992 91 478 158 83 20 65
1993 98 516 170 89 22 70
1994 106 557 183 96 24 75
1995 115 602 198 104 26 81
1996 124 651 214 112 28 87
1997 134 705 231 121 30 94
1998 145 761 249 130 32 101
1999 156 822 269 140 35 109
2000 168 886 289 150 38 117
2001 181 966 311 162 41 127
2002 194 1053 338 176 44 138
2003 208 1147 367 190 47 150
2004 223 1241 393 204 51 163
2005 239 1343 422 218 54 177
2006 255 1444 445 230 59 189
2007 272 1544 476 247 63 194
2008 290 1646 500 259 68 206
2009 309 1746 540 280 73 218
2010 329 1818 565 293 78 232
2011 349 1915 603 312 83 249
2012 369 1995 613 319 89 267
2013 390 2098 645 335 95 289
2014 412 2196 628 326 100 313
2015 434 2301 473 246 106 336
2016 457 2252 464 241 111 356
2017 479 2274 379 196 117 384
2018 502 1958 385 199 121 408
2019 524 1864 403 208 127 435
2020 547 1950 420 217 132 466
2021 569 2057 404 208 138 498
2022 590 2188 431 222 144 528
2023 611 2302 455 234 150 560
Values for breeding stock: MX_ML
Year RUS+WAL EAL+BER GOA SEA+NBC SBC+WA OR+CA
1970 7 39 7 14 11 83
1971 9 49 9 18 13 105
1972 10 58 10 21 16 122
1973 11 66 11 23 18 138
1974 12 73 13 26 20 152
1975 14 80 14 28 22 165
1976 15 86 15 30 23 178
1977 16 93 16 32 25 189
1978 17 99 17 34 27 199
1979 18 104 18 36 28 209
1980 19 109 19 38 30 217
1981 20 117 20 40 32 230
1982 22 126 22 43 34 247
1983 23 138 24 47 37 266
1984 26 150 26 51 41 288
1985 28 164 29 55 44 312
1986 30 178 31 60 48 337
1987 33 194 34 65 52 364
1988 36 210 37 70 57 392
1989 39 227 39 75 61 421
1990 42 244 42 81 66 451
1991 45 263 46 87 71 482
1992 48 282 49 93 76 515
1993 52 304 53 100 82 551
1994 56 327 57 107 88 590
1995 60 353 61 115 94 633
1996 65 380 66 124 102 680
1997 70 410 71 133 110 731
1998 75 441 76 143 118 785
1999 81 475 82 153 127 842
2000 86 511 88 164 137 905
2001 93 556 94 176 147 977
2002 99 604 102 191 158 1058
2003 106 656 110 206 170 1150
2004 113 708 118 220 182 1249
2005 121 764 126 235 195 1349
2006 129 820 133 248 209 1435
2007 137 874 142 265 226 1477
2008 146 930 148 277 240 1558
2009 155 984 160 299 259 1649
2010 165 1022 167 311 276 1748
2011 174 1074 178 331 292 1868
2012 184 1115 180 337 313 1998
2013 194 1170 189 354 333 2158
2014 204 1222 183 344 352 2331
2015 215 1276 138 258 370 2496
2016 225 1245 135 252 388 2642
2017 236 1254 110 205 405 2840
2018 246 1077 111 208 419 3009
2019 257 1023 116 216 437 3202
2020 266 1065 121 224 453 3413
2021 276 1121 116 215 472 3639
2022 286 1191 123 229 494 3852
2023 296 1250 130 241 511 4073
Values for breeding stock: Central_Am
Year RUS+WAL EAL+BER GOA SEA+NBC SBC+WA OR+CA
1970 0 0 0 0 3 40
1971 0 0 0 0 4 50
1972 0 0 0 0 4 58
1973 0 0 0 0 5 66
1974 0 0 0 0 5 72
1975 0 0 0 0 6 79
1976 0 0 0 0 6 85
1977 0 0 0 0 7 90
1978 0 0 0 0 7 95
1979 0 0 0 0 7 99
1980 0 0 0 0 8 103
1981 0 0 0 0 8 109
1982 0 0 0 0 9 117
1983 0 0 0 0 10 126
1984 0 0 0 0 11 137
1985 0 0 0 0 12 148
1986 0 0 0 0 13 160
1987 0 0 0 0 14 173
1988 0 0 0 0 15 186
1989 0 0 0 0 16 200
1990 0 0 0 0 17 214
1991 0 0 0 0 19 229
1992 0 0 0 0 20 244
1993 0 0 0 0 21 261
1994 0 0 0 0 23 280
1995 0 0 0 0 25 300
1996 0 0 0 0 27 323
1997 0 0 0 0 29 347
1998 0 0 0 0 31 372
1999 0 0 0 0 33 400
2000 0 0 0 0 36 429
2001 0 0 0 0 39 463
2002 0 0 0 0 42 502
2003 0 0 0 0 45 545
2004 0 0 0 0 48 592
2005 0 0 0 0 51 640
2006 0 0 0 0 55 680
2007 0 0 0 0 59 700
2008 0 0 0 0 63 739
2009 0 0 0 0 68 782
2010 0 0 0 0 73 829
2011 0 0 0 0 77 886
2012 0 0 0 0 82 948
2013 0 0 0 0 88 1024
2014 0 0 0 0 93 1107
2015 0 0 0 0 98 1186
2016 0 0 0 0 102 1256
2017 0 0 0 0 107 1351
2018 0 0 0 0 111 1432
2019 0 0 0 0 116 1526
2020 0 0 0 0 120 1629
2021 0 0 0 0 125 1736
2022 0 0 0 0 131 1838
2023 0 0 0 0 135 1945

Catch numbers by breeding stock
Year Asia Hawaii MX_AR MX_ML Central_Am
1970 0.9 0 0 1.1 0.3
1971 0.9 0 0 1.2 0.3
1972 1 0 0 1.3 0.3
1973 1.1 0 0 1.3 0.4
1974 1.2 0.1 0 1.4 0.4
1975 1.2 0.1 0 1.5 0.4
1976 1.3 0.1 0 1.6 0.4
1977 1.4 0.1 0 1.6 0.4
1978 1.5 0.1 0 1.7 0.5
1979 1.6 0.1 0 1.8 0.5
1980 1.8 0.1 0 1.9 0.5
1981 1.9 0.1 0 2 0.5
1982 2 0.1 0 2.1 0.6
1983 2.2 0.1 0 2.2 0.6
1984 2.3 0.1 0 2.4 0.6
1985 2.5 0.1 0 2.5 0.7
1986 2.6 0.1 0 2.6 0.7
1987 2.8 0.1 0 2.8 0.7
1988 3 0.1 0 2.9 0.8
1989 3.2 0.1 0 3.1 0.8
1990 3.5 0.2 0 3.2 0.8
1991 3.7 0.2 0 3.4 0.9
1992 4 0.2 0 3.6 0.9
1993 4.3 0.2 0 3.8 1
1994 4.6 0.2 0 4 1
1995 4.9 0.2 0 4.2 1.1
1996 5.2 0.2 0 4.4 1.1
1997 5.6 0.2 0 4.7 1.2
1998 6 0.2 0 4.9 1.2
1999 6.4 0.2 0 5.2 1.3
2000 6.9 0.3 0 5.5 1.4
2001 7.3 0.3 0 5.8 1.4
2002 7.9 0 0 5.8 1.5
2003 8.4 0 0 5.8 1.6
2004 9 0 0 6.7 1.7
2005 9.6 0 0 8.1 1.8
2006 10.3 1 0 6.8 1.8
2007 11.1 0 0 7.7 1.9
2008 11.8 0 0 7.9 2
2009 12.7 0 0 9 2.1
2010 13.6 0 0 9.3 2.2
2011 14.5 0.8 0 10.6 2.4
2012 15.5 0 0 10.9 2.5
2013 28 0 0 10.8 2.6
2014 0 5 0 13 2.7
2015 72 0 0 14.2 2.9
2016 12 0.1 0 14.2 3
2017 12 0.1 0 13.4 3.2
2018 16 0.1 0 13.4 3.3
2019 4 0.4 0 13.4 1.7
2020 26.8 0.4 0 23.8 5
2021 28.6 0.4 0 12.8 4.7
2022 30.7 0.4 0 10.5 3.7
2023 32.8 0.4 0 18.4 4.2

Catch numbers by feeding ground
Year RUS+WAL EAL+BER GOA SEA+NBC SBC+WA OR+CA
1970 0 2.7 3.1 6.8 0.1 6.4
1971 0 1.8 0.1 4 0.1 1.5
1972 4 0.8 0.1 4.1 0.1 1.6
1973 0 0.8 0.1 4.3 0.1 1.7
1974 0 0.8 0.1 4.5 0.1 2.5
1975 0 0.8 0.2 4.7 0.1 2.7
1976 0 0.8 0.2 4.9 0.2 2.9
1977 0 0.8 0.2 5.2 0.2 3.1
1978 0 0.8 0.2 5.4 0.2 3.3
1979 0 1 0.2 5.6 0.2 3.5
1980 0 1 0.2 5.9 0.2 3.9
1981 0 1 0.3 6.1 0.3 4.2
1982 0 1 0.4 6.5 0.3 4.5
1983 0 1 0.4 6.7 0.3 4.8
1984 0 1 0.5 7.1 0.4 4.6
1985 0 1 0.5 6.7 0.4 5
1986 0 1 0.7 7.8 0.4 5.4
1987 0 1 0.7 10 0.5 5.8
1988 0 1.1 0.8 8.5 0.5 6.3
1989 0 0.9 0.8 6.1 0.6 6.1
1990 0 1 0.8 7.4 0.7 5.8
1991 0 1 0.9 8.2 0.7 7.6
1992 0 1.1 0.9 9.8 0.8 8.3
1993 0 1.1 1 7.1 0.9 8.6
1994 0 1.2 1 9.3 1 8.8
1995 0 1.2 1 9.3 1.1 9.6
1996 0 1.2 1.1 12.7 1.2 9.9
1997 0 1.2 1.3 12.7 0.9 10.7
1998 0 3 1.4 14.7 1.2 12
1999 0 2.6 1.4 17.4 1.7 13.5
2000 0 1.2 1.5 14.1 1.5 11.6
2001 0 1.2 1.8 16.4 1.7 13.4
2002 0 2.4 1.9 13.8 1.9 13.7
2003 0 1.4 2 18.9 2.3 16
2004 0 1.4 2.3 22 2.5 15.9
2005 0 1.6 2.3 23.3 5.8 20.1
2006 0 1.6 2.4 22.7 5.3 22.1
2007 0 0.1 7.3 18.4 0 18.1
2008 0 0.1 4.3 19.7 12.4 8.8
2009 0 0.1 4.3 24.1 0 9.8
2010 0 6.1 0.8 44.5 7 24.5
2011 0 3.1 4 28.4 11 11.9
2012 0 4.1 8.8 11.6 0 10
2013 0 0.1 4 31.6 0 4.7
2014 0 0.1 11.8 43.7 7 45.2
2015 0 4.1 12 51 9.1 103.4
2016 0 4.1 4.8 34.8 7.1 150.3
2017 0 4.1 2.1 16.3 11.1 60.3
2018 0 1.1 4 26.6 30.1 111.1
2019 0 4.1 6 27.3 9.1 61
2020 0 1.1 0 24 23 31.2
2021 0 2.2 7 33.7 13 62.4
2022 0 4.3 0.8 22.3 8 56
2023 0 3.6 9.1 40.1 19.2 59.7
