Stock structure: B1F1; Model type = BC
Mortality impacts feeding grounds
Recruitment related to unfished
Straying rate: 0
Age-at-maturity: 8
Base adult survival: 0.96
Mirrored survival
Sigma for survival devs: 6
Additional variance estimated
Weight for mark-recapture proportions: 1
Weight for genetics proportions: 1


Total objective fn: 359.974451696728
Negative log-likelihood fn: 78.2541498307302

Natural Survival by feeding ground
RUS+WAL,EAL+BER,GOA,SEA+NBC,SBC+WA,OR+CA
1970 0.96 0.96 0.96 0.96 0.96 0.96
1971 0.96 0.96 0.96 0.96 0.96 0.96
1972 0.96 0.96 0.96 0.96 0.96 0.96
1973 0.96 0.96 0.96 0.96 0.96 0.96
1974 0.96 0.96 0.96 0.96 0.96 0.96
1975 0.96 0.96 0.96 0.96 0.96 0.96
1976 0.96 0.96 0.96 0.96 0.96 0.96
1977 0.96 0.96 0.96 0.96 0.96 0.96
1978 0.96 0.96 0.96 0.96 0.96 0.96
1979 0.96 0.96 0.96 0.96 0.96 0.96
1980 0.96 0.96 0.96 0.96 0.96 0.96
1981 0.96 0.96 0.96 0.96 0.96 0.96
1982 0.96 0.96 0.96 0.96 0.96 0.96
1983 0.96 0.96 0.96 0.96 0.96 0.96
1984 0.96 0.96 0.96 0.96 0.96 0.96
1985 0.96 0.96 0.96 0.96 0.96 0.96
1986 0.96 0.96 0.96 0.96 0.96 0.96
1987 0.96 0.96 0.96 0.96 0.96 0.96
1988 0.96 0.96 0.96 0.96 0.96 0.96
1989 0.96 0.96 0.96 0.96 0.96 0.96
1990 0.96 0.96 0.96 0.96 0.96 0.96
1991 0.96 0.96 0.96 0.96 0.96 0.96
1992 0.96 0.96 0.96 0.96 0.96 0.96
1993 0.96 0.96 0.96 0.96 0.96 0.96
1994 0.96 0.96 0.96 0.96 0.96 0.96
1995 0.96 0.976007 0.9638254 0.9638254 0.176924 0.9508645
1996 0.96 0.9733899 0.9619227 0.9619227 0.9556574 0.943702
1997 0.96 0.9660398 0.9479337 0.9479337 0.9543529 0.9420441
1998 0.96 0.9788202 0.9519616 0.9519616 0.9658766 0.9630648
1999 0.96 0.9794601 0.9565267 0.9565267 0.9776123 0.9310113
2000 0.96 0.9776013 0.9532775 0.9532775 0.9781776 0.952049
2001 0.96 0.9736315 0.9670575 0.9670575 0.9805914 0.9643457
2002 0.96 0.9698579 0.9713563 0.9713563 0.9783318 0.9718919
2003 0.96 0.9585266 0.9556403 0.9556403 0.9776576 0.9690788
2004 0.96 0.9428585 0.9574706 0.9574706 0.9759865 0.9631042
2005 0.96 0.9575238 0.9292196 0.9292196 0.9785029 0.9505583
2006 0.96 0.9651517 0.9623014 0.9623014 0.9786993 0.837783
2007 0.96 0.899472 0.9381463 0.9381463 0.9756138 0.9419161
2008 0.96 0.9599656 0.974478 0.974478 0.9777977 0.9386775
2009 0.96 0.93176 0.9423379 0.9423379 0.9653906 0.9459833
2010 0.96 0.9578131 0.9638109 0.9638109 0.9719223 0.9690351
2011 0.96 0.9542529 0.9240154 0.9240154 0.9700779 0.9493423
2012 0.96 0.9718696 0.9680108 0.9680108 0.966449 0.9680813
2013 0.96 0.9664905 0.8993931 0.8993931 0.9404203 0.9789771
2014 0.96 0.954964 0.6678498 0.6678498 0.9333765 0.9806766
2015 0.96 0.9131421 0.9039743 0.9039743 0.8995646 0.9831779
2016 0.96 0.8861961 0.750818 0.750818 0.9234716 0.9815116
2017 0.96 0.8425584 0.9476746 0.9476746 0.9541393 0.9787829
2018 0.96 0.895164 0.9613569 0.9613569 0.9421856 0.9694268
2019 0.96 0.9259403 0.9559288 0.9559288 0.9376716 0.9624132
2020 0.96 0.9531501 0.8768241 0.8768241 0.9517618 0.9628739
2021 0.96 0.9584791 0.952625 0.952625 0.9258551 0.9070162
2022 0.96 0.9552185 0.9460261 0.9460261 0.9419276 0.946517
2023 0.96 0.9613231 0.955753 0.955753 0.9296558 0.9537242

Natural Survival by breeding stock
RUS+WAL,EAL+BER,GOA,SEA+NBC,SBC+WA,OR+CA
1970 0.96 0.96 0.96 0.96
1971 0.96 0.96 0.96 0.96
1972 0.96 0.96 0.96 0.96
1973 0.96 0.96 0.96 0.96
1974 0.96 0.96 0.96 0.96
1975 0.96 0.96 0.96 0.96
1976 0.96 0.96 0.96 0.96
1977 0.96 0.96 0.96 0.96
1978 0.96 0.96 0.96 0.96
1979 0.96 0.96 0.96 0.96
1980 0.96 0.96 0.96 0.96
1981 0.96 0.96 0.96 0.96
1982 0.96 0.96 0.96 0.96
1983 0.96 0.96 0.96 0.96
1984 0.96 0.96 0.96 0.96
1985 0.96 0.96 0.96 0.96
1986 0.96 0.96 0.96 0.96
1987 0.96 0.96 0.96 0.96
1988 0.96 0.96 0.96 0.96
1989 0.96 0.96 0.96 0.96
1990 0.96 0.96 0.96 0.96
1991 0.96 0.96 0.96 0.96
1992 0.96 0.96 0.96 0.96
1993 0.96 0.96 0.96 0.96
1994 0.96 0.96 0.96 0.96
1995 0.96 0.96 0.96 0.96
1996 0.96 0.96 0.96 0.96
1997 0.96 0.96 0.96 0.96
1998 0.96 0.96 0.96 0.96
1999 0.96 0.96 0.96 0.96
2000 0.96 0.96 0.96 0.96
2001 0.96 0.96 0.96 0.96
2002 0.96 0.96 0.96 0.96
2003 0.96 0.96 0.96 0.96
2004 0.96 0.96 0.96 0.96
2005 0.96 0.96 0.96 0.96
2006 0.96 0.96 0.96 0.96
2007 0.96 0.96 0.96 0.96
2008 0.96 0.96 0.96 0.96
2009 0.96 0.96 0.96 0.96
2010 0.96 0.96 0.96 0.96
2011 0.96 0.96 0.96 0.96
2012 0.96 0.96 0.96 0.96
2013 0.96 0.96 0.96 0.96
2014 0.96 0.96 0.96 0.96
2015 0.96 0.96 0.96 0.96
2016 0.96 0.96 0.96 0.96
2017 0.96 0.96 0.96 0.96
2018 0.96 0.96 0.96 0.96
2019 0.96 0.96 0.96 0.96
2020 0.96 0.96 0.96 0.96
2021 0.96 0.96 0.96 0.96
2022 0.96 0.96 0.96 0.96
2023 0.96 0.96 0.96 0.96

Fecundity by feeding ground
RUS+WAL,EAL+BER,GOA,SEA+NBC,SBC+WA,OR+CA
1970 0.9532326 0.9573697 0.9559313 0.9527848 0.9597156 0.9647029
1971 0.9532326 0.9573697 0.9559313 0.9527848 0.9597156 0.9647029
1972 0.9532326 0.9573697 0.9559313 0.9527848 0.9597156 0.9647029
1973 0.9532326 0.9573697 0.9559313 0.9527848 0.9597156 0.9647029
1974 0.9532326 0.9573697 0.9559313 0.9527848 0.9597156 0.9647029
1975 0.9532326 0.9573697 0.9559313 0.9527848 0.9597156 0.9647029
1976 0.9532326 0.9573697 0.9559313 0.9527848 0.9597156 0.9647029
1977 0.9532326 0.9573697 0.9559313 0.9527848 0.9597156 0.9647029
1978 0.9532326 0.9573697 0.9559313 0.9527848 0.9597156 0.9647029
1979 0.9491092 0.954113 0.9522463 0.948608 0.9569138 0.9631866
1980 0.9462579 0.950937 0.9487104 0.9446052 0.9542259 0.9617402
1981 0.942459 0.9478892 0.9453159 0.9407757 0.9516486 0.960365
1982 0.9388369 0.9449678 0.942061 0.9371162 0.9491773 0.9591087
1983 0.9353608 0.9421657 0.9389537 0.9336165 0.9468066 0.9579195
1984 0.9320479 0.9394788 0.9359723 0.9302703 0.9445428 0.9567949
1985 0.9288907 0.9369003 0.9331102 0.9270778 0.9423696 0.9557308
1986 0.9258839 0.934428 0.9303643 0.9240265 0.9402882 0.9547316
1987 0.9230215 0.9320684 0.9277299 0.9211108 0.9382918 0.9537894
1988 0.9192135 0.928924 0.9242067 0.9172113 0.9356132 0.952499
1989 0.9148216 0.9250533 0.9198938 0.9124169 0.9323251 0.9508872
1990 0.9096239 0.9205253 0.9148674 0.9068314 0.9284787 0.948993
1991 0.9037303 0.915406 0.9091838 0.9005259 0.9241254 0.9468556
1992 0.8971921 0.9097569 0.9029312 0.8935918 0.9193278 0.9444665
1993 0.890106 0.9036323 0.8961534 0.8860476 0.9141262 0.9419049
1994 0.8825172 0.8970828 0.8889387 0.8780621 0.9085607 0.9391895
1995 0.8745138 0.89016 0.8813094 0.8697674 0.9026844 0.936346
1996 0.8661529 0.8829142 0.8733288 0.8609711 0.8965257 0.9334073
1997 0.8572178 0.8751472 0.8647759 0.851394 0.8899299 0.9302251
1998 0.8476179 0.866717 0.8554831 0.8411023 0.8827608 0.9267148
1999 0.8371707 0.8574887 0.8453293 0.8299096 0.8748984 0.9229863
2000 0.825781 0.8473654 0.834187 0.8177503 0.8662577 0.9188944
2001 0.8133531 0.8362631 0.8219932 0.8042546 0.8567729 0.9143637
2002 0.7998253 0.82413 0.8086722 0.7896855 0.8463879 0.9093564
2003 0.7851555 0.8109228 0.794194 0.7738739 0.8350686 0.9039076
2004 0.7693326 0.793718 0.7777967 0.7562061 0.9443655 0.8987004
2005 0.7524459 0.7755615 0.7606567 0.737624 0.9421519 0.8938636
2006 0.7343934 0.7574736 0.745581 0.7214721 0.939846 0.8889416
2007 0.7151248 0.7347915 0.7286329 0.7034703 0.9370052 0.8818056
2008 0.6945921 0.7096696 0.7094216 0.6827923 0.9334285 0.8771455
2009 0.6727003 0.6826675 0.6899475 0.6620271 0.9294822 0.8701182
2010 0.6494192 0.65447 0.6649086 0.6350371 0.9250344 0.8611081
2011 0.6246727 0.6250765 0.6364628 0.604775 0.9202807 0.8504448
2012 0.5984756 0.5977826 0.611747 0.5788747 0.9151156 0.8390577
2013 0.57084 0.5756083 0.5850012 0.5509932 0.9088657 0.8277904
2014 0.5417653 0.546208 0.5690908 0.5350769 0.9016865 0.8176189
2015 0.5113663 0.5117144 0.5388745 0.5026303 0.8931764 0.8261787
2016 0.4797244 0.509348 0.51814 0.4813187 0.8853944 0.8165085
2017 0.4469812 0.477015 0.4788461 0.4404412 0.8752608 0.8069647
2018 0.4132724 0.4596812 0.4541546 0.4175203 0.8662539 0.7967812
2019 0.3787747 0.4282941 0.4178833 0.3807417 0.8561115 0.7804175
2020 0.3436568 0.398775 0.4059862 0.3684294 0.8440952 0.7668602
2021 0.3107085 0.3577803 0.3667521 0.3294619 0.8316258 0.7478243
2022 0.270481 0.3184342 0.3737946 0.3395929 0.8229352 0.7278567
2023 0.2469347 0.2874666 0.5337439 0.5113119 0.8150387 0.7100132

Total abundance: Estimate SD_log
1970 955.8137 0.05299615
1971 1154.939 0.05112515
1972 1357.14 0.04961978
1973 1547.988 0.04874126
1974 1734.563 0.04804234
1975 1912.427 0.04756484
1976 2082.6 0.04721843
1977 2245.294 0.04696433
1978 2400.904 0.04677449
1979 2549.618 0.04663384
1980 2748.618 0.04626025
1981 2992.128 0.04578013
1982 3276.901 0.04525415
1983 3598.335 0.04474794
1984 3952.825 0.04428983
1985 4336.813 0.04389294
1986 4747.223 0.04355692
1987 5179.454 0.04329092
1988 5629.458 0.0430946
1989 6112.447 0.04291019
1990 6639.829 0.0427202
1991 7215.7 0.04255314
1992 7845.046 0.0424225
1993 8533.036 0.04233526
1994 9287.7 0.04228197
1995 10106.36 0.04230027
1996 9869.272 0.03366474
1997 10758.87 0.03279961
1998 11602.21 0.03347415
1999 12609.93 0.0338958
2000 13688.28 0.03197545
2001 14855.41 0.02926483
2002 16204.34 0.0279556
2003 17684.6 0.02667244
2004 19052.54 0.02373426
2005 20386.93 0.02066276
2006 21595.93 0.02431606
2007 23013.46 0.02747269
2008 23832.26 0.03520272
2009 25654.73 0.03353742
2010 26877.45 0.03367618
2011 28677.41 0.03281928
2012 29897.45 0.02964177
2013 32016.32 0.03219647
2014 33097.92 0.04236313
2015 30592.34 0.03757765
2016 30785.1 0.03938366
2017 29094.1 0.04366212
2018 28920.43 0.03813513
2019 29470.23 0.03606089
2020 30332.79 0.03687176
2021 30792.9 0.04033332
2022 31470.76 0.05450142
2023 32309.58 0.0698866
2024 33524.6 0.08421917

Breeding stock abundance: Estimate SD_log Estimate/K
Asia
1970 56.86142 0.09261703 2.561902
1971 69.02463 0.09118391 3.109918
1972 80.72806 0.09029977 3.637218
1973 89.23279 0.09234666 4.0204
1974 99.96501 0.09170346 4.503942
1975 110.1721 0.09130361 4.963824
1976 119.971 0.09099675 5.405315
1977 129.282 0.09082193 5.824826
1978 138.1247 0.09074524 6.223235
1979 146.5178 0.09074395 6.601388
1980 157.7507 0.09032661 7.107487
1981 170.7067 0.09012874 7.691222
1982 186.0096 0.08961573 8.380698
1983 203.3983 0.08889646 9.164147
1984 222.5612 0.0880825 10.02754
1985 243.3721 0.08719557 10.96518
1986 265.5256 0.08631586 11.96331
1987 288.928 0.08543826 13.01771
1988 313.303 0.08461143 14.11593
1989 339.2843 0.08373136 15.28652
1990 367.2452 0.08279625 16.5463
1991 397.5467 0.08176541 17.91154
1992 430.6286 0.08059257 19.40205
1993 466.6707 0.0792887 21.02593
1994 505.8479 0.07787122 22.79107
1995 548.2811 0.07636899 24.70291
1996 595.4968 0.07475397 26.83022
1997 645.999 0.07319201 29.10561
1998 699.2119 0.0717605 31.50312
1999 757.4834 0.07037647 34.12856
2000 819.9251 0.06920209 36.94188
2001 886.3787 0.06834841 39.93596
2002 956.7371 0.0678905 43.10597
2003 1030.839 0.06797937 46.44465
2004 1107.339 0.06866499 49.89137
2005 1184.656 0.0701349 53.37491
2006 1268.746 0.0728574 57.16359
2007 1358.332 0.07699221 61.19992
2008 1434.925 0.08148842 64.65082
2009 1528.669 0.08809623 68.87446
2010 1617.234 0.09540146 72.86478
2011 1713.888 0.105045 77.21954
2012 1810.646 0.1162644 81.57901
2013 1912.921 0.1295586 86.187
2014 2002.692 0.1453298 90.23167
2015 2115.359 0.1607508 95.30791
2016 2141.239 0.1831902 96.47393
2017 2214.906 0.2041451 99.79302
2018 2268.207 0.2277368 102.1945
2019 2329.348 0.2529548 104.9492
2020 2402.635 0.2789886 108.2512
2021 2451.734 0.3097029 110.4633
2022 2489.318 0.3430511 112.1567
2023 2510.287 0.3808212 113.1015
Hawaii
1970 557.8477 0.05374062 2.435053
1971 676.8774 0.05165808 2.954628
1972 796.1651 0.05012442 3.475329
1973 910.4471 0.04913633 3.974179
1974 1020.6 0.04843642 4.455004
1975 1126.068 0.04793937 4.915381
1976 1227.066 0.04757425 5.356249
1977 1323.795 0.04729896 5.778478
1978 1416.382 0.04708936 6.182627
1979 1505.083 0.04692545 6.569815
1980 1623.479 0.04653987 7.086626
1981 1768.735 0.04603949 7.720678
1982 1938.365 0.04550628 8.46113
1983 2129.754 0.04500111 9.296557
1984 2340.858 0.04454927 10.21804
1985 2569.248 0.0441681 11.21499
1986 2813.79 0.04384476 12.28243
1987 3071.145 0.04359731 13.40581
1988 3338.729 0.04342595 14.57384
1989 3626.797 0.04326131 15.83128
1990 3941.988 0.04309226 17.20712
1991 4285.25 0.04296514 18.70548
1992 4660.92 0.04288116 20.34531
1993 5070.987 0.04285911 22.13529
1994 5521.494 0.04288081 24.10179
1995 6008.892 0.04299919 26.22933
1996 5981.379 0.03932296 26.10923
1997 6528.527 0.0383011 28.49758
1998 7035.3 0.04020096 30.70969
1999 7625.09 0.0412493 33.28417
2000 8285.724 0.03946062 36.16789
2001 8976.395 0.03575877 39.18273
2002 9792.525 0.03489466 42.74521
2003 10691.85 0.03399907 46.67084
2004 11493.62 0.03066365 50.17062
2005 12290.63 0.0279722 53.64963
2006 12938.8 0.03154923 56.47896
2007 13943.87 0.03331143 60.86617
2008 14439.73 0.03826726 63.03064
2009 15601.36 0.03658889 68.10127
2010 16312.63 0.03849395 71.20603
2011 17385.78 0.03908697 75.89043
2012 17981.27 0.03418611 78.48975
2013 19229.81 0.03761093 83.93975
2014 19539.64 0.05627319 85.29219
2015 16725.36 0.04150858 73.00764
2016 16617.24 0.04295612 72.53567
2017 14922.27 0.04856705 65.13697
2018 14679.43 0.04299804 64.07697
2019 14881.67 0.03935427 64.95977
2020 15191.35 0.03788806 66.31152
2021 15018.88 0.04839803 65.55869
2022 15378.65 0.05755972 67.1291
2023 15695.45 0.07263685 68.51196
Mexico
1970 292.5227 0.06694804 1.315553
1971 352.1838 0.06616549 1.583864
1972 413.7279 0.06514586 1.860644
1973 472.5457 0.06454454 2.125164
1974 529.4917 0.06408478 2.381265
1975 583.5658 0.06382085 2.624451
1976 635.2211 0.06365292 2.856758
1977 684.5444 0.06355107 3.078578
1978 731.7572 0.06348607 3.290907
1979 776.8526 0.06345554 3.493713
1980 837.2612 0.0632477 3.765386
1981 911.4592 0.0629493 4.099075
1982 998.2719 0.06260928 4.489494
1983 1096.326 0.0622798 4.930471
1984 1204.456 0.06198367 5.416761
1985 1321.674 0.06172418 5.943921
1986 1446.803 0.06151228 6.506657
1987 1578.75 0.06134834 7.100061
1988 1716.474 0.06123084 7.71944
1989 1863.823 0.06112784 8.382107
1990 2024.351 0.06101386 9.104044
1991 2200.424 0.06089056 9.895891
1992 2392.747 0.06079805 10.76082
1993 2603.526 0.0607206 11.70875
1994 2834.371 0.06065752 12.74692
1995 3085.771 0.06062215 13.87754
1996 2920.728 0.05347803 13.13529
1997 3187.375 0.0529869 14.33447
1998 3444.789 0.05213766 15.49213
1999 3767.528 0.05191352 16.94358
2000 4097.974 0.05056672 18.42968
2001 4470.477 0.0492866 20.10493
2002 4886.243 0.04777222 21.97474
2003 5337.736 0.04620998 24.00522
2004 5769.104 0.04433895 25.9452
2005 6168.247 0.04206912 27.74025
2006 6589.657 0.04501297 29.63544
2007 6945.261 0.05014849 31.23469
2008 7140.526 0.06154644 32.11284
2009 7653.474 0.05980739 34.41971
2010 8013.349 0.05861722 36.03817
2011 8560.653 0.05566967 38.49953
2012 9014.522 0.05396844 40.5407
2013 9682.86 0.05350409 43.5464
2014 10247.13 0.05470374 46.08406
2015 10329.48 0.05774741 46.45442
2016 10499.15 0.06021673 47.21749
2017 10324.28 0.06342117 46.43106
2018 10185.9 0.05751622 45.80872
2019 10342.66 0.05443504 46.51371
2020 10673.7 0.05269075 48.00246
2021 11088.01 0.05269949 49.86573
2022 11331.37 0.06464972 50.96019
2023 11704.2 0.07532054 52.6369
Central_Am
1970 48.58187 0.1086399 0.5880433
1971 56.85344 0.1116725 0.6881639
1972 66.51881 0.1119959 0.8051552
1973 75.76281 0.1123194 0.9170461
1974 84.50673 0.1127517 1.022884
1975 92.62107 0.1133358 1.121101
1976 100.3413 0.1138718 1.214548
1977 107.6724 0.1143751 1.303286
1978 114.6406 0.11485 1.38763
1979 121.1649 0.1153933 1.466601
1980 130.1268 0.1158254 1.575078
1981 141.2278 0.1162078 1.709446
1982 154.2542 0.1165614 1.86712
1983 168.8568 0.1169922 2.043872
1984 184.9493 0.1174194 2.238658
1985 202.5193 0.1177765 2.451329
1986 221.105 0.1182061 2.676293
1987 240.6313 0.118654 2.912642
1988 260.9525 0.1191143 3.158614
1989 282.5424 0.1196195 3.419942
1990 306.2446 0.120042 3.706837
1991 332.4794 0.120393 4.024388
1992 360.7498 0.1208868 4.366578
1993 391.8519 0.1213639 4.743043
1994 425.9875 0.1218338 5.156226
1995 463.417 0.122265 5.609279
1996 371.668 0.08710524 4.498733
1997 396.9645 0.0894302 4.804927
1998 422.906 0.08886558 5.118927
1999 459.8268 0.09199031 5.565822
2000 484.6575 0.08884743 5.866378
2001 522.1543 0.08567576 6.320246
2002 568.8389 0.08435762 6.885325
2003 624.1755 0.08413529 7.555127
2004 682.4793 0.08441564 8.260847
2005 743.3957 0.08597771 8.99819
2006 798.7291 0.0933538 9.667955
2007 765.9973 0.1022157 9.271764
2008 817.0839 0.09656428 9.890125
2009 871.2249 0.09118882 10.54546
2010 934.2364 0.08675146 11.30816
2011 1017.085 0.08558676 12.31097
2012 1091.02 0.08185015 13.20589
2013 1190.731 0.07973374 14.41281
2014 1308.459 0.0787159 15.83781
2015 1422.138 0.07839615 17.21381
2016 1527.468 0.07837409 18.48874
2017 1632.637 0.07844871 19.76173
2018 1786.887 0.07879752 21.62878
2019 1916.546 0.07995924 23.19821
2020 2065.11 0.08089732 24.99645
2021 2234.275 0.08406064 27.04405
2022 2271.429 0.0968188 27.49376
2023 2399.646 0.100948 29.04573

Feeding stock abundance: Estimate SD_log Estimate/K
RUS+WAL
1970 68.2297 0.1147151 2.217307
1971 83.46013 0.1127588 2.712261
1972 97.99208 0.1116312 3.184515
1973 108.0237 0.1148706 3.510518
1974 121.4027 0.1138432 3.945307
1975 134.2423 0.113069 4.362563
1976 146.4791 0.1125183 4.760232
1977 158.1408 0.1121267 5.139209
1978 169.2469 0.1118527 5.500132
1979 179.8197 0.1116684 5.843724
1980 193.8853 0.1110953 6.300823
1981 210.1076 0.1108774 6.828011
1982 229.3061 0.1103011 7.451916
1983 251.0751 0.1095176 8.159357
1984 275.2253 0.1085787 8.944184
1985 301.3989 0.1075852 9.794766
1986 329.4295 0.1065604 10.70569
1987 358.9918 0.1055608 11.6664
1988 389.8742 0.104604 12.67001
1989 422.8774 0.1035895 13.74253
1990 458.3366 0.1025592 14.89488
1991 496.9249 0.1014317 16.14891
1992 538.9951 0.1001961 17.51609
1993 584.8998 0.09884486 19.00789
1994 634.867 0.09739825 20.6317
1995 689.0527 0.09588906 22.39261
1996 747.4975 0.09436353 24.29193
1997 809.8713 0.09287814 26.31894
1998 876.5517 0.09148571 28.4859
1999 947.7234 0.09024254 30.79881
2000 1023.565 0.08922003 33.26348
2001 1104.426 0.08850117 35.89129
2002 1190.419 0.08821342 38.68586
2003 1281.825 0.08849728 41.65633
2004 1378.588 0.08952741 44.80092
2005 1480.665 0.09149338 48.11818
2006 1588.057 0.09459046 51.60817
2007 1700.339 0.09898831 55.25708
2008 1817.209 0.1048379 59.05507
2009 1938.135 0.1122667 62.9849
2010 2062.596 0.1213784 67.02959
2011 2189.874 0.1322535 71.16584
2012 2319.159 0.1449719 75.3673
2013 2439.771 0.160122 79.2869
2014 2584.729 0.1758838 83.99769
2015 2667.331 0.197236 86.68207
2016 2799.876 0.2175994 90.98947
2017 2927.659 0.2400157 95.14212
2018 3045.006 0.2647832 98.95563
2019 3164.086 0.2908434 102.8254
2020 3251.143 0.3206996 105.6546
2021 3323.619 0.3530448 108.0099
2022 3380.977 0.3876627 109.8739
2023 3416.404 0.426552 111.0252
EAL+BER
1970 275.4804 0.1006314 1.737731
1971 336.5541 0.09946453 2.122984
1972 395.9894 0.09858825 2.497902
1973 453.9862 0.09781559 2.863746
1974 509.578 0.0972763 3.21442
1975 562.9005 0.09688078 3.550778
1976 614.0293 0.09658141 3.873298
1977 663.0972 0.09634627 4.182819
1978 710.1414 0.09615977 4.479574
1979 755.2427 0.09600948 4.764073
1980 815.0782 0.09568742 5.141516
1981 888.7348 0.09520409 5.606142
1982 974.8987 0.09463238 6.149664
1983 1072.316 0.09402741 6.764169
1984 1179.813 0.09342514 7.442265
1985 1296.359 0.09284487 8.177436
1986 1420.99 0.09229629 8.96361
1987 1552.725 0.09178506 9.794597
1988 1690.707 0.09131376 10.66499
1989 1838.306 0.09084613 11.59604
1990 1998.826 0.09034014 12.6086
1991 2174.433 0.08979849 13.71633
1992 2367.171 0.08921491 14.93212
1993 2578.438 0.08859905 16.26479
1994 2809.421 0.08795843 17.72184
1995 3060.744 0.08731079 19.30718
1996 3388.136 0.08553186 21.37237
1997 3733.638 0.08347986 23.5518
1998 4079.636 0.08057112 25.73436
1999 4510.857 0.0787416 28.4545
2000 4987.507 0.0770011 31.46121
2001 5501.334 0.07521397 34.70243
2002 6039.109 0.07281783 38.09472
2003 6597.442 0.07024024 41.61669
2004 7116.822 0.06579026 44.89294
2005 7538.98 0.05964149 47.55591
2006 8098.44 0.06531099 51.08498
2007 8753.313 0.07197915 55.21592
2008 8798.343 0.09916547 55.49997
2009 9413.581 0.09730211 59.38089
2010 9749.392 0.09475713 61.49919
2011 10343.51 0.08978696 65.24691
2012 10905.87 0.08593766 68.79427
2013 11680.4 0.08414667 73.68002
2014 12424.16 0.0847359 78.37164
2015 13007.17 0.08669899 82.04928
2016 12977.02 0.09367649 81.8591
2017 12585.33 0.1027992 79.3883
2018 11556.54 0.1016638 72.89869
2019 11261.53 0.1012443 71.03775
2020 11293.45 0.09965535 71.23913
2021 11614.01 0.1011512 73.26122
2022 11943.04 0.1117297 75.33673
2023 12156.02 0.1307316 76.68022
GOA
1970 102.997 0.07636039 1.952113
1971 123.3353 0.07649939 2.337588
1972 145.7296 0.07523031 2.762028
1973 167.2276 0.07440638 3.169483
1974 187.8423 0.07383628 3.560195
1975 207.6218 0.073421 3.935079
1976 226.5037 0.07313781 4.29295
1977 244.6301 0.07291751 4.636501
1978 262.021 0.07274233 4.966112
1979 278.7057 0.07260023 5.28234
1980 301.0191 0.07227179 5.705248
1981 328.4342 0.07183886 6.224848
1982 360.3676 0.07138753 6.830086
1983 396.3641 0.07095686 7.512331
1984 436.0635 0.07055655 8.264759
1985 478.9898 0.07021124 9.078345
1986 524.8823 0.06990628 9.948151
1987 573.2015 0.06966387 10.86395
1988 623.845 0.0694524 11.8238
1989 678.0134 0.06925812 12.85046
1990 736.8676 0.0690633 13.96593
1991 801.2747 0.06887055 15.18665
1992 871.8422 0.06869361 16.52412
1993 949.1694 0.06853638 17.98971
1994 1033.535 0.06841809 19.58871
1995 1125.231 0.06834803 21.32662
1996 1229.18 0.06990535 23.29678
1997 1337.933 0.06850112 25.35798
1998 1433.512 0.07131408 27.16951
1999 1540.85 0.07252294 29.2039
2000 1662.621 0.06963586 31.51184
2001 1786.257 0.06426543 33.85512
2002 1944.936 0.06331185 36.86258
2003 2125.192 0.06260727 40.27899
2004 2282.025 0.061508 43.25147
2005 2451.415 0.06090792 46.46193
2006 2552.28 0.06591817 48.37363
2007 2748.547 0.06664834 52.09352
2008 2876.864 0.06653823 54.52551
2009 3125.713 0.06616831 59.24198
2010 3278.574 0.07065584 62.13916
2011 3511.416 0.07412075 66.55225
2012 3591.515 0.07049095 68.07036
2013 3834.81 0.07622574 72.68157
2014 3798.115 0.1058909 71.98609
2015 2785.741 0.08383081 52.79845
2016 2753.159 0.08810665 52.18093
2017 2261.749 0.09835958 42.86718
2018 2334.875 0.1030949 44.25313
2019 2437.312 0.1049157 46.19464
2020 2515.418 0.1089285 47.675
2021 2385.566 0.1370858 45.21388
2022 2437.888 0.1425998 46.20556
2023 2486.939 0.1515262 47.13522
SEA+NBC
1970 293.8235 0.06243827 2.32486
1971 354.3876 0.061281 2.80407
1972 415.2121 0.06027046 3.28534
1973 473.5078 0.05964699 3.746601
1974 529.2254 0.05925296 4.187463
1975 582.5172 0.05899625 4.609131
1976 633.4801 0.05882826 5.012372
1977 682.2127 0.05872058 5.397966
1978 728.7028 0.05866315 5.765816
1979 773.1361 0.05863563 6.117391
1980 832.5934 0.05842708 6.587843
1981 905.5263 0.05812723 7.16492
1982 990.6615 0.05779895 7.838547
1983 1086.519 0.05749919 8.597016
1984 1192.113 0.05724029 9.432523
1985 1306.163 0.05704086 10.33494
1986 1428.408 0.05686995 11.30219
1987 1556.442 0.05678286 12.31525
1988 1688.387 0.05679976 13.35926
1989 1831.277 0.05677567 14.48987
1990 1988.708 0.05669843 15.73553
1991 2159.307 0.05668754 17.08538
1992 2345.37 0.05673292 18.5576
1993 2547.409 0.05686229 20.15621
1994 2770.63 0.05699447 21.92244
1995 3010.5 0.05725435 23.8204
1996 3281.93 0.05978028 25.96807
1997 3563.831 0.05879103 28.19859
1998 3810.864 0.06241462 30.15322
1999 4086.662 0.06461595 32.33546
2000 4397.058 0.06273226 34.79145
2001 4714.377 0.05778122 37.30221
2002 5121.231 0.05758396 40.52142
2003 5585.423 0.05711533 44.19431
2004 5981.444 0.05326547 47.3278
2005 6405.72 0.05141204 50.68486
2006 6646.576 0.05684458 52.59062
2007 7134.497 0.05794208 56.45127
2008 7459.089 0.05762595 59.01958
2009 8083.531 0.05672956 63.96043
2010 8451.516 0.06075304 66.8721
2011 8992.787 0.0643265 71.15487
2012 9162.376 0.05616294 72.49673
2013 9770.684 0.06159701 77.30993
2014 9630.606 0.09492807 76.20157
2015 7035.08 0.06113621 55.66463
2016 6913.226 0.06133684 54.70047
2017 5645.024 0.06471695 44.6659
2018 5797.441 0.06271068 45.87189
2019 6015.03 0.05824699 47.59355
2020 6174.103 0.05598529 48.8522
2021 5814.547 0.106542 46.00724
2022 5902.617 0.1130303 46.70409
2023 5984.785 0.1245527 47.35424
SBC+WA
1970 117.0118 0.2806497 1.440341
1971 144.3336 0.2807755 1.776655
1972 170.5448 0.2809104 2.099299
1973 195.6776 0.2810431 2.408667
1974 219.7772 0.2811583 2.705318
1975 242.8953 0.2812572 2.989887
1976 265.0712 0.2813428 3.262858
1977 286.263 0.2815102 3.523716
1978 306.5601 0.2816619 3.773561
1979 326.028 0.2817931 4.013197
1980 352.1491 0.2819226 4.334732
1981 384.313 0.2820504 4.73065
1982 421.8214 0.2822492 5.192354
1983 464.2728 0.2824324 5.714904
1984 511.1575 0.2826024 6.292025
1985 561.881 0.2828256 6.916399
1986 616.1543 0.2830337 7.584468
1987 673.5574 0.2832285 8.291065
1988 733.6141 0.2834503 9.030324
1989 798.0339 0.2836568 9.823291
1990 868.0441 0.2838931 10.68507
1991 944.7156 0.2841561 11.62885
1992 1029.076 0.2844095 12.66727
1993 1121.668 0.2846893 13.80702
1994 1223.039 0.2849873 15.05483
1995 1333.519 0.2853013 16.41478
1996 267.7996 0.09751737 3.296444
1997 289.0862 0.0831585 3.558468
1998 311.872 0.07331237 3.838946
1999 340.0741 0.06848093 4.186096
2000 374.7533 0.0664702 4.612975
2001 413.4354 0.06497854 5.089128
2002 457.0093 0.06414964 5.625494
2003 503.7652 0.0627962 6.20103
2004 554.3335 0.06244558 6.823494
2005 618.5795 0.06203724 7.614321
2006 688.0887 0.06261415 8.469936
2007 765.7759 0.06306414 9.426216
2008 854.0621 0.06428843 10.51296
2009 940.4809 0.06584424 11.57672
2010 1035.313 0.0675482 12.74404
2011 1138.218 0.0697653 14.01074
2012 1244.395 0.07307812 15.31772
2013 1365.993 0.07737857 16.81451
2014 1457.805 0.08923613 17.94466
2015 1536.774 0.101794 18.91671
2016 1560.848 0.1033028 19.21305
2017 1627.346 0.08973324 20.03159
2018 1749.623 0.08601313 21.53675
2019 1839.474 0.08541971 22.64275
2020 1944.646 0.08429998 23.93736
2021 2072.765 0.0869975 25.51443
2022 2161.099 0.1025186 26.60176
2023 2294.246 0.1113215 28.24072
OR+CA
1970 95.97132 0.04672666 0.9005068
1971 110.4686 0.04660338 1.036535
1972 129.0719 0.04498126 1.211092
1973 146.7655 0.04394395 1.377113
1974 163.6374 0.04324029 1.535423
1975 179.0495 0.04290738 1.680036
1976 193.6363 0.04270336 1.816905
1977 207.45 0.0425889 1.94652
1978 220.4319 0.04255011 2.068331
1979 232.686 0.04256051 2.183311
1980 249.593 0.04226531 2.341952
1981 270.5126 0.04182638 2.538242
1982 295.0457 0.04134077 2.768438
1983 322.6884 0.04090226 3.027811
1984 353.0518 0.04054348 3.312714
1985 386.2212 0.04022928 3.623946
1986 421.3593 0.04002114 3.953649
1987 458.1357 0.03990734 4.298725
1988 496.2304 0.03987624 4.65617
1989 536.739 0.03989227 5.036266
1990 581.3466 0.03988987 5.454823
1991 630.844 0.03987544 5.91926
1992 683.891 0.03998243 6.417005
1993 742.1517 0.04013745 6.96367
1994 806.4084 0.04033023 7.566596
1995 876.9148 0.04057155 8.228163
1996 943.829 0.05195653 8.856025
1997 1006.505 0.05669623 9.444122
1998 1070.772 0.05541729 10.04714
1999 1163.561 0.06087183 10.91779
2000 1221.277 0.05659935 11.45934
2001 1312.976 0.05100756 12.31976
2002 1428.54 0.04873996 13.40411
2003 1567.254 0.04852638 14.70567
2004 1712.827 0.04933476 16.07159
2005 1861.168 0.05233967 17.46349
2006 1993.29 0.06733038 18.7032
2007 1879.786 0.07986428 17.63818
2008 1994.195 0.07064373 18.71169
2009 2117.287 0.06203595 19.86668
2010 2262.262 0.05403704 21.22699
2011 2459.001 0.05207187 23.073
2012 2630.536 0.04587939 24.68254
2013 2868.759 0.04143799 26.9178
2014 3164.2 0.03823945 29.68995
2015 3451.842 0.03649652 32.38891
2016 3732.471 0.03608764 35.02208
2017 4000.189 0.03710039 37.5341
2018 4386.045 0.03847667 41.15462
2019 4715.2 0.04230988 44.2431
2020 5081.129 0.04633447 47.67665
2021 5504.588 0.05323957 51.65
2022 5583.942 0.07071203 52.39458
2023 5890.483 0.07742562 55.27088

Parameters: Estimate  Std. Error      z value    Pr(>|z^2|)
rval 0.09105714 0.00140445 64.83483237 0
logK 7.70503735 0.74776873 10.30403786 0
logK 10.03928776 0.26859324 37.37729057 0
logK 10.00945576 0.51856285 19.30230024 0
logK 9.01937523 0.78022229 11.56000711 0
logBK 3.63846743 0.82436777 4.41364592 1.016e-05
logBK 3.69054983 0.28039157 13.1621284 0
logBK 4.31767061 0.53939752 8.00461708 0
logBK 5.13022704 0.78856412 6.50578296 0
MixPars -1.7418836 0.30068311 -5.7930876 1e-08
MixPars -3.23726505 0.21829358 -14.82986831 0
MixPars -0.69919878 0.13424591 -5.20834329 1.9e-07
MixPars -1.33162041 0.09524182 -13.9814672 0
MixPars -1.56400017 0.29532134 -5.29592668 1.2e-07
MixPars -2.58811689 0.24545853 -10.54400861 0
MixPars -1.47008292 0.16622394 -8.84399046 0
MixPars -2.07421091 0.27856301 -7.44611035 0
MixPars -1.03683532 0.3363354 -3.08274215 0.00205103
MixPars -0.7536432 0.12384515 -6.08536721 0
MixPars -0.98699292 0.33196884 -2.9731493 0.00294761
AddV 0.04012648 0.02075875 1.93299137 0.05323726
AddV 0.01042698 0.00334269 3.11934157 0.00181256
AddV 0.02200379 0.01546222 1.42306808 0.15471642
omega_sst 0.39420491 0.15826239 2.49083137 0.01274446
omega_chl 0.55252842 0.73326566 0.75351738 0.45113907
SFdev -0.52765448 0.85894663 -0.61430415 0.53901436
SFdev -0.42144007 0.84455925 -0.49900593 0.61777521
SFdev -0.16996147 0.81542671 -0.20843255 0.83489125
SFdev -0.65524717 0.8819459 -0.74295619 0.4575082
SFdev -0.68657943 0.8857822 -0.77511089 0.43827414
SFdev -0.59804383 0.86484587 -0.69150337 0.48924926
SFdev -0.43081064 0.84845927 -0.50775642 0.61162418
SFdev -0.2931722 0.81222691 -0.36094864 0.71813784
SFdev 0.0377081 0.85285558 0.04421393 0.96473388
SFdev 0.37466826 0.83195901 0.45034461 0.65246197
SFdev 0.06264679 0.81568105 0.07680305 0.93878022
SFdev -0.14322673 0.97348492 -0.14712783 0.88303112
SFdev 0.98668216 0.92240136 1.06968854 0.28475953
SFdev 0.00089441 1.09856252 0.00081417 0.99935039
SFdev 0.56400869 1.21688598 0.46348524 0.64301659
SFdev 0.05551101 1.03761088 0.05349887 0.95733443
SFdev 0.14025296 0.99092953 0.14153677 0.88744592
SFdev -0.36431605 1.00230955 -0.36347658 0.71624891
SFdev -0.18378819 0.89843345 -0.20456517 0.83791187
SFdev 0.12384159 0.85225841 0.14530991 0.88446619
SFdev 0.82543524 0.92045098 0.89677262 0.36984026
SFdev 1.12559196 0.86924832 1.29490267 0.19535381
SFdev 1.50066547 0.69517066 2.1587008 0.03087339
SFdev 1.03344416 0.86035178 1.20118792 0.22967831
SFdev 0.65211547 0.79009052 0.82536805 0.40916267
SFdev 0.16523058 0.83441973 0.19801854 0.84303056
SFdev 0.03890226 1.00051926 0.03888207 0.96898441
SFdev 0.11790932 1.00667765 0.11712719 0.90675926
SFdev -0.03501413 1.00012425 -0.03500978 0.97207195
SFdev -0.10449907 0.65122314 -0.16046584 0.87251413
SFdev -0.05126193 0.65403981 -0.07837738 0.93752786
SFdev 0.27628625 0.59551828 0.46394252 0.64268893
SFdev 0.19152933 0.67220915 0.2849252 0.77570145
SFdev 0.08689143 0.80203774 0.10833833 0.91372732
SFdev 0.16237264 0.68185118 0.23813501 0.81177638
SFdev -0.2014399 0.60380878 -0.33361539 0.7386698
SFdev -0.34570526 0.60818491 -0.56842129 0.56974893
SFdev 0.10800413 0.60308808 0.17908516 0.85787083
SFdev 0.06395381 0.55080197 0.11611035 0.90756509
SFdev 0.60329132 0.54103191 1.1150753 0.26481816
SFdev -0.06165184 0.61361991 -0.10047235 0.91996933
SFdev 0.45891976 0.58014956 0.791037 0.4289224
SFdev -0.46430805 0.62941938 -0.73767676 0.4607109
SFdev 0.38429077 0.56191179 0.68389876 0.4940391
SFdev -0.10408451 0.68941602 -0.1509749 0.87999552
SFdev 0.67985648 0.55330582 1.22871737 0.21917779
SFdev -0.23179079 0.71904279 -0.32236022 0.74717982
SFdev 0.98755413 0.83847169 1.1778026 0.23887531
SFdev 2.47957795 0.25924915 9.56445952 0
SFdev 0.93586865 0.42945083 2.1792219 0.02931519
SFdev 2.07507399 0.21477142 9.66177905 0
SFdev 0.28152412 0.68333942 0.41198286 0.68035199
SFdev -0.03592278 0.64022198 -0.05610989 0.95525427
SFdev 0.10117646 0.55768514 0.1814222 0.8560362
SFdev 1.21536068 0.79868704 1.52169826 0.1280847
SFdev 0.17692762 0.71288386 0.24818575 0.80399069
SFdev 0.31428488 0.71881493 0.43722643 0.66194715
SFdev 0.10534172 0.71285391 0.14777463 0.88252063
SFdev 4.71538221 0.37023296 12.73625734 0
SFdev 0.10759917 1.15355361 0.09327626 0.92568409
SFdev 0.13795951 0.92407261 0.14929509 0.88132079
SFdev -0.1650001 0.83927246 -0.19659896 0.84414138
SFdev -0.59854727 0.84948431 -0.70460074 0.48105874
SFdev -0.62470107 0.81792328 -0.76376487 0.44500738
SFdev -0.74438767 0.81187929 -0.91686988 0.35921083
SFdev -0.63195079 0.80444317 -0.78557543 0.43211627
SFdev -0.60061725 0.77158451 -0.77842057 0.43632112
SFdev -0.52677698 0.76908252 -0.68494207 0.49338048
SFdev -0.64005334 0.78601133 -0.81430548 0.41546997
SFdev -0.64943196 0.79597838 -0.81589146 0.41456222
SFdev -0.51099439 0.81090512 -0.63015312 0.52859441
SFdev -0.60705301 0.86689672 -0.7002599 0.48376501
SFdev -0.15035336 0.86519797 -0.17377915 0.86203903
SFdev -0.3662455 0.93504424 -0.39168788 0.69528885
SFdev -0.30072397 0.93800825 -0.32059842 0.74851473
SFdev -0.18250914 0.98244929 -0.18576953 0.8526255
SFdev 0.41904105 1.07664728 0.38920922 0.69712139
SFdev 0.53830245 1.13384507 0.47475838 0.6349592
SFdev 0.9856573 1.21785499 0.8093388 0.41832029
SFdev 0.68757622 1.12111547 0.61329652 0.53968029
SFdev 0.14285235 1.01133355 0.14125147 0.88767129
SFdev 0.38708985 0.97532201 0.39688415 0.69145289
SFdev 0.46707147 0.89683666 0.52079881 0.60250693
SFdev 0.1958892 0.90092712 0.21743068 0.82787272
SFdev 0.65335739 0.95646323 0.68309724 0.4945454
SFdev 0.39181638 0.97428008 0.4021599 0.68756635
SFdev 0.59663917 1.05358395 0.56629485 0.57119336
SFdev 0.21526385 0.96958786 0.22201583 0.82430156
SFdev 0.35890315 0.98871753 0.36299867 0.71660588
SFdev 0.389685 0.91408779 0.42631025 0.66988179
SFdev -0.08290208 1.0872413 -0.07624994 0.93922025
SFdev 0.57572537 1.00179902 0.57469148 0.56549997
SFdev 0.18961701 0.95826688 0.19787494 0.84314291
SFdev -0.11952526 0.90900169 -0.13149069 0.89538715
SFdev -0.36513115 0.8606293 -0.42426066 0.67137573
SFdev -0.26685021 0.86761936 -0.30756599 0.7584126
SFdev -0.08400906 0.84010154 -0.0999987 0.92034536
SFdev 0.22179875 1.05559841 0.2101166 0.83357667
SFdev 1.53622963 0.6506677 2.36100492 0.01822549
SFdev 0.39202695 1.0489299 0.3737399 0.70859784
SFdev 0.44972821 1.09797102 0.40959935 0.68209988
SFdev 0.31512234 1.02235734 0.30823112 0.75790648
SFdev -0.26539308 1.05799132 -0.25084618 0.80193303
SFdev 0.24737623 0.99385963 0.24890459 0.80343458
SFdev -0.23407048 0.87825881 -0.26651651 0.78984145
SFdev -0.66284431 0.81182417 -0.81648752 0.41422136
SFdev -0.74887237 0.71188247 -1.05196068 0.29281759
SFdev -0.89004098 0.71361032 -1.24723669 0.21231072
SFdev -0.79389682 0.71619391 -1.10849425 0.26764842
SFdev -0.65344712 0.75020212 -0.87102809 0.38373882
SFdev -0.27852815 0.80014387 -0.34809758 0.7277669
SFdev -0.06473735 0.88759296 -0.07293585 0.94185717
SFdev -0.07754858 0.86967931 -0.08916917 0.92894747
SFdev 0.90031864 0.89958067 1.00082035 0.31691367
SFdev 0.30462887 1.07327854 0.28383021 0.7765405
SFdev 0.15229765 1.03120127 0.14768955 0.88258778

Mixing matrix
0.85092616 0.14907384 0 0 0 0 ,# Asia
0.01954177 0.24730452 0.13139379 0.49761129 0.10414863 0 ,# Hawaii
0.03331702 0.44327279 0.10191126 0.05569968 0.15717346 0.20862579 ,# Mexico
0 0 0 0 0.27150644 0.72849356 ,# Central_Am

Split of breeding stock to feeding grounds over time
Split for: Asia
Year RUS+WAL EAL+BER GOA SEA+NBC SBC+WA OR+CA
1970 0.85217 0.14783 0 0 0 0
1971 0.85272 0.14728 0 0 0 0
1972 0.84746 0.15254 0 0 0 0
1973 0.8484 0.1516 0 0 0 0
1974 0.8491 0.1509 0 0 0 0
1975 0.84964 0.15036 0 0 0 0
1976 0.85006 0.14994 0 0 0 0
1977 0.8504 0.1496 0 0 0 0
1978 0.85068 0.14932 0 0 0 0
1979 0.85094 0.14906 0 0 0 0
1980 0.85123 0.14877 0 0 0 0
1981 0.85083 0.14917 0 0 0 0
1982 0.85055 0.14945 0 0 0 0
1983 0.85037 0.14963 0 0 0 0
1984 0.85026 0.14974 0 0 0 0
1985 0.8502 0.1498 0 0 0 0
1986 0.85017 0.14983 0 0 0 0
1987 0.85017 0.14983 0 0 0 0
1988 0.85019 0.14981 0 0 0 0
1989 0.85022 0.14978 0 0 0 0
1990 0.85019 0.14981 0 0 0 0
1991 0.8501 0.1499 0 0 0 0
1992 0.85 0.15 0 0 0 0
1993 0.84987 0.15013 0 0 0 0
1994 0.84972 0.15028 0 0 0 0
1995 0.84957 0.15043 0 0 0 0
1996 0.84729 0.15271 0 0 0 0
1997 0.84532 0.15468 0 0 0 0
1998 0.84439 0.15561 0 0 0 0
1999 0.84167 0.15833 0 0 0 0
2000 0.83877 0.16123 0 0 0 0
2001 0.83606 0.16394 0 0 0 0
2002 0.83389 0.16611 0 0 0 0
2003 0.83218 0.16782 0 0 0 0
2004 0.83209 0.16791 0 0 0 0
2005 0.83433 0.16567 0 0 0 0
2006 0.83445 0.16555 0 0 0 0
2007 0.83345 0.16655 0 0 0 0
2008 0.84211 0.15789 0 0 0 0
2009 0.84202 0.15798 0 0 0 0
2010 0.84602 0.15398 0 0 0 0
2011 0.8464 0.1536 0 0 0 0
2012 0.84733 0.15267 0 0 0 0
2013 0.84582 0.15418 0 0 0 0
2014 0.84487 0.15513 0 0 0 0
2015 0.84552 0.15448 0 0 0 0
2016 0.85197 0.14803 0 0 0 0
2017 0.86116 0.13884 0 0 0 0
2018 0.87547 0.12453 0 0 0 0
2019 0.8821 0.1179 0 0 0 0
2020 0.88498 0.11502 0 0 0 0
2021 0.88481 0.11519 0 0 0 0
2022 0.88427 0.11573 0 0 0 0
2023 0.88403 0.11597 0 0 0 0
2024 0.88327 0.11673 0 0 0 0
Split for: Hawaii
Year RUS+WAL EAL+BER GOA SEA+NBC SBC+WA OR+CA
1970 0.0199 0.24937 0.12977 0.495 0.10597 0
1971 0.02003 0.24994 0.13062 0.49264 0.10676 0
1972 0.01931 0.25103 0.13122 0.49111 0.10733 0
1973 0.0195 0.25168 0.13159 0.48956 0.10768 0
1974 0.01964 0.25221 0.13188 0.48831 0.10795 0
1975 0.01976 0.25268 0.13208 0.48728 0.1082 0
1976 0.01986 0.25311 0.13226 0.4864 0.10837 0
1977 0.01994 0.25351 0.13244 0.48557 0.10854 0
1978 0.02001 0.25388 0.13261 0.48481 0.10869 0
1979 0.02008 0.25417 0.13277 0.48414 0.10884 0
1980 0.02015 0.25445 0.13297 0.48339 0.10903 0
1981 0.02012 0.25481 0.13315 0.48269 0.10924 0
1982 0.02011 0.2552 0.13331 0.48192 0.10947 0
1983 0.02011 0.25558 0.13346 0.48115 0.1097 0
1984 0.02012 0.25599 0.13359 0.48038 0.10992 0
1985 0.02014 0.25632 0.13369 0.47975 0.1101 0
1986 0.02017 0.25673 0.13378 0.479 0.11032 0
1987 0.02021 0.25729 0.13396 0.47797 0.11058 0
1988 0.02024 0.25765 0.13404 0.4773 0.11077 0
1989 0.02026 0.25784 0.13404 0.47699 0.11087 0
1990 0.02028 0.2581 0.13409 0.47651 0.11102 0
1991 0.02029 0.25842 0.13416 0.47593 0.1112 0
1992 0.0203 0.25881 0.13427 0.47519 0.11143 0
1993 0.0203 0.25906 0.13429 0.47475 0.1116 0
1994 0.02031 0.25942 0.13436 0.47409 0.11182 0
1995 0.02031 0.25977 0.13443 0.47342 0.11206 0
1996 0.02222 0.2892 0.14764 0.51839 0.02255 0
1997 0.02212 0.29234 0.14731 0.51587 0.02235 0
1998 0.0223 0.29675 0.14661 0.51195 0.02239 0
1999 0.02232 0.30316 0.14552 0.50647 0.02253 0
2000 0.02224 0.30867 0.14448 0.50174 0.02288 0
2001 0.02222 0.3146 0.14335 0.49653 0.02331 0
2002 0.02201 0.31662 0.14308 0.49466 0.02363 0
2003 0.02178 0.31713 0.14328 0.49395 0.02386 0
2004 0.02186 0.31849 0.14317 0.49203 0.02445 0
2005 0.02203 0.31579 0.14391 0.49287 0.0254 0
2006 0.02251 0.32237 0.14235 0.48587 0.02689 0
2007 0.02242 0.32346 0.14199 0.48414 0.02799 0
2008 0.02322 0.31431 0.14378 0.48895 0.02974 0
2009 0.02299 0.31144 0.14463 0.49016 0.03077 0
2010 0.02351 0.309 0.14552 0.48972 0.03224 0
2011 0.02349 0.30772 0.14605 0.48958 0.03316 0
2012 0.02411 0.31363 0.14416 0.48273 0.03538 0
2013 0.02391 0.3147 0.14428 0.48074 0.03636 0
2014 0.0249 0.33007 0.14059 0.46635 0.03808 2e-05
2015 0.03067 0.40461 0.12049 0.39729 0.04692 3e-05
2016 0.03238 0.40615 0.12007 0.39336 0.04801 3e-05
2017 0.03769 0.43861 0.10989 0.35818 0.0556 3e-05
2018 0.03999 0.41044 0.11545 0.37384 0.06025 3e-05
2019 0.04092 0.39453 0.11879 0.38246 0.06327 3e-05
2020 0.04141 0.38816 0.12046 0.38481 0.06513 3e-05
2021 0.04311 0.4046 0.11538 0.36616 0.07073 2e-05
2022 0.04305 0.40608 0.11535 0.36335 0.07214 2e-05
2023 0.04298 0.40631 0.1152 0.3606 0.07489 3e-05
2024 0.0417 0.39711 0.11753 0.36824 0.07539 3e-05
Split for: Mexico
Year RUS+WAL EAL+BER GOA SEA+NBC SBC+WA OR+CA
1970 0.03409 0.44915 0.10114 0.05568 0.16069 0.19925
1971 0.03425 0.44927 0.1016 0.0553 0.16158 0.19799
1972 0.03297 0.45069 0.10195 0.05506 0.16224 0.19709
1973 0.03325 0.45122 0.10209 0.05481 0.16253 0.1961
1974 0.03349 0.45206 0.10229 0.05466 0.16291 0.19459
1975 0.03369 0.45284 0.10243 0.05454 0.16326 0.19325
1976 0.03385 0.4536 0.10257 0.05444 0.16351 0.19203
1977 0.034 0.4543 0.1027 0.05435 0.16376 0.1909
1978 0.03412 0.45498 0.10283 0.05426 0.16399 0.18981
1979 0.03424 0.45557 0.10297 0.0542 0.16424 0.18879
1980 0.03435 0.45606 0.10313 0.05411 0.16453 0.18782
1981 0.03429 0.45661 0.10325 0.05403 0.16482 0.18701
1982 0.03426 0.45711 0.10332 0.05391 0.16509 0.18631
1983 0.03424 0.45758 0.1034 0.0538 0.16536 0.18562
1984 0.03424 0.45795 0.10342 0.05368 0.16555 0.18516
1985 0.03426 0.45834 0.10344 0.05358 0.16576 0.18462
1986 0.03428 0.45879 0.10345 0.05346 0.16598 0.18404
1987 0.03432 0.45929 0.10347 0.05329 0.1662 0.18343
1988 0.03436 0.45977 0.1035 0.0532 0.16642 0.18275
1989 0.03439 0.46012 0.1035 0.05317 0.16658 0.18224
1990 0.0344 0.46036 0.10349 0.05309 0.16671 0.18196
1991 0.03441 0.46078 0.10351 0.053 0.16694 0.18136
1992 0.03441 0.46118 0.10353 0.05289 0.16717 0.18082
1993 0.0344 0.46147 0.10351 0.05282 0.16737 0.18043
1994 0.03438 0.46168 0.10347 0.0527 0.16756 0.18021
1995 0.03435 0.46188 0.10343 0.05258 0.16775 0.18001
1996 0.03948 0.54027 0.11935 0.06049 0.03547 0.20495
1997 0.03929 0.54584 0.11902 0.06016 0.03514 0.20055
1998 0.03939 0.55111 0.11781 0.05939 0.03502 0.19728
1999 0.03897 0.55663 0.11561 0.05808 0.03483 0.19588
2000 0.03871 0.56501 0.11443 0.05736 0.03526 0.18923
2001 0.03835 0.57087 0.11255 0.05628 0.03562 0.18634
2002 0.03787 0.57273 0.11198 0.05589 0.03599 0.18554
2003 0.0374 0.57251 0.11192 0.05569 0.03628 0.18621
2004 0.03728 0.57114 0.11109 0.05511 0.03692 0.18847
2005 0.03754 0.56595 0.1116 0.05517 0.03835 0.19139
2006 0.03774 0.56848 0.10861 0.05351 0.03996 0.19169
2007 0.03839 0.58241 0.11062 0.05444 0.04247 0.17168
2008 0.03997 0.56882 0.11259 0.05526 0.04535 0.17801
2009 0.03982 0.56708 0.11395 0.05574 0.04722 0.17619
2010 0.04061 0.56115 0.11435 0.05554 0.04936 0.17898
2011 0.04039 0.55647 0.11429 0.05529 0.05055 0.183
2012 0.04067 0.55632 0.11065 0.05348 0.05292 0.18596
2013 0.04004 0.55413 0.10993 0.05287 0.05399 0.18903
2014 0.04005 0.55831 0.10291 0.04927 0.05433 0.19514
2015 0.04195 0.58187 0.07498 0.03568 0.05693 0.20858
2016 0.04335 0.57186 0.07316 0.03459 0.05704 0.21999
2017 0.04579 0.56029 0.06075 0.02858 0.05996 0.24464
2018 0.04847 0.52318 0.06368 0.02976 0.06485 0.27006
2019 0.04926 0.49949 0.06508 0.03024 0.06766 0.28828
2020 0.04914 0.48442 0.06505 0.02999 0.06868 0.30272
2021 0.04859 0.47973 0.0592 0.02711 0.0709 0.31448
2022 0.0485 0.48129 0.05916 0.02689 0.07232 0.31184
2023 0.04773 0.4747 0.05825 0.02631 0.07405 0.31896
2024 0.0464 0.46487 0.05959 0.02694 0.07473 0.32746
Split for: Central_Am
Year RUS+WAL EAL+BER GOA SEA+NBC SBC+WA OR+CA
1970 0 0 0 0 0.2852 0.7148
1971 0 0 0 0 0.28761 0.71239
1972 0 0 0 0 0.28938 0.71062
1973 0 0 0 0 0.29079 0.70921
1974 0 0 0 0 0.29287 0.70713
1975 0 0 0 0 0.29473 0.70527
1976 0 0 0 0 0.29636 0.70364
1977 0 0 0 0 0.29791 0.70209
1978 0 0 0 0 0.29939 0.70061
1979 0 0 0 0 0.30084 0.69916
1980 0 0 0 0 0.30229 0.69771
1981 0 0 0 0 0.30356 0.69644
1982 0 0 0 0 0.30469 0.69531
1983 0 0 0 0 0.30583 0.69417
1984 0 0 0 0 0.30661 0.69339
1985 0 0 0 0 0.30749 0.69251
1986 0 0 0 0 0.30845 0.69155
1987 0 0 0 0 0.30943 0.69057
1988 0 0 0 0 0.31051 0.68949
1989 0 0 0 0 0.31131 0.68869
1990 0 0 0 0 0.31181 0.68819
1991 0 0 0 0 0.31279 0.68721
1992 0 0 0 0 0.31373 0.68627
1993 0 0 0 0 0.31445 0.68555
1994 0 0 0 0 0.31496 0.68504
1995 0 0 0 0 0.31544 0.68456
1996 0 0 0 0 0.07882 0.92118
1997 0 0 0 0 0.07974 0.92026
1998 0 0 0 0 0.08068 0.91932
1999 0 0 0 0 0.08082 0.91918
2000 0 0 0 0 0.08435 0.91565
2001 0 0 0 0 0.08636 0.91364
2002 0 0 0 0 0.08752 0.91248
2003 0 0 0 0 0.08787 0.91213
2004 0 0 0 0 0.0883 0.9117
2005 0 0 0 0 0.09014 0.90986
2006 0 0 0 0 0.09343 0.90657
2007 0 0 0 0 0.10898 0.89102
2008 0 0 0 0 0.11188 0.88812
2009 0 0 0 0 0.11701 0.88299
2010 0 0 0 0 0.11999 0.88001
2011 0 0 0 0 0.12017 0.87983
2012 0 0 0 0 0.12335 0.87665
2013 0 0 0 0 0.12376 0.87624
2014 0 0 0 0 0.121 0.879
2015 0 0 0 0 0.1189 0.8811
2016 0 0 0 0 0.11364 0.88636
2017 0 0 0 0 0.10808 0.89192
2018 0 0 0 0 0.10614 0.89386
2019 0 0 0 0 0.10399 0.89601
2020 0 0 0 0 0.10087 0.89913
2021 0 0 0 0 0.10029 0.89971
2022 0 0 0 0 0.10288 0.89712
2023 0 0 0 0 0.10297 0.89703
2024 0 0 0 0 0.10139 0.89861

Difference in mortality over time
Difference for: Asia
Year RUS+WAL EAL+BER GOA SEA+NBC SBC+WA OR+CA
1970 0 0 0 0 0 0
1971 0 0 0 0 0 0
1972 0 0 0 0 0 0
1973 0 0 0 0 0 0
1974 0 0 0 0 0 0
1975 0 0 0 0 0 0
1976 0 0 0 0 0 0
1977 0 0 0 0 0 0
1978 0 0 0 0 0 0
1979 0 0 0 0 0 0
1980 0 0 0 0 0 0
1981 0 0 0 0 0 0
1982 0 0 0 0 0 0
1983 0 0 0 0 0 0
1984 0 0 0 0 0 0
1985 0 0 0 0 0 0
1986 0 0 0 0 0 0
1987 0 0 0 0 0 0
1988 0 0 0 0 0 0
1989 0 0 0 0 0 0
1990 0 0 0 0 0 0
1991 0 0 0 0 0 0
1992 0 0 0 0 0 0
1993 0 0 0 0 0 0
1994 0 0 0 0 0 0
1995 0 1 0 0 0 0
1996 0 1 0 0 0 0
1997 0 1 0 0 0 0
1998 0 2 0 0 0 0
1999 0 2 0 0 0 0
2000 0 2 0 0 0 0
2001 0 2 0 0 0 0
2002 0 2 0 0 0 0
2003 0 0 0 0 0 0
2004 0 -3 0 0 0 0
2005 0 0 0 0 0 0
2006 0 1 0 0 0 0
2007 0 -14 0 0 0 0
2008 0 0 0 0 0 0
2009 0 -7 0 0 0 0
2010 0 -1 0 0 0 0
2011 0 -2 0 0 0 0
2012 0 3 0 0 0 0
2013 0 2 0 0 0 0
2014 0 -2 0 0 0 0
2015 0 -15 0 0 0 0
2016 0 -23 0 0 0 0
2017 0 -36 0 0 0 0
2018 0 -18 0 0 0 0
2019 0 -9 0 0 0 0
2020 0 -2 0 0 0 0
2021 0 0 0 0 0 0
2022 0 -1 0 0 0 0
2023 0 0 0 0 0 0
Difference for: Hawaii
Year RUS+WAL EAL+BER GOA SEA+NBC SBC+WA OR+CA
1970 0 0 0 0 0 0
1971 0 0 0 0 0 0
1972 0 0 0 0 0 0
1973 0 0 0 0 0 0
1974 0 0 0 0 0 0
1975 0 0 0 0 0 0
1976 0 0 0 0 0 0
1977 0 0 0 0 0 0
1978 0 0 0 0 0 0
1979 0 0 0 0 0 0
1980 0 0 0 0 0 0
1981 0 0 0 0 0 0
1982 0 0 0 0 0 0
1983 0 0 0 0 0 0
1984 0 0 0 0 0 0
1985 0 0 0 0 0 0
1986 0 0 0 0 0 0
1987 0 0 0 0 0 0
1988 0 0 0 0 0 0
1989 0 0 0 0 0 0
1990 0 0 0 0 0 0
1991 0 0 0 0 0 0
1992 0 0 0 0 0 0
1993 0 0 0 0 0 0
1994 0 0 0 0 0 0
1995 0 25 3 11 -526 0
1996 0 23 2 6 -1 0
1997 0 12 -12 -41 -1 0
1998 0 39 -8 -29 1 0
1999 0 45 -4 -13 3 0
2000 0 45 -8 -28 3 0
2001 0 38 9 31 4 0
2002 0 31 16 55 4 0
2003 0 -5 -7 -23 4 0
2004 0 -63 -4 -14 4 0
2005 0 -10 -54 -186 6 0
2006 0 21 4 14 6 0
2007 0 -273 -43 -147 6 0
2008 0 0 30 102 8 0
2009 0 -137 -40 -135 3 0
2010 0 -11 9 30 6 0
2011 0 -31 -91 -306 6 0
2012 0 67 21 69 4 0
2013 0 39 -168 -559 -14 0
2014 0 -32 -800 -2654 -20 0
2015 0 -316 -112 -371 -47 0
2016 0 -497 -416 -1364 -29 0
2017 0 -767 -20 -66 -5 0
2018 0 -389 2 7 -16 0
2019 0 -199 -7 -23 -21 0
2020 0 -40 -152 -485 -8 0
2021 0 -9 -13 -40 -36 0
2022 0 -30 -25 -78 -20 0
2023 0 8 -8 -24 -36 0
Difference for: Mexico
Year RUS+WAL EAL+BER GOA SEA+NBC SBC+WA OR+CA
1970 0 0 0 0 0 0
1971 0 0 0 0 0 0
1972 0 0 0 0 0 0
1973 0 0 0 0 0 0
1974 0 0 0 0 0 0
1975 0 0 0 0 0 0
1976 0 0 0 0 0 0
1977 0 0 0 0 0 0
1978 0 0 0 0 0 0
1979 0 0 0 0 0 0
1980 0 0 0 0 0 0
1981 0 0 0 0 0 0
1982 0 0 0 0 0 0
1983 0 0 0 0 0 0
1984 0 0 0 0 0 0
1985 0 0 0 0 0 0
1986 0 0 0 0 0 0
1987 0 0 0 0 0 0
1988 0 0 0 0 0 0
1989 0 0 0 0 0 0
1990 0 0 0 0 0 0
1991 0 0 0 0 0 0
1992 0 0 0 0 0 0
1993 0 0 0 0 0 0
1994 0 0 0 0 0 0
1995 0 23 1 1 -404 -5
1996 0 21 1 0 0 -10
1997 0 10 -5 -2 -1 -11
1998 0 35 -3 -2 1 2
1999 0 41 -2 -1 2 -21
2000 0 41 -3 -2 3 -6
2001 0 35 4 2 3 4
2002 0 27 6 3 3 11
2003 0 -4 -3 -1 3 9
2004 0 -56 -2 -1 3 3
2005 0 -9 -21 -10 4 -11
2006 0 19 2 1 5 -154
2007 0 -244 -17 -8 5 -21
2008 0 0 12 6 6 -27
2009 0 -122 -15 -8 2 -19
2010 0 -10 3 2 5 13
2011 0 -27 -35 -17 4 -17
2012 0 59 8 4 3 13
2013 0 35 -64 -31 -10 35
2014 0 -29 -306 -147 -15 41
2015 0 -279 -43 -20 -35 49
2016 0 -437 -159 -75 -22 49
2017 0 -674 -8 -4 -4 47
2018 0 -342 1 0 -12 26
2019 0 -175 -3 -1 -16 7
2020 0 -35 -57 -26 -6 9
2021 0 -8 -5 -2 -27 -183
2022 0 -26 -9 -4 -15 -47
2023 0 7 -3 -1 -26 -23
Difference for: Central_Am
Year RUS+WAL EAL+BER GOA SEA+NBC SBC+WA OR+CA
1970 0 0 0 0 0 0
1971 0 0 0 0 0 0
1972 0 0 0 0 0 0
1973 0 0 0 0 0 0
1974 0 0 0 0 0 0
1975 0 0 0 0 0 0
1976 0 0 0 0 0 0
1977 0 0 0 0 0 0
1978 0 0 0 0 0 0
1979 0 0 0 0 0 0
1980 0 0 0 0 0 0
1981 0 0 0 0 0 0
1982 0 0 0 0 0 0
1983 0 0 0 0 0 0
1984 0 0 0 0 0 0
1985 0 0 0 0 0 0
1986 0 0 0 0 0 0
1987 0 0 0 0 0 0
1988 0 0 0 0 0 0
1989 0 0 0 0 0 0
1990 0 0 0 0 0 0
1991 0 0 0 0 0 0
1992 0 0 0 0 0 0
1993 0 0 0 0 0 0
1994 0 0 0 0 0 0
1995 0 0 0 0 -113 -3
1996 0 0 0 0 0 -6
1997 0 0 0 0 0 -6
1998 0 0 0 0 0 1
1999 0 0 0 0 1 -12
2000 0 0 0 0 1 -3
2001 0 0 0 0 1 2
2002 0 0 0 0 1 6
2003 0 0 0 0 1 5
2004 0 0 0 0 1 2
2005 0 0 0 0 1 -6
2006 0 0 0 0 1 -87
2007 0 0 0 0 1 -12
2008 0 0 0 0 2 -15
2009 0 0 0 0 1 -11
2010 0 0 0 0 1 7
2011 0 0 0 0 1 -9
2012 0 0 0 0 1 8
2013 0 0 0 0 -3 20
2014 0 0 0 0 -4 23
2015 0 0 0 0 -10 28
2016 0 0 0 0 -6 28
2017 0 0 0 0 -1 27
2018 0 0 0 0 -3 15
2019 0 0 0 0 -4 4
2020 0 0 0 0 -2 5
2021 0 0 0 0 -8 -105
2022 0 0 0 0 -4 -27
2023 0 0 0 0 -7 -13

Total survival over time
Values for breeding stock: Asia
Year RUS+WAL EAL+BER GOA SEA+NBC SBC+WA OR+CA
1970 0.945 0.936 NaN NaN NaN NaN
1971 0.947 0.942 NaN NaN NaN NaN
1972 0.909 0.946 NaN NaN NaN NaN
1973 0.948 0.946 NaN NaN NaN NaN
1974 0.948 0.947 NaN NaN NaN NaN
1975 0.95 0.948 NaN NaN NaN NaN
1976 0.95 0.948 NaN NaN NaN NaN
1977 0.95 0.948 NaN NaN NaN NaN
1978 0.95 0.949 NaN NaN NaN NaN
1979 0.95 0.948 NaN NaN NaN NaN
1980 0.949 0.948 NaN NaN NaN NaN
1981 0.949 0.948 NaN NaN NaN NaN
1982 0.95 0.949 NaN NaN NaN NaN
1983 0.95 0.949 NaN NaN NaN NaN
1984 0.95 0.949 NaN NaN NaN NaN
1985 0.95 0.949 NaN NaN NaN NaN
1986 0.951 0.95 NaN NaN NaN NaN
1987 0.951 0.95 NaN NaN NaN NaN
1988 0.951 0.95 NaN NaN NaN NaN
1989 0.951 0.95 NaN NaN NaN NaN
1990 0.951 0.95 NaN NaN NaN NaN
1991 0.951 0.951 NaN NaN NaN NaN
1992 0.951 0.951 NaN NaN NaN NaN
1993 0.951 0.951 NaN NaN NaN NaN
1994 0.951 0.951 NaN NaN NaN NaN
1995 0.951 0.967 NaN NaN NaN NaN
1996 0.952 0.965 NaN NaN NaN NaN
1997 0.952 0.957 NaN NaN NaN NaN
1998 0.952 0.97 NaN NaN NaN NaN
1999 0.952 0.971 NaN NaN NaN NaN
2000 0.952 0.969 NaN NaN NaN NaN
2001 0.952 0.965 NaN NaN NaN NaN
2002 0.952 0.961 NaN NaN NaN NaN
2003 0.952 0.951 NaN NaN NaN NaN
2004 0.952 0.935 NaN NaN NaN NaN
2005 0.952 0.95 NaN NaN NaN NaN
2006 0.952 0.957 NaN NaN NaN NaN
2007 0.952 0.892 NaN NaN NaN NaN
2008 0.952 0.952 NaN NaN NaN NaN
2009 0.952 0.924 NaN NaN NaN NaN
2010 0.952 0.949 NaN NaN NaN NaN
2011 0.952 0.946 NaN NaN NaN NaN
2012 0.952 0.963 NaN NaN NaN NaN
2013 0.946 0.952 NaN NaN NaN NaN
2014 0.96 0.955 NaN NaN NaN NaN
2015 0.927 0.882 NaN NaN NaN NaN
2016 0.955 0.881 NaN NaN NaN NaN
2017 0.955 0.838 NaN NaN NaN NaN
2018 0.953 0.889 NaN NaN NaN NaN
2019 0.958 0.924 NaN NaN NaN NaN
2020 0.949 0.942 NaN NaN NaN NaN
2021 0.949 0.947 NaN NaN NaN NaN
2022 0.948 0.943 NaN NaN NaN NaN
2023 0.947 0.948 NaN NaN NaN NaN
Values for breeding stock: Hawaii
Year RUS+WAL EAL+BER GOA SEA+NBC SBC+WA OR+CA
1970 0.96 0.951 0.931 0.938 0.959 NaN
1971 0.96 0.955 0.959 0.949 0.959 NaN
1972 0.921 0.958 0.959 0.951 0.959 NaN
1973 0.96 0.958 0.959 0.951 0.96 NaN
1974 0.96 0.958 0.959 0.952 0.959 NaN
1975 0.96 0.959 0.959 0.952 0.96 NaN
1976 0.96 0.959 0.959 0.952 0.959 NaN
1977 0.96 0.959 0.959 0.953 0.959 NaN
1978 0.96 0.959 0.959 0.953 0.959 NaN
1979 0.96 0.959 0.959 0.953 0.959 NaN
1980 0.96 0.959 0.959 0.953 0.959 NaN
1981 0.96 0.959 0.959 0.953 0.959 NaN
1982 0.96 0.959 0.959 0.954 0.959 NaN
1983 0.96 0.959 0.959 0.954 0.959 NaN
1984 0.96 0.959 0.959 0.954 0.959 NaN
1985 0.96 0.959 0.959 0.955 0.959 NaN
1986 0.96 0.959 0.959 0.955 0.959 NaN
1987 0.96 0.959 0.959 0.954 0.959 NaN
1988 0.96 0.959 0.959 0.955 0.959 NaN
1989 0.96 0.96 0.959 0.957 0.959 NaN
1990 0.96 0.959 0.959 0.956 0.959 NaN
1991 0.96 0.96 0.959 0.956 0.959 NaN
1992 0.96 0.96 0.959 0.956 0.959 NaN
1993 0.96 0.96 0.959 0.957 0.959 NaN
1994 0.96 0.96 0.959 0.957 0.959 NaN
1995 0.96 0.976 0.963 0.961 0.177 NaN
1996 0.96 0.973 0.961 0.958 0.951 NaN
1997 0.96 0.966 0.947 0.945 0.951 NaN
1998 0.96 0.978 0.951 0.948 0.962 NaN
1999 0.96 0.979 0.956 0.952 0.973 NaN
2000 0.96 0.977 0.952 0.95 0.974 NaN
2001 0.96 0.973 0.966 0.964 0.977 NaN
2002 0.96 0.969 0.97 0.969 0.974 NaN
2003 0.96 0.958 0.955 0.952 0.973 NaN
2004 0.96 0.943 0.957 0.954 0.972 NaN
2005 0.96 0.957 0.928 0.926 0.969 NaN
2006 0.96 0.965 0.961 0.959 0.971 NaN
2007 0.96 0.899 0.936 0.936 0.976 NaN
2008 0.96 0.96 0.973 0.972 0.964 NaN
2009 0.96 0.932 0.941 0.94 0.965 NaN
2010 0.96 0.957 0.964 0.959 0.965 NaN
2011 0.96 0.954 0.923 0.921 0.961 NaN
2012 0.96 0.972 0.966 0.967 0.966 NaN
2013 0.96 0.966 0.898 0.896 0.94 NaN
2014 0.96 0.955 0.666 0.665 0.929 Inf
2015 0.96 0.913 0.9 0.897 0.894 0.983
2016 0.96 0.886 0.75 0.747 0.919 0.982
2017 0.96 0.842 0.947 0.945 0.948 0.979
2018 0.96 0.895 0.96 0.957 0.926 0.969
2019 0.96 0.926 0.954 0.952 0.933 0.962
2020 0.96 0.953 0.877 0.873 0.94 0.963
2021 0.96 0.958 0.95 0.947 0.92 0.907
2022 0.96 0.955 0.946 0.942 0.938 0.946
2023 0.96 0.961 0.952 0.949 0.922 0.954
Values for breeding stock: Mexico
Year RUS+WAL EAL+BER GOA SEA+NBC SBC+WA OR+CA
1970 0.956 0.947 0.928 0.934 0.956 0.893
1971 0.957 0.952 0.956 0.946 0.956 0.944
1972 0.918 0.955 0.956 0.948 0.956 0.945
1973 0.957 0.956 0.957 0.949 0.957 0.946
1974 0.957 0.956 0.957 0.949 0.957 0.943
1975 0.958 0.956 0.957 0.95 0.957 0.943
1976 0.958 0.956 0.957 0.95 0.957 0.943
1977 0.958 0.957 0.957 0.95 0.957 0.943
1978 0.958 0.957 0.957 0.951 0.957 0.943
1979 0.958 0.957 0.957 0.951 0.957 0.943
1980 0.958 0.957 0.957 0.951 0.957 0.943
1981 0.958 0.957 0.957 0.951 0.957 0.943
1982 0.958 0.957 0.957 0.952 0.957 0.943
1983 0.958 0.957 0.957 0.952 0.957 0.944
1984 0.958 0.957 0.957 0.952 0.957 0.946
1985 0.958 0.957 0.957 0.953 0.958 0.946
1986 0.958 0.958 0.957 0.953 0.958 0.946
1987 0.958 0.958 0.957 0.952 0.958 0.946
1988 0.958 0.958 0.957 0.954 0.958 0.946
1989 0.958 0.958 0.957 0.955 0.958 0.948
1990 0.958 0.958 0.957 0.955 0.958 0.949
1991 0.959 0.958 0.957 0.955 0.958 0.947
1992 0.959 0.958 0.958 0.955 0.958 0.947
1993 0.959 0.958 0.958 0.956 0.958 0.947
1994 0.959 0.958 0.958 0.955 0.958 0.948
1995 0.959 0.974 0.962 0.96 0.177 0.939
1996 0.959 0.972 0.96 0.957 0.95 0.932
1997 0.957 0.962 0.944 0.941 0.948 0.929
1998 0.957 0.975 0.948 0.945 0.959 0.949
1999 0.957 0.976 0.953 0.949 0.97 0.917
2000 0.957 0.974 0.949 0.947 0.971 0.94
2001 0.957 0.97 0.963 0.961 0.974 0.952
2002 0.957 0.967 0.968 0.966 0.972 0.96
2003 0.958 0.956 0.952 0.95 0.971 0.957
2004 0.957 0.94 0.954 0.951 0.969 0.952
2005 0.957 0.954 0.925 0.923 0.966 0.937
2006 0.958 0.963 0.959 0.957 0.969 0.826
2007 0.957 0.897 0.933 0.933 0.973 0.93
2008 0.957 0.957 0.97 0.969 0.961 0.932
2009 0.957 0.929 0.938 0.937 0.963 0.939
2010 0.957 0.955 0.961 0.956 0.963 0.956
2011 0.957 0.951 0.92 0.918 0.958 0.942
2012 0.957 0.969 0.963 0.964 0.964 0.962
2013 0.957 0.964 0.896 0.894 0.938 0.975
2014 0.957 0.952 0.664 0.663 0.926 0.964
2015 0.957 0.91 0.897 0.895 0.891 0.951
2016 0.957 0.883 0.747 0.745 0.916 0.939
2017 0.957 0.84 0.944 0.942 0.945 0.961
2018 0.957 0.892 0.957 0.954 0.923 0.942
2019 0.957 0.923 0.951 0.949 0.93 0.947
2020 0.956 0.949 0.873 0.87 0.937 0.953
2021 0.956 0.954 0.946 0.943 0.916 0.893
2022 0.958 0.953 0.944 0.94 0.936 0.935
2023 0.956 0.957 0.949 0.946 0.918 0.941
Values for breeding stock: Central_Am
Year RUS+WAL EAL+BER GOA SEA+NBC SBC+WA OR+CA
1970 NaN NaN NaN NaN 0.953 0.89
1971 NaN NaN NaN NaN 0.954 0.942
1972 NaN NaN NaN NaN 0.955 0.944
1973 NaN NaN NaN NaN 0.954 0.944
1974 NaN NaN NaN NaN 0.955 0.941
1975 NaN NaN NaN NaN 0.955 0.941
1976 NaN NaN NaN NaN 0.955 0.942
1977 NaN NaN NaN NaN 0.956 0.942
1978 NaN NaN NaN NaN 0.955 0.942
1979 NaN NaN NaN NaN 0.955 0.942
1980 NaN NaN NaN NaN 0.956 0.941
1981 NaN NaN NaN NaN 0.956 0.942
1982 NaN NaN NaN NaN 0.956 0.942
1983 NaN NaN NaN NaN 0.956 0.942
1984 NaN NaN NaN NaN 0.956 0.944
1985 NaN NaN NaN NaN 0.956 0.944
1986 NaN NaN NaN NaN 0.956 0.945
1987 NaN NaN NaN NaN 0.956 0.945
1988 NaN NaN NaN NaN 0.956 0.945
1989 NaN NaN NaN NaN 0.957 0.946
1990 NaN NaN NaN NaN 0.957 0.948
1991 NaN NaN NaN NaN 0.957 0.946
1992 NaN NaN NaN NaN 0.957 0.946
1993 NaN NaN NaN NaN 0.957 0.946
1994 NaN NaN NaN NaN 0.957 0.947
1995 NaN NaN NaN NaN 0.176 0.938
1996 NaN NaN NaN NaN 0.949 0.931
1997 NaN NaN NaN NaN 0.949 0.929
1998 NaN NaN NaN NaN 0.959 0.95
1999 NaN NaN NaN NaN 0.97 0.918
2000 NaN NaN NaN NaN 0.971 0.94
2001 NaN NaN NaN NaN 0.974 0.952
2002 NaN NaN NaN NaN 0.972 0.96
2003 NaN NaN NaN NaN 0.971 0.957
2004 NaN NaN NaN NaN 0.969 0.952
2005 NaN NaN NaN NaN 0.967 0.938
2006 NaN NaN NaN NaN 0.969 0.827
2007 NaN NaN NaN NaN 0.973 0.931
2008 NaN NaN NaN NaN 0.961 0.932
2009 NaN NaN NaN NaN 0.963 0.939
2010 NaN NaN NaN NaN 0.963 0.956
2011 NaN NaN NaN NaN 0.958 0.943
2012 NaN NaN NaN NaN 0.964 0.962
2013 NaN NaN NaN NaN 0.938 0.975
2014 NaN NaN NaN NaN 0.927 0.965
2015 NaN NaN NaN NaN 0.892 0.952
2016 NaN NaN NaN NaN 0.917 0.94
2017 NaN NaN NaN NaN 0.946 0.962
2018 NaN NaN NaN NaN 0.924 0.943
2019 NaN NaN NaN NaN 0.932 0.949
2020 NaN NaN NaN NaN 0.938 0.955
2021 NaN NaN NaN NaN 0.918 0.895
2022 NaN NaN NaN NaN 0.937 0.935
2023 NaN NaN NaN NaN 0.92 0.942

Numbers over time by herd
Values for breeding stock: Asia
Year RUS+WAL EAL+BER GOA SEA+NBC SBC+WA OR+CA
1970 48 8 0 0 0 0
1971 58 10 0 0 0 0
1972 65 12 0 0 0 0
1973 75 13 0 0 0 0
1974 84 15 0 0 0 0
1975 93 16 0 0 0 0
1976 101 18 0 0 0 0
1977 109 19 0 0 0 0
1978 116 20 0 0 0 0
1979 123 22 0 0 0 0
1980 133 23 0 0 0 0
1981 144 25 0 0 0 0
1982 156 27 0 0 0 0
1983 171 30 0 0 0 0
1984 187 33 0 0 0 0
1985 205 36 0 0 0 0
1986 224 39 0 0 0 0
1987 243 43 0 0 0 0
1988 264 46 0 0 0 0
1989 286 50 0 0 0 0
1990 309 54 0 0 0 0
1991 335 59 0 0 0 0
1992 363 64 0 0 0 0
1993 393 69 0 0 0 0
1994 426 75 0 0 0 0
1995 462 82 0 0 0 0
1996 500 90 0 0 0 0
1997 541 99 0 0 0 0
1998 585 108 0 0 0 0
1999 632 119 0 0 0 0
2000 682 131 0 0 0 0
2001 735 144 0 0 0 0
2002 791 158 0 0 0 0
2003 851 172 0 0 0 0
2004 914 184 0 0 0 0
2005 980 195 0 0 0 0
2006 1050 208 0 0 0 0
2007 1123 224 0 0 0 0
2008 1198 225 0 0 0 0
2009 1276 239 0 0 0 0
2010 1357 247 0 0 0 0
2011 1438 261 0 0 0 0
2012 1521 274 0 0 0 0
2013 1594 291 0 0 0 0
2014 1692 311 0 0 0 0
2015 1728 316 0 0 0 0
2016 1814 315 0 0 0 0
2017 1897 306 0 0 0 0
2018 1972 280 0 0 0 0
2019 2051 274 0 0 0 0
2020 2103 273 0 0 0 0
2021 2144 279 0 0 0 0
2022 2174 285 0 0 0 0
2023 2190 287 0 0 0 0
Values for breeding stock: Hawaii
Year RUS+WAL EAL+BER GOA SEA+NBC SBC+WA OR+CA
1970 11 137 71 271 58 0
1971 13 168 88 331 72 0
1972 15 199 104 389 85 0
1973 18 228 119 443 98 0
1974 20 256 134 496 110 0
1975 22 283 148 546 121 0
1976 24 309 162 594 132 0
1977 26 334 175 640 143 0
1978 28 358 187 684 153 0
1979 30 381 199 726 163 0
1980 33 411 215 782 176 0
1981 35 449 235 850 192 0
1982 39 493 257 931 211 0
1983 43 542 283 1021 233 0
1984 47 597 312 1121 256 0
1985 52 657 342 1229 282 0
1986 57 720 375 1344 309 0
1987 62 787 410 1463 338 0
1988 67 858 446 1589 369 0
1989 73 933 485 1727 401 0
1990 80 1015 527 1874 437 0
1991 87 1105 574 2035 475 0
1992 94 1203 624 2210 518 0
1993 103 1311 680 2403 565 0
1994 112 1430 740 2613 616 0
1995 122 1558 806 2840 672 0
1996 133 1726 881 3093 135 0
1997 144 1904 960 3361 146 0
1998 156 2083 1029 3593 157 0
1999 170 2306 1107 3852 171 0
2000 184 2553 1195 4149 189 0
2001 199 2818 1284 4448 209 0
2002 215 3095 1399 4836 231 0
2003 232 3384 1529 5271 255 0
2004 251 3653 1642 5643 280 0
2005 270 3873 1765 6044 312 0
2006 291 4162 1838 6273 347 0
2007 312 4503 1977 6740 390 0
2008 335 4530 2072 7047 429 0
2009 358 4851 2253 7634 479 0
2010 382 5025 2367 7964 524 0
2011 407 5338 2534 8493 575 0
2012 433 5633 2589 8671 636 0
2013 459 6041 2770 9229 698 0
2014 485 6430 2739 9085 742 0
2015 511 6741 2008 6619 782 0
2016 537 6732 1990 6520 796 0
2017 562 6534 1637 5336 828 0
2018 585 6007 1690 5471 882 0
2019 607 5857 1763 5677 939 0
2020 628 5883 1826 5832 987 0
2021 645 6058 1728 5483 1059 0
2022 661 6233 1771 5577 1107 0
2023 672 6354 1802 5639 1171 0
Values for breeding stock: Mexico
Year RUS+WAL EAL+BER GOA SEA+NBC SBC+WA OR+CA
1970 10 128 29 16 46 57
1971 12 157 35 19 56 69
1972 14 185 42 23 67 81
1973 16 212 48 26 76 92
1974 18 238 54 29 86 102
1975 20 262 59 32 95 112
1976 21 286 65 34 103 121
1977 23 309 70 37 111 130
1978 25 331 75 39 119 138
1979 26 352 79 42 127 146
1980 29 379 86 45 137 156
1981 31 414 94 49 149 169
1982 34 454 103 53 164 185
1983 37 499 113 59 180 202
1984 41 549 124 64 198 222
1985 45 603 136 70 218 243
1986 49 660 149 77 239 265
1987 54 721 163 84 261 288
1988 59 785 177 91 284 312
1989 64 854 192 99 309 338
1990 69 928 209 107 336 367
1991 75 1009 227 116 366 397
1992 82 1099 247 126 398 431
1993 89 1196 268 137 434 468
1994 97 1303 292 149 473 509
1995 106 1420 318 162 516 553
1996 115 1571 347 176 103 596
1997 124 1729 377 191 111 635
1998 135 1886 403 203 120 675
1999 146 2084 433 217 130 733
2000 158 2303 466 234 144 771
2001 170 2538 500 250 158 828
2002 184 2784 544 272 175 902
2003 199 3040 594 296 193 989
2004 214 3278 638 316 212 1082
2005 230 3470 684 338 235 1174
2006 247 3726 712 351 262 1257
2007 265 4026 765 376 294 1187
2008 284 4044 800 393 322 1266
2009 304 4323 869 425 360 1343
2010 324 4471 911 443 393 1426
2011 344 4741 974 471 431 1559
2012 365 4994 993 480 475 1669
2013 386 5348 1061 510 521 1824
2014 408 5683 1048 502 553 1986
2015 429 5946 766 365 582 2131
2016 449 5926 758 358 591 2280
2017 469 5741 623 293 614 2507
2018 488 5268 641 300 653 2719
2019 506 5127 668 310 694 2959
2020 521 5136 690 318 728 3210
2021 534 5274 651 298 779 3458
2022 546 5421 666 303 815 3512
2023 554 5511 676 305 860 3703
Values for breeding stock: Central_Am
Year RUS+WAL EAL+BER GOA SEA+NBC SBC+WA OR+CA
1970 0 0 0 0 13 33
1971 0 0 0 0 16 40
1972 0 0 0 0 19 47
1973 0 0 0 0 22 53
1974 0 0 0 0 24 59
1975 0 0 0 0 27 64
1976 0 0 0 0 29 70
1977 0 0 0 0 32 75
1978 0 0 0 0 34 79
1979 0 0 0 0 36 83
1980 0 0 0 0 39 89
1981 0 0 0 0 42 97
1982 0 0 0 0 46 106
1983 0 0 0 0 51 116
1984 0 0 0 0 56 127
1985 0 0 0 0 61 138
1986 0 0 0 0 67 151
1987 0 0 0 0 74 164
1988 0 0 0 0 80 178
1989 0 0 0 0 87 192
1990 0 0 0 0 95 209
1991 0 0 0 0 103 226
1992 0 0 0 0 112 245
1993 0 0 0 0 122 266
1994 0 0 0 0 133 289
1995 0 0 0 0 145 314
1996 0 0 0 0 29 338
1997 0 0 0 0 31 361
1998 0 0 0 0 34 384
1999 0 0 0 0 37 417
2000 0 0 0 0 40 438
2001 0 0 0 0 45 471
2002 0 0 0 0 49 513
2003 0 0 0 0 54 562
2004 0 0 0 0 60 615
2005 0 0 0 0 66 668
2006 0 0 0 0 74 715
2007 0 0 0 0 83 675
2008 0 0 0 0 91 720
2009 0 0 0 0 101 764
2010 0 0 0 0 111 812
2011 0 0 0 0 121 888
2012 0 0 0 0 134 951
2013 0 0 0 0 147 1040
2014 0 0 0 0 156 1133
2015 0 0 0 0 164 1217
2016 0 0 0 0 167 1302
2017 0 0 0 0 174 1433
2018 0 0 0 0 185 1555
2019 0 0 0 0 197 1695
2020 0 0 0 0 206 1840
2021 0 0 0 0 221 1984
2022 0 0 0 0 231 2015
2023 0 0 0 0 244 2127

Catch numbers by breeding stock
Year Asia Hawaii Mexico Central_Am
1970 0.9 0 1.1 0.3
1971 0.9 0 1.2 0.3
1972 1 0 1.3 0.3
1973 1.1 0 1.3 0.4
1974 1.2 0.1 1.4 0.4
1975 1.2 0.1 1.5 0.4
1976 1.3 0.1 1.6 0.4
1977 1.4 0.1 1.6 0.4
1978 1.5 0.1 1.7 0.5
1979 1.6 0.1 1.8 0.5
1980 1.8 0.1 1.9 0.5
1981 1.9 0.1 2 0.5
1982 2 0.1 2.1 0.6
1983 2.2 0.1 2.2 0.6
1984 2.3 0.1 2.4 0.6
1985 2.5 0.1 2.5 0.7
1986 2.6 0.1 2.6 0.7
1987 2.8 0.1 2.8 0.7
1988 3 0.1 2.9 0.8
1989 3.2 0.1 3.1 0.8
1990 3.5 0.2 3.2 0.8
1991 3.7 0.2 3.4 0.9
1992 4 0.2 3.6 0.9
1993 4.3 0.2 3.8 1
1994 4.6 0.2 4 1
1995 4.9 0.2 4.2 1.1
1996 5.2 0.2 4.4 1.1
1997 5.6 0.2 11 1.2
1998 6 0.2 11.6 1.2
1999 6.4 0.2 12.3 1.3
2000 6.9 0.3 12.9 1.4
2001 7.3 0.3 13.6 1.4
2002 7.9 0 13.7 1.5
2003 8.4 0 13.7 1.6
2004 9 0 15.8 1.7
2005 9.6 0 19 1.8
2006 10.3 1 16.1 1.8
2007 11.1 0 18.2 1.9
2008 11.8 0 18.7 2
2009 12.7 0 21.2 2.1
2010 13.6 0 22 2.2
2011 14.5 0.8 24.9 2.4
2012 15.5 0 25.6 2.5
2013 28 0 25.3 2.6
2014 0 5 30.6 2.7
2015 72 0 33.5 2.9
2016 12 0.1 33.4 3
2017 12 0.1 31.5 3.2
2018 16 0.1 31.5 3.3
2019 4 0.4 31.5 1.7
2020 26.8 0.4 40.7 5
2021 28.6 0.4 44.1 4.7
2022 30.7 0.4 26.4 3.7
2023 32.8 0.4 43.3 4.2

Catch numbers by feeding ground
Year RUS+WAL EAL+BER GOA SEA+NBC SBC+WA OR+CA
1970 0 2.7 3.1 6.8 0.1 6.4
1971 0 1.8 0.1 4 0.1 1.5
1972 4 0.8 0.1 4.1 0.1 1.6
1973 0 0.8 0.1 4.3 0.1 1.7
1974 0 0.8 0.1 4.5 0.1 2.5
1975 0 0.8 0.2 4.7 0.1 2.7
1976 0 0.8 0.2 4.9 0.2 2.9
1977 0 0.8 0.2 5.2 0.2 3.1
1978 0 0.8 0.2 5.4 0.2 3.3
1979 0 1 0.2 5.6 0.2 3.5
1980 0 1 0.2 5.9 0.2 3.9
1981 0 1 0.3 6.1 0.3 4.2
1982 0 1 0.4 6.5 0.3 4.5
1983 0 1 0.4 6.7 0.3 4.8
1984 0 1 0.5 7.1 0.4 4.6
1985 0 1 0.5 6.7 0.4 5
1986 0 1 0.7 7.8 0.4 5.4
1987 0 1 0.7 10 0.5 5.8
1988 0 1.1 0.8 8.5 0.5 6.3
1989 0 0.9 0.8 6.1 0.6 6.1
1990 0 1 0.8 7.4 0.7 5.8
1991 0 1 0.9 8.2 0.7 7.6
1992 0 1.1 0.9 9.8 0.8 8.3
1993 0 1.1 1 7.1 0.9 8.6
1994 0 1.2 1 9.3 1 8.8
1995 0 1.2 1 9.3 1.1 9.6
1996 0 1.2 1.1 12.7 1.2 9.9
1997 0 1.2 1.3 12.7 0.9 10.7
1998 0 3 1.4 14.7 1.2 12
1999 0 2.6 1.4 17.4 1.7 13.5
2000 0 1.2 1.5 14.1 1.5 11.6
2001 0 1.2 1.8 16.4 1.7 13.4
2002 0 2.4 1.9 13.8 1.9 13.7
2003 0 1.4 2 18.9 2.3 16
2004 0 1.4 2.3 22 2.5 15.9
2005 0 1.6 2.3 23.3 5.8 20.1
2006 0 1.6 2.4 22.7 5.3 22.1
2007 0 0.1 7.3 18.4 0 18.1
2008 0 0.1 4.3 19.7 12.4 8.8
2009 0 0.1 4.3 24.1 0 9.8
2010 0 6.1 0.8 44.5 7 24.5
2011 0 3.1 4 28.4 11 11.9
2012 0 4.1 8.8 11.6 0 10
2013 0 0.1 4 31.6 0 4.7
2014 0 0.1 11.8 43.7 7 45.2
2015 0 4.1 12 51 9.1 103.4
2016 0 4.1 4.8 34.8 7.1 150.3
2017 0 4.1 2.1 16.3 11.1 60.3
2018 0 1.1 4 26.6 30.1 111.1
2019 0 4.1 6 27.3 9.1 61
2020 0 1.1 0 24 23 31.2
2021 0 2.2 7 33.7 13 62.4
2022 0 4.3 0.8 22.3 8 56
2023 0 3.6 9.1 40.1 19.2 59.7
