Stock structure: B1F1; Model type = BC
Mortality impacts feeding grounds
Recruitment related to unfished
Straying rate: 0
Age-at-maturity: 8
Base adult survival: 0.96
Sigma for survival devs: 6
Additional variance estimated
Weight for mark-recapture proportions: 1
Weight for genetics proportions: 1


Total objective fn: 325.706382696591
Negative log-likelihood fn: 74.190394431002

Natural Survival by feeding ground
RUS+WAL,EAL+BER,GOA,SEA+NBC,SBC+WA,OR+CA
1970 0.96 0.96 0.96 0.96 0.96 0.96
1971 0.96 0.96 0.96 0.96 0.96 0.96
1972 0.96 0.96 0.96 0.96 0.96 0.96
1973 0.96 0.96 0.96 0.96 0.96 0.96
1974 0.96 0.96 0.96 0.96 0.96 0.96
1975 0.96 0.96 0.96 0.96 0.96 0.96
1976 0.96 0.96 0.96 0.96 0.96 0.96
1977 0.96 0.96 0.96 0.96 0.96 0.96
1978 0.96 0.96 0.96 0.96 0.96 0.96
1979 0.96 0.96 0.96 0.96 0.96 0.96
1980 0.96 0.96 0.96 0.96 0.96 0.96
1981 0.96 0.96 0.96 0.96 0.96 0.96
1982 0.96 0.96 0.96 0.96 0.96 0.96
1983 0.96 0.96 0.96 0.96 0.96 0.96
1984 0.96 0.96 0.96 0.96 0.96 0.96
1985 0.96 0.96 0.96 0.96 0.96 0.96
1986 0.96 0.96 0.96 0.96 0.96 0.96
1987 0.96 0.96 0.96 0.96 0.96 0.96
1988 0.96 0.96 0.96 0.96 0.96 0.96
1989 0.96 0.96 0.96 0.96 0.96 0.96
1990 0.96 0.96 0.96 0.96 0.96 0.96
1991 0.96 0.96 0.96 0.96 0.96 0.96
1992 0.96 0.96 0.96 0.96 0.96 0.96
1993 0.96 0.96 0.96 0.96 0.96 0.96
1994 0.96 0.96 0.96 0.96 0.96 0.96
1995 0.96 0.96 0.96 0.96 0.96 0.96
1996 0.96 0.96 0.96 0.96 0.96 0.96
1997 0.96 0.96 0.96 0.96 0.96 0.96
1998 0.96 0.96 0.96 0.96 0.96 0.96
1999 0.96 0.96 0.96 0.96 0.96 0.96
2000 0.9526312 0.9801092 0.9477048 0.9231328 0.973566 0.9316376
2001 0.9761973 0.9748724 0.9152704 0.9750143 0.9784339 0.962626
2002 0.952124 0.9659589 0.9565979 0.9766573 0.976561 0.9737913
2003 0.9540919 0.9529825 0.8450878 0.9627263 0.9718978 0.9676218
2004 0.958793 0.9316638 0.901946 0.9567877 0.9680996 0.960009
2005 0.9498116 0.9506615 0.9147209 0.9232613 0.9754547 0.952813
2006 0.9552491 0.9701814 0.9642172 0.9638883 0.9784472 0.832697
2007 0.9555353 0.8626028 0.9711326 0.9018085 0.9713383 0.9345385
2008 0.924453 0.9696572 0.9673685 0.9859558 0.9813806 0.9455789
2009 0.9333415 0.9171979 0.9329424 0.9435852 0.9655973 0.9391242
2010 0.949524 0.9570972 0.9598708 0.9751272 0.9790447 0.9782919
2011 0.9443155 0.9469678 0.9672301 0.8925946 0.9716832 0.9499666
2012 0.9536522 0.9771882 0.966615 0.9802395 0.9711167 0.9682364
2013 0.9416676 0.9639454 0.9548056 0.7626203 0.9512292 0.9784048
2014 0.9486573 0.9366588 0.6192153 0.7570942 0.9504405 0.9775935
2015 0.9537377 0.8855351 0.8190257 0.8948244 0.9449594 0.9797661
2016 0.9326832 0.8712138 0.5799534 0.7369061 0.9463488 0.9802357
2017 0.9276015 0.8361781 0.9241414 0.931615 0.9601688 0.9788041
2018 0.9449191 0.8800221 0.954901 0.9534874 0.9504423 0.9686189
2019 0.9523632 0.9082538 0.8705727 0.9457768 0.9304252 0.9532254
2020 0.9413036 0.9482785 0.9187482 0.7633011 0.9510034 0.9556317
2021 0.920039 0.957882 0.9568151 0.9374973 0.920886 0.9021922
2022 0.8841183 0.9541732 0.9306733 0.9324573 0.9307182 0.9337731
2023 0.9001719 0.962126 0.9644966 0.9417493 0.9067864 0.9406626

Natural Survival by breeding stock
RUS+WAL,EAL+BER,GOA,SEA+NBC,SBC+WA,OR+CA
1970 0.96 0.96 0.96 0.96
1971 0.96 0.96 0.96 0.96
1972 0.96 0.96 0.96 0.96
1973 0.96 0.96 0.96 0.96
1974 0.96 0.96 0.96 0.96
1975 0.96 0.96 0.96 0.96
1976 0.96 0.96 0.96 0.96
1977 0.96 0.96 0.96 0.96
1978 0.96 0.96 0.96 0.96
1979 0.96 0.96 0.96 0.96
1980 0.96 0.96 0.96 0.96
1981 0.96 0.96 0.96 0.96
1982 0.96 0.96 0.96 0.96
1983 0.96 0.96 0.96 0.96
1984 0.96 0.96 0.96 0.96
1985 0.96 0.96 0.96 0.96
1986 0.96 0.96 0.96 0.96
1987 0.96 0.96 0.96 0.96
1988 0.96 0.96 0.96 0.96
1989 0.96 0.96 0.96 0.96
1990 0.96 0.96 0.96 0.96
1991 0.96 0.96 0.96 0.96
1992 0.96 0.96 0.96 0.96
1993 0.96 0.96 0.96 0.96
1994 0.96 0.96 0.96 0.96
1995 0.96 0.96 0.96 0.96
1996 0.96 0.96 0.96 0.96
1997 0.96 0.96 0.96 0.96
1998 0.96 0.96 0.96 0.96
1999 0.96 0.96 0.96 0.96
2000 0.96 0.96 0.96 0.96
2001 0.96 0.96 0.96 0.96
2002 0.96 0.96 0.96 0.96
2003 0.96 0.96 0.96 0.96
2004 0.96 0.96 0.96 0.96
2005 0.96 0.96 0.96 0.96
2006 0.96 0.96 0.96 0.96
2007 0.96 0.96 0.96 0.96
2008 0.96 0.96 0.96 0.96
2009 0.96 0.96 0.96 0.96
2010 0.96 0.96 0.96 0.96
2011 0.96 0.96 0.96 0.96
2012 0.96 0.96 0.96 0.96
2013 0.96 0.96 0.96 0.96
2014 0.96 0.96 0.96 0.96
2015 0.96 0.96 0.96 0.96
2016 0.96 0.96 0.96 0.96
2017 0.96 0.96 0.96 0.96
2018 0.96 0.96 0.96 0.96
2019 0.96 0.96 0.96 0.96
2020 0.96 0.96 0.96 0.96
2021 0.96 0.96 0.96 0.96
2022 0.96 0.96 0.96 0.96
2023 0.96 0.96 0.96 0.96

Fecundity by feeding ground
RUS+WAL,EAL+BER,GOA,SEA+NBC,SBC+WA,OR+CA
1970 0.9229721 0.9255742 0.9237979 0.9195316 0.9255474 0.9283832
1971 0.9229721 0.9255742 0.9237979 0.9195316 0.9255474 0.9283832
1972 0.9229721 0.9255742 0.9237979 0.9195316 0.9255474 0.9283832
1973 0.9229721 0.9255742 0.9237979 0.9195316 0.9255474 0.9283832
1974 0.9229721 0.9255742 0.9237979 0.9195316 0.9255474 0.9283832
1975 0.9229721 0.9255742 0.9237979 0.9195316 0.9255474 0.9283832
1976 0.9229721 0.9255742 0.9237979 0.9195316 0.9255474 0.9283832
1977 0.9229721 0.9255742 0.9237979 0.9195316 0.9255474 0.9283832
1978 0.9229721 0.9255742 0.9237979 0.9195316 0.9255474 0.9283832
1979 0.9207405 0.9238724 0.921652 0.9166053 0.9238243 0.9273579
1980 0.919203 0.922215 0.919593 0.9138009 0.9221712 0.92638
1981 0.9171468 0.9206244 0.9176164 0.911118 0.9205869 0.9254513
1982 0.9151862 0.9190999 0.9157212 0.9085543 0.9190679 0.9246033
1983 0.9133048 0.9176378 0.9139106 0.9061027 0.9176108 0.9238009
1984 0.9115117 0.9162359 0.9121736 0.9037587 0.9162427 0.9230422
1985 0.9098028 0.9148905 0.910506 0.9015224 0.9149295 0.9223244
1986 0.9081754 0.9136007 0.9089062 0.899385 0.9136725 0.9216517
1987 0.9066262 0.9123694 0.9073714 0.8973427 0.912467 0.9210176
1988 0.9045783 0.9107397 0.9053343 0.894634 0.9108555 0.9201582
1989 0.902223 0.9087405 0.9028482 0.8913173 0.9089038 0.9190904
1990 0.8994391 0.9064056 0.8999549 0.8874618 0.9066183 0.9178409
1991 0.8962833 0.9037677 0.8966862 0.8831144 0.9040282 0.916434
1992 0.8927813 0.9008573 0.8930899 0.8783366 0.9011937 0.914863
1993 0.8889835 0.8977012 0.8891911 0.8731387 0.898121 0.9131818
1994 0.8849129 0.8943247 0.885037 0.8676373 0.8948321 0.9114012
1995 0.8806156 0.8907537 0.8806421 0.8619236 0.891382 0.9095384
1996 0.8761217 0.8870132 0.876041 0.8558603 0.8877632 0.9076159
1997 0.8713149 0.8830024 0.871109 0.8492575 0.8839071 0.9055366
1998 0.8661449 0.8786467 0.8657491 0.8421658 0.8797376 0.9032464
1999 0.8605102 0.8738749 0.8598876 0.8344548 0.8751581 0.9008244
2000 0.854354 0.868633 0.8534484 0.8260767 0.8701379 0.8981728
2001 0.8476177 0.8628732 0.846388 0.8167673 0.86464 0.8952428
2002 0.8402595 0.8565624 0.8386571 0.8067059 0.8586261 0.8920085
2003 0.8322467 0.8496715 0.8302295 0.7957656 0.8520716 0.8884951
2004 0.8235609 0.8421827 0.8210934 0.7841085 0.844962 0.8846629
2005 0.8142408 0.8341753 0.8113134 0.7715626 0.8372396 0.8806091
2006 0.8042174 0.8255759 0.8007806 0.7581425 0.8289888 0.8762646
2007 0.7934488 0.8162807 0.7894335 0.7438349 0.8202276 0.8716068
2008 0.781887 0.8062051 0.7772157 0.7282963 0.810682 0.8664365
2009 0.7707135 0.7924278 0.7662377 0.7202702 0.7985237 0.8630761
2010 0.7544775 0.778065 0.7606873 0.699433 0.7844709 0.8570569
2011 0.7415625 0.7638181 0.7469757 0.6765126 0.7693759 0.8496143
2012 0.7274139 0.7508445 0.7557663 0.6556672 0.7536843 0.8419697
2013 0.7112775 0.7414034 0.7528838 0.6352628 0.7382789 0.8346094
2014 0.6962874 0.7274394 0.7474835 0.6248519 0.7195694 0.8274625
2015 0.6790639 0.7080762 0.7321137 0.6001363 0.6967215 0.8340338
2016 0.6607848 0.7144245 0.7138038 0.5971743 0.677388 0.8283276
2017 0.651048 0.6944265 0.6949922 0.5631999 0.6495298 0.8211227
2018 0.638474 0.6872073 0.6837061 0.5443241 0.6263382 0.8150817
2019 0.6205243 0.6690253 0.6646552 0.5107506 0.5980342 0.8027622
2020 0.6036614 0.6528519 0.6426458 0.5134036 0.5666736 0.7933472
2021 0.5842778 0.6263918 0.6178968 0.4769913 0.5334115 0.7801812
2022 0.5651835 0.602127 0.5959157 0.5491941 0.5092963 0.7664023
2023 0.5518144 0.5868661 0.6995968 0.6129181 0.4854005 0.75446

Total abundance: Estimate SD_log
1970 936.2604 0.08822869
1971 1122.048 0.08022728
1972 1311.444 0.07417443
1973 1490 0.07002939
1974 1664.774 0.06679893
1975 1831.309 0.06435271
1976 1990.606 0.06242978
1977 2142.86 0.06088811
1978 2288.447 0.05962824
1979 2427.539 0.05858637
1980 2612.187 0.05654335
1981 2837.188 0.05395058
1982 3099.782 0.05110967
1983 3395.841 0.04828105
1984 3722.182 0.04561792
1985 4075.631 0.04320658
1986 4453.456 0.04108085
1987 4851.372 0.03925777
1988 5265.612 0.03772702
1989 5710.253 0.03632555
1990 6195.879 0.0350021
1991 6726.057 0.03378919
1992 7305.523 0.03273029
1993 7939.443 0.03187227
1994 8636.076 0.03124438
1995 9393.162 0.03089821
1996 10213.47 0.03083834
1997 11095.4 0.03105816
1998 12039.66 0.03153749
1999 13052.33 0.03224606
2000 14139.98 0.03315977
2001 15178.29 0.03165992
2002 16531.16 0.02982369
2003 18043.95 0.02877383
2004 19188.54 0.025613
2005 20347.51 0.0212839
2006 21486.79 0.02518402
2007 23035.86 0.02792395
2008 23382.92 0.03801072
2009 25430.45 0.03794355
2010 26587.3 0.03721753
2011 28695.1 0.03515503
2012 29926.35 0.03200175
2013 32572.62 0.03284333
2014 32767.41 0.04165004
2015 31210.07 0.03993706
2016 31124.12 0.04139372
2017 28975.29 0.04305171
2018 28865.85 0.03797113
2019 29548.44 0.03602374
2020 30356.89 0.036013
2021 30605.83 0.0375258
2022 31676.15 0.04676524
2023 32795.15 0.05588352
2024 34272.07 0.06307468

Breeding stock abundance: Estimate SD_log Estimate/K
Asia
1970 58.8566 0.114924 1.537771
1971 70.98207 0.1087019 1.854578
1972 82.64879 0.1046908 2.1594
1973 91.12808 0.1049444 2.380942
1974 101.8256 0.1026376 2.660441
1975 111.9994 0.100987 2.926255
1976 121.7663 0.09970421 3.181439
1977 131.0466 0.09875393 3.423911
1978 139.8599 0.09804823 3.654178
1979 148.2246 0.09752793 3.872728
1980 159.3482 0.09631017 4.163357
1981 172.1478 0.09527582 4.497777
1982 187.2452 0.09396074 4.892234
1983 204.3942 0.09256677 5.340295
1984 223.296 0.09124941 5.834148
1985 243.8351 0.09003786 6.370782
1986 265.7156 0.08900179 6.942463
1987 288.8516 0.08811323 7.546948
1988 312.9733 0.08739668 8.177186
1989 338.7061 0.08675345 8.849518
1990 366.4286 0.08619321 9.573834
1991 396.5157 0.08570224 10.35993
1992 429.4326 0.08525465 11.21997
1993 465.3942 0.08487479 12.15955
1994 504.6194 0.08457719 13.18441
1995 547.2805 0.08437303 14.29903
1996 593.4686 0.08427592 15.5058
1997 643.2191 0.08429479 16.80566
1998 696.6117 0.08444233 18.20067
1999 753.8204 0.08472621 19.69539
2000 815.2309 0.08514598 21.29988
2001 878.3868 0.08423975 22.94998
2002 964.7565 0.08423921 25.2066
2003 1035.684 0.08090269 27.05975
2004 1110.743 0.07558726 29.02086
2005 1190.985 0.07522241 31.11737
2006 1270.327 0.08151031 33.19038
2007 1364.765 0.09063721 35.6578
2008 1438.115 0.09987707 37.57424
2009 1499.381 0.1200849 39.17496
2010 1560.427 0.1342056 40.76995
2011 1655.539 0.1421847 43.25497
2012 1743.594 0.1513872 45.55561
2013 1858.511 0.1579694 48.55811
2014 1942.735 0.168457 50.75867
2015 2060.261 0.1757158 53.8293
2016 2101.928 0.1887869 54.91796
2017 2160.037 0.2017107 56.4362
2018 2195.694 0.2158596 57.36784
2019 2278.857 0.225586 59.54065
2020 2398.292 0.2333136 62.66119
2021 2484.26 0.2446866 64.9073
2022 2518.006 0.260791 65.78901
2023 2460.994 0.2885603 64.29943
Hawaii
1970 554.4444 0.08821913 1.991856
1971 667.5072 0.08017307 2.398037
1972 781.0629 0.07434244 2.805989
1973 889.8319 0.07026364 3.196745
1974 994.6999 0.06722716 3.573486
1975 1095.095 0.064921 3.934158
1976 1191.224 0.06311781 4.279503
1977 1283.277 0.06167491 4.610207
1978 1371.376 0.0605009 4.926704
1979 1455.768 0.05952774 5.229886
1980 1567.521 0.05765899 5.631362
1981 1704.086 0.05529557 6.121973
1982 1863.242 0.05275604 6.693746
1983 2042.614 0.05027546 7.338145
1984 2240.376 0.0479875 8.048611
1985 2454.294 0.04596886 8.817117
1986 2683.411 0.04422728 9.640225
1987 2924.545 0.04278048 10.50651
1988 3175.257 0.04161203 11.4072
1989 3445.247 0.04056643 12.37714
1990 3740.768 0.03960685 13.43881
1991 4062.551 0.038784 14.59482
1992 4414.864 0.03811955 15.86052
1993 4799.763 0.03765435 17.24328
1994 5223.479 0.03738683 18.76549
1995 5682.76 0.03736709 20.41547
1996 6180.254 0.03757957 22.20273
1997 6713.633 0.03802189 24.11891
1998 7288.586 0.03865121 26.18444
1999 7904.615 0.03946592 28.39754
2000 8565.478 0.04045318 30.77171
2001 9146.358 0.0387105 32.85853
2002 9955.491 0.03690088 35.76537
2003 10883.83 0.03615637 39.10045
2004 11540.11 0.03241754 41.45816
2005 12226.83 0.02846943 43.92522
2006 12824 0.03234245 46.07055
2007 13919.39 0.03413585 50.00578
2008 14088.54 0.03977602 50.61347
2009 15421.92 0.03927991 55.40366
2010 16143.17 0.04066334 57.99477
2011 17438.06 0.04001801 62.64669
2012 17978.48 0.03585254 64.58817
2013 19589.54 0.03747773 70.37594
2014 18905.17 0.05611456 67.91732
2015 17045.36 0.04786829 61.23589
2016 16744.44 0.05049918 60.15483
2017 14718.35 0.04872415 52.87606
2018 14507.67 0.04387266 52.11918
2019 14784.64 0.04044096 53.1142
2020 15045.96 0.03983837 54.05302
2021 14516.94 0.05174562 52.15251
2022 15105.05 0.0597599 54.26531
2023 15673 0.06939192 56.30567
Mexico
1970 283.2908 0.09896462 0.6381026
1971 338.0806 0.09210333 0.7615148
1972 394.9731 0.08657139 0.889663
1973 449.325 0.08272999 1.012089
1974 501.9852 0.07982061 1.130704
1975 551.9405 0.07767631 1.243227
1976 599.6402 0.07601519 1.350669
1977 645.1657 0.074703 1.453213
1978 688.7311 0.07363614 1.551343
1979 730.3233 0.07276575 1.645028
1980 785.593 0.07099457 1.769521
1981 853.2015 0.0687184 1.921806
1982 932.1427 0.06623288 2.099619
1983 1021.201 0.06377632 2.30022
1984 1119.353 0.06148518 2.521303
1985 1225.742 0.05942327 2.760942
1986 1339.306 0.05762433 3.01674
1987 1459.057 0.05608704 3.286475
1988 1584.049 0.05479567 3.568016
1989 1717.732 0.05361883 3.869132
1990 1863.368 0.05249541 4.19717
1991 2023.114 0.05142453 4.556994
1992 2197.551 0.05046331 4.949907
1993 2388.859 0.04962518 5.38082
1994 2598.695 0.04893741 5.853469
1995 2827.653 0.04842735 6.369189
1996 3076.018 0.04811386 6.928623
1997 3344.196 0.0479925 7.532684
1998 3627.196 0.04813374 8.170131
1999 3931.283 0.04844495 8.855078
2000 4258.925 0.04891637 9.593079
2001 4625.322 0.04874743 10.41838
2002 5036.843 0.04737782 11.34531
2003 5493.974 0.04612321 12.37498
2004 5850.065 0.04482426 13.17707
2005 6184.903 0.04209191 13.93128
2006 6592.124 0.0455121 14.84853
2007 6988.491 0.05010878 15.74133
2008 7049.281 0.06513273 15.87826
2009 7644.156 0.06500356 17.21819
2010 7963.175 0.06240872 17.93677
2011 8591.349 0.05896069 19.35171
2012 9120.789 0.055533 20.54426
2013 9942.006 0.05562768 22.39402
2014 10619.93 0.05657915 23.92102
2015 10693.85 0.05934721 24.08752
2016 10760.94 0.06079786 24.23863
2017 10474.84 0.06273262 23.59422
2018 10388.21 0.05704044 23.39909
2019 10583.32 0.05474643 23.83856
2020 10884.14 0.05360179 24.51615
2021 11426.11 0.05497488 25.7369
2022 11850.24 0.06457453 26.69226
2023 12363.8 0.07164773 27.84902
Central_Am
1970 39.66851 0.1104838 0.7415548
1971 45.47794 0.107243 0.850155
1972 52.75904 0.1031994 0.9862663
1973 59.71488 0.1004054 1.116297
1974 66.26303 0.0985188 1.238707
1975 72.27379 0.09723637 1.351071
1976 77.97594 0.09625548 1.457666
1977 83.37038 0.09550072 1.558508
1978 88.48069 0.09490505 1.654039
1979 93.22296 0.09452656 1.74269
1980 99.72503 0.09338897 1.864239
1981 107.7531 0.09182287 2.014313
1982 117.1522 0.0901058 2.190019
1983 127.6321 0.08849722 2.385928
1984 139.1575 0.08700929 2.60138
1985 151.7592 0.08567068 2.836954
1986 165.0239 0.08457412 3.084922
1987 178.9178 0.08366406 3.344652
1988 193.3324 0.08292094 3.614115
1989 208.5676 0.08228201 3.898918
1990 225.3151 0.08164885 4.211992
1991 243.8761 0.08103512 4.558967
1992 263.6753 0.08052029 4.929091
1993 285.4276 0.08006892 5.335723
1994 309.2827 0.07973525 5.781665
1995 335.4685 0.07950775 6.271178
1996 363.7346 0.07942523 6.799578
1997 394.3476 0.07946575 7.371851
1998 427.2627 0.07963932 7.987159
1999 462.6159 0.07992837 8.648044
2000 500.3424 0.08035592 9.353294
2001 528.226 0.08729463 9.874546
2002 574.0693 0.08563652 10.73153
2003 630.461 0.08530333 11.78571
2004 687.616 0.08551096 12.85415
2005 744.7917 0.08696325 13.92298
2006 800.3401 0.09343943 14.96139
2007 763.2107 0.1044613 14.2673
2008 806.9837 0.097313 15.08558
2009 864.9944 0.09356979 16.17002
2010 920.5296 0.08760831 17.20819
2011 1010.154 0.08701141 18.88361
2012 1083.483 0.0833036 20.25441
2013 1182.562 0.08116442 22.10656
2014 1299.579 0.08000454 24.29406
2015 1410.608 0.07935425 26.36962
2016 1516.823 0.079117 28.35518
2017 1622.058 0.07930399 30.32241
2018 1774.275 0.07958691 33.16792
2019 1901.629 0.08081133 35.54865
2020 2028.492 0.08161991 37.92021
2021 2178.525 0.08450937 40.72489
2022 2202.849 0.09739029 41.17959
2023 2297.361 0.1033639 42.94638

Feeding stock abundance: Estimate SD_log Estimate/K
RUS+WAL
1970 70.18834 0.1362853 1.306688
1971 85.27168 0.1302087 1.587492
1972 99.66306 0.1264863 1.855415
1973 109.5608 0.1283672 2.03968
1974 122.8119 0.125991 2.286374
1975 135.5283 0.1242091 2.523114
1976 147.6476 0.1228849 2.748737
1977 159.1972 0.1218836 2.963755
1978 170.1964 0.1211184 3.168526
1979 180.6672 0.1205311 3.36346
1980 194.5086 0.1193776 3.621143
1981 210.4277 0.1185989 3.917506
1982 229.2439 0.1175234 4.267806
1983 250.5733 0.1163698 4.664892
1984 274.2428 0.1152127 5.105544
1985 299.911 0.1141526 5.583407
1986 327.4239 0.1131954 6.095611
1987 356.4681 0.1123761 6.636324
1988 386.8415 0.1116891 7.201781
1989 419.33 0.1110526 7.806615
1990 454.2728 0.1105256 8.457142
1991 492.3569 0.1100502 9.166147
1992 533.9655 0.1096326 9.940771
1993 579.4948 0.1092711 10.78838
1994 629.2275 0.1089763 11.71425
1995 683.3846 0.1087582 12.72249
1996 742.0905 0.108629 13.81541
1997 805.0833 0.108595 14.98814
1998 872.8299 0.1086707 16.24937
1999 945.6123 0.1088675 17.60435
2000 1023.757 0.1092016 19.05915
2001 1099.276 0.1079105 20.46509
2002 1209.012 0.1076657 22.50804
2003 1296.303 0.1035403 24.13311
2004 1391.93 0.09707673 25.9134
2005 1500.993 0.095891 27.9438
2006 1602.308 0.1040142 29.82998
2007 1718.719 0.1143413 31.99718
2008 1842.264 0.1240696 34.2972
2009 1908.073 0.1477216 35.52237
2010 1993.058 0.1644715 37.10452
2011 2114.377 0.1740147 39.3631
2012 2228.35 0.1848933 41.48493
2013 2359.36 0.1937643 43.92392
2014 2488.415 0.2047994 46.32651
2015 2578.774 0.2177973 48.00872
2016 2740.041 0.2254773 51.011
2017 2841.34 0.2393635 52.89687
2018 2924.839 0.2538712 54.45137
2019 3074.543 0.2623664 57.23838
2020 3229.149 0.2717096 60.11667
2021 3346.174 0.2844986 62.2953
2022 3380.566 0.3035582 62.93559
2023 3274.699 0.3377871 60.96466
EAL+BER
1970 307.7693 0.1208136 0.9879417
1971 373.576 0.1137219 1.199182
1972 437.5463 0.1089672 1.404527
1973 499.8949 0.1054902 1.604667
1974 559.6528 0.1029761 1.79649
1975 616.9668 0.1010805 1.980468
1976 671.9186 0.09960739 2.156864
1977 724.6554 0.09842935 2.326149
1978 775.2128 0.09747224 2.488439
1979 823.678 0.09668176 2.644013
1980 887.5606 0.09521582 2.849076
1981 965.928 0.09333433 3.100636
1982 1057.452 0.09130649 3.394429
1983 1160.857 0.08931781 3.726359
1984 1274.941 0.08747682 4.09257
1985 1398.654 0.0858314 4.489689
1986 1531.009 0.084394 4.914549
1987 1670.987 0.08315893 5.363881
1988 1817.71 0.08210905 5.834863
1989 1974.728 0.08115422 6.338893
1990 2145.563 0.08023946 6.887274
1991 2332.615 0.07937125 7.487712
1992 2538.189 0.07855883 8.147605
1993 2763.966 0.07782632 8.872352
1994 3011.439 0.07719156 9.666743
1995 3281.552 0.07667306 10.53381
1996 3575.104 0.07627739 11.47611
1997 3888.986 0.07604092 12.48367
1998 4227.871 0.07591871 13.5715
1999 4591.828 0.07593522 14.7398
2000 4985.379 0.07604722 16.0031
2001 5525.432 0.07528357 17.73668
2002 6089.635 0.07378621 19.54778
2003 6647.094 0.07128242 21.33722
2004 7155.64 0.06680008 22.96966
2005 7525.92 0.06041551 24.15826
2006 8073.289 0.06738861 25.91532
2007 8830.801 0.07217152 28.34694
2008 8581.958 0.1099873 27.54815
2009 9365.851 0.1100584 30.06445
2010 9654.834 0.1037816 30.99209
2011 10364.55 0.09829375 33.27027
2012 10999.52 0.09144947 35.30854
2013 12032.72 0.09111102 38.62512
2014 12983.87 0.09201536 41.67832
2015 13586.08 0.09535158 43.61141
2016 13421.57 0.1044653 43.08336
2017 13071.24 0.0994033 41.95879
2018 12189.45 0.09626152 39.12823
2019 11963.19 0.09554966 38.40194
2020 12082 0.09602964 38.78333
2021 12720.12 0.1006355 40.8317
2022 13492.41 0.1089372 43.31073
2023 14206.03 0.1188834 45.60146
GOA
1970 124.8179 0.1467446 1.233416
1971 149.1424 0.1452274 1.473785
1972 175.3606 0.1421504 1.732866
1973 200.5294 0.1401327 1.981578
1974 224.6623 0.1387277 2.220052
1975 247.8165 0.1377002 2.448856
1976 269.9354 0.1369695 2.667428
1977 291.1691 0.1363992 2.877254
1978 311.5402 0.1359444 3.078556
1979 331.0831 0.1355747 3.271674
1980 357.0225 0.1348531 3.528
1981 388.7794 0.1339673 3.841812
1982 425.7209 0.1330918 4.206858
1983 467.3425 0.1323068 4.618152
1984 513.2352 0.1316309 5.071651
1985 562.8807 0.1310973 5.562235
1986 615.976 0.1306731 6.086908
1987 671.9376 0.1303832 6.639905
1988 730.6262 0.1301672 7.219851
1989 793.4267 0.1300098 7.840428
1990 861.6766 0.1298883 8.514855
1991 936.4131 0.129809 9.253381
1992 1018.406 0.1297912 10.06361
1993 1108.409 0.1298313 10.95299
1994 1206.85 0.1299443 11.92577
1995 1314.162 0.1301236 12.98619
1996 1430.596 0.1303651 14.13676
1997 1555.328 0.1306769 15.36933
1998 1689.547 0.1310528 16.69565
1999 1834.034 0.1314791 18.12343
2000 1989.709 0.1319492 19.66176
2001 2129.795 0.1263514 21.04606
2002 2200.571 0.1085593 21.74544
2003 2375.266 0.107298 23.47173
2004 2263.632 0.1061248 22.36859
2005 2300.336 0.08120293 22.73129
2006 2369.2 0.09481109 23.41179
2007 2569.809 0.099832 25.39416
2008 2799.957 0.1033789 27.66842
2009 3039.493 0.10959 30.03545
2010 3179.703 0.1363412 31.42097
2011 3425.486 0.1354862 33.84972
2012 3710.54 0.1358611 36.66656
2013 4020.879 0.1405575 39.73324
2014 4308.573 0.1431505 42.57615
2015 2988.56 0.3009734 29.53214
2016 2733.242 0.396315 27.00915
2017 1770.012 0.1971563 17.49078
2018 1823.248 0.1912035 18.01684
2019 1936.983 0.1909463 19.14074
2020 1870.231 0.2325917 18.48112
2021 1906.13 0.2480945 18.83586
2022 2011.989 0.2518627 19.88193
2023 2066.966 0.262661 20.4252
SEA+NBC
1970 304.7155 0.09106599 1.779309
1971 364.9742 0.08473207 2.131173
1972 425.5048 0.08013501 2.484626
1973 483.5184 0.07699602 2.823382
1974 538.9626 0.07476156 3.147135
1975 591.9915 0.07310766 3.456783
1976 642.7014 0.07184859 3.752891
1977 691.1913 0.07086878 4.036035
1978 737.4478 0.07010246 4.306138
1979 781.6563 0.06948819 4.564283
1980 840.3258 0.06821233 4.906868
1981 911.9972 0.06660031 5.325375
1982 995.4777 0.06490193 5.812838
1983 1089.358 0.06330202 6.361029
1984 1192.715 0.061882 6.964554
1985 1304.323 0.06069011 7.616259
1986 1423.969 0.05969572 8.314904
1987 1549.292 0.05894432 9.046697
1988 1678.449 0.05843591 9.800875
1989 1818.33 0.05796788 10.61767
1990 1972.448 0.05751187 11.5176
1991 2139.409 0.05719175 12.49253
1992 2321.545 0.05700494 13.55607
1993 2519.45 0.0569873 14.71169
1994 2738.462 0.05705919 15.99055
1995 2974.21 0.05734319 17.36714
1996 3228.805 0.05779976 18.85378
1997 3499.152 0.05846845 20.4324
1998 3790.338 0.05928011 22.13271
1999 4101.348 0.06027505 23.94878
2000 4432.884 0.06147227 25.88469
2001 4608.135 0.06000748 26.90803
2002 5054.55 0.05967681 29.51475
2003 5553.554 0.0588937 32.42856
2004 6005.846 0.0545982 35.0696
2005 6446.834 0.0521875 37.64464
2006 6670.574 0.06078206 38.95111
2007 7198.864 0.06289144 42.03593
2008 7263.991 0.05953499 42.41622
2009 8000.492 0.05849534 46.71683
2010 8427.64 0.06321737 49.21105
2011 9134.997 0.06619176 53.34149
2012 9061.03 0.05731403 52.90957
2013 9865.642 0.06072973 57.6079
2014 8322.274 0.120964 48.59579
2015 6955.719 0.06221384 40.61615
2016 6841.378 0.06238895 39.94848
2017 5559.618 0.06726022 32.46397
2018 5697.769 0.07156754 33.27067
2019 5954.907 0.06173828 34.77216
2020 6147.19 0.05703264 35.89495
2021 5135.946 0.1677926 29.99004
2022 5229.948 0.1799879 30.53895
2023 5384.926 0.1937924 31.4439
SBC+WA
1970 26.48486 0.1404409 0.986371
1971 32.30665 0.1322259 1.203191
1972 37.89161 0.1268839 1.411191
1973 43.24429 0.1231585 1.610539
1974 48.37654 0.1204192 1.801679
1975 53.29947 0.1183249 1.985023
1976 58.02147 0.1166755 2.160884
1977 62.45842 0.1155196 2.326128
1978 66.70511 0.114576 2.484287
1979 70.778 0.1137874 2.635973
1980 76.22285 0.1120973 2.838754
1981 82.91667 0.1098731 3.088051
1982 90.63839 0.1075359 3.37563
1983 99.38944 0.1051494 3.701544
1984 109.0659 0.1028513 4.061923
1985 119.4474 0.1008275 4.448557
1986 130.5591 0.09899495 4.862389
1987 142.3157 0.0973591 5.300239
1988 154.5421 0.09597076 5.755585
1989 167.67 0.09461834 6.244505
1990 181.8571 0.0933062 6.77287
1991 197.3295 0.09200002 7.349107
1992 214.3906 0.09065344 7.984512
1993 233.0655 0.08934404 8.680019
1994 253.484 0.08809071 9.440461
1995 275.729 0.0869142 10.26893
1996 299.8494 0.08583885 11.16724
1997 325.6402 0.08487663 12.12776
1998 353.8163 0.08392949 13.17712
1999 383.9168 0.08314365 14.29815
2000 415.9673 0.08252808 15.4918
2001 457.2451 0.07921313 17.0291
2002 504.9238 0.07709899 18.80479
2003 556.3235 0.07360763 20.71906
2004 609.539 0.07091117 22.70095
2005 664.8873 0.0684864 24.76228
2006 727.5988 0.06807504 27.09784
2007 799.4926 0.06737249 29.77536
2008 877.2122 0.0676197 32.66986
2009 958.9336 0.06834693 35.7134
2010 1044.289 0.06812781 38.89225
2011 1143.916 0.06888327 42.60265
2012 1238.87 0.07098356 46.13902
2013 1351.248 0.07319409 50.3243
2014 1439.788 0.07718047 53.62175
2015 1522.486 0.07986646 56.70166
2016 1596.49 0.08111062 59.45779
2017 1674.626 0.08267171 62.36781
2018 1774.603 0.08327632 66.09122
2019 1840.322 0.08820129 68.5388
2020 1883.515 0.09233064 70.14743
2021 1951.51 0.09750995 72.67973
2022 1963.679 0.1186767 73.13296
2023 1996.002 0.1306681 74.33677
OR+CA
1970 99.98449 0.08190786 0.6686216
1971 114.3769 0.07764783 0.764867
1972 132.8775 0.07193368 0.8885854
1973 150.452 0.06791852 1.006111
1974 167.2076 0.06494611 1.11816
1975 182.506 0.06290382 1.220464
1976 196.9817 0.06132822 1.317266
1977 210.6884 0.06008928 1.408927
1978 223.5449 0.05913421 1.494901
1979 235.6765 0.05837589 1.576029
1980 252.247 0.05651867 1.68684
1981 272.639 0.05403035 1.823206
1982 296.4492 0.05126872 1.982431
1983 323.2212 0.04852804 2.161462
1984 352.5827 0.04596808 2.35781
1985 384.6155 0.04362899 2.572021
1986 418.5195 0.04161264 2.798746
1987 453.9712 0.03992071 3.03582
1988 490.6434 0.03853617 3.281057
1989 529.5678 0.03730333 3.541354
1990 572.3617 0.03611854 3.827528
1991 619.7332 0.03500537 4.144313
1992 670.3272 0.03412298 4.482648
1993 725.7581 0.03345879 4.853328
1994 786.8137 0.03305621 5.261623
1995 853.7239 0.03296048 5.709068
1996 926.1305 0.03320488 6.193269
1997 1003.207 0.03376356 6.708701
1998 1086.254 0.03461187 7.264055
1999 1175.396 0.03573732 7.860167
2000 1270.78 0.03712858 8.498031
2001 1335.809 0.0530578 8.932895
2002 1449.368 0.05018324 9.692291
2003 1591.708 0.04999822 10.64415
2004 1735.45 0.05097193 11.60539
2005 1878.142 0.05402253 12.55961
2006 2014.618 0.0675304 13.47226
2007 1886.973 0.08345835 12.61867
2008 1985.041 0.0717673 13.27447
2009 2121.61 0.06575652 14.18774
2010 2249.977 0.0547011 15.04617
2011 2469.181 0.05359952 16.51204
2012 2644.435 0.04675924 17.68401
2013 2886.868 0.04230498 19.30522
2014 3186.192 0.03925491 21.30687
2015 3470.06 0.0375891 23.20517
2016 3742.899 0.03712315 25.02972
2017 4011.652 0.03817362 26.82693
2018 4405.04 0.03938345 29.45762
2019 4740.895 0.04318378 31.70356
2020 5071.901 0.04775254 33.91709
2021 5468.152 0.05453361 36.56692
2022 5536.363 0.07083573 37.02306
2023 5785.831 0.08060235 38.69132

Parameters: Estimate  Std. Error      z value    Pr(>|z^2|)
rval 0.08856648 0.00303429 29.18858338 0
logK 8.24994002 0.81225792 10.15679853 0
logK 10.2340697 0.47443899 21.57088676 0
logK 10.7009003 0.3746928 28.55912995 0
logK 8.58473417 1.01113946 8.49015834 0
logBK 4.15933885 0.84267252 4.93589001 8e-07
logBK 3.8959835 0.47429943 8.21418545 0
logBK 5.04802484 0.40354274 12.50926947 0
logBK 4.89673324 1.01447041 4.82688619 1.39e-06
MixPars -1.67198178 0.3003505 -5.56676879 3e-08
MixPars -3.23153052 0.2102344 -15.37108335 0
MixPars -0.6288239 0.12837377 -4.89838296 9.7e-07
MixPars -1.17485379 0.14577357 -8.05944308 0
MixPars -3.08179636 0.12835721 -24.0095309 0
MixPars -2.67200527 0.25297361 -10.5623872 0
MixPars -1.39552543 0.2008646 -6.94759263 0
MixPars -2.14153629 0.27377068 -7.82237283 0
MixPars -2.6640575 0.14718544 -18.10000656 0
MixPars -0.82268944 0.10820018 -7.60340195 0
MixPars -2.43479647 0.20111575 -12.10644374 0
AddV 0.06297703 0.02883853 2.18378044 0.02897839
AddV 0.01096744 0.00347054 3.16014942 0.00157688
AddV 0.01580801 0.01213083 1.30312684 0.19253146
omega_sst 0.69562294 0.16631331 4.18260532 2.882e-05
omega_chl 0.54075475 0.83905839 0.64447809 0.51926546
SFdev 0.17678963 1.12851791 0.15665647 0.8755156
SFdev -0.53581025 1.08530253 -0.49369667 0.62152042
SFdev 0.18797199 1.12866027 0.16654435 0.86772859
SFdev 0.14393616 1.14567669 0.12563419 0.9000215
SFdev 0.03098797 1.0766751 0.02878117 0.97703912
SFdev 0.23757348 1.06499842 0.22307402 0.8234779
SFdev 0.11719285 1.01056051 0.11596817 0.90767777
SFdev 0.11047787 1.01897744 0.10842033 0.91366227
SFdev 0.67360702 1.06802181 0.63070531 0.52823323
SFdev 0.53886519 1.07816889 0.49979664 0.61721828
SFdev 0.24359133 1.04204303 0.23376322 0.81516881
SFdev 0.34729547 1.04895577 0.33108686 0.74057888
SFdev 0.15392868 1.04645713 0.14709506 0.88305699
SFdev 0.39655983 1.0441618 0.37978772 0.704103
SFdev 0.26153 1.03181097 0.25346697 0.79990738
SFdev 0.15199229 1.04155435 0.14592833 0.88397797
SFdev 0.54939769 1.05063336 0.52292047 0.6010296
SFdev 0.62763647 1.06333385 0.59025345 0.55502074
SFdev 0.33575738 1.03441175 0.32458775 0.7454931
SFdev 0.18271236 0.99450157 0.18372254 0.85423112
SFdev 0.40316646 0.98620891 0.40880432 0.68268327
SFdev 0.7351765 1.01536627 0.72405055 0.4690347
SFdev 1.14603319 1.03796071 1.10412 0.26954108
SFdev 0.97891734 1.02675614 0.95340783 0.34038347
SFdev -0.71935382 0.88790659 -0.81016835 0.41784343
SFdev -0.48028662 0.863873 -0.55596901 0.57823204
SFdev -0.16749853 0.79635338 -0.21033192 0.83340863
SFdev 0.16897821 0.81299864 0.20784562 0.83534951
SFdev 0.56552159 0.74598608 0.75808599 0.44839951
SFdev 0.21960048 0.76449549 0.28724888 0.77392176
SFdev -0.30429599 0.96463197 -0.31545294 0.75241778
SFdev 1.34097583 0.73041637 1.83590605 0.06637155
SFdev -0.28632816 1.10991386 -0.25797332 0.7964275
SFdev 0.77318445 1.35931599 0.56880406 0.56948912
SFdev 0.07308684 1.12879971 0.06474739 0.94837513
SFdev 0.29568706 1.08187709 0.27330929 0.78461547
SFdev -0.57934552 1.07192502 -0.54047205 0.58887153
SFdev -0.10794742 0.92528866 -0.1166635 0.90712671
SFdev 0.48427065 0.81858782 0.59159278 0.55412331
SFdev 1.13213003 0.7718382 1.4667971 0.14243126
SFdev 1.26632013 0.73932367 1.71280884 0.08674771
SFdev 1.54799213 0.58111115 2.66384862 0.00772523
SFdev 1.1854141 0.66806038 1.77441162 0.07599509
SFdev 0.88555612 0.63223684 1.4006715 0.16131233
SFdev 0.26927911 0.75745796 0.3555037 0.72221228
SFdev 0.05380536 1.00051135 0.05377786 0.95711215
SFdev 0.14207674 1.00861451 0.14086327 0.88797796
SFdev -0.05682737 1.00014845 -0.05681894 0.95468943
SFdev 0.28091485 1.09426599 0.25671533 0.79739854
SFdev 0.7982994 1.13402285 0.70395354 0.48146171
SFdev 0.0851789 1.06959494 0.07963659 0.93652629
SFdev 1.4814716 0.96261892 1.53900112 0.12380402
SFdev 0.95901716 1.07808556 0.8895557 0.3737045
SFdev 0.80536454 0.87993889 0.91525054 0.36006012
SFdev -0.11579417 0.92005921 -0.12585512 0.89984661
SFdev -0.33769599 0.93460883 -0.36132335 0.71785774
SFdev -0.21124878 1.18408888 -0.17840618 0.85840399
SFdev 0.54526174 1.56285206 0.34888891 0.72717271
SFdev 0.00336012 1.29697238 0.00259074 0.99793289
SFdev -0.20687197 1.09995521 -0.18807308 0.85081936
SFdev -0.18764041 1.32913506 -0.14117482 0.88773183
SFdev 0.12751847 1.02832857 0.12400557 0.90131086
SFdev 2.69183493 0.75014062 3.58844042 0.00033266
SFdev 1.6682934 1.93751038 0.86105004 0.38921048
SFdev 2.85547155 0.97132845 2.93975901 0.00328468
SFdev 0.67806007 1.1740958 0.57751681 0.56359038
SFdev 0.1253064 1.08440356 0.11555329 0.90800658
SFdev 1.27202201 1.05663142 1.20384648 0.22864892
SFdev 0.75259488 1.01877586 0.73872469 0.46007419
SFdev 0.0799349 1.00077205 0.07987324 0.93633807
SFdev 0.58097548 1.00969782 0.5753954 0.56502391
SFdev -0.12392425 1.02042065 -0.12144428 0.90333915
SFdev 0.69235967 0.59824744 1.15731322 0.24714441
SFdev -0.48609609 0.89626733 -0.54235614 0.58757319
SFdev -0.5557973 0.87042771 -0.63853356 0.52312642
SFdev -0.07342698 0.78816449 -0.093162 0.92577487
SFdev 0.08059724 0.6489175 0.1242026 0.90115487
SFdev 0.69054758 0.6129632 1.12657267 0.2599232
SFdev -0.10630362 0.81674306 -0.13015552 0.89644338
SFdev 0.96057126 0.49615295 1.93603858 0.05286298
SFdev -1.07334514 0.88034149 -1.21923725 0.22275416
SFdev 0.36109895 0.64765702 0.55754657 0.57715405
SFdev -0.49073775 0.91589043 -0.53580399 0.59209402
SFdev 1.06053152 0.40694359 2.60608977 0.00915825
SFdev -0.72605553 0.91568095 -0.79291322 0.42782838
SFdev 2.01095468 0.47391085 4.24331851 2.202e-05
SFdev 2.04124 0.46566424 4.38350169 1.168e-05
SFdev 1.03705743 0.40375856 2.56850886 0.01021371
SFdev 2.14810454 0.19615066 10.95129901 0
SFdev 0.56628734 0.82764772 0.68421301 0.49384067
SFdev 0.15765029 0.86337963 0.18259672 0.85511446
SFdev 0.31915697 0.58450368 0.54603074 0.58504481
SFdev 2.00718987 0.670133 2.99521121 0.00274255
SFdev 0.47004974 1.01319817 0.46392676 0.64270022
SFdev 0.55299053 1.00937457 0.54785463 0.58379173
SFdev 0.39507085 1.00442035 0.39333218 0.69407415
SFdev -0.42826076 0.89268883 -0.47974248 0.63141051
SFdev -0.63677626 0.87809218 -0.72518157 0.46834065
SFdev -0.55158088 0.89229629 -0.61815889 0.53647061
SFdev -0.36534924 0.8113348 -0.45030639 0.65248954
SFdev -0.23466169 0.79367032 -0.29566646 0.76748482
SFdev -0.5043306 0.80881066 -0.62354594 0.53292582
SFdev -0.63740514 0.83911998 -0.75961144 0.44748688
SFdev -0.34505932 0.82012874 -0.42073799 0.67394641
SFdev -0.78670448 0.90577499 -0.86854295 0.38509717
SFdev -0.15655791 0.88457302 -0.17698698 0.85951862
SFdev -0.66613043 0.97663678 -0.68206568 0.49519742
SFdev -0.35752152 0.92828786 -0.38514079 0.70013311
SFdev -0.33713031 0.94960212 -0.3550227 0.72257258
SFdev 0.20743142 0.94258443 0.22006667 0.82581923
SFdev 0.22430312 0.95644114 0.23451848 0.81458249
SFdev 0.33498324 1.01129599 0.33124154 0.74046205
SFdev 0.30794634 0.9520281 0.3234635 0.74634425
SFdev -0.0044044 0.92313612 -0.00477113 0.99619321
SFdev 0.22426505 0.91823837 0.24423402 0.80704958
SFdev 0.58481513 0.80034606 0.73070283 0.46496069
SFdev 0.21228713 0.84786807 0.25037755 0.80229539
SFdev 0.72360774 0.91701564 0.78908986 0.43005949
SFdev 0.58027935 0.91964983 0.63097859 0.52805452
SFdev 0.90304078 1.06681826 0.84648043 0.39728479
SFdev 0.5659331 0.88792726 0.63736426 0.5238876
SFdev -0.07063452 0.96251406 -0.07338544 0.9414994
SFdev -0.43705336 0.89927798 -0.48600474 0.62696381
SFdev -0.21930323 0.87604429 -0.2503335 0.80232945
SFdev -0.00023494 0.83373061 -0.00028179 0.99977516
SFdev 0.17275404 1.06107965 0.16280968 0.87066829
SFdev 1.57319071 0.6498901 2.42070269 0.01549054
SFdev 0.51946301 1.04762208 0.49584961 0.62000052
SFdev 0.32300928 1.17418345 0.27509268 0.78324503
SFdev 0.44194238 1.05488891 0.41894684 0.67525498
SFdev -0.6300687 1.09384643 -0.57601203 0.56460705
SFdev 0.23431813 1.06144283 0.22075436 0.8252837
SFdev -0.23910187 0.90997821 -0.2627556 0.79273896
SFdev -0.63540081 0.82527258 -0.76992841 0.44134236
SFdev -0.59768773 0.69432188 -0.86082225 0.38933595
SFdev -0.70189961 0.68798628 -1.02022327 0.30762259
SFdev -0.72586286 0.70817995 -1.02496952 0.30537757
SFdev -0.65447216 0.75674263 -0.86485435 0.38711874
SFdev -0.25161254 0.79587266 -0.31614673 0.75189114
SFdev 0.16354255 0.8178581 0.19996446 0.84150838
SFdev 0.10820654 0.81694237 0.13245308 0.89462593
SFdev 0.9562306 0.8154598 1.17262752 0.24094521
SFdev 0.53190735 1.00411988 0.52972494 0.59630265
SFdev 0.41470824 1.03905649 0.39912001 0.68980478

Mixing matrix
0.84183986 0.15816014 0 0 0 0 ,# Asia
0.02049177 0.27664363 0.16024442 0.51881846 0.02380172 0 ,# Hawaii
0.03556677 0.51461393 0.12747134 0.06045388 0.03585057 0.22604352 ,# Mexico
0 0 0 0 0.08055749 0.91944251 ,# Central_Am

Split of breeding stock to feeding grounds over time
Split for: Asia
Year RUS+WAL EAL+BER GOA SEA+NBC SBC+WA OR+CA
1970 0.84301 0.15699 0 0 0 0
1971 0.84357 0.15643 0 0 0 0
1972 0.83815 0.16185 0 0 0 0
1973 0.83913 0.16087 0 0 0 0
1974 0.83985 0.16015 0 0 0 0
1975 0.84041 0.15959 0 0 0 0
1976 0.84085 0.15915 0 0 0 0
1977 0.84121 0.15879 0 0 0 0
1978 0.8415 0.1585 0 0 0 0
1979 0.84178 0.15822 0 0 0 0
1980 0.84209 0.15791 0 0 0 0
1981 0.8417 0.1583 0 0 0 0
1982 0.84143 0.15857 0 0 0 0
1983 0.84127 0.15873 0 0 0 0
1984 0.84118 0.15882 0 0 0 0
1985 0.84114 0.15886 0 0 0 0
1986 0.84114 0.15886 0 0 0 0
1987 0.84117 0.15883 0 0 0 0
1988 0.84122 0.15878 0 0 0 0
1989 0.84128 0.15872 0 0 0 0
1990 0.84127 0.15873 0 0 0 0
1991 0.84122 0.15878 0 0 0 0
1992 0.84115 0.15885 0 0 0 0
1993 0.84106 0.15894 0 0 0 0
1994 0.84096 0.15904 0 0 0 0
1995 0.84086 0.15914 0 0 0 0
1996 0.84075 0.15925 0 0 0 0
1997 0.84065 0.15935 0 0 0 0
1998 0.8406 0.1594 0 0 0 0
1999 0.84053 0.15947 0 0 0 0
2000 0.8404 0.1596 0 0 0 0
2001 0.83639 0.16361 0 0 0 0
2002 0.83644 0.16356 0 0 0 0
2003 0.83428 0.16572 0 0 0 0
2004 0.83424 0.16576 0 0 0 0
2005 0.83796 0.16204 0 0 0 0
2006 0.83761 0.16239 0 0 0 0
2007 0.83523 0.16477 0 0 0 0
2008 0.84857 0.15143 0 0 0 0
2009 0.84205 0.15795 0 0 0 0
2010 0.84422 0.15578 0 0 0 0
2011 0.84295 0.15705 0 0 0 0
2012 0.84239 0.15761 0 0 0 0
2013 0.83885 0.16115 0 0 0 0
2014 0.83525 0.16475 0 0 0 0
2015 0.83662 0.16338 0 0 0 0
2016 0.84618 0.15382 0 0 0 0
2017 0.85405 0.14595 0 0 0 0
2018 0.86599 0.13401 0 0 0 0
2019 0.87349 0.12651 0 0 0 0
2020 0.87812 0.12188 0 0 0 0
2021 0.87683 0.12317 0 0 0 0
2022 0.87205 0.12795 0 0 0 0
2023 0.86298 0.13702 0 0 0 0
2024 0.85459 0.14541 0 0 0 0
Split for: Hawaii
Year RUS+WAL EAL+BER GOA SEA+NBC SBC+WA OR+CA
1970 0.02087 0.27926 0.15914 0.51658 0.02415 0
1971 0.02102 0.28016 0.16025 0.5143 0.02427 0
1972 0.02029 0.2815 0.16105 0.51281 0.02436 0
1973 0.02049 0.28231 0.16154 0.51126 0.02441 0
1974 0.02065 0.28297 0.16194 0.51 0.02445 0
1975 0.02078 0.28356 0.16222 0.50896 0.02449 0
1976 0.02088 0.28408 0.16248 0.50808 0.02448 0
1977 0.02097 0.28458 0.16273 0.50724 0.02448 0
1978 0.02105 0.28503 0.16296 0.50648 0.02449 0
1979 0.02112 0.2854 0.16319 0.5058 0.02449 0
1980 0.0212 0.28578 0.16346 0.50504 0.02451 0
1981 0.02118 0.28626 0.16373 0.50431 0.02452 0
1982 0.02118 0.28679 0.16398 0.50352 0.02453 0
1983 0.02119 0.28732 0.16422 0.50271 0.02456 0
1984 0.02122 0.28787 0.16444 0.5019 0.02457 0
1985 0.02125 0.28834 0.16461 0.50123 0.02457 0
1986 0.02129 0.2889 0.16479 0.50043 0.02459 0
1987 0.02134 0.28963 0.16507 0.49935 0.02461 0
1988 0.02139 0.29013 0.16523 0.49863 0.02461 0
1989 0.02142 0.29043 0.16528 0.49828 0.02459 0
1990 0.02145 0.29083 0.1654 0.49775 0.02458 0
1991 0.02148 0.2913 0.16554 0.49711 0.02458 0
1992 0.02151 0.29186 0.16575 0.4963 0.02458 0
1993 0.02152 0.29228 0.16585 0.49578 0.02457 0
1994 0.02155 0.29283 0.16602 0.49503 0.02457 0
1995 0.02158 0.29339 0.16619 0.49427 0.02457 0
1996 0.02161 0.29416 0.16644 0.4932 0.02459 0
1997 0.02165 0.2949 0.16666 0.49215 0.02464 0
1998 0.0217 0.29561 0.16691 0.49112 0.02467 0
1999 0.02175 0.29643 0.16719 0.48995 0.02469 0
2000 0.02178 0.29719 0.16737 0.48895 0.02471 0
2001 0.02197 0.30878 0.16786 0.47594 0.02546 0
2002 0.02226 0.3127 0.15934 0.47987 0.02583 0
2003 0.0219 0.31254 0.15741 0.48211 0.02604 0
2004 0.02225 0.31758 0.14153 0.49171 0.02693 0
2005 0.02272 0.31554 0.13582 0.4983 0.02762 0
2006 0.02318 0.32288 0.13339 0.49167 0.02887 0
2007 0.02297 0.3255 0.13304 0.48905 0.02945 0
2008 0.02441 0.31289 0.14351 0.48769 0.0315 0
2009 0.02317 0.31212 0.14235 0.49043 0.03193 0
2010 0.02323 0.30788 0.14269 0.49314 0.03306 0
2011 0.02287 0.30607 0.14212 0.49552 0.03342 0
2012 0.02344 0.31496 0.14904 0.47713 0.03544 0
2013 0.02296 0.31678 0.14857 0.47617 0.03552 0
2014 0.02505 0.35489 0.16497 0.41597 0.0391 2e-05
2015 0.02943 0.41268 0.12689 0.3851 0.04588 2e-05
2016 0.03178 0.41484 0.11832 0.38601 0.04902 2e-05
2017 0.03747 0.45957 0.08719 0.35738 0.05837 2e-05
2018 0.03924 0.43584 0.09119 0.37147 0.06223 2e-05
2019 0.04038 0.41969 0.09497 0.38083 0.06411 2e-05
2020 0.04188 0.41706 0.09043 0.38655 0.06406 2e-05
2021 0.04524 0.45598 0.09531 0.33414 0.06931 2e-05
2022 0.04412 0.46445 0.0969 0.32737 0.06714 2e-05
2023 0.0415 0.4727 0.09578 0.32442 0.06558 2e-05
2024 0.03898 0.47582 0.09855 0.32489 0.06174 2e-05
Split for: Mexico
Year RUS+WAL EAL+BER GOA SEA+NBC SBC+WA OR+CA
1970 0.03643 0.52245 0.12731 0.06054 0.03658 0.2167
1971 0.03663 0.52319 0.12797 0.06016 0.0367 0.21534
1972 0.03531 0.52514 0.12848 0.05993 0.03679 0.21436
1973 0.03562 0.52594 0.12869 0.05966 0.03682 0.21327
1974 0.03589 0.5271 0.12899 0.05951 0.03687 0.21164
1975 0.03611 0.52816 0.12921 0.05939 0.03693 0.2102
1976 0.0363 0.52917 0.12942 0.05929 0.03692 0.2089
1977 0.03646 0.53012 0.12963 0.05919 0.03693 0.20767
1978 0.0366 0.53102 0.12983 0.05911 0.03694 0.20651
1979 0.03673 0.53182 0.13003 0.05905 0.03696 0.20541
1980 0.03687 0.53258 0.13026 0.05897 0.03699 0.20433
1981 0.03682 0.53344 0.13047 0.05888 0.03699 0.20339
1982 0.03681 0.53426 0.13062 0.05876 0.03701 0.20254
1983 0.03682 0.53505 0.13077 0.05865 0.03703 0.20168
1984 0.03684 0.53571 0.13086 0.05851 0.03702 0.20106
1985 0.03688 0.5364 0.13095 0.05842 0.03701 0.20035
1986 0.03693 0.53715 0.13102 0.05829 0.03702 0.19959
1987 0.03699 0.53797 0.13111 0.05811 0.03701 0.19881
1988 0.03706 0.53876 0.13121 0.05801 0.03701 0.19795
1989 0.03712 0.53939 0.13126 0.05798 0.03699 0.19726
1990 0.03715 0.5399 0.1313 0.05789 0.03695 0.1968
1991 0.0372 0.54068 0.13139 0.05781 0.03694 0.19598
1992 0.03723 0.54148 0.13149 0.05769 0.03693 0.19518
1993 0.03725 0.54216 0.13155 0.05762 0.03691 0.19452
1994 0.03727 0.54277 0.13159 0.05749 0.03688 0.194
1995 0.03728 0.5434 0.13162 0.05735 0.03686 0.19349
1996 0.0373 0.54402 0.13163 0.05714 0.03683 0.19308
1997 0.03731 0.54463 0.13161 0.05694 0.03685 0.19265
1998 0.03734 0.5452 0.13163 0.05675 0.03685 0.19223
1999 0.03736 0.54587 0.13165 0.05652 0.03681 0.19178
2000 0.03736 0.54633 0.13156 0.05631 0.03678 0.19166
2001 0.03699 0.55717 0.12951 0.0538 0.0372 0.18533
2002 0.03741 0.56331 0.12273 0.05415 0.03768 0.18471
2003 0.03684 0.56348 0.12135 0.05445 0.03803 0.18585
2004 0.03722 0.56944 0.10851 0.05523 0.03911 0.1905
2005 0.03805 0.56659 0.10428 0.05605 0.04017 0.19485
2006 0.03816 0.56968 0.10063 0.05434 0.04126 0.19593
2007 0.03866 0.5872 0.10262 0.05526 0.04302 0.17324
2008 0.04114 0.56519 0.11084 0.05518 0.04609 0.18156
2009 0.03934 0.5681 0.11078 0.05591 0.04706 0.17881
2010 0.03959 0.56242 0.11145 0.05642 0.04892 0.18119
2011 0.03896 0.5588 0.11094 0.05666 0.04943 0.18522
2012 0.03872 0.55778 0.11285 0.05292 0.05083 0.18689
2013 0.03781 0.55922 0.11214 0.05264 0.05078 0.18739
2014 0.0373 0.56627 0.11256 0.04156 0.05053 0.19178
2015 0.03928 0.59052 0.07765 0.0345 0.05317 0.20488
2016 0.04149 0.58056 0.07081 0.03383 0.05557 0.21773
2017 0.04389 0.57718 0.04682 0.0281 0.05937 0.24464
2018 0.04573 0.5445 0.04872 0.02905 0.06296 0.26905
2019 0.04684 0.5219 0.0505 0.02964 0.06456 0.28656
2020 0.04791 0.51157 0.04743 0.02968 0.06363 0.29978
2021 0.0475 0.51327 0.04587 0.02354 0.06317 0.30665
2022 0.04638 0.5235 0.0467 0.02309 0.06127 0.29906
2023 0.0433 0.52882 0.04582 0.02271 0.0594 0.29995
2024 0.04065 0.53208 0.04713 0.02274 0.05589 0.30151
Split for: Central_Am
Year RUS+WAL EAL+BER GOA SEA+NBC SBC+WA OR+CA
1970 0 0 0 0 0.0853 0.9147
1971 0 0 0 0 0.08604 0.91396
1972 0 0 0 0 0.0866 0.9134
1973 0 0 0 0 0.08706 0.91294
1974 0 0 0 0 0.0878 0.9122
1975 0 0 0 0 0.08847 0.91153
1976 0 0 0 0 0.08895 0.91105
1977 0 0 0 0 0.08943 0.91057
1978 0 0 0 0 0.08991 0.91009
1979 0 0 0 0 0.09038 0.90962
1980 0 0 0 0 0.09089 0.90911
1981 0 0 0 0 0.09128 0.90872
1982 0 0 0 0 0.09165 0.90835
1983 0 0 0 0 0.09205 0.90795
1984 0 0 0 0 0.09228 0.90772
1985 0 0 0 0 0.09257 0.90743
1986 0 0 0 0 0.0929 0.9071
1987 0 0 0 0 0.09321 0.90679
1988 0 0 0 0 0.09358 0.90642
1989 0 0 0 0 0.09382 0.90618
1990 0 0 0 0 0.09392 0.90608
1991 0 0 0 0 0.09426 0.90574
1992 0 0 0 0 0.09459 0.90541
1993 0 0 0 0 0.09483 0.90517
1994 0 0 0 0 0.09499 0.90501
1995 0 0 0 0 0.09516 0.90484
1996 0 0 0 0 0.09527 0.90473
1997 0 0 0 0 0.09551 0.90449
1998 0 0 0 0 0.09571 0.90429
1999 0 0 0 0 0.09582 0.90418
2000 0 0 0 0 0.09581 0.90419
2001 0 0 0 0 0.09976 0.90024
2002 0 0 0 0 0.10123 0.89877
2003 0 0 0 0 0.1015 0.8985
2004 0 0 0 0 0.10181 0.89819
2005 0 0 0 0 0.10219 0.89781
2006 0 0 0 0 0.10415 0.89585
2007 0 0 0 0 0.12058 0.87942
2008 0 0 0 0 0.12293 0.87707
2009 0 0 0 0 0.12688 0.87312
2010 0 0 0 0 0.12972 0.87028
2011 0 0 0 0 0.12841 0.87159
2012 0 0 0 0 0.13056 0.86944
2013 0 0 0 0 0.13015 0.86985
2014 0 0 0 0 0.12701 0.87299
2015 0 0 0 0 0.12533 0.87467
2016 0 0 0 0 0.12352 0.87648
2017 0 0 0 0 0.11818 0.88182
2018 0 0 0 0 0.11445 0.88555
2019 0 0 0 0 0.11065 0.88935
2020 0 0 0 0 0.10494 0.89506
2021 0 0 0 0 0.10217 0.89783
2022 0 0 0 0 0.10169 0.89831
2023 0 0 0 0 0.09863 0.90137
2024 0 0 0 0 0.09292 0.90708

Difference in mortality over time
Difference for: Asia
Year RUS+WAL EAL+BER GOA SEA+NBC SBC+WA OR+CA
1970 0 0 0 0 0 0
1971 0 0 0 0 0 0
1972 0 0 0 0 0 0
1973 0 0 0 0 0 0
1974 0 0 0 0 0 0
1975 0 0 0 0 0 0
1976 0 0 0 0 0 0
1977 0 0 0 0 0 0
1978 0 0 0 0 0 0
1979 0 0 0 0 0 0
1980 0 0 0 0 0 0
1981 0 0 0 0 0 0
1982 0 0 0 0 0 0
1983 0 0 0 0 0 0
1984 0 0 0 0 0 0
1985 0 0 0 0 0 0
1986 0 0 0 0 0 0
1987 0 0 0 0 0 0
1988 0 0 0 0 0 0
1989 0 0 0 0 0 0
1990 0 0 0 0 0 0
1991 0 0 0 0 0 0
1992 0 0 0 0 0 0
1993 0 0 0 0 0 0
1994 0 0 0 0 0 0
1995 0 0 0 0 0 0
1996 0 0 0 0 0 0
1997 0 0 0 0 0 0
1998 0 0 0 0 0 0
1999 0 0 0 0 0 0
2000 -5 3 0 0 0 0
2001 12 2 0 0 0 0
2002 -6 1 0 0 0 0
2003 -5 -1 0 0 0 0
2004 -1 -5 0 0 0 0
2005 -10 -2 0 0 0 0
2006 -5 2 0 0 0 0
2007 -5 -22 0 0 0 0
2008 -43 2 0 0 0 0
2009 -33 -10 0 0 0 0
2010 -14 -1 0 0 0 0
2011 -22 -3 0 0 0 0
2012 -9 5 0 0 0 0
2013 -28 1 0 0 0 0
2014 -18 -7 0 0 0 0
2015 -10 -24 0 0 0 0
2016 -48 -29 0 0 0 0
2017 -59 -39 0 0 0 0
2018 -28 -23 0 0 0 0
2019 -15 -15 0 0 0 0
2020 -39 -3 0 0 0 0
2021 -86 -1 0 0 0 0
2022 -165 -2 0 0 0 0
2023 -125 1 0 0 0 0
Difference for: Hawaii
Year RUS+WAL EAL+BER GOA SEA+NBC SBC+WA OR+CA
1970 0 0 0 0 0 0
1971 0 0 0 0 0 0
1972 0 0 0 0 0 0
1973 0 0 0 0 0 0
1974 0 0 0 0 0 0
1975 0 0 0 0 0 0
1976 0 0 0 0 0 0
1977 0 0 0 0 0 0
1978 0 0 0 0 0 0
1979 0 0 0 0 0 0
1980 0 0 0 0 0 0
1981 0 0 0 0 0 0
1982 0 0 0 0 0 0
1983 0 0 0 0 0 0
1984 0 0 0 0 0 0
1985 0 0 0 0 0 0
1986 0 0 0 0 0 0
1987 0 0 0 0 0 0
1988 0 0 0 0 0 0
1989 0 0 0 0 0 0
1990 0 0 0 0 0 0
1991 0 0 0 0 0 0
1992 0 0 0 0 0 0
1993 0 0 0 0 0 0
1994 0 0 0 0 0 0
1995 0 0 0 0 0 0
1996 0 0 0 0 0 0
1997 0 0 0 0 0 0
1998 0 0 0 0 0 0
1999 0 0 0 0 0 0
2000 -1 51 -18 -154 3 0
2001 3 42 -69 65 4 0
2002 -2 19 -5 79 4 0
2003 -1 -24 -196 14 3 0
2004 0 -104 -95 -18 3 0
2005 -3 -36 -75 -223 5 0
2006 -1 42 7 24 7 0
2007 -1 -441 21 -395 5 0
2008 -12 42 15 178 9 0
2009 -10 -206 -59 -124 3 0
2010 -4 -14 0 120 10 0
2011 -6 -69 18 -581 7 0
2012 -3 97 18 173 7 0
2013 -8 24 -15 -1838 -6 0
2014 -5 -156 -1060 -1591 -7 0
2015 -3 -522 -304 -426 -12 0
2016 -15 -615 -751 -1438 -11 0
2017 -18 -836 -46 -149 0 0
2018 -9 -504 -7 -35 -9 0
2019 -5 -320 -125 -80 -28 0
2020 -12 -73 -56 -1141 -9 0
2021 -26 -14 -4 -109 -39 0
2022 -50 -41 -43 -136 -30 0
2023 -39 16 7 -92 -54 0
Difference for: Mexico
Year RUS+WAL EAL+BER GOA SEA+NBC SBC+WA OR+CA
1970 0 0 0 0 0 0
1971 0 0 0 0 0 0
1972 0 0 0 0 0 0
1973 0 0 0 0 0 0
1974 0 0 0 0 0 0
1975 0 0 0 0 0 0
1976 0 0 0 0 0 0
1977 0 0 0 0 0 0
1978 0 0 0 0 0 0
1979 0 0 0 0 0 0
1980 0 0 0 0 0 0
1981 0 0 0 0 0 0
1982 0 0 0 0 0 0
1983 0 0 0 0 0 0
1984 0 0 0 0 0 0
1985 0 0 0 0 0 0
1986 0 0 0 0 0 0
1987 0 0 0 0 0 0
1988 0 0 0 0 0 0
1989 0 0 0 0 0 0
1990 0 0 0 0 0 0
1991 0 0 0 0 0 0
1992 0 0 0 0 0 0
1993 0 0 0 0 0 0
1994 0 0 0 0 0 0
1995 0 0 0 0 0 0
1996 0 0 0 0 0 0
1997 0 0 0 0 0 0
1998 0 0 0 0 0 0
1999 0 0 0 0 0 0
2000 -1 47 -7 -9 2 -23
2001 3 38 -27 4 3 2
2002 -1 17 -2 5 3 13
2003 -1 -22 -76 1 2 8
2004 0 -94 -37 -1 2 0
2005 -2 -33 -29 -13 4 -9
2006 -1 38 3 1 5 -164
2007 -1 -398 8 -22 3 -31
2008 -10 38 6 10 7 -18
2009 -8 -185 -23 -7 2 -28
2010 -3 -13 0 7 7 26
2011 -5 -62 7 -33 5 -16
2012 -2 87 7 10 5 14
2013 -7 22 -6 -103 -4 34
2014 -4 -139 -405 -89 -5 36
2015 -3 -465 -116 -24 -8 43
2016 -12 -548 -286 -80 -8 47
2017 -15 -743 -17 -8 0 48
2018 -7 -447 -3 -2 -6 24
2019 -4 -284 -47 -4 -20 -20
2020 -10 -65 -21 -63 -6 -14
2021 -22 -12 -2 -6 -28 -201
2022 -41 -36 -16 -7 -21 -92
2023 -32 14 3 -5 -39 -71
Difference for: Central_Am
Year RUS+WAL EAL+BER GOA SEA+NBC SBC+WA OR+CA
1970 0 0 0 0 0 0
1971 0 0 0 0 0 0
1972 0 0 0 0 0 0
1973 0 0 0 0 0 0
1974 0 0 0 0 0 0
1975 0 0 0 0 0 0
1976 0 0 0 0 0 0
1977 0 0 0 0 0 0
1978 0 0 0 0 0 0
1979 0 0 0 0 0 0
1980 0 0 0 0 0 0
1981 0 0 0 0 0 0
1982 0 0 0 0 0 0
1983 0 0 0 0 0 0
1984 0 0 0 0 0 0
1985 0 0 0 0 0 0
1986 0 0 0 0 0 0
1987 0 0 0 0 0 0
1988 0 0 0 0 0 0
1989 0 0 0 0 0 0
1990 0 0 0 0 0 0
1991 0 0 0 0 0 0
1992 0 0 0 0 0 0
1993 0 0 0 0 0 0
1994 0 0 0 0 0 0
1995 0 0 0 0 0 0
1996 0 0 0 0 0 0
1997 0 0 0 0 0 0
1998 0 0 0 0 0 0
1999 0 0 0 0 0 0
2000 0 0 0 0 1 -13
2001 0 0 0 0 1 1
2002 0 0 0 0 1 7
2003 0 0 0 0 1 4
2004 0 0 0 0 1 0
2005 0 0 0 0 1 -5
2006 0 0 0 0 2 -90
2007 0 0 0 0 1 -17
2008 0 0 0 0 2 -10
2009 0 0 0 0 1 -16
2010 0 0 0 0 2 14
2011 0 0 0 0 2 -9
2012 0 0 0 0 2 8
2013 0 0 0 0 -1 19
2014 0 0 0 0 -2 20
2015 0 0 0 0 -3 24
2016 0 0 0 0 -2 26
2017 0 0 0 0 0 26
2018 0 0 0 0 -2 13
2019 0 0 0 0 -6 -11
2020 0 0 0 0 -2 -8
2021 0 0 0 0 -9 -112
2022 0 0 0 0 -6 -51
2023 0 0 0 0 -12 -40

Total survival over time
Values for breeding stock: Asia
Year RUS+WAL EAL+BER GOA SEA+NBC SBC+WA OR+CA
1970 0.945 0.937 NaN NaN NaN NaN
1971 0.948 0.943 NaN NaN NaN NaN
1972 0.91 0.947 NaN NaN NaN NaN
1973 0.948 0.947 NaN NaN NaN NaN
1974 0.949 0.947 NaN NaN NaN NaN
1975 0.95 0.948 NaN NaN NaN NaN
1976 0.95 0.949 NaN NaN NaN NaN
1977 0.95 0.949 NaN NaN NaN NaN
1978 0.95 0.949 NaN NaN NaN NaN
1979 0.95 0.948 NaN NaN NaN NaN
1980 0.949 0.948 NaN NaN NaN NaN
1981 0.949 0.948 NaN NaN NaN NaN
1982 0.95 0.949 NaN NaN NaN NaN
1983 0.95 0.949 NaN NaN NaN NaN
1984 0.95 0.949 NaN NaN NaN NaN
1985 0.95 0.949 NaN NaN NaN NaN
1986 0.951 0.95 NaN NaN NaN NaN
1987 0.951 0.95 NaN NaN NaN NaN
1988 0.951 0.95 NaN NaN NaN NaN
1989 0.951 0.95 NaN NaN NaN NaN
1990 0.951 0.95 NaN NaN NaN NaN
1991 0.951 0.951 NaN NaN NaN NaN
1992 0.951 0.951 NaN NaN NaN NaN
1993 0.951 0.951 NaN NaN NaN NaN
1994 0.951 0.951 NaN NaN NaN NaN
1995 0.951 0.951 NaN NaN NaN NaN
1996 0.952 0.951 NaN NaN NaN NaN
1997 0.952 0.951 NaN NaN NaN NaN
1998 0.952 0.951 NaN NaN NaN NaN
1999 0.952 0.951 NaN NaN NaN NaN
2000 0.945 0.972 NaN NaN NaN NaN
2001 0.968 0.967 NaN NaN NaN NaN
2002 0.944 0.958 NaN NaN NaN NaN
2003 0.946 0.945 NaN NaN NaN NaN
2004 0.951 0.924 NaN NaN NaN NaN
2005 0.942 0.943 NaN NaN NaN NaN
2006 0.948 0.962 NaN NaN NaN NaN
2007 0.948 0.856 NaN NaN NaN NaN
2008 0.917 0.962 NaN NaN NaN NaN
2009 0.925 0.909 NaN NaN NaN NaN
2010 0.941 0.948 NaN NaN NaN NaN
2011 0.936 0.938 NaN NaN NaN NaN
2012 0.945 0.968 NaN NaN NaN NaN
2013 0.927 0.949 NaN NaN NaN NaN
2014 0.949 0.937 NaN NaN NaN NaN
2015 0.92 0.854 NaN NaN NaN NaN
2016 0.927 0.866 NaN NaN NaN NaN
2017 0.922 0.831 NaN NaN NaN NaN
2018 0.938 0.874 NaN NaN NaN NaN
2019 0.951 0.906 NaN NaN NaN NaN
2020 0.931 0.938 NaN NaN NaN NaN
2021 0.909 0.947 NaN NaN NaN NaN
2022 0.873 0.942 NaN NaN NaN NaN
2023 0.888 0.949 NaN NaN NaN NaN
Values for breeding stock: Hawaii
Year RUS+WAL EAL+BER GOA SEA+NBC SBC+WA OR+CA
1970 0.96 0.952 0.936 0.939 0.956 NaN
1971 0.96 0.955 0.959 0.949 0.957 NaN
1972 0.921 0.958 0.959 0.951 0.957 NaN
1973 0.96 0.958 0.96 0.951 0.958 NaN
1974 0.96 0.959 0.959 0.952 0.958 NaN
1975 0.96 0.959 0.959 0.952 0.958 NaN
1976 0.96 0.959 0.959 0.953 0.957 NaN
1977 0.96 0.959 0.959 0.953 0.957 NaN
1978 0.96 0.959 0.959 0.953 0.957 NaN
1979 0.96 0.959 0.959 0.953 0.957 NaN
1980 0.96 0.959 0.959 0.953 0.957 NaN
1981 0.96 0.959 0.959 0.954 0.956 NaN
1982 0.96 0.959 0.959 0.954 0.957 NaN
1983 0.96 0.959 0.959 0.954 0.957 NaN
1984 0.96 0.959 0.959 0.954 0.956 NaN
1985 0.96 0.959 0.959 0.955 0.957 NaN
1986 0.96 0.959 0.959 0.955 0.957 NaN
1987 0.96 0.959 0.959 0.954 0.957 NaN
1988 0.96 0.959 0.959 0.955 0.957 NaN
1989 0.96 0.96 0.959 0.957 0.957 NaN
1990 0.96 0.96 0.959 0.956 0.956 NaN
1991 0.96 0.96 0.959 0.956 0.957 NaN
1992 0.96 0.96 0.959 0.956 0.956 NaN
1993 0.96 0.96 0.959 0.957 0.956 NaN
1994 0.96 0.96 0.959 0.957 0.956 NaN
1995 0.96 0.96 0.959 0.957 0.956 NaN
1996 0.96 0.96 0.959 0.956 0.956 NaN
1997 0.96 0.96 0.959 0.956 0.957 NaN
1998 0.96 0.959 0.959 0.956 0.957 NaN
1999 0.96 0.959 0.959 0.956 0.956 NaN
2000 0.953 0.98 0.947 0.92 0.97 NaN
2001 0.976 0.975 0.914 0.972 0.975 NaN
2002 0.952 0.966 0.956 0.974 0.973 NaN
2003 0.954 0.953 0.844 0.959 0.968 NaN
2004 0.959 0.931 0.901 0.953 0.964 NaN
2005 0.95 0.95 0.914 0.92 0.967 NaN
2006 0.955 0.97 0.963 0.961 0.971 NaN
2007 0.956 0.863 0.968 0.9 0.971 NaN
2008 0.924 0.97 0.966 0.983 0.968 NaN
2009 0.933 0.917 0.932 0.941 0.966 NaN
2010 0.95 0.956 0.96 0.97 0.972 NaN
2011 0.944 0.947 0.966 0.89 0.962 NaN
2012 0.954 0.977 0.964 0.979 0.971 NaN
2013 0.942 0.964 0.954 0.76 0.951 NaN
2014 0.948 0.936 0.617 0.753 0.946 Inf
2015 0.954 0.885 0.816 0.888 0.939 0.98
2016 0.933 0.871 0.579 0.733 0.942 0.98
2017 0.928 0.836 0.923 0.929 0.954 0.979
2018 0.945 0.88 0.953 0.949 0.934 0.969
2019 0.952 0.908 0.868 0.941 0.926 0.953
2020 0.941 0.948 0.919 0.76 0.939 0.956
2021 0.92 0.958 0.953 0.931 0.915 0.902
2022 0.884 0.954 0.93 0.928 0.927 0.934
2023 0.9 0.962 0.96 0.935 0.898 0.941
Values for breeding stock: Mexico
Year RUS+WAL EAL+BER GOA SEA+NBC SBC+WA OR+CA
1970 0.956 0.948 0.933 0.935 0.953 0.895
1971 0.957 0.952 0.956 0.946 0.954 0.944
1972 0.918 0.955 0.956 0.948 0.954 0.945
1973 0.957 0.956 0.957 0.949 0.955 0.946
1974 0.957 0.956 0.957 0.949 0.955 0.943
1975 0.957 0.956 0.957 0.95 0.956 0.943
1976 0.957 0.956 0.957 0.95 0.954 0.943
1977 0.958 0.957 0.957 0.95 0.955 0.944
1978 0.958 0.957 0.957 0.951 0.955 0.943
1979 0.958 0.956 0.957 0.951 0.955 0.943
1980 0.958 0.957 0.957 0.951 0.955 0.943
1981 0.958 0.957 0.957 0.951 0.954 0.943
1982 0.958 0.957 0.957 0.952 0.955 0.943
1983 0.958 0.957 0.957 0.952 0.955 0.944
1984 0.958 0.957 0.957 0.952 0.954 0.945
1985 0.958 0.957 0.957 0.953 0.955 0.946
1986 0.958 0.958 0.957 0.953 0.955 0.946
1987 0.958 0.958 0.957 0.952 0.955 0.946
1988 0.958 0.958 0.957 0.953 0.955 0.946
1989 0.958 0.958 0.957 0.955 0.955 0.947
1990 0.958 0.958 0.957 0.955 0.955 0.949
1991 0.958 0.958 0.957 0.955 0.955 0.947
1992 0.958 0.958 0.958 0.954 0.955 0.947
1993 0.958 0.958 0.958 0.956 0.955 0.947
1994 0.959 0.958 0.958 0.955 0.955 0.948
1995 0.959 0.958 0.958 0.956 0.955 0.948
1996 0.959 0.958 0.958 0.955 0.955 0.948
1997 0.957 0.957 0.956 0.953 0.954 0.947
1998 0.957 0.956 0.956 0.953 0.954 0.946
1999 0.957 0.956 0.956 0.953 0.953 0.946
2000 0.95 0.977 0.944 0.917 0.967 0.92
2001 0.973 0.972 0.912 0.969 0.972 0.95
2002 0.95 0.963 0.953 0.971 0.97 0.962
2003 0.952 0.95 0.842 0.957 0.965 0.956
2004 0.956 0.929 0.899 0.951 0.962 0.949
2005 0.947 0.948 0.911 0.917 0.964 0.94
2006 0.953 0.968 0.961 0.958 0.969 0.822
2007 0.953 0.86 0.966 0.897 0.969 0.923
2008 0.922 0.967 0.963 0.981 0.965 0.939
2009 0.931 0.915 0.929 0.938 0.963 0.932
2010 0.947 0.954 0.957 0.967 0.97 0.965
2011 0.942 0.944 0.963 0.887 0.96 0.943
2012 0.951 0.974 0.962 0.976 0.968 0.962
2013 0.939 0.961 0.951 0.758 0.949 0.974
2014 0.946 0.934 0.616 0.751 0.943 0.961
2015 0.951 0.882 0.813 0.885 0.936 0.948
2016 0.93 0.868 0.577 0.731 0.939 0.938
2017 0.925 0.833 0.92 0.926 0.951 0.961
2018 0.942 0.877 0.95 0.946 0.931 0.941
2019 0.95 0.905 0.865 0.939 0.923 0.938
2020 0.938 0.945 0.915 0.757 0.936 0.946
2021 0.916 0.954 0.95 0.928 0.911 0.888
2022 0.882 0.952 0.928 0.926 0.925 0.922
2023 0.897 0.959 0.957 0.931 0.895 0.928
Values for breeding stock: Central_Am
Year RUS+WAL EAL+BER GOA SEA+NBC SBC+WA OR+CA
1970 NaN NaN NaN NaN 0.949 0.892
1971 NaN NaN NaN NaN 0.951 0.941
1972 NaN NaN NaN NaN 0.952 0.943
1973 NaN NaN NaN NaN 0.951 0.943
1974 NaN NaN NaN NaN 0.952 0.94
1975 NaN NaN NaN NaN 0.953 0.941
1976 NaN NaN NaN NaN 0.952 0.941
1977 NaN NaN NaN NaN 0.952 0.941
1978 NaN NaN NaN NaN 0.952 0.94
1979 NaN NaN NaN NaN 0.952 0.941
1980 NaN NaN NaN NaN 0.953 0.94
1981 NaN NaN NaN NaN 0.952 0.941
1982 NaN NaN NaN NaN 0.952 0.941
1983 NaN NaN NaN NaN 0.953 0.941
1984 NaN NaN NaN NaN 0.952 0.943
1985 NaN NaN NaN NaN 0.952 0.943
1986 NaN NaN NaN NaN 0.953 0.944
1987 NaN NaN NaN NaN 0.953 0.944
1988 NaN NaN NaN NaN 0.953 0.944
1989 NaN NaN NaN NaN 0.953 0.945
1990 NaN NaN NaN NaN 0.953 0.947
1991 NaN NaN NaN NaN 0.953 0.945
1992 NaN NaN NaN NaN 0.953 0.945
1993 NaN NaN NaN NaN 0.953 0.945
1994 NaN NaN NaN NaN 0.953 0.946
1995 NaN NaN NaN NaN 0.953 0.946
1996 NaN NaN NaN NaN 0.953 0.947
1997 NaN NaN NaN NaN 0.954 0.947
1998 NaN NaN NaN NaN 0.954 0.947
1999 NaN NaN NaN NaN 0.953 0.946
2000 NaN NaN NaN NaN 0.967 0.921
2001 NaN NaN NaN NaN 0.972 0.95
2002 NaN NaN NaN NaN 0.97 0.962
2003 NaN NaN NaN NaN 0.965 0.955
2004 NaN NaN NaN NaN 0.962 0.949
2005 NaN NaN NaN NaN 0.965 0.94
2006 NaN NaN NaN NaN 0.969 0.822
2007 NaN NaN NaN NaN 0.969 0.923
2008 NaN NaN NaN NaN 0.965 0.939
2009 NaN NaN NaN NaN 0.963 0.933
2010 NaN NaN NaN NaN 0.97 0.965
2011 NaN NaN NaN NaN 0.96 0.943
2012 NaN NaN NaN NaN 0.969 0.962
2013 NaN NaN NaN NaN 0.949 0.975
2014 NaN NaN NaN NaN 0.944 0.962
2015 NaN NaN NaN NaN 0.937 0.949
2016 NaN NaN NaN NaN 0.94 0.939
2017 NaN NaN NaN NaN 0.952 0.962
2018 NaN NaN NaN NaN 0.933 0.942
2019 NaN NaN NaN NaN 0.925 0.94
2020 NaN NaN NaN NaN 0.937 0.947
2021 NaN NaN NaN NaN 0.913 0.89
2022 NaN NaN NaN NaN 0.925 0.923
2023 NaN NaN NaN NaN 0.896 0.929

Numbers over time by herd
Values for breeding stock: Asia
Year RUS+WAL EAL+BER GOA SEA+NBC SBC+WA OR+CA
1970 49 9 0 0 0 0
1971 59 11 0 0 0 0
1972 66 13 0 0 0 0
1973 76 14 0 0 0 0
1974 84 16 0 0 0 0
1975 93 18 0 0 0 0
1976 101 19 0 0 0 0
1977 109 21 0 0 0 0
1978 116 22 0 0 0 0
1979 123 23 0 0 0 0
1980 133 25 0 0 0 0
1981 143 27 0 0 0 0
1982 156 29 0 0 0 0
1983 170 32 0 0 0 0
1984 186 35 0 0 0 0
1985 203 38 0 0 0 0
1986 221 42 0 0 0 0
1987 241 45 0 0 0 0
1988 261 49 0 0 0 0
1989 282 53 0 0 0 0
1990 305 58 0 0 0 0
1991 330 62 0 0 0 0
1992 358 68 0 0 0 0
1993 388 73 0 0 0 0
1994 420 80 0 0 0 0
1995 456 86 0 0 0 0
1996 495 94 0 0 0 0
1997 536 102 0 0 0 0
1998 580 110 0 0 0 0
1999 628 119 0 0 0 0
2000 679 129 0 0 0 0
2001 729 143 0 0 0 0
2002 800 156 0 0 0 0
2003 857 170 0 0 0 0
2004 919 183 0 0 0 0
2005 990 191 0 0 0 0
2006 1055 205 0 0 0 0
2007 1131 223 0 0 0 0
2008 1210 216 0 0 0 0
2009 1252 235 0 0 0 0
2010 1306 241 0 0 0 0
2011 1383 258 0 0 0 0
2012 1456 272 0 0 0 0
2013 1536 295 0 0 0 0
2014 1623 320 0 0 0 0
2015 1663 325 0 0 0 0
2016 1768 321 0 0 0 0
2017 1834 313 0 0 0 0
2018 1888 292 0 0 0 0
2019 1987 288 0 0 0 0
2020 2082 289 0 0 0 0
2021 2153 302 0 0 0 0
2022 2169 318 0 0 0 0
2023 2095 333 0 0 0 0
Values for breeding stock: Hawaii
Year RUS+WAL EAL+BER GOA SEA+NBC SBC+WA OR+CA
1970 11 152 87 281 13 0
1971 14 186 106 341 16 0
1972 16 218 125 398 19 0
1973 18 250 143 453 22 0
1974 20 280 160 505 24 0
1975 23 309 177 555 27 0
1976 25 337 193 603 29 0
1977 27 364 208 648 31 0
1978 29 389 223 692 33 0
1979 31 414 237 733 36 0
1980 33 446 255 788 38 0
1981 36 486 278 856 42 0
1982 39 532 304 935 46 0
1983 43 585 334 1023 50 0
1984 47 643 367 1120 55 0
1985 52 706 403 1226 60 0
1986 57 773 441 1339 66 0
1987 62 844 481 1455 72 0
1988 68 918 523 1579 78 0
1989 74 998 568 1713 85 0
1990 80 1085 617 1858 92 0
1991 87 1181 671 2015 100 0
1992 95 1285 730 2186 108 0
1993 103 1400 795 2375 118 0
1994 112 1526 865 2580 128 0
1995 122 1664 943 2803 139 0
1996 133 1814 1026 3041 152 0
1997 145 1976 1117 3297 165 0
1998 158 2149 1214 3571 179 0
1999 171 2337 1318 3863 195 0
2000 186 2541 1431 4180 211 0
2001 201 2818 1532 4344 232 0
2002 221 3108 1584 4769 257 0
2003 238 3395 1710 5237 283 0
2004 256 3657 1630 5662 310 0
2005 277 3849 1657 6079 337 0
2006 297 4132 1707 6292 369 0
2007 319 4523 1849 6796 409 0
2008 343 4399 2018 6857 443 0
2009 357 4805 2192 7551 492 0
2010 374 4955 2296 7936 532 0
2011 398 5326 2473 8622 582 0
2012 421 5656 2677 8569 636 0
2013 449 6195 2905 9312 695 0
2014 472 6688 3109 7840 737 0
2015 500 7008 2155 6540 779 0
2016 531 6929 1976 6447 819 0
2017 551 6753 1281 5251 858 0
2018 568 6304 1319 5373 900 0
2019 596 6189 1401 5616 945 0
2020 629 6260 1357 5802 962 0
2021 655 6599 1379 4836 1003 0
2022 665 7002 1461 4936 1012 0
2023 648 7382 1496 5066 1024 0
Values for breeding stock: Mexico
Year RUS+WAL EAL+BER GOA SEA+NBC SBC+WA OR+CA
1970 10 144 35 17 10 60
1971 12 175 43 20 12 72
1972 14 206 50 23 14 84
1973 16 235 57 27 16 95
1974 18 263 64 30 18 105
1975 20 289 71 33 20 115
1976 22 315 77 35 22 124
1977 23 340 83 38 24 133
1978 25 363 89 40 25 141
1979 27 386 94 43 27 149
1980 29 416 102 46 29 159
1981 31 452 111 50 31 172
1982 34 495 121 54 34 188
1983 37 543 133 60 38 205
1984 41 596 146 65 41 224
1985 45 654 160 71 45 244
1986 49 715 175 78 49 266
1987 54 781 190 84 54 288
1988 58 849 207 91 58 312
1989 63 922 224 99 63 337
1990 69 1002 244 107 69 365
1991 75 1089 265 116 74 395
1992 81 1184 288 126 81 427
1993 89 1289 313 137 88 463
1994 96 1404 340 149 95 502
1995 105 1530 371 161 104 545
1996 114 1666 403 175 113 591
1997 124 1811 438 189 122 640
1998 135 1965 475 205 133 693
1999 146 2133 514 221 144 749
2000 158 2314 557 239 156 812
2001 170 2563 596 248 171 853
2002 187 2823 615 271 189 926
2003 201 3080 663 298 208 1016
2004 217 3314 632 321 228 1109
2005 234 3484 641 345 247 1198
2006 250 3735 660 356 271 1285
2007 269 4084 714 384 299 1205
2008 289 3967 778 387 323 1274
2009 300 4326 844 426 358 1361
2010 313 4453 882 447 387 1435
2011 333 4778 949 484 423 1584
2012 352 5067 1025 481 462 1698
2013 375 5542 1111 522 503 1857
2014 394 5975 1188 439 533 2024
2015 416 6249 822 365 563 2168
2016 441 6167 752 359 590 2313
2017 456 6001 487 292 617 2543
2018 470 5593 500 298 647 2763
2019 492 5482 530 311 678 3010
2020 518 5532 513 321 688 3242
2021 538 5817 520 267 716 3475
2022 546 6168 550 272 722 3523
2023 531 6488 562 279 729 3680
Values for breeding stock: Central_Am
Year RUS+WAL EAL+BER GOA SEA+NBC SBC+WA OR+CA
1970 0 0 0 0 3 34
1971 0 0 0 0 4 41
1972 0 0 0 0 4 47
1973 0 0 0 0 5 54
1974 0 0 0 0 6 59
1975 0 0 0 0 6 65
1976 0 0 0 0 7 70
1977 0 0 0 0 7 75
1978 0 0 0 0 8 79
1979 0 0 0 0 8 83
1980 0 0 0 0 9 89
1981 0 0 0 0 10 96
1982 0 0 0 0 11 104
1983 0 0 0 0 12 114
1984 0 0 0 0 13 124
1985 0 0 0 0 14 135
1986 0 0 0 0 15 147
1987 0 0 0 0 16 160
1988 0 0 0 0 18 172
1989 0 0 0 0 19 186
1990 0 0 0 0 21 201
1991 0 0 0 0 23 218
1992 0 0 0 0 25 235
1993 0 0 0 0 27 255
1994 0 0 0 0 29 276
1995 0 0 0 0 31 299
1996 0 0 0 0 34 325
1997 0 0 0 0 37 352
1998 0 0 0 0 40 381
1999 0 0 0 0 44 413
2000 0 0 0 0 47 447
2001 0 0 0 0 52 470
2002 0 0 0 0 57 510
2003 0 0 0 0 63 560
2004 0 0 0 0 69 611
2005 0 0 0 0 75 660
2006 0 0 0 0 82 708
2007 0 0 0 0 91 664
2008 0 0 0 0 98 702
2009 0 0 0 0 109 750
2010 0 0 0 0 118 791
2011 0 0 0 0 129 874
2012 0 0 0 0 141 937
2013 0 0 0 0 153 1025
2014 0 0 0 0 163 1117
2015 0 0 0 0 172 1198
2016 0 0 0 0 180 1279
2017 0 0 0 0 189 1407
2018 0 0 0 0 198 1530
2019 0 0 0 0 208 1669
2020 0 0 0 0 211 1799
2021 0 0 0 0 220 1930
2022 0 0 0 0 222 1957
2023 0 0 0 0 224 2046

Catch numbers by breeding stock
Year Asia Hawaii Mexico Central_Am
1970 0.9 0 1.1 0.3
1971 0.9 0 1.2 0.3
1972 1 0 1.3 0.3
1973 1.1 0 1.3 0.4
1974 1.2 0.1 1.4 0.4
1975 1.2 0.1 1.5 0.4
1976 1.3 0.1 1.6 0.4
1977 1.4 0.1 1.6 0.4
1978 1.5 0.1 1.7 0.5
1979 1.6 0.1 1.8 0.5
1980 1.8 0.1 1.9 0.5
1981 1.9 0.1 2 0.5
1982 2 0.1 2.1 0.6
1983 2.2 0.1 2.2 0.6
1984 2.3 0.1 2.4 0.6
1985 2.5 0.1 2.5 0.7
1986 2.6 0.1 2.6 0.7
1987 2.8 0.1 2.8 0.7
1988 3 0.1 2.9 0.8
1989 3.2 0.1 3.1 0.8
1990 3.5 0.2 3.2 0.8
1991 3.7 0.2 3.4 0.9
1992 4 0.2 3.6 0.9
1993 4.3 0.2 3.8 1
1994 4.6 0.2 4 1
1995 4.9 0.2 4.2 1.1
1996 5.2 0.2 4.4 1.1
1997 5.6 0.2 11 1.2
1998 6 0.2 11.6 1.2
1999 6.4 0.2 12.3 1.3
2000 6.9 0.3 12.9 1.4
2001 7.3 0.3 13.6 1.4
2002 7.9 0 13.7 1.5
2003 8.4 0 13.7 1.6
2004 9 0 15.8 1.7
2005 9.6 0 19 1.8
2006 10.3 1 16.1 1.8
2007 11.1 0 18.2 1.9
2008 11.8 0 18.7 2
2009 12.7 0 21.2 2.1
2010 13.6 0 22 2.2
2011 14.5 0.8 24.9 2.4
2012 15.5 0 25.6 2.5
2013 28 0 25.3 2.6
2014 0 5 30.6 2.7
2015 72 0 33.5 2.9
2016 12 0.1 33.4 3
2017 12 0.1 31.5 3.2
2018 16 0.1 31.5 3.3
2019 4 0.4 31.5 1.7
2020 26.8 0.4 40.7 5
2021 28.6 0.4 44.1 4.7
2022 30.7 0.4 26.4 3.7
2023 32.8 0.4 43.3 4.2

Catch numbers by feeding ground
Year RUS+WAL EAL+BER GOA SEA+NBC SBC+WA OR+CA
1970 0 2.7 3.1 6.8 0.1 6.4
1971 0 1.8 0.1 4 0.1 1.5
1972 4 0.8 0.1 4.1 0.1 1.6
1973 0 0.8 0.1 4.3 0.1 1.7
1974 0 0.8 0.1 4.5 0.1 2.5
1975 0 0.8 0.2 4.7 0.1 2.7
1976 0 0.8 0.2 4.9 0.2 2.9
1977 0 0.8 0.2 5.2 0.2 3.1
1978 0 0.8 0.2 5.4 0.2 3.3
1979 0 1 0.2 5.6 0.2 3.5
1980 0 1 0.2 5.9 0.2 3.9
1981 0 1 0.3 6.1 0.3 4.2
1982 0 1 0.4 6.5 0.3 4.5
1983 0 1 0.4 6.7 0.3 4.8
1984 0 1 0.5 7.1 0.4 4.6
1985 0 1 0.5 6.7 0.4 5
1986 0 1 0.7 7.8 0.4 5.4
1987 0 1 0.7 10 0.5 5.8
1988 0 1.1 0.8 8.5 0.5 6.3
1989 0 0.9 0.8 6.1 0.6 6.1
1990 0 1 0.8 7.4 0.7 5.8
1991 0 1 0.9 8.2 0.7 7.6
1992 0 1.1 0.9 9.8 0.8 8.3
1993 0 1.1 1 7.1 0.9 8.6
1994 0 1.2 1 9.3 1 8.8
1995 0 1.2 1 9.3 1.1 9.6
1996 0 1.2 1.1 12.7 1.2 9.9
1997 0 1.2 1.3 12.7 0.9 10.7
1998 0 3 1.4 14.7 1.2 12
1999 0 2.6 1.4 17.4 1.7 13.5
2000 0 1.2 1.5 14.1 1.5 11.6
2001 0 1.2 1.8 16.4 1.7 13.4
2002 0 2.4 1.9 13.8 1.9 13.7
2003 0 1.4 2 18.9 2.3 16
2004 0 1.4 2.3 22 2.5 15.9
2005 0 1.6 2.3 23.3 5.8 20.1
2006 0 1.6 2.4 22.7 5.3 22.1
2007 0 0.1 7.3 18.4 0 18.1
2008 0 0.1 4.3 19.7 12.4 8.8
2009 0 0.1 4.3 24.1 0 9.8
2010 0 6.1 0.8 44.5 7 24.5
2011 0 3.1 4 28.4 11 11.9
2012 0 4.1 8.8 11.6 0 10
2013 0 0.1 4 31.6 0 4.7
2014 0 0.1 11.8 43.7 7 45.2
2015 0 4.1 12 51 9.1 103.4
2016 0 4.1 4.8 34.8 7.1 150.3
2017 0 4.1 2.1 16.3 11.1 60.3
2018 0 1.1 4 26.6 30.1 111.1
2019 0 4.1 6 27.3 9.1 61
2020 0 1.1 0 24 23 31.2
2021 0 2.2 7 33.7 13 62.4
2022 0 4.3 0.8 22.3 8 56
2023 0 3.6 9.1 40.1 19.2 59.7
