Stock structure: B2F1; Model type = BC
Mortality impacts feeding grounds
Recuitment related to unfished
Staying rate: 0
Age-at-matrity: 8
Base adult survival: 0
Sigma for survival devs: 6
Additional variance estimated
Weight for mark-recapture proportions: 1
Weight for genetics proportions: 1


Total objective fn: 297.36067117124
Negative log-likelihood fn: 199.448081448388

Natural Survival by feeding ground
RUS+WAL,EAL+BER,GOA,SEA+NBC,SBC+WA,OR+CA
1970 0.96 0.96 0.96 0.96 0.96 0.96
1971 0.96 0.96 0.96 0.96 0.96 0.96
1972 0.96 0.96 0.96 0.96 0.96 0.96
1973 0.96 0.96 0.96 0.96 0.96 0.96
1974 0.96 0.96 0.96 0.96 0.96 0.96
1975 0.96 0.96 0.96 0.96 0.96 0.96
1976 0.96 0.96 0.96 0.96 0.96 0.96
1977 0.96 0.96 0.96 0.96 0.96 0.96
1978 0.96 0.96 0.96 0.96 0.96 0.96
1979 0.96 0.96 0.96 0.96 0.96 0.96
1980 0.96 0.96 0.96 0.96 0.96 0.96
1981 0.96 0.96 0.96 0.96 0.96 0.96
1982 0.96 0.96 0.96 0.96 0.96 0.96
1983 0.96 0.96 0.96 0.96 0.96 0.96
1984 0.96 0.96 0.96 0.96 0.96 0.96
1985 0.96 0.96 0.96 0.96 0.96 0.96
1986 0.96 0.96 0.96 0.96 0.96 0.96
1987 0.96 0.96 0.96 0.96 0.96 0.96
1988 0.96 0.96 0.96 0.96 0.96 0.96
1989 0.96 0.96 0.96 0.96 0.96 0.96
1990 0.96 0.96 0.96 0.96 0.96 0.96
1991 0.96 0.96 0.96 0.96 0.96 0.96
1992 0.96 0.96 0.96 0.96 0.96 0.96
1993 0.96 0.96 0.96 0.96 0.96 0.96
1994 0.96 0.96 0.96 0.96 0.96 0.96
1995 0.96 0.96 0.96 0.96 0.96 0.96
1996 0.96 0.96 0.96 0.96 0.96 0.96
1997 0.96 0.96 0.96 0.96 0.96 0.96
1998 0.96 0.96 0.96 0.96 0.96 0.96
1999 0.96 0.96 0.96 0.96 0.96 0.96
2000 0.96 0.96 0.96 0.96 0.96 0.96
2001 0.96 0.96 0.96 0.96 0.96 0.96
2002 0.96 0.96 0.96 0.96 0.96 0.96
2003 0.96 0.96 0.96 0.96 0.96 0.96
2004 0.96 0.96 0.96 0.96 0.96 0.96
2005 0.9452276 0.9746271 0.9382401 0.9542489 0.973664 0.9769171
2006 0.9534557 0.9619862 0.9659547 0.9746886 0.974246 0.8936352
2007 0.9500641 0.9423258 0.9729586 0.9167103 0.9729268 0.9507223
2008 0.9486696 0.937451 0.9487747 0.9844713 0.9707329 0.9479647
2009 0.9477662 0.884136 0.9400435 0.9497719 0.9684938 0.9559299
2010 0.9526118 0.9563357 0.9540707 0.9795574 0.9696163 0.9585972
2011 0.9527393 0.9586884 0.9676968 0.9043548 0.9689907 0.9419707
2012 0.9504507 0.942792 0.9165944 0.9770867 0.9652272 0.9652161
2013 0.952911 0.9529733 0.966378 0.7770054 0.9601927 0.9820358
2014 0.9518663 0.948902 0.6665559 0.7623104 0.9568374 0.987758
2015 0.9450857 0.8667689 0.5491382 0.8957686 0.9466885 0.9886894
2016 0.9377858 0.8695795 0.9356916 0.729965 0.9467385 0.9843352
2017 0.9407807 0.7752546 0.9415186 0.8985131 0.9567555 0.9805763
2018 0.9435173 0.7791926 0.947838 0.9520147 0.9595343 0.9712432
2019 0.9503852 0.9482882 0.9574371 0.9272474 0.9634277 0.9607277
2020 0.9506558 0.9386529 0.9520568 0.840338 0.9644741 0.9754509
2021 0.9499446 0.9376923 0.9547163 0.9455381 0.9612775 0.9406958
2022 0.9477326 0.8696559 0.9508464 0.8469373 0.9556761 0.9451509
2023 0.9533844 0.9172407 0.9516107 0.8696315 0.9539128 0.9541027
2024 0.96 0.96 0.96 0.96 0.96 0.96

Naturak Survival by breeding stock
RUS+WAL,EAL+BER,GOA,SEA+NBC,SBC+WA,OR+CA
1970 0.96 0.96 0.96 0.96 0.96
1971 0.96 0.96 0.96 0.96 0.96
1972 0.96 0.96 0.96 0.96 0.96
1973 0.96 0.96 0.96 0.96 0.96
1974 0.96 0.96 0.96 0.96 0.96
1975 0.96 0.96 0.96 0.96 0.96
1976 0.96 0.96 0.96 0.96 0.96
1977 0.96 0.96 0.96 0.96 0.96
1978 0.96 0.96 0.96 0.96 0.96
1979 0.96 0.96 0.96 0.96 0.96
1980 0.96 0.96 0.96 0.96 0.96
1981 0.96 0.96 0.96 0.96 0.96
1982 0.96 0.96 0.96 0.96 0.96
1983 0.96 0.96 0.96 0.96 0.96
1984 0.96 0.96 0.96 0.96 0.96
1985 0.96 0.96 0.96 0.96 0.96
1986 0.96 0.96 0.96 0.96 0.96
1987 0.96 0.96 0.96 0.96 0.96
1988 0.96 0.96 0.96 0.96 0.96
1989 0.96 0.96 0.96 0.96 0.96
1990 0.96 0.96 0.96 0.96 0.96
1991 0.96 0.96 0.96 0.96 0.96
1992 0.96 0.96 0.96 0.96 0.96
1993 0.96 0.96 0.96 0.96 0.96
1994 0.96 0.96 0.96 0.96 0.96
1995 0.96 0.96 0.96 0.96 0.96
1996 0.96 0.96 0.96 0.96 0.96
1997 0.96 0.96 0.96 0.96 0.96
1998 0.96 0.96 0.96 0.96 0.96
1999 0.96 0.96 0.96 0.96 0.96
2000 0.96 0.96 0.96 0.96 0.96
2001 0.96 0.96 0.96 0.96 0.96
2002 0.96 0.96 0.96 0.96 0.96
2003 0.96 0.96 0.96 0.96 0.96
2004 0.96 0.96 0.96 0.96 0.96
2005 0.96 0.96 0.96 0.96 0.96
2006 0.96 0.96 0.96 0.96 0.96
2007 0.96 0.96 0.96 0.96 0.96
2008 0.96 0.96 0.96 0.96 0.96
2009 0.96 0.96 0.96 0.96 0.96
2010 0.96 0.96 0.96 0.96 0.96
2011 0.96 0.96 0.96 0.96 0.96
2012 0.96 0.96 0.96 0.96 0.96
2013 0.96 0.96 0.96 0.96 0.96
2014 0.96 0.96 0.96 0.96 0.96
2015 0.96 0.96 0.96 0.96 0.96
2016 0.96 0.96 0.96 0.96 0.96
2017 0.96 0.96 0.96 0.96 0.96
2018 0.96 0.96 0.96 0.96 0.96
2019 0.96 0.96 0.96 0.96 0.96
2020 0.96 0.96 0.96 0.96 0.96
2021 0.96 0.96 0.96 0.96 0.96
2022 0.96 0.96 0.96 0.96 0.96
2023 0.96 0.96 0.96 0.96 0.96
2024 0.96 0.96 0.96 0.96 0.96

Fecundity by feeding ground
RUS+WAL,EAL+BER,GOA,SEA+NBC,SBC+WA,OR+CA
1970 0.9622754 0.9625896 0.9619484 0.9612787 0.9635293 0.9665073
1971 0.9623397 0.9626497 0.9619598 0.9613703 0.9635624 0.9665933
1972 0.9603007 0.9603132 0.9594376 0.9587967 0.9614406 0.9652477
1973 0.9581128 0.9580799 0.9570194 0.9563564 0.9594143 0.9639883
1974 0.9560446 0.9559528 0.95471 0.9540515 0.957485 0.9628387
1975 0.9540833 0.9539255 0.9525119 0.9518733 0.9556471 0.9617738
1976 0.9522301 0.9519934 0.9504132 0.9498149 0.9539157 0.9607889
1977 0.9504799 0.9501513 0.9484086 0.9478724 0.952268 0.9598779
1978 0.9488285 0.9483956 0.9464944 0.946038 0.950702 0.9590429
1979 0.9472715 0.9467289 0.9446663 0.9443061 0.9492128 0.9582768
1980 0.9458129 0.9451417 0.9429206 0.9426746 0.9477966 0.957585
1981 0.9444374 0.9436287 0.9412617 0.9411322 0.9464681 0.9569548
1982 0.9425267 0.9415539 0.9390036 0.938995 0.9446346 0.9560423
1983 0.9401428 0.9389698 0.9361933 0.9363183 0.9423429 0.95488
1984 0.9373332 0.9359295 0.9328969 0.933168 0.939662 0.9534834
1985 0.934156 0.9324824 0.92916 0.9295807 0.9366197 0.9519082
1986 0.9306513 0.9286751 0.9250508 0.9256459 0.9332571 0.9501788
1987 0.9268711 0.9245526 0.9206018 0.9214433 0.9296345 0.9483228
1988 0.9228559 0.9201583 0.9158659 0.9169272 0.9257711 0.9463692
1989 0.9186441 0.9155222 0.9108773 0.9121114 0.9217203 0.9443088
1990 0.9142783 0.9106891 0.9056754 0.907126 0.917515 0.9421518
1991 0.9097826 0.9056887 0.9003038 0.9019945 0.9131673 0.9400052
1992 0.9050392 0.900391 0.8946115 0.8965988 0.9085756 0.9377566
1993 0.899944 0.8946808 0.8884868 0.8907121 0.9036416 0.9353382
1994 0.894414 0.8884707 0.8818253 0.8843627 0.8982841 0.9326975
1995 0.8883855 0.8816878 0.8745531 0.8774265 0.8924429 0.9298284
1996 0.881813 0.8742808 0.8666256 0.8699398 0.8860714 0.9266822
1997 0.8746752 0.8662177 0.858019 0.8617885 0.8790641 0.9232674
1998 0.8669574 0.8575371 0.8487092 0.8530077 0.8715139 0.9195899
1999 0.8586591 0.8481726 0.8386883 0.8436196 0.8634635 0.9156619
2000 0.8497989 0.8381029 0.8279806 0.8334872 0.85479 0.9113464
2001 0.8403898 0.8273905 0.8166305 0.8227724 0.8455818 0.9067902
2002 0.8304385 0.8160637 0.8046146 0.8113437 0.8358275 0.9019228
2003 0.8199119 0.80403 0.7919106 0.7993735 0.8255415 0.8968038
2004 0.8087822 0.7912859 0.7785019 0.7867834 0.8146603 0.891326
2005 0.7970072 0.7777976 0.7643223 0.7734853 0.80376 0.8856418
2006 0.7886018 0.7588486 0.7563183 0.7612014 0.7882722 0.8771005
2007 0.7771692 0.7431799 0.7385479 0.7410208 0.7706507 0.8799199
2008 0.7662987 0.7333342 0.7173157 0.7402609 0.754662 0.8733017
2009 0.7552968 0.7243783 0.7046426 0.7135149 0.7359246 0.8674019
2010 0.7440846 0.7337109 0.6941931 0.701207 0.7181311 0.8603602
2011 0.7306734 0.7155627 0.6774575 0.6745422 0.6996639 0.8519585
2012 0.7167759 0.6971196 0.6544381 0.6796155 0.6782679 0.8461313
2013 0.7042232 0.6847678 0.654375 0.6512187 0.6574343 0.8347704
2014 0.6879398 0.6672623 0.6301268 0.7087572 0.6395923 0.8207393
2015 0.6773121 0.6517413 0.7342347 0.7575792 0.6230933 0.8069174
2016 0.6649062 0.6719988 0.8343855 0.7568114 0.6106272 0.793611
2017 0.6551878 0.6876508 0.8152559 0.8038923 0.5981512 0.7773926
2018 0.6440622 0.7355203 0.8045081 0.7998809 0.5834024 0.7629654
2019 0.6304251 0.771758 0.7926314 0.7842367 0.5626021 0.7484718
2020 0.6150653 0.7523893 0.7775447 0.7770492 0.5418459 0.7355736
2021 0.5995727 0.7398204 0.7645026 0.7936645 0.5181054 0.7170716
2022 0.58444 0.7275504 0.7496013 0.7795038 0.4951918 0.7110476
2023 0.570686 0.7394074 0.736932 0.7948764 0.4786881 0.7024519
2024 0.5534266 0.7332432 0.7235791 0.8027175 0.4638569 0.6893474

Total abundance: Estimate SD_log
1970 1096.512 0.05109857
1971 1379.401 0.04592212
1972 1611.209 0.04304456
1973 1827.197 0.04114866
1974 2035.67 0.03970116
1975 2232.347 0.03863244
1976 2418.479 0.0378136
1977 2594.471 0.03717555
1978 2760.897 0.0366703
1979 2918.099 0.03626774
1980 3066.385 0.03594684
1981 3284.377 0.0349892
1982 3552.816 0.03374267
1983 3865.711 0.03237652
1984 4218.058 0.03100527
1985 4605.034 0.02970034
1986 5022.402 0.02849745
1987 5464.336 0.0274199
1988 5925.539 0.02647222
1989 6405.997 0.0256285
1990 6904.526 0.02487118
1991 7433.82 0.02413545
1992 8003.135 0.02339998
1993 8621.162 0.02266069
1994 9299.25 0.02191678
1995 10037.26 0.02120066
1996 10839.72 0.02052943
1997 11704.9 0.01992763
1998 12635.63 0.01940338
1999 13625.68 0.01897238
2000 14673.37 0.01863511
2001 15791.18 0.01837469
2002 16971.19 0.01820459
2003 18223.65 0.01811983
2004 19545.26 0.0181332
2005 20942.98 0.0182478
2006 22442.57 0.02247662
2007 24014.14 0.02803091
2008 25003.67 0.03574676
2009 26711.53 0.04145162
2010 27516.23 0.04257687
2011 29551.85 0.04001588
2012 30626.37 0.03852909
2013 32513.64 0.0393066
2014 32050.3 0.04507807
2015 30439.13 0.04183864
2016 29229.58 0.04269598
2017 27702.25 0.0540104
2018 27061.93 0.04226235
2019 27085 0.03359836
2020 28545.26 0.03556857
2021 29219.58 0.03634578
2022 30567.04 0.03610089
2023 30355.85 0.04221385
2024 30837.79 0.04574829
2025 32715.86 0.0531672

Breeding stock abundance: Estimate SD_log Estimate/K
Asia
1 78.00612 0.0797731 1.377535
2 98.78821 0.07623619 1.744532
3 115.0791 0.07471618 2.032218
4 127.504 0.07538299 2.251633
5 141.5524 0.07482529 2.499718
6 154.7242 0.07449936 2.732323
7 167.1696 0.07428494 2.952101
8 178.8258 0.0741912 3.157941
9 189.7274 0.07419046 3.350455
10 199.907 0.0742645 3.530221
11 209.3879 0.07440221 3.697647
12 223.4376 0.07415353 3.945755
13 240.8095 0.07371472 4.252531
14 261.0924 0.07317638 4.610713
15 283.8005 0.07263125 5.011723
16 308.6871 0.07208746 5.451202
17 335.3247 0.07158942 5.921605
18 363.5219 0.07112101 6.419548
19 392.9038 0.07070551 6.938412
20 423.2157 0.07034063 7.473699
21 454.2396 0.07002284 8.02156
22 486.9471 0.06971667 8.599152
23 522.1389 0.06939159 9.220614
24 560.2463 0.0690602 9.893565
25 601.6693 0.06872904 10.62507
26 646.6756 0.06841125 11.41985
27 695.4276 0.0681241 12.28077
28 747.9837 0.06788758 13.20888
29 804.2062 0.06773261 14.20173
30 863.9185 0.06768113 15.25621
31 927.0097 0.06775501 16.37036
32 993.4628 0.06798316 17.54387
33 1063.517 0.06838333 18.78099
34 1137.179 0.06899869 20.08181
35 1214.899 0.06985639 21.45428
36 1296.81 0.07100081 22.90077
37 1364.751 0.09154729 24.10056
38 1444.926 0.1134081 25.51641
39 1517.455 0.1336618 26.79721
40 1588.963 0.1512898 28.06
41 1645.976 0.1665392 29.06681
42 1735.046 0.1754052 30.63972
43 1827.932 0.1829666 32.28002
44 1912.736 0.1912899 33.77761
45 1996.217 0.1982243 35.25183
46 2105.785 0.2028734 37.18672
47 2100.393 0.2180314 37.0915
48 2140.422 0.2291687 37.79839
49 2164.366 0.2390332 38.22122
50 2198.539 0.2474527 38.82469
51 2306.514 0.2477541 40.73146
52 2391.475 0.2507973 42.2318
53 2472.113 0.2541288 43.65581
54 2526.899 0.2607757 44.6233
55 2608.135 0.2641133 46.05787
Hawaii
1 688.4148 0.05501561 1.516313
2 869.6962 0.05010053 1.915606
3 1017.222 0.04744701 2.240549
4 1157.103 0.04563604 2.548653
5 1290.721 0.04431017 2.84296
6 1417.585 0.04331958 3.122393
7 1538.045 0.04255712 3.38772
8 1652.418 0.04195684 3.639641
9 1760.958 0.04147688 3.878711
10 1864.028 0.04108618 4.105736
11 1961.756 0.04076686 4.320994
12 2104.59 0.03989126 4.6356
13 2280.226 0.03877346 5.022459
14 2484.904 0.03756478 5.473287
15 2715.548 0.03636344 5.981305
16 2968.679 0.03523429 6.538855
17 3242.327 0.03419553 7.141598
18 3532.146 0.03327314 7.779956
19 3834.524 0.03247048 8.445979
20 4150.651 0.03174776 9.142286
21 4479.614 0.03108956 9.866864
22 4828.398 0.03045744 10.6351
23 5204.672 0.02982644 11.46389
24 5613.156 0.02919884 12.36362
25 6062.327 0.02856351 13.35297
26 6550.524 0.02795799 14.42828
27 7081.792 0.02738804 15.59846
28 7653.528 0.02687937 16.85777
29 8269.039 0.02642934 18.21351
30 8923.897 0.02605302 19.65591
31 9616.938 0.02575313 21.18241
32 10355.64 0.02551419 22.80949
33 11135.44 0.02535372 24.52709
34 11963.48 0.02526673 26.35093
35 12836.24 0.02527608 28.27328
36 13757.64 0.02538834 30.30278
37 14702.76 0.0292211 32.38452
38 15923.4 0.03349025 35.07311
39 16484.47 0.03959971 36.30895
40 17736.62 0.04416859 39.06694
41 18262.7 0.04597174 40.22568
42 19693.08 0.04414204 43.37627
43 20227.97 0.04155491 44.55444
44 21520.98 0.0436024 47.40242
45 20422.58 0.05663057 44.98307
46 18435.47 0.04773867 40.60623
47 17275.54 0.04719561 38.05137
48 15605.67 0.06155634 34.37327
49 14933.52 0.04821103 32.8928
50 14895.2 0.03715554 32.8084
51 15681.92 0.04037102 34.54122
52 15635.06 0.04603975 34.43802
53 16487.08 0.03598887 36.31468
54 16028.88 0.03742978 35.30545
55 15996.43 0.03907764 35.23397
MX_AR
1 117.9774 0.07380492 1.30897
2 149.0799 0.07010418 1.654055
3 174.6519 0.06810308 1.937779
4 198.7121 0.06681282 2.204729
5 222.0844 0.06581494 2.464046
6 244.3177 0.06507203 2.710727
7 265.4883 0.06449927 2.945617
8 285.6557 0.06404498 3.169376
9 304.8685 0.06367621 3.382544
10 323.1727 0.06337172 3.585631
11 340.5639 0.06312004 3.778588
12 365.8437 0.06250775 4.05907
13 396.8794 0.06175328 4.403413
14 433.0538 0.06095898 4.804772
15 473.8193 0.06019106 5.257069
16 518.6497 0.05948622 5.754466
17 567.0454 0.05886009 6.291421
18 618.4544 0.05831551 6.861808
19 672.4333 0.05784483 7.460709
20 728.6427 0.05744184 8.084357
21 786.877 0.05709438 8.730473
22 848.8877 0.05676519 9.418486
23 915.782 0.05644783 10.16069
24 988.6104 0.05613984 10.96872
25 1068.308 0.05584776 11.85297
26 1155.291 0.05557732 12.81806
27 1249.953 0.0553371 13.86834
28 1352.388 0.05513131 15.00487
29 1462.67 0.05496423 16.22845
30 1580.115 0.05483917 17.53152
31 1704.892 0.05475236 18.91593
32 1837.887 0.05469887 20.39152
33 1978.649 0.05468201 21.9533
34 2127.731 0.05470244 23.60737
35 2285.785 0.05476072 25.36099
36 2453.375 0.05485954 27.22042
37 2644.524 0.05849215 29.34124
38 2827.539 0.06572332 31.37181
39 2976.937 0.07885068 33.02938
40 3129.156 0.08985527 34.71828
41 3158.623 0.0928452 35.04522
42 3371.964 0.08844312 37.41225
43 3576.371 0.0864125 39.68017
44 3742.999 0.08613822 41.52891
45 3912.094 0.08499515 43.40504
46 3850.805 0.08738168 42.72503
47 3599.75 0.09387545 39.93956
48 3514.728 0.1075399 38.99623
49 3298.368 0.1010275 36.5957
50 3142.955 0.07976611 34.87137
51 3335.771 0.0814454 37.01068
52 3503.538 0.09458956 38.87207
53 3670.897 0.1053029 40.72893
54 3668.225 0.1463961 40.69929
55 3776.707 0.1413918 41.90291
MX_ML
1 167.4853 0.06422438 0.7249361
2 207.357 0.06135527 0.8975151
3 241.0123 0.05961056 1.043187
4 272.4143 0.05856596 1.179106
5 302.2437 0.05786307 1.308218
6 329.7558 0.05748173 1.427301
7 355.4187 0.05727602 1.538378
8 379.301 0.05719914 1.64175
9 401.6128 0.05720057 1.738323
10 422.3327 0.05727609 1.828006
11 441.5037 0.05741054 1.910985
12 470.3742 0.05716243 2.035947
13 506.0979 0.05675295 2.190572
14 547.8097 0.05628476 2.371115
15 594.7225 0.0558289 2.574171
16 646.3 0.055413 2.797417
17 701.6517 0.05507265 3.036998
18 760.0997 0.0548064 3.289982
19 820.9213 0.05461506 3.553239
20 883.7678 0.05449312 3.825262
21 948.5931 0.05442098 4.105848
22 1017.752 0.0543398 4.405194
23 1091.299 0.05429737 4.723532
24 1171.019 0.05426111 5.068587
25 1258.206 0.05423404 5.445962
26 1353.401 0.05421312 5.857999
27 1456.704 0.05422104 6.305132
28 1568.523 0.05424934 6.789124
29 1688.65 0.0543154 7.309078
30 1816.263 0.05441846 7.861432
31 1951.018 0.05456809 8.444701
32 2095.886 0.05472158 9.071742
33 2248.58 0.05491608 9.732654
34 2411.099 0.05512633 10.43609
35 2582.928 0.05537333 11.17983
36 2765.438 0.05565253 11.9698
37 2998.611 0.05772594 12.97905
38 3092.799 0.06665998 13.38674
39 3255.774 0.06752257 14.09215
40 3441.162 0.06828175 14.89457
41 3575.433 0.06828628 15.47574
42 3818.485 0.06656348 16.52776
43 4013.177 0.06498824 17.37046
44 4276.492 0.06369959 18.51018
45 4548.902 0.06204053 19.68927
46 4760.852 0.06164446 20.60666
47 4865.223 0.06151942 21.05842
48 4963.744 0.06252671 21.48485
49 5070.604 0.05873839 21.94738
50 5163.165 0.05729237 22.34802
51 5443.484 0.05851936 23.56134
52 5776.793 0.05926439 25.00402
53 5971.871 0.0702964 25.84838
54 6096.558 0.07928923 26.38807
55 6325.549 0.09336777 27.37923
Central_Am
1 44.62881 0.08960444 0.9719696
2 54.4792 0.08791625 1.186501
3 63.24314 0.08695519 1.37737
4 71.46364 0.08641067 1.556405
5 79.06931 0.08622376 1.722048
6 85.96456 0.08620768 1.87222
7 92.3579 0.08627666 2.01146
8 98.26958 0.08640652 2.14021
9 103.7306 0.08657696 2.259147
10 108.6581 0.08686184 2.366461
11 113.1735 0.08716726 2.464803
12 120.1322 0.08719347 2.616356
13 128.8028 0.08708944 2.805193
14 138.8512 0.08699095 3.024037
15 150.1678 0.08687328 3.270501
16 162.719 0.08675551 3.543853
17 176.0532 0.08671675 3.834258
18 190.1149 0.08670371 4.140507
19 204.7571 0.0867174 4.459398
20 219.7196 0.08679797 4.785266
21 235.2025 0.08688988 5.122469
22 251.8354 0.08696736 5.484716
23 269.2424 0.08707846 5.863822
24 288.1307 0.0871776 6.275189
25 308.7401 0.08729752 6.724042
26 331.3718 0.08741288 7.216937
27 355.8469 0.08756205 7.749979
28 382.4824 0.08772064 8.330073
29 411.0676 0.08791806 8.95263
30 441.4906 0.08813935 9.615212
31 473.5082 0.08840882 10.31252
32 508.3006 0.08870764 11.07026
33 545.0008 0.08903652 11.86956
34 584.1686 0.08941001 12.72259
35 625.412 0.08984043 13.62083
36 669.7149 0.09032266 14.5857
37 731.9206 0.09393567 15.94048
38 725.4776 0.1105315 15.80016
39 769.0259 0.1076163 16.74859
40 815.6259 0.1046955 17.76349
41 873.5047 0.1034709 19.02404
42 933.2745 0.1033111 20.32576
43 980.9146 0.1001763 21.36331
44 1060.431 0.09616414 23.0951
45 1170.514 0.09465757 25.49259
46 1286.223 0.09407252 28.01262
47 1388.666 0.09421588 30.24373
48 1477.695 0.09492129 32.18268
49 1595.071 0.09608907 34.73902
50 1685.136 0.09798664 36.70053
51 1777.57 0.09867263 38.71365
52 1912.711 0.09922376 41.65687
53 1965.084 0.1120436 42.7975
54 2035.291 0.1177954 44.32653
55 2130.97 0.1378476 46.41033

Feeding stock abundance: Estimate SD_log Estimate/K
RUS+WAL
1 102.5768 0.101478 1.303386
2 130.782 0.09809257 1.661773
3 148.9501 0.09921904 1.892625
4 169.3381 0.09828066 2.151683
5 188.5966 0.09764842 2.39639
6 206.8678 0.09718209 2.628552
7 224.1234 0.0968544 2.847809
8 240.4125 0.0966284 3.054786
9 255.7737 0.09647957 3.249971
10 270.2469 0.09639211 3.433874
11 283.7848 0.09637854 3.605893
12 303.8006 0.09599199 3.860222
13 328.4877 0.0954405 4.173907
14 357.223 0.09482034 4.53903
15 389.5829 0.09416754 4.95021
16 425.0252 0.09353187 5.400554
17 463.2007 0.09291576 5.885628
18 503.6257 0.09234044 6.399286
19 545.9346 0.09180812 6.936881
20 589.7827 0.09131807 7.494034
21 634.7743 0.09087907 8.065717
22 682.5296 0.09043697 8.672517
23 733.9643 0.08999005 9.326068
24 789.8626 0.08953813 10.03634
25 850.8188 0.08908945 10.81087
26 917.2533 0.08865823 11.65502
27 989.429 0.08826268 12.57211
28 1067.376 0.08792912 13.56254
29 1151.086 0.08767973 14.6262
30 1240.428 0.08753756 15.76142
31 1335.09 0.08753113 16.96423
32 1435.273 0.08767966 18.2372
33 1541.137 0.08801961 19.58235
34 1653.168 0.08857847 21.00587
35 1771.7 0.08939548 22.51199
36 1897.153 0.09051132 24.10604
37 1991.589 0.1172544 25.306
38 2112.481 0.1409886 26.84209
39 2229.957 0.1630744 28.3348
40 2348.34 0.1823134 29.83903
41 2468.485 0.198927 31.36564
42 2609.175 0.209103 33.15331
43 2755.314 0.2176364 35.01022
44 2887.522 0.2270419 36.6901
45 3057.877 0.2322956 38.85472
46 3164.282 0.2419396 40.20673
47 3298.44 0.249905 41.91141
48 3402.874 0.2589196 43.23839
49 3518.669 0.2652193 44.70974
50 3659.879 0.2689921 46.50401
51 3815.405 0.2712378 48.48019
52 3973.676 0.2733158 50.49124
53 4127.576 0.2754014 52.44676
54 4268.26 0.2774278 54.23436
55 4441.284 0.27868 56.43288
EAL+BER
1 289.3367 0.08332471 1.263832
2 369.0082 0.07969429 1.611839
3 432.8748 0.07787864 1.89081
4 493.7035 0.07667143 2.156512
5 551.6439 0.07582235 2.409598
6 606.8742 0.0751976 2.650846
7 659.5111 0.07472311 2.880765
8 709.7012 0.07435252 3.099997
9 757.5354 0.07405798 3.308938
10 802.9213 0.07383862 3.507185
11 846.1353 0.07366231 3.695945
12 909.0389 0.07313943 3.97071
13 986.3639 0.07247343 4.308468
14 1076.565 0.07175988 4.70247
15 1178.21 0.07106166 5.146458
16 1289.974 0.07041285 5.634647
17 1410.622 0.06982763 6.161643
18 1538.948 0.06930896 6.722173
19 1673.788 0.06885642 7.311157
20 1814.398 0.06845141 7.925345
21 1959.539 0.06809786 8.559328
22 2114.081 0.06775519 9.234371
23 2281.036 0.06741564 9.963635
24 2462.986 0.067075 10.7584
25 2661.74 0.06674034 11.62656
26 2878.761 0.06641579 12.57452
27 3114.918 0.06610835 13.60606
28 3370.583 0.06582392 14.72281
29 3643.972 0.06559863 15.91698
30 3936.764 0.06539277 17.19591
31 4249.213 0.06519306 18.56069
32 4580.375 0.06502194 20.00722
33 4930.094 0.06489476 21.5348
34 5301.681 0.06478312 23.15791
35 5695.269 0.06470384 24.87711
36 6111.793 0.06466308 26.6965
37 6680.636 0.07120079 29.18122
38 7169.442 0.0894496 31.31635
39 7493.711 0.1211368 32.73276
40 7783.293 0.1464685 33.99767
41 7566.704 0.160471 33.0516
42 8070.557 0.1525974 35.25244
43 8623.413 0.1473679 37.66734
44 9011.784 0.1457916 39.36375
45 9533.136 0.1435985 41.64103
46 10010.35 0.1442602 43.72551
47 9494.738 0.1507982 41.47331
48 9051.071 0.1750115 39.53536
49 7718.176 0.1907767 33.71323
50 6606.079 0.1672744 28.85556
51 7050.2 0.1716898 30.79549
52 7429.047 0.2078545 32.45031
53 7789.222 0.2314747 34.02357
54 7491.127 0.330868 32.72148
55 7637.837 0.3161957 33.36231
GOA
1 111.0549 0.07761079 1.344548
2 142.3128 0.07340878 1.72299
3 167.258 0.07135717 2.025003
4 191.0802 0.06996167 2.31342
5 213.8306 0.06895512 2.58886
6 235.4683 0.06822329 2.850829
7 256.1304 0.06765393 3.100986
8 275.8658 0.06719813 3.339924
9 294.7126 0.06682512 3.568104
10 312.7109 0.06651415 3.78601
11 329.8986 0.06625088 3.994103
12 354.6749 0.06564286 4.29407
13 384.9931 0.06490268 4.661135
14 420.3499 0.06411242 5.089202
15 460.0857 0.06335223 5.570286
16 503.7737 0.06264304 6.099219
17 550.7236 0.06202266 6.667644
18 600.6554 0.06146908 7.272172
19 653.046 0.06098756 7.906468
20 707.5863 0.0605612 8.566791
21 763.9003 0.06018255 9.248588
22 823.7394 0.05981988 9.973063
23 888.4037 0.0594541 10.75596
24 958.7476 0.05909064 11.60762
25 1035.59 0.05872803 12.53795
26 1119.441 0.05837419 13.55314
27 1210.517 0.05804215 14.6558
28 1308.839 0.05774274 15.8462
29 1414.47 0.05747607 17.12508
30 1527.319 0.05724193 18.49135
31 1646.963 0.05704689 19.93989
32 1773.303 0.05689835 21.46949
33 1906.884 0.05679155 23.08676
34 2048.091 0.05673075 24.79637
35 2197.143 0.05672733 26.60095
36 2354.732 0.05678138 28.50888
37 2451.951 0.1016615 29.68592
38 2641.524 0.1097285 31.98109
39 2871.665 0.1113354 34.76742
40 3018.639 0.1357869 36.54685
41 3139.577 0.1488217 38.01105
42 3320.12 0.1437721 40.1969
43 3564.617 0.1402161 43.15704
44 3584.239 0.1653574 43.3946
45 3833.938 0.1592656 46.41772
46 2814.646 0.3005988 34.07709
47 1763.872 0.2634093 21.35531
48 1834.81 0.2229779 22.21416
49 1944.232 0.2173514 23.53893
50 2068.605 0.221793 25.04473
51 2229.117 0.2310914 26.98805
52 2371.877 0.2418056 28.71646
53 2526.384 0.2489012 30.58709
54 2665.293 0.2559732 32.26886
55 2789.947 0.2618815 33.77806
SEA+NBC
1 396.6332 0.06479533 1.428862
2 504.6178 0.06076642 1.817873
3 589.3655 0.05895589 2.123175
4 669.4016 0.05780592 2.411503
5 744.9959 0.05704418 2.68383
6 816.4368 0.05652428 2.941194
7 883.9425 0.05616541 3.184382
8 947.6214 0.05592511 3.413783
9 1007.744 0.05576635 3.630373
10 1064.483 0.05566898 3.834775
11 1117.901 0.05562423 4.02721
12 1196.904 0.05519069 4.311819
13 1294.212 0.05460102 4.662368
14 1407.876 0.05394893 5.071839
15 1535.73 0.05330931 5.532431
16 1676.749 0.05269311 6.040449
17 1827.803 0.05216213 6.584615
18 1986.152 0.05174305 7.155066
19 2153.91 0.05133551 7.759409
20 2330.777 0.05091991 8.396567
21 2511.985 0.05057294 9.049367
22 2704.071 0.0502421 9.741349
23 2910.143 0.04992893 10.48372
24 3137.519 0.04956175 11.30284
25 3383.841 0.04922513 12.19021
26 3652.847 0.04889384 13.15929
27 3942.165 0.04861979 14.20156
28 4255.417 0.04836695 15.33004
29 4590.525 0.04816458 16.53725
30 4946.111 0.04802335 17.81825
31 5327 0.04789208 19.19039
32 5728.181 0.04782793 20.63563
33 6155.704 0.04779777 22.17578
34 6603.327 0.04787162 23.78833
35 7074.358 0.04804362 25.4852
36 7571.928 0.04831523 27.27769
37 8038.62 0.05587572 28.95894
38 8767.314 0.05838882 31.58404
39 8863.926 0.05607492 31.93208
40 9786.983 0.05310065 35.25737
41 10269.93 0.05892874 36.99717
42 11214.39 0.06026659 40.39956
43 11118.37 0.05202259 40.05364
44 12088.91 0.05949189 43.55002
45 10234.4 0.1100986 36.86917
46 8519.016 0.05758131 30.68955
47 8427.334 0.0579021 30.35927
48 6834.496 0.06427185 24.62111
49 6818.11 0.1016633 24.56208
50 7324.454 0.06172654 26.38617
51 7611.967 0.05211219 27.42193
52 7053.361 0.1505169 25.40956
53 7484.303 0.1543282 26.96202
54 6951.545 0.2504839 25.04277
55 6611.018 0.2590172 23.81603
SBC+WA
1 42.06789 0.119375 1.14552
2 53.79204 0.1163522 1.464772
3 63.09079 0.1149575 1.71798
4 71.94257 0.1140458 1.959016
5 80.37141 0.1134143 2.188536
6 88.40127 0.1129583 2.407191
7 95.95125 0.1127362 2.612779
8 103.1384 0.1125859 2.808486
9 109.9677 0.1124903 2.99445
10 116.4621 0.1124324 3.171295
11 122.6374 0.1124027 3.33945
12 131.5686 0.1121595 3.58265
13 142.5721 0.1117791 3.882278
14 155.4302 0.1113363 4.232409
15 169.8295 0.110949 4.624503
16 185.6672 0.1105776 5.055769
17 202.7698 0.1102354 5.521477
18 220.8633 0.1099774 6.014168
19 239.884 0.1097507 6.532107
20 259.5885 0.1095937 7.068665
21 279.8402 0.1094965 7.620126
22 301.41 0.1093848 8.207477
23 324.6551 0.1092808 8.840448
24 349.921 0.1091786 9.528445
25 377.4847 0.1090759 10.27901
26 407.533 0.1089754 11.09724
27 440.1975 0.1088789 11.9867
28 475.9253 0.1086984 12.95958
29 514.1615 0.1085763 14.00076
30 554.6342 0.1085459 15.10284
31 597.9227 0.1084679 16.2816
32 643.7186 0.1084152 17.52863
33 692.1908 0.1083822 18.84855
34 743.3225 0.1083935 20.24088
35 797.4566 0.1084142 21.71496
36 851.6677 0.1088369 23.19115
37 926.636 0.1060831 25.23256
38 1013.144 0.1028637 27.58819
39 1091.285 0.1015152 29.71599
40 1183.535 0.1001308 32.22798
41 1270.386 0.100221 34.59297
42 1359.846 0.1010952 37.02897
43 1463.731 0.1016485 39.85781
44 1564.555 0.1036198 42.60326
45 1650.947 0.1085489 44.95575
46 1732.343 0.1139017 47.17217
47 1795.749 0.1205189 48.89875
48 1857.652 0.1205423 50.58437
49 1927.093 0.1181461 52.47529
50 2026.59 0.1156836 55.1846
51 2122.502 0.1149387 57.79631
52 2233.077 0.115028 60.8073
53 2338.551 0.1184239 63.67939
54 2412.984 0.1287404 65.70622
55 2480.862 0.1440642 67.55456
OR+CA
1 133.4429 0.050797 0.7705885
2 168.9876 0.04554399 0.9758477
3 196.3694 0.04308219 1.133969
4 221.9312 0.04146597 1.281579
5 245.132 0.04046922 1.415556
6 266.5985 0.03980419 1.539518
7 286.4207 0.0393678 1.653985
8 304.7313 0.0390933 1.759722
9 321.4638 0.03895527 1.856347
10 336.7747 0.03891528 1.944762
11 350.5285 0.03897719 2.024186
12 371.99 0.0384741 2.14812
13 398.6866 0.03773132 2.302283
14 429.9672 0.03688536 2.482918
15 465.6195 0.03600159 2.688799
16 504.4449 0.03519441 2.913003
17 545.9832 0.03448647 3.152872
18 589.6915 0.03388806 3.405274
19 634.9768 0.03340594 3.666781
20 682.1652 0.032993 3.939278
21 731.0869 0.03263731 4.221785
22 781.39 0.03237346 4.512269
23 835.3329 0.03213422 4.823771
24 894.1264 0.03191096 5.163284
25 958.6756 0.031712 5.536034
26 1028.827 0.03157851 5.941138
27 1105.497 0.03151124 6.383878
28 1188.264 0.03154245 6.861833
29 1276.818 0.03169223 7.373202
30 1370.727 0.03197141 7.915493
31 1473.178 0.03230427 8.507114
32 1581.027 0.03277162 9.129909
33 1696.281 0.03334625 9.795462
34 1817.664 0.03407228 10.49641
35 1947.833 0.03491352 11.24809
36 2083.106 0.03595559 12.02925
37 2279.135 0.04681074 13.16125
38 2245.637 0.07804713 12.96781
39 2386.122 0.07226521 13.77906
40 2528.637 0.06720734 14.60204
41 2693.153 0.06497399 15.55207
42 2891.068 0.06442382 16.69496
43 3037.528 0.05772873 17.54072
44 3294.822 0.04754489 19.0265
45 3611.506 0.04341704 20.85525
46 3929.799 0.04168189 22.69329
47 4219.043 0.04156533 24.36358
48 4598.752 0.04154126 26.55627
49 4929.954 0.04375542 28.46885
50 5272.392 0.04838585 30.44632
51 5580.766 0.05036626 32.22708
52 5993.74 0.05129597 34.61187
53 6164.304 0.074573 35.59682
54 6379.143 0.08381537 36.83744
55 6689.342 0.1138901 38.62874

Parameters: Estimate  Std. Error      z value    Pr(>|z^2|)
rval 0.09111617 0.00162468 56.0825204 0
logK 8.64166208 0.65933852 13.10656327 0
logK 10.72328028 0.21042608 50.95984332 0
logK 9.10642265 0.65899894 13.81856956 0
logK 10.04773772 0.43908692 22.88325472 0
logK 8.43198056 0.81929317 10.29177454 0
logBK 4.32045881 0.70266361 6.14868734 0
logBK 4.22313255 0.2167239 19.48623331 0
logBK 4.37217495 0.67625986 6.46522913 0
logBK 4.96870403 0.44982273 11.04591577 0
logBK 4.67309117 0.82458869 5.66717833 1e-08
MixPars -1.74841438 0.29184752 -5.99084891 0
MixPars -3.00323615 0.21026189 -14.28331196 0
MixPars -0.74871109 0.11429506 -6.55068655 0
MixPars -1.47034138 0.08598018 -17.10093325 0
MixPars -2.6593627 0.13306373 -19.9856313 0
MixPars -1.69862862 0.23836411 -7.12619284 0
MixPars -1.12457076 0.17725636 -6.34431843 0
MixPars -1.68468092 0.28488065 -5.91363759 0
MixPars -3.1952736 0.28614227 -11.16673034 0
MixPars -1.81348618 0.24615697 -7.36719424 0
MixPars -1.76885412 0.38431101 -4.60266311 4.17e-06
MixPars -1.71779917 0.33744356 -5.09062668 3.6e-07
MixPars -1.03278957 0.40209432 -2.56852565 0.01021322
MixPars -1.33581774 0.24054498 -5.55329721 3e-08
MixPars 0.79561735 0.179416 4.43448386 9.23e-06
MixPars -2.72482833 0.2670129 -10.20485643 0
AddV 0.12775168 0.05618582 2.27373538 0.0229819
AddV 0.01426011 0.00480271 2.96918277 0.00298593
AddV 0.02113111 0.01639067 1.28921584 0.19732306
SFsigma 1.35074408 0.16592065 8.14090392 0

Mixing matrix
0.8517527 0.1482473 0 0 0 0 ,# Asia
0.02723061 0.25952861 0.12612035 0.54871436 0.03840606 0 ,# Hawaii
0.09641973 0.52707322 0.17118909 0.09777399 0.02158645 0.08595753 ,# MX_AR
0.0407499 0.23896273 0.04288441 0.08507371 0.06283359 0.52949565 ,# MX_ML
0 0 0 0 0.06152409 0.93847591 ,# Central_Am

Split of breeding stock to feeding grounds over time
Split for: Asia
Year RUS+WAL EAL+BER GOA SEA+NBC SBC+WA OR+CA
1970 0.85292 0.14708 0 0 0 0
1971 0.85352 0.14648 0 0 0 0
1972 0.85041 0.14959 0 0 0 0
1973 0.85062 0.14938 0 0 0 0
1974 0.8508 0.1492 0 0 0 0
1975 0.85097 0.14903 0 0 0 0
1976 0.85113 0.14887 0 0 0 0
1977 0.85128 0.14872 0 0 0 0
1978 0.85141 0.14859 0 0 0 0
1979 0.85158 0.14842 0 0 0 0
1980 0.85173 0.14827 0 0 0 0
1981 0.85188 0.14812 0 0 0 0
1982 0.85201 0.14799 0 0 0 0
1983 0.85214 0.14786 0 0 0 0
1984 0.85226 0.14774 0 0 0 0
1985 0.85238 0.14762 0 0 0 0
1986 0.85248 0.14752 0 0 0 0
1987 0.85259 0.14741 0 0 0 0
1988 0.8527 0.1473 0 0 0 0
1989 0.85279 0.14721 0 0 0 0
1990 0.85288 0.14712 0 0 0 0
1991 0.85298 0.14702 0 0 0 0
1992 0.85308 0.14692 0 0 0 0
1993 0.85319 0.14681 0 0 0 0
1994 0.8533 0.1467 0 0 0 0
1995 0.85341 0.14659 0 0 0 0
1996 0.85353 0.14647 0 0 0 0
1997 0.85365 0.14635 0 0 0 0
1998 0.85384 0.14616 0 0 0 0
1999 0.85403 0.14597 0 0 0 0
2000 0.85417 0.14583 0 0 0 0
2001 0.85433 0.14567 0 0 0 0
2002 0.85452 0.14548 0 0 0 0
2003 0.85471 0.14529 0 0 0 0
2004 0.85491 0.14509 0 0 0 0
2005 0.85512 0.14488 0 0 0 0
2006 0.85055 0.14945 0 0 0 0
2007 0.84959 0.15041 0 0 0 0
2008 0.85137 0.14863 0 0 0 0
2009 0.85364 0.14636 0 0 0 0
2010 0.86365 0.13635 0 0 0 0
2011 0.8631 0.1369 0 0 0 0
2012 0.86223 0.13777 0 0 0 0
2013 0.86348 0.13652 0 0 0 0
2014 0.86358 0.13642 0 0 0 0
2015 0.86402 0.13598 0 0 0 0
2016 0.87505 0.12495 0 0 0 0
2017 0.88373 0.11627 0 0 0 0
2018 0.90245 0.09755 0 0 0 0
2019 0.91838 0.08162 0 0 0 0
2020 0.91705 0.08295 0 0 0 0
2021 0.91663 0.08337 0 0 0 0
2022 0.9164 0.0836 0 0 0 0
2023 0.92226 0.07774 0 0 0 0
2024 0.92416 0.07584 0 0 0 0
2025 0.92278 0.07722 0 0 0 0
Split for: Hawaii
Year RUS+WAL EAL+BER GOA SEA+NBC SBC+WA OR+CA
1970 0.02765 0.26109 0.12458 0.54777 0.0389 0
1971 0.02781 0.26137 0.12522 0.54652 0.03907 0
1972 0.02723 0.26226 0.12579 0.5455 0.03922 0
1973 0.02734 0.26292 0.12623 0.54417 0.03934 0
1974 0.02745 0.26356 0.12665 0.5429 0.03944 0
1975 0.02755 0.26419 0.12699 0.54172 0.03955 0
1976 0.02765 0.26481 0.12734 0.54059 0.03962 0
1977 0.02775 0.26544 0.12768 0.53945 0.03968 0
1978 0.02784 0.26606 0.12801 0.53834 0.03975 0
1979 0.02794 0.26663 0.12835 0.53727 0.03982 0
1980 0.02803 0.26721 0.12868 0.53619 0.03989 0
1981 0.02813 0.2678 0.12898 0.53516 0.03994 0
1982 0.02822 0.2684 0.12925 0.53414 0.04 0
1983 0.02831 0.26898 0.1295 0.53316 0.04005 0
1984 0.0284 0.26957 0.12972 0.53221 0.04009 0
1985 0.02848 0.27009 0.12991 0.5314 0.04013 0
1986 0.02856 0.27066 0.13008 0.53053 0.04017 0
1987 0.02866 0.27136 0.1303 0.52945 0.04023 0
1988 0.02874 0.27189 0.13045 0.52865 0.04027 0
1989 0.0288 0.27227 0.13051 0.52815 0.04027 0
1990 0.02887 0.2727 0.1306 0.52757 0.04027 0
1991 0.02894 0.27314 0.13068 0.52696 0.04028 0
1992 0.02902 0.27363 0.1308 0.52626 0.04029 0
1993 0.02908 0.27398 0.13083 0.52584 0.04028 0
1994 0.02915 0.27439 0.1309 0.52528 0.04028 0
1995 0.02921 0.27478 0.13096 0.52476 0.04028 0
1996 0.02929 0.27528 0.13105 0.52407 0.0403 0
1997 0.02937 0.27575 0.13111 0.52342 0.04034 0
1998 0.02946 0.27616 0.1312 0.52279 0.04038 0
1999 0.02956 0.27666 0.13131 0.52207 0.0404 0
2000 0.02964 0.2771 0.13134 0.5215 0.04043 0
2001 0.02973 0.27757 0.13136 0.52088 0.04045 0
2002 0.02981 0.27792 0.13135 0.52045 0.04047 0
2003 0.02991 0.2784 0.13136 0.51983 0.04049 0
2004 0.03001 0.27893 0.13138 0.51916 0.04053 0
2005 0.03012 0.27948 0.13141 0.51857 0.04042 0
2006 0.02972 0.28596 0.12804 0.51511 0.04117 0
2007 0.02923 0.28336 0.12731 0.51852 0.04157 0
2008 0.02995 0.28636 0.13376 0.50662 0.0433 0
2009 0.02945 0.27649 0.13066 0.51974 0.04367 0
2010 0.03025 0.26154 0.13217 0.53042 0.04561 0
2011 0.02978 0.25864 0.12954 0.53676 0.04528 0
2012 0.03074 0.26893 0.13528 0.51761 0.04744 0
2013 0.03055 0.26449 0.12794 0.5293 0.04772 0
2014 0.03414 0.29533 0.14443 0.4729 0.05317 2e-05
2015 0.03994 0.34422 0.11755 0.43639 0.06189 0
2016 0.04454 0.34823 0.07855 0.46024 0.06845 0
2017 0.05099 0.36736 0.09039 0.41289 0.07838 0
2018 0.05542 0.32803 0.10026 0.43113 0.08516 0
2019 0.05782 0.28141 0.10689 0.46409 0.08979 0
2020 0.05763 0.28545 0.10941 0.4581 0.0894 0
2021 0.06064 0.30204 0.11685 0.42602 0.09445 0
2022 0.06008 0.30011 0.1179 0.42818 0.09374 0
2023 0.06449 0.29765 0.1282 0.4099 0.09975 0
2024 0.06771 0.3043 0.13449 0.39065 0.10284 0
2025 0.06674 0.30585 0.13279 0.39433 0.10029 0
Split for: MX_AR
Year RUS+WAL EAL+BER GOA SEA+NBC SBC+WA OR+CA
1970 0.0979 0.53024 0.1691 0.09761 0.02187 0.08329
1971 0.09831 0.52989 0.16967 0.09721 0.02192 0.08299
1972 0.09622 0.53158 0.17041 0.09701 0.022 0.08278
1973 0.09643 0.5319 0.17068 0.09659 0.02202 0.08238
1974 0.09665 0.53234 0.17097 0.09621 0.02205 0.08178
1975 0.09687 0.53282 0.17118 0.09586 0.02208 0.08119
1976 0.09708 0.53332 0.1714 0.09552 0.02208 0.0806
1977 0.09729 0.53383 0.17161 0.09519 0.02209 0.08
1978 0.09749 0.53434 0.17182 0.09486 0.02209 0.0794
1979 0.0977 0.5348 0.17206 0.09455 0.0221 0.07879
1980 0.09791 0.5353 0.1723 0.09424 0.02212 0.07814
1981 0.09812 0.53583 0.17249 0.09395 0.02212 0.07749
1982 0.09833 0.5364 0.17263 0.09366 0.02212 0.07686
1983 0.09853 0.53694 0.17277 0.09338 0.02213 0.07625
1984 0.09872 0.53746 0.17286 0.0931 0.02212 0.07574
1985 0.0989 0.53795 0.17293 0.09287 0.02212 0.07523
1986 0.09908 0.53849 0.17296 0.09261 0.02212 0.07474
1987 0.09927 0.53906 0.17301 0.09228 0.02212 0.07427
1988 0.09945 0.53957 0.17302 0.09205 0.02212 0.07379
1989 0.0996 0.54001 0.173 0.09191 0.0221 0.07338
1990 0.09975 0.54041 0.17297 0.09173 0.02208 0.07305
1991 0.09992 0.54089 0.17296 0.09156 0.02207 0.07261
1992 0.10009 0.54137 0.17295 0.09135 0.02206 0.07217
1993 0.10025 0.54179 0.17291 0.09123 0.02205 0.07177
1994 0.10041 0.5422 0.17287 0.09107 0.02203 0.07142
1995 0.10058 0.54259 0.17283 0.09091 0.02201 0.07108
1996 0.10075 0.54299 0.17277 0.0907 0.022 0.07079
1997 0.10092 0.54338 0.17268 0.0905 0.022 0.07053
1998 0.10113 0.54367 0.17263 0.0903 0.022 0.07028
1999 0.10134 0.54401 0.17257 0.09007 0.02199 0.07002
2000 0.10151 0.5443 0.17243 0.08988 0.02198 0.0699
2001 0.1017 0.54463 0.17227 0.08967 0.02197 0.06977
2002 0.1019 0.54483 0.17209 0.08952 0.02196 0.0697
2003 0.1021 0.54512 0.17191 0.0893 0.02194 0.06962
2004 0.10232 0.54539 0.17169 0.08906 0.02193 0.06961
2005 0.10256 0.54571 0.17149 0.08884 0.02184 0.06956
2006 0.10033 0.55367 0.16569 0.08751 0.02206 0.07075
2007 0.09998 0.55592 0.16694 0.08925 0.02257 0.06534
2008 0.10069 0.55208 0.17236 0.0857 0.0231 0.06608
2009 0.10134 0.5457 0.17235 0.09 0.02385 0.06676
2010 0.10615 0.52634 0.17777 0.09366 0.0254 0.07067
2011 0.10557 0.52593 0.17605 0.09576 0.02548 0.07121
2012 0.10563 0.53007 0.17821 0.08951 0.02588 0.0707
2013 0.10662 0.52942 0.17116 0.09296 0.02643 0.07341
2014 0.10821 0.53686 0.17547 0.07542 0.02675 0.07728
2015 0.11621 0.57441 0.13111 0.06389 0.02858 0.0858
2016 0.13013 0.58361 0.08798 0.06768 0.03175 0.09886
2017 0.13764 0.56878 0.09353 0.05609 0.03359 0.11037
2018 0.15259 0.51804 0.10582 0.05974 0.03722 0.12659
2019 0.16655 0.46492 0.11803 0.06727 0.04105 0.14218
2020 0.1645 0.46734 0.11972 0.0658 0.04051 0.14213
2021 0.16439 0.46962 0.12143 0.05812 0.04065 0.14579
2022 0.16401 0.46992 0.12338 0.05883 0.04062 0.14325
2023 0.1711 0.45294 0.13038 0.05473 0.04201 0.14884
2024 0.17413 0.44882 0.13258 0.05055 0.04198 0.15194
2025 0.17207 0.45227 0.13124 0.05116 0.04104 0.15221
Split for: MX_ML
Year RUS+WAL EAL+BER GOA SEA+NBC SBC+WA OR+CA
1970 0.04198 0.24387 0.04297 0.08615 0.06457 0.52045
1971 0.04223 0.24417 0.0432 0.08597 0.06486 0.51957
1972 0.04138 0.24524 0.04344 0.08589 0.06517 0.51888
1973 0.04158 0.246 0.04362 0.08573 0.0654 0.51768
1974 0.04182 0.2471 0.04385 0.08571 0.06571 0.5158
1975 0.04207 0.24822 0.04406 0.0857 0.06603 0.51392
1976 0.04231 0.24937 0.04428 0.08572 0.06628 0.51204
1977 0.04256 0.25053 0.0445 0.08573 0.06655 0.51013
1978 0.04281 0.25172 0.04472 0.08576 0.06682 0.50817
1979 0.04306 0.25288 0.04495 0.0858 0.06711 0.5062
1980 0.04333 0.25415 0.0452 0.08587 0.06742 0.50403
1981 0.0436 0.25543 0.04543 0.08595 0.06769 0.5019
1982 0.04387 0.25671 0.04565 0.08602 0.06797 0.49979
1983 0.04412 0.25796 0.04586 0.0861 0.06825 0.49771
1984 0.04435 0.25905 0.04603 0.08612 0.06846 0.49599
1985 0.04458 0.26012 0.0462 0.08618 0.06867 0.49426
1986 0.0448 0.26119 0.04635 0.08621 0.06889 0.49256
1987 0.04502 0.26227 0.04651 0.08617 0.06908 0.49095
1988 0.04524 0.26332 0.04665 0.08621 0.06929 0.48929
1989 0.04543 0.26423 0.04677 0.0863 0.06943 0.48784
1990 0.0456 0.265 0.04687 0.08633 0.06953 0.48668
1991 0.0458 0.26598 0.04699 0.08641 0.06969 0.48512
1992 0.04601 0.26697 0.04713 0.08646 0.06985 0.48358
1993 0.0462 0.26787 0.04724 0.08657 0.06998 0.48213
1994 0.04638 0.26869 0.04733 0.08661 0.07009 0.48089
1995 0.04656 0.26948 0.04743 0.08666 0.07019 0.47967
1996 0.04673 0.27021 0.04751 0.08662 0.07028 0.47865
1997 0.0469 0.27088 0.04756 0.08658 0.07041 0.47767
1998 0.04707 0.27146 0.04763 0.08653 0.07053 0.47677
1999 0.04725 0.27211 0.0477 0.08646 0.07061 0.47587
2000 0.04737 0.27249 0.0477 0.08635 0.07064 0.47546
2001 0.0475 0.2729 0.04769 0.08623 0.07067 0.47501
2002 0.04762 0.27313 0.04767 0.08613 0.07068 0.47478
2003 0.04774 0.27346 0.04765 0.08598 0.07067 0.4745
2004 0.04785 0.27363 0.04759 0.08576 0.07064 0.47453
2005 0.048 0.27397 0.04757 0.0856 0.07041 0.47446
2006 0.04654 0.27551 0.04556 0.08357 0.07049 0.47834
2007 0.04791 0.28578 0.04742 0.08805 0.0745 0.45635
2008 0.04809 0.28286 0.04879 0.08427 0.076 0.45999
2009 0.04799 0.27724 0.04838 0.08776 0.0778 0.46084
2010 0.04882 0.25972 0.04847 0.08869 0.08048 0.47381
2011 0.04832 0.25825 0.04776 0.09025 0.08033 0.47508
2012 0.04861 0.26169 0.04861 0.08481 0.08202 0.47426
2013 0.04804 0.25589 0.04571 0.08623 0.08203 0.4821
2014 0.04801 0.25551 0.04614 0.06889 0.08174 0.49971
2015 0.04864 0.25793 0.03253 0.05506 0.08241 0.52343
2016 0.04991 0.24013 0.02 0.05344 0.08387 0.55265
2017 0.0499 0.22118 0.0201 0.04186 0.08385 0.58312
2018 0.05094 0.18553 0.02094 0.04106 0.08558 0.61596
2019 0.05159 0.15447 0.02167 0.0429 0.08757 0.6418
2020 0.05105 0.15556 0.02202 0.04204 0.08657 0.64277
2021 0.05036 0.15432 0.02205 0.03665 0.08575 0.65087
2022 0.05078 0.15607 0.02264 0.0375 0.08662 0.6464
2023 0.05176 0.14699 0.02338 0.03409 0.08753 0.65625
2024 0.0521 0.14407 0.02351 0.03114 0.08652 0.66265
2025 0.0515 0.1452 0.02328 0.03152 0.0846 0.6639
Split for: Central_Am
Year RUS+WAL EAL+BER GOA SEA+NBC SBC+WA OR+CA
1970 0 0 0 0 0.06414 0.93586
1971 0 0 0 0 0.06451 0.93549
1972 0 0 0 0 0.06488 0.93512
1973 0 0 0 0 0.06524 0.93476
1974 0 0 0 0 0.06575 0.93425
1975 0 0 0 0 0.06627 0.93373
1976 0 0 0 0 0.06674 0.93326
1977 0 0 0 0 0.06722 0.93278
1978 0 0 0 0 0.06772 0.93228
1979 0 0 0 0 0.06824 0.93176
1980 0 0 0 0 0.06881 0.93119
1981 0 0 0 0 0.06934 0.93066
1982 0 0 0 0 0.06988 0.93012
1983 0 0 0 0 0.07042 0.92958
1984 0 0 0 0 0.07085 0.92915
1985 0 0 0 0 0.07128 0.92872
1986 0 0 0 0 0.07172 0.92828
1987 0 0 0 0 0.07213 0.92787
1988 0 0 0 0 0.07256 0.92744
1989 0 0 0 0 0.0729 0.9271
1990 0 0 0 0 0.07315 0.92685
1991 0 0 0 0 0.07353 0.92647
1992 0 0 0 0 0.07391 0.92609
1993 0 0 0 0 0.07424 0.92576
1994 0 0 0 0 0.07452 0.92548
1995 0 0 0 0 0.0748 0.9252
1996 0 0 0 0 0.07503 0.92497
1997 0 0 0 0 0.0753 0.9247
1998 0 0 0 0 0.07555 0.92445
1999 0 0 0 0 0.07576 0.92424
2000 0 0 0 0 0.07585 0.92415
2001 0 0 0 0 0.07595 0.92405
2002 0 0 0 0 0.07599 0.92401
2003 0 0 0 0 0.07603 0.92397
2004 0 0 0 0 0.07599 0.92401
2005 0 0 0 0 0.07577 0.92423
2006 0 0 0 0 0.07528 0.92472
2007 0 0 0 0 0.08273 0.91727
2008 0 0 0 0 0.08365 0.91635
2009 0 0 0 0 0.08531 0.91469
2010 0 0 0 0 0.08579 0.91421
2011 0 0 0 0 0.08543 0.91457
2012 0 0 0 0 0.08721 0.91279
2013 0 0 0 0 0.08592 0.91408
2014 0 0 0 0 0.08288 0.91712
2015 0 0 0 0 0.08002 0.91998
2016 0 0 0 0 0.07735 0.92265
2017 0 0 0 0 0.0736 0.9264
2018 0 0 0 0 0.07128 0.92872
2019 0 0 0 0 0.0701 0.9299
2020 0 0 0 0 0.06925 0.93075
2021 0 0 0 0 0.06785 0.93215
2022 0 0 0 0 0.06893 0.93107
2023 0 0 0 0 0.06863 0.93137
2024 0 0 0 0 0.06728 0.93272
2025 0 0 0 0 0.06577 0.93423

Difference in mortality over time
Difference for: Asia
Year RUS+WAL EAL+BER GOA SEA+NBC SBC+WA OR+CA
1970 0 0 0 0 0 0
1971 0 0 0 0 0 0
1972 0 0 0 0 0 0
1973 0 0 0 0 0 0
1974 0 0 0 0 0 0
1975 0 0 0 0 0 0
1976 0 0 0 0 0 0
1977 0 0 0 0 0 0
1978 0 0 0 0 0 0
1979 0 0 0 0 0 0
1980 0 0 0 0 0 0
1981 0 0 0 0 0 0
1982 0 0 0 0 0 0
1983 0 0 0 0 0 0
1984 0 0 0 0 0 0
1985 0 0 0 0 0 0
1986 0 0 0 0 0 0
1987 0 0 0 0 0 0
1988 0 0 0 0 0 0
1989 0 0 0 0 0 0
1990 0 0 0 0 0 0
1991 0 0 0 0 0 0
1992 0 0 0 0 0 0
1993 0 0 0 0 0 0
1994 0 0 0 0 0 0
1995 0 0 0 0 0 0
1996 0 0 0 0 0 0
1997 0 0 0 0 0 0
1998 0 0 0 0 0 0
1999 0 0 0 0 0 0
2000 0 0 0 0 0 0
2001 0 0 0 0 0 0
2002 0 0 0 0 0 0
2003 0 0 0 0 0 0
2004 0 0 0 0 0 0
2005 -16 3 0 0 0 0
2006 -8 0 0 0 0 0
2007 -12 -4 0 0 0 0
2008 -15 -5 0 0 0 0
2009 -16 -18 0 0 0 0
2010 -10 -1 0 0 0 0
2011 -11 0 0 0 0 0
2012 -15 -4 0 0 0 0
2013 -12 -2 0 0 0 0
2014 -14 -3 0 0 0 0
2015 -26 -26 0 0 0 0
2016 -41 -24 0 0 0 0
2017 -36 -46 0 0 0 0
2018 -32 -38 0 0 0 0
2019 -19 -2 0 0 0 0
2020 -20 -4 0 0 0 0
2021 -22 -4 0 0 0 0
2022 -27 -18 0 0 0 0
2023 -15 -8 0 0 0 0
2024 0 0 0 0 0 0
Difference for: Hawaii
Year RUS+WAL EAL+BER GOA SEA+NBC SBC+WA OR+CA
1970 0 0 0 0 0 0
1971 0 0 0 0 0 0
1972 0 0 0 0 0 0
1973 0 0 0 0 0 0
1974 0 0 0 0 0 0
1975 0 0 0 0 0 0
1976 0 0 0 0 0 0
1977 0 0 0 0 0 0
1978 0 0 0 0 0 0
1979 0 0 0 0 0 0
1980 0 0 0 0 0 0
1981 0 0 0 0 0 0
1982 0 0 0 0 0 0
1983 0 0 0 0 0 0
1984 0 0 0 0 0 0
1985 0 0 0 0 0 0
1986 0 0 0 0 0 0
1987 0 0 0 0 0 0
1988 0 0 0 0 0 0
1989 0 0 0 0 0 0
1990 0 0 0 0 0 0
1991 0 0 0 0 0 0
1992 0 0 0 0 0 0
1993 0 0 0 0 0 0
1994 0 0 0 0 0 0
1995 0 0 0 0 0 0
1996 0 0 0 0 0 0
1997 0 0 0 0 0 0
1998 0 0 0 0 0 0
1999 0 0 0 0 0 0
2000 0 0 0 0 0 0
2001 0 0 0 0 0 0
2002 0 0 0 0 0 0
2003 0 0 0 0 0 0
2004 0 0 0 0 0 0
2005 -6 56 -39 -41 8 0
2006 -3 8 11 111 9 0
2007 -5 -80 26 -357 9 0
2008 -6 -106 -25 204 8 0
2009 -6 -371 -46 -94 7 0
2010 -4 -17 -14 189 8 0
2011 -4 -7 20 -587 8 0
2012 -6 -94 -119 179 5 0
2013 -5 -40 18 -2081 0 0
2014 -6 -67 -863 -1904 -3 0
2015 -11 -590 -887 -515 -15 0
2016 -17 -543 -33 -1824 -16 0
2017 -15 -1057 -26 -396 -4 0
2018 -14 -883 -18 -51 -1 0
2019 -8 -49 -4 -226 5 0
2020 -8 -95 -14 -858 6 0
2021 -10 -105 -10 -96 2 0
2022 -12 -446 -18 -797 -7 0
2023 -7 -203 -17 -592 -10 0
2024 0 0 0 0 0 0
Difference for: MX_AR
Year RUS+WAL EAL+BER GOA SEA+NBC SBC+WA OR+CA
1970 0 0 0 0 0 0
1971 0 0 0 0 0 0
1972 0 0 0 0 0 0
1973 0 0 0 0 0 0
1974 0 0 0 0 0 0
1975 0 0 0 0 0 0
1976 0 0 0 0 0 0
1977 0 0 0 0 0 0
1978 0 0 0 0 0 0
1979 0 0 0 0 0 0
1980 0 0 0 0 0 0
1981 0 0 0 0 0 0
1982 0 0 0 0 0 0
1983 0 0 0 0 0 0
1984 0 0 0 0 0 0
1985 0 0 0 0 0 0
1986 0 0 0 0 0 0
1987 0 0 0 0 0 0
1988 0 0 0 0 0 0
1989 0 0 0 0 0 0
1990 0 0 0 0 0 0
1991 0 0 0 0 0 0
1992 0 0 0 0 0 0
1993 0 0 0 0 0 0
1994 0 0 0 0 0 0
1995 0 0 0 0 0 0
1996 0 0 0 0 0 0
1997 0 0 0 0 0 0
1998 0 0 0 0 0 0
1999 0 0 0 0 0 0
2000 0 0 0 0 0 0
2001 0 0 0 0 0 0
2002 0 0 0 0 0 0
2003 0 0 0 0 0 0
2004 0 0 0 0 0 0
2005 -4 20 -9 -1 1 3
2006 -2 3 3 3 1 -12
2007 -3 -28 6 -11 1 -2
2008 -3 -37 -6 6 1 -2
2009 -4 -129 -11 -3 1 -1
2010 -2 -6 -3 6 1 0
2011 -3 -2 5 -18 1 -4
2012 -4 -33 -28 5 0 1
2013 -3 -14 4 -64 0 6
2014 -3 -23 -201 -58 0 8
2015 -7 -205 -207 -16 -1 9
2016 -10 -189 -8 -56 -2 9
2017 -9 -369 -6 -12 0 8
2018 -8 -308 -4 -2 0 5
2019 -5 -17 -1 -7 0 0
2020 -5 -33 -3 -26 1 7
2021 -6 -37 -2 -3 0 -10
2022 -7 -156 -4 -24 -1 -8
2023 -4 -71 -4 -18 -1 -3
2024 0 0 0 0 0 0
Difference for: MX_ML
Year RUS+WAL EAL+BER GOA SEA+NBC SBC+WA OR+CA
1970 0 0 0 0 0 0
1971 0 0 0 0 0 0
1972 0 0 0 0 0 0
1973 0 0 0 0 0 0
1974 0 0 0 0 0 0
1975 0 0 0 0 0 0
1976 0 0 0 0 0 0
1977 0 0 0 0 0 0
1978 0 0 0 0 0 0
1979 0 0 0 0 0 0
1980 0 0 0 0 0 0
1981 0 0 0 0 0 0
1982 0 0 0 0 0 0
1983 0 0 0 0 0 0
1984 0 0 0 0 0 0
1985 0 0 0 0 0 0
1986 0 0 0 0 0 0
1987 0 0 0 0 0 0
1988 0 0 0 0 0 0
1989 0 0 0 0 0 0
1990 0 0 0 0 0 0
1991 0 0 0 0 0 0
1992 0 0 0 0 0 0
1993 0 0 0 0 0 0
1994 0 0 0 0 0 0
1995 0 0 0 0 0 0
1996 0 0 0 0 0 0
1997 0 0 0 0 0 0
1998 0 0 0 0 0 0
1999 0 0 0 0 0 0
2000 0 0 0 0 0 0
2001 0 0 0 0 0 0
2002 0 0 0 0 0 0
2003 0 0 0 0 0 0
2004 0 0 0 0 0 0
2005 -2 11 -3 -1 3 22
2006 -1 2 1 4 3 -94
2007 -1 -16 2 -12 3 -13
2008 -2 -21 -2 7 3 -18
2009 -2 -72 -3 -3 2 -6
2010 -1 -3 -1 6 3 -2
2011 -1 -1 1 -19 3 -33
2012 -2 -18 -8 6 2 10
2013 -1 -8 1 -67 0 45
2014 -2 -13 -61 -61 -1 62
2015 -3 -112 -63 -17 -5 70
2016 -5 -103 -2 -58 -5 64
2017 -5 -201 -2 -13 -1 59
2018 -4 -167 -1 -2 0 34
2019 -3 -9 0 -7 2 2
2020 -3 -18 -1 -27 2 54
2021 -3 -20 -1 -3 1 -72
2022 -4 -84 -1 -25 -2 -57
2023 -2 -38 -1 -19 -3 -23
2024 0 0 0 0 0 0
Difference for: Central_Am
Year RUS+WAL EAL+BER GOA SEA+NBC SBC+WA OR+CA
1970 0 0 0 0 0 0
1971 0 0 0 0 0 0
1972 0 0 0 0 0 0
1973 0 0 0 0 0 0
1974 0 0 0 0 0 0
1975 0 0 0 0 0 0
1976 0 0 0 0 0 0
1977 0 0 0 0 0 0
1978 0 0 0 0 0 0
1979 0 0 0 0 0 0
1980 0 0 0 0 0 0
1981 0 0 0 0 0 0
1982 0 0 0 0 0 0
1983 0 0 0 0 0 0
1984 0 0 0 0 0 0
1985 0 0 0 0 0 0
1986 0 0 0 0 0 0
1987 0 0 0 0 0 0
1988 0 0 0 0 0 0
1989 0 0 0 0 0 0
1990 0 0 0 0 0 0
1991 0 0 0 0 0 0
1992 0 0 0 0 0 0
1993 0 0 0 0 0 0
1994 0 0 0 0 0 0
1995 0 0 0 0 0 0
1996 0 0 0 0 0 0
1997 0 0 0 0 0 0
1998 0 0 0 0 0 0
1999 0 0 0 0 0 0
2000 0 0 0 0 0 0
2001 0 0 0 0 0 0
2002 0 0 0 0 0 0
2003 0 0 0 0 0 0
2004 0 0 0 0 0 0
2005 0 0 0 0 1 10
2006 0 0 0 0 1 -44
2007 0 0 0 0 1 -6
2008 0 0 0 0 1 -8
2009 0 0 0 0 1 -3
2010 0 0 0 0 1 -1
2011 0 0 0 0 1 -15
2012 0 0 0 0 0 5
2013 0 0 0 0 0 21
2014 0 0 0 0 0 29
2015 0 0 0 0 -1 33
2016 0 0 0 0 -1 30
2017 0 0 0 0 0 28
2018 0 0 0 0 0 16
2019 0 0 0 0 0 1
2020 0 0 0 0 1 25
2021 0 0 0 0 0 -34
2022 0 0 0 0 -1 -27
2023 0 0 0 0 -1 -11
2024 0 0 0 0 0 0

Total survival over time
Values for breeding stock: Asia
Year RUS+WAL EAL+BER GOA SEA+NBC SBC+WA OR+CA
1970 0.996 0.987 0 0 0 0
1971 1.281 1.275 0 0 0 0
1972 1.187 1.216 0 0 0 0
1973 1.177 1.175 0 0 0 0
1974 1.147 1.145 0 0 0 0
1975 1.126 1.125 0 0 0 0
1976 1.109 1.108 0 0 0 0
1977 1.096 1.094 0 0 0 0
1978 1.085 1.083 0 0 0 0
1979 1.076 1.074 0 0 0 0
1980 1.067 1.066 0 0 0 0
1981 1.087 1.086 0 0 0 0
1982 1.101 1.1 0 0 0 0
1983 1.109 1.108 0 0 0 0
1984 1.114 1.113 0 0 0 0
1985 1.115 1.114 0 0 0 0
1986 1.114 1.113 0 0 0 0
1987 1.111 1.11 0 0 0 0
1988 1.107 1.106 0 0 0 0
1989 1.103 1.102 0 0 0 0
1990 1.098 1.097 0 0 0 0
1991 1.096 1.096 0 0 0 0
1992 1.096 1.095 0 0 0 0
1993 1.097 1.096 0 0 0 0
1994 1.098 1.097 0 0 0 0
1995 1.099 1.098 0 0 0 0
1996 1.1 1.099 0 0 0 0
1997 1.1 1.099 0 0 0 0
1998 1.1 1.098 0 0 0 0
1999 1.099 1.097 0 0 0 0
2000 1.098 1.096 0 0 0 0
2001 1.096 1.095 0 0 0 0
2002 1.094 1.093 0 0 0 0
2003 1.093 1.091 0 0 0 0
2004 1.092 1.09 0 0 0 0
2005 1.074 1.105 0 0 0 0
2006 1.085 1.087 0 0 0 0
2007 1.08 1.064 0 0 0 0
2008 1.078 1.061 0 0 0 0
2009 1.077 1.002 0 0 0 0
2010 1.081 1.093 0 0 0 0
2011 1.08 1.087 0 0 0 0
2012 1.075 1.065 0 0 0 0
2013 1.07 1.071 0 0 0 0
2014 1.083 1.079 0 0 0 0
2015 1.036 0.951 0 0 0 0
2016 1.059 0.994 0 0 0 0
2017 1.063 0.892 0 0 0 0
2018 1.063 0.917 0 0 0 0
2019 1.075 1.133 0 0 0 0
2020 1.063 1.082 0 0 0 0
2021 1.059 1.077 0 0 0 0
2022 1.055 0.994 0 0 0 0
2023 1.059 1.059 0 0 0 0
2024 1.064 1.101 0 0 0 0
Values for breeding stock: Hawaii
Year RUS+WAL EAL+BER GOA SEA+NBC SBC+WA OR+CA
1970 1.008 0.999 0.981 0.991 1.006 0
1971 1.293 1.287 1.292 1.283 1.291 0
1972 1.197 1.227 1.228 1.221 1.228 0
1973 1.187 1.185 1.186 1.179 1.185 0
1974 1.157 1.155 1.156 1.15 1.156 0
1975 1.135 1.133 1.134 1.128 1.134 0
1976 1.118 1.116 1.117 1.111 1.116 0
1977 1.104 1.103 1.103 1.098 1.102 0
1978 1.093 1.092 1.092 1.087 1.091 0
1979 1.084 1.083 1.083 1.078 1.082 0
1980 1.077 1.075 1.076 1.071 1.075 0
1981 1.096 1.095 1.095 1.09 1.094 0
1982 1.11 1.109 1.109 1.104 1.108 0
1983 1.119 1.118 1.117 1.113 1.117 0
1984 1.123 1.122 1.121 1.117 1.12 0
1985 1.124 1.123 1.122 1.119 1.122 0
1986 1.123 1.122 1.121 1.117 1.121 0
1987 1.12 1.119 1.118 1.114 1.117 0
1988 1.116 1.115 1.114 1.111 1.114 0
1989 1.111 1.111 1.109 1.108 1.109 0
1990 1.107 1.106 1.105 1.103 1.104 0
1991 1.105 1.104 1.103 1.101 1.103 0
1992 1.105 1.104 1.103 1.1 1.102 0
1993 1.106 1.105 1.103 1.102 1.103 0
1994 1.107 1.106 1.104 1.103 1.104 0
1995 1.108 1.107 1.105 1.104 1.105 0
1996 1.108 1.107 1.106 1.104 1.106 0
1997 1.109 1.107 1.106 1.104 1.107 0
1998 1.108 1.106 1.105 1.103 1.106 0
1999 1.107 1.105 1.104 1.102 1.104 0
2000 1.106 1.104 1.103 1.101 1.103 0
2001 1.104 1.103 1.101 1.099 1.102 0
2002 1.103 1.101 1.099 1.098 1.1 0
2003 1.101 1.099 1.098 1.096 1.098 0
2004 1.1 1.098 1.096 1.095 1.097 0
2005 1.082 1.114 1.07 1.087 1.108 0
2006 1.093 1.095 1.104 1.11 1.106 0
2007 1.088 1.073 1.106 1.04 1.108 0
2008 1.087 1.069 1.076 1.126 1.091 0
2009 1.085 1.01 1.068 1.075 1.1 0
2010 1.09 1.102 1.086 1.109 1.093 0
2011 1.089 1.096 1.098 1.02 1.087 0
2012 1.085 1.075 1.034 1.113 1.09 0
2013 1.086 1.087 1.098 0.876 1.082 0
2014 1.083 1.079 0.751 0.884 1.072 0
2015 1.073 0.985 0.652 1.06 1.06 0
2016 1.065 1 1.202 0.853 1.062 0
2017 1.069 0.897 1.107 1.091 1.071 0
2018 1.071 0.924 1.105 1.125 1.062 0
2019 1.077 1.135 1.108 1.079 1.077 0
2020 1.075 1.094 1.098 0.98 1.068 0
2021 1.072 1.09 1.095 1.114 1.066 0
2022 1.068 1.006 1.087 0.983 1.059 0
2023 1.073 1.073 1.083 1.016 1.05 0
2024 1.078 1.115 1.082 1.116 1.055 0
Values for breeding stock: MX_AR
Year RUS+WAL EAL+BER GOA SEA+NBC SBC+WA OR+CA
1970 1.008 0.999 0.981 0.991 1.006 0.962
1971 1.293 1.287 1.292 1.283 1.291 1.283
1972 1.197 1.227 1.228 1.221 1.228 1.22
1973 1.187 1.185 1.186 1.179 1.185 1.179
1974 1.157 1.155 1.156 1.15 1.156 1.146
1975 1.135 1.133 1.134 1.128 1.134 1.124
1976 1.118 1.116 1.117 1.111 1.116 1.107
1977 1.104 1.103 1.103 1.098 1.102 1.094
1978 1.093 1.092 1.092 1.087 1.091 1.083
1979 1.084 1.083 1.083 1.078 1.083 1.074
1980 1.077 1.075 1.076 1.071 1.075 1.065
1981 1.096 1.095 1.095 1.091 1.094 1.085
1982 1.11 1.109 1.109 1.104 1.108 1.099
1983 1.119 1.118 1.117 1.113 1.117 1.108
1984 1.123 1.122 1.121 1.117 1.121 1.113
1985 1.124 1.123 1.122 1.119 1.122 1.115
1986 1.123 1.122 1.121 1.117 1.121 1.113
1987 1.12 1.119 1.118 1.114 1.117 1.111
1988 1.116 1.115 1.114 1.111 1.114 1.107
1989 1.111 1.111 1.109 1.108 1.109 1.104
1990 1.107 1.106 1.105 1.103 1.104 1.1
1991 1.105 1.104 1.103 1.101 1.103 1.097
1992 1.105 1.104 1.103 1.1 1.102 1.097
1993 1.106 1.105 1.103 1.102 1.103 1.098
1994 1.107 1.106 1.104 1.103 1.104 1.1
1995 1.108 1.107 1.105 1.104 1.105 1.101
1996 1.108 1.107 1.106 1.104 1.106 1.103
1997 1.109 1.107 1.106 1.104 1.107 1.103
1998 1.108 1.106 1.105 1.103 1.106 1.103
1999 1.107 1.106 1.104 1.102 1.104 1.102
2000 1.106 1.104 1.103 1.101 1.103 1.103
2001 1.104 1.103 1.101 1.099 1.102 1.101
2002 1.103 1.101 1.099 1.098 1.1 1.1
2003 1.101 1.099 1.098 1.096 1.098 1.099
2004 1.1 1.098 1.096 1.095 1.097 1.099
2005 1.082 1.114 1.07 1.087 1.108 1.116
2006 1.093 1.095 1.105 1.11 1.106 1.017
2007 1.088 1.073 1.106 1.04 1.108 1.1
2008 1.087 1.069 1.076 1.126 1.091 1.093
2009 1.085 1.01 1.068 1.075 1.1 1.102
2010 1.09 1.102 1.086 1.109 1.093 1.098
2011 1.089 1.096 1.098 1.02 1.087 1.082
2012 1.085 1.075 1.034 1.113 1.09 1.113
2013 1.086 1.087 1.098 0.876 1.082 1.129
2014 1.083 1.079 0.751 0.885 1.073 1.117
2015 1.073 0.985 0.652 1.06 1.06 1.1
2016 1.065 1 1.202 0.853 1.062 1.079
2017 1.069 0.897 1.107 1.091 1.072 1.098
2018 1.071 0.924 1.105 1.125 1.062 1.075
2019 1.077 1.135 1.108 1.079 1.077 1.076
2020 1.075 1.094 1.098 0.98 1.068 1.1
2021 1.072 1.09 1.095 1.114 1.066 1.051
2022 1.068 1.006 1.087 0.983 1.059 1.063
2023 1.073 1.073 1.083 1.016 1.05 1.075
2024 1.078 1.115 1.082 1.116 1.055 1.082
Values for breeding stock: MX_ML
Year RUS+WAL EAL+BER GOA SEA+NBC SBC+WA OR+CA
1970 1.001 0.992 0.974 0.985 0.999 0.956
1971 1.286 1.28 1.285 1.275 1.284 1.276
1972 1.191 1.22 1.222 1.214 1.221 1.214
1973 1.181 1.179 1.18 1.173 1.18 1.173
1974 1.152 1.15 1.151 1.144 1.15 1.141
1975 1.13 1.128 1.129 1.123 1.129 1.119
1976 1.113 1.111 1.112 1.106 1.111 1.102
1977 1.1 1.098 1.099 1.093 1.098 1.089
1978 1.089 1.088 1.088 1.083 1.087 1.078
1979 1.08 1.078 1.079 1.074 1.078 1.069
1980 1.072 1.071 1.071 1.066 1.07 1.061
1981 1.092 1.09 1.091 1.086 1.089 1.08
1982 1.106 1.104 1.104 1.1 1.103 1.094
1983 1.114 1.113 1.113 1.109 1.112 1.103
1984 1.118 1.117 1.117 1.113 1.116 1.109
1985 1.12 1.119 1.118 1.115 1.117 1.11
1986 1.118 1.117 1.116 1.113 1.116 1.109
1987 1.116 1.115 1.114 1.11 1.113 1.107
1988 1.112 1.111 1.11 1.107 1.11 1.103
1989 1.108 1.107 1.106 1.104 1.105 1.1
1990 1.103 1.102 1.101 1.099 1.101 1.097
1991 1.101 1.1 1.099 1.097 1.099 1.093
1992 1.101 1.1 1.099 1.097 1.099 1.093
1993 1.102 1.101 1.1 1.099 1.099 1.094
1994 1.103 1.102 1.101 1.099 1.101 1.096
1995 1.104 1.103 1.102 1.1 1.102 1.098
1996 1.105 1.104 1.103 1.1 1.102 1.099
1997 1.105 1.104 1.103 1.101 1.104 1.1
1998 1.105 1.103 1.102 1.1 1.103 1.099
1999 1.104 1.102 1.101 1.099 1.101 1.098
2000 1.103 1.101 1.1 1.098 1.1 1.1
2001 1.101 1.1 1.098 1.096 1.099 1.098
2002 1.1 1.098 1.096 1.096 1.097 1.097
2003 1.099 1.097 1.095 1.094 1.096 1.096
2004 1.097 1.095 1.093 1.092 1.094 1.096
2005 1.079 1.11 1.067 1.084 1.104 1.113
2006 1.091 1.092 1.102 1.108 1.103 1.015
2007 1.085 1.07 1.103 1.038 1.106 1.097
2008 1.084 1.067 1.073 1.123 1.089 1.09
2009 1.082 1.007 1.065 1.072 1.097 1.099
2010 1.088 1.1 1.083 1.106 1.09 1.095
2011 1.086 1.093 1.095 1.017 1.084 1.079
2012 1.082 1.072 1.031 1.11 1.087 1.11
2013 1.084 1.084 1.095 0.874 1.08 1.126
2014 1.08 1.076 0.749 0.882 1.07 1.114
2015 1.07 0.982 0.65 1.057 1.057 1.097
2016 1.062 0.997 1.199 0.85 1.059 1.076
2017 1.066 0.894 1.104 1.088 1.069 1.095
2018 1.068 0.921 1.102 1.122 1.06 1.073
2019 1.074 1.132 1.105 1.076 1.074 1.073
2020 1.07 1.09 1.094 0.975 1.063 1.095
2021 1.07 1.087 1.093 1.112 1.064 1.049
2022 1.066 1.005 1.085 0.982 1.058 1.061
2023 1.07 1.07 1.08 1.013 1.047 1.071
2024 1.075 1.112 1.079 1.112 1.052 1.079
Values for breeding stock: Central_Am
Year RUS+WAL EAL+BER GOA SEA+NBC SBC+WA OR+CA
1970 0 0 0 0 0.999 0.955
1971 0 0 0 0 1.284 1.276
1972 0 0 0 0 1.222 1.214
1973 0 0 0 0 1.179 1.172
1974 0 0 0 0 1.15 1.14
1975 0 0 0 0 1.128 1.119
1976 0 0 0 0 1.111 1.103
1977 0 0 0 0 1.098 1.089
1978 0 0 0 0 1.086 1.078
1979 0 0 0 0 1.078 1.069
1980 0 0 0 0 1.07 1.061
1981 0 0 0 0 1.089 1.081
1982 0 0 0 0 1.103 1.094
1983 0 0 0 0 1.112 1.103
1984 0 0 0 0 1.116 1.109
1985 0 0 0 0 1.117 1.11
1986 0 0 0 0 1.116 1.109
1987 0 0 0 0 1.113 1.107
1988 0 0 0 0 1.109 1.103
1989 0 0 0 0 1.105 1.1
1990 0 0 0 0 1.1 1.097
1991 0 0 0 0 1.099 1.093
1992 0 0 0 0 1.099 1.093
1993 0 0 0 0 1.099 1.094
1994 0 0 0 0 1.1 1.096
1995 0 0 0 0 1.101 1.097
1996 0 0 0 0 1.102 1.099
1997 0 0 0 0 1.103 1.1
1998 0 0 0 0 1.103 1.099
1999 0 0 0 0 1.101 1.098
2000 0 0 0 0 1.1 1.1
2001 0 0 0 0 1.099 1.098
2002 0 0 0 0 1.097 1.097
2003 0 0 0 0 1.095 1.096
2004 0 0 0 0 1.094 1.096
2005 0 0 0 0 1.105 1.113
2006 0 0 0 0 1.103 1.014
2007 0 0 0 0 1.105 1.097
2008 0 0 0 0 1.089 1.09
2009 0 0 0 0 1.097 1.099
2010 0 0 0 0 1.09 1.095
2011 0 0 0 0 1.085 1.08
2012 0 0 0 0 1.087 1.11
2013 0 0 0 0 1.08 1.126
2014 0 0 0 0 1.07 1.115
2015 0 0 0 0 1.058 1.098
2016 0 0 0 0 1.06 1.076
2017 0 0 0 0 1.069 1.095
2018 0 0 0 0 1.06 1.073
2019 0 0 0 0 1.076 1.075
2020 0 0 0 0 1.065 1.097
2021 0 0 0 0 1.064 1.049
2022 0 0 0 0 1.058 1.061
2023 0 0 0 0 1.048 1.073
2024 0 0 0 0 1.053 1.08

Numbers over time by herd
Values for breeding stock: Asia
Year RUS+WAL EAL+BER GOA SEA+NBC SBC+WA OR+CA
1970 66 11 0 0 0 0
1971 83 14 0 0 0 0
1972 95 17 0 0 0 0
1973 107 19 0 0 0 0
1974 119 21 0 0 0 0
1975 131 23 0 0 0 0
1976 141 25 0 0 0 0
1977 151 26 0 0 0 0
1978 160 28 0 0 0 0
1979 169 29 0 0 0 0
1980 177 31 0 0 0 0
1981 189 33 0 0 0 0
1982 203 35 0 0 0 0
1983 221 38 0 0 0 0
1984 240 42 0 0 0 0
1985 261 45 0 0 0 0
1986 284 49 0 0 0 0
1987 308 53 0 0 0 0
1988 332 57 0 0 0 0
1989 358 62 0 0 0 0
1990 384 66 0 0 0 0
1991 412 71 0 0 0 0
1992 442 76 0 0 0 0
1993 474 82 0 0 0 0
1994 509 88 0 0 0 0
1995 548 94 0 0 0 0
1996 589 101 0 0 0 0
1997 634 109 0 0 0 0
1998 681 117 0 0 0 0
1999 732 125 0 0 0 0
2000 786 134 0 0 0 0
2001 842 144 0 0 0 0
2002 902 154 0 0 0 0
2003 965 164 0 0 0 0
2004 1031 175 0 0 0 0
2005 1101 186 0 0 0 0
2006 1152 202 0 0 0 0
2007 1218 216 0 0 0 0
2008 1282 224 0 0 0 0
2009 1346 231 0 0 0 0
2010 1410 223 0 0 0 0
2011 1485 236 0 0 0 0
2012 1563 250 0 0 0 0
2013 1627 257 0 0 0 0
2014 1724 272 0 0 0 0
2015 1757 277 0 0 0 0
2016 1827 261 0 0 0 0
2017 1881 247 0 0 0 0
2018 1939 210 0 0 0 0
2019 2015 179 0 0 0 0
2020 2091 189 0 0 0 0
2021 2166 197 0 0 0 0
2022 2237 204 0 0 0 0
2023 2300 194 0 0 0 0
2024 2380 195 0 0 0 0
Values for breeding stock: Hawaii
Year RUS+WAL EAL+BER GOA SEA+NBC SBC+WA OR+CA
1970 19 177 84 371 26 0
1971 24 226 108 473 34 0
1972 28 265 127 552 40 0
1973 32 303 145 627 45 0
1974 35 339 163 698 51 0
1975 39 373 179 765 56 0
1976 42 406 195 828 61 0
1977 46 437 210 888 65 0
1978 49 467 225 945 70 0
1979 52 495 238 998 74 0
1980 55 522 252 1048 78 0
1981 59 562 271 1123 84 0
1982 64 610 294 1214 91 0
1983 70 666 321 1321 99 0
1984 77 730 351 1441 109 0
1985 84 800 385 1573 119 0
1986 92 875 421 1715 130 0
1987 101 955 459 1864 142 0
1988 110 1040 499 2022 154 0
1989 119 1128 541 2188 167 0
1990 129 1219 584 2359 180 0
1991 139 1316 630 2539 194 0
1992 151 1421 679 2733 209 0
1993 163 1535 733 2947 226 0
1994 176 1660 792 3179 244 0
1995 191 1797 856 3432 263 0
1996 207 1946 926 3704 285 0
1997 224 2106 1002 3998 308 0
1998 243 2279 1083 4314 333 0
1999 263 2463 1169 4648 360 0
2000 285 2660 1261 5007 388 0
2001 307 2869 1358 5384 418 0
2002 331 3090 1460 5786 450 0
2003 357 3325 1569 6208 484 0
2004 384 3573 1683 6651 519 0
2005 414 3837 1804 7120 555 0
2006 436 4196 1879 7559 604 0
2007 465 4506 2024 8245 661 0
2008 493 4712 2201 8336 713 0
2009 522 4897 2314 9205 773 0
2010 551 4763 2407 9660 831 0
2011 585 5083 2546 10549 890 0
2012 621 5435 2734 10460 959 0
2013 656 5683 2749 11374 1025 0
2014 695 6014 2941 9630 1083 0
2015 734 6323 2159 8016 1137 0
2016 767 6001 1353 7931 1180 0
2017 794 5723 1408 6432 1221 0
2018 825 4883 1492 6417 1268 0
2019 859 4181 1588 6894 1334 0
2020 902 4465 1712 7166 1399 0
2021 945 4708 1821 6641 1472 0
2022 989 4939 1940 7047 1543 0
2023 1030 4753 2047 6546 1593 0
2024 1079 4849 2143 6226 1639 0
Values for breeding stock: MX_AR
Year RUS+WAL EAL+BER GOA SEA+NBC SBC+WA OR+CA
1970 11 62 20 11 3 10
1971 15 79 25 14 3 12
1972 17 92 30 17 4 14
1973 19 105 34 19 4 16
1974 21 118 38 21 5 18
1975 24 130 42 23 5 20
1976 26 141 45 25 6 21
1977 28 152 49 27 6 23
1978 30 163 52 29 7 24
1979 32 172 55 30 7 25
1980 33 182 59 32 8 27
1981 36 196 63 34 8 28
1982 39 212 68 37 9 30
1983 43 232 75 40 10 33
1984 47 254 82 44 10 36
1985 51 279 90 48 11 39
1986 56 305 98 52 13 42
1987 61 333 107 57 14 46
1988 67 362 116 62 15 50
1989 72 393 126 67 16 53
1990 78 425 136 72 17 57
1991 85 458 147 78 19 62
1992 92 495 158 84 20 66
1993 99 535 171 90 22 71
1994 107 578 184 97 24 76
1995 116 626 199 105 25 82
1996 126 678 216 113 27 88
1997 136 734 233 122 30 95
1998 148 794 252 132 32 103
1999 160 858 272 142 35 110
2000 173 927 294 153 37 119
2001 187 1000 316 165 40 128
2002 201 1077 340 177 43 138
2003 217 1158 365 190 47 148
2004 234 1245 392 203 50 159
2005 251 1337 420 218 54 170
2006 265 1462 438 231 58 187
2007 282 1570 471 252 64 185
2008 299 1642 513 255 69 197
2009 317 1706 539 281 75 209
2010 335 1660 561 295 80 223
2011 356 1771 593 323 86 240
2012 377 1894 637 320 92 253
2013 399 1981 640 348 99 275
2014 423 2096 685 294 104 302
2015 446 2204 503 245 110 329
2016 466 2092 315 243 114 354
2017 483 1995 328 197 118 387
2018 501 1702 348 196 122 416
2019 522 1457 370 211 129 446
2020 548 1557 399 219 135 473
2021 575 1641 424 203 142 509
2022 601 1722 452 216 149 525
2023 626 1657 477 200 154 544
2024 656 1691 499 190 158 572
Values for breeding stock: MX_ML
Year RUS+WAL EAL+BER GOA SEA+NBC SBC+WA OR+CA
1970 7 39 7 14 10 84
1971 9 50 9 18 13 106
1972 10 58 10 20 16 124
1973 11 66 12 23 18 140
1974 13 74 13 26 20 154
1975 14 81 14 28 22 168
1976 15 88 16 30 23 180
1977 16 94 17 32 25 192
1978 17 100 18 34 27 202
1979 18 106 19 36 28 212
1980 19 111 20 38 29 220
1981 20 119 21 40 31 234
1982 22 129 23 43 34 250
1983 24 140 25 47 37 270
1984 26 153 27 51 40 292
1985 29 167 30 55 44 316
1986 31 182 32 60 48 342
1987 34 198 35 65 52 370
1988 37 214 38 70 56 398
1989 40 232 41 76 61 428
1990 43 249 44 81 65 458
1991 46 268 47 87 70 489
1992 50 289 51 94 76 523
1993 54 311 55 101 81 560
1994 58 335 59 108 87 600
1995 63 362 64 116 94 644
1996 68 391 69 125 102 692
1997 73 422 74 135 110 743
1998 79 455 80 145 118 799
1999 85 490 86 156 127 857
2000 92 528 92 167 137 921
2001 99 568 99 179 147 988
2002 106 610 106 192 158 1060
2003 114 655 114 206 169 1136
2004 123 702 122 220 181 1217
2005 132 751 130 235 193 1301
2006 138 820 136 249 210 1423
2007 147 878 146 271 229 1402
2008 156 916 158 273 246 1490
2009 164 950 166 301 266 1578
2010 173 921 172 315 285 1681
2011 183 980 181 343 305 1804
2012 194 1045 194 339 328 1895
2013 205 1091 195 367 350 2055
2014 216 1151 208 310 368 2251
2015 228 1206 152 258 385 2448
2016 237 1142 95 254 399 2627
2017 245 1086 99 206 412 2863
2018 254 924 104 204 426 3068
2019 264 789 111 219 447 3278
2020 275 839 119 227 467 3467
2021 288 883 126 210 491 3723
2022 301 925 134 222 513 3829
2023 312 887 141 206 528 3960
2024 326 902 147 195 542 4151
Values for breeding stock: Central_Am
Year RUS+WAL EAL+BER GOA SEA+NBC SBC+WA OR+CA
1970 0 0 0 0 3 40
1971 0 0 0 0 3 50
1972 0 0 0 0 4 58
1973 0 0 0 0 5 66
1974 0 0 0 0 5 73
1975 0 0 0 0 6 79
1976 0 0 0 0 6 85
1977 0 0 0 0 7 90
1978 0 0 0 0 7 95
1979 0 0 0 0 7 100
1980 0 0 0 0 8 104
1981 0 0 0 0 8 110
1982 0 0 0 0 9 118
1983 0 0 0 0 10 127
1984 0 0 0 0 10 138
1985 0 0 0 0 11 149
1986 0 0 0 0 12 161
1987 0 0 0 0 14 174
1988 0 0 0 0 15 187
1989 0 0 0 0 16 201
1990 0 0 0 0 17 216
1991 0 0 0 0 18 230
1992 0 0 0 0 20 246
1993 0 0 0 0 21 263
1994 0 0 0 0 23 282
1995 0 0 0 0 24 303
1996 0 0 0 0 26 325
1997 0 0 0 0 28 350
1998 0 0 0 0 31 376
1999 0 0 0 0 33 403
2000 0 0 0 0 36 433
2001 0 0 0 0 38 465
2002 0 0 0 0 41 498
2003 0 0 0 0 44 534
2004 0 0 0 0 47 572
2005 0 0 0 0 50 612
2006 0 0 0 0 54 669
2007 0 0 0 0 59 659
2008 0 0 0 0 64 700
2009 0 0 0 0 69 741
2010 0 0 0 0 74 790
2011 0 0 0 0 79 848
2012 0 0 0 0 85 890
2013 0 0 0 0 91 966
2014 0 0 0 0 96 1059
2015 0 0 0 0 100 1152
2016 0 0 0 0 104 1237
2017 0 0 0 0 107 1349
2018 0 0 0 0 111 1446
2019 0 0 0 0 117 1548
2020 0 0 0 0 122 1640
2021 0 0 0 0 128 1761
2022 0 0 0 0 134 1810
2023 0 0 0 0 138 1874
2024 0 0 0 0 142 1966

Catch numbers by breeding stock
Year Asia Hawaii MX_AR MX_ML Central_Am
1970 0.9 0 0 1.1 0.3
1971 0.9 0 0 1.2 0.3
1972 1 0 0 1.3 0.3
1973 1.1 0 0 1.3 0.4
1974 1.2 0.1 0 1.4 0.4
1975 1.2 0.1 0 1.5 0.4
1976 1.3 0.1 0 1.6 0.4
1977 1.4 0.1 0 1.6 0.4
1978 1.5 0.1 0 1.7 0.5
1979 1.6 0.1 0 1.8 0.5
1980 1.8 0.1 0 1.9 0.5
1981 1.9 0.1 0 2 0.5
1982 2 0.1 0 2.1 0.6
1983 2.2 0.1 0 2.2 0.6
1984 2.3 0.1 0 2.4 0.6
1985 2.5 0.1 0 2.5 0.7
1986 2.6 0.1 0 2.6 0.7
1987 2.8 0.1 0 2.8 0.7
1988 3 0.1 0 2.9 0.8
1989 3.2 0.1 0 3.1 0.8
1990 3.5 0.2 0 3.2 0.8
1991 3.7 0.2 0 3.4 0.9
1992 4 0.2 0 3.6 0.9
1993 4.3 0.2 0 3.8 1
1994 4.6 0.2 0 4 1
1995 4.9 0.2 0 4.2 1.1
1996 5.2 0.2 0 4.4 1.1
1997 5.6 0.2 0 4.7 1.2
1998 6 0.2 0 4.9 1.2
1999 6.4 0.2 0 5.2 1.3
2000 6.9 0.3 0 5.5 1.4
2001 7.3 0.3 0 5.8 1.4
2002 7.9 0 0 5.8 1.5
2003 8.4 0 0 5.8 1.6
2004 9 0 0 6.7 1.7
2005 9.6 0 0 8.1 1.8
2006 10.3 1 0 6.8 1.8
2007 11.1 0 0 7.7 1.9
2008 11.8 0 0 7.9 2
2009 12.7 0 0 9 2.1
2010 13.6 0 0 9.3 2.2
2011 14.5 0.8 0 10.6 2.4
2012 15.5 0 0 10.9 2.5
2013 28 0 0 10.8 2.6
2014 0 5 0 13 2.7
2015 72 0 0 14.2 2.9
2016 12 0.1 0 14.2 3
2017 12 0.1 0 13.4 3.2
2018 16 0.1 0 13.4 3.3
2019 4 0.4 0 13.4 1.7
2020 26.8 0.4 0 23.8 5
2021 28.6 0.4 0 12.8 4.7
2022 30.7 0.4 0 10.5 3.7
2023 32.8 0.4 0 18.4 4.2
2024 32.8 0.4 0 18.4 4.2

Catch numbers by feeding ground
Year RUS+WAL EAL+BER GOA SEA+NBC SBC+WA OR+CA
1970 0 2.7 3.1 6.8 0.1 6.4
1971 0 1.8 0.1 4 0.1 1.5
1972 4 0.8 0.1 4.1 0.1 1.6
1973 0 0.8 0.1 4.3 0.1 1.7
1974 0 0.8 0.1 4.5 0.1 2.5
1975 0 0.8 0.2 4.7 0.1 2.7
1976 0 0.8 0.2 4.9 0.2 2.9
1977 0 0.8 0.2 5.2 0.2 3.1
1978 0 0.8 0.2 5.4 0.2 3.3
1979 0 1 0.2 5.6 0.2 3.5
1980 0 1 0.2 5.9 0.2 3.9
1981 0 1 0.3 6.1 0.3 4.2
1982 0 1 0.4 6.5 0.3 4.5
1983 0 1 0.4 6.7 0.3 4.8
1984 0 1 0.5 7.1 0.4 4.6
1985 0 1 0.5 6.7 0.4 5
1986 0 1 0.7 7.8 0.4 5.4
1987 0 1 0.7 10 0.5 5.8
1988 0 1.1 0.8 8.5 0.5 6.3
1989 0 0.9 0.8 6.1 0.6 6.1
1990 0 1 0.8 7.4 0.7 5.8
1991 0 1 0.9 8.2 0.7 7.6
1992 0 1.1 0.9 9.8 0.8 8.3
1993 0 1.1 1 7.1 0.9 8.6
1994 0 1.2 1 9.3 1 8.8
1995 0 1.2 1 9.3 1.1 9.6
1996 0 1.2 1.1 12.7 1.2 9.9
1997 0 1.2 1.3 12.7 0.9 10.7
1998 0 3 1.4 14.7 1.2 12
1999 0 2.6 1.4 17.4 1.7 13.5
2000 0 1.2 1.5 14.1 1.5 11.6
2001 0 1.2 1.8 16.4 1.7 13.4
2002 0 2.4 1.9 13.8 1.9 13.7
2003 0 1.4 2 18.9 2.3 16
2004 0 1.4 2.3 22 2.5 15.9
2005 0 1.6 2.3 23.3 5.8 20.1
2006 0 1.6 2.4 22.7 5.3 22.1
2007 0 0.1 7.3 18.4 0 18.1
2008 0 0.1 4.3 19.7 12.4 8.8
2009 0 0.1 4.3 24.1 0 9.8
2010 0 6.1 0.8 44.5 7 24.5
2011 0 3.1 4 28.4 11 11.9
2012 0 4.1 8.8 11.6 0 10
2013 0 0.1 4 31.6 0 4.7
2014 0 0.1 11.8 43.7 7 45.2
2015 0 4.1 12 51 9.1 103.4
2016 0 4.1 4.8 34.8 7.1 150.3
2017 0 4.1 2.1 16.3 11.1 60.3
2018 0 1.1 4 26.6 30.1 111.1
2019 0 4.1 6 27.3 9.1 61
2020 0 1.1 0 24 23 31.2
2021 0 2.2 7 33.7 13 62.4
2022 0 4.3 0.8 22.3 8 56
2023 0 3.6 9.1 40.1 19.2 59.7
2024 0 3.6 9.1 40.1 19.2 59.7
