Stock structure: B1F1; Model type = S4
Mortality impacts feeding grounds
Recuitment related to unfished
Staying rate: 0
Age-at-matrity: 8
Base adult survival: 0
Mirrored survival
Sigma for survival devs: 6
Additional variance estimated
Weight for mark-recapture proportions: 1
Weight for genetics proportions: 1


Total objective fn: 251.805072199825
Negative log-likelihood fn: 61.8830532419785

Natural Survival by feeding ground
RUS+WAL,EAL+BER,GOA,SEA+NBC,SBC+WA,OR+CA
1970 0.94 0.94 0.94 0.94 0.94 0.94
1971 0.94 0.94 0.94 0.94 0.94 0.94
1972 0.94 0.94 0.94 0.94 0.94 0.94
1973 0.94 0.94 0.94 0.94 0.94 0.94
1974 0.94 0.94 0.94 0.94 0.94 0.94
1975 0.94 0.94 0.94 0.94 0.94 0.94
1976 0.94 0.94 0.94 0.94 0.94 0.94
1977 0.94 0.94 0.94 0.94 0.94 0.94
1978 0.94 0.94 0.94 0.94 0.94 0.94
1979 0.94 0.94 0.94 0.94 0.94 0.94
1980 0.94 0.94 0.94 0.94 0.94 0.94
1981 0.94 0.94 0.94 0.94 0.94 0.94
1982 0.94 0.94 0.94 0.94 0.94 0.94
1983 0.94 0.94 0.94 0.94 0.94 0.94
1984 0.94 0.94 0.94 0.94 0.94 0.94
1985 0.94 0.94 0.94 0.94 0.94 0.94
1986 0.94 0.94 0.94 0.94 0.94 0.94
1987 0.94 0.94 0.94 0.94 0.94 0.94
1988 0.94 0.94 0.94 0.94 0.94 0.94
1989 0.94 0.94 0.94 0.94 0.94 0.94
1990 0.94 0.94 0.94 0.94 0.94 0.94
1991 0.94 0.94 0.94 0.94 0.94 0.94
1992 0.94 0.94 0.94 0.94 0.94 0.94
1993 0.94 0.94 0.94 0.94 0.94 0.94
1994 0.94 0.94 0.94 0.94 0.94 0.94
1995 0.94 0.94 0.94 0.94 0.94 0.94
1996 0.94 0.94 0.94 0.94 0.94 0.94
1997 0.94 0.94 0.94 0.94 0.94 0.94
1998 0.94 0.94 0.94 0.94 0.94 0.94
1999 0.94 0.94 0.94 0.94 0.94 0.94
2000 0.94 0.996346 0.990703 0.990703 0.9970729 0.9433973
2001 0.94 0.9963429 0.993099 0.993099 0.9974862 0.9824281
2002 0.94 0.9961546 0.9941944 0.9941944 0.9977083 0.9929498
2003 0.94 0.9934167 0.8830649 0.8830649 0.9977712 0.9901442
2004 0.94 0.9784933 0.9910727 0.9910727 0.9976918 0.9924998
2005 0.94 0.9937219 0.8749983 0.8749983 0.9975436 0.9327109
2006 0.94 0.9511535 0.9926869 0.9926869 0.9976543 0.7855492
2007 0.94 0.885323 0.8746906 0.8746906 0.9969884 0.9828475
2008 0.94 0.9436985 0.994661 0.994661 0.995188 0.9063597
2009 0.94 0.7852663 0.9188232 0.9188232 0.991724 0.9662785
2010 0.94 0.9831576 0.9942616 0.9942616 0.9915097 0.957277
2011 0.94 0.983945 0.8585672 0.8585672 0.992215 0.8521477
2012 0.94 0.9312029 0.9915883 0.9915883 0.9891403 0.9866717
2013 0.94 0.9904994 0.8042746 0.8042746 0.8534912 0.9958663
2014 0.94 0.9901979 0.6751301 0.6751301 0.918868 0.9980125
2015 0.94 0.8581492 0.8793214 0.8793214 0.7943606 0.9984654
2016 0.94 0.8628712 0.7213181 0.7213181 0.9490068 0.9980185
2017 0.94 0.8309718 0.8442468 0.8442468 0.9898144 0.9972056
2018 0.94 0.785669 0.9914228 0.9914228 0.9880955 0.9929963
2019 0.94 0.9867425 0.9476476 0.9476476 0.9883274 0.9064579
2020 0.94 0.9949997 0.632144 0.632144 0.9913519 0.9845665
2021 0.94 0.9401102 0.9400146 0.9400146 0.9849188 0.8366782
2022 0.94 0.9399888 0.9399987 0.9399987 0.9400614 0.9274532
2023 0.94 0.94 0.94 0.94 0.94 0.9403375

Naturak Survival by breeding stock
RUS+WAL,EAL+BER,GOA,SEA+NBC,SBC+WA,OR+CA
1970 0.94 0.94 0.94 0.94
1971 0.94 0.94 0.94 0.94
1972 0.94 0.94 0.94 0.94
1973 0.94 0.94 0.94 0.94
1974 0.94 0.94 0.94 0.94
1975 0.94 0.94 0.94 0.94
1976 0.94 0.94 0.94 0.94
1977 0.94 0.94 0.94 0.94
1978 0.94 0.94 0.94 0.94
1979 0.94 0.94 0.94 0.94
1980 0.94 0.94 0.94 0.94
1981 0.94 0.94 0.94 0.94
1982 0.94 0.94 0.94 0.94
1983 0.94 0.94 0.94 0.94
1984 0.94 0.94 0.94 0.94
1985 0.94 0.94 0.94 0.94
1986 0.94 0.94 0.94 0.94
1987 0.94 0.94 0.94 0.94
1988 0.94 0.94 0.94 0.94
1989 0.94 0.94 0.94 0.94
1990 0.94 0.94 0.94 0.94
1991 0.94 0.94 0.94 0.94
1992 0.94 0.94 0.94 0.94
1993 0.94 0.94 0.94 0.94
1994 0.94 0.94 0.94 0.94
1995 0.94 0.94 0.94 0.94
1996 0.94 0.94 0.94 0.94
1997 0.94 0.94 0.94 0.94
1998 0.94 0.94 0.94 0.94
1999 0.94 0.94 0.94 0.94
2000 0.94 0.94 0.94 0.94
2001 0.94 0.94 0.94 0.94
2002 0.94 0.94 0.94 0.94
2003 0.94 0.94 0.94 0.94
2004 0.94 0.94 0.94 0.94
2005 0.94 0.94 0.94 0.94
2006 0.94 0.94 0.94 0.94
2007 0.94 0.94 0.94 0.94
2008 0.94 0.94 0.94 0.94
2009 0.94 0.94 0.94 0.94
2010 0.94 0.94 0.94 0.94
2011 0.94 0.94 0.94 0.94
2012 0.94 0.94 0.94 0.94
2013 0.94 0.94 0.94 0.94
2014 0.94 0.94 0.94 0.94
2015 0.94 0.94 0.94 0.94
2016 0.94 0.94 0.94 0.94
2017 0.94 0.94 0.94 0.94
2018 0.94 0.94 0.94 0.94
2019 0.94 0.94 0.94 0.94
2020 0.94 0.94 0.94 0.94
2021 0.94 0.94 0.94 0.94
2022 0.94 0.94 0.94 0.94
2023 0.94 0.94 0.94 0.94

Fecundity by feeding ground
RUS+WAL,EAL+BER,GOA,SEA+NBC,SBC+WA,OR+CA
1970 0.9600331 0.9619427 0.9617776 0.9612205 0.9627237 0.9648968
1971 0.9600331 0.9619427 0.9617776 0.9612205 0.9627237 0.9648968
1972 0.9600331 0.9619427 0.9617776 0.9612205 0.9627237 0.9648968
1973 0.9600331 0.9619427 0.9617776 0.9612205 0.9627237 0.9648968
1974 0.9600331 0.9619427 0.9617776 0.9612205 0.9627237 0.9648968
1975 0.9600331 0.9619427 0.9617776 0.9612205 0.9627237 0.9648968
1976 0.9600331 0.9619427 0.9617776 0.9612205 0.9627237 0.9648968
1977 0.9600331 0.9619427 0.9617776 0.9612205 0.9627237 0.9648968
1978 0.9600331 0.9619427 0.9617776 0.9612205 0.9627237 0.9648968
1979 0.9578204 0.9600293 0.9597887 0.9592282 0.9609261 0.963546
1980 0.9561949 0.958207 0.95792 0.9573582 0.9592373 0.9622832
1981 0.9542318 0.9564946 0.9561634 0.9556058 0.9576521 0.9611071
1982 0.9523968 0.9548873 0.9545141 0.9539655 0.9561637 0.9600484
1983 0.9506725 0.9533777 0.9529716 0.9524291 0.9547657 0.9590659
1984 0.9490618 0.9519604 0.9515225 0.9509904 0.9534799 0.9581549
1985 0.9475573 0.9506284 0.9501604 0.9496461 0.9522712 0.95731
1986 0.9461532 0.9493781 0.9488808 0.9483879 0.9511384 0.9565335
1987 0.9448434 0.9482095 0.9476789 0.9472107 0.9500745 0.9558163
1988 0.9431223 0.9466704 0.9460901 0.9456523 0.948659 0.9548514
1989 0.9411417 0.9448056 0.9441742 0.9437628 0.9469668 0.9536695
1990 0.9388413 0.9426612 0.9419781 0.941596 0.9450148 0.9523095
1991 0.936281 0.9402798 0.9395378 0.9391902 0.9428396 0.9508048
1992 0.9334939 0.9377003 0.9369012 0.9365903 0.9405046 0.9491547
1993 0.9305298 0.9349554 0.9340946 0.9338095 0.9380199 0.9474231
1994 0.9274149 0.9320751 0.931163 0.9309212 0.9354105 0.9456253
1995 0.924192 0.9290885 0.9281202 0.9279817 0.93273 0.9437824
1996 0.920889 0.9260223 0.9249973 0.9249139 0.9299731 0.9419208
1997 0.9174205 0.9227926 0.9217069 0.9216168 0.9270915 0.9399412
1998 0.9137497 0.9193448 0.9181874 0.9181318 0.9240312 0.9377948
1999 0.9098106 0.9156292 0.914399 0.9143957 0.9207216 0.9355782
2000 0.9055747 0.9116147 0.9102992 0.9103946 0.9171548 0.9331957
2001 0.9010133 0.9072758 0.9058736 0.9059895 0.9133156 0.9306079
2002 0.8961116 0.9026015 0.9011008 0.9012997 0.9091876 0.9277992
2003 0.8908618 0.8975838 0.8959786 0.8962638 0.9047662 0.9248089
2004 0.8852665 0.8922244 0.8905151 0.8909866 0.9000546 0.9216058
2005 0.8793749 0.8866168 0.8847797 0.885379 0.8950123 0.9183103
2006 0.8731466 0.8807111 0.8786998 0.8794603 0.8897395 0.914855
2007 0.8665659 0.8744302 0.8722471 0.8732339 0.8842739 0.9112324
2008 0.8596145 0.8677208 0.865401 0.8665123 0.8783872 0.907244
2009 0.8522435 0.8538241 0.8519195 0.8532603 0.8659896 0.9028215
2010 0.844435 0.8381371 0.8364327 0.8379312 0.8519243 0.8949188
2011 0.836147 0.8203968 0.8188118 0.8206189 0.8360362 0.885223
2012 0.8273698 0.8008565 0.8184781 0.8204639 0.8180662 0.8745125
2013 0.8180829 0.7818197 0.7992122 0.8016291 0.7986261 0.8624056
2014 0.8082611 0.7574133 0.8005362 0.8031253 0.7763399 0.8563522
2015 0.7979224 0.7404346 0.7792203 0.7818226 0.7496055 0.8694107
2016 0.7870537 0.7396546 0.7810539 0.7836406 0.7231212 0.8572586
2017 0.7756519 0.7235903 0.75685 0.7598637 0.6900919 0.8539466
2018 0.7637381 0.751741 0.7482647 0.7522699 0.6564174 0.8433584
2019 0.7512483 0.7274949 0.7208017 0.7253619 0.6201822 0.8323981
2020 0.7381641 0.7008489 0.729411 0.7331211 0.5766429 0.8374034
2021 0.7255541 0.6879379 0.7005455 0.7049502 0.530133 0.8213527
2022 0.7096014 0.6558911 0.7270307 0.7310726 0.5493525 0.8044325
2023 0.6996533 0.6215688 0.786576 0.7899363 0.5380827 0.7881833

Total abundance: Estimate SD_log
1970 1388.302 0.06860047
1971 1605.464 0.06312831
1972 1820.406 0.05890964
1973 2019.255 0.05590308
1974 2209.464 0.05352806
1975 2387.038 0.05169305
1976 2553.394 0.05023087
1977 2709.11 0.0490461
1978 2854.92 0.04807033
1979 2991.322 0.04725833
1980 3171.672 0.04580104
1981 3389 0.04398668
1982 3638.887 0.04200989
1983 3915.955 0.04003687
1984 4215.991 0.0381672
1985 4535.016 0.03645891
1986 4869.673 0.03493652
1987 5215.257 0.03361544
1988 5567.757 0.03249237
1989 5939.795 0.03145435
1990 6340.144 0.03046263
1991 6770.357 0.02953918
1992 7233.062 0.02870995
1993 7731.265 0.02800236
1994 8271.014 0.02743071
1995 8848.053 0.02703597
1996 9463.296 0.02682547
1997 10113.47 0.026804
1998 10797.35 0.02696569
1999 11518.7 0.02729414
2000 12281.49 0.0277766
2001 13713.61 0.02844717
2002 15387.75 0.02914257
2003 17297.85 0.03007666
2004 18421.14 0.02671235
2005 20532.49 0.02236879
2006 21700.41 0.02776134
2007 23425.83 0.05088478
2008 23773.12 0.05462264
2009 25919.88 0.05132048
2010 25672.94 0.04214566
2011 28446.41 0.0398997
2012 29256.27 0.04112215
2013 31813.62 0.03630901
2014 32150.1 0.04633712
2015 31021.58 0.04112494
2016 30565.69 0.04504045
2017 28915.74 0.04692151
2018 28410.42 0.03955133
2019 28592.92 0.03482666
2020 30640.99 0.03403737
2021 30395.28 0.03425452
2022 31298.39 0.1774034
2023 32730.6 0.2486689
2024 34210.92 0.3107815

Breeding stock abundance: Estimate SD_log Estimate/K
Asia
1970 96.04405 0.09555707 1.987112
1971 111.6211 0.0911058 2.309396
1972 126.2884 0.08806176 2.612856
1973 137.4302 0.08746817 2.843376
1974 150.3883 0.08567067 3.111472
1975 162.4749 0.08433132 3.36154
1976 173.8365 0.08326978 3.596606
1977 184.4224 0.0824526 3.815624
1978 194.2792 0.08181926 4.019558
1979 203.4507 0.08132778 4.209312
1980 215.5676 0.08034588 4.460005
1981 229.4894 0.07938812 4.748042
1982 245.6328 0.07823796 5.082042
1983 263.6407 0.07703053 5.454619
1984 283.1214 0.07587244 5.857667
1985 303.8842 0.0747883 6.287239
1986 325.5747 0.07382862 6.736008
1987 348.0601 0.07297888 7.201222
1988 371.0374 0.07225869 7.676613
1989 395.104 0.07159082 8.174541
1990 420.6149 0.07096817 8.702351
1991 447.8589 0.07038047 9.266019
1992 477.1976 0.06980959 9.873025
1993 508.7298 0.06927482 10.52541
1994 542.5559 0.06878921 11.22526
1995 578.7271 0.06836413 11.97363
1996 617.2205 0.06801322 12.77004
1997 657.9648 0.06774678 13.61302
1998 700.9245 0.0675755 14.50184
1999 746.1598 0.06750341 15.43774
2000 793.9222 0.0675281 16.42593
2001 851.3197 0.06750129 17.61346
2002 913.0514 0.06763381 18.89066
2003 979.2785 0.06795645 20.26087
2004 1050.118 0.06845198 21.72651
2005 1123.254 0.06886133 23.23966
2006 1204.665 0.06977618 24.92403
2007 1281.43 0.07384491 26.51226
2008 1344.797 0.07486918 27.82331
2009 1426.489 0.07573017 29.51348
2010 1467.158 0.07540186 30.3549
2011 1562.649 0.0767981 32.33057
2012 1663.705 0.07872802 34.42138
2013 1754.193 0.08024489 36.29355
2014 1855.756 0.08302397 38.39484
2015 1991.123 0.08489898 41.19552
2016 2015.004 0.09028638 41.6896
2017 2104.718 0.09357365 43.54575
2018 2186.389 0.09724053 45.2355
2019 2255.528 0.1024856 46.66595
2020 2399.639 0.1060535 49.64755
2021 2528.988 0.1109174 52.32373
2022 2642.228 0.124977 54.66661
2023 2758.14 0.1384259 57.0648
Hawaii
1970 813.8676 0.07001283 1.700863
1971 944.0982 0.06467917 1.973025
1972 1071.406 0.06070403 2.239081
1973 1190.833 0.05783113 2.488664
1974 1303.542 0.05564929 2.724211
1975 1409.218 0.05396435 2.945057
1976 1508.309 0.0526309 3.152142
1977 1601.228 0.05155466 3.34633
1978 1688.307 0.05067343 3.528312
1979 1769.983 0.04994008 3.699003
1980 1877.786 0.04864297 3.924295
1981 2008.1 0.04703469 4.196632
1982 2157.798 0.04531441 4.509479
1983 2323.78 0.04362934 4.856355
1984 2503.629 0.0420637 5.232215
1985 2694.657 0.04066846 5.631435
1986 2895.543 0.03944847 6.051257
1987 3102.878 0.03842113 6.484555
1988 3314.094 0.0375798 6.925965
1989 3537.982 0.03681343 7.393859
1990 3779.679 0.03609368 7.89897
1991 4038.756 0.0354588 8.440402
1992 4318.234 0.03491796 9.02447
1993 4618.935 0.03449729 9.652891
1994 4945.785 0.03418775 10.33596
1995 5294.431 0.03403414 11.06458
1996 5666.47 0.03402706 11.84208
1997 6058.681 0.03417439 12.66175
1998 6475.583 0.03444437 13.53301
1999 6915.437 0.0348427 14.45224
2000 7380.622 0.03536163 15.42441
2001 8308.548 0.03648439 17.36364
2002 9365.911 0.03834279 19.57337
2003 10567.26 0.03979382 22.084
2004 11029.03 0.03361677 23.04905
2005 12336.12 0.02949743 25.78066
2006 12829.11 0.03545908 26.81094
2007 14211.01 0.04973626 29.6989
2008 14223.82 0.05254935 29.72567
2009 15723.12 0.04956553 32.85899
2010 15618.5 0.04454463 32.64036
2011 17429.87 0.04335633 36.42585
2012 17709 0.04170532 37.00918
2013 19395.6 0.04063481 40.53393
2014 18882.15 0.06105857 39.4609
2015 16969.21 0.04561323 35.46313
2016 16489.75 0.0486908 34.46113
2017 14761.72 0.0533265 30.8498
2018 14048.93 0.04718248 29.36019
2019 14132.2 0.04148307 29.53421
2020 15252.41 0.03971864 31.87529
2021 13873.1 0.0512664 28.99272
2022 14573.5 0.2290551 30.45646
2023 15272.39 0.3206813 31.91704
Mexico
1970 418.6319 0.07873868 1.432816
1971 482.5748 0.07421015 1.651668
1972 546.9247 0.07053711 1.871914
1973 607.1399 0.06790938 2.078007
1974 664.2251 0.06588814 2.273388
1975 717.2963 0.0643704 2.45503
1976 766.9298 0.06318158 2.624907
1977 813.3242 0.06223465 2.783697
1978 856.7975 0.06146111 2.932489
1979 897.4361 0.06082757 3.07158
1980 951.1767 0.05965843 3.255513
1981 1016.121 0.05819431 3.477794
1982 1090.784 0.05661173 3.733334
1983 1173.579 0.0550514 4.01671
1984 1263.18 0.05359441 4.323382
1985 1358.496 0.05227842 4.649612
1986 1458.282 0.05112602 4.99114
1987 1561.423 0.05013768 5.344153
1988 1666.9 0.04930513 5.70516
1989 1777.687 0.04854812 6.084339
1990 1896.444 0.04782566 6.490801
1991 2024.642 0.04713485 6.929572
1992 2162.164 0.04651696 7.400257
1993 2310.473 0.04597159 7.907864
1994 2470.525 0.04551117 8.455659
1995 2642.222 0.04515111 9.043312
1996 2825.229 0.04490543 9.669675
1997 3019.372 0.04477131 10.33415
1998 3219.072 0.04482787 11.01765
1999 3429.758 0.04498587 11.73874
2000 3652.942 0.0452406 12.50262
2001 4066.406 0.0463855 13.91775
2002 4566.448 0.04539498 15.6292
2003 5141.498 0.0453793 17.59737
2004 5658.361 0.04580259 19.3664
2005 6304.432 0.04281771 21.57765
2006 6850.618 0.04712893 23.44704
2007 7188.956 0.08250304 24.60504
2008 7375.592 0.08717579 25.24382
2009 7907.924 0.08335202 27.06579
2010 7638.967 0.06974324 26.14525
2011 8426.098 0.06626502 28.8393
2012 8870.276 0.06909027 30.35955
2013 9533.47 0.05983655 32.62941
2014 10169.66 0.06049858 34.80686
2015 10691.69 0.06346545 36.59354
2016 10589.89 0.06842591 36.24512
2017 10444.92 0.06760429 35.74897
2018 10376.52 0.05928891 35.51483
2019 10217.3 0.05377159 34.9699
2020 10939.83 0.05419407 37.44283
2021 11710.96 0.05330914 40.08214
2022 11897.65 0.1991776 40.72109
2023 12423.48 0.2758025 42.52079
Central_Am
1970 59.75821 0.09502221 0.9401465
1971 67.16956 0.0926733 1.056746
1972 75.78616 0.09029647 1.192306
1973 83.8526 0.08862784 1.319212
1974 91.30828 0.08749459 1.436508
1975 98.04909 0.08669658 1.542558
1976 104.3191 0.08608222 1.641201
1977 110.1352 0.08560619 1.732703
1978 115.5359 0.08522762 1.81767
1979 120.4526 0.08498892 1.895021
1980 127.1419 0.08437912 2.000261
1981 135.2889 0.08356794 2.128433
1982 144.6723 0.08269919 2.276059
1983 154.9559 0.08191277 2.437844
1984 166.0603 0.08119432 2.612545
1985 177.9776 0.08055873 2.800033
1986 190.2723 0.08006351 2.993461
1987 202.8952 0.07966542 3.19205
1988 215.7257 0.07935449 3.393906
1989 229.0222 0.07911609 3.603093
1990 243.406 0.07888918 3.829386
1991 259.1002 0.07868466 4.076296
1992 275.4664 0.07855496 4.333777
1993 293.1268 0.07846791 4.61162
1994 312.1483 0.07846232 4.910875
1995 332.6725 0.07851737 5.233773
1996 354.3764 0.07866298 5.57523
1997 377.455 0.07887672 5.938314
1998 401.7704 0.07917256 6.320856
1999 427.3446 0.07953726 6.723202
2000 454.0085 0.07999677 7.142692
2001 487.3335 0.09510768 7.666978
2002 542.3384 0.08707066 8.532342
2003 609.8176 0.08658165 9.59396
2004 683.6278 0.08690235 10.75518
2005 768.6903 0.08830375 12.09343
2006 816.0149 0.1166329 12.83796
2007 744.4334 0.1044202 11.7118
2008 828.9115 0.10475 13.04086
2009 862.3488 0.1091845 13.56691
2010 948.3122 0.1046019 14.91933
2011 1027.797 0.1090143 16.16983
2012 1013.292 0.08541784 15.94163
2013 1130.361 0.07874038 17.78342
2014 1242.526 0.08119111 19.54805
2015 1369.568 0.08106262 21.54674
2016 1471.052 0.08054941 23.14334
2017 1604.381 0.08000105 25.24094
2018 1798.582 0.0805007 28.2962
2019 1987.893 0.08260667 31.27454
2020 2049.109 0.09024573 32.23762
2021 2282.229 0.09042532 35.90518
2022 2185.009 0.1088565 34.37567
2023 2276.595 0.1088836 35.81654

Feeding stock abundance: Estimate SD_log Estimate/K
RUS+WAL
1970 119.1802 0.1133472 1.820534
1971 139.0997 0.1091431 2.124812
1972 157.7329 0.1063726 2.409443
1973 171.4055 0.1067306 2.618299
1974 187.9244 0.1049798 2.870632
1975 203.4472 0.1036328 3.107751
1976 217.9477 0.1026019 3.329253
1977 231.4914 0.1018007 3.536139
1978 244.1316 0.1011712 3.729224
1979 255.9224 0.1006737 3.909333
1980 271.4161 0.099773 4.146008
1981 289.2467 0.09900357 4.418378
1982 309.9554 0.09803791 4.734713
1983 333.0042 0.09702116 5.086795
1984 358.0945 0.09600561 5.47006
1985 384.7781 0.09506121 5.877665
1986 412.8192 0.09419462 6.306006
1987 441.8333 0.09343221 6.749209
1988 471.5678 0.09277246 7.203418
1989 502.7922 0.09214998 7.680386
1990 535.8381 0.09159018 8.185176
1991 571.2983 0.09105215 8.726847
1992 609.4317 0.09054209 9.309353
1993 650.4942 0.09006067 9.936602
1994 694.621 0.08961784 10.61066
1995 741.8815 0.08922321 11.33258
1996 792.2526 0.08888831 12.10203
1997 845.2898 0.08861259 12.9122
1998 901.3594 0.08841495 13.76868
1999 960.601 0.08830057 14.67363
2000 1023.179 0.08827818 15.62954
2001 1089.535 0.08833881 16.64315
2002 1159.83 0.08850253 17.71694
2003 1234.441 0.0887728 18.85666
2004 1313.456 0.08916206 20.06365
2005 1397.06 0.08968609 21.34074
2006 1485.478 0.09036305 22.69137
2007 1578.551 0.09120898 24.11309
2008 1676.394 0.09224964 25.6077
2009 1779.037 0.09349637 27.17561
2010 1886.288 0.09499576 28.81393
2011 1998.725 0.09672748 30.53146
2012 2116.513 0.09871852 32.33072
2013 2230.032 0.1013458 34.06478
2014 2373.644 0.1034084 36.25851
2015 2463.199 0.1078121 37.62651
2016 2611.098 0.1108032 39.88574
2017 2764.561 0.1141989 42.22995
2018 2919.828 0.1181339 44.60173
2019 3090.801 0.1221513 47.21342
2020 3245.869 0.1272932 49.58216
2021 3404.907 0.1329129 52.01153
2022 3566.922 0.1390239 54.48639
2023 3732.69 0.1457378 57.01858
EAL+BER
1970 451.4716 0.1024108 1.567308
1971 526.3663 0.0982796 1.827309
1972 597.5482 0.09538516 2.074421
1973 665.3813 0.09320127 2.309907
1974 729.0508 0.09158838 2.530939
1975 788.8479 0.0903546 2.738528
1976 844.991 0.08938596 2.933432
1977 897.7508 0.08860603 3.11659
1978 947.2788 0.08796947 3.288529
1979 993.7686 0.08744235 3.449921
1980 1054.734 0.08654699 3.661566
1981 1128.605 0.08542154 3.918014
1982 1213.548 0.08421432 4.212898
1983 1307.877 0.08302767 4.540365
1984 1410.059 0.08192276 4.895094
1985 1518.788 0.08092703 5.272553
1986 1632.881 0.08004888 5.668633
1987 1751.186 0.07928701 6.079335
1988 1872.743 0.07863312 6.501329
1989 2000.479 0.07803743 6.94477
1990 2137.153 0.07746249 7.419241
1991 2284.333 0.07691489 7.930184
1992 2443.455 0.07639648 8.482586
1993 2615.328 0.0759206 9.07925
1994 2800.582 0.07549491 9.722372
1995 2999.342 0.07513067 10.41238
1996 3211.639 0.07483083 11.14938
1997 3433.766 0.07463314 11.9205
1998 3669.499 0.07449461 12.73886
1999 3917.899 0.07444573 13.6012
2000 4182.269 0.07443959 14.51897
2001 4732.743 0.07407842 16.42997
2002 5355.333 0.07374504 18.59133
2003 6057.056 0.07349883 21.02739
2004 6831.085 0.07289267 23.71448
2005 7585.365 0.0610568 26.333
2006 8552.145 0.06321013 29.68923
2007 9223.203 0.1373762 32.01884
2008 9254.099 0.1482849 32.1261
2009 9890.434 0.1425858 34.33517
2010 8781.337 0.123863 30.48488
2011 9738.766 0.116206 33.80865
2012 10795.26 0.1165754 37.47634
2013 11302.69 0.09909511 39.2379
2014 12572.12 0.09664741 43.64479
2015 13935.69 0.09637971 48.37849
2016 13379.6 0.1078096 46.44801
2017 12933.75 0.1085643 44.9002
2018 12025.36 0.0997869 41.74669
2019 10630.47 0.09706976 36.90424
2020 11754.16 0.09390939 40.80519
2021 13063.19 0.09431173 45.34957
2022 13708.93 0.3712896 47.5913
2023 14312.54 0.5177201 49.68677
GOA
1970 166.5367 0.08631387 1.610617
1971 191.8171 0.08317349 1.855109
1972 218.3884 0.08005385 2.112087
1973 243.3651 0.07786463 2.353643
1974 266.8168 0.07626053 2.580449
1975 288.8492 0.07504178 2.79353
1976 309.4535 0.07411212 2.9928
1977 328.8214 0.07336855 3.180111
1978 347.0151 0.0727633 3.356067
1979 364.105 0.07226284 3.521347
1980 386.6963 0.07138967 3.739833
1981 414.0387 0.07032897 4.004268
1982 445.3638 0.06923983 4.307221
1983 480.0634 0.06821326 4.642809
1984 517.6527 0.06728972 5.006344
1985 557.5588 0.06650137 5.392286
1986 599.4426 0.06583661 5.797354
1987 642.708 0.06530655 6.215784
1988 687.2125 0.06487505 6.646198
1989 733.9988 0.06450862 7.09868
1990 784.042 0.06418587 7.58266
1991 838.0086 0.06390967 8.104584
1992 896.3031 0.0636947 8.668364
1993 959.3311 0.06354476 9.277923
1994 1027.194 0.06347357 9.934242
1995 1100.027 0.06348082 10.63862
1996 1177.811 0.06356557 11.3909
1997 1259.563 0.06372857 12.18154
1998 1346.112 0.06396802 13.01858
1999 1437.863 0.06427404 13.90592
2000 1535.306 0.06464121 14.84832
2001 1727.299 0.06484598 16.70513
2002 1947.605 0.06622456 18.83575
2003 2198.254 0.0675109 21.25985
2004 2203.299 0.06598848 21.30864
2005 2477.239 0.06283797 23.95798
2006 2458.513 0.07168402 23.77687
2007 2766.502 0.07176083 26.75551
2008 2737.43 0.06732741 26.47434
2009 3081.582 0.06608981 29.80273
2010 3200.156 0.07129724 30.94948
2011 3593.849 0.07198082 34.75698
2012 3476.236 0.06553841 33.61951
2013 3881.87 0.07058177 37.5425
2014 3513.08 0.1109211 33.97584
2015 2666.612 0.07172445 25.78945
2016 2627.482 0.0729576 25.41101
2017 2131.978 0.07844126 20.61887
2018 2020.518 0.08271051 19.54092
2019 2245.792 0.07812123 21.71959
2020 2376.071 0.07269466 22.97956
2021 1684.486 0.1613995 16.29108
2022 1763.379 0.3945653 17.05406
2023 1860.47 0.5342088 17.99306
SEA+NBC
1970 456.9853 0.07774974 1.682287
1971 528.6087 0.07389015 1.945952
1972 598.5606 0.07100751 2.203464
1973 664.2215 0.06899181 2.445179
1974 725.6962 0.06753434 2.671484
1975 783.2884 0.06644497 2.883496
1976 837.2309 0.06561101 3.082073
1977 887.749 0.0649606 3.268044
1978 934.9479 0.06445255 3.441796
1979 979.1207 0.06404656 3.604408
1980 1037.637 0.06326985 3.819823
1981 1108.421 0.06231066 4.080396
1982 1189.762 0.06130864 4.379834
1983 1279.829 0.06037021 4.711396
1984 1377.35 0.05953809 5.070397
1985 1480.826 0.05884221 5.451321
1986 1589.819 0.05825594 5.852553
1987 1701.823 0.05782356 6.264871
1988 1814.922 0.05755504 6.68122
1989 1935.687 0.05729117 7.125786
1990 2067.17 0.05700953 7.609813
1991 2207.531 0.05681984 8.12652
1992 2358.592 0.05671132 8.682615
1993 2520.445 0.05670832 9.27844
1994 2697.835 0.05672326 9.931459
1995 2885.952 0.0568703 10.62397
1996 3086.482 0.05710711 11.36218
1997 3295.955 0.05747298 12.1333
1998 3519.048 0.05789287 12.95457
1999 3754.337 0.05840082 13.82073
2000 4002.122 0.05900388 14.7329
2001 4499.452 0.06114313 16.5637
2002 5069.474 0.06424534 18.66211
2003 5721.279 0.06637531 21.06158
2004 5730.17 0.05550802 21.09431
2005 6435.047 0.05218309 23.68915
2006 6378.554 0.06423205 23.48119
2007 7170.02 0.06473594 26.39478
2008 7103.407 0.06056217 26.14956
2009 7995.997 0.05916168 29.43543
2010 8300.064 0.06433557 30.55478
2011 9289.119 0.06529418 34.19576
2012 8982.472 0.05750772 33.06691
2013 10054.8 0.06304278 37.01444
2014 9091.504 0.1053239 33.46829
2015 6899.222 0.06272494 25.3979
2016 6789.26 0.06290552 24.9931
2017 5500.511 0.06872271 20.24887
2018 5212.036 0.0715422 19.18691
2019 5784.668 0.06613505 21.29493
2020 6119.338 0.0575396 22.52694
2021 4331.337 0.1587952 15.94482
2022 4527.254 0.3937477 16.66605
2023 4767.613 0.5347855 17.55088
SBC+WA
1970 38.71972 0.09263824 1.454293
1971 45.30136 0.08672644 1.701496
1972 51.48436 0.08263681 1.933727
1973 57.28806 0.07965789 2.151711
1974 62.73741 0.07739884 2.356386
1975 67.85601 0.07563187 2.548638
1976 72.6637 0.07421624 2.729212
1977 77.08881 0.07314714 2.895417
1978 81.2364 0.0722626 3.051198
1979 85.13141 0.07151752 3.197493
1980 90.31411 0.07013099 3.392153
1981 96.60957 0.06836253 3.628607
1982 103.7564 0.06648658 3.89704
1983 111.7204 0.06457513 4.196163
1984 120.3694 0.06272804 4.521016
1985 129.4665 0.06106278 4.862697
1986 139.0201 0.05954331 5.221527
1987 148.9338 0.05817721 5.59388
1988 159.0276 0.05699438 5.972998
1989 169.6779 0.05585272 6.373015
1990 180.9823 0.05474524 6.797604
1991 193.0996 0.05365092 7.252725
1992 206.2585 0.05254599 7.746966
1993 220.4148 0.05148215 8.27867
1994 235.6284 0.0504773 8.850085
1995 251.9161 0.04955026 9.461842
1996 269.2666 0.04872086 10.11352
1997 287.4275 0.04799843 10.79563
1998 307.0325 0.04732384 11.53199
1999 327.5434 0.04679116 12.30237
2000 348.8961 0.04640916 13.10436
2001 394.4867 0.04568515 14.81672
2002 446.1833 0.04527066 16.75842
2003 504.7535 0.04506999 18.95829
2004 570.746 0.04505021 21.43694
2005 645.2207 0.04519355 24.23416
2006 726.3161 0.04571567 27.28007
2007 818.897 0.0463728 30.75736
2008 928.2625 0.04702355 34.86507
2009 1036.791 0.04894899 38.94135
2010 1167.081 0.05225791 43.83499
2011 1303.747 0.05659559 48.96809
2012 1452.155 0.06123121 54.54222
2013 1622.439 0.07094551 60.93799
2014 1559.142 0.1593021 58.5606
2015 1602.361 0.1592363 60.18386
2016 1419.458 0.1369144 53.31415
2017 1498.35 0.06544789 56.27729
2018 1641.863 0.05998128 61.66754
2019 1772.702 0.05689401 66.58182
2020 1931.168 0.05639852 72.53371
2021 2087.947 0.05897908 78.42225
2022 2245.594 0.07121163 84.34337
2023 2322.984 0.1117645 87.25012
OR+CA
1970 153.1082 0.06285002 1.201942
1971 171.8706 0.05924331 1.349231
1972 194.0913 0.05526411 1.52367
1973 214.7938 0.05238352 1.686191
1974 234.1385 0.0502095 1.838052
1975 251.5496 0.0486506 1.974734
1976 267.7071 0.04743004 2.101575
1977 282.7088 0.04645813 2.219342
1978 296.5099 0.04569312 2.327685
1979 309.2743 0.04507623 2.427888
1980 326.575 0.04379768 2.563704
1981 347.5791 0.04215038 2.728592
1982 371.7018 0.0403553 2.917962
1983 398.3611 0.0385888 3.127245
1984 427.0664 0.03695063 3.352589
1985 457.7985 0.0354641 3.593845
1986 489.6914 0.03419485 3.844213
1987 522.3728 0.03314331 4.100771
1988 555.4836 0.0322985 4.3607
1989 589.9603 0.03157076 4.631351
1990 627.2586 0.03089377 4.924153
1991 667.8863 0.03028309 5.243093
1992 710.3212 0.02985303 5.576218
1993 755.9525 0.02957972 5.934437
1994 805.3534 0.02947915 6.322247
1995 858.5342 0.02957468 6.739731
1996 914.9442 0.02988972 7.182565
1997 973.4713 0.03040856 7.642019
1998 1035.299 0.03111924 8.127381
1999 1100.256 0.0320232 8.637317
2000 1168.221 0.03312129 9.170859
2001 1247.49 0.06698265 9.793145
2002 1386.224 0.05250686 10.88224
2003 1558.367 0.05149729 12.23361
2004 1745.884 0.05227909 13.70567
2005 1962.163 0.05468039 15.40352
2006 2070.201 0.105041 16.25165
2007 1837.453 0.0837583 14.42452
2008 2041.024 0.08423064 16.0226
2009 2100.04 0.09277583 16.48589
2010 2300.215 0.08595768 18.05732
2011 2479.607 0.0938116 19.4656
2012 2390.029 0.05389419 18.76239
2013 2665.892 0.03623928 20.92799
2014 3002.305 0.0339694 23.56892
2015 3346.102 0.03360926 26.26783
2016 3690.29 0.03427172 28.9698
2017 4039.792 0.03565045 31.71348
2018 4539.913 0.03680312 35.63958
2019 5030.894 0.04244833 39.49391
2020 5141.486 0.06604176 40.36208
2021 5745.613 0.06654816 45.10465
2022 5425.106 0.0898918 42.58858
2023 5653.602 0.08902076 44.38234

Parameters: Estimate  Std. Error      z value    Pr(>|z^2|)
rval 0.07141559 0.00218804 32.63902427 0
logK 8.48329465 0.66077045 12.83848984 0
logK 10.77583222 0.24400241 44.16281039 0
logK 10.28252018 0.44418308 23.14928397 0
logK 8.75719634 0.80200764 10.91909342 0
logBK 3.89841655 0.70008617 5.56848105 3e-08
logBK 4.05687954 0.25341058 16.00911655 0
logBK 4.23109642 0.46571628 9.08513755 0
logBK 4.65744377 0.81556381 5.71070428 1e-08
MixPars -1.83573169 0.28827307 -6.36803039 0
MixPars -3.0863036 0.1989639 -15.51187689 0
MixPars -0.64092434 0.12362556 -5.18439996 2.2e-07
MixPars -1.29860296 0.0903266 -14.37675026 0
MixPars -3.09386989 0.10033312 -30.8359775 0
MixPars -2.49459287 0.24591843 -10.14398485 0
MixPars -1.46173821 0.16279232 -8.9791597 0
MixPars -2.07649547 0.27731972 -7.48773111 0
MixPars -2.67556219 0.13470919 -19.86176393 0
MixPars -0.76690998 0.10745157 -7.13726152 0
MixPars -2.47045288 0.19122034 -12.91940432 0
AddV 0.01201331 0.01325443 0.90636207 0.36474424
AddV 0.0073855 0.0024728 2.98669423 0.00282012
AddV 0.03058873 0.01942066 1.57506131 0.11524229
SFdev -0.47612136 0.50862879 -0.93608812 0.34922782
SFdev -0.47598179 0.50868471 -0.93571082 0.3494221
SFdev -0.46758154 0.51142013 -0.91428067 0.36056939
SFdev -0.37751415 0.5468949 -0.69028647 0.49001406
SFdev -0.17768608 0.5371311 -0.33080579 0.74079118
SFdev -0.38547691 0.5459574 -0.70605675 0.48015284
SFdev -0.03624304 0.45150271 -0.08027204 0.9360209
SFdev 0.1179504 0.26359291 0.44747185 0.65453441
SFdev -0.01125844 0.4921691 -0.02287514 0.98174987
SFdev 0.24248517 0.12453914 1.94705996 0.05152755
SFdev -0.21922288 0.62748306 -0.34936861 0.7268126
SFdev -0.22733619 0.61550506 -0.36934901 0.7118676
SFdev 0.02436986 0.28699695 0.0849133 0.93233031
SFdev -0.31588685 0.57665211 -0.54779449 0.58383302
SFdev -0.31062875 0.575513 -0.53974236 0.58937472
SFdev 0.15858891 0.13731478 1.15492965 0.24811924
SFdev 0.1520317 0.15547029 0.97788269 0.32813235
SFdev 0.1931675 0.11664857 1.65597829 0.09772621
SFdev 0.24208691 0.07725016 3.13380465 0.00172556
SFdev -0.25971788 0.5798424 -0.44791116 0.65421732
SFdev -0.42361939 0.52974353 -0.79966884 0.42390269
SFdev -0.00032596 0.99907803 -0.00032627 0.99973968
SFdev 3.303e-05 1.00009296 3.303e-05 0.99997365
SFdev 0 1 0 1
SFdev -0.3195312 0.47447069 -0.67344771 0.5006625
SFdev -0.36960374 0.53955217 -0.68501947 0.49333163
SFdev -0.39859584 0.53403617 -0.7463836 0.45543572
SFdev 0.12162601 0.07767685 1.56579477 0.11739667
SFdev -0.32635732 0.54155394 -0.60263124 0.54675403
SFdev 0.13427351 0.07316911 1.83511211 0.06648908
SFdev -0.3598681 0.543457 -0.66218321 0.50785381
SFdev 0.13474177 0.06827595 1.9734881 0.04843998
SFdev -0.4126395 0.50925354 -0.81028301 0.41777754
SFdev 0.05417862 0.08230854 0.65823818 0.51038509
SFdev -0.40054731 0.52504221 -0.76288593 0.44553143
SFdev 0.1580159 0.04663207 3.38856713 0.00070259
SFdev -0.3363579 0.54325523 -0.61915263 0.53581581
SFdev 0.22305125 0.08165461 2.73164302 0.00630194
SFdev 0.33667578 0.04880262 6.89872375 0
SFdev 0.12758597 0.05875987 2.17131116 0.02990766
SFdev 0.30008769 0.03054538 9.82432362 0
SFdev 0.17689385 0.0657645 2.68980757 0.00714932
SFdev -0.33308367 0.56623447 -0.58824336 0.55636896
SFdev -0.02407505 0.12860397 -0.187203 0.85150147
SFdev 0.36835164 0.06410394 5.74616209 1e-08
SFdev -4.316e-05 0.99988451 -4.316e-05 0.99996556
SFdev 3.96e-06 1.00001055 3.96e-06 0.99999684
SFdev 0 1 0 1
SFdev -0.5132143 0.49773594 -1.03109753 0.30249509
SFdev -0.53865185 0.48870972 -1.1021918 0.27037829
SFdev -0.55410378 0.48343112 -1.14618971 0.25171667
SFdev -0.55875167 0.48188464 -1.15951333 0.24624701
SFdev -0.5529079 0.48386909 -1.14268076 0.25317116
SFdev -0.54251122 0.48652297 -1.11507832 0.26481686
SFdev -0.55021369 0.48447247 -1.13569651 0.2560836
SFdev -0.5084547 0.49751092 -1.02199707 0.30678229
SFdev -0.43004677 0.52355942 -0.82139057 0.41142383
SFdev -0.33909255 0.55234898 -0.61390999 0.53927481
SFdev -0.33479541 0.55834118 -0.59962515 0.54875608
SFdev -0.34936692 0.55883322 -0.62517207 0.53185813
SFdev -0.29337378 0.59017713 -0.49709446 0.61912244
SFdev 0.16488093 0.19847485 0.83073968 0.4061207
SFdev 0.05407845 0.44433622 0.12170616 0.90313174
SFdev 0.23335367 0.17074031 1.36671692 0.17171405
SFdev -0.02869813 0.47577798 -0.06031831 0.95190212
SFdev -0.30416824 0.58276349 -0.52194114 0.60171131
SFdev -0.27788814 0.5772685 -0.48138456 0.63024321
SFdev -0.28120637 0.56894471 -0.49425957 0.62112287
SFdev -0.33169995 0.56216609 -0.59003906 0.55516446
SFdev -0.2379286 0.59007092 -0.40322034 0.68678614
SFdev -0.00018159 0.36087334 -0.0005032 0.99959851
SFdev 0 1 0 1
SFdev -0.01031583 0.22309154 -0.04624036 0.96311867
SFdev -0.2120319 0.56905051 -0.37260647 0.70944136
SFdev -0.36601578 0.54629832 -0.66999251 0.50286256
SFdev -0.30970996 0.55805193 -0.55498412 0.57890552
SFdev -0.35562703 0.55214217 -0.64408597 0.51951969
SFdev 0.02040632 0.29095696 0.07013518 0.94408606
SFdev 0.24220542 0.10505289 2.30555695 0.0211354
SFdev -0.21612886 0.60769524 -0.35565337 0.72210017
SFdev 0.08025991 0.22113227 0.36294981 0.71664238
SFdev -0.10063012 0.52987821 -0.18991178 0.84937826
SFdev -0.05963678 0.45461802 -0.13117997 0.89563294
SFdev 0.16666486 0.12222972 1.36353798 0.17271302
SFdev -0.25881924 0.5687043 -0.45510335 0.64903488
SFdev -0.45548306 0.51260375 -0.88856755 0.37423554
SFdev -0.57789473 0.47291617 -1.22198133 0.22171469
SFdev -0.62107347 0.46050389 -1.34868235 0.17743902
SFdev -0.5783942 0.47295237 -1.22294387 0.2213509
SFdev -0.52096893 0.49096502 -1.06111212 0.28863895
SFdev -0.3671247 0.54383073 -0.67507163 0.49963026
SFdev 0.08006699 0.13972874 0.57301738 0.56663293
SFdev -0.23402051 0.57595228 -0.40631927 0.68450803
SFdev 0.18630301 0.11455088 1.62637777 0.10386932
SFdev 0.03388736 0.28697468 0.11808486 0.90600042
SFdev 0 1 0 1

Mixing matrix
0.86244312 0.13755688 0 0 0 0 ,# Asia
0.02415513 0.27862757 0.14434372 0.52890052 0.02397305 0 ,# Hawaii
0.04182875 0.50683058 0.11750003 0.06354074 0.03490446 0.23539544 ,# Mexico
0 0 0 0 0.07795568 0.92204432 ,# Central_Am

Split of breeding stock to feeding grounds over time
Split for: Asia
Year RUS+WAL EAL+BER GOA SEA+NBC SBC+WA OR+CA
1970 0.86315 0.13685 0 0 0 0
1971 0.86351 0.13649 0 0 0 0
1972 0.86051 0.13949 0 0 0 0
1973 0.86104 0.13896 0 0 0 0
1974 0.86145 0.13855 0 0 0 0
1975 0.86177 0.13823 0 0 0 0
1976 0.86203 0.13797 0 0 0 0
1977 0.86225 0.13775 0 0 0 0
1978 0.86242 0.13758 0 0 0 0
1979 0.8626 0.1374 0 0 0 0
1980 0.86279 0.13721 0 0 0 0
1981 0.86258 0.13742 0 0 0 0
1982 0.86244 0.13756 0 0 0 0
1983 0.86236 0.13764 0 0 0 0
1984 0.86232 0.13768 0 0 0 0
1985 0.86231 0.13769 0 0 0 0
1986 0.86233 0.13767 0 0 0 0
1987 0.86236 0.13764 0 0 0 0
1988 0.8624 0.1376 0 0 0 0
1989 0.86245 0.13755 0 0 0 0
1990 0.86246 0.13754 0 0 0 0
1991 0.86245 0.13755 0 0 0 0
1992 0.86243 0.13757 0 0 0 0
1993 0.8624 0.1376 0 0 0 0
1994 0.86237 0.13763 0 0 0 0
1995 0.86234 0.13766 0 0 0 0
1996 0.8623 0.1377 0 0 0 0
1997 0.86227 0.13773 0 0 0 0
1998 0.86231 0.13769 0 0 0 0
1999 0.86231 0.13769 0 0 0 0
2000 0.86227 0.13773 0 0 0 0
2001 0.85516 0.14484 0 0 0 0
2002 0.84777 0.15223 0 0 0 0
2003 0.84007 0.15993 0 0 0 0
2004 0.83243 0.16757 0 0 0 0
2005 0.82668 0.17332 0 0 0 0
2006 0.81849 0.18151 0 0 0 0
2007 0.81663 0.18337 0 0 0 0
2008 0.82534 0.17466 0 0 0 0
2009 0.82468 0.17532 0 0 0 0
2010 0.84932 0.15068 0 0 0 0
2011 0.84369 0.15631 0 0 0 0
2012 0.83794 0.16206 0 0 0 0
2013 0.83969 0.16031 0 0 0 0
2014 0.83316 0.16684 0 0 0 0
2015 0.82672 0.17328 0 0 0 0
2016 0.84031 0.15969 0 0 0 0
2017 0.85203 0.14797 0 0 0 0
2018 0.86742 0.13258 0 0 0 0
2019 0.88654 0.11346 0 0 0 0
2020 0.88159 0.11841 0 0 0 0
2021 0.87582 0.12418 0 0 0 0
2022 0.87615 0.12385 0 0 0 0
2023 0.87679 0.12321 0 0 0 0
2024 0.87781 0.12219 0 0 0 0
Split for: Hawaii
Year RUS+WAL EAL+BER GOA SEA+NBC SBC+WA OR+CA
1970 0.02446 0.28041 0.14342 0.52751 0.02421 0
1971 0.02457 0.2809 0.14408 0.52616 0.02428 0
1972 0.02404 0.28179 0.14459 0.52524 0.02434 0
1973 0.02419 0.28234 0.14491 0.52419 0.02438 0
1974 0.02431 0.2828 0.14518 0.5233 0.02441 0
1975 0.02441 0.28322 0.14536 0.52257 0.02444 0
1976 0.0245 0.28361 0.14554 0.52192 0.02443 0
1977 0.02457 0.28398 0.14571 0.52131 0.02443 0
1978 0.02464 0.28432 0.14587 0.52074 0.02443 0
1979 0.0247 0.2846 0.14603 0.52023 0.02444 0
1980 0.02476 0.28487 0.14622 0.51969 0.02445 0
1981 0.02475 0.28519 0.1464 0.5192 0.02445 0
1982 0.02475 0.28555 0.14656 0.51868 0.02445 0
1983 0.02477 0.28589 0.14672 0.51815 0.02446 0
1984 0.02479 0.28625 0.14686 0.51763 0.02446 0
1985 0.02481 0.28653 0.14697 0.51724 0.02446 0
1986 0.02485 0.2869 0.14707 0.51672 0.02446 0
1987 0.0249 0.28742 0.14727 0.51594 0.02447 0
1988 0.02494 0.28775 0.14737 0.51548 0.02446 0
1989 0.02496 0.28787 0.14736 0.51538 0.02443 0
1990 0.02498 0.28807 0.14743 0.51512 0.0244 0
1991 0.025 0.28832 0.1475 0.51479 0.02439 0
1992 0.02502 0.28865 0.14763 0.51433 0.02437 0
1993 0.02503 0.28878 0.14765 0.5142 0.02434 0
1994 0.02504 0.28903 0.14773 0.51388 0.02432 0
1995 0.02506 0.28926 0.14781 0.51358 0.02429 0
1996 0.02509 0.28967 0.14797 0.513 0.02428 0
1997 0.02511 0.29003 0.14808 0.51248 0.0243 0
1998 0.02514 0.29032 0.14822 0.51202 0.0243 0
1999 0.02518 0.29071 0.14839 0.51144 0.02427 0
2000 0.02519 0.29099 0.14845 0.51111 0.02425 0
2001 0.02391 0.29281 0.14843 0.51047 0.02438 0
2002 0.02264 0.29394 0.14847 0.51048 0.02447 0
2003 0.02143 0.29496 0.14861 0.51047 0.02454 0
2004 0.02191 0.31898 0.14277 0.48972 0.02661 0
2005 0.0209 0.31689 0.14358 0.49184 0.02679 0
2006 0.02143 0.34368 0.13703 0.4688 0.02905 0
2007 0.02061 0.33469 0.13894 0.47596 0.02979 0
2008 0.02195 0.33589 0.1376 0.47124 0.03332 0
2009 0.02114 0.32492 0.14017 0.47963 0.03414 0
2010 0.02268 0.29093 0.14701 0.50084 0.03854 0
2011 0.02159 0.28922 0.14774 0.50298 0.03848 0
2012 0.02256 0.31546 0.14037 0.47909 0.04253 0
2013 0.02188 0.30214 0.14347 0.48907 0.04344 0
2014 0.02388 0.34589 0.1333 0.45413 0.04277 2e-05
2015 0.02819 0.42748 0.11259 0.38279 0.04892 3e-05
2016 0.0307 0.42218 0.11439 0.3881 0.04461 3e-05
2017 0.03626 0.4558 0.10373 0.35172 0.05247 3e-05
2018 0.04035 0.44638 0.10339 0.34997 0.05987 3e-05
2019 0.04235 0.39221 0.11415 0.38612 0.06514 3e-05
2020 0.04139 0.4023 0.11224 0.3787 0.06535 2e-05
2021 0.04801 0.49257 0.08726 0.29386 0.07828 3e-05
2022 0.04806 0.4916 0.08718 0.29286 0.08029 2e-05
2023 0.04829 0.4912 0.08758 0.29382 0.07909 3e-05
2024 0.04825 0.4862 0.08881 0.29857 0.07814 3e-05
Split for: Mexico
Year RUS+WAL EAL+BER GOA SEA+NBC SBC+WA OR+CA
1970 0.04251 0.51204 0.1172 0.06362 0.03538 0.22925
1971 0.04268 0.51247 0.11763 0.0634 0.03546 0.22836
1972 0.04172 0.51382 0.11799 0.06325 0.03553 0.22769
1973 0.04196 0.51439 0.11815 0.06307 0.03555 0.22689
1974 0.04217 0.51523 0.11836 0.06297 0.0356 0.22567
1975 0.04235 0.51603 0.11852 0.06288 0.03564 0.22458
1976 0.0425 0.5168 0.11868 0.06282 0.03563 0.22357
1977 0.04264 0.51752 0.11883 0.06275 0.03564 0.22262
1978 0.04276 0.51822 0.11898 0.06269 0.03564 0.22171
1979 0.04287 0.51884 0.11914 0.06264 0.03566 0.22084
1980 0.04299 0.51945 0.11932 0.06259 0.03569 0.21996
1981 0.04297 0.52014 0.11949 0.06255 0.03569 0.21916
1982 0.04298 0.52081 0.11962 0.06249 0.0357 0.2184
1983 0.04301 0.52147 0.11976 0.06243 0.03572 0.21762
1984 0.04304 0.52202 0.11985 0.06235 0.03571 0.21703
1985 0.04308 0.52259 0.11995 0.06231 0.03571 0.21635
1986 0.04314 0.52324 0.12003 0.06225 0.03571 0.21563
1987 0.04321 0.52395 0.12014 0.06212 0.0357 0.21488
1988 0.04328 0.52464 0.12024 0.06208 0.03571 0.21405
1989 0.04335 0.52519 0.12031 0.06211 0.03568 0.21337
1990 0.04339 0.52563 0.12038 0.06209 0.03564 0.21288
1991 0.04344 0.52633 0.1205 0.06208 0.03564 0.21202
1992 0.0435 0.52706 0.12063 0.06204 0.03563 0.21115
1993 0.04354 0.52768 0.12073 0.06206 0.0356 0.21038
1994 0.04357 0.52824 0.12083 0.06204 0.03558 0.20974
1995 0.04361 0.52882 0.12093 0.06202 0.03555 0.20907
1996 0.04364 0.5294 0.12102 0.06193 0.03552 0.20849
1997 0.04368 0.52997 0.12109 0.06186 0.03554 0.20786
1998 0.04374 0.5305 0.1212 0.0618 0.03554 0.20721
1999 0.04379 0.53115 0.12133 0.06173 0.0355 0.2065
2000 0.04381 0.53156 0.12135 0.06168 0.03547 0.20614
2001 0.04196 0.53987 0.12247 0.06217 0.03598 0.19753
2002 0.03983 0.5433 0.1228 0.06233 0.0362 0.19554
2003 0.03772 0.54548 0.12299 0.06236 0.03634 0.19511
2004 0.03654 0.55872 0.11191 0.05667 0.03732 0.19885
2005 0.03497 0.55687 0.11291 0.0571 0.03769 0.20046
2006 0.03427 0.57723 0.10299 0.05202 0.03907 0.19442
2007 0.03475 0.59271 0.11011 0.05568 0.04224 0.16451
2008 0.03603 0.5791 0.10617 0.05367 0.046 0.17904
2009 0.03571 0.57658 0.11132 0.05623 0.0485 0.17166
2010 0.03935 0.53031 0.11992 0.06031 0.05625 0.19386
2011 0.03782 0.53231 0.12169 0.06116 0.0567 0.19031
2012 0.03809 0.55967 0.11144 0.05615 0.06041 0.17423
2013 0.03755 0.54467 0.11575 0.05825 0.0627 0.18108
2014 0.03742 0.56937 0.0982 0.04939 0.05637 0.18924
2015 0.03782 0.60229 0.071 0.03564 0.0552 0.19806
2016 0.04049 0.58478 0.07092 0.03552 0.04948 0.21882
2017 0.04313 0.5694 0.058 0.02903 0.05248 0.24795
2018 0.04602 0.53465 0.05543 0.0277 0.05742 0.27878
2019 0.04911 0.47768 0.06223 0.03108 0.06351 0.31639
2020 0.04823 0.49228 0.06147 0.03062 0.06401 0.3034
2021 0.04745 0.51126 0.04054 0.02016 0.06503 0.31557
2022 0.04903 0.52676 0.04181 0.02074 0.06884 0.29282
2023 0.04935 0.52718 0.04208 0.02084 0.06793 0.29262
2024 0.0494 0.52275 0.04276 0.02122 0.06723 0.29664
Split for: Central_Am
Year RUS+WAL EAL+BER GOA SEA+NBC SBC+WA OR+CA
1970 0 0 0 0 0.08089 0.91911
1971 0 0 0 0 0.08134 0.91866
1972 0 0 0 0 0.08171 0.91829
1973 0 0 0 0 0.08201 0.91799
1974 0 0 0 0 0.08251 0.91749
1975 0 0 0 0 0.08297 0.91703
1976 0 0 0 0 0.0833 0.9167
1977 0 0 0 0 0.08363 0.91637
1978 0 0 0 0 0.08396 0.91604
1979 0 0 0 0 0.08429 0.91571
1980 0 0 0 0 0.08466 0.91534
1981 0 0 0 0 0.08495 0.91505
1982 0 0 0 0 0.08524 0.91476
1983 0 0 0 0 0.08556 0.91444
1984 0 0 0 0 0.08575 0.91425
1985 0 0 0 0 0.08599 0.91401
1986 0 0 0 0 0.08626 0.91374
1987 0 0 0 0 0.08652 0.91348
1988 0 0 0 0 0.08683 0.91317
1989 0 0 0 0 0.08703 0.91297
1990 0 0 0 0 0.08713 0.91287
1991 0 0 0 0 0.08743 0.91257
1992 0 0 0 0 0.08774 0.91226
1993 0 0 0 0 0.08797 0.91203
1994 0 0 0 0 0.08816 0.91184
1995 0 0 0 0 0.08835 0.91165
1996 0 0 0 0 0.08851 0.91149
1997 0 0 0 0 0.0888 0.9112
1998 0 0 0 0 0.08906 0.91094
1999 0 0 0 0 0.08924 0.91076
2000 0 0 0 0 0.0893 0.9107
2001 0 0 0 0 0.09407 0.90593
2002 0 0 0 0 0.09546 0.90454
2003 0 0 0 0 0.09596 0.90404
2004 0 0 0 0 0.09663 0.90337
2005 0 0 0 0 0.09679 0.90321
2006 0 0 0 0 0.10277 0.89723
2007 0 0 0 0 0.12767 0.87233
2008 0 0 0 0 0.12773 0.87227
2009 0 0 0 0 0.13871 0.86129
2010 0 0 0 0 0.14191 0.85809
2011 0 0 0 0 0.14517 0.85483
2012 0 0 0 0 0.16502 0.83498
2013 0 0 0 0 0.16483 0.83517
2014 0 0 0 0 0.14515 0.85485
2015 0 0 0 0 0.13708 0.86292
2016 0 0 0 0 0.11419 0.88581
2017 0 0 0 0 0.10768 0.89232
2018 0 0 0 0 0.10509 0.89491
2019 0 0 0 0 0.1027 0.8973
2020 0 0 0 0 0.10739 0.89261
2021 0 0 0 0 0.10517 0.89483
2022 0 0 0 0 0.11825 0.88175
2023 0 0 0 0 0.11694 0.88306
2024 0 0 0 0 0.1145 0.8855

Difference in mortality over time
Difference for: Asia
Year RUS+WAL EAL+BER GOA SEA+NBC SBC+WA OR+CA
1970 0 0 0 0 0 0
1971 0 0 0 0 0 0
1972 0 0 0 0 0 0
1973 0 0 0 0 0 0
1974 0 0 0 0 0 0
1975 0 0 0 0 0 0
1976 0 0 0 0 0 0
1977 0 0 0 0 0 0
1978 0 0 0 0 0 0
1979 0 0 0 0 0 0
1980 0 0 0 0 0 0
1981 0 0 0 0 0 0
1982 0 0 0 0 0 0
1983 0 0 0 0 0 0
1984 0 0 0 0 0 0
1985 0 0 0 0 0 0
1986 0 0 0 0 0 0
1987 0 0 0 0 0 0
1988 0 0 0 0 0 0
1989 0 0 0 0 0 0
1990 0 0 0 0 0 0
1991 0 0 0 0 0 0
1992 0 0 0 0 0 0
1993 0 0 0 0 0 0
1994 0 0 0 0 0 0
1995 0 0 0 0 0 0
1996 0 0 0 0 0 0
1997 0 0 0 0 0 0
1998 0 0 0 0 0 0
1999 0 0 0 0 0 0
2000 0 6 0 0 0 0
2001 0 7 0 0 0 0
2002 0 8 0 0 0 0
2003 0 8 0 0 0 0
2004 0 7 0 0 0 0
2005 0 10 0 0 0 0
2006 0 2 0 0 0 0
2007 0 -13 0 0 0 0
2008 0 1 0 0 0 0
2009 0 -38 0 0 0 0
2010 0 9 0 0 0 0
2011 0 11 0 0 0 0
2012 0 -2 0 0 0 0
2013 0 14 0 0 0 0
2014 0 16 0 0 0 0
2015 0 -27 0 0 0 0
2016 0 -25 0 0 0 0
2017 0 -34 0 0 0 0
2018 0 -44 0 0 0 0
2019 0 12 0 0 0 0
2020 0 15 0 0 0 0
2021 0 0 0 0 0 0
2022 0 0 0 0 0 0
2023 0 0 0 0 0 0
Difference for: Hawaii
Year RUS+WAL EAL+BER GOA SEA+NBC SBC+WA OR+CA
1970 0 0 0 0 0 0
1971 0 0 0 0 0 0
1972 0 0 0 0 0 0
1973 0 0 0 0 0 0
1974 0 0 0 0 0 0
1975 0 0 0 0 0 0
1976 0 0 0 0 0 0
1977 0 0 0 0 0 0
1978 0 0 0 0 0 0
1979 0 0 0 0 0 0
1980 0 0 0 0 0 0
1981 0 0 0 0 0 0
1982 0 0 0 0 0 0
1983 0 0 0 0 0 0
1984 0 0 0 0 0 0
1985 0 0 0 0 0 0
1986 0 0 0 0 0 0
1987 0 0 0 0 0 0
1988 0 0 0 0 0 0
1989 0 0 0 0 0 0
1990 0 0 0 0 0 0
1991 0 0 0 0 0 0
1992 0 0 0 0 0 0
1993 0 0 0 0 0 0
1994 0 0 0 0 0 0
1995 0 0 0 0 0 0
1996 0 0 0 0 0 0
1997 0 0 0 0 0 0
1998 0 0 0 0 0 0
1999 0 0 0 0 0 0
2000 0 121 55 191 10 0
2001 0 137 65 225 12 0
2002 0 154 75 259 13 0
2003 0 166 -89 -307 15 0
2004 0 135 80 275 17 0
2005 0 210 -115 -394 19 0
2006 0 49 92 316 21 0
2007 0 -260 -129 -441 24 0
2008 0 18 107 366 26 0
2009 0 -789 -47 -159 28 0
2010 0 195 124 423 31 0
2011 0 221 -209 -712 35 0
2012 0 -49 128 437 37 0
2013 0 295 -377 -1285 -73 0
2014 0 327 -665 -2264 -17 0
2015 0 -592 -115 -393 -120 0
2016 0 -536 -411 -1396 7 0
2017 0 -732 -146 -496 39 0
2018 0 -965 74 252 40 0
2019 0 258 12 42 44 0
2020 0 337 -526 -1774 51 0
2021 0 1 0 0 49 0
2022 0 0 0 0 0 0
2023 0 0 0 0 0 0
Difference for: Mexico
Year RUS+WAL EAL+BER GOA SEA+NBC SBC+WA OR+CA
1970 0 0 0 0 0 0
1971 0 0 0 0 0 0
1972 0 0 0 0 0 0
1973 0 0 0 0 0 0
1974 0 0 0 0 0 0
1975 0 0 0 0 0 0
1976 0 0 0 0 0 0
1977 0 0 0 0 0 0
1978 0 0 0 0 0 0
1979 0 0 0 0 0 0
1980 0 0 0 0 0 0
1981 0 0 0 0 0 0
1982 0 0 0 0 0 0
1983 0 0 0 0 0 0
1984 0 0 0 0 0 0
1985 0 0 0 0 0 0
1986 0 0 0 0 0 0
1987 0 0 0 0 0 0
1988 0 0 0 0 0 0
1989 0 0 0 0 0 0
1990 0 0 0 0 0 0
1991 0 0 0 0 0 0
1992 0 0 0 0 0 0
1993 0 0 0 0 0 0
1994 0 0 0 0 0 0
1995 0 0 0 0 0 0
1996 0 0 0 0 0 0
1997 0 0 0 0 0 0
1998 0 0 0 0 0 0
1999 0 0 0 0 0 0
2000 0 109 22 11 7 3
2001 0 123 26 13 8 34
2002 0 139 30 15 9 47
2003 0 149 -36 -18 11 50
2004 0 121 32 16 12 59
2005 0 188 -46 -23 14 -9
2006 0 44 37 19 15 -205
2007 0 -232 -51 -26 17 50
2008 0 16 43 22 19 -44
2009 0 -703 -19 -9 20 36
2010 0 174 49 25 22 25
2011 0 196 -83 -42 25 -140
2012 0 -43 51 26 26 72
2013 0 261 -149 -75 -52 96
2014 0 289 -263 -132 -12 111
2015 0 -522 -46 -23 -85 123
2016 0 -471 -162 -81 5 133
2017 0 -644 -58 -29 27 147
2018 0 -847 29 15 28 152
2019 0 226 5 2 31 -108
2020 0 294 -206 -102 36 147
2021 0 1 0 0 34 -379
2022 0 0 0 0 0 -43
2023 0 0 0 0 0 1
Difference for: Central_Am
Year RUS+WAL EAL+BER GOA SEA+NBC SBC+WA OR+CA
1970 0 0 0 0 0 0
1971 0 0 0 0 0 0
1972 0 0 0 0 0 0
1973 0 0 0 0 0 0
1974 0 0 0 0 0 0
1975 0 0 0 0 0 0
1976 0 0 0 0 0 0
1977 0 0 0 0 0 0
1978 0 0 0 0 0 0
1979 0 0 0 0 0 0
1980 0 0 0 0 0 0
1981 0 0 0 0 0 0
1982 0 0 0 0 0 0
1983 0 0 0 0 0 0
1984 0 0 0 0 0 0
1985 0 0 0 0 0 0
1986 0 0 0 0 0 0
1987 0 0 0 0 0 0
1988 0 0 0 0 0 0
1989 0 0 0 0 0 0
1990 0 0 0 0 0 0
1991 0 0 0 0 0 0
1992 0 0 0 0 0 0
1993 0 0 0 0 0 0
1994 0 0 0 0 0 0
1995 0 0 0 0 0 0
1996 0 0 0 0 0 0
1997 0 0 0 0 0 0
1998 0 0 0 0 0 0
1999 0 0 0 0 0 0
2000 0 0 0 0 2 1
2001 0 0 0 0 3 18
2002 0 0 0 0 3 26
2003 0 0 0 0 3 27
2004 0 0 0 0 4 32
2005 0 0 0 0 4 -5
2006 0 0 0 0 5 -112
2007 0 0 0 0 5 28
2008 0 0 0 0 6 -24
2009 0 0 0 0 6 19
2010 0 0 0 0 7 14
2011 0 0 0 0 8 -77
2012 0 0 0 0 8 39
2013 0 0 0 0 -16 53
2014 0 0 0 0 -4 61
2015 0 0 0 0 -27 67
2016 0 0 0 0 1 73
2017 0 0 0 0 8 81
2018 0 0 0 0 9 83
2019 0 0 0 0 10 -59
2020 0 0 0 0 11 81
2021 0 0 0 0 11 -208
2022 0 0 0 0 0 -24
2023 0 0 0 0 0 1

Total survival over time
Values for breeding stock: Asia
Year RUS+WAL EAL+BER GOA SEA+NBC SBC+WA OR+CA
1970 0.931 0.926 NaN NaN NaN NaN
1971 0.932 0.929 NaN NaN NaN NaN
1972 0.909 0.931 NaN NaN NaN NaN
1973 0.932 0.931 NaN NaN NaN NaN
1974 0.932 0.931 NaN NaN NaN NaN
1975 0.933 0.932 NaN NaN NaN NaN
1976 0.933 0.932 NaN NaN NaN NaN
1977 0.933 0.932 NaN NaN NaN NaN
1978 0.933 0.932 NaN NaN NaN NaN
1979 0.933 0.932 NaN NaN NaN NaN
1980 0.932 0.931 NaN NaN NaN NaN
1981 0.932 0.931 NaN NaN NaN NaN
1982 0.932 0.932 NaN NaN NaN NaN
1983 0.932 0.931 NaN NaN NaN NaN
1984 0.932 0.932 NaN NaN NaN NaN
1985 0.932 0.932 NaN NaN NaN NaN
1986 0.932 0.932 NaN NaN NaN NaN
1987 0.932 0.932 NaN NaN NaN NaN
1988 0.932 0.932 NaN NaN NaN NaN
1989 0.932 0.932 NaN NaN NaN NaN
1990 0.932 0.932 NaN NaN NaN NaN
1991 0.932 0.932 NaN NaN NaN NaN
1992 0.932 0.932 NaN NaN NaN NaN
1993 0.932 0.932 NaN NaN NaN NaN
1994 0.932 0.932 NaN NaN NaN NaN
1995 0.932 0.932 NaN NaN NaN NaN
1996 0.932 0.932 NaN NaN NaN NaN
1997 0.932 0.932 NaN NaN NaN NaN
1998 0.932 0.931 NaN NaN NaN NaN
1999 0.932 0.931 NaN NaN NaN NaN
2000 0.932 0.987 NaN NaN NaN NaN
2001 0.932 0.988 NaN NaN NaN NaN
2002 0.932 0.987 NaN NaN NaN NaN
2003 0.932 0.985 NaN NaN NaN NaN
2004 0.932 0.97 NaN NaN NaN NaN
2005 0.932 0.985 NaN NaN NaN NaN
2006 0.932 0.943 NaN NaN NaN NaN
2007 0.932 0.878 NaN NaN NaN NaN
2008 0.932 0.935 NaN NaN NaN NaN
2009 0.932 0.778 NaN NaN NaN NaN
2010 0.931 0.973 NaN NaN NaN NaN
2011 0.931 0.975 NaN NaN NaN NaN
2012 0.931 0.922 NaN NaN NaN NaN
2013 0.925 0.975 NaN NaN NaN NaN
2014 0.94 0.99 NaN NaN NaN NaN
2015 0.906 0.827 NaN NaN NaN NaN
2016 0.934 0.857 NaN NaN NaN NaN
2017 0.935 0.826 NaN NaN NaN NaN
2018 0.933 0.78 NaN NaN NaN NaN
2019 0.938 0.985 NaN NaN NaN NaN
2020 0.93 0.984 NaN NaN NaN NaN
2021 0.929 0.929 NaN NaN NaN NaN
2022 0.929 0.929 NaN NaN NaN NaN
2023 0.929 0.929 NaN NaN NaN NaN
Values for breeding stock: Hawaii
Year RUS+WAL EAL+BER GOA SEA+NBC SBC+WA OR+CA
1970 0.94 0.934 0.923 0.926 0.938 NaN
1971 0.94 0.937 0.94 0.933 0.938 NaN
1972 0.916 0.939 0.94 0.934 0.938 NaN
1973 0.94 0.939 0.94 0.934 0.938 NaN
1974 0.94 0.939 0.94 0.934 0.938 NaN
1975 0.94 0.939 0.939 0.934 0.939 NaN
1976 0.94 0.939 0.939 0.934 0.937 NaN
1977 0.94 0.939 0.939 0.934 0.938 NaN
1978 0.94 0.939 0.939 0.935 0.938 NaN
1979 0.94 0.939 0.939 0.935 0.938 NaN
1980 0.94 0.939 0.939 0.935 0.938 NaN
1981 0.94 0.939 0.939 0.935 0.937 NaN
1982 0.94 0.939 0.939 0.935 0.937 NaN
1983 0.94 0.939 0.939 0.935 0.937 NaN
1984 0.94 0.939 0.939 0.935 0.937 NaN
1985 0.94 0.939 0.939 0.936 0.937 NaN
1986 0.94 0.939 0.939 0.935 0.937 NaN
1987 0.94 0.939 0.939 0.934 0.937 NaN
1988 0.94 0.939 0.939 0.936 0.937 NaN
1989 0.94 0.94 0.939 0.937 0.937 NaN
1990 0.94 0.94 0.939 0.937 0.936 NaN
1991 0.94 0.94 0.939 0.936 0.937 NaN
1992 0.94 0.94 0.939 0.936 0.936 NaN
1993 0.94 0.94 0.939 0.937 0.936 NaN
1994 0.94 0.94 0.939 0.937 0.936 NaN
1995 0.94 0.94 0.939 0.937 0.936 NaN
1996 0.94 0.94 0.939 0.936 0.936 NaN
1997 0.94 0.94 0.939 0.936 0.937 NaN
1998 0.94 0.939 0.939 0.936 0.936 NaN
1999 0.94 0.939 0.939 0.936 0.935 NaN
2000 0.94 0.996 0.99 0.987 0.993 NaN
2001 0.94 0.996 0.992 0.989 0.993 NaN
2002 0.94 0.996 0.993 0.991 0.993 NaN
2003 0.94 0.993 0.882 0.88 0.993 NaN
2004 0.94 0.978 0.99 0.987 0.993 NaN
2005 0.94 0.994 0.874 0.872 0.989 NaN
2006 0.94 0.951 0.992 0.989 0.99 NaN
2007 0.94 0.885 0.872 0.872 0.997 NaN
2008 0.94 0.944 0.993 0.992 0.982 NaN
2009 0.94 0.785 0.918 0.916 0.992 NaN
2010 0.94 0.982 0.994 0.989 0.986 NaN
2011 0.94 0.984 0.858 0.856 0.984 NaN
2012 0.94 0.931 0.989 0.99 0.989 NaN
2013 0.94 0.99 0.803 0.802 0.853 NaN
2014 0.94 0.99 0.673 0.672 0.914 Inf
2015 0.94 0.858 0.875 0.873 0.79 0.998
2016 0.94 0.863 0.72 0.718 0.944 0.998
2017 0.94 0.831 0.843 0.842 0.982 0.997
2018 0.94 0.786 0.989 0.986 0.97 0.993
2019 0.94 0.986 0.945 0.943 0.983 0.906
2020 0.94 0.995 0.632 0.63 0.98 0.985
2021 0.94 0.94 0.936 0.933 0.979 0.837
2022 0.94 0.94 0.94 0.935 0.937 0.927
2023 0.94 0.94 0.935 0.932 0.932 0.94
Values for breeding stock: Mexico
Year RUS+WAL EAL+BER GOA SEA+NBC SBC+WA OR+CA
1970 0.938 0.932 0.92 0.924 0.935 0.898
1971 0.938 0.934 0.937 0.931 0.936 0.929
1972 0.914 0.937 0.937 0.931 0.936 0.93
1973 0.938 0.937 0.938 0.932 0.936 0.931
1974 0.938 0.937 0.938 0.932 0.937 0.928
1975 0.938 0.937 0.937 0.932 0.937 0.928
1976 0.938 0.937 0.937 0.933 0.935 0.928
1977 0.938 0.937 0.938 0.933 0.936 0.928
1978 0.938 0.937 0.938 0.933 0.936 0.928
1979 0.938 0.937 0.938 0.933 0.936 0.927
1980 0.938 0.937 0.938 0.933 0.936 0.927
1981 0.938 0.937 0.937 0.933 0.935 0.927
1982 0.938 0.937 0.937 0.933 0.935 0.927
1983 0.938 0.938 0.937 0.933 0.936 0.927
1984 0.938 0.938 0.937 0.933 0.935 0.928
1985 0.938 0.938 0.937 0.934 0.935 0.928
1986 0.938 0.938 0.937 0.934 0.936 0.928
1987 0.938 0.938 0.937 0.933 0.935 0.928
1988 0.938 0.938 0.937 0.934 0.935 0.928
1989 0.938 0.938 0.937 0.935 0.935 0.929
1990 0.938 0.938 0.937 0.935 0.935 0.93
1991 0.938 0.938 0.937 0.935 0.935 0.928
1992 0.938 0.938 0.937 0.935 0.935 0.927
1993 0.938 0.938 0.937 0.936 0.935 0.928
1994 0.938 0.938 0.938 0.935 0.934 0.928
1995 0.939 0.938 0.938 0.935 0.934 0.928
1996 0.939 0.938 0.938 0.935 0.934 0.928
1997 0.937 0.936 0.936 0.933 0.934 0.926
1998 0.937 0.936 0.936 0.933 0.933 0.926
1999 0.937 0.936 0.936 0.932 0.932 0.925
2000 0.937 0.993 0.986 0.984 0.989 0.931
2001 0.937 0.993 0.989 0.986 0.99 0.969
2002 0.937 0.993 0.99 0.989 0.99 0.98
2003 0.937 0.991 0.88 0.878 0.991 0.977
2004 0.937 0.976 0.987 0.985 0.991 0.981
2005 0.937 0.991 0.872 0.869 0.986 0.92
2006 0.938 0.949 0.989 0.987 0.988 0.775
2007 0.938 0.883 0.87 0.87 0.994 0.971
2008 0.938 0.941 0.991 0.989 0.979 0.9
2009 0.937 0.783 0.915 0.914 0.989 0.959
2010 0.937 0.98 0.991 0.986 0.983 0.944
2011 0.937 0.981 0.855 0.853 0.981 0.846
2012 0.937 0.928 0.986 0.987 0.986 0.98
2013 0.938 0.988 0.801 0.8 0.851 0.991
2014 0.937 0.987 0.671 0.67 0.912 0.98
2015 0.937 0.855 0.873 0.87 0.787 0.965
2016 0.937 0.86 0.718 0.715 0.941 0.954
2017 0.937 0.828 0.841 0.839 0.98 0.979
2018 0.937 0.783 0.986 0.983 0.967 0.966
2019 0.937 0.983 0.942 0.94 0.98 0.893
2020 0.937 0.991 0.63 0.627 0.976 0.975
2021 0.936 0.936 0.933 0.929 0.975 0.824
2022 0.938 0.938 0.937 0.933 0.935 0.916
2023 0.937 0.936 0.932 0.929 0.929 0.927
Values for breeding stock: Central_Am
Year RUS+WAL EAL+BER GOA SEA+NBC SBC+WA OR+CA
1970 NaN NaN NaN NaN 0.933 0.896
1971 NaN NaN NaN NaN 0.934 0.928
1972 NaN NaN NaN NaN 0.934 0.929
1973 NaN NaN NaN NaN 0.934 0.928
1974 NaN NaN NaN NaN 0.934 0.926
1975 NaN NaN NaN NaN 0.935 0.926
1976 NaN NaN NaN NaN 0.934 0.926
1977 NaN NaN NaN NaN 0.934 0.926
1978 NaN NaN NaN NaN 0.934 0.926
1979 NaN NaN NaN NaN 0.934 0.926
1980 NaN NaN NaN NaN 0.934 0.925
1981 NaN NaN NaN NaN 0.934 0.925
1982 NaN NaN NaN NaN 0.933 0.925
1983 NaN NaN NaN NaN 0.934 0.925
1984 NaN NaN NaN NaN 0.933 0.927
1985 NaN NaN NaN NaN 0.933 0.926
1986 NaN NaN NaN NaN 0.934 0.926
1987 NaN NaN NaN NaN 0.934 0.926
1988 NaN NaN NaN NaN 0.934 0.926
1989 NaN NaN NaN NaN 0.933 0.927
1990 NaN NaN NaN NaN 0.933 0.928
1991 NaN NaN NaN NaN 0.933 0.926
1992 NaN NaN NaN NaN 0.933 0.926
1993 NaN NaN NaN NaN 0.933 0.926
1994 NaN NaN NaN NaN 0.933 0.927
1995 NaN NaN NaN NaN 0.933 0.926
1996 NaN NaN NaN NaN 0.933 0.927
1997 NaN NaN NaN NaN 0.934 0.927
1998 NaN NaN NaN NaN 0.934 0.926
1999 NaN NaN NaN NaN 0.932 0.926
2000 NaN NaN NaN NaN 0.99 0.931
2001 NaN NaN NaN NaN 0.99 0.969
2002 NaN NaN NaN NaN 0.991 0.98
2003 NaN NaN NaN NaN 0.991 0.977
2004 NaN NaN NaN NaN 0.991 0.981
2005 NaN NaN NaN NaN 0.986 0.921
2006 NaN NaN NaN NaN 0.988 0.775
2007 NaN NaN NaN NaN 0.994 0.971
2008 NaN NaN NaN NaN 0.98 0.9
2009 NaN NaN NaN NaN 0.989 0.959
2010 NaN NaN NaN NaN 0.983 0.945
2011 NaN NaN NaN NaN 0.982 0.846
2012 NaN NaN NaN NaN 0.987 0.98
2013 NaN NaN NaN NaN 0.852 0.992
2014 NaN NaN NaN NaN 0.913 0.981
2015 NaN NaN NaN NaN 0.788 0.966
2016 NaN NaN NaN NaN 0.942 0.955
2017 NaN NaN NaN NaN 0.981 0.98
2018 NaN NaN NaN NaN 0.968 0.967
2019 NaN NaN NaN NaN 0.982 0.895
2020 NaN NaN NaN NaN 0.977 0.976
2021 NaN NaN NaN NaN 0.977 0.826
2022 NaN NaN NaN NaN 0.935 0.916
2023 NaN NaN NaN NaN 0.931 0.929

Numbers over time by herd
Values for breeding stock: Asia
Year RUS+WAL EAL+BER GOA SEA+NBC SBC+WA OR+CA
1970 82 13 0 0 0 0
1971 96 15 0 0 0 0
1972 105 17 0 0 0 0
1973 117 19 0 0 0 0
1974 128 21 0 0 0 0
1975 139 22 0 0 0 0
1976 149 24 0 0 0 0
1977 158 25 0 0 0 0
1978 166 27 0 0 0 0
1979 174 28 0 0 0 0
1980 184 29 0 0 0 0
1981 196 31 0 0 0 0
1982 210 34 0 0 0 0
1983 225 36 0 0 0 0
1984 242 39 0 0 0 0
1985 260 41 0 0 0 0
1986 278 44 0 0 0 0
1987 298 48 0 0 0 0
1988 317 51 0 0 0 0
1989 338 54 0 0 0 0
1990 360 57 0 0 0 0
1991 383 61 0 0 0 0
1992 408 65 0 0 0 0
1993 435 69 0 0 0 0
1994 464 74 0 0 0 0
1995 495 79 0 0 0 0
1996 528 84 0 0 0 0
1997 562 90 0 0 0 0
1998 599 96 0 0 0 0
1999 638 102 0 0 0 0
2000 679 108 0 0 0 0
2001 722 122 0 0 0 0
2002 767 138 0 0 0 0
2003 816 155 0 0 0 0
2004 867 174 0 0 0 0
2005 921 193 0 0 0 0
2006 978 217 0 0 0 0
2007 1037 233 0 0 0 0
2008 1100 233 0 0 0 0
2009 1166 248 0 0 0 0
2010 1234 219 0 0 0 0
2011 1306 242 0 0 0 0
2012 1381 267 0 0 0 0
2013 1449 277 0 0 0 0
2014 1546 310 0 0 0 0
2015 1586 333 0 0 0 0
2016 1683 320 0 0 0 0
2017 1783 310 0 0 0 0
2018 1883 288 0 0 0 0
2019 1996 255 0 0 0 0
2020 2092 281 0 0 0 0
2021 2190 310 0 0 0 0
2022 2288 323 0 0 0 0
2023 2389 336 0 0 0 0
Values for breeding stock: Hawaii
Year RUS+WAL EAL+BER GOA SEA+NBC SBC+WA OR+CA
1970 20 225 115 424 19 0
1971 23 264 135 494 23 0
1972 26 300 154 560 26 0
1973 29 335 172 622 29 0
1974 32 367 189 680 32 0
1975 34 398 204 734 34 0
1976 37 426 219 784 37 0
1977 39 453 232 832 39 0
1978 41 478 245 876 41 0
1979 44 502 258 918 43 0
1980 46 533 274 973 46 0
1981 50 571 293 1039 49 0
1982 53 614 315 1115 53 0
1983 57 662 340 1200 57 0
1984 62 714 367 1292 61 0
1985 67 770 395 1390 66 0
1986 72 828 425 1492 71 0
1987 77 889 455 1595 76 0
1988 82 951 487 1703 81 0
1989 88 1016 520 1820 86 0
1990 94 1086 556 1943 92 0
1991 101 1162 594 2074 98 0
1992 108 1243 636 2215 105 0
1993 115 1331 681 2371 112 0
1994 124 1426 729 2536 120 0
1995 132 1528 781 2714 128 0
1996 142 1637 836 2900 137 0
1997 152 1753 895 3098 147 0
1998 162 1875 957 3307 157 0
1999 174 2005 1023 3527 167 0
2000 186 2143 1093 3764 179 0
2001 198 2427 1231 4232 202 0
2002 212 2748 1388 4773 229 0
2003 226 3111 1567 5383 259 0
2004 241 3510 1571 5389 293 0
2005 257 3901 1767 6054 330 0
2006 274 4400 1754 6001 372 0
2007 292 4749 1971 6753 423 0
2008 312 4768 1953 6690 473 0
2009 332 5100 2200 7529 536 0
2010 353 4530 2289 7798 600 0
2011 375 5030 2569 8748 669 0
2012 399 5580 2483 8475 752 0
2013 424 5850 2778 9470 841 0
2014 449 6511 2509 8548 805 0
2015 477 7227 1903 6471 827 0
2016 505 6944 1881 6383 734 0
2017 534 6717 1529 5183 773 0
2018 565 6251 1448 4901 839 0
2019 597 5528 1609 5442 918 0
2020 630 6122 1708 5763 994 0
2021 664 6811 1207 4063 1082 0
2022 699 7150 1268 4260 1168 0
2023 735 7474 1333 4471 1203 0
Values for breeding stock: Mexico
Year RUS+WAL EAL+BER GOA SEA+NBC SBC+WA OR+CA
1970 17 210 48 26 15 94
1971 20 246 56 30 17 109
1972 23 279 64 34 19 124
1973 25 311 71 38 21 137
1974 28 340 78 42 24 149
1975 30 368 85 45 25 160
1976 32 394 91 48 27 171
1977 34 419 96 51 29 180
1978 36 442 101 53 30 189
1979 38 463 106 56 32 197
1980 41 491 113 59 34 208
1981 43 526 121 63 36 221
1982 47 565 130 68 39 237
1983 50 609 140 73 42 254
1984 54 656 151 78 45 273
1985 58 706 162 84 48 292
1986 63 759 174 90 52 313
1987 67 814 187 97 55 334
1988 72 870 199 103 59 355
1989 77 929 213 110 63 378
1990 82 992 227 117 67 402
1991 88 1060 243 125 72 427
1992 94 1134 260 133 77 454
1993 100 1213 278 143 82 484
1994 107 1299 297 153 87 516
1995 115 1391 318 163 93 550
1996 123 1489 340 174 100 586
1997 131 1590 363 186 107 623
1998 140 1696 387 198 114 662
1999 149 1809 413 210 121 703
2000 159 1930 441 224 129 748
2001 170 2182 495 251 145 798
2002 181 2467 558 283 164 888
2003 193 2790 629 319 186 998
2004 206 3145 630 319 210 1119
2005 219 3490 708 358 236 1256
2006 234 3934 702 355 266 1325
2007 249 4241 788 398 302 1177
2008 265 4253 780 394 338 1315
2009 281 4542 877 443 382 1352
2010 299 4027 911 458 427 1472
2011 317 4464 1020 513 475 1596
2012 336 4944 984 496 534 1539
2013 357 5176 1100 553 596 1721
2014 378 5751 992 499 569 1912
2015 400 6372 751 377 584 2095
2016 423 6112 741 371 517 2287
2017 447 5903 601 301 544 2570
2018 472 5485 569 284 589 2860
2019 498 4843 631 315 644 3208
2020 524 5350 668 333 696 3298
2021 551 5939 471 234 755 3666
2022 580 6231 495 245 814 3464
2023 608 6499 519 257 837 3608
Values for breeding stock: Central_Am
Year RUS+WAL EAL+BER GOA SEA+NBC SBC+WA OR+CA
1970 0 0 0 0 5 53
1971 0 0 0 0 5 61
1972 0 0 0 0 6 69
1973 0 0 0 0 7 76
1974 0 0 0 0 7 83
1975 0 0 0 0 8 89
1976 0 0 0 0 9 94
1977 0 0 0 0 9 100
1978 0 0 0 0 10 104
1979 0 0 0 0 10 109
1980 0 0 0 0 11 115
1981 0 0 0 0 11 122
1982 0 0 0 0 12 130
1983 0 0 0 0 13 140
1984 0 0 0 0 14 150
1985 0 0 0 0 15 160
1986 0 0 0 0 16 171
1987 0 0 0 0 17 183
1988 0 0 0 0 18 194
1989 0 0 0 0 20 206
1990 0 0 0 0 21 220
1991 0 0 0 0 22 233
1992 0 0 0 0 24 248
1993 0 0 0 0 25 264
1994 0 0 0 0 27 281
1995 0 0 0 0 29 299
1996 0 0 0 0 31 319
1997 0 0 0 0 33 339
1998 0 0 0 0 35 361
1999 0 0 0 0 38 384
2000 0 0 0 0 40 408
2001 0 0 0 0 45 436
2002 0 0 0 0 51 485
2003 0 0 0 0 58 545
2004 0 0 0 0 65 611
2005 0 0 0 0 73 686
2006 0 0 0 0 83 723
2007 0 0 0 0 94 642
2008 0 0 0 0 105 717
2009 0 0 0 0 119 738
2010 0 0 0 0 133 804
2011 0 0 0 0 148 872
2012 0 0 0 0 166 841
2013 0 0 0 0 186 940
2014 0 0 0 0 178 1046
2015 0 0 0 0 182 1147
2016 0 0 0 0 161 1253
2017 0 0 0 0 170 1409
2018 0 0 0 0 184 1568
2019 0 0 0 0 202 1762
2020 0 0 0 0 218 1812
2021 0 0 0 0 237 2017
2022 0 0 0 0 255 1905
2023 0 0 0 0 263 1986

Catch numbers by breeding stock
Year Asia Hawaii Mexico Central_Am
1970 0.9 0 1.1 0.3
1971 0.9 0 1.2 0.3
1972 1 0 1.3 0.3
1973 1.1 0 1.3 0.4
1974 1.2 0.1 1.4 0.4
1975 1.2 0.1 1.5 0.4
1976 1.3 0.1 1.6 0.4
1977 1.4 0.1 1.6 0.4
1978 1.5 0.1 1.7 0.5
1979 1.6 0.1 1.8 0.5
1980 1.8 0.1 1.9 0.5
1981 1.9 0.1 2 0.5
1982 2 0.1 2.1 0.6
1983 2.2 0.1 2.2 0.6
1984 2.3 0.1 2.4 0.6
1985 2.5 0.1 2.5 0.7
1986 2.6 0.1 2.6 0.7
1987 2.8 0.1 2.8 0.7
1988 3 0.1 2.9 0.8
1989 3.2 0.1 3.1 0.8
1990 3.5 0.2 3.2 0.8
1991 3.7 0.2 3.4 0.9
1992 4 0.2 3.6 0.9
1993 4.3 0.2 3.8 1
1994 4.6 0.2 4 1
1995 4.9 0.2 4.2 1.1
1996 5.2 0.2 4.4 1.1
1997 5.6 0.2 11 1.2
1998 6 0.2 11.6 1.2
1999 6.4 0.2 12.3 1.3
2000 6.9 0.3 12.9 1.4
2001 7.3 0.3 13.6 1.4
2002 7.9 0 13.7 1.5
2003 8.4 0 13.7 1.6
2004 9 0 15.8 1.7
2005 9.6 0 19 1.8
2006 10.3 1 16.1 1.8
2007 11.1 0 18.2 1.9
2008 11.8 0 18.7 2
2009 12.7 0 21.2 2.1
2010 13.6 0 22 2.2
2011 14.5 0.8 24.9 2.4
2012 15.5 0 25.6 2.5
2013 28 0 25.3 2.6
2014 0 5 30.6 2.7
2015 72 0 33.5 2.9
2016 12 0.1 33.4 3
2017 12 0.1 31.5 3.2
2018 16 0.1 31.5 3.3
2019 4 0.4 31.5 1.7
2020 26.8 0.4 40.7 5
2021 28.6 0.4 44.1 4.7
2022 30.7 0.4 26.4 3.7
2023 32.8 0.4 43.3 4.2

Catch numbers by feeding ground
Year RUS+WAL EAL+BER GOA SEA+NBC SBC+WA OR+CA
1970 0 2.7 3.1 6.8 0.1 6.4
1971 0 1.8 0.1 4 0.1 1.5
1972 4 0.8 0.1 4.1 0.1 1.6
1973 0 0.8 0.1 4.3 0.1 1.7
1974 0 0.8 0.1 4.5 0.1 2.5
1975 0 0.8 0.2 4.7 0.1 2.7
1976 0 0.8 0.2 4.9 0.2 2.9
1977 0 0.8 0.2 5.2 0.2 3.1
1978 0 0.8 0.2 5.4 0.2 3.3
1979 0 1 0.2 5.6 0.2 3.5
1980 0 1 0.2 5.9 0.2 3.9
1981 0 1 0.3 6.1 0.3 4.2
1982 0 1 0.4 6.5 0.3 4.5
1983 0 1 0.4 6.7 0.3 4.8
1984 0 1 0.5 7.1 0.4 4.6
1985 0 1 0.5 6.7 0.4 5
1986 0 1 0.7 7.8 0.4 5.4
1987 0 1 0.7 10 0.5 5.8
1988 0 1.1 0.8 8.5 0.5 6.3
1989 0 0.9 0.8 6.1 0.6 6.1
1990 0 1 0.8 7.4 0.7 5.8
1991 0 1 0.9 8.2 0.7 7.6
1992 0 1.1 0.9 9.8 0.8 8.3
1993 0 1.1 1 7.1 0.9 8.6
1994 0 1.2 1 9.3 1 8.8
1995 0 1.2 1 9.3 1.1 9.6
1996 0 1.2 1.1 12.7 1.2 9.9
1997 0 1.2 1.3 12.7 0.9 10.7
1998 0 3 1.4 14.7 1.2 12
1999 0 2.6 1.4 17.4 1.7 13.5
2000 0 1.2 1.5 14.1 1.5 11.6
2001 0 1.2 1.8 16.4 1.7 13.4
2002 0 2.4 1.9 13.8 1.9 13.7
2003 0 1.4 2 18.9 2.3 16
2004 0 1.4 2.3 22 2.5 15.9
2005 0 1.6 2.3 23.3 5.8 20.1
2006 0 1.6 2.4 22.7 5.3 22.1
2007 0 0.1 7.3 18.4 0 18.1
2008 0 0.1 4.3 19.7 12.4 8.8
2009 0 0.1 4.3 24.1 0 9.8
2010 0 6.1 0.8 44.5 7 24.5
2011 0 3.1 4 28.4 11 11.9
2012 0 4.1 8.8 11.6 0 10
2013 0 0.1 4 31.6 0 4.7
2014 0 0.1 11.8 43.7 7 45.2
2015 0 4.1 12 51 9.1 103.4
2016 0 4.1 4.8 34.8 7.1 150.3
2017 0 4.1 2.1 16.3 11.1 60.3
2018 0 1.1 4 26.6 30.1 111.1
2019 0 4.1 6 27.3 9.1 61
2020 0 1.1 0 24 23 31.2
2021 0 2.2 7 33.7 13 62.4
2022 0 4.3 0.8 22.3 8 56
2023 0 3.6 9.1 40.1 19.2 59.7
