Stock structure: B1F1; Model type = S5
Mortality impacts feeding grounds
Recuitment related to unfished
Staying rate: 0
Age-at-matrity: 8
Base adult survival: 0
Mirrored survival
Sigma for survival devs: 6
Additional variance estimated
Weight for mark-recapture proportions: 1
Weight for genetics proportions: 1


Total objective fn: 263.828892977079
Negative log-likelihood fn: 73.4319621965607

Natural Survival by feeding ground
RUS+WAL,EAL+BER,GOA,SEA+NBC,SBC+WA,OR+CA
1970 0.98 0.98 0.98 0.98 0.98 0.98
1971 0.98 0.98 0.98 0.98 0.98 0.98
1972 0.98 0.98 0.98 0.98 0.98 0.98
1973 0.98 0.98 0.98 0.98 0.98 0.98
1974 0.98 0.98 0.98 0.98 0.98 0.98
1975 0.98 0.98 0.98 0.98 0.98 0.98
1976 0.98 0.98 0.98 0.98 0.98 0.98
1977 0.98 0.98 0.98 0.98 0.98 0.98
1978 0.98 0.98 0.98 0.98 0.98 0.98
1979 0.98 0.98 0.98 0.98 0.98 0.98
1980 0.98 0.98 0.98 0.98 0.98 0.98
1981 0.98 0.98 0.98 0.98 0.98 0.98
1982 0.98 0.98 0.98 0.98 0.98 0.98
1983 0.98 0.98 0.98 0.98 0.98 0.98
1984 0.98 0.98 0.98 0.98 0.98 0.98
1985 0.98 0.98 0.98 0.98 0.98 0.98
1986 0.98 0.98 0.98 0.98 0.98 0.98
1987 0.98 0.98 0.98 0.98 0.98 0.98
1988 0.98 0.98 0.98 0.98 0.98 0.98
1989 0.98 0.98 0.98 0.98 0.98 0.98
1990 0.98 0.98 0.98 0.98 0.98 0.98
1991 0.98 0.98 0.98 0.98 0.98 0.98
1992 0.98 0.98 0.98 0.98 0.98 0.98
1993 0.98 0.98 0.98 0.98 0.98 0.98
1994 0.98 0.98 0.98 0.98 0.98 0.98
1995 0.98 0.98 0.98 0.98 0.98 0.98
1996 0.98 0.98 0.98 0.98 0.98 0.98
1997 0.98 0.98 0.98 0.98 0.98 0.98
1998 0.98 0.98 0.98 0.98 0.98 0.98
1999 0.98 0.98 0.98 0.98 0.98 0.98
2000 0.98 0.9951819 0.8918383 0.8918383 0.9965242 0.8971126
2001 0.98 0.9951817 0.9950434 0.9950434 0.9971714 0.9925503
2002 0.98 0.9955876 0.9960466 0.9960466 0.9975101 0.9960412
2003 0.98 0.9884477 0.9385645 0.9385645 0.9976259 0.9955633
2004 0.98 0.9387758 0.9966182 0.9966182 0.9976117 0.9959621
2005 0.98 0.9954103 0.9208458 0.9208458 0.9977084 0.9824199
2006 0.98 0.9873478 0.9961755 0.9961755 0.9977453 0.8042255
2007 0.98 0.9111828 0.9231061 0.9231061 0.9974078 0.9897967
2008 0.98 0.9799634 0.9973448 0.9973448 0.9967614 0.9384712
2009 0.98 0.8114927 0.9507407 0.9507407 0.9959696 0.9838199
2010 0.98 0.9909415 0.9967116 0.9967116 0.995601 0.9815521
2011 0.98 0.9904038 0.8925286 0.8925286 0.9951381 0.9417593
2012 0.98 0.9794068 0.9954464 0.9954464 0.9932925 0.9951093
2013 0.98 0.9940141 0.8434873 0.8434873 0.9831674 0.9976605
2014 0.98 0.9942285 0.690659 0.690659 0.9787354 0.9985835
2015 0.98 0.8870632 0.9018407 0.9018407 0.8257056 0.9988242
2016 0.98 0.8920405 0.7401207 0.7401207 0.9829272 0.9985779
2017 0.98 0.8486348 0.8835419 0.8835419 0.9913806 0.9981688
2018 0.98 0.8214068 0.9951204 0.9951204 0.9914868 0.9966328
2019 0.98 0.9924503 0.9787508 0.9787508 0.9924741 0.9906371
2020 0.98 0.9966879 0.6714433 0.6714433 0.9939191 0.9940938
2021 0.98 0.9800088 0.9800013 0.9800013 0.991036 0.8658329
2022 0.98 0.9799979 0.9799998 0.9799998 0.9857618 0.9554061
2023 0.98 0.98 0.98 0.98 0.98 0.9801173

Naturak Survival by breeding stock
RUS+WAL,EAL+BER,GOA,SEA+NBC,SBC+WA,OR+CA
1970 0.98 0.98 0.98 0.98
1971 0.98 0.98 0.98 0.98
1972 0.98 0.98 0.98 0.98
1973 0.98 0.98 0.98 0.98
1974 0.98 0.98 0.98 0.98
1975 0.98 0.98 0.98 0.98
1976 0.98 0.98 0.98 0.98
1977 0.98 0.98 0.98 0.98
1978 0.98 0.98 0.98 0.98
1979 0.98 0.98 0.98 0.98
1980 0.98 0.98 0.98 0.98
1981 0.98 0.98 0.98 0.98
1982 0.98 0.98 0.98 0.98
1983 0.98 0.98 0.98 0.98
1984 0.98 0.98 0.98 0.98
1985 0.98 0.98 0.98 0.98
1986 0.98 0.98 0.98 0.98
1987 0.98 0.98 0.98 0.98
1988 0.98 0.98 0.98 0.98
1989 0.98 0.98 0.98 0.98
1990 0.98 0.98 0.98 0.98
1991 0.98 0.98 0.98 0.98
1992 0.98 0.98 0.98 0.98
1993 0.98 0.98 0.98 0.98
1994 0.98 0.98 0.98 0.98
1995 0.98 0.98 0.98 0.98
1996 0.98 0.98 0.98 0.98
1997 0.98 0.98 0.98 0.98
1998 0.98 0.98 0.98 0.98
1999 0.98 0.98 0.98 0.98
2000 0.98 0.98 0.98 0.98
2001 0.98 0.98 0.98 0.98
2002 0.98 0.98 0.98 0.98
2003 0.98 0.98 0.98 0.98
2004 0.98 0.98 0.98 0.98
2005 0.98 0.98 0.98 0.98
2006 0.98 0.98 0.98 0.98
2007 0.98 0.98 0.98 0.98
2008 0.98 0.98 0.98 0.98
2009 0.98 0.98 0.98 0.98
2010 0.98 0.98 0.98 0.98
2011 0.98 0.98 0.98 0.98
2012 0.98 0.98 0.98 0.98
2013 0.98 0.98 0.98 0.98
2014 0.98 0.98 0.98 0.98
2015 0.98 0.98 0.98 0.98
2016 0.98 0.98 0.98 0.98
2017 0.98 0.98 0.98 0.98
2018 0.98 0.98 0.98 0.98
2019 0.98 0.98 0.98 0.98
2020 0.98 0.98 0.98 0.98
2021 0.98 0.98 0.98 0.98
2022 0.98 0.98 0.98 0.98
2023 0.98 0.98 0.98 0.98

Fecundity by feeding ground
RUS+WAL,EAL+BER,GOA,SEA+NBC,SBC+WA,OR+CA
1970 0.7020432 0.7040749 0.703751 0.7029072 0.704542 0.7062122
1971 0.7020432 0.7040749 0.703751 0.7029072 0.704542 0.7062122
1972 0.7020432 0.7040749 0.703751 0.7029072 0.704542 0.7062122
1973 0.7020432 0.7040749 0.703751 0.7029072 0.704542 0.7062122
1974 0.7020432 0.7040749 0.703751 0.7029072 0.704542 0.7062122
1975 0.7020432 0.7040749 0.703751 0.7029072 0.704542 0.7062122
1976 0.7020432 0.7040749 0.703751 0.7029072 0.704542 0.7062122
1977 0.7020432 0.7040749 0.703751 0.7029072 0.704542 0.7062122
1978 0.7020432 0.7040749 0.703751 0.7029072 0.704542 0.7062122
1979 0.7003367 0.7027635 0.7023271 0.7013924 0.7033155 0.7054031
1980 0.6991906 0.7014572 0.7009325 0.6999108 0.7021145 0.7046156
1981 0.6975626 0.7001776 0.6995658 0.698464 0.7009395 0.7038527
1982 0.6959788 0.6989257 0.6982282 0.6970531 0.6997896 0.7031425
1983 0.6944273 0.6977001 0.6969248 0.6956759 0.6986637 0.7024566
1984 0.6929182 0.6965006 0.6956482 0.6943316 0.6975859 0.7017944
1985 0.6914503 0.6953254 0.6943972 0.6930222 0.6965298 0.7011545
1986 0.690023 0.6941754 0.6931721 0.6917445 0.6954977 0.7005417
1987 0.6886358 0.6930544 0.6919722 0.6904977 0.6944873 0.6999511
1988 0.6868966 0.6916469 0.6904601 0.6889263 0.6932069 0.6991985
1989 0.6849346 0.6899607 0.6886567 0.6870434 0.6916936 0.698288
1990 0.6826428 0.6880088 0.6865758 0.6848701 0.6899367 0.6972332
1991 0.6800507 0.6858045 0.6842245 0.6824167 0.6879457 0.6960457
1992 0.6771631 0.6833608 0.6816246 0.6797036 0.6857575 0.6947124
1993 0.6740078 0.6806888 0.6787812 0.6767232 0.6833644 0.6932727
1994 0.6705901 0.6777993 0.6757192 0.6735302 0.6807744 0.6917301
1995 0.6669374 0.6747049 0.6724378 0.6701664 0.6780234 0.6900943
1996 0.6630645 0.6714184 0.6689538 0.6665451 0.6750967 0.6883803
1997 0.6588979 0.6678733 0.6651953 0.6625752 0.67196 0.6865168
1998 0.6544063 0.6640192 0.6611034 0.6582941 0.6685648 0.6844648
1999 0.6495145 0.6598018 0.6566306 0.6536308 0.6648401 0.6822962
2000 0.6441784 0.6551769 0.6517204 0.6485551 0.6607641 0.6799286
2001 0.6383468 0.6501001 0.6463367 0.6429078 0.6563044 0.6773193
2002 0.6319772 0.6445363 0.6404332 0.6367768 0.6514239 0.6744411
2003 0.6250305 0.63845 0.6339781 0.6300734 0.6460933 0.6713087
2004 0.6174766 0.6318127 0.6269481 0.6228694 0.6402888 0.6678806
2005 0.6093329 0.624679 0.6193768 0.6150483 0.6339469 0.6642336
2006 0.600531 0.6169787 0.6111705 0.6066017 0.6271316 0.6603028
2007 0.5910301 0.6086182 0.6022762 0.5975071 0.6198565 0.6560682
2008 0.5807884 0.5995227 0.5926477 0.5875545 0.6118957 0.6513564
2009 0.5697384 0.5878026 0.5937729 0.5888876 0.6014906 0.6517751
2010 0.5578349 0.5749147 0.5815771 0.57625 0.5899512 0.6459674
2011 0.5450057 0.5606364 0.5680187 0.5623369 0.5772372 0.6393801
2012 0.5312137 0.546137 0.5622139 0.5565598 0.563224 0.6321007
2013 0.516418 0.5394144 0.5467397 0.5407726 0.5485856 0.6241994
2014 0.5005476 0.5217706 0.5434941 0.5376924 0.5321714 0.6167857
2015 0.4835925 0.5041426 0.5267328 0.5201631 0.5127379 0.6271449
2016 0.4655174 0.502455 0.523046 0.5164579 0.4946119 0.6188382
2017 0.4463062 0.4851742 0.5041091 0.4970863 0.4716179 0.6150486
2018 0.4259794 0.5088121 0.4934701 0.487079 0.4485896 0.6069696
2019 0.4044844 0.4903414 0.4718695 0.4651051 0.424623 0.5978589
2020 0.3818171 0.4706943 0.476225 0.4691105 0.3959587 0.592934
2021 0.3592696 0.4525079 0.4536621 0.4463334 0.3657657 0.5806992
2022 0.3324106 0.4288712 0.4729625 0.4664757 0.3393198 0.5688944
2023 0.3123968 0.4039662 0.5306898 0.526238 0.3137822 0.5584218

Total abundance: Estimate SD_log
1970 852.889 0.0922619
1971 1013.987 0.08403343
1972 1183.133 0.07753084
1973 1345.564 0.07299565
1974 1508.176 0.06939535
1975 1666.262 0.06663676
1976 1820.599 0.06444643
1977 1971.162 0.06267513
1978 2118.127 0.06121638
1979 2261.466 0.06000126
1980 2442.021 0.05786252
1981 2657.084 0.05519526
1982 2905.952 0.05226219
1983 3186.523 0.04930943
1984 3497.425 0.04649305
1985 3837.122 0.04391246
1986 4204.353 0.04161747
1987 4596.123 0.03964116
1988 5009.793 0.03798487
1989 5456.709 0.03651222
1990 5945.77 0.03518405
1991 6479.563 0.03403918
1992 7062.581 0.03312146
1993 7700.396 0.03247527
1994 8402.327 0.03212432
1995 9167.564 0.03211489
1996 10000.75 0.03244257
1997 10902.3 0.03309186
1998 11874.06 0.0340354
1999 12922.79 0.03523296
2000 14055.56 0.03664968
2001 14630.91 0.03463861
2002 16127.97 0.03495735
2003 17792.04 0.03572304
2004 19068.28 0.03372726
2005 20555.26 0.02450969
2006 21852.34 0.02709824
2007 23522.29 0.03319583
2008 24190.76 0.04783111
2009 26293.94 0.04620408
2010 26261.92 0.03810161
2011 28678.05 0.03708488
2012 29706.61 0.03602873
2013 32294.64 0.03354247
2014 32911.28 0.04515916
2015 31513.81 0.03923661
2016 31219.93 0.04523147
2017 29668.57 0.0470858
2018 29195.98 0.03974264
2019 29363.36 0.03433027
2020 31607.7 0.03410995
2021 31164.78 0.03563362
2022 32457.25 0.06920862
2023 34367.66 0.0899357
2024 36457.61 0.1092017

Breeding stock abundance: Estimate SD_log Estimate/K
Asia
1970 54.23266 0.1169309 1.504277
1971 64.91324 0.1094978 1.80053
1972 75.4077 0.1044205 2.091619
1973 82.9047 0.1041065 2.299567
1974 92.87323 0.1010515 2.576069
1975 102.5446 0.09878399 2.844327
1976 112.0226 0.09698105 3.107224
1977 121.2132 0.095593 3.362148
1978 130.1221 0.09451473 3.609258
1979 138.7549 0.09367403 3.848711
1980 149.6353 0.09202911 4.150506
1981 161.8983 0.09047242 4.49065
1982 176.1959 0.08855395 4.887229
1983 192.406 0.08649118 5.336857
1984 210.3365 0.08446292 5.834204
1985 229.9734 0.08252303 6.378882
1986 251.1091 0.08076284 6.965133
1987 273.7383 0.07917236 7.592809
1988 297.6604 0.07778675 8.25635
1989 323.3262 0.07649357 8.968253
1990 351.0301 0.07528691 9.73669
1991 381.064 0.07414492 10.56975
1992 413.8616 0.07304004 11.47948
1993 449.6394 0.07199512 12.47186
1994 488.6552 0.0710285 13.55406
1995 531.145 0.07015841 14.73262
1996 577.2898 0.0694073 16.01256
1997 627.2323 0.06879368 17.39784
1998 681.1 0.06833501 18.892
1999 739.0905 0.06803992 20.50051
2000 801.585 0.06791257 22.23395
2001 871.0077 0.06796682 24.15956
2002 946.0456 0.06821148 26.24092
2003 1026.966 0.06869958 28.48544
2004 1112.943 0.06939835 30.87023
2005 1195.055 0.06913771 33.14781
2006 1294.688 0.070256 35.91138
2007 1399.586 0.07215598 38.82099
2008 1491.975 0.07512061 41.38362
2009 1607.472 0.07716205 44.58722
2010 1682.964 0.07895008 46.68118
2011 1810.656 0.08212031 50.22302
2012 1945.281 0.08596595 53.9572
2013 2083.509 0.09018613 57.79127
2014 2221.656 0.0959448 61.62313
2015 2394.952 0.1012924 66.42992
2016 2465.528 0.1112216 68.38752
2017 2602.621 0.119957 72.19015
2018 2727.843 0.129975 75.66348
2019 2845.966 0.1419661 78.93991
2020 3027.565 0.1529097 83.97703
2021 3188.633 0.1662089 88.44465
2022 3341.164 0.1814877 92.67545
2023 3488.713 0.1985744 96.76809
Hawaii
1970 504.0145 0.09199422 1.199127
1971 602.3671 0.08353352 1.433123
1972 703.8597 0.07715702 1.674589
1973 803.1014 0.0725933 1.9107
1974 900.794 0.06914179 2.143126
1975 996.2488 0.06648661 2.370227
1976 1089.539 0.06438851 2.59218
1977 1180.729 0.06269451 2.809133
1978 1269.816 0.06130507 3.021086
1979 1356.936 0.06014506 3.228358
1980 1466.525 0.05814238 3.489086
1981 1597.5 0.05565094 3.800696
1982 1748.939 0.05296228 4.160993
1983 1919.672 0.05030594 4.567192
1984 2108.965 0.04782491 5.017547
1985 2315.56 0.04561324 5.509069
1986 2539.395 0.04369514 6.041607
1987 2778.06 0.04210342 6.609427
1988 3029.781 0.04083059 7.208311
1989 3302.707 0.03973972 7.857642
1990 3602.148 0.03880264 8.570058
1991 3928.322 0.03807388 9.346077
1992 4285.448 0.0375747 10.19573
1993 4675.912 0.0373436 11.12471
1994 5106.676 0.03737412 12.14956
1995 5575.432 0.03771008 13.2648
1996 6086.041 0.03832663 14.47962
1997 6637.438 0.03921278 15.79148
1998 7236.166 0.04031617 17.21594
1999 7882.313 0.04162534 18.75322
2000 8580.135 0.04311609 20.41345
2001 8831.815 0.04178573 21.01223
2002 9751.945 0.0425955 23.20136
2003 10774.42 0.04356966 25.63398
2004 11431.36 0.03722012 27.19695
2005 12376.16 0.03029885 29.44477
2006 12986.5 0.03456615 30.89686
2007 14263.32 0.0379443 33.9346
2008 14549.45 0.04715783 34.61535
2009 15923.87 0.0458502 37.8853
2010 15962.03 0.04219055 37.97609
2011 17484.28 0.04170276 41.59776
2012 17829.61 0.03864325 42.41935
2013 19427.8 0.03804247 46.22169
2014 19169.38 0.06103236 45.60687
2015 17093.11 0.04435519 40.66711
2016 16710.32 0.04921741 39.7564
2017 15040.11 0.05365881 35.78271
2018 14422.91 0.04676496 34.3143
2019 14474.55 0.04106972 34.43715
2020 15533.46 0.03939599 36.95647
2021 14134.46 0.05137716 33.62803
2022 15034.17 0.09005368 35.76857
2023 15998.83 0.1170451 38.06365
Mexico
1970 256.907 0.1016481 0.7876131
1971 303.8538 0.09484581 0.9315404
1972 354.2661 0.0890514 1.086092
1973 403.3812 0.08496487 1.236667
1974 452.0189 0.08182082 1.385778
1975 499.0711 0.07948745 1.530028
1976 544.9187 0.07766871 1.670585
1977 589.5773 0.07622478 1.807497
1978 633.2 0.07504562 1.941234
1979 675.7145 0.07407997 2.071573
1980 729.2567 0.07232617 2.23572
1981 793.2102 0.07011937 2.431785
1982 867.2137 0.06771014 2.658662
1983 950.6703 0.06531488 2.914519
1984 1043.104 0.06306545 3.197899
1985 1144.159 0.06102996 3.507709
1986 1253.21 0.05925155 3.842031
1987 1369.663 0.05773764 4.199046
1988 1492.922 0.05647838 4.576929
1989 1625.547 0.05537122 4.983524
1990 1770.208 0.0543649 5.427017
1991 1928.713 0.05346064 5.912956
1992 2101.495 0.05271385 6.442662
1993 2290.802 0.05212781 7.023029
1994 2498.546 0.05171955 7.659921
1995 2725.705 0.05150983 8.356333
1996 2973.065 0.05151206 9.114679
1997 3241.623 0.05171747 9.93801
1998 3526.548 0.05220693 10.81152
1999 3834.195 0.05287916 11.75469
2000 4167.047 0.05371922 12.77513
2001 4418.959 0.05325699 13.54743
2002 4870.435 0.05298336 14.93154
2003 5373.507 0.05330999 16.47384
2004 5844.09 0.05563697 17.91653
2005 6234.3 0.04594737 19.11282
2006 6755.966 0.0474711 20.71211
2007 7117.282 0.05728253 21.81982
2008 7336.503 0.07873344 22.4919
2009 7910.787 0.07659178 24.25251
2010 7685.767 0.06373684 23.56265
2011 8374.025 0.06200447 25.67268
2012 8872.998 0.06185586 27.20241
2013 9617.781 0.05713481 29.48573
2014 10235.67 0.05795959 31.38002
2015 10626.58 0.061129 32.57844
2016 10566.31 0.06908278 32.39369
2017 10443.72 0.06808654 32.01785
2018 10311.02 0.05967341 31.61103
2019 10164.75 0.05307197 31.1626
2020 10998.04 0.05254269 33.71726
2021 11593.35 0.05184714 35.54234
2022 11913.28 0.08732697 36.52314
2023 12601.37 0.1073566 38.63267
Central_Am
1970 37.73484 0.1122805 0.5435755
1971 42.85266 0.1090727 0.6172984
1972 49.59926 0.1047071 0.7144841
1973 56.17641 0.1016247 0.8092287
1974 62.49008 0.099506 0.900178
1975 68.39777 0.09804559 0.985279
1976 74.11814 0.09691556 1.067682
1977 79.64318 0.09603619 1.147271
1978 84.98838 0.09533455 1.224269
1979 90.0601 0.09487087 1.297328
1980 96.60375 0.09370484 1.39159
1981 104.4749 0.09212664 1.504975
1982 113.6026 0.09038342 1.636461
1983 123.7747 0.0887276 1.782991
1984 135.0199 0.08717138 1.944979
1985 147.4292 0.08575103 2.123737
1986 160.6388 0.08457267 2.314023
1987 174.6623 0.08358505 2.516033
1988 189.4288 0.08277426 2.728748
1989 205.1286 0.08209633 2.954905
1990 222.3836 0.08145829 3.203466
1991 241.4634 0.08087213 3.478313
1992 261.7761 0.08041334 3.770921
1993 284.042 0.08004339 4.091664
1994 308.4499 0.07981298 4.443263
1995 335.2822 0.07970874 4.829785
1996 364.3532 0.07976929 5.248557
1997 396.0117 0.07997222 5.704602
1998 430.2434 0.0803307 6.197715
1999 467.1884 0.08083021 6.729911
2000 506.7962 0.08149333 7.300468
2001 509.125 0.08915995 7.334015
2002 559.5401 0.08620502 8.060251
2003 617.1474 0.08577863 8.890091
2004 679.8815 0.08572265 9.793784
2005 749.7433 0.08617609 10.80015
2006 815.1823 0.1022908 11.74281
2007 742.1057 0.1080688 10.69013
2008 812.8345 0.1087447 11.70899
2009 851.809 0.10645 12.27042
2010 931.1612 0.1013403 13.4135
2011 1009.091 0.1072965 14.5361
2012 1058.726 0.08024835 15.2511
2013 1165.547 0.07842483 16.78986
2014 1284.574 0.07850438 18.50446
2015 1399.168 0.07948389 20.1552
2016 1477.762 0.07899084 21.28736
2017 1582.12 0.07871822 22.79066
2018 1734.204 0.07890395 24.98144
2019 1878.096 0.07960252 27.05423
2020 2048.628 0.0819398 29.51076
2021 2248.331 0.08402368 32.38751
2022 2168.646 0.1195804 31.23964
2023 2278.745 0.1187287 32.82562

Feeding stock abundance: Estimate SD_log Estimate/K
RUS+WAL
1970 64.2396 0.1370898 1.268902
1971 77.499 0.1294008 1.53081
1972 90.40442 0.1243779 1.785726
1973 99.05465 0.1256558 1.956591
1974 111.3611 0.1224188 2.199677
1975 123.4167 0.1199321 2.437806
1976 135.1425 0.118026 2.669422
1977 146.549 0.1165369 2.89473
1978 157.6388 0.1153574 3.113782
1979 168.4182 0.114414 3.326705
1980 181.9321 0.1127668 3.593639
1981 197.1771 0.1113758 3.894768
1982 214.9848 0.1096146 4.246518
1983 235.1261 0.1077237 4.644362
1984 257.5632 0.1058035 5.087553
1985 282.0812 0.1039773 5.571848
1986 308.6373 0.1022717 6.096402
1987 337.0193 0.1007346 6.657021
1988 367.1131 0.09936916 7.251453
1989 399.488 0.09807463 7.890944
1990 434.3893 0.0968866 8.580336
1991 472.3998 0.09574402 9.331144
1992 513.862 0.09464892 10.15013
1993 559.1746 0.09360099 11.04518
1994 608.6686 0.09261474 12.02281
1995 662.6455 0.09170656 13.089
1996 721.3415 0.09089659 14.2484
1997 784.6197 0.0901937 15.49831
1998 853.0124 0.089622 16.84925
1999 926.8363 0.0891941 18.30747
2000 1006.417 0.08892584 19.8794
2001 1092.278 0.08882208 21.57537
2002 1184.771 0.08891389 23.40235
2003 1284.456 0.08921974 25.37141
2004 1391.623 0.08977006 27.48824
2005 1506.589 0.09060818 29.75911
2006 1629.906 0.09177256 32.19494
2007 1761.65 0.09330427 34.79724
2008 1902.096 0.09525919 37.57142
2009 2051.369 0.09769098 40.51996
2010 2209.309 0.1006841 43.6397
2011 2376.323 0.104279 46.93865
2012 2552.438 0.1085547 50.4174
2013 2727.61 0.1139312 53.87751
2014 2936.249 0.1192887 57.99868
2015 3091.675 0.1276377 61.06876
2016 3307.569 0.1352267 65.33324
2017 3530.413 0.1439147 69.73498
2018 3755.156 0.1539137 74.17426
2019 3994.622 0.1647882 78.90435
2020 4214.931 0.1777674 83.25603
2021 4433.611 0.1922663 87.57554
2022 4648.972 0.2082677 91.82948
2023 4855.771 0.2262581 95.91431
EAL+BER
1970 278.3539 0.1274914 0.966437
1971 335.4269 0.1210698 1.164593
1972 392.1728 0.1166677 1.361613
1973 448.7402 0.1133811 1.558014
1974 504.0796 0.1110044 1.75015
1975 558.2592 0.1092146 1.93826
1976 611.2859 0.1078269 2.122368
1977 663.2347 0.1067194 2.302733
1978 714.0751 0.105822 2.479249
1979 763.829 0.1050829 2.651993
1980 826.0481 0.1038703 2.868016
1981 900.588 0.1023541 3.126817
1982 986.8743 0.1007366 3.4264
1983 1084.319 0.09916137 3.764727
1984 1192.346 0.09771528 4.139792
1985 1310.466 0.09643732 4.549901
1986 1438.201 0.09533842 4.993392
1987 1574.991 0.09441478 5.468326
1988 1720.374 0.09365176 5.973089
1989 1876.889 0.09299807 6.516506
1990 2047.366 0.09241215 7.108397
1991 2233.799 0.09190543 7.755689
1992 2438.349 0.09148033 8.46588
1993 2662.772 0.09115177 9.245071
1994 2908.827 0.0909264 10.09937
1995 3177.88 0.09081407 11.03351
1996 3471.288 0.09081376 12.05222
1997 3786.645 0.09096523 13.14713
1998 4128.845 0.09121563 14.33523
1999 4498.029 0.09159754 15.61703
2000 4898.704 0.09205791 17.00816
2001 5416.808 0.09186834 18.80701
2002 5987.729 0.09168069 20.78923
2003 6617.921 0.09203461 22.97724
2004 7258.882 0.09411177 25.20264
2005 7556.26 0.06666083 26.23512
2006 8336.223 0.06761867 28.94313
2007 9113.987 0.08563226 31.64351
2008 9188.592 0.1344885 31.90254
2009 9952.506 0.1307794 34.55483
2010 8913.567 0.1120216 30.94766
2011 9727.086 0.1077279 33.77217
2012 10596.6 0.1058963 36.79111
2013 11396.54 0.09609554 39.56848
2014 12441.4 0.09567524 43.19621
2015 13546.31 0.09646807 47.03242
2016 13137.47 0.1131884 45.61294
2017 12822.94 0.1131084 44.52089
2018 11880.59 0.1046908 41.24908
2019 10711.67 0.1016205 37.19063
2020 11625.93 0.09962623 40.36491
2021 12636.41 0.09930638 43.87328
2022 13477.31 0.155394 46.79285
2023 14312.56 0.1965046 49.69283
GOA
1970 102.4333 0.1042232 1.038204
1971 120.9958 0.09879262 1.226343
1972 142.1146 0.09322768 1.440391
1973 162.8105 0.08936488 1.650152
1974 183.0658 0.08655524 1.855449
1975 202.9038 0.08442995 2.056515
1976 222.2347 0.08280996 2.252442
1977 241.1787 0.08151451 2.444447
1978 259.7314 0.08045914 2.632487
1979 277.9008 0.07958479 2.816641
1980 300.7999 0.07810106 3.048732
1981 328.2085 0.07629844 3.32653
1982 359.8195 0.07443428 3.64692
1983 395.4266 0.07266774 4.007813
1984 434.8971 0.07108111 4.407863
1985 477.956 0.06973328 4.844284
1986 524.5234 0.06861627 5.316264
1987 574.2149 0.06774216 5.819908
1988 627.0727 0.06706024 6.355644
1989 683.9884 0.0665218 6.932509
1990 745.954 0.06610049 7.560556
1991 813.786 0.06580238 8.248061
1992 888.142 0.06564834 9.001691
1993 969.769 0.06564677 9.829015
1994 1059.167 0.06581431 10.7351
1995 1156.917 0.06614921 11.72583
1996 1263.473 0.06664557 12.80583
1997 1378.327 0.06729648 13.96992
1998 1502.697 0.06809265 15.23046
1999 1637.385 0.06901806 16.59558
2000 1783.291 0.07006175 18.07439
2001 1766.553 0.06728562 17.90475
2002 1951.336 0.06785734 19.7776
2003 2156.752 0.06858006 21.85958
2004 2244.956 0.06326193 22.75357
2005 2479.284 0.0626897 25.12857
2006 2528.532 0.07090406 25.62773
2007 2787.252 0.07095532 28.24996
2008 2840.082 0.06713172 28.78542
2009 3126.847 0.06682645 31.6919
2010 3284.454 0.07207268 33.28931
2011 3614.754 0.07252853 36.63704
2012 3553.598 0.06734756 36.0172
2013 3890.468 0.06956664 39.43152
2014 3606.002 0.1122633 36.54834
2015 2732.031 0.07535409 27.69027
2016 2694.029 0.07757687 27.30511
2017 2186.17 0.08371684 22.15774
2018 2113.745 0.08786676 21.42369
2019 2297.654 0.0858795 23.28768
2020 2447.14 0.08346112 24.80278
2021 1795.285 0.1596916 18.19596
2022 1909.767 0.1998274 19.35628
2023 2046.299 0.2329403 20.7401
SEA+NBC
1970 286.0447 0.09611163 1.163961
1971 340.3792 0.08920429 1.385056
1972 396.365 0.0839907 1.612871
1973 451.1333 0.0803383 1.835732
1974 504.5513 0.07768665 2.053098
1975 556.699 0.07569242 2.265296
1976 607.6017 0.07415356 2.472427
1977 657.2906 0.07294145 2.674619
1978 705.6857 0.07198116 2.871546
1979 752.9108 0.07120258 3.063712
1980 812.4827 0.06977705 3.30612
1981 883.7046 0.0680082 3.595933
1982 966.0773 0.06613605 3.93112
1983 1058.814 0.06435161 4.30848
1984 1161.551 0.062749 4.726535
1985 1273.564 0.06139182 5.182332
1986 1395.102 0.06025923 5.676887
1987 1524.18 0.05940637 6.202128
1988 1659.268 0.05883656 6.751822
1989 1806.609 0.05835032 7.351374
1990 1969.385 0.0579208 8.013736
1991 2146.075 0.05767298 8.732717
1992 2339.125 0.05760118 9.518264
1993 2549.433 0.05773722 10.37404
1994 2782.885 0.05799463 11.324
1995 3035.729 0.05848924 12.35286
1996 3310.852 0.05917194 13.47237
1997 3605.85 0.06007468 14.67277
1998 3926.446 0.06111735 15.97733
1999 4272.18 0.06232489 17.38417
2000 4644.276 0.06369836 18.89829
2001 4596.293 0.0659776 18.70304
2002 5070.366 0.06763264 20.63211
2003 5600.246 0.06884806 22.78828
2004 5821.25 0.05266028 23.68758
2005 6418.02 0.05209912 26.11593
2006 6533.601 0.06331125 26.58625
2007 7190.477 0.06354351 29.25918
2008 7331.531 0.06004502 29.83315
2009 8066.597 0.05962825 32.82425
2010 8464.457 0.0644649 34.4432
2011 9277.171 0.06511896 37.75026
2012 9109.298 0.05797918 37.06716
2013 9988.403 0.06054962 40.64438
2014 9241.192 0.1053738 37.60386
2015 6993.626 0.0632389 28.45816
2016 6880.032 0.06335841 27.99593
2017 5568.616 0.06915075 22.65957
2018 5376.776 0.06826536 21.87894
2019 5829.743 0.06582443 23.72214
2020 6199.757 0.05798932 25.22778
2021 4535.23 0.1504755 18.45456
2022 4810.209 0.1932857 19.5735
2023 5139.058 0.2284422 20.91163
SBC+WA
1970 23.47279 0.1387911 0.8891633
1971 28.44233 0.129401 1.077412
1972 33.30859 0.1230353 1.261749
1973 38.06912 0.1184583 1.442081
1974 42.72826 0.1150128 1.618572
1975 47.29025 0.112328 1.791383
1976 51.75706 0.1101799 1.960588
1977 56.03634 0.1086101 2.12269
1978 60.21783 0.1073098 2.281088
1979 64.31184 0.10621 2.436171
1980 69.49974 0.104158 2.632692
1981 75.73107 0.1015041 2.868738
1982 82.84964 0.09866729 3.138394
1983 90.9166 0.09571692 3.443975
1984 99.88299 0.09280958 3.783628
1985 109.5789 0.09015311 4.150916
1986 120.0729 0.08768542 4.548434
1987 131.3196 0.08542881 4.974465
1988 143.1776 0.08344365 5.423654
1989 155.9868 0.08152213 5.908875
1990 169.8433 0.07965964 6.433765
1991 184.9347 0.07781629 7.005439
1992 201.5495 0.07594501 7.634817
1993 219.7192 0.07411634 8.323097
1994 239.594 0.07235122 9.075965
1995 261.2919 0.07067564 9.897894
1996 284.9104 0.06912071 10.79258
1997 310.3062 0.06770339 11.75458
1998 338.2199 0.06635305 12.81197
1999 368.1971 0.06519917 13.94753
2000 400.2519 0.06425322 15.16178
2001 442.611 0.06251033 16.76637
2002 489.5656 0.0613064 18.54504
2003 541.4793 0.06043001 20.51156
2004 598.4574 0.05980424 22.66993
2005 661.0685 0.05938919 25.04167
2006 727.0745 0.05950131 27.54202
2007 800.5138 0.05974008 30.32394
2008 886.3555 0.05982495 33.57568
2009 967.1206 0.06103434 36.63511
2010 1067.424 0.06192375 40.43467
2011 1168.528 0.06370886 44.26455
2012 1273.663 0.06628958 48.24711
2013 1395.983 0.07056376 52.88067
2014 1510.176 0.1009303 57.20639
2015 1615.556 0.1416304 61.19822
2016 1454.131 0.1172984 55.08335
2017 1554.853 0.08863244 58.89876
2018 1669.479 0.08465437 63.24085
2019 1769.877 0.08340597 67.04402
2020 1895.477 0.08322189 71.80181
2021 2012.6 0.0849301 76.23849
2022 2135.899 0.08957512 80.90915
2023 2250.907 0.1074195 85.26572
OR+CA
1970 96.04469 0.08542056 0.6739344
1971 108.8436 0.08123967 0.7637428
1972 126.1673 0.07514151 0.8853012
1973 142.9561 0.07075997 1.003106
1974 159.29 0.06745935 1.117719
1975 174.4933 0.06515409 1.2244
1976 189.1768 0.06335114 1.327431
1977 203.373 0.06191504 1.427045
1978 216.9779 0.06079042 1.522509
1979 230.0951 0.05988407 1.614551
1980 246.9584 0.05796528 1.732878
1981 267.1743 0.05544003 1.874731
1982 290.5461 0.05261943 2.038728
1983 316.8204 0.0497759 2.223092
1984 345.7848 0.04707068 2.426332
1985 377.6758 0.04455361 2.650107
1986 411.8172 0.04234711 2.889673
1987 447.998 0.04046897 3.14355
1988 485.9878 0.0389154 3.41012
1989 526.5481 0.03756116 3.694727
1990 571.1324 0.03631303 4.007569
1991 620.368 0.03519536 4.35305
1992 672.8537 0.0343646 4.721336
1993 730.228 0.03380277 5.123925
1994 793.385 0.03354733 5.56709
1995 862.7006 0.03363952 6.05347
1996 937.9844 0.03411058 6.581727
1997 1018.557 0.03493456 7.147097
1998 1105.837 0.03608486 7.759528
1999 1199.961 0.03754506 8.419984
2000 1301.123 0.03929407 9.129829
2001 1293.765 0.05725809 9.078199
2002 1421.098 0.05162384 9.971682
2003 1567.484 0.05087848 10.99885
2004 1726.61 0.05090814 12.11542
2005 1903.637 0.05180209 13.3576
2006 2067.8 0.08265218 14.50951
2007 1837.211 0.0890377 12.89149
2008 2009.604 0.09001588 14.10116
2009 2093.496 0.087357 14.68982
2010 2284.91 0.07913749 16.03295
2011 2471.591 0.0892076 17.34287
2012 2577.415 0.04340824 18.08542
2013 2839.73 0.0383745 19.92606
2014 3137.956 0.03626077 22.01867
2015 3426.208 0.03532496 24.04131
2016 3698.192 0.03551021 25.94978
2017 3958.784 0.03650306 27.77833
2018 4349.335 0.03716522 30.51878
2019 4722.187 0.03932051 33.13504
2020 5151.562 0.04749941 36.14791
2021 5673.835 0.05170916 39.81264
2022 5413.894 0.1051402 37.98867
2023 5682.357 0.103714 39.87244

Parameters: Estimate  Std. Error      z value    Pr(>|z^2|)
rval 0.09171661 0.00325257 28.19818322 0
logK 8.19014097 0.74482235 10.9960999 0
logK 10.6461813 0.30315917 35.11746467 0
logK 10.3926327 0.45428118 22.87709285 0
logK 8.84534073 0.89412219 9.89276499 0
logBK 4.18170054 0.77961553 5.3637984 8e-08
logBK 4.41151259 0.31510096 14.00031479 0
logBK 4.83601112 0.47657621 10.14740364 0
logBK 5.20930634 0.90300189 5.76887648 1e-08
MixPars -1.66616594 0.29901516 -5.57217887 3e-08
MixPars -3.29463888 0.20028874 -16.44944613 0
MixPars -0.65456868 0.13506173 -4.84644098 1.26e-06
MixPars -1.31484369 0.09077413 -14.48478371 0
MixPars -3.13565535 0.11491886 -27.28582051 0
MixPars -2.6265522 0.25081091 -10.47224066 0
MixPars -1.46376935 0.17150341 -8.53492869 0
MixPars -2.07200716 0.28293996 -7.32313372 0
MixPars -2.67754165 0.15049169 -17.79195694 0
MixPars -0.74727188 0.11812795 -6.32595335 0
MixPars -2.50280698 0.19600495 -12.7691009 0
AddV 0.04498961 0.02121296 2.12085451 0.03393405
AddV 0.01028516 0.00312211 3.29429971 0.00098667
AddV 0.02719495 0.01792307 1.51731503 0.12918716
SFdev -0.23978657 0.63828857 -0.37567111 0.70716142
SFdev -0.23978057 0.63829932 -0.37565538 0.70717312
SFdev -0.25451655 0.62651907 -0.40623912 0.68456691
SFdev -0.09290507 0.75703494 -0.1227223 0.90232701
SFdev 0.19363117 0.29792939 0.64992302 0.51574195
SFdev -0.24792164 0.63068555 -0.39309866 0.69424662
SFdev -0.07756214 0.77171849 -0.10050575 0.91994282
SFdev 0.26060944 0.27113447 0.96118152 0.33646091
SFdev 0.00031096 0.85452766 0.0003639 0.99970965
SFdev 0.40534691 0.12409221 3.26649754 0.00108887
SFdev -0.13385571 0.73087198 -0.18314522 0.85468407
SFdev -0.12415405 0.73113384 -0.16981029 0.86515934
SFdev 0.004972 0.70553303 0.00704715 0.99437723
SFdev -0.203422 0.66189951 -0.30733063 0.75859172
SFdev -0.20953656 0.65722528 -0.31881999 0.74986302
SFdev 0.30512203 0.17495335 1.74401938 0.08115571
SFdev 0.2966774 0.20558118 1.44311561 0.14898791
SFdev 0.36131443 0.13442597 2.68783197 0.00719176
SFdev 0.39431872 0.09220627 4.27648489 1.899e-05
SFdev -0.16447498 0.68623147 -0.23967857 0.81057945
SFdev -0.30250478 0.59510718 -0.50831983 0.61122907
SFdev -7.487e-05 0.99977949 -7.489e-05 0.99994025
SFdev 1.768e-05 1.00005183 1.768e-05 0.9999859
SFdev 0 1 0 1
SFdev 0.29702714 0.07630901 3.89242546 9.925e-05
SFdev -0.23504193 0.63118756 -0.37238049 0.70960958
SFdev -0.2729013 0.61014468 -0.4472731 0.65467789
SFdev 0.19424275 0.14229186 1.36510094 0.17222133
SFdev -0.29902542 0.59244372 -0.50473221 0.61374694
SFdev 0.23965425 0.11202469 2.13929852 0.0324115
SFdev -0.27844526 0.60448099 -0.46063526 0.64506031
SFdev 0.23441712 0.10867724 2.15700291 0.03100544
SFdev -0.33946245 0.56511203 -0.60069938 0.54804023
SFdev 0.15527956 0.13550024 1.14597259 0.25180649
SFdev -0.30370714 0.58782173 -0.51666539 0.60538976
SFdev 0.29583101 0.06041267 4.89683753 9.7e-07
SFdev -0.24924338 0.61989224 -0.40207533 0.68762859
SFdev 0.36790209 0.09967982 3.69083821 0.00022352
SFdev 0.51476971 0.05115839 10.06227446 0
SFdev 0.27899573 0.07279206 3.83277672 0.0001267
SFdev 0.47420401 0.0329333 14.39892406 0
SFdev 0.31090224 0.08341956 3.72697039 0.0001938
SFdev -0.23766207 0.63709361 -0.37304105 0.7091179
SFdev 0.01031047 0.30861294 0.03340906 0.97334839
SFdev 0.52951666 0.06769714 7.82184734 0
SFdev -1.139e-05 0.999967 -1.139e-05 0.99999091
SFdev 1.95e-06 1.00000559 1.95e-06 0.99999845
SFdev 0 1 0 1
SFdev -0.29443598 0.60244237 -0.48873717 0.62502779
SFdev -0.3288884 0.58125336 -0.56582624 0.57151191
SFdev -0.35019714 0.56915506 -0.61529303 0.53836122
SFdev -0.35816004 0.56481217 -0.63412238 0.52600096
SFdev -0.35715805 0.56525474 -0.63185327 0.52748276
SFdev -0.36406635 0.5610143 -0.64894307 0.51637517
SFdev -0.36677618 0.55967996 -0.65533198 0.51225403
SFdev -0.34347287 0.57179945 -0.60068765 0.54804805
SFdev -0.30625874 0.59273677 -0.51668591 0.60537543
SFdev -0.26967097 0.61547595 -0.43815031 0.66127733
SFdev -0.25502654 0.62564111 -0.40762434 0.68354949
SFdev -0.23827083 0.63822943 -0.373331 0.7089021
SFdev -0.18432966 0.68201347 -0.27027275 0.78695043
SFdev -0.02927317 0.83653658 -0.03499329 0.97208509
SFdev 0.01043346 0.93037989 0.01121419 0.99105256
SFdev 0.38938799 0.17799731 2.18760599 0.02869832
SFdev -0.02687158 0.87353415 -0.03076191 0.97545942
SFdev -0.14221077 0.72352903 -0.19655157 0.84417847
SFdev -0.1442955 0.71772599 -0.20104539 0.84066308
SFdev -0.16500568 0.69708307 -0.23670878 0.81288272
SFdev -0.2007806 0.66779909 -0.30066019 0.76367363
SFdev -0.135619 0.72779909 -0.18634126 0.85217715
SFdev -0.05761107 0.82477664 -0.06985051 0.94431265
SFdev 0 1 0 1
SFdev 0.28771242 0.11940389 2.40957319 0.01597119
SFdev -0.1667136 0.68861932 -0.24209835 0.80870396
SFdev -0.27266973 0.61083833 -0.44638608 0.65531839
SFdev -0.25359458 0.62170047 -0.40790477 0.68334359
SFdev -0.26936178 0.61301715 -0.43940334 0.66036931
SFdev -0.02190515 0.75587341 -0.02897992 0.9768806
SFdev 0.41315064 0.10413802 3.96733722 7.268e-05
SFdev -0.1138273 0.74518919 -0.15274953 0.8785958
SFdev 0.19451211 0.33977775 0.57246866 0.56700452
SFdev -0.0359732 0.785452 -0.04579936 0.96347016
SFdev -0.01372709 0.7782172 -0.01763915 0.98592673
SFdev 0.18477574 0.28725896 0.64323751 0.52007
SFdev -0.23728131 0.63549345 -0.37338121 0.70886474
SFdev -0.36060727 0.56077958 -0.64304636 0.52019402
SFdev -0.44438909 0.52226029 -0.85089581 0.39482723
SFdev -0.4754623 0.50984537 -0.93256176 0.35104629
SFdev -0.44372566 0.52257593 -0.84911233 0.39581879
SFdev -0.40151884 0.54083175 -0.7424099 0.45783903
SFdev -0.29974639 0.59199231 -0.50633494 0.61262154
SFdev -0.12829508 0.67116163 -0.19115377 0.84840512
SFdev -0.20566674 0.65443163 -0.31426773 0.75331771
SFdev 0.33786912 0.14708137 2.29715779 0.02160977
SFdev 0.13788001 0.54577609 0.2526311 0.80055329
SFdev 0 1 0 1

Mixing matrix
0.84106397 0.15893603 0 0 0 0 ,# Asia
0.01984307 0.27808444 0.14368879 0.53512131 0.0232624 0 ,# Hawaii
0.03667697 0.50709641 0.11732311 0.06386005 0.03485371 0.24018976 ,# Mexico
0 0 0 0 0.07566163 0.92433837 ,# Central_Am

Split of breeding stock to feeding grounds over time
Split for: Asia
Year RUS+WAL EAL+BER GOA SEA+NBC SBC+WA OR+CA
1970 0.84236 0.15764 0 0 0 0
1971 0.843 0.157 0 0 0 0
1972 0.83702 0.16298 0 0 0 0
1973 0.83802 0.16198 0 0 0 0
1974 0.83878 0.16122 0 0 0 0
1975 0.83937 0.16063 0 0 0 0
1976 0.83984 0.16016 0 0 0 0
1977 0.84023 0.15977 0 0 0 0
1978 0.84055 0.15945 0 0 0 0
1979 0.84086 0.15914 0 0 0 0
1980 0.84119 0.15881 0 0 0 0
1981 0.84085 0.15915 0 0 0 0
1982 0.84062 0.15938 0 0 0 0
1983 0.84047 0.15953 0 0 0 0
1984 0.84039 0.15961 0 0 0 0
1985 0.84035 0.15965 0 0 0 0
1986 0.84034 0.15966 0 0 0 0
1987 0.84036 0.15964 0 0 0 0
1988 0.84041 0.15959 0 0 0 0
1989 0.84046 0.15954 0 0 0 0
1990 0.84046 0.15954 0 0 0 0
1991 0.84043 0.15957 0 0 0 0
1992 0.84037 0.15963 0 0 0 0
1993 0.8403 0.1597 0 0 0 0
1994 0.84022 0.15978 0 0 0 0
1995 0.84013 0.15987 0 0 0 0
1996 0.84003 0.15997 0 0 0 0
1997 0.83994 0.16006 0 0 0 0
1998 0.8399 0.1601 0 0 0 0
1999 0.83983 0.16017 0 0 0 0
2000 0.8397 0.1603 0 0 0 0
2001 0.83748 0.16252 0 0 0 0
2002 0.83525 0.16475 0 0 0 0
2003 0.8329 0.1671 0 0 0 0
2004 0.83152 0.16848 0 0 0 0
2005 0.83726 0.16274 0 0 0 0
2006 0.83491 0.16509 0 0 0 0
2007 0.83363 0.16637 0 0 0 0
2008 0.84323 0.15677 0 0 0 0
2009 0.84297 0.15703 0 0 0 0
2010 0.86623 0.13377 0 0 0 0
2011 0.86477 0.13523 0 0 0 0
2012 0.8634 0.1366 0 0 0 0
2013 0.86331 0.13669 0 0 0 0
2014 0.86128 0.13872 0 0 0 0
2015 0.85928 0.14072 0 0 0 0
2016 0.87066 0.12934 0 0 0 0
2017 0.88034 0.11966 0 0 0 0
2018 0.89416 0.10584 0 0 0 0
2019 0.90866 0.09134 0 0 0 0
2020 0.90649 0.09351 0 0 0 0
2021 0.90392 0.09608 0 0 0 0
2022 0.90277 0.09723 0 0 0 0
2023 0.90155 0.09845 0 0 0 0
2024 0.90043 0.09957 0 0 0 0
Split for: Hawaii
Year RUS+WAL EAL+BER GOA SEA+NBC SBC+WA OR+CA
1970 0.02025 0.28097 0.14216 0.53299 0.02363 0
1971 0.0204 0.28176 0.1432 0.53089 0.02375 0
1972 0.01961 0.28312 0.14397 0.52947 0.02383 0
1973 0.01981 0.28396 0.14445 0.5279 0.02388 0
1974 0.01997 0.28466 0.14485 0.52659 0.02393 0
1975 0.0201 0.28529 0.14513 0.52551 0.02397 0
1976 0.02021 0.28586 0.14539 0.52458 0.02396 0
1977 0.0203 0.28641 0.14564 0.5237 0.02396 0
1978 0.02039 0.2869 0.14587 0.52288 0.02396 0
1979 0.02046 0.28731 0.1461 0.52216 0.02397 0
1980 0.02054 0.2877 0.14636 0.52142 0.02398 0
1981 0.02052 0.28814 0.14659 0.52077 0.02398 0
1982 0.02052 0.28861 0.1468 0.52008 0.02399 0
1983 0.02053 0.28905 0.147 0.51941 0.024 0
1984 0.02055 0.28951 0.14718 0.51876 0.024 0
1985 0.02057 0.28987 0.14731 0.51825 0.02399 0
1986 0.02061 0.29034 0.14744 0.51762 0.024 0
1987 0.02065 0.29097 0.14767 0.5167 0.024 0
1988 0.02069 0.29137 0.14779 0.51615 0.024 0
1989 0.02071 0.29155 0.14779 0.51598 0.02397 0
1990 0.02073 0.29182 0.14787 0.51565 0.02394 0
1991 0.02074 0.29212 0.14795 0.51525 0.02393 0
1992 0.02076 0.29251 0.14809 0.51473 0.02391 0
1993 0.02077 0.2927 0.14812 0.51453 0.02388 0
1994 0.02078 0.293 0.14822 0.51414 0.02386 0
1995 0.02078 0.29329 0.1483 0.51378 0.02384 0
1996 0.0208 0.29375 0.14846 0.51315 0.02384 0
1997 0.02082 0.29416 0.14858 0.51258 0.02386 0
1998 0.02084 0.29452 0.14872 0.51205 0.02387 0
1999 0.02086 0.29497 0.14889 0.51143 0.02386 0
2000 0.02086 0.29532 0.14896 0.51101 0.02385 0
2001 0.02207 0.31762 0.14343 0.49122 0.02565 0
2002 0.02175 0.31804 0.1435 0.49102 0.0257 0
2003 0.02141 0.3185 0.14364 0.4907 0.02574 0
2004 0.02194 0.32957 0.14099 0.48067 0.02683 0
2005 0.02201 0.31716 0.14391 0.48965 0.02727 0
2006 0.02276 0.33361 0.13989 0.4751 0.02864 0
2007 0.02245 0.33221 0.14014 0.47627 0.02893 0
2008 0.02385 0.3287 0.14025 0.4762 0.03099 0
2009 0.02357 0.32548 0.14112 0.47848 0.03135 0
2010 0.02545 0.29132 0.14835 0.50052 0.03437 0
2011 0.02505 0.29034 0.14886 0.5015 0.03425 0
2012 0.02644 0.3101 0.14323 0.48328 0.03694 0
2013 0.02613 0.30666 0.14426 0.48574 0.03721 0
2014 0.02848 0.33997 0.13546 0.45539 0.04069 2e-05
2015 0.03427 0.41594 0.1151 0.38582 0.04884 3e-05
2016 0.03747 0.41249 0.11633 0.38869 0.04499 3e-05
2017 0.04442 0.44729 0.10493 0.35001 0.05332 3e-05
2018 0.04942 0.43324 0.1059 0.35224 0.05918 3e-05
2019 0.0523 0.38921 0.11462 0.3805 0.06334 3e-05
2020 0.05162 0.39411 0.1141 0.37731 0.06282 3e-05
2021 0.05999 0.47176 0.09178 0.30256 0.07388 3e-05
2022 0.05933 0.47261 0.09201 0.30217 0.07385 2e-05
2023 0.05859 0.47299 0.09248 0.30293 0.07298 3e-05
2024 0.05738 0.46909 0.09388 0.30796 0.07166 3e-05
Split for: Mexico
Year RUS+WAL EAL+BER GOA SEA+NBC SBC+WA OR+CA
1970 0.03766 0.51566 0.11683 0.06402 0.03564 0.2302
1971 0.0379 0.51642 0.11752 0.06368 0.03576 0.22873
1972 0.0364 0.51856 0.11807 0.06346 0.03587 0.22765
1973 0.03673 0.51946 0.11832 0.0632 0.0359 0.2264
1974 0.03702 0.52076 0.11865 0.06305 0.03596 0.22456
1975 0.03727 0.52196 0.11889 0.06292 0.03603 0.22293
1976 0.03748 0.52311 0.11912 0.06283 0.03602 0.22144
1977 0.03767 0.52419 0.11935 0.06273 0.03603 0.22004
1978 0.03783 0.52521 0.11956 0.06265 0.03604 0.21871
1979 0.03798 0.52613 0.11979 0.06259 0.03606 0.21745
1980 0.03814 0.527 0.12004 0.06252 0.0361 0.21621
1981 0.03812 0.52796 0.12027 0.06246 0.0361 0.21509
1982 0.03812 0.52886 0.12045 0.06238 0.03611 0.21407
1983 0.03814 0.52973 0.12063 0.06231 0.03614 0.21305
1984 0.03817 0.53045 0.12074 0.06222 0.03612 0.2123
1985 0.03821 0.53118 0.12086 0.06216 0.03612 0.21146
1986 0.03827 0.53197 0.12096 0.06208 0.03613 0.21059
1987 0.03834 0.53283 0.12108 0.06194 0.03612 0.20971
1988 0.03841 0.53364 0.12119 0.06188 0.03612 0.20876
1989 0.03847 0.53429 0.12127 0.0619 0.0361 0.20798
1990 0.03851 0.53481 0.12134 0.06186 0.03605 0.20743
1991 0.03855 0.5356 0.12146 0.06184 0.03605 0.2065
1992 0.0386 0.53639 0.12159 0.06179 0.03603 0.2056
1993 0.03862 0.53706 0.12169 0.0618 0.03601 0.20482
1994 0.03864 0.53765 0.12178 0.06176 0.03598 0.20419
1995 0.03866 0.53824 0.12186 0.06172 0.03596 0.20356
1996 0.03868 0.5388 0.12193 0.06161 0.03593 0.20305
1997 0.03869 0.53934 0.12197 0.06152 0.03595 0.20252
1998 0.03871 0.53983 0.12205 0.06144 0.03595 0.20201
1999 0.03873 0.5404 0.12214 0.06134 0.03592 0.20148
2000 0.03872 0.54074 0.12212 0.06125 0.03589 0.20128
2001 0.03969 0.56347 0.11393 0.05705 0.03739 0.18847
2002 0.03912 0.56443 0.11403 0.05705 0.03748 0.1879
2003 0.03851 0.56513 0.11412 0.057 0.03753 0.18772
2004 0.03843 0.56963 0.10911 0.05439 0.03812 0.19032
2005 0.0391 0.55591 0.11294 0.05618 0.03929 0.19658
2006 0.03908 0.56531 0.10614 0.0527 0.03989 0.19688
2007 0.04015 0.58609 0.1107 0.05501 0.04194 0.16611
2008 0.04211 0.57264 0.1094 0.05431 0.04437 0.17717
2009 0.04217 0.57451 0.11153 0.05529 0.04548 0.17102
2010 0.04692 0.52992 0.12083 0.05961 0.05139 0.19134
2011 0.04633 0.52988 0.12164 0.05992 0.05137 0.19085
2012 0.04701 0.54391 0.11248 0.05549 0.05326 0.18785
2013 0.04655 0.53906 0.11355 0.0559 0.05376 0.19117
2014 0.04706 0.55431 0.0989 0.04861 0.05453 0.19659
2015 0.0487 0.58318 0.07227 0.03542 0.05629 0.20414
2016 0.05244 0.56967 0.07194 0.03515 0.05107 0.21973
2017 0.05623 0.55882 0.05871 0.02863 0.05476 0.24285
2018 0.0608 0.52612 0.05759 0.02801 0.05907 0.26841
2019 0.06518 0.4788 0.06314 0.03065 0.06405 0.29818
2020 0.06358 0.47921 0.06212 0.03004 0.06278 0.30227
2021 0.06366 0.49427 0.04306 0.02076 0.06361 0.31464
2022 0.06503 0.51157 0.0446 0.02141 0.06568 0.2917
2023 0.06446 0.514 0.04501 0.02156 0.06515 0.28981
2024 0.06319 0.51026 0.04575 0.02194 0.06403 0.29483
Split for: Central_Am
Year RUS+WAL EAL+BER GOA SEA+NBC SBC+WA OR+CA
1970 0 0 0 0 0.08031 0.91969
1971 0 0 0 0 0.08105 0.91895
1972 0 0 0 0 0.08162 0.91838
1973 0 0 0 0 0.0821 0.9179
1974 0 0 0 0 0.08285 0.91715
1975 0 0 0 0 0.08354 0.91646
1976 0 0 0 0 0.08404 0.91596
1977 0 0 0 0 0.08454 0.91546
1978 0 0 0 0 0.08503 0.91497
1979 0 0 0 0 0.08552 0.91448
1980 0 0 0 0 0.08605 0.91395
1981 0 0 0 0 0.08646 0.91354
1982 0 0 0 0 0.08686 0.91314
1983 0 0 0 0 0.08729 0.91271
1984 0 0 0 0 0.08754 0.91246
1985 0 0 0 0 0.08785 0.91215
1986 0 0 0 0 0.0882 0.9118
1987 0 0 0 0 0.08851 0.91149
1988 0 0 0 0 0.08888 0.91112
1989 0 0 0 0 0.08913 0.91087
1990 0 0 0 0 0.08925 0.91075
1991 0 0 0 0 0.08959 0.91041
1992 0 0 0 0 0.08992 0.91008
1993 0 0 0 0 0.09018 0.90982
1994 0 0 0 0 0.09037 0.90963
1995 0 0 0 0 0.09056 0.90944
1996 0 0 0 0 0.0907 0.9093
1997 0 0 0 0 0.09096 0.90904
1998 0 0 0 0 0.09118 0.90882
1999 0 0 0 0 0.09131 0.90869
2000 0 0 0 0 0.09133 0.90867
2001 0 0 0 0 0.10059 0.89941
2002 0 0 0 0 0.10108 0.89892
2003 0 0 0 0 0.10129 0.89871
2004 0 0 0 0 0.10146 0.89854
2005 0 0 0 0 0.10127 0.89873
2006 0 0 0 0 0.10251 0.89749
2007 0 0 0 0 0.12461 0.87539
2008 0 0 0 0 0.12373 0.87627
2009 0 0 0 0 0.13037 0.86963
2010 0 0 0 0 0.1315 0.8685
2011 0 0 0 0 0.13176 0.86824
2012 0 0 0 0 0.13782 0.86218
2013 0 0 0 0 0.13685 0.86315
2014 0 0 0 0 0.13524 0.86476
2015 0 0 0 0 0.13455 0.86545
2016 0 0 0 0 0.11586 0.88414
2017 0 0 0 0 0.1128 0.8872
2018 0 0 0 0 0.1104 0.8896
2019 0 0 0 0 0.10805 0.89195
2020 0 0 0 0 0.10486 0.89514
2021 0 0 0 0 0.10236 0.89764
2022 0 0 0 0 0.11272 0.88728
2023 0 0 0 0 0.11258 0.88742
2024 0 0 0 0 0.10918 0.89082

Difference in mortality over time
Difference for: Asia
Year RUS+WAL EAL+BER GOA SEA+NBC SBC+WA OR+CA
1970 0 0 0 0 0 0
1971 0 0 0 0 0 0
1972 0 0 0 0 0 0
1973 0 0 0 0 0 0
1974 0 0 0 0 0 0
1975 0 0 0 0 0 0
1976 0 0 0 0 0 0
1977 0 0 0 0 0 0
1978 0 0 0 0 0 0
1979 0 0 0 0 0 0
1980 0 0 0 0 0 0
1981 0 0 0 0 0 0
1982 0 0 0 0 0 0
1983 0 0 0 0 0 0
1984 0 0 0 0 0 0
1985 0 0 0 0 0 0
1986 0 0 0 0 0 0
1987 0 0 0 0 0 0
1988 0 0 0 0 0 0
1989 0 0 0 0 0 0
1990 0 0 0 0 0 0
1991 0 0 0 0 0 0
1992 0 0 0 0 0 0
1993 0 0 0 0 0 0
1994 0 0 0 0 0 0
1995 0 0 0 0 0 0
1996 0 0 0 0 0 0
1997 0 0 0 0 0 0
1998 0 0 0 0 0 0
1999 0 0 0 0 0 0
2000 0 2 0 0 0 0
2001 0 2 0 0 0 0
2002 0 2 0 0 0 0
2003 0 1 0 0 0 0
2004 0 -8 0 0 0 0
2005 0 3 0 0 0 0
2006 0 2 0 0 0 0
2007 0 -16 0 0 0 0
2008 0 0 0 0 0 0
2009 0 -42 0 0 0 0
2010 0 2 0 0 0 0
2011 0 3 0 0 0 0
2012 0 0 0 0 0 0
2013 0 4 0 0 0 0
2014 0 4 0 0 0 0
2015 0 -30 0 0 0 0
2016 0 -28 0 0 0 0
2017 0 -41 0 0 0 0
2018 0 -46 0 0 0 0
2019 0 3 0 0 0 0
2020 0 5 0 0 0 0
2021 0 0 0 0 0 0
2022 0 0 0 0 0 0
2023 0 0 0 0 0 0
Difference for: Hawaii
Year RUS+WAL EAL+BER GOA SEA+NBC SBC+WA OR+CA
1970 0 0 0 0 0 0
1971 0 0 0 0 0 0
1972 0 0 0 0 0 0
1973 0 0 0 0 0 0
1974 0 0 0 0 0 0
1975 0 0 0 0 0 0
1976 0 0 0 0 0 0
1977 0 0 0 0 0 0
1978 0 0 0 0 0 0
1979 0 0 0 0 0 0
1980 0 0 0 0 0 0
1981 0 0 0 0 0 0
1982 0 0 0 0 0 0
1983 0 0 0 0 0 0
1984 0 0 0 0 0 0
1985 0 0 0 0 0 0
1986 0 0 0 0 0 0
1987 0 0 0 0 0 0
1988 0 0 0 0 0 0
1989 0 0 0 0 0 0
1990 0 0 0 0 0 0
1991 0 0 0 0 0 0
1992 0 0 0 0 0 0
1993 0 0 0 0 0 0
1994 0 0 0 0 0 0
1995 0 0 0 0 0 0
1996 0 0 0 0 0 0
1997 0 0 0 0 0 0
1998 0 0 0 0 0 0
1999 0 0 0 0 0 0
2000 0 38 -112 -386 3 0
2001 0 42 19 65 4 0
2002 0 48 22 77 4 0
2003 0 29 -64 -219 5 0
2004 0 -155 27 91 5 0
2005 0 60 -105 -358 6 0
2006 0 32 29 100 7 0
2007 0 -326 -114 -386 7 0
2008 0 0 35 120 8 0
2009 0 -872 -66 -223 8 0
2010 0 51 39 133 9 0
2011 0 53 -227 -765 9 0
2012 0 -3 39 133 9 0
2013 0 83 -382 -1286 2 0
2014 0 92 -749 -2518 -1 0
2015 0 -658 -153 -514 -128 0
2016 0 -605 -465 -1554 2 0
2017 0 -882 -152 -507 9 0
2018 0 -988 23 77 10 0
2019 0 70 -2 -7 11 0
2020 0 102 -546 -1804 14 0
2021 0 0 0 0 11 0
2022 0 0 0 0 6 0
2023 0 0 0 0 0 0
Difference for: Mexico
Year RUS+WAL EAL+BER GOA SEA+NBC SBC+WA OR+CA
1970 0 0 0 0 0 0
1971 0 0 0 0 0 0
1972 0 0 0 0 0 0
1973 0 0 0 0 0 0
1974 0 0 0 0 0 0
1975 0 0 0 0 0 0
1976 0 0 0 0 0 0
1977 0 0 0 0 0 0
1978 0 0 0 0 0 0
1979 0 0 0 0 0 0
1980 0 0 0 0 0 0
1981 0 0 0 0 0 0
1982 0 0 0 0 0 0
1983 0 0 0 0 0 0
1984 0 0 0 0 0 0
1985 0 0 0 0 0 0
1986 0 0 0 0 0 0
1987 0 0 0 0 0 0
1988 0 0 0 0 0 0
1989 0 0 0 0 0 0
1990 0 0 0 0 0 0
1991 0 0 0 0 0 0
1992 0 0 0 0 0 0
1993 0 0 0 0 0 0
1994 0 0 0 0 0 0
1995 0 0 0 0 0 0
1996 0 0 0 0 0 0
1997 0 0 0 0 0 0
1998 0 0 0 0 0 0
1999 0 0 0 0 0 0
2000 0 34 -45 -22 2 -69
2001 0 38 8 4 3 10
2002 0 43 9 4 3 15
2003 0 26 -25 -13 4 16
2004 0 -137 11 5 4 18
2005 0 53 -41 -21 4 3
2006 0 28 12 6 5 -233
2007 0 -286 -45 -22 5 12
2008 0 0 14 7 5 -54
2009 0 -763 -26 -13 6 5
2010 0 44 15 8 6 2
2011 0 46 -89 -44 6 -61
2012 0 -3 15 8 6 25
2013 0 72 -149 -73 2 32
2014 0 80 -291 -143 -1 37
2015 0 -570 -59 -29 -91 40
2016 0 -523 -180 -88 2 43
2017 0 -761 -59 -29 6 46
2018 0 -851 9 4 7 46
2019 0 60 -1 0 8 32
2020 0 87 -209 -101 10 47
2021 0 0 0 0 8 -413
2022 0 0 0 0 4 -85
2023 0 0 0 0 0 0
Difference for: Central_Am
Year RUS+WAL EAL+BER GOA SEA+NBC SBC+WA OR+CA
1970 0 0 0 0 0 0
1971 0 0 0 0 0 0
1972 0 0 0 0 0 0
1973 0 0 0 0 0 0
1974 0 0 0 0 0 0
1975 0 0 0 0 0 0
1976 0 0 0 0 0 0
1977 0 0 0 0 0 0
1978 0 0 0 0 0 0
1979 0 0 0 0 0 0
1980 0 0 0 0 0 0
1981 0 0 0 0 0 0
1982 0 0 0 0 0 0
1983 0 0 0 0 0 0
1984 0 0 0 0 0 0
1985 0 0 0 0 0 0
1986 0 0 0 0 0 0
1987 0 0 0 0 0 0
1988 0 0 0 0 0 0
1989 0 0 0 0 0 0
1990 0 0 0 0 0 0
1991 0 0 0 0 0 0
1992 0 0 0 0 0 0
1993 0 0 0 0 0 0
1994 0 0 0 0 0 0
1995 0 0 0 0 0 0
1996 0 0 0 0 0 0
1997 0 0 0 0 0 0
1998 0 0 0 0 0 0
1999 0 0 0 0 0 0
2000 0 0 0 0 1 -38
2001 0 0 0 0 1 6
2002 0 0 0 0 1 8
2003 0 0 0 0 1 9
2004 0 0 0 0 1 10
2005 0 0 0 0 1 2
2006 0 0 0 0 1 -127
2007 0 0 0 0 2 6
2008 0 0 0 0 2 -29
2009 0 0 0 0 2 3
2010 0 0 0 0 2 1
2011 0 0 0 0 2 -33
2012 0 0 0 0 2 14
2013 0 0 0 0 1 18
2014 0 0 0 0 0 20
2015 0 0 0 0 -28 22
2016 0 0 0 0 0 23
2017 0 0 0 0 2 25
2018 0 0 0 0 2 25
2019 0 0 0 0 2 18
2020 0 0 0 0 3 26
2021 0 0 0 0 3 -228
2022 0 0 0 0 1 -47
2023 0 0 0 0 0 0

Total survival over time
Values for breeding stock: Asia
Year RUS+WAL EAL+BER GOA SEA+NBC SBC+WA OR+CA
1970 0.964 0.954 NaN NaN NaN NaN
1971 0.966 0.961 NaN NaN NaN NaN
1972 0.924 0.965 NaN NaN NaN NaN
1973 0.967 0.965 NaN NaN NaN NaN
1974 0.967 0.966 NaN NaN NaN NaN
1975 0.969 0.967 NaN NaN NaN NaN
1976 0.969 0.967 NaN NaN NaN NaN
1977 0.969 0.968 NaN NaN NaN NaN
1978 0.969 0.968 NaN NaN NaN NaN
1979 0.969 0.967 NaN NaN NaN NaN
1980 0.968 0.967 NaN NaN NaN NaN
1981 0.968 0.967 NaN NaN NaN NaN
1982 0.969 0.968 NaN NaN NaN NaN
1983 0.969 0.968 NaN NaN NaN NaN
1984 0.969 0.968 NaN NaN NaN NaN
1985 0.969 0.969 NaN NaN NaN NaN
1986 0.97 0.969 NaN NaN NaN NaN
1987 0.97 0.969 NaN NaN NaN NaN
1988 0.97 0.97 NaN NaN NaN NaN
1989 0.97 0.97 NaN NaN NaN NaN
1990 0.97 0.97 NaN NaN NaN NaN
1991 0.97 0.97 NaN NaN NaN NaN
1992 0.971 0.97 NaN NaN NaN NaN
1993 0.971 0.97 NaN NaN NaN NaN
1994 0.971 0.97 NaN NaN NaN NaN
1995 0.971 0.971 NaN NaN NaN NaN
1996 0.971 0.971 NaN NaN NaN NaN
1997 0.971 0.971 NaN NaN NaN NaN
1998 0.971 0.971 NaN NaN NaN NaN
1999 0.972 0.971 NaN NaN NaN NaN
2000 0.972 0.986 NaN NaN NaN NaN
2001 0.972 0.987 NaN NaN NaN NaN
2002 0.972 0.987 NaN NaN NaN NaN
2003 0.972 0.98 NaN NaN NaN NaN
2004 0.972 0.931 NaN NaN NaN NaN
2005 0.972 0.987 NaN NaN NaN NaN
2006 0.972 0.979 NaN NaN NaN NaN
2007 0.972 0.904 NaN NaN NaN NaN
2008 0.972 0.972 NaN NaN NaN NaN
2009 0.972 0.805 NaN NaN NaN NaN
2010 0.972 0.982 NaN NaN NaN NaN
2011 0.972 0.982 NaN NaN NaN NaN
2012 0.972 0.971 NaN NaN NaN NaN
2013 0.967 0.981 NaN NaN NaN NaN
2014 0.98 0.994 NaN NaN NaN NaN
2015 0.951 0.86 NaN NaN NaN NaN
2016 0.975 0.887 NaN NaN NaN NaN
2017 0.975 0.844 NaN NaN NaN NaN
2018 0.974 0.817 NaN NaN NaN NaN
2019 0.979 0.991 NaN NaN NaN NaN
2020 0.971 0.988 NaN NaN NaN NaN
2021 0.971 0.971 NaN NaN NaN NaN
2022 0.971 0.971 NaN NaN NaN NaN
2023 0.971 0.971 NaN NaN NaN NaN
Values for breeding stock: Hawaii
Year RUS+WAL EAL+BER GOA SEA+NBC SBC+WA OR+CA
1970 0.98 0.97 0.95 0.957 0.976 NaN
1971 0.98 0.975 0.979 0.968 0.977 NaN
1972 0.937 0.978 0.979 0.97 0.977 NaN
1973 0.98 0.978 0.979 0.971 0.977 NaN
1974 0.98 0.978 0.979 0.971 0.978 NaN
1975 0.98 0.978 0.979 0.972 0.978 NaN
1976 0.98 0.979 0.979 0.972 0.976 NaN
1977 0.98 0.979 0.979 0.972 0.976 NaN
1978 0.98 0.979 0.979 0.972 0.977 NaN
1979 0.98 0.979 0.979 0.973 0.977 NaN
1980 0.98 0.979 0.979 0.973 0.977 NaN
1981 0.98 0.979 0.979 0.973 0.976 NaN
1982 0.98 0.979 0.979 0.973 0.976 NaN
1983 0.98 0.979 0.979 0.974 0.977 NaN
1984 0.98 0.979 0.979 0.974 0.976 NaN
1985 0.98 0.979 0.979 0.975 0.976 NaN
1986 0.98 0.979 0.979 0.974 0.977 NaN
1987 0.98 0.979 0.979 0.974 0.976 NaN
1988 0.98 0.979 0.979 0.975 0.977 NaN
1989 0.98 0.98 0.979 0.977 0.976 NaN
1990 0.98 0.979 0.979 0.976 0.976 NaN
1991 0.98 0.98 0.979 0.976 0.976 NaN
1992 0.98 0.98 0.979 0.976 0.976 NaN
1993 0.98 0.98 0.979 0.977 0.976 NaN
1994 0.98 0.98 0.979 0.977 0.976 NaN
1995 0.98 0.98 0.979 0.977 0.976 NaN
1996 0.98 0.98 0.979 0.976 0.976 NaN
1997 0.98 0.98 0.979 0.977 0.977 NaN
1998 0.98 0.979 0.979 0.976 0.976 NaN
1999 0.98 0.979 0.979 0.976 0.975 NaN
2000 0.98 0.995 0.891 0.889 0.993 NaN
2001 0.98 0.995 0.994 0.991 0.993 NaN
2002 0.98 0.995 0.995 0.993 0.994 NaN
2003 0.98 0.988 0.938 0.935 0.993 NaN
2004 0.98 0.939 0.996 0.993 0.993 NaN
2005 0.98 0.995 0.92 0.918 0.989 NaN
2006 0.98 0.987 0.995 0.993 0.99 NaN
2007 0.98 0.911 0.921 0.921 0.997 NaN
2008 0.98 0.98 0.996 0.995 0.983 NaN
2009 0.98 0.811 0.949 0.948 0.996 NaN
2010 0.98 0.99 0.996 0.991 0.989 NaN
2011 0.98 0.99 0.892 0.89 0.986 NaN
2012 0.98 0.979 0.993 0.994 0.993 NaN
2013 0.98 0.994 0.843 0.841 0.983 NaN
2014 0.98 0.994 0.688 0.687 0.974 Inf
2015 0.98 0.887 0.898 0.895 0.821 0.999
2016 0.98 0.892 0.739 0.736 0.978 0.999
2017 0.98 0.848 0.883 0.881 0.984 0.998
2018 0.98 0.821 0.993 0.99 0.974 0.997
2019 0.98 0.992 0.976 0.974 0.987 0.991
2020 0.98 0.997 0.671 0.669 0.982 0.994
2021 0.98 0.98 0.976 0.973 0.985 0.866
2022 0.98 0.98 0.98 0.975 0.982 0.955
2023 0.98 0.98 0.976 0.972 0.972 0.98
Values for breeding stock: Mexico
Year RUS+WAL EAL+BER GOA SEA+NBC SBC+WA OR+CA
1970 0.976 0.966 0.946 0.953 0.972 0.911
1971 0.976 0.971 0.975 0.965 0.973 0.963
1972 0.933 0.974 0.976 0.966 0.973 0.964
1973 0.977 0.975 0.976 0.968 0.974 0.965
1974 0.977 0.975 0.976 0.968 0.975 0.962
1975 0.977 0.976 0.976 0.969 0.975 0.962
1976 0.977 0.976 0.976 0.969 0.973 0.962
1977 0.977 0.976 0.977 0.97 0.974 0.962
1978 0.977 0.976 0.977 0.97 0.974 0.963
1979 0.977 0.976 0.977 0.97 0.974 0.963
1980 0.977 0.976 0.977 0.97 0.975 0.962
1981 0.978 0.976 0.977 0.971 0.974 0.962
1982 0.978 0.977 0.977 0.971 0.974 0.962
1983 0.978 0.977 0.977 0.972 0.975 0.963
1984 0.978 0.977 0.977 0.972 0.974 0.965
1985 0.978 0.977 0.977 0.973 0.974 0.965
1986 0.978 0.977 0.977 0.972 0.975 0.965
1987 0.978 0.977 0.977 0.972 0.974 0.965
1988 0.978 0.977 0.977 0.973 0.975 0.965
1989 0.978 0.978 0.977 0.975 0.974 0.967
1990 0.978 0.978 0.977 0.975 0.974 0.968
1991 0.978 0.978 0.977 0.975 0.975 0.966
1992 0.978 0.978 0.977 0.974 0.974 0.966
1993 0.978 0.978 0.977 0.976 0.974 0.967
1994 0.978 0.978 0.978 0.975 0.974 0.968
1995 0.978 0.978 0.978 0.975 0.974 0.968
1996 0.979 0.978 0.978 0.975 0.974 0.968
1997 0.977 0.976 0.976 0.973 0.974 0.966
1998 0.977 0.976 0.976 0.973 0.973 0.966
1999 0.977 0.976 0.976 0.973 0.972 0.966
2000 0.977 0.992 0.888 0.886 0.99 0.886
2001 0.977 0.992 0.991 0.988 0.99 0.979
2002 0.977 0.992 0.992 0.991 0.991 0.984
2003 0.978 0.986 0.935 0.933 0.991 0.983
2004 0.977 0.936 0.993 0.99 0.991 0.984
2005 0.977 0.992 0.917 0.915 0.986 0.969
2006 0.978 0.985 0.993 0.99 0.988 0.794
2007 0.977 0.909 0.918 0.918 0.995 0.978
2008 0.978 0.977 0.993 0.992 0.98 0.932
2009 0.977 0.809 0.947 0.945 0.993 0.977
2010 0.977 0.987 0.994 0.989 0.986 0.968
2011 0.977 0.987 0.889 0.887 0.983 0.934
2012 0.977 0.976 0.99 0.991 0.99 0.988
2013 0.977 0.991 0.84 0.839 0.981 0.993
2014 0.977 0.991 0.686 0.685 0.971 0.981
2015 0.977 0.884 0.895 0.892 0.818 0.966
2016 0.977 0.889 0.736 0.734 0.975 0.955
2017 0.977 0.846 0.88 0.878 0.981 0.98
2018 0.977 0.819 0.99 0.987 0.971 0.968
2019 0.977 0.989 0.973 0.971 0.984 0.975
2020 0.976 0.993 0.669 0.666 0.978 0.984
2021 0.976 0.976 0.972 0.969 0.981 0.853
2022 0.978 0.978 0.977 0.973 0.98 0.943
2023 0.977 0.976 0.972 0.969 0.968 0.966
Values for breeding stock: Central_Am
Year RUS+WAL EAL+BER GOA SEA+NBC SBC+WA OR+CA
1970 NaN NaN NaN NaN 0.968 0.907
1971 NaN NaN NaN NaN 0.97 0.96
1972 NaN NaN NaN NaN 0.971 0.962
1973 NaN NaN NaN NaN 0.97 0.961
1974 NaN NaN NaN NaN 0.971 0.958
1975 NaN NaN NaN NaN 0.972 0.959
1976 NaN NaN NaN NaN 0.971 0.96
1977 NaN NaN NaN NaN 0.972 0.96
1978 NaN NaN NaN NaN 0.971 0.959
1979 NaN NaN NaN NaN 0.972 0.96
1980 NaN NaN NaN NaN 0.972 0.96
1981 NaN NaN NaN NaN 0.971 0.96
1982 NaN NaN NaN NaN 0.971 0.96
1983 NaN NaN NaN NaN 0.972 0.96
1984 NaN NaN NaN NaN 0.972 0.963
1985 NaN NaN NaN NaN 0.972 0.962
1986 NaN NaN NaN NaN 0.972 0.963
1987 NaN NaN NaN NaN 0.972 0.963
1988 NaN NaN NaN NaN 0.972 0.963
1989 NaN NaN NaN NaN 0.972 0.965
1990 NaN NaN NaN NaN 0.972 0.967
1991 NaN NaN NaN NaN 0.973 0.964
1992 NaN NaN NaN NaN 0.973 0.965
1993 NaN NaN NaN NaN 0.973 0.965
1994 NaN NaN NaN NaN 0.973 0.966
1995 NaN NaN NaN NaN 0.973 0.966
1996 NaN NaN NaN NaN 0.973 0.967
1997 NaN NaN NaN NaN 0.974 0.967
1998 NaN NaN NaN NaN 0.974 0.967
1999 NaN NaN NaN NaN 0.973 0.966
2000 NaN NaN NaN NaN 0.99 0.887
2001 NaN NaN NaN NaN 0.991 0.98
2002 NaN NaN NaN NaN 0.991 0.984
2003 NaN NaN NaN NaN 0.991 0.983
2004 NaN NaN NaN NaN 0.991 0.984
2005 NaN NaN NaN NaN 0.987 0.97
2006 NaN NaN NaN NaN 0.988 0.794
2007 NaN NaN NaN NaN 0.995 0.978
2008 NaN NaN NaN NaN 0.98 0.932
2009 NaN NaN NaN NaN 0.994 0.977
2010 NaN NaN NaN NaN 0.987 0.969
2011 NaN NaN NaN NaN 0.983 0.935
2012 NaN NaN NaN NaN 0.991 0.989
2013 NaN NaN NaN NaN 0.981 0.994
2014 NaN NaN NaN NaN 0.972 0.982
2015 NaN NaN NaN NaN 0.819 0.967
2016 NaN NaN NaN NaN 0.976 0.956
2017 NaN NaN NaN NaN 0.982 0.981
2018 NaN NaN NaN NaN 0.972 0.969
2019 NaN NaN NaN NaN 0.986 0.977
2020 NaN NaN NaN NaN 0.979 0.986
2021 NaN NaN NaN NaN 0.983 0.855
2022 NaN NaN NaN NaN 0.98 0.944
2023 NaN NaN NaN NaN 0.97 0.968

Numbers over time by herd
Values for breeding stock: Asia
Year RUS+WAL EAL+BER GOA SEA+NBC SBC+WA OR+CA
1970 45 8 0 0 0 0
1971 54 10 0 0 0 0
1972 60 12 0 0 0 0
1973 69 13 0 0 0 0
1974 77 15 0 0 0 0
1975 85 16 0 0 0 0
1976 93 18 0 0 0 0
1977 101 19 0 0 0 0
1978 108 21 0 0 0 0
1979 115 22 0 0 0 0
1980 124 23 0 0 0 0
1981 135 25 0 0 0 0
1982 146 28 0 0 0 0
1983 160 30 0 0 0 0
1984 175 33 0 0 0 0
1985 191 36 0 0 0 0
1986 209 40 0 0 0 0
1987 228 43 0 0 0 0
1988 248 47 0 0 0 0
1989 269 51 0 0 0 0
1990 292 55 0 0 0 0
1991 317 60 0 0 0 0
1992 344 65 0 0 0 0
1993 374 71 0 0 0 0
1994 407 77 0 0 0 0
1995 442 84 0 0 0 0
1996 481 92 0 0 0 0
1997 522 99 0 0 0 0
1998 567 108 0 0 0 0
1999 615 117 0 0 0 0
2000 667 127 0 0 0 0
2001 723 140 0 0 0 0
2002 784 155 0 0 0 0
2003 848 170 0 0 0 0
2004 918 186 0 0 0 0
2005 992 193 0 0 0 0
2006 1072 212 0 0 0 0
2007 1157 231 0 0 0 0
2008 1248 232 0 0 0 0
2009 1344 250 0 0 0 0
2010 1446 223 0 0 0 0
2011 1553 243 0 0 0 0
2012 1666 264 0 0 0 0
2013 1775 281 0 0 0 0
2014 1913 308 0 0 0 0
2015 1996 327 0 0 0 0
2016 2136 317 0 0 0 0
2017 2281 310 0 0 0 0
2018 2425 287 0 0 0 0
2019 2582 260 0 0 0 0
2020 2720 281 0 0 0 0
2021 2856 304 0 0 0 0
2022 2988 322 0 0 0 0
2023 3116 340 0 0 0 0
Values for breeding stock: Hawaii
Year RUS+WAL EAL+BER GOA SEA+NBC SBC+WA OR+CA
1970 10 139 70 263 12 0
1971 12 168 86 317 14 0
1972 14 198 101 370 17 0
1973 16 227 115 422 19 0
1974 18 255 130 472 21 0
1975 20 283 144 521 24 0
1976 22 310 158 569 26 0
1977 24 337 171 615 28 0
1978 26 363 184 661 30 0
1979 28 388 197 705 32 0
1980 30 420 214 761 35 0
1981 33 458 233 828 38 0
1982 36 503 256 906 42 0
1983 39 553 281 993 46 0
1984 43 608 309 1090 50 0
1985 47 669 340 1196 55 0
1986 52 735 373 1310 61 0
1987 57 805 409 1430 66 0
1988 62 880 446 1559 72 0
1989 68 961 487 1700 79 0
1990 74 1049 531 1853 86 0
1991 81 1145 580 2019 94 0
1992 89 1250 633 2200 102 0
1993 97 1366 691 2401 111 0
1994 106 1493 755 2620 122 0
1995 116 1632 825 2859 133 0
1996 126 1784 901 3116 145 0
1997 138 1948 984 3395 158 0
1998 150 2126 1074 3696 172 0
1999 164 2319 1171 4021 188 0
2000 179 2529 1276 4376 204 0
2001 195 2799 1264 4329 226 0
2002 212 3096 1397 4780 250 0
2003 230 3425 1545 5277 277 0
2004 250 3759 1608 5483 306 0
2005 272 3917 1777 6047 337 0
2006 295 4323 1813 6157 371 0
2007 320 4731 1996 6782 412 0
2008 346 4773 2037 6915 450 0
2009 375 5174 2244 7607 498 0
2010 405 4636 2361 7965 547 0
2011 437 5065 2597 8749 597 0
2012 471 5523 2551 8607 658 0
2013 507 5948 2798 9421 722 0
2014 544 6497 2589 8703 778 0
2015 584 7083 1960 6570 832 0
2016 625 6875 1939 6479 750 0
2017 667 6716 1576 5256 801 0
2018 711 6229 1523 5065 851 0
2019 755 5619 1655 5493 915 0
2020 800 6108 1768 5848 974 0
2021 845 6647 1293 4263 1041 0
2022 890 7092 1381 4534 1108 0
2023 934 7540 1474 4829 1163 0
Values for breeding stock: Mexico
Year RUS+WAL EAL+BER GOA SEA+NBC SBC+WA OR+CA
1970 9 128 29 16 9 57
1971 11 155 35 19 11 69
1972 13 182 41 22 13 80
1973 15 208 47 25 14 91
1974 17 233 53 28 16 101
1975 18 258 59 31 18 110
1976 20 283 64 34 19 120
1977 22 307 70 37 21 129
1978 24 330 75 39 23 137
1979 25 353 80 42 24 146
1980 28 382 87 45 26 157
1981 30 416 95 49 28 169
1982 33 455 104 54 31 184
1983 36 500 114 59 34 201
1984 40 550 125 64 37 220
1985 43 604 137 71 41 240
1986 48 663 151 77 45 262
1987 52 726 165 84 49 286
1988 57 792 180 92 54 310
1989 62 864 196 100 58 336
1990 68 942 214 109 64 365
1991 74 1028 233 119 69 396
1992 81 1122 254 129 75 430
1993 88 1224 277 141 82 467
1994 96 1337 303 154 89 508
1995 105 1461 331 167 98 552
1996 114 1595 361 182 106 601
1997 125 1738 393 198 116 652
1998 136 1892 428 215 126 708
1999 148 2059 465 234 137 768
2000 160 2241 506 254 149 834
2001 174 2476 501 251 164 828
2002 190 2735 552 276 182 910
2003 206 3021 610 305 201 1004
2004 223 3312 634 316 222 1107
2005 242 3445 700 348 244 1218
2006 263 3799 713 354 268 1323
2007 284 4152 784 390 297 1177
2008 308 4183 799 397 324 1294
2009 332 4528 879 436 358 1348
2010 358 4049 923 455 393 1462
2011 386 4416 1014 499 428 1590
2012 415 4806 994 490 471 1660
2013 446 5168 1089 536 515 1833
2014 478 5636 1006 494 554 1999
2015 512 6132 760 372 592 2147
2016 547 5941 750 367 533 2291
2017 583 5793 609 297 568 2517
2018 620 5363 587 286 602 2736
2019 657 4829 637 309 646 3007
2020 695 5236 679 328 686 3303
2021 732 5684 495 239 731 3618
2022 770 6059 528 254 778 3455
2023 806 6428 563 270 815 3625
Values for breeding stock: Central_Am
Year RUS+WAL EAL+BER GOA SEA+NBC SBC+WA OR+CA
1970 0 0 0 0 3 32
1971 0 0 0 0 3 39
1972 0 0 0 0 4 45
1973 0 0 0 0 5 51
1974 0 0 0 0 5 56
1975 0 0 0 0 6 61
1976 0 0 0 0 6 67
1977 0 0 0 0 7 72
1978 0 0 0 0 7 76
1979 0 0 0 0 8 81
1980 0 0 0 0 8 87
1981 0 0 0 0 9 94
1982 0 0 0 0 10 102
1983 0 0 0 0 11 111
1984 0 0 0 0 12 121
1985 0 0 0 0 13 132
1986 0 0 0 0 14 144
1987 0 0 0 0 15 157
1988 0 0 0 0 17 170
1989 0 0 0 0 18 184
1990 0 0 0 0 20 200
1991 0 0 0 0 21 216
1992 0 0 0 0 23 235
1993 0 0 0 0 25 255
1994 0 0 0 0 27 277
1995 0 0 0 0 30 301
1996 0 0 0 0 33 327
1997 0 0 0 0 36 355
1998 0 0 0 0 39 386
1999 0 0 0 0 42 419
2000 0 0 0 0 46 455
2001 0 0 0 0 51 452
2002 0 0 0 0 56 497
2003 0 0 0 0 62 548
2004 0 0 0 0 68 604
2005 0 0 0 0 75 665
2006 0 0 0 0 83 722
2007 0 0 0 0 91 642
2008 0 0 0 0 100 707
2009 0 0 0 0 110 736
2010 0 0 0 0 121 799
2011 0 0 0 0 132 869
2012 0 0 0 0 145 908
2013 0 0 0 0 159 1002
2014 0 0 0 0 171 1094
2015 0 0 0 0 183 1176
2016 0 0 0 0 165 1256
2017 0 0 0 0 176 1381
2018 0 0 0 0 186 1502
2019 0 0 0 0 200 1653
2020 0 0 0 0 213 1817
2021 0 0 0 0 227 1993
2022 0 0 0 0 242 1902
2023 0 0 0 0 253 1998

Catch numbers by breeding stock
Year Asia Hawaii Mexico Central_Am
1970 0.9 0 1.1 0.3
1971 0.9 0 1.2 0.3
1972 1 0 1.3 0.3
1973 1.1 0 1.3 0.4
1974 1.2 0.1 1.4 0.4
1975 1.2 0.1 1.5 0.4
1976 1.3 0.1 1.6 0.4
1977 1.4 0.1 1.6 0.4
1978 1.5 0.1 1.7 0.5
1979 1.6 0.1 1.8 0.5
1980 1.8 0.1 1.9 0.5
1981 1.9 0.1 2 0.5
1982 2 0.1 2.1 0.6
1983 2.2 0.1 2.2 0.6
1984 2.3 0.1 2.4 0.6
1985 2.5 0.1 2.5 0.7
1986 2.6 0.1 2.6 0.7
1987 2.8 0.1 2.8 0.7
1988 3 0.1 2.9 0.8
1989 3.2 0.1 3.1 0.8
1990 3.5 0.2 3.2 0.8
1991 3.7 0.2 3.4 0.9
1992 4 0.2 3.6 0.9
1993 4.3 0.2 3.8 1
1994 4.6 0.2 4 1
1995 4.9 0.2 4.2 1.1
1996 5.2 0.2 4.4 1.1
1997 5.6 0.2 11 1.2
1998 6 0.2 11.6 1.2
1999 6.4 0.2 12.3 1.3
2000 6.9 0.3 12.9 1.4
2001 7.3 0.3 13.6 1.4
2002 7.9 0 13.7 1.5
2003 8.4 0 13.7 1.6
2004 9 0 15.8 1.7
2005 9.6 0 19 1.8
2006 10.3 1 16.1 1.8
2007 11.1 0 18.2 1.9
2008 11.8 0 18.7 2
2009 12.7 0 21.2 2.1
2010 13.6 0 22 2.2
2011 14.5 0.8 24.9 2.4
2012 15.5 0 25.6 2.5
2013 28 0 25.3 2.6
2014 0 5 30.6 2.7
2015 72 0 33.5 2.9
2016 12 0.1 33.4 3
2017 12 0.1 31.5 3.2
2018 16 0.1 31.5 3.3
2019 4 0.4 31.5 1.7
2020 26.8 0.4 40.7 5
2021 28.6 0.4 44.1 4.7
2022 30.7 0.4 26.4 3.7
2023 32.8 0.4 43.3 4.2

Catch numbers by feeding ground
Year RUS+WAL EAL+BER GOA SEA+NBC SBC+WA OR+CA
1970 0 2.7 3.1 6.8 0.1 6.4
1971 0 1.8 0.1 4 0.1 1.5
1972 4 0.8 0.1 4.1 0.1 1.6
1973 0 0.8 0.1 4.3 0.1 1.7
1974 0 0.8 0.1 4.5 0.1 2.5
1975 0 0.8 0.2 4.7 0.1 2.7
1976 0 0.8 0.2 4.9 0.2 2.9
1977 0 0.8 0.2 5.2 0.2 3.1
1978 0 0.8 0.2 5.4 0.2 3.3
1979 0 1 0.2 5.6 0.2 3.5
1980 0 1 0.2 5.9 0.2 3.9
1981 0 1 0.3 6.1 0.3 4.2
1982 0 1 0.4 6.5 0.3 4.5
1983 0 1 0.4 6.7 0.3 4.8
1984 0 1 0.5 7.1 0.4 4.6
1985 0 1 0.5 6.7 0.4 5
1986 0 1 0.7 7.8 0.4 5.4
1987 0 1 0.7 10 0.5 5.8
1988 0 1.1 0.8 8.5 0.5 6.3
1989 0 0.9 0.8 6.1 0.6 6.1
1990 0 1 0.8 7.4 0.7 5.8
1991 0 1 0.9 8.2 0.7 7.6
1992 0 1.1 0.9 9.8 0.8 8.3
1993 0 1.1 1 7.1 0.9 8.6
1994 0 1.2 1 9.3 1 8.8
1995 0 1.2 1 9.3 1.1 9.6
1996 0 1.2 1.1 12.7 1.2 9.9
1997 0 1.2 1.3 12.7 0.9 10.7
1998 0 3 1.4 14.7 1.2 12
1999 0 2.6 1.4 17.4 1.7 13.5
2000 0 1.2 1.5 14.1 1.5 11.6
2001 0 1.2 1.8 16.4 1.7 13.4
2002 0 2.4 1.9 13.8 1.9 13.7
2003 0 1.4 2 18.9 2.3 16
2004 0 1.4 2.3 22 2.5 15.9
2005 0 1.6 2.3 23.3 5.8 20.1
2006 0 1.6 2.4 22.7 5.3 22.1
2007 0 0.1 7.3 18.4 0 18.1
2008 0 0.1 4.3 19.7 12.4 8.8
2009 0 0.1 4.3 24.1 0 9.8
2010 0 6.1 0.8 44.5 7 24.5
2011 0 3.1 4 28.4 11 11.9
2012 0 4.1 8.8 11.6 0 10
2013 0 0.1 4 31.6 0 4.7
2014 0 0.1 11.8 43.7 7 45.2
2015 0 4.1 12 51 9.1 103.4
2016 0 4.1 4.8 34.8 7.1 150.3
2017 0 4.1 2.1 16.3 11.1 60.3
2018 0 1.1 4 26.6 30.1 111.1
2019 0 4.1 6 27.3 9.1 61
2020 0 1.1 0 24 23 31.2
2021 0 2.2 7 33.7 13 62.4
2022 0 4.3 0.8 22.3 8 56
2023 0 3.6 9.1 40.1 19.2 59.7
