Stock structure: B1F1; Model type = BC
Mortality impacts feeding grounds
Recuitment related to unfished
Staying rate: 0
Age-at-matrity: 8
Base adult survival: 0
Mirrored survival
Sigma for survival devs: 6
Additional variance estimated
Weight for mark-recapture proportions: 1
Weight for genetics proportions: 1


Total objective fn: 249.504311046364
Negative log-likelihood fn: 57.1713785966573

Natural Survival by feeding ground
RUS+WAL,EAL+BER,GOA,SEA+NBC,SBC+WA,OR+CA
1970 0.96 0.96 0.96 0.96 0.96 0.96
1971 0.96 0.96 0.96 0.96 0.96 0.96
1972 0.96 0.96 0.96 0.96 0.96 0.96
1973 0.96 0.96 0.96 0.96 0.96 0.96
1974 0.96 0.96 0.96 0.96 0.96 0.96
1975 0.96 0.96 0.96 0.96 0.96 0.96
1976 0.96 0.96 0.96 0.96 0.96 0.96
1977 0.96 0.96 0.96 0.96 0.96 0.96
1978 0.96 0.96 0.96 0.96 0.96 0.96
1979 0.96 0.96 0.96 0.96 0.96 0.96
1980 0.96 0.96 0.96 0.96 0.96 0.96
1981 0.96 0.96 0.96 0.96 0.96 0.96
1982 0.96 0.96 0.96 0.96 0.96 0.96
1983 0.96 0.96 0.96 0.96 0.96 0.96
1984 0.96 0.96 0.96 0.96 0.96 0.96
1985 0.96 0.96 0.96 0.96 0.96 0.96
1986 0.96 0.96 0.96 0.96 0.96 0.96
1987 0.96 0.96 0.96 0.96 0.96 0.96
1988 0.96 0.96 0.96 0.96 0.96 0.96
1989 0.96 0.96 0.96 0.96 0.96 0.96
1990 0.96 0.96 0.96 0.96 0.96 0.96
1991 0.96 0.96 0.96 0.96 0.96 0.96
1992 0.96 0.96 0.96 0.96 0.96 0.96
1993 0.96 0.96 0.96 0.96 0.96 0.96
1994 0.96 0.96 0.96 0.96 0.96 0.96
1995 0.96 0.96 0.96 0.96 0.96 0.96
1996 0.96 0.96 0.96 0.96 0.96 0.96
1997 0.96 0.96 0.96 0.96 0.96 0.96
1998 0.96 0.96 0.96 0.96 0.96 0.96
1999 0.96 0.96 0.96 0.96 0.96 0.96
2000 0.96 0.9931652 0.8733604 0.8733604 0.9971281 0.8445685
2001 0.96 0.9931642 0.9904161 0.9904161 0.9975874 0.9821932
2002 0.96 0.9935967 0.9935211 0.9935211 0.997833 0.9936262
2003 0.96 0.9800911 0.8834883 0.8834883 0.9979169 0.9915123
2004 0.96 0.8870387 0.9953182 0.9953182 0.9978734 0.9937599
2005 0.96 0.9938482 0.8887049 0.8887049 0.997767 0.9419827
2006 0.96 0.9722209 0.9942685 0.9942685 0.997876 0.7887178
2007 0.96 0.8865042 0.8860312 0.8860312 0.9973114 0.9855344
2008 0.96 0.9566232 0.9957138 0.9957138 0.9958349 0.9064611
2009 0.96 0.7839522 0.9235795 0.9235795 0.9932174 0.9690112
2010 0.96 0.9857261 0.9950846 0.9950846 0.9929916 0.9596354
2011 0.96 0.9861609 0.864529 0.864529 0.9934328 0.8529877
2012 0.96 0.9404289 0.992913 0.992913 0.9909821 0.9891637
2013 0.96 0.9915366 0.8092892 0.8092892 0.8695745 0.996462
2014 0.96 0.9914275 0.6799195 0.6799195 0.9285421 0.9982657
2015 0.96 0.8565186 0.8847114 0.8847114 0.8022439 0.9986545
2016 0.96 0.8694885 0.7256319 0.7256319 0.9687025 0.9982782
2017 0.96 0.8295512 0.8542154 0.8542154 0.9921934 0.9975983
2018 0.96 0.7902295 0.9929798 0.9929798 0.9919213 0.9941741
2019 0.96 0.989171 0.9569408 0.9569408 0.9924243 0.9112048
2020 0.96 0.9956133 0.6422258 0.6422258 0.9938185 0.9870868
2021 0.96 0.9600778 0.9600108 0.9600108 0.9902318 0.8352705
2022 0.96 0.9599931 0.9599992 0.9599992 0.9685713 0.930361
2023 0.96 0.96 0.96 0.96 0.96 0.9602298

Naturak Survival by breeding stock
RUS+WAL,EAL+BER,GOA,SEA+NBC,SBC+WA,OR+CA
1970 0.96 0.96 0.96 0.96
1971 0.96 0.96 0.96 0.96
1972 0.96 0.96 0.96 0.96
1973 0.96 0.96 0.96 0.96
1974 0.96 0.96 0.96 0.96
1975 0.96 0.96 0.96 0.96
1976 0.96 0.96 0.96 0.96
1977 0.96 0.96 0.96 0.96
1978 0.96 0.96 0.96 0.96
1979 0.96 0.96 0.96 0.96
1980 0.96 0.96 0.96 0.96
1981 0.96 0.96 0.96 0.96
1982 0.96 0.96 0.96 0.96
1983 0.96 0.96 0.96 0.96
1984 0.96 0.96 0.96 0.96
1985 0.96 0.96 0.96 0.96
1986 0.96 0.96 0.96 0.96
1987 0.96 0.96 0.96 0.96
1988 0.96 0.96 0.96 0.96
1989 0.96 0.96 0.96 0.96
1990 0.96 0.96 0.96 0.96
1991 0.96 0.96 0.96 0.96
1992 0.96 0.96 0.96 0.96
1993 0.96 0.96 0.96 0.96
1994 0.96 0.96 0.96 0.96
1995 0.96 0.96 0.96 0.96
1996 0.96 0.96 0.96 0.96
1997 0.96 0.96 0.96 0.96
1998 0.96 0.96 0.96 0.96
1999 0.96 0.96 0.96 0.96
2000 0.96 0.96 0.96 0.96
2001 0.96 0.96 0.96 0.96
2002 0.96 0.96 0.96 0.96
2003 0.96 0.96 0.96 0.96
2004 0.96 0.96 0.96 0.96
2005 0.96 0.96 0.96 0.96
2006 0.96 0.96 0.96 0.96
2007 0.96 0.96 0.96 0.96
2008 0.96 0.96 0.96 0.96
2009 0.96 0.96 0.96 0.96
2010 0.96 0.96 0.96 0.96
2011 0.96 0.96 0.96 0.96
2012 0.96 0.96 0.96 0.96
2013 0.96 0.96 0.96 0.96
2014 0.96 0.96 0.96 0.96
2015 0.96 0.96 0.96 0.96
2016 0.96 0.96 0.96 0.96
2017 0.96 0.96 0.96 0.96
2018 0.96 0.96 0.96 0.96
2019 0.96 0.96 0.96 0.96
2020 0.96 0.96 0.96 0.96
2021 0.96 0.96 0.96 0.96
2022 0.96 0.96 0.96 0.96
2023 0.96 0.96 0.96 0.96

Fecundity by feeding ground
RUS+WAL,EAL+BER,GOA,SEA+NBC,SBC+WA,OR+CA
1970 0.9588379 0.9614786 0.9610298 0.9598872 0.9621392 0.964303
1971 0.9588379 0.9614786 0.9610298 0.9598872 0.9621392 0.964303
1972 0.9588379 0.9614786 0.9610298 0.9598872 0.9621392 0.964303
1973 0.9588379 0.9614786 0.9610298 0.9598872 0.9621392 0.964303
1974 0.9588379 0.9614786 0.9610298 0.9598872 0.9621392 0.964303
1975 0.9588379 0.9614786 0.9610298 0.9598872 0.9621392 0.964303
1976 0.9588379 0.9614786 0.9610298 0.9598872 0.9621392 0.964303
1977 0.9588379 0.9614786 0.9610298 0.9598872 0.9621392 0.964303
1978 0.9588379 0.9614786 0.9610298 0.9598872 0.9621392 0.964303
1979 0.9565013 0.9597039 0.9590957 0.9578018 0.9605007 0.963236
1980 0.9549226 0.9579732 0.95724 0.9558035 0.958929 0.9622184
1981 0.9527698 0.9563123 0.9554587 0.9538918 0.9574227 0.9612522
1982 0.9507179 0.9547206 0.9537508 0.9520652 0.9559786 0.9603706
1983 0.9487489 0.9531941 0.9521205 0.9503187 0.9545935 0.9595365
1984 0.9468732 0.9517307 0.9505565 0.9486489 0.9532989 0.9587482
1985 0.9450863 0.9503263 0.949055 0.947056 0.9520561 0.9580024
1986 0.9433854 0.94898 0.9476147 0.9455338 0.9508668 0.9573039
1987 0.941767 0.9476954 0.946233 0.9440793 0.9497262 0.9566457
1988 0.9396037 0.9459771 0.944377 0.9421226 0.9481818 0.9557422
1989 0.9371119 0.943856 0.9420974 0.9397066 0.9463032 0.954612
1990 0.9341511 0.9413688 0.9394334 0.936882 0.944092 0.953284
1991 0.9307836 0.938551 0.9364137 0.9336837 0.9415771 0.9517847
1992 0.9270373 0.935436 0.9330846 0.9301569 0.9388227 0.9501077
1993 0.9229675 0.932053 0.9294684 0.9263099 0.9358316 0.9483106
1994 0.9185991 0.9284293 0.9256114 0.9222282 0.9326257 0.9464048
1995 0.913983 0.9245933 0.9215254 0.9179784 0.9292639 0.9444093
1996 0.909152 0.9205724 0.9172434 0.9134622 0.9257339 0.9423482
1997 0.9039737 0.9162521 0.9126414 0.9085288 0.9219674 0.9401148
1998 0.8983922 0.9115479 0.9076224 0.9032021 0.9178858 0.9376482
1999 0.892292 0.9063785 0.9021132 0.8973762 0.9133848 0.9350285
2000 0.8856079 0.9006828 0.8960365 0.8910057 0.9084349 0.93215
2001 0.8782729 0.8944063 0.8893485 0.8838894 0.9029977 0.9289596
2002 0.8702395 0.8875114 0.8819979 0.8761472 0.8970328 0.9254282
2003 0.8614701 0.879965 0.8739576 0.8676795 0.8905136 0.9215813
2004 0.851944 0.8717466 0.8652141 0.858597 0.8834253 0.9173766
2005 0.8417053 0.8629445 0.8558304 0.8487682 0.8756926 0.9129215
2006 0.8306738 0.8534764 0.8456937 0.838187 0.867423 0.9081354
2007 0.8188011 0.8432227 0.8347372 0.8268262 0.8586388 0.9029911
2008 0.80603 0.8320853 0.8228986 0.8144144 0.8490288 0.8972751
2009 0.7922658 0.8148773 0.8244921 0.8163019 0.833596 0.900644
2010 0.7774429 0.7955879 0.8069191 0.7978205 0.8161424 0.8931246
2011 0.7614645 0.7738156 0.7866942 0.7767254 0.7964945 0.8838213
2012 0.7442845 0.7524137 0.786809 0.7771888 0.7743538 0.8734878
2013 0.7258663 0.7516709 0.7639551 0.7534947 0.7505191 0.861834
2014 0.7061165 0.7247404 0.7631191 0.7529943 0.7233061 0.8550644
2015 0.6850347 0.7006592 0.7382749 0.7267135 0.6907898 0.8676036
2016 0.66259 0.7004852 0.7385466 0.72718 0.6588336 0.8556167
2017 0.6387674 0.6793519 0.7105222 0.6981104 0.6189999 0.8525917
2018 0.6136004 0.7136621 0.6995961 0.6879586 0.5783964 0.8419962
2019 0.5870116 0.6863529 0.6673491 0.6546861 0.5350105 0.8310582
2020 0.5589979 0.6566485 0.6766219 0.6638007 0.4832012 0.835981
2021 0.5311991 0.640367 0.642656 0.629002 0.4280055 0.8200274
2022 0.4979921 0.6040172 0.6736993 0.6617851 0.4446706 0.803493
2023 0.4734642 0.5652541 0.7445362 0.736107 0.4283811 0.7877327

Total abundance: Estimate SD_log
1970 842.4418 0.03323754
1971 1015.877 0.03352168
1972 1193.414 0.03343929
1973 1360.586 0.03347793
1974 1524.431 0.03344277
1975 1680.474 0.03344597
1976 1829.699 0.03346265
1977 1972.284 0.03349006
1978 2108.589 0.03352366
1979 2238.769 0.03356329
1980 2413.716 0.03355971
1981 2628.308 0.03354218
1982 2879.931 0.03350494
1983 3164.539 0.03346371
1984 3479.027 0.03342176
1985 3820.292 0.03338247
1986 4185.669 0.03334565
1987 4570.926 0.0333235
1988 4972.347 0.03332171
1989 5404.395 0.03330716
1990 5878.01 0.0332688
1991 6397.111 0.03322882
1992 6966.77 0.03319175
1993 7592.471 0.03315396
1994 8282.78 0.03309651
1995 9035.695 0.03304225
1996 9854.204 0.03298768
1997 10736.96 0.03294136
1998 11685.26 0.032908
1999 12705.85 0.03288117
2000 13806.15 0.03285792
2001 14399.34 0.036132
2002 16103.74 0.03610757
2003 18056.88 0.03633234
2004 19141.45 0.03542268
2005 20553.95 0.02470857
2006 21829.74 0.02850574
2007 23735.55 0.04315317
2008 24174.01 0.05337454
2009 26421.38 0.0502327
2010 26184.17 0.041389
2011 28973.43 0.03940664
2012 29827.87 0.04056128
2013 32473.29 0.03565895
2014 32875.32 0.04604093
2015 31764.83 0.04082555
2016 31289.93 0.04486703
2017 29735.8 0.04674657
2018 29232.21 0.0395579
2019 29472.33 0.03477702
2020 31576.7 0.03442946
2021 31303.33 0.03533647
2022 32503.34 0.1187321
2023 34342.37 0.1646251
2024 36361.81 0.2048528

Breeding stock abundance: Estimate SD_log Estimate/K
Asia
1970 53.78699 0.06489325 1.499534
1971 65.30941 0.06531078 1.820768
1972 76.39766 0.06560611 2.129899
1973 84.31837 0.06781 2.350721
1974 94.48333 0.06783002 2.634111
1975 104.1458 0.06791216 2.903494
1976 113.422 0.0679804 3.162104
1977 122.2312 0.06809125 3.407696
1978 130.5921 0.06823484 3.640792
1979 138.5227 0.06840453 3.861889
1980 149.1899 0.06847082 4.159282
1981 161.4838 0.06882457 4.502025
1982 176.0593 0.06904197 4.908376
1983 192.6713 0.06915821 5.371505
1984 211.0231 0.06922675 5.883136
1985 231.0002 0.06923831 6.440081
1986 252.3076 0.06924215 7.034112
1987 274.8602 0.06922337 7.66286
1988 298.389 0.06921721 8.318822
1989 323.5403 0.06919443 9.020017
1990 350.6965 0.06917632 9.777109
1991 380.2498 0.06915259 10.60103
1992 412.6781 0.06909154 11.5051
1993 448.2076 0.06900001 12.49563
1994 487.0647 0.06887871 13.57893
1995 529.4275 0.06873015 14.75997
1996 575.3899 0.06856559 16.04136
1997 624.9879 0.06839829 17.42411
1998 678.3117 0.06824608 18.91073
1999 735.5472 0.06812178 20.5064
2000 797.0994 0.06803261 22.22242
2001 867.9315 0.06800228 24.19716
2002 944.8355 0.06806767 26.34118
2003 1028.205 0.0682989 28.66546
2004 1116.009 0.06880582 31.11333
2005 1190.327 0.06849637 33.18527
2006 1292.963 0.06924505 36.04667
2007 1398.243 0.0717293 38.98176
2008 1487.697 0.07385982 41.47566
2009 1601.014 0.07521719 44.63486
2010 1671.241 0.07646821 46.59271
2011 1800.402 0.07899016 50.1936
2012 1937.094 0.08232809 54.00448
2013 2067.186 0.08607791 57.63131
2014 2208.577 0.09121057 61.57317
2015 2385.334 0.09605231 66.501
2016 2448.467 0.1057333 68.2611
2017 2581.285 0.114233 71.96393
2018 2702.715 0.1240571 75.3493
2019 2813.08 0.1361755 78.42618
2020 2995.974 0.1466331 83.5251
2021 3159.696 0.1592874 88.08952
2022 3309.328 0.1753927 92.26113
2023 3454.342 0.1930514 96.30398
Hawaii
1970 500.0988 0.03847313 1.194314
1971 606.3058 0.03867123 1.447954
1972 713.2712 0.03859461 1.703404
1973 815.7343 0.03856728 1.948102
1974 914.5348 0.03854274 2.184053
1975 1009.105 0.03853912 2.409902
1976 1099.643 0.0385476 2.62612
1977 1186.328 0.03856382 2.833139
1978 1269.274 0.03858664 3.031226
1979 1348.72 0.0386119 3.220956
1980 1455.249 0.03859971 3.475362
1981 1586.381 0.0385648 3.788526
1982 1739.953 0.03851635 4.155282
1983 1913.638 0.03846683 4.570069
1984 2105.65 0.03841713 5.028622
1985 2313.788 0.03837564 5.52569
1986 2537.127 0.0383309 6.059058
1987 2772.513 0.03830528 6.621196
1988 3017.527 0.03830632 7.206329
1989 3282.188 0.03828463 7.83838
1990 3573.059 0.03823302 8.533026
1991 3891.168 0.03819102 9.29272
1992 4241.07 0.03815029 10.12834
1993 4625.091 0.03811722 11.04544
1994 5049.732 0.03806198 12.05955
1995 5511.971 0.03802376 13.16345
1996 6014.646 0.03799168 14.36392
1997 6555.688 0.03798258 15.65601
1998 7141.249 0.03797409 17.05442
1999 7771.369 0.03798382 18.55925
2000 8450.541 0.03801245 20.18122
2001 8735.805 0.04252521 20.86248
2002 9797.372 0.04411084 23.39766
2003 11010.91 0.0448255 26.29579
2004 11439.34 0.03831568 27.31894
2005 12382.62 0.03038549 29.57165
2006 12953.39 0.03526735 30.93474
2007 14413.71 0.04450467 34.42221
2008 14486.6 0.0517823 34.59628
2009 16020.07 0.04901245 38.25845
2010 15906.63 0.04425139 37.98753
2011 17707.92 0.04315602 42.2893
2012 18006.06 0.04156049 43.00131
2013 19715.05 0.03997501 47.08264
2014 19219.44 0.06107712 45.89903
2015 17288.87 0.04568649 41.28853
2016 16777.02 0.0489836 40.06616
2017 15063.78 0.05360034 35.97468
2018 14338.06 0.04731992 34.24153
2019 14415.82 0.04154681 34.42725
2020 15550.34 0.03988796 37.13665
2021 14140.05 0.0513531 33.76866
2022 15025.79 0.1561463 35.88396
2023 15964.79 0.2156453 38.12644
Mexico
1970 251.6422 0.05005209 0.7613552
1971 301.7754 0.05103585 0.9130356
1972 354.2262 0.05117687 1.071728
1973 404.2962 0.0513318 1.223217
1974 452.8555 0.05140819 1.370136
1975 498.8705 0.0515312 1.509356
1976 542.7861 0.05165533 1.642225
1977 584.6784 0.05178122 1.768972
1978 624.7549 0.05189784 1.890225
1979 662.997 0.0520147 2.005929
1980 714.4106 0.05210462 2.161483
1981 777.6982 0.0521813 2.352962
1982 851.9105 0.05223843 2.577495
1983 935.8679 0.05228838 2.831512
1984 1028.585 0.05233437 3.112033
1985 1129.245 0.05237314 3.416584
1986 1236.815 0.05241519 3.742042
1987 1350.338 0.05246406 4.085511
1988 1468.896 0.05252356 4.444213
1989 1595.963 0.05258049 4.828661
1990 1734.826 0.05261671 5.248797
1991 1887.669 0.05263154 5.711232
1992 2055.086 0.05265991 6.217758
1993 2239.287 0.0526792 6.775067
1994 2441.956 0.05268156 7.388252
1995 2663.702 0.05267111 8.059156
1996 2904.826 0.05265621 8.788687
1997 3165.751 0.05263447 9.578127
1998 3441.552 0.05269975 10.41258
1999 3738.605 0.05275777 11.31132
2000 4059.463 0.05280434 12.2821
2001 4311.753 0.05586823 13.04541
2002 4824.326 0.05425334 14.59622
2003 5414.629 0.05400029 16.38221
2004 5910.533 0.05857607 17.8826
2005 6222.049 0.04622022 18.8251
2006 6772.082 0.04956713 20.48925
2007 7182.017 0.07135971 21.72953
2008 7373.714 0.08576391 22.30952
2009 7942.651 0.08209107 24.03086
2010 7661.967 0.06889348 23.18164
2011 8440.794 0.06595006 25.53802
2012 8875.539 0.06863231 26.85336
2013 9564.621 0.05966316 28.93821
2014 10207.2 0.06043014 30.88236
2015 10724.28 0.06345302 32.44681
2016 10598.47 0.06869427 32.06618
2017 10491.63 0.06772164 31.74293
2018 10402.08 0.05932793 31.47197
2019 10267.73 0.05337351 31.06551
2020 10988.3 0.05391191 33.24562
2021 11729.3 0.05294068 35.48754
2022 11998.9 0.1377066 36.30324
2023 12655.05 0.1865237 38.28845
Central_Am
1970 36.9139 0.07347536 0.5048995
1971 42.48588 0.07413215 0.5811118
1972 49.51875 0.07446186 0.6773057
1973 56.23671 0.07470894 0.7691923
1974 62.55691 0.07501502 0.8556386
1975 68.35218 0.07527425 0.9349049
1976 73.84828 0.07548877 1.010079
1977 79.04556 0.07567695 1.081166
1978 83.96741 0.07583908 1.148486
1979 88.5296 0.07606231 1.210887
1980 94.86711 0.07624836 1.29757
1981 102.7458 0.07640084 1.405333
1982 112.0082 0.07654568 1.532022
1983 122.3614 0.07673965 1.67363
1984 133.769 0.07691048 1.829661
1985 146.2588 0.07705949 2.000494
1986 159.4193 0.07723909 2.180499
1987 173.2147 0.07740846 2.369189
1988 187.5357 0.07757016 2.565068
1989 202.7046 0.07775411 2.772545
1990 219.4288 0.07791103 3.001295
1991 238.024 0.07805187 3.255636
1992 257.936 0.07822009 3.527988
1993 279.8856 0.0783736 3.828208
1994 304.0273 0.07854375 4.158413
1995 330.5944 0.07870143 4.521792
1996 359.3422 0.07887528 4.914997
1997 390.5361 0.07904577 5.341661
1998 424.1469 0.07922981 5.801381
1999 460.3324 0.07941644 6.296317
2000 499.0485 0.07963207 6.825867
2001 483.8472 0.09722518 6.617948
2002 537.2015 0.08666364 7.347714
2003 603.1314 0.08626107 8.249489
2004 675.5706 0.08656338 9.240295
2005 758.9455 0.08777122 10.38068
2006 811.3004 0.1164933 11.09677
2007 741.5768 0.1034889 10.14311
2008 826.0005 0.1040022 11.29784
2009 857.6409 0.109773 11.73061
2010 944.3327 0.1052614 12.91636
2011 1024.313 0.1094892 14.01031
2012 1009.169 0.08346892 13.80318
2013 1126.433 0.07829674 15.40708
2014 1240.114 0.08093814 16.96199
2015 1366.35 0.08094879 18.68861
2016 1465.967 0.07999855 20.05114
2017 1599.097 0.07972509 21.87207
2018 1789.359 0.08022209 24.47443
2019 1975.692 0.08200161 27.02305
2020 2042.09 0.08931056 27.93122
2021 2274.289 0.0896489 31.10718
2022 2169.319 0.1082978 29.67143
2023 2268.182 0.1079892 31.02366

Feeding stock abundance: Estimate SD_log Estimate/K
RUS+WAL
1970 64.1782 0.08806257 1.255251
1971 78.56019 0.08802119 1.536546
1972 92.27768 0.08807224 1.804844
1973 101.5286 0.09149031 1.985781
1974 114.1582 0.09112121 2.232801
1975 126.2776 0.09084026 2.469843
1976 137.8232 0.09066035 2.695662
1977 148.8217 0.09055447 2.910779
1978 159.2912 0.09050312 3.115551
1979 169.253 0.09049399 3.310391
1980 182.5687 0.09040415 3.570831
1981 197.9061 0.09075496 3.870813
1982 216.1305 0.09092658 4.227261
1983 236.8581 0.09099072 4.632668
1984 259.9175 0.09095266 5.083683
1985 284.9679 0.09086958 5.573641
1986 311.8562 0.09074433 6.099544
1987 340.269 0.09061345 6.655265
1988 370.0048 0.09048689 7.236862
1989 401.8785 0.09033819 7.860276
1990 436.2339 0.09022961 8.532228
1991 473.7818 0.09011328 9.266621
1992 514.9239 0.08998598 10.07131
1993 560.0718 0.08983597 10.95435
1994 609.5195 0.08966389 11.92149
1995 663.4965 0.08947378 12.97722
1996 722.132 0.08927686 14.12406
1997 785.1532 0.08907777 15.35668
1998 853.0542 0.08890134 16.68475
1999 926.1334 0.08876404 18.11409
2000 1004.742 0.08868499 19.65158
2001 1089.463 0.08866871 21.30863
2002 1180.702 0.08875068 23.09315
2003 1279.051 0.08895359 25.01676
2004 1384.798 0.08931472 27.08504
2005 1498.166 0.0898976 29.30238
2006 1619.73 0.0907379 31.68003
2007 1749.493 0.09188959 34.21804
2008 1887.645 0.09342724 36.92013
2009 2034.277 0.09541687 39.7881
2010 2189.185 0.09796107 42.81792
2011 2352.845 0.1011095 46.01891
2012 2525.275 0.1049563 49.39143
2013 2696.382 0.1099291 52.73809
2014 2900.777 0.1149476 56.73582
2015 3051.751 0.1229164 59.68869
2016 3263.41 0.1302274 63.8285
2017 3481.535 0.1386761 68.09477
2018 3701.123 0.1484537 72.38965
2019 3935.07 0.1591152 76.96539
2020 4149.433 0.1718383 81.15807
2021 4362.331 0.1860103 85.32211
2022 4571.863 0.2015776 89.42032
2023 4773.659 0.2189968 93.36722
EAL+BER
1970 270.9921 0.09436052 0.9467736
1971 331.2442 0.09512298 1.157278
1972 389.8836 0.09544146 1.362148
1973 447.1145 0.095471 1.562098
1974 501.9611 0.09550283 1.753717
1975 554.5614 0.09553417 1.937488
1976 604.9895 0.09556508 2.11367
1977 653.3837 0.09559167 2.282747
1978 699.7737 0.09561835 2.444821
1979 744.2396 0.09564505 2.600173
1980 803.4485 0.0957004 2.807033
1981 876.5406 0.09572208 3.062397
1982 962.2456 0.0957179 3.361827
1983 1059.342 0.09569618 3.701054
1984 1166.678 0.09566509 4.076061
1985 1283.252 0.09562689 4.483336
1986 1408.118 0.09558425 4.919586
1987 1540.301 0.09554143 5.381399
1988 1678.958 0.09550118 5.865826
1989 1827.626 0.095466 6.385235
1990 1989.827 0.095413 6.951919
1991 2167.956 0.09535463 7.574257
1992 2364.32 0.0952838 8.260299
1993 2580.6 0.09520385 9.015921
1994 2818.287 0.09511115 9.846337
1995 3078.327 0.09501018 10.75485
1996 3361.517 0.09489964 11.74424
1997 3664.827 0.09482729 12.80392
1998 3992.883 0.09474246 13.95006
1999 4345.808 0.09468521 15.18308
2000 4728.186 0.09460299 16.51901
2001 5321.148 0.09374458 18.59066
2002 5987.032 0.09275715 20.91708
2003 6736.273 0.09250232 23.53473
2004 7473.747 0.09618167 26.11126
2005 7499.544 0.0671257 26.20139
2006 8427.529 0.06878744 29.44352
2007 9255.83 0.1159471 32.33738
2008 9261.824 0.1477811 32.35832
2009 9990.046 0.1417181 34.90253
2010 8813.771 0.1243648 30.79295
2011 9751.802 0.1179662 34.07017
2012 10776.37 0.1183052 37.64974
2013 11333.41 0.1012238 39.59587
2014 12585.97 0.09915073 43.97198
2015 13925.68 0.09910987 48.65259
2016 13286.28 0.1117547 46.41871
2017 12886.48 0.1125728 45.02189
2018 11899.31 0.1050404 41.57301
2019 10536.26 0.1032409 36.81085
2020 11623.39 0.1005796 40.60898
2021 12856.51 0.1005039 44.91719
2022 13696.47 0.2594525 47.85177
2023 14510.11 0.353818 50.69443
GOA
1970 102.5619 0.06468996 1.02227
1971 122.9222 0.06643311 1.225208
1972 145.3353 0.06631737 1.448608
1973 166.8514 0.06624496 1.663066
1974 187.4799 0.06619713 1.868677
1975 207.2707 0.06616325 2.06594
1976 226.1615 0.06616631 2.25423
1977 244.2963 0.06616999 2.434986
1978 261.6931 0.06617395 2.608387
1979 278.3816 0.06617793 2.774726
1980 300.7994 0.0661569 2.998173
1981 328.4329 0.06612044 3.273605
1982 360.7098 0.06609432 3.59532
1983 397.182 0.06607886 3.958851
1984 437.492 0.06606274 4.360636
1985 481.1692 0.06606053 4.795981
1986 527.955 0.06605689 5.262312
1987 577.3081 0.06607456 5.754231
1988 629.1267 0.06608755 6.270725
1989 684.7116 0.06610311 6.824759
1990 745.3327 0.06611221 7.428991
1991 811.9743 0.06611689 8.093231
1992 885.3702 0.06612456 8.824793
1993 966.2504 0.0661298 9.630954
1994 1055.033 0.06613983 10.51588
1995 1152.146 0.06615171 11.48384
1996 1257.852 0.06616597 12.53745
1997 1371.391 0.0661889 13.66913
1998 1493.926 0.06622381 14.89048
1999 1626.262 0.0662655 16.20952
2000 1769.352 0.06631234 17.63575
2001 1750.405 0.06842236 17.4469
2002 1962.757 0.07026317 19.56348
2003 2207.139 0.07128992 21.99932
2004 2206.052 0.06388161 21.98849
2005 2482.089 0.06295717 24.73984
2006 2492.286 0.07167025 24.84148
2007 2797.262 0.07169835 27.88129
2008 2790.98 0.06800398 27.81867
2009 3129.467 0.06715669 31.19249
2010 3257.937 0.0725922 32.47299
2011 3650.626 0.07322349 36.38706
2012 3543.426 0.06788497 35.31856
2013 3948.876 0.07184348 39.35982
2014 3581.726 0.1130781 35.70031
2015 2726.337 0.07609506 27.17435
2016 2689.807 0.07847159 26.81024
2017 2184.435 0.08467428 21.77303
2018 2082.659 0.09074871 20.75859
2019 2305.049 0.08742232 22.97522
2020 2447.053 0.08531267 24.39063
2021 1751.892 0.1660832 17.46171
2022 1860.682 0.2918257 18.54606
2023 1993.698 0.3777541 19.87188
SEA+NBC
1970 286.104 0.0541966 1.156412
1971 345.4155 0.05512451 1.396145
1972 405.0364 0.05541317 1.637128
1973 462.1767 0.05564425 1.868085
1974 516.7799 0.05584748 2.088787
1975 569.0008 0.05602848 2.29986
1976 618.9346 0.05619316 2.501689
1977 666.6794 0.05634589 2.69467
1978 712.2201 0.05649696 2.878742
1979 755.741 0.05663982 3.05465
1980 814.3211 0.05675632 3.291427
1981 886.483 0.05685543 3.5831
1982 971.0119 0.05693673 3.92476
1983 1066.474 0.05701721 4.310611
1984 1171.92 0.05708906 4.736817
1985 1286.101 0.05716468 5.198326
1986 1408.775 0.05721397 5.694167
1987 1537.554 0.05729876 6.214684
1988 1670.569 0.0574467 6.752321
1989 1815.112 0.05752332 7.336549
1990 1975.067 0.05751769 7.983077
1991 2149.39 0.05754629 8.687677
1992 2340.734 0.05758933 9.461079
1993 2549.993 0.05766391 10.30689
1994 2782.795 0.0576763 11.24785
1995 3035.005 0.0577434 12.26727
1996 3308.927 0.0578298 13.37444
1997 3601.678 0.05798074 14.55772
1998 3918.84 0.0581327 15.83967
1999 4259.921 0.05832675 17.21829
2000 4626.303 0.05857725 18.69918
2001 4572.385 0.06623312 18.48125
2002 5120.254 0.07119144 20.6957
2003 5753.67 0.07307962 23.25592
2004 5742.968 0.05314432 23.21266
2005 6449.996 0.0521346 26.07042
2006 6464.299 0.06401557 26.12823
2007 7242.772 0.06428828 29.27476
2008 7230.177 0.06062408 29.22385
2009 8100.413 0.05956526 32.74128
2010 8423.185 0.06465329 34.04591
2011 9398.105 0.06546926 37.98646
2012 9109.827 0.05792779 36.82126
2013 10166.31 0.06246251 41.09147
2014 9202.377 0.1056234 37.19534
2015 6995.273 0.06313172 28.27439
2016 6883.652 0.06328891 27.82322
2017 5575.037 0.06911017 22.5339
2018 5306.702 0.07062865 21.4493
2019 5856.621 0.06641663 23.67204
2020 6206.023 0.05795904 25.0843
2021 4429.35 0.1567052 17.90311
2022 4688.761 0.2871678 18.95163
2023 5008.337 0.375331 20.24334
SBC+WA
1970 21.12861 0.0467778 0.8618843
1971 25.96423 0.04645475 1.05914
1972 30.6029 0.04626618 1.248362
1973 35.04826 0.04614817 1.429699
1974 39.31019 0.04606711 1.603552
1975 43.39805 0.04600857 1.770306
1976 47.31882 0.04596469 1.930243
1977 50.98663 0.04601693 2.079861
1978 54.49652 0.04606423 2.223038
1979 57.86254 0.04610519 2.360345
1980 62.42069 0.04608052 2.546282
1981 68.06476 0.04601041 2.776517
1982 74.59057 0.04597476 3.04272
1983 82.01294 0.04591311 3.345495
1984 90.24189 0.04583703 3.681173
1985 99.06914 0.04581296 4.041256
1986 108.5306 0.04578581 4.42721
1987 118.5524 0.04575763 4.836021
1988 128.9703 0.0457643 5.260993
1989 140.1861 0.04575402 5.718512
1990 152.3319 0.04575988 6.213966
1991 165.6157 0.04577135 6.755845
1992 180.3242 0.04575557 7.355835
1993 196.4705 0.04574456 8.014482
1994 214.1746 0.04573442 8.73667
1995 233.5145 0.04572383 9.525592
1996 254.5339 0.04571628 10.38302
1997 277.055 0.04571162 11.30171
1998 301.7608 0.04565168 12.30951
1999 328.1852 0.04563413 13.38742
2000 356.347 0.04567082 14.53621
2001 402.0932 0.04523891 16.4023
2002 453.8032 0.04503757 18.51167
2003 512.1892 0.04495065 20.89337
2004 577.7323 0.04493958 23.56702
2005 651.3746 0.04498494 26.57106
2006 731.1874 0.04530307 29.8268
2007 821.8514 0.04565742 33.5252
2008 928.5623 0.04590793 37.87818
2009 1033.722 0.04727895 42.16788
2010 1160.553 0.04975723 47.34162
2011 1292.596 0.05328831 52.72796
2012 1434.499 0.05718758 58.51648
2013 1597.393 0.06520016 65.1613
2014 1555.281 0.1597083 63.44347
2015 1605.312 0.160197 65.48434
2016 1426.317 0.1168445 58.18271
2017 1525.348 0.0592669 62.22244
2018 1661.39 0.05474755 67.77187
2019 1783.736 0.05260199 72.76267
2020 1930.38 0.05229254 78.74462
2021 2066.552 0.05455215 84.29939
2022 2203.079 0.06223943 89.86861
2023 2315.383 0.1001389 94.44978
OR+CA
1970 95.17698 0.02596813 0.6403674
1971 109.3701 0.02719159 0.7358615
1972 127.6779 0.02710781 0.8590393
1973 145.0662 0.02710235 0.9760307
1974 161.6414 0.02712659 1.087552
1975 176.7651 0.0272708 1.189307
1976 191.0715 0.02741998 1.285563
1977 204.6159 0.02757209 1.376691
1978 217.3138 0.02773794 1.462126
1979 229.2917 0.02790482 1.542715
1980 245.8578 0.02799618 1.654174
1981 266.3809 0.02805319 1.792257
1982 290.4431 0.02809261 1.954152
1983 317.5702 0.0281368 2.136668
1984 347.3766 0.02819156 2.337211
1985 379.9338 0.02822965 2.556261
1986 414.4336 0.02829305 2.788382
1987 450.5404 0.02838006 3.031315
1988 487.9186 0.02849159 3.282802
1989 527.6812 0.02861379 3.550332
1990 571.5182 0.02870255 3.845275
1991 620.1927 0.0287626 4.172766
1992 672.397 0.02888515 4.524005
1993 729.7852 0.02901324 4.910123
1994 793.172 0.02913455 5.336601
1995 862.8059 0.02925713 5.80511
1996 938.3419 0.02940411 6.313329
1997 1018.858 0.02957364 6.855055
1998 1105.795 0.02976991 7.439986
1999 1199.345 0.03000556 8.069404
2000 1299.721 0.03029566 8.744752
2001 1241.242 0.0707185 8.351295
2002 1376.088 0.05158655 9.258561
2003 1544.854 0.05057922 10.39405
2004 1729.653 0.0511674 11.63741
2005 1942.376 0.05318684 13.06865
2006 2065.507 0.1047649 13.89709
2007 1837.139 0.08221391 12.3606
2008 2042.323 0.0829071 13.74111
2009 2097.452 0.09364538 14.11202
2010 2301.739 0.08693408 15.48651
2011 2484.855 0.0944475 16.71854
2012 2394.87 0.04932966 16.11311
2013 2675.031 0.03472527 17.99808
2014 3010.899 0.0329587 20.25786
2015 3352.073 0.03278374 22.55334
2016 3691.956 0.03348552 24.84013
2017 4036.164 0.03476466 27.15602
2018 4530.118 0.03567533 30.47943
2019 5017.996 0.04026513 33.76196
2020 5147.524 0.06414267 34.63345
2021 5758.898 0.06458919 38.74687
2022 5421.291 0.08880182 36.4754
2023 5660.475 0.08773949 38.08467

Parameters: Estimate  Std. Error      z value    Pr(>|z^2|)
rval 0.09090096 0.00042655 213.10669811 0
logK 8.18504767 0.7294222 11.22127583 0
logK 10.64240348 0.31060245 34.2637465 0
logK 10.40583355 0.46439253 22.40740919 0
logK 8.89715414 0.93995671 9.46549349 0
logBK 4.18490713 0.76810595 5.44834621 5e-08
logBK 4.41558285 0.31713072 13.92354166 0
logBK 4.87018274 0.47585718 10.23454709 0
logBK 5.2835043 0.94504093 5.59076768 2e-08
MixPars -1.6963711 0.29867759 -5.67960629 1e-08
MixPars -3.28067255 0.19795724 -16.57263215 0
MixPars -0.67781738 0.13834281 -4.89954892 9.6e-07
MixPars -1.31314247 0.09140477 -14.36623641 0
MixPars -3.23875965 0.09778557 -33.12103833 0
MixPars -2.600473 0.25053536 -10.37966464 0
MixPars -1.43390146 0.1732373 -8.2770944 0
MixPars -2.04404058 0.28455867 -7.18319559 0
MixPars -2.75770744 0.1441277 -19.1337777 0
MixPars -0.72174206 0.11900565 -6.0647712 0
MixPars -2.58469212 0.18926237 -13.6566616 0
AddV 0.01251926 0.012003 1.04301139 0.29694302
AddV 0.00704316 0.0022497 3.13071571 0.00174381
AddV 0.03012595 0.0192373 1.56601747 0.11734453
SFdev -0.30013608 0.59238606 -0.50665621 0.61239606
SFdev -0.30011093 0.59240771 -0.50659524 0.61243885
SFdev -0.31107752 0.58498276 -0.53177212 0.59488383
SFdev -0.11973777 0.65202544 -0.18363972 0.8542961
SFdev 0.18620183 0.16415122 1.13433107 0.2566557
SFdev -0.31779797 0.58164716 -0.54637587 0.58480759
SFdev -0.06287394 0.63378737 -0.09920352 0.92097668
SFdev 0.18708889 0.24976047 0.74907328 0.45381304
SFdev 0.01409469 0.60647237 0.02324044 0.98145848
SFdev 0.31486758 0.1220999 2.5787702 0.00991527
SFdev -0.17614916 0.67094771 -0.26253783 0.79290682
SFdev -0.18137831 0.66009576 -0.27477575 0.78348853
SFdev 0.06981463 0.33360839 0.20927121 0.83423653
SFdev -0.26424238 0.61156393 -0.43207646 0.66568584
SFdev -0.26208888 0.61006837 -0.42960575 0.66748245
SFdev 0.23189722 0.13863056 1.67277125 0.09437234
SFdev 0.21360164 0.16741657 1.27586914 0.20200178
SFdev 0.26593402 0.11882295 2.23806947 0.02521653
SFdev 0.30862407 0.0802772 3.84447988 0.00012081
SFdev -0.22276419 0.61922475 -0.35974691 0.71903641
SFdev -0.37445561 0.55325724 -0.67682008 0.49852011
SFdev -0.0003382 0.99902053 -0.00033853 0.99972989
SFdev 2.994e-05 1.00008319 2.994e-05 0.99997611
SFdev 0 1 0 1
SFdev 0.20784181 0.05467094 3.80168695 0.00014371
SFdev -0.24333058 0.59489393 -0.40903186 0.68251628
SFdev -0.30910952 0.58002875 -0.53292104 0.59408824
SFdev 0.19202788 0.08281273 2.31882089 0.02040475
SFdev -0.36355532 0.55240101 -0.6581366 0.51045036
SFdev 0.18341225 0.08128429 2.25642935 0.02404376
SFdev -0.32966319 0.56740331 -0.58100329 0.56123824
SFdev 0.18787112 0.07458623 2.51884461 0.01177406
SFdev -0.3783351 0.53425078 -0.70816012 0.47884583
SFdev 0.11434131 0.08748384 1.3069992 0.19121298
SFdev -0.35539858 0.55033316 -0.64578806 0.51841662
SFdev 0.22077116 0.04862591 4.54019567 5.62e-06
SFdev -0.29405484 0.57495377 -0.51144084 0.6090424
SFdev 0.28877596 0.08334143 3.4649749 0.00053028
SFdev 0.40410862 0.04964742 8.13957002 0
SFdev 0.19003843 0.06188506 3.07082895 0.00213465
SFdev 0.36758023 0.03115653 11.79785583 0
SFdev 0.23500015 0.0695318 3.37975072 0.00072552
SFdev -0.29564466 0.59665147 -0.49550646 0.62024267
SFdev 0.01281469 0.15849554 0.08085205 0.93555961
SFdev 0.43216934 0.06490935 6.65804452 0
SFdev -4.689e-05 0.99986925 -4.689e-05 0.99996259
SFdev 3.52e-06 1.00000941 3.52e-06 0.99999719
SFdev 0 1 0 1
SFdev -0.44531096 0.52343236 -0.85075169 0.39490731
SFdev -0.47443249 0.51157322 -0.927399 0.35371941
SFdev -0.4923677 0.50460066 -0.97575714 0.32918483
SFdev -0.49896353 0.50207762 -0.99379758 0.32032143
SFdev -0.49550533 0.50334034 -0.98443398 0.32490218
SFdev -0.48735474 0.50572226 -0.96368062 0.33520607
SFdev -0.49571227 0.50299886 -0.98551369 0.32437181
SFdev -0.45632842 0.51713446 -0.88241736 0.37755115
SFdev -0.383133 0.54548412 -0.70237241 0.48244694
SFdev -0.30142202 0.57802509 -0.52146875 0.60204027
SFdev -0.29592597 0.58406479 -0.50666635 0.61238895
SFdev -0.30683667 0.58389192 -0.52550252 0.5992339
SFdev -0.25357192 0.61789928 -0.41037743 0.6815291
SFdev 0.2134754 0.22016044 0.9696356 0.33222816
SFdev 0.10225788 0.50511953 0.20244293 0.83957047
SFdev 0.29627923 0.16769861 1.76673633 0.0772724
SFdev -0.042394 0.62756864 -0.06755276 0.94614166
SFdev -0.27781531 0.60187241 -0.46158506 0.64437891
SFdev -0.27205991 0.59803278 -0.45492474 0.64916338
SFdev -0.28285814 0.59035343 -0.47913356 0.63184362
SFdev -0.31698938 0.57780059 -0.5486138 0.58327051
SFdev -0.24012606 0.61464948 -0.39067154 0.69604004
SFdev -0.04167459 0.5674115 -0.07344685 0.94145054
SFdev 0 1 0 1
SFdev 0.24757219 0.08270575 2.9934097 0.00275879
SFdev -0.1386925 0.62190552 -0.22301217 0.82352604
SFdev -0.31185075 0.57993686 -0.53773224 0.59076192
SFdev -0.26375995 0.59559527 -0.44285098 0.65787353
SFdev -0.31540652 0.57997095 -0.54383158 0.58655738
SFdev 0.0651346 0.33657874 0.19351965 0.84655202
SFdev 0.31013995 0.10589923 2.92863269 0.00340456
SFdev -0.17389247 0.66047741 -0.263283 0.79233246
SFdev 0.15114715 0.22250537 0.67929665 0.49694992
SFdev -0.04409923 0.59269931 -0.07440405 0.94068888
SFdev 0.00157573 0.49587882 0.00317765 0.9974646
SFdev 0.23663745 0.12107226 1.95451416 0.05064044
SFdev -0.22265065 0.61106942 -0.36436228 0.7155875
SFdev -0.4104305 0.53367788 -0.76906036 0.44185748
SFdev -0.5295607 0.48928837 -1.08230797 0.27911571
SFdev -0.57192606 0.47561561 -1.20249639 0.22917126
SFdev -0.53077262 0.48898219 -1.08546412 0.27771615
SFdev -0.47518933 0.50859805 -0.93431214 0.3501429
SFdev -0.32692301 0.56951654 -0.57403602 0.56594343
SFdev 0.14160311 0.14178953 0.99868524 0.3179472
SFdev -0.19307531 0.62050907 -0.31115631 0.75568179
SFdev 0.2591005 0.11161472 2.32138294 0.02026619
SFdev 0.09763423 0.29718609 0.32852893 0.74251177
SFdev 0 1 0 1

Mixing matrix
0.84506019 0.15493981 0 0 0 0 ,# Asia
0.0202874 0.27392523 0.14511552 0.53951607 0.02115578 0 ,# Hawaii
0.03727837 0.50214365 0.11969954 0.0650298 0.0318545 0.24399413 ,# Mexico
0 0 0 0 0.07013013 0.92986987 ,# Central_Am

Split of breeding stock to feeding grounds over time
Split for: Asia
Year RUS+WAL EAL+BER GOA SEA+NBC SBC+WA OR+CA
1970 0.84637 0.15363 0 0 0 0
1971 0.84699 0.15301 0 0 0 0
1972 0.84124 0.15876 0 0 0 0
1973 0.84231 0.15769 0 0 0 0
1974 0.84309 0.15691 0 0 0 0
1975 0.84369 0.15631 0 0 0 0
1976 0.84416 0.15584 0 0 0 0
1977 0.84455 0.15545 0 0 0 0
1978 0.84486 0.15514 0 0 0 0
1979 0.84516 0.15484 0 0 0 0
1980 0.84549 0.15451 0 0 0 0
1981 0.84506 0.15494 0 0 0 0
1982 0.84477 0.15523 0 0 0 0
1983 0.8446 0.1554 0 0 0 0
1984 0.84451 0.15549 0 0 0 0
1985 0.84447 0.15553 0 0 0 0
1986 0.84448 0.15552 0 0 0 0
1987 0.84452 0.15548 0 0 0 0
1988 0.84458 0.15542 0 0 0 0
1989 0.84465 0.15535 0 0 0 0
1990 0.84465 0.15535 0 0 0 0
1991 0.8446 0.1554 0 0 0 0
1992 0.84452 0.15548 0 0 0 0
1993 0.84443 0.15557 0 0 0 0
1994 0.84433 0.15567 0 0 0 0
1995 0.84422 0.15578 0 0 0 0
1996 0.84412 0.15588 0 0 0 0
1997 0.84401 0.15599 0 0 0 0
1998 0.84397 0.15603 0 0 0 0
1999 0.8439 0.1561 0 0 0 0
2000 0.84376 0.15624 0 0 0 0
2001 0.83908 0.16092 0 0 0 0
2002 0.8343 0.1657 0 0 0 0
2003 0.82929 0.17071 0 0 0 0
2004 0.82612 0.17388 0 0 0 0
2005 0.83697 0.16303 0 0 0 0
2006 0.83194 0.16806 0 0 0 0
2007 0.82988 0.17012 0 0 0 0
2008 0.84055 0.15945 0 0 0 0
2009 0.84072 0.15928 0 0 0 0
2010 0.86591 0.13409 0 0 0 0
2011 0.86272 0.13728 0 0 0 0
2012 0.8595 0.1405 0 0 0 0
2013 0.86198 0.13802 0 0 0 0
2014 0.85775 0.14225 0 0 0 0
2015 0.85361 0.14639 0 0 0 0
2016 0.86717 0.13283 0 0 0 0
2017 0.87767 0.12233 0 0 0 0
2018 0.89201 0.10799 0 0 0 0
2019 0.90822 0.09178 0 0 0 0
2020 0.90459 0.09541 0 0 0 0
2021 0.90036 0.09964 0 0 0 0
2022 0.89922 0.10078 0 0 0 0
2023 0.89815 0.10185 0 0 0 0
2024 0.89731 0.10269 0 0 0 0
Split for: Hawaii
Year RUS+WAL EAL+BER GOA SEA+NBC SBC+WA OR+CA
1970 0.0207 0.27674 0.14361 0.53746 0.02149 0
1971 0.02086 0.2775 0.14465 0.5354 0.02158 0
1972 0.02006 0.27881 0.1454 0.53408 0.02165 0
1973 0.02028 0.27958 0.14584 0.5326 0.02169 0
1974 0.02044 0.28022 0.14621 0.5314 0.02173 0
1975 0.02057 0.28079 0.14646 0.53042 0.02176 0
1976 0.02068 0.2813 0.14669 0.52958 0.02174 0
1977 0.02078 0.28179 0.14692 0.52879 0.02173 0
1978 0.02086 0.28223 0.14712 0.52805 0.02173 0
1979 0.02094 0.28259 0.14733 0.52741 0.02173 0
1980 0.02101 0.28293 0.14758 0.52674 0.02174 0
1981 0.02098 0.28333 0.1478 0.52615 0.02173 0
1982 0.02097 0.28377 0.148 0.52553 0.02174 0
1983 0.02097 0.28418 0.1482 0.52491 0.02175 0
1984 0.02099 0.28461 0.14836 0.5243 0.02174 0
1985 0.02101 0.28494 0.14848 0.52384 0.02173 0
1986 0.02104 0.28538 0.1486 0.52324 0.02174 0
1987 0.02109 0.28598 0.14883 0.52236 0.02174 0
1988 0.02113 0.28636 0.14893 0.52184 0.02173 0
1989 0.02115 0.28651 0.14893 0.5217 0.0217 0
1990 0.02117 0.28675 0.149 0.5214 0.02167 0
1991 0.02118 0.28704 0.14909 0.52103 0.02165 0
1992 0.0212 0.28741 0.14923 0.52053 0.02164 0
1993 0.0212 0.28759 0.14926 0.52034 0.02161 0
1994 0.0212 0.28788 0.14935 0.51997 0.02159 0
1995 0.02121 0.28816 0.14944 0.51962 0.02157 0
1996 0.02123 0.28862 0.1496 0.51899 0.02157 0
1997 0.02124 0.28903 0.14972 0.51842 0.02159 0
1998 0.02126 0.28938 0.14986 0.5179 0.0216 0
1999 0.02128 0.28982 0.15003 0.51729 0.02158 0
2000 0.02128 0.29016 0.1501 0.51688 0.02158 0
2001 0.0224 0.31625 0.14372 0.49406 0.02357 0
2002 0.0217 0.3173 0.14369 0.49358 0.02373 0
2003 0.02098 0.31797 0.14385 0.49336 0.02384 0
2004 0.02193 0.33985 0.13845 0.47386 0.02591 0
2005 0.02199 0.31529 0.14399 0.49185 0.02688 0
2006 0.02278 0.33884 0.13823 0.47125 0.0289 0
2007 0.02217 0.33453 0.13917 0.47473 0.02941 0
2008 0.02388 0.33342 0.13841 0.47164 0.03265 0
2009 0.02333 0.32537 0.14038 0.47759 0.03333 0
2010 0.02541 0.28961 0.14764 0.4998 0.03754 0
2011 0.02458 0.28793 0.14841 0.50162 0.03746 0
2012 0.026 0.31283 0.14139 0.47856 0.04122 0
2013 0.02554 0.30104 0.14426 0.48719 0.04198 0
2014 0.02815 0.3436 0.13415 0.45226 0.04182 2e-05
2015 0.03354 0.42341 0.11352 0.38151 0.048 2e-05
2016 0.03691 0.41613 0.11564 0.38733 0.04396 3e-05
2017 0.04382 0.44944 0.10464 0.34984 0.05223 3e-05
2018 0.04907 0.43708 0.10491 0.34966 0.05925 3e-05
2019 0.05179 0.38487 0.1154 0.38379 0.06411 3e-05
2020 0.05082 0.39406 0.11391 0.37725 0.06393 2e-05
2021 0.05905 0.4803 0.08947 0.2953 0.07585 3e-05
2022 0.05841 0.48105 0.08964 0.29464 0.07624 2e-05
2023 0.05774 0.481 0.09022 0.29577 0.07525 2e-05
2024 0.05664 0.47619 0.09183 0.3015 0.0738 3e-05
Split for: Mexico
Year RUS+WAL EAL+BER GOA SEA+NBC SBC+WA OR+CA
1970 0.0383 0.51079 0.11927 0.06523 0.03257 0.23384
1971 0.03854 0.51153 0.11998 0.06489 0.03268 0.23238
1972 0.03705 0.51362 0.12052 0.06469 0.03277 0.23135
1973 0.0374 0.51446 0.12076 0.06444 0.03279 0.23016
1974 0.03771 0.51569 0.12107 0.0643 0.03284 0.22839
1975 0.03796 0.51682 0.1213 0.0642 0.03289 0.22683
1976 0.03818 0.51789 0.12152 0.06411 0.03288 0.22543
1977 0.03836 0.5189 0.12173 0.06403 0.03287 0.22411
1978 0.03852 0.51985 0.12193 0.06396 0.03287 0.22286
1979 0.03867 0.5207 0.12215 0.06391 0.03289 0.22168
1980 0.03883 0.52148 0.12239 0.06385 0.03292 0.22053
1981 0.03877 0.52236 0.12261 0.0638 0.03291 0.21954
1982 0.03875 0.52318 0.12278 0.06372 0.03292 0.21865
1983 0.03876 0.52397 0.12295 0.06365 0.03294 0.21773
1984 0.03878 0.52461 0.12305 0.06356 0.03292 0.21708
1985 0.03882 0.52528 0.12316 0.06351 0.03291 0.21632
1986 0.03888 0.52602 0.12325 0.06343 0.03291 0.21551
1987 0.03895 0.52683 0.12336 0.06329 0.0329 0.21468
1988 0.03902 0.52761 0.12347 0.06323 0.03289 0.21377
1989 0.03909 0.52821 0.12355 0.06326 0.03287 0.21303
1990 0.03912 0.52869 0.12361 0.06323 0.03282 0.21253
1991 0.03916 0.52943 0.12373 0.06321 0.03281 0.21166
1992 0.0392 0.53018 0.12386 0.06315 0.03279 0.21081
1993 0.03922 0.53079 0.12395 0.06316 0.03277 0.21011
1994 0.03923 0.53132 0.12403 0.06312 0.03274 0.20957
1995 0.03924 0.53185 0.12411 0.06308 0.03271 0.20902
1996 0.03924 0.53237 0.12416 0.06296 0.03268 0.20859
1997 0.03925 0.53287 0.1242 0.06286 0.0327 0.20813
1998 0.03927 0.53331 0.12427 0.06277 0.0327 0.20768
1999 0.03929 0.53384 0.12435 0.06267 0.03266 0.2072
2000 0.03927 0.53413 0.12432 0.06258 0.03263 0.20706
2001 0.04015 0.5656 0.11565 0.05812 0.03464 0.18584
2002 0.03894 0.56806 0.11575 0.05812 0.0349 0.18423
2003 0.03764 0.56918 0.11587 0.05809 0.03506 0.18417
2004 0.0374 0.57823 0.10599 0.05303 0.03622 0.18913
2005 0.03853 0.55131 0.11329 0.05657 0.03862 0.20168
2006 0.03832 0.5686 0.10437 0.05201 0.03985 0.19684
2007 0.03907 0.58827 0.11012 0.05491 0.04249 0.16514
2008 0.04111 0.57279 0.10698 0.05329 0.04609 0.17974
2009 0.04117 0.57288 0.11121 0.05531 0.04822 0.17121
2010 0.0461 0.52429 0.12027 0.05951 0.05585 0.19399
2011 0.04498 0.52569 0.12193 0.06024 0.0562 0.19096
2012 0.04595 0.55162 0.11218 0.0555 0.05973 0.17501
2013 0.04573 0.53777 0.11597 0.05725 0.06162 0.18167
2014 0.04606 0.56101 0.09857 0.04857 0.05611 0.18967
2015 0.04706 0.59267 0.07151 0.03513 0.05521 0.19842
2016 0.05095 0.57311 0.07168 0.03509 0.04975 0.21942
2017 0.05451 0.55783 0.05845 0.02857 0.05327 0.24737
2018 0.05864 0.52123 0.05631 0.02743 0.05805 0.27833
2019 0.06274 0.46529 0.06279 0.03052 0.06367 0.31498
2020 0.06184 0.47863 0.06226 0.03014 0.06378 0.30334
2021 0.0611 0.49612 0.04159 0.02007 0.06434 0.31679
2022 0.06267 0.51528 0.04321 0.02076 0.06704 0.29103
2023 0.06228 0.51803 0.04373 0.02096 0.06653 0.28848
2024 0.06117 0.51348 0.04458 0.0214 0.06532 0.29405
Split for: Central_Am
Year RUS+WAL EAL+BER GOA SEA+NBC SBC+WA OR+CA
1970 0 0 0 0 0.07448 0.92552
1971 0 0 0 0 0.07513 0.92487
1972 0 0 0 0 0.07563 0.92437
1973 0 0 0 0 0.07603 0.92397
1974 0 0 0 0 0.07669 0.92331
1975 0 0 0 0 0.07729 0.92271
1976 0 0 0 0 0.07769 0.92231
1977 0 0 0 0 0.0781 0.9219
1978 0 0 0 0 0.07851 0.92149
1979 0 0 0 0 0.07892 0.92108
1980 0 0 0 0 0.07936 0.92064
1981 0 0 0 0 0.07968 0.92032
1982 0 0 0 0 0.07999 0.92001
1983 0 0 0 0 0.08034 0.91966
1984 0 0 0 0 0.08052 0.91948
1985 0 0 0 0 0.08076 0.91924
1986 0 0 0 0 0.08104 0.91896
1987 0 0 0 0 0.08129 0.91871
1988 0 0 0 0 0.0816 0.9184
1989 0 0 0 0 0.0818 0.9182
1990 0 0 0 0 0.08187 0.91813
1991 0 0 0 0 0.08215 0.91785
1992 0 0 0 0 0.08242 0.91758
1993 0 0 0 0 0.08261 0.91739
1994 0 0 0 0 0.08273 0.91727
1995 0 0 0 0 0.08286 0.91714
1996 0 0 0 0 0.08295 0.91705
1997 0 0 0 0 0.08316 0.91684
1998 0 0 0 0 0.08333 0.91667
1999 0 0 0 0 0.08341 0.91659
2000 0 0 0 0 0.08339 0.91661
2001 0 0 0 0 0.09715 0.90285
2002 0 0 0 0 0.0986 0.9014
2003 0 0 0 0 0.09903 0.90097
2004 0 0 0 0 0.09956 0.90044
2005 0 0 0 0 0.09955 0.90045
2006 0 0 0 0 0.10466 0.89534
2007 0 0 0 0 0.12935 0.87065
2008 0 0 0 0 0.12896 0.87104
2009 0 0 0 0 0.13986 0.86014
2010 0 0 0 0 0.14252 0.85748
2011 0 0 0 0 0.14523 0.85477
2012 0 0 0 0 0.16461 0.83539
2013 0 0 0 0 0.16377 0.83623
2014 0 0 0 0 0.14588 0.85412
2015 0 0 0 0 0.13842 0.86158
2016 0 0 0 0 0.11577 0.88423
2017 0 0 0 0 0.1106 0.8894
2018 0 0 0 0 0.1075 0.8925
2019 0 0 0 0 0.10456 0.89544
2020 0 0 0 0 0.10831 0.89169
2021 0 0 0 0 0.10502 0.89498
2022 0 0 0 0 0.11748 0.88252
2023 0 0 0 0 0.11762 0.88238
2024 0 0 0 0 0.1138 0.8862

Difference in mortality over time
Difference for: Asia
Year RUS+WAL EAL+BER GOA SEA+NBC SBC+WA OR+CA
1970 0 0 0 0 0 0
1971 0 0 0 0 0 0
1972 0 0 0 0 0 0
1973 0 0 0 0 0 0
1974 0 0 0 0 0 0
1975 0 0 0 0 0 0
1976 0 0 0 0 0 0
1977 0 0 0 0 0 0
1978 0 0 0 0 0 0
1979 0 0 0 0 0 0
1980 0 0 0 0 0 0
1981 0 0 0 0 0 0
1982 0 0 0 0 0 0
1983 0 0 0 0 0 0
1984 0 0 0 0 0 0
1985 0 0 0 0 0 0
1986 0 0 0 0 0 0
1987 0 0 0 0 0 0
1988 0 0 0 0 0 0
1989 0 0 0 0 0 0
1990 0 0 0 0 0 0
1991 0 0 0 0 0 0
1992 0 0 0 0 0 0
1993 0 0 0 0 0 0
1994 0 0 0 0 0 0
1995 0 0 0 0 0 0
1996 0 0 0 0 0 0
1997 0 0 0 0 0 0
1998 0 0 0 0 0 0
1999 0 0 0 0 0 0
2000 0 4 0 0 0 0
2001 0 5 0 0 0 0
2002 0 5 0 0 0 0
2003 0 3 0 0 0 0
2004 0 -14 0 0 0 0
2005 0 7 0 0 0 0
2006 0 3 0 0 0 0
2007 0 -17 0 0 0 0
2008 0 -1 0 0 0 0
2009 0 -45 0 0 0 0
2010 0 6 0 0 0 0
2011 0 6 0 0 0 0
2012 0 -5 0 0 0 0
2013 0 9 0 0 0 0
2014 0 10 0 0 0 0
2015 0 -35 0 0 0 0
2016 0 -29 0 0 0 0
2017 0 -41 0 0 0 0
2018 0 -49 0 0 0 0
2019 0 8 0 0 0 0
2020 0 10 0 0 0 0
2021 0 0 0 0 0 0
2022 0 0 0 0 0 0
2023 0 0 0 0 0 0
Difference for: Hawaii
Year RUS+WAL EAL+BER GOA SEA+NBC SBC+WA OR+CA
1970 0 0 0 0 0 0
1971 0 0 0 0 0 0
1972 0 0 0 0 0 0
1973 0 0 0 0 0 0
1974 0 0 0 0 0 0
1975 0 0 0 0 0 0
1976 0 0 0 0 0 0
1977 0 0 0 0 0 0
1978 0 0 0 0 0 0
1979 0 0 0 0 0 0
1980 0 0 0 0 0 0
1981 0 0 0 0 0 0
1982 0 0 0 0 0 0
1983 0 0 0 0 0 0
1984 0 0 0 0 0 0
1985 0 0 0 0 0 0
1986 0 0 0 0 0 0
1987 0 0 0 0 0 0
1988 0 0 0 0 0 0
1989 0 0 0 0 0 0
1990 0 0 0 0 0 0
1991 0 0 0 0 0 0
1992 0 0 0 0 0 0
1993 0 0 0 0 0 0
1994 0 0 0 0 0 0
1995 0 0 0 0 0 0
1996 0 0 0 0 0 0
1997 0 0 0 0 0 0
1998 0 0 0 0 0 0
1999 0 0 0 0 0 0
2000 0 81 -110 -378 7 0
2001 0 91 38 131 8 0
2002 0 104 47 162 9 0
2003 0 70 -121 -415 10 0
2004 0 -283 56 191 11 0
2005 0 132 -127 -433 13 0
2006 0 54 61 209 14 0
2007 0 -354 -148 -505 16 0
2008 0 -16 71 244 17 0
2009 0 -916 -82 -278 18 0
2010 0 118 82 278 20 0
2011 0 133 -250 -846 22 0
2012 0 -110 84 283 23 0
2013 0 187 -428 -1445 -75 0
2014 0 207 -720 -2427 -25 0
2015 0 -755 -147 -495 -130 0
2016 0 -630 -454 -1519 6 0
2017 0 -882 -166 -557 25 0
2018 0 -1061 49 165 27 0
2019 0 161 -5 -17 30 0
2020 0 218 -562 -1860 34 0
2021 0 1 0 0 32 0
2022 0 0 0 0 10 0
2023 0 0 0 0 0 0
Difference for: Mexico
Year RUS+WAL EAL+BER GOA SEA+NBC SBC+WA OR+CA
1970 0 0 0 0 0 0
1971 0 0 0 0 0 0
1972 0 0 0 0 0 0
1973 0 0 0 0 0 0
1974 0 0 0 0 0 0
1975 0 0 0 0 0 0
1976 0 0 0 0 0 0
1977 0 0 0 0 0 0
1978 0 0 0 0 0 0
1979 0 0 0 0 0 0
1980 0 0 0 0 0 0
1981 0 0 0 0 0 0
1982 0 0 0 0 0 0
1983 0 0 0 0 0 0
1984 0 0 0 0 0 0
1985 0 0 0 0 0 0
1986 0 0 0 0 0 0
1987 0 0 0 0 0 0
1988 0 0 0 0 0 0
1989 0 0 0 0 0 0
1990 0 0 0 0 0 0
1991 0 0 0 0 0 0
1992 0 0 0 0 0 0
1993 0 0 0 0 0 0
1994 0 0 0 0 0 0
1995 0 0 0 0 0 0
1996 0 0 0 0 0 0
1997 0 0 0 0 0 0
1998 0 0 0 0 0 0
1999 0 0 0 0 0 0
2000 0 72 -43 -22 5 -96
2001 0 80 15 8 6 18
2002 0 92 19 9 6 30
2003 0 62 -48 -24 7 31
2004 0 -248 22 11 8 38
2005 0 115 -50 -25 9 -22
2006 0 47 24 12 10 -227
2007 0 -309 -58 -29 11 30
2008 0 -14 28 14 12 -71
2009 0 -798 -32 -16 13 12
2010 0 103 32 16 14 -1
2011 0 116 -98 -48 16 -172
2012 0 -95 33 16 16 45
2013 0 162 -167 -82 -53 63
2014 0 179 -280 -138 -18 74
2015 0 -651 -57 -28 -92 81
2016 0 -543 -176 -86 5 88
2017 0 -758 -64 -31 18 97
2018 0 -910 19 9 19 98
2019 0 138 -2 -1 21 -157
2020 0 186 -216 -105 24 90
2021 0 0 0 0 23 -460
2022 0 0 0 0 7 -103
2023 0 0 0 0 0 1
Difference for: Central_Am
Year RUS+WAL EAL+BER GOA SEA+NBC SBC+WA OR+CA
1970 0 0 0 0 0 0
1971 0 0 0 0 0 0
1972 0 0 0 0 0 0
1973 0 0 0 0 0 0
1974 0 0 0 0 0 0
1975 0 0 0 0 0 0
1976 0 0 0 0 0 0
1977 0 0 0 0 0 0
1978 0 0 0 0 0 0
1979 0 0 0 0 0 0
1980 0 0 0 0 0 0
1981 0 0 0 0 0 0
1982 0 0 0 0 0 0
1983 0 0 0 0 0 0
1984 0 0 0 0 0 0
1985 0 0 0 0 0 0
1986 0 0 0 0 0 0
1987 0 0 0 0 0 0
1988 0 0 0 0 0 0
1989 0 0 0 0 0 0
1990 0 0 0 0 0 0
1991 0 0 0 0 0 0
1992 0 0 0 0 0 0
1993 0 0 0 0 0 0
1994 0 0 0 0 0 0
1995 0 0 0 0 0 0
1996 0 0 0 0 0 0
1997 0 0 0 0 0 0
1998 0 0 0 0 0 0
1999 0 0 0 0 0 0
2000 0 0 0 0 2 -52
2001 0 0 0 0 2 10
2002 0 0 0 0 2 16
2003 0 0 0 0 2 17
2004 0 0 0 0 3 20
2005 0 0 0 0 3 -12
2006 0 0 0 0 3 -123
2007 0 0 0 0 4 16
2008 0 0 0 0 4 -38
2009 0 0 0 0 4 7
2010 0 0 0 0 4 0
2011 0 0 0 0 5 -93
2012 0 0 0 0 5 24
2013 0 0 0 0 -17 34
2014 0 0 0 0 -6 40
2015 0 0 0 0 -29 44
2016 0 0 0 0 1 48
2017 0 0 0 0 6 53
2018 0 0 0 0 6 53
2019 0 0 0 0 7 -85
2020 0 0 0 0 7 49
2021 0 0 0 0 7 -251
2022 0 0 0 0 2 -56
2023 0 0 0 0 0 0

Total survival over time
Values for breeding stock: Asia
Year RUS+WAL EAL+BER GOA SEA+NBC SBC+WA OR+CA
1970 0.944 0.935 NaN NaN NaN NaN
1971 0.947 0.942 NaN NaN NaN NaN
1972 0.906 0.945 NaN NaN NaN NaN
1973 0.947 0.946 NaN NaN NaN NaN
1974 0.948 0.946 NaN NaN NaN NaN
1975 0.949 0.948 NaN NaN NaN NaN
1976 0.949 0.948 NaN NaN NaN NaN
1977 0.949 0.948 NaN NaN NaN NaN
1978 0.949 0.948 NaN NaN NaN NaN
1979 0.949 0.948 NaN NaN NaN NaN
1980 0.948 0.947 NaN NaN NaN NaN
1981 0.949 0.948 NaN NaN NaN NaN
1982 0.949 0.948 NaN NaN NaN NaN
1983 0.949 0.948 NaN NaN NaN NaN
1984 0.95 0.949 NaN NaN NaN NaN
1985 0.95 0.949 NaN NaN NaN NaN
1986 0.95 0.949 NaN NaN NaN NaN
1987 0.95 0.95 NaN NaN NaN NaN
1988 0.95 0.95 NaN NaN NaN NaN
1989 0.951 0.95 NaN NaN NaN NaN
1990 0.95 0.95 NaN NaN NaN NaN
1991 0.951 0.95 NaN NaN NaN NaN
1992 0.951 0.95 NaN NaN NaN NaN
1993 0.951 0.95 NaN NaN NaN NaN
1994 0.951 0.951 NaN NaN NaN NaN
1995 0.951 0.951 NaN NaN NaN NaN
1996 0.951 0.951 NaN NaN NaN NaN
1997 0.951 0.951 NaN NaN NaN NaN
1998 0.952 0.951 NaN NaN NaN NaN
1999 0.952 0.951 NaN NaN NaN NaN
2000 0.952 0.984 NaN NaN NaN NaN
2001 0.952 0.985 NaN NaN NaN NaN
2002 0.952 0.985 NaN NaN NaN NaN
2003 0.952 0.972 NaN NaN NaN NaN
2004 0.952 0.88 NaN NaN NaN NaN
2005 0.952 0.986 NaN NaN NaN NaN
2006 0.952 0.964 NaN NaN NaN NaN
2007 0.952 0.879 NaN NaN NaN NaN
2008 0.952 0.949 NaN NaN NaN NaN
2009 0.952 0.778 NaN NaN NaN NaN
2010 0.952 0.977 NaN NaN NaN NaN
2011 0.952 0.978 NaN NaN NaN NaN
2012 0.952 0.933 NaN NaN NaN NaN
2013 0.947 0.978 NaN NaN NaN NaN
2014 0.96 0.991 NaN NaN NaN NaN
2015 0.931 0.83 NaN NaN NaN NaN
2016 0.955 0.865 NaN NaN NaN NaN
2017 0.956 0.825 NaN NaN NaN NaN
2018 0.954 0.785 NaN NaN NaN NaN
2019 0.959 0.987 NaN NaN NaN NaN
2020 0.951 0.987 NaN NaN NaN NaN
2021 0.951 0.951 NaN NaN NaN NaN
2022 0.951 0.951 NaN NaN NaN NaN
2023 0.951 0.951 NaN NaN NaN NaN
Values for breeding stock: Hawaii
Year RUS+WAL EAL+BER GOA SEA+NBC SBC+WA OR+CA
1970 0.96 0.95 0.931 0.937 0.955 NaN
1971 0.96 0.955 0.959 0.949 0.956 NaN
1972 0.918 0.958 0.959 0.95 0.957 NaN
1973 0.96 0.958 0.959 0.951 0.957 NaN
1974 0.96 0.958 0.959 0.952 0.957 NaN
1975 0.96 0.959 0.959 0.952 0.958 NaN
1976 0.96 0.959 0.959 0.952 0.956 NaN
1977 0.96 0.959 0.959 0.952 0.956 NaN
1978 0.96 0.959 0.959 0.953 0.956 NaN
1979 0.96 0.959 0.959 0.953 0.957 NaN
1980 0.96 0.959 0.959 0.953 0.957 NaN
1981 0.96 0.959 0.959 0.953 0.956 NaN
1982 0.96 0.959 0.959 0.954 0.956 NaN
1983 0.96 0.959 0.959 0.954 0.956 NaN
1984 0.96 0.959 0.959 0.954 0.956 NaN
1985 0.96 0.959 0.959 0.955 0.956 NaN
1986 0.96 0.959 0.959 0.955 0.956 NaN
1987 0.96 0.959 0.959 0.954 0.956 NaN
1988 0.96 0.959 0.959 0.955 0.956 NaN
1989 0.96 0.959 0.959 0.957 0.956 NaN
1990 0.96 0.959 0.959 0.956 0.956 NaN
1991 0.96 0.96 0.959 0.956 0.956 NaN
1992 0.96 0.96 0.959 0.956 0.956 NaN
1993 0.96 0.96 0.959 0.957 0.956 NaN
1994 0.96 0.96 0.959 0.957 0.955 NaN
1995 0.96 0.96 0.959 0.957 0.955 NaN
1996 0.96 0.96 0.959 0.956 0.955 NaN
1997 0.96 0.96 0.959 0.957 0.957 NaN
1998 0.96 0.959 0.959 0.956 0.956 NaN
1999 0.96 0.959 0.959 0.956 0.955 NaN
2000 0.96 0.993 0.873 0.871 0.993 NaN
2001 0.96 0.993 0.989 0.987 0.993 NaN
2002 0.96 0.993 0.993 0.991 0.994 NaN
2003 0.96 0.98 0.883 0.881 0.993 NaN
2004 0.96 0.887 0.994 0.992 0.994 NaN
2005 0.96 0.994 0.888 0.885 0.989 NaN
2006 0.96 0.972 0.993 0.991 0.991 NaN
2007 0.96 0.886 0.884 0.884 0.997 NaN
2008 0.96 0.957 0.994 0.993 0.983 NaN
2009 0.96 0.784 0.922 0.921 0.993 NaN
2010 0.96 0.985 0.995 0.99 0.987 NaN
2011 0.96 0.986 0.864 0.862 0.985 NaN
2012 0.96 0.94 0.99 0.992 0.991 NaN
2013 0.96 0.992 0.808 0.807 0.87 NaN
2014 0.96 0.991 0.678 0.676 0.924 Inf
2015 0.96 0.856 0.881 0.878 0.798 0.999
2016 0.96 0.869 0.724 0.722 0.964 0.998
2017 0.96 0.829 0.853 0.852 0.985 0.998
2018 0.96 0.79 0.991 0.988 0.974 0.994
2019 0.96 0.989 0.954 0.952 0.987 0.911
2020 0.96 0.995 0.642 0.64 0.982 0.987
2021 0.96 0.96 0.956 0.953 0.984 0.835
2022 0.96 0.96 0.96 0.955 0.965 0.93
2023 0.96 0.96 0.956 0.952 0.952 0.96
Values for breeding stock: Mexico
Year RUS+WAL EAL+BER GOA SEA+NBC SBC+WA OR+CA
1970 0.956 0.946 0.927 0.933 0.951 0.892
1971 0.956 0.951 0.955 0.945 0.952 0.943
1972 0.915 0.955 0.956 0.947 0.953 0.944
1973 0.957 0.955 0.956 0.948 0.954 0.946
1974 0.957 0.956 0.957 0.949 0.955 0.942
1975 0.957 0.956 0.956 0.949 0.955 0.942
1976 0.957 0.956 0.956 0.95 0.953 0.943
1977 0.957 0.956 0.957 0.95 0.954 0.943
1978 0.957 0.956 0.957 0.95 0.954 0.943
1979 0.957 0.956 0.957 0.95 0.954 0.943
1980 0.957 0.956 0.957 0.951 0.954 0.942
1981 0.958 0.956 0.957 0.951 0.953 0.942
1982 0.958 0.957 0.957 0.951 0.954 0.943
1983 0.958 0.957 0.957 0.952 0.954 0.943
1984 0.958 0.957 0.957 0.952 0.954 0.945
1985 0.958 0.957 0.957 0.953 0.954 0.945
1986 0.958 0.957 0.957 0.953 0.954 0.945
1987 0.958 0.957 0.957 0.952 0.954 0.946
1988 0.958 0.957 0.957 0.953 0.954 0.946
1989 0.958 0.958 0.957 0.955 0.954 0.947
1990 0.958 0.958 0.957 0.955 0.954 0.949
1991 0.958 0.958 0.957 0.955 0.954 0.947
1992 0.958 0.958 0.957 0.954 0.954 0.946
1993 0.958 0.958 0.957 0.956 0.954 0.947
1994 0.958 0.958 0.958 0.955 0.954 0.948
1995 0.958 0.958 0.958 0.956 0.954 0.948
1996 0.959 0.958 0.958 0.955 0.954 0.948
1997 0.957 0.956 0.956 0.953 0.954 0.947
1998 0.957 0.956 0.956 0.953 0.953 0.946
1999 0.957 0.956 0.956 0.953 0.952 0.946
2000 0.957 0.99 0.87 0.868 0.99 0.834
2001 0.957 0.99 0.986 0.984 0.99 0.969
2002 0.957 0.99 0.99 0.988 0.991 0.981
2003 0.958 0.977 0.88 0.878 0.991 0.979
2004 0.957 0.885 0.992 0.989 0.991 0.982
2005 0.957 0.991 0.885 0.883 0.986 0.929
2006 0.958 0.97 0.991 0.988 0.988 0.778
2007 0.958 0.884 0.881 0.882 0.995 0.973
2008 0.958 0.954 0.992 0.99 0.98 0.9
2009 0.957 0.782 0.92 0.918 0.991 0.962
2010 0.957 0.982 0.992 0.987 0.984 0.947
2011 0.957 0.983 0.861 0.859 0.982 0.846
2012 0.957 0.937 0.988 0.989 0.988 0.982
2013 0.957 0.989 0.806 0.805 0.867 0.992
2014 0.957 0.988 0.676 0.675 0.922 0.98
2015 0.957 0.854 0.878 0.876 0.795 0.965
2016 0.957 0.866 0.722 0.72 0.961 0.955
2017 0.957 0.827 0.851 0.849 0.982 0.98
2018 0.957 0.788 0.988 0.985 0.971 0.967
2019 0.957 0.986 0.952 0.95 0.984 0.897
2020 0.956 0.992 0.64 0.637 0.978 0.977
2021 0.956 0.956 0.953 0.949 0.98 0.823
2022 0.958 0.958 0.957 0.953 0.963 0.919
2023 0.957 0.956 0.952 0.949 0.949 0.947
Values for breeding stock: Central_Am
Year RUS+WAL EAL+BER GOA SEA+NBC SBC+WA OR+CA
1970 NaN NaN NaN NaN 0.948 0.888
1971 NaN NaN NaN NaN 0.95 0.94
1972 NaN NaN NaN NaN 0.951 0.942
1973 NaN NaN NaN NaN 0.95 0.942
1974 NaN NaN NaN NaN 0.951 0.939
1975 NaN NaN NaN NaN 0.952 0.94
1976 NaN NaN NaN NaN 0.951 0.94
1977 NaN NaN NaN NaN 0.951 0.941
1978 NaN NaN NaN NaN 0.951 0.94
1979 NaN NaN NaN NaN 0.951 0.94
1980 NaN NaN NaN NaN 0.952 0.94
1981 NaN NaN NaN NaN 0.951 0.94
1982 NaN NaN NaN NaN 0.951 0.94
1983 NaN NaN NaN NaN 0.952 0.941
1984 NaN NaN NaN NaN 0.951 0.943
1985 NaN NaN NaN NaN 0.952 0.943
1986 NaN NaN NaN NaN 0.952 0.943
1987 NaN NaN NaN NaN 0.952 0.944
1988 NaN NaN NaN NaN 0.952 0.944
1989 NaN NaN NaN NaN 0.952 0.945
1990 NaN NaN NaN NaN 0.952 0.947
1991 NaN NaN NaN NaN 0.952 0.945
1992 NaN NaN NaN NaN 0.952 0.945
1993 NaN NaN NaN NaN 0.952 0.945
1994 NaN NaN NaN NaN 0.952 0.946
1995 NaN NaN NaN NaN 0.952 0.946
1996 NaN NaN NaN NaN 0.953 0.947
1997 NaN NaN NaN NaN 0.954 0.947
1998 NaN NaN NaN NaN 0.953 0.947
1999 NaN NaN NaN NaN 0.952 0.947
2000 NaN NaN NaN NaN 0.99 0.835
2001 NaN NaN NaN NaN 0.99 0.969
2002 NaN NaN NaN NaN 0.991 0.981
2003 NaN NaN NaN NaN 0.991 0.979
2004 NaN NaN NaN NaN 0.991 0.982
2005 NaN NaN NaN NaN 0.987 0.93
2006 NaN NaN NaN NaN 0.988 0.779
2007 NaN NaN NaN NaN 0.995 0.973
2008 NaN NaN NaN NaN 0.98 0.9
2009 NaN NaN NaN NaN 0.991 0.962
2010 NaN NaN NaN NaN 0.985 0.947
2011 NaN NaN NaN NaN 0.983 0.847
2012 NaN NaN NaN NaN 0.989 0.983
2013 NaN NaN NaN NaN 0.868 0.992
2014 NaN NaN NaN NaN 0.922 0.981
2015 NaN NaN NaN NaN 0.796 0.966
2016 NaN NaN NaN NaN 0.962 0.956
2017 NaN NaN NaN NaN 0.983 0.981
2018 NaN NaN NaN NaN 0.972 0.968
2019 NaN NaN NaN NaN 0.987 0.899
2020 NaN NaN NaN NaN 0.98 0.979
2021 NaN NaN NaN NaN 0.982 0.825
2022 NaN NaN NaN NaN 0.963 0.919
2023 NaN NaN NaN NaN 0.95 0.948

Numbers over time by herd
Values for breeding stock: Asia
Year RUS+WAL EAL+BER GOA SEA+NBC SBC+WA OR+CA
1970 45 8 0 0 0 0
1971 55 10 0 0 0 0
1972 61 12 0 0 0 0
1973 70 13 0 0 0 0
1974 79 15 0 0 0 0
1975 87 16 0 0 0 0
1976 95 17 0 0 0 0
1977 102 19 0 0 0 0
1978 109 20 0 0 0 0
1979 116 21 0 0 0 0
1980 125 23 0 0 0 0
1981 135 25 0 0 0 0
1982 147 27 0 0 0 0
1983 161 30 0 0 0 0
1984 176 32 0 0 0 0
1985 193 36 0 0 0 0
1986 211 39 0 0 0 0
1987 230 42 0 0 0 0
1988 249 46 0 0 0 0
1989 271 50 0 0 0 0
1990 293 54 0 0 0 0
1991 318 59 0 0 0 0
1992 345 64 0 0 0 0
1993 375 69 0 0 0 0
1994 407 75 0 0 0 0
1995 443 82 0 0 0 0
1996 481 89 0 0 0 0
1997 523 97 0 0 0 0
1998 567 105 0 0 0 0
1999 615 114 0 0 0 0
2000 667 123 0 0 0 0
2001 722 138 0 0 0 0
2002 782 155 0 0 0 0
2003 846 174 0 0 0 0
2004 914 192 0 0 0 0
2005 988 192 0 0 0 0
2006 1067 216 0 0 0 0
2007 1151 236 0 0 0 0
2008 1241 235 0 0 0 0
2009 1335 253 0 0 0 0
2010 1435 222 0 0 0 0
2011 1541 245 0 0 0 0
2012 1652 270 0 0 0 0
2013 1758 281 0 0 0 0
2014 1894 314 0 0 0 0
2015 1975 339 0 0 0 0
2016 2113 324 0 0 0 0
2017 2255 314 0 0 0 0
2018 2397 290 0 0 0 0
2019 2551 258 0 0 0 0
2020 2686 283 0 0 0 0
2021 2819 312 0 0 0 0
2022 2948 330 0 0 0 0
2023 3073 348 0 0 0 0
Values for breeding stock: Hawaii
Year RUS+WAL EAL+BER GOA SEA+NBC SBC+WA OR+CA
1970 10 136 70 263 11 0
1971 13 167 87 322 13 0
1972 14 197 103 378 15 0
1973 16 227 118 432 18 0
1974 19 255 133 483 20 0
1975 21 282 147 533 22 0
1976 23 308 161 580 24 0
1977 25 333 173 624 26 0
1978 26 357 186 667 27 0
1979 28 379 198 708 29 0
1980 30 410 214 763 32 0
1981 33 448 233 831 34 0
1982 36 492 256 911 38 0
1983 40 542 283 1001 41 0
1984 44 597 311 1100 46 0
1985 48 657 342 1208 50 0
1986 53 722 376 1323 55 0
1987 58 790 411 1443 60 0
1988 64 861 448 1570 65 0
1989 69 938 488 1709 71 0
1990 75 1022 531 1859 77 0
1991 82 1114 579 2022 84 0
1992 90 1216 631 2202 92 0
1993 98 1328 689 2402 100 0
1994 107 1451 753 2620 109 0
1995 117 1585 822 2858 119 0
1996 127 1732 898 3114 129 0
1997 139 1891 979 3391 141 0
1998 151 2062 1068 3690 154 0
1999 165 2247 1163 4010 167 0
2000 180 2447 1266 4360 182 0
2001 195 2757 1253 4307 206 0
2002 212 3103 1405 4828 232 0
2003 231 3494 1581 5422 262 0
2004 250 3879 1580 5409 296 0
2005 272 3895 1779 6077 332 0
2006 294 4380 1787 6091 374 0
2007 319 4814 2003 6832 423 0
2008 345 4821 2001 6819 472 0
2009 373 5204 2245 7639 533 0
2010 403 4592 2341 7925 595 0
2011 434 5088 2622 8864 662 0
2012 468 5627 2543 8608 741 0
2013 503 5925 2839 9589 826 0
2014 539 6584 2571 8666 801 0
2015 578 7293 1955 6571 827 0
2016 618 6964 1935 6482 736 0
2017 659 6759 1574 5261 786 0
2018 701 6247 1500 4998 847 0
2019 745 5534 1659 5518 922 0
2020 788 6114 1767 5853 992 0
2021 832 6770 1261 4162 1069 0
2022 876 7214 1344 4419 1143 0
2023 918 7652 1435 4705 1197 0
Values for breeding stock: Mexico
Year RUS+WAL EAL+BER GOA SEA+NBC SBC+WA OR+CA
1970 9 125 29 16 8 57
1971 12 153 36 19 10 69
1972 13 180 42 23 11 81
1973 15 206 48 26 13 92
1974 17 232 54 29 15 103
1975 19 256 60 32 16 112
1976 21 279 65 35 18 121
1977 22 301 71 37 19 130
1978 24 322 76 40 20 138
1979 25 343 80 42 22 146
1980 28 370 87 45 23 156
1981 30 403 95 49 25 169
1982 33 443 104 54 28 185
1983 36 487 114 59 31 202
1984 40 536 126 65 34 222
1985 44 590 138 71 37 243
1986 48 647 152 78 40 265
1987 52 707 166 85 44 288
1988 57 771 180 92 48 312
1989 62 839 196 100 52 338
1990 68 913 213 109 57 367
1991 74 994 232 119 62 397
1992 80 1084 253 129 67 431
1993 87 1183 276 141 73 468
1994 95 1291 301 153 80 509
1995 104 1410 329 167 87 554
1996 113 1540 359 182 95 603
1997 123 1676 391 198 103 655
1998 134 1823 425 215 112 710
1999 146 1983 462 233 121 770
2000 159 2156 502 253 132 836
2001 172 2425 496 249 148 797
2002 187 2726 555 279 167 884
2003 203 3066 624 313 189 992
2004 220 3401 623 312 213 1112
2005 238 3410 701 350 239 1247
2006 258 3831 703 350 268 1326
2007 279 4206 787 393 304 1181
2008 302 4206 786 391 338 1320
2009 326 4533 880 438 382 1355
2010 351 3993 916 453 425 1477
2011 378 4416 1024 506 472 1604
2012 406 4875 992 491 528 1547
2013 436 5127 1106 546 587 1732
2014 467 5688 999 492 569 1923
2015 499 6290 759 373 586 2106
2016 533 5995 750 367 520 2295
2017 568 5809 609 297 555 2576
2018 603 5361 579 282 597 2863
2019 639 4741 640 311 649 3209
2020 675 5225 680 329 696 3312
2021 711 5773 484 233 749 3686
2022 748 6147 516 248 800 3472
2023 782 6506 549 263 836 3623
Values for breeding stock: Central_Am
Year RUS+WAL EAL+BER GOA SEA+NBC SBC+WA OR+CA
1970 0 0 0 0 3 32
1971 0 0 0 0 3 39
1972 0 0 0 0 4 45
1973 0 0 0 0 4 51
1974 0 0 0 0 5 57
1975 0 0 0 0 5 62
1976 0 0 0 0 6 67
1977 0 0 0 0 6 71
1978 0 0 0 0 6 76
1979 0 0 0 0 7 80
1980 0 0 0 0 7 86
1981 0 0 0 0 8 93
1982 0 0 0 0 9 101
1983 0 0 0 0 10 110
1984 0 0 0 0 11 121
1985 0 0 0 0 12 132
1986 0 0 0 0 13 144
1987 0 0 0 0 14 157
1988 0 0 0 0 15 169
1989 0 0 0 0 16 183
1990 0 0 0 0 18 199
1991 0 0 0 0 19 215
1992 0 0 0 0 21 233
1993 0 0 0 0 23 253
1994 0 0 0 0 25 275
1995 0 0 0 0 27 299
1996 0 0 0 0 29 325
1997 0 0 0 0 32 353
1998 0 0 0 0 35 384
1999 0 0 0 0 38 416
2000 0 0 0 0 41 452
2001 0 0 0 0 46 431
2002 0 0 0 0 52 478
2003 0 0 0 0 59 537
2004 0 0 0 0 67 601
2005 0 0 0 0 75 675
2006 0 0 0 0 84 717
2007 0 0 0 0 95 638
2008 0 0 0 0 106 714
2009 0 0 0 0 119 733
2010 0 0 0 0 133 800
2011 0 0 0 0 148 869
2012 0 0 0 0 165 838
2013 0 0 0 0 184 938
2014 0 0 0 0 178 1043
2015 0 0 0 0 184 1142
2016 0 0 0 0 163 1246
2017 0 0 0 0 174 1399
2018 0 0 0 0 187 1556
2019 0 0 0 0 204 1747
2020 0 0 0 0 219 1804
2021 0 0 0 0 236 2010
2022 0 0 0 0 252 1893
2023 0 0 0 0 264 1977

Catch numbers by breeding stock
Year Asia Hawaii Mexico Central_Am
1970 0.9 0 1.1 0.3
1971 0.9 0 1.2 0.3
1972 1 0 1.3 0.3
1973 1.1 0 1.3 0.4
1974 1.2 0.1 1.4 0.4
1975 1.2 0.1 1.5 0.4
1976 1.3 0.1 1.6 0.4
1977 1.4 0.1 1.6 0.4
1978 1.5 0.1 1.7 0.5
1979 1.6 0.1 1.8 0.5
1980 1.8 0.1 1.9 0.5
1981 1.9 0.1 2 0.5
1982 2 0.1 2.1 0.6
1983 2.2 0.1 2.2 0.6
1984 2.3 0.1 2.4 0.6
1985 2.5 0.1 2.5 0.7
1986 2.6 0.1 2.6 0.7
1987 2.8 0.1 2.8 0.7
1988 3 0.1 2.9 0.8
1989 3.2 0.1 3.1 0.8
1990 3.5 0.2 3.2 0.8
1991 3.7 0.2 3.4 0.9
1992 4 0.2 3.6 0.9
1993 4.3 0.2 3.8 1
1994 4.6 0.2 4 1
1995 4.9 0.2 4.2 1.1
1996 5.2 0.2 4.4 1.1
1997 5.6 0.2 11 1.2
1998 6 0.2 11.6 1.2
1999 6.4 0.2 12.3 1.3
2000 6.9 0.3 12.9 1.4
2001 7.3 0.3 13.6 1.4
2002 7.9 0 13.7 1.5
2003 8.4 0 13.7 1.6
2004 9 0 15.8 1.7
2005 9.6 0 19 1.8
2006 10.3 1 16.1 1.8
2007 11.1 0 18.2 1.9
2008 11.8 0 18.7 2
2009 12.7 0 21.2 2.1
2010 13.6 0 22 2.2
2011 14.5 0.8 24.9 2.4
2012 15.5 0 25.6 2.5
2013 28 0 25.3 2.6
2014 0 5 30.6 2.7
2015 72 0 33.5 2.9
2016 12 0.1 33.4 3
2017 12 0.1 31.5 3.2
2018 16 0.1 31.5 3.3
2019 4 0.4 31.5 1.7
2020 26.8 0.4 40.7 5
2021 28.6 0.4 44.1 4.7
2022 30.7 0.4 26.4 3.7
2023 32.8 0.4 43.3 4.2

Catch numbers by feeding ground
Year RUS+WAL EAL+BER GOA SEA+NBC SBC+WA OR+CA
1970 0 2.7 3.1 6.8 0.1 6.4
1971 0 1.8 0.1 4 0.1 1.5
1972 4 0.8 0.1 4.1 0.1 1.6
1973 0 0.8 0.1 4.3 0.1 1.7
1974 0 0.8 0.1 4.5 0.1 2.5
1975 0 0.8 0.2 4.7 0.1 2.7
1976 0 0.8 0.2 4.9 0.2 2.9
1977 0 0.8 0.2 5.2 0.2 3.1
1978 0 0.8 0.2 5.4 0.2 3.3
1979 0 1 0.2 5.6 0.2 3.5
1980 0 1 0.2 5.9 0.2 3.9
1981 0 1 0.3 6.1 0.3 4.2
1982 0 1 0.4 6.5 0.3 4.5
1983 0 1 0.4 6.7 0.3 4.8
1984 0 1 0.5 7.1 0.4 4.6
1985 0 1 0.5 6.7 0.4 5
1986 0 1 0.7 7.8 0.4 5.4
1987 0 1 0.7 10 0.5 5.8
1988 0 1.1 0.8 8.5 0.5 6.3
1989 0 0.9 0.8 6.1 0.6 6.1
1990 0 1 0.8 7.4 0.7 5.8
1991 0 1 0.9 8.2 0.7 7.6
1992 0 1.1 0.9 9.8 0.8 8.3
1993 0 1.1 1 7.1 0.9 8.6
1994 0 1.2 1 9.3 1 8.8
1995 0 1.2 1 9.3 1.1 9.6
1996 0 1.2 1.1 12.7 1.2 9.9
1997 0 1.2 1.3 12.7 0.9 10.7
1998 0 3 1.4 14.7 1.2 12
1999 0 2.6 1.4 17.4 1.7 13.5
2000 0 1.2 1.5 14.1 1.5 11.6
2001 0 1.2 1.8 16.4 1.7 13.4
2002 0 2.4 1.9 13.8 1.9 13.7
2003 0 1.4 2 18.9 2.3 16
2004 0 1.4 2.3 22 2.5 15.9
2005 0 1.6 2.3 23.3 5.8 20.1
2006 0 1.6 2.4 22.7 5.3 22.1
2007 0 0.1 7.3 18.4 0 18.1
2008 0 0.1 4.3 19.7 12.4 8.8
2009 0 0.1 4.3 24.1 0 9.8
2010 0 6.1 0.8 44.5 7 24.5
2011 0 3.1 4 28.4 11 11.9
2012 0 4.1 8.8 11.6 0 10
2013 0 0.1 4 31.6 0 4.7
2014 0 0.1 11.8 43.7 7 45.2
2015 0 4.1 12 51 9.1 103.4
2016 0 4.1 4.8 34.8 7.1 150.3
2017 0 4.1 2.1 16.3 11.1 60.3
2018 0 1.1 4 26.6 30.1 111.1
2019 0 4.1 6 27.3 9.1 61
2020 0 1.1 0 24 23 31.2
2021 0 2.2 7 33.7 13 62.4
2022 0 4.3 0.8 22.3 8 56
2023 0 3.6 9.1 40.1 19.2 59.7
