Stock structure: B1F1; Model type = S3
Mortality impacts feeding grounds
Recuitment related to unfished
Staying rate: 0
Age-at-matrity: 8
Base adult survival: 0
Mirrored survival
Sigma for survival devs: 6
Additional variance estimated
Weight for mark-recapture proportions: 0
Weight for genetics proportions: 1


Total objective fn: 106.686109440058
Negative log-likelihood fn: -68.2323018889102

Natural Survival by feeding ground
RUS+WAL,EAL+BER,GOA,SEA+NBC,SBC+WA,OR+CA
1970 0.96 0.96 0.96 0.96 0.96 0.96
1971 0.96 0.96 0.96 0.96 0.96 0.96
1972 0.96 0.96 0.96 0.96 0.96 0.96
1973 0.96 0.96 0.96 0.96 0.96 0.96
1974 0.96 0.96 0.96 0.96 0.96 0.96
1975 0.96 0.96 0.96 0.96 0.96 0.96
1976 0.96 0.96 0.96 0.96 0.96 0.96
1977 0.96 0.96 0.96 0.96 0.96 0.96
1978 0.96 0.96 0.96 0.96 0.96 0.96
1979 0.96 0.96 0.96 0.96 0.96 0.96
1980 0.96 0.96 0.96 0.96 0.96 0.96
1981 0.96 0.96 0.96 0.96 0.96 0.96
1982 0.96 0.96 0.96 0.96 0.96 0.96
1983 0.96 0.96 0.96 0.96 0.96 0.96
1984 0.96 0.96 0.96 0.96 0.96 0.96
1985 0.96 0.96 0.96 0.96 0.96 0.96
1986 0.96 0.96 0.96 0.96 0.96 0.96
1987 0.96 0.96 0.96 0.96 0.96 0.96
1988 0.96 0.96 0.96 0.96 0.96 0.96
1989 0.96 0.96 0.96 0.96 0.96 0.96
1990 0.96 0.96 0.96 0.96 0.96 0.96
1991 0.96 0.96 0.96 0.96 0.96 0.96
1992 0.96 0.96 0.96 0.96 0.96 0.96
1993 0.96 0.96 0.96 0.96 0.96 0.96
1994 0.96 0.96 0.96 0.96 0.96 0.96
1995 0.96 0.96 0.96 0.96 0.96 0.96
1996 0.96 0.96 0.96 0.96 0.96 0.96
1997 0.96 0.96 0.96 0.96 0.96 0.96
1998 0.96 0.96 0.96 0.96 0.96 0.96
1999 0.96 0.96 0.96 0.96 0.96 0.96
2000 0.96 0.9919455 0.8727136 0.8727136 0.9974763 0.8361158
2001 0.96 0.9919345 0.9873787 0.9873787 0.9978505 0.9725901
2002 0.96 0.9914993 0.9924845 0.9924845 0.9980524 0.9916127
2003 0.96 0.9841346 0.888392 0.888392 0.9981294 0.9841645
2004 0.96 0.9799161 0.9866957 0.9866957 0.9980907 0.989928
2005 0.96 0.9814744 0.9039783 0.9039783 0.9978089 0.9418964
2006 0.96 0.9555956 0.9921427 0.9921427 0.9979595 0.8152569
2007 0.96 0.8661301 0.8862299 0.8862299 0.9973888 0.9854909
2008 0.96 0.9598664 0.9960208 0.9960208 0.9957931 0.9041653
2009 0.96 0.7250408 0.9268154 0.9268154 0.9927681 0.9670564
2010 0.96 0.9848097 0.9951345 0.9951345 0.9927181 0.9576802
2011 0.96 0.9864431 0.8666165 0.8666165 0.9934519 0.8481932
2012 0.96 0.9434387 0.9926237 0.9926237 0.991064 0.9882136
2013 0.96 0.9893204 0.8110176 0.8110176 0.8557831 0.9963421
2014 0.96 0.9895888 0.6820601 0.6820601 0.9289501 0.9982518
2015 0.96 0.8104142 0.8881656 0.8881656 0.7975299 0.9986476
2016 0.96 0.8737284 0.7260063 0.7260063 0.9535622 0.9982409
2017 0.96 0.7701908 0.8658618 0.8658618 0.9922635 0.997495
2018 0.96 0.7284011 0.9923324 0.9923324 0.9913523 0.9934104
2019 0.96 0.9857633 0.9536205 0.9536205 0.9916128 0.899928
2020 0.96 0.9925822 0.701014 0.701014 0.9932213 0.9843394
2021 0.96 0.9600289 0.9600085 0.9600085 0.9889835 0.8456149
2022 0.96 0.9599902 0.9599973 0.9599973 0.9492016 0.9287665
2023 0.96 0.96 0.96 0.96 0.96 0.9602298

Naturak Survival by breeding stock
RUS+WAL,EAL+BER,GOA,SEA+NBC,SBC+WA,OR+CA
1970 0.96 0.96 0.96 0.96
1971 0.96 0.96 0.96 0.96
1972 0.96 0.96 0.96 0.96
1973 0.96 0.96 0.96 0.96
1974 0.96 0.96 0.96 0.96
1975 0.96 0.96 0.96 0.96
1976 0.96 0.96 0.96 0.96
1977 0.96 0.96 0.96 0.96
1978 0.96 0.96 0.96 0.96
1979 0.96 0.96 0.96 0.96
1980 0.96 0.96 0.96 0.96
1981 0.96 0.96 0.96 0.96
1982 0.96 0.96 0.96 0.96
1983 0.96 0.96 0.96 0.96
1984 0.96 0.96 0.96 0.96
1985 0.96 0.96 0.96 0.96
1986 0.96 0.96 0.96 0.96
1987 0.96 0.96 0.96 0.96
1988 0.96 0.96 0.96 0.96
1989 0.96 0.96 0.96 0.96
1990 0.96 0.96 0.96 0.96
1991 0.96 0.96 0.96 0.96
1992 0.96 0.96 0.96 0.96
1993 0.96 0.96 0.96 0.96
1994 0.96 0.96 0.96 0.96
1995 0.96 0.96 0.96 0.96
1996 0.96 0.96 0.96 0.96
1997 0.96 0.96 0.96 0.96
1998 0.96 0.96 0.96 0.96
1999 0.96 0.96 0.96 0.96
2000 0.96 0.96 0.96 0.96
2001 0.96 0.96 0.96 0.96
2002 0.96 0.96 0.96 0.96
2003 0.96 0.96 0.96 0.96
2004 0.96 0.96 0.96 0.96
2005 0.96 0.96 0.96 0.96
2006 0.96 0.96 0.96 0.96
2007 0.96 0.96 0.96 0.96
2008 0.96 0.96 0.96 0.96
2009 0.96 0.96 0.96 0.96
2010 0.96 0.96 0.96 0.96
2011 0.96 0.96 0.96 0.96
2012 0.96 0.96 0.96 0.96
2013 0.96 0.96 0.96 0.96
2014 0.96 0.96 0.96 0.96
2015 0.96 0.96 0.96 0.96
2016 0.96 0.96 0.96 0.96
2017 0.96 0.96 0.96 0.96
2018 0.96 0.96 0.96 0.96
2019 0.96 0.96 0.96 0.96
2020 0.96 0.96 0.96 0.96
2021 0.96 0.96 0.96 0.96
2022 0.96 0.96 0.96 0.96
2023 0.96 0.96 0.96 0.96

Fecundity by feeding ground
RUS+WAL,EAL+BER,GOA,SEA+NBC,SBC+WA,OR+CA
1970 0.9627645 0.961637 0.9614178 0.9596346 0.9637015 0.9654195
1971 0.9627645 0.961637 0.9614178 0.9596346 0.9637015 0.9654195
1972 0.9627645 0.961637 0.9614178 0.9596346 0.9637015 0.9654195
1973 0.9627645 0.961637 0.9614178 0.9596346 0.9637015 0.9654195
1974 0.9627645 0.961637 0.9614178 0.9596346 0.9637015 0.9654195
1975 0.9627645 0.961637 0.9614178 0.9596346 0.9637015 0.9654195
1976 0.9627645 0.961637 0.9614178 0.9596346 0.9637015 0.9654195
1977 0.9627645 0.961637 0.9614178 0.9596346 0.9637015 0.9654195
1978 0.9627645 0.961637 0.9614178 0.9596346 0.9637015 0.9654195
1979 0.9611213 0.959757 0.9594234 0.9573612 0.9622738 0.9644494
1980 0.9598143 0.9579197 0.9575101 0.9551828 0.9609043 0.9635242
1981 0.9582995 0.9561571 0.9556735 0.9530997 0.9595932 0.9626456
1982 0.9568518 0.9544682 0.9539127 0.9511101 0.9583361 0.9618439
1983 0.9554632 0.9528482 0.952232 0.9492083 0.9571304 0.9610854
1984 0.9541364 0.9512952 0.9506197 0.9473908 0.9560037 0.9603684
1985 0.9528675 0.9498053 0.9490721 0.945658 0.9549222 0.9596902
1986 0.9516555 0.9483772 0.9475876 0.9440026 0.9538886 0.9590547
1987 0.9504981 0.9470155 0.9461638 0.9424217 0.9528974 0.9584557
1988 0.9489456 0.9451952 0.9442511 0.9402949 0.9515531 0.9576333
1989 0.9471026 0.9429476 0.9419016 0.9376689 0.9499167 0.9566042
1990 0.9449249 0.940312 0.9391559 0.9346 0.9479908 0.9553946
1991 0.9424503 0.9373266 0.9360439 0.9311257 0.9457992 0.9540287
1992 0.9397045 0.934026 0.9326132 0.9272962 0.9433982 0.9525006
1993 0.9367196 0.930442 0.928887 0.9231181 0.9407912 0.9508625
1994 0.9335171 0.9266032 0.9249126 0.9186897 0.937996 0.9491252
1995 0.9301281 0.9225401 0.9207028 0.9140875 0.9350643 0.9473057
1996 0.9265742 0.9182825 0.9162915 0.9091915 0.9319868 0.945426
1997 0.9227584 0.9137084 0.9115512 0.9038355 0.9287017 0.9433886
1998 0.9186188 0.9087303 0.9063818 0.8980599 0.9251393 0.9411378
1999 0.9140776 0.9032613 0.9007082 0.8917487 0.9212095 0.9387464
2000 0.90908 0.897238 0.8944512 0.8848562 0.9168845 0.9361179
2001 0.9035766 0.8906025 0.8875658 0.87715 0.9121311 0.933203
2002 0.8975296 0.8833163 0.8799998 0.8687788 0.9069118 0.9299755
2003 0.8909097 0.8753444 0.8717254 0.8596288 0.9012037 0.926458
2004 0.8836976 0.8666659 0.8627291 0.8498353 0.8949917 0.9226118
2005 0.8759645 0.8573572 0.8530918 0.8392408 0.8882134 0.9185269
2006 0.8675994 0.8473572 0.8426827 0.8278483 0.8809571 0.9141369
2007 0.8585562 0.8365318 0.8314341 0.8156342 0.8732418 0.909416
2008 0.8487767 0.8247757 0.8192822 0.8022866 0.8647923 0.9041688
2009 0.8381879 0.8068101 0.8210681 0.8045664 0.8511948 0.907852
2010 0.8267066 0.7867214 0.8035524 0.7852767 0.835807 0.9017085
2011 0.8142504 0.7642696 0.783067 0.7629369 0.8184637 0.8935125
2012 0.8007797 0.7409037 0.7821976 0.7624724 0.7988905 0.8848874
2013 0.786233 0.7161454 0.7605704 0.7391227 0.7777606 0.874878
2014 0.7705064 0.6884162 0.7561583 0.7348382 0.7536287 0.8688662
2015 0.7536054 0.6661269 0.7309686 0.7070865 0.7247597 0.8768591
2016 0.7354751 0.6730761 0.7312747 0.7078143 0.6962723 0.8658062
2017 0.7160653 0.6488358 0.702306 0.6765999 0.6607927 0.8632149
2018 0.6953759 0.708309 0.690135 0.6649488 0.6246051 0.8536625
2019 0.6732943 0.6808543 0.6567693 0.6292534 0.5857185 0.843808
2020 0.6497487 0.6506911 0.6657522 0.6387041 0.5390659 0.8488622
2021 0.6252772 0.6333961 0.6307156 0.6016112 0.4890581 0.834347
2022 0.5978693 0.5986429 0.662371 0.6369054 0.5101151 0.8191622
2023 0.5725885 0.561971 0.7355165 0.717184 0.4942883 0.8046332

Total abundance: Estimate SD_log
1970 837.2306 0.03332974
1971 1009.568 0.03314557
1972 1186.051 0.03277182
1973 1352.212 0.0326135
1974 1515.086 0.03243923
1975 1670.197 0.03233828
1976 1818.527 0.03227429
1977 1960.252 0.03223736
1978 2095.733 0.03221844
1979 2225.122 0.0322143
1980 2399.035 0.03213101
1981 2612.362 0.03201575
1982 2862.516 0.03187737
1983 3145.468 0.03174057
1984 3458.133 0.03161338
1985 3797.422 0.0315008
1986 4160.683 0.03140251
1987 4543.7 0.03132899
1988 4942.77 0.03128416
1989 5372.297 0.03123227
1990 5843.164 0.03116133
1991 6359.244 0.03109241
1992 6925.574 0.03103067
1993 7547.602 0.03097391
1994 8233.866 0.03090546
1995 8982.341 0.03084761
1996 9795.997 0.03079743
1997 10673.47 0.03076307
1998 11616.01 0.03074903
1999 12630.33 0.03074953
2000 13723.77 0.03076236
2001 14303.29 0.03402908
2002 15922.3 0.03425722
2003 17790.94 0.03403048
2004 18932.44 0.02865991
2005 20992 0.02351115
2006 22389.47 0.03172421
2007 24218.74 0.05269645
2008 24585.78 0.05466025
2009 26875.8 0.05280351
2010 26265.92 0.04315759
2011 28991.79 0.04150678
2012 29909.19 0.04334362
2013 32599.78 0.03763395
2014 33029.33 0.04604817
2015 32060.46 0.04300572
2016 31304.49 0.04745604
2017 30183.19 0.04935945
2018 29557.12 0.04053231
2019 29798.48 0.03421841
2020 31726.28 0.03440002
2021 32000.36 0.03425845
2022 33363.2 0.0912044
2023 35264.81 0.1244951
2024 37429.7 0.1564172

Breeding stock abundance: Estimate SD_log Estimate/K
Asia
1970 49.78451 0.06182182 0.7527659
1971 60.32339 0.06233383 0.912119
1972 70.489 0.06270903 1.065828
1973 78.95538 0.0637239 1.193844
1974 88.23612 0.06397427 1.334173
1975 97.04991 0.06424047 1.467442
1976 105.5114 0.06445879 1.595383
1977 113.5386 0.06469543 1.716758
1978 121.1489 0.06494656 1.83183
1979 128.359 0.06520977 1.94085
1980 138.0867 0.06543046 2.087939
1981 149.65 0.06577245 2.26278
1982 163.2955 0.06606336 2.469107
1983 178.7987 0.06631863 2.703524
1984 195.882 0.06657393 2.961831
1985 214.4482 0.06680266 3.242561
1986 234.2179 0.06704262 3.541488
1987 255.1205 0.06726839 3.857546
1988 276.8989 0.06750982 4.186846
1989 300.1566 0.06775527 4.538513
1990 325.3541 0.06800544 4.919511
1991 352.8418 0.06826669 5.335138
1992 383.0724 0.06851435 5.792241
1993 416.2519 0.06875886 6.29393
1994 452.5962 0.06899838 6.843475
1995 492.2764 0.06922932 7.443458
1996 535.3877 0.06945414 8.095322
1997 581.9689 0.06967596 8.799652
1998 632.1118 0.06990643 9.557837
1999 685.99 0.07014876 10.3725
2000 744.078 0.07039816 11.25082
2001 813.811 0.07057943 12.30522
2002 890.0543 0.07081059 13.45805
2003 973.0892 0.07114403 14.71358
2004 1061.589 0.0710067 16.05174
2005 1156.36 0.07095463 17.48472
2006 1259.647 0.07284439 19.04648
2007 1360.481 0.08281076 20.57113
2008 1427.828 0.08270661 21.58945
2009 1541.266 0.08275957 23.30469
2010 1550.953 0.08018469 23.45117
2011 1678.772 0.08031321 25.38385
2012 1815.965 0.08114438 27.45828
2013 1942.162 0.08014983 29.36644
2014 2085.56 0.08127535 31.53468
2015 2266.532 0.08176526 34.27106
2016 2285.945 0.08750139 34.5646
2017 2409.713 0.09084774 36.43603
2018 2486.761 0.09541639 37.60104
2019 2559.873 0.1026435 38.70652
2020 2750.126 0.1043436 41.58323
2021 2926.05 0.1074202 44.2433
2022 3090.871 0.1162683 46.73546
2023 3257.457 0.1255205 49.25434
Hawaii
1970 467.4324 0.04049106 1.311839
1971 566.3309 0.04037475 1.589395
1972 665.9575 0.04010616 1.868995
1973 761.1356 0.03995859 2.136111
1974 853.1891 0.03984608 2.394457
1975 941.2821 0.03977907 2.641688
1976 1025.612 0.03973968 2.878358
1977 1106.352 0.03971865 3.104952
1978 1183.589 0.03971236 3.321716
1979 1257.554 0.03971431 3.529299
1980 1356.71 0.03965394 3.807577
1981 1478.67 0.03955963 4.149855
1982 1621.526 0.03944875 4.550778
1983 1783.077 0.03934087 5.004168
1984 1961.663 0.03923988 5.505364
1985 2155.236 0.03915512 6.048623
1986 2362.961 0.03907444 6.631598
1987 2581.814 0.0390209 7.245805
1988 2809.467 0.03900195 7.884708
1989 3055.457 0.03896193 8.575072
1990 3325.924 0.03889278 9.334132
1991 3621.536 0.03883763 10.16376
1992 3946.549 0.03878832 11.0759
1993 4303.047 0.03875264 12.07641
1994 4697.348 0.03869899 13.183
1995 5126.257 0.03867051 14.38673
1996 5592.503 0.03865568 15.69524
1997 6093.934 0.03867283 17.10249
1998 6636.454 0.03869838 18.62506
1999 7219.849 0.0387514 20.26235
2000 7848.258 0.03883407 22.02597
2001 8116.081 0.04324678 22.7776
2002 9067.744 0.04609705 25.44843
2003 10161.56 0.04656051 28.51821
2004 10615.28 0.03822345 29.79154
2005 11789.04 0.03230261 33.08569
2006 12436.78 0.03931812 34.90356
2007 13715.27 0.05538953 38.4916
2008 13702.34 0.057508 38.45531
2009 15144.7 0.05538426 42.50326
2010 14753.58 0.04834022 41.40561
2011 16387.75 0.047261 45.99187
2012 16697.3 0.04714706 46.86061
2013 18275.51 0.04414021 51.28983
2014 17843.7 0.0624908 50.07796
2015 16117.08 0.05188108 45.23225
2016 15431.46 0.05648208 43.30805
2017 13971.41 0.06194232 39.21046
2018 13130.99 0.05441335 36.85183
2019 13059.77 0.04797968 36.65197
2020 13999.62 0.04772454 39.28964
2021 13100.92 0.05339088 36.76744
2022 13916.91 0.1409432 39.05752
2023 14777.62 0.1929521 41.47306
Mexico
1970 282.3977 0.04758647 0.8223874
1971 339.5097 0.04788079 0.9887068
1972 398.9887 0.04769055 1.161919
1973 454.6134 0.04765387 1.323907
1974 509.6661 0.04756473 1.48423
1975 561.9102 0.0475492 1.636373
1976 611.7937 0.04755976 1.781641
1977 659.4073 0.0475895 1.9203
1978 704.9755 0.04762375 2.053002
1979 748.4884 0.04766747 2.179718
1980 806.992 0.04765145 2.35009
1981 878.6791 0.047612 2.558855
1982 962.7944 0.0475511 2.803812
1983 1058.023 0.04748703 3.081134
1984 1163.257 0.04742779 3.387591
1985 1277.539 0.04737353 3.720398
1986 1399.735 0.04733294 4.076252
1987 1528.762 0.04730598 4.451999
1988 1663.621 0.04729344 4.84473
1989 1808.231 0.0472847 5.26586
1990 1966.166 0.04726553 5.725792
1991 2139.957 0.04722965 6.231898
1992 2330.452 0.04720465 6.78665
1993 2540.099 0.04717373 7.397178
1994 2770.742 0.04713571 8.068845
1995 3023.138 0.04708996 8.803864
1996 3297.674 0.04704489 9.603356
1997 3594.828 0.04699726 10.46872
1998 3909.85 0.04702301 11.38611
1999 4249.36 0.04704588 12.37482
2000 4616.126 0.04706359 13.4429
2001 4873.814 0.04979484 14.19333
2002 5413.704 0.04749443 15.76558
2003 6038.579 0.04661092 17.58531
2004 6567.488 0.04565365 19.12558
2005 7275.651 0.04357716 21.18786
2006 7866.051 0.05100559 22.90721
2007 8354.35 0.07338938 24.32921
2008 8575.529 0.07448022 24.97332
2009 9272.02 0.0730609 27.00161
2010 8949.953 0.06276552 26.0637
2011 9826.356 0.06094482 28.61593
2012 10304.71 0.063121 30.00897
2013 11163.61 0.05587897 32.51022
2014 11776.66 0.05675597 34.29551
2015 12224.29 0.05954244 35.5991
2016 12050.4 0.06374121 35.09269
2017 12130.64 0.06403968 35.32637
2018 12069.93 0.05663017 35.14956
2019 12116.6 0.05322783 35.28548
2020 12857 0.05363492 37.44166
2021 13620.08 0.05305523 39.66386
2022 14065.37 0.09127228 40.96061
2023 14839.79 0.1160847 43.21586
Central_Am
1970 37.61593 0.09490832 0.3805434
1971 43.40368 0.09520919 0.4390954
1972 50.6162 0.09552465 0.5120613
1973 57.50728 0.09575932 0.5817752
1974 63.9943 0.09608187 0.6474015
1975 69.95438 0.09632459 0.7076969
1976 75.60991 0.09651862 0.7649114
1977 80.95468 0.09669284 0.8189819
1978 86.01933 0.09683674 0.8702188
1979 90.71983 0.0970582 0.9177715
1980 97.24651 0.09723249 0.983799
1981 105.3626 0.09736151 1.065906
1982 114.8995 0.09748939 1.162386
1983 125.5689 0.09767584 1.270324
1984 137.3312 0.0978325 1.389317
1985 150.1993 0.09797819 1.519499
1986 163.7697 0.09815772 1.656784
1987 178.0041 0.09832142 1.800787
1988 192.7837 0.09847634 1.950306
1989 208.4531 0.0986551 2.108826
1990 225.7197 0.09881281 2.283504
1991 244.9102 0.09896246 2.477646
1992 265.5005 0.09912561 2.685949
1993 288.2039 0.09927271 2.915628
1994 313.1803 0.09944576 3.168304
1995 340.669 0.09960783 3.446395
1996 370.4327 0.09978684 3.747501
1997 402.7386 0.09996225 4.074324
1998 437.5941 0.1001454 4.426942
1999 475.1291 0.1003295 4.806667
2000 515.305 0.1005438 5.213108
2001 499.5829 0.118851 5.054054
2002 550.7944 0.1063779 5.572139
2003 617.7099 0.1058678 6.249092
2004 688.091 0.105157 6.961106
2005 770.9467 0.1066473 7.79932
2006 826.9924 0.1241562 8.366309
2007 788.6408 0.1154282 7.978323
2008 880.0853 0.1157632 8.903426
2009 917.8214 0.1199949 9.285185
2010 1011.43 0.1164658 10.23218
2011 1098.913 0.1190859 11.11721
2012 1091.22 0.09993314 11.03938
2013 1218.499 0.09610382 12.32701
2014 1323.415 0.100986 13.38839
2015 1452.553 0.1010142 14.69483
2016 1536.695 0.100443 15.54605
2017 1671.43 0.09886338 16.9091
2018 1869.445 0.09935227 18.91233
2019 2062.231 0.1009354 20.86266
2020 2119.527 0.104812 21.4423
2021 2353.311 0.1050073 23.80738
2022 2290.047 0.1196432 23.16737
2023 2389.948 0.1200757 24.17803

Feeding stock abundance: Estimate SD_log Estimate/K
RUS+WAL
1970 108.1833 0.1494448 0.8603777
1971 133.0394 0.1495977 1.058057
1972 156.8081 0.1497631 1.247088
1973 175.7205 0.1531989 1.397498
1974 197.6185 0.1528832 1.571652
1975 218.621 0.1526393 1.738684
1976 238.6909 0.1524791 1.898299
1977 257.8833 0.1523834 2.050935
1978 276.2155 0.1523323 2.196731
1979 293.722 0.1523157 2.335959
1980 317.2042 0.1522901 2.522712
1981 345.0811 0.1527299 2.744416
1982 378.0205 0.1530408 3.006382
1983 415.45 0.1532742 3.304057
1984 456.9835 0.1534249 3.634372
1985 502.132 0.1535371 3.993436
1986 550.5716 0.1536093 4.378674
1987 601.8334 0.1536683 4.786357
1988 655.5876 0.1537221 5.213862
1989 713.3051 0.1537633 5.672887
1990 775.9186 0.1538578 6.170849
1991 844.6076 0.1539679 6.717131
1992 920.1999 0.1540904 7.318313
1993 1003.443 0.154212 7.980343
1994 1094.908 0.1543269 8.707759
1995 1195.04 0.1544308 9.504103
1996 1304.127 0.1545237 10.37167
1997 1421.096 0.1545676 11.30192
1998 1547.624 0.1546134 12.3082
1999 1684.408 0.1546667 13.39603
2000 1832.331 0.1547346 14.57246
2001 1992.493 0.1548047 15.84622
2002 2166.157 0.1548928 17.22736
2003 2354.565 0.1549952 18.72576
2004 2558.32 0.1551067 20.34621
2005 2778.348 0.1552309 22.09609
2006 3016.224 0.1553913 23.98791
2007 3271.864 0.1555924 26.02101
2008 3546.097 0.1558462 28.20197
2009 3839.685 0.15615 30.53686
2010 4152.627 0.1565381 33.02567
2011 4486.626 0.156992 35.68196
2012 4842.771 0.1575364 38.51437
2013 5212.92 0.1584082 41.45814
2014 5627.484 0.1588743 44.75515
2015 6009.874 0.1606713 47.79628
2016 6462.914 0.1616391 51.3993
2017 6938.688 0.1628846 55.18311
2018 7431.819 0.1644965 59.10496
2019 7954.483 0.166287 63.26168
2020 8471.843 0.168799 67.37622
2021 9002.224 0.1717684 71.59433
2022 9547.456 0.175299 75.93053
2023 10093.88 0.1794402 80.27624
EAL+BER
1970 241.6732 0.1071669 1.007273
1971 295.0334 0.1080455 1.229673
1972 347.0599 0.1083897 1.446515
1973 397.9316 0.1083854 1.658544
1974 446.6772 0.1083923 1.861711
1975 493.4349 0.108403 2.056593
1976 538.2572 0.1084163 2.243409
1977 581.2594 0.1084294 2.422638
1978 622.4761 0.1084435 2.594426
1979 661.9788 0.1084583 2.759069
1980 714.5153 0.108515 2.978037
1981 779.3856 0.1085351 3.248411
1982 855.4545 0.108529 3.565459
1983 941.6197 0.1085066 3.924588
1984 1036.881 0.1084748 4.32163
1985 1140.323 0.1084377 4.752765
1986 1251.116 0.1083977 5.21454
1987 1368.386 0.1083578 5.703311
1988 1491.368 0.1083224 6.21589
1989 1623.186 0.1082961 6.765294
1990 1766.963 0.1082533 7.364548
1991 1924.811 0.10821 8.022443
1992 2098.756 0.1081582 8.74743
1993 2290.268 0.108102 9.545633
1994 2500.662 0.1080367 10.42254
1995 2730.748 0.1079673 11.38152
1996 2981.225 0.1078909 12.42548
1997 3249.893 0.10783 13.54527
1998 3540.313 0.1077622 14.75571
1999 3852.355 0.107738 16.05628
2000 4190.26 0.1076901 17.46463
2001 4708.784 0.1060998 19.6258
2002 5289.782 0.1042803 22.04735
2003 5936.787 0.1026423 24.744
2004 6611.173 0.09621091 27.55478
2005 7325.946 0.08767552 30.53389
2006 8126.263 0.1013356 33.86955
2007 8768.078 0.1614411 36.54458
2008 8567.51 0.1714514 35.70863
2009 9267.132 0.167761 38.62459
2010 7556.62 0.1641342 31.49532
2011 8346.015 0.1588734 34.78546
2012 9217.585 0.1593891 38.41808
2013 9712.752 0.1413902 40.48189
2014 10715.8 0.1390867 44.66251
2015 11778.22 0.1390758 49.09059
2016 10593.66 0.1724855 44.15345
2017 10301.17 0.1714497 42.93435
2018 8807.315 0.1862692 36.70811
2019 7200.182 0.2106612 30.00972
2020 7923.935 0.2092088 33.02626
2021 8744.99 0.2104275 36.44835
2022 9318.212 0.3178456 38.83749
2023 9872.149 0.3976389 41.14625
GOA
1970 105.6808 0.07056438 1.053277
1971 126.7526 0.07219687 1.263292
1972 149.8456 0.07194894 1.493449
1973 172.0136 0.07178984 1.714389
1974 193.2657 0.07168155 1.9262
1975 213.6519 0.07160361 2.129381
1976 233.1108 0.07157482 2.32332
1977 251.791 0.07155346 2.509498
1978 269.7081 0.07153766 2.68807
1979 286.8926 0.07152581 2.859341
1980 309.9789 0.07146399 3.089433
1981 338.436 0.07137071 3.373054
1982 371.6766 0.07128033 3.704348
1983 409.2378 0.07119855 4.078706
1984 450.7453 0.07111725 4.492394
1985 495.7189 0.07105326 4.940627
1986 543.8893 0.07099139 5.420722
1987 594.7005 0.0709558 5.927137
1988 648.0442 0.07091915 6.458792
1989 705.2585 0.07088424 7.029023
1990 767.6516 0.07083868 7.650869
1991 836.2304 0.07078344 8.334366
1992 911.7501 0.07072582 9.08704
1993 994.9555 0.07066062 9.916315
1994 1086.275 0.07059615 10.82646
1995 1186.145 0.07053051 11.82183
1996 1294.828 0.0704655 12.90502
1997 1411.348 0.07041307 14.06632
1998 1537.084 0.07037213 15.31948
1999 1672.851 0.07033754 16.67262
2000 1819.621 0.0703079 18.13541
2001 1798.365 0.07188408 17.92357
2002 2009.875 0.0743202 20.03161
2003 2257.229 0.07507353 22.49688
2004 2268.023 0.07440046 22.60445
2005 2529.057 0.06806427 25.20608
2006 2582.41 0.07595214 25.73782
2007 2891.343 0.07604362 28.81684
2008 2884.649 0.07184499 28.75011
2009 3234.293 0.07136636 32.23488
2010 3377.694 0.07713911 33.6641
2011 3783.61 0.07807622 37.70969
2012 3679.989 0.07439138 36.67694
2013 4098.071 0.07883898 40.8438
2014 3723.799 0.1189205 37.11358
2015 2841.151 0.08600028 28.31659
2016 2811.89 0.09027687 28.02496
2017 2282.987 0.09736524 22.7536
2018 2204.251 0.1078432 21.96887
2019 2435.594 0.1055183 24.27456
2020 2573.686 0.1072913 25.65087
2021 2008.694 0.1847663 20.01983
2022 2131.648 0.3033884 21.24527
2023 2281.464 0.3870725 22.73842
SEA+NBC
1970 263.8357 0.06264304 1.269614
1971 317.8674 0.06373103 1.529623
1972 372.4211 0.06405105 1.792142
1973 424.6967 0.06431516 2.0437
1974 474.6319 0.06455285 2.283995
1975 522.3729 0.06476818 2.513731
1976 568.0074 0.06496656 2.733331
1977 611.6249 0.06515218 2.943224
1978 653.2048 0.06533746 3.143313
1979 692.9247 0.06551365 3.33445
1980 746.3903 0.06565674 3.591734
1981 812.2358 0.06578031 3.908592
1982 889.3513 0.06588496 4.279683
1983 976.4019 0.0659923 4.698582
1984 1072.532 0.0660922 5.161174
1985 1176.578 0.06619961 5.661856
1986 1288.379 0.06627572 6.199861
1987 1405.625 0.06639823 6.764065
1988 1526.517 0.06660176 7.345811
1989 1658.006 0.06671703 7.978557
1990 1803.684 0.06673077 8.679581
1991 1962.253 0.06679178 9.442635
1992 2136.151 0.0668753 10.27946
1993 2326.092 0.06700312 11.19348
1994 2537.554 0.06705557 12.21106
1995 2766.287 0.06718081 13.31176
1996 3014.506 0.06733267 14.50623
1997 3279.347 0.06757008 15.78068
1998 3566.139 0.06780989 17.16076
1999 3874.168 0.06810411 18.64304
2000 4204.531 0.06847061 20.23279
2001 4149.839 0.07469394 19.96961
2002 4629.446 0.08215371 22.27754
2003 5192.997 0.08397243 24.98943
2004 5207.709 0.06991653 25.06022
2005 5792.707 0.0643101 27.87532
2006 5899.21 0.07385457 28.38782
2007 6588.65 0.07452542 31.7055
2008 6571.755 0.06980088 31.6242
2009 7356.454 0.06906416 35.40028
2010 7668.109 0.07311102 36.90001
2011 8544.327 0.07400639 41.11649
2012 8291.277 0.06733396 39.89878
2013 9238.527 0.07181348 44.45708
2014 8368.719 0.1117889 40.27144
2015 6368.544 0.07195506 30.64632
2016 6276.098 0.07180258 30.20146
2017 5075.159 0.07709896 24.42237
2018 4886.077 0.07873327 23.51248
2019 5375.474 0.07424286 25.86753
2020 5660.379 0.0672054 27.23853
2021 4398.416 0.1580336 21.16579
2022 4643.515 0.2877189 22.34524
2023 4949.802 0.3757301 23.81914
SBC+WA
1970 21.05282 0.04879565 0.7512417
1971 25.86576 0.04801784 0.9229852
1972 30.48245 0.04754415 1.087726
1973 34.9024 0.04723607 1.245445
1974 39.14022 0.0470176 1.396667
1975 43.2047 0.04685532 1.541702
1976 47.10278 0.04673041 1.6808
1977 50.74875 0.04671957 1.810901
1978 54.23321 0.04671776 1.93524
1979 57.57459 0.04671771 2.054472
1980 62.10636 0.04660168 2.216182
1981 67.72293 0.04640959 2.416602
1982 74.21531 0.04624129 2.648274
1983 81.60349 0.0460443 2.911912
1984 89.79783 0.04583739 3.204316
1985 98.58614 0.04569327 3.517915
1986 108.0092 0.04555609 3.854165
1987 117.9922 0.04542846 4.210394
1988 128.367 0.04534663 4.580604
1989 139.5415 0.04524884 4.979353
1990 151.6507 0.04516415 5.411452
1991 164.8985 0.04508136 5.884184
1992 179.5788 0.04496733 6.408031
1993 195.7032 0.0448562 6.983407
1994 213.398 0.04474571 7.614824
1995 232.7406 0.04463737 8.305039
1996 253.7821 0.0445366 9.055875
1997 276.3327 0.04444364 9.860562
1998 301.0946 0.04430526 10.74416
1999 327.6038 0.04421767 11.69011
2000 355.8881 0.0441931 12.69939
2001 401.9271 0.04388157 14.34223
2002 454.0014 0.04376859 16.20043
2003 512.8679 0.04377543 18.30101
2004 579.0514 0.04388607 20.66268
2005 653.5831 0.04409647 23.32224
2006 734.4348 0.04462574 26.20733
2007 826.4558 0.04526324 29.49097
2008 934.8905 0.04588659 33.36032
2009 1042.097 0.04771228 37.18583
2010 1171.09 0.05066329 41.78877
2011 1306.181 0.05472453 46.60934
2012 1452.453 0.05922431 51.82885
2013 1621.035 0.06786112 57.84448
2014 1557.12 0.1539701 55.56375
2015 1612.431 0.153794 57.53745
2016 1428.936 0.1333904 50.98967
2017 1509.885 0.05916704 53.87821
2018 1651.766 0.05320444 58.94106
2019 1781.414 0.04991609 63.56738
2020 1937.416 0.04965003 69.13409
2021 2087.053 0.05344438 74.47369
2022 2240.016 0.06539766 79.93197
2023 2326.556 0.1013553 83.02004
OR+CA
1970 94.50467 0.02766449 0.5803001
1971 108.6091 0.02854432 0.6669073
1972 126.8343 0.02818077 0.7788182
1973 144.1469 0.02798614 0.8851251
1974 160.652 0.02787525 0.9864739
1975 175.7111 0.0279218 1.078943
1976 189.9579 0.02799562 1.166425
1977 203.445 0.02808796 1.249242
1978 216.0948 0.02820492 1.326917
1979 228.0289 0.0283315 1.400197
1980 244.5401 0.02834557 1.501584
1981 265 0.02830757 1.627216
1982 288.9974 0.02824819 1.774571
1983 316.0555 0.02820064 1.940719
1984 345.7929 0.02817503 2.12332
1985 378.2844 0.02814479 2.322832
1986 412.7181 0.02815218 2.53427
1987 448.763 0.02819391 2.755602
1988 486.0866 0.0282688 2.984785
1989 525.8007 0.02835951 3.228647
1990 569.595 0.02842097 3.497563
1991 618.2437 0.02845772 3.796287
1992 670.4378 0.02856157 4.116782
1993 727.8412 0.02867646 4.469263
1994 791.2693 0.02879107 4.85874
1995 860.9795 0.02891316 5.286791
1996 936.628 0.02906543 5.751306
1997 1017.454 0.02924388 6.247613
1998 1104.755 0.02945294 6.783682
1999 1198.741 0.02970398 7.360797
2000 1299.636 0.03001095 7.980336
2001 1229.28 0.08416051 7.548317
2002 1349.935 0.05902719 8.28919
2003 1512.798 0.05784981 9.28924
2004 1681.669 0.05900707 10.32618
2005 1881.958 0.06289188 11.55605
2006 2001.732 0.1016189 12.29151
2007 1841.147 0.0814807 11.30545
2008 2048.378 0.08205208 12.57794
2009 2100.142 0.09357953 12.89579
2010 2301.98 0.0871263 14.13516
2011 2482.433 0.09377584 15.24323
2012 2381.52 0.05101389 14.62358
2013 2660.579 0.03435219 16.33712
2014 2998.109 0.03261994 18.4097
2015 3341.838 0.03252507 20.52035
2016 3682.492 0.03324053 22.61211
2017 4028.509 0.03450965 24.73681
2018 4524.991 0.03541811 27.78542
2019 5013.73 0.04097017 30.7865
2020 5086.122 0.06605343 31.23101
2021 5681.183 0.06655799 34.88495
2022 5421.151 0.08764366 33.28824
2023 5660.26 0.08657816 34.75648

Parameters: Estimate  Std. Error      z value    Pr(>|z^2|)
rval 0.09094274 0.00058874 154.47094286 0
logK 8.79687503 0.73743685 11.92898756 0
logK 10.48099507 0.32463575 32.2854 0
logK 10.44403017 0.45747213 22.82987191 0
logK 9.19875289 0.82878274 11.09911247 0
logBK 4.88161498 0.74889317 6.5184397 0
logBK 4.32053507 0.33215724 13.00749917 0
logBK 4.79245597 0.46912524 10.21572834 0
logBK 5.56751247 0.83464227 6.67053737 0
MixPars -0.99729959 0.36306183 -2.74691394 0.00601589
MixPars -2.33673416 0.23769637 -9.83075248 0
MixPars -0.69844827 0.16999337 -4.10867941 3.979e-05
MixPars -1.38258193 0.12328493 -11.2145248 0
MixPars -3.49128869 0.14562374 -23.97472143 0
MixPars -0.77036413 0.33290518 -2.31406473 0.02066417
MixPars -0.88513878 0.21203267 -4.17453969 2.986e-05
MixPars -1.96917471 0.41619417 -4.7313847 2.23e-06
MixPars -2.40925618 0.1816778 -13.26114766 0
MixPars -0.53451945 0.15590867 -3.42841398 0.00060712
MixPars -2.10181986 0.22312937 -9.41973655 0
AddV 0.0094275 0.01371156 0.68755829 0.49173098
AddV 0.00682152 0.00216255 3.15438449 0.00160837
AddV 0.03037743 0.01945363 1.56153041 0.11839865
SFdev -0.27256352 0.60982095 -0.44695664 0.65490636
SFdev -0.27233423 0.60997262 -0.4464696 0.65525807
SFdev -0.26350196 0.61285852 -0.42995562 0.66722792
SFdev -0.15826143 0.65400302 -0.24198884 0.80878881
SFdev -0.11824882 0.62446091 -0.18936145 0.84980954
SFdev -0.13197486 0.67054474 -0.19681739 0.84397045
SFdev 0.01817617 0.57091392 0.03183696 0.97460207
SFdev 0.21848116 0.25589307 0.85379868 0.39321655
SFdev 0.00057878 0.69092964 0.00083768 0.99933163
SFdev 0.36807473 0.11583579 3.17755629 0.00148522
SFdev -0.16562279 0.69038489 -0.2398992 0.8104084
SFdev -0.18485875 0.67200943 -0.27508357 0.78325203
SFdev 0.0606413 0.44766981 0.13545988 0.89224828
SFdev -0.22510405 0.64144573 -0.35093234 0.72563911
SFdev -0.22939237 0.63628449 -0.36051857 0.71845938
SFdev 0.28755831 0.14347087 2.00429751 0.0450382
SFdev 0.20728658 0.23933376 0.86609837 0.38643622
SFdev 0.3281108 0.12985089 2.52682761 0.0115098
SFdev 0.36525471 0.09489304 3.84912025 0.00011854
SFdev -0.17658931 0.6664022 -0.26498908 0.79101787
SFdev -0.28639453 0.60788069 -0.47113608 0.63754356
SFdev -0.00012557 0.99964513 -0.00012561 0.99989978
SFdev 4.272e-05 1.00012085 4.272e-05 0.99996592
SFdev 0 1 0 1
SFdev 0.20881433 0.05561429 3.7546882 0.00017356
SFdev -0.19693587 0.59385132 -0.33162487 0.74017253
SFdev -0.28419823 0.59084788 -0.48100068 0.63051601
SFdev 0.18393894 0.10621576 1.73174802 0.08331844
SFdev -0.18803729 0.57647708 -0.32618345 0.74428556
SFdev 0.15597043 0.10197992 1.52942298 0.12615962
SFdev -0.2767282 0.58733328 -0.47116042 0.63752618
SFdev 0.18754287 0.07726791 2.42717671 0.01521684
SFdev -0.39077117 0.53052693 -0.73657179 0.4613828
SFdev 0.10654731 0.09182832 1.16028825 0.24593147
SFdev -0.35710996 0.55030252 -0.6489339 0.5163811
SFdev 0.21778102 0.04972604 4.3796168 1.189e-05
SFdev -0.28733799 0.577053 -0.49794039 0.61852606
SFdev 0.286903 0.08506369 3.3728021 0.00074407
SFdev 0.40246643 0.05046761 7.97474689 0
SFdev 0.18431916 0.06429035 2.86698038 0.00414409
SFdev 0.36726667 0.03136386 11.70986673 0
SFdev 0.21886658 0.0782401 2.79737091 0.00515204
SFdev -0.28083267 0.60165675 -0.46676559 0.6406676
SFdev 0.02577424 0.14948731 0.17241755 0.86310928
SFdev 0.38765383 0.07778604 4.98359148 6.2e-07
SFdev -3.689e-05 0.99989727 -3.69e-05 0.99997056
SFdev 1.191e-05 1.00003312 1.191e-05 0.9999905
SFdev 0 1 0 1
SFdev -0.46690518 0.516208 -0.9044904 0.36573542
SFdev -0.49371658 0.50563972 -0.97641969 0.32885653
SFdev -0.51019573 0.49940837 -1.02160027 0.30697013
SFdev -0.51692634 0.49687619 -1.04035241 0.2981762
SFdev -0.51350565 0.49815501 -1.03081499 0.30262759
SFdev -0.49051613 0.50631651 -0.96879347 0.33264824
SFdev -0.50241169 0.50251748 -0.99978948 0.3174124
SFdev -0.46121432 0.51675192 -0.8925256 0.37211128
SFdev -0.38145897 0.54673025 -0.69770965 0.48535879
SFdev -0.29065704 0.58132217 -0.49999304 0.61707998
SFdev -0.28949909 0.58669261 -0.49344254 0.62169993
SFdev -0.30732677 0.58454205 -0.52575648 0.59905742
SFdev -0.25510685 0.61891516 -0.41218388 0.68020465
SFdev 0.23289249 0.19529487 1.19251719 0.23305852
SFdev 0.10123009 0.49540557 0.20433781 0.83808953
SFdev 0.3011878 0.16836565 1.78889104 0.07363237
SFdev 0.02599398 0.50871153 0.05109767 0.95924769
SFdev -0.27933036 0.60483315 -0.46183044 0.64420292
SFdev -0.2606208 0.60256927 -0.43251592 0.66536649
SFdev -0.26576165 0.5947493 -0.44684651 0.65498589
SFdev -0.3015198 0.58502351 -0.51539776 0.6062751
SFdev -0.21987179 0.6213184 -0.35387942 0.72342925
SFdev 0.04171631 0.39863955 0.1046467 0.91665616
SFdev 0 1 0 1
SFdev 0.25807445 0.0909681 2.83697754 0.00455428
SFdev -0.06516715 0.55263987 -0.11791975 0.90613125
SFdev -0.26576081 0.60074598 -0.44238467 0.65821087
SFdev -0.15858108 0.59715787 -0.26555972 0.79057831
SFdev -0.23496956 0.61541097 -0.38180918 0.70260291
SFdev 0.06539761 0.33978439 0.19246796 0.84737566
SFdev 0.28225275 0.11823244 2.38727004 0.01697402
SFdev -0.17338448 0.65295146 -0.26553961 0.7905938
SFdev 0.15561107 0.21563529 0.72164008 0.47051579
SFdev -0.03356752 0.56630071 -0.05927509 0.952733
SFdev 0.00979936 0.47382976 0.02068118 0.98349998
SFdev 0.24292567 0.11740955 2.06904531 0.03854184
SFdev -0.20848254 0.6086452 -0.34253542 0.73194799
SFdev -0.40486012 0.53530127 -0.75632198 0.44945617
SFdev -0.52823217 0.48954536 -1.07902601 0.28057613
SFdev -0.57107627 0.47576671 -1.20032835 0.23001184
SFdev -0.5271905 0.49008921 -1.07570313 0.28206005
SFdev -0.46815096 0.51110101 -0.91596563 0.35968492
SFdev -0.3062675 0.57708819 -0.53071177 0.59561853
SFdev 0.16360476 0.12888208 1.2694144 0.2042933
SFdev -0.16046142 0.61967246 -0.25894554 0.79567726
SFdev 0.24623994 0.11936861 2.06285336 0.03912656
SFdev 0.10169319 0.28701328 0.35431528 0.72310262
SFdev 0 1 0 1

Mixing matrix
0.73052732 0.26947268 0 0 0 0 ,# Asia
0.05153206 0.26520153 0.13380137 0.53322224 0.0162428 0 ,# Hawaii
0.1720032 0.371622 0.15335238 0.05186802 0.03340218 0.21775221 ,# Mexico
0 0 0 0 0.10892007 0.89107993 ,# Central_Am

Split of breeding stock to feeding grounds over time
Split for: Asia
Year RUS+WAL EAL+BER GOA SEA+NBC SBC+WA OR+CA
1970 0.73273 0.26727 0 0 0 0
1971 0.73398 0.26602 0 0 0 0
1972 0.72916 0.27084 0 0 0 0
1973 0.73021 0.26979 0 0 0 0
1974 0.73099 0.26901 0 0 0 0
1975 0.73158 0.26842 0 0 0 0
1976 0.73205 0.26795 0 0 0 0
1977 0.73243 0.26757 0 0 0 0
1978 0.73274 0.26726 0 0 0 0
1979 0.73306 0.26694 0 0 0 0
1980 0.73348 0.26652 0 0 0 0
1981 0.73323 0.26677 0 0 0 0
1982 0.73312 0.26688 0 0 0 0
1983 0.73311 0.26689 0 0 0 0
1984 0.73316 0.26684 0 0 0 0
1985 0.73327 0.26673 0 0 0 0
1986 0.73339 0.26661 0 0 0 0
1987 0.73354 0.26646 0 0 0 0
1988 0.73371 0.26629 0 0 0 0
1989 0.73389 0.26611 0 0 0 0
1990 0.73402 0.26598 0 0 0 0
1991 0.73413 0.26587 0 0 0 0
1992 0.73424 0.26576 0 0 0 0
1993 0.73435 0.26565 0 0 0 0
1994 0.73447 0.26553 0 0 0 0
1995 0.7346 0.2654 0 0 0 0
1996 0.73475 0.26525 0 0 0 0
1997 0.73491 0.26509 0 0 0 0
1998 0.73519 0.26481 0 0 0 0
1999 0.73544 0.26456 0 0 0 0
2000 0.73562 0.26438 0 0 0 0
2001 0.7294 0.2706 0 0 0 0
2002 0.72315 0.27685 0 0 0 0
2003 0.71688 0.28312 0 0 0 0
2004 0.71208 0.28792 0 0 0 0
2005 0.70815 0.29185 0 0 0 0
2006 0.70389 0.29611 0 0 0 0
2007 0.70519 0.29481 0 0 0 0
2008 0.72649 0.27351 0 0 0 0
2009 0.72693 0.27307 0 0 0 0
2010 0.77965 0.22035 0 0 0 0
2011 0.77599 0.22401 0 0 0 0
2012 0.77222 0.22778 0 0 0 0
2013 0.77634 0.22366 0 0 0 0
2014 0.77237 0.22763 0 0 0 0
2015 0.7686 0.2314 0 0 0 0
2016 0.79887 0.20113 0 0 0 0
2017 0.81431 0.18569 0 0 0 0
2018 0.84603 0.15397 0 0 0 0
2019 0.8779 0.1221 0 0 0 0
2020 0.87444 0.12556 0 0 0 0
2021 0.8704 0.1296 0 0 0 0
2022 0.87007 0.12993 0 0 0 0
2023 0.86998 0.13002 0 0 0 0
2024 0.87017 0.12983 0 0 0 0
Split for: Hawaii
Year RUS+WAL EAL+BER GOA SEA+NBC SBC+WA OR+CA
1970 0.05262 0.26778 0.13262 0.53046 0.01651 0
1971 0.0531 0.26849 0.13368 0.52814 0.0166 0
1972 0.05209 0.26993 0.13447 0.52684 0.01667 0
1973 0.05251 0.2707 0.13491 0.52517 0.0167 0
1974 0.05284 0.27134 0.13528 0.52381 0.01673 0
1975 0.05311 0.27191 0.13553 0.5227 0.01676 0
1976 0.05334 0.27242 0.13576 0.52174 0.01675 0
1977 0.05354 0.27291 0.13598 0.52083 0.01674 0
1978 0.05371 0.27336 0.13619 0.52 0.01674 0
1979 0.05387 0.27372 0.1364 0.51927 0.01675 0
1980 0.05405 0.27405 0.13665 0.5185 0.01676 0
1981 0.05407 0.27445 0.13688 0.51784 0.01676 0
1982 0.05413 0.2749 0.13709 0.51711 0.01677 0
1983 0.05421 0.27531 0.1373 0.5164 0.01678 0
1984 0.05431 0.27575 0.13747 0.51569 0.01678 0
1985 0.0544 0.27608 0.1376 0.51513 0.01678 0
1986 0.05452 0.27652 0.13773 0.51443 0.01679 0
1987 0.05468 0.27714 0.13797 0.51341 0.0168 0
1988 0.05481 0.27751 0.13809 0.51279 0.0168 0
1989 0.05488 0.27765 0.1381 0.51259 0.01678 0
1990 0.05497 0.27789 0.13818 0.5122 0.01676 0
1991 0.05505 0.27818 0.13827 0.51174 0.01676 0
1992 0.05516 0.27855 0.13842 0.51112 0.01676 0
1993 0.05522 0.27872 0.13846 0.51085 0.01674 0
1994 0.05531 0.27901 0.13857 0.51037 0.01674 0
1995 0.05541 0.27929 0.13867 0.5099 0.01673 0
1996 0.05554 0.27974 0.13885 0.50913 0.01674 0
1997 0.05567 0.28016 0.13898 0.50842 0.01677 0
1998 0.05581 0.2805 0.13915 0.50775 0.01679 0
1999 0.05597 0.28093 0.13934 0.50697 0.01679 0
2000 0.05609 0.28127 0.13942 0.50642 0.0168 0
2001 0.05911 0.30599 0.13333 0.4832 0.01837 0
2002 0.0576 0.30769 0.13338 0.48275 0.01858 0
2003 0.05598 0.30847 0.13376 0.48305 0.01874 0
2004 0.05833 0.32911 0.12872 0.46357 0.02027 0
2005 0.05714 0.3286 0.12932 0.46442 0.02052 0
2006 0.05888 0.34565 0.12519 0.44838 0.02191 0
2007 0.05798 0.33827 0.12687 0.45435 0.02252 0
2008 0.06303 0.33117 0.12693 0.45368 0.02518 0
2009 0.06185 0.32428 0.12882 0.4593 0.02575 0
2010 0.06892 0.27189 0.13855 0.49103 0.0296 0
2011 0.06711 0.2704 0.13954 0.4933 0.02965 0
2012 0.07116 0.29301 0.13296 0.47025 0.03262 0
2013 0.07028 0.28268 0.13562 0.47811 0.03331 0
2014 0.07775 0.31997 0.12618 0.44339 0.03269 2e-05
2015 0.0928 0.39026 0.10661 0.37281 0.0375 2e-05
2016 0.10416 0.36641 0.11042 0.38426 0.03472 2e-05
2017 0.12345 0.39336 0.09905 0.3437 0.04042 3e-05
2018 0.14103 0.35867 0.10186 0.35179 0.04663 3e-05
2019 0.15169 0.29471 0.11312 0.38919 0.05126 3e-05
2020 0.15105 0.30289 0.11183 0.38251 0.05169 2e-05
2021 0.17214 0.3579 0.0931 0.31686 0.05997 3e-05
2022 0.17201 0.35865 0.0932 0.31541 0.06071 2e-05
2023 0.17197 0.35882 0.09381 0.31613 0.05925 2e-05
2024 0.17022 0.35459 0.09525 0.32141 0.05849 3e-05
Split for: Mexico
Year RUS+WAL EAL+BER GOA SEA+NBC SBC+WA OR+CA
1970 0.17639 0.37685 0.15265 0.05182 0.03409 0.20819
1971 0.17748 0.37676 0.15343 0.05145 0.03418 0.20671
1972 0.17429 0.37917 0.1545 0.05137 0.03436 0.20631
1973 0.17533 0.37944 0.15467 0.0511 0.03436 0.20509
1974 0.1763 0.38005 0.15497 0.05093 0.03439 0.20337
1975 0.1771 0.38064 0.15517 0.0508 0.03443 0.20186
1976 0.1778 0.38122 0.15538 0.05069 0.0344 0.20051
1977 0.1784 0.38179 0.15559 0.05058 0.03438 0.19925
1978 0.17894 0.38234 0.1558 0.05049 0.03437 0.19806
1979 0.17945 0.3828 0.15601 0.05042 0.03437 0.19694
1980 0.18001 0.38317 0.15626 0.05033 0.03439 0.19584
1981 0.18008 0.38376 0.15654 0.05027 0.03439 0.19496
1982 0.18023 0.38427 0.15674 0.05019 0.0344 0.19416
1983 0.18045 0.38475 0.15693 0.05011 0.03442 0.19334
1984 0.18068 0.38513 0.15704 0.05001 0.0344 0.19275
1985 0.18094 0.38551 0.15715 0.04994 0.03439 0.19206
1986 0.18126 0.38594 0.15723 0.04985 0.0344 0.19132
1987 0.18162 0.38641 0.15734 0.0497 0.03438 0.19055
1988 0.18198 0.38685 0.15744 0.04963 0.03438 0.18971
1989 0.1823 0.38719 0.1575 0.04963 0.03435 0.18904
1990 0.18254 0.38743 0.15756 0.04958 0.0343 0.18859
1991 0.18284 0.38785 0.15768 0.04954 0.03429 0.1878
1992 0.18314 0.38827 0.15781 0.04947 0.03428 0.18704
1993 0.18339 0.38859 0.15789 0.04945 0.03426 0.18641
1994 0.18363 0.38885 0.15796 0.04939 0.03423 0.18593
1995 0.18388 0.38911 0.15802 0.04933 0.03421 0.18546
1996 0.18413 0.38934 0.15806 0.0492 0.03419 0.18508
1997 0.18438 0.38956 0.15806 0.04909 0.03422 0.18469
1998 0.1847 0.38969 0.15811 0.04898 0.03424 0.18429
1999 0.18502 0.38988 0.15816 0.04885 0.0342 0.18388
2000 0.18523 0.38995 0.15809 0.04875 0.03419 0.18379
2001 0.1909 0.41486 0.14785 0.04549 0.03656 0.16435
2002 0.1869 0.41913 0.14861 0.04566 0.03715 0.16256
2003 0.18223 0.42158 0.14952 0.04584 0.03759 0.16323
2004 0.18218 0.43151 0.13804 0.0422 0.03902 0.16704
2005 0.17881 0.43168 0.13894 0.04236 0.03958 0.16863
2006 0.17958 0.44254 0.13109 0.03986 0.04117 0.16575
2007 0.18344 0.44927 0.13782 0.0419 0.04391 0.14366
2008 0.19377 0.42736 0.13397 0.04065 0.04771 0.15654
2009 0.19406 0.42708 0.13876 0.042 0.0498 0.1483
2010 0.21797 0.36094 0.15044 0.04526 0.0577 0.16768
2011 0.21442 0.36267 0.15308 0.04594 0.05838 0.1655
2012 0.22069 0.38146 0.14158 0.04251 0.06236 0.15139
2013 0.21962 0.37079 0.14551 0.04355 0.06416 0.15637
2014 0.22499 0.38864 0.12537 0.0374 0.05831 0.1653
2015 0.23396 0.41292 0.09228 0.02739 0.05826 0.17519
2016 0.25553 0.37724 0.093 0.02748 0.0525 0.19425
2017 0.27088 0.36222 0.07462 0.02198 0.05466 0.21564
2018 0.29252 0.31219 0.07254 0.02127 0.0596 0.24188
2019 0.31034 0.25305 0.07946 0.02321 0.06462 0.26933
2020 0.31138 0.26207 0.07914 0.02298 0.06566 0.25877
2021 0.31296 0.27312 0.05812 0.01679 0.06718 0.27183
2022 0.32124 0.28115 0.05976 0.01717 0.06984 0.25085
2023 0.32265 0.28259 0.06044 0.01729 0.06849 0.24854
2024 0.31996 0.27977 0.0615 0.01762 0.06773 0.25343
Split for: Central_Am
Year RUS+WAL EAL+BER GOA SEA+NBC SBC+WA OR+CA
1970 0 0 0 0 0.11543 0.88457
1971 0 0 0 0 0.11642 0.88358
1972 0 0 0 0 0.11716 0.88284
1973 0 0 0 0 0.11777 0.88223
1974 0 0 0 0 0.11875 0.88125
1975 0 0 0 0 0.11964 0.88036
1976 0 0 0 0 0.12024 0.87976
1977 0 0 0 0 0.12085 0.87915
1978 0 0 0 0 0.12146 0.87854
1979 0 0 0 0 0.12207 0.87793
1980 0 0 0 0 0.12273 0.87727
1981 0 0 0 0 0.1232 0.8768
1982 0 0 0 0 0.12367 0.87633
1983 0 0 0 0 0.12419 0.87581
1984 0 0 0 0 0.12447 0.87553
1985 0 0 0 0 0.12483 0.87517
1986 0 0 0 0 0.12526 0.87474
1987 0 0 0 0 0.12565 0.87435
1988 0 0 0 0 0.12612 0.87388
1989 0 0 0 0 0.12641 0.87359
1990 0 0 0 0 0.12653 0.87347
1991 0 0 0 0 0.12696 0.87304
1992 0 0 0 0 0.12737 0.87263
1993 0 0 0 0 0.12767 0.87233
1994 0 0 0 0 0.12788 0.87212
1995 0 0 0 0 0.12809 0.87191
1996 0 0 0 0 0.12825 0.87175
1997 0 0 0 0 0.12859 0.87141
1998 0 0 0 0 0.12887 0.87113
1999 0 0 0 0 0.12902 0.87098
2000 0 0 0 0 0.12903 0.87097
2001 0 0 0 0 0.15048 0.84952
2002 0 0 0 0 0.15397 0.84603
2003 0 0 0 0 0.15498 0.84502
2004 0 0 0 0 0.15685 0.84315
2005 0 0 0 0 0.15749 0.84251
2006 0 0 0 0 0.16516 0.83484
2007 0 0 0 0 0.19575 0.80425
2008 0 0 0 0 0.19532 0.80468
2009 0 0 0 0 0.21099 0.78901
2010 0 0 0 0 0.2151 0.7849
2011 0 0 0 0 0.21932 0.78068
2012 0 0 0 0 0.24701 0.75299
2013 0 0 0 0 0.24629 0.75371
2014 0 0 0 0 0.21931 0.78069
2015 0 0 0 0 0.2094 0.7906
2016 0 0 0 0 0.17711 0.82289
2017 0 0 0 0 0.16796 0.83204
2018 0 0 0 0 0.16407 0.83593
2019 0 0 0 0 0.16045 0.83955
2020 0 0 0 0 0.16815 0.83185
2021 0 0 0 0 0.16451 0.83549
2022 0 0 0 0 0.18158 0.81842
2023 0 0 0 0 0.18006 0.81994
2024 0 0 0 0 0.1756 0.8244

Difference in mortality over time
Difference for: Asia
Year RUS+WAL EAL+BER GOA SEA+NBC SBC+WA OR+CA
1970 0 0 0 0 0 0
1971 0 0 0 0 0 0
1972 0 0 0 0 0 0
1973 0 0 0 0 0 0
1974 0 0 0 0 0 0
1975 0 0 0 0 0 0
1976 0 0 0 0 0 0
1977 0 0 0 0 0 0
1978 0 0 0 0 0 0
1979 0 0 0 0 0 0
1980 0 0 0 0 0 0
1981 0 0 0 0 0 0
1982 0 0 0 0 0 0
1983 0 0 0 0 0 0
1984 0 0 0 0 0 0
1985 0 0 0 0 0 0
1986 0 0 0 0 0 0
1987 0 0 0 0 0 0
1988 0 0 0 0 0 0
1989 0 0 0 0 0 0
1990 0 0 0 0 0 0
1991 0 0 0 0 0 0
1992 0 0 0 0 0 0
1993 0 0 0 0 0 0
1994 0 0 0 0 0 0
1995 0 0 0 0 0 0
1996 0 0 0 0 0 0
1997 0 0 0 0 0 0
1998 0 0 0 0 0 0
1999 0 0 0 0 0 0
2000 0 6 0 0 0 0
2001 0 7 0 0 0 0
2002 0 8 0 0 0 0
2003 0 7 0 0 0 0
2004 0 6 0 0 0 0
2005 0 7 0 0 0 0
2006 0 -2 0 0 0 0
2007 0 -37 0 0 0 0
2008 0 0 0 0 0 0
2009 0 -98 0 0 0 0
2010 0 8 0 0 0 0
2011 0 10 0 0 0 0
2012 0 -7 0 0 0 0
2013 0 13 0 0 0 0
2014 0 14 0 0 0 0
2015 0 -76 0 0 0 0
2016 0 -39 0 0 0 0
2017 0 -85 0 0 0 0
2018 0 -88 0 0 0 0
2019 0 8 0 0 0 0
2020 0 11 0 0 0 0
2021 0 0 0 0 0 0
2022 0 0 0 0 0 0
2023 0 0 0 0 0 0
Difference for: Hawaii
Year RUS+WAL EAL+BER GOA SEA+NBC SBC+WA OR+CA
1970 0 0 0 0 0 0
1971 0 0 0 0 0 0
1972 0 0 0 0 0 0
1973 0 0 0 0 0 0
1974 0 0 0 0 0 0
1975 0 0 0 0 0 0
1976 0 0 0 0 0 0
1977 0 0 0 0 0 0
1978 0 0 0 0 0 0
1979 0 0 0 0 0 0
1980 0 0 0 0 0 0
1981 0 0 0 0 0 0
1982 0 0 0 0 0 0
1983 0 0 0 0 0 0
1984 0 0 0 0 0 0
1985 0 0 0 0 0 0
1986 0 0 0 0 0 0
1987 0 0 0 0 0 0
1988 0 0 0 0 0 0
1989 0 0 0 0 0 0
1990 0 0 0 0 0 0
1991 0 0 0 0 0 0
1992 0 0 0 0 0 0
1993 0 0 0 0 0 0
1994 0 0 0 0 0 0
1995 0 0 0 0 0 0
1996 0 0 0 0 0 0
1997 0 0 0 0 0 0
1998 0 0 0 0 0 0
1999 0 0 0 0 0 0
2000 0 70 -95 -346 5 0
2001 0 79 30 107 6 0
2002 0 88 39 142 6 0
2003 0 75 -97 -351 7 0
2004 0 69 36 131 8 0
2005 0 83 -85 -306 9 0
2006 0 -19 50 179 10 0
2007 0 -435 -128 -459 12 0
2008 0 -1 63 224 12 0
2009 0 -1152 -65 -230 13 0
2010 0 99 72 254 14 0
2011 0 117 -213 -753 16 0
2012 0 -81 72 256 17 0
2013 0 151 -369 -1299 -63 0
2014 0 168 -624 -2192 -18 0
2015 0 -937 -123 -430 -98 0
2016 0 -487 -398 -1384 -3 0
2017 0 -1041 -130 -451 18 0
2018 0 -1087 43 149 19 0
2019 0 99 -9 -32 21 0
2020 0 138 -405 -1384 24 0
2021 0 0 0 0 23 0
2022 0 0 0 0 -9 0
2023 0 0 0 0 0 0
Difference for: Mexico
Year RUS+WAL EAL+BER GOA SEA+NBC SBC+WA OR+CA
1970 0 0 0 0 0 0
1971 0 0 0 0 0 0
1972 0 0 0 0 0 0
1973 0 0 0 0 0 0
1974 0 0 0 0 0 0
1975 0 0 0 0 0 0
1976 0 0 0 0 0 0
1977 0 0 0 0 0 0
1978 0 0 0 0 0 0
1979 0 0 0 0 0 0
1980 0 0 0 0 0 0
1981 0 0 0 0 0 0
1982 0 0 0 0 0 0
1983 0 0 0 0 0 0
1984 0 0 0 0 0 0
1985 0 0 0 0 0 0
1986 0 0 0 0 0 0
1987 0 0 0 0 0 0
1988 0 0 0 0 0 0
1989 0 0 0 0 0 0
1990 0 0 0 0 0 0
1991 0 0 0 0 0 0
1992 0 0 0 0 0 0
1993 0 0 0 0 0 0
1994 0 0 0 0 0 0
1995 0 0 0 0 0 0
1996 0 0 0 0 0 0
1997 0 0 0 0 0 0
1998 0 0 0 0 0 0
1999 0 0 0 0 0 0
2000 0 57 -63 -20 6 -105
2001 0 64 20 6 7 10
2002 0 71 26 8 8 28
2003 0 61 -64 -20 9 24
2004 0 56 24 7 10 33
2005 0 67 -56 -17 11 -22
2006 0 -15 33 10 12 -188
2007 0 -351 -85 -26 14 30
2008 0 0 41 13 15 -75
2009 0 -927 -43 -13 15 10
2010 0 80 47 14 17 -3
2011 0 94 -140 -42 19 -181
2012 0 -65 47 14 20 44
2013 0 121 -241 -72 -74 63
2014 0 135 -408 -122 -21 74
2015 0 -748 -80 -24 -115 82
2016 0 -388 -259 -77 -4 88
2017 0 -829 -85 -25 21 97
2018 0 -864 28 8 22 97
2019 0 78 -6 -2 25 -195
2020 0 109 -262 -76 28 81
2021 0 0 0 0 26 -421
2022 0 0 0 0 -11 -110
2023 0 0 0 0 0 1
Difference for: Central_Am
Year RUS+WAL EAL+BER GOA SEA+NBC SBC+WA OR+CA
1970 0 0 0 0 0 0
1971 0 0 0 0 0 0
1972 0 0 0 0 0 0
1973 0 0 0 0 0 0
1974 0 0 0 0 0 0
1975 0 0 0 0 0 0
1976 0 0 0 0 0 0
1977 0 0 0 0 0 0
1978 0 0 0 0 0 0
1979 0 0 0 0 0 0
1980 0 0 0 0 0 0
1981 0 0 0 0 0 0
1982 0 0 0 0 0 0
1983 0 0 0 0 0 0
1984 0 0 0 0 0 0
1985 0 0 0 0 0 0
1986 0 0 0 0 0 0
1987 0 0 0 0 0 0
1988 0 0 0 0 0 0
1989 0 0 0 0 0 0
1990 0 0 0 0 0 0
1991 0 0 0 0 0 0
1992 0 0 0 0 0 0
1993 0 0 0 0 0 0
1994 0 0 0 0 0 0
1995 0 0 0 0 0 0
1996 0 0 0 0 0 0
1997 0 0 0 0 0 0
1998 0 0 0 0 0 0
1999 0 0 0 0 0 0
2000 0 0 0 0 2 -55
2001 0 0 0 0 3 5
2002 0 0 0 0 3 15
2003 0 0 0 0 4 12
2004 0 0 0 0 4 17
2005 0 0 0 0 5 -12
2006 0 0 0 0 5 -99
2007 0 0 0 0 6 16
2008 0 0 0 0 6 -39
2009 0 0 0 0 6 5
2010 0 0 0 0 7 -2
2011 0 0 0 0 8 -95
2012 0 0 0 0 8 23
2013 0 0 0 0 -31 33
2014 0 0 0 0 -9 39
2015 0 0 0 0 -48 43
2016 0 0 0 0 -2 47
2017 0 0 0 0 9 51
2018 0 0 0 0 9 51
2019 0 0 0 0 10 -103
2020 0 0 0 0 12 43
2021 0 0 0 0 11 -222
2022 0 0 0 0 -4 -58
2023 0 0 0 0 0 0

Total survival over time
Values for breeding stock: Asia
Year RUS+WAL EAL+BER GOA SEA+NBC SBC+WA OR+CA
1970 0.943 0.932 NaN NaN NaN NaN
1971 0.946 0.94 NaN NaN NaN NaN
1972 0.922 0.944 NaN NaN NaN NaN
1973 0.947 0.945 NaN NaN NaN NaN
1974 0.947 0.945 NaN NaN NaN NaN
1975 0.948 0.947 NaN NaN NaN NaN
1976 0.948 0.947 NaN NaN NaN NaN
1977 0.948 0.947 NaN NaN NaN NaN
1978 0.948 0.947 NaN NaN NaN NaN
1979 0.948 0.947 NaN NaN NaN NaN
1980 0.947 0.946 NaN NaN NaN NaN
1981 0.948 0.947 NaN NaN NaN NaN
1982 0.948 0.947 NaN NaN NaN NaN
1983 0.948 0.947 NaN NaN NaN NaN
1984 0.949 0.948 NaN NaN NaN NaN
1985 0.949 0.948 NaN NaN NaN NaN
1986 0.949 0.949 NaN NaN NaN NaN
1987 0.949 0.949 NaN NaN NaN NaN
1988 0.95 0.949 NaN NaN NaN NaN
1989 0.95 0.949 NaN NaN NaN NaN
1990 0.95 0.949 NaN NaN NaN NaN
1991 0.95 0.949 NaN NaN NaN NaN
1992 0.95 0.949 NaN NaN NaN NaN
1993 0.95 0.95 NaN NaN NaN NaN
1994 0.95 0.95 NaN NaN NaN NaN
1995 0.95 0.95 NaN NaN NaN NaN
1996 0.951 0.95 NaN NaN NaN NaN
1997 0.951 0.95 NaN NaN NaN NaN
1998 0.951 0.95 NaN NaN NaN NaN
1999 0.951 0.95 NaN NaN NaN NaN
2000 0.951 0.982 NaN NaN NaN NaN
2001 0.951 0.983 NaN NaN NaN NaN
2002 0.951 0.982 NaN NaN NaN NaN
2003 0.952 0.975 NaN NaN NaN NaN
2004 0.952 0.971 NaN NaN NaN NaN
2005 0.952 0.973 NaN NaN NaN NaN
2006 0.952 0.948 NaN NaN NaN NaN
2007 0.952 0.859 NaN NaN NaN NaN
2008 0.952 0.952 NaN NaN NaN NaN
2009 0.952 0.719 NaN NaN NaN NaN
2010 0.952 0.975 NaN NaN NaN NaN
2011 0.952 0.978 NaN NaN NaN NaN
2012 0.952 0.935 NaN NaN NaN NaN
2013 0.946 0.975 NaN NaN NaN NaN
2014 0.96 0.99 NaN NaN NaN NaN
2015 0.93 0.784 NaN NaN NaN NaN
2016 0.955 0.869 NaN NaN NaN NaN
2017 0.955 0.766 NaN NaN NaN NaN
2018 0.954 0.724 NaN NaN NaN NaN
2019 0.958 0.984 NaN NaN NaN NaN
2020 0.951 0.983 NaN NaN NaN NaN
2021 0.951 0.95 NaN NaN NaN NaN
2022 0.95 0.95 NaN NaN NaN NaN
2023 0.95 0.95 NaN NaN NaN NaN
Values for breeding stock: Hawaii
Year RUS+WAL EAL+BER GOA SEA+NBC SBC+WA OR+CA
1970 0.96 0.949 0.932 0.935 0.955 NaN
1971 0.96 0.954 0.959 0.948 0.956 NaN
1972 0.936 0.958 0.959 0.949 0.957 NaN
1973 0.96 0.958 0.959 0.95 0.957 NaN
1974 0.96 0.958 0.959 0.951 0.957 NaN
1975 0.96 0.958 0.959 0.951 0.958 NaN
1976 0.96 0.958 0.959 0.952 0.956 NaN
1977 0.96 0.959 0.959 0.952 0.956 NaN
1978 0.96 0.959 0.959 0.952 0.956 NaN
1979 0.96 0.958 0.959 0.952 0.957 NaN
1980 0.96 0.959 0.959 0.952 0.957 NaN
1981 0.96 0.959 0.959 0.953 0.956 NaN
1982 0.96 0.959 0.959 0.953 0.956 NaN
1983 0.96 0.959 0.959 0.953 0.956 NaN
1984 0.96 0.959 0.959 0.954 0.956 NaN
1985 0.96 0.959 0.959 0.954 0.956 NaN
1986 0.96 0.959 0.959 0.954 0.956 NaN
1987 0.96 0.959 0.959 0.953 0.956 NaN
1988 0.96 0.959 0.959 0.955 0.956 NaN
1989 0.96 0.959 0.959 0.956 0.956 NaN
1990 0.96 0.959 0.959 0.956 0.956 NaN
1991 0.96 0.959 0.959 0.956 0.956 NaN
1992 0.96 0.959 0.959 0.956 0.956 NaN
1993 0.96 0.959 0.959 0.957 0.956 NaN
1994 0.96 0.959 0.959 0.956 0.955 NaN
1995 0.96 0.96 0.959 0.957 0.955 NaN
1996 0.96 0.96 0.959 0.956 0.955 NaN
1997 0.96 0.96 0.959 0.956 0.957 NaN
1998 0.96 0.959 0.959 0.956 0.956 NaN
1999 0.96 0.959 0.959 0.956 0.955 NaN
2000 0.96 0.992 0.872 0.87 0.993 NaN
2001 0.96 0.992 0.986 0.983 0.994 NaN
2002 0.96 0.991 0.992 0.99 0.994 NaN
2003 0.96 0.984 0.888 0.885 0.994 NaN
2004 0.96 0.98 0.986 0.983 0.994 NaN
2005 0.96 0.981 0.903 0.9 0.989 NaN
2006 0.96 0.955 0.991 0.988 0.991 NaN
2007 0.96 0.866 0.884 0.884 0.997 NaN
2008 0.96 0.96 0.995 0.993 0.983 NaN
2009 0.96 0.725 0.926 0.924 0.993 NaN
2010 0.96 0.984 0.995 0.989 0.987 NaN
2011 0.96 0.986 0.866 0.864 0.985 NaN
2012 0.96 0.943 0.99 0.991 0.991 NaN
2013 0.96 0.989 0.81 0.808 0.856 NaN
2014 0.96 0.989 0.68 0.678 0.924 Inf
2015 0.96 0.81 0.884 0.881 0.793 0.999
2016 0.96 0.873 0.725 0.722 0.949 0.998
2017 0.96 0.77 0.865 0.863 0.985 0.997
2018 0.96 0.728 0.991 0.987 0.973 0.993
2019 0.96 0.985 0.951 0.949 0.987 0.9
2020 0.96 0.992 0.701 0.698 0.981 0.984
2021 0.96 0.96 0.957 0.953 0.983 0.846
2022 0.96 0.96 0.96 0.955 0.946 0.929
2023 0.96 0.96 0.956 0.952 0.952 0.96
Values for breeding stock: Mexico
Year RUS+WAL EAL+BER GOA SEA+NBC SBC+WA OR+CA
1970 0.956 0.946 0.928 0.932 0.952 0.892
1971 0.957 0.951 0.956 0.945 0.953 0.943
1972 0.932 0.955 0.956 0.946 0.954 0.945
1973 0.957 0.955 0.957 0.948 0.955 0.946
1974 0.957 0.956 0.957 0.948 0.955 0.942
1975 0.957 0.956 0.957 0.949 0.955 0.943
1976 0.957 0.956 0.957 0.949 0.953 0.943
1977 0.958 0.956 0.957 0.95 0.954 0.943
1978 0.958 0.956 0.957 0.95 0.954 0.943
1979 0.958 0.956 0.957 0.95 0.954 0.943
1980 0.958 0.956 0.957 0.95 0.955 0.942
1981 0.958 0.957 0.957 0.951 0.954 0.943
1982 0.958 0.957 0.957 0.951 0.954 0.943
1983 0.958 0.957 0.957 0.951 0.954 0.943
1984 0.958 0.957 0.957 0.952 0.954 0.945
1985 0.958 0.957 0.957 0.953 0.954 0.945
1986 0.958 0.957 0.957 0.952 0.955 0.946
1987 0.958 0.958 0.957 0.951 0.954 0.946
1988 0.958 0.958 0.957 0.953 0.955 0.946
1989 0.958 0.958 0.957 0.955 0.954 0.947
1990 0.958 0.958 0.957 0.955 0.954 0.949
1991 0.958 0.958 0.957 0.954 0.954 0.947
1992 0.959 0.958 0.958 0.954 0.954 0.947
1993 0.959 0.958 0.958 0.956 0.954 0.947
1994 0.959 0.958 0.958 0.955 0.954 0.948
1995 0.959 0.958 0.958 0.955 0.954 0.948
1996 0.959 0.958 0.958 0.955 0.954 0.949
1997 0.957 0.957 0.956 0.953 0.954 0.947
1998 0.957 0.956 0.956 0.953 0.953 0.947
1999 0.957 0.957 0.956 0.953 0.952 0.946
2000 0.957 0.989 0.87 0.867 0.99 0.826
2001 0.957 0.989 0.984 0.981 0.991 0.959
2002 0.958 0.989 0.989 0.987 0.991 0.979
2003 0.958 0.982 0.886 0.883 0.991 0.972
2004 0.958 0.977 0.983 0.98 0.991 0.978
2005 0.957 0.979 0.901 0.898 0.986 0.929
2006 0.958 0.953 0.989 0.986 0.989 0.805
2007 0.958 0.864 0.882 0.882 0.995 0.974
2008 0.958 0.958 0.992 0.991 0.98 0.898
2009 0.958 0.723 0.923 0.922 0.99 0.96
2010 0.958 0.982 0.992 0.987 0.984 0.945
2011 0.958 0.984 0.864 0.862 0.983 0.842
2012 0.958 0.941 0.988 0.989 0.989 0.982
2013 0.958 0.987 0.808 0.806 0.854 0.992
2014 0.958 0.987 0.678 0.677 0.922 0.981
2015 0.957 0.808 0.882 0.879 0.791 0.965
2016 0.957 0.871 0.723 0.72 0.946 0.955
2017 0.958 0.768 0.863 0.861 0.982 0.98
2018 0.957 0.726 0.988 0.984 0.971 0.966
2019 0.958 0.983 0.949 0.946 0.984 0.887
2020 0.957 0.989 0.699 0.696 0.978 0.975
2021 0.957 0.957 0.954 0.95 0.98 0.834
2022 0.958 0.958 0.958 0.954 0.944 0.917
2023 0.957 0.957 0.953 0.949 0.949 0.947
Values for breeding stock: Central_Am
Year RUS+WAL EAL+BER GOA SEA+NBC SBC+WA OR+CA
1970 NaN NaN NaN NaN 0.948 0.888
1971 NaN NaN NaN NaN 0.95 0.94
1972 NaN NaN NaN NaN 0.951 0.942
1973 NaN NaN NaN NaN 0.951 0.942
1974 NaN NaN NaN NaN 0.952 0.939
1975 NaN NaN NaN NaN 0.952 0.94
1976 NaN NaN NaN NaN 0.951 0.94
1977 NaN NaN NaN NaN 0.951 0.941
1978 NaN NaN NaN NaN 0.951 0.94
1979 NaN NaN NaN NaN 0.951 0.94
1980 NaN NaN NaN NaN 0.952 0.94
1981 NaN NaN NaN NaN 0.951 0.94
1982 NaN NaN NaN NaN 0.951 0.94
1983 NaN NaN NaN NaN 0.952 0.941
1984 NaN NaN NaN NaN 0.952 0.943
1985 NaN NaN NaN NaN 0.952 0.943
1986 NaN NaN NaN NaN 0.952 0.943
1987 NaN NaN NaN NaN 0.952 0.944
1988 NaN NaN NaN NaN 0.952 0.944
1989 NaN NaN NaN NaN 0.952 0.945
1990 NaN NaN NaN NaN 0.952 0.947
1991 NaN NaN NaN NaN 0.952 0.945
1992 NaN NaN NaN NaN 0.952 0.945
1993 NaN NaN NaN NaN 0.952 0.945
1994 NaN NaN NaN NaN 0.952 0.946
1995 NaN NaN NaN NaN 0.952 0.946
1996 NaN NaN NaN NaN 0.953 0.947
1997 NaN NaN NaN NaN 0.954 0.947
1998 NaN NaN NaN NaN 0.954 0.947
1999 NaN NaN NaN NaN 0.952 0.947
2000 NaN NaN NaN NaN 0.991 0.826
2001 NaN NaN NaN NaN 0.991 0.959
2002 NaN NaN NaN NaN 0.991 0.979
2003 NaN NaN NaN NaN 0.991 0.971
2004 NaN NaN NaN NaN 0.991 0.978
2005 NaN NaN NaN NaN 0.987 0.93
2006 NaN NaN NaN NaN 0.989 0.805
2007 NaN NaN NaN NaN 0.995 0.973
2008 NaN NaN NaN NaN 0.98 0.898
2009 NaN NaN NaN NaN 0.99 0.96
2010 NaN NaN NaN NaN 0.985 0.945
2011 NaN NaN NaN NaN 0.983 0.842
2012 NaN NaN NaN NaN 0.989 0.982
2013 NaN NaN NaN NaN 0.854 0.992
2014 NaN NaN NaN NaN 0.923 0.981
2015 NaN NaN NaN NaN 0.791 0.966
2016 NaN NaN NaN NaN 0.947 0.956
2017 NaN NaN NaN NaN 0.983 0.981
2018 NaN NaN NaN NaN 0.972 0.967
2019 NaN NaN NaN NaN 0.986 0.888
2020 NaN NaN NaN NaN 0.979 0.976
2021 NaN NaN NaN NaN 0.981 0.835
2022 NaN NaN NaN NaN 0.944 0.918
2023 NaN NaN NaN NaN 0.95 0.948

Numbers over time by herd
Values for breeding stock: Asia
Year RUS+WAL EAL+BER GOA SEA+NBC SBC+WA OR+CA
1970 36 13 0 0 0 0
1971 44 16 0 0 0 0
1972 50 18 0 0 0 0
1973 57 21 0 0 0 0
1974 64 23 0 0 0 0
1975 70 26 0 0 0 0
1976 76 28 0 0 0 0
1977 82 30 0 0 0 0
1978 88 32 0 0 0 0
1979 93 34 0 0 0 0
1980 100 36 0 0 0 0
1981 108 39 0 0 0 0
1982 118 43 0 0 0 0
1983 129 47 0 0 0 0
1984 142 52 0 0 0 0
1985 155 57 0 0 0 0
1986 170 62 0 0 0 0
1987 185 67 0 0 0 0
1988 201 73 0 0 0 0
1989 218 79 0 0 0 0
1990 236 86 0 0 0 0
1991 256 93 0 0 0 0
1992 278 101 0 0 0 0
1993 302 109 0 0 0 0
1994 329 119 0 0 0 0
1995 358 129 0 0 0 0
1996 390 141 0 0 0 0
1997 424 153 0 0 0 0
1998 460 166 0 0 0 0
1999 500 180 0 0 0 0
2000 542 195 0 0 0 0
2001 588 218 0 0 0 0
2002 638 244 0 0 0 0
2003 692 273 0 0 0 0
2004 749 303 0 0 0 0
2005 812 335 0 0 0 0
2006 879 370 0 0 0 0
2007 952 398 0 0 0 0
2008 1029 387 0 0 0 0
2009 1111 417 0 0 0 0
2010 1198 339 0 0 0 0
2011 1291 373 0 0 0 0
2012 1390 410 0 0 0 0
2013 1486 428 0 0 0 0
2014 1611 475 0 0 0 0
2015 1687 508 0 0 0 0
2016 1816 457 0 0 0 0
2017 1952 445 0 0 0 0
2018 2090 380 0 0 0 0
2019 2244 312 0 0 0 0
2020 2381 342 0 0 0 0
2021 2522 376 0 0 0 0
2022 2662 398 0 0 0 0
2023 2805 419 0 0 0 0
Values for breeding stock: Hawaii
Year RUS+WAL EAL+BER GOA SEA+NBC SBC+WA OR+CA
1970 24 123 61 243 8 0
1971 30 151 75 297 9 0
1972 34 178 89 348 11 0
1973 40 205 102 397 13 0
1974 45 230 115 444 14 0
1975 50 255 127 489 16 0
1976 54 278 139 532 17 0
1977 59 300 150 573 18 0
1978 63 322 160 612 20 0
1979 67 343 171 650 21 0
1980 73 370 185 700 23 0
1981 80 404 201 762 25 0
1982 87 444 221 835 27 0
1983 96 489 244 917 30 0
1984 106 539 269 1008 33 0
1985 117 593 296 1106 36 0
1986 128 651 324 1211 40 0
1987 141 713 355 1320 43 0
1988 153 777 387 1436 47 0
1989 167 846 421 1563 51 0
1990 182 922 458 1699 56 0
1991 199 1005 499 1849 61 0
1992 217 1096 545 2012 66 0
1993 237 1197 595 2194 72 0
1994 259 1308 649 2392 78 0
1995 283 1429 709 2608 86 0
1996 310 1561 775 2840 93 0
1997 338 1703 845 3091 102 0
1998 369 1857 921 3361 111 0
1999 403 2023 1003 3650 121 0
2000 439 2203 1092 3967 132 0
2001 479 2478 1080 3913 149 0
2002 521 2785 1207 4370 168 0
2003 568 3128 1356 4899 190 0
2004 618 3486 1363 4910 215 0
2005 672 3865 1521 5463 241 0
2006 731 4290 1554 5564 272 0
2007 794 4632 1737 6222 308 0
2008 862 4529 1736 6205 344 0
2009 935 4903 1948 6944 389 0
2010 1014 3998 2037 7221 435 0
2011 1097 4422 2282 8066 485 0
2012 1187 4887 2218 7843 544 0
2013 1282 5157 2474 8722 608 0
2014 1383 5691 2244 7887 582 0
2015 1490 6266 1712 5986 602 0
2016 1603 5639 1699 5914 534 0
2017 1722 5487 1382 4794 564 0
2018 1846 4695 1333 4605 610 0
2019 1976 3838 1473 5069 668 0
2020 2110 4231 1562 5343 722 0
2021 2248 4674 1216 4138 783 0
2022 2389 4982 1294 4381 843 0
2023 2532 5283 1381 4655 872 0
Values for breeding stock: Mexico
Year RUS+WAL EAL+BER GOA SEA+NBC SBC+WA OR+CA
1970 48 103 42 14 9 57
1971 60 127 52 17 11 70
1972 69 149 61 20 14 81
1973 79 171 70 23 16 93
1974 89 192 78 26 17 103
1975 99 212 87 28 19 113
1976 108 232 94 31 21 122
1977 117 250 102 33 23 131
1978 125 268 109 35 24 139
1979 133 285 116 37 26 146
1980 144 307 125 40 28 157
1981 157 335 137 44 30 170
1982 172 368 150 48 33 186
1983 190 405 165 53 36 203
1984 209 445 182 58 40 223
1985 230 490 200 63 44 244
1986 252 537 219 69 48 266
1987 276 588 239 76 52 290
1988 301 640 261 82 57 314
1989 328 697 283 89 62 340
1990 357 758 308 97 67 369
1991 389 826 336 106 73 400
1992 425 901 366 115 80 434
1993 464 983 399 125 87 471
1994 507 1073 436 136 94 513
1995 554 1171 476 149 103 558
1996 605 1279 519 162 112 608
1997 659 1393 565 175 122 660
1998 718 1515 615 190 133 716
1999 782 1647 668 206 145 777
2000 851 1791 726 224 157 844
2001 926 2011 717 221 177 797
2002 1007 2258 801 246 200 876
2003 1095 2534 899 276 226 981
2004 1191 2821 902 276 255 1092
2005 1294 3124 1006 307 286 1221
2006 1406 3465 1026 312 322 1298
2007 1526 3738 1147 349 365 1195
2008 1655 3651 1144 347 408 1337
2009 1793 3947 1282 388 460 1370
2010 1941 3214 1339 403 514 1493
2011 2098 3549 1498 450 571 1619
2012 2266 3916 1454 436 640 1554
2013 2445 4128 1620 485 714 1741
2014 2634 4550 1468 438 683 1935
2015 2833 5000 1117 332 706 2121
2016 3043 4493 1108 327 625 2314
2017 3264 4365 899 265 659 2599
2018 3495 3730 867 254 712 2890
2019 3735 3046 956 279 778 3242
2020 3981 3350 1012 294 839 3308
2021 4233 3694 786 227 909 3676
2022 4496 3935 836 240 977 3511
2023 4756 4166 891 255 1010 3664
Values for breeding stock: Central_Am
Year RUS+WAL EAL+BER GOA SEA+NBC SBC+WA OR+CA
1970 0 0 0 0 4 31
1971 0 0 0 0 5 38
1972 0 0 0 0 6 44
1973 0 0 0 0 7 50
1974 0 0 0 0 7 55
1975 0 0 0 0 8 60
1976 0 0 0 0 9 65
1977 0 0 0 0 10 70
1978 0 0 0 0 10 74
1979 0 0 0 0 11 78
1980 0 0 0 0 12 84
1981 0 0 0 0 13 91
1982 0 0 0 0 14 99
1983 0 0 0 0 15 108
1984 0 0 0 0 17 118
1985 0 0 0 0 18 129
1986 0 0 0 0 20 141
1987 0 0 0 0 22 153
1988 0 0 0 0 24 166
1989 0 0 0 0 26 179
1990 0 0 0 0 28 195
1991 0 0 0 0 31 211
1992 0 0 0 0 33 228
1993 0 0 0 0 36 248
1994 0 0 0 0 40 269
1995 0 0 0 0 43 293
1996 0 0 0 0 47 319
1997 0 0 0 0 51 347
1998 0 0 0 0 56 376
1999 0 0 0 0 60 408
2000 0 0 0 0 66 444
2001 0 0 0 0 74 419
2002 0 0 0 0 84 460
2003 0 0 0 0 95 516
2004 0 0 0 0 107 574
2005 0 0 0 0 120 641
2006 0 0 0 0 135 682
2007 0 0 0 0 153 628
2008 0 0 0 0 170 702
2009 0 0 0 0 192 720
2010 0 0 0 0 215 785
2011 0 0 0 0 239 851
2012 0 0 0 0 268 817
2013 0 0 0 0 299 915
2014 0 0 0 0 286 1018
2015 0 0 0 0 296 1117
2016 0 0 0 0 262 1218
2017 0 0 0 0 276 1369
2018 0 0 0 0 299 1523
2019 0 0 0 0 327 1711
2020 0 0 0 0 353 1746
2021 0 0 0 0 382 1942
2022 0 0 0 0 411 1854
2023 0 0 0 0 425 1936

Catch numbers by breeding stock
Year Asia Hawaii Mexico Central_Am
1970 0.9 0 1.1 0.3
1971 0.9 0 1.2 0.3
1972 1 0 1.3 0.3
1973 1.1 0 1.3 0.4
1974 1.2 0.1 1.4 0.4
1975 1.2 0.1 1.5 0.4
1976 1.3 0.1 1.6 0.4
1977 1.4 0.1 1.6 0.4
1978 1.5 0.1 1.7 0.5
1979 1.6 0.1 1.8 0.5
1980 1.8 0.1 1.9 0.5
1981 1.9 0.1 2 0.5
1982 2 0.1 2.1 0.6
1983 2.2 0.1 2.2 0.6
1984 2.3 0.1 2.4 0.6
1985 2.5 0.1 2.5 0.7
1986 2.6 0.1 2.6 0.7
1987 2.8 0.1 2.8 0.7
1988 3 0.1 2.9 0.8
1989 3.2 0.1 3.1 0.8
1990 3.5 0.2 3.2 0.8
1991 3.7 0.2 3.4 0.9
1992 4 0.2 3.6 0.9
1993 4.3 0.2 3.8 1
1994 4.6 0.2 4 1
1995 4.9 0.2 4.2 1.1
1996 5.2 0.2 4.4 1.1
1997 5.6 0.2 11 1.2
1998 6 0.2 11.6 1.2
1999 6.4 0.2 12.3 1.3
2000 6.9 0.3 12.9 1.4
2001 7.3 0.3 13.6 1.4
2002 7.9 0 13.7 1.5
2003 8.4 0 13.7 1.6
2004 9 0 15.8 1.7
2005 9.6 0 19 1.8
2006 10.3 1 16.1 1.8
2007 11.1 0 18.2 1.9
2008 11.8 0 18.7 2
2009 12.7 0 21.2 2.1
2010 13.6 0 22 2.2
2011 14.5 0.8 24.9 2.4
2012 15.5 0 25.6 2.5
2013 28 0 25.3 2.6
2014 0 5 30.6 2.7
2015 72 0 33.5 2.9
2016 12 0.1 33.4 3
2017 12 0.1 31.5 3.2
2018 16 0.1 31.5 3.3
2019 4 0.4 31.5 1.7
2020 26.8 0.4 40.7 5
2021 28.6 0.4 44.1 4.7
2022 30.7 0.4 26.4 3.7
2023 32.8 0.4 43.3 4.2

Catch numbers by feeding ground
Year RUS+WAL EAL+BER GOA SEA+NBC SBC+WA OR+CA
1970 0 2.7 3.1 6.8 0.1 6.4
1971 0 1.8 0.1 4 0.1 1.5
1972 4 0.8 0.1 4.1 0.1 1.6
1973 0 0.8 0.1 4.3 0.1 1.7
1974 0 0.8 0.1 4.5 0.1 2.5
1975 0 0.8 0.2 4.7 0.1 2.7
1976 0 0.8 0.2 4.9 0.2 2.9
1977 0 0.8 0.2 5.2 0.2 3.1
1978 0 0.8 0.2 5.4 0.2 3.3
1979 0 1 0.2 5.6 0.2 3.5
1980 0 1 0.2 5.9 0.2 3.9
1981 0 1 0.3 6.1 0.3 4.2
1982 0 1 0.4 6.5 0.3 4.5
1983 0 1 0.4 6.7 0.3 4.8
1984 0 1 0.5 7.1 0.4 4.6
1985 0 1 0.5 6.7 0.4 5
1986 0 1 0.7 7.8 0.4 5.4
1987 0 1 0.7 10 0.5 5.8
1988 0 1.1 0.8 8.5 0.5 6.3
1989 0 0.9 0.8 6.1 0.6 6.1
1990 0 1 0.8 7.4 0.7 5.8
1991 0 1 0.9 8.2 0.7 7.6
1992 0 1.1 0.9 9.8 0.8 8.3
1993 0 1.1 1 7.1 0.9 8.6
1994 0 1.2 1 9.3 1 8.8
1995 0 1.2 1 9.3 1.1 9.6
1996 0 1.2 1.1 12.7 1.2 9.9
1997 0 1.2 1.3 12.7 0.9 10.7
1998 0 3 1.4 14.7 1.2 12
1999 0 2.6 1.4 17.4 1.7 13.5
2000 0 1.2 1.5 14.1 1.5 11.6
2001 0 1.2 1.8 16.4 1.7 13.4
2002 0 2.4 1.9 13.8 1.9 13.7
2003 0 1.4 2 18.9 2.3 16
2004 0 1.4 2.3 22 2.5 15.9
2005 0 1.6 2.3 23.3 5.8 20.1
2006 0 1.6 2.4 22.7 5.3 22.1
2007 0 0.1 7.3 18.4 0 18.1
2008 0 0.1 4.3 19.7 12.4 8.8
2009 0 0.1 4.3 24.1 0 9.8
2010 0 6.1 0.8 44.5 7 24.5
2011 0 3.1 4 28.4 11 11.9
2012 0 4.1 8.8 11.6 0 10
2013 0 0.1 4 31.6 0 4.7
2014 0 0.1 11.8 43.7 7 45.2
2015 0 4.1 12 51 9.1 103.4
2016 0 4.1 4.8 34.8 7.1 150.3
2017 0 4.1 2.1 16.3 11.1 60.3
2018 0 1.1 4 26.6 30.1 111.1
2019 0 4.1 6 27.3 9.1 61
2020 0 1.1 0 24 23 31.2
2021 0 2.2 7 33.7 13 62.4
2022 0 4.3 0.8 22.3 8 56
2023 0 3.6 9.1 40.1 19.2 59.7
