Stock structure: B1F1; Model type = S2
Mortality impacts feeding grounds
Recuitment related to unfished
Staying rate: 0
Age-at-matrity: 8
Base adult survival: 0
Mirrored survival
Sigma for survival devs: 6
Additional variance estimated
Weight for mark-recapture proportions: 1
Weight for genetics proportions: 0


Total objective fn: 155.665653880775
Negative log-likelihood fn: -45.8409579753303

Natural Survival by feeding ground
RUS+WAL,EAL+BER,GOA,SEA+NBC,SBC+WA,OR+CA
1970 0.96 0.96 0.96 0.96 0.96 0.96
1971 0.96 0.96 0.96 0.96 0.96 0.96
1972 0.96 0.96 0.96 0.96 0.96 0.96
1973 0.96 0.96 0.96 0.96 0.96 0.96
1974 0.96 0.96 0.96 0.96 0.96 0.96
1975 0.96 0.96 0.96 0.96 0.96 0.96
1976 0.96 0.96 0.96 0.96 0.96 0.96
1977 0.96 0.96 0.96 0.96 0.96 0.96
1978 0.96 0.96 0.96 0.96 0.96 0.96
1979 0.96 0.96 0.96 0.96 0.96 0.96
1980 0.96 0.96 0.96 0.96 0.96 0.96
1981 0.96 0.96 0.96 0.96 0.96 0.96
1982 0.96 0.96 0.96 0.96 0.96 0.96
1983 0.96 0.96 0.96 0.96 0.96 0.96
1984 0.96 0.96 0.96 0.96 0.96 0.96
1985 0.96 0.96 0.96 0.96 0.96 0.96
1986 0.96 0.96 0.96 0.96 0.96 0.96
1987 0.96 0.96 0.96 0.96 0.96 0.96
1988 0.96 0.96 0.96 0.96 0.96 0.96
1989 0.96 0.96 0.96 0.96 0.96 0.96
1990 0.96 0.96 0.96 0.96 0.96 0.96
1991 0.96 0.96 0.96 0.96 0.96 0.96
1992 0.96 0.96 0.96 0.96 0.96 0.96
1993 0.96 0.96 0.96 0.96 0.96 0.96
1994 0.96 0.96 0.96 0.96 0.96 0.96
1995 0.96 0.96 0.96 0.96 0.96 0.96
1996 0.96 0.96 0.96 0.96 0.96 0.96
1997 0.96 0.96 0.96 0.96 0.96 0.96
1998 0.96 0.96 0.96 0.96 0.96 0.96
1999 0.96 0.96 0.96 0.96 0.96 0.96
2000 0.96 0.9938175 0.8747335 0.8747335 0.9970472 0.8468372
2001 0.96 0.9938162 0.9915328 0.9915328 0.9975329 0.9828198
2002 0.96 0.9938742 0.9938196 0.9938196 0.9977888 0.9936185
2003 0.96 0.985309 0.8795203 0.8795203 0.9978795 0.9917151
2004 0.96 0.9156847 0.9946806 0.9946806 0.9978388 0.9933356
2005 0.96 0.9927986 0.8899082 0.8899082 0.9976803 0.9507239
2006 0.96 0.9625993 0.9944137 0.9944137 0.9978041 0.7794975
2007 0.96 0.8825735 0.887028 0.887028 0.9972185 0.9855922
2008 0.96 0.95621 0.9956865 0.9956865 0.9956853 0.9080751
2009 0.96 0.7938768 0.9230891 0.9230891 0.9928878 0.9696091
2010 0.96 0.9860093 0.9950847 0.9950847 0.9927726 0.9608982
2011 0.96 0.9860959 0.8650844 0.8650844 0.9933147 0.8567468
2012 0.96 0.9341579 0.9928571 0.9928571 0.9909178 0.9898458
2013 0.96 0.9917092 0.8088039 0.8088039 0.8699842 0.9965616
2014 0.96 0.9915239 0.6803237 0.6803237 0.9268055 0.9982837
2015 0.96 0.8582423 0.8847179 0.8847179 0.8083391 0.9986638
2016 0.96 0.8664731 0.7259801 0.7259801 0.9747735 0.9983061
2017 0.96 0.8333918 0.8542026 0.8542026 0.9924569 0.9976857
2018 0.96 0.7910625 0.9929454 0.9929454 0.9925005 0.9949403
2019 0.96 0.9880395 0.9569276 0.9569276 0.9929524 0.9266189
2020 0.96 0.995545 0.6460092 0.6460092 0.9940729 0.9878638
2021 0.96 0.9600875 0.9600116 0.9600116 0.991062 0.8196659
2022 0.96 0.9600014 0.9600003 0.9600003 0.9754225 0.9312337
2023 0.96 0.96 0.96 0.96 0.96 0.9602298

Naturak Survival by breeding stock
RUS+WAL,EAL+BER,GOA,SEA+NBC,SBC+WA,OR+CA
1970 0.96 0.96 0.96 0.96
1971 0.96 0.96 0.96 0.96
1972 0.96 0.96 0.96 0.96
1973 0.96 0.96 0.96 0.96
1974 0.96 0.96 0.96 0.96
1975 0.96 0.96 0.96 0.96
1976 0.96 0.96 0.96 0.96
1977 0.96 0.96 0.96 0.96
1978 0.96 0.96 0.96 0.96
1979 0.96 0.96 0.96 0.96
1980 0.96 0.96 0.96 0.96
1981 0.96 0.96 0.96 0.96
1982 0.96 0.96 0.96 0.96
1983 0.96 0.96 0.96 0.96
1984 0.96 0.96 0.96 0.96
1985 0.96 0.96 0.96 0.96
1986 0.96 0.96 0.96 0.96
1987 0.96 0.96 0.96 0.96
1988 0.96 0.96 0.96 0.96
1989 0.96 0.96 0.96 0.96
1990 0.96 0.96 0.96 0.96
1991 0.96 0.96 0.96 0.96
1992 0.96 0.96 0.96 0.96
1993 0.96 0.96 0.96 0.96
1994 0.96 0.96 0.96 0.96
1995 0.96 0.96 0.96 0.96
1996 0.96 0.96 0.96 0.96
1997 0.96 0.96 0.96 0.96
1998 0.96 0.96 0.96 0.96
1999 0.96 0.96 0.96 0.96
2000 0.96 0.96 0.96 0.96
2001 0.96 0.96 0.96 0.96
2002 0.96 0.96 0.96 0.96
2003 0.96 0.96 0.96 0.96
2004 0.96 0.96 0.96 0.96
2005 0.96 0.96 0.96 0.96
2006 0.96 0.96 0.96 0.96
2007 0.96 0.96 0.96 0.96
2008 0.96 0.96 0.96 0.96
2009 0.96 0.96 0.96 0.96
2010 0.96 0.96 0.96 0.96
2011 0.96 0.96 0.96 0.96
2012 0.96 0.96 0.96 0.96
2013 0.96 0.96 0.96 0.96
2014 0.96 0.96 0.96 0.96
2015 0.96 0.96 0.96 0.96
2016 0.96 0.96 0.96 0.96
2017 0.96 0.96 0.96 0.96
2018 0.96 0.96 0.96 0.96
2019 0.96 0.96 0.96 0.96
2020 0.96 0.96 0.96 0.96
2021 0.96 0.96 0.96 0.96
2022 0.96 0.96 0.96 0.96
2023 0.96 0.96 0.96 0.96

Fecundity by feeding ground
RUS+WAL,EAL+BER,GOA,SEA+NBC,SBC+WA,OR+CA
1970 0.954261 0.9622662 0.9608912 0.959912 0.9617141 0.9641224
1971 0.954261 0.9622662 0.9608912 0.959912 0.9617141 0.9641224
1972 0.954261 0.9622662 0.9608912 0.959912 0.9617141 0.9641224
1973 0.954261 0.9622662 0.9608912 0.959912 0.9617141 0.9641224
1974 0.954261 0.9622662 0.9608912 0.959912 0.9617141 0.9641224
1975 0.954261 0.9622662 0.9608912 0.959912 0.9617141 0.9641224
1976 0.954261 0.9622662 0.9608912 0.959912 0.9617141 0.9641224
1977 0.954261 0.9622662 0.9608912 0.959912 0.9617141 0.9641224
1978 0.954261 0.9622662 0.9608912 0.959912 0.9617141 0.9641224
1979 0.9509234 0.9606588 0.9589096 0.9578208 0.9599634 0.9630073
1980 0.948751 0.9590905 0.957008 0.9558169 0.9582838 0.961944
1981 0.9456775 0.9575855 0.9551825 0.9538997 0.9566738 0.9609344
1982 0.94275 0.9561431 0.9534322 0.952068 0.9551301 0.9600133
1983 0.9399402 0.9547599 0.9517612 0.9503166 0.9536492 0.959142
1984 0.9372656 0.9534337 0.9501577 0.9486422 0.9522647 0.9583185
1985 0.9347204 0.952161 0.9486185 0.9470447 0.9509355 0.9575394
1986 0.9322997 0.9509409 0.9471415 0.9455181 0.9496629 0.95681
1987 0.9299986 0.9497768 0.9457244 0.9440596 0.9484423 0.9561227
1988 0.9269332 0.948219 0.9438212 0.9420974 0.9467904 0.9551793
1989 0.9234296 0.9462952 0.9414841 0.9396746 0.9447818 0.9539992
1990 0.9192682 0.9440388 0.9387531 0.9368421 0.9424176 0.9526127
1991 0.9145415 0.9414817 0.9356577 0.9336348 0.9397291 0.9510476
1992 0.9092863 0.9386542 0.9322448 0.9300983 0.9367849 0.9492972
1993 0.9035854 0.9355828 0.9285378 0.926241 0.9335876 0.9474215
1994 0.8974721 0.9322921 0.924584 0.9221479 0.9301611 0.9454327
1995 0.8910215 0.9288079 0.9203951 0.9178857 0.9265677 0.9433504
1996 0.8842807 0.9251551 0.9160054 0.9133571 0.9227943 0.9412001
1997 0.8770697 0.9212291 0.9112874 0.9084113 0.9187686 0.9388703
1998 0.8693236 0.9169525 0.9061426 0.9030707 0.9144072 0.9362973
1999 0.8608837 0.9122509 0.9004957 0.8972296 0.9095985 0.9335653
2000 0.8516694 0.9070679 0.8942678 0.8908419 0.904312 0.9305639
2001 0.8415949 0.9013532 0.8874141 0.8837079 0.8985067 0.9272378
2002 0.8306028 0.8950716 0.8798825 0.8759457 0.8921402 0.923557
2003 0.81865 0.8881921 0.8716453 0.8674565 0.8851844 0.919548
2004 0.8057174 0.8806952 0.8626893 0.8583496 0.8776246 0.9151669
2005 0.7918503 0.8726631 0.8530589 0.8485025 0.8693698 0.910533
2006 0.7769802 0.8640173 0.8426587 0.837901 0.8605458 0.9055557
2007 0.7610588 0.8546461 0.8314207 0.8265179 0.8511768 0.9002068
2008 0.7440339 0.8444571 0.8192822 0.8140833 0.8409339 0.894264
2009 0.7257984 0.8286327 0.8206826 0.8157402 0.8244948 0.8975992
2010 0.7063082 0.8108645 0.8024609 0.7969972 0.8059125 0.8897055
2011 0.6854657 0.7908415 0.7816356 0.7757401 0.7850091 0.8799958
2012 0.6632412 0.7701094 0.7826158 0.7770799 0.7614676 0.869194
2013 0.6396162 0.7628128 0.7593827 0.7535142 0.7361339 0.8570834
2014 0.6145537 0.7373057 0.7582765 0.7527264 0.7072607 0.8489171
2015 0.5880977 0.7167563 0.7328486 0.7263838 0.6727849 0.8634237
2016 0.5602711 0.7174733 0.7329029 0.7265904 0.6389484 0.8509709
2017 0.5311308 0.6975079 0.7042437 0.6974665 0.5968332 0.8476482
2018 0.5007997 0.7263486 0.6932426 0.6874573 0.5540699 0.8365638
2019 0.4692801 0.699946 0.6603079 0.6541599 0.5084475 0.8250198
2020 0.4366898 0.6712181 0.6697087 0.6631432 0.4540137 0.8296015
2021 0.4057516 0.6572824 0.6350224 0.6282804 0.3961795 0.8128401
2022 0.3675988 0.6225457 0.6670595 0.6613125 0.4142816 0.7955621
2023 0.3447242 0.5853432 0.7394273 0.7356201 0.3989584 0.7791435

Total abundance: Estimate SD_log
1970 835.1203 0.03271469
1971 1006.791 0.0329492
1972 1182.634 0.03283777
1973 1348.18 0.03285591
1974 1510.464 0.03280666
1975 1665.008 0.03279903
1976 1812.795 0.03280717
1977 1953.998 0.03282763
1978 2088.978 0.03285546
1979 2217.886 0.03289018
1980 2391.111 0.03287737
1981 2603.585 0.03284891
1982 2852.715 0.03279972
1983 3134.486 0.03274659
1984 3445.827 0.03269342
1985 3783.662 0.03264395
1986 4145.354 0.03259814
1987 4526.697 0.03256803
1988 4924 0.03255916
1989 5351.607 0.0325382
1990 5820.364 0.03249424
1991 6334.104 0.03244915
1992 6897.824 0.03240755
1993 7516.942 0.03236612
1994 8199.974 0.0323065
1995 8944.876 0.03225157
1996 9754.605 0.03219822
1997 10627.8 0.03215516
1998 11565.68 0.03212724
1999 12574.96 0.03210856
2000 13662.94 0.03209677
2001 14253.3 0.03540172
2002 15956.1 0.03532938
2003 17899.72 0.03553604
2004 18966.04 0.03418816
2005 20602.65 0.02506932
2006 21909.73 0.02927979
2007 23708.8 0.04902629
2008 24095.92 0.05370718
2009 26336.86 0.05036787
2010 26166.78 0.04146946
2011 28967.07 0.0395125
2012 29837.46 0.04077438
2013 32399.51 0.03583204
2014 32774.06 0.04639901
2015 31638.41 0.04122487
2016 31134.59 0.04530092
2017 29469 0.04752713
2018 28927.89 0.04081429
2019 29053.62 0.03710355
2020 31184.78 0.03660721
2021 30902.64 0.03797836
2022 31933.41 0.1254417
2023 33730.36 0.1739196
2024 35691.73 0.2163621

Breeding stock abundance: Estimate SD_log Estimate/K
Asia
1970 56.11581 0.07770508 2.360441
1971 68.14396 0.07774704 2.866389
1972 79.71277 0.07778402 3.353017
1973 87.62693 0.08041132 3.685916
1974 98.24814 0.08021385 4.132683
1975 108.3486 0.08013571 4.557547
1976 118.0452 0.08007584 4.96542
1977 127.2579 0.080089 5.352944
1978 136.0063 0.08015762 5.720931
1979 144.3087 0.08026983 6.070165
1980 155.4394 0.08014691 6.538363
1981 168.1532 0.08033917 7.073152
1982 183.2233 0.08029109 7.707055
1983 200.3929 0.08006921 8.429275
1984 219.3546 0.07975555 9.226873
1985 239.9848 0.07935835 10.09466
1986 261.9806 0.07894573 11.01988
1987 285.2499 0.07851087 11.99868
1988 309.5178 0.07809883 13.01948
1989 335.4336 0.07764421 14.10959
1990 363.3497 0.07716645 15.28384
1991 393.6545 0.07663686 16.55858
1992 426.8161 0.07601409 17.95348
1993 463.0457 0.07530543 19.47743
1994 502.5508 0.07451918 21.13916
1995 545.4872 0.07367058 22.94523
1996 591.924 0.07278896 24.89853
1997 641.8715 0.07190858 26.99951
1998 695.3834 0.0710633 29.25042
1999 752.6044 0.07028518 31.65735
2000 813.8647 0.06960289 34.23419
2001 883.2268 0.06906241 37.15181
2002 958.0487 0.06875954 40.29911
2003 1038.53 0.06879738 43.68447
2004 1123.827 0.06927718 47.27235
2005 1202.773 0.0696249 50.59313
2006 1300.349 0.071195 54.69752
2007 1398.226 0.0746866 58.81462
2008 1483.534 0.07765474 62.40297
2009 1589.021 0.08134084 66.84014
2010 1660.338 0.08605501 69.84001
2011 1777.686 0.09212124 74.77612
2012 1899.959 0.09948352 79.91938
2013 2013.228 0.1082771 84.68389
2014 2133.337 0.1186908 89.73612
2015 2285.038 0.1288192 96.11722
2016 2327.593 0.1461292 97.90723
2017 2433.103 0.1617736 102.3454
2018 2526.826 0.1794446 106.2877
2019 2604.477 0.2001586 109.554
2020 2739.732 0.2181465 115.2434
2021 2849.913 0.2391426 119.878
2022 2942.676 0.2632105 123.78
2023 3023.887 0.2895126 127.196
Hawaii
1970 492.175 0.03850615 1.262329
1971 596.5355 0.03865554 1.529993
1972 701.8618 0.03854839 1.800134
1973 802.9039 0.03849371 2.059286
1974 900.1779 0.03845548 2.308774
1975 993.2891 0.038441 2.547586
1976 1082.424 0.03844074 2.776199
1977 1167.76 0.03844981 2.995069
1978 1249.42 0.03846611 3.20451
1979 1327.638 0.03848553 3.405122
1980 1432.537 0.03846556 3.674167
1981 1561.72 0.03842142 4.005496
1982 1712.989 0.03836507 4.393471
1983 1884.066 0.03830875 4.832247
1984 2073.196 0.03825366 5.317327
1985 2278.197 0.0382082 5.843115
1986 2498.164 0.03816131 6.407285
1987 2730.001 0.03813367 7.0019
1988 2971.356 0.03813179 7.620927
1989 3232.038 0.03810986 8.289524
1990 3518.509 0.03806129 9.024263
1991 3831.852 0.03802256 9.827926
1992 4176.555 0.03798623 10.71202
1993 4554.924 0.03795862 11.68246
1994 4973.282 0.03791286 12.75546
1995 5428.758 0.03788516 13.92367
1996 5924.124 0.0378659 15.19418
1997 6457.39 0.03787078 16.5619
1998 7034.586 0.03787943 18.04229
1999 7655.784 0.0379087 19.63554
2000 8325.411 0.03796019 21.35299
2001 8604.088 0.04258517 22.06774
2002 9661.756 0.04389496 24.78045
2003 10865.49 0.04463636 27.86778
2004 11263.26 0.03840899 28.88797
2005 12326.2 0.03108362 31.61422
2006 12898.57 0.0363364 33.08221
2007 14314.75 0.04839755 36.71443
2008 14379.36 0.05156345 36.88016
2009 15909.83 0.04879508 40.80549
2010 15868.82 0.04432923 40.70032
2011 17677.06 0.04333616 45.33809
2012 17979.37 0.04164928 46.11344
2013 19660.17 0.0401803 50.42436
2014 19125.22 0.06187519 49.05233
2015 17165.83 0.04643125 44.02687
2016 16650.3 0.04900661 42.70464
2017 14911.7 0.05371379 38.2455
2018 14216.43 0.04769067 36.46226
2019 14296.64 0.04204752 36.66798
2020 15416.67 0.04024158 39.54063
2021 14014.63 0.05201578 35.94469
2022 14896.33 0.1581916 38.20606
2023 15841.83 0.218479 40.6311
Mexico
1970 257.1204 0.04995877 0.6374769
1971 308.0083 0.05093234 0.7636431
1972 361.3717 0.05107444 0.8959465
1973 412.6263 0.05119479 1.023022
1974 462.0157 0.0512793 1.145473
1975 508.7688 0.0514132 1.261387
1976 553.3814 0.05154627 1.371995
1977 595.9282 0.05167991 1.477481
1978 636.6103 0.05180411 1.578344
1979 675.4141 0.05192829 1.67455
1980 727.6151 0.05202731 1.803971
1981 791.9741 0.05210989 1.963536
1982 867.4521 0.05217501 2.150668
1983 952.8249 0.05223578 2.362333
1984 1047.088 0.05229505 2.596039
1985 1149.448 0.05234661 2.84982
1986 1258.825 0.05240319 3.120997
1987 1374.214 0.05246727 3.407079
1988 1494.635 0.05254295 3.70564
1989 1623.74 0.05261738 4.025728
1990 1764.976 0.05267073 4.375893
1991 1920.457 0.05270351 4.761377
1992 2090.696 0.05275449 5.183448
1993 2277.995 0.05279884 5.647819
1994 2484.243 0.05282749 6.159168
1995 2709.906 0.05284519 6.718652
1996 2955.316 0.05286067 7.327097
1997 3220.863 0.05287071 7.985464
1998 3501.75 0.05296817 8.681866
1999 3804.296 0.05305995 9.431967
2000 4131.126 0.05314244 10.24227
2001 4385.629 0.05628274 10.87326
2002 4914.102 0.05466096 12.1835
2003 5521.988 0.05430921 13.69063
2004 6048.593 0.05757661 14.99624
2005 6478.437 0.04928572 16.06195
2006 7070.064 0.05281195 17.52876
2007 7419.287 0.08222416 18.39459
2008 7591.475 0.08860208 18.8215
2009 8172.496 0.08460489 20.26202
2010 7905.341 0.07136556 19.59966
2011 8718.274 0.0684539 21.61516
2012 9176.319 0.07130046 22.75079
2013 9853.608 0.06231073 24.42999
2014 10551.92 0.06278587 26.1613
2015 11125.09 0.06595829 27.58236
2016 11011.19 0.07127731 27.29997
2017 10874.19 0.0701925 26.9603
2018 10786.06 0.06206581 26.74181
2019 10607.52 0.05663587 26.29917
2020 11409.68 0.05683994 28.28793
2021 12234.42 0.05620317 30.33273
2022 12409.51 0.1466583 30.76681
2023 13102.9 0.1983408 32.48594
Central_Am
1970 29.70918 0.09122971 0.7831475
1971 34.1028 0.09217497 0.8989652
1972 39.68784 0.09274703 1.046189
1973 45.02269 0.09316696 1.186818
1974 50.02195 0.09366584 1.318601
1975 54.60179 0.09407087 1.439328
1976 58.94452 0.09440151 1.553804
1977 63.05192 0.09468294 1.662077
1978 66.94088 0.09492184 1.764592
1979 70.52501 0.09525543 1.859071
1980 75.51945 0.09554713 1.990727
1981 81.73736 0.09579368 2.154634
1982 89.04985 0.09602888 2.347394
1983 97.20276 0.09634032 2.562309
1984 106.1882 0.09661218 2.799168
1985 116.0319 0.0968473 3.058654
1986 126.3843 0.09712515 3.331547
1987 137.2321 0.09738179 3.6175
1988 148.4909 0.09762007 3.914286
1989 160.3949 0.09789104 4.228082
1990 173.5302 0.09811985 4.574335
1991 188.1401 0.09832389 4.959458
1992 203.7565 0.09855953 5.371114
1993 220.9766 0.09876553 5.825043
1994 239.8976 0.0989928 6.323809
1995 260.7248 0.09919364 6.872823
1996 283.2412 0.09940918 7.466365
1997 307.6718 0.09960977 8.110368
1998 333.9652 0.09982238 8.803472
1999 362.2753 0.1000203 9.549739
2000 392.5402 0.1002412 10.34754
2001 380.3567 0.1140851 10.02637
2002 422.1927 0.1054795 11.12919
2003 473.7102 0.1051449 12.48721
2004 530.3601 0.1053031 13.98053
2005 595.2346 0.1064275 15.69065
2006 640.7487 0.1297724 16.89042
2007 576.5431 0.1215169 15.19794
2008 641.5437 0.1220073 16.91138
2009 665.5161 0.1269111 17.5433
2010 732.2746 0.1228559 19.30309
2011 794.0424 0.1269222 20.93132
2012 781.8134 0.1039736 20.60895
2013 872.5063 0.1001456 22.99966
2014 963.5807 0.1014642 25.40042
2015 1062.458 0.1014748 28.00688
2016 1145.507 0.1008072 30.19609
2017 1250.013 0.1008191 32.9509
2018 1398.571 0.1011127 36.86695
2019 1544.976 0.1021176 40.72627
2020 1618.71 0.1069975 42.66994
2021 1803.677 0.1072161 47.54574
2022 1684.901 0.1268101 44.41474
2023 1761.737 0.1263872 46.44017

Feeding stock abundance: Estimate SD_log Estimate/K
RUS+WAL
1970 59.67536 0.09423825 1.812192
1971 72.90637 0.09380091 2.213984
1972 85.51781 0.09360793 2.596962
1973 93.70189 0.09736408 2.845492
1974 105.3068 0.09681371 3.197905
1975 116.4451 0.09639464 3.536147
1976 127.0476 0.09611686 3.858118
1977 137.1374 0.09594118 4.16452
1978 146.7334 0.09584196 4.455926
1979 155.8553 0.09580191 4.732937
1980 168.0071 0.09555662 5.101955
1981 181.8956 0.09575674 5.523716
1982 198.3921 0.09567936 6.024673
1983 217.1294 0.09543343 6.593676
1984 237.9617 0.09504222 7.226304
1985 260.5611 0.0945886 7.912589
1986 284.7951 0.09408538 8.648516
1987 310.3664 0.09358438 9.425051
1988 337.0878 0.09310108 10.23651
1989 365.6734 0.09257528 11.10459
1990 396.3801 0.09206827 12.03707
1991 429.8373 0.09151241 13.05308
1992 466.3641 0.09090201 14.16231
1993 506.3007 0.09022711 15.37509
1994 549.8752 0.08949885 16.69834
1995 597.2577 0.08873648 18.13722
1996 648.5245 0.08797165 19.69407
1997 703.4959 0.08724235 21.36341
1998 762.4431 0.08658002 23.15349
1999 825.5579 0.08602321 25.07013
2000 893.0474 0.08561695 27.11962
2001 965.3356 0.08539839 29.31483
2002 1042.598 0.08544648 31.66109
2003 1125.221 0.08583743 34.17014
2004 1213.322 0.08667413 36.84555
2005 1306.975 0.08808339 39.68957
2006 1406.326 0.09017739 42.70662
2007 1511.202 0.09307926 45.89143
2008 1621.511 0.09692054 49.24123
2009 1737.027 0.1018056 52.74917
2010 1857.264 0.1078712 56.40046
2011 1982.212 0.1151741 60.19481
2012 2111.402 0.123811 64.11801
2013 2234.041 0.134385 67.84224
2014 2385.269 0.1451485 72.43466
2015 2475.927 0.160749 75.18772
2016 2622.115 0.1751594 79.62708
2017 2768.047 0.191211 84.05867
2018 2908.427 0.209179 88.32167
2019 3056.08 0.2281521 92.8055
2020 3176.911 0.2502936 96.47484
2021 3289.011 0.2743813 99.87904
2022 3390.685 0.3001366 102.9666
2023 3477.578 0.3285071 105.6054
EAL+BER
1970 265.4799 0.09278409 0.8572314
1971 324.5081 0.09355436 1.047833
1972 381.9749 0.09387798 1.233392
1973 438.0846 0.09391067 1.41457
1974 491.8585 0.09394484 1.588205
1975 543.4278 0.09397813 1.754722
1976 592.8687 0.09401068 1.914366
1977 640.3184 0.09403871 2.067581
1978 685.8042 0.09406665 2.214454
1979 729.4045 0.09409446 2.355238
1980 787.4814 0.09415488 2.542768
1981 859.2026 0.09418494 2.774355
1982 943.326 0.09419172 3.045988
1983 1038.659 0.09418282 3.353818
1984 1144.069 0.0941657 3.694187
1985 1258.578 0.09414209 4.063934
1986 1381.258 0.09411424 4.460067
1987 1511.154 0.09408611 4.879498
1988 1647.437 0.09406029 5.319556
1989 1793.603 0.09404053 5.791522
1990 1953.141 0.09400461 6.306669
1991 2128.425 0.09396554 6.872657
1992 2321.753 0.09391636 7.496912
1993 2534.808 0.09386027 8.184863
1994 2769.092 0.09379328 8.941366
1995 3025.57 0.09371938 9.769529
1996 3305.065 0.09363665 10.67201
1997 3604.514 0.09359244 11.63893
1998 3928.643 0.09353541 12.68554
1999 4277.614 0.09350538 13.81236
2000 4656.075 0.09344914 15.03441
2001 5246.031 0.09262136 16.93937
2002 5909.655 0.09170173 19.08221
2003 6655.142 0.09129585 21.48937
2004 7428.067 0.09329478 23.98514
2005 7700.293 0.06864851 24.86415
2006 8651.235 0.07090497 27.93473
2007 9415.845 0.1316547 30.40365
2008 9389.113 0.1470061 30.31734
2009 10133.45 0.1406191 32.7208
2010 9064.23 0.1220398 29.26829
2011 10045.56 0.1159328 32.43699
2012 11117.57 0.116391 35.89852
2013 11633.12 0.09895849 37.5632
2014 12928.15 0.09702203 41.74485
2015 14319.12 0.09704458 46.23625
2016 13708.5 0.108158 44.2646
2017 13269.91 0.1089405 42.84839
2018 12330.93 0.100862 39.81642
2019 10938.04 0.09949541 35.3188
2020 12065.18 0.09660651 38.95832
2021 13361.33 0.09685092 43.14359
2022 14258.78 0.258092 46.04144
2023 15134.99 0.3528098 48.87071
GOA
1970 101.5093 0.0636559 1.045983
1971 121.6597 0.06539464 1.253619
1972 143.8752 0.06528458 1.482535
1973 165.2018 0.06521695 1.70229
1974 185.6503 0.06517314 1.912998
1975 205.2721 0.06514258 2.115188
1976 224.0044 0.06514823 2.308211
1977 241.987 0.06515413 2.49351
1978 259.2417 0.06515997 2.671307
1979 275.7974 0.06516558 2.841902
1980 298.0314 0.06515074 3.071008
1981 325.4354 0.06512456 3.353387
1982 357.4407 0.06511199 3.68318
1983 393.6033 0.0651126 4.055811
1984 433.574 0.06511434 4.467682
1985 476.8822 0.06513111 4.913942
1986 523.2721 0.06514718 5.391959
1987 572.2099 0.06518478 5.896228
1988 623.5933 0.0652178 6.425699
1989 678.7119 0.06525525 6.993658
1990 738.8171 0.06528955 7.613001
1991 804.8871 0.06532369 8.293807
1992 877.6454 0.06536584 9.043531
1993 957.8141 0.06541105 9.869614
1994 1045.803 0.06546683 10.77628
1995 1142.035 0.06553029 11.76788
1996 1246.766 0.06560199 12.84706
1997 1359.473 0.06568738 14.00843
1998 1481.074 0.06579106 15.26145
1999 1612.364 0.0659089 16.6143
2000 1754.273 0.06604068 18.07658
2001 1738.214 0.06816778 17.91109
2002 1951.19 0.06953717 20.10567
2003 2194.584 0.07055682 22.61368
2004 2183.434 0.06465388 22.49878
2005 2454.857 0.06351981 25.29561
2006 2467.88 0.07189648 25.4298
2007 2769.844 0.07192731 28.54134
2008 2766.21 0.06793287 28.50389
2009 3101.025 0.06695126 31.95392
2010 3226.046 0.07202901 33.24218
2011 3614.01 0.07249984 37.23988
2012 3508.984 0.06638719 36.15766
2013 3909.411 0.07024895 40.28379
2014 3542.934 0.1113117 36.50749
2015 2697.688 0.0724189 27.79782
2016 2660.597 0.07363775 27.41562
2017 2160.952 0.07913972 22.26712
2018 2059.316 0.08317861 21.21983
2019 2278.101 0.07874573 23.47426
2020 2417.179 0.07358527 24.90736
2021 1739.935 0.157067 17.92883
2022 1846.65 0.2865551 19.02845
2023 1977.92 0.3736101 20.3811
SEA+NBC
1970 289.4812 0.05610087 1.159149
1971 349.5507 0.05704916 1.399681
1972 409.8956 0.05734308 1.641316
1973 467.7311 0.05757833 1.872902
1974 522.9985 0.05778491 2.094206
1975 575.8534 0.05796865 2.305849
1976 626.3923 0.05813562 2.508218
1977 674.7179 0.05829058 2.701725
1978 720.8126 0.05844377 2.886299
1979 764.8617 0.05858849 3.062681
1980 824.1525 0.05870688 3.300095
1981 897.19 0.05880796 3.592554
1982 982.7441 0.05889115 3.935132
1983 1079.366 0.05897366 4.322028
1984 1186.088 0.05904725 4.749367
1985 1301.651 0.05912466 5.212108
1986 1425.804 0.05917515 5.709244
1987 1556.141 0.05926171 6.231145
1988 1690.788 0.05941273 6.770302
1989 1837.076 0.0594908 7.356072
1990 1998.932 0.05948494 8.004181
1991 2175.338 0.05951406 8.71055
1992 2368.973 0.05955792 9.485909
1993 2580.748 0.05963389 10.3339
1994 2816.305 0.05964611 11.27713
1995 3071.522 0.05971392 12.29908
1996 3348.707 0.05980099 13.40899
1997 3644.748 0.05995017 14.5944
1998 3965.464 0.06010018 15.87863
1999 4310.382 0.06029274 17.25975
2000 4680.91 0.0605423 18.74343
2001 4633.398 0.06785644 18.55319
2002 5194.278 0.07159798 20.79908
2003 5838.442 0.07339023 23.37846
2004 5801.265 0.05555705 23.22959
2005 6511.031 0.0542663 26.07166
2006 6534.118 0.0656323 26.1641
2007 7321.769 0.06594783 29.31804
2008 7316.857 0.06247303 29.29837
2009 8196.825 0.06143082 32.82196
2010 8518.138 0.06636969 34.10857
2011 9503.076 0.06716753 38.05249
2012 9216.205 0.05985841 36.90379
2013 10284.31 0.06427352 41.18071
2014 9303.764 0.1065116 37.2544
2015 7076.373 0.06495371 28.33542
2016 6963.443 0.06507734 27.88322
2017 5641.957 0.07072078 22.59169
2018 5369.771 0.0721746 21.50179
2019 5925.68 0.06805869 23.72778
2020 6278.536 0.05989347 25.1407
2021 4506.925 0.1551473 18.04676
2022 4770.847 0.2863217 19.10356
2023 5095.817 0.3746809 20.40482
SBC+WA
1970 21.25851 0.04722144 0.9193024
1971 26.13203 0.04689724 1.130053
1972 30.80759 0.04670965 1.332243
1973 35.28971 0.04659208 1.526067
1974 39.58696 0.04651207 1.711897
1975 43.70926 0.04645492 1.890162
1976 47.6636 0.04641258 2.061163
1977 51.36364 0.0464664 2.221167
1978 54.9063 0.04651489 2.374366
1979 58.30427 0.04655719 2.521308
1980 62.90261 0.0465361 2.720158
1981 68.59423 0.04647177 2.966287
1982 75.17573 0.04644344 3.250897
1983 82.65965 0.04639047 3.574531
1984 90.95585 0.04632417 3.933292
1985 99.85636 0.04631027 4.318185
1986 109.395 0.04629348 4.730673
1987 119.4983 0.04627571 5.167579
1988 130.0024 0.04629259 5.621821
1989 141.3092 0.04629323 6.110769
1990 153.5502 0.04631115 6.64012
1991 166.9365 0.04633614 7.218995
1992 181.7528 0.04633538 7.859712
1993 198.0135 0.04634081 8.56289
1994 215.8364 0.04634829 9.33362
1995 235.2997 0.04635611 10.17529
1996 256.4445 0.04636727 11.08968
1997 279.124 0.0463838 12.07043
1998 303.9879 0.04634351 13.14564
1999 330.5694 0.04634459 14.29513
2000 358.8831 0.04639877 15.51953
2001 404.8459 0.04591262 17.50714
2002 456.7748 0.04567326 19.75275
2003 515.3649 0.04555099 22.28642
2004 581.0992 0.04550106 25.12903
2005 654.9225 0.04549805 28.32145
2006 734.7988 0.04575795 31.77561
2007 825.4718 0.04604464 35.69667
2008 932.0647 0.04621555 40.30617
2009 1036.904 0.04753352 44.83984
2010 1162.947 0.05017361 50.29044
2011 1293.949 0.05373826 55.9555
2012 1434.479 0.05752967 62.03258
2013 1595.471 0.06541628 68.99448
2014 1552.151 0.1650708 67.12118
2015 1596.763 0.165122 69.05037
2016 1427.013 0.1049082 61.70969
2017 1532.666 0.05825639 66.27855
2018 1666.003 0.0543445 72.04456
2019 1784.981 0.0527361 77.18967
2020 1926.97 0.05250148 83.32983
2021 2056.025 0.05445071 88.91066
2022 2184.15 0.06057831 94.45132
2023 2302.902 0.09292883 99.5866
OR+CA
1970 95.4161 0.02590497 0.6699993
1971 109.6338 0.02712663 0.7698339
1972 127.963 0.02704822 0.8985393
1973 145.3708 0.02704754 1.020775
1974 161.9627 0.02707604 1.137281
1975 177.1005 0.02722367 1.243577
1976 191.4185 0.02737593 1.344115
1977 204.974 0.02753059 1.4393
1978 217.6794 0.02769908 1.528516
1979 229.6624 0.0278684 1.612659
1980 246.2358 0.02796626 1.729035
1981 266.767 0.02803326 1.873203
1982 290.836 0.02808551 2.042212
1983 317.969 0.02814395 2.232737
1984 347.7777 0.02821369 2.442049
1985 380.3334 0.02826687 2.670651
1986 414.8295 0.02834478 2.912878
1987 450.9272 0.02844559 3.166352
1988 488.2914 0.02857014 3.428718
1989 528.0335 0.02870548 3.707782
1990 571.8441 0.0288078 4.015414
1991 620.4809 0.02888207 4.356936
1992 672.6358 0.02901925 4.72316
1993 729.9583 0.0291617 5.125671
1994 793.262 0.02929591 5.570181
1995 862.7913 0.02942894 6.058407
1996 938.1996 0.02958286 6.587914
1997 1018.441 0.02975589 7.151362
1998 1105.072 0.02994985 7.759669
1999 1198.272 0.03017635 8.414111
2000 1298.253 0.03044914 9.116164
2001 1242.875 0.0693037 8.727308
2002 1378.504 0.051536 9.679673
2003 1547.264 0.05057197 10.86469
2004 1732.349 0.0512158 12.16433
2005 1944.169 0.05349254 13.6517
2006 2086.171 0.1024878 14.64882
2007 1833.472 0.08216785 12.8744
2008 2037.662 0.08278836 14.30819
2009 2095.625 0.09262374 14.71521
2010 2300.353 0.08576835 16.15277
2011 2485.661 0.09365941 17.45398
2012 2405.213 0.04752766 16.88909
2013 2687.266 0.03454277 18.86963
2014 3023.488 0.03299119 21.23053
2015 3364.146 0.03290647 23.62259
2016 3704.413 0.03363336 26.0119
2017 4048.666 0.03487617 28.4292
2018 4542.541 0.03564715 31.89712
2019 5033.135 0.03920581 35.34201
2020 5247.111 0.06422917 36.84452
2021 5871.612 0.0648061 41.22969
2022 5421.093 0.08946555 38.0662
2023 5660.451 0.088418 39.74695

Parameters: Estimate  Std. Error      z value    Pr(>|z^2|)
rval 0.09090418 0.00043715 207.94884638 0
logK 7.77373954 0.73790091 10.53493691 0
logK 10.57104589 0.37084245 28.50549002 0
logK 10.60495182 0.38845461 27.30036294 0
logK 8.24106064 1.03042065 7.9977635 0
logBK 3.72243447 0.80525699 4.62266644 3.79e-06
logBK 4.35950799 0.3790197 11.5020616 0
logBK 5.0490122 0.39639933 12.73718658 0
logBK 4.84174215 1.03302502 4.68695534 2.77e-06
MixPars -2.00561464 0.35846356 -5.59503069 2e-08
MixPars -3.64908297 0.25890369 -14.09436426 0
MixPars -0.71380467 0.14605382 -4.88727154 1.02e-06
MixPars -1.18830341 0.09476412 -12.53959213 0
MixPars -3.03903341 0.10458921 -29.05685334 0
MixPars -3.44229069 0.3537233 -9.73159145 0
MixPars -1.81119492 0.22539414 -8.03567883 0
MixPars -1.60638502 0.29365648 -5.47028637 4e-08
MixPars -2.92995164 0.17298617 -16.9374905 0
MixPars -0.65156007 0.11711663 -5.5633435 3e-08
MixPars -2.7859299 0.27575708 -10.10284087 0
AddV 0.01354195 0.01196829 1.13148569 0.25785072
AddV 0.00717748 0.00229862 3.12251811 0.00179311
AddV 0.03008042 0.0192194 1.56510676 0.11755788
SFdev -0.31696355 0.58366482 -0.54305748 0.58709022
SFdev -0.31692844 0.58369522 -0.54296905 0.58715111
SFdev -0.31850892 0.58137415 -0.54785531 0.58379125
SFdev -0.17127767 0.65202376 -0.26268624 0.79279242
SFdev 0.13215747 0.21373032 0.61833753 0.53635287
SFdev -0.29136732 0.59670438 -0.48829426 0.62534143
SFdev -0.01164896 0.56546431 -0.0206007 0.98356418
SFdev 0.19350408 0.25111175 0.77058953 0.44095027
SFdev 0.01574708 0.59813833 0.02632681 0.97899667
SFdev 0.30493322 0.12524265 2.43473951 0.01490251
SFdev -0.17953632 0.66796809 -0.26877978 0.78809915
SFdev -0.18058649 0.65893078 -0.27405988 0.78403861
SFdev 0.08761131 0.29436436 0.2976288 0.76598649
SFdev -0.26770448 0.60909873 -0.43950918 0.66029263
SFdev -0.26398958 0.60793217 -0.43424183 0.66411284
SFdev 0.22954775 0.13528885 1.69672331 0.08974898
SFdev 0.21798764 0.15765008 1.3827309 0.16674739
SFdev 0.26136588 0.11676572 2.23837843 0.02519639
SFdev 0.30778529 0.07823719 3.93400234 8.354e-05
SFdev -0.20601045 0.62246467 -0.33095927 0.74067525
SFdev -0.37186992 0.55465174 -0.6704566 0.50256676
SFdev -0.0003802 0.99890287 -0.00038061 0.99969632
SFdev -6.09e-06 0.99998246 -6.09e-06 0.99999514
SFdev 0 1 0 1
SFdev 0.20576307 0.05504981 3.73776141 0.00018567
SFdev -0.26416613 0.58893742 -0.44854702 0.65375846
SFdev -0.31702035 0.57539701 -0.55095932 0.58166156
SFdev 0.1983598 0.07819029 2.53688536 0.01118436
SFdev -0.34216888 0.56006719 -0.61094255 0.54123762
SFdev 0.181375 0.08200964 2.21163012 0.02699223
SFdev -0.33396342 0.56478727 -0.59130834 0.55431384
SFdev 0.18621958 0.07508576 2.4800919 0.01313485
SFdev -0.37727232 0.53378948 -0.7067811 0.47970252
SFdev 0.11549603 0.08690554 1.32898354 0.1838534
SFdev -0.3554046 0.55111978 -0.64487725 0.51900674
SFdev 0.21997941 0.04887082 4.50124265 6.76e-06
SFdev -0.29273479 0.57577228 -0.50842113 0.61115804
SFdev 0.28929944 0.08310359 3.48119051 0.00049919
SFdev 0.40379904 0.04961482 8.13867785 0
SFdev 0.19002781 0.06184058 3.07286577 0.00212014
SFdev 0.36728868 0.0311528 11.78990878 0
SFdev 0.2350172 0.06927875 3.39234151 0.00069298
SFdev -0.2948248 0.59235387 -0.49771735 0.61868328
SFdev 0.01286821 0.15780403 0.08154552 0.93500813
SFdev 0.42941849 0.06416867 6.69202676 0
SFdev -5.022e-05 0.99986013 -5.022e-05 0.99995993
SFdev -1.41e-06 0.99999606 -1.41e-06 0.99999887
SFdev 0 1 0 1
SFdev -0.44066782 0.52544166 -0.83866173 0.40165916
SFdev -0.47069515 0.51303347 -0.91747456 0.35889402
SFdev -0.48899086 0.50584003 -0.96669072 0.33369867
SFdev -0.4959858 0.50313425 -0.98579215 0.32423512
SFdev -0.49281338 0.50428236 -0.97725683 0.32844202
SFdev -0.48098982 0.50821066 -0.94643789 0.34392529
SFdev -0.4901493 0.50507558 -0.97044743 0.33182352
SFdev -0.45065493 0.51959905 -0.86731283 0.38577063
SFdev -0.37722608 0.54884436 -0.68730975 0.49188756
SFdev -0.29345924 0.58312694 -0.50325104 0.61478778
SFdev -0.29076036 0.58845339 -0.49410942 0.62122891
SFdev -0.30384659 0.58722867 -0.51742465 0.60485975
SFdev -0.25237653 0.62163016 -0.40599144 0.68474889
SFdev 0.2128725 0.22751334 0.93564844 0.34945423
SFdev 0.1065718 0.51587344 0.20658517 0.83633384
SFdev 0.28979995 0.17112539 1.69349476 0.09036133
SFdev -0.07937599 0.66851808 -0.11873424 0.90548591
SFdev -0.28358201 0.59974466 -0.47283791 0.63632883
SFdev -0.28455569 0.59401273 -0.47903972 0.63191037
SFdev -0.29499071 0.58677212 -0.50273471 0.6151508
SFdev -0.32403714 0.57521031 -0.56333682 0.57320555
SFdev -0.25506927 0.60841849 -0.41923326 0.67504567
SFdev -0.08383107 0.62266843 -0.13463196 0.89290287
SFdev 0 1 0 1
SFdev 0.24467451 0.08248339 2.96634884 0.00301358
SFdev -0.14476927 0.61754152 -0.2344284 0.81465241
SFdev -0.31164852 0.57758005 -0.53957632 0.58948925
SFdev -0.26782424 0.59138106 -0.4528793 0.65063566
SFdev -0.30437142 0.58285375 -0.52220891 0.60152488
SFdev 0.03637824 0.38502551 0.09448266 0.92472576
SFdev 0.31921885 0.09999773 3.19226107 0.00141164
SFdev -0.17456963 0.65367216 -0.26705991 0.78942303
SFdev 0.14794986 0.22414557 0.66006147 0.50921439
SFdev -0.04744941 0.58817428 -0.08067236 0.93570252
SFdev -0.00394088 0.4997905 -0.00788507 0.99370869
SFdev 0.23158757 0.12224634 1.89443357 0.05816748
SFdev -0.23360158 0.60623026 -0.38533474 0.69998943
SFdev -0.41520902 0.53122781 -0.78160257 0.43444817
SFdev -0.53130611 0.48850221 -1.08762275 0.27676168
SFdev -0.57308662 0.47512219 -1.20618787 0.22774506
SFdev -0.53349989 0.48791489 -1.09342818 0.27420585
SFdev -0.4813771 0.50614115 -0.95107285 0.3415674
SFdev -0.35055305 0.55932488 -0.62674318 0.5308276
SFdev 0.10702958 0.16946431 0.63157598 0.52766399
SFdev -0.20354934 0.61863965 -0.32902732 0.74213504
SFdev 0.27732801 0.10248804 2.70595489 0.00681083
SFdev 0.09537623 0.30291459 0.3148618 0.75286659
SFdev 0 1 0 1

Mixing matrix
0.88138532 0.11861468 0 0 0 0 ,# Asia
0.01392358 0.26213567 0.16309999 0.5352141 0.02562667 0 ,# Hawaii
0.01623354 0.50743567 0.08294478 0.10179744 0.02709687 0.2644917 ,# Mexico
0 0 0 0 0.05808925 0.94191075 ,# Central_Am

Split of breeding stock to feeding grounds over time
Split for: Asia
Year RUS+WAL EAL+BER GOA SEA+NBC SBC+WA OR+CA
1970 0.88245 0.11755 0 0 0 0
1971 0.88283 0.11717 0 0 0 0
1972 0.87776 0.12224 0 0 0 0
1973 0.87862 0.12138 0 0 0 0
1974 0.87925 0.12075 0 0 0 0
1975 0.87973 0.12027 0 0 0 0
1976 0.88011 0.11989 0 0 0 0
1977 0.88042 0.11958 0 0 0 0
1978 0.88067 0.11933 0 0 0 0
1979 0.88091 0.11909 0 0 0 0
1980 0.88115 0.11885 0 0 0 0
1981 0.88071 0.11929 0 0 0 0
1982 0.88038 0.11962 0 0 0 0
1983 0.88013 0.11987 0 0 0 0
1984 0.87995 0.12005 0 0 0 0
1985 0.87982 0.12018 0 0 0 0
1986 0.87972 0.12028 0 0 0 0
1987 0.87964 0.12036 0 0 0 0
1988 0.8796 0.1204 0 0 0 0
1989 0.87955 0.12045 0 0 0 0
1990 0.87943 0.12057 0 0 0 0
1991 0.87925 0.12075 0 0 0 0
1992 0.87902 0.12098 0 0 0 0
1993 0.87877 0.12123 0 0 0 0
1994 0.87848 0.12152 0 0 0 0
1995 0.87817 0.12183 0 0 0 0
1996 0.87784 0.12216 0 0 0 0
1997 0.8775 0.1225 0 0 0 0
1998 0.87718 0.12282 0 0 0 0
1999 0.87682 0.12318 0 0 0 0
2000 0.87639 0.12361 0 0 0 0
2001 0.8721 0.1279 0 0 0 0
2002 0.86765 0.13235 0 0 0 0
2003 0.86299 0.13701 0 0 0 0
2004 0.85918 0.14082 0 0 0 0
2005 0.86406 0.13594 0 0 0 0
2006 0.85924 0.14076 0 0 0 0
2007 0.85799 0.14201 0 0 0 0
2008 0.86699 0.13301 0 0 0 0
2009 0.86643 0.13357 0 0 0 0
2010 0.8861 0.1139 0 0 0 0
2011 0.88248 0.11752 0 0 0 0
2012 0.87875 0.12125 0 0 0 0
2013 0.88066 0.11934 0 0 0 0
2014 0.87593 0.12407 0 0 0 0
2015 0.87112 0.12888 0 0 0 0
2016 0.88189 0.11811 0 0 0 0
2017 0.89051 0.10949 0 0 0 0
2018 0.90194 0.09806 0 0 0 0
2019 0.9157 0.0843 0 0 0 0
2020 0.91128 0.08872 0 0 0 0
2021 0.906 0.094 0 0 0 0
2022 0.90346 0.09654 0 0 0 0
2023 0.90077 0.09923 0 0 0 0
2024 0.89828 0.10172 0 0 0 0
Split for: Hawaii
Year RUS+WAL EAL+BER GOA SEA+NBC SBC+WA OR+CA
1970 0.01421 0.26486 0.1614 0.53349 0.02604 0
1971 0.0143 0.26556 0.16255 0.53144 0.02615 0
1972 0.01369 0.26675 0.16332 0.53001 0.02622 0
1973 0.01384 0.2675 0.16382 0.52857 0.02627 0
1974 0.01395 0.26812 0.16422 0.5274 0.02631 0
1975 0.01404 0.26867 0.1645 0.52644 0.02634 0
1976 0.01412 0.26917 0.16476 0.52563 0.02632 0
1977 0.01419 0.26964 0.165 0.52486 0.02631 0
1978 0.01424 0.27007 0.16524 0.52414 0.02631 0
1979 0.01429 0.27042 0.16547 0.52351 0.02631 0
1980 0.01434 0.27074 0.16574 0.52285 0.02632 0
1981 0.01431 0.27114 0.16598 0.52227 0.02631 0
1982 0.01429 0.27157 0.16619 0.52164 0.02631 0
1983 0.01428 0.27199 0.16639 0.52102 0.02632 0
1984 0.01428 0.27243 0.16657 0.52042 0.02631 0
1985 0.01428 0.27278 0.16669 0.51996 0.0263 0
1986 0.01429 0.27323 0.16681 0.51937 0.0263 0
1987 0.01431 0.27384 0.16705 0.5185 0.0263 0
1988 0.01432 0.27423 0.16716 0.51799 0.02629 0
1989 0.01432 0.27442 0.16715 0.51786 0.02625 0
1990 0.01432 0.27469 0.16722 0.51755 0.02621 0
1991 0.01432 0.27501 0.1673 0.51718 0.02619 0
1992 0.01431 0.27541 0.16744 0.51667 0.02617 0
1993 0.01429 0.27565 0.16746 0.51648 0.02613 0
1994 0.01427 0.27599 0.16755 0.51609 0.0261 0
1995 0.01425 0.27634 0.16762 0.51572 0.02607 0
1996 0.01423 0.27686 0.16778 0.51508 0.02606 0
1997 0.01421 0.27734 0.16788 0.5145 0.02608 0
1998 0.01419 0.27776 0.16801 0.51396 0.02608 0
1999 0.01417 0.27828 0.16817 0.51332 0.02605 0
2000 0.01414 0.27872 0.16821 0.51289 0.02603 0
2001 0.01484 0.30422 0.16134 0.49116 0.02844 0
2002 0.01432 0.30522 0.16126 0.49062 0.02858 0
2003 0.01379 0.30593 0.16136 0.49024 0.02868 0
2004 0.0144 0.32967 0.15492 0.46979 0.03123 0
2005 0.01422 0.31252 0.15923 0.482 0.03203 0
2006 0.01467 0.33566 0.15298 0.46228 0.03441 0
2007 0.01424 0.32928 0.1544 0.467 0.03508 0
2008 0.01527 0.32724 0.15378 0.46476 0.03895 0
2009 0.01483 0.31934 0.15582 0.47032 0.03969 0
2010 0.01599 0.28687 0.163 0.48968 0.04446 0
2011 0.01536 0.28552 0.16369 0.49115 0.04429 0
2012 0.01613 0.31059 0.15592 0.46869 0.04866 0
2013 0.01574 0.29773 0.15923 0.47774 0.04955 0
2014 0.01725 0.34082 0.14825 0.44423 0.04943 2e-05
2015 0.02042 0.42133 0.12575 0.37581 0.05666 2e-05
2016 0.02226 0.41569 0.12809 0.38171 0.05222 3e-05
2017 0.02623 0.44925 0.1162 0.34582 0.06247 3e-05
2018 0.029 0.439 0.11626 0.34511 0.0706 3e-05
2019 0.03023 0.38713 0.12776 0.37864 0.0762 3e-05
2020 0.02929 0.39648 0.12607 0.37232 0.07581 3e-05
2021 0.03357 0.48396 0.09956 0.29323 0.08965 3e-05
2022 0.03271 0.4854 0.09965 0.29247 0.08975 2e-05
2023 0.03179 0.48587 0.10015 0.29337 0.08879 2e-05
2024 0.03067 0.48183 0.10186 0.29889 0.08672 3e-05
Split for: Mexico
Year RUS+WAL EAL+BER GOA SEA+NBC SBC+WA OR+CA
1970 0.0167 0.51672 0.08272 0.10226 0.02774 0.25385
1971 0.0168 0.51784 0.08327 0.10182 0.02785 0.25242
1972 0.01607 0.51976 0.0836 0.10147 0.02791 0.25119
1973 0.01623 0.52089 0.0838 0.10113 0.02794 0.25001
1974 0.01637 0.5224 0.08406 0.10097 0.028 0.24821
1975 0.01649 0.52376 0.08425 0.10084 0.02805 0.24661
1976 0.01659 0.52503 0.08443 0.10075 0.02805 0.24516
1977 0.01668 0.52622 0.0846 0.10065 0.02805 0.2438
1978 0.01675 0.52735 0.08476 0.10057 0.02806 0.2425
1979 0.01682 0.52836 0.08493 0.10052 0.02808 0.24129
1980 0.01689 0.52932 0.08512 0.10046 0.02811 0.2401
1981 0.01686 0.53032 0.08528 0.10039 0.02811 0.23904
1982 0.01683 0.53126 0.08541 0.10029 0.02812 0.23809
1983 0.01683 0.5322 0.08553 0.10019 0.02813 0.23712
1984 0.01682 0.53298 0.08561 0.10006 0.02812 0.23642
1985 0.01683 0.53378 0.08569 0.09999 0.02811 0.23561
1986 0.01684 0.53467 0.08575 0.09988 0.02812 0.23475
1987 0.01686 0.53565 0.08584 0.09967 0.02811 0.23387
1988 0.01688 0.53659 0.08593 0.09961 0.0281 0.23289
1989 0.01689 0.53731 0.08598 0.09965 0.02808 0.23209
1990 0.01689 0.5379 0.08602 0.0996 0.02804 0.23155
1991 0.01689 0.5388 0.08611 0.09958 0.02803 0.2306
1992 0.01689 0.53971 0.0862 0.09951 0.02801 0.22968
1993 0.01687 0.54047 0.08626 0.09952 0.02799 0.2289
1994 0.01685 0.54116 0.0863 0.09945 0.02796 0.22829
1995 0.01682 0.54186 0.08634 0.09938 0.02793 0.22767
1996 0.01679 0.54256 0.08638 0.0992 0.02789 0.22717
1997 0.01676 0.54325 0.08639 0.09904 0.0279 0.22665
1998 0.01673 0.5439 0.08643 0.09891 0.0279 0.22613
1999 0.0167 0.54466 0.08647 0.09874 0.02785 0.22558
2000 0.01665 0.54514 0.08643 0.09859 0.02782 0.22537
2001 0.01699 0.57825 0.08056 0.09175 0.02954 0.20291
2002 0.0164 0.58062 0.08059 0.09173 0.0297 0.20096
2003 0.01578 0.58161 0.08059 0.0916 0.02979 0.20063
2004 0.01557 0.59236 0.07312 0.08296 0.03065 0.20533
2005 0.01571 0.57344 0.07675 0.08692 0.03211 0.21508
2006 0.01551 0.58974 0.0706 0.07982 0.03303 0.21129
2007 0.01591 0.61107 0.07527 0.08517 0.03557 0.17701
2008 0.01671 0.59488 0.07343 0.08303 0.03868 0.19326
2009 0.01666 0.59578 0.07636 0.08623 0.04046 0.18451
2010 0.0185 0.55141 0.0823 0.0925 0.04669 0.2086
2011 0.01791 0.55311 0.0833 0.09351 0.04687 0.2053
2012 0.01815 0.5807 0.07658 0.08612 0.04971 0.18874
2013 0.01799 0.56532 0.07942 0.08915 0.05141 0.19671
2014 0.01792 0.58825 0.06722 0.07536 0.04661 0.20465
2015 0.01808 0.62007 0.04862 0.05436 0.04556 0.21331
2016 0.01937 0.60094 0.04865 0.05424 0.04124 0.23556
2017 0.02054 0.58498 0.03975 0.04426 0.04443 0.26603
2018 0.02185 0.54992 0.03826 0.04249 0.0483 0.29917
2019 0.02318 0.49361 0.04279 0.04745 0.05306 0.33991
2020 0.02243 0.50505 0.04218 0.04661 0.05273 0.331
2021 0.02176 0.52188 0.0282 0.03108 0.05277 0.34431
2022 0.02218 0.5477 0.02953 0.03243 0.05527 0.31288
2023 0.02166 0.55104 0.02984 0.0327 0.05494 0.30981
2024 0.0209 0.54663 0.03037 0.03334 0.05367 0.31509
Split for: Central_Am
Year RUS+WAL EAL+BER GOA SEA+NBC SBC+WA OR+CA
1970 0 0 0 0 0.06173 0.93827
1971 0 0 0 0 0.06228 0.93772
1972 0 0 0 0 0.06269 0.93731
1973 0 0 0 0 0.06303 0.93697
1974 0 0 0 0 0.06358 0.93642
1975 0 0 0 0 0.06408 0.93592
1976 0 0 0 0 0.06442 0.93558
1977 0 0 0 0 0.06476 0.93524
1978 0 0 0 0 0.0651 0.9349
1979 0 0 0 0 0.06544 0.93456
1980 0 0 0 0 0.06581 0.93419
1981 0 0 0 0 0.06608 0.93392
1982 0 0 0 0 0.06634 0.93366
1983 0 0 0 0 0.06663 0.93337
1984 0 0 0 0 0.06678 0.93322
1985 0 0 0 0 0.06697 0.93303
1986 0 0 0 0 0.06721 0.93279
1987 0 0 0 0 0.06742 0.93258
1988 0 0 0 0 0.06768 0.93232
1989 0 0 0 0 0.06784 0.93216
1990 0 0 0 0 0.06789 0.93211
1991 0 0 0 0 0.06812 0.93188
1992 0 0 0 0 0.06835 0.93165
1993 0 0 0 0 0.0685 0.9315
1994 0 0 0 0 0.0686 0.9314
1995 0 0 0 0 0.0687 0.9313
1996 0 0 0 0 0.06877 0.93123
1997 0 0 0 0 0.06894 0.93106
1998 0 0 0 0 0.06907 0.93093
1999 0 0 0 0 0.06913 0.93087
2000 0 0 0 0 0.0691 0.9309
2001 0 0 0 0 0.08049 0.91951
2002 0 0 0 0 0.08164 0.91836
2003 0 0 0 0 0.08199 0.91801
2004 0 0 0 0 0.08239 0.91761
2005 0 0 0 0 0.08239 0.91761
2006 0 0 0 0 0.08593 0.91407
2007 0 0 0 0 0.10782 0.89218
2008 0 0 0 0 0.10744 0.89256
2009 0 0 0 0 0.11652 0.88348
2010 0 0 0 0 0.11864 0.88136
2011 0 0 0 0 0.12073 0.87927
2012 0 0 0 0 0.13673 0.86327
2013 0 0 0 0 0.13582 0.86418
2014 0 0 0 0 0.12047 0.87953
2015 0 0 0 0 0.11382 0.88618
2016 0 0 0 0 0.09525 0.90475
2017 0 0 0 0 0.09127 0.90873
2018 0 0 0 0 0.08851 0.91149
2019 0 0 0 0 0.08583 0.91417
2020 0 0 0 0 0.08744 0.91256
2021 0 0 0 0 0.08442 0.91558
2022 0 0 0 0 0.09607 0.90393
2023 0 0 0 0 0.09643 0.90357
2024 0 0 0 0 0.09298 0.90702

Difference in mortality over time
Difference for: Asia
Year RUS+WAL EAL+BER GOA SEA+NBC SBC+WA OR+CA
1970 0 0 0 0 0 0
1971 0 0 0 0 0 0
1972 0 0 0 0 0 0
1973 0 0 0 0 0 0
1974 0 0 0 0 0 0
1975 0 0 0 0 0 0
1976 0 0 0 0 0 0
1977 0 0 0 0 0 0
1978 0 0 0 0 0 0
1979 0 0 0 0 0 0
1980 0 0 0 0 0 0
1981 0 0 0 0 0 0
1982 0 0 0 0 0 0
1983 0 0 0 0 0 0
1984 0 0 0 0 0 0
1985 0 0 0 0 0 0
1986 0 0 0 0 0 0
1987 0 0 0 0 0 0
1988 0 0 0 0 0 0
1989 0 0 0 0 0 0
1990 0 0 0 0 0 0
1991 0 0 0 0 0 0
1992 0 0 0 0 0 0
1993 0 0 0 0 0 0
1994 0 0 0 0 0 0
1995 0 0 0 0 0 0
1996 0 0 0 0 0 0
1997 0 0 0 0 0 0
1998 0 0 0 0 0 0
1999 0 0 0 0 0 0
2000 0 3 0 0 0 0
2001 0 4 0 0 0 0
2002 0 4 0 0 0 0
2003 0 4 0 0 0 0
2004 0 -7 0 0 0 0
2005 0 5 0 0 0 0
2006 0 0 0 0 0 0
2007 0 -15 0 0 0 0
2008 0 -1 0 0 0 0
2009 0 -35 0 0 0 0
2010 0 5 0 0 0 0
2011 0 5 0 0 0 0
2012 0 -6 0 0 0 0
2013 0 8 0 0 0 0
2014 0 8 0 0 0 0
2015 0 -29 0 0 0 0
2016 0 -26 0 0 0 0
2017 0 -34 0 0 0 0
2018 0 -42 0 0 0 0
2019 0 6 0 0 0 0
2020 0 9 0 0 0 0
2021 0 0 0 0 0 0
2022 0 0 0 0 0 0
2023 0 0 0 0 0 0
Difference for: Hawaii
Year RUS+WAL EAL+BER GOA SEA+NBC SBC+WA OR+CA
1970 0 0 0 0 0 0
1971 0 0 0 0 0 0
1972 0 0 0 0 0 0
1973 0 0 0 0 0 0
1974 0 0 0 0 0 0
1975 0 0 0 0 0 0
1976 0 0 0 0 0 0
1977 0 0 0 0 0 0
1978 0 0 0 0 0 0
1979 0 0 0 0 0 0
1980 0 0 0 0 0 0
1981 0 0 0 0 0 0
1982 0 0 0 0 0 0
1983 0 0 0 0 0 0
1984 0 0 0 0 0 0
1985 0 0 0 0 0 0
1986 0 0 0 0 0 0
1987 0 0 0 0 0 0
1988 0 0 0 0 0 0
1989 0 0 0 0 0 0
1990 0 0 0 0 0 0
1991 0 0 0 0 0 0
1992 0 0 0 0 0 0
1993 0 0 0 0 0 0
1994 0 0 0 0 0 0
1995 0 0 0 0 0 0
1996 0 0 0 0 0 0
1997 0 0 0 0 0 0
1998 0 0 0 0 0 0
1999 0 0 0 0 0 0
2000 0 78 -119 -363 8 0
2001 0 88 44 133 9 0
2002 0 100 53 160 10 0
2003 0 84 -141 -428 12 0
2004 0 -164 60 183 13 0
2005 0 126 -137 -416 15 0
2006 0 11 68 205 17 0
2007 0 -364 -161 -487 19 0
2008 0 -18 79 238 20 0
2009 0 -843 -91 -276 21 0
2010 0 118 90 272 23 0
2011 0 131 -274 -822 26 0
2012 0 -144 92 277 27 0
2013 0 185 -473 -1418 -88 0
2014 0 205 -791 -2369 -31 0
2015 0 -733 -162 -484 -147 0
2016 0 -646 -498 -1484 13 0
2017 0 -847 -183 -545 30 0
2018 0 -1051 54 161 33 0
2019 0 155 -6 -17 36 0
2020 0 217 -609 -1798 40 0
2021 0 1 0 0 39 0
2022 0 0 0 0 21 0
2023 0 0 0 0 0 0
Difference for: Mexico
Year RUS+WAL EAL+BER GOA SEA+NBC SBC+WA OR+CA
1970 0 0 0 0 0 0
1971 0 0 0 0 0 0
1972 0 0 0 0 0 0
1973 0 0 0 0 0 0
1974 0 0 0 0 0 0
1975 0 0 0 0 0 0
1976 0 0 0 0 0 0
1977 0 0 0 0 0 0
1978 0 0 0 0 0 0
1979 0 0 0 0 0 0
1980 0 0 0 0 0 0
1981 0 0 0 0 0 0
1982 0 0 0 0 0 0
1983 0 0 0 0 0 0
1984 0 0 0 0 0 0
1985 0 0 0 0 0 0
1986 0 0 0 0 0 0
1987 0 0 0 0 0 0
1988 0 0 0 0 0 0
1989 0 0 0 0 0 0
1990 0 0 0 0 0 0
1991 0 0 0 0 0 0
1992 0 0 0 0 0 0
1993 0 0 0 0 0 0
1994 0 0 0 0 0 0
1995 0 0 0 0 0 0
1996 0 0 0 0 0 0
1997 0 0 0 0 0 0
1998 0 0 0 0 0 0
1999 0 0 0 0 0 0
2000 0 76 -30 -35 4 -105
2001 0 85 11 13 5 20
2002 0 96 13 15 5 33
2003 0 81 -36 -40 6 35
2004 0 -158 15 17 7 41
2005 0 121 -35 -39 8 -13
2006 0 11 17 19 9 -268
2007 0 -349 -41 -46 10 33
2008 0 -17 20 22 10 -76
2009 0 -806 -23 -26 11 14
2010 0 113 23 25 12 1
2011 0 125 -69 -77 14 -184
2012 0 -137 23 26 14 51
2013 0 176 -118 -132 -45 71
2014 0 194 -197 -221 -16 82
2015 0 -694 -40 -45 -76 91
2016 0 -610 -124 -138 7 98
2017 0 -799 -45 -51 16 108
2018 0 -990 13 15 17 111
2019 0 146 -1 -2 18 -119
2020 0 204 -150 -166 20 105
2021 0 1 0 0 20 -586
2022 0 0 0 0 11 -111
2023 0 0 0 0 0 1
Difference for: Central_Am
Year RUS+WAL EAL+BER GOA SEA+NBC SBC+WA OR+CA
1970 0 0 0 0 0 0
1971 0 0 0 0 0 0
1972 0 0 0 0 0 0
1973 0 0 0 0 0 0
1974 0 0 0 0 0 0
1975 0 0 0 0 0 0
1976 0 0 0 0 0 0
1977 0 0 0 0 0 0
1978 0 0 0 0 0 0
1979 0 0 0 0 0 0
1980 0 0 0 0 0 0
1981 0 0 0 0 0 0
1982 0 0 0 0 0 0
1983 0 0 0 0 0 0
1984 0 0 0 0 0 0
1985 0 0 0 0 0 0
1986 0 0 0 0 0 0
1987 0 0 0 0 0 0
1988 0 0 0 0 0 0
1989 0 0 0 0 0 0
1990 0 0 0 0 0 0
1991 0 0 0 0 0 0
1992 0 0 0 0 0 0
1993 0 0 0 0 0 0
1994 0 0 0 0 0 0
1995 0 0 0 0 0 0
1996 0 0 0 0 0 0
1997 0 0 0 0 0 0
1998 0 0 0 0 0 0
1999 0 0 0 0 0 0
2000 0 0 0 0 1 -41
2001 0 0 0 0 1 8
2002 0 0 0 0 1 13
2003 0 0 0 0 1 14
2004 0 0 0 0 2 16
2005 0 0 0 0 2 -5
2006 0 0 0 0 2 -104
2007 0 0 0 0 2 13
2008 0 0 0 0 2 -29
2009 0 0 0 0 3 6
2010 0 0 0 0 3 1
2011 0 0 0 0 3 -71
2012 0 0 0 0 3 20
2013 0 0 0 0 -11 27
2014 0 0 0 0 -4 32
2015 0 0 0 0 -18 35
2016 0 0 0 0 2 38
2017 0 0 0 0 4 42
2018 0 0 0 0 4 43
2019 0 0 0 0 4 -47
2020 0 0 0 0 5 41
2021 0 0 0 0 5 -229
2022 0 0 0 0 2 -43
2023 0 0 0 0 0 0

Total survival over time
Values for breeding stock: Asia
Year RUS+WAL EAL+BER GOA SEA+NBC SBC+WA OR+CA
1970 0.945 0.935 NaN NaN NaN NaN
1971 0.947 0.942 NaN NaN NaN NaN
1972 0.904 0.946 NaN NaN NaN NaN
1973 0.948 0.946 NaN NaN NaN NaN
1974 0.948 0.947 NaN NaN NaN NaN
1975 0.949 0.948 NaN NaN NaN NaN
1976 0.949 0.948 NaN NaN NaN NaN
1977 0.949 0.948 NaN NaN NaN NaN
1978 0.949 0.948 NaN NaN NaN NaN
1979 0.949 0.948 NaN NaN NaN NaN
1980 0.949 0.948 NaN NaN NaN NaN
1981 0.949 0.948 NaN NaN NaN NaN
1982 0.95 0.949 NaN NaN NaN NaN
1983 0.949 0.949 NaN NaN NaN NaN
1984 0.95 0.949 NaN NaN NaN NaN
1985 0.95 0.949 NaN NaN NaN NaN
1986 0.95 0.95 NaN NaN NaN NaN
1987 0.951 0.95 NaN NaN NaN NaN
1988 0.951 0.95 NaN NaN NaN NaN
1989 0.951 0.95 NaN NaN NaN NaN
1990 0.951 0.95 NaN NaN NaN NaN
1991 0.951 0.951 NaN NaN NaN NaN
1992 0.951 0.951 NaN NaN NaN NaN
1993 0.951 0.951 NaN NaN NaN NaN
1994 0.951 0.951 NaN NaN NaN NaN
1995 0.951 0.951 NaN NaN NaN NaN
1996 0.952 0.951 NaN NaN NaN NaN
1997 0.952 0.951 NaN NaN NaN NaN
1998 0.952 0.951 NaN NaN NaN NaN
1999 0.952 0.951 NaN NaN NaN NaN
2000 0.952 0.985 NaN NaN NaN NaN
2001 0.952 0.985 NaN NaN NaN NaN
2002 0.952 0.985 NaN NaN NaN NaN
2003 0.952 0.977 NaN NaN NaN NaN
2004 0.952 0.908 NaN NaN NaN NaN
2005 0.952 0.985 NaN NaN NaN NaN
2006 0.952 0.955 NaN NaN NaN NaN
2007 0.952 0.876 NaN NaN NaN NaN
2008 0.952 0.949 NaN NaN NaN NaN
2009 0.952 0.788 NaN NaN NaN NaN
2010 0.952 0.977 NaN NaN NaN NaN
2011 0.952 0.978 NaN NaN NaN NaN
2012 0.952 0.926 NaN NaN NaN NaN
2013 0.947 0.978 NaN NaN NaN NaN
2014 0.96 0.992 NaN NaN NaN NaN
2015 0.93 0.831 NaN NaN NaN NaN
2016 0.955 0.862 NaN NaN NaN NaN
2017 0.955 0.829 NaN NaN NaN NaN
2018 0.954 0.786 NaN NaN NaN NaN
2019 0.959 0.986 NaN NaN NaN NaN
2020 0.951 0.986 NaN NaN NaN NaN
2021 0.95 0.95 NaN NaN NaN NaN
2022 0.95 0.95 NaN NaN NaN NaN
2023 0.95 0.949 NaN NaN NaN NaN
Values for breeding stock: Hawaii
Year RUS+WAL EAL+BER GOA SEA+NBC SBC+WA OR+CA
1970 0.96 0.95 0.931 0.937 0.955 NaN
1971 0.96 0.955 0.959 0.949 0.956 NaN
1972 0.915 0.958 0.959 0.95 0.957 NaN
1973 0.96 0.958 0.959 0.951 0.957 NaN
1974 0.96 0.958 0.959 0.952 0.957 NaN
1975 0.96 0.958 0.959 0.952 0.958 NaN
1976 0.96 0.959 0.959 0.952 0.956 NaN
1977 0.96 0.959 0.959 0.953 0.956 NaN
1978 0.96 0.959 0.959 0.953 0.956 NaN
1979 0.96 0.959 0.959 0.953 0.957 NaN
1980 0.96 0.959 0.959 0.953 0.957 NaN
1981 0.96 0.959 0.959 0.953 0.956 NaN
1982 0.96 0.959 0.959 0.954 0.956 NaN
1983 0.96 0.959 0.959 0.954 0.956 NaN
1984 0.96 0.959 0.959 0.954 0.956 NaN
1985 0.96 0.959 0.959 0.955 0.956 NaN
1986 0.96 0.959 0.959 0.955 0.956 NaN
1987 0.96 0.959 0.959 0.954 0.956 NaN
1988 0.96 0.959 0.959 0.955 0.956 NaN
1989 0.96 0.959 0.959 0.957 0.956 NaN
1990 0.96 0.959 0.959 0.956 0.956 NaN
1991 0.96 0.959 0.959 0.956 0.956 NaN
1992 0.96 0.959 0.959 0.956 0.956 NaN
1993 0.96 0.96 0.959 0.957 0.956 NaN
1994 0.96 0.96 0.959 0.957 0.956 NaN
1995 0.96 0.96 0.959 0.957 0.955 NaN
1996 0.96 0.96 0.959 0.956 0.955 NaN
1997 0.96 0.96 0.959 0.957 0.957 NaN
1998 0.96 0.959 0.959 0.956 0.956 NaN
1999 0.96 0.959 0.959 0.956 0.955 NaN
2000 0.96 0.994 0.874 0.872 0.993 NaN
2001 0.96 0.994 0.99 0.988 0.993 NaN
2002 0.96 0.993 0.993 0.991 0.994 NaN
2003 0.96 0.985 0.879 0.877 0.993 NaN
2004 0.96 0.916 0.994 0.991 0.994 NaN
2005 0.96 0.993 0.889 0.887 0.989 NaN
2006 0.96 0.962 0.993 0.991 0.991 NaN
2007 0.96 0.883 0.885 0.885 0.997 NaN
2008 0.96 0.956 0.994 0.993 0.982 NaN
2009 0.96 0.794 0.922 0.92 0.993 NaN
2010 0.96 0.985 0.995 0.99 0.987 NaN
2011 0.96 0.986 0.864 0.862 0.985 NaN
2012 0.96 0.934 0.99 0.992 0.991 NaN
2013 0.96 0.992 0.808 0.806 0.87 NaN
2014 0.96 0.991 0.678 0.677 0.922 Inf
2015 0.96 0.858 0.881 0.878 0.804 0.999
2016 0.96 0.866 0.725 0.722 0.97 0.998
2017 0.96 0.833 0.853 0.852 0.985 0.998
2018 0.96 0.791 0.991 0.988 0.975 0.995
2019 0.96 0.988 0.954 0.952 0.988 0.927
2020 0.96 0.995 0.646 0.644 0.982 0.988
2021 0.96 0.96 0.956 0.953 0.985 0.82
2022 0.96 0.96 0.96 0.955 0.972 0.931
2023 0.96 0.96 0.956 0.952 0.952 0.96
Values for breeding stock: Mexico
Year RUS+WAL EAL+BER GOA SEA+NBC SBC+WA OR+CA
1970 0.956 0.946 0.927 0.933 0.951 0.892
1971 0.956 0.951 0.955 0.945 0.953 0.943
1972 0.912 0.955 0.956 0.947 0.953 0.945
1973 0.957 0.955 0.956 0.948 0.954 0.946
1974 0.957 0.956 0.957 0.949 0.955 0.942
1975 0.957 0.956 0.956 0.949 0.955 0.943
1976 0.957 0.956 0.956 0.95 0.953 0.943
1977 0.957 0.956 0.957 0.95 0.954 0.943
1978 0.957 0.956 0.957 0.95 0.954 0.943
1979 0.957 0.956 0.957 0.95 0.954 0.943
1980 0.957 0.956 0.957 0.951 0.954 0.942
1981 0.958 0.956 0.957 0.951 0.953 0.942
1982 0.958 0.957 0.957 0.951 0.954 0.943
1983 0.958 0.957 0.957 0.952 0.954 0.943
1984 0.958 0.957 0.957 0.952 0.954 0.945
1985 0.958 0.957 0.957 0.953 0.954 0.945
1986 0.958 0.957 0.957 0.953 0.955 0.946
1987 0.958 0.957 0.957 0.952 0.954 0.946
1988 0.958 0.957 0.957 0.953 0.954 0.946
1989 0.958 0.958 0.957 0.955 0.954 0.947
1990 0.958 0.958 0.957 0.955 0.954 0.949
1991 0.958 0.958 0.957 0.955 0.954 0.947
1992 0.958 0.958 0.957 0.954 0.954 0.947
1993 0.958 0.958 0.957 0.956 0.954 0.947
1994 0.958 0.958 0.958 0.955 0.954 0.948
1995 0.959 0.958 0.958 0.956 0.954 0.948
1996 0.959 0.958 0.958 0.955 0.954 0.948
1997 0.957 0.956 0.956 0.953 0.954 0.947
1998 0.957 0.956 0.956 0.953 0.953 0.946
1999 0.957 0.956 0.956 0.953 0.952 0.946
2000 0.957 0.99 0.871 0.869 0.99 0.837
2001 0.957 0.991 0.987 0.985 0.99 0.969
2002 0.957 0.991 0.99 0.988 0.991 0.981
2003 0.958 0.983 0.877 0.874 0.991 0.979
2004 0.957 0.913 0.991 0.988 0.991 0.982
2005 0.957 0.99 0.886 0.884 0.986 0.938
2006 0.958 0.96 0.991 0.989 0.988 0.769
2007 0.958 0.88 0.883 0.883 0.995 0.973
2008 0.958 0.954 0.992 0.991 0.98 0.902
2009 0.958 0.792 0.919 0.918 0.99 0.963
2010 0.957 0.983 0.992 0.987 0.984 0.948
2011 0.957 0.983 0.862 0.86 0.982 0.85
2012 0.957 0.931 0.988 0.989 0.988 0.983
2013 0.958 0.989 0.806 0.804 0.868 0.992
2014 0.957 0.989 0.676 0.675 0.92 0.981
2015 0.957 0.855 0.878 0.876 0.801 0.965
2016 0.957 0.864 0.722 0.72 0.967 0.955
2017 0.957 0.831 0.851 0.849 0.982 0.98
2018 0.957 0.789 0.988 0.985 0.972 0.968
2019 0.957 0.985 0.952 0.95 0.985 0.913
2020 0.957 0.992 0.644 0.641 0.979 0.978
2021 0.957 0.956 0.953 0.949 0.981 0.808
2022 0.958 0.958 0.958 0.953 0.97 0.92
2023 0.957 0.957 0.952 0.949 0.949 0.947
Values for breeding stock: Central_Am
Year RUS+WAL EAL+BER GOA SEA+NBC SBC+WA OR+CA
1970 NaN NaN NaN NaN 0.946 0.887
1971 NaN NaN NaN NaN 0.948 0.939
1972 NaN NaN NaN NaN 0.95 0.941
1973 NaN NaN NaN NaN 0.949 0.94
1974 NaN NaN NaN NaN 0.95 0.938
1975 NaN NaN NaN NaN 0.951 0.938
1976 NaN NaN NaN NaN 0.949 0.939
1977 NaN NaN NaN NaN 0.95 0.939
1978 NaN NaN NaN NaN 0.949 0.938
1979 NaN NaN NaN NaN 0.95 0.939
1980 NaN NaN NaN NaN 0.951 0.939
1981 NaN NaN NaN NaN 0.95 0.939
1982 NaN NaN NaN NaN 0.95 0.939
1983 NaN NaN NaN NaN 0.951 0.94
1984 NaN NaN NaN NaN 0.95 0.942
1985 NaN NaN NaN NaN 0.95 0.942
1986 NaN NaN NaN NaN 0.951 0.942
1987 NaN NaN NaN NaN 0.951 0.943
1988 NaN NaN NaN NaN 0.951 0.943
1989 NaN NaN NaN NaN 0.951 0.944
1990 NaN NaN NaN NaN 0.951 0.946
1991 NaN NaN NaN NaN 0.951 0.944
1992 NaN NaN NaN NaN 0.952 0.944
1993 NaN NaN NaN NaN 0.951 0.944
1994 NaN NaN NaN NaN 0.952 0.945
1995 NaN NaN NaN NaN 0.951 0.945
1996 NaN NaN NaN NaN 0.952 0.946
1997 NaN NaN NaN NaN 0.953 0.946
1998 NaN NaN NaN NaN 0.953 0.946
1999 NaN NaN NaN NaN 0.952 0.946
2000 NaN NaN NaN NaN 0.989 0.836
2001 NaN NaN NaN NaN 0.99 0.969
2002 NaN NaN NaN NaN 0.99 0.98
2003 NaN NaN NaN NaN 0.99 0.978
2004 NaN NaN NaN NaN 0.99 0.981
2005 NaN NaN NaN NaN 0.986 0.938
2006 NaN NaN NaN NaN 0.988 0.769
2007 NaN NaN NaN NaN 0.994 0.973
2008 NaN NaN NaN NaN 0.979 0.901
2009 NaN NaN NaN NaN 0.99 0.962
2010 NaN NaN NaN NaN 0.984 0.948
2011 NaN NaN NaN NaN 0.982 0.85
2012 NaN NaN NaN NaN 0.988 0.983
2013 NaN NaN NaN NaN 0.867 0.992
2014 NaN NaN NaN NaN 0.92 0.981
2015 NaN NaN NaN NaN 0.802 0.965
2016 NaN NaN NaN NaN 0.967 0.955
2017 NaN NaN NaN NaN 0.983 0.98
2018 NaN NaN NaN NaN 0.972 0.968
2019 NaN NaN NaN NaN 0.987 0.914
2020 NaN NaN NaN NaN 0.979 0.979
2021 NaN NaN NaN NaN 0.982 0.809
2022 NaN NaN NaN NaN 0.97 0.92
2023 NaN NaN NaN NaN 0.95 0.948

Numbers over time by herd
Values for breeding stock: Asia
Year RUS+WAL EAL+BER GOA SEA+NBC SBC+WA OR+CA
1970 49 6 0 0 0 0
1971 59 8 0 0 0 0
1972 66 9 0 0 0 0
1973 76 11 0 0 0 0
1974 85 12 0 0 0 0
1975 94 13 0 0 0 0
1976 103 14 0 0 0 0
1977 111 15 0 0 0 0
1978 118 16 0 0 0 0
1979 126 17 0 0 0 0
1980 135 18 0 0 0 0
1981 146 20 0 0 0 0
1982 160 22 0 0 0 0
1983 174 24 0 0 0 0
1984 191 26 0 0 0 0
1985 209 29 0 0 0 0
1986 228 31 0 0 0 0
1987 248 34 0 0 0 0
1988 270 37 0 0 0 0
1989 292 40 0 0 0 0
1990 316 43 0 0 0 0
1991 343 47 0 0 0 0
1992 372 51 0 0 0 0
1993 403 56 0 0 0 0
1994 437 61 0 0 0 0
1995 475 66 0 0 0 0
1996 515 72 0 0 0 0
1997 558 78 0 0 0 0
1998 605 85 0 0 0 0
1999 654 92 0 0 0 0
2000 707 100 0 0 0 0
2001 764 112 0 0 0 0
2002 824 126 0 0 0 0
2003 889 141 0 0 0 0
2004 958 157 0 0 0 0
2005 1031 162 0 0 0 0
2006 1108 182 0 0 0 0
2007 1190 197 0 0 0 0
2008 1276 196 0 0 0 0
2009 1366 211 0 0 0 0
2010 1459 188 0 0 0 0
2011 1556 207 0 0 0 0
2012 1656 228 0 0 0 0
2013 1748 237 0 0 0 0
2014 1869 265 0 0 0 0
2015 1928 285 0 0 0 0
2016 2042 273 0 0 0 0
2017 2156 265 0 0 0 0
2018 2265 246 0 0 0 0
2019 2381 219 0 0 0 0
2020 2472 241 0 0 0 0
2021 2556 265 0 0 0 0
2022 2631 281 0 0 0 0
2023 2694 297 0 0 0 0
Values for breeding stock: Hawaii
Year RUS+WAL EAL+BER GOA SEA+NBC SBC+WA OR+CA
1970 7 128 78 257 13 0
1971 8 157 96 315 15 0
1972 10 186 114 369 18 0
1973 11 214 131 422 21 0
1974 12 240 147 472 24 0
1975 14 266 163 520 26 0
1976 15 290 177 566 28 0
1977 16 313 192 610 31 0
1978 18 336 206 652 33 0
1979 19 357 219 692 35 0
1980 20 386 236 746 38 0
1981 22 422 258 812 41 0
1982 24 463 284 890 45 0
1983 27 510 312 978 49 0
1984 29 563 344 1075 54 0
1985 32 619 379 1181 60 0
1986 36 680 415 1293 65 0
1987 39 745 454 1410 72 0
1988 42 812 495 1534 78 0
1989 46 885 539 1670 85 0
1990 50 964 587 1817 92 0
1991 55 1051 640 1977 100 0
1992 60 1147 698 2152 109 0
1993 65 1253 761 2348 119 0
1994 71 1370 831 2561 130 0
1995 77 1497 908 2794 141 0
1996 84 1636 992 3044 154 0
1997 92 1787 1082 3315 168 0
1998 100 1949 1179 3607 183 0
1999 108 2125 1284 3920 199 0
2000 117 2316 1398 4262 216 0
2001 127 2612 1385 4217 244 0
2002 138 2944 1555 4732 276 0
2003 150 3318 1750 5316 311 0
2004 162 3705 1741 5280 351 0
2005 175 3844 1958 5928 394 0
2006 189 4320 1969 5950 443 0
2007 204 4706 2207 6674 501 0
2008 219 4696 2207 6669 559 0
2009 236 5072 2475 7471 631 0
2010 253 4538 2579 7747 703 0
2011 271 5036 2887 8663 781 0
2012 290 5578 2800 8418 874 0
2013 309 5844 3125 9377 973 0
2014 329 6498 2827 8470 942 0
2015 349 7206 2151 6427 969 0
2016 370 6904 2127 6340 867 0
2017 390 6688 1730 5148 930 0
2018 411 6221 1647 4890 1000 0
2019 431 5520 1822 5399 1087 0
2020 450 6098 1939 5726 1166 0
2021 469 6760 1391 4096 1252 0
2022 486 7217 1482 4348 1334 0
2023 502 7669 1581 4630 1401 0
Values for breeding stock: Mexico
Year RUS+WAL EAL+BER GOA SEA+NBC SBC+WA OR+CA
1970 4 129 21 25 7 63
1971 5 158 25 31 8 77
1972 6 186 30 36 10 90
1973 7 213 34 41 11 102
1974 7 239 38 46 13 114
1975 8 264 42 51 14 124
1976 9 288 46 55 15 135
1977 10 311 50 60 17 144
1978 11 333 54 64 18 153
1979 11 354 57 67 19 162
1980 12 382 61 73 20 173
1981 13 417 67 79 22 188
1982 14 457 74 86 24 205
1983 16 503 81 95 27 224
1984 17 554 89 104 29 246
1985 19 610 98 114 32 269
1986 21 669 107 125 35 294
1987 23 731 117 136 38 319
1988 25 797 128 148 42 346
1989 27 868 139 161 45 375
1990 30 945 151 175 49 407
1991 32 1029 164 190 54 440
1992 35 1122 179 207 58 478
1993 38 1225 195 226 63 519
1994 42 1338 213 246 69 564
1995 45 1461 233 268 75 614
1996 49 1596 254 292 82 668
1997 54 1738 276 317 89 725
1998 58 1892 301 344 97 787
1999 63 2058 327 373 105 852
2000 68 2239 355 405 114 926
2001 74 2521 351 400 129 885
2002 80 2838 394 448 145 982
2003 87 3195 443 503 164 1102
2004 94 3565 440 499 184 1236
2005 101 3693 494 560 207 1385
2006 109 4148 497 561 232 1486
2007 118 4513 556 629 263 1307
2008 126 4497 555 628 292 1461
2009 136 4850 622 702 329 1502
2010 145 4332 647 727 367 1639
2011 155 4799 723 811 407 1781
2012 166 5307 700 787 454 1725
2013 177 5552 780 876 505 1932
2014 188 6165 704 790 489 2145
2015 199 6824 535 598 501 2348
2016 210 6527 528 589 448 2559
2017 222 6313 429 478 480 2871
2018 233 5863 408 453 515 3190
2019 244 5195 450 499 558 3577
2020 254 5726 478 528 598 3752
2021 264 6334 342 377 640 4179
2022 274 6757 364 400 682 3860
2023 282 7166 388 425 714 4029
Values for breeding stock: Central_Am
Year RUS+WAL EAL+BER GOA SEA+NBC SBC+WA OR+CA
1970 0 0 0 0 2 26
1971 0 0 0 0 2 31
1972 0 0 0 0 2 36
1973 0 0 0 0 3 41
1974 0 0 0 0 3 46
1975 0 0 0 0 3 50
1976 0 0 0 0 4 54
1977 0 0 0 0 4 58
1978 0 0 0 0 4 61
1979 0 0 0 0 5 64
1980 0 0 0 0 5 69
1981 0 0 0 0 5 75
1982 0 0 0 0 6 81
1983 0 0 0 0 6 89
1984 0 0 0 0 7 97
1985 0 0 0 0 8 106
1986 0 0 0 0 8 116
1987 0 0 0 0 9 126
1988 0 0 0 0 10 136
1989 0 0 0 0 11 147
1990 0 0 0 0 12 159
1991 0 0 0 0 13 172
1992 0 0 0 0 14 187
1993 0 0 0 0 15 203
1994 0 0 0 0 16 220
1995 0 0 0 0 18 239
1996 0 0 0 0 19 260
1997 0 0 0 0 21 282
1998 0 0 0 0 23 307
1999 0 0 0 0 25 332
2000 0 0 0 0 27 361
2001 0 0 0 0 30 345
2002 0 0 0 0 34 383
2003 0 0 0 0 38 429
2004 0 0 0 0 43 481
2005 0 0 0 0 48 539
2006 0 0 0 0 54 578
2007 0 0 0 0 61 508
2008 0 0 0 0 68 568
2009 0 0 0 0 77 584
2010 0 0 0 0 86 637
2011 0 0 0 0 95 692
2012 0 0 0 0 106 670
2013 0 0 0 0 118 751
2014 0 0 0 0 114 834
2015 0 0 0 0 117 913
2016 0 0 0 0 105 995
2017 0 0 0 0 112 1117
2018 0 0 0 0 121 1241
2019 0 0 0 0 131 1395
2020 0 0 0 0 140 1463
2021 0 0 0 0 150 1630
2022 0 0 0 0 160 1505
2023 0 0 0 0 168 1572

Catch numbers by breeding stock
Year Asia Hawaii Mexico Central_Am
1970 0.9 0 1.1 0.3
1971 0.9 0 1.2 0.3
1972 1 0 1.3 0.3
1973 1.1 0 1.3 0.4
1974 1.2 0.1 1.4 0.4
1975 1.2 0.1 1.5 0.4
1976 1.3 0.1 1.6 0.4
1977 1.4 0.1 1.6 0.4
1978 1.5 0.1 1.7 0.5
1979 1.6 0.1 1.8 0.5
1980 1.8 0.1 1.9 0.5
1981 1.9 0.1 2 0.5
1982 2 0.1 2.1 0.6
1983 2.2 0.1 2.2 0.6
1984 2.3 0.1 2.4 0.6
1985 2.5 0.1 2.5 0.7
1986 2.6 0.1 2.6 0.7
1987 2.8 0.1 2.8 0.7
1988 3 0.1 2.9 0.8
1989 3.2 0.1 3.1 0.8
1990 3.5 0.2 3.2 0.8
1991 3.7 0.2 3.4 0.9
1992 4 0.2 3.6 0.9
1993 4.3 0.2 3.8 1
1994 4.6 0.2 4 1
1995 4.9 0.2 4.2 1.1
1996 5.2 0.2 4.4 1.1
1997 5.6 0.2 11 1.2
1998 6 0.2 11.6 1.2
1999 6.4 0.2 12.3 1.3
2000 6.9 0.3 12.9 1.4
2001 7.3 0.3 13.6 1.4
2002 7.9 0 13.7 1.5
2003 8.4 0 13.7 1.6
2004 9 0 15.8 1.7
2005 9.6 0 19 1.8
2006 10.3 1 16.1 1.8
2007 11.1 0 18.2 1.9
2008 11.8 0 18.7 2
2009 12.7 0 21.2 2.1
2010 13.6 0 22 2.2
2011 14.5 0.8 24.9 2.4
2012 15.5 0 25.6 2.5
2013 28 0 25.3 2.6
2014 0 5 30.6 2.7
2015 72 0 33.5 2.9
2016 12 0.1 33.4 3
2017 12 0.1 31.5 3.2
2018 16 0.1 31.5 3.3
2019 4 0.4 31.5 1.7
2020 26.8 0.4 40.7 5
2021 28.6 0.4 44.1 4.7
2022 30.7 0.4 26.4 3.7
2023 32.8 0.4 43.3 4.2

Catch numbers by feeding ground
Year RUS+WAL EAL+BER GOA SEA+NBC SBC+WA OR+CA
1970 0 2.7 3.1 6.8 0.1 6.4
1971 0 1.8 0.1 4 0.1 1.5
1972 4 0.8 0.1 4.1 0.1 1.6
1973 0 0.8 0.1 4.3 0.1 1.7
1974 0 0.8 0.1 4.5 0.1 2.5
1975 0 0.8 0.2 4.7 0.1 2.7
1976 0 0.8 0.2 4.9 0.2 2.9
1977 0 0.8 0.2 5.2 0.2 3.1
1978 0 0.8 0.2 5.4 0.2 3.3
1979 0 1 0.2 5.6 0.2 3.5
1980 0 1 0.2 5.9 0.2 3.9
1981 0 1 0.3 6.1 0.3 4.2
1982 0 1 0.4 6.5 0.3 4.5
1983 0 1 0.4 6.7 0.3 4.8
1984 0 1 0.5 7.1 0.4 4.6
1985 0 1 0.5 6.7 0.4 5
1986 0 1 0.7 7.8 0.4 5.4
1987 0 1 0.7 10 0.5 5.8
1988 0 1.1 0.8 8.5 0.5 6.3
1989 0 0.9 0.8 6.1 0.6 6.1
1990 0 1 0.8 7.4 0.7 5.8
1991 0 1 0.9 8.2 0.7 7.6
1992 0 1.1 0.9 9.8 0.8 8.3
1993 0 1.1 1 7.1 0.9 8.6
1994 0 1.2 1 9.3 1 8.8
1995 0 1.2 1 9.3 1.1 9.6
1996 0 1.2 1.1 12.7 1.2 9.9
1997 0 1.2 1.3 12.7 0.9 10.7
1998 0 3 1.4 14.7 1.2 12
1999 0 2.6 1.4 17.4 1.7 13.5
2000 0 1.2 1.5 14.1 1.5 11.6
2001 0 1.2 1.8 16.4 1.7 13.4
2002 0 2.4 1.9 13.8 1.9 13.7
2003 0 1.4 2 18.9 2.3 16
2004 0 1.4 2.3 22 2.5 15.9
2005 0 1.6 2.3 23.3 5.8 20.1
2006 0 1.6 2.4 22.7 5.3 22.1
2007 0 0.1 7.3 18.4 0 18.1
2008 0 0.1 4.3 19.7 12.4 8.8
2009 0 0.1 4.3 24.1 0 9.8
2010 0 6.1 0.8 44.5 7 24.5
2011 0 3.1 4 28.4 11 11.9
2012 0 4.1 8.8 11.6 0 10
2013 0 0.1 4 31.6 0 4.7
2014 0 0.1 11.8 43.7 7 45.2
2015 0 4.1 12 51 9.1 103.4
2016 0 4.1 4.8 34.8 7.1 150.3
2017 0 4.1 2.1 16.3 11.1 60.3
2018 0 1.1 4 26.6 30.1 111.1
2019 0 4.1 6 27.3 9.1 61
2020 0 1.1 0 24 23 31.2
2021 0 2.2 7 33.7 13 62.4
2022 0 4.3 0.8 22.3 8 56
2023 0 3.6 9.1 40.1 19.2 59.7
