Stock structure: B1F1; Model type = S1
Mortality impacts feeding grounds
Recuitment related to unfished
Staying rate: 0
Age-at-matrity: 8
Base adult survival: 0
Mirrored survival
Sigma for survival devs: 6
Additional variance estimated
Weight for mark-recapture proportions: 1
Weight for genetics proportions: 1


Total objective fn: 253.927919115556
Negative log-likelihood fn: 63.6308352057528

Natural Survival by feeding ground
RUS+WAL,EAL+BER,GOA,SEA+NBC,SBC+WA,OR+CA
1970 0.96 0.96 0.96 0.96 0.96 0.96
1971 0.96 0.96 0.96 0.96 0.96 0.96
1972 0.96 0.96 0.96 0.96 0.96 0.96
1973 0.96 0.96 0.96 0.96 0.96 0.96
1974 0.96 0.96 0.96 0.96 0.96 0.96
1975 0.96 0.96 0.96 0.96 0.96 0.96
1976 0.96 0.96 0.96 0.96 0.96 0.96
1977 0.96 0.96 0.96 0.96 0.96 0.96
1978 0.96 0.96 0.96 0.96 0.96 0.96
1979 0.96 0.96 0.96 0.96 0.96 0.96
1980 0.96 0.96 0.96 0.96 0.96 0.96
1981 0.96 0.96 0.96 0.96 0.96 0.96
1982 0.96 0.96 0.96 0.96 0.96 0.96
1983 0.96 0.96 0.96 0.96 0.96 0.96
1984 0.96 0.96 0.96 0.96 0.96 0.96
1985 0.96 0.96 0.96 0.96 0.96 0.96
1986 0.96 0.96 0.96 0.96 0.96 0.96
1987 0.96 0.96 0.96 0.96 0.96 0.96
1988 0.96 0.96 0.96 0.96 0.96 0.96
1989 0.96 0.96 0.96 0.96 0.96 0.96
1990 0.96 0.96 0.96 0.96 0.96 0.96
1991 0.96 0.96 0.96 0.96 0.96 0.96
1992 0.96 0.96 0.96 0.96 0.96 0.96
1993 0.96 0.96 0.96 0.96 0.96 0.96
1994 0.96 0.96 0.96 0.96 0.96 0.96
1995 0.96 0.96 0.96 0.96 0.96 0.96
1996 0.96 0.96 0.96 0.96 0.96 0.96
1997 0.96 0.96 0.96 0.96 0.96 0.96
1998 0.96 0.96 0.96 0.96 0.96 0.96
1999 0.96 0.96 0.96 0.96 0.96 0.96
2000 0.96 0.9938846 0.8731244 0.8731244 0.9971215 0.8415782
2001 0.96 0.9938799 0.9902314 0.9902314 0.9975816 0.9804578
2002 0.96 0.9942389 0.9934662 0.9934662 0.9978278 0.9933041
2003 0.96 0.9871639 0.8842255 0.8842255 0.9979116 0.9903061
2004 0.96 0.8923226 0.9949571 0.9949571 0.9978669 0.9932355
2005 0.96 0.9943407 0.8904999 0.8904999 0.9977725 0.9410911
2006 0.96 0.9586299 0.9939043 0.9939043 0.9978804 0.79327
2007 0.96 0.878252 0.8852873 0.8852873 0.9973186 0.9856087
2008 0.96 0.959506 0.9957573 0.9957573 0.9958488 0.9069116
2009 0.96 0.7796407 0.9237603 0.9237603 0.9932461 0.9691112
2010 0.96 0.9855862 0.9950887 0.9950887 0.9930096 0.9597236
2011 0.96 0.9861388 0.865103 0.865103 0.9934422 0.852413
2012 0.96 0.9422648 0.992903 0.992903 0.99099 0.9891319
2013 0.96 0.9913941 0.8091073 0.8091073 0.8700305 0.9964735
2014 0.96 0.9913356 0.6807842 0.6807842 0.9290057 0.9982721
2015 0.96 0.8522704 0.8851776 0.8851776 0.8025058 0.9986587
2016 0.96 0.8705224 0.7259439 0.7259439 0.968884 0.9982814
2017 0.96 0.8236021 0.855545 0.855545 0.992237 0.9976023
2018 0.96 0.7857134 0.9929579 0.9929579 0.9919956 0.9941776
2019 0.96 0.9888584 0.9570527 0.9570527 0.9924814 0.9112306
2020 0.96 0.9954187 0.6487301 0.6487301 0.9938312 0.9872779
2021 0.96 0.9600762 0.9600112 0.9600112 0.9902593 0.8341703
2022 0.96 0.9599935 0.9599992 0.9599992 0.9688012 0.9302006
2023 0.96 0.96 0.96 0.96 0.96 0.9602298

Naturak Survival by breeding stock
RUS+WAL,EAL+BER,GOA,SEA+NBC,SBC+WA,OR+CA
1970 0.96 0.96 0.96 0.96
1971 0.96 0.96 0.96 0.96
1972 0.96 0.96 0.96 0.96
1973 0.96 0.96 0.96 0.96
1974 0.96 0.96 0.96 0.96
1975 0.96 0.96 0.96 0.96
1976 0.96 0.96 0.96 0.96
1977 0.96 0.96 0.96 0.96
1978 0.96 0.96 0.96 0.96
1979 0.96 0.96 0.96 0.96
1980 0.96 0.96 0.96 0.96
1981 0.96 0.96 0.96 0.96
1982 0.96 0.96 0.96 0.96
1983 0.96 0.96 0.96 0.96
1984 0.96 0.96 0.96 0.96
1985 0.96 0.96 0.96 0.96
1986 0.96 0.96 0.96 0.96
1987 0.96 0.96 0.96 0.96
1988 0.96 0.96 0.96 0.96
1989 0.96 0.96 0.96 0.96
1990 0.96 0.96 0.96 0.96
1991 0.96 0.96 0.96 0.96
1992 0.96 0.96 0.96 0.96
1993 0.96 0.96 0.96 0.96
1994 0.96 0.96 0.96 0.96
1995 0.96 0.96 0.96 0.96
1996 0.96 0.96 0.96 0.96
1997 0.96 0.96 0.96 0.96
1998 0.96 0.96 0.96 0.96
1999 0.96 0.96 0.96 0.96
2000 0.96 0.96 0.96 0.96
2001 0.96 0.96 0.96 0.96
2002 0.96 0.96 0.96 0.96
2003 0.96 0.96 0.96 0.96
2004 0.96 0.96 0.96 0.96
2005 0.96 0.96 0.96 0.96
2006 0.96 0.96 0.96 0.96
2007 0.96 0.96 0.96 0.96
2008 0.96 0.96 0.96 0.96
2009 0.96 0.96 0.96 0.96
2010 0.96 0.96 0.96 0.96
2011 0.96 0.96 0.96 0.96
2012 0.96 0.96 0.96 0.96
2013 0.96 0.96 0.96 0.96
2014 0.96 0.96 0.96 0.96
2015 0.96 0.96 0.96 0.96
2016 0.96 0.96 0.96 0.96
2017 0.96 0.96 0.96 0.96
2018 0.96 0.96 0.96 0.96
2019 0.96 0.96 0.96 0.96
2020 0.96 0.96 0.96 0.96
2021 0.96 0.96 0.96 0.96
2022 0.96 0.96 0.96 0.96
2023 0.96 0.96 0.96 0.96

Fecundity by feeding ground
RUS+WAL,EAL+BER,GOA,SEA+NBC,SBC+WA,OR+CA
1970 0.961485 0.963103 0.9625878 0.9613024 0.963748 0.9659656
1971 0.961485 0.963103 0.9625878 0.9613024 0.963748 0.9659656
1972 0.961485 0.963103 0.9625878 0.9613024 0.963748 0.9659656
1973 0.961485 0.963103 0.9625878 0.9613024 0.963748 0.9659656
1974 0.961485 0.963103 0.9625878 0.9613024 0.963748 0.9659656
1975 0.961485 0.963103 0.9625878 0.9613024 0.963748 0.9659656
1976 0.961485 0.963103 0.9625878 0.9613024 0.963748 0.9659656
1977 0.961485 0.963103 0.9625878 0.9613024 0.963748 0.9659656
1978 0.961485 0.963103 0.9625878 0.9613024 0.963748 0.9659656
1979 0.959355 0.9613244 0.9606336 0.9591659 0.962102 0.9649041
1980 0.9578321 0.9595894 0.9587586 0.9571186 0.9605231 0.9638919
1981 0.9558697 0.9579246 0.9569587 0.9551599 0.95901 0.9629307
1982 0.9539975 0.956329 0.9552331 0.9532886 0.9575594 0.9620538
1983 0.9522008 0.9547988 0.9535859 0.9514992 0.956168 0.9612242
1984 0.9504875 0.9533318 0.9520056 0.9497884 0.9548676 0.9604401
1985 0.9488535 0.951924 0.9504886 0.9481564 0.9536193 0.9596983
1986 0.9472964 0.9505745 0.9490333 0.9465967 0.9524248 0.9590037
1987 0.9458129 0.9492868 0.9476373 0.9451066 0.9512792 0.958349
1988 0.9438271 0.9475637 0.9457612 0.9431011 0.9497272 0.95745
1989 0.9415162 0.9454359 0.9434564 0.9406244 0.9478389 0.9563249
1990 0.9387751 0.9429405 0.9407625 0.9377287 0.9456159 0.9550027
1991 0.9356585 0.9401131 0.9377088 0.9344497 0.9430872 0.9535097
1992 0.9321935 0.9369871 0.9343419 0.9308338 0.9403175 0.9518397
1993 0.9284286 0.933592 0.9306844 0.9268897 0.9373098 0.9500499
1994 0.9243879 0.929955 0.9267834 0.9227048 0.9340859 0.9481519
1995 0.9201159 0.9261048 0.9226505 0.9183475 0.930705 0.9461643
1996 0.9156421 0.9220689 0.9183194 0.9137173 0.927155 0.9441115
1997 0.9108436 0.9177321 0.9136643 0.9086593 0.923367 0.9418868
1998 0.9056604 0.9130094 0.908587 0.903198 0.9192615 0.9394294
1999 0.899988 0.9078189 0.9030132 0.8972249 0.9147335 0.936819
2000 0.8937634 0.9020993 0.8968648 0.8906933 0.9097534 0.9339504
2001 0.8869243 0.8957956 0.8900974 0.8833973 0.9042825 0.9307702
2002 0.8794258 0.8888701 0.8826591 0.87546 0.8982798 0.9272497
2003 0.8712323 0.8812893 0.8745224 0.8667795 0.8917188 0.9234141
2004 0.862323 0.8730328 0.865674 0.8574695 0.8845845 0.9192212
2005 0.8527352 0.8641878 0.8561779 0.8473954 0.8768019 0.9147795
2006 0.8423927 0.8546735 0.8459196 0.8365516 0.8684783 0.9100072
2007 0.8312465 0.8443689 0.8348318 0.8249106 0.8596364 0.9048768
2008 0.8192374 0.8331748 0.8228512 0.812195 0.8499624 0.8991758
2009 0.8062753 0.8157717 0.8244966 0.8141788 0.8344315 0.9027697
2010 0.7922903 0.7962485 0.8067514 0.7952875 0.8168659 0.8954341
2011 0.7771887 0.7742096 0.7863074 0.7737065 0.7970904 0.8862357
2012 0.7609173 0.7510763 0.7862647 0.7740349 0.774804 0.8761056
2013 0.7434323 0.7489862 0.7632096 0.7498559 0.7508114 0.8646203
2014 0.7246421 0.7213743 0.76194 0.748924 0.7234137 0.8580221
2015 0.7045386 0.7006105 0.736844 0.7220807 0.6906772 0.8698219
2016 0.6830806 0.7029332 0.7373201 0.7228133 0.6585054 0.8578809
2017 0.6602382 0.6809718 0.7089455 0.6930705 0.6183974 0.8547993
2018 0.6360235 0.7166787 0.6978347 0.6826638 0.5775094 0.8442239
2019 0.6103579 0.6895514 0.6651914 0.648645 0.5338255 0.8333014
2020 0.583221 0.6600212 0.6744008 0.6578642 0.4816669 0.8382692
2021 0.5558867 0.6432686 0.6400145 0.6223068 0.4261033 0.8223702
2022 0.5239254 0.6072546 0.6715583 0.6560719 0.4426053 0.8058803
2023 0.4984189 0.568881 0.7430409 0.7319562 0.4259429 0.7901524

Total abundance: Estimate SD_log
1970 847.3677 0.03994057
1971 1022.356 0.03884433
1972 1201.384 0.03785015
1973 1369.988 0.03728428
1974 1535.207 0.03681002
1975 1692.57 0.03648861
1976 1843.062 0.03625592
1977 1986.862 0.03608659
1978 2124.334 0.0359614
1979 2255.636 0.0358706
1980 2432.17 0.03561816
1981 2648.77 0.03529555
1982 2902.788 0.03494109
1983 3190.139 0.03460141
1984 3507.687 0.03429518
1985 3852.296 0.03403113
1986 4221.27 0.03380832
1987 4610.352 0.03363523
1988 5015.8 0.03351253
1989 5452.208 0.03339416
1990 5930.628 0.03326524
1991 6455.071 0.03314842
1992 7030.689 0.03305091
1993 7663.026 0.0329723
1994 8360.693 0.03289639
1995 9121.721 0.03284685
1996 9949.12 0.03281987
1997 10841.56 0.0328223
1998 11800.36 0.03285721
1999 12832.36 0.0329172
2000 13945.04 0.03299879
2001 14547.31 0.03598061
2002 16264.53 0.03611155
2003 18234.17 0.03640402
2004 19392.46 0.03507718
2005 20868.41 0.02660931
2006 22194.91 0.03069105
2007 24013.84 0.05055827
2008 24387.63 0.05284262
2009 26685.93 0.05003946
2010 26453.71 0.04166016
2011 29260.18 0.0397566
2012 30139 0.04087107
2013 32833.67 0.03612634
2014 33247.43 0.04619429
2015 32165 0.04114742
2016 31692.64 0.04498305
2017 30223.65 0.04689661
2018 29728.52 0.03992934
2019 30014.21 0.03547446
2020 32145.44 0.03522073
2021 31957.77 0.03634403
2022 33195.3 0.1143332
2023 35082.95 0.1579687
2024 37155.91 0.1965641

Breeding stock abundance: Estimate SD_log Estimate/K
Asia
1970 62.30223 0.08186985 1.262259
1971 75.86588 0.08174366 1.537062
1972 88.91868 0.08171955 1.801515
1973 98.70471 0.08387189 1.999782
1974 110.6866 0.08373064 2.242537
1975 122.0933 0.08369883 2.47364
1976 133.0439 0.08368094 2.695502
1977 143.4605 0.08372726 2.906546
1978 153.3646 0.08382161 3.107205
1979 162.7766 0.08395324 3.297895
1980 175.4381 0.08395877 3.554419
1981 190.186 0.08426577 3.853216
1982 207.6449 0.08444305 4.206937
1983 227.5301 0.08453466 4.609817
1984 249.5082 0.08459785 5.055098
1985 273.4302 0.08462147 5.539763
1986 298.9687 0.08465325 6.057181
1987 326.0088 0.08467427 6.605019
1988 354.2527 0.08471755 7.177247
1989 384.4772 0.0847563 7.789605
1990 417.1752 0.0848139 8.452074
1991 452.8331 0.08488349 9.174511
1992 492.0093 0.08493487 9.968232
1993 534.9955 0.08497619 10.83914
1994 582.0707 0.08500729 11.7929
1995 633.4529 0.08502833 12.83391
1996 689.2656 0.08504686 13.96469
1997 749.5641 0.08507147 15.18635
1998 814.49 0.08511709 16.50177
1999 884.2939 0.08519293 17.91601
2000 959.4869 0.08530302 19.43944
2001 1046.244 0.08544733 21.19716
2002 1140.603 0.08566718 23.10889
2003 1243.105 0.08600976 25.18562
2004 1352.86 0.08658191 27.40929
2005 1446.283 0.08698114 29.30205
2006 1573.639 0.08772186 31.88232
2007 1700.388 0.0902405 34.45027
2008 1809.398 0.09109666 36.65886
2009 1951.453 0.09230333 39.53692
2010 2039.585 0.09346799 41.32249
2011 2201.285 0.09546132 44.59859
2012 2372.997 0.09808565 48.0775
2013 2538.327 0.1011397 51.42713
2014 2720.019 0.1052439 55.10827
2015 2939.723 0.1089856 59.55952
2016 3035.726 0.1171456 61.50457
2017 3207.434 0.1242195 64.98341
2018 3363.69 0.1324743 68.14919
2019 3509.943 0.1429187 71.11232
2020 3744.352 0.1519034 75.8615
2021 3961.933 0.1628851 80.26974
2022 4164.661 0.1771328 84.37707
2023 4363.724 0.1928605 88.41012
Hawaii
1970 500.3256 0.04635961 1.223422
1971 606.7752 0.0454372 1.483718
1972 713.983 0.0446336 1.745868
1973 816.7053 0.04412575 1.997049
1974 915.7321 0.04376432 2.239195
1975 1010.52 0.04351421 2.470974
1976 1101.266 0.04333566 2.692871
1977 1188.151 0.04320583 2.905327
1978 1271.288 0.04311216 3.108618
1979 1350.918 0.0430425 3.303333
1980 1457.735 0.0428469 3.564529
1981 1589.259 0.04258719 3.886137
1982 1743.31 0.04230869 4.262831
1983 1917.55 0.0420468 4.688891
1984 2110.185 0.04181284 5.159932
1985 2319.008 0.04161867 5.670556
1986 2543.084 0.04145042 6.218479
1987 2779.254 0.04132864 6.795973
1988 3025.091 0.04125716 7.397107
1989 3290.649 0.04117467 8.046463
1990 3582.522 0.04107145 8.760166
1991 3901.754 0.0409904 9.540768
1992 4252.917 0.04092465 10.39945
1993 4638.344 0.04088297 11.34191
1994 5064.546 0.0408349 12.38409
1995 5528.498 0.04082228 13.51857
1996 6033.039 0.04083257 14.75229
1997 6576.089 0.04088188 16.08019
1998 7163.807 0.04094481 17.51731
1999 7796.227 0.04103859 19.06373
2000 8477.854 0.04116367 20.73048
2001 8765.326 0.04523683 21.43342
2002 9830.918 0.04687283 24.03906
2003 11049.63 0.04759334 27.01913
2004 11514.96 0.04239368 28.15696
2005 12483.02 0.03547644 30.52412
2006 13081.85 0.04075066 31.9884
2007 14482.99 0.05261166 35.41454
2008 14506.51 0.05391591 35.47205
2009 16057.41 0.05151297 39.2644
2010 15928.05 0.04696559 38.94808
2011 17728.18 0.04590981 43.34984
2012 18030 0.04454836 44.08788
2013 19750.8 0.0429553 48.29567
2014 19244.44 0.06314064 47.05749
2015 17315.26 0.04892227 42.34016
2016 16780.97 0.05190571 41.03369
2017 15086.74 0.05653161 36.89087
2018 14340.31 0.05041257 35.06565
2019 14411.67 0.04481718 35.24016
2020 15539.37 0.04336362 37.99767
2021 14170.6 0.05408246 34.65067
2022 15057.62 0.1553343 36.81967
2023 16000.28 0.2137812 39.1247
Mexico
1970 248.4434 0.05390334 0.7454228
1971 297.935 0.0537815 0.8939157
1972 349.7802 0.05319563 1.049471
1973 399.2626 0.05286789 1.197936
1974 447.2534 0.05260052 1.341927
1975 492.7186 0.05247047 1.478339
1976 536.1058 0.05240023 1.608517
1977 577.4898 0.05237264 1.732684
1978 617.0776 0.05236501 1.851463
1979 654.8496 0.05237956 1.964792
1980 705.6657 0.05227489 2.11726
1981 768.2348 0.05211225 2.30499
1982 841.6186 0.05192074 2.525169
1983 924.6466 0.05173633 2.774284
1984 1016.343 0.05157388 3.049407
1985 1115.902 0.05143387 3.348121
1986 1222.296 0.05132631 3.667342
1987 1334.576 0.05125152 4.004224
1988 1451.832 0.05120951 4.356038
1989 1577.513 0.05117712 4.733126
1990 1714.88 0.05113324 5.145278
1991 1866.106 0.05107647 5.599013
1992 2031.757 0.05104331 6.096026
1993 2214.038 0.05101377 6.642939
1994 2414.623 0.05098277 7.244767
1995 2634.116 0.05095491 7.90333
1996 2872.809 0.05093882 8.619496
1997 3131.126 0.05093112 9.394544
1998 3404.131 0.05102305 10.21366
1999 3698.205 0.05112066 11.09599
2000 4015.864 0.0512208 12.04909
2001 4260.346 0.05442053 12.78262
2002 4765.996 0.05276948 14.29976
2003 5349.877 0.05252385 16.05162
2004 5862.715 0.05512559 17.59033
2005 6195.787 0.04648724 18.58967
2006 6745.419 0.04972572 20.23877
2007 7100.801 0.0816455 21.30505
2008 7258.84 0.08492411 21.77922
2009 7832.527 0.08142717 23.50049
2010 7555.932 0.06897042 22.67061
2011 8321.537 0.06614547 24.96771
2012 8742.074 0.06880952 26.22947
2013 9434.969 0.05985002 28.30842
2014 10061.22 0.06073013 30.1874
2015 10563.61 0.06373744 31.69477
2016 10431.36 0.0689439 31.29797
2017 10353.52 0.06776103 31.06441
2018 10260.89 0.05944221 30.7865
2019 10145.09 0.05337338 30.43904
2020 10848.39 0.05405899 32.5492
2021 11582.4 0.05305565 34.75151
2022 11835.81 0.1332413 35.51182
2023 12484.33 0.1797536 37.45763
Central_Am
1970 36.29641 0.07893971 0.5057316
1971 41.77975 0.07920564 0.5821331
1972 48.70251 0.07912702 0.6785905
1973 55.31529 0.07910322 0.7707287
1974 61.53504 0.07922658 0.8573909
1975 67.23799 0.07935994 0.9368523
1976 72.64652 0.07947848 1.012211
1977 77.76087 0.07959204 1.083472
1978 82.60414 0.07969465 1.150955
1979 87.09195 0.07987512 1.213485
1980 93.33091 0.07995476 1.300415
1981 101.0903 0.07996781 1.408529
1982 110.2141 0.07996517 1.535655
1983 120.4124 0.08002336 1.677751
1984 131.6507 0.08007255 1.834339
1985 143.9561 0.08011625 2.005794
1986 156.9217 0.08021014 2.186449
1987 170.5134 0.08030929 2.375827
1988 184.6232 0.08041394 2.572425
1989 199.569 0.08054848 2.78067
1990 216.05 0.08065883 3.010307
1991 234.3779 0.08075702 3.265676
1992 254.0064 0.08088849 3.539168
1993 275.6477 0.0810114 3.840704
1994 299.4527 0.08116049 4.172387
1995 325.653 0.08130607 4.537447
1996 354.0066 0.08147778 4.932508
1997 384.7761 0.08165493 5.361231
1998 417.9323 0.08185428 5.823208
1999 453.6334 0.08206337 6.320645
2000 491.8354 0.0823092 6.852929
2001 475.3967 0.1011633 6.623882
2002 527.0164 0.09012127 7.343118
2003 591.558 0.08974615 8.242401
2004 661.9251 0.09022768 9.222852
2005 743.3123 0.09156772 10.35685
2006 794.0072 0.1190063 11.0632
2007 729.6608 0.1052009 10.16664
2008 812.89 0.1056432 11.3263
2009 844.5414 0.110897 11.76731
2010 930.1436 0.1065706 12.96004
2011 1009.179 0.1107371 14.06127
2012 993.9342 0.08581041 13.84886
2013 1109.573 0.08081632 15.4601
2014 1221.757 0.08350051 17.0232
2015 1346.403 0.08347375 18.75994
2016 1444.576 0.08252634 20.12782
2017 1575.955 0.08223598 21.95838
2018 1763.628 0.08272123 24.5733
2019 1947.5 0.08442568 27.13526
2020 2013.323 0.09121283 28.05239
2021 2242.838 0.09153728 31.25031
2022 2137.209 0.1100646 29.77854
2023 2234.615 0.1097738 31.13573

Feeding stock abundance: Estimate SD_log Estimate/K
RUS+WAL
1970 73.71015 0.1004647 1.130394
1971 90.3988 0.09985775 1.386325
1972 106.3301 0.09957617 1.630643
1973 117.7058 0.1026917 1.805096
1974 132.3745 0.1021839 2.03005
1975 146.451 0.1018024 2.245922
1976 159.8748 0.1015478 2.451785
1977 172.6766 0.1013845 2.648108
1978 184.8768 0.1012881 2.835207
1979 196.4995 0.101243 3.013449
1980 212.0578 0.101088 3.252046
1981 230.1635 0.1013472 3.529709
1982 251.6396 0.1014353 3.859059
1983 276.0581 0.1014325 4.233533
1984 303.2056 0.1013466 4.649857
1985 332.7032 0.101234 5.102222
1986 364.3615 0.1010951 5.587723
1987 397.8327 0.1009638 6.101026
1988 432.8844 0.1008469 6.638566
1989 470.4802 0.1007176 7.215123
1990 511.0896 0.1006353 7.837895
1991 555.5324 0.1005547 8.519454
1992 604.3017 0.1004745 9.267363
1993 657.8844 0.1003843 10.08909
1994 716.635 0.1002842 10.99007
1995 780.8301 0.1001771 11.97454
1996 850.633 0.1000715 13.04502
1997 925.7525 0.09997106 14.19702
1998 1006.784 0.09989549 15.4397
1999 1094.114 0.0998579 16.77896
2000 1188.204 0.09987407 18.22189
2001 1289.76 0.09994495 19.77932
2002 1399.331 0.1001001 21.45966
2003 1517.651 0.1003551 23.27417
2004 1645.135 0.1007384 25.22923
2005 1782.128 0.1013 27.3301
2006 1929.347 0.1020664 29.5878
2007 2086.855 0.1030793 32.0033
2008 2254.976 0.1044001 34.58154
2009 2433.944 0.1060817 37.32613
2010 2623.663 0.1082114 40.2356
2011 2824.75 0.110833 43.3194
2012 3037.365 0.114032 46.57998
2013 3251.526 0.1182038 49.86428
2014 3501.938 0.1223673 53.70452
2015 3701.778 0.1291564 56.7692
2016 3965.499 0.1353434 60.81354
2017 4238.735 0.1425741 65.00379
2018 4516.361 0.1510352 69.26137
2019 4811.194 0.1603781 73.78282
2020 5088.857 0.1716115 78.04096
2021 5367.331 0.1842413 82.31155
2022 5644.429 0.1982652 86.56103
2023 5915.179 0.2140416 90.71315
EAL+BER
1970 267.4352 0.09580358 0.9455395
1971 326.9788 0.09589011 1.156061
1972 384.9389 0.09580086 1.360984
1973 441.5184 0.0955604 1.561025
1974 495.7406 0.09540384 1.752732
1975 547.7426 0.09529683 1.93659
1976 597.5973 0.09522227 2.112855
1977 645.4409 0.09516607 2.28201
1978 691.3032 0.09512617 2.44416
1979 735.2635 0.09509825 2.599586
1980 793.8214 0.09505153 2.806622
1981 866.1312 0.09494787 3.06228
1982 950.9348 0.09481474 3.36211
1983 1047.022 0.09467268 3.701833
1984 1153.254 0.09453559 4.077426
1985 1268.635 0.09440756 4.485367
1986 1392.232 0.09429063 4.922354
1987 1523.078 0.09418733 5.384971
1988 1660.336 0.09409845 5.870256
1989 1807.517 0.09402127 6.390626
1990 1968.113 0.09393126 6.95843
1991 2144.505 0.0938409 7.582079
1992 2338.98 0.09374414 8.269659
1993 2553.204 0.09364544 9.027068
1994 2788.661 0.09354212 9.859545
1995 3046.287 0.09343908 10.7704
1996 3326.874 0.09333495 11.76244
1997 3627.461 0.09327509 12.82519
1998 3952.597 0.0932104 13.97474
1999 4302.388 0.09318026 15.21145
2000 4681.406 0.09313226 16.5515
2001 5272.833 0.09240019 18.64254
2002 5937.508 0.09158766 20.99256
2003 6685.477 0.09129984 23.63707
2004 7471.639 0.09349846 26.4166
2005 7542.868 0.06946959 26.66844
2006 8481.228 0.07102803 29.98609
2007 9185.365 0.139145 32.47563
2008 9106.431 0.1497273 32.19655
2009 9852.764 0.1438815 34.83527
2010 8645.305 0.1281272 30.5662
2011 9564.195 0.1217515 33.81501
2012 10568.75 0.1220553 37.3667
2013 11134.07 0.1046533 39.36544
2014 12357.96 0.102684 43.69262
2015 13666.05 0.1027704 48.31747
2016 12975.05 0.116126 45.87438
2017 12605.43 0.116916 44.56755
2018 11559.8 0.1104414 40.87066
2019 10182.18 0.109696 35.99997
2020 11234.5 0.107186 39.72053
2021 12429.7 0.107285 43.94623
2022 13245.92 0.2621727 46.83207
2023 14037.23 0.3558016 49.6298
GOA
1970 102.144 0.06820298 1.029125
1971 122.449 0.06918622 1.233702
1972 144.8091 0.0685585 1.458985
1973 166.2741 0.068155 1.67525
1974 186.8536 0.06787837 1.882594
1975 206.5974 0.06767798 2.081517
1976 225.4429 0.0675558 2.271389
1977 243.5342 0.06746163 2.453663
1978 260.8892 0.06738742 2.62852
1979 277.5375 0.0673277 2.796255
1980 299.9114 0.06718476 3.021677
1981 327.4973 0.06700006 3.299612
1982 359.7232 0.06682382 3.624295
1983 396.1411 0.06667086 3.991214
1984 436.3937 0.06653651 4.396768
1985 480.0104 0.06643691 4.836217
1986 526.7331 0.06635532 5.306958
1987 576.0203 0.06631217 5.803539
1988 627.7706 0.06627847 6.324935
1989 683.2856 0.06625602 6.884262
1990 743.8359 0.06623425 7.49432
1991 810.4058 0.06621574 8.165027
1992 883.729 0.06620924 8.903776
1993 964.535 0.06621066 9.717915
1994 1053.241 0.06622811 10.61165
1995 1150.275 0.06625879 11.58929
1996 1255.898 0.06630277 12.65346
1997 1369.345 0.06636584 13.79647
1998 1491.781 0.06644998 15.03004
1999 1624.01 0.06654955 16.36228
2000 1766.985 0.06666275 17.80278
2001 1747.662 0.06847245 17.60811
2002 1959.385 0.07032137 19.74126
2003 2203.292 0.07133211 22.19868
2004 2204.101 0.06419465 22.20684
2005 2479.046 0.06310168 24.97697
2006 2494.287 0.07213386 25.13052
2007 2798.472 0.07217978 28.19526
2008 2789.794 0.06809964 28.10782
2009 3128.178 0.06728362 31.51712
2010 3257.181 0.07274359 32.81686
2011 3649.671 0.07339043 36.77129
2012 3544.644 0.06813012 35.71312
2013 3949.921 0.07210386 39.79637
2014 3581.542 0.1132823 36.08487
2015 2729.27 0.07651531 27.49803
2016 2693.675 0.07898348 27.13941
2017 2188.256 0.08523159 22.04719
2018 2089.201 0.09150289 21.04919
2019 2311.83 0.08823218 23.29222
2020 2453.975 0.08636607 24.72437
2021 1774.235 0.1662596 17.87583
2022 1883.961 0.2919114 18.98134
2023 2018.271 0.3778177 20.33455
SEA+NBC
1970 285.7788 0.0591361 1.18042
1971 345.1273 0.05922636 1.425562
1972 404.7837 0.05898896 1.671975
1973 461.9581 0.0588785 1.908136
1974 516.594 0.05884627 2.133812
1975 568.8464 0.05885649 2.349642
1976 618.8105 0.05889267 2.556021
1977 666.5843 0.0589458 2.753352
1978 712.1529 0.0590183 2.941575
1979 755.7005 0.05909772 3.12145
1980 814.3371 0.05909008 3.363651
1981 886.5809 0.05903776 3.662057
1982 971.2135 0.05896546 4.011635
1983 1066.798 0.05890596 4.406448
1984 1172.381 0.0588581 4.842565
1985 1286.711 0.0588361 5.31481
1986 1409.546 0.05880764 5.822182
1987 1538.493 0.05883352 6.354803
1988 1671.682 0.05893896 6.904946
1989 1816.413 0.05898039 7.502762
1990 1976.576 0.05894525 8.164323
1991 2151.129 0.05895331 8.885322
1992 2342.726 0.05898552 9.676722
1993 2552.257 0.05906056 10.5422
1994 2785.346 0.05908316 11.50498
1995 3037.853 0.05917286 12.54797
1996 3312.073 0.05929254 13.68064
1997 3605.116 0.05948796 14.89107
1998 3922.551 0.05969216 16.20225
1999 4263.876 0.05994639 17.6121
2000 4630.459 0.06026475 19.12629
2001 4575.054 0.06740504 18.89744
2002 5121.982 0.07230915 21.15654
2003 5754.851 0.07413225 23.77063
2004 5748.397 0.05539465 23.74397
2005 6453.038 0.05415312 26.65452
2006 6479.547 0.06631341 26.76402
2007 7256.091 0.0665387 29.97156
2008 7236.08 0.06203364 29.88891
2009 8105.669 0.06100292 33.48078
2010 8428.788 0.06599477 34.81543
2011 9402.259 0.06678517 38.83639
2012 9117.283 0.05942494 37.65929
2013 10171.61 0.06384331 42.01422
2014 9201.935 0.1064069 38.00895
2015 7001.107 0.06450484 28.91834
2016 6889.888 0.06465783 28.45895
2017 5580.305 0.0703475 23.04967
2018 5317.379 0.07190193 21.96364
2019 5865.351 0.06774221 24.22706
2020 6212.194 0.05946998 25.65971
2021 4476.118 0.1563159 18.48878
2022 4735.326 0.2869086 19.55945
2023 5055.811 0.3751117 20.88322
SBC+WA
1970 21.03819 0.05615886 0.8625945
1971 25.86161 0.0543523 1.060361
1972 30.48854 0.05323075 1.250072
1973 34.92259 0.05247696 1.431874
1974 39.17365 0.05193679 1.606173
1975 43.25103 0.05153209 1.773351
1976 47.16171 0.05121857 1.933695
1977 50.81983 0.05106466 2.083682
1978 54.32036 0.05094406 2.227209
1979 57.67736 0.05084534 2.36485
1980 62.22566 0.05053806 2.551337
1981 67.85912 0.0501065 2.782317
1982 74.37359 0.04968733 3.049419
1983 81.78395 0.04924699 3.353254
1984 90.00027 0.04881731 3.690134
1985 98.81426 0.04847884 4.05152
1986 108.2619 0.04817399 4.438886
1987 118.2694 0.04790359 4.849206
1988 128.6725 0.04770184 5.27575
1989 139.8734 0.04749432 5.735
1990 152.0043 0.04730732 6.232382
1991 165.2734 0.04712769 6.776434
1992 179.9674 0.04692331 7.37891
1993 196.0998 0.0467314 8.04036
1994 213.7903 0.04655195 8.765694
1995 233.1172 0.04638698 9.558124
1996 254.1239 0.04624258 10.41943
1997 276.6307 0.04611957 11.34224
1998 301.3226 0.04595837 12.35464
1999 327.7336 0.04585634 13.43752
2000 355.8829 0.04582396 14.59168
2001 401.5955 0.04534008 16.46596
2002 453.2711 0.04510261 18.58473
2003 511.6225 0.04499546 20.97722
2004 577.1319 0.04498037 23.6632
2005 650.7413 0.04503794 26.68128
2006 730.5293 0.04538376 29.9527
2007 821.1627 0.04577937 33.66879
2008 927.8411 0.04608147 38.04275
2009 1032.976 0.04750752 42.35343
2010 1159.797 0.05000407 47.55325
2011 1291.811 0.05356786 52.96601
2012 1433.659 0.05751888 58.78199
2013 1596.484 0.0656093 65.45802
2014 1555.197 0.1618483 63.76519
2015 1605.981 0.1620019 65.84743
2016 1427.307 0.1177255 58.52154
2017 1526.59 0.0591384 62.59229
2018 1662.652 0.0546204 68.171
2019 1785 0.05248292 73.18742
2020 1931.509 0.0521548 79.1945
2021 2067.306 0.05437287 84.76237
2022 2203.295 0.06199029 90.33809
2023 2315.432 0.09983907 94.93588
OR+CA
1970 94.96137 0.03333274 0.6348208
1971 109.1403 0.03343172 0.7296078
1972 127.434 0.03237142 0.8519019
1973 144.8089 0.03170121 0.9680535
1974 161.3707 0.03124692 1.07877
1975 176.4813 0.03104715 1.179785
1976 190.7745 0.03093097 1.275336
1977 204.3064 0.03087275 1.365797
1978 216.9919 0.03087091 1.4506
1979 228.9575 0.03090074 1.53059
1980 245.5167 0.03070813 1.64129
1981 266.0381 0.03040597 1.778476
1982 290.1031 0.03006703 1.939351
1983 317.2367 0.02975348 2.120741
1984 347.0523 0.02948981 2.320059
1985 379.6215 0.02925424 2.537786
1986 414.1358 0.02909019 2.768516
1987 450.2587 0.02899181 3.009998
1988 487.6547 0.02895411 3.259992
1989 527.44 0.02894606 3.525959
1990 571.3083 0.02891742 3.81922
1991 620.0252 0.02887427 4.144895
1992 672.2852 0.02891217 4.494255
1993 729.7444 0.02897821 4.878372
1994 793.2189 0.02906402 5.302702
1995 862.9584 0.02917958 5.768914
1996 938.6185 0.02934767 6.274705
1997 1019.251 0.02956461 6.813736
1998 1106.326 0.0298319 7.395835
1999 1200.037 0.03016071 8.022298
2000 1300.603 0.03056463 8.694588
2001 1237.808 0.07322679 8.274798
2002 1369.955 0.05255771 9.158207
2003 1537.58 0.05148112 10.27879
2004 1719.554 0.05208374 11.49529
2005 1930.184 0.05428728 12.90336
2006 2050.775 0.1038305 13.70952
2007 1834.692 0.08170537 12.265
2008 2040.013 0.08231548 13.63757
2009 2096.4 0.09246198 14.01452
2010 2301.177 0.08588071 15.38347
2011 2484.892 0.09347981 16.61161
2012 2393.704 0.04916645 16.00201
2013 2674.162 0.03459256 17.87689
2014 3010.557 0.03284342 20.1257
2015 3352.412 0.03267372 22.41102
2016 3692.715 0.03336769 24.68596
2017 4037.536 0.03464192 26.9911
2018 4532.222 0.03555142 30.2981
2019 5021.048 0.04012544 33.56592
2020 5151.499 0.06371553 34.43799
2021 5765.283 0.06413282 38.54116
2022 5421.167 0.08853181 36.24073
2023 5660.323 0.08747471 37.8395

Parameters: Estimate  Std. Error      z value    Pr(>|z^2|)
rval 0.09100523 0.00093662 97.16392066 0
logK 8.50426468 0.70116791 12.12871351 0
logK 10.61877772 0.30871603 34.39658691 0
logK 10.41418914 0.45096439 23.09315192 0
logK 8.87863825 0.92804197 9.5670654 0
logBK 4.35956452 0.73186305 5.95680368 0
logBK 4.3912089 0.31570141 13.90937368 0
logBK 4.89149179 0.46290505 10.566944 0
logBK 5.28184913 0.93320041 5.65993012 2e-08
MixPars -1.68228095 0.29713886 -5.66159861 1e-08
MixPars -3.17616791 0.20010786 -15.87227943 0
MixPars -0.68200863 0.13721089 -4.97051401 6.7e-07
MixPars -1.3150803 0.09187176 -14.31430384 0
MixPars -3.24064841 0.09900694 -32.73152665 0
MixPars -2.43141064 0.25698857 -9.46116273 0
MixPars -1.40703842 0.17268464 -8.14802293 0
MixPars -2.0235184 0.28446051 -7.11352999 0
MixPars -2.72634477 0.14342402 -19.00898337 0
MixPars -0.68037157 0.11837717 -5.74748965 1e-08
MixPars -2.58119098 0.18984288 -13.59645926 0
AddV 0.0124698 0.01204149 1.03556926 0.30040314
AddV 0.00699543 0.00222938 3.13783022 0.00170203
AddV 0.03023046 0.01930388 1.56602998 0.1173416
SFdev -0.31879396 0.58271545 -0.54708343 0.58432142
SFdev -0.31866387 0.58279693 -0.54678372 0.58452733
SFdev -0.32879867 0.57614401 -0.57068834 0.56821093
SFdev -0.1940866 0.6462334 -0.30033514 0.76392153
SFdev 0.17722757 0.167627 1.05727343 0.29038682
SFdev -0.33178851 0.57551861 -0.57650352 0.56427489
SFdev 0.0058513 0.54629584 0.01071086 0.99145413
SFdev 0.2003456 0.25101285 0.79814879 0.42478415
SFdev 0.0021313 0.63540041 0.00335427 0.99732369
SFdev 0.31908004 0.12119246 2.6328373 0.00846749
SFdev -0.17449924 0.67404254 -0.25888461 0.79572427
SFdev -0.18110808 0.66241096 -0.27340743 0.78454004
SFdev 0.06427236 0.35056971 0.18333688 0.8545337
SFdev -0.26143594 0.61368259 -0.42601165 0.67009935
SFdev -0.260297 0.61152273 -0.42565384 0.6703601
SFdev 0.23758896 0.13814799 1.7198148 0.08546611
SFdev 0.21207807 0.17337947 1.22320174 0.22125351
SFdev 0.27285141 0.11840764 2.3043395 0.02120359
SFdev 0.31312934 0.08140307 3.84665283 0.00011974
SFdev -0.21796891 0.62424685 -0.34917102 0.72696092
SFdev -0.36718724 0.55757991 -0.65853742 0.51019286
SFdev -0.00033094 0.99904812 -0.00033125 0.9997357
SFdev 2.823e-05 1.00008093 2.823e-05 0.99997748
SFdev 0 1 0 1
SFdev 0.20819708 0.05534953 3.76149673 0.0001689
SFdev -0.24011818 0.59339137 -0.40465397 0.68573188
SFdev -0.30769249 0.5796589 -0.53081647 0.59554596
SFdev 0.19083093 0.08371036 2.27965717 0.02262803
SFdev -0.3511115 0.55673664 -0.63065995 0.52826289
SFdev 0.1803661 0.08341811 2.16219364 0.03060325
SFdev -0.31933303 0.57096035 -0.55929107 0.57596309
SFdev 0.18909544 0.07452513 2.53733784 0.01116991
SFdev -0.38004086 0.53299944 -0.713023 0.47583153
SFdev 0.11391395 0.08773591 1.29837307 0.19415917
SFdev -0.35554012 0.55076037 -0.64554413 0.51857463
SFdev 0.21995284 0.04889185 4.49876325 6.83e-06
SFdev -0.29381702 0.57496035 -0.51102136 0.6093361
SFdev 0.28897225 0.08329874 3.46910706 0.00052219
SFdev 0.40344596 0.04979644 8.10190437 0
SFdev 0.18927528 0.06215599 3.04516553 0.00232552
SFdev 0.36731895 0.03117785 11.78140559 0
SFdev 0.23321381 0.07007291 3.32815939 0.00087422
SFdev -0.29512165 0.59232253 -0.49824484 0.61831148
SFdev 0.01236137 0.15869288 0.07789491 0.93791165
SFdev 0.42743196 0.06571815 6.50401638 0
SFdev -4.843e-05 0.99986516 -4.843e-05 0.99996136
SFdev 3.52e-06 1.00000976 3.52e-06 0.99999719
SFdev 0 1 0 1
SFdev -0.44492306 0.52391382 -0.84922947 0.39575362
SFdev -0.47402987 0.51196698 -0.92589929 0.35449832
SFdev -0.49196431 0.50494902 -0.9742851 0.329915
SFdev -0.49853815 0.50242287 -0.99226803 0.32106679
SFdev -0.49500201 0.50372613 -0.98268083 0.32576455
SFdev -0.48776252 0.50576694 -0.96440174 0.33484455
SFdev -0.49605823 0.50304614 -0.98610883 0.32407971
SFdev -0.45678035 0.51723891 -0.88311288 0.37717528
SFdev -0.38369065 0.54589334 -0.70286744 0.48213837
SFdev -0.302134 0.57920922 -0.52163189 0.60192665
SFdev -0.29635893 0.58544842 -0.50620845 0.61271033
SFdev -0.3070779 0.58523494 -0.52470877 0.59978566
SFdev -0.25371867 0.62036165 -0.4089851 0.68255059
SFdev 0.2128043 0.2240315 0.9498856 0.34217038
SFdev 0.10108964 0.51967121 0.19452614 0.84576393
SFdev 0.29600397 0.16997216 1.74148502 0.0815986
SFdev -0.04339468 0.6369848 -0.06812514 0.94568602
SFdev -0.27875654 0.60282437 -0.4624175 0.64378195
SFdev -0.27361161 0.59863054 -0.45706257 0.64762607
SFdev -0.28412812 0.59078736 -0.48093127 0.63056534
SFdev -0.31733445 0.57821762 -0.54881492 0.58313247
SFdev -0.24060039 0.61498788 -0.39122785 0.69562882
SFdev -0.04293773 0.56941384 -0.0754069 0.93989097
SFdev 0 1 0 1
SFdev 0.25133929 0.08376096 3.00067347 0.00269383
SFdev -0.1228981 0.60578056 -0.20287561 0.83923226
SFdev -0.30358022 0.5814845 -0.52207793 0.60161607
SFdev -0.24141117 0.59814803 -0.4035977 0.68650857
SFdev -0.30187144 0.58392669 -0.51696805 0.60517846
SFdev 0.06783425 0.32833523 0.20660058 0.83632181
SFdev 0.30555067 0.10722616 2.84959079 0.00437755
SFdev -0.1747642 0.65283315 -0.26770118 0.78892934
SFdev 0.15025966 0.22060032 0.68113982 0.49578303
SFdev -0.0446555 0.58252289 -0.07665879 0.93889499
SFdev 0.00119552 0.48851464 0.00244726 0.99804737
SFdev 0.23740004 0.11943781 1.98764571 0.04685089
SFdev -0.22215704 0.60780813 -0.36550521 0.71473432
SFdev -0.41097821 0.53286438 -0.77126231 0.44055146
SFdev -0.53017761 0.48887475 -1.08448555 0.27814957
SFdev -0.57245564 0.47531889 -1.20436122 0.22844999
SFdev -0.53107545 0.48874059 -1.08662031 0.27720465
SFdev -0.47546678 0.50833472 -0.93534192 0.34961212
SFdev -0.32702558 0.56889277 -0.57484573 0.56539564
SFdev 0.14155 0.14092557 1.00443096 0.31517093
SFdev -0.19559316 0.61932408 -0.31581713 0.75214131
SFdev 0.2604296 0.11036293 2.35975614 0.01828695
SFdev 0.09804645 0.29559612 0.33169058 0.74012291
SFdev 0 1 0 1

Mixing matrix
0.84320633 0.15679367 0 0 0 0 ,# Asia
0.02250498 0.27257012 0.14472339 0.53910187 0.02109964 0 ,# Hawaii
0.04316098 0.49095258 0.12021828 0.0648988 0.03213683 0.24863252 ,# Mexico
0 0 0 0 0.07035879 0.92964121 ,# Central_Am

Split of breeding stock to feeding grounds over time
Split for: Asia
Year RUS+WAL EAL+BER GOA SEA+NBC SBC+WA OR+CA
1970 0.84454 0.15546 0 0 0 0
1971 0.84522 0.15478 0 0 0 0
1972 0.84024 0.15976 0 0 0 0
1973 0.84118 0.15882 0 0 0 0
1974 0.84188 0.15812 0 0 0 0
1975 0.84242 0.15758 0 0 0 0
1976 0.84284 0.15716 0 0 0 0
1977 0.84318 0.15682 0 0 0 0
1978 0.84346 0.15654 0 0 0 0
1979 0.84373 0.15627 0 0 0 0
1980 0.84404 0.15596 0 0 0 0
1981 0.84369 0.15631 0 0 0 0
1982 0.84347 0.15653 0 0 0 0
1983 0.84334 0.15666 0 0 0 0
1984 0.84328 0.15672 0 0 0 0
1985 0.84328 0.15672 0 0 0 0
1986 0.8433 0.1567 0 0 0 0
1987 0.84335 0.15665 0 0 0 0
1988 0.84343 0.15657 0 0 0 0
1989 0.8435 0.1565 0 0 0 0
1990 0.84352 0.15648 0 0 0 0
1991 0.84351 0.15649 0 0 0 0
1992 0.84347 0.15653 0 0 0 0
1993 0.84342 0.15658 0 0 0 0
1994 0.84337 0.15663 0 0 0 0
1995 0.84331 0.15669 0 0 0 0
1996 0.84326 0.15674 0 0 0 0
1997 0.84321 0.15679 0 0 0 0
1998 0.84322 0.15678 0 0 0 0
1999 0.84321 0.15679 0 0 0 0
2000 0.84314 0.15686 0 0 0 0
2001 0.83842 0.16158 0 0 0 0
2002 0.8336 0.1664 0 0 0 0
2003 0.82857 0.17143 0 0 0 0
2004 0.82446 0.17554 0 0 0 0
2005 0.83467 0.16533 0 0 0 0
2006 0.82963 0.17037 0 0 0 0
2007 0.82968 0.17032 0 0 0 0
2008 0.84174 0.15826 0 0 0 0
2009 0.84165 0.15835 0 0 0 0
2010 0.86748 0.13252 0 0 0 0
2011 0.86448 0.13552 0 0 0 0
2012 0.86147 0.13853 0 0 0 0
2013 0.86389 0.13611 0 0 0 0
2014 0.85997 0.14003 0 0 0 0
2015 0.85616 0.14384 0 0 0 0
2016 0.87029 0.12971 0 0 0 0
2017 0.88062 0.11938 0 0 0 0
2018 0.8955 0.1045 0 0 0 0
2019 0.91185 0.08815 0 0 0 0
2020 0.90854 0.09146 0 0 0 0
2021 0.90467 0.09533 0 0 0 0
2022 0.90378 0.09622 0 0 0 0
2023 0.90298 0.09702 0 0 0 0
2024 0.9024 0.0976 0 0 0 0
Split for: Hawaii
Year RUS+WAL EAL+BER GOA SEA+NBC SBC+WA OR+CA
1970 0.02297 0.27535 0.14321 0.53705 0.02143 0
1971 0.02315 0.27609 0.14425 0.53499 0.02153 0
1972 0.0224 0.27738 0.14499 0.53363 0.0216 0
1973 0.02262 0.27816 0.14544 0.53216 0.02163 0
1974 0.02279 0.27879 0.1458 0.53095 0.02167 0
1975 0.02292 0.27936 0.14605 0.52997 0.0217 0
1976 0.02304 0.27987 0.14628 0.52913 0.02168 0
1977 0.02314 0.28035 0.1465 0.52833 0.02167 0
1978 0.02322 0.2808 0.14671 0.5276 0.02167 0
1979 0.0233 0.28116 0.14692 0.52695 0.02167 0
1980 0.02338 0.28149 0.14717 0.52628 0.02169 0
1981 0.02336 0.28189 0.14739 0.52569 0.02168 0
1982 0.02336 0.28232 0.14759 0.52505 0.02168 0
1983 0.02337 0.28273 0.14778 0.52443 0.02169 0
1984 0.02339 0.28317 0.14795 0.52381 0.02168 0
1985 0.02342 0.2835 0.14807 0.52334 0.02168 0
1986 0.02346 0.28394 0.14819 0.52273 0.02168 0
1987 0.02352 0.28455 0.14841 0.52184 0.02168 0
1988 0.02356 0.28493 0.14852 0.52131 0.02168 0
1989 0.02359 0.28508 0.14852 0.52116 0.02165 0
1990 0.02361 0.28533 0.14859 0.52085 0.02161 0
1991 0.02364 0.28562 0.14868 0.52047 0.0216 0
1992 0.02366 0.28599 0.14882 0.51994 0.02159 0
1993 0.02367 0.28618 0.14885 0.51974 0.02156 0
1994 0.02368 0.28648 0.14894 0.51935 0.02154 0
1995 0.0237 0.28677 0.14903 0.51897 0.02152 0
1996 0.02373 0.28724 0.1492 0.51832 0.02151 0
1997 0.02375 0.28767 0.14931 0.51773 0.02154 0
1998 0.02379 0.28802 0.14946 0.51718 0.02155 0
1999 0.02382 0.28847 0.14963 0.51654 0.02153 0
2000 0.02384 0.28884 0.1497 0.5161 0.02153 0
2001 0.0251 0.31501 0.14328 0.49309 0.02352 0
2002 0.02433 0.3163 0.14323 0.49246 0.02368 0
2003 0.02354 0.31717 0.14338 0.49213 0.02379 0
2004 0.02455 0.34042 0.13768 0.47158 0.02577 0
2005 0.02459 0.31726 0.14293 0.48851 0.0267 0
2006 0.02546 0.34054 0.13724 0.4681 0.02866 0
2007 0.02493 0.33322 0.13883 0.47371 0.02931 0
2008 0.02697 0.33018 0.13843 0.47176 0.03266 0
2009 0.02636 0.3229 0.14026 0.47718 0.0333 0
2010 0.02876 0.28612 0.1477 0.49987 0.03756 0
2011 0.02787 0.28448 0.14849 0.50168 0.03748 0
2012 0.02951 0.30902 0.14152 0.47871 0.04124 0
2013 0.02902 0.29773 0.14432 0.48696 0.04198 0
2014 0.03205 0.33981 0.13424 0.45202 0.04186 2e-05
2015 0.03824 0.41842 0.11369 0.38156 0.04806 2e-05
2016 0.04222 0.40975 0.11601 0.38791 0.04409 3e-05
2017 0.05015 0.4427 0.10487 0.34993 0.05232 3e-05
2018 0.05635 0.42815 0.10543 0.3506 0.05943 3e-05
2019 0.05963 0.3752 0.11601 0.3848 0.06434 3e-05
2020 0.05867 0.38437 0.11454 0.37821 0.06418 2e-05
2021 0.06815 0.46728 0.0906 0.29804 0.0759 3e-05
2022 0.0676 0.46816 0.09075 0.29719 0.07627 2e-05
2023 0.067 0.46821 0.09132 0.29817 0.07527 2e-05
2024 0.0659 0.46356 0.09292 0.30382 0.07378 3e-05
Split for: Mexico
Year RUS+WAL EAL+BER GOA SEA+NBC SBC+WA OR+CA
1970 0.04436 0.49951 0.11981 0.06512 0.03287 0.23832
1971 0.04465 0.50021 0.12053 0.06478 0.03298 0.23684
1972 0.04318 0.50228 0.12108 0.06458 0.03307 0.2358
1973 0.04356 0.50311 0.12131 0.06433 0.03309 0.2346
1974 0.04389 0.50433 0.12164 0.0642 0.03315 0.2328
1975 0.04417 0.50545 0.12187 0.06409 0.0332 0.23122
1976 0.0444 0.50652 0.12209 0.06401 0.03318 0.22979
1977 0.0446 0.50752 0.12231 0.06393 0.03318 0.22846
1978 0.04478 0.50847 0.12252 0.06386 0.03318 0.22719
1979 0.04494 0.50932 0.12274 0.06381 0.0332 0.22599
1980 0.04512 0.51009 0.12298 0.06375 0.03323 0.22483
1981 0.04508 0.51096 0.12321 0.0637 0.03323 0.22382
1982 0.04508 0.51177 0.12338 0.06362 0.03323 0.22292
1983 0.04511 0.51255 0.12355 0.06355 0.03325 0.22199
1984 0.04514 0.51318 0.12365 0.06346 0.03323 0.22133
1985 0.0452 0.51384 0.12376 0.06341 0.03322 0.22056
1986 0.04527 0.51458 0.12385 0.06333 0.03323 0.21975
1987 0.04536 0.51538 0.12396 0.06318 0.03321 0.2189
1988 0.04545 0.51615 0.12408 0.06313 0.03321 0.21798
1989 0.04553 0.51675 0.12415 0.06315 0.03318 0.21723
1990 0.04558 0.51722 0.12422 0.06312 0.03314 0.21673
1991 0.04564 0.51796 0.12434 0.0631 0.03312 0.21584
1992 0.04569 0.5187 0.12447 0.06304 0.03311 0.21499
1993 0.04573 0.5193 0.12456 0.06305 0.03308 0.21428
1994 0.04576 0.51982 0.12464 0.063 0.03305 0.21373
1995 0.04578 0.52035 0.12471 0.06295 0.03302 0.21318
1996 0.04581 0.52086 0.12476 0.06283 0.03299 0.21274
1997 0.04584 0.52134 0.1248 0.06273 0.03301 0.21228
1998 0.04588 0.52177 0.12486 0.06263 0.03302 0.21183
1999 0.04592 0.52229 0.12494 0.06252 0.03297 0.21135
2000 0.04592 0.52258 0.12491 0.06243 0.03294 0.21122
2001 0.04703 0.55448 0.11631 0.05802 0.03502 0.18914
2002 0.04565 0.55743 0.1164 0.05802 0.03529 0.18721
2003 0.04416 0.55885 0.1165 0.05797 0.03545 0.18707
2004 0.04374 0.56964 0.10625 0.05276 0.03648 0.19114
2005 0.04492 0.54427 0.11308 0.05603 0.03874 0.20295
2006 0.0447 0.56151 0.10436 0.0516 0.03997 0.19785
2007 0.04596 0.57714 0.11088 0.05485 0.04294 0.16821
2008 0.04862 0.55916 0.1081 0.05341 0.04678 0.18392
2009 0.04866 0.55998 0.11218 0.05532 0.04886 0.175
2010 0.05455 0.50967 0.12133 0.05953 0.05659 0.19833
2011 0.05331 0.51109 0.12303 0.06026 0.05697 0.19534
2012 0.05457 0.53676 0.11337 0.05559 0.0606 0.1791
2013 0.05431 0.52337 0.117 0.05723 0.06243 0.18566
2014 0.05484 0.54613 0.0995 0.04857 0.05692 0.19404
2015 0.05616 0.57707 0.07232 0.03519 0.05608 0.20319
2016 0.06096 0.55577 0.07258 0.03518 0.05059 0.22491
2017 0.06516 0.54032 0.05904 0.02856 0.05402 0.25289
2018 0.07029 0.50164 0.05698 0.02747 0.05889 0.28473
2019 0.07523 0.44468 0.06342 0.03049 0.06448 0.3217
2020 0.07439 0.45784 0.06292 0.03012 0.06463 0.3101
2021 0.07367 0.47459 0.04244 0.02024 0.06517 0.3239
2022 0.07584 0.49358 0.04413 0.02095 0.06796 0.29754
2023 0.07558 0.49631 0.04465 0.02114 0.06743 0.2949
2024 0.0744 0.49187 0.04549 0.02157 0.06615 0.30052
Split for: Central_Am
Year RUS+WAL EAL+BER GOA SEA+NBC SBC+WA OR+CA
1970 0 0 0 0 0.07473 0.92527
1971 0 0 0 0 0.07539 0.92461
1972 0 0 0 0 0.07588 0.92412
1973 0 0 0 0 0.07629 0.92371
1974 0 0 0 0 0.07695 0.92305
1975 0 0 0 0 0.07755 0.92245
1976 0 0 0 0 0.07796 0.92204
1977 0 0 0 0 0.07836 0.92164
1978 0 0 0 0 0.07877 0.92123
1979 0 0 0 0 0.07918 0.92082
1980 0 0 0 0 0.07963 0.92037
1981 0 0 0 0 0.07994 0.92006
1982 0 0 0 0 0.08026 0.91974
1983 0 0 0 0 0.0806 0.9194
1984 0 0 0 0 0.08079 0.91921
1985 0 0 0 0 0.08102 0.91898
1986 0 0 0 0 0.0813 0.9187
1987 0 0 0 0 0.08156 0.91844
1988 0 0 0 0 0.08187 0.91813
1989 0 0 0 0 0.08206 0.91794
1990 0 0 0 0 0.08213 0.91787
1991 0 0 0 0 0.08241 0.91759
1992 0 0 0 0 0.08268 0.91732
1993 0 0 0 0 0.08287 0.91713
1994 0 0 0 0 0.08299 0.91701
1995 0 0 0 0 0.08312 0.91688
1996 0 0 0 0 0.08321 0.91679
1997 0 0 0 0 0.08342 0.91658
1998 0 0 0 0 0.08358 0.91642
1999 0 0 0 0 0.08366 0.91634
2000 0 0 0 0 0.08364 0.91636
2001 0 0 0 0 0.09775 0.90225
2002 0 0 0 0 0.09936 0.90064
2003 0 0 0 0 0.09982 0.90018
2004 0 0 0 0 0.10046 0.89954
2005 0 0 0 0 0.1005 0.8995
2006 0 0 0 0 0.10573 0.89427
2007 0 0 0 0 0.12999 0.87001
2008 0 0 0 0 0.12957 0.87043
2009 0 0 0 0 0.14044 0.85956
2010 0 0 0 0 0.14309 0.85691
2011 0 0 0 0 0.14579 0.85421
2012 0 0 0 0 0.1653 0.8347
2013 0 0 0 0 0.16442 0.83558
2014 0 0 0 0 0.14652 0.85348
2015 0 0 0 0 0.13905 0.86095
2016 0 0 0 0 0.11633 0.88367
2017 0 0 0 0 0.11114 0.88886
2018 0 0 0 0 0.10801 0.89199
2019 0 0 0 0 0.10503 0.89497
2020 0 0 0 0 0.10877 0.89123
2021 0 0 0 0 0.10541 0.89459
2022 0 0 0 0 0.11801 0.88199
2023 0 0 0 0 0.11813 0.88187
2024 0 0 0 0 0.11424 0.88576

Difference in mortality over time
Difference for: Asia
Year RUS+WAL EAL+BER GOA SEA+NBC SBC+WA OR+CA
1970 0 0 0 0 0 0
1971 0 0 0 0 0 0
1972 0 0 0 0 0 0
1973 0 0 0 0 0 0
1974 0 0 0 0 0 0
1975 0 0 0 0 0 0
1976 0 0 0 0 0 0
1977 0 0 0 0 0 0
1978 0 0 0 0 0 0
1979 0 0 0 0 0 0
1980 0 0 0 0 0 0
1981 0 0 0 0 0 0
1982 0 0 0 0 0 0
1983 0 0 0 0 0 0
1984 0 0 0 0 0 0
1985 0 0 0 0 0 0
1986 0 0 0 0 0 0
1987 0 0 0 0 0 0
1988 0 0 0 0 0 0
1989 0 0 0 0 0 0
1990 0 0 0 0 0 0
1991 0 0 0 0 0 0
1992 0 0 0 0 0 0
1993 0 0 0 0 0 0
1994 0 0 0 0 0 0
1995 0 0 0 0 0 0
1996 0 0 0 0 0 0
1997 0 0 0 0 0 0
1998 0 0 0 0 0 0
1999 0 0 0 0 0 0
2000 0 5 0 0 0 0
2001 0 6 0 0 0 0
2002 0 6 0 0 0 0
2003 0 6 0 0 0 0
2004 0 -16 0 0 0 0
2005 0 8 0 0 0 0
2006 0 0 0 0 0 0
2007 0 -24 0 0 0 0
2008 0 0 0 0 0 0
2009 0 -55 0 0 0 0
2010 0 7 0 0 0 0
2011 0 8 0 0 0 0
2012 0 -6 0 0 0 0
2013 0 11 0 0 0 0
2014 0 12 0 0 0 0
2015 0 -44 0 0 0 0
2016 0 -35 0 0 0 0
2017 0 -52 0 0 0 0
2018 0 -61 0 0 0 0
2019 0 9 0 0 0 0
2020 0 12 0 0 0 0
2021 0 0 0 0 0 0
2022 0 0 0 0 0 0
2023 0 0 0 0 0 0
Difference for: Hawaii
Year RUS+WAL EAL+BER GOA SEA+NBC SBC+WA OR+CA
1970 0 0 0 0 0 0
1971 0 0 0 0 0 0
1972 0 0 0 0 0 0
1973 0 0 0 0 0 0
1974 0 0 0 0 0 0
1975 0 0 0 0 0 0
1976 0 0 0 0 0 0
1977 0 0 0 0 0 0
1978 0 0 0 0 0 0
1979 0 0 0 0 0 0
1980 0 0 0 0 0 0
1981 0 0 0 0 0 0
1982 0 0 0 0 0 0
1983 0 0 0 0 0 0
1984 0 0 0 0 0 0
1985 0 0 0 0 0 0
1986 0 0 0 0 0 0
1987 0 0 0 0 0 0
1988 0 0 0 0 0 0
1989 0 0 0 0 0 0
1990 0 0 0 0 0 0
1991 0 0 0 0 0 0
1992 0 0 0 0 0 0
1993 0 0 0 0 0 0
1994 0 0 0 0 0 0
1995 0 0 0 0 0 0
1996 0 0 0 0 0 0
1997 0 0 0 0 0 0
1998 0 0 0 0 0 0
1999 0 0 0 0 0 0
2000 0 83 -110 -379 7 0
2001 0 93 38 130 8 0
2002 0 106 47 162 9 0
2003 0 95 -120 -411 10 0
2004 0 -265 55 189 11 0
2005 0 136 -124 -423 13 0
2006 0 -6 61 207 14 0
2007 0 -394 -150 -512 16 0
2008 0 -2 72 244 17 0
2009 0 -934 -81 -277 18 0
2010 0 116 82 279 20 0
2011 0 132 -249 -842 22 0
2012 0 -99 84 284 23 0
2013 0 184 -429 -1449 -74 0
2014 0 204 -719 -2421 -25 0
2015 0 -778 -147 -493 -131 0
2016 0 -614 -455 -1520 7 0
2017 0 -909 -165 -551 25 0
2018 0 -1067 50 165 27 0
2019 0 156 -5 -16 30 0
2020 0 211 -553 -1825 34 0
2021 0 1 0 0 32 0
2022 0 0 0 0 10 0
2023 0 0 0 0 0 0
Difference for: Mexico
Year RUS+WAL EAL+BER GOA SEA+NBC SBC+WA OR+CA
1970 0 0 0 0 0 0
1971 0 0 0 0 0 0
1972 0 0 0 0 0 0
1973 0 0 0 0 0 0
1974 0 0 0 0 0 0
1975 0 0 0 0 0 0
1976 0 0 0 0 0 0
1977 0 0 0 0 0 0
1978 0 0 0 0 0 0
1979 0 0 0 0 0 0
1980 0 0 0 0 0 0
1981 0 0 0 0 0 0
1982 0 0 0 0 0 0
1983 0 0 0 0 0 0
1984 0 0 0 0 0 0
1985 0 0 0 0 0 0
1986 0 0 0 0 0 0
1987 0 0 0 0 0 0
1988 0 0 0 0 0 0
1989 0 0 0 0 0 0
1990 0 0 0 0 0 0
1991 0 0 0 0 0 0
1992 0 0 0 0 0 0
1993 0 0 0 0 0 0
1994 0 0 0 0 0 0
1995 0 0 0 0 0 0
1996 0 0 0 0 0 0
1997 0 0 0 0 0 0
1998 0 0 0 0 0 0
1999 0 0 0 0 0 0
2000 0 71 -43 -22 5 -100
2001 0 80 15 7 6 16
2002 0 90 18 9 6 30
2003 0 81 -47 -23 7 30
2004 0 -225 22 11 8 37
2005 0 115 -48 -24 9 -24
2006 0 -5 24 12 10 -221
2007 0 -333 -59 -29 11 30
2008 0 -2 28 14 12 -71
2009 0 -788 -32 -16 13 12
2010 0 98 32 16 14 0
2011 0 111 -97 -47 16 -174
2012 0 -83 32 16 16 45
2013 0 155 -166 -81 -53 64
2014 0 171 -278 -136 -18 74
2015 0 -650 -57 -28 -92 82
2016 0 -512 -175 -85 5 89
2017 0 -757 -63 -31 18 98
2018 0 -887 19 9 19 99
2019 0 129 -2 -1 21 -158
2020 0 175 -211 -101 24 91
2021 0 0 0 0 23 -468
2022 0 0 0 0 7 -104
2023 0 0 0 0 0 1
Difference for: Central_Am
Year RUS+WAL EAL+BER GOA SEA+NBC SBC+WA OR+CA
1970 0 0 0 0 0 0
1971 0 0 0 0 0 0
1972 0 0 0 0 0 0
1973 0 0 0 0 0 0
1974 0 0 0 0 0 0
1975 0 0 0 0 0 0
1976 0 0 0 0 0 0
1977 0 0 0 0 0 0
1978 0 0 0 0 0 0
1979 0 0 0 0 0 0
1980 0 0 0 0 0 0
1981 0 0 0 0 0 0
1982 0 0 0 0 0 0
1983 0 0 0 0 0 0
1984 0 0 0 0 0 0
1985 0 0 0 0 0 0
1986 0 0 0 0 0 0
1987 0 0 0 0 0 0
1988 0 0 0 0 0 0
1989 0 0 0 0 0 0
1990 0 0 0 0 0 0
1991 0 0 0 0 0 0
1992 0 0 0 0 0 0
1993 0 0 0 0 0 0
1994 0 0 0 0 0 0
1995 0 0 0 0 0 0
1996 0 0 0 0 0 0
1997 0 0 0 0 0 0
1998 0 0 0 0 0 0
1999 0 0 0 0 0 0
2000 0 0 0 0 2 -53
2001 0 0 0 0 2 9
2002 0 0 0 0 2 16
2003 0 0 0 0 2 16
2004 0 0 0 0 2 20
2005 0 0 0 0 3 -12
2006 0 0 0 0 3 -117
2007 0 0 0 0 3 16
2008 0 0 0 0 4 -37
2009 0 0 0 0 4 7
2010 0 0 0 0 4 0
2011 0 0 0 0 5 -92
2012 0 0 0 0 5 24
2013 0 0 0 0 -16 34
2014 0 0 0 0 -5 39
2015 0 0 0 0 -29 43
2016 0 0 0 0 1 47
2017 0 0 0 0 6 52
2018 0 0 0 0 6 52
2019 0 0 0 0 7 -84
2020 0 0 0 0 7 48
2021 0 0 0 0 7 -249
2022 0 0 0 0 2 -56
2023 0 0 0 0 0 0

Total survival over time
Values for breeding stock: Asia
Year RUS+WAL EAL+BER GOA SEA+NBC SBC+WA OR+CA
1970 0.946 0.937 NaN NaN NaN NaN
1971 0.949 0.943 NaN NaN NaN NaN
1972 0.913 0.947 NaN NaN NaN NaN
1973 0.949 0.948 NaN NaN NaN NaN
1974 0.95 0.948 NaN NaN NaN NaN
1975 0.951 0.949 NaN NaN NaN NaN
1976 0.951 0.949 NaN NaN NaN NaN
1977 0.951 0.949 NaN NaN NaN NaN
1978 0.951 0.95 NaN NaN NaN NaN
1979 0.951 0.949 NaN NaN NaN NaN
1980 0.95 0.949 NaN NaN NaN NaN
1981 0.95 0.949 NaN NaN NaN NaN
1982 0.951 0.95 NaN NaN NaN NaN
1983 0.951 0.95 NaN NaN NaN NaN
1984 0.951 0.95 NaN NaN NaN NaN
1985 0.951 0.95 NaN NaN NaN NaN
1986 0.952 0.951 NaN NaN NaN NaN
1987 0.952 0.951 NaN NaN NaN NaN
1988 0.952 0.951 NaN NaN NaN NaN
1989 0.952 0.952 NaN NaN NaN NaN
1990 0.952 0.951 NaN NaN NaN NaN
1991 0.952 0.952 NaN NaN NaN NaN
1992 0.952 0.952 NaN NaN NaN NaN
1993 0.952 0.952 NaN NaN NaN NaN
1994 0.952 0.952 NaN NaN NaN NaN
1995 0.953 0.952 NaN NaN NaN NaN
1996 0.953 0.952 NaN NaN NaN NaN
1997 0.953 0.953 NaN NaN NaN NaN
1998 0.953 0.952 NaN NaN NaN NaN
1999 0.953 0.952 NaN NaN NaN NaN
2000 0.953 0.986 NaN NaN NaN NaN
2001 0.953 0.987 NaN NaN NaN NaN
2002 0.953 0.987 NaN NaN NaN NaN
2003 0.954 0.98 NaN NaN NaN NaN
2004 0.954 0.886 NaN NaN NaN NaN
2005 0.954 0.988 NaN NaN NaN NaN
2006 0.954 0.952 NaN NaN NaN NaN
2007 0.954 0.873 NaN NaN NaN NaN
2008 0.954 0.953 NaN NaN NaN NaN
2009 0.954 0.775 NaN NaN NaN NaN
2010 0.954 0.978 NaN NaN NaN NaN
2011 0.954 0.979 NaN NaN NaN NaN
2012 0.954 0.936 NaN NaN NaN NaN
2013 0.949 0.98 NaN NaN NaN NaN
2014 0.96 0.991 NaN NaN NaN NaN
2015 0.936 0.831 NaN NaN NaN NaN
2016 0.956 0.867 NaN NaN NaN NaN
2017 0.956 0.82 NaN NaN NaN NaN
2018 0.955 0.782 NaN NaN NaN NaN
2019 0.959 0.987 NaN NaN NaN NaN
2020 0.953 0.988 NaN NaN NaN NaN
2021 0.953 0.953 NaN NaN NaN NaN
2022 0.953 0.953 NaN NaN NaN NaN
2023 0.953 0.953 NaN NaN NaN NaN
Values for breeding stock: Hawaii
Year RUS+WAL EAL+BER GOA SEA+NBC SBC+WA OR+CA
1970 0.96 0.95 0.931 0.937 0.955 NaN
1971 0.96 0.955 0.959 0.949 0.956 NaN
1972 0.924 0.958 0.959 0.95 0.957 NaN
1973 0.96 0.958 0.959 0.951 0.957 NaN
1974 0.96 0.958 0.959 0.952 0.957 NaN
1975 0.96 0.959 0.959 0.952 0.958 NaN
1976 0.96 0.959 0.959 0.952 0.956 NaN
1977 0.96 0.959 0.959 0.952 0.956 NaN
1978 0.96 0.959 0.959 0.953 0.956 NaN
1979 0.96 0.959 0.959 0.953 0.957 NaN
1980 0.96 0.959 0.959 0.953 0.957 NaN
1981 0.96 0.959 0.959 0.953 0.956 NaN
1982 0.96 0.959 0.959 0.954 0.956 NaN
1983 0.96 0.959 0.959 0.954 0.956 NaN
1984 0.96 0.959 0.959 0.954 0.956 NaN
1985 0.96 0.959 0.959 0.955 0.956 NaN
1986 0.96 0.959 0.959 0.955 0.956 NaN
1987 0.96 0.959 0.959 0.954 0.956 NaN
1988 0.96 0.959 0.959 0.955 0.956 NaN
1989 0.96 0.959 0.959 0.957 0.956 NaN
1990 0.96 0.959 0.959 0.956 0.956 NaN
1991 0.96 0.96 0.959 0.956 0.956 NaN
1992 0.96 0.96 0.959 0.956 0.956 NaN
1993 0.96 0.96 0.959 0.957 0.956 NaN
1994 0.96 0.96 0.959 0.957 0.955 NaN
1995 0.96 0.96 0.959 0.957 0.955 NaN
1996 0.96 0.96 0.959 0.956 0.955 NaN
1997 0.96 0.96 0.959 0.957 0.957 NaN
1998 0.96 0.959 0.959 0.956 0.956 NaN
1999 0.96 0.959 0.959 0.956 0.955 NaN
2000 0.96 0.994 0.872 0.87 0.993 NaN
2001 0.96 0.994 0.989 0.987 0.993 NaN
2002 0.96 0.994 0.993 0.991 0.994 NaN
2003 0.96 0.987 0.883 0.881 0.993 NaN
2004 0.96 0.892 0.994 0.991 0.994 NaN
2005 0.96 0.994 0.89 0.887 0.989 NaN
2006 0.96 0.958 0.993 0.99 0.991 NaN
2007 0.96 0.878 0.883 0.883 0.997 NaN
2008 0.96 0.959 0.994 0.993 0.983 NaN
2009 0.96 0.78 0.922 0.921 0.993 NaN
2010 0.96 0.985 0.995 0.99 0.987 NaN
2011 0.96 0.986 0.864 0.862 0.985 NaN
2012 0.96 0.942 0.99 0.992 0.991 NaN
2013 0.96 0.991 0.808 0.807 0.87 NaN
2014 0.96 0.991 0.678 0.677 0.925 Inf
2015 0.96 0.852 0.881 0.879 0.798 0.999
2016 0.96 0.87 0.725 0.722 0.964 0.998
2017 0.96 0.823 0.855 0.853 0.985 0.998
2018 0.96 0.786 0.991 0.988 0.974 0.994
2019 0.96 0.988 0.955 0.953 0.987 0.911
2020 0.96 0.995 0.649 0.646 0.982 0.987
2021 0.96 0.96 0.956 0.953 0.984 0.834
2022 0.96 0.96 0.96 0.955 0.965 0.93
2023 0.96 0.96 0.956 0.952 0.952 0.96
Values for breeding stock: Mexico
Year RUS+WAL EAL+BER GOA SEA+NBC SBC+WA OR+CA
1970 0.956 0.946 0.927 0.933 0.951 0.891
1971 0.956 0.951 0.955 0.945 0.952 0.943
1972 0.92 0.954 0.956 0.947 0.953 0.944
1973 0.957 0.955 0.956 0.948 0.954 0.946
1974 0.957 0.955 0.956 0.949 0.955 0.942
1975 0.957 0.956 0.956 0.949 0.955 0.942
1976 0.957 0.956 0.956 0.95 0.953 0.943
1977 0.957 0.956 0.957 0.95 0.954 0.943
1978 0.957 0.956 0.957 0.95 0.954 0.943
1979 0.957 0.956 0.957 0.95 0.954 0.943
1980 0.957 0.956 0.957 0.95 0.954 0.942
1981 0.958 0.956 0.957 0.951 0.953 0.942
1982 0.958 0.957 0.957 0.951 0.954 0.943
1983 0.958 0.957 0.957 0.952 0.954 0.943
1984 0.958 0.957 0.957 0.952 0.953 0.945
1985 0.958 0.957 0.957 0.953 0.954 0.945
1986 0.958 0.957 0.957 0.953 0.954 0.945
1987 0.958 0.957 0.957 0.952 0.954 0.946
1988 0.958 0.957 0.957 0.953 0.954 0.946
1989 0.958 0.958 0.957 0.955 0.954 0.947
1990 0.958 0.958 0.957 0.955 0.954 0.948
1991 0.958 0.958 0.957 0.955 0.954 0.947
1992 0.958 0.958 0.957 0.954 0.954 0.946
1993 0.958 0.958 0.957 0.956 0.954 0.947
1994 0.958 0.958 0.957 0.955 0.954 0.948
1995 0.958 0.958 0.958 0.956 0.954 0.948
1996 0.959 0.958 0.958 0.955 0.954 0.948
1997 0.957 0.956 0.956 0.953 0.954 0.947
1998 0.957 0.956 0.956 0.953 0.953 0.946
1999 0.957 0.956 0.956 0.953 0.952 0.946
2000 0.957 0.99 0.87 0.868 0.99 0.831
2001 0.957 0.99 0.986 0.984 0.99 0.967
2002 0.957 0.991 0.99 0.988 0.991 0.981
2003 0.958 0.984 0.881 0.879 0.991 0.977
2004 0.957 0.89 0.991 0.988 0.991 0.981
2005 0.957 0.991 0.887 0.885 0.986 0.928
2006 0.958 0.956 0.991 0.988 0.988 0.783
2007 0.958 0.876 0.881 0.881 0.995 0.973
2008 0.958 0.957 0.992 0.99 0.98 0.901
2009 0.957 0.778 0.92 0.919 0.991 0.962
2010 0.957 0.982 0.992 0.987 0.984 0.947
2011 0.957 0.983 0.862 0.86 0.982 0.846
2012 0.957 0.939 0.988 0.989 0.988 0.982
2013 0.957 0.989 0.806 0.804 0.868 0.992
2014 0.957 0.988 0.676 0.675 0.922 0.98
2015 0.957 0.849 0.878 0.876 0.795 0.965
2016 0.957 0.867 0.722 0.72 0.961 0.955
2017 0.957 0.821 0.852 0.85 0.982 0.98
2018 0.957 0.783 0.988 0.985 0.971 0.967
2019 0.957 0.985 0.952 0.95 0.984 0.897
2020 0.956 0.992 0.646 0.644 0.978 0.978
2021 0.956 0.956 0.953 0.949 0.98 0.822
2022 0.958 0.958 0.957 0.953 0.963 0.919
2023 0.957 0.956 0.952 0.949 0.949 0.947
Values for breeding stock: Central_Am
Year RUS+WAL EAL+BER GOA SEA+NBC SBC+WA OR+CA
1970 NaN NaN NaN NaN 0.948 0.888
1971 NaN NaN NaN NaN 0.949 0.94
1972 NaN NaN NaN NaN 0.951 0.942
1973 NaN NaN NaN NaN 0.95 0.942
1974 NaN NaN NaN NaN 0.951 0.939
1975 NaN NaN NaN NaN 0.952 0.94
1976 NaN NaN NaN NaN 0.951 0.94
1977 NaN NaN NaN NaN 0.951 0.941
1978 NaN NaN NaN NaN 0.951 0.94
1979 NaN NaN NaN NaN 0.951 0.94
1980 NaN NaN NaN NaN 0.952 0.94
1981 NaN NaN NaN NaN 0.951 0.94
1982 NaN NaN NaN NaN 0.951 0.94
1983 NaN NaN NaN NaN 0.952 0.941
1984 NaN NaN NaN NaN 0.951 0.943
1985 NaN NaN NaN NaN 0.951 0.943
1986 NaN NaN NaN NaN 0.952 0.943
1987 NaN NaN NaN NaN 0.952 0.944
1988 NaN NaN NaN NaN 0.952 0.943
1989 NaN NaN NaN NaN 0.952 0.945
1990 NaN NaN NaN NaN 0.952 0.947
1991 NaN NaN NaN NaN 0.952 0.945
1992 NaN NaN NaN NaN 0.952 0.945
1993 NaN NaN NaN NaN 0.952 0.945
1994 NaN NaN NaN NaN 0.952 0.946
1995 NaN NaN NaN NaN 0.952 0.946
1996 NaN NaN NaN NaN 0.952 0.947
1997 NaN NaN NaN NaN 0.954 0.947
1998 NaN NaN NaN NaN 0.953 0.947
1999 NaN NaN NaN NaN 0.952 0.946
2000 NaN NaN NaN NaN 0.99 0.832
2001 NaN NaN NaN NaN 0.99 0.967
2002 NaN NaN NaN NaN 0.991 0.981
2003 NaN NaN NaN NaN 0.991 0.977
2004 NaN NaN NaN NaN 0.991 0.982
2005 NaN NaN NaN NaN 0.986 0.929
2006 NaN NaN NaN NaN 0.988 0.783
2007 NaN NaN NaN NaN 0.995 0.973
2008 NaN NaN NaN NaN 0.98 0.901
2009 NaN NaN NaN NaN 0.991 0.962
2010 NaN NaN NaN NaN 0.985 0.947
2011 NaN NaN NaN NaN 0.983 0.846
2012 NaN NaN NaN NaN 0.988 0.983
2013 NaN NaN NaN NaN 0.868 0.992
2014 NaN NaN NaN NaN 0.923 0.981
2015 NaN NaN NaN NaN 0.796 0.966
2016 NaN NaN NaN NaN 0.962 0.956
2017 NaN NaN NaN NaN 0.983 0.981
2018 NaN NaN NaN NaN 0.972 0.968
2019 NaN NaN NaN NaN 0.987 0.899
2020 NaN NaN NaN NaN 0.98 0.979
2021 NaN NaN NaN NaN 0.982 0.823
2022 NaN NaN NaN NaN 0.964 0.919
2023 NaN NaN NaN NaN 0.95 0.948

Numbers over time by herd
Values for breeding stock: Asia
Year RUS+WAL EAL+BER GOA SEA+NBC SBC+WA OR+CA
1970 52 10 0 0 0 0
1971 63 12 0 0 0 0
1972 72 14 0 0 0 0
1973 82 15 0 0 0 0
1974 92 17 0 0 0 0
1975 102 19 0 0 0 0
1976 111 21 0 0 0 0
1977 120 22 0 0 0 0
1978 128 24 0 0 0 0
1979 136 25 0 0 0 0
1980 147 27 0 0 0 0
1981 159 29 0 0 0 0
1982 173 32 0 0 0 0
1983 190 35 0 0 0 0
1984 208 39 0 0 0 0
1985 228 42 0 0 0 0
1986 250 46 0 0 0 0
1987 273 51 0 0 0 0
1988 296 55 0 0 0 0
1989 322 60 0 0 0 0
1990 349 65 0 0 0 0
1991 379 70 0 0 0 0
1992 412 76 0 0 0 0
1993 448 83 0 0 0 0
1994 487 90 0 0 0 0
1995 530 98 0 0 0 0
1996 577 107 0 0 0 0
1997 627 117 0 0 0 0
1998 682 127 0 0 0 0
1999 740 138 0 0 0 0
2000 803 149 0 0 0 0
2001 871 168 0 0 0 0
2002 944 188 0 0 0 0
2003 1023 212 0 0 0 0
2004 1108 236 0 0 0 0
2005 1199 238 0 0 0 0
2006 1297 266 0 0 0 0
2007 1402 288 0 0 0 0
2008 1513 284 0 0 0 0
2009 1632 307 0 0 0 0
2010 1757 268 0 0 0 0
2011 1890 296 0 0 0 0
2012 2031 327 0 0 0 0
2013 2169 342 0 0 0 0
2014 2339 381 0 0 0 0
2015 2455 412 0 0 0 0
2016 2631 392 0 0 0 0
2017 2814 381 0 0 0 0
2018 2998 350 0 0 0 0
2019 3197 309 0 0 0 0
2020 3378 340 0 0 0 0
2021 3558 375 0 0 0 0
2022 3736 398 0 0 0 0
2023 3911 420 0 0 0 0
Values for breeding stock: Hawaii
Year RUS+WAL EAL+BER GOA SEA+NBC SBC+WA OR+CA
1970 11 135 70 263 11 0
1971 14 166 87 322 13 0
1972 16 197 103 378 15 0
1973 18 226 118 432 18 0
1974 21 254 133 484 20 0
1975 23 281 147 533 22 0
1976 25 307 160 580 24 0
1977 27 332 173 625 26 0
1978 29 355 186 668 27 0
1979 31 378 198 709 29 0
1980 34 409 214 764 31 0
1981 37 446 233 832 34 0
1982 41 490 256 912 38 0
1983 45 540 282 1002 41 0
1984 49 595 311 1101 46 0
1985 54 655 342 1210 50 0
1986 59 720 376 1325 55 0
1987 65 788 411 1445 60 0
1988 71 859 448 1572 65 0
1989 77 936 488 1711 71 0
1990 84 1020 531 1861 77 0
1991 92 1112 579 2026 84 0
1992 100 1213 631 2206 92 0
1993 110 1325 689 2406 100 0
1994 120 1448 753 2625 109 0
1995 131 1582 822 2863 119 0
1996 143 1729 898 3120 129 0
1997 156 1888 980 3397 141 0
1998 170 2058 1068 3696 154 0
1999 185 2243 1164 4017 167 0
2000 202 2444 1267 4367 182 0
2001 220 2755 1253 4313 206 0
2002 239 3104 1406 4833 232 0
2003 260 3498 1581 5427 262 0
2004 282 3912 1582 5419 296 0
2005 306 3952 1780 6085 333 0
2006 332 4445 1792 6111 374 0
2007 360 4818 2007 6850 424 0
2008 390 4781 2004 6830 473 0
2009 423 5176 2249 7650 534 0
2010 457 4543 2345 7937 596 0
2011 493 5032 2627 8875 663 0
2012 531 5566 2549 8622 743 0
2013 572 5871 2846 9602 828 0
2014 615 6520 2575 8672 803 0
2015 660 7218 1961 6582 829 0
2016 707 6859 1942 6493 738 0
2017 755 6668 1580 5271 788 0
2018 806 6121 1507 5012 850 0
2019 857 5393 1668 5531 925 0
2020 910 5959 1776 5864 995 0
2021 963 6600 1280 4210 1072 0
2022 1016 7036 1364 4467 1146 0
2023 1068 7465 1456 4754 1200 0
Values for breeding stock: Mexico
Year RUS+WAL EAL+BER GOA SEA+NBC SBC+WA OR+CA
1970 11 120 29 16 8 57
1971 13 147 36 19 10 70
1972 15 174 42 22 11 82
1973 17 199 48 25 13 93
1974 19 224 54 28 15 103
1975 22 247 60 31 16 113
1976 24 269 65 34 18 122
1977 26 291 70 37 19 131
1978 27 311 75 39 20 139
1979 29 331 80 41 22 147
1980 32 357 86 45 23 157
1981 34 390 94 49 25 171
1982 38 428 103 53 28 186
1983 41 471 113 58 31 204
1984 46 518 125 64 34 224
1985 50 570 137 70 37 245
1986 55 625 150 77 40 267
1987 60 684 164 84 44 290
1988 66 745 179 91 48 315
1989 71 811 195 99 52 341
1990 78 883 212 108 57 370
1991 85 961 231 117 61 401
1992 92 1048 252 127 67 435
1993 101 1144 274 139 73 472
1994 110 1249 300 151 79 514
1995 120 1364 327 165 87 559
1996 131 1490 357 180 94 608
1997 143 1622 388 195 103 660
1998 155 1764 422 212 112 716
1999 169 1919 459 230 121 776
2000 183 2087 499 249 132 843
2001 199 2348 493 246 148 801
2002 216 2642 552 275 167 887
2003 235 2975 620 309 189 996
2004 255 3323 620 308 213 1115
2005 277 3352 696 345 239 1250
2006 300 3768 700 346 268 1328
2007 325 4079 784 388 304 1189
2008 351 4041 781 386 338 1329
2009 380 4369 875 432 381 1365
2010 410 3828 911 447 425 1489
2011 441 4232 1019 499 472 1618
2012 475 4673 987 484 528 1559
2013 511 4922 1100 538 587 1746
2014 548 5457 994 485 569 1939
2015 587 6031 756 368 586 2124
2016 627 5720 747 362 521 2315
2017 670 5552 607 293 555 2599
2018 713 5088 578 279 597 2888
2019 757 4476 638 307 649 3238
2020 802 4934 678 325 697 3342
2021 846 5452 488 233 749 3721
2022 892 5808 519 247 800 3501
2023 936 6149 553 262 835 3654
Values for breeding stock: Central_Am
Year RUS+WAL EAL+BER GOA SEA+NBC SBC+WA OR+CA
1970 0 0 0 0 3 31
1971 0 0 0 0 3 38
1972 0 0 0 0 4 44
1973 0 0 0 0 4 50
1974 0 0 0 0 5 56
1975 0 0 0 0 5 61
1976 0 0 0 0 6 66
1977 0 0 0 0 6 70
1978 0 0 0 0 6 75
1979 0 0 0 0 7 79
1980 0 0 0 0 7 84
1981 0 0 0 0 8 91
1982 0 0 0 0 9 99
1983 0 0 0 0 10 109
1984 0 0 0 0 10 119
1985 0 0 0 0 11 130
1986 0 0 0 0 13 142
1987 0 0 0 0 14 154
1988 0 0 0 0 15 167
1989 0 0 0 0 16 180
1990 0 0 0 0 18 196
1991 0 0 0 0 19 212
1992 0 0 0 0 21 229
1993 0 0 0 0 23 249
1994 0 0 0 0 25 271
1995 0 0 0 0 27 294
1996 0 0 0 0 29 320
1997 0 0 0 0 32 348
1998 0 0 0 0 34 378
1999 0 0 0 0 37 410
2000 0 0 0 0 41 446
2001 0 0 0 0 46 423
2002 0 0 0 0 52 469
2003 0 0 0 0 58 526
2004 0 0 0 0 66 589
2005 0 0 0 0 74 660
2006 0 0 0 0 83 701
2007 0 0 0 0 94 628
2008 0 0 0 0 104 702
2009 0 0 0 0 118 721
2010 0 0 0 0 131 787
2011 0 0 0 0 146 855
2012 0 0 0 0 163 825
2013 0 0 0 0 182 924
2014 0 0 0 0 176 1026
2015 0 0 0 0 182 1125
2016 0 0 0 0 162 1227
2017 0 0 0 0 172 1378
2018 0 0 0 0 186 1533
2019 0 0 0 0 202 1722
2020 0 0 0 0 217 1778
2021 0 0 0 0 233 1981
2022 0 0 0 0 249 1864
2023 0 0 0 0 261 1947

Catch numbers by breeding stock
Year Asia Hawaii Mexico Central_Am
1970 0.9 0 1.1 0.3
1971 0.9 0 1.2 0.3
1972 1 0 1.3 0.3
1973 1.1 0 1.3 0.4
1974 1.2 0.1 1.4 0.4
1975 1.2 0.1 1.5 0.4
1976 1.3 0.1 1.6 0.4
1977 1.4 0.1 1.6 0.4
1978 1.5 0.1 1.7 0.5
1979 1.6 0.1 1.8 0.5
1980 1.8 0.1 1.9 0.5
1981 1.9 0.1 2 0.5
1982 2 0.1 2.1 0.6
1983 2.2 0.1 2.2 0.6
1984 2.3 0.1 2.4 0.6
1985 2.5 0.1 2.5 0.7
1986 2.6 0.1 2.6 0.7
1987 2.8 0.1 2.8 0.7
1988 3 0.1 2.9 0.8
1989 3.2 0.1 3.1 0.8
1990 3.5 0.2 3.2 0.8
1991 3.7 0.2 3.4 0.9
1992 4 0.2 3.6 0.9
1993 4.3 0.2 3.8 1
1994 4.6 0.2 4 1
1995 4.9 0.2 4.2 1.1
1996 5.2 0.2 4.4 1.1
1997 5.6 0.2 11 1.2
1998 6 0.2 11.6 1.2
1999 6.4 0.2 12.3 1.3
2000 6.9 0.3 12.9 1.4
2001 7.3 0.3 13.6 1.4
2002 7.9 0 13.7 1.5
2003 8.4 0 13.7 1.6
2004 9 0 15.8 1.7
2005 9.6 0 19 1.8
2006 10.3 1 16.1 1.8
2007 11.1 0 18.2 1.9
2008 11.8 0 18.7 2
2009 12.7 0 21.2 2.1
2010 13.6 0 22 2.2
2011 14.5 0.8 24.9 2.4
2012 15.5 0 25.6 2.5
2013 28 0 25.3 2.6
2014 0 5 30.6 2.7
2015 72 0 33.5 2.9
2016 12 0.1 33.4 3
2017 12 0.1 31.5 3.2
2018 16 0.1 31.5 3.3
2019 4 0.4 31.5 1.7
2020 26.8 0.4 40.7 5
2021 28.6 0.4 44.1 4.7
2022 30.7 0.4 26.4 3.7
2023 32.8 0.4 43.3 4.2

Catch numbers by feeding ground
Year RUS+WAL EAL+BER GOA SEA+NBC SBC+WA OR+CA
1970 0 2.7 3.1 6.8 0.1 6.4
1971 0 1.8 0.1 4 0.1 1.5
1972 4 0.8 0.1 4.1 0.1 1.6
1973 0 0.8 0.1 4.3 0.1 1.7
1974 0 0.8 0.1 4.5 0.1 2.5
1975 0 0.8 0.2 4.7 0.1 2.7
1976 0 0.8 0.2 4.9 0.2 2.9
1977 0 0.8 0.2 5.2 0.2 3.1
1978 0 0.8 0.2 5.4 0.2 3.3
1979 0 1 0.2 5.6 0.2 3.5
1980 0 1 0.2 5.9 0.2 3.9
1981 0 1 0.3 6.1 0.3 4.2
1982 0 1 0.4 6.5 0.3 4.5
1983 0 1 0.4 6.7 0.3 4.8
1984 0 1 0.5 7.1 0.4 4.6
1985 0 1 0.5 6.7 0.4 5
1986 0 1 0.7 7.8 0.4 5.4
1987 0 1 0.7 10 0.5 5.8
1988 0 1.1 0.8 8.5 0.5 6.3
1989 0 0.9 0.8 6.1 0.6 6.1
1990 0 1 0.8 7.4 0.7 5.8
1991 0 1 0.9 8.2 0.7 7.6
1992 0 1.1 0.9 9.8 0.8 8.3
1993 0 1.1 1 7.1 0.9 8.6
1994 0 1.2 1 9.3 1 8.8
1995 0 1.2 1 9.3 1.1 9.6
1996 0 1.2 1.1 12.7 1.2 9.9
1997 0 1.2 1.3 12.7 0.9 10.7
1998 0 3 1.4 14.7 1.2 12
1999 0 2.6 1.4 17.4 1.7 13.5
2000 0 1.2 1.5 14.1 1.5 11.6
2001 0 1.2 1.8 16.4 1.7 13.4
2002 0 2.4 1.9 13.8 1.9 13.7
2003 0 1.4 2 18.9 2.3 16
2004 0 1.4 2.3 22 2.5 15.9
2005 0 1.6 2.3 23.3 5.8 20.1
2006 0 1.6 2.4 22.7 5.3 22.1
2007 0 0.1 7.3 18.4 0 18.1
2008 0 0.1 4.3 19.7 12.4 8.8
2009 0 0.1 4.3 24.1 0 9.8
2010 0 6.1 0.8 44.5 7 24.5
2011 0 3.1 4 28.4 11 11.9
2012 0 4.1 8.8 11.6 0 10
2013 0 0.1 4 31.6 0 4.7
2014 0 0.1 11.8 43.7 7 45.2
2015 0 4.1 12 51 9.1 103.4
2016 0 4.1 4.8 34.8 7.1 150.3
2017 0 4.1 2.1 16.3 11.1 60.3
2018 0 1.1 4 26.6 30.1 111.1
2019 0 4.1 6 27.3 9.1 61
2020 0 1.1 0 24 23 31.2
2021 0 2.2 7 33.7 13 62.4
2022 0 4.3 0.8 22.3 8 56
2023 0 3.6 9.1 40.1 19.2 59.7
