Stock structure: B1F2; Model type = BC
Mortality impacts feeding grounds
Recruitment related to unfished
Straying rate: 0
Age-at-maturity: 8
Base adult survival: 0
Mirrored survival
Sigma for survival devs: 6
Additional variance estimated
Weight for mark-recapture proportions: 1
Weight for genetics proportions: 1


Total objective fn: 27065.8590864263
Negative log-likelihood fn: 26818.3105825096

Natural Survival by feeding ground
RUS+WAL,EAL+BER+WGOA,NGOA,SEA+NBC,SBC+WA,OR+CA
1970 0.96 0.96 0.96 0.96 0.96 0.96
1971 0.96 0.96 0.96 0.96 0.96 0.96
1972 0.96 0.96 0.96 0.96 0.96 0.96
1973 0.96 0.96 0.96 0.96 0.96 0.96
1974 0.96 0.96 0.96 0.96 0.96 0.96
1975 0.96 0.96 0.96 0.96 0.96 0.96
1976 0.96 0.96 0.96 0.96 0.96 0.96
1977 0.96 0.96 0.96 0.96 0.96 0.96
1978 0.96 0.96 0.96 0.96 0.96 0.96
1979 0.96 0.96 0.96 0.96 0.96 0.96
1980 0.96 0.96 0.96 0.96 0.96 0.96
1981 0.96 0.96 0.96 0.96 0.96 0.96
1982 0.96 0.96 0.96 0.96 0.96 0.96
1983 0.96 0.96 0.96 0.96 0.96 0.96
1984 0.96 0.96 0.96 0.96 0.96 0.96
1985 0.96 0.96 0.96 0.96 0.96 0.96
1986 0.96 0.96 0.96 0.96 0.96 0.96
1987 0.96 0.96 0.96 0.96 0.96 0.96
1988 0.96 0.96 0.96 0.96 0.96 0.96
1989 0.96 0.96 0.96 0.96 0.96 0.96
1990 0.96 0.96 0.96 0.96 0.96 0.96
1991 0.96 0.96 0.96 0.96 0.96 0.96
1992 0.96 0.96 0.96 0.96 0.96 0.96
1993 0.96 0.96 0.96 0.96 0.96 0.96
1994 0.96 0.96 0.96 0.96 0.96 0.96
1995 0.96 0.96 0.96 0.96 0.96 0.96
1996 0.96 0.96 0.96 0.96 0.96 0.96
1997 0.96 0.96 0.96 0.96 0.96 0.96
1998 0.96 0.96 0.96 0.96 0.96 0.96
1999 0.96 0.96 0.96 0.96 0.96 0.96
2000 0.96 0.96 0.96 0.96 0.96 0.96
2001 0.96 0.96 0.96 0.96 0.96 0.96
2002 0.96 0.96 0.96 0.96 0.96 0.96
2003 0.96 0.96 0.96 0.96 0.96 0.96
2004 0.96 0.96 0.96 0.96 0.96 0.96
2005 0.96 0.96 0.96 0.96 0.96 0.96
2006 0.96 0.96 0.96 0.96 0.96 0.96
2007 0.96 0.96 0.96 0.96 0.96 0.96
2008 0.96 0.96 0.96 0.96 0.96 0.96
2009 0.96 0.96 0.96 0.96 0.96 0.96
2010 0.96 0.96 0.96 0.96 0.96 0.96
2011 0.96 0.96 0.96 0.96 0.96 0.96
2012 0.96 0.96 0.96 0.96 0.96 0.96
2013 0.96 0.96 0.96 0.96 0.96 0.96
2014 0.96 0.96 0.96 0.96 0.96 0.96
2015 0.96 0.96 0.96 0.96 0.96 0.96
2016 0.96 0.96 0.96 0.96 0.96 0.96
2017 0.96 0.96 0.96 0.96 0.96 0.96
2018 0.96 0.96 0.96 0.96 0.96 0.96
2019 0.96 0.96 0.96 0.96 0.96 0.96
2020 0.96 0.96 0.96 0.96 0.96 0.96
2021 0.96 0.96 0.96 0.96 0.96 0.96
2022 0.96 0.96 0.96 0.96 0.96 0.96
2023 0.96 0.96 0.96 0.96 0.96 0.96

Natural Survival by breeding stock
RUS+WAL,EAL+BER+WGOA,NGOA,SEA+NBC,SBC+WA,OR+CA
1970 0.96 0.96 0.96 0.96
1971 0.96 0.96 0.96 0.96
1972 0.96 0.96 0.96 0.96
1973 0.96 0.96 0.96 0.96
1974 0.96 0.96 0.96 0.96
1975 0.96 0.96 0.96 0.96
1976 0.96 0.96 0.96 0.96
1977 0.96 0.96 0.96 0.96
1978 0.96 0.96 0.96 0.96
1979 0.96 0.96 0.96 0.96
1980 0.96 0.96 0.96 0.96
1981 0.96 0.96 0.96 0.96
1982 0.96 0.96 0.96 0.96
1983 0.96 0.96 0.96 0.96
1984 0.96 0.96 0.96 0.96
1985 0.96 0.96 0.96 0.96
1986 0.96 0.96 0.96 0.96
1987 0.96 0.96 0.96 0.96
1988 0.96 0.96 0.96 0.96
1989 0.96 0.96 0.96 0.96
1990 0.96 0.96 0.96 0.96
1991 0.96 0.96 0.96 0.96
1992 0.96 0.96 0.96 0.96
1993 0.96 0.96 0.96 0.96
1994 0.96 0.96 0.96 0.96
1995 0.96 0.96 0.96 0.96
1996 0.96 0.96 0.96 0.96
1997 0.96 0.96 0.96 0.96
1998 0.96 0.96 0.96 0.96
1999 0.96 0.96 0.96 0.96
2000 0.96 0.96 0.96 0.96
2001 0.96 0.96 0.96 0.96
2002 0.96 0.96 0.96 0.96
2003 0.96 0.96 0.96 0.96
2004 0.96 0.96 0.96 0.96
2005 0.96 0.96 0.96 0.96
2006 0.96 0.96 0.96 0.96
2007 0.96 0.96 0.96 0.96
2008 0.96 0.96 0.96 0.96
2009 0.96 0.96 0.96 0.96
2010 0.96 0.96 0.96 0.96
2011 0.96 0.96 0.96 0.96
2012 0.96 0.96 0.96 0.96
2013 0.96 0.96 0.96 0.96
2014 0.96 0.96 0.96 0.96
2015 0.96 0.96 0.96 0.96
2016 0.96 0.96 0.96 0.96
2017 0.96 0.96 0.96 0.96
2018 0.96 0.96 0.96 0.96
2019 0.96 0.96 0.96 0.96
2020 0.96 0.96 0.96 0.96
2021 0.96 0.96 0.96 0.96
2022 0.96 0.96 0.96 0.96
2023 0.96 0.96 0.96 0.96

Fecundity by feeding ground
RUS+WAL,EAL+BER+WGOA,NGOA,SEA+NBC,SBC+WA,OR+CA
1970 0.6568153 0.6570065 0.6568087 0.6570657 0.6568521 0.6569483
1971 0.6568153 0.6570065 0.6568087 0.6570657 0.6568521 0.6569483
1972 0.6568153 0.6570065 0.6568087 0.6570657 0.6568521 0.6569483
1973 0.6568153 0.6570065 0.6568087 0.6570657 0.6568521 0.6569483
1974 0.6568153 0.6570065 0.6568087 0.6570657 0.6568521 0.6569483
1975 0.6568153 0.6570065 0.6568087 0.6570657 0.6568521 0.6569483
1976 0.6568153 0.6570065 0.6568087 0.6570657 0.6568521 0.6569483
1977 0.6568153 0.6570065 0.6568087 0.6570657 0.6568521 0.6569483
1978 0.6568153 0.6570065 0.6568087 0.6570657 0.6568521 0.6569483
1979 0.6529862 0.653266 0.6529724 0.65341 0.6530667 0.65316
1980 0.6494178 0.6496436 0.6492901 0.6499047 0.6494345 0.649526
1981 0.6458899 0.6461661 0.645755 0.6465476 0.6459483 0.6460418
1982 0.6425059 0.6428304 0.6423642 0.6433355 0.6426036 0.6427157
1983 0.6392573 0.6396303 0.6391221 0.6402601 0.6393943 0.6395277
1984 0.6361415 0.6365603 0.6360101 0.6373159 0.6363554 0.6364722
1985 0.6331528 0.6336132 0.6330227 0.6345016 0.633438 0.6335435
1986 0.6302864 0.6307861 0.6301552 0.631808 0.6306397 0.6307392
1987 0.6275373 0.628081 0.627403 0.6292303 0.6279551 0.6280522
1988 0.6242105 0.6248088 0.624067 0.6261055 0.6246944 0.6247962
1989 0.6203813 0.6210212 0.6202192 0.6224861 0.6209562 0.6210275
1990 0.6160842 0.616772 0.6159136 0.618433 0.6167536 0.6168028
1991 0.6113727 0.6121112 0.6111883 0.6139874 0.6121359 0.6121727
1992 0.6062909 0.6070872 0.6061053 0.6092025 0.6071915 0.6071725
1993 0.6008846 0.6017405 0.6006941 0.6040877 0.6019272 0.6018609
1994 0.5951913 0.5961101 0.5950195 0.5987432 0.5963807 0.596275
1995 0.5892508 0.5902346 0.5890924 0.5932476 0.5906302 0.5904519
1996 0.5830968 0.5841499 0.582959 0.5874814 0.5846659 0.584429
1997 0.5766481 0.5777677 0.5765242 0.5813332 0.5784474 0.5781076
1998 0.5698442 0.5710314 0.569726 0.5748946 0.5719124 0.5714203
1999 0.5626311 0.5638881 0.5625256 0.5680931 0.5649696 0.5643677
2000 0.5549737 0.5563035 0.5548717 0.5609229 0.5576202 0.5568841
2001 0.5468461 0.5482488 0.5467533 0.5531848 0.5498433 0.5489354
2002 0.5382332 0.5397121 0.5381421 0.5450617 0.541621 0.5405032
2003 0.5291292 0.5306841 0.5290361 0.5364615 0.5329465 0.5315988
2004 0.5195371 0.5211675 0.5194503 0.5275345 0.5238254 0.5222112
2005 0.5094781 0.5113068 0.5094393 0.5181446 0.5142146 0.5123959
2006 0.4989446 0.5010313 0.4989588 0.5083489 0.5042565 0.5021301
2007 0.4879329 0.4902621 0.4879914 0.4981746 0.494028 0.4914136
2008 0.4764389 0.4789575 0.4765462 0.4873743 0.483229 0.4801654
2009 0.4644548 0.4671623 0.4646399 0.4761757 0.4720208 0.468464
2010 0.4519823 0.4548993 0.4522342 0.4643495 0.460389 0.4562695
2011 0.4390212 0.4420947 0.4393376 0.4522271 0.4484133 0.4436273
2012 0.4255859 0.4288365 0.4259944 0.439727 0.4360516 0.4304998
2013 0.4116942 0.4151688 0.4121882 0.4268008 0.4245788 0.4170049
2014 0.3973667 0.4009976 0.3979552 0.4134049 0.4123299 0.403084
2015 0.3826448 0.3864032 0.3839113 0.3993771 0.3975098 0.3886576
2016 0.3675629 0.3714435 0.3690888 0.3850119 0.3873387 0.3736391
2017 0.352175 0.3561996 0.3539391 0.3704568 0.3717154 0.3583195
2018 0.3365319 0.3408867 0.3380672 0.3563966 0.3586601 0.3430533
2019 0.3206973 0.3253019 0.3224256 0.3413936 0.3469436 0.3272753
2020 0.304739 0.309589 0.3072192 0.3254748 0.3305018 0.3112945
2021 0.2890295 0.2936433 0.2913035 0.3102383 0.3139916 0.2951021
2022 0.2726029 0.2778184 0.276523 0.2955583 0.3004805 0.2798463
2023 0.2581622 0.2622715 0.2617226 0.280985 0.2878031 0.2660054

Total abundance: Estimate SD_log
1970 842.2168 0.03478358
1971 1015.397 0.03538281
1972 1192.691 0.03547871
1973 1359.628 0.03564105
1974 1523.248 0.03568902
1975 1679.075 0.03575553
1976 1828.093 0.03582169
1977 1970.479 0.03588913
1978 2106.593 0.03595588
1979 2236.59 0.03602368
1980 2411.24 0.03606714
1981 2625.427 0.03610578
1982 2876.547 0.03612529
1983 3160.561 0.03613698
1984 3474.372 0.03614161
1985 3814.884 0.03614198
1986 4179.436 0.03613804
1987 4563.804 0.03614376
1988 4964.278 0.03616623
1989 5395.276 0.03617209
1990 5867.694 0.03615009
1991 6385.415 0.0361245
1992 6953.48 0.03609991
1993 7577.343 0.0360719
1994 8265.544 0.03601943
1995 9016.06 0.0359672
1996 9831.861 0.03591143
1997 10711.58 0.03586162
1998 11656.48 0.0358232
1999 12673.25 0.0357894
2000 13769.25 0.03575716
2001 14396.21 0.03913925
2002 16074.42 0.03912829
2003 18006.61 0.03945961
2004 18990.76 0.04162153
2005 20465.88 0.02474482
2006 21821.5 0.02870487
2007 23667.09 0.0450504
2008 24119.89 0.05269482
2009 26351.56 0.04935857
2010 26225.62 0.04123018
2011 28990 0.03925089
2012 29957.45 0.04052498
2013 32262.6 0.03571783
2014 32822.89 0.04526487
2015 31969.72 0.0403609
2016 31363.03 0.04427438
2017 29841.98 0.04578744
2018 29381.15 0.03879993
2019 29664.52 0.03389887
2020 31740.82 0.03358474
2021 31580.5 0.03450352
2022 32894.07 0.1133236
2023 34782.5 0.1570434
2024 36859.16 0.1957384

Breeding stock abundance: Estimate SD_log Estimate/K
Asia
1970 52.99225 0.06171891 0.2649612
1971 64.29093 0.06237518 0.3214546
1972 75.21297 0.06281562 0.3760648
1973 83.31997 0.06472409 0.4165999
1974 93.30808 0.06487523 0.4665404
1975 102.8008 0.06505605 0.5140038
1976 111.9138 0.06520244 0.5595691
1977 120.5664 0.06537524 0.6028321
1978 128.777 0.06556887 0.6438849
1979 136.5632 0.06577957 0.682816
1980 147.0516 0.06592729 0.7352579
1981 159.2307 0.06631826 0.7961534
1982 173.6527 0.06660721 0.8682635
1983 190.0772 0.06681742 0.9503859
1984 208.2115 0.06699262 1.041058
1985 227.9451 0.06711723 1.139726
1986 248.9863 0.06723512 1.244931
1987 271.253 0.06732874 1.356265
1988 294.4794 0.067431 1.472397
1989 319.3083 0.06752179 1.596542
1990 346.1412 0.06761759 1.730706
1991 375.3682 0.06771379 1.876841
1992 407.464 0.06778167 2.03732
1993 442.6551 0.06782847 2.213276
1994 481.1683 0.06785345 2.405842
1995 523.1853 0.06785639 2.615927
1996 568.803 0.06784482 2.844015
1997 618.0626 0.06782774 3.090313
1998 671.0604 0.06782018 3.355302
1999 728.012 0.06783052 3.64006
2000 789.3192 0.06786242 3.946596
2001 858.3769 0.06794157 4.291884
2002 933.2638 0.06807715 4.666319
2003 1014.32 0.06833062 5.071601
2004 1096.722 0.06882768 5.483609
2005 1177.604 0.06854938 5.888021
2006 1277.607 0.06911715 6.388036
2007 1381.574 0.07054639 6.907869
2008 1478.14 0.07167999 7.390701
2009 1593.268 0.07277588 7.966341
2010 1683.995 0.07400603 8.419976
2011 1815.058 0.07585452 9.075288
2012 1953.749 0.0782602 9.768743
2013 2085.823 0.0811112 10.42911
2014 2229.37 0.08495895 11.14685
2015 2408.683 0.08842915 12.04341
2016 2489.177 0.09580719 12.44588
2017 2639.724 0.1020113 13.19862
2018 2787.351 0.1091394 13.93675
2019 2930.474 0.1178253 14.65237
2020 3126.68 0.125877 15.6334
2021 3304.559 0.1358386 16.52279
2022 3474.022 0.1479474 17.37011
2023 3641.685 0.1614294 18.20842
Hawaii
1970 498.9368 0.03926266 2.494684
1971 605.466 0.03961853 3.02733
1972 712.1311 0.0396745 3.560656
1973 814.1729 0.03973939 4.070865
1974 912.6847 0.03977618 4.563423
1975 1006.976 0.03981814 5.03488
1976 1097.234 0.03986237 5.486168
1977 1183.648 0.03990718 5.91824
1978 1266.33 0.03995356 6.331651
1979 1345.521 0.03999853 6.727607
1980 1451.673 0.04001761 7.258363
1981 1582.269 0.04001906 7.911347
1982 1735.183 0.04000614 8.675913
1983 1908.088 0.03998842 9.540441
1984 2099.217 0.03996507 10.49609
1985 2306.364 0.03994505 11.53182
1986 2528.626 0.03991625 12.64313
1987 2762.821 0.03990382 13.81411
1988 3006.548 0.03991621 15.03274
1989 3269.801 0.0399019 16.34901
1990 3559.098 0.03985363 17.79549
1991 3875.38 0.03981372 19.3769
1992 4223.157 0.03977326 21.11578
1993 4604.711 0.03973899 23.02356
1994 5026.54 0.03967918 25.1327
1995 5485.539 0.03963626 27.4277
1996 5984.533 0.03959917 29.92266
1997 6521.377 0.03958685 32.60688
1998 7102.2 0.03957613 35.511
1999 7726.978 0.0395865 38.63489
2000 8400.069 0.03962005 42.00034
2001 8684.028 0.0443036 43.42014
2002 9719.922 0.04623152 48.59961
2003 10915.05 0.04677809 54.57527
2004 11303.45 0.0413617 56.51723
2005 12280.34 0.03040427 61.40171
2006 12891.28 0.03539612 64.45641
2007 14315.94 0.0453166 71.57971
2008 14369.2 0.05045841 71.84602
2009 15888.48 0.04763705 79.44241
2010 15843.62 0.04387317 79.21808
2011 17620.71 0.04289037 88.10355
2012 17961.17 0.04111188 89.80584
2013 19495.63 0.03944492 97.47817
2014 19039.15 0.06117321 95.19574
2015 17164.23 0.04504854 85.82116
2016 16581.49 0.04816415 82.90743
2017 14859.94 0.0524753 74.29972
2018 14155.57 0.04664468 70.77786
2019 14267.02 0.04119335 71.33512
2020 15380.84 0.039373 76.9042
2021 13934.48 0.05140419 69.67238
2022 14806.8 0.150873 74.03398
2023 15736.22 0.2079971 78.6811
Mexico
1970 251.8003 0.05462485 1.259001
1971 301.3426 0.05605276 1.506713
1972 353.7095 0.0563653 1.768547
1973 403.4879 0.05665947 2.017439
1974 452.0088 0.05680584 2.260044
1975 498.0017 0.05698629 2.490009
1976 541.9115 0.05715642 2.709558
1977 583.804 0.05732121 2.91902
1978 623.887 0.05747053 3.119435
1979 662.1405 0.05761626 3.310702
1980 713.5331 0.05775249 3.567666
1981 776.7195 0.05788646 3.883598
1982 850.8349 0.05799867 4.254175
1983 934.7066 0.0580988 4.673533
1984 1027.342 0.05818899 5.136711
1985 1127.931 0.05826508 5.639657
1986 1235.434 0.05833905 6.177172
1987 1348.931 0.05841486 6.744656
1988 1467.494 0.0584985 7.33747
1989 1594.562 0.05857742 7.972808
1990 1733.378 0.05863248 8.66689
1991 1886.162 0.05866359 9.430809
1992 2053.548 0.05870778 10.26774
1993 2237.73 0.05874032 11.18865
1994 2440.358 0.05875163 12.20179
1995 2662.089 0.05874631 13.31044
1996 2903.226 0.05873312 14.51613
1997 3164.231 0.05870944 15.82116
1998 3440.157 0.05877993 17.20079
1999 3737.359 0.05884178 18.68679
2000 4058.458 0.0588873 20.29229
2001 4347.922 0.06183478 21.73961
2002 4859.022 0.06065119 24.29511
2003 5445.833 0.0610156 27.22917
2004 5882.928 0.07114108 29.41464
2005 6212.716 0.0471612 31.06358
2006 6802.183 0.05075903 34.01092
2007 7194.345 0.07688302 35.97172
2008 7409.012 0.08792502 37.04506
2009 7973.782 0.08373565 39.86891
2010 7712.506 0.07094182 38.56253
2011 8485.434 0.06781743 42.42717
2012 8994.421 0.07059671 44.9721
2013 9511.447 0.06215995 47.55723
2014 10266.43 0.06183097 51.33215
2015 10976.86 0.06386195 54.8843
2016 10766.77 0.06943161 53.83384
2017 10677.63 0.06801479 53.38816
2018 10574.72 0.05964952 52.8736
2019 10408.78 0.0537851 52.04388
2020 11121.63 0.05423125 55.60817
2021 11994.88 0.05349463 59.9744
2022 12351.23 0.1369821 61.75613
2023 13039.37 0.1857252 65.19687
Central_Am
1970 38.48747 0.0725907 0.1924374
1971 44.29784 0.07329427 0.2214892
1972 51.63697 0.07367007 0.2581849
1973 58.6473 0.07394681 0.2932365
1974 65.24652 0.07426756 0.3262326
1975 71.29682 0.07453652 0.3564841
1976 77.03451 0.07475825 0.3851725
1977 82.46048 0.07495153 0.4123024
1978 87.59862 0.07511769 0.4379931
1979 92.36518 0.07534007 0.4618259
1980 98.98306 0.07553543 0.4949153
1981 107.2079 0.07570328 0.5360395
1982 116.8773 0.07586479 0.5843865
1983 127.6891 0.07607195 0.6384453
1984 139.601 0.07625513 0.6980048
1985 152.6432 0.0764147 0.7632161
1986 166.3891 0.07660114 0.8319456
1987 180.7983 0.07677585 0.9039916
1988 195.757 0.07694154 0.978785
1989 211.6047 0.07712771 1.058024
1990 229.0771 0.07728722 1.145385
1991 248.5052 0.07743045 1.242526
1992 269.3114 0.07760021 1.346557
1993 292.2465 0.07775519 1.461232
1994 317.4784 0.0779247 1.587392
1995 345.2467 0.07808097 1.726233
1996 375.3 0.0782516 1.8765
1997 407.9137 0.07841779 2.039568
1998 443.0599 0.07859599 2.2153
1999 480.9031 0.07877595 2.404515
2000 521.404 0.07898299 2.60702
2001 505.8789 0.09534183 2.529395
2002 562.2163 0.08596488 2.811082
2003 631.4061 0.08561497 3.157031
2004 707.6647 0.08597662 3.538323
2005 795.2173 0.08715493 3.976087
2006 850.4235 0.1158681 4.252117
2007 775.2261 0.1029653 3.87613
2008 863.532 0.1034014 4.31766
2009 896.0269 0.109165 4.480134
2010 985.4995 0.1044984 4.927497
2011 1068.8 0.1085408 5.344001
2012 1048.113 0.08336533 5.240564
2013 1169.693 0.07770124 5.848464
2014 1287.943 0.08017109 6.439713
2015 1419.946 0.08019742 7.099732
2016 1525.6 0.07933673 7.628001
2017 1664.681 0.07916198 8.323405
2018 1863.503 0.07966898 9.317515
2019 2058.249 0.08152635 10.29125
2020 2111.67 0.09030211 10.55835
2021 2346.589 0.09048065 11.73294
2022 2262.03 0.1079325 11.31015
2023 2365.222 0.107603 11.82611

Feeding stock abundance: Estimate SD_log Estimate/K
RUS+WAL
1970 76.79071 0.08650242 0.3697315
1971 94.09556 0.08675444 0.4530508
1972 110.6116 0.08699033 0.5325721
1973 122.543 0.08994302 0.5900193
1974 137.7376 0.08976259 0.6631781
1975 152.3169 0.08962309 0.7333745
1976 166.2165 0.08955299 0.8002982
1977 179.4701 0.08953572 0.8641118
1978 192.0972 0.08955624 0.9249084
1979 204.1227 0.08960626 0.9828088
1980 220.2161 0.08962793 1.060295
1981 238.9822 0.09002342 1.15065
1982 261.2293 0.0902877 1.257765
1983 286.5125 0.09047669 1.379499
1984 314.6113 0.09058166 1.514789
1985 345.1337 0.09065113 1.661748
1986 377.8861 0.09068093 1.819444
1987 412.5044 0.09070277 1.986124
1988 448.7498 0.09072434 2.160638
1989 487.6165 0.09073085 2.347774
1990 529.6002 0.09077798 2.549916
1991 575.5486 0.09082556 2.771149
1992 625.9693 0.09087453 3.013914
1993 681.3659 0.09091367 3.280637
1994 742.1057 0.09094148 3.573087
1995 808.4768 0.0909581 3.89265
1996 880.6491 0.09096944 4.240145
1997 958.1938 0.09095953 4.613507
1998 1041.854 0.09096633 5.016315
1999 1132.034 0.09100034 5.45051
2000 1229.217 0.09107534 5.918428
2001 1334.135 0.09119065 6.423586
2002 1447.379 0.09137386 6.968833
2003 1569.721 0.09163437 7.557883
2004 1701.515 0.09199079 8.192445
2005 1843.198 0.09247663 8.874622
2006 1995.583 0.09312277 9.608323
2007 2158.689 0.09395288 10.39365
2008 2332.951 0.09501232 11.23268
2009 2518.553 0.09634611 12.12632
2010 2715.57 0.09801644 13.07491
2011 2924.556 0.1000675 14.08114
2012 3145.795 0.1025716 15.14636
2013 3368.811 0.1059013 16.22013
2014 3630.122 0.1090739 17.47829
2015 3838.444 0.1146637 18.48132
2016 4114.641 0.1194846 19.81115
2017 4401.528 0.1251539 21.19246
2018 4693.882 0.131836 22.60008
2019 5005.141 0.1392094 24.09873
2020 5299.547 0.1481878 25.51623
2021 5596.092 0.1583251 26.94404
2022 5893.193 0.169638 28.37452
2023 6185 0.1823929 29.77951
EAL+BER+WGOA
1970 284.0788 0.09856852 1.762349
1971 343.6618 0.1005176 2.131986
1972 404.5384 0.1009161 2.509648
1973 463.9231 0.1009949 2.878055
1974 520.8367 0.1010628 3.231132
1975 575.416 0.1011221 3.569727
1976 627.7436 0.1011755 3.894353
1977 677.9658 0.10122 4.205918
1978 726.1102 0.101262 4.504594
1979 772.2599 0.1013023 4.790894
1980 833.7229 0.1013777 5.172194
1981 909.586 0.1014213 5.642828
1982 998.5345 0.1014378 6.194641
1983 1099.308 0.1014343 6.819814
1984 1210.705 0.1014189 7.510893
1985 1331.694 0.1013934 8.261473
1986 1461.292 0.1013605 9.065462
1987 1598.489 0.1013255 9.916598
1988 1742.416 0.1012911 10.80948
1989 1896.75 0.1012605 11.76693
1990 2065.141 0.10121 12.81158
1991 2250.082 0.1011522 13.95891
1992 2453.972 0.1010797 15.22378
1993 2678.563 0.1009955 16.61709
1994 2925.407 0.100896 18.14844
1995 3195.496 0.1007855 19.824
1996 3489.663 0.100663 21.64894
1997 3804.585 0.1005882 23.60263
1998 4145.265 0.1004971 25.71611
1999 4511.909 0.1004307 27.99068
2000 4909.224 0.1003353 30.45551
2001 5518.987 0.1000537 34.23832
2002 6203.866 0.09956382 38.48713
2003 6973.594 0.100401 43.26232
2004 7518.355 0.111039 46.64186
2005 7655.717 0.06576094 47.49402
2006 8585.713 0.06878209 53.26347
2007 9405.766 0.1188115 58.35086
2008 9436.817 0.1420641 58.54349
2009 10202.39 0.1350511 63.29289
2010 9143.866 0.1188574 56.7261
2011 10122.07 0.1125972 62.79459
2012 11174.84 0.1137032 69.32571
2013 11449.28 0.1005834 71.02829
2014 12709.67 0.09775644 78.8474
2015 14052.26 0.09755388 87.17649
2016 13204.97 0.1116432 81.9201
2017 12638.15 0.1135915 78.40373
2018 11592.42 0.1079469 71.91626
2019 10263.36 0.1078638 63.67113
2020 11320.54 0.1050613 70.22961
2021 12524.62 0.10506 77.69941
2022 13368.11 0.2612517 82.93216
2023 14192.24 0.3551356 88.04485
NGOA
1970 81.23336 0.07172111 1.8847
1971 100.2712 0.07168673 2.326398
1972 118.5409 0.07167365 2.750274
1973 136.0795 0.07166895 3.157187
1974 152.8964 0.0716688 3.547358
1975 169.0341 0.07167014 3.921771
1976 184.4238 0.0717094 4.278828
1977 199.1978 0.07174195 4.621599
1978 213.3742 0.07176936 4.950508
1979 226.9771 0.07179275 5.266109
1980 245.2366 0.07180272 5.689748
1981 267.7338 0.0718033 6.211708
1982 293.9838 0.07182188 6.820735
1983 323.6217 0.0718543 7.508367
1984 356.3741 0.07188286 8.268257
1985 391.8367 0.07192605 9.091026
1986 429.8175 0.07196321 9.97222
1987 469.8444 0.07202499 10.90089
1988 511.8691 0.07207705 11.87591
1989 556.9244 0.07213259 12.92123
1990 606.0401 0.07218142 14.06077
1991 660.0054 0.07222735 15.31282
1992 719.3867 0.07228094 16.69053
1993 784.7781 0.07233512 18.20768
1994 856.487 0.07239979 19.87141
1995 934.8571 0.07247099 21.68967
1996 1020.087 0.07254964 23.6671
1997 1111.757 0.07264401 25.79393
1998 1210.544 0.07276006 28.08591
1999 1317.096 0.07289218 30.55803
2000 1432.155 0.07303979 33.22751
2001 1414.124 0.07404892 32.80918
2002 1581.67 0.07452604 36.69641
2003 1777.487 0.07473554 41.23958
2004 1791.407 0.0731713 41.56254
2005 2011.44 0.07176362 46.66754
2006 2030.188 0.07973486 47.10251
2007 2274.279 0.0795858 52.76569
2008 2255.503 0.0749553 52.33006
2009 2525.315 0.07409511 58.58999
2010 2624.014 0.07894773 60.87991
2011 2936.104 0.07954336 68.12072
2012 2852.541 0.07396746 66.18198
2013 3174.367 0.07669434 73.64866
2014 2879.504 0.1170825 66.80754
2015 2185.72 0.07999718 50.71101
2016 2153.572 0.08148173 49.96514
2017 1748.042 0.08668005 40.55643
2018 1665.751 0.09097224 38.64718
2019 1838.721 0.08693887 42.66027
2020 1949.318 0.08293383 45.22624
2021 1370.285 0.1663498 31.79207
2022 1449.347 0.2918267 33.62638
2023 1549.338 0.3776541 35.94627
SEA+NBC
1970 281.4072 0.05411273 2.080393
1971 339.521 0.05518831 2.510018
1972 397.9934 0.05556007 2.942294
1973 454.0311 0.05584585 3.356571
1974 507.5773 0.05608785 3.752428
1975 558.7848 0.05629787 4.130996
1976 607.7471 0.05648521 4.492966
1977 654.5592 0.05665622 4.839039
1978 699.2058 0.05682265 5.169104
1979 741.8697 0.05697857 5.48451
1980 799.2676 0.05711394 5.908842
1981 869.9478 0.05723362 6.431369
1982 952.7197 0.05733423 7.043286
1983 1046.173 0.05743168 7.734167
1984 1149.381 0.05751753 8.497165
1985 1261.113 0.05760462 9.323184
1986 1381.149 0.05766248 10.21059
1987 1507.12 0.05775515 11.14187
1988 1637.172 0.05791158 12.10332
1989 1778.502 0.05799415 13.14815
1990 1934.911 0.05799196 14.30445
1991 2105.277 0.05802533 15.56394
1992 2292.19 0.05807448 16.94575
1993 2496.483 0.0581578 18.45606
1994 2723.734 0.05817973 20.13608
1995 2969.768 0.05826178 21.95496
1996 3236.851 0.05836854 23.92946
1997 3522.155 0.05854833 26.03866
1998 3831.11 0.05873715 28.32271
1999 4163.143 0.05897932 30.77738
2000 4519.527 0.05929216 33.41206
2001 4459.551 0.0671497 32.96867
2002 4983.092 0.07441019 36.83911
2003 5598.499 0.07594627 41.3887
2004 5637.138 0.05423492 41.67435
2005 6321.338 0.05268619 46.73252
2006 6371.923 0.06458298 47.10648
2007 7130.084 0.0649483 52.71144
2008 7081.993 0.06101875 52.35591
2009 7929.001 0.06000328 58.61769
2010 8234.835 0.06510603 60.87866
2011 9179.387 0.06602172 67.86157
2012 8914.083 0.05840794 65.90022
2013 9945.643 0.0622106 73.52636
2014 9012.317 0.106692 66.62645
2015 6841.089 0.06350428 50.57494
2016 6734.681 0.06369368 49.7883
2017 5457.499 0.06943557 40.34631
2018 5198.224 0.07071523 38.42954
2019 5729.536 0.06670417 42.35744
2020 6073.49 0.058437 44.90022
2021 4260.238 0.1600654 31.49518
2022 4500.918 0.2892077 33.27449
2023 4800.44 0.3770623 35.48879
SBC+WA
1970 21.2233 0.04528878 1.566281
1971 26.078 0.04521091 1.924558
1972 30.73503 0.04517275 2.268248
1973 35.1983 0.0451556 2.597637
1974 39.47743 0.04514652 2.913437
1975 43.58186 0.04514177 3.216344
1976 47.51858 0.04513951 3.506875
1977 51.20171 0.04522304 3.77869
1978 54.72668 0.04529575 4.038833
1979 58.1072 0.04535779 4.288316
1980 62.68349 0.04537545 4.626046
1981 68.34899 0.04535897 5.044161
1982 74.89963 0.04537933 5.527598
1983 82.34958 0.04537237 6.077405
1984 90.60866 0.04534678 6.686926
1985 99.46865 0.04536679 7.340794
1986 108.9649 0.04537809 8.041615
1987 119.0234 0.04538305 8.783934
1988 129.4801 0.0454177 9.555639
1989 140.737 0.04543362 10.3864
1990 152.9267 0.04546459 11.286
1991 166.2581 0.04550045 12.26986
1992 181.0179 0.04550836 13.35914
1993 197.2201 0.04551945 14.55486
1994 214.9842 0.04552934 15.86585
1995 234.3891 0.0455363 17.29793
1996 255.478 0.04554349 18.8543
1997 278.0763 0.04555076 20.52205
1998 302.8643 0.04550038 22.35141
1999 329.3764 0.04548953 24.308
2000 357.6316 0.04553014 26.39324
2001 403.541 0.04508294 29.78135
2002 455.4328 0.04486611 33.61097
2003 514.0199 0.04476219 37.93471
2004 579.7823 0.04473121 42.78798
2005 653.6696 0.04475284 48.24086
2006 733.7289 0.045044 54.14925
2007 824.6689 0.04537251 60.86063
2008 931.675 0.04560138 68.75769
2009 1037.115 0.04696371 76.53913
2010 1164.112 0.04953747 85.91155
2011 1296.404 0.05309544 95.67474
2012 1438.663 0.0569638 106.1734
2013 1602.112 0.06470449 118.236
2014 1551.244 0.1605357 114.4819
2015 1601.025 0.1608438 118.1557
2016 1424.225 0.115323 105.1079
2017 1523.232 0.05877849 112.4146
2018 1659.095 0.05435657 122.4413
2019 1781.306 0.05231888 131.4605
2020 1927.836 0.05208961 142.2745
2021 2063.833 0.0544185 152.311
2022 2200.47 0.06199365 162.3949
2023 2314.777 0.09925977 170.8307
OR+CA
1970 95.18357 0.02469321 0.3979319
1971 109.3697 0.02612335 0.4572395
1972 127.6712 0.0262085 0.5337524
1973 145.0531 0.02631492 0.6064203
1974 161.6227 0.02641789 0.6756925
1975 176.7416 0.0266176 0.7388997
1976 191.0438 0.0268089 0.7986929
1977 204.5843 0.02699402 0.8553011
1978 217.2787 0.0271859 0.9083725
1979 229.2537 0.02737376 0.9584361
1980 245.8138 0.02750961 1.027669
1981 266.3287 0.02762283 1.113435
1982 290.3807 0.02772123 1.213988
1983 317.4965 0.02782084 1.327351
1984 347.2917 0.02792462 1.451915
1985 379.8374 0.0280048 1.587978
1986 414.3261 0.02810314 1.732164
1987 450.4228 0.02821862 1.883073
1988 487.7916 0.02835315 2.0393
1989 527.546 0.02849556 2.2055
1990 571.3753 0.02860286 2.388737
1991 620.0437 0.02867966 2.592204
1992 672.2446 0.02881626 2.810439
1993 729.6333 0.02895521 3.050362
1994 793.0264 0.02908344 3.315389
1995 862.6738 0.02920855 3.606562
1996 938.233 0.0293534 3.922451
1997 1018.818 0.02951547 4.259351
1998 1105.84 0.02969998 4.623161
1999 1199.493 0.02991943 5.014695
2000 1299.995 0.0301887 5.434863
2001 1243.267 0.0681031 5.1977
2002 1379.886 0.05103075 5.768858
2003 1549.594 0.05014141 6.478353
2004 1736.063 0.05081213 7.257923
2005 1950.117 0.05280132 8.152812
2006 2075.162 0.103141 8.675584
2007 1842.399 0.08174374 7.702477
2008 2048.449 0.08231122 8.563909
2009 2103.187 0.09289694 8.792748
2010 2305.419 0.08602256 9.638214
2011 2488.883 0.09316281 10.40522
2012 2387.93 0.05014636 9.983168
2013 2666.481 0.0347242 11.1477
2014 3001.733 0.03290594 12.54928
2015 3342.779 0.03276083 13.97508
2016 3682.443 0.0334793 15.39511
2017 4026.725 0.03476309 16.83444
2018 4520.878 0.03567306 18.90034
2019 5008.86 0.04043085 20.94044
2020 5097.193 0.06635736 21.30973
2021 5687.633 0.06683112 23.77817
2022 5420.839 0.08857496 22.66279
2023 5660.009 0.08756131 23.66268

Parameters: Estimate  Std. Error      z value    Pr(>|z^2|)
rval 0.09085192 0.00029323 309.8306755 0
logK 8.3274251 0.71379649 11.66638555 0
logK 10.58668896 0.32634364 32.44031018 0
logK 10.43360796 0.45166331 23.10041092 0
logK 8.97780938 0.91312646 9.83194524 0
logBK 4.34438346 0.74435183 5.83646509 1e-08
logBK 4.3615313 0.33489118 13.02372688 0
logBK 4.89753453 0.46271702 10.58429733 0
logBK 5.32260848 0.91818198 5.79689929 1e-08
MixPars -2.10008158 0.31561469 -6.65394118 0
MixPars -2.92024307 0.19390705 -15.06001489 0
MixPars -0.655913 0.14416489 -4.54974176 5.37e-06
MixPars -1.40339637 0.09284039 -15.11622726 0
MixPars -3.21639874 0.09706446 -33.13673105 0
MixPars -2.16834414 0.25404594 -8.53524432 0
MixPars -2.2095883 0.19828368 -11.14357113 0
MixPars -2.37164839 0.31159638 -7.61128358 0
MixPars -2.86968041 0.14449207 -19.86047 0
MixPars -0.84803225 0.12067528 -7.0273897 0
MixPars -2.62861139 0.18578621 -14.14858176 0
AddV 0.01236642 0.01203012 1.02795516 0.30397092
AddV 0.00701383 0.00224274 3.1273494 0.0017639
AddV 0.03003675 0.0191628 1.56745124 0.11700925
SFdev -0.27425184 0.60891922 -0.45039117 0.65242841
SFdev -0.2768366 0.6069619 -0.45610211 0.64831655
SFdev -0.28527766 0.60181999 -0.4740249 0.63548215
SFdev 0.03074271 0.4636729 0.06630259 0.94713692
SFdev 0.16341227 0.21081363 0.77515038 0.43825081
SFdev -0.26730791 0.60957191 -0.43851744 0.66101123
SFdev -0.04743231 0.61319506 -0.07735272 0.93834295
SFdev 0.18343798 0.25063583 0.73189048 0.46423542
SFdev 0.0057816 0.61045387 0.00947098 0.99244336
SFdev 0.3025868 0.12374794 2.44518662 0.01447772
SFdev -0.17778667 0.67067995 -0.26508421 0.79094459
SFdev -0.16536596 0.66701376 -0.24791986 0.80419641
SFdev 0.13381472 0.23256536 0.57538545 0.56503064
SFdev -0.24411757 0.62450241 -0.39089932 0.69587166
SFdev -0.22880363 0.62740753 -0.36468104 0.71534952
SFdev 0.24995101 0.12484805 2.00204186 0.04528023
SFdev 0.23096577 0.15189671 1.52054493 0.12837408
SFdev 0.27320789 0.11469765 2.38198323 0.01721968
SFdev 0.30869516 0.08080474 3.82026044 0.00013331
SFdev -0.21784619 0.6230493 -0.34964519 0.72660499
SFdev -0.3688084 0.55615209 -0.66314307 0.50723893
SFdev -0.0003371 0.99899569 -0.00033744 0.99973076
SFdev 2.639e-05 1.00006132 2.639e-05 0.99997894
SFdev 0 1 0 1
SFdev 0.20949431 0.05492328 3.81430779 0.00013657
SFdev -0.21547486 0.60297805 -0.35735108 0.72082899
SFdev -0.31594491 0.58015787 -0.54458437 0.58603941
SFdev 0.17832574 0.09558506 1.86562354 0.06209405
SFdev -0.33033782 0.56953355 -0.58001468 0.56190472
SFdev 0.17369631 0.08751387 1.98478612 0.04716827
SFdev -0.31046459 0.57363159 -0.54122645 0.58835151
SFdev 0.19419844 0.0726263 2.67394095 0.00749657
SFdev -0.37887825 0.53348177 -0.71019906 0.4775807
SFdev 0.11566893 0.08709828 1.32802767 0.18416896
SFdev -0.34844784 0.55137143 -0.63196572 0.52740928
SFdev 0.21752134 0.04991404 4.35791911 1.313e-05
SFdev -0.31283279 0.57098549 -0.5478822 0.58377279
SFdev 0.2868498 0.08462817 3.38953102 0.00070012
SFdev 0.40417893 0.05018733 8.05340516 0
SFdev 0.18728755 0.06286777 2.97907098 0.00289124
SFdev 0.36652746 0.03123777 11.73347109 0
SFdev 0.23275144 0.07001177 3.32446182 0.00088589
SFdev -0.29643224 0.5847358 -0.50695072 0.61218939
SFdev 0.00545002 0.16490448 0.03304957 0.97363506
SFdev 0.43947178 0.06445569 6.8181999 0
SFdev -2.906e-05 0.99991653 -2.907e-05 0.99997681
SFdev 1.65e-06 1.00000344 1.65e-06 0.99999868
SFdev 0 1 0 1
SFdev -0.44612641 0.52201684 -0.85462074 0.39276114
SFdev -0.47547001 0.51027384 -0.93179381 0.35144309
SFdev -0.49351849 0.50337112 -0.98042671 0.32687553
SFdev -0.50017784 0.50086966 -0.99861878 0.3179794
SFdev -0.49645745 0.50222293 -0.98852007 0.32289801
SFdev -0.4855715 0.5056921 -0.96021177 0.33694865
SFdev -0.49429105 0.50286727 -0.98294536 0.32563433
SFdev -0.45468443 0.51702889 -0.87941784 0.37917477
SFdev -0.38066682 0.5455036 -0.6978264 0.48528577
SFdev -0.29734213 0.57798784 -0.51444358 0.6069419
SFdev -0.29382467 0.58355486 -0.50350823 0.614607
SFdev -0.30624524 0.58298939 -0.52530157 0.59937357
SFdev -0.25578765 0.61532699 -0.41569386 0.67763403
SFdev 0.22037204 0.21271754 1.03598434 0.30020945
SFdev 0.10233927 0.51390341 0.19914106 0.8421524
SFdev 0.29521326 0.16812191 1.75594764 0.07909735
SFdev -0.04305082 0.6204432 -0.06938721 0.94468141
SFdev -0.27899245 0.60013298 -0.46488438 0.64201425
SFdev -0.27371902 0.59617793 -0.45912303 0.64614582
SFdev -0.28441205 0.58869658 -0.48312163 0.62900938
SFdev -0.31762119 0.57676938 -0.55069009 0.58184614
SFdev -0.24313058 0.61226361 -0.39710114 0.69129288
SFdev -0.04380914 0.56805529 -0.07712126 0.93852708
SFdev 0 1 0 1
SFdev 0.24616519 0.08059354 3.05440366 0.00225508
SFdev -0.14834725 0.61405898 -0.24158469 0.80910199
SFdev -0.31654271 0.57424647 -0.55123145 0.58147503
SFdev -0.27402036 0.58791696 -0.46608685 0.64115334
SFdev -0.31872883 0.57516407 -0.55415289 0.57947422
SFdev 0.06365763 0.33188176 0.19180817 0.84789247
SFdev 0.31170983 0.10359046 3.00905914 0.00262058
SFdev -0.17323276 0.64879074 -0.26700869 0.78946247
SFdev 0.15197091 0.21864213 0.69506691 0.48701337
SFdev -0.03725131 0.56414638 -0.06603129 0.94735291
SFdev 0.0022844 0.4818339 0.00474105 0.99621721
SFdev 0.24195574 0.11678411 2.07182072 0.03828216
SFdev -0.21494979 0.60547221 -0.35501182 0.72258074
SFdev -0.40381327 0.53498755 -0.75480872 0.45036376
SFdev -0.52604601 0.49003353 -1.07348983 0.2830514
SFdev -0.57014842 0.47589527 -1.1980544 0.23089584
SFdev -0.52850889 0.48941636 -1.07987583 0.28019748
SFdev -0.47228038 0.50920056 -0.92749383 0.3536702
SFdev -0.32209625 0.56987462 -0.56520546 0.57193402
SFdev 0.15683907 0.13374478 1.17267434 0.24092643
SFdev -0.15712128 0.61537612 -0.25532561 0.79847162
SFdev 0.24667606 0.12005868 2.05462922 0.03991483
SFdev 0.09932279 0.29366543 0.3382175 0.73519929
SFdev 0 1 0 1

Mixing matrix
0.98488054 0.01511946 0 0 0 0 ,# Asia
0.00398287 0.17176143 0.17674002 0.64104351 0.00647217 0 ,# Hawaii
0.04960239 0.61908549 0.0387674 0.03528827 0.04324056 0.2140159 ,# Mexico
0 0 0 0 0.01803788 0.98196212 ,# Central_Am

Split of breeding stock to feeding grounds over time
Split for: Asia
Year RUS+WAL EAL+BER+WGOA NGOA SEA+NBC SBC+WA OR+CA
1970 0.98499 0.01501 0 0 0 0
1971 0.98502 0.01498 0 0 0 0
1972 0.98498 0.01502 0 0 0 0
1973 0.98499 0.01501 0 0 0 0
1974 0.985 0.015 0 0 0 0
1975 0.98501 0.01499 0 0 0 0
1976 0.98502 0.01498 0 0 0 0
1977 0.98502 0.01498 0 0 0 0
1978 0.98503 0.01497 0 0 0 0
1979 0.98503 0.01497 0 0 0 0
1980 0.98504 0.01496 0 0 0 0
1981 0.98504 0.01496 0 0 0 0
1982 0.98504 0.01496 0 0 0 0
1983 0.98505 0.01495 0 0 0 0
1984 0.98505 0.01495 0 0 0 0
1985 0.98505 0.01495 0 0 0 0
1986 0.98505 0.01495 0 0 0 0
1987 0.98505 0.01495 0 0 0 0
1988 0.98505 0.01495 0 0 0 0
1989 0.98506 0.01494 0 0 0 0
1990 0.98506 0.01494 0 0 0 0
1991 0.98506 0.01494 0 0 0 0
1992 0.98506 0.01494 0 0 0 0
1993 0.98506 0.01494 0 0 0 0
1994 0.98506 0.01494 0 0 0 0
1995 0.98506 0.01494 0 0 0 0
1996 0.98506 0.01494 0 0 0 0
1997 0.98506 0.01494 0 0 0 0
1998 0.98507 0.01493 0 0 0 0
1999 0.98507 0.01493 0 0 0 0
2000 0.98507 0.01493 0 0 0 0
2001 0.98507 0.01493 0 0 0 0
2002 0.98507 0.01493 0 0 0 0
2003 0.98507 0.01493 0 0 0 0
2004 0.98507 0.01493 0 0 0 0
2005 0.98506 0.01494 0 0 0 0
2006 0.98506 0.01494 0 0 0 0
2007 0.98506 0.01494 0 0 0 0
2008 0.98505 0.01495 0 0 0 0
2009 0.98505 0.01495 0 0 0 0
2010 0.98505 0.01495 0 0 0 0
2011 0.98505 0.01495 0 0 0 0
2012 0.98505 0.01495 0 0 0 0
2013 0.98504 0.01496 0 0 0 0
2014 0.98503 0.01497 0 0 0 0
2015 0.98503 0.01497 0 0 0 0
2016 0.98503 0.01497 0 0 0 0
2017 0.98502 0.01498 0 0 0 0
2018 0.98501 0.01499 0 0 0 0
2019 0.98501 0.01499 0 0 0 0
2020 0.985 0.015 0 0 0 0
2021 0.98499 0.01501 0 0 0 0
2022 0.98498 0.01502 0 0 0 0
2023 0.98497 0.01503 0 0 0 0
2024 0.98496 0.01504 0 0 0 0
Split for: Hawaii
Year RUS+WAL EAL+BER+WGOA NGOA SEA+NBC SBC+WA OR+CA
1970 0.00402 0.17188 0.17811 0.63948 0.00652 0
1971 0.00403 0.17221 0.17873 0.6385 0.00653 0
1972 0.00403 0.17261 0.17918 0.63763 0.00654 0
1973 0.00404 0.17295 0.17955 0.63691 0.00655 0
1974 0.00405 0.17324 0.17987 0.63628 0.00656 0
1975 0.00406 0.17351 0.18011 0.63576 0.00657 0
1976 0.00407 0.17375 0.18033 0.63528 0.00657 0
1977 0.00407 0.17398 0.18054 0.63483 0.00658 0
1978 0.00408 0.1742 0.18075 0.6344 0.00658 0
1979 0.00409 0.17438 0.18094 0.63401 0.00658 0
1980 0.00409 0.17457 0.18116 0.6336 0.00659 0
1981 0.0041 0.17476 0.18134 0.63322 0.00659 0
1982 0.0041 0.17497 0.18151 0.63283 0.00659 0
1983 0.00411 0.17517 0.18168 0.63245 0.00659 0
1984 0.00411 0.17538 0.18183 0.63208 0.00659 0
1985 0.00412 0.17554 0.18194 0.63181 0.00659 0
1986 0.00412 0.17576 0.18206 0.63146 0.0066 0
1987 0.00413 0.17606 0.18228 0.63093 0.0066 0
1988 0.00414 0.17625 0.18238 0.63063 0.0066 0
1989 0.00414 0.17633 0.18237 0.63057 0.00659 0
1990 0.00414 0.17644 0.18242 0.63041 0.00659 0
1991 0.00414 0.17658 0.18248 0.63021 0.00659 0
1992 0.00415 0.17676 0.18259 0.62991 0.00658 0
1993 0.00415 0.17683 0.18258 0.62986 0.00658 0
1994 0.00415 0.17696 0.18264 0.62967 0.00657 0
1995 0.00416 0.17708 0.18269 0.62951 0.00657 0
1996 0.00416 0.17729 0.18283 0.62916 0.00656 0
1997 0.00417 0.17748 0.18292 0.62887 0.00656 0
1998 0.00417 0.17764 0.18303 0.62859 0.00656 0
1999 0.00418 0.17785 0.18319 0.62823 0.00656 0
2000 0.00418 0.17799 0.18321 0.62807 0.00655 0
2001 0.00418 0.17816 0.18325 0.62786 0.00655 0
2002 0.00419 0.17822 0.1832 0.62786 0.00654 0
2003 0.00419 0.17839 0.18324 0.62766 0.00653 0
2004 0.00419 0.17858 0.18329 0.62741 0.00652 0
2005 0.0042 0.17878 0.18335 0.62719 0.00648 0
2006 0.0042 0.17893 0.18337 0.62704 0.00645 0
2007 0.0042 0.17908 0.18298 0.62727 0.00648 0
2008 0.0042 0.1792 0.18284 0.62737 0.00639 0
2009 0.00421 0.17934 0.18274 0.6273 0.00642 0
2010 0.00421 0.17961 0.18314 0.62664 0.0064 0
2011 0.00421 0.17971 0.18307 0.62666 0.00634 0
2012 0.00421 0.17959 0.18251 0.62732 0.00637 0
2013 0.00421 0.17972 0.18246 0.62721 0.0064 0
2014 0.00422 0.18005 0.18217 0.62715 0.00638 3e-05
2015 0.00422 0.18037 0.18197 0.62705 0.00636 3e-05
2016 0.00422 0.18039 0.18187 0.62715 0.00634 2e-05
2017 0.00422 0.18016 0.18167 0.62763 0.0063 2e-05
2018 0.00421 0.18012 0.1815 0.628 0.00615 2e-05
2019 0.00421 0.18003 0.18122 0.62838 0.00614 2e-05
2020 0.0042 0.17989 0.18113 0.62871 0.00605 2e-05
2021 0.0042 0.17986 0.18083 0.62906 0.00603 2e-05
2022 0.00419 0.17964 0.18064 0.62948 0.00604 2e-05
2023 0.00419 0.17964 0.18031 0.62985 0.00599 2e-05
2024 0.00418 0.17921 0.17991 0.63064 0.00603 2e-05
Split for: Mexico
Year RUS+WAL EAL+BER+WGOA NGOA SEA+NBC SBC+WA OR+CA
1970 0.04992 0.61835 0.03899 0.03514 0.04345 0.21415
1971 0.05 0.61819 0.03905 0.03501 0.04346 0.21429
1972 0.04989 0.61842 0.03907 0.03489 0.04346 0.21428
1973 0.04994 0.61852 0.03908 0.03479 0.04345 0.21423
1974 0.04998 0.61867 0.03909 0.0347 0.04344 0.21412
1975 0.05002 0.61881 0.03909 0.03463 0.04344 0.21401
1976 0.05005 0.61897 0.03909 0.03457 0.04341 0.21391
1977 0.05008 0.61912 0.0391 0.0345 0.04338 0.21382
1978 0.05011 0.61926 0.0391 0.03445 0.04335 0.21373
1979 0.05014 0.61937 0.03911 0.03439 0.04334 0.21365
1980 0.05017 0.61947 0.03912 0.03434 0.04333 0.21358
1981 0.05018 0.6196 0.03913 0.03429 0.04329 0.21351
1982 0.0502 0.61973 0.03912 0.03423 0.04327 0.21344
1983 0.05022 0.61986 0.03912 0.03418 0.04325 0.21336
1984 0.05024 0.61999 0.03912 0.03413 0.04321 0.21331
1985 0.05025 0.62012 0.03911 0.03409 0.04318 0.21324
1986 0.05027 0.62027 0.0391 0.03404 0.04315 0.21317
1987 0.05029 0.62045 0.03909 0.03396 0.04311 0.21309
1988 0.05031 0.6206 0.03908 0.03391 0.04308 0.21301
1989 0.05033 0.62074 0.03907 0.03391 0.04304 0.21293
1990 0.05034 0.62086 0.03906 0.03388 0.04298 0.21288
1991 0.05036 0.62102 0.03905 0.03385 0.04294 0.21278
1992 0.05038 0.62119 0.03905 0.03381 0.04289 0.21268
1993 0.05039 0.62134 0.03904 0.0338 0.04284 0.21258
1994 0.05041 0.62149 0.03904 0.03378 0.04278 0.2125
1995 0.05042 0.62165 0.03903 0.03375 0.04272 0.21242
1996 0.05044 0.62182 0.03902 0.0337 0.04267 0.21235
1997 0.05045 0.62197 0.03901 0.03366 0.04265 0.21226
1998 0.05048 0.62207 0.03901 0.03362 0.04261 0.21221
1999 0.0505 0.62224 0.039 0.03357 0.04254 0.21214
2000 0.05051 0.6224 0.03899 0.03355 0.04248 0.21208
2001 0.05052 0.62258 0.03897 0.03351 0.04242 0.21199
2002 0.05053 0.62271 0.03896 0.03351 0.04236 0.21194
2003 0.05054 0.62291 0.03894 0.03348 0.04228 0.21185
2004 0.05055 0.62312 0.03892 0.03344 0.04219 0.21178
2005 0.05058 0.62347 0.03891 0.03341 0.04192 0.21171
2006 0.0506 0.62378 0.0389 0.03339 0.04171 0.21161
2007 0.05059 0.6239 0.0388 0.03338 0.04184 0.2115
2008 0.05061 0.62431 0.03877 0.03339 0.04127 0.21166
2009 0.05059 0.62428 0.03871 0.03336 0.04142 0.21164
2010 0.05061 0.6245 0.03875 0.03328 0.04123 0.21162
2011 0.05063 0.62475 0.03873 0.03328 0.04087 0.21174
2012 0.05061 0.62461 0.03863 0.03333 0.04105 0.21176
2013 0.05058 0.62454 0.03859 0.0333 0.0412 0.21179
2014 0.0506 0.62506 0.03849 0.03326 0.04107 0.21153
2015 0.05066 0.62593 0.03843 0.03324 0.04091 0.21083
2016 0.05072 0.62689 0.03847 0.0333 0.04088 0.20975
2017 0.05073 0.62719 0.03849 0.03338 0.04065 0.20956
2018 0.05079 0.62831 0.03853 0.03347 0.03979 0.20911
2019 0.05078 0.62848 0.0385 0.03352 0.03975 0.20897
2020 0.05077 0.62876 0.03853 0.03357 0.03923 0.20914
2021 0.05075 0.62902 0.03849 0.03361 0.03912 0.209
2022 0.05073 0.62902 0.0385 0.03368 0.0392 0.20888
2023 0.05072 0.62936 0.03844 0.03372 0.03893 0.20883
2024 0.05065 0.62884 0.03842 0.03381 0.03926 0.20902
Split for: Central_Am
Year RUS+WAL EAL+BER+WGOA NGOA SEA+NBC SBC+WA OR+CA
1970 0 0 0 0 0.01811 0.98189
1971 0 0 0 0 0.01811 0.98189
1972 0 0 0 0 0.0181 0.9819
1973 0 0 0 0 0.0181 0.9819
1974 0 0 0 0 0.01811 0.98189
1975 0 0 0 0 0.01812 0.98188
1976 0 0 0 0 0.01811 0.98189
1977 0 0 0 0 0.01811 0.98189
1978 0 0 0 0 0.01811 0.98189
1979 0 0 0 0 0.01811 0.98189
1980 0 0 0 0 0.01811 0.98189
1981 0 0 0 0 0.0181 0.9819
1982 0 0 0 0 0.0181 0.9819
1983 0 0 0 0 0.0181 0.9819
1984 0 0 0 0 0.01808 0.98192
1985 0 0 0 0 0.01808 0.98192
1986 0 0 0 0 0.01807 0.98193
1987 0 0 0 0 0.01806 0.98194
1988 0 0 0 0 0.01806 0.98194
1989 0 0 0 0 0.01804 0.98196
1990 0 0 0 0 0.01803 0.98197
1991 0 0 0 0 0.01802 0.98198
1992 0 0 0 0 0.01801 0.98199
1993 0 0 0 0 0.01799 0.98201
1994 0 0 0 0 0.01797 0.98203
1995 0 0 0 0 0.01796 0.98204
1996 0 0 0 0 0.01794 0.98206
1997 0 0 0 0 0.01794 0.98206
1998 0 0 0 0 0.01793 0.98207
1999 0 0 0 0 0.0179 0.9821
2000 0 0 0 0 0.01789 0.98211
2001 0 0 0 0 0.01787 0.98213
2002 0 0 0 0 0.01785 0.98215
2003 0 0 0 0 0.01782 0.98218
2004 0 0 0 0 0.01779 0.98221
2005 0 0 0 0 0.01768 0.98232
2006 0 0 0 0 0.01761 0.98239
2007 0 0 0 0 0.01767 0.98233
2008 0 0 0 0 0.01742 0.98258
2009 0 0 0 0 0.01748 0.98252
2010 0 0 0 0 0.0174 0.9826
2011 0 0 0 0 0.01724 0.98276
2012 0 0 0 0 0.01732 0.98268
2013 0 0 0 0 0.01738 0.98262
2014 0 0 0 0 0.01735 0.98265
2015 0 0 0 0 0.01733 0.98267
2016 0 0 0 0 0.01741 0.98259
2017 0 0 0 0 0.01733 0.98267
2018 0 0 0 0 0.017 0.983
2019 0 0 0 0 0.017 0.983
2020 0 0 0 0 0.01676 0.98324
2021 0 0 0 0 0.01673 0.98327
2022 0 0 0 0 0.01677 0.98323
2023 0 0 0 0 0.01666 0.98334
2024 0 0 0 0 0.01678 0.98322

Difference in mortality over time
Difference for: Asia
Year RUS+WAL EAL+BER+WGOA NGOA SEA+NBC SBC+WA OR+CA
1970 0 0 0 0 0 0
1971 0 0 0 0 0 0
1972 0 0 0 0 0 0
1973 0 0 0 0 0 0
1974 0 0 0 0 0 0
1975 0 0 0 0 0 0
1976 0 0 0 0 0 0
1977 0 0 0 0 0 0
1978 0 0 0 0 0 0
1979 0 0 0 0 0 0
1980 0 0 0 0 0 0
1981 0 0 0 0 0 0
1982 0 0 0 0 0 0
1983 0 0 0 0 0 0
1984 0 0 0 0 0 0
1985 0 0 0 0 0 0
1986 0 0 0 0 0 0
1987 0 0 0 0 0 0
1988 0 0 0 0 0 0
1989 0 0 0 0 0 0
1990 0 0 0 0 0 0
1991 0 0 0 0 0 0
1992 0 0 0 0 0 0
1993 0 0 0 0 0 0
1994 0 0 0 0 0 0
1995 0 0 0 0 0 0
1996 0 0 0 0 0 0
1997 0 0 0 0 0 0
1998 0 0 0 0 0 0
1999 0 0 0 0 0 0
2000 0 0 0 0 0 0
2001 0 0 0 0 0 0
2002 0 0 0 0 0 0
2003 0 0 0 0 0 0
2004 0 0 0 0 0 0
2005 0 0 0 0 0 0
2006 0 0 0 0 0 0
2007 0 0 0 0 0 0
2008 0 0 0 0 0 0
2009 0 0 0 0 0 0
2010 0 0 0 0 0 0
2011 0 0 0 0 0 0
2012 0 0 0 0 0 0
2013 0 0 0 0 0 0
2014 0 0 0 0 0 0
2015 0 0 0 0 0 0
2016 0 0 0 0 0 0
2017 0 0 0 0 0 0
2018 0 0 0 0 0 0
2019 0 0 0 0 0 0
2020 0 0 0 0 0 0
2021 0 0 0 0 0 0
2022 0 0 0 0 0 0
2023 0 0 0 0 0 0
Difference for: Hawaii
Year RUS+WAL EAL+BER+WGOA NGOA SEA+NBC SBC+WA OR+CA
1970 0 0 0 0 0 0
1971 0 0 0 0 0 0
1972 0 0 0 0 0 0
1973 0 0 0 0 0 0
1974 0 0 0 0 0 0
1975 0 0 0 0 0 0
1976 0 0 0 0 0 0
1977 0 0 0 0 0 0
1978 0 0 0 0 0 0
1979 0 0 0 0 0 0
1980 0 0 0 0 0 0
1981 0 0 0 0 0 0
1982 0 0 0 0 0 0
1983 0 0 0 0 0 0
1984 0 0 0 0 0 0
1985 0 0 0 0 0 0
1986 0 0 0 0 0 0
1987 0 0 0 0 0 0
1988 0 0 0 0 0 0
1989 0 0 0 0 0 0
1990 0 0 0 0 0 0
1991 0 0 0 0 0 0
1992 0 0 0 0 0 0
1993 0 0 0 0 0 0
1994 0 0 0 0 0 0
1995 0 0 0 0 0 0
1996 0 0 0 0 0 0
1997 0 0 0 0 0 0
1998 0 0 0 0 0 0
1999 0 0 0 0 0 0
2000 0 0 0 0 0 0
2001 0 0 0 0 0 0
2002 0 0 0 0 0 0
2003 0 0 0 0 0 0
2004 0 0 0 0 0 0
2005 0 0 0 0 0 0
2006 0 0 0 0 0 0
2007 0 0 0 0 0 0
2008 0 0 0 0 0 0
2009 0 0 0 0 0 0
2010 0 0 0 0 0 0
2011 0 0 0 0 0 0
2012 0 0 0 0 0 0
2013 0 0 0 0 0 0
2014 0 0 0 0 0 0
2015 0 0 0 0 0 0
2016 0 0 0 0 0 0
2017 0 0 0 0 0 0
2018 0 0 0 0 0 0
2019 0 0 0 0 0 0
2020 0 0 0 0 0 0
2021 0 0 0 0 0 0
2022 0 0 0 0 0 0
2023 0 0 0 0 0 0
Difference for: Mexico
Year RUS+WAL EAL+BER+WGOA NGOA SEA+NBC SBC+WA OR+CA
1970 0 0 0 0 0 0
1971 0 0 0 0 0 0
1972 0 0 0 0 0 0
1973 0 0 0 0 0 0
1974 0 0 0 0 0 0
1975 0 0 0 0 0 0
1976 0 0 0 0 0 0
1977 0 0 0 0 0 0
1978 0 0 0 0 0 0
1979 0 0 0 0 0 0
1980 0 0 0 0 0 0
1981 0 0 0 0 0 0
1982 0 0 0 0 0 0
1983 0 0 0 0 0 0
1984 0 0 0 0 0 0
1985 0 0 0 0 0 0
1986 0 0 0 0 0 0
1987 0 0 0 0 0 0
1988 0 0 0 0 0 0
1989 0 0 0 0 0 0
1990 0 0 0 0 0 0
1991 0 0 0 0 0 0
1992 0 0 0 0 0 0
1993 0 0 0 0 0 0
1994 0 0 0 0 0 0
1995 0 0 0 0 0 0
1996 0 0 0 0 0 0
1997 0 0 0 0 0 0
1998 0 0 0 0 0 0
1999 0 0 0 0 0 0
2000 0 0 0 0 0 0
2001 0 0 0 0 0 0
2002 0 0 0 0 0 0
2003 0 0 0 0 0 0
2004 0 0 0 0 0 0
2005 0 0 0 0 0 0
2006 0 0 0 0 0 0
2007 0 0 0 0 0 0
2008 0 0 0 0 0 0
2009 0 0 0 0 0 0
2010 0 0 0 0 0 0
2011 0 0 0 0 0 0
2012 0 0 0 0 0 0
2013 0 0 0 0 0 0
2014 0 0 0 0 0 0
2015 0 0 0 0 0 0
2016 0 0 0 0 0 0
2017 0 0 0 0 0 0
2018 0 0 0 0 0 0
2019 0 0 0 0 0 0
2020 0 0 0 0 0 0
2021 0 0 0 0 0 0
2022 0 0 0 0 0 0
2023 0 0 0 0 0 0
Difference for: Central_Am
Year RUS+WAL EAL+BER+WGOA NGOA SEA+NBC SBC+WA OR+CA
1970 0 0 0 0 0 0
1971 0 0 0 0 0 0
1972 0 0 0 0 0 0
1973 0 0 0 0 0 0
1974 0 0 0 0 0 0
1975 0 0 0 0 0 0
1976 0 0 0 0 0 0
1977 0 0 0 0 0 0
1978 0 0 0 0 0 0
1979 0 0 0 0 0 0
1980 0 0 0 0 0 0
1981 0 0 0 0 0 0
1982 0 0 0 0 0 0
1983 0 0 0 0 0 0
1984 0 0 0 0 0 0
1985 0 0 0 0 0 0
1986 0 0 0 0 0 0
1987 0 0 0 0 0 0
1988 0 0 0 0 0 0
1989 0 0 0 0 0 0
1990 0 0 0 0 0 0
1991 0 0 0 0 0 0
1992 0 0 0 0 0 0
1993 0 0 0 0 0 0
1994 0 0 0 0 0 0
1995 0 0 0 0 0 0
1996 0 0 0 0 0 0
1997 0 0 0 0 0 0
1998 0 0 0 0 0 0
1999 0 0 0 0 0 0
2000 0 0 0 0 0 0
2001 0 0 0 0 0 0
2002 0 0 0 0 0 0
2003 0 0 0 0 0 0
2004 0 0 0 0 0 0
2005 0 0 0 0 0 0
2006 0 0 0 0 0 0
2007 0 0 0 0 0 0
2008 0 0 0 0 0 0
2009 0 0 0 0 0 0
2010 0 0 0 0 0 0
2011 0 0 0 0 0 0
2012 0 0 0 0 0 0
2013 0 0 0 0 0 0
2014 0 0 0 0 0 0
2015 0 0 0 0 0 0
2016 0 0 0 0 0 0
2017 0 0 0 0 0 0
2018 0 0 0 0 0 0
2019 0 0 0 0 0 0
2020 0 0 0 0 0 0
2021 0 0 0 0 0 0
2022 0 0 0 0 0 0
2023 0 0 0 0 0 0

Total survival over time
Values for breeding stock: Asia
Year RUS+WAL EAL+BER+WGOA NGOA SEA+NBC SBC+WA OR+CA
1970 0.959 0.952 NaN NaN NaN NaN
1971 0.959 0.957 NaN NaN NaN NaN
1972 0.956 0.958 NaN NaN NaN NaN
1973 0.959 0.959 NaN NaN NaN NaN
1974 0.959 0.959 NaN NaN NaN NaN
1975 0.959 0.959 NaN NaN NaN NaN
1976 0.959 0.959 NaN NaN NaN NaN
1977 0.959 0.959 NaN NaN NaN NaN
1978 0.959 0.959 NaN NaN NaN NaN
1979 0.959 0.959 NaN NaN NaN NaN
1980 0.959 0.959 NaN NaN NaN NaN
1981 0.959 0.959 NaN NaN NaN NaN
1982 0.959 0.959 NaN NaN NaN NaN
1983 0.959 0.959 NaN NaN NaN NaN
1984 0.959 0.959 NaN NaN NaN NaN
1985 0.959 0.959 NaN NaN NaN NaN
1986 0.959 0.959 NaN NaN NaN NaN
1987 0.959 0.959 NaN NaN NaN NaN
1988 0.959 0.959 NaN NaN NaN NaN
1989 0.959 0.959 NaN NaN NaN NaN
1990 0.959 0.959 NaN NaN NaN NaN
1991 0.959 0.959 NaN NaN NaN NaN
1992 0.959 0.959 NaN NaN NaN NaN
1993 0.959 0.959 NaN NaN NaN NaN
1994 0.959 0.959 NaN NaN NaN NaN
1995 0.959 0.959 NaN NaN NaN NaN
1996 0.959 0.959 NaN NaN NaN NaN
1997 0.959 0.959 NaN NaN NaN NaN
1998 0.959 0.959 NaN NaN NaN NaN
1999 0.959 0.959 NaN NaN NaN NaN
2000 0.959 0.959 NaN NaN NaN NaN
2001 0.959 0.959 NaN NaN NaN NaN
2002 0.959 0.959 NaN NaN NaN NaN
2003 0.959 0.959 NaN NaN NaN NaN
2004 0.959 0.959 NaN NaN NaN NaN
2005 0.959 0.959 NaN NaN NaN NaN
2006 0.959 0.959 NaN NaN NaN NaN
2007 0.959 0.959 NaN NaN NaN NaN
2008 0.959 0.959 NaN NaN NaN NaN
2009 0.959 0.959 NaN NaN NaN NaN
2010 0.959 0.958 NaN NaN NaN NaN
2011 0.959 0.959 NaN NaN NaN NaN
2012 0.959 0.959 NaN NaN NaN NaN
2013 0.958 0.958 NaN NaN NaN NaN
2014 0.96 0.96 NaN NaN NaN NaN
2015 0.956 0.955 NaN NaN NaN NaN
2016 0.959 0.959 NaN NaN NaN NaN
2017 0.959 0.959 NaN NaN NaN NaN
2018 0.959 0.959 NaN NaN NaN NaN
2019 0.96 0.96 NaN NaN NaN NaN
2020 0.959 0.959 NaN NaN NaN NaN
2021 0.959 0.958 NaN NaN NaN NaN
2022 0.958 0.958 NaN NaN NaN NaN
2023 0.958 0.958 NaN NaN NaN NaN
Values for breeding stock: Hawaii
Year RUS+WAL EAL+BER+WGOA NGOA SEA+NBC SBC+WA OR+CA
1970 0.96 0.953 0.96 0.95 0.959 NaN
1971 0.96 0.958 0.96 0.955 0.959 NaN
1972 0.957 0.959 0.96 0.955 0.959 NaN
1973 0.96 0.959 0.96 0.955 0.959 NaN
1974 0.96 0.959 0.96 0.956 0.959 NaN
1975 0.96 0.959 0.959 0.956 0.959 NaN
1976 0.96 0.959 0.959 0.956 0.958 NaN
1977 0.96 0.959 0.959 0.956 0.958 NaN
1978 0.96 0.959 0.959 0.956 0.958 NaN
1979 0.96 0.959 0.96 0.956 0.959 NaN
1980 0.96 0.959 0.96 0.956 0.959 NaN
1981 0.96 0.959 0.959 0.956 0.958 NaN
1982 0.96 0.959 0.959 0.956 0.958 NaN
1983 0.96 0.96 0.959 0.956 0.958 NaN
1984 0.96 0.96 0.959 0.956 0.958 NaN
1985 0.96 0.96 0.959 0.957 0.958 NaN
1986 0.96 0.96 0.959 0.956 0.958 NaN
1987 0.96 0.96 0.959 0.956 0.958 NaN
1988 0.96 0.96 0.959 0.957 0.958 NaN
1989 0.96 0.96 0.959 0.958 0.958 NaN
1990 0.96 0.96 0.959 0.957 0.958 NaN
1991 0.96 0.96 0.959 0.957 0.958 NaN
1992 0.96 0.96 0.959 0.957 0.957 NaN
1993 0.96 0.96 0.959 0.958 0.957 NaN
1994 0.96 0.96 0.959 0.957 0.957 NaN
1995 0.96 0.96 0.959 0.958 0.957 NaN
1996 0.96 0.96 0.959 0.957 0.957 NaN
1997 0.96 0.96 0.959 0.957 0.958 NaN
1998 0.96 0.959 0.959 0.957 0.957 NaN
1999 0.96 0.96 0.959 0.956 0.957 NaN
2000 0.96 0.96 0.959 0.957 0.957 NaN
2001 0.96 0.96 0.959 0.957 0.957 NaN
2002 0.96 0.96 0.959 0.958 0.957 NaN
2003 0.96 0.96 0.959 0.957 0.956 NaN
2004 0.96 0.96 0.959 0.957 0.956 NaN
2005 0.96 0.96 0.959 0.956 0.951 NaN
2006 0.96 0.96 0.959 0.957 0.952 NaN
2007 0.96 0.96 0.957 0.957 0.96 NaN
2008 0.96 0.96 0.958 0.957 0.944 NaN
2009 0.96 0.96 0.958 0.957 0.96 NaN
2010 0.96 0.959 0.96 0.955 0.952 NaN
2011 0.96 0.96 0.959 0.957 0.947 NaN
2012 0.96 0.96 0.957 0.959 0.96 NaN
2013 0.96 0.96 0.959 0.957 0.96 NaN
2014 0.96 0.96 0.956 0.955 0.953 Inf
2015 0.96 0.96 0.957 0.955 0.951 0.96
2016 0.96 0.96 0.959 0.957 0.953 0.96
2017 0.96 0.96 0.959 0.959 0.95 0.96
2018 0.96 0.96 0.959 0.958 0.933 0.96
2019 0.96 0.96 0.958 0.958 0.952 0.96
2020 0.96 0.96 0.96 0.958 0.94 0.96
2021 0.96 0.96 0.958 0.957 0.949 0.96
2022 0.96 0.96 0.96 0.958 0.953 0.96
2023 0.96 0.96 0.958 0.957 0.944 0.96
Values for breeding stock: Mexico
Year RUS+WAL EAL+BER+WGOA NGOA SEA+NBC SBC+WA OR+CA
1970 0.959 0.952 0.958 0.949 0.957 0.953
1971 0.959 0.957 0.959 0.954 0.958 0.958
1972 0.956 0.958 0.959 0.954 0.958 0.958
1973 0.959 0.958 0.959 0.954 0.958 0.958
1974 0.959 0.958 0.959 0.955 0.958 0.958
1975 0.959 0.958 0.959 0.955 0.958 0.958
1976 0.959 0.959 0.959 0.955 0.957 0.958
1977 0.959 0.959 0.959 0.955 0.958 0.958
1978 0.959 0.959 0.959 0.955 0.958 0.958
1979 0.959 0.959 0.959 0.955 0.958 0.958
1980 0.959 0.959 0.959 0.955 0.958 0.958
1981 0.959 0.959 0.959 0.955 0.957 0.958
1982 0.959 0.959 0.958 0.955 0.957 0.958
1983 0.959 0.959 0.959 0.955 0.958 0.958
1984 0.959 0.959 0.958 0.955 0.957 0.958
1985 0.959 0.959 0.958 0.956 0.957 0.958
1986 0.959 0.959 0.958 0.956 0.957 0.958
1987 0.959 0.959 0.958 0.955 0.957 0.958
1988 0.959 0.959 0.958 0.956 0.957 0.958
1989 0.959 0.959 0.958 0.957 0.957 0.958
1990 0.959 0.959 0.958 0.957 0.957 0.958
1991 0.959 0.959 0.958 0.956 0.957 0.958
1992 0.959 0.959 0.958 0.956 0.957 0.958
1993 0.959 0.959 0.958 0.957 0.957 0.958
1994 0.959 0.959 0.958 0.957 0.957 0.958
1995 0.959 0.959 0.958 0.957 0.956 0.958
1996 0.959 0.959 0.958 0.956 0.956 0.958
1997 0.958 0.958 0.957 0.955 0.956 0.957
1998 0.958 0.958 0.957 0.955 0.956 0.957
1999 0.958 0.958 0.957 0.955 0.955 0.957
2000 0.958 0.958 0.957 0.956 0.955 0.957
2001 0.958 0.958 0.957 0.955 0.955 0.957
2002 0.958 0.958 0.957 0.956 0.955 0.957
2003 0.958 0.958 0.958 0.955 0.955 0.957
2004 0.958 0.958 0.957 0.955 0.954 0.957
2005 0.958 0.958 0.957 0.955 0.95 0.956
2006 0.958 0.958 0.957 0.955 0.951 0.957
2007 0.958 0.958 0.955 0.956 0.958 0.957
2008 0.958 0.958 0.957 0.956 0.943 0.958
2009 0.958 0.958 0.957 0.955 0.958 0.958
2010 0.958 0.958 0.958 0.953 0.95 0.957
2011 0.958 0.958 0.957 0.955 0.946 0.957
2012 0.958 0.958 0.955 0.957 0.958 0.958
2013 0.958 0.958 0.957 0.955 0.958 0.958
2014 0.958 0.958 0.954 0.954 0.951 0.956
2015 0.958 0.958 0.954 0.953 0.949 0.953
2016 0.958 0.958 0.957 0.955 0.951 0.95
2017 0.958 0.958 0.958 0.957 0.948 0.955
2018 0.958 0.958 0.957 0.956 0.932 0.953
2019 0.958 0.958 0.957 0.956 0.95 0.955
2020 0.958 0.958 0.958 0.956 0.938 0.956
2021 0.958 0.958 0.956 0.955 0.947 0.955
2022 0.959 0.958 0.958 0.957 0.952 0.956
2023 0.958 0.958 0.956 0.955 0.942 0.955
Values for breeding stock: Central_Am
Year RUS+WAL EAL+BER+WGOA NGOA SEA+NBC SBC+WA OR+CA
1970 NaN NaN NaN NaN 0.958 0.954
1971 NaN NaN NaN NaN 0.958 0.959
1972 NaN NaN NaN NaN 0.959 0.959
1973 NaN NaN NaN NaN 0.959 0.959
1974 NaN NaN NaN NaN 0.959 0.958
1975 NaN NaN NaN NaN 0.959 0.958
1976 NaN NaN NaN NaN 0.958 0.958
1977 NaN NaN NaN NaN 0.958 0.958
1978 NaN NaN NaN NaN 0.958 0.958
1979 NaN NaN NaN NaN 0.958 0.958
1980 NaN NaN NaN NaN 0.958 0.958
1981 NaN NaN NaN NaN 0.958 0.958
1982 NaN NaN NaN NaN 0.958 0.958
1983 NaN NaN NaN NaN 0.958 0.958
1984 NaN NaN NaN NaN 0.958 0.958
1985 NaN NaN NaN NaN 0.958 0.958
1986 NaN NaN NaN NaN 0.958 0.958
1987 NaN NaN NaN NaN 0.958 0.958
1988 NaN NaN NaN NaN 0.958 0.958
1989 NaN NaN NaN NaN 0.958 0.959
1990 NaN NaN NaN NaN 0.957 0.959
1991 NaN NaN NaN NaN 0.958 0.958
1992 NaN NaN NaN NaN 0.957 0.958
1993 NaN NaN NaN NaN 0.957 0.958
1994 NaN NaN NaN NaN 0.957 0.958
1995 NaN NaN NaN NaN 0.957 0.958
1996 NaN NaN NaN NaN 0.957 0.958
1997 NaN NaN NaN NaN 0.958 0.958
1998 NaN NaN NaN NaN 0.957 0.958
1999 NaN NaN NaN NaN 0.956 0.958
2000 NaN NaN NaN NaN 0.957 0.959
2001 NaN NaN NaN NaN 0.957 0.958
2002 NaN NaN NaN NaN 0.957 0.959
2003 NaN NaN NaN NaN 0.956 0.958
2004 NaN NaN NaN NaN 0.956 0.958
2005 NaN NaN NaN NaN 0.951 0.958
2006 NaN NaN NaN NaN 0.952 0.958
2007 NaN NaN NaN NaN 0.96 0.958
2008 NaN NaN NaN NaN 0.944 0.959
2009 NaN NaN NaN NaN 0.96 0.959
2010 NaN NaN NaN NaN 0.952 0.958
2011 NaN NaN NaN NaN 0.947 0.959
2012 NaN NaN NaN NaN 0.96 0.959
2013 NaN NaN NaN NaN 0.96 0.96
2014 NaN NaN NaN NaN 0.953 0.957
2015 NaN NaN NaN NaN 0.951 0.954
2016 NaN NaN NaN NaN 0.953 0.952
2017 NaN NaN NaN NaN 0.95 0.957
2018 NaN NaN NaN NaN 0.933 0.955
2019 NaN NaN NaN NaN 0.952 0.957
2020 NaN NaN NaN NaN 0.94 0.958
2021 NaN NaN NaN NaN 0.949 0.957
2022 NaN NaN NaN NaN 0.953 0.957
2023 NaN NaN NaN NaN 0.944 0.957

Numbers over time by herd
Values for breeding stock: Asia
Year RUS+WAL EAL+BER+WGOA NGOA SEA+NBC SBC+WA OR+CA
1970 933 14 0 0 0 0
1971 1072 16 0 0 0 0
1972 1201 18 0 0 0 0
1973 1329 20 0 0 0 0
1974 1451 22 0 0 0 0
1975 1569 24 0 0 0 0
1976 1682 26 0 0 0 0
1977 1790 27 0 0 0 0
1978 1894 29 0 0 0 0
1979 1994 30 0 0 0 0
1980 2114 32 0 0 0 0
1981 2253 34 0 0 0 0
1982 2408 37 0 0 0 0
1983 2579 39 0 0 0 0
1984 2763 42 0 0 0 0
1985 2959 45 0 0 0 0
1986 3165 48 0 0 0 0
1987 3380 51 0 0 0 0
1988 3603 55 0 0 0 0
1989 3836 58 0 0 0 0
1990 4083 62 0 0 0 0
1991 4344 66 0 0 0 0
1992 4621 70 0 0 0 0
1993 4915 75 0 0 0 0
1994 5227 79 0 0 0 0
1995 5557 84 0 0 0 0
1996 5904 90 0 0 0 0
1997 6269 95 0 0 0 0
1998 6650 101 0 0 0 0
1999 7049 107 0 0 0 0
2000 7466 113 0 0 0 0
2001 7900 120 0 0 0 0
2002 8352 127 0 0 0 0
2003 8821 134 0 0 0 0
2004 9308 141 0 0 0 0
2005 9811 149 0 0 0 0
2006 10330 157 0 0 0 0
2007 10864 165 0 0 0 0
2008 11410 173 0 0 0 0
2009 11968 182 0 0 0 0
2010 12534 190 0 0 0 0
2011 13108 199 0 0 0 0
2012 13686 208 0 0 0 0
2013 14254 216 0 0 0 0
2014 14849 226 0 0 0 0
2015 15369 234 0 0 0 0
2016 15942 242 0 0 0 0
2017 16502 251 0 0 0 0
2018 17043 259 0 0 0 0
2019 17574 268 0 0 0 0
2020 18058 275 0 0 0 0
2021 18511 282 0 0 0 0
2022 18929 289 0 0 0 0
2023 19308 295 0 0 0 0
Values for breeding stock: Hawaii
Year RUS+WAL EAL+BER+WGOA NGOA SEA+NBC SBC+WA OR+CA
1970 4 162 168 602 6 0
1971 4 186 193 688 7 0
1972 5 209 217 770 8 0
1973 5 231 240 850 9 0
1974 6 252 262 925 10 0
1975 6 272 283 998 10 0
1976 7 292 303 1067 11 0
1977 7 311 322 1134 12 0
1978 8 329 341 1197 12 0
1979 8 346 359 1258 13 0
1980 9 367 381 1332 14 0
1981 9 391 406 1417 15 0
1982 10 418 434 1513 16 0
1983 11 448 465 1618 17 0
1984 11 480 498 1730 18 0
1985 12 514 533 1851 19 0
1986 13 550 570 1977 21 0
1987 14 588 609 2107 22 0
1988 15 627 649 2243 23 0
1989 16 668 691 2388 25 0
1990 17 711 735 2540 27 0
1991 18 757 782 2700 28 0
1992 19 805 832 2869 30 0
1993 20 857 885 3052 32 0
1994 21 912 941 3244 34 0
1995 23 969 1000 3446 36 0
1996 24 1031 1063 3657 38 0
1997 26 1095 1128 3879 40 0
1998 27 1162 1197 4110 43 0
1999 29 1232 1269 4350 45 0
2000 31 1305 1343 4606 48 0
2001 32 1382 1421 4870 51 0
2002 34 1462 1502 5149 54 0
2003 36 1545 1587 5436 57 0
2004 38 1631 1674 5731 60 0
2005 40 1721 1765 6036 62 0
2006 43 1813 1858 6352 65 0
2007 45 1908 1950 6684 69 0
2008 47 2006 2047 7023 72 0
2009 49 2106 2146 7367 75 0
2010 52 2207 2250 7699 79 0
2011 54 2310 2353 8054 81 0
2012 57 2413 2453 8430 86 0
2013 59 2519 2557 8790 90 0
2014 61 2623 2654 9137 93 0
2015 64 2727 2751 9480 96 0
2016 66 2830 2853 9838 100 0
2017 69 2931 2955 10210 102 0
2018 71 3030 3053 10563 103 0
2019 73 3125 3145 10906 107 0
2020 75 3216 3238 11241 108 0
2021 77 3302 3320 11550 111 0
2022 79 3383 3402 11854 114 0
2023 81 3457 3470 12120 115 0
Values for breeding stock: Mexico
Year RUS+WAL EAL+BER+WGOA NGOA SEA+NBC SBC+WA OR+CA
1970 47 582 37 33 41 202
1971 54 667 42 38 47 231
1972 60 749 47 42 53 260
1973 67 828 52 47 58 287
1974 73 904 57 51 63 313
1975 79 977 62 55 69 338
1976 85 1046 66 58 73 362
1977 90 1113 70 62 78 385
1978 95 1178 74 65 82 406
1979 100 1239 78 69 87 427
1980 106 1313 83 73 92 453
1981 113 1399 88 77 98 482
1982 121 1496 94 83 104 515
1983 130 1601 101 88 112 551
1984 139 1715 108 94 120 590
1985 149 1837 116 101 128 632
1986 159 1964 124 108 137 675
1987 170 2098 132 115 146 720
1988 181 2236 141 122 155 767
1989 193 2380 150 130 165 816
1990 205 2533 159 138 175 868
1991 219 2695 169 147 186 923
1992 233 2867 180 156 198 982
1993 247 3050 192 166 210 1043
1994 263 3243 204 176 223 1109
1995 280 3448 216 187 237 1178
1996 297 3663 230 199 251 1251
1997 315 3886 244 210 266 1326
1998 334 4118 258 223 282 1405
1999 354 4361 273 235 298 1487
2000 375 4616 289 249 315 1573
2001 396 4882 306 263 333 1662
2002 419 5159 323 278 351 1756
2003 442 5448 341 293 370 1853
2004 466 5747 359 308 389 1953
2005 491 6055 378 324 407 2056
2006 517 6375 398 341 426 2163
2007 544 6704 417 359 450 2273
2008 571 7041 437 377 465 2387
2009 598 7384 458 395 490 2503
2010 626 7728 480 412 510 2619
2011 655 8078 501 430 528 2738
2012 683 8431 521 450 554 2858
2013 712 8789 543 469 580 2981
2014 740 9144 563 487 601 3094
2015 768 9492 583 504 620 3197
2016 796 9835 603 522 641 3291
2017 823 10174 624 541 659 3399
2018 849 10505 644 560 665 3496
2019 874 10822 663 577 684 3598
2020 898 11121 681 594 694 3699
2021 920 11400 698 609 709 3788
2022 941 11669 714 625 727 3875
2023 959 11905 727 638 736 3950
Values for breeding stock: Central_Am
Year RUS+WAL EAL+BER+WGOA NGOA SEA+NBC SBC+WA OR+CA
1970 0 0 0 0 17 926
1971 0 0 0 0 20 1063
1972 0 0 0 0 22 1194
1973 0 0 0 0 24 1320
1974 0 0 0 0 27 1440
1975 0 0 0 0 29 1556
1976 0 0 0 0 31 1666
1977 0 0 0 0 33 1772
1978 0 0 0 0 35 1874
1979 0 0 0 0 36 1971
1980 0 0 0 0 39 2089
1981 0 0 0 0 41 2225
1982 0 0 0 0 44 2378
1983 0 0 0 0 47 2545
1984 0 0 0 0 50 2726
1985 0 0 0 0 54 2918
1986 0 0 0 0 57 3120
1987 0 0 0 0 61 3331
1988 0 0 0 0 65 3549
1989 0 0 0 0 69 3778
1990 0 0 0 0 74 4020
1991 0 0 0 0 78 4275
1992 0 0 0 0 83 4546
1993 0 0 0 0 89 4834
1994 0 0 0 0 94 5139
1995 0 0 0 0 100 5461
1996 0 0 0 0 106 5801
1997 0 0 0 0 112 6158
1998 0 0 0 0 119 6531
1999 0 0 0 0 126 6920
2000 0 0 0 0 133 7328
2001 0 0 0 0 141 7753
2002 0 0 0 0 149 8196
2003 0 0 0 0 157 8655
2004 0 0 0 0 165 9132
2005 0 0 0 0 173 9622
2006 0 0 0 0 182 10128
2007 0 0 0 0 192 10652
2008 0 0 0 0 198 11198
2009 0 0 0 0 209 11755
2010 0 0 0 0 218 12311
2011 0 0 0 0 226 12885
2012 0 0 0 0 237 13467
2013 0 0 0 0 249 14056
2014 0 0 0 0 258 14612
2015 0 0 0 0 267 15117
2016 0 0 0 0 276 15580
2017 0 0 0 0 284 16111
2018 0 0 0 0 287 16587
2019 0 0 0 0 295 17090
2020 0 0 0 0 300 17593
2021 0 0 0 0 307 18043
2022 0 0 0 0 315 18468
2023 0 0 0 0 319 18856

Catch numbers by breeding stock
Year Asia Hawaii Mexico Central_Am
1970 0.9 0 1.1 0.3
1971 0.9 0 1.2 0.3
1972 1 0 1.3 0.3
1973 1.1 0 1.3 0.4
1974 1.2 0.1 1.4 0.4
1975 1.2 0.1 1.5 0.4
1976 1.3 0.1 1.6 0.4
1977 1.4 0.1 1.6 0.4
1978 1.5 0.1 1.7 0.5
1979 1.6 0.1 1.8 0.5
1980 1.8 0.1 1.9 0.5
1981 1.9 0.1 2 0.5
1982 2 0.1 2.1 0.6
1983 2.2 0.1 2.2 0.6
1984 2.3 0.1 2.4 0.6
1985 2.5 0.1 2.5 0.7
1986 2.6 0.1 2.6 0.7
1987 2.8 0.1 2.8 0.7
1988 3 0.1 2.9 0.8
1989 3.2 0.1 3.1 0.8
1990 3.5 0.2 3.2 0.8
1991 3.7 0.2 3.4 0.9
1992 4 0.2 3.6 0.9
1993 4.3 0.2 3.8 1
1994 4.6 0.2 4 1
1995 4.9 0.2 4.2 1.1
1996 5.2 0.2 4.4 1.1
1997 5.6 0.2 11 1.2
1998 6 0.2 11.6 1.2
1999 6.4 0.2 12.3 1.3
2000 6.9 0.3 12.9 1.4
2001 7.3 0.3 13.6 1.4
2002 7.9 0 13.7 1.5
2003 8.4 0 13.7 1.6
2004 9 0 15.8 1.7
2005 9.6 0 19 1.8
2006 10.3 1 16.1 1.8
2007 11.1 0 18.2 1.9
2008 11.8 0 18.7 2
2009 12.7 0 21.2 2.1
2010 13.6 0 22 2.2
2011 14.5 0.8 24.9 2.4
2012 15.5 0 25.6 2.5
2013 28 0 25.3 2.6
2014 0 5 30.6 2.7
2015 72 0 33.5 2.9
2016 12 0.1 33.4 3
2017 12 0.1 31.5 3.2
2018 16 0.1 31.5 3.3
2019 4 0.4 31.5 1.7
2020 26.8 0.4 40.7 5
2021 28.6 0.4 44.1 4.7
2022 30.7 0.4 26.4 3.7
2023 32.8 0.4 43.3 4.2

Catch numbers by feeding ground
Year RUS+WAL EAL+BER+WGOA NGOA SEA+NBC SBC+WA OR+CA
1970 0 5.7 0.1 6.8 0.1 6.4
1971 0 1.8 0.1 4 0.1 1.5
1972 4 0.8 0.1 4.1 0.1 1.6
1973 0 0.8 0.1 4.3 0.1 1.7
1974 0 0.8 0.1 4.5 0.1 2.5
1975 0 0.8 0.2 4.7 0.1 2.7
1976 0 0.8 0.2 4.9 0.2 2.9
1977 0 0.8 0.2 5.2 0.2 3.1
1978 0 0.8 0.2 5.4 0.2 3.3
1979 0 1 0.2 5.6 0.2 3.5
1980 0 1 0.2 5.9 0.2 3.9
1981 0 1 0.3 6.1 0.3 4.2
1982 0 1 0.4 6.5 0.3 4.5
1983 0 1 0.4 6.7 0.3 4.8
1984 0 1 0.5 7.1 0.4 4.6
1985 0 1 0.5 6.7 0.4 5
1986 0 1 0.7 7.8 0.4 5.4
1987 0 1 0.7 10 0.5 5.8
1988 0 1.1 0.8 8.5 0.5 6.3
1989 0 0.9 0.8 6.1 0.6 6.1
1990 0 1 0.8 7.4 0.7 5.8
1991 0 1 0.9 8.2 0.7 7.6
1992 0 1.1 0.9 9.8 0.8 8.3
1993 0 1.1 1 7.1 0.9 8.6
1994 0 1.2 1 9.3 1 8.8
1995 0 1.2 1 9.3 1.1 9.6
1996 0 1.2 1.1 12.7 1.2 9.9
1997 0 1.2 1.3 12.7 0.9 10.7
1998 0 3 1.4 14.7 1.2 12
1999 0 2.6 1.4 17.4 1.7 13.5
2000 0 1.2 1.5 14.1 1.5 11.6
2001 0 1.2 1.8 16.4 1.7 13.4
2002 0 2.4 1.9 13.8 1.9 13.7
2003 0 1.4 2 18.9 2.3 16
2004 0 1.4 2.3 22 2.5 15.9
2005 0 1.6 2.3 23.3 5.8 20.1
2006 0 1.6 2.4 22.7 5.3 22.1
2007 0 0.1 7.3 18.4 0 18.1
2008 0 0.1 4.3 19.7 12.4 8.8
2009 0 0.1 4.3 24.1 0 9.8
2010 0 6.1 0.8 44.5 7 24.5
2011 0 3.1 4 28.4 11 11.9
2012 0 4.1 8.8 11.6 0 10
2013 0 0.1 4 31.6 0 4.7
2014 0 0.1 11.8 43.7 7 45.2
2015 0 4.1 12 51 9.1 103.4
2016 0 4.1 4.8 34.8 7.1 150.3
2017 0 4.1 2.1 16.3 11.1 60.3
2018 0 1.1 4 26.6 30.1 111.1
2019 0 4.1 6 27.3 9.1 61
2020 0 1.1 0 24 23 31.2
2021 0 2.2 7 33.7 13 62.4
2022 0 4.3 0.8 22.3 8 56
2023 0 3.6 9.1 40.1 19.2 59.7
