Stock structure: B2F1; Model type = BC
Mortality impacts feeding grounds
Recruitment related to unfished
Straying rate: 0
Age-at-maturity: 8
Base adult survival: 0
Mirrored survival
Sigma for survival devs: 6
Additional variance estimated
Weight for mark-recapture proportions: 1
Weight for genetics proportions: 1


Total objective fn: 33943.1293445457
Negative log-likelihood fn: 33642.1888225372

Natural Survival by feeding ground
RUS+WAL,EAL+BER,GOA,SEA+NBC,SBC+WA,OR+CA
1970 0.96 0.96 0.96 0.96 0.96 0.96
1971 0.96 0.96 0.96 0.96 0.96 0.96
1972 0.96 0.96 0.96 0.96 0.96 0.96
1973 0.96 0.96 0.96 0.96 0.96 0.96
1974 0.96 0.96 0.96 0.96 0.96 0.96
1975 0.96 0.96 0.96 0.96 0.96 0.96
1976 0.96 0.96 0.96 0.96 0.96 0.96
1977 0.96 0.96 0.96 0.96 0.96 0.96
1978 0.96 0.96 0.96 0.96 0.96 0.96
1979 0.96 0.96 0.96 0.96 0.96 0.96
1980 0.96 0.96 0.96 0.96 0.96 0.96
1981 0.96 0.96 0.96 0.96 0.96 0.96
1982 0.96 0.96 0.96 0.96 0.96 0.96
1983 0.96 0.96 0.96 0.96 0.96 0.96
1984 0.96 0.96 0.96 0.96 0.96 0.96
1985 0.96 0.96 0.96 0.96 0.96 0.96
1986 0.96 0.96 0.96 0.96 0.96 0.96
1987 0.96 0.96 0.96 0.96 0.96 0.96
1988 0.96 0.96 0.96 0.96 0.96 0.96
1989 0.96 0.96 0.96 0.96 0.96 0.96
1990 0.96 0.96 0.96 0.96 0.96 0.96
1991 0.96 0.96 0.96 0.96 0.96 0.96
1992 0.96 0.96 0.96 0.96 0.96 0.96
1993 0.96 0.96 0.96 0.96 0.96 0.96
1994 0.96 0.96 0.96 0.96 0.96 0.96
1995 0.96 0.96 0.96 0.96 0.96 0.96
1996 0.96 0.96 0.96 0.96 0.96 0.96
1997 0.96 0.96 0.96 0.96 0.96 0.96
1998 0.96 0.96 0.96 0.96 0.96 0.96
1999 0.96 0.96 0.96 0.96 0.96 0.96
2000 0.96 0.96 0.96 0.96 0.96 0.96
2001 0.96 0.96 0.96 0.96 0.96 0.96
2002 0.96 0.96 0.96 0.96 0.96 0.96
2003 0.96 0.96 0.96 0.96 0.96 0.96
2004 0.96 0.96 0.96 0.96 0.96 0.96
2005 0.96 0.96 0.96 0.96 0.96 0.96
2006 0.96 0.96 0.96 0.96 0.96 0.96
2007 0.96 0.96 0.96 0.96 0.96 0.96
2008 0.96 0.96 0.96 0.96 0.96 0.96
2009 0.96 0.96 0.96 0.96 0.96 0.96
2010 0.96 0.96 0.96 0.96 0.96 0.96
2011 0.96 0.96 0.96 0.96 0.96 0.96
2012 0.96 0.96 0.96 0.96 0.96 0.96
2013 0.96 0.96 0.96 0.96 0.96 0.96
2014 0.96 0.96 0.96 0.96 0.96 0.96
2015 0.96 0.96 0.96 0.96 0.96 0.96
2016 0.96 0.96 0.96 0.96 0.96 0.96
2017 0.96 0.96 0.96 0.96 0.96 0.96
2018 0.96 0.96 0.96 0.96 0.96 0.96
2019 0.96 0.96 0.96 0.96 0.96 0.96
2020 0.96 0.96 0.96 0.96 0.96 0.96
2021 0.96 0.96 0.96 0.96 0.96 0.96
2022 0.96 0.96 0.96 0.96 0.96 0.96
2023 0.96 0.96 0.96 0.96 0.96 0.96

Natural Survival by breeding stock
RUS+WAL,EAL+BER,GOA,SEA+NBC,SBC+WA,OR+CA
1970 0.96 0.96 0.96 0.96 0.96
1971 0.96 0.96 0.96 0.96 0.96
1972 0.96 0.96 0.96 0.96 0.96
1973 0.96 0.96 0.96 0.96 0.96
1974 0.96 0.96 0.96 0.96 0.96
1975 0.96 0.96 0.96 0.96 0.96
1976 0.96 0.96 0.96 0.96 0.96
1977 0.96 0.96 0.96 0.96 0.96
1978 0.96 0.96 0.96 0.96 0.96
1979 0.96 0.96 0.96 0.96 0.96
1980 0.96 0.96 0.96 0.96 0.96
1981 0.96 0.96 0.96 0.96 0.96
1982 0.96 0.96 0.96 0.96 0.96
1983 0.96 0.96 0.96 0.96 0.96
1984 0.96 0.96 0.96 0.96 0.96
1985 0.96 0.96 0.96 0.96 0.96
1986 0.96 0.96 0.96 0.96 0.96
1987 0.96 0.96 0.96 0.96 0.96
1988 0.96 0.96 0.96 0.96 0.96
1989 0.96 0.96 0.96 0.96 0.96
1990 0.96 0.96 0.96 0.96 0.96
1991 0.96 0.96 0.96 0.96 0.96
1992 0.96 0.96 0.96 0.96 0.96
1993 0.96 0.96 0.96 0.96 0.96
1994 0.96 0.96 0.96 0.96 0.96
1995 0.96 0.96 0.96 0.96 0.96
1996 0.96 0.96 0.96 0.96 0.96
1997 0.96 0.96 0.96 0.96 0.96
1998 0.96 0.96 0.96 0.96 0.96
1999 0.96 0.96 0.96 0.96 0.96
2000 0.96 0.96 0.96 0.96 0.96
2001 0.96 0.96 0.96 0.96 0.96
2002 0.96 0.96 0.96 0.96 0.96
2003 0.96 0.96 0.96 0.96 0.96
2004 0.96 0.96 0.96 0.96 0.96
2005 0.96 0.96 0.96 0.96 0.96
2006 0.96 0.96 0.96 0.96 0.96
2007 0.96 0.96 0.96 0.96 0.96
2008 0.96 0.96 0.96 0.96 0.96
2009 0.96 0.96 0.96 0.96 0.96
2010 0.96 0.96 0.96 0.96 0.96
2011 0.96 0.96 0.96 0.96 0.96
2012 0.96 0.96 0.96 0.96 0.96
2013 0.96 0.96 0.96 0.96 0.96
2014 0.96 0.96 0.96 0.96 0.96
2015 0.96 0.96 0.96 0.96 0.96
2016 0.96 0.96 0.96 0.96 0.96
2017 0.96 0.96 0.96 0.96 0.96
2018 0.96 0.96 0.96 0.96 0.96
2019 0.96 0.96 0.96 0.96 0.96
2020 0.96 0.96 0.96 0.96 0.96
2021 0.96 0.96 0.96 0.96 0.96
2022 0.96 0.96 0.96 0.96 0.96
2023 0.96 0.96 0.96 0.96 0.96

Fecundity by feeding ground
RUS+WAL,EAL+BER,GOA,SEA+NBC,SBC+WA,OR+CA
1970 0.6568137 0.6568611 0.6570318 0.6570265 0.6568366 0.6569236
1971 0.6568137 0.6568611 0.6570318 0.6570265 0.6568366 0.6569236
1972 0.6568137 0.6568611 0.6570318 0.6570265 0.6568366 0.6569236
1973 0.6568137 0.6568611 0.6570318 0.6570265 0.6568366 0.6569236
1974 0.6568137 0.6568611 0.6570318 0.6570265 0.6568366 0.6569236
1975 0.6568137 0.6568611 0.6570318 0.6570265 0.6568366 0.6569236
1976 0.6568137 0.6568611 0.6570318 0.6570265 0.6568366 0.6569236
1977 0.6568137 0.6568611 0.6570318 0.6570265 0.6568366 0.6569236
1978 0.6568137 0.6568611 0.6570318 0.6570265 0.6568366 0.6569236
1979 0.6529829 0.6530645 0.6532177 0.6533422 0.6530336 0.653129
1980 0.6494099 0.649398 0.6495562 0.6498087 0.6493846 0.649489
1981 0.6458801 0.6458783 0.6460412 0.6464236 0.645882 0.6459982
1982 0.642494 0.6425008 0.6426674 0.6431832 0.6425215 0.6426626
1983 0.6392436 0.6392591 0.6394363 0.6400795 0.6392973 0.639465
1984 0.6361257 0.636148 0.6363345 0.637107 0.6362282 0.6363999
1985 0.6331348 0.6331615 0.6333569 0.6342637 0.633282 0.6334611
1986 0.6302662 0.6302953 0.6304984 0.6315411 0.6304558 0.6306462
1987 0.6275148 0.6275492 0.6277544 0.6289345 0.6277445 0.6279485
1988 0.624185 0.6242268 0.6244294 0.6257752 0.6244552 0.6246799
1989 0.6203518 0.6203823 0.6205901 0.6221166 0.620671 0.6208972
1990 0.6160505 0.6160702 0.6162904 0.6180188 0.6164213 0.6166567
1991 0.6113342 0.6113412 0.6115727 0.6135243 0.6117559 0.6120089
1992 0.6062473 0.6062425 0.6064927 0.6086858 0.6067477 0.6069919
1993 0.6008354 0.6008166 0.6010852 0.6035171 0.6014169 0.601661
1994 0.5951363 0.5951031 0.595405 0.5981101 0.5958023 0.5960535
1995 0.5891893 0.5891394 0.5894728 0.5925373 0.5899664 0.5902071
1996 0.5830284 0.5829618 0.5833299 0.5867012 0.5839158 0.5841581
1997 0.5765722 0.5764828 0.5768865 0.5804944 0.5775947 0.5778116
1998 0.56976 0.5696436 0.5700782 0.5739865 0.5709385 0.5710998
1999 0.5625378 0.5623905 0.5628625 0.5671075 0.5638727 0.5640141
2000 0.5548706 0.5546884 0.5551933 0.5598471 0.556383 0.556494
2001 0.5467321 0.5465091 0.5470539 0.5520309 0.5484469 0.5485074
2002 0.5381074 0.5378401 0.5384211 0.5438135 0.5400479 0.5400365
2003 0.5289909 0.5286735 0.5292915 0.5351152 0.5311794 0.5310891
2004 0.5193855 0.5190123 0.5196753 0.5260654 0.5218463 0.5216574
2005 0.5093037 0.5088677 0.5095905 0.5165415 0.5119617 0.5117637
2006 0.4987462 0.4982803 0.499029 0.5065998 0.5016756 0.5014135
2007 0.4877094 0.4871954 0.487978 0.4962631 0.4910337 0.4906062
2008 0.4761891 0.4755851 0.4764397 0.4853187 0.4798528 0.4792755
2009 0.4641775 0.4634763 0.4644228 0.4739607 0.4682274 0.4674836
2010 0.4516762 0.4508905 0.4519074 0.461992 0.4561487 0.4551971
2011 0.4386856 0.4377813 0.4388967 0.4496979 0.443667 0.4424538
2012 0.4252187 0.4241882 0.4254159 0.4370087 0.4307556 0.429225
2013 0.411293 0.4101362 0.4114589 0.4238848 0.4181931 0.4156095
2014 0.3969313 0.395633 0.3970613 0.4102979 0.4049864 0.4015616
2015 0.3821723 0.3806862 0.3826219 0.3961062 0.3900485 0.3870244
2016 0.3670519 0.3653702 0.3675566 0.3815715 0.3777814 0.3719359
2017 0.3516232 0.3497363 0.3521555 0.3668262 0.3620715 0.3565409
2018 0.3359379 0.3339695 0.3362024 0.3524665 0.3478103 0.3411356
2019 0.3200594 0.3179356 0.3202927 0.3372702 0.3342754 0.325277
2020 0.3040567 0.3017812 0.3046023 0.3212684 0.317819 0.3092278
2021 0.2882754 0.2854943 0.2884544 0.3058448 0.3013003 0.2929965
2022 0.2718464 0.269223 0.2729481 0.2909151 0.2866064 0.2775239
2023 0.2572287 0.2532791 0.2575229 0.2760778 0.2724471 0.2632211

Total abundance: Estimate SD_log
1970 796.6629 0.02593734
1971 959.3091 0.02592754
1972 1126.489 0.02570602
1973 1283.719 0.02563236
1974 1438.019 0.02552817
1975 1584.899 0.02547391
1976 1725.327 0.02544322
1977 1859.467 0.02543011
1978 1987.665 0.02542848
1979 2110.063 0.02543656
1980 2274.618 0.02538752
1981 2476.444 0.02531556
1982 2713.155 0.02522368
1983 2980.911 0.02513019
1984 3276.802 0.02504089
1985 3597.904 0.02495994
1986 3941.718 0.02488754
1987 4304.168 0.02483306
1988 4681.681 0.0248004
1989 5088.106 0.02476036
1990 5533.863 0.0247033
1991 6022.448 0.0246469
1992 6558.595 0.02459557
1993 7147.525 0.02454773
1994 7797.614 0.0244899
1995 8506.729 0.02444147
1996 9277.779 0.02440093
1997 10109.4 0.02437603
1998 11008.79 0.0243582
1999 11976.56 0.02435919
2000 13019.82 0.02437865
2001 13523.02 0.02777331
2002 15167.84 0.02842764
2003 17027.86 0.02902747
2004 17844.13 0.02112463
2005 20002.81 0.02020023
2006 21090.12 0.02619356
2007 22946.42 0.02694259
2008 24352.16 0.03378565
2009 26858.17 0.04216775
2010 26467.6 0.0463707
2011 29336.81 0.04535652
2012 30208.32 0.0483593
2013 32380.28 0.04307489
2014 32286.1 0.05116271
2015 30899 0.04787696
2016 29337.61 0.05271165
2017 27645.78 0.05687852
2018 26565.24 0.04542801
2019 26721.77 0.03724384
2020 28145.55 0.03751443
2021 28507.15 0.03711274
2022 29660.9 0.1031094
2023 31323.19 0.1411585
2024 33225.47 0.1778938

Breeding stock abundance: Estimate SD_log Estimate/K
Asia
1970 52.68639 0.06228256 0.2634319
1971 63.94601 0.0628041 0.3197301
1972 74.78693 0.06316612 0.3739347
1973 82.74948 0.06504916 0.4137474
1974 92.68067 0.06515246 0.4634033
1975 102.1188 0.06529813 0.510594
1976 111.1795 0.06541723 0.5558977
1977 119.782 0.06556878 0.5989099
1978 127.9445 0.06574549 0.6397223
1979 135.6846 0.06594252 0.6784228
1980 146.1057 0.06606323 0.7305283
1981 158.1815 0.06642631 0.7909075
1982 172.4913 0.06668063 0.8624565
1983 188.7956 0.06685362 0.9439782
1984 206.8029 0.06699184 1.034014
1985 226.4033 0.0670811 1.132016
1986 247.3059 0.06716629 1.23653
1987 269.4295 0.06723004 1.347147
1988 292.508 0.0673055 1.46254
1989 317.1794 0.06737025 1.585897
1990 343.8407 0.06744002 1.719204
1991 372.8776 0.06750975 1.864388
1992 404.7657 0.06755028 2.023828
1993 439.7304 0.06756917 2.198652
1994 478.0001 0.0675661 2.390001
1995 519.7559 0.06754161 2.59878
1996 565.0968 0.06750388 2.825484
1997 614.0641 0.06746277 3.07032
1998 666.7553 0.06743372 3.333776
1999 723.3607 0.06742686 3.616803
2000 784.3106 0.06744487 3.921553
2001 854.2061 0.06740807 4.27103
2002 930.1743 0.06743894 4.650872
2003 1012.5 0.06756791 5.062498
2004 1101.737 0.06779743 5.508683
2005 1198.381 0.06818659 5.991905
2006 1302.741 0.06879494 6.513705
2007 1415.173 0.06968214 7.075866
2008 1533.085 0.07155649 7.665424
2009 1658.166 0.07405353 8.29083
2010 1722.504 0.07560214 8.612518
2011 1859.657 0.0775348 9.298285
2012 2005.794 0.08007036 10.02897
2013 2128.265 0.0821232 10.64132
2014 2275.519 0.08592471 11.3776
2015 2458.401 0.08948254 12.29201
2016 2496.693 0.09738599 12.48347
2017 2638.242 0.10429 13.19121
2018 2747.354 0.1123373 13.73677
2019 2864.058 0.1223922 14.32029
2020 3054.318 0.13112 15.27159
2021 3223.611 0.142098 16.11806
2022 3387.373 0.1552341 16.93687
2023 3548.854 0.169851 17.74427
Hawaii
1970 513.3315 0.03364717 2.566658
1971 622.1772 0.0337012 3.110886
1972 731.9197 0.03355314 3.659599
1973 837.0221 0.03346961 4.185111
1974 938.4857 0.03340473 4.692429
1975 1035.613 0.03336849 5.178067
1976 1128.601 0.03335003 5.643007
1977 1217.627 0.03334355 6.088137
1978 1302.821 0.03334627 6.514105
1979 1384.426 0.03335379 6.922128
1980 1493.827 0.03331709 7.469133
1981 1628.498 0.03325312 8.14249
1982 1786.24 0.03317486 8.9312
1983 1964.682 0.03309607 9.823411
1984 2161.99 0.03301963 10.80995
1985 2375.893 0.03295393 11.87947
1986 2605.435 0.03288954 13.02717
1987 2847.414 0.03284498 14.23707
1988 3099.368 0.03282616 15.49684
1989 3371.496 0.03279071 16.85748
1990 3670.55 0.03273194 18.35275
1991 3997.699 0.03268295 19.98849
1992 4357.657 0.03263753 21.78829
1993 4752.848 0.03260237 23.76424
1994 5189.863 0.03255437 25.94931
1995 5665.776 0.03252714 28.32888
1996 6183.491 0.03251307 30.91746
1997 6741 0.03252719 33.705
1998 7344.608 0.03255243 36.72304
1999 7994.257 0.03260647 39.97128
2000 8694.847 0.0326912 43.47424
2001 8967.237 0.03741926 44.83619
2002 10086.06 0.03864704 50.43031
2003 11350.51 0.03959688 56.75256
2004 11633.92 0.02875611 58.16962
2005 13071.18 0.02767161 65.35592
2006 13567.64 0.03370502 67.8382
2007 15219.56 0.0343913 76.09779
2008 15940.67 0.03900964 79.70334
2009 17754.31 0.04567937 88.77157
2010 17437.61 0.05019017 87.18804
2011 19427.01 0.04963923 97.13505
2012 19847 0.05055274 99.23502
2013 21372.9 0.04738026 106.8645
2014 20583.33 0.06376451 102.9167
2015 18557.16 0.05396193 92.78579
2016 17260.37 0.05866186 86.30184
2017 15353.84 0.06654699 76.76922
2018 14200.52 0.05558361 71.0026
2019 14134.19 0.04574186 70.67095
2020 14999.53 0.04488717 74.99765
2021 14407.89 0.05106161 72.03943
2022 15297.45 0.1514655 76.48725
2023 16246.42 0.209379 81.23211
MX_AR
1970 84.24343 0.05797329 0.4212172
1971 102.0122 0.05788751 0.5100612
1972 120.1946 0.05772711 0.6009732
1973 137.3865 0.05766775 0.6869325
1974 154.3317 0.05756324 0.7716584
1975 170.5326 0.05748889 0.8526631
1976 186.0473 0.05743408 0.9302363
1977 200.9138 0.05739262 1.004569
1978 215.1616 0.05735936 1.075808
1979 228.8181 0.05733252 1.14409
1980 247.0691 0.05728181 1.235345
1981 269.4527 0.05722249 1.347264
1982 295.7035 0.05715378 1.478517
1983 325.4399 0.05708257 1.6272
1984 358.3363 0.05701335 1.791681
1985 394.0801 0.05694862 1.9704
1986 432.3699 0.05689071 2.161849
1987 472.8519 0.05683872 2.364259
1988 515.2555 0.05679075 2.576278
1989 560.7873 0.05674772 2.803936
1990 610.549 0.05670527 3.052745
1991 665.2109 0.05665948 3.326055
1992 725.3198 0.05661381 3.626599
1993 791.4912 0.05656626 3.957456
1994 864.3138 0.05652046 4.321569
1995 943.9565 0.05647341 4.719783
1996 1030.66 0.05642806 5.153298
1997 1124.483 0.05638359 5.622417
1998 1225.93 0.05634258 6.129652
1999 1335.106 0.05630982 6.67553
2000 1453.151 0.05628 7.265754
2001 1558.278 0.05674929 7.791388
2002 1750.412 0.0566456 8.752061
2003 1966.5 0.05655036 9.832502
2004 2124.33 0.05626072 10.62165
2005 2382.788 0.05617724 11.91394
2006 2581.622 0.05825227 12.90811
2007 2834.696 0.06034824 14.17348
2008 3067.225 0.07342205 15.33613
2009 3377.352 0.08727977 16.88676
2010 3165.479 0.09588596 15.8274
2011 3506.907 0.09441751 17.53453
2012 3725.406 0.0991749 18.62703
2013 3885.18 0.08913711 19.4259
2014 4051.586 0.08897911 20.25793
2015 4139.212 0.09490866 20.69606
2016 3796.33 0.1040541 18.98165
2017 3640.846 0.1084044 18.20423
2018 3333.882 0.09706053 16.66941
2019 3148.599 0.08485701 15.74299
2020 3349.974 0.08499799 16.74987
2021 3493.825 0.08802457 17.46912
2022 3657.034 0.1491876 18.28517
2023 3859.092 0.1911168 19.29546
MX_ML
1970 116.1332 0.05036149 0.5806661
1971 136.3906 0.05154561 0.6819528
1972 159.0941 0.05181436 0.7954707
1973 180.6121 0.05205176 0.9030604
1974 201.4592 0.05225825 1.007296
1975 220.8876 0.05252362 1.104438
1976 239.3113 0.05277757 1.196557
1977 256.7543 0.0530273 1.283772
1978 273.3707 0.05325158 1.366853
1979 289.1 0.05347497 1.4455
1980 310.4702 0.05366962 1.552351
1981 336.8012 0.05385356 1.684006
1982 367.7224 0.05402398 1.838612
1983 402.6447 0.05419341 2.013224
1984 441.1203 0.05436482 2.205602
1985 482.8894 0.05452684 2.414447
1986 527.3597 0.05469891 2.636799
1987 574.1065 0.05487275 2.870533
1988 622.6423 0.05505419 3.113212
1989 674.5292 0.05524291 3.372646
1990 731.3359 0.05542008 3.65668
1991 794.0799 0.0555594 3.970399
1992 862.2396 0.05573271 4.311198
1993 937.1558 0.05589702 4.685779
1994 1019.69 0.0560548 5.098452
1995 1110.075 0.05619234 5.550377
1996 1208.196 0.05633174 6.040982
1997 1314.364 0.05645807 6.571819
1998 1428.916 0.05658886 7.144581
1999 1552.061 0.05671989 7.760307
2000 1684.491 0.05686449 8.422454
2001 1743.572 0.05997561 8.717859
2002 1953.914 0.05858857 9.769568
2003 2195.354 0.05839551 10.97677
2004 2418.898 0.05778288 12.09449
2005 2714.965 0.05811722 13.57482
2006 2947.576 0.06932763 14.73788
2007 2891.522 0.06972292 14.45761
2008 3162.482 0.07223308 15.81241
2009 3396.274 0.07616467 16.98137
2010 3401.793 0.07515489 17.00897
2011 3737.373 0.0748427 18.68687
2012 3841.111 0.07502407 19.20556
2013 4114.972 0.06943108 20.57486
2014 4402.246 0.06875122 22.01123
2015 4668.172 0.06959906 23.34086
2016 4619.022 0.07022281 23.09511
2017 4741.044 0.06782782 23.70522
2018 4859.319 0.05999128 24.29659
2019 5014.466 0.06149914 25.07233
2020 5165.037 0.0619381 25.82518
2021 5619.658 0.06142122 28.09829
2022 5611.652 0.09050617 28.05826
2023 5884.995 0.1018464 29.42497
Central_Am
1970 30.26835 0.08469102 0.1513417
1971 34.78314 0.08562079 0.1739157
1972 40.49404 0.08614142 0.2024702
1973 45.94844 0.08652536 0.2297422
1974 51.06137 0.08698203 0.2553068
1975 55.74614 0.08735962 0.2787307
1976 60.18783 0.08766971 0.3009391
1977 64.3896 0.08793525 0.321948
1978 68.36739 0.0881623 0.341837
1979 72.03493 0.08847568 0.3601747
1980 77.14627 0.08874662 0.3857314
1981 83.51039 0.08897425 0.417552
1982 90.99734 0.08918963 0.4549867
1983 99.34811 0.08947419 0.4967406
1984 108.5522 0.08972311 0.5427609
1985 118.6378 0.08993713 0.5931892
1986 129.2475 0.09019156 0.6462374
1987 140.3657 0.09042824 0.7018285
1988 151.9069 0.09064966 0.7595347
1989 164.1134 0.09090149 0.8205672
1990 177.5873 0.091113 0.8879365
1991 192.5805 0.09129996 0.9629027
1992 208.6131 0.09151978 1.043066
1993 226.3001 0.09171326 1.131501
1994 245.7473 0.09192621 1.228737
1995 267.1651 0.09211602 1.335825
1996 290.3348 0.09232205 1.451674
1997 315.4886 0.092517 1.577443
1998 342.5781 0.09272593 1.712891
1999 371.7721 0.09292622 1.85886
2000 403.0171 0.0931536 2.015086
2001 399.7297 0.1004206 1.998649
2002 447.2773 0.09739069 2.236387
2003 502.9959 0.09722081 2.51498
2004 565.2457 0.09742082 2.826229
2005 635.4965 0.09836754 3.177483
2006 690.5369 0.1234497 3.452684
2007 585.4725 0.1154437 2.927363
2008 648.698 0.1159287 3.24349
2009 672.0664 0.1179215 3.360332
2010 740.22 0.1146272 3.7011
2011 805.8673 0.1185827 4.029337
2012 789.0072 0.09999357 3.945036
2013 878.9581 0.09318054 4.394791
2014 973.4171 0.09413737 4.867086
2015 1076.061 0.0942526 5.380305
2016 1165.192 0.09445143 5.825959
2017 1271.807 0.0945269 6.359034
2018 1424.161 0.09518953 7.120806
2019 1560.454 0.1024388 7.80227
2020 1576.687 0.1017222 7.883435
2021 1762.168 0.1016695 8.810841
2022 1707.39 0.1239236 8.536951
2023 1783.827 0.1234681 8.919134

Feeding stock abundance: Estimate SD_log Estimate/K
RUS+WAL
1970 71.67679 0.08469435 0.33595
1971 87.83558 0.08474094 0.4116864
1972 103.2558 0.08484613 0.4839612
1973 114.1379 0.08782929 0.5349656
1974 128.3299 0.08755709 0.6014837
1975 141.9487 0.08734967 0.6653153
1976 154.9308 0.08722541 0.7261624
1977 167.3059 0.08716255 0.784165
1978 179.0942 0.08714466 0.8394166
1979 190.3189 0.08716164 0.8920272
1980 205.341 0.08712185 0.9624355
1981 222.7873 0.08746275 1.044207
1982 243.4911 0.08765581 1.141246
1983 267.0324 0.08776251 1.251584
1984 293.2108 0.08778202 1.374282
1985 321.6539 0.08776432 1.507596
1986 352.1832 0.08770879 1.650687
1987 384.4562 0.0876478 1.801951
1988 418.2476 0.08758939 1.960332
1989 454.4885 0.08751305 2.130193
1990 493.6186 0.08747337 2.313596
1991 536.4389 0.08742848 2.514296
1992 583.4223 0.08737684 2.734507
1993 635.0433 0.08730717 2.976456
1994 691.647 0.08721862 3.241758
1995 753.5051 0.08711271 3.531687
1996 820.7784 0.08699704 3.846998
1997 893.4614 0.08688758 4.187664
1998 971.8631 0.0867888 4.555134
1999 1056.358 0.08671255 4.951164
2000 1147.391 0.08667259 5.377833
2001 1245.661 0.08666934 5.838426
2002 1351.679 0.08672889 6.335337
2003 1466.169 0.08686396 6.871951
2004 1589.612 0.08710078 7.450531
2005 1722.555 0.08746826 8.073637
2006 1865.45 0.08800775 8.743386
2007 2018.559 0.08875975 9.461011
2008 2182.374 0.0897696 10.22881
2009 2357.009 0.09109516 11.04733
2010 2542.358 0.09282315 11.91606
2011 2739.097 0.09498824 12.83818
2012 2947.405 0.09766791 13.81452
2013 3157.223 0.1012141 14.79794
2014 3403.638 0.104772 15.95289
2015 3599.806 0.1106533 16.87233
2016 3860.365 0.1160326 18.09358
2017 4131.109 0.1223511 19.36256
2018 4406.989 0.1297826 20.65561
2019 4701.46 0.1379997 22.0358
2020 4979.258 0.1479309 23.33784
2021 5260.14 0.1591279 24.65434
2022 5539.93 0.1715629 25.96572
2023 5815.998 0.1855767 27.25965
EAL+BER
1970 193.7402 0.0719936 0.8075915
1971 235.9894 0.07270789 0.9837044
1972 277.3749 0.07297908 1.156217
1973 318.0461 0.07296109 1.325752
1974 357.0285 0.07295377 1.488247
1975 394.4256 0.07295191 1.644134
1976 430.2872 0.07295373 1.79362
1977 464.6997 0.07295685 1.937066
1978 497.696 0.07296167 2.074609
1979 529.3324 0.07296766 2.206483
1980 571.3137 0.07300761 2.381479
1981 623.1782 0.07301623 2.597672
1982 684.0223 0.07300297 2.851296
1983 752.9766 0.07297619 3.138727
1984 829.2402 0.07294198 3.456626
1985 912.0868 0.07290396 3.801966
1986 1000.847 0.07286431 4.171956
1987 1094.837 0.07282539 4.563747
1988 1193.431 0.07279095 4.97473
1989 1299.112 0.07276477 5.415253
1990 1414.455 0.0727251 5.896049
1991 1541.104 0.07268585 6.423976
1992 1680.73 0.0726403 7.006
1993 1834.514 0.07259209 7.647035
1994 2003.552 0.07253719 8.351658
1995 2188.497 0.07247985 9.122588
1996 2389.957 0.07241763 9.962357
1997 2608.161 0.07235341 10.87193
1998 2844.087 0.0722866 11.85537
1999 3097.324 0.07225882 12.91097
2000 3371.731 0.07221361 14.05481
2001 3809.358 0.07152385 15.87903
2002 4302.167 0.07081926 17.93326
2003 4854.115 0.06997369 20.23402
2004 5468.531 0.06837138 22.79517
2005 6154.715 0.06703954 25.65547
2006 6915.534 0.06934829 28.82689
2007 7758.765 0.07337073 32.34184
2008 8594.832 0.09959733 35.82692
2009 9471.079 0.1267018 39.47949
2010 8101.548 0.1557396 33.7707
2011 8987.515 0.1530224 37.46379
2012 9968.917 0.1539811 41.55469
2013 9935.053 0.1383616 41.41353
2014 10923.46 0.1323243 45.53362
2015 11953.68 0.1309131 49.82803
2016 10150.65 0.1622431 42.31224
2017 9681.601 0.1680749 40.35703
2018 7907.827 0.1710097 32.96319
2019 6400.412 0.1657668 26.67964
2020 6970.876 0.1628063 29.05758
2021 7534.054 0.1836395 31.40514
2022 7983.423 0.3016389 33.27831
2023 8408.612 0.3854312 35.05068
GOA
1970 98.8651 0.06258386 1.406851
1971 118.4286 0.06433998 1.68524
1972 140.0839 0.06422693 1.993395
1973 160.8726 0.06415656 2.289219
1974 180.8095 0.06411022 2.572921
1975 199.9433 0.06407753 2.845195
1976 218.2102 0.06408169 3.105133
1977 235.746 0.0640863 3.354667
1978 252.5747 0.06409106 3.59414
1979 268.7246 0.06409575 3.823954
1980 290.4135 0.06407534 4.132587
1981 317.1469 0.0640393 4.513003
1982 348.3683 0.06401354 4.957285
1983 383.6463 0.06399844 5.459291
1984 422.6458 0.06398275 6.014254
1985 464.9033 0.06398119 6.615579
1986 510.172 0.0639784 7.259753
1987 557.9299 0.06399725 7.939348
1988 608.0799 0.06401167 8.652983
1989 661.8821 0.06402909 9.418589
1990 720.5595 0.06404065 10.25357
1991 785.0699 0.06404875 11.17155
1992 856.1197 0.06406123 12.18259
1993 934.4192 0.06407312 13.29679
1994 1020.37 0.06409221 14.51987
1995 1114.388 0.06411608 15.85775
1996 1216.729 0.06414587 17.31407
1997 1327.417 0.06418866 18.88916
1998 1446.832 0.06424843 20.58843
1999 1575.76 0.06432106 22.42308
2000 1715.114 0.06440631 24.40609
2001 1701.278 0.06652532 24.2092
2002 1914.065 0.06721079 27.23717
2003 2154.715 0.06806057 30.66161
2004 2108.034 0.06306299 29.99734
2005 2371.552 0.06205609 33.74721
2006 2355.705 0.07004277 33.52171
2007 2648.11 0.07003453 37.68263
2008 2671.034 0.06643809 38.00884
2009 2996.446 0.06562794 42.63945
2010 3112.874 0.07108058 44.29623
2011 3488.369 0.07165488 49.63953
2012 3394.534 0.06533714 48.30425
2013 3778.754 0.07151006 53.77171
2014 3378.543 0.1117982 48.0767
2015 2599.818 0.0714341 36.99544
2016 2569.294 0.07278631 36.56108
2017 2083.263 0.07831002 29.64485
2018 2027.427 0.08899385 28.8503
2019 2235.374 0.07849448 31.80939
2020 2331.582 0.07278359 33.17843
2021 2022.184 0.1456681 28.7757
2022 2149.593 0.280656 30.58873
2023 2306.171 0.3692462 32.81683
SEA+NBC
1970 311.1934 0.05360242 1.971827
1971 376.4752 0.0544244 2.385474
1972 441.8245 0.05467288 2.79955
1973 504.4639 0.05487312 3.196454
1974 564.3402 0.05505069 3.57585
1975 621.6202 0.05520937 3.938796
1976 676.4077 0.0553541 4.285948
1977 728.8117 0.0554887 4.617997
1978 778.8221 0.05562215 4.934881
1979 826.6308 0.05574845 5.237813
1980 890.9871 0.05584875 5.645596
1981 970.285 0.05593187 6.148054
1982 1063.19 0.05599809 6.736733
1983 1168.155 0.05606323 7.401824
1984 1284.121 0.05612047 8.136626
1985 1409.743 0.05618118 8.93261
1986 1544.689 0.05621848 9.78767
1987 1686.479 0.05628775 10.6861
1988 1833.166 0.05641375 11.61556
1989 1992.422 0.05647548 12.62466
1990 2168.464 0.05646304 13.74012
1991 2360.529 0.05648016 14.95711
1992 2571.513 0.05650897 16.29398
1993 2802.503 0.05656459 17.75761
1994 3059.292 0.05656327 19.38471
1995 3337.872 0.05660936 21.14989
1996 3640.638 0.05667135 23.06831
1997 3965.175 0.05679174 25.12469
1998 4316.852 0.05691093 27.35303
1999 4695.419 0.05706528 29.75176
2000 5102.555 0.05726725 32.33152
2001 5057.655 0.06477624 32.04701
2002 5684.917 0.06682713 36.02156
2003 6397.95 0.06833918 40.53958
2004 6254.092 0.05231777 39.62804
2005 7026.992 0.05118501 44.5254
2006 6971.645 0.06263081 44.1747
2007 7828.591 0.06276597 49.6046
2008 7906.147 0.05932827 50.09602
2009 8868.58 0.05839592 56.19433
2010 9208.324 0.06394665 58.34705
2011 10284.22 0.06476132 65.16431
2012 10003.52 0.05704602 63.3857
2013 11160.77 0.0638651 70.71839
2014 9969.283 0.1061478 63.16875
2015 7670.376 0.06223492 48.6021
2016 7573.344 0.06252442 47.98727
2017 6131.907 0.06825347 38.85384
2018 5965.821 0.07815507 37.80146
2019 6569.569 0.06621808 41.62701
2020 6851.814 0.05722943 43.41541
2021 5931.932 0.1403564 37.58673
2022 6302.927 0.2783223 39.93748
2023 6753.404 0.3682772 42.79185
SBC+WA
1970 21.3884 0.04615886 0.9581097
1971 26.27789 0.045844 1.177138
1972 30.96685 0.04566071 1.387183
1973 35.46272 0.04554422 1.58858
1974 39.77121 0.04546465 1.781581
1975 43.9023 0.04540768 1.966637
1976 47.86308 0.04536548 2.144063
1977 51.56919 0.04541701 2.310081
1978 55.11681 0.04546288 2.468999
1979 58.51756 0.04550308 2.621339
1980 63.12276 0.04547957 2.827632
1981 68.82472 0.04541204 3.083056
1982 75.42143 0.04537713 3.37856
1983 82.92357 0.04531698 3.714624
1984 91.23851 0.04524318 4.087098
1985 100.1608 0.04521961 4.486779
1986 109.723 0.0451932 4.915123
1987 119.8493 0.04516603 5.368741
1988 130.3787 0.04517244 5.840412
1989 141.7121 0.04516253 6.348101
1990 153.9856 0.04516831 6.8979
1991 167.4123 0.04517908 7.499359
1992 182.2782 0.0451631 8.16529
1993 198.6007 0.04515131 8.89647
1994 216.4991 0.04514009 9.69824
1995 236.0553 0.04512786 10.57428
1996 257.3109 0.04511825 11.52644
1997 280.2967 0.04510999 12.5561
1998 305.4948 0.04504747 13.68487
1999 332.4423 0.04502577 14.892
2000 361.1578 0.0450562 16.17834
2001 407.6279 0.04443848 18.26
2002 460.1824 0.04413415 20.61422
2003 519.5148 0.04397014 23.27206
2004 586.1485 0.04389105 26.25697
2005 661.0738 0.04386987 29.6133
2006 742.2619 0.04412667 33.25018
2007 834.5704 0.04444083 37.38521
2008 943.1273 0.04470237 42.2481
2009 1050.049 0.04627391 47.03773
2010 1177.73 0.04990032 52.75729
2011 1311.485 0.05384353 58.74897
2012 1456.082 0.05769592 65.22632
2013 1621.69 0.06611747 72.64483
2014 1566.553 0.1584258 70.17491
2015 1618.658 0.1585449 72.509
2016 1441.331 0.1334639 64.56549
2017 1525.55 0.05809054 68.33817
2018 1663.56 0.0532345 74.52042
2019 1788.904 0.05098714 80.13532
2020 1938.874 0.05062767 86.85333
2021 2078.401 0.05313836 93.10354
2022 2218.289 0.06168849 99.36993
2023 2321.665 0.1017077 104.0007
OR+CA
1970 97.499 0.02646672 0.3290236
1971 111.9025 0.02775757 0.3776301
1972 130.3835 0.02772698 0.4399966
1973 147.9354 0.02776019 0.499228
1974 164.6393 0.02781603 0.5555975
1975 179.8585 0.02798812 0.6069568
1976 194.2285 0.02816243 0.6554502
1977 207.8345 0.02833561 0.7013657
1978 220.5613 0.02852238 0.744314
1979 232.5389 0.02870954 0.784734
1980 249.1397 0.02882307 0.8407557
1981 269.7217 0.02890272 0.9102123
1982 293.8613 0.02896424 0.9916747
1983 321.0768 0.02902922 1.083517
1984 350.9451 0.02910489 1.184312
1985 383.556 0.02916226 1.294362
1986 418.1041 0.02924366 1.410949
1987 454.2166 0.02934907 1.532815
1988 491.5778 0.02947883 1.658896
1989 531.2892 0.02961934 1.792907
1990 575.0806 0.02972404 1.940687
1991 623.6936 0.02979878 2.104739
1992 675.8317 0.02993689 2.280686
1993 733.1451 0.03008009 2.474097
1994 796.4548 0.03021546 2.687745
1995 866.0109 0.03035151 2.922471
1996 941.4659 0.03051226 3.177104
1997 1023.188 0.03069072 3.452888
1998 1111.359 0.03089685 3.750433
1999 1206.152 0.0311443 4.070324
2000 1307.768 0.03144884 4.413238
2001 1286.643 0.05526886 4.341949
2002 1439.63 0.04876107 4.858226
2003 1619.597 0.04818177 5.465551
2004 1820.316 0.04860897 6.142904
2005 2046.426 0.05043582 6.905941
2006 2219.62 0.09874741 7.490408
2007 1837.128 0.08387796 6.199636
2008 2032.944 0.08426305 6.860446
2009 2091.209 0.08859433 7.057067
2010 2299.67 0.08229669 7.760549
2011 2497.825 0.08924951 8.429249
2012 2408.962 0.05538485 8.129367
2013 2685.392 0.03606323 9.062219
2014 3023.926 0.03410439 10.20465
2015 3367.568 0.03379649 11.36431
2016 3713.321 0.03449217 12.5311
2017 4063.654 0.03574196 13.71335
2018 4560.812 0.03704588 15.39108
2019 5006.548 0.05530653 16.89527
2020 5017.141 0.05620769 16.93102
2021 5633.938 0.05511226 19.01249
2022 5421.438 0.09290241 18.29538
2023 5661.539 0.09189308 19.10563

Parameters: Estimate  Std. Error      z value    Pr(>|z^2|)
rval 0.09089753 0.0004153 218.87229317 0
logK 8.32385657 0.71203235 11.69027856 0
logK 10.73745883 0.31776942 33.7900945 0
logK 9.04011738 0.70405825 12.84001342 0
logK 10.02925023 0.56906524 17.62407806 0
logK 8.27799957 0.84796549 9.76218925 0
logBK 4.34663221 0.74395004 5.84263996 1e-08
logBK 4.48532681 0.32550734 13.77949502 0
logBK 4.59636891 0.71483581 6.42996459 0
logBK 5.26937869 0.57333919 9.19068289 0
logBK 4.86017785 0.85074004 5.71288245 1e-08
MixPars -1.86709438 0.28999889 -6.43828104 0
MixPars -3.05874332 0.20466637 -14.94502178 0
MixPars -0.90242289 0.12256083 -7.36306097 0
MixPars -1.35069157 0.08817724 -15.31791645 0
MixPars -3.06981224 0.08981201 -34.18042049 0
MixPars -1.5869057 0.23815606 -6.66330186 0
MixPars -0.85350505 0.18241216 -4.67899199 2.88e-06
MixPars -1.52768394 0.28925942 -5.28136276 1.3e-07
MixPars -3.40422823 0.27189676 -12.52029708 0
MixPars -1.69643504 0.24793621 -6.84222382 0
MixPars -1.75491277 0.36300741 -4.83437174 1.34e-06
MixPars -1.55223743 0.33836019 -4.58752978 4.49e-06
MixPars -0.98035145 0.40897589 -2.39708861 0.01652593
MixPars -1.70002881 0.20900879 -8.13376711 0
MixPars 0.80229611 0.1660962 4.83030984 1.36e-06
MixPars -2.9867201 0.2578476 -11.58327661 0
AddV 0.0110864 0.01262966 0.87780625 0.38004887
AddV 0.0078087 0.00266145 2.9339963 0.00334628
AddV 0.03068213 0.01968361 1.5587655 0.11905189
SFdev -0.40856651 0.53746559 -0.7601724 0.44715154
SFdev -0.40845963 0.53751412 -0.75990494 0.44731141
SFdev -0.39386607 0.54388961 -0.72416546 0.46896416
SFdev -0.34603673 0.56646894 -0.61086619 0.54128817
SFdev -0.33275756 0.57125959 -0.58249799 0.5602313
SFdev -0.30459209 0.58718072 -0.51873652 0.60394449
SFdev -0.28853657 0.59649344 -0.48372128 0.62858369
SFdev -0.12615433 0.66071194 -0.19093696 0.84857498
SFdev -0.09276419 0.69963954 -0.13258855 0.89451879
SFdev 0.33795684 0.12239828 2.76112409 0.00576028
SFdev -0.20232277 0.66411453 -0.30465042 0.76063241
SFdev -0.22564414 0.6458667 -0.34936642 0.72681424
SFdev 0.1791117 0.27286964 0.65640025 0.51156663
SFdev -0.17145244 0.68251923 -0.25120529 0.80165539
SFdev -0.16089467 0.68242948 -0.23576746 0.81361312
SFdev 0.33192942 0.12953735 2.56242255 0.01039448
SFdev 0.22247502 0.25429069 0.87488464 0.38163668
SFdev 0.35367416 0.13743401 2.57341084 0.01007016
SFdev 0.36644987 0.11150227 3.28647901 0.00101448
SFdev -0.15524086 0.68818057 -0.22558158 0.82152687
SFdev -0.12472031 0.75027648 -0.16623246 0.86797401
SFdev -4.228e-05 0.99988131 -4.228e-05 0.99996626
SFdev 1.931e-05 1.00005416 1.93e-05 0.9999846
SFdev 0 1 0 1
SFdev 0.20478705 0.05459274 3.7511775 0.00017601
SFdev -0.30805589 0.57408527 -0.53660302 0.59154186
SFdev -0.33438174 0.56685808 -0.58988617 0.55526697
SFdev 0.22066029 0.06533345 3.37744731 0.00073162
SFdev -0.35133181 0.55364748 -0.63457673 0.52570451
SFdev 0.19911598 0.07133578 2.79124971 0.00525049
SFdev -0.37560383 0.54705146 -0.6865969 0.49233678
SFdev 0.17147486 0.07785946 2.20236388 0.02763962
SFdev -0.38808342 0.53049972 -0.73154312 0.46444748
SFdev 0.11945184 0.08497192 1.40578009 0.15978944
SFdev -0.35042776 0.55244735 -0.63431883 0.52587277
SFdev 0.21776486 0.04948213 4.40087928 1.078e-05
SFdev -0.25874204 0.58261507 -0.44410461 0.65696696
SFdev 0.3015434 0.08057478 3.74240451 0.00018227
SFdev 0.39882962 0.05125701 7.78097759 0
SFdev 0.18876005 0.06231864 3.02895012 0.00245405
SFdev 0.3688165 0.03107059 11.87027696 0
SFdev 0.21062214 0.09053007 2.32654359 0.01998957
SFdev -0.21425723 0.63852051 -0.33555262 0.73720826
SFdev 0.07232582 0.11307079 0.63965075 0.52239968
SFdev 0.3211558 0.0936191 3.43045166 0.00060258
SFdev -1.856e-05 0.99994773 -1.856e-05 0.99998519
SFdev 5.64e-06 1.00001564 5.64e-06 0.9999955
SFdev 0 1 0 1
SFdev -0.43467196 0.52939771 -0.82106885 0.41160705
SFdev -0.46824378 0.5151376 -0.90896836 0.36336683
SFdev -0.48740023 0.50746825 -0.96045463 0.33682645
SFdev -0.49438032 0.50471782 -0.97951826 0.32732397
SFdev -0.48954697 0.50658225 -0.96637212 0.33385801
SFdev -0.47638748 0.51087619 -0.93249106 0.3510828
SFdev -0.48832599 0.50682647 -0.96349742 0.33529796
SFdev -0.444829 0.52273104 -0.85097108 0.39478542
SFdev -0.36327985 0.55470586 -0.65490537 0.51252868
SFdev -0.26804159 0.58977825 -0.45447859 0.6494844
SFdev -0.27742683 0.59281867 -0.46797925 0.63979943
SFdev -0.30074942 0.58829987 -0.51121789 0.60919849
SFdev -0.2467513 0.62421451 -0.39529888 0.69262233
SFdev 0.22404203 0.20810283 1.07659293 0.28166216
SFdev 0.10155993 0.50675393 0.20041271 0.84115782
SFdev 0.29512804 0.17624161 1.67456503 0.0940196
SFdev 0.00899843 0.55322305 0.01626546 0.98702261
SFdev -0.28197696 0.60263466 -0.46790697 0.63985112
SFdev -0.28069894 0.59558559 -0.47129907 0.63742718
SFdev -0.28981361 0.58794317 -0.49292793 0.62206351
SFdev -0.30183532 0.58569675 -0.51534403 0.60631264
SFdev -0.23327512 0.61812815 -0.37738958 0.70588411
SFdev -0.0101302 0.50110378 -0.02021577 0.98387125
SFdev 0 1 0 1
SFdev 0.21322927 0.08135264 2.62104918 0.00876596
SFdev -0.24770012 0.60880351 -0.40686382 0.68410801
SFdev -0.35665439 0.55667164 -0.64069078 0.52172361
SFdev -0.3443714 0.56079185 -0.61408061 0.53916206
SFdev -0.3285991 0.57051456 -0.5759697 0.56463566
SFdev -0.00023666 0.44540828 -0.00053133 0.99957606
SFdev 0.36107836 0.08096554 4.4596546 8.21e-06
SFdev -0.12487144 0.65408391 -0.19091042 0.84859577
SFdev 0.14896979 0.21798349 0.68339941 0.49435449
SFdev -0.05438866 0.58259015 -0.09335664 0.92562024
SFdev -0.0243875 0.51991638 -0.04690658 0.96258768
SFdev 0.23628952 0.1176054 2.00917235 0.04451886
SFdev -0.18919897 0.60719294 -0.31159613 0.75534747
SFdev -0.40650669 0.5344464 -0.76061264 0.44688847
SFdev -0.51593235 0.49374718 -1.04493225 0.29605428
SFdev -0.54714743 0.48369301 -1.13118738 0.25797623
SFdev -0.47611296 0.50868315 -0.93597156 0.34928783
SFdev -0.39292046 0.54056402 -0.72687128 0.46730481
SFdev -0.15283485 0.54738397 -0.27920958 0.78008399
SFdev 0.18175327 0.11343575 1.60225734 0.10909871
SFdev -0.2197217 0.59871044 -0.36699159 0.71362529
SFdev 0.23680416 0.1227887 1.92855003 0.05378675
SFdev 0.10088004 0.3053056 0.33042315 0.74108025
SFdev 0 1 0 1

Mixing matrix
0.91616766 0.08383234 0 0 0 0 ,# Asia
0.0039801 0.23507463 0.04945274 0.70552239 0.00597015 0 ,# Hawaii
0.07350529 0.57874857 0.28850455 0.04472939 0.01351821 0.00099399 ,# MX_AR
0.07312469 0.30183805 0.01341282 0.03884749 0.07610532 0.49667163 ,# MX_ML
0 0 0 0 0.01602404 0.98397596 ,# Central_Am

Split of breeding stock to feeding grounds over time
Split for: Asia
Year RUS+WAL EAL+BER GOA SEA+NBC SBC+WA OR+CA
1970 0.91635 0.08365 0 0 0 0
1971 0.91645 0.08355 0 0 0 0
1972 0.91625 0.08375 0 0 0 0
1973 0.9163 0.0837 0 0 0 0
1974 0.91634 0.08366 0 0 0 0
1975 0.91637 0.08363 0 0 0 0
1976 0.9164 0.0836 0 0 0 0
1977 0.91642 0.08358 0 0 0 0
1978 0.91644 0.08356 0 0 0 0
1979 0.91646 0.08354 0 0 0 0
1980 0.91649 0.08351 0 0 0 0
1981 0.91649 0.08351 0 0 0 0
1982 0.9165 0.0835 0 0 0 0
1983 0.91651 0.08349 0 0 0 0
1984 0.91652 0.08348 0 0 0 0
1985 0.91652 0.08348 0 0 0 0
1986 0.91653 0.08347 0 0 0 0
1987 0.91654 0.08346 0 0 0 0
1988 0.91655 0.08345 0 0 0 0
1989 0.91656 0.08344 0 0 0 0
1990 0.91657 0.08343 0 0 0 0
1991 0.91658 0.08342 0 0 0 0
1992 0.91658 0.08342 0 0 0 0
1993 0.91659 0.08341 0 0 0 0
1994 0.9166 0.0834 0 0 0 0
1995 0.91661 0.08339 0 0 0 0
1996 0.91661 0.08339 0 0 0 0
1997 0.91662 0.08338 0 0 0 0
1998 0.91664 0.08336 0 0 0 0
1999 0.91666 0.08334 0 0 0 0
2000 0.91667 0.08333 0 0 0 0
2001 0.91667 0.08333 0 0 0 0
2002 0.91668 0.08332 0 0 0 0
2003 0.91669 0.08331 0 0 0 0
2004 0.9167 0.0833 0 0 0 0
2005 0.9167 0.0833 0 0 0 0
2006 0.91671 0.08329 0 0 0 0
2007 0.91671 0.08329 0 0 0 0
2008 0.91672 0.08328 0 0 0 0
2009 0.91672 0.08328 0 0 0 0
2010 0.91676 0.08324 0 0 0 0
2011 0.91678 0.08322 0 0 0 0
2012 0.9168 0.0832 0 0 0 0
2013 0.91681 0.08319 0 0 0 0
2014 0.91682 0.08318 0 0 0 0
2015 0.91684 0.08316 0 0 0 0
2016 0.91687 0.08313 0 0 0 0
2017 0.9169 0.0831 0 0 0 0
2018 0.91692 0.08308 0 0 0 0
2019 0.91696 0.08304 0 0 0 0
2020 0.91698 0.08302 0 0 0 0
2021 0.91701 0.08299 0 0 0 0
2022 0.91706 0.08294 0 0 0 0
2023 0.9171 0.0829 0 0 0 0
2024 0.91716 0.08284 0 0 0 0
Split for: Hawaii
Year RUS+WAL EAL+BER GOA SEA+NBC SBC+WA OR+CA
1970 0.00401 0.23627 0.04936 0.70435 0.00601 0
1971 0.00402 0.2368 0.04953 0.70362 0.00603 0
1972 0.00402 0.23734 0.04965 0.70295 0.00604 0
1973 0.00403 0.23779 0.04975 0.70238 0.00605 0
1974 0.00404 0.23818 0.04984 0.70189 0.00606 0
1975 0.00405 0.23852 0.0499 0.70146 0.00606 0
1976 0.00406 0.23883 0.04997 0.70107 0.00607 0
1977 0.00406 0.23913 0.05003 0.70071 0.00607 0
1978 0.00407 0.23941 0.05008 0.70036 0.00608 0
1979 0.00407 0.23966 0.05013 0.70005 0.00608 0
1980 0.00408 0.23991 0.05019 0.69973 0.00609 0
1981 0.00408 0.24016 0.05025 0.69942 0.00609 0
1982 0.00409 0.24043 0.0503 0.69909 0.00609 0
1983 0.00409 0.24068 0.05035 0.69878 0.0061 0
1984 0.0041 0.24094 0.05039 0.69847 0.0061 0
1985 0.0041 0.24114 0.05043 0.69823 0.0061 0
1986 0.00411 0.2414 0.05047 0.69792 0.00611 0
1987 0.00411 0.24177 0.05053 0.69747 0.00611 0
1988 0.00412 0.242 0.05057 0.69721 0.00611 0
1989 0.00412 0.24207 0.05057 0.69713 0.00611 0
1990 0.00412 0.2422 0.05059 0.69698 0.00611 0
1991 0.00413 0.24236 0.05061 0.6968 0.00611 0
1992 0.00413 0.24257 0.05065 0.69654 0.00611 0
1993 0.00413 0.24263 0.05065 0.69648 0.00611 0
1994 0.00413 0.24278 0.05067 0.69631 0.0061 0
1995 0.00414 0.2429 0.05069 0.69617 0.0061 0
1996 0.00414 0.24314 0.05074 0.69588 0.0061 0
1997 0.00414 0.24335 0.05077 0.69563 0.00611 0
1998 0.00415 0.24354 0.05081 0.69539 0.00611 0
1999 0.00415 0.24379 0.05086 0.69509 0.00611 0
2000 0.00416 0.24392 0.05087 0.69495 0.00611 0
2001 0.00416 0.24409 0.05089 0.69476 0.0061 0
2002 0.00416 0.24413 0.05089 0.69473 0.0061 0
2003 0.00416 0.24429 0.05091 0.69455 0.0061 0
2004 0.00417 0.24448 0.05093 0.69433 0.00609 0
2005 0.00417 0.24467 0.05096 0.69413 0.00607 0
2006 0.00417 0.2448 0.05097 0.694 0.00606 0
2007 0.00417 0.24483 0.0509 0.69402 0.00607 0
2008 0.00418 0.24487 0.05088 0.69405 0.00602 0
2009 0.00418 0.24495 0.05086 0.69397 0.00604 0
2010 0.00418 0.24527 0.05097 0.69354 0.00603 0
2011 0.00419 0.2453 0.05096 0.69356 0.006 0
2012 0.00418 0.245 0.05084 0.69397 0.00601 0
2013 0.00418 0.24504 0.05084 0.69391 0.00603 0
2014 0.00419 0.24525 0.0508 0.69371 0.00602 3e-05
2015 0.00419 0.24546 0.05078 0.69354 0.00601 3e-05
2016 0.00419 0.24535 0.05076 0.69367 0.006 3e-05
2017 0.00419 0.24495 0.05071 0.69416 0.00597 3e-05
2018 0.00418 0.24472 0.05067 0.69451 0.00589 2e-05
2019 0.00418 0.24444 0.0506 0.69488 0.00588 2e-05
2020 0.00418 0.2441 0.05057 0.6953 0.00583 2e-05
2021 0.00417 0.24385 0.05051 0.69563 0.00582 2e-05
2022 0.00417 0.2434 0.05046 0.69614 0.00581 2e-05
2023 0.00417 0.24315 0.05038 0.6965 0.00579 2e-05
2024 0.00416 0.2424 0.05027 0.69735 0.0058 2e-05
Split for: MX_AR
Year RUS+WAL EAL+BER GOA SEA+NBC SBC+WA OR+CA
1970 0.07384 0.57997 0.28711 0.04452 0.01357 0.00099
1971 0.07392 0.5798 0.28736 0.04436 0.01357 0.00099
1972 0.07374 0.57997 0.28749 0.04423 0.01357 0.00099
1973 0.07379 0.57999 0.28754 0.04412 0.01357 0.00099
1974 0.07383 0.58001 0.28758 0.04401 0.01357 0.00099
1975 0.07387 0.58006 0.28758 0.04393 0.01357 0.00099
1976 0.0739 0.58011 0.28759 0.04385 0.01356 0.00099
1977 0.07393 0.58016 0.28759 0.04378 0.01355 0.00099
1978 0.07395 0.5802 0.2876 0.04371 0.01355 0.00099
1979 0.07398 0.58023 0.28762 0.04364 0.01354 0.00099
1980 0.074 0.58023 0.28766 0.04358 0.01354 0.00099
1981 0.07401 0.58027 0.28768 0.04352 0.01353 0.00099
1982 0.07403 0.58033 0.28768 0.04345 0.01353 0.00099
1983 0.07404 0.58037 0.28768 0.04339 0.01352 0.00099
1984 0.07406 0.58044 0.28767 0.04333 0.01352 0.00099
1985 0.07407 0.58049 0.28765 0.04328 0.01351 0.00099
1986 0.07409 0.58058 0.28761 0.04322 0.01351 0.00099
1987 0.07411 0.58067 0.28759 0.04314 0.0135 0.00099
1988 0.07413 0.58075 0.28755 0.04309 0.01349 0.00099
1989 0.07415 0.5808 0.28751 0.04307 0.01349 0.00099
1990 0.07416 0.58085 0.28749 0.04304 0.01348 0.00099
1991 0.07417 0.58091 0.28746 0.04301 0.01347 0.00099
1992 0.07419 0.58096 0.28744 0.04296 0.01346 0.00099
1993 0.0742 0.58101 0.28741 0.04295 0.01345 0.00099
1994 0.07422 0.58105 0.28739 0.04292 0.01344 0.00099
1995 0.07423 0.58109 0.28738 0.04289 0.01343 0.00098
1996 0.07424 0.58116 0.28737 0.04283 0.01342 0.00098
1997 0.07426 0.58123 0.28733 0.04278 0.01341 0.00098
1998 0.07428 0.58125 0.28734 0.04274 0.01341 0.00098
1999 0.07431 0.5813 0.28734 0.04268 0.01339 0.00098
2000 0.07432 0.58136 0.2873 0.04265 0.01338 0.00098
2001 0.07433 0.58144 0.28725 0.04262 0.01337 0.00098
2002 0.07435 0.58148 0.28721 0.04261 0.01336 0.00098
2003 0.07437 0.58156 0.28717 0.04258 0.01335 0.00098
2004 0.07438 0.58164 0.28712 0.04254 0.01333 0.00098
2005 0.0744 0.58174 0.28709 0.0425 0.01328 0.00098
2006 0.07442 0.58182 0.28706 0.04247 0.01324 0.00098
2007 0.07445 0.58207 0.28673 0.04249 0.01327 0.00098
2008 0.07448 0.58224 0.28664 0.0425 0.01317 0.00098
2009 0.07449 0.58231 0.28653 0.04248 0.0132 0.00098
2010 0.07452 0.58224 0.2867 0.0424 0.01316 0.00098
2011 0.07455 0.58231 0.28667 0.0424 0.0131 0.00098
2012 0.07458 0.58241 0.2864 0.04248 0.01314 0.00098
2013 0.07459 0.58243 0.28635 0.04247 0.01317 0.00099
2014 0.07464 0.58275 0.28602 0.04245 0.01315 0.00099
2015 0.0747 0.583 0.28578 0.04242 0.01312 0.00098
2016 0.07472 0.58296 0.28579 0.04244 0.01311 0.00098
2017 0.07473 0.58281 0.28588 0.04253 0.01306 0.00098
2018 0.07476 0.58284 0.28593 0.04259 0.0129 0.00098
2019 0.07479 0.58279 0.28589 0.04266 0.01289 0.00098
2020 0.07479 0.58265 0.28605 0.04274 0.0128 0.00098
2021 0.07482 0.58265 0.28597 0.0428 0.01278 0.00098
2022 0.07484 0.58241 0.28609 0.04289 0.0128 0.00098
2023 0.07488 0.58244 0.28599 0.04296 0.01275 0.00098
2024 0.07489 0.58211 0.28607 0.04312 0.01282 0.00098
Split for: MX_ML
Year RUS+WAL EAL+BER GOA SEA+NBC SBC+WA OR+CA
1970 0.07338 0.30219 0.01334 0.03863 0.0763 0.49616
1971 0.07347 0.30211 0.01335 0.03849 0.07632 0.49626
1972 0.0733 0.30227 0.01336 0.03839 0.07635 0.49633
1973 0.07337 0.30235 0.01336 0.0383 0.07635 0.49628
1974 0.07344 0.30246 0.01337 0.03822 0.07636 0.49614
1975 0.0735 0.30257 0.01337 0.03816 0.07638 0.49602
1976 0.07355 0.30269 0.01338 0.0381 0.07636 0.49592
1977 0.0736 0.3028 0.01338 0.03805 0.07635 0.49582
1978 0.07364 0.30291 0.01338 0.038 0.07634 0.49572
1979 0.07369 0.303 0.01339 0.03795 0.07634 0.49563
1980 0.07373 0.30307 0.01339 0.03791 0.07634 0.49555
1981 0.07376 0.30317 0.0134 0.03786 0.07633 0.49548
1982 0.07379 0.30326 0.0134 0.03782 0.07632 0.49541
1983 0.07382 0.30336 0.0134 0.03777 0.07631 0.49534
1984 0.07385 0.30344 0.01341 0.03772 0.07629 0.49529
1985 0.07388 0.30353 0.01341 0.03769 0.07627 0.49523
1986 0.07391 0.30363 0.01341 0.03765 0.07625 0.49515
1987 0.07395 0.30374 0.01341 0.03758 0.07623 0.4951
1988 0.07398 0.30384 0.01341 0.03754 0.07621 0.49501
1989 0.07401 0.30393 0.01341 0.03754 0.07618 0.49493
1990 0.07404 0.304 0.01341 0.03752 0.07613 0.4949
1991 0.07407 0.30411 0.01341 0.0375 0.07611 0.4948
1992 0.0741 0.30423 0.01342 0.03746 0.07608 0.49471
1993 0.07414 0.30432 0.01342 0.03746 0.07604 0.49462
1994 0.07417 0.30442 0.01342 0.03744 0.07599 0.49456
1995 0.0742 0.30451 0.01342 0.03743 0.07595 0.49449
1996 0.07423 0.30461 0.01343 0.03739 0.07591 0.49444
1997 0.07426 0.3047 0.01343 0.03735 0.0759 0.49437
1998 0.07429 0.30475 0.01343 0.03732 0.07588 0.49433
1999 0.07433 0.30485 0.01343 0.03728 0.07582 0.49429
2000 0.07435 0.30493 0.01343 0.03726 0.07578 0.49425
2001 0.07438 0.30502 0.01343 0.03723 0.07573 0.4942
2002 0.07441 0.30508 0.01343 0.03723 0.07568 0.49417
2003 0.07444 0.30518 0.01343 0.03721 0.07561 0.49413
2004 0.07447 0.30527 0.01343 0.03718 0.07554 0.49411
2005 0.07452 0.30546 0.01344 0.03717 0.07528 0.49414
2006 0.07457 0.30562 0.01344 0.03716 0.07509 0.49413
2007 0.07457 0.30562 0.01342 0.03716 0.07523 0.494
2008 0.07461 0.30576 0.01342 0.03717 0.07464 0.49441
2009 0.07459 0.30566 0.01341 0.03714 0.07479 0.49441
2010 0.07464 0.30574 0.01342 0.03708 0.07462 0.49451
2011 0.07467 0.30578 0.01342 0.03708 0.07424 0.49481
2012 0.07465 0.30558 0.0134 0.03712 0.07442 0.49483
2013 0.07461 0.30542 0.01339 0.03709 0.07457 0.49491
2014 0.07468 0.30566 0.01337 0.03708 0.07447 0.49474
2015 0.07484 0.30622 0.01338 0.03711 0.07441 0.49404
2016 0.07505 0.30695 0.01341 0.03722 0.07451 0.49286
2017 0.0751 0.30705 0.01343 0.03732 0.0743 0.4928
2018 0.07528 0.30768 0.01346 0.03745 0.0735 0.49263
2019 0.07531 0.30766 0.01345 0.03751 0.07348 0.4926
2020 0.07532 0.30761 0.01346 0.03758 0.07293 0.49309
2021 0.07535 0.3076 0.01346 0.03764 0.07284 0.49311
2022 0.07536 0.30744 0.01346 0.03771 0.07293 0.4931
2023 0.07539 0.30742 0.01346 0.03777 0.07266 0.49329
2024 0.0753 0.30683 0.01344 0.03786 0.07296 0.49361
Split for: Central_Am
Year RUS+WAL EAL+BER GOA SEA+NBC SBC+WA OR+CA
1970 0 0 0 0 0.01608 0.98392
1971 0 0 0 0 0.01608 0.98392
1972 0 0 0 0 0.01608 0.98392
1973 0 0 0 0 0.01609 0.98391
1974 0 0 0 0 0.01609 0.98391
1975 0 0 0 0 0.0161 0.9839
1976 0 0 0 0 0.0161 0.9839
1977 0 0 0 0 0.0161 0.9839
1978 0 0 0 0 0.0161 0.9839
1979 0 0 0 0 0.01611 0.98389
1980 0 0 0 0 0.01611 0.98389
1981 0 0 0 0 0.01611 0.98389
1982 0 0 0 0 0.01611 0.98389
1983 0 0 0 0 0.01611 0.98389
1984 0 0 0 0 0.01611 0.98389
1985 0 0 0 0 0.0161 0.9839
1986 0 0 0 0 0.0161 0.9839
1987 0 0 0 0 0.0161 0.9839
1988 0 0 0 0 0.0161 0.9839
1989 0 0 0 0 0.01609 0.98391
1990 0 0 0 0 0.01609 0.98391
1991 0 0 0 0 0.01608 0.98392
1992 0 0 0 0 0.01608 0.98392
1993 0 0 0 0 0.01607 0.98393
1994 0 0 0 0 0.01607 0.98393
1995 0 0 0 0 0.01606 0.98394
1996 0 0 0 0 0.01605 0.98395
1997 0 0 0 0 0.01606 0.98394
1998 0 0 0 0 0.01605 0.98395
1999 0 0 0 0 0.01604 0.98396
2000 0 0 0 0 0.01603 0.98397
2001 0 0 0 0 0.01602 0.98398
2002 0 0 0 0 0.01601 0.98399
2003 0 0 0 0 0.016 0.984
2004 0 0 0 0 0.01599 0.98401
2005 0 0 0 0 0.01593 0.98407
2006 0 0 0 0 0.01589 0.98411
2007 0 0 0 0 0.01593 0.98407
2008 0 0 0 0 0.01579 0.98421
2009 0 0 0 0 0.01582 0.98418
2010 0 0 0 0 0.01578 0.98422
2011 0 0 0 0 0.0157 0.9843
2012 0 0 0 0 0.01573 0.98427
2013 0 0 0 0 0.01576 0.98424
2014 0 0 0 0 0.01575 0.98425
2015 0 0 0 0 0.01575 0.98425
2016 0 0 0 0 0.01581 0.98419
2017 0 0 0 0 0.01577 0.98423
2018 0 0 0 0 0.01561 0.98439
2019 0 0 0 0 0.0156 0.9844
2020 0 0 0 0 0.01548 0.98452
2021 0 0 0 0 0.01546 0.98454
2022 0 0 0 0 0.01547 0.98453
2023 0 0 0 0 0.01541 0.98459
2024 0 0 0 0 0.01546 0.98454

Difference in mortality over time
Difference for: Asia
Year RUS+WAL EAL+BER GOA SEA+NBC SBC+WA OR+CA
1970 0 0 0 0 0 0
1971 0 0 0 0 0 0
1972 0 0 0 0 0 0
1973 0 0 0 0 0 0
1974 0 0 0 0 0 0
1975 0 0 0 0 0 0
1976 0 0 0 0 0 0
1977 0 0 0 0 0 0
1978 0 0 0 0 0 0
1979 0 0 0 0 0 0
1980 0 0 0 0 0 0
1981 0 0 0 0 0 0
1982 0 0 0 0 0 0
1983 0 0 0 0 0 0
1984 0 0 0 0 0 0
1985 0 0 0 0 0 0
1986 0 0 0 0 0 0
1987 0 0 0 0 0 0
1988 0 0 0 0 0 0
1989 0 0 0 0 0 0
1990 0 0 0 0 0 0
1991 0 0 0 0 0 0
1992 0 0 0 0 0 0
1993 0 0 0 0 0 0
1994 0 0 0 0 0 0
1995 0 0 0 0 0 0
1996 0 0 0 0 0 0
1997 0 0 0 0 0 0
1998 0 0 0 0 0 0
1999 0 0 0 0 0 0
2000 0 0 0 0 0 0
2001 0 0 0 0 0 0
2002 0 0 0 0 0 0
2003 0 0 0 0 0 0
2004 0 0 0 0 0 0
2005 0 0 0 0 0 0
2006 0 0 0 0 0 0
2007 0 0 0 0 0 0
2008 0 0 0 0 0 0
2009 0 0 0 0 0 0
2010 0 0 0 0 0 0
2011 0 0 0 0 0 0
2012 0 0 0 0 0 0
2013 0 0 0 0 0 0
2014 0 0 0 0 0 0
2015 0 0 0 0 0 0
2016 0 0 0 0 0 0
2017 0 0 0 0 0 0
2018 0 0 0 0 0 0
2019 0 0 0 0 0 0
2020 0 0 0 0 0 0
2021 0 0 0 0 0 0
2022 0 0 0 0 0 0
2023 0 0 0 0 0 0
Difference for: Hawaii
Year RUS+WAL EAL+BER GOA SEA+NBC SBC+WA OR+CA
1970 0 0 0 0 0 0
1971 0 0 0 0 0 0
1972 0 0 0 0 0 0
1973 0 0 0 0 0 0
1974 0 0 0 0 0 0
1975 0 0 0 0 0 0
1976 0 0 0 0 0 0
1977 0 0 0 0 0 0
1978 0 0 0 0 0 0
1979 0 0 0 0 0 0
1980 0 0 0 0 0 0
1981 0 0 0 0 0 0
1982 0 0 0 0 0 0
1983 0 0 0 0 0 0
1984 0 0 0 0 0 0
1985 0 0 0 0 0 0
1986 0 0 0 0 0 0
1987 0 0 0 0 0 0
1988 0 0 0 0 0 0
1989 0 0 0 0 0 0
1990 0 0 0 0 0 0
1991 0 0 0 0 0 0
1992 0 0 0 0 0 0
1993 0 0 0 0 0 0
1994 0 0 0 0 0 0
1995 0 0 0 0 0 0
1996 0 0 0 0 0 0
1997 0 0 0 0 0 0
1998 0 0 0 0 0 0
1999 0 0 0 0 0 0
2000 0 0 0 0 0 0
2001 0 0 0 0 0 0
2002 0 0 0 0 0 0
2003 0 0 0 0 0 0
2004 0 0 0 0 0 0
2005 0 0 0 0 0 0
2006 0 0 0 0 0 0
2007 0 0 0 0 0 0
2008 0 0 0 0 0 0
2009 0 0 0 0 0 0
2010 0 0 0 0 0 0
2011 0 0 0 0 0 0
2012 0 0 0 0 0 0
2013 0 0 0 0 0 0
2014 0 0 0 0 0 0
2015 0 0 0 0 0 0
2016 0 0 0 0 0 0
2017 0 0 0 0 0 0
2018 0 0 0 0 0 0
2019 0 0 0 0 0 0
2020 0 0 0 0 0 0
2021 0 0 0 0 0 0
2022 0 0 0 0 0 0
2023 0 0 0 0 0 0
Difference for: MX_AR
Year RUS+WAL EAL+BER GOA SEA+NBC SBC+WA OR+CA
1970 0 0 0 0 0 0
1971 0 0 0 0 0 0
1972 0 0 0 0 0 0
1973 0 0 0 0 0 0
1974 0 0 0 0 0 0
1975 0 0 0 0 0 0
1976 0 0 0 0 0 0
1977 0 0 0 0 0 0
1978 0 0 0 0 0 0
1979 0 0 0 0 0 0
1980 0 0 0 0 0 0
1981 0 0 0 0 0 0
1982 0 0 0 0 0 0
1983 0 0 0 0 0 0
1984 0 0 0 0 0 0
1985 0 0 0 0 0 0
1986 0 0 0 0 0 0
1987 0 0 0 0 0 0
1988 0 0 0 0 0 0
1989 0 0 0 0 0 0
1990 0 0 0 0 0 0
1991 0 0 0 0 0 0
1992 0 0 0 0 0 0
1993 0 0 0 0 0 0
1994 0 0 0 0 0 0
1995 0 0 0 0 0 0
1996 0 0 0 0 0 0
1997 0 0 0 0 0 0
1998 0 0 0 0 0 0
1999 0 0 0 0 0 0
2000 0 0 0 0 0 0
2001 0 0 0 0 0 0
2002 0 0 0 0 0 0
2003 0 0 0 0 0 0
2004 0 0 0 0 0 0
2005 0 0 0 0 0 0
2006 0 0 0 0 0 0
2007 0 0 0 0 0 0
2008 0 0 0 0 0 0
2009 0 0 0 0 0 0
2010 0 0 0 0 0 0
2011 0 0 0 0 0 0
2012 0 0 0 0 0 0
2013 0 0 0 0 0 0
2014 0 0 0 0 0 0
2015 0 0 0 0 0 0
2016 0 0 0 0 0 0
2017 0 0 0 0 0 0
2018 0 0 0 0 0 0
2019 0 0 0 0 0 0
2020 0 0 0 0 0 0
2021 0 0 0 0 0 0
2022 0 0 0 0 0 0
2023 0 0 0 0 0 0
Difference for: MX_ML
Year RUS+WAL EAL+BER GOA SEA+NBC SBC+WA OR+CA
1970 0 0 0 0 0 0
1971 0 0 0 0 0 0
1972 0 0 0 0 0 0
1973 0 0 0 0 0 0
1974 0 0 0 0 0 0
1975 0 0 0 0 0 0
1976 0 0 0 0 0 0
1977 0 0 0 0 0 0
1978 0 0 0 0 0 0
1979 0 0 0 0 0 0
1980 0 0 0 0 0 0
1981 0 0 0 0 0 0
1982 0 0 0 0 0 0
1983 0 0 0 0 0 0
1984 0 0 0 0 0 0
1985 0 0 0 0 0 0
1986 0 0 0 0 0 0
1987 0 0 0 0 0 0
1988 0 0 0 0 0 0
1989 0 0 0 0 0 0
1990 0 0 0 0 0 0
1991 0 0 0 0 0 0
1992 0 0 0 0 0 0
1993 0 0 0 0 0 0
1994 0 0 0 0 0 0
1995 0 0 0 0 0 0
1996 0 0 0 0 0 0
1997 0 0 0 0 0 0
1998 0 0 0 0 0 0
1999 0 0 0 0 0 0
2000 0 0 0 0 0 0
2001 0 0 0 0 0 0
2002 0 0 0 0 0 0
2003 0 0 0 0 0 0
2004 0 0 0 0 0 0
2005 0 0 0 0 0 0
2006 0 0 0 0 0 0
2007 0 0 0 0 0 0
2008 0 0 0 0 0 0
2009 0 0 0 0 0 0
2010 0 0 0 0 0 0
2011 0 0 0 0 0 0
2012 0 0 0 0 0 0
2013 0 0 0 0 0 0
2014 0 0 0 0 0 0
2015 0 0 0 0 0 0
2016 0 0 0 0 0 0
2017 0 0 0 0 0 0
2018 0 0 0 0 0 0
2019 0 0 0 0 0 0
2020 0 0 0 0 0 0
2021 0 0 0 0 0 0
2022 0 0 0 0 0 0
2023 0 0 0 0 0 0
Difference for: Central_Am
Year RUS+WAL EAL+BER GOA SEA+NBC SBC+WA OR+CA
1970 0 0 0 0 0 0
1971 0 0 0 0 0 0
1972 0 0 0 0 0 0
1973 0 0 0 0 0 0
1974 0 0 0 0 0 0
1975 0 0 0 0 0 0
1976 0 0 0 0 0 0
1977 0 0 0 0 0 0
1978 0 0 0 0 0 0
1979 0 0 0 0 0 0
1980 0 0 0 0 0 0
1981 0 0 0 0 0 0
1982 0 0 0 0 0 0
1983 0 0 0 0 0 0
1984 0 0 0 0 0 0
1985 0 0 0 0 0 0
1986 0 0 0 0 0 0
1987 0 0 0 0 0 0
1988 0 0 0 0 0 0
1989 0 0 0 0 0 0
1990 0 0 0 0 0 0
1991 0 0 0 0 0 0
1992 0 0 0 0 0 0
1993 0 0 0 0 0 0
1994 0 0 0 0 0 0
1995 0 0 0 0 0 0
1996 0 0 0 0 0 0
1997 0 0 0 0 0 0
1998 0 0 0 0 0 0
1999 0 0 0 0 0 0
2000 0 0 0 0 0 0
2001 0 0 0 0 0 0
2002 0 0 0 0 0 0
2003 0 0 0 0 0 0
2004 0 0 0 0 0 0
2005 0 0 0 0 0 0
2006 0 0 0 0 0 0
2007 0 0 0 0 0 0
2008 0 0 0 0 0 0
2009 0 0 0 0 0 0
2010 0 0 0 0 0 0
2011 0 0 0 0 0 0
2012 0 0 0 0 0 0
2013 0 0 0 0 0 0
2014 0 0 0 0 0 0
2015 0 0 0 0 0 0
2016 0 0 0 0 0 0
2017 0 0 0 0 0 0
2018 0 0 0 0 0 0
2019 0 0 0 0 0 0
2020 0 0 0 0 0 0
2021 0 0 0 0 0 0
2022 0 0 0 0 0 0
2023 0 0 0 0 0 0

Total survival over time
Values for breeding stock: Asia
Year RUS+WAL EAL+BER GOA SEA+NBC SBC+WA OR+CA
1970 0.959 0.957 NaN NaN NaN NaN
1971 0.959 0.958 NaN NaN NaN NaN
1972 0.956 0.959 NaN NaN NaN NaN
1973 0.959 0.959 NaN NaN NaN NaN
1974 0.959 0.959 NaN NaN NaN NaN
1975 0.959 0.959 NaN NaN NaN NaN
1976 0.959 0.959 NaN NaN NaN NaN
1977 0.959 0.959 NaN NaN NaN NaN
1978 0.959 0.959 NaN NaN NaN NaN
1979 0.959 0.959 NaN NaN NaN NaN
1980 0.959 0.959 NaN NaN NaN NaN
1981 0.959 0.959 NaN NaN NaN NaN
1982 0.959 0.959 NaN NaN NaN NaN
1983 0.959 0.959 NaN NaN NaN NaN
1984 0.959 0.959 NaN NaN NaN NaN
1985 0.959 0.959 NaN NaN NaN NaN
1986 0.959 0.959 NaN NaN NaN NaN
1987 0.959 0.959 NaN NaN NaN NaN
1988 0.959 0.959 NaN NaN NaN NaN
1989 0.959 0.959 NaN NaN NaN NaN
1990 0.959 0.959 NaN NaN NaN NaN
1991 0.959 0.959 NaN NaN NaN NaN
1992 0.959 0.959 NaN NaN NaN NaN
1993 0.959 0.959 NaN NaN NaN NaN
1994 0.959 0.959 NaN NaN NaN NaN
1995 0.959 0.959 NaN NaN NaN NaN
1996 0.959 0.959 NaN NaN NaN NaN
1997 0.959 0.959 NaN NaN NaN NaN
1998 0.959 0.959 NaN NaN NaN NaN
1999 0.959 0.959 NaN NaN NaN NaN
2000 0.959 0.959 NaN NaN NaN NaN
2001 0.959 0.959 NaN NaN NaN NaN
2002 0.959 0.959 NaN NaN NaN NaN
2003 0.959 0.959 NaN NaN NaN NaN
2004 0.959 0.959 NaN NaN NaN NaN
2005 0.959 0.959 NaN NaN NaN NaN
2006 0.959 0.959 NaN NaN NaN NaN
2007 0.959 0.959 NaN NaN NaN NaN
2008 0.959 0.959 NaN NaN NaN NaN
2009 0.959 0.959 NaN NaN NaN NaN
2010 0.959 0.959 NaN NaN NaN NaN
2011 0.959 0.959 NaN NaN NaN NaN
2012 0.959 0.959 NaN NaN NaN NaN
2013 0.958 0.958 NaN NaN NaN NaN
2014 0.96 0.96 NaN NaN NaN NaN
2015 0.956 0.955 NaN NaN NaN NaN
2016 0.959 0.959 NaN NaN NaN NaN
2017 0.959 0.959 NaN NaN NaN NaN
2018 0.959 0.959 NaN NaN NaN NaN
2019 0.96 0.96 NaN NaN NaN NaN
2020 0.959 0.959 NaN NaN NaN NaN
2021 0.959 0.958 NaN NaN NaN NaN
2022 0.958 0.958 NaN NaN NaN NaN
2023 0.958 0.958 NaN NaN NaN NaN
Values for breeding stock: Hawaii
Year RUS+WAL EAL+BER GOA SEA+NBC SBC+WA OR+CA
1970 0.96 0.958 0.951 0.951 0.959 NaN
1971 0.96 0.959 0.96 0.955 0.959 NaN
1972 0.957 0.959 0.96 0.956 0.959 NaN
1973 0.96 0.96 0.96 0.956 0.959 NaN
1974 0.96 0.96 0.96 0.956 0.959 NaN
1975 0.96 0.96 0.96 0.956 0.959 NaN
1976 0.96 0.96 0.96 0.956 0.959 NaN
1977 0.96 0.96 0.96 0.956 0.959 NaN
1978 0.96 0.96 0.96 0.956 0.959 NaN
1979 0.96 0.96 0.96 0.957 0.959 NaN
1980 0.96 0.96 0.96 0.957 0.959 NaN
1981 0.96 0.96 0.96 0.957 0.959 NaN
1982 0.96 0.96 0.96 0.957 0.959 NaN
1983 0.96 0.96 0.96 0.957 0.959 NaN
1984 0.96 0.96 0.959 0.957 0.959 NaN
1985 0.96 0.96 0.96 0.957 0.959 NaN
1986 0.96 0.96 0.959 0.957 0.959 NaN
1987 0.96 0.96 0.959 0.956 0.959 NaN
1988 0.96 0.96 0.959 0.957 0.959 NaN
1989 0.96 0.96 0.959 0.958 0.959 NaN
1990 0.96 0.96 0.959 0.958 0.958 NaN
1991 0.96 0.96 0.959 0.958 0.959 NaN
1992 0.96 0.96 0.959 0.957 0.958 NaN
1993 0.96 0.96 0.959 0.958 0.958 NaN
1994 0.96 0.96 0.959 0.958 0.958 NaN
1995 0.96 0.96 0.959 0.958 0.958 NaN
1996 0.96 0.96 0.959 0.957 0.958 NaN
1997 0.96 0.96 0.959 0.957 0.959 NaN
1998 0.96 0.96 0.959 0.957 0.958 NaN
1999 0.96 0.96 0.959 0.957 0.958 NaN
2000 0.96 0.96 0.959 0.958 0.958 NaN
2001 0.96 0.96 0.959 0.957 0.958 NaN
2002 0.96 0.96 0.959 0.958 0.958 NaN
2003 0.96 0.96 0.959 0.957 0.958 NaN
2004 0.96 0.96 0.959 0.957 0.958 NaN
2005 0.96 0.96 0.959 0.957 0.955 NaN
2006 0.96 0.96 0.959 0.957 0.955 NaN
2007 0.96 0.96 0.958 0.958 0.96 NaN
2008 0.96 0.96 0.959 0.958 0.951 NaN
2009 0.96 0.96 0.959 0.957 0.96 NaN
2010 0.96 0.96 0.96 0.956 0.955 NaN
2011 0.96 0.96 0.959 0.957 0.953 NaN
2012 0.96 0.96 0.958 0.959 0.96 NaN
2013 0.96 0.96 0.959 0.957 0.96 NaN
2014 0.96 0.96 0.958 0.956 0.956 Inf
2015 0.96 0.96 0.958 0.956 0.955 0.96
2016 0.96 0.96 0.959 0.957 0.956 0.96
2017 0.96 0.96 0.96 0.959 0.954 0.96
2018 0.96 0.96 0.959 0.958 0.944 0.96
2019 0.96 0.96 0.959 0.958 0.955 0.96
2020 0.96 0.96 0.96 0.958 0.949 0.96
2021 0.96 0.96 0.959 0.958 0.954 0.96
2022 0.96 0.96 0.96 0.959 0.956 0.96
2023 0.96 0.96 0.959 0.957 0.951 0.96
Values for breeding stock: MX_AR
Year RUS+WAL EAL+BER GOA SEA+NBC SBC+WA OR+CA
1970 0.96 0.958 0.951 0.951 0.959 0.956
1971 0.96 0.959 0.96 0.955 0.959 0.959
1972 0.957 0.959 0.96 0.956 0.959 0.959
1973 0.96 0.96 0.96 0.956 0.959 0.959
1974 0.96 0.96 0.96 0.956 0.959 0.959
1975 0.96 0.96 0.96 0.956 0.959 0.959
1976 0.96 0.96 0.96 0.956 0.959 0.959
1977 0.96 0.96 0.96 0.956 0.959 0.959
1978 0.96 0.96 0.96 0.957 0.959 0.959
1979 0.96 0.96 0.96 0.957 0.959 0.959
1980 0.96 0.96 0.96 0.957 0.959 0.959
1981 0.96 0.96 0.96 0.957 0.959 0.959
1982 0.96 0.96 0.96 0.957 0.959 0.959
1983 0.96 0.96 0.96 0.957 0.959 0.959
1984 0.96 0.96 0.96 0.957 0.959 0.959
1985 0.96 0.96 0.96 0.957 0.959 0.959
1986 0.96 0.96 0.959 0.957 0.959 0.959
1987 0.96 0.96 0.959 0.956 0.959 0.959
1988 0.96 0.96 0.959 0.957 0.959 0.959
1989 0.96 0.96 0.959 0.958 0.959 0.959
1990 0.96 0.96 0.959 0.958 0.959 0.959
1991 0.96 0.96 0.959 0.958 0.959 0.959
1992 0.96 0.96 0.959 0.957 0.959 0.959
1993 0.96 0.96 0.959 0.958 0.958 0.959
1994 0.96 0.96 0.959 0.958 0.958 0.959
1995 0.96 0.96 0.96 0.958 0.958 0.959
1996 0.96 0.96 0.959 0.957 0.958 0.959
1997 0.96 0.96 0.959 0.957 0.959 0.959
1998 0.96 0.96 0.959 0.957 0.958 0.959
1999 0.96 0.96 0.959 0.957 0.958 0.959
2000 0.96 0.96 0.959 0.958 0.958 0.959
2001 0.96 0.96 0.959 0.957 0.958 0.959
2002 0.96 0.96 0.959 0.958 0.958 0.959
2003 0.96 0.96 0.959 0.957 0.958 0.959
2004 0.96 0.96 0.959 0.957 0.958 0.959
2005 0.96 0.96 0.959 0.957 0.955 0.959
2006 0.96 0.96 0.959 0.957 0.956 0.959
2007 0.96 0.96 0.958 0.958 0.96 0.959
2008 0.96 0.96 0.959 0.958 0.951 0.96
2009 0.96 0.96 0.959 0.957 0.96 0.959
2010 0.96 0.96 0.96 0.956 0.955 0.959
2011 0.96 0.96 0.959 0.957 0.953 0.959
2012 0.96 0.96 0.958 0.959 0.96 0.96
2013 0.96 0.96 0.959 0.957 0.96 0.96
2014 0.96 0.96 0.958 0.956 0.956 0.96
2015 0.96 0.96 0.958 0.956 0.955 0.956
2016 0.96 0.96 0.959 0.957 0.956 0.954
2017 0.96 0.96 0.96 0.959 0.954 0.958
2018 0.96 0.96 0.959 0.958 0.944 0.956
2019 0.96 0.96 0.959 0.958 0.955 0.958
2020 0.96 0.96 0.96 0.958 0.949 0.959
2021 0.96 0.96 0.959 0.958 0.954 0.958
2022 0.96 0.96 0.96 0.959 0.956 0.958
2023 0.96 0.96 0.959 0.957 0.951 0.958
Values for breeding stock: MX_ML
Year RUS+WAL EAL+BER GOA SEA+NBC SBC+WA OR+CA
1970 0.959 0.957 0.95 0.95 0.958 0.955
1971 0.959 0.958 0.959 0.954 0.958 0.958
1972 0.956 0.958 0.959 0.955 0.958 0.958
1973 0.959 0.959 0.959 0.955 0.958 0.958
1974 0.959 0.959 0.959 0.955 0.959 0.958
1975 0.959 0.959 0.959 0.955 0.959 0.958
1976 0.959 0.959 0.959 0.956 0.958 0.958
1977 0.959 0.959 0.959 0.956 0.958 0.958
1978 0.959 0.959 0.959 0.956 0.958 0.958
1979 0.959 0.959 0.959 0.956 0.958 0.958
1980 0.959 0.959 0.959 0.956 0.958 0.958
1981 0.959 0.959 0.959 0.956 0.958 0.958
1982 0.959 0.959 0.959 0.956 0.958 0.958
1983 0.959 0.959 0.959 0.956 0.958 0.958
1984 0.959 0.959 0.959 0.956 0.958 0.958
1985 0.959 0.959 0.959 0.956 0.958 0.958
1986 0.959 0.959 0.959 0.956 0.958 0.958
1987 0.959 0.959 0.959 0.956 0.958 0.958
1988 0.959 0.959 0.959 0.956 0.958 0.958
1989 0.959 0.959 0.959 0.957 0.958 0.958
1990 0.959 0.959 0.959 0.957 0.958 0.958
1991 0.959 0.959 0.959 0.957 0.958 0.958
1992 0.959 0.959 0.959 0.957 0.958 0.958
1993 0.959 0.959 0.959 0.957 0.958 0.958
1994 0.959 0.959 0.959 0.957 0.958 0.958
1995 0.959 0.959 0.959 0.957 0.958 0.958
1996 0.959 0.959 0.959 0.957 0.958 0.958
1997 0.959 0.959 0.959 0.957 0.958 0.958
1998 0.959 0.959 0.959 0.957 0.958 0.958
1999 0.959 0.959 0.959 0.956 0.957 0.958
2000 0.959 0.959 0.959 0.957 0.958 0.958
2001 0.959 0.959 0.959 0.957 0.957 0.958
2002 0.959 0.959 0.959 0.957 0.957 0.958
2003 0.959 0.959 0.959 0.957 0.957 0.958
2004 0.959 0.959 0.959 0.956 0.957 0.958
2005 0.959 0.959 0.959 0.956 0.954 0.958
2006 0.959 0.959 0.959 0.957 0.955 0.958
2007 0.959 0.959 0.958 0.957 0.959 0.958
2008 0.959 0.959 0.958 0.957 0.95 0.959
2009 0.959 0.959 0.958 0.957 0.959 0.959
2010 0.959 0.959 0.959 0.955 0.954 0.958
2011 0.959 0.959 0.958 0.957 0.952 0.959
2012 0.959 0.959 0.958 0.958 0.959 0.959
2013 0.959 0.959 0.959 0.957 0.959 0.959
2014 0.959 0.959 0.957 0.955 0.955 0.957
2015 0.959 0.959 0.957 0.955 0.954 0.955
2016 0.959 0.959 0.958 0.956 0.955 0.953
2017 0.959 0.959 0.959 0.958 0.953 0.957
2018 0.959 0.959 0.959 0.957 0.944 0.955
2019 0.959 0.959 0.958 0.957 0.955 0.957
2020 0.959 0.959 0.959 0.957 0.947 0.958
2021 0.959 0.959 0.958 0.957 0.953 0.957
2022 0.959 0.959 0.959 0.958 0.956 0.958
2023 0.959 0.959 0.958 0.957 0.95 0.957
Values for breeding stock: Central_Am
Year RUS+WAL EAL+BER GOA SEA+NBC SBC+WA OR+CA
1970 NaN NaN NaN NaN 0.959 0.955
1971 NaN NaN NaN NaN 0.959 0.959
1972 NaN NaN NaN NaN 0.959 0.959
1973 NaN NaN NaN NaN 0.959 0.959
1974 NaN NaN NaN NaN 0.959 0.959
1975 NaN NaN NaN NaN 0.959 0.959
1976 NaN NaN NaN NaN 0.959 0.959
1977 NaN NaN NaN NaN 0.959 0.959
1978 NaN NaN NaN NaN 0.959 0.959
1979 NaN NaN NaN NaN 0.959 0.959
1980 NaN NaN NaN NaN 0.959 0.959
1981 NaN NaN NaN NaN 0.959 0.959
1982 NaN NaN NaN NaN 0.959 0.959
1983 NaN NaN NaN NaN 0.959 0.959
1984 NaN NaN NaN NaN 0.959 0.959
1985 NaN NaN NaN NaN 0.959 0.959
1986 NaN NaN NaN NaN 0.959 0.959
1987 NaN NaN NaN NaN 0.959 0.959
1988 NaN NaN NaN NaN 0.959 0.959
1989 NaN NaN NaN NaN 0.958 0.959
1990 NaN NaN NaN NaN 0.958 0.959
1991 NaN NaN NaN NaN 0.958 0.959
1992 NaN NaN NaN NaN 0.958 0.959
1993 NaN NaN NaN NaN 0.958 0.959
1994 NaN NaN NaN NaN 0.958 0.959
1995 NaN NaN NaN NaN 0.958 0.959
1996 NaN NaN NaN NaN 0.958 0.959
1997 NaN NaN NaN NaN 0.959 0.959
1998 NaN NaN NaN NaN 0.958 0.959
1999 NaN NaN NaN NaN 0.958 0.959
2000 NaN NaN NaN NaN 0.958 0.959
2001 NaN NaN NaN NaN 0.958 0.959
2002 NaN NaN NaN NaN 0.958 0.959
2003 NaN NaN NaN NaN 0.958 0.959
2004 NaN NaN NaN NaN 0.958 0.959
2005 NaN NaN NaN NaN 0.955 0.959
2006 NaN NaN NaN NaN 0.955 0.958
2007 NaN NaN NaN NaN 0.96 0.959
2008 NaN NaN NaN NaN 0.95 0.959
2009 NaN NaN NaN NaN 0.96 0.959
2010 NaN NaN NaN NaN 0.955 0.959
2011 NaN NaN NaN NaN 0.952 0.959
2012 NaN NaN NaN NaN 0.96 0.959
2013 NaN NaN NaN NaN 0.96 0.96
2014 NaN NaN NaN NaN 0.956 0.958
2015 NaN NaN NaN NaN 0.955 0.955
2016 NaN NaN NaN NaN 0.956 0.954
2017 NaN NaN NaN NaN 0.954 0.957
2018 NaN NaN NaN NaN 0.944 0.956
2019 NaN NaN NaN NaN 0.955 0.958
2020 NaN NaN NaN NaN 0.948 0.959
2021 NaN NaN NaN NaN 0.953 0.958
2022 NaN NaN NaN NaN 0.956 0.958
2023 NaN NaN NaN NaN 0.951 0.958

Numbers over time by herd
Values for breeding stock: Asia
Year RUS+WAL EAL+BER GOA SEA+NBC SBC+WA OR+CA
1970 868 79 0 0 0 0
1971 997 91 0 0 0 0
1972 1117 102 0 0 0 0
1973 1236 113 0 0 0 0
1974 1350 123 0 0 0 0
1975 1460 133 0 0 0 0
1976 1565 143 0 0 0 0
1977 1665 152 0 0 0 0
1978 1762 161 0 0 0 0
1979 1855 169 0 0 0 0
1980 1967 179 0 0 0 0
1981 2096 191 0 0 0 0
1982 2240 204 0 0 0 0
1983 2399 219 0 0 0 0
1984 2570 234 0 0 0 0
1985 2752 251 0 0 0 0
1986 2944 268 0 0 0 0
1987 3144 286 0 0 0 0
1988 3352 305 0 0 0 0
1989 3569 325 0 0 0 0
1990 3798 346 0 0 0 0
1991 4041 368 0 0 0 0
1992 4299 391 0 0 0 0
1993 4572 416 0 0 0 0
1994 4863 442 0 0 0 0
1995 5169 470 0 0 0 0
1996 5492 500 0 0 0 0
1997 5831 530 0 0 0 0
1998 6186 563 0 0 0 0
1999 6557 596 0 0 0 0
2000 6945 631 0 0 0 0
2001 7348 668 0 0 0 0
2002 7769 706 0 0 0 0
2003 8205 746 0 0 0 0
2004 8658 787 0 0 0 0
2005 9126 829 0 0 0 0
2006 9608 873 0 0 0 0
2007 10104 918 0 0 0 0
2008 10612 964 0 0 0 0
2009 11130 1011 0 0 0 0
2010 11657 1058 0 0 0 0
2011 12190 1107 0 0 0 0
2012 12726 1155 0 0 0 0
2013 13254 1203 0 0 0 0
2014 13807 1253 0 0 0 0
2015 14289 1296 0 0 0 0
2016 14821 1344 0 0 0 0
2017 15341 1390 0 0 0 0
2018 15842 1435 0 0 0 0
2019 16334 1479 0 0 0 0
2020 16782 1519 0 0 0 0
2021 17201 1557 0 0 0 0
2022 17588 1591 0 0 0 0
2023 17937 1621 0 0 0 0
Values for breeding stock: Hawaii
Year RUS+WAL EAL+BER GOA SEA+NBC SBC+WA OR+CA
1970 4 222 46 663 6 0
1971 4 255 53 759 6 0
1972 5 287 60 850 7 0
1973 5 318 66 938 8 0
1974 6 347 73 1022 9 0
1975 6 375 78 1103 10 0
1976 7 402 84 1180 10 0
1977 7 428 90 1254 11 0
1978 8 453 95 1325 11 0
1979 8 477 100 1392 12 0
1980 9 505 106 1474 13 0
1981 9 539 113 1569 14 0
1982 10 576 121 1676 15 0
1983 10 617 129 1792 16 0
1984 11 662 138 1918 17 0
1985 12 709 148 2052 18 0
1986 13 758 159 2192 19 0
1987 14 810 169 2337 20 0
1988 15 864 180 2489 22 0
1989 16 920 192 2650 23 0
1990 17 979 205 2819 25 0
1991 18 1042 218 2997 26 0
1992 19 1109 232 3186 28 0
1993 20 1181 246 3389 30 0
1994 21 1256 262 3602 32 0
1995 23 1336 279 3828 34 0
1996 24 1420 296 4063 36 0
1997 26 1508 315 4310 38 0
1998 27 1600 334 4568 40 0
1999 29 1696 354 4837 42 0
2000 31 1797 375 5121 45 0
2001 32 1903 397 5416 48 0
2002 34 2012 419 5727 50 0
2003 36 2126 443 6046 53 0
2004 38 2245 468 6375 56 0
2005 40 2367 493 6716 59 0
2006 43 2493 519 7069 62 0
2007 45 2624 545 7438 65 0
2008 47 2757 573 7815 68 0
2009 49 2894 601 8198 71 0
2010 52 3031 630 8571 75 0
2011 54 3171 659 8965 78 0
2012 57 3312 687 9381 81 0
2013 59 3454 717 9781 85 0
2014 61 3595 745 10169 88 0
2015 64 3735 773 10553 91 0
2016 66 3873 801 10950 95 0
2017 69 4008 830 11358 98 0
2018 71 4139 857 11747 100 0
2019 73 4265 883 12124 103 0
2020 75 4385 908 12490 105 0
2021 77 4497 932 12830 107 0
2022 79 4601 954 13160 110 0
2023 80 4696 973 13451 112 0
Values for breeding stock: MX_AR
Year RUS+WAL EAL+BER GOA SEA+NBC SBC+WA OR+CA
1970 70 548 271 42 13 1
1971 80 629 312 48 15 1
1972 90 707 350 54 17 1
1973 99 782 388 59 18 1
1974 109 854 424 65 20 1
1975 118 923 458 70 22 2
1976 126 990 491 75 23 2
1977 134 1054 522 80 25 2
1978 142 1115 553 84 26 2
1979 150 1174 582 88 27 2
1980 159 1245 617 93 29 2
1981 169 1327 658 100 31 2
1982 181 1419 704 106 33 2
1983 194 1520 754 114 35 3
1984 208 1629 808 122 38 3
1985 223 1745 865 130 41 3
1986 238 1868 925 139 43 3
1987 255 1995 988 148 46 3
1988 272 2127 1053 158 49 4
1989 289 2266 1122 168 53 4
1990 308 2413 1194 179 56 4
1991 328 2568 1271 190 60 4
1992 349 2733 1352 202 63 5
1993 371 2908 1439 215 67 5
1994 395 3094 1530 228 72 5
1995 420 3290 1627 243 76 6
1996 447 3497 1729 258 81 6
1997 475 3714 1836 273 86 6
1998 504 3941 1948 290 91 7
1999 534 4179 2066 307 96 7
2000 566 4428 2188 325 102 7
2001 599 4688 2316 344 108 8
2002 634 4958 2449 363 114 8
2003 670 5239 2587 384 120 9
2004 707 5530 2730 404 127 9
2005 746 5832 2878 426 133 10
2006 786 6144 3031 448 140 10
2007 827 6464 3184 472 147 11
2008 869 6793 3344 496 154 11
2009 912 7129 3508 520 162 12
2010 956 7468 3677 544 169 13
2011 1000 7813 3846 569 176 13
2012 1045 8160 4013 595 184 14
2013 1090 8511 4184 621 192 14
2014 1135 8860 4349 645 200 15
2015 1180 9205 4512 670 207 16
2016 1224 9545 4679 695 215 16
2017 1267 9878 4845 721 221 17
2018 1308 10201 5005 746 226 17
2019 1349 10511 5156 769 233 18
2020 1387 10807 5305 793 237 18
2021 1423 11084 5440 814 243 19
2022 1457 11340 5570 835 249 19
2023 1488 11573 5682 854 253 19
Values for breeding stock: MX_ML
Year RUS+WAL EAL+BER GOA SEA+NBC SBC+WA OR+CA
1970 69 285 13 36 72 468
1971 80 327 14 42 83 537
1972 89 368 16 47 93 603
1973 99 406 18 51 103 667
1974 108 444 20 56 112 728
1975 116 479 21 60 121 786
1976 125 513 23 65 130 841
1977 133 546 24 69 138 894
1978 140 578 26 72 146 946
1979 148 608 27 76 153 994
1980 157 644 28 81 162 1054
1981 167 687 30 86 173 1122
1982 179 734 32 92 185 1199
1983 191 786 35 98 198 1283
1984 205 842 37 105 212 1374
1985 219 902 40 112 227 1471
1986 235 964 43 120 242 1572
1987 251 1030 45 127 258 1678
1988 267 1097 48 136 275 1788
1989 285 1168 52 144 293 1903
1990 303 1243 55 153 311 2024
1991 322 1323 58 163 331 2152
1992 343 1407 62 173 352 2288
1993 365 1497 66 184 374 2433
1994 388 1592 70 196 397 2586
1995 412 1692 75 208 422 2748
1996 438 1798 79 221 448 2918
1997 465 1909 84 234 475 3097
1998 494 2024 89 248 504 3284
1999 523 2146 95 262 534 3479
2000 554 2273 100 278 565 3683
2001 586 2405 106 294 597 3896
2002 620 2542 112 310 631 4118
2003 655 2685 118 327 665 4348
2004 691 2834 125 345 701 4587
2005 729 2987 131 363 736 4832
2006 767 3145 138 382 773 5085
2007 807 3308 145 402 814 5347
2008 848 3475 153 422 848 5619
2009 889 3645 160 443 892 5896
2010 932 3816 168 463 931 6173
2011 974 3991 175 484 969 6458
2012 1018 4166 183 506 1015 6746
2013 1061 4343 190 527 1060 7037
2014 1104 4519 198 548 1101 7314
2015 1147 4691 205 569 1140 7569
2016 1189 4862 212 590 1180 7807
2017 1230 5029 220 611 1217 8071
2018 1270 5191 227 632 1240 8311
2019 1309 5346 234 652 1277 8560
2020 1344 5491 240 671 1302 8801
2021 1379 5629 246 689 1333 9024
2022 1411 5758 252 706 1366 9234
2023 1440 5872 257 721 1388 9422
Values for breeding stock: Central_Am
Year RUS+WAL EAL+BER GOA SEA+NBC SBC+WA OR+CA
1970 0 0 0 0 15 929
1971 0 0 0 0 17 1066
1972 0 0 0 0 20 1198
1973 0 0 0 0 22 1325
1974 0 0 0 0 24 1446
1975 0 0 0 0 26 1562
1976 0 0 0 0 27 1673
1977 0 0 0 0 29 1780
1978 0 0 0 0 31 1882
1979 0 0 0 0 32 1980
1980 0 0 0 0 34 2099
1981 0 0 0 0 37 2236
1982 0 0 0 0 39 2390
1983 0 0 0 0 42 2559
1984 0 0 0 0 45 2741
1985 0 0 0 0 48 2935
1986 0 0 0 0 51 3138
1987 0 0 0 0 55 3351
1988 0 0 0 0 58 3571
1989 0 0 0 0 62 3801
1990 0 0 0 0 66 4045
1991 0 0 0 0 70 4303
1992 0 0 0 0 75 4576
1993 0 0 0 0 80 4866
1994 0 0 0 0 85 5174
1995 0 0 0 0 90 5500
1996 0 0 0 0 95 5843
1997 0 0 0 0 101 6203
1998 0 0 0 0 107 6579
1999 0 0 0 0 114 6972
2000 0 0 0 0 120 7385
2001 0 0 0 0 127 7814
2002 0 0 0 0 134 8261
2003 0 0 0 0 142 8724
2004 0 0 0 0 150 9206
2005 0 0 0 0 157 9702
2006 0 0 0 0 165 10213
2007 0 0 0 0 174 10743
2008 0 0 0 0 181 11292
2009 0 0 0 0 191 11853
2010 0 0 0 0 199 12415
2011 0 0 0 0 207 12993
2012 0 0 0 0 217 13578
2013 0 0 0 0 227 14169
2014 0 0 0 0 236 14733
2015 0 0 0 0 244 15255
2016 0 0 0 0 253 15742
2017 0 0 0 0 261 16280
2018 0 0 0 0 266 16771
2019 0 0 0 0 274 17280
2020 0 0 0 0 280 17783
2021 0 0 0 0 286 18236
2022 0 0 0 0 293 18664
2023 0 0 0 0 298 19053

Catch numbers by breeding stock
Year Asia Hawaii MX_AR MX_ML Central_Am
1970 0.9 0 0 1.1 0.3
1971 0.9 0 0 1.2 0.3
1972 1 0 0 1.3 0.3
1973 1.1 0 0 1.3 0.4
1974 1.2 0.1 0 1.4 0.4
1975 1.2 0.1 0 1.5 0.4
1976 1.3 0.1 0 1.6 0.4
1977 1.4 0.1 0 1.6 0.4
1978 1.5 0.1 0 1.7 0.5
1979 1.6 0.1 0 1.8 0.5
1980 1.8 0.1 0 1.9 0.5
1981 1.9 0.1 0 2 0.5
1982 2 0.1 0 2.1 0.6
1983 2.2 0.1 0 2.2 0.6
1984 2.3 0.1 0 2.4 0.6
1985 2.5 0.1 0 2.5 0.7
1986 2.6 0.1 0 2.6 0.7
1987 2.8 0.1 0 2.8 0.7
1988 3 0.1 0 2.9 0.8
1989 3.2 0.1 0 3.1 0.8
1990 3.5 0.2 0 3.2 0.8
1991 3.7 0.2 0 3.4 0.9
1992 4 0.2 0 3.6 0.9
1993 4.3 0.2 0 3.8 1
1994 4.6 0.2 0 4 1
1995 4.9 0.2 0 4.2 1.1
1996 5.2 0.2 0 4.4 1.1
1997 5.6 0.2 0 4.7 1.2
1998 6 0.2 0 4.9 1.2
1999 6.4 0.2 0 5.2 1.3
2000 6.9 0.3 0 5.5 1.4
2001 7.3 0.3 0 5.8 1.4
2002 7.9 0 0 5.8 1.5
2003 8.4 0 0 5.8 1.6
2004 9 0 0 6.7 1.7
2005 9.6 0 0 8.1 1.8
2006 10.3 1 0 6.8 1.8
2007 11.1 0 0 7.7 1.9
2008 11.8 0 0 7.9 2
2009 12.7 0 0 9 2.1
2010 13.6 0 0 9.3 2.2
2011 14.5 0.8 0 10.6 2.4
2012 15.5 0 0 10.9 2.5
2013 28 0 0 10.8 2.6
2014 0 5 0 13 2.7
2015 72 0 0 14.2 2.9
2016 12 0.1 0 14.2 3
2017 12 0.1 0 13.4 3.2
2018 16 0.1 0 13.4 3.3
2019 4 0.4 0 13.4 1.7
2020 26.8 0.4 0 23.8 5
2021 28.6 0.4 0 12.8 4.7
2022 30.7 0.4 0 10.5 3.7
2023 32.8 0.4 0 18.4 4.2

Catch numbers by feeding ground
Year RUS+WAL EAL+BER GOA SEA+NBC SBC+WA OR+CA
1970 0 2.7 3.1 6.8 0.1 6.4
1971 0 1.8 0.1 4 0.1 1.5
1972 4 0.8 0.1 4.1 0.1 1.6
1973 0 0.8 0.1 4.3 0.1 1.7
1974 0 0.8 0.1 4.5 0.1 2.5
1975 0 0.8 0.2 4.7 0.1 2.7
1976 0 0.8 0.2 4.9 0.2 2.9
1977 0 0.8 0.2 5.2 0.2 3.1
1978 0 0.8 0.2 5.4 0.2 3.3
1979 0 1 0.2 5.6 0.2 3.5
1980 0 1 0.2 5.9 0.2 3.9
1981 0 1 0.3 6.1 0.3 4.2
1982 0 1 0.4 6.5 0.3 4.5
1983 0 1 0.4 6.7 0.3 4.8
1984 0 1 0.5 7.1 0.4 4.6
1985 0 1 0.5 6.7 0.4 5
1986 0 1 0.7 7.8 0.4 5.4
1987 0 1 0.7 10 0.5 5.8
1988 0 1.1 0.8 8.5 0.5 6.3
1989 0 0.9 0.8 6.1 0.6 6.1
1990 0 1 0.8 7.4 0.7 5.8
1991 0 1 0.9 8.2 0.7 7.6
1992 0 1.1 0.9 9.8 0.8 8.3
1993 0 1.1 1 7.1 0.9 8.6
1994 0 1.2 1 9.3 1 8.8
1995 0 1.2 1 9.3 1.1 9.6
1996 0 1.2 1.1 12.7 1.2 9.9
1997 0 1.2 1.3 12.7 0.9 10.7
1998 0 3 1.4 14.7 1.2 12
1999 0 2.6 1.4 17.4 1.7 13.5
2000 0 1.2 1.5 14.1 1.5 11.6
2001 0 1.2 1.8 16.4 1.7 13.4
2002 0 2.4 1.9 13.8 1.9 13.7
2003 0 1.4 2 18.9 2.3 16
2004 0 1.4 2.3 22 2.5 15.9
2005 0 1.6 2.3 23.3 5.8 20.1
2006 0 1.6 2.4 22.7 5.3 22.1
2007 0 0.1 7.3 18.4 0 18.1
2008 0 0.1 4.3 19.7 12.4 8.8
2009 0 0.1 4.3 24.1 0 9.8
2010 0 6.1 0.8 44.5 7 24.5
2011 0 3.1 4 28.4 11 11.9
2012 0 4.1 8.8 11.6 0 10
2013 0 0.1 4 31.6 0 4.7
2014 0 0.1 11.8 43.7 7 45.2
2015 0 4.1 12 51 9.1 103.4
2016 0 4.1 4.8 34.8 7.1 150.3
2017 0 4.1 2.1 16.3 11.1 60.3
2018 0 1.1 4 26.6 30.1 111.1
2019 0 4.1 6 27.3 9.1 61
2020 0 1.1 0 24 23 31.2
2021 0 2.2 7 33.7 13 62.4
2022 0 4.3 0.8 22.3 8 56
2023 0 3.6 9.1 40.1 19.2 59.7
