Stock structure: B2F2; Model type = BC
Mortality impacts feeding grounds
Recruitment related to unfished
Straying rate: 0
Age-at-maturity: 8
Base adult survival: 0
Mirrored survival
Sigma for survival devs: 6
Additional variance estimated
Weight for mark-recapture proportions: 1
Weight for genetics proportions: 1


Total objective fn: 34379.3673849507
Negative log-likelihood fn: 34049.8491805611

Natural Survival by feeding ground
RUS+WAL,EAL+BER+WGOA,NGOA,SEA+NBC,SBC+WA,OR+CA
1970 0.96 0.96 0.96 0.96 0.96 0.96
1971 0.96 0.96 0.96 0.96 0.96 0.96
1972 0.96 0.96 0.96 0.96 0.96 0.96
1973 0.96 0.96 0.96 0.96 0.96 0.96
1974 0.96 0.96 0.96 0.96 0.96 0.96
1975 0.96 0.96 0.96 0.96 0.96 0.96
1976 0.96 0.96 0.96 0.96 0.96 0.96
1977 0.96 0.96 0.96 0.96 0.96 0.96
1978 0.96 0.96 0.96 0.96 0.96 0.96
1979 0.96 0.96 0.96 0.96 0.96 0.96
1980 0.96 0.96 0.96 0.96 0.96 0.96
1981 0.96 0.96 0.96 0.96 0.96 0.96
1982 0.96 0.96 0.96 0.96 0.96 0.96
1983 0.96 0.96 0.96 0.96 0.96 0.96
1984 0.96 0.96 0.96 0.96 0.96 0.96
1985 0.96 0.96 0.96 0.96 0.96 0.96
1986 0.96 0.96 0.96 0.96 0.96 0.96
1987 0.96 0.96 0.96 0.96 0.96 0.96
1988 0.96 0.96 0.96 0.96 0.96 0.96
1989 0.96 0.96 0.96 0.96 0.96 0.96
1990 0.96 0.96 0.96 0.96 0.96 0.96
1991 0.96 0.96 0.96 0.96 0.96 0.96
1992 0.96 0.96 0.96 0.96 0.96 0.96
1993 0.96 0.96 0.96 0.96 0.96 0.96
1994 0.96 0.96 0.96 0.96 0.96 0.96
1995 0.96 0.96 0.96 0.96 0.96 0.96
1996 0.96 0.96 0.96 0.96 0.96 0.96
1997 0.96 0.96 0.96 0.96 0.96 0.96
1998 0.96 0.96 0.96 0.96 0.96 0.96
1999 0.96 0.96 0.96 0.96 0.96 0.96
2000 0.96 0.96 0.96 0.96 0.96 0.96
2001 0.96 0.96 0.96 0.96 0.96 0.96
2002 0.96 0.96 0.96 0.96 0.96 0.96
2003 0.96 0.96 0.96 0.96 0.96 0.96
2004 0.96 0.96 0.96 0.96 0.96 0.96
2005 0.96 0.96 0.96 0.96 0.96 0.96
2006 0.96 0.96 0.96 0.96 0.96 0.96
2007 0.96 0.96 0.96 0.96 0.96 0.96
2008 0.96 0.96 0.96 0.96 0.96 0.96
2009 0.96 0.96 0.96 0.96 0.96 0.96
2010 0.96 0.96 0.96 0.96 0.96 0.96
2011 0.96 0.96 0.96 0.96 0.96 0.96
2012 0.96 0.96 0.96 0.96 0.96 0.96
2013 0.96 0.96 0.96 0.96 0.96 0.96
2014 0.96 0.96 0.96 0.96 0.96 0.96
2015 0.96 0.96 0.96 0.96 0.96 0.96
2016 0.96 0.96 0.96 0.96 0.96 0.96
2017 0.96 0.96 0.96 0.96 0.96 0.96
2018 0.96 0.96 0.96 0.96 0.96 0.96
2019 0.96 0.96 0.96 0.96 0.96 0.96
2020 0.96 0.96 0.96 0.96 0.96 0.96
2021 0.96 0.96 0.96 0.96 0.96 0.96
2022 0.96 0.96 0.96 0.96 0.96 0.96
2023 0.96 0.96 0.96 0.96 0.96 0.96

Natural Survival by breeding stock
RUS+WAL,EAL+BER+WGOA,NGOA,SEA+NBC,SBC+WA,OR+CA
1970 0.96 0.96 0.96 0.96 0.96
1971 0.96 0.96 0.96 0.96 0.96
1972 0.96 0.96 0.96 0.96 0.96
1973 0.96 0.96 0.96 0.96 0.96
1974 0.96 0.96 0.96 0.96 0.96
1975 0.96 0.96 0.96 0.96 0.96
1976 0.96 0.96 0.96 0.96 0.96
1977 0.96 0.96 0.96 0.96 0.96
1978 0.96 0.96 0.96 0.96 0.96
1979 0.96 0.96 0.96 0.96 0.96
1980 0.96 0.96 0.96 0.96 0.96
1981 0.96 0.96 0.96 0.96 0.96
1982 0.96 0.96 0.96 0.96 0.96
1983 0.96 0.96 0.96 0.96 0.96
1984 0.96 0.96 0.96 0.96 0.96
1985 0.96 0.96 0.96 0.96 0.96
1986 0.96 0.96 0.96 0.96 0.96
1987 0.96 0.96 0.96 0.96 0.96
1988 0.96 0.96 0.96 0.96 0.96
1989 0.96 0.96 0.96 0.96 0.96
1990 0.96 0.96 0.96 0.96 0.96
1991 0.96 0.96 0.96 0.96 0.96
1992 0.96 0.96 0.96 0.96 0.96
1993 0.96 0.96 0.96 0.96 0.96
1994 0.96 0.96 0.96 0.96 0.96
1995 0.96 0.96 0.96 0.96 0.96
1996 0.96 0.96 0.96 0.96 0.96
1997 0.96 0.96 0.96 0.96 0.96
1998 0.96 0.96 0.96 0.96 0.96
1999 0.96 0.96 0.96 0.96 0.96
2000 0.96 0.96 0.96 0.96 0.96
2001 0.96 0.96 0.96 0.96 0.96
2002 0.96 0.96 0.96 0.96 0.96
2003 0.96 0.96 0.96 0.96 0.96
2004 0.96 0.96 0.96 0.96 0.96
2005 0.96 0.96 0.96 0.96 0.96
2006 0.96 0.96 0.96 0.96 0.96
2007 0.96 0.96 0.96 0.96 0.96
2008 0.96 0.96 0.96 0.96 0.96
2009 0.96 0.96 0.96 0.96 0.96
2010 0.96 0.96 0.96 0.96 0.96
2011 0.96 0.96 0.96 0.96 0.96
2012 0.96 0.96 0.96 0.96 0.96
2013 0.96 0.96 0.96 0.96 0.96
2014 0.96 0.96 0.96 0.96 0.96
2015 0.96 0.96 0.96 0.96 0.96
2016 0.96 0.96 0.96 0.96 0.96
2017 0.96 0.96 0.96 0.96 0.96
2018 0.96 0.96 0.96 0.96 0.96
2019 0.96 0.96 0.96 0.96 0.96
2020 0.96 0.96 0.96 0.96 0.96
2021 0.96 0.96 0.96 0.96 0.96
2022 0.96 0.96 0.96 0.96 0.96
2023 0.96 0.96 0.96 0.96 0.96

Fecundity by feeding ground
RUS+WAL,EAL+BER+WGOA,NGOA,SEA+NBC,SBC+WA,OR+CA
1970 0.6568143 0.6569149 0.6568039 0.6570486 0.6568355 0.6569219
1971 0.6568143 0.6569149 0.6568039 0.6570486 0.6568355 0.6569219
1972 0.6568143 0.6569149 0.6568039 0.6570486 0.6568355 0.6569219
1973 0.6568143 0.6569149 0.6568039 0.6570486 0.6568355 0.6569219
1974 0.6568143 0.6569149 0.6568039 0.6570486 0.6568355 0.6569219
1975 0.6568143 0.6569149 0.6568039 0.6570486 0.6568355 0.6569219
1976 0.6568143 0.6569149 0.6568039 0.6570486 0.6568355 0.6569219
1977 0.6568143 0.6569149 0.6568039 0.6570486 0.6568355 0.6569219
1978 0.6568143 0.6569149 0.6568039 0.6570486 0.6568355 0.6569219
1979 0.6529841 0.65312 0.6529618 0.6533799 0.6530313 0.6531269
1980 0.6494088 0.6494571 0.6492735 0.6498618 0.649381 0.6494865
1981 0.6458799 0.6459408 0.6457328 0.6464921 0.6458771 0.6459952
1982 0.6424947 0.6425661 0.6423359 0.6432672 0.6425153 0.642659
1983 0.6392451 0.6393271 0.6390865 0.6401789 0.6392898 0.6394608
1984 0.636128 0.6362182 0.6359672 0.6372217 0.6362191 0.636395
1985 0.6331381 0.6332338 0.6329727 0.6343942 0.6332713 0.6334555
1986 0.6302704 0.6303694 0.6300981 0.6316874 0.6304435 0.6306399
1987 0.6275199 0.6276244 0.6273387 0.6290966 0.6277307 0.6279415
1988 0.6241913 0.6243028 0.6239945 0.6259561 0.6244396 0.6246721
1989 0.6203591 0.6204595 0.6201362 0.6223188 0.6206531 0.6208884
1990 0.6160588 0.6161488 0.6158182 0.6182453 0.6164007 0.6166468
1991 0.6113438 0.6114211 0.6110795 0.6137775 0.6117326 0.6119978
1992 0.6062583 0.6063238 0.6059807 0.6089681 0.6067211 0.6069797
1993 0.6008481 0.6008991 0.6005527 0.6038285 0.6013869 0.6016474
1994 0.5951508 0.5951867 0.5948583 0.5984555 0.5957686 0.5960385
1995 0.5892059 0.5892239 0.5889105 0.5929251 0.5899285 0.5901906
1996 0.5830473 0.5830467 0.5827545 0.5871269 0.5838736 0.5841398
1997 0.5765936 0.576568 0.5762962 0.5809512 0.5775476 0.5777916
1998 0.5697842 0.5697282 0.5694732 0.5744805 0.5708859 0.5710781
1999 0.562565 0.5624742 0.5622455 0.5676431 0.5638143 0.5639902
2000 0.5549011 0.5547704 0.554563 0.5604316 0.5563184 0.5564677
2001 0.5467662 0.5465889 0.5464131 0.5526568 0.5483753 0.5484784
2002 0.5381455 0.5379169 0.5377689 0.5444901 0.5399687 0.5400049
2003 0.5290332 0.5287468 0.5286282 0.5358444 0.531092 0.5310547
2004 0.5194322 0.5190814 0.5190047 0.5268613 0.5217502 0.5216199
2005 0.5093554 0.5089318 0.5089207 0.5174054 0.5118573 0.5117229
2006 0.4988033 0.4983347 0.498364 0.5075383 0.5015618 0.5013691
2007 0.4877722 0.4872402 0.4873181 0.4972853 0.4909085 0.4905578
2008 0.476258 0.475622 0.4757913 0.4864135 0.4797165 0.4792238
2009 0.464253 0.4635044 0.4637977 0.4751368 0.4680791 0.4674279
2010 0.4517589 0.4509065 0.4513052 0.4632396 0.4559877 0.4551374
2011 0.4387759 0.4377863 0.4383221 0.4510343 0.443492 0.4423892
2012 0.4253169 0.4241805 0.4248817 0.4384426 0.4305654 0.4291559
2013 0.4113993 0.4101134 0.4109671 0.4254191 0.4179762 0.415535
2014 0.3970466 0.3955924 0.396634 0.4119302 0.4047463 0.4014809
2015 0.382297 0.3806306 0.3824269 0.3978196 0.3898023 0.3869391
2016 0.3671864 0.3652981 0.3674778 0.3833688 0.3774889 0.371849
2017 0.3517676 0.3496453 0.3521943 0.3687179 0.3617737 0.3564524
2018 0.3360928 0.333845 0.3362302 0.3545162 0.3474847 0.3410414
2019 0.3202246 0.3177809 0.320449 0.3394138 0.3339097 0.3251814
2020 0.3042327 0.3015943 0.3050535 0.3234423 0.3174501 0.3091318
2021 0.2884744 0.2852648 0.2890166 0.308111 0.3009289 0.2929019
2022 0.2720372 0.2689851 0.2739979 0.2933044 0.2862092 0.2774203
2023 0.2574855 0.2529196 0.258973 0.2786006 0.2720178 0.2630896

Total abundance: Estimate SD_log
1970 795.2763 0.02348302
1971 956.0656 0.02399377
1972 1121.463 0.02411004
1973 1276.981 0.02425757
1974 1429.638 0.02431292
1975 1574.941 0.02437601
1976 1713.856 0.0244352
1977 1846.542 0.02449286
1978 1973.344 0.02454829
1979 2094.403 0.02460324
1980 2256.824 0.02464287
1981 2455.8 0.02467912
1982 2689.001 0.02469971
1983 2952.651 0.02471225
1984 3243.898 0.0247173
1985 3559.872 0.02471728
1986 3898.123 0.02471264
1987 4254.623 0.02471409
1988 4625.843 0.02472726
1989 5025.359 0.0247276
1990 5463.364 0.02470698
1991 5943.16 0.02468333
1992 6469.323 0.02466039
1993 7046.949 0.02463559
1994 7684.315 0.02459436
1995 8379.221 0.02455597
1996 9134.537 0.02451886
1997 9948.87 0.02449135
1998 10829.31 0.02446531
1999 11776.32 0.02445323
2000 12796.8 0.02445515
2001 13316.68 0.02759319
2002 14916.53 0.02862828
2003 16733.78 0.02902115
2004 17678.21 0.02085533
2005 19801.79 0.01985194
2006 20907.8 0.02571357
2007 22697.09 0.02618087
2008 24147.31 0.02963668
2009 26659.95 0.03707102
2010 26382.84 0.04689557
2011 29229.17 0.0458975
2012 30204.28 0.04893632
2013 32105.69 0.04466394
2014 32125.48 0.0514072
2015 30902.85 0.0487862
2016 29179.64 0.05313518
2017 27650.83 0.05692664
2018 26487.01 0.04543086
2019 26548.66 0.03729151
2020 27964.33 0.03743549
2021 28370.35 0.03702142
2022 29557.09 0.1006681
2023 31218.76 0.1374463
2024 33114.4 0.173371

Breeding stock abundance: Estimate SD_log Estimate/K
Asia
1970 54.03293 0.06138944 0.2701647
1971 65.4555 0.0621494 0.3272775
1972 76.51404 0.06264123 0.3825702
1973 84.69083 0.0645731 0.4234541
1974 94.81167 0.06474566 0.4740584
1975 104.4318 0.06494089 0.5221591
1976 113.6672 0.06509808 0.5683362
1977 122.4374 0.06527837 0.6121868
1978 130.7607 0.06547711 0.6538037
1979 138.6553 0.06569115 0.6932764
1980 149.2676 0.06584763 0.7463378
1981 161.5723 0.06624575 0.8078615
1982 176.1368 0.06654139 0.8806839
1983 192.7194 0.0667564 0.9635972
1984 211.0265 0.06693369 1.055132
1985 230.9463 0.06705812 1.154731
1986 252.1861 0.06717342 1.260931
1987 274.6631 0.06726281 1.373316
1988 298.1102 0.06735927 1.490551
1989 323.1708 0.06744301 1.615854
1990 350.2458 0.06752994 1.751229
1991 379.7263 0.06761541 1.898631
1992 412.0897 0.06767079 2.060448
1993 447.5649 0.06770326 2.237824
1994 486.3816 0.0677122 2.431908
1995 528.7242 0.06769785 2.643621
1996 574.6929 0.06766817 2.873464
1997 624.3319 0.06763281 3.121659
1998 677.7409 0.0676072 3.388705
1999 735.1318 0.06760086 3.675659
2000 796.919 0.06761739 3.984595
2001 866.4002 0.06761243 4.332001
2002 941.7405 0.06766286 4.708703
2003 1023.196 0.06779834 5.115981
2004 1111.239 0.06802176 5.556193
2005 1206.446 0.06838856 6.032228
2006 1309.183 0.06893942 6.545913
2007 1419.852 0.06970961 7.099261
2008 1537.36 0.0708801 7.6868
2009 1662.248 0.07256269 8.311239
2010 1749.209 0.07440066 8.746044
2011 1886.863 0.07635704 9.434313
2012 2033.29 0.07884405 10.16645
2013 2160.754 0.08149224 10.80377
2014 2308.706 0.08536867 11.54353
2015 2492.164 0.08896936 12.46082
2016 2553.209 0.09660049 12.76604
2017 2711.349 0.1031623 13.55674
2018 2846.074 0.1107943 14.23037
2019 2987.953 0.1200639 14.93977
2020 3186.948 0.1286699 15.93474
2021 3365.597 0.1393832 16.82799
2022 3540.989 0.1516977 17.70495
2023 3715.282 0.1654878 18.57641
Hawaii
1970 516.1826 0.03179702 2.580913
1971 625.1889 0.03221401 3.125945
1972 734.6698 0.03231979 3.673349
1973 839.4627 0.03240379 4.197314
1974 940.6885 0.03245624 4.703443
1975 1037.587 0.03250617 5.187935
1976 1130.347 0.03255367 5.651735
1977 1219.152 0.03259904 6.09576
1978 1304.132 0.03264348 6.520659
1979 1385.53 0.03268526 6.927652
1980 1494.431 0.03271202 7.472154
1981 1628.316 0.03272517 8.141582
1982 1785.02 0.03272596 8.925102
1983 1962.195 0.03272073 9.810973
1984 2158.031 0.03270874 10.79016
1985 2370.271 0.03269756 11.85136
1986 2597.987 0.03267797 12.98993
1987 2837.972 0.03267 14.18986
1988 3087.788 0.03268077 15.43894
1989 3357.523 0.03267069 16.78762
1990 3653.828 0.03263393 18.26914
1991 3977.76 0.03260412 19.8888
1992 4333.957 0.0325746 21.66978
1993 4724.782 0.03255154 23.62391
1994 5156.798 0.03251113 25.78399
1995 5627.023 0.03248753 28.13512
1996 6138.352 0.03247328 30.69176
1997 6688.734 0.03248439 33.44367
1998 7284.439 0.03250415 36.42219
1999 7925.315 0.03255123 39.62657
2000 8616.164 0.03262819 43.08082
2001 8880.353 0.03724528 44.40176
2002 9971.969 0.03908122 49.85985
2003 11214.57 0.03981605 56.07285
2004 11605.52 0.02847065 58.02759
2005 13029.63 0.02731523 65.14816
2006 13524.94 0.03328298 67.62471
2007 15168.52 0.03378061 75.84259
2008 15913.98 0.03556029 79.56989
2009 17742.97 0.04118233 88.71487
2010 17496.54 0.05041912 87.48271
2011 19482.67 0.04991729 97.41337
2012 19970.04 0.05082528 99.85022
2013 21341.07 0.04825482 106.7053
2014 20606.93 0.06373602 103.0347
2015 18651.6 0.05456499 93.25798
2016 17247.66 0.05890073 86.2383
2017 15421.05 0.06638902 77.10523
2018 14213.15 0.05543047 71.06575
2019 14099.89 0.04562258 70.49943
2020 14960.76 0.04470678 74.8038
2021 14380.7 0.05091174 71.90349
2022 15268.24 0.1487258 76.34119
2023 16215.55 0.2053774 81.07776
MX_AR
1970 80.40104 0.05767831 0.4020052
1971 96.9001 0.05790276 0.4845005
1972 114.0045 0.05791736 0.5700225
1973 130.213 0.0579635 0.6510649
1974 146.1762 0.05793833 0.730881
1975 161.4368 0.05792251 0.8071838
1976 176.0556 0.0579122 0.8802779
1977 190.0628 0.05790589 0.9503142
1978 203.486 0.05790101 1.01743
1979 216.3511 0.05789758 1.081756
1980 233.4982 0.05789266 1.167491
1981 254.5113 0.05788825 1.272557
1982 279.1447 0.05787658 1.395723
1983 307.0407 0.05785933 1.535203
1984 337.8912 0.05783852 1.689456
1985 371.4096 0.05781547 1.857048
1986 407.3096 0.05779303 2.036548
1987 445.2663 0.05777048 2.226332
1988 485.0103 0.05774699 2.425051
1989 527.6754 0.05772644 2.638377
1990 574.2953 0.05770466 2.871476
1991 625.4727 0.05767792 3.127364
1992 681.7218 0.05764962 3.408609
1993 743.609 0.05761707 3.718045
1994 811.707 0.05758337 4.058535
1995 886.1515 0.05754511 4.430757
1996 967.1745 0.05750524 4.835872
1997 1054.831 0.05746282 5.274155
1998 1149.608 0.05742075 5.74804
1999 1251.538 0.05738525 6.257691
2000 1361.737 0.05734948 6.808684
2001 1475.539 0.05758228 7.377695
2002 1656.554 0.05738694 8.282771
2003 1860.158 0.05712514 9.30079
2004 2034.566 0.05670674 10.17283
2005 2280.51 0.05665818 11.40255
2006 2492.114 0.05859677 12.46057
2007 2734.53 0.06056336 13.67265
2008 2987.588 0.06924842 14.93794
2009 3296.276 0.0827551 16.48138
2010 3086.265 0.1035532 15.43132
2011 3417.447 0.102021 17.08724
2012 3668.955 0.1063936 18.34478
2013 3747.805 0.0985232 18.73903
2014 3961.963 0.09622255 19.80982
2015 4124.781 0.1007452 20.62391
2016 3714.797 0.1112434 18.57398
2017 3602.323 0.1144134 18.01162
2018 3246.078 0.1032829 16.23039
2019 3005.141 0.09085634 15.02571
2020 3202.729 0.09055315 16.01365
2021 3370.238 0.09763922 16.85119
2022 3532.071 0.16095 17.66036
2023 3726.886 0.2048296 18.63443
MX_ML
1970 114.369 0.0481877 0.571845
1971 133.7376 0.04950999 0.6686881
1972 155.8186 0.04994759 0.7790928
1973 176.7399 0.05028995 0.8836994
1974 197.0086 0.05058236 0.9850429
1975 215.8778 0.05090969 1.079389
1976 233.7653 0.05121183 1.168826
1977 250.6939 0.05149996 1.253469
1978 266.8172 0.05175597 1.334086
1979 282.0733 0.05200584 1.410367
1980 302.7683 0.05224851 1.513841
1981 328.2392 0.05249021 1.641196
1982 358.1309 0.0527219 1.790654
1983 391.8714 0.05295029 1.959357
1984 429.0264 0.05317517 2.145132
1985 469.3556 0.05338469 2.346778
1986 512.2698 0.05359708 2.561349
1987 557.3678 0.05380633 2.786839
1988 604.1813 0.05401972 3.020907
1989 654.1856 0.05423615 3.270928
1990 708.8963 0.05443774 3.544481
1991 769.3172 0.05460106 3.846586
1992 834.8742 0.0547974 4.174371
1993 906.8946 0.0549836 4.534473
1994 986.1896 0.05515917 4.930948
1995 1073.014 0.05531292 5.36507
1996 1167.227 0.055466 5.836136
1997 1269.158 0.05560464 6.34579
1998 1379.091 0.05574505 6.895454
1999 1497.226 0.05588353 7.48613
2000 1624.207 0.05603475 8.121034
2001 1694.18 0.05897742 8.470899
2002 1898.104 0.05776412 9.490521
2003 2131.835 0.05752955 10.65918
2004 2360.426 0.05702174 11.80213
2005 2648.302 0.05727888 13.24151
2006 2886.872 0.06922918 14.43436
2007 2793.77 0.0695557 13.96885
2008 3066.176 0.07108029 15.33088
2009 3293.084 0.07421715 16.46542
2010 3319.314 0.07526584 16.59657
2011 3645.536 0.07489359 18.22768
2012 3752.642 0.074817 18.76321
2013 3988.621 0.06973594 19.9431
2014 4287.349 0.06873358 21.43674
2015 4573.199 0.06927021 22.866
2016 4514.687 0.06931502 22.57343
2017 4662.44 0.06682777 23.3122
2018 4778.865 0.05933502 23.89432
2019 4922.335 0.06272006 24.61167
2020 5065.057 0.06198093 25.32529
2021 5523.648 0.06161014 27.61824
2022 5530.215 0.09101693 27.65107
2023 5799.777 0.101254 28.99888
Central_Am
1970 30.29081 0.08400704 0.151454
1971 34.78342 0.08503963 0.1739171
1972 40.45635 0.08565363 0.2022818
1973 45.87459 0.08610039 0.229373
1974 50.95309 0.08660168 0.2547654
1975 55.6074 0.08701184 0.278037
1976 60.02045 0.08734745 0.3001022
1977 64.19559 0.08763335 0.3209779
1978 68.14842 0.08787713 0.3407421
1979 71.7926 0.08820454 0.358963
1980 76.85946 0.08850253 0.3842973
1981 83.16057 0.08876393 0.4158028
1982 90.56787 0.08901443 0.4528393
1983 98.82482 0.08933259 0.4941241
1984 107.9225 0.08961186 0.5396125
1985 117.8895 0.08985215 0.5894474
1986 128.3712 0.09012949 0.641856
1987 139.3538 0.09038566 0.696769
1988 150.7531 0.0906236 0.7537654
1989 162.8034 0.09089103 0.814017
1990 176.0981 0.09111688 0.8804903
1991 190.8833 0.09131687 0.9544163
1992 206.6808 0.0915496 1.033404
1993 224.0984 0.0917544 1.120492
1994 243.238 0.09197697 1.21619
1995 264.3078 0.09217406 1.321539
1996 287.0903 0.09238559 1.435451
1997 311.8156 0.09258382 1.559078
1998 338.432 0.09279449 1.69216
1999 367.1049 0.09299468 1.835525
2000 397.7773 0.09322062 1.988886
2001 400.2072 0.09994529 2.001036
2002 448.1594 0.09766533 2.240797
2003 504.0171 0.09754914 2.520086
2004 566.466 0.09774465 2.83233
2005 636.9016 0.09855331 3.184508
2006 694.6894 0.1230797 3.473447
2007 580.4209 0.116236 2.902104
2008 642.2066 0.1166753 3.211033
2009 665.3677 0.1185661 3.326839
2010 731.5098 0.1152231 3.657549
2011 796.6516 0.1188935 3.983258
2012 779.3538 0.1005808 3.896769
2013 867.4467 0.09332391 4.337234
2014 960.5256 0.09424656 4.802628
2015 1061.112 0.09436597 5.305559
2016 1149.285 0.09463353 5.746427
2017 1253.677 0.09475605 6.268383
2018 1402.843 0.0955375 7.014215
2019 1533.347 0.1039912 7.666734
2020 1548.834 0.101961 7.744171
2021 1730.166 0.1018664 8.650829
2022 1685.575 0.1254595 8.427874
2023 1761.262 0.1250002 8.806312

Feeding stock abundance: Estimate SD_log Estimate/K
RUS+WAL
1970 77.46181 0.08073835 0.3528784
1971 94.80386 0.08101393 0.4318803
1972 111.3558 0.08126047 0.5072829
1973 123.3189 0.08402276 0.5617808
1974 138.544 0.08387379 0.631139
1975 153.1544 0.08375872 0.697697
1976 167.0841 0.08370721 0.7611538
1977 180.365 0.08370346 0.8216551
1978 193.0183 0.08373476 0.8792977
1979 205.0693 0.08379353 0.9341959
1980 221.1688 0.08381442 1.007538
1981 239.9315 0.08417264 1.093011
1982 262.1603 0.0843984 1.194275
1983 287.4109 0.08454671 1.309304
1984 315.4683 0.08461074 1.43712
1985 345.9389 0.08463804 1.575929
1986 378.6315 0.08462546 1.724861
1987 413.1836 0.08460509 1.882264
1988 449.3559 0.08458457 2.047047
1989 488.1353 0.08454572 2.223707
1990 530.0096 0.0845379 2.414466
1991 575.8248 0.08452113 2.623178
1992 626.0825 0.08449551 2.852128
1993 681.2852 0.08445007 3.103604
1994 741.7994 0.08438386 3.379278
1995 807.9141 0.084298 3.680464
1996 879.8015 0.08419972 4.007948
1997 957.4593 0.08410482 4.361719
1998 1041.217 0.08401743 4.743279
1999 1131.48 0.08394831 5.154471
2000 1228.724 0.08391046 5.59747
2001 1333.692 0.08390493 6.075653
2002 1446.933 0.08395683 6.591525
2003 1569.22 0.08407696 7.148603
2004 1701.077 0.08429015 7.749279
2005 1843.095 0.08462312 8.396246
2006 1995.771 0.0851151 9.091764
2007 2159.404 0.08580455 9.837197
2008 2334.555 0.08673336 10.6351
2009 2521.376 0.08795667 11.48616
2010 2719.956 0.08954695 12.3908
2011 2930.88 0.09154889 13.35166
2012 3154.393 0.09403649 14.36988
2013 3380.044 0.09736111 15.39784
2014 3644.631 0.1006462 16.60317
2015 3857.139 0.1062457 17.57125
2016 4138.097 0.1112629 18.85116
2017 4430.649 0.1171716 20.18389
2018 4729.704 0.1241376 21.54623
2019 5049.145 0.1318505 23.00145
2020 5352.816 0.1411956 24.38483
2021 5661.051 0.1517463 25.789
2022 5969.526 0.1634802 27.19426
2023 6275.775 0.1767098 28.58938
EAL+BER+WGOA
1970 202.2335 0.06716708 0.7624797
1971 242.444 0.06906619 0.9140847
1972 284.7558 0.06945662 1.073613
1973 326.3217 0.06953246 1.230328
1974 366.166 0.06959117 1.380553
1975 404.3901 0.06963823 1.524669
1976 441.0493 0.06967755 1.662885
1977 476.2315 0.06971023 1.795532
1978 509.9703 0.06973888 1.922737
1979 542.3233 0.06976448 2.044718
1980 585.1832 0.06983759 2.206312
1981 638.0704 0.0698894 2.405712
1982 700.0706 0.06992207 2.639471
1983 770.3078 0.06993929 2.904286
1984 847.9653 0.06994483 3.197077
1985 932.3119 0.0699413 3.515089
1986 1022.665 0.06993093 3.855746
1987 1118.336 0.06991645 4.216456
1988 1218.693 0.06990195 4.594831
1989 1326.241 0.06989279 5.000317
1990 1443.578 0.06986907 5.442712
1991 1572.363 0.06984391 5.92827
1992 1714.29 0.06981061 6.463377
1993 1870.553 0.06977219 7.052532
1994 2042.263 0.06972453 7.699931
1995 2230.087 0.06967148 8.40808
1996 2434.643 0.0696108 9.179316
1997 2656.178 0.0695454 10.01457
1998 2895.683 0.06947495 10.91757
1999 3152.768 0.06943902 11.88686
2000 3431.317 0.06938449 12.93707
2001 3874.646 0.06852464 14.60855
2002 4373.763 0.06764827 16.49037
2003 4931.746 0.06650036 18.59413
2004 5548.225 0.06365761 20.91843
2005 6239.308 0.06186067 23.52402
2006 7010.344 0.06399633 26.43105
2007 7873.577 0.06693574 29.68569
2008 8770.242 0.08222682 33.06638
2009 9711.999 0.1059064 36.61708
2010 8487.352 0.1491599 31.9998
2011 9421.578 0.146541 35.52211
2012 10455.61 0.1474797 39.42073
2013 10221.62 0.1390457 38.53851
2014 11221.54 0.131443 42.30848
2015 12250.3 0.1292223 46.18721
2016 10254.81 0.1602169 38.66365
2017 9836.315 0.164253 37.08579
2018 7944.897 0.167288 29.95459
2019 6374.986 0.1645032 24.03556
2020 6935.595 0.1614675 26.14923
2021 7474.175 0.1885454 28.17983
2022 7925.894 0.3047085 29.88294
2023 8356.762 0.3878832 31.50744
NGOA
1970 82.34655 0.07019529 1.734339
1971 101.5432 0.07023423 2.138649
1972 119.9673 0.07026255 2.526688
1973 137.6542 0.07028381 2.8992
1974 154.6153 0.07030118 3.256425
1975 170.8933 0.07031515 3.599264
1976 186.4195 0.07036285 3.92627
1977 201.3245 0.07040189 4.240189
1978 215.6285 0.07043451 4.541454
1979 229.3558 0.07046221 4.83057
1980 247.7548 0.07047863 5.218081
1981 270.4078 0.0704854 5.695185
1982 296.8296 0.07050765 6.251669
1983 326.6562 0.07054078 6.87986
1984 359.6161 0.07056762 7.574045
1985 395.3033 0.07060644 8.32567
1986 433.5252 0.07063753 9.130679
1987 473.8115 0.07069125 9.979168
1988 516.1116 0.07073452 10.87007
1989 561.4623 0.07077962 11.82522
1990 610.8949 0.07081596 12.86635
1991 665.2061 0.07084683 14.01022
1992 724.9686 0.07088214 15.2689
1993 790.785 0.07091488 16.6551
1994 862.9718 0.07095469 18.17546
1995 941.8825 0.07099798 19.83743
1996 1027.727 0.07104594 21.64545
1997 1120.504 0.07110774 23.59947
1998 1220.509 0.0711886 25.70571
1999 1328.406 0.07128299 27.97818
2000 1444.955 0.07139022 30.43288
2001 1428.831 0.07202787 30.09329
2002 1603.987 0.07205258 33.78233
2003 1804.417 0.07230213 38.00368
2004 1788.139 0.07148538 37.66083
2005 2010.22 0.070542 42.33818
2006 1992.619 0.0778119 41.9675
2007 2238.106 0.07773239 47.13781
2008 2251.709 0.07352573 47.4243
2009 2523.905 0.07276518 53.15715
2010 2617.446 0.07778157 55.12726
2011 2930.928 0.07839074 61.72965
2012 2855.024 0.07220231 60.131
2013 3175.675 0.07719036 66.8844
2014 2838.87 0.1164919 59.79077
2015 2181.964 0.07718251 45.95536
2016 2155.198 0.07816515 45.39164
2017 1745.57 0.08300347 36.76427
2018 1699.19 0.09152716 35.78744
2019 1872.752 0.08221828 39.44291
2020 1951.518 0.07591552 41.10183
2021 1688.446 0.153094 35.56115
2022 1792.329 0.2845759 37.74908
2023 1921.503 0.3722122 40.46967
SEA+NBC
1970 310.2288 0.05274125 2.156993
1971 374.6991 0.05379083 2.605249
1972 439.2716 0.05417745 3.054215
1973 501.1651 0.05446754 3.484555
1974 560.3276 0.05470776 3.895907
1975 616.9244 0.05491252 4.289419
1976 671.0581 0.05509252 4.665806
1977 722.8345 0.0552549 5.025802
1978 772.2445 0.05541092 5.369346
1979 819.4789 0.05555593 5.697762
1980 882.928 0.05568884 6.138918
1981 961.0153 0.05581046 6.681852
1982 1052.434 0.05591502 7.317476
1983 1155.662 0.0560149 8.035209
1984 1269.667 0.05610181 8.82788
1985 1393.125 0.05618691 9.686274
1986 1525.724 0.05624341 10.60822
1987 1665.007 0.05632815 11.57664
1988 1809.043 0.05646705 12.57811
1989 1965.391 0.0565388 13.66518
1990 2138.169 0.05653363 14.86649
1991 2326.535 0.05655688 16.17619
1992 2533.315 0.05659027 17.61391
1993 2759.544 0.05664914 19.18686
1994 3010.969 0.0566484 20.935
1995 3283.554 0.05669441 22.83025
1996 3579.674 0.05675552 24.88915
1997 3896.899 0.05687571 27.09478
1998 4240.545 0.05699491 29.48412
1999 4610.295 0.05715077 32.05496
2000 5007.739 0.05735667 34.81835
2001 4949.226 0.06528026 34.41152
2002 5552.042 0.06858219 38.60284
2003 6245.694 0.06997342 43.42574
2004 6185.642 0.05225885 43.0082
2005 6947.17 0.05115648 48.30304
2006 6880.134 0.06261474 47.83695
2007 7721.941 0.0627632 53.68995
2008 7783.435 0.05934691 54.11752
2009 8727.367 0.0584191 60.68059
2010 9049.394 0.0640757 62.91962
2011 10100.8 0.06498082 70.22997
2012 9839.489 0.05711328 68.41307
2013 10976.58 0.06331982 76.31913
2014 9807.514 0.1069663 68.19075
2015 7543.003 0.06223424 52.44581
2016 7451.137 0.06256012 51.80708
2017 6029.295 0.06826307 41.92114
2018 5870.056 0.07701063 40.81396
2019 6465.486 0.06633962 44.95393
2020 6742.432 0.05729803 46.87951
2021 5824.694 0.1468924 40.49857
2022 6186.345 0.281737 43.01309
2023 6625.597 0.3709083 46.06717
SBC+WA
1970 21.848 0.04443268 0.9657809
1971 26.80231 0.04455055 1.184784
1972 31.55337 0.04463249 1.394803
1973 36.10897 0.04469395 1.596181
1974 40.47458 0.0447413 1.789161
1975 44.66039 0.04477913 1.974192
1976 48.67358 0.04481024 2.151594
1977 52.42998 0.04491788 2.317644
1978 56.02587 0.04500932 2.476598
1979 59.47282 0.04508729 2.628969
1980 64.13019 0.04513905 2.834846
1981 69.88966 0.04516672 3.089441
1982 76.54881 0.04523204 3.383806
1983 84.11769 0.0452697 3.718385
1984 92.50301 0.04528617 4.089054
1985 101.4993 0.04534222 4.486731
1986 111.1386 0.04538539 4.91283
1987 121.3446 0.04541831 5.363983
1988 131.956 0.04547613 5.833058
1989 143.3728 0.04551437 6.337732
1990 155.7304 0.0455669 6.883994
1991 169.2414 0.04562361 7.481239
1992 184.1909 0.0456523 8.142078
1993 200.5962 0.04568283 8.867264
1994 218.5759 0.04571058 9.662047
1995 238.2119 0.04573316 10.53005
1996 259.5453 0.04575359 11.47308
1997 282.607 0.04577039 12.49252
1998 307.8782 0.04572774 13.60962
1999 334.8946 0.04572165 14.80386
2000 363.6728 0.04576386 16.07599
2001 410.2849 0.04507547 18.13646
2002 462.9843 0.04471773 20.46601
2003 522.4569 0.04450326 23.09497
2004 589.2189 0.04436962 26.04616
2005 664.2534 0.04428515 29.36302
2006 745.4927 0.04447299 32.95417
2007 837.8143 0.0447182 37.0352
2008 946.3219 0.04490968 41.83174
2009 1053.075 0.04646088 46.55069
2010 1180.352 0.05031731 52.17693
2011 1313.766 0.05429784 58.07445
2012 1458.008 0.0581317 64.45059
2013 1623.22 0.06651572 71.75369
2014 1568.374 0.1610517 69.32929
2015 1616.103 0.1610196 71.43912
2016 1442.05 0.1367826 63.74516
2017 1523.778 0.05916803 67.35791
2018 1661.312 0.05431537 73.43753
2019 1786.459 0.05218217 78.9696
2020 1936.316 0.05185691 85.59399
2021 2075.822 0.05439503 91.76076
2022 2216.052 0.06293586 97.95958
2023 2321.245 0.1035567 102.6096
OR+CA
1970 98.85762 0.02498666 0.3280736
1971 113.3731 0.02664562 0.3762455
1972 131.9594 0.02690027 0.4379266
1973 149.6122 0.02712303 0.4965102
1974 166.4107 0.02731314 0.5522583
1975 181.7183 0.02758229 0.603059
1976 196.1709 0.02783139 0.6510221
1977 209.8562 0.02806392 0.6964389
1978 222.6567 0.02829854 0.7389191
1979 234.7027 0.02852524 0.7788956
1980 251.3594 0.02871538 0.8341732
1981 271.9851 0.02888985 0.9026229
1982 296.1576 0.02904977 0.9828427
1983 323.3969 0.02920681 1.07324
1984 353.278 0.02936406 1.172405
1985 385.8935 0.02949103 1.280645
1986 420.439 0.02963059 1.395289
1987 456.54 0.02978408 1.515095
1988 493.8834 0.0299534 1.639025
1989 533.5567 0.03012918 1.770687
1990 577.2817 0.03026559 1.915795
1991 625.7891 0.03036841 2.076774
1992 677.7759 0.03053143 2.249299
1993 734.8854 0.03069449 2.438826
1994 797.935 0.03084331 2.648065
1995 867.1717 0.0309859 2.877838
1996 942.246 0.03114661 3.126982
1997 1023.523 0.03131865 3.396713
1998 1111.179 0.03151251 3.687612
1999 1205.373 0.03174228 4.000209
2000 1306.295 0.032024 4.335134
2001 1305.199 0.05437736 4.331495
2002 1461.618 0.04939778 4.850596
2003 1644.442 0.04891538 5.457325
2004 1848.513 0.04926141 6.134564
2005 2078.246 0.05074613 6.896967
2006 2263.537 0.09784739 7.511883
2007 1845.55 0.08536731 6.124729
2008 2039.346 0.08567919 6.767871
2009 2098.427 0.08996296 6.96394
2010 2303.239 0.08342603 7.643639
2011 2502.917 0.08977726 8.306299
2012 2412.856 0.05696893 8.007418
2013 2687.157 0.03696152 8.917726
2014 3023.852 0.0349234 10.0351
2015 3365.244 0.03461071 11.16806
2016 3709.04 0.03533534 12.309
2017 4056.528 0.03661579 13.46219
2018 4549.052 0.03810954 15.0967
2019 4980.337 0.05866687 16.52798
2020 4989.652 0.05687496 16.5589
2021 5599.661 0.05570792 18.5833
2022 5421.643 0.09516363 17.99252
2023 5662.077 0.09418333 18.79044

Parameters: Estimate  Std. Error      z value    Pr(>|z^2|)
rval 0.09045536 0.00011226 805.76061309 0
logK 8.38635689 0.70543681 11.88817596 0
logK 10.73506779 0.3213329 33.40793218 0
logK 9.07736604 0.71839043 12.63570014 0
logK 9.99129344 0.57471922 17.38465169 0
logK 8.28891667 0.84169809 9.84785016 0
logBK 4.38436956 0.73719705 5.94735094 0
logBK 4.47730739 0.32959245 13.58437477 0
logBK 4.68111287 0.72820098 6.42832541 0
logBK 5.24661195 0.57889125 9.06320832 0
logBK 4.87043162 0.84452257 5.76708281 1e-08
MixPars -2.2670139 0.29816166 -7.6033046 0
MixPars -2.90647901 0.19811443 -14.67070867 0
MixPars -0.85866672 0.11792493 -7.28146888 0
MixPars -1.44708072 0.09150567 -15.81410963 0
MixPars -3.03724541 0.08846327 -34.33340717 0
MixPars -1.70280712 0.24798774 -6.86649709 0
MixPars -1.63739959 0.21587625 -7.58489933 0
MixPars -1.58415679 0.2930761 -5.40527467 6e-08
MixPars -3.54509017 0.27395205 -12.94055007 0
MixPars -1.83349639 0.25654032 -7.14701072 0
MixPars -1.70581055 0.35761416 -4.76997491 1.84e-06
MixPars -1.79863059 0.33051185 -5.44195486 5e-08
MixPars -1.2539361 0.42750619 -2.93314136 0.00335551
MixPars -1.69746916 0.20451887 -8.2998167 0
MixPars 0.82296322 0.16127382 5.10289406 3.3e-07
MixPars -3.00645995 0.25713484 -11.69215338 0
AddV 0.01179164 0.01279896 0.92129686 0.35689546
AddV 0.00825685 0.00288379 2.86319569 0.00419391
AddV 0.03059101 0.01963945 1.55763101 0.11932074
SFdev -0.39470756 0.54354949 -0.72616674 0.46773656
SFdev -0.39546318 0.54311829 -0.72813453 0.46653124
SFdev -0.37530531 0.55217677 -0.67968327 0.49670503
SFdev -0.31041793 0.58412161 -0.53142689 0.59512299
SFdev -0.31374688 0.57988289 -0.54105213 0.58847165
SFdev -0.30652901 0.58508511 -0.523905 0.60034462
SFdev -0.31712205 0.58069375 -0.54610894 0.58499106
SFdev -0.18308751 0.64696574 -0.28299414 0.77718133
SFdev -0.13218971 0.68634623 -0.19259917 0.8472729
SFdev 0.32264796 0.12127807 2.66039826 0.00780483
SFdev -0.20858916 0.65882276 -0.31660892 0.75154036
SFdev -0.2291958 0.64289049 -0.3565083 0.72145994
SFdev 0.20710572 0.23436954 0.88367167 0.37687348
SFdev -0.15034037 0.69694162 -0.21571444 0.82921035
SFdev -0.12891395 0.69782057 -0.18473796 0.85343457
SFdev 0.34240625 0.12332036 2.77655893 0.00549377
SFdev 0.21627375 0.26027113 0.83095557 0.40599873
SFdev 0.36112066 0.13255677 2.72427181 0.00644434
SFdev 0.37111843 0.10929065 3.39570159 0.00068453
SFdev -0.15135092 0.6908698 -0.219073 0.82659319
SFdev -0.10581261 0.77206249 -0.13705187 0.89098979
SFdev -3.815e-05 0.99989286 -3.815e-05 0.99996956
SFdev 1.87e-05 1.00005236 1.87e-05 0.99998508
SFdev 0 1 0 1
SFdev 0.20806599 0.05395264 3.85645639 0.00011504
SFdev -0.27308425 0.5852493 -0.46661182 0.64077763
SFdev -0.334697 0.56690898 -0.5903893 0.55492968
SFdev 0.20323215 0.07382823 2.75277018 0.00590934
SFdev -0.35132172 0.55415429 -0.63397817 0.52609507
SFdev 0.20099309 0.07130703 2.81869941 0.00482186
SFdev -0.37227515 0.54864054 -0.67854109 0.49742868
SFdev 0.17389724 0.077233 2.25159234 0.02434805
SFdev -0.38745923 0.53072131 -0.73006156 0.46535255
SFdev 0.12158171 0.0841676 1.4445191 0.14859301
SFdev -0.34223858 0.55512075 -0.61651196 0.53755668
SFdev 0.21558467 0.05037198 4.27985272 1.87e-05
SFdev -0.26843279 0.58194882 -0.4612653 0.64460828
SFdev 0.30081681 0.08121476 3.7039672 0.00021225
SFdev 0.39873944 0.05177433 7.70148936 0
SFdev 0.1872412 0.06287642 2.97792394 0.00290208
SFdev 0.36891013 0.0310588 11.87779754 0
SFdev 0.20920325 0.08957909 2.33540268 0.01952239
SFdev -0.22294431 0.63364953 -0.35184167 0.72495701
SFdev 0.07183915 0.11378451 0.6313614 0.52780425
SFdev 0.32248359 0.09844925 3.27563278 0.00105426
SFdev -1.523e-05 0.99995703 -1.523e-05 0.99998785
SFdev 4.34e-06 1.00001201 4.34e-06 0.99999654
SFdev 0 1 0 1
SFdev -0.43268867 0.53020927 -0.81607148 0.41445925
SFdev -0.4668164 0.51564122 -0.90531242 0.3652999
SFdev -0.4861789 0.50786225 -0.95730466 0.3384135
SFdev -0.49285106 0.50523044 -0.97549755 0.32931352
SFdev -0.48785867 0.50715577 -0.96195034 0.33607455
SFdev -0.47135005 0.51288064 -0.91902483 0.35808258
SFdev -0.48333676 0.50875465 -0.950039 0.34209243
SFdev -0.43977364 0.5249023 -0.83781997 0.40213182
SFdev -0.35822447 0.55725395 -0.64283882 0.52032869
SFdev -0.26258453 0.59232547 -0.44331123 0.65754064
SFdev -0.2744397 0.59479334 -0.46140345 0.64450918
SFdev -0.29839108 0.58988733 -0.50584419 0.61296603
SFdev -0.24551555 0.62539444 -0.39257712 0.69463184
SFdev 0.22344449 0.21183409 1.05480896 0.29151271
SFdev 0.10735984 0.50024254 0.21461558 0.83006705
SFdev 0.29319308 0.18143806 1.61594033 0.10610721
SFdev 0.01497369 0.54919405 0.02726485 0.97824849
SFdev -0.27925852 0.60427926 -0.46213487 0.6439846
SFdev -0.28020399 0.59626078 -0.4699353 0.63840124
SFdev -0.2880702 0.58919158 -0.4889245 0.62489515
SFdev -0.29772197 0.58773733 -0.50655616 0.61246627
SFdev -0.23040919 0.62002455 -0.37161301 0.710181
SFdev -0.01254771 0.51430113 -0.0243976 0.98053546
SFdev 0 1 0 1
SFdev 0.19172375 0.09008345 2.12829047 0.03331301
SFdev -0.26941598 0.60064447 -0.44854485 0.65376003
SFdev -0.37044071 0.55093467 -0.67238591 0.50133805
SFdev -0.36027013 0.55436827 -0.6498751 0.51577291
SFdev -0.34134006 0.56491037 -0.60423754 0.54568572
SFdev -0.02011011 0.48639498 -0.04134522 0.96702068
SFdev 0.37006687 0.07786027 4.75296135 2e-06
SFdev -0.11685692 0.65538558 -0.17830256 0.85848537
SFdev 0.14752367 0.2231411 0.66112282 0.50853355
SFdev -0.04713302 0.57572412 -0.08186737 0.93475218
SFdev -0.02956391 0.53440384 -0.05532129 0.9558825
SFdev 0.23613765 0.11879104 1.98784064 0.04682932
SFdev -0.18412214 0.6089821 -0.3023441 0.76238977
SFdev -0.40004217 0.53728537 -0.74456183 0.45653665
SFdev -0.50841135 0.4965028 -1.02398487 0.30584242
SFdev -0.53867322 0.48666722 -1.10686152 0.2683538
SFdev -0.46162789 0.51448217 -0.89726702 0.36957645
SFdev -0.37503856 0.54828501 -0.68402117 0.4939618
SFdev -0.13123683 0.52734093 -0.24886525 0.80346502
SFdev 0.18142072 0.1170386 1.55009299 0.1211192
SFdev -0.21658523 0.59924613 -0.36142951 0.71777839
SFdev 0.22925687 0.13028474 1.75966009 0.07846546
SFdev 0.09996476 0.3141541 0.31820294 0.750331
SFdev 0 1 0 1

Mixing matrix
0.98488834 0.01511166 0 0 0 0 ,# Asia
0.00398287 0.1647914 0.17375286 0.6510007 0.00647217 0 ,# Hawaii
0.04743673 0.83471732 0.04972403 0.05121575 0.01591169 0.00099448 ,# MX_AR
0.06126305 0.31153655 0.01392342 0.01690701 0.07419194 0.52217802 ,# MX_ML
0 0 0 0 0.01653472 0.98346528 ,# Central_Am

Split of breeding stock to feeding grounds over time
Split for: Asia
Year RUS+WAL EAL+BER+WGOA NGOA SEA+NBC SBC+WA OR+CA
1970 0.98496 0.01504 0 0 0 0
1971 0.98497 0.01503 0 0 0 0
1972 0.98493 0.01507 0 0 0 0
1973 0.98494 0.01506 0 0 0 0
1974 0.98495 0.01505 0 0 0 0
1975 0.98496 0.01504 0 0 0 0
1976 0.98496 0.01504 0 0 0 0
1977 0.98497 0.01503 0 0 0 0
1978 0.98497 0.01503 0 0 0 0
1979 0.98497 0.01503 0 0 0 0
1980 0.98498 0.01502 0 0 0 0
1981 0.98498 0.01502 0 0 0 0
1982 0.98498 0.01502 0 0 0 0
1983 0.98498 0.01502 0 0 0 0
1984 0.98498 0.01502 0 0 0 0
1985 0.98498 0.01502 0 0 0 0
1986 0.98498 0.01502 0 0 0 0
1987 0.98499 0.01501 0 0 0 0
1988 0.98499 0.01501 0 0 0 0
1989 0.98499 0.01501 0 0 0 0
1990 0.98499 0.01501 0 0 0 0
1991 0.98499 0.01501 0 0 0 0
1992 0.98499 0.01501 0 0 0 0
1993 0.98499 0.01501 0 0 0 0
1994 0.985 0.015 0 0 0 0
1995 0.985 0.015 0 0 0 0
1996 0.985 0.015 0 0 0 0
1997 0.985 0.015 0 0 0 0
1998 0.985 0.015 0 0 0 0
1999 0.98501 0.01499 0 0 0 0
2000 0.98501 0.01499 0 0 0 0
2001 0.98501 0.01499 0 0 0 0
2002 0.98501 0.01499 0 0 0 0
2003 0.98501 0.01499 0 0 0 0
2004 0.98501 0.01499 0 0 0 0
2005 0.98501 0.01499 0 0 0 0
2006 0.98501 0.01499 0 0 0 0
2007 0.98502 0.01498 0 0 0 0
2008 0.98502 0.01498 0 0 0 0
2009 0.98502 0.01498 0 0 0 0
2010 0.98502 0.01498 0 0 0 0
2011 0.98503 0.01497 0 0 0 0
2012 0.98503 0.01497 0 0 0 0
2013 0.98503 0.01497 0 0 0 0
2014 0.98504 0.01496 0 0 0 0
2015 0.98504 0.01496 0 0 0 0
2016 0.98505 0.01495 0 0 0 0
2017 0.98505 0.01495 0 0 0 0
2018 0.98506 0.01494 0 0 0 0
2019 0.98506 0.01494 0 0 0 0
2020 0.98507 0.01493 0 0 0 0
2021 0.98508 0.01492 0 0 0 0
2022 0.98509 0.01491 0 0 0 0
2023 0.9851 0.0149 0 0 0 0
2024 0.98511 0.01489 0 0 0 0
Split for: Hawaii
Year RUS+WAL EAL+BER+WGOA NGOA SEA+NBC SBC+WA OR+CA
1970 0.00401 0.16525 0.17496 0.64926 0.00651 0
1971 0.00403 0.16565 0.17552 0.64828 0.00653 0
1972 0.00403 0.16604 0.17593 0.64746 0.00655 0
1973 0.00404 0.16636 0.17628 0.64677 0.00656 0
1974 0.00404 0.16664 0.17657 0.64617 0.00657 0
1975 0.00405 0.1669 0.1768 0.64568 0.00658 0
1976 0.00406 0.16713 0.177 0.64523 0.00658 0
1977 0.00407 0.16735 0.1772 0.6448 0.00659 0
1978 0.00407 0.16755 0.17739 0.64439 0.00659 0
1979 0.00408 0.16773 0.17757 0.64402 0.0066 0
1980 0.00408 0.16792 0.17777 0.64363 0.0066 0
1981 0.00409 0.1681 0.17794 0.64326 0.0066 0
1982 0.00409 0.16831 0.1781 0.64289 0.00661 0
1983 0.0041 0.1685 0.17826 0.64253 0.00661 0
1984 0.0041 0.1687 0.1784 0.64218 0.00662 0
1985 0.00411 0.16885 0.1785 0.64192 0.00662 0
1986 0.00411 0.16905 0.17862 0.6416 0.00663 0
1987 0.00412 0.16933 0.17883 0.6411 0.00663 0
1988 0.00412 0.1695 0.17892 0.64081 0.00663 0
1989 0.00413 0.16957 0.17891 0.64076 0.00663 0
1990 0.00413 0.16967 0.17896 0.64061 0.00663 0
1991 0.00413 0.1698 0.17902 0.64042 0.00663 0
1992 0.00414 0.16996 0.17913 0.64014 0.00663 0
1993 0.00414 0.17002 0.17912 0.6401 0.00663 0
1994 0.00414 0.17013 0.17918 0.63992 0.00663 0
1995 0.00414 0.17023 0.17922 0.63978 0.00663 0
1996 0.00415 0.17042 0.17935 0.63945 0.00663 0
1997 0.00415 0.17058 0.17944 0.6392 0.00663 0
1998 0.00416 0.17073 0.17955 0.63893 0.00663 0
1999 0.00416 0.17092 0.17969 0.63859 0.00663 0
2000 0.00417 0.17103 0.17971 0.63846 0.00663 0
2001 0.00417 0.17116 0.17975 0.63828 0.00663 0
2002 0.00417 0.17121 0.17971 0.63828 0.00663 0
2003 0.00418 0.17134 0.17975 0.63812 0.00662 0
2004 0.00418 0.17149 0.1798 0.6379 0.00662 0
2005 0.00418 0.17164 0.17986 0.63771 0.0066 0
2006 0.00419 0.17175 0.17989 0.6376 0.00658 0
2007 0.00419 0.17183 0.17954 0.63784 0.0066 0
2008 0.00419 0.17188 0.17941 0.63796 0.00655 0
2009 0.00419 0.17196 0.17933 0.63795 0.00657 0
2010 0.0042 0.17218 0.1797 0.63737 0.00656 0
2011 0.0042 0.17221 0.17963 0.63743 0.00652 0
2012 0.0042 0.17205 0.17913 0.63808 0.00654 0
2013 0.0042 0.17209 0.17909 0.63806 0.00656 0
2014 0.00421 0.1723 0.17884 0.63807 0.00655 3e-05
2015 0.00421 0.17251 0.17867 0.63804 0.00654 3e-05
2016 0.00421 0.17243 0.17858 0.63821 0.00653 3e-05
2017 0.00421 0.17214 0.17839 0.63874 0.0065 2e-05
2018 0.0042 0.17197 0.17823 0.63917 0.00641 2e-05
2019 0.0042 0.17177 0.17797 0.63964 0.0064 2e-05
2020 0.0042 0.1715 0.17788 0.64006 0.00635 2e-05
2021 0.00419 0.17133 0.17761 0.64051 0.00633 2e-05
2022 0.00419 0.17098 0.17744 0.64105 0.00633 2e-05
2023 0.00419 0.17081 0.17714 0.64155 0.0063 2e-05
2024 0.00418 0.17024 0.17677 0.64248 0.00632 2e-05
Split for: MX_AR
Year RUS+WAL EAL+BER+WGOA NGOA SEA+NBC SBC+WA OR+CA
1970 0.04764 0.83455 0.04992 0.05093 0.01597 0.00099
1971 0.04771 0.83463 0.04996 0.05073 0.01597 0.00099
1972 0.04759 0.83489 0.04998 0.05057 0.01597 0.00099
1973 0.04763 0.835 0.04999 0.05042 0.01597 0.00099
1974 0.04766 0.83509 0.04999 0.05029 0.01597 0.00099
1975 0.04768 0.83518 0.04999 0.05018 0.01597 0.00099
1976 0.0477 0.83528 0.04998 0.05009 0.01596 0.00099
1977 0.04772 0.83536 0.04998 0.04999 0.01596 0.00099
1978 0.04774 0.83544 0.04997 0.0499 0.01595 0.00099
1979 0.04775 0.83551 0.04997 0.04983 0.01595 0.00099
1980 0.04777 0.83557 0.04998 0.04974 0.01594 0.00099
1981 0.04778 0.83565 0.04998 0.04966 0.01594 0.00099
1982 0.04779 0.83574 0.04997 0.04958 0.01593 0.00099
1983 0.0478 0.83583 0.04996 0.0495 0.01593 0.00099
1984 0.04781 0.83592 0.04994 0.04942 0.01592 0.00099
1985 0.04781 0.83599 0.04993 0.04936 0.01591 0.00099
1986 0.04782 0.83609 0.04991 0.04929 0.0159 0.00099
1987 0.04784 0.83621 0.04989 0.04917 0.01589 0.00099
1988 0.04785 0.8363 0.04987 0.04911 0.01589 0.00099
1989 0.04785 0.83634 0.04986 0.04909 0.01588 0.00099
1990 0.04786 0.8364 0.04984 0.04905 0.01586 0.00099
1991 0.04787 0.83647 0.04982 0.049 0.01585 0.00099
1992 0.04788 0.83654 0.04981 0.04894 0.01584 0.00099
1993 0.04788 0.83659 0.04979 0.04892 0.01583 0.00099
1994 0.04789 0.83665 0.04978 0.04888 0.01582 0.00099
1995 0.0479 0.8367 0.04977 0.04884 0.0158 0.00099
1996 0.04791 0.83679 0.04976 0.04877 0.01579 0.00099
1997 0.04792 0.83687 0.04974 0.04871 0.01579 0.00098
1998 0.04793 0.83693 0.04973 0.04865 0.01578 0.00098
1999 0.04795 0.83702 0.04972 0.04857 0.01577 0.00098
2000 0.04795 0.83708 0.04969 0.04853 0.01575 0.00098
2001 0.04796 0.83716 0.04967 0.04849 0.01574 0.00098
2002 0.04797 0.83719 0.04965 0.04848 0.01573 0.00098
2003 0.04798 0.83727 0.04963 0.04843 0.01571 0.00098
2004 0.04799 0.83736 0.0496 0.04838 0.01569 0.00098
2005 0.048 0.83748 0.04958 0.04833 0.01563 0.00098
2006 0.04801 0.83757 0.04956 0.04829 0.01558 0.00098
2007 0.04801 0.83765 0.04945 0.04829 0.01561 0.00098
2008 0.04802 0.8378 0.04941 0.0483 0.01549 0.00098
2009 0.04803 0.83782 0.04937 0.04828 0.01553 0.00098
2010 0.04805 0.8379 0.04941 0.04817 0.01549 0.00098
2011 0.04807 0.83798 0.04938 0.04817 0.01541 0.00098
2012 0.04808 0.83793 0.04929 0.04827 0.01545 0.00098
2013 0.04809 0.83792 0.04926 0.04825 0.01549 0.00098
2014 0.0481 0.83809 0.04915 0.0482 0.01546 0.00099
2015 0.04813 0.83825 0.04905 0.04815 0.01542 0.00098
2016 0.04815 0.83823 0.04905 0.04819 0.01541 0.00098
2017 0.04816 0.83812 0.04907 0.0483 0.01536 0.00098
2018 0.04818 0.83821 0.04908 0.04839 0.01517 0.00098
2019 0.0482 0.83813 0.04906 0.04847 0.01516 0.00098
2020 0.04821 0.83807 0.04911 0.04858 0.01505 0.00098
2021 0.04824 0.83802 0.04908 0.04866 0.01503 0.00098
2022 0.04826 0.83781 0.04912 0.04879 0.01505 0.00098
2023 0.04828 0.83778 0.04909 0.04887 0.015 0.00098
2024 0.0483 0.83742 0.04913 0.04909 0.01508 0.00098
Split for: MX_ML
Year RUS+WAL EAL+BER+WGOA NGOA SEA+NBC SBC+WA OR+CA
1970 0.06151 0.31137 0.01397 0.01681 0.07442 0.52192
1971 0.06157 0.3113 0.01398 0.01674 0.07443 0.52198
1972 0.06143 0.31144 0.01399 0.01668 0.07445 0.522
1973 0.06149 0.31151 0.01399 0.01664 0.07445 0.52192
1974 0.06154 0.31163 0.014 0.0166 0.07446 0.52177
1975 0.06159 0.31174 0.014 0.01657 0.07447 0.52163
1976 0.06163 0.31186 0.014 0.01654 0.07445 0.52152
1977 0.06167 0.31197 0.014 0.01651 0.07444 0.52141
1978 0.0617 0.31208 0.01401 0.01649 0.07443 0.52129
1979 0.06174 0.31216 0.01401 0.01647 0.07443 0.5212
1980 0.06178 0.31224 0.01401 0.01644 0.07443 0.52109
1981 0.0618 0.31234 0.01401 0.01642 0.07441 0.52102
1982 0.06182 0.31244 0.01401 0.0164 0.0744 0.52094
1983 0.06184 0.31253 0.01402 0.01637 0.07439 0.52084
1984 0.06186 0.31262 0.01401 0.01635 0.07437 0.52079
1985 0.06189 0.31271 0.01401 0.01633 0.07435 0.52071
1986 0.06191 0.31281 0.01401 0.01631 0.07433 0.52063
1987 0.06194 0.31292 0.01401 0.01628 0.07431 0.52055
1988 0.06197 0.31302 0.01401 0.01626 0.07429 0.52046
1989 0.06199 0.31311 0.014 0.01626 0.07426 0.52038
1990 0.06201 0.31319 0.014 0.01625 0.07421 0.52034
1991 0.06204 0.3133 0.014 0.01623 0.07419 0.52024
1992 0.06207 0.31342 0.014 0.01622 0.07416 0.52014
1993 0.0621 0.31352 0.014 0.01622 0.07412 0.52005
1994 0.06212 0.31362 0.014 0.01621 0.07408 0.51998
1995 0.06215 0.31372 0.014 0.0162 0.07403 0.5199
1996 0.06217 0.31382 0.014 0.01618 0.07399 0.51984
1997 0.06219 0.31391 0.014 0.01616 0.07398 0.51976
1998 0.06222 0.31397 0.014 0.01614 0.07396 0.51971
1999 0.06225 0.31407 0.014 0.01612 0.0739 0.51966
2000 0.06227 0.31415 0.01399 0.01611 0.07386 0.51962
2001 0.06229 0.31424 0.01399 0.0161 0.07381 0.51956
2002 0.06232 0.3143 0.01398 0.0161 0.07376 0.51953
2003 0.06234 0.31441 0.01398 0.01609 0.0737 0.51948
2004 0.06236 0.31451 0.01398 0.01607 0.07363 0.51945
2005 0.06241 0.31469 0.01398 0.01606 0.07337 0.51948
2006 0.06245 0.31485 0.01398 0.01606 0.07319 0.51947
2007 0.06245 0.31487 0.01395 0.01606 0.07332 0.51935
2008 0.06248 0.315 0.01394 0.01606 0.07276 0.51976
2009 0.06246 0.3149 0.01392 0.01605 0.0729 0.51976
2010 0.06251 0.31497 0.01393 0.01602 0.07273 0.51984
2011 0.06253 0.31501 0.01393 0.01602 0.07237 0.52014
2012 0.06251 0.31483 0.01389 0.01604 0.07254 0.52018
2013 0.06249 0.31466 0.01388 0.01603 0.07269 0.52026
2014 0.06254 0.3149 0.01385 0.01602 0.07259 0.52009
2015 0.06268 0.31549 0.01385 0.01603 0.07253 0.51941
2016 0.06286 0.31627 0.01388 0.01608 0.07264 0.51826
2017 0.06291 0.31639 0.0139 0.01613 0.07244 0.51823
2018 0.06306 0.31705 0.01393 0.01619 0.07168 0.51809
2019 0.06309 0.31703 0.01392 0.01622 0.07165 0.51808
2020 0.0631 0.31698 0.01394 0.01626 0.07113 0.51859
2021 0.06313 0.31698 0.01393 0.01628 0.07104 0.51863
2022 0.06314 0.31682 0.01394 0.01632 0.07113 0.51865
2023 0.06318 0.3168 0.01393 0.01635 0.07087 0.51887
2024 0.06311 0.31619 0.01392 0.0164 0.07116 0.51923
Split for: Central_Am
Year RUS+WAL EAL+BER+WGOA NGOA SEA+NBC SBC+WA OR+CA
1970 0 0 0 0 0.01659 0.98341
1971 0 0 0 0 0.01659 0.98341
1972 0 0 0 0 0.0166 0.9834
1973 0 0 0 0 0.0166 0.9834
1974 0 0 0 0 0.01661 0.98339
1975 0 0 0 0 0.01661 0.98339
1976 0 0 0 0 0.01661 0.98339
1977 0 0 0 0 0.01661 0.98339
1978 0 0 0 0 0.01661 0.98339
1979 0 0 0 0 0.01662 0.98338
1980 0 0 0 0 0.01662 0.98338
1981 0 0 0 0 0.01662 0.98338
1982 0 0 0 0 0.01662 0.98338
1983 0 0 0 0 0.01662 0.98338
1984 0 0 0 0 0.01662 0.98338
1985 0 0 0 0 0.01661 0.98339
1986 0 0 0 0 0.01661 0.98339
1987 0 0 0 0 0.01661 0.98339
1988 0 0 0 0 0.01661 0.98339
1989 0 0 0 0 0.01661 0.98339
1990 0 0 0 0 0.0166 0.9834
1991 0 0 0 0 0.01659 0.98341
1992 0 0 0 0 0.01659 0.98341
1993 0 0 0 0 0.01659 0.98341
1994 0 0 0 0 0.01658 0.98342
1995 0 0 0 0 0.01657 0.98343
1996 0 0 0 0 0.01656 0.98344
1997 0 0 0 0 0.01656 0.98344
1998 0 0 0 0 0.01656 0.98344
1999 0 0 0 0 0.01655 0.98345
2000 0 0 0 0 0.01654 0.98346
2001 0 0 0 0 0.01653 0.98347
2002 0 0 0 0 0.01652 0.98348
2003 0 0 0 0 0.01651 0.98349
2004 0 0 0 0 0.0165 0.9835
2005 0 0 0 0 0.01644 0.98356
2006 0 0 0 0 0.0164 0.9836
2007 0 0 0 0 0.01643 0.98357
2008 0 0 0 0 0.0163 0.9837
2009 0 0 0 0 0.01633 0.98367
2010 0 0 0 0 0.01629 0.98371
2011 0 0 0 0 0.0162 0.9838
2012 0 0 0 0 0.01623 0.98377
2013 0 0 0 0 0.01626 0.98374
2014 0 0 0 0 0.01625 0.98375
2015 0 0 0 0 0.01626 0.98374
2016 0 0 0 0 0.01631 0.98369
2017 0 0 0 0 0.01627 0.98373
2018 0 0 0 0 0.01611 0.98389
2019 0 0 0 0 0.0161 0.9839
2020 0 0 0 0 0.01597 0.98403
2021 0 0 0 0 0.01595 0.98405
2022 0 0 0 0 0.01597 0.98403
2023 0 0 0 0 0.0159 0.9841
2024 0 0 0 0 0.01596 0.98404

Difference in mortality over time
Difference for: Asia
Year RUS+WAL EAL+BER+WGOA NGOA SEA+NBC SBC+WA OR+CA
1970 0 0 0 0 0 0
1971 0 0 0 0 0 0
1972 0 0 0 0 0 0
1973 0 0 0 0 0 0
1974 0 0 0 0 0 0
1975 0 0 0 0 0 0
1976 0 0 0 0 0 0
1977 0 0 0 0 0 0
1978 0 0 0 0 0 0
1979 0 0 0 0 0 0
1980 0 0 0 0 0 0
1981 0 0 0 0 0 0
1982 0 0 0 0 0 0
1983 0 0 0 0 0 0
1984 0 0 0 0 0 0
1985 0 0 0 0 0 0
1986 0 0 0 0 0 0
1987 0 0 0 0 0 0
1988 0 0 0 0 0 0
1989 0 0 0 0 0 0
1990 0 0 0 0 0 0
1991 0 0 0 0 0 0
1992 0 0 0 0 0 0
1993 0 0 0 0 0 0
1994 0 0 0 0 0 0
1995 0 0 0 0 0 0
1996 0 0 0 0 0 0
1997 0 0 0 0 0 0
1998 0 0 0 0 0 0
1999 0 0 0 0 0 0
2000 0 0 0 0 0 0
2001 0 0 0 0 0 0
2002 0 0 0 0 0 0
2003 0 0 0 0 0 0
2004 0 0 0 0 0 0
2005 0 0 0 0 0 0
2006 0 0 0 0 0 0
2007 0 0 0 0 0 0
2008 0 0 0 0 0 0
2009 0 0 0 0 0 0
2010 0 0 0 0 0 0
2011 0 0 0 0 0 0
2012 0 0 0 0 0 0
2013 0 0 0 0 0 0
2014 0 0 0 0 0 0
2015 0 0 0 0 0 0
2016 0 0 0 0 0 0
2017 0 0 0 0 0 0
2018 0 0 0 0 0 0
2019 0 0 0 0 0 0
2020 0 0 0 0 0 0
2021 0 0 0 0 0 0
2022 0 0 0 0 0 0
2023 0 0 0 0 0 0
Difference for: Hawaii
Year RUS+WAL EAL+BER+WGOA NGOA SEA+NBC SBC+WA OR+CA
1970 0 0 0 0 0 0
1971 0 0 0 0 0 0
1972 0 0 0 0 0 0
1973 0 0 0 0 0 0
1974 0 0 0 0 0 0
1975 0 0 0 0 0 0
1976 0 0 0 0 0 0
1977 0 0 0 0 0 0
1978 0 0 0 0 0 0
1979 0 0 0 0 0 0
1980 0 0 0 0 0 0
1981 0 0 0 0 0 0
1982 0 0 0 0 0 0
1983 0 0 0 0 0 0
1984 0 0 0 0 0 0
1985 0 0 0 0 0 0
1986 0 0 0 0 0 0
1987 0 0 0 0 0 0
1988 0 0 0 0 0 0
1989 0 0 0 0 0 0
1990 0 0 0 0 0 0
1991 0 0 0 0 0 0
1992 0 0 0 0 0 0
1993 0 0 0 0 0 0
1994 0 0 0 0 0 0
1995 0 0 0 0 0 0
1996 0 0 0 0 0 0
1997 0 0 0 0 0 0
1998 0 0 0 0 0 0
1999 0 0 0 0 0 0
2000 0 0 0 0 0 0
2001 0 0 0 0 0 0
2002 0 0 0 0 0 0
2003 0 0 0 0 0 0
2004 0 0 0 0 0 0
2005 0 0 0 0 0 0
2006 0 0 0 0 0 0
2007 0 0 0 0 0 0
2008 0 0 0 0 0 0
2009 0 0 0 0 0 0
2010 0 0 0 0 0 0
2011 0 0 0 0 0 0
2012 0 0 0 0 0 0
2013 0 0 0 0 0 0
2014 0 0 0 0 0 0
2015 0 0 0 0 0 0
2016 0 0 0 0 0 0
2017 0 0 0 0 0 0
2018 0 0 0 0 0 0
2019 0 0 0 0 0 0
2020 0 0 0 0 0 0
2021 0 0 0 0 0 0
2022 0 0 0 0 0 0
2023 0 0 0 0 0 0
Difference for: MX_AR
Year RUS+WAL EAL+BER+WGOA NGOA SEA+NBC SBC+WA OR+CA
1970 0 0 0 0 0 0
1971 0 0 0 0 0 0
1972 0 0 0 0 0 0
1973 0 0 0 0 0 0
1974 0 0 0 0 0 0
1975 0 0 0 0 0 0
1976 0 0 0 0 0 0
1977 0 0 0 0 0 0
1978 0 0 0 0 0 0
1979 0 0 0 0 0 0
1980 0 0 0 0 0 0
1981 0 0 0 0 0 0
1982 0 0 0 0 0 0
1983 0 0 0 0 0 0
1984 0 0 0 0 0 0
1985 0 0 0 0 0 0
1986 0 0 0 0 0 0
1987 0 0 0 0 0 0
1988 0 0 0 0 0 0
1989 0 0 0 0 0 0
1990 0 0 0 0 0 0
1991 0 0 0 0 0 0
1992 0 0 0 0 0 0
1993 0 0 0 0 0 0
1994 0 0 0 0 0 0
1995 0 0 0 0 0 0
1996 0 0 0 0 0 0
1997 0 0 0 0 0 0
1998 0 0 0 0 0 0
1999 0 0 0 0 0 0
2000 0 0 0 0 0 0
2001 0 0 0 0 0 0
2002 0 0 0 0 0 0
2003 0 0 0 0 0 0
2004 0 0 0 0 0 0
2005 0 0 0 0 0 0
2006 0 0 0 0 0 0
2007 0 0 0 0 0 0
2008 0 0 0 0 0 0
2009 0 0 0 0 0 0
2010 0 0 0 0 0 0
2011 0 0 0 0 0 0
2012 0 0 0 0 0 0
2013 0 0 0 0 0 0
2014 0 0 0 0 0 0
2015 0 0 0 0 0 0
2016 0 0 0 0 0 0
2017 0 0 0 0 0 0
2018 0 0 0 0 0 0
2019 0 0 0 0 0 0
2020 0 0 0 0 0 0
2021 0 0 0 0 0 0
2022 0 0 0 0 0 0
2023 0 0 0 0 0 0
Difference for: MX_ML
Year RUS+WAL EAL+BER+WGOA NGOA SEA+NBC SBC+WA OR+CA
1970 0 0 0 0 0 0
1971 0 0 0 0 0 0
1972 0 0 0 0 0 0
1973 0 0 0 0 0 0
1974 0 0 0 0 0 0
1975 0 0 0 0 0 0
1976 0 0 0 0 0 0
1977 0 0 0 0 0 0
1978 0 0 0 0 0 0
1979 0 0 0 0 0 0
1980 0 0 0 0 0 0
1981 0 0 0 0 0 0
1982 0 0 0 0 0 0
1983 0 0 0 0 0 0
1984 0 0 0 0 0 0
1985 0 0 0 0 0 0
1986 0 0 0 0 0 0
1987 0 0 0 0 0 0
1988 0 0 0 0 0 0
1989 0 0 0 0 0 0
1990 0 0 0 0 0 0
1991 0 0 0 0 0 0
1992 0 0 0 0 0 0
1993 0 0 0 0 0 0
1994 0 0 0 0 0 0
1995 0 0 0 0 0 0
1996 0 0 0 0 0 0
1997 0 0 0 0 0 0
1998 0 0 0 0 0 0
1999 0 0 0 0 0 0
2000 0 0 0 0 0 0
2001 0 0 0 0 0 0
2002 0 0 0 0 0 0
2003 0 0 0 0 0 0
2004 0 0 0 0 0 0
2005 0 0 0 0 0 0
2006 0 0 0 0 0 0
2007 0 0 0 0 0 0
2008 0 0 0 0 0 0
2009 0 0 0 0 0 0
2010 0 0 0 0 0 0
2011 0 0 0 0 0 0
2012 0 0 0 0 0 0
2013 0 0 0 0 0 0
2014 0 0 0 0 0 0
2015 0 0 0 0 0 0
2016 0 0 0 0 0 0
2017 0 0 0 0 0 0
2018 0 0 0 0 0 0
2019 0 0 0 0 0 0
2020 0 0 0 0 0 0
2021 0 0 0 0 0 0
2022 0 0 0 0 0 0
2023 0 0 0 0 0 0
Difference for: Central_Am
Year RUS+WAL EAL+BER+WGOA NGOA SEA+NBC SBC+WA OR+CA
1970 0 0 0 0 0 0
1971 0 0 0 0 0 0
1972 0 0 0 0 0 0
1973 0 0 0 0 0 0
1974 0 0 0 0 0 0
1975 0 0 0 0 0 0
1976 0 0 0 0 0 0
1977 0 0 0 0 0 0
1978 0 0 0 0 0 0
1979 0 0 0 0 0 0
1980 0 0 0 0 0 0
1981 0 0 0 0 0 0
1982 0 0 0 0 0 0
1983 0 0 0 0 0 0
1984 0 0 0 0 0 0
1985 0 0 0 0 0 0
1986 0 0 0 0 0 0
1987 0 0 0 0 0 0
1988 0 0 0 0 0 0
1989 0 0 0 0 0 0
1990 0 0 0 0 0 0
1991 0 0 0 0 0 0
1992 0 0 0 0 0 0
1993 0 0 0 0 0 0
1994 0 0 0 0 0 0
1995 0 0 0 0 0 0
1996 0 0 0 0 0 0
1997 0 0 0 0 0 0
1998 0 0 0 0 0 0
1999 0 0 0 0 0 0
2000 0 0 0 0 0 0
2001 0 0 0 0 0 0
2002 0 0 0 0 0 0
2003 0 0 0 0 0 0
2004 0 0 0 0 0 0
2005 0 0 0 0 0 0
2006 0 0 0 0 0 0
2007 0 0 0 0 0 0
2008 0 0 0 0 0 0
2009 0 0 0 0 0 0
2010 0 0 0 0 0 0
2011 0 0 0 0 0 0
2012 0 0 0 0 0 0
2013 0 0 0 0 0 0
2014 0 0 0 0 0 0
2015 0 0 0 0 0 0
2016 0 0 0 0 0 0
2017 0 0 0 0 0 0
2018 0 0 0 0 0 0
2019 0 0 0 0 0 0
2020 0 0 0 0 0 0
2021 0 0 0 0 0 0
2022 0 0 0 0 0 0
2023 0 0 0 0 0 0

Total survival over time
Values for breeding stock: Asia
Year RUS+WAL EAL+BER+WGOA NGOA SEA+NBC SBC+WA OR+CA
1970 0.959 0.955 NaN NaN NaN NaN
1971 0.959 0.958 NaN NaN NaN NaN
1972 0.956 0.959 NaN NaN NaN NaN
1973 0.959 0.959 NaN NaN NaN NaN
1974 0.959 0.959 NaN NaN NaN NaN
1975 0.959 0.959 NaN NaN NaN NaN
1976 0.959 0.959 NaN NaN NaN NaN
1977 0.959 0.959 NaN NaN NaN NaN
1978 0.959 0.959 NaN NaN NaN NaN
1979 0.959 0.959 NaN NaN NaN NaN
1980 0.959 0.959 NaN NaN NaN NaN
1981 0.959 0.959 NaN NaN NaN NaN
1982 0.959 0.959 NaN NaN NaN NaN
1983 0.959 0.959 NaN NaN NaN NaN
1984 0.959 0.959 NaN NaN NaN NaN
1985 0.959 0.959 NaN NaN NaN NaN
1986 0.959 0.959 NaN NaN NaN NaN
1987 0.959 0.959 NaN NaN NaN NaN
1988 0.959 0.959 NaN NaN NaN NaN
1989 0.959 0.959 NaN NaN NaN NaN
1990 0.959 0.959 NaN NaN NaN NaN
1991 0.959 0.959 NaN NaN NaN NaN
1992 0.959 0.959 NaN NaN NaN NaN
1993 0.959 0.959 NaN NaN NaN NaN
1994 0.959 0.959 NaN NaN NaN NaN
1995 0.959 0.959 NaN NaN NaN NaN
1996 0.959 0.959 NaN NaN NaN NaN
1997 0.959 0.959 NaN NaN NaN NaN
1998 0.959 0.959 NaN NaN NaN NaN
1999 0.959 0.959 NaN NaN NaN NaN
2000 0.959 0.959 NaN NaN NaN NaN
2001 0.959 0.959 NaN NaN NaN NaN
2002 0.959 0.959 NaN NaN NaN NaN
2003 0.959 0.959 NaN NaN NaN NaN
2004 0.959 0.959 NaN NaN NaN NaN
2005 0.959 0.959 NaN NaN NaN NaN
2006 0.959 0.959 NaN NaN NaN NaN
2007 0.959 0.959 NaN NaN NaN NaN
2008 0.959 0.959 NaN NaN NaN NaN
2009 0.959 0.959 NaN NaN NaN NaN
2010 0.959 0.959 NaN NaN NaN NaN
2011 0.959 0.959 NaN NaN NaN NaN
2012 0.959 0.959 NaN NaN NaN NaN
2013 0.958 0.958 NaN NaN NaN NaN
2014 0.96 0.96 NaN NaN NaN NaN
2015 0.956 0.955 NaN NaN NaN NaN
2016 0.959 0.959 NaN NaN NaN NaN
2017 0.959 0.959 NaN NaN NaN NaN
2018 0.959 0.959 NaN NaN NaN NaN
2019 0.96 0.96 NaN NaN NaN NaN
2020 0.959 0.959 NaN NaN NaN NaN
2021 0.959 0.958 NaN NaN NaN NaN
2022 0.958 0.958 NaN NaN NaN NaN
2023 0.958 0.958 NaN NaN NaN NaN
Values for breeding stock: Hawaii
Year RUS+WAL EAL+BER+WGOA NGOA SEA+NBC SBC+WA OR+CA
1970 0.96 0.956 0.96 0.95 0.959 NaN
1971 0.96 0.959 0.96 0.955 0.959 NaN
1972 0.957 0.96 0.96 0.955 0.959 NaN
1973 0.96 0.96 0.96 0.956 0.959 NaN
1974 0.96 0.96 0.96 0.956 0.959 NaN
1975 0.96 0.96 0.959 0.956 0.959 NaN
1976 0.96 0.96 0.959 0.956 0.959 NaN
1977 0.96 0.96 0.96 0.956 0.959 NaN
1978 0.96 0.96 0.96 0.956 0.959 NaN
1979 0.96 0.96 0.96 0.956 0.959 NaN
1980 0.96 0.96 0.96 0.956 0.959 NaN
1981 0.96 0.96 0.959 0.956 0.959 NaN
1982 0.96 0.96 0.959 0.956 0.959 NaN
1983 0.96 0.96 0.959 0.956 0.959 NaN
1984 0.96 0.96 0.959 0.956 0.959 NaN
1985 0.96 0.96 0.959 0.957 0.959 NaN
1986 0.96 0.96 0.959 0.957 0.959 NaN
1987 0.96 0.96 0.959 0.956 0.959 NaN
1988 0.96 0.96 0.959 0.957 0.959 NaN
1989 0.96 0.96 0.959 0.958 0.959 NaN
1990 0.96 0.96 0.959 0.957 0.959 NaN
1991 0.96 0.96 0.959 0.957 0.959 NaN
1992 0.96 0.96 0.959 0.957 0.958 NaN
1993 0.96 0.96 0.959 0.958 0.958 NaN
1994 0.96 0.96 0.959 0.958 0.958 NaN
1995 0.96 0.96 0.959 0.958 0.958 NaN
1996 0.96 0.96 0.959 0.957 0.958 NaN
1997 0.96 0.96 0.959 0.957 0.959 NaN
1998 0.96 0.96 0.959 0.957 0.958 NaN
1999 0.96 0.96 0.959 0.957 0.958 NaN
2000 0.96 0.96 0.959 0.957 0.958 NaN
2001 0.96 0.96 0.959 0.957 0.958 NaN
2002 0.96 0.96 0.959 0.958 0.958 NaN
2003 0.96 0.96 0.959 0.957 0.958 NaN
2004 0.96 0.96 0.959 0.957 0.958 NaN
2005 0.96 0.96 0.959 0.957 0.955 NaN
2006 0.96 0.96 0.959 0.957 0.956 NaN
2007 0.96 0.96 0.957 0.958 0.96 NaN
2008 0.96 0.96 0.959 0.958 0.951 NaN
2009 0.96 0.96 0.959 0.957 0.96 NaN
2010 0.96 0.96 0.96 0.955 0.955 NaN
2011 0.96 0.96 0.959 0.957 0.953 NaN
2012 0.96 0.96 0.957 0.959 0.96 NaN
2013 0.96 0.96 0.959 0.957 0.96 NaN
2014 0.96 0.96 0.957 0.956 0.956 Inf
2015 0.96 0.96 0.957 0.955 0.955 0.96
2016 0.96 0.96 0.959 0.957 0.956 0.96
2017 0.96 0.96 0.959 0.959 0.954 0.96
2018 0.96 0.96 0.959 0.958 0.945 0.96
2019 0.96 0.96 0.959 0.958 0.955 0.96
2020 0.96 0.96 0.96 0.958 0.949 0.96
2021 0.96 0.96 0.958 0.957 0.954 0.96
2022 0.96 0.96 0.96 0.958 0.956 0.96
2023 0.96 0.96 0.958 0.957 0.951 0.96
Values for breeding stock: MX_AR
Year RUS+WAL EAL+BER+WGOA NGOA SEA+NBC SBC+WA OR+CA
1970 0.96 0.956 0.96 0.95 0.959 0.956
1971 0.96 0.959 0.96 0.955 0.959 0.959
1972 0.957 0.96 0.96 0.955 0.959 0.959
1973 0.96 0.96 0.96 0.956 0.959 0.959
1974 0.96 0.96 0.96 0.956 0.959 0.959
1975 0.96 0.96 0.959 0.956 0.959 0.959
1976 0.96 0.96 0.96 0.956 0.959 0.959
1977 0.96 0.96 0.96 0.956 0.959 0.959
1978 0.96 0.96 0.96 0.956 0.959 0.959
1979 0.96 0.96 0.96 0.956 0.959 0.959
1980 0.96 0.96 0.96 0.956 0.959 0.959
1981 0.96 0.96 0.959 0.956 0.959 0.959
1982 0.96 0.96 0.959 0.956 0.959 0.959
1983 0.96 0.96 0.959 0.956 0.959 0.959
1984 0.96 0.96 0.959 0.957 0.959 0.959
1985 0.96 0.96 0.959 0.957 0.959 0.959
1986 0.96 0.96 0.959 0.957 0.959 0.959
1987 0.96 0.96 0.959 0.956 0.959 0.959
1988 0.96 0.96 0.959 0.957 0.959 0.959
1989 0.96 0.96 0.959 0.958 0.959 0.959
1990 0.96 0.96 0.959 0.958 0.959 0.959
1991 0.96 0.96 0.959 0.957 0.959 0.959
1992 0.96 0.96 0.959 0.957 0.959 0.959
1993 0.96 0.96 0.959 0.958 0.958 0.959
1994 0.96 0.96 0.959 0.958 0.958 0.959
1995 0.96 0.96 0.959 0.958 0.958 0.959
1996 0.96 0.96 0.959 0.957 0.958 0.959
1997 0.96 0.96 0.959 0.957 0.959 0.959
1998 0.96 0.96 0.959 0.957 0.958 0.959
1999 0.96 0.96 0.959 0.957 0.958 0.959
2000 0.96 0.96 0.959 0.957 0.958 0.959
2001 0.96 0.96 0.959 0.957 0.958 0.959
2002 0.96 0.96 0.959 0.958 0.958 0.959
2003 0.96 0.96 0.959 0.957 0.958 0.959
2004 0.96 0.96 0.959 0.957 0.958 0.959
2005 0.96 0.96 0.959 0.957 0.955 0.959
2006 0.96 0.96 0.959 0.957 0.956 0.959
2007 0.96 0.96 0.957 0.958 0.96 0.959
2008 0.96 0.96 0.959 0.958 0.951 0.96
2009 0.96 0.96 0.959 0.957 0.96 0.959
2010 0.96 0.96 0.96 0.955 0.955 0.959
2011 0.96 0.96 0.959 0.957 0.953 0.959
2012 0.96 0.96 0.957 0.959 0.96 0.96
2013 0.96 0.96 0.959 0.957 0.96 0.96
2014 0.96 0.96 0.957 0.956 0.956 0.961
2015 0.96 0.96 0.957 0.955 0.955 0.956
2016 0.96 0.96 0.959 0.957 0.956 0.954
2017 0.96 0.96 0.959 0.959 0.954 0.958
2018 0.96 0.96 0.959 0.958 0.945 0.956
2019 0.96 0.96 0.959 0.958 0.955 0.958
2020 0.96 0.96 0.96 0.958 0.949 0.959
2021 0.96 0.96 0.958 0.958 0.954 0.958
2022 0.96 0.96 0.96 0.958 0.956 0.958
2023 0.96 0.96 0.958 0.957 0.951 0.958
Values for breeding stock: MX_ML
Year RUS+WAL EAL+BER+WGOA NGOA SEA+NBC SBC+WA OR+CA
1970 0.959 0.955 0.958 0.949 0.958 0.955
1971 0.959 0.958 0.959 0.954 0.958 0.958
1972 0.956 0.959 0.959 0.954 0.958 0.958
1973 0.959 0.959 0.959 0.955 0.958 0.958
1974 0.959 0.959 0.959 0.955 0.959 0.958
1975 0.959 0.959 0.959 0.955 0.959 0.958
1976 0.959 0.959 0.959 0.955 0.958 0.958
1977 0.959 0.959 0.959 0.955 0.958 0.958
1978 0.959 0.959 0.959 0.955 0.958 0.958
1979 0.959 0.959 0.959 0.955 0.958 0.958
1980 0.959 0.959 0.959 0.955 0.958 0.958
1981 0.959 0.959 0.959 0.955 0.958 0.958
1982 0.959 0.959 0.959 0.956 0.958 0.958
1983 0.959 0.959 0.959 0.956 0.958 0.958
1984 0.959 0.959 0.958 0.956 0.958 0.958
1985 0.959 0.959 0.959 0.956 0.958 0.958
1986 0.959 0.959 0.958 0.956 0.958 0.958
1987 0.959 0.959 0.958 0.955 0.958 0.958
1988 0.959 0.959 0.958 0.956 0.958 0.958
1989 0.959 0.959 0.958 0.957 0.958 0.958
1990 0.959 0.959 0.958 0.957 0.958 0.958
1991 0.959 0.959 0.958 0.957 0.958 0.958
1992 0.959 0.959 0.958 0.956 0.958 0.958
1993 0.959 0.959 0.958 0.957 0.958 0.958
1994 0.959 0.959 0.959 0.957 0.958 0.958
1995 0.959 0.959 0.959 0.957 0.958 0.958
1996 0.959 0.959 0.959 0.956 0.958 0.958
1997 0.959 0.959 0.958 0.956 0.958 0.958
1998 0.959 0.959 0.958 0.956 0.958 0.958
1999 0.959 0.959 0.959 0.956 0.957 0.958
2000 0.959 0.959 0.958 0.957 0.958 0.958
2001 0.959 0.959 0.958 0.956 0.957 0.958
2002 0.959 0.959 0.958 0.957 0.957 0.958
2003 0.959 0.959 0.958 0.956 0.957 0.958
2004 0.959 0.959 0.958 0.956 0.957 0.958
2005 0.959 0.959 0.958 0.956 0.954 0.958
2006 0.959 0.959 0.958 0.956 0.955 0.958
2007 0.959 0.959 0.957 0.957 0.959 0.958
2008 0.959 0.959 0.958 0.957 0.95 0.959
2009 0.959 0.959 0.958 0.956 0.959 0.959
2010 0.959 0.959 0.959 0.954 0.954 0.958
2011 0.959 0.959 0.958 0.956 0.952 0.959
2012 0.959 0.959 0.957 0.958 0.959 0.959
2013 0.959 0.959 0.958 0.956 0.959 0.959
2014 0.959 0.959 0.956 0.955 0.955 0.957
2015 0.959 0.959 0.956 0.955 0.954 0.955
2016 0.959 0.959 0.958 0.956 0.955 0.953
2017 0.959 0.959 0.959 0.958 0.953 0.957
2018 0.959 0.959 0.958 0.957 0.944 0.955
2019 0.959 0.959 0.958 0.957 0.955 0.957
2020 0.959 0.959 0.959 0.957 0.948 0.958
2021 0.959 0.959 0.958 0.957 0.953 0.957
2022 0.959 0.959 0.959 0.958 0.956 0.958
2023 0.959 0.959 0.957 0.956 0.95 0.957
Values for breeding stock: Central_Am
Year RUS+WAL EAL+BER+WGOA NGOA SEA+NBC SBC+WA OR+CA
1970 NaN NaN NaN NaN 0.959 0.955
1971 NaN NaN NaN NaN 0.959 0.959
1972 NaN NaN NaN NaN 0.959 0.959
1973 NaN NaN NaN NaN 0.959 0.959
1974 NaN NaN NaN NaN 0.959 0.959
1975 NaN NaN NaN NaN 0.959 0.959
1976 NaN NaN NaN NaN 0.959 0.959
1977 NaN NaN NaN NaN 0.959 0.959
1978 NaN NaN NaN NaN 0.959 0.959
1979 NaN NaN NaN NaN 0.959 0.959
1980 NaN NaN NaN NaN 0.959 0.959
1981 NaN NaN NaN NaN 0.959 0.959
1982 NaN NaN NaN NaN 0.959 0.959
1983 NaN NaN NaN NaN 0.959 0.959
1984 NaN NaN NaN NaN 0.959 0.959
1985 NaN NaN NaN NaN 0.959 0.959
1986 NaN NaN NaN NaN 0.959 0.959
1987 NaN NaN NaN NaN 0.959 0.959
1988 NaN NaN NaN NaN 0.959 0.959
1989 NaN NaN NaN NaN 0.958 0.959
1990 NaN NaN NaN NaN 0.958 0.959
1991 NaN NaN NaN NaN 0.958 0.959
1992 NaN NaN NaN NaN 0.958 0.959
1993 NaN NaN NaN NaN 0.958 0.959
1994 NaN NaN NaN NaN 0.958 0.959
1995 NaN NaN NaN NaN 0.958 0.959
1996 NaN NaN NaN NaN 0.958 0.959
1997 NaN NaN NaN NaN 0.959 0.959
1998 NaN NaN NaN NaN 0.958 0.959
1999 NaN NaN NaN NaN 0.958 0.959
2000 NaN NaN NaN NaN 0.958 0.959
2001 NaN NaN NaN NaN 0.958 0.959
2002 NaN NaN NaN NaN 0.958 0.959
2003 NaN NaN NaN NaN 0.958 0.959
2004 NaN NaN NaN NaN 0.958 0.959
2005 NaN NaN NaN NaN 0.955 0.959
2006 NaN NaN NaN NaN 0.955 0.958
2007 NaN NaN NaN NaN 0.96 0.959
2008 NaN NaN NaN NaN 0.951 0.959
2009 NaN NaN NaN NaN 0.96 0.959
2010 NaN NaN NaN NaN 0.955 0.959
2011 NaN NaN NaN NaN 0.953 0.959
2012 NaN NaN NaN NaN 0.96 0.959
2013 NaN NaN NaN NaN 0.96 0.96
2014 NaN NaN NaN NaN 0.956 0.958
2015 NaN NaN NaN NaN 0.955 0.956
2016 NaN NaN NaN NaN 0.956 0.954
2017 NaN NaN NaN NaN 0.954 0.957
2018 NaN NaN NaN NaN 0.945 0.956
2019 NaN NaN NaN NaN 0.955 0.958
2020 NaN NaN NaN NaN 0.949 0.959
2021 NaN NaN NaN NaN 0.954 0.958
2022 NaN NaN NaN NaN 0.956 0.958
2023 NaN NaN NaN NaN 0.951 0.958

Numbers over time by herd
Values for breeding stock: Asia
Year RUS+WAL EAL+BER+WGOA NGOA SEA+NBC SBC+WA OR+CA
1970 933 14 0 0 0 0
1971 1072 16 0 0 0 0
1972 1201 18 0 0 0 0
1973 1329 20 0 0 0 0
1974 1452 22 0 0 0 0
1975 1569 24 0 0 0 0
1976 1682 26 0 0 0 0
1977 1790 27 0 0 0 0
1978 1894 29 0 0 0 0
1979 1994 30 0 0 0 0
1980 2114 32 0 0 0 0
1981 2253 34 0 0 0 0
1982 2408 37 0 0 0 0
1983 2579 39 0 0 0 0
1984 2763 42 0 0 0 0
1985 2959 45 0 0 0 0
1986 3165 48 0 0 0 0
1987 3380 52 0 0 0 0
1988 3603 55 0 0 0 0
1989 3837 58 0 0 0 0
1990 4083 62 0 0 0 0
1991 4344 66 0 0 0 0
1992 4621 70 0 0 0 0
1993 4916 75 0 0 0 0
1994 5228 80 0 0 0 0
1995 5557 85 0 0 0 0
1996 5905 90 0 0 0 0
1997 6269 95 0 0 0 0
1998 6651 101 0 0 0 0
1999 7050 107 0 0 0 0
2000 7466 114 0 0 0 0
2001 7900 120 0 0 0 0
2002 8352 127 0 0 0 0
2003 8821 134 0 0 0 0
2004 9308 142 0 0 0 0
2005 9811 149 0 0 0 0
2006 10330 157 0 0 0 0
2007 10863 165 0 0 0 0
2008 11409 174 0 0 0 0
2009 11966 182 0 0 0 0
2010 12533 191 0 0 0 0
2011 13106 199 0 0 0 0
2012 13683 208 0 0 0 0
2013 14251 217 0 0 0 0
2014 14845 226 0 0 0 0
2015 15364 233 0 0 0 0
2016 15936 242 0 0 0 0
2017 16496 250 0 0 0 0
2018 17035 258 0 0 0 0
2019 17565 266 0 0 0 0
2020 18047 274 0 0 0 0
2021 18498 280 0 0 0 0
2022 18914 286 0 0 0 0
2023 19291 292 0 0 0 0
Values for breeding stock: Hawaii
Year RUS+WAL EAL+BER+WGOA NGOA SEA+NBC SBC+WA OR+CA
1970 4 156 165 611 6 0
1971 4 179 189 699 7 0
1972 5 201 213 783 8 0
1973 5 222 236 864 9 0
1974 6 243 257 941 10 0
1975 6 262 278 1015 10 0
1976 7 281 298 1086 11 0
1977 7 299 317 1154 12 0
1978 8 317 335 1218 12 0
1979 8 334 353 1281 13 0
1980 9 354 374 1356 14 0
1981 9 377 399 1443 15 0
1982 10 403 427 1540 16 0
1983 11 432 457 1647 17 0
1984 11 463 490 1762 18 0
1985 12 496 524 1886 19 0
1986 13 531 561 2014 21 0
1987 14 567 599 2147 22 0
1988 15 605 638 2285 24 0
1989 16 644 679 2433 25 0
1990 17 686 723 2588 27 0
1991 18 730 769 2752 28 0
1992 19 776 818 2925 30 0
1993 20 826 870 3111 32 0
1994 21 879 926 3306 34 0
1995 23 935 984 3513 36 0
1996 24 994 1046 3728 39 0
1997 26 1055 1110 3955 41 0
1998 27 1120 1178 4191 44 0
1999 29 1187 1248 4437 46 0
2000 31 1258 1322 4697 49 0
2001 32 1332 1399 4967 52 0
2002 34 1409 1479 5252 55 0
2003 36 1489 1562 5544 58 0
2004 38 1572 1648 5846 61 0
2005 40 1657 1737 6158 64 0
2006 43 1746 1828 6481 67 0
2007 45 1837 1919 6818 71 0
2008 47 1930 2015 7165 74 0
2009 49 2026 2113 7515 77 0
2010 52 2122 2215 7855 81 0
2011 54 2220 2316 8217 84 0
2012 57 2319 2414 8599 88 0
2013 59 2418 2517 8966 92 0
2014 61 2517 2612 9320 96 0
2015 64 2615 2708 9672 99 0
2016 66 2712 2808 10036 103 0
2017 69 2806 2908 10412 106 0
2018 71 2898 3003 10771 108 0
2019 73 2986 3094 11119 111 0
2020 75 3070 3184 11457 114 0
2021 77 3149 3264 11771 116 0
2022 79 3221 3343 12076 119 0
2023 81 3287 3409 12346 121 0
Values for breeding stock: MX_AR
Year RUS+WAL EAL+BER+WGOA NGOA SEA+NBC SBC+WA OR+CA
1970 45 788 47 48 15 1
1971 52 905 54 55 17 1
1972 58 1018 61 62 19 1
1973 64 1126 67 68 22 1
1974 70 1230 74 74 24 1
1975 76 1329 80 80 25 2
1976 81 1425 85 85 27 2
1977 87 1517 91 91 29 2
1978 92 1605 96 96 31 2
1979 97 1690 101 101 32 2
1980 102 1792 107 107 34 2
1981 109 1910 114 114 36 2
1982 117 2043 122 121 39 2
1983 125 2189 131 130 42 3
1984 134 2346 140 139 45 3
1985 144 2513 150 148 48 3
1986 154 2689 161 159 51 3
1987 164 2873 171 169 55 3
1988 175 3063 183 180 58 4
1989 187 3263 195 192 62 4
1990 199 3474 207 204 66 4
1991 212 3698 220 217 70 4
1992 225 3935 234 230 75 5
1993 240 4188 249 245 79 5
1994 255 4455 265 260 84 5
1995 271 4738 282 277 89 6
1996 288 5036 299 293 95 6
1997 306 5349 318 311 101 6
1998 325 5676 337 330 107 7
1999 345 6019 357 349 113 7
2000 365 6377 379 370 120 7
2001 387 6751 401 391 127 8
2002 409 7140 423 413 134 8
2003 432 7545 447 436 142 9
2004 456 7966 472 460 149 9
2005 481 8400 497 485 157 10
2006 507 8849 524 510 165 10
2007 534 9311 550 537 174 11
2008 561 9785 577 564 181 11
2009 589 10269 605 592 190 12
2010 617 10757 634 618 199 13
2011 646 11254 663 647 207 13
2012 674 11754 691 677 217 14
2013 704 12259 721 706 227 14
2014 733 12763 748 734 235 15
2015 761 13260 776 762 244 16
2016 790 13749 805 790 253 16
2017 818 14228 833 820 261 17
2018 845 14694 860 848 266 17
2019 871 15140 886 876 274 18
2020 896 15566 912 902 280 18
2021 919 15965 935 927 286 19
2022 941 16332 958 951 293 19
2023 961 16667 977 972 298 19
Values for breeding stock: MX_ML
Year RUS+WAL EAL+BER+WGOA NGOA SEA+NBC SBC+WA OR+CA
1970 58 294 13 16 70 493
1971 67 337 15 18 81 565
1972 75 379 17 20 90 635
1973 83 419 19 22 100 701
1974 90 457 21 24 109 765
1975 98 494 22 26 118 826
1976 105 529 24 28 126 884
1977 111 563 25 30 134 941
1978 118 595 27 31 142 994
1979 124 626 28 33 149 1046
1980 131 664 30 35 158 1108
1981 140 707 32 37 169 1180
1982 150 756 34 40 180 1261
1983 160 810 36 42 193 1350
1984 172 868 39 45 206 1445
1985 184 929 42 49 221 1547
1986 197 994 44 52 236 1654
1987 210 1061 47 55 252 1765
1988 224 1131 51 59 268 1880
1989 238 1204 54 63 286 2001
1990 254 1281 57 66 304 2129
1991 270 1363 61 71 323 2264
1992 287 1450 65 75 343 2407
1993 305 1542 69 80 365 2559
1994 325 1640 73 85 387 2720
1995 345 1744 78 90 411 2890
1996 367 1853 83 96 437 3069
1997 390 1967 88 101 464 3257
1998 413 2086 93 107 492 3454
1999 438 2211 99 114 520 3659
2000 464 2342 104 120 551 3874
2001 491 2479 110 127 582 4098
2002 520 2620 117 134 615 4331
2003 549 2768 123 142 649 4573
2004 579 2921 130 149 684 4824
2005 611 3079 137 157 718 5082
2006 643 3242 144 165 754 5349
2007 676 3410 151 174 794 5624
2008 710 3582 158 183 827 5910
2009 745 3757 166 192 870 6201
2010 781 3934 174 200 908 6493
2011 817 4114 182 209 945 6792
2012 853 4294 190 219 989 7095
2013 889 4477 197 228 1034 7402
2014 925 4658 205 237 1074 7693
2015 961 4836 212 246 1112 7962
2016 996 5012 220 255 1151 8212
2017 1031 5184 228 264 1187 8490
2018 1064 5351 235 273 1210 8744
2019 1097 5511 242 282 1245 9005
2020 1127 5660 249 290 1270 9259
2021 1156 5802 255 298 1301 9494
2022 1183 5934 261 306 1332 9715
2023 1207 6052 266 312 1354 9912
Values for breeding stock: Central_Am
Year RUS+WAL EAL+BER+WGOA NGOA SEA+NBC SBC+WA OR+CA
1970 0 0 0 0 16 928
1971 0 0 0 0 18 1066
1972 0 0 0 0 20 1198
1973 0 0 0 0 22 1324
1974 0 0 0 0 24 1445
1975 0 0 0 0 26 1561
1976 0 0 0 0 28 1673
1977 0 0 0 0 30 1779
1978 0 0 0 0 32 1882
1979 0 0 0 0 33 1979
1980 0 0 0 0 35 2098
1981 0 0 0 0 38 2235
1982 0 0 0 0 40 2389
1983 0 0 0 0 43 2558
1984 0 0 0 0 46 2740
1985 0 0 0 0 50 2934
1986 0 0 0 0 53 3138
1987 0 0 0 0 57 3350
1988 0 0 0 0 60 3570
1989 0 0 0 0 64 3800
1990 0 0 0 0 68 4044
1991 0 0 0 0 73 4302
1992 0 0 0 0 77 4575
1993 0 0 0 0 82 4866
1994 0 0 0 0 87 5173
1995 0 0 0 0 93 5499
1996 0 0 0 0 98 5842
1997 0 0 0 0 104 6202
1998 0 0 0 0 111 6578
1999 0 0 0 0 117 6971
2000 0 0 0 0 124 7384
2001 0 0 0 0 131 7813
2002 0 0 0 0 139 8260
2003 0 0 0 0 146 8724
2004 0 0 0 0 154 9205
2005 0 0 0 0 162 9701
2006 0 0 0 0 170 10213
2007 0 0 0 0 179 10742
2008 0 0 0 0 187 11291
2009 0 0 0 0 197 11852
2010 0 0 0 0 206 12414
2011 0 0 0 0 214 12992
2012 0 0 0 0 224 13577
2013 0 0 0 0 234 14168
2014 0 0 0 0 243 14732
2015 0 0 0 0 252 15255
2016 0 0 0 0 261 15743
2017 0 0 0 0 269 16282
2018 0 0 0 0 275 16773
2019 0 0 0 0 283 17282
2020 0 0 0 0 289 17785
2021 0 0 0 0 296 18239
2022 0 0 0 0 303 18666
2023 0 0 0 0 308 19056

Catch numbers by breeding stock
Year Asia Hawaii MX_AR MX_ML Central_Am
1970 0.9 0 0 1.1 0.3
1971 0.9 0 0 1.2 0.3
1972 1 0 0 1.3 0.3
1973 1.1 0 0 1.3 0.4
1974 1.2 0.1 0 1.4 0.4
1975 1.2 0.1 0 1.5 0.4
1976 1.3 0.1 0 1.6 0.4
1977 1.4 0.1 0 1.6 0.4
1978 1.5 0.1 0 1.7 0.5
1979 1.6 0.1 0 1.8 0.5
1980 1.8 0.1 0 1.9 0.5
1981 1.9 0.1 0 2 0.5
1982 2 0.1 0 2.1 0.6
1983 2.2 0.1 0 2.2 0.6
1984 2.3 0.1 0 2.4 0.6
1985 2.5 0.1 0 2.5 0.7
1986 2.6 0.1 0 2.6 0.7
1987 2.8 0.1 0 2.8 0.7
1988 3 0.1 0 2.9 0.8
1989 3.2 0.1 0 3.1 0.8
1990 3.5 0.2 0 3.2 0.8
1991 3.7 0.2 0 3.4 0.9
1992 4 0.2 0 3.6 0.9
1993 4.3 0.2 0 3.8 1
1994 4.6 0.2 0 4 1
1995 4.9 0.2 0 4.2 1.1
1996 5.2 0.2 0 4.4 1.1
1997 5.6 0.2 0 4.7 1.2
1998 6 0.2 0 4.9 1.2
1999 6.4 0.2 0 5.2 1.3
2000 6.9 0.3 0 5.5 1.4
2001 7.3 0.3 0 5.8 1.4
2002 7.9 0 0 5.8 1.5
2003 8.4 0 0 5.8 1.6
2004 9 0 0 6.7 1.7
2005 9.6 0 0 8.1 1.8
2006 10.3 1 0 6.8 1.8
2007 11.1 0 0 7.7 1.9
2008 11.8 0 0 7.9 2
2009 12.7 0 0 9 2.1
2010 13.6 0 0 9.3 2.2
2011 14.5 0.8 0 10.6 2.4
2012 15.5 0 0 10.9 2.5
2013 28 0 0 10.8 2.6
2014 0 5 0 13 2.7
2015 72 0 0 14.2 2.9
2016 12 0.1 0 14.2 3
2017 12 0.1 0 13.4 3.2
2018 16 0.1 0 13.4 3.3
2019 4 0.4 0 13.4 1.7
2020 26.8 0.4 0 23.8 5
2021 28.6 0.4 0 12.8 4.7
2022 30.7 0.4 0 10.5 3.7
2023 32.8 0.4 0 18.4 4.2

Catch numbers by feeding ground
Year RUS+WAL EAL+BER+WGOA NGOA SEA+NBC SBC+WA OR+CA
1970 0 5.7 0.1 6.8 0.1 6.4
1971 0 1.8 0.1 4 0.1 1.5
1972 4 0.8 0.1 4.1 0.1 1.6
1973 0 0.8 0.1 4.3 0.1 1.7
1974 0 0.8 0.1 4.5 0.1 2.5
1975 0 0.8 0.2 4.7 0.1 2.7
1976 0 0.8 0.2 4.9 0.2 2.9
1977 0 0.8 0.2 5.2 0.2 3.1
1978 0 0.8 0.2 5.4 0.2 3.3
1979 0 1 0.2 5.6 0.2 3.5
1980 0 1 0.2 5.9 0.2 3.9
1981 0 1 0.3 6.1 0.3 4.2
1982 0 1 0.4 6.5 0.3 4.5
1983 0 1 0.4 6.7 0.3 4.8
1984 0 1 0.5 7.1 0.4 4.6
1985 0 1 0.5 6.7 0.4 5
1986 0 1 0.7 7.8 0.4 5.4
1987 0 1 0.7 10 0.5 5.8
1988 0 1.1 0.8 8.5 0.5 6.3
1989 0 0.9 0.8 6.1 0.6 6.1
1990 0 1 0.8 7.4 0.7 5.8
1991 0 1 0.9 8.2 0.7 7.6
1992 0 1.1 0.9 9.8 0.8 8.3
1993 0 1.1 1 7.1 0.9 8.6
1994 0 1.2 1 9.3 1 8.8
1995 0 1.2 1 9.3 1.1 9.6
1996 0 1.2 1.1 12.7 1.2 9.9
1997 0 1.2 1.3 12.7 0.9 10.7
1998 0 3 1.4 14.7 1.2 12
1999 0 2.6 1.4 17.4 1.7 13.5
2000 0 1.2 1.5 14.1 1.5 11.6
2001 0 1.2 1.8 16.4 1.7 13.4
2002 0 2.4 1.9 13.8 1.9 13.7
2003 0 1.4 2 18.9 2.3 16
2004 0 1.4 2.3 22 2.5 15.9
2005 0 1.6 2.3 23.3 5.8 20.1
2006 0 1.6 2.4 22.7 5.3 22.1
2007 0 0.1 7.3 18.4 0 18.1
2008 0 0.1 4.3 19.7 12.4 8.8
2009 0 0.1 4.3 24.1 0 9.8
2010 0 6.1 0.8 44.5 7 24.5
2011 0 3.1 4 28.4 11 11.9
2012 0 4.1 8.8 11.6 0 10
2013 0 0.1 4 31.6 0 4.7
2014 0 0.1 11.8 43.7 7 45.2
2015 0 4.1 12 51 9.1 103.4
2016 0 4.1 4.8 34.8 7.1 150.3
2017 0 4.1 2.1 16.3 11.1 60.3
2018 0 1.1 4 26.6 30.1 111.1
2019 0 4.1 6 27.3 9.1 61
2020 0 1.1 0 24 23 31.2
2021 0 2.2 7 33.7 13 62.4
2022 0 4.3 0.8 22.3 8 56
2023 0 3.6 9.1 40.1 19.2 59.7
