Stock structure: B2F2; Model type = BC
Mortality impacts feeding grounds
Recruitment related to unfished
Straying rate: 0
Age-at-maturity: 8
Base adult survival: 0.96
Sigma for survival devs: 6
Additional variance estimated
Weight for mark-recapture proportions: 1
Weight for genetics proportions: 1


Total objective fn: 404.175796122269
Negative log-likelihood fn: 278.174343203453

Natural Survival by feeding ground
RUS+WAL,EAL+BER+WGOA,NGOA,SEA+NBC,SBC+WA,OR+CA
1970 0.96 0.96 0.96 0.96 0.96 0.96
1971 0.96 0.96 0.96 0.96 0.96 0.96
1972 0.96 0.96 0.96 0.96 0.96 0.96
1973 0.96 0.96 0.96 0.96 0.96 0.96
1974 0.96 0.96 0.96 0.96 0.96 0.96
1975 0.96 0.96 0.96 0.96 0.96 0.96
1976 0.96 0.96 0.96 0.96 0.96 0.96
1977 0.96 0.96 0.96 0.96 0.96 0.96
1978 0.96 0.96 0.96 0.96 0.96 0.96
1979 0.96 0.96 0.96 0.96 0.96 0.96
1980 0.96 0.96 0.96 0.96 0.96 0.96
1981 0.96 0.96 0.96 0.96 0.96 0.96
1982 0.96 0.96 0.96 0.96 0.96 0.96
1983 0.96 0.96 0.96 0.96 0.96 0.96
1984 0.96 0.96 0.96 0.96 0.96 0.96
1985 0.96 0.96 0.96 0.96 0.96 0.96
1986 0.96 0.96 0.96 0.96 0.96 0.96
1987 0.96 0.96 0.96 0.96 0.96 0.96
1988 0.96 0.96 0.96 0.96 0.96 0.96
1989 0.96 0.96 0.96 0.96 0.96 0.96
1990 0.96 0.96 0.96 0.96 0.96 0.96
1991 0.96 0.96 0.96 0.96 0.96 0.96
1992 0.96 0.96 0.96 0.96 0.96 0.96
1993 0.9678749 0.9517474 0.9582844 0.9647952 0.9711218 0.9864781
1994 0.9668581 0.97638 0.969624 0.9662814 0.9657032 0.9681302
1995 0.9680984 0.9697731 0.9707928 0.9687864 0.9659693 0.9650657
1996 0.962783 0.9646016 0.9717478 0.972449 0.9631865 0.9299144
1997 0.959643 0.9460414 0.9411006 0.9505387 0.9514122 0.9540674
1998 0.9500087 0.9752132 0.96228 0.9566595 0.9464722 0.9788253
1999 0.9704952 0.9725666 0.9653628 0.9703321 0.9685063 0.9363105
2000 0.9622527 0.9703895 0.9551429 0.9665086 0.9655941 0.9547005
2001 0.9724521 0.957564 0.9481422 0.9657389 0.9688325 0.9585604
2002 0.9627002 0.9526811 0.9659171 0.958511 0.9395827 0.9565363
2003 0.9639193 0.9440301 0.9504588 0.9528165 0.9525955 0.9635412
2004 0.9629248 0.9276948 0.9403501 0.9291544 0.9512122 0.9423693
2005 0.9543753 0.9289595 0.9284818 0.9490365 0.9619252 0.9588736
2006 0.9517685 0.9663855 0.9552178 0.952428 0.9522112 0.9373792
2007 0.9572381 0.9308338 0.9576536 0.9435969 0.9637536 0.9519873
2008 0.9444027 0.9653208 0.9643382 0.9698386 0.9664058 0.9479132
2009 0.9469237 0.962988 0.9660519 0.9561442 0.9383196 0.9577627
2010 0.9558319 0.9638539 0.961168 0.9479586 0.9526446 0.9736672
2011 0.9568919 0.9509682 0.9692071 0.9706037 0.9710811 0.954131
2012 0.9586625 0.9741064 0.9702505 0.9671155 0.969437 0.9595716
2013 0.949269 0.9601533 0.9612312 0.954539 0.950775 0.9720758
2014 0.9530644 0.936321 0.9508748 0.9526729 0.9448122 0.9537565
2015 0.9602744 0.9312988 0.948015 0.9482715 0.9251563 0.9641707
2016 0.9475934 0.93808 0.9300624 0.9276392 0.9286405 0.952059
2017 0.9499975 0.9334883 0.9567292 0.9592723 0.9574003 0.9442459
2018 0.9557745 0.9414717 0.961918 0.9471561 0.9172579 0.9404156
2019 0.9538378 0.8722531 0.924402 0.9445514 0.9223425 0.9690573
2020 0.9499753 0.9248432 0.9442265 0.9501097 0.93498 0.9641442
2021 0.9374754 0.9573299 0.9555642 0.9394851 0.8499432 0.9478076
2022 0.9178394 0.9491122 0.9431353 0.9474804 0.9401991 0.9686039
2023 0.9300089 0.9615123 0.952601 0.9500427 0.9042509 0.963125

Natural Survival by breeding stock
RUS+WAL,EAL+BER+WGOA,NGOA,SEA+NBC,SBC+WA,OR+CA
1970 0.96 0.96 0.96 0.96 0.96
1971 0.96 0.96 0.96 0.96 0.96
1972 0.96 0.96 0.96 0.96 0.96
1973 0.96 0.96 0.96 0.96 0.96
1974 0.96 0.96 0.96 0.96 0.96
1975 0.96 0.96 0.96 0.96 0.96
1976 0.96 0.96 0.96 0.96 0.96
1977 0.96 0.96 0.96 0.96 0.96
1978 0.96 0.96 0.96 0.96 0.96
1979 0.96 0.96 0.96 0.96 0.96
1980 0.96 0.96 0.96 0.96 0.96
1981 0.96 0.96 0.96 0.96 0.96
1982 0.96 0.96 0.96 0.96 0.96
1983 0.96 0.96 0.96 0.96 0.96
1984 0.96 0.96 0.96 0.96 0.96
1985 0.96 0.96 0.96 0.96 0.96
1986 0.96 0.96 0.96 0.96 0.96
1987 0.96 0.96 0.96 0.96 0.96
1988 0.96 0.96 0.96 0.96 0.96
1989 0.96 0.96 0.96 0.96 0.96
1990 0.96 0.96 0.96 0.96 0.96
1991 0.96 0.96 0.96 0.96 0.96
1992 0.96 0.96 0.96 0.96 0.96
1993 0.96 0.96 0.96 0.96 0.96
1994 0.96 0.96 0.96 0.96 0.96
1995 0.96 0.96 0.96 0.96 0.96
1996 0.96 0.96 0.96 0.96 0.96
1997 0.96 0.96 0.96 0.96 0.96
1998 0.96 0.96 0.96 0.96 0.96
1999 0.96 0.96 0.96 0.96 0.96
2000 0.96 0.96 0.96 0.96 0.96
2001 0.96 0.96 0.96 0.96 0.96
2002 0.96 0.96 0.96 0.96 0.96
2003 0.96 0.96 0.96 0.96 0.96
2004 0.96 0.96 0.96 0.96 0.96
2005 0.96 0.96 0.96 0.96 0.96
2006 0.96 0.96 0.96 0.96 0.96
2007 0.96 0.96 0.96 0.96 0.96
2008 0.96 0.96 0.96 0.96 0.96
2009 0.96 0.96 0.96 0.96 0.96
2010 0.96 0.96 0.96 0.96 0.96
2011 0.96 0.96 0.96 0.96 0.96
2012 0.96 0.96 0.96 0.96 0.96
2013 0.96 0.96 0.96 0.96 0.96
2014 0.96 0.96 0.96 0.96 0.96
2015 0.96 0.96 0.96 0.96 0.96
2016 0.96 0.96 0.96 0.96 0.96
2017 0.96 0.96 0.96 0.96 0.96
2018 0.96 0.96 0.96 0.96 0.96
2019 0.96 0.96 0.96 0.96 0.96
2020 0.96 0.96 0.96 0.96 0.96
2021 0.96 0.96 0.96 0.96 0.96
2022 0.96 0.96 0.96 0.96 0.96
2023 0.96 0.96 0.96 0.96 0.96

Fecundity by feeding ground
RUS+WAL,EAL+BER+WGOA,NGOA,SEA+NBC,SBC+WA,OR+CA
1970 0.9453774 0.9478926 0.9367225 0.9335571 0.954971 0.9659529
1971 0.9453774 0.9478926 0.9367225 0.9335571 0.954971 0.9659529
1972 0.9453774 0.9478926 0.9367225 0.9335571 0.954971 0.9659529
1973 0.9453774 0.9478926 0.9367225 0.9335571 0.954971 0.9659529
1974 0.9453774 0.9478926 0.9367225 0.9335571 0.954971 0.9659529
1975 0.9453774 0.9478926 0.9367225 0.9335571 0.954971 0.9659529
1976 0.9453774 0.9478926 0.9367225 0.9335571 0.954971 0.9659529
1977 0.9453774 0.9478926 0.9367225 0.9335571 0.954971 0.9659529
1978 0.9453774 0.9478926 0.9367225 0.9335571 0.954971 0.9659529
1979 0.9387728 0.9417873 0.9279644 0.9245007 0.950363 0.9640274
1980 0.9338113 0.9358304 0.919558 0.9158184 0.9459436 0.9621934
1981 0.9277298 0.9301132 0.911488 0.9075052 0.9417052 0.9604516
1982 0.9219244 0.9246313 0.9037473 0.8995531 0.9376426 0.9588633
1983 0.916353 0.9193716 0.8963556 0.8919418 0.9337467 0.9573627
1984 0.9110363 0.9143263 0.8892612 0.8846578 0.9300605 0.9559463
1985 0.9059626 0.909484 0.8824505 0.8776979 0.926522 0.9546061
1986 0.9011236 0.9048395 0.8759139 0.8710391 0.9231333 0.9533527
1987 0.8965101 0.9004048 0.8696402 0.8646695 0.9198845 0.9521736
1988 0.8904103 0.8945412 0.8613704 0.8562806 0.915533 0.950555
1989 0.8833009 0.8873647 0.8513545 0.846082 0.9102344 0.9485319
1990 0.8749517 0.8790095 0.8397853 0.8343009 0.9040401 0.9461566
1991 0.865533 0.8696021 0.8268035 0.8211045 0.8970377 0.9434776
1992 0.8551364 0.859259 0.8126219 0.8066882 0.8893657 0.9404873
1993 0.8439096 0.8480847 0.7973496 0.7911208 0.8810636 0.9372864
1994 0.8319309 0.8361754 0.7811998 0.7747157 0.8721978 0.9338957
1995 0.8193328 0.8236256 0.7642212 0.7577219 0.8628893 0.9303518
1996 0.8062053 0.8105306 0.7465663 0.7398469 0.853148 0.9266961
1997 0.7922372 0.7965602 0.7278162 0.720621 0.8427741 0.9227424
1998 0.7772821 0.7814965 0.7076904 0.700172 0.8315702 0.918382
1999 0.7611015 0.7651353 0.6860195 0.678232 0.8193269 0.9137624
2000 0.7435809 0.7473478 0.6626275 0.6547548 0.8059622 0.908699
2001 0.7246174 0.7280308 0.6374928 0.6292082 0.7913981 0.9031017
2002 0.7019289 0.7094461 0.6112189 0.6002593 0.7732498 0.8947418
2003 0.6776487 0.6822441 0.5786736 0.5686685 0.7546103 0.8870676
2004 0.651086 0.6547582 0.5433497 0.5342923 0.7343549 0.8789387
2005 0.6245779 0.6270494 0.505329 0.4959614 0.7130966 0.8740206
2006 0.5977188 0.6049696 0.4810814 0.4671544 0.6939398 0.866228
2007 0.5735361 0.5699206 0.4449632 0.4344596 0.6755508 0.8548872
2008 0.5393005 0.5333057 0.4056273 0.392173 0.6487489 0.8479623
2009 0.5069184 0.495256 0.3712923 0.3506213 0.6210824 0.8381948
2010 0.4676869 0.461811 0.341061 0.307608 0.5902638 0.8270691
2011 0.4318569 0.4295382 0.2981961 0.2690239 0.570184 0.8156007
2012 0.3941269 0.4021031 0.2661632 0.2344757 0.5438783 0.8019469
2013 0.3560254 0.3853669 0.2431503 0.2215119 0.5189303 0.7917247
2014 0.322909 0.3689494 0.2328009 0.1939097 0.4873062 0.7774401
2015 0.2915393 0.3278772 0.2021029 0.165864 0.4566703 0.7664464
2016 0.2554087 0.3121764 0.171127 0.1518052 0.424608 0.7506578
2017 0.2303561 0.2732333 0.1459271 0.1377345 0.3836148 0.7350159
2018 0.2047297 0.2367033 0.1372273 0.137233 0.3635124 0.7173504
2019 0.1750081 0.1988511 0.1381969 0.1375622 0.3369016 0.6925928
2020 0.1521306 0.1747528 0.1406967 0.1398357 0.290737 0.6718439
2021 0.1412415 0.1431715 0.1426589 0.1412056 0.2434095 0.6476451
2022 0.1375772 0.1371352 0.1432343 0.1411867 0.2137575 0.6214845
2023 0.1382899 0.137185 0.1432076 0.1405591 0.1921059 0.606371

Total abundance: Estimate SD_log
1970 993.0454 0.04896333
1971 1197.142 0.04578462
1972 1404.116 0.04331621
1973 1599.546 0.04166042
1974 1790.519 0.04035404
1975 1972.605 0.03937464
1976 2146.832 0.0386092
1977 2313.417 0.03799959
1978 2472.763 0.0375045
1979 2625.064 0.0370983
1980 2826.722 0.03624419
1981 3071.613 0.03513746
1982 3356.155 0.03389931
1983 3675.506 0.03264016
1984 4025.871 0.0314234
1985 4403.552 0.03028603
1986 4805.373 0.0292436
1987 5226.669 0.02830934
1988 5663.363 0.027484
1989 6128.974 0.02667857
1990 6633.085 0.02585702
1991 7177.787 0.02502724
1992 7765.927 0.02419816
1993 8400.444 0.02338069
1994 9112.688 0.02219232
1995 9949.206 0.02113274
1996 10838.94 0.02034787
1997 11740.83 0.01982612
1998 12493.15 0.01931904
1999 13467.54 0.01899549
2000 14545.29 0.01868692
2001 15652.66 0.01860152
2002 16748.49 0.01850317
2003 17797.91 0.01838174
2004 18760.61 0.01812357
2005 19371.63 0.01760724
2006 20096.58 0.01768726
2007 21080.33 0.01771479
2008 21795.38 0.01785035
2009 22885.75 0.01802581
2010 23803.62 0.01847219
2011 24629.1 0.01942143
2012 25489.92 0.02022906
2013 26503.74 0.02145609
2014 27237.36 0.02256606
2015 27553.62 0.02376037
2016 27563.59 0.02531324
2017 27333.9 0.02706172
2018 27434.66 0.0289136
2019 27314.76 0.03120485
2020 26622.76 0.03337941
2021 26478.94 0.03489195
2022 26215.29 0.03562142
2023 26166.32 0.03537926
2024 26173.69 0.03558693

Breeding stock abundance: Estimate SD_log Estimate/K
Asia
1970 61.8115 0.09389608 4.151832
1971 74.9268 0.09224348 5.032777
1972 87.60814 0.09115082 5.884573
1973 97.35817 0.09254588 6.539475
1974 108.9734 0.09184199 7.319662
1975 120.0281 0.09138451 8.062201
1976 130.6408 0.09102917 8.775043
1977 140.733 0.09080769 9.452929
1978 150.3256 0.09068598 10.09726
1979 159.4385 0.09064108 10.70937
1980 171.5514 0.09016478 11.52298
1981 185.617 0.08979732 12.46776
1982 202.1174 0.08913976 13.57607
1983 220.7659 0.08830147 14.82868
1984 241.2285 0.08739004 16.20314
1985 263.3601 0.08642738 17.6897
1986 286.8395 0.08548715 19.26679
1987 311.5595 0.0845638 20.92721
1988 337.2329 0.08370051 22.65168
1989 364.4712 0.08279764 24.48125
1990 393.645 0.08184075 26.44084
1991 425.0621 0.08079812 28.5511
1992 459.0969 0.07963323 30.83719
1993 495.8522 0.07836217 33.30602
1994 538.8367 0.0769975 36.19326
1995 586.3146 0.07550642 39.38231
1996 637.6886 0.0740201 42.83307
1997 688.9091 0.07259612 46.2735
1998 739.3696 0.07132408 49.6629
1999 787.6432 0.07022062 52.90541
2000 853.5133 0.06926939 57.32984
2001 916.1633 0.06864809 61.538
2002 989.5751 0.06843844 66.46902
2003 1056.415 0.06877528 70.95859
2004 1125.304 0.06983998 75.58579
2005 1192.242 0.07184459 80.08197
2006 1250.022 0.07490691 83.96305
2007 1308.969 0.07913591 87.92245
2008 1368.992 0.08475552 91.95419
2009 1413.738 0.09165859 94.9597
2010 1457.175 0.1001107 97.87733
2011 1506.934 0.1104403 101.2197
2012 1550.803 0.1225642 104.1663
2013 1594.525 0.1362299 107.103
2014 1603.682 0.1526094 107.7181
2015 1635.396 0.1682069 109.8483
2016 1600.498 0.1933756 107.5043
2017 1599.026 0.2138769 107.4054
2018 1593.57 0.2358646 107.0389
2019 1586.912 0.2591919 106.5917
2020 1567.735 0.2804969 105.3036
2021 1523.155 0.2964107 102.3092
2022 1461.409 0.3027287 98.16175
2023 1372.818 0.3039423 92.21114
Hawaii
1970 669.1123 0.05345465 5.879595
1971 811.1336 0.05016356 7.127559
1972 952.36 0.04777464 8.368537
1973 1087.627 0.04611547 9.557149
1974 1218.124 0.04487355 10.70385
1975 1343.124 0.04393226 11.80224
1976 1462.86 0.04319753 12.85438
1977 1577.562 0.04261052 13.86229
1978 1687.404 0.0421337 14.82749
1979 1792.671 0.04173871 15.75248
1980 1931.422 0.04093521 16.97171
1981 2100.111 0.03989271 18.45401
1982 2295.643 0.03874347 20.17218
1983 2514.858 0.03758664 22.09846
1984 2755.233 0.03647822 24.21066
1985 3013.875 0.03545469 26.48339
1986 3289.306 0.03451992 28.90365
1987 3577.837 0.03369183 31.43902
1988 3876.614 0.03297054 34.06442
1989 4195.596 0.03226606 36.86736
1990 4540.868 0.03154927 39.90133
1991 4912.501 0.0308406 43.16692
1992 5313.74 0.03013991 46.69267
1993 5745.244 0.0294624 50.48437
1994 6216.152 0.02841573 54.62231
1995 6778.626 0.02748 59.56485
1996 7380.44 0.02682005 64.85309
1997 8022.155 0.02628445 70.49195
1998 8515.698 0.02584607 74.82878
1999 9148.831 0.0256214 80.39222
2000 9893.873 0.02545226 86.93903
2001 10636.47 0.02543667 93.4643
2002 11355.51 0.025398 99.78267
2003 12040.48 0.02532185 105.8016
2004 12634.46 0.02509147 111.021
2005 12959.5 0.02463009 113.8771
2006 13369.78 0.02477257 117.4823
2007 13986.43 0.0247264 122.9009
2008 14373.56 0.02468084 126.3027
2009 15062.51 0.02459231 132.3566
2010 15573.23 0.02474748 136.8445
2011 15947.45 0.02535507 140.1327
2012 16417.25 0.02561044 144.261
2013 16949.43 0.02628224 148.9373
2014 17234.58 0.02687669 151.4429
2015 17265.43 0.02755195 151.7141
2016 17109.52 0.02837944 150.3441
2017 16764.84 0.02929483 147.3153
2018 16685.03 0.03014062 146.614
2019 16472.87 0.03128105 144.7497
2020 15747.22 0.03281572 138.3733
2021 15419.76 0.03422176 135.4959
2022 15070.02 0.03560359 132.4226
2023 14816.57 0.03634336 130.1955
MX_AR
1970 101.2472 0.07226758 4.501978
1971 122.4883 0.07023728 5.446464
1972 144.1044 0.06866515 6.407629
1973 164.6413 0.06766146 7.320807
1974 184.7599 0.06685534 8.215385
1975 204.0136 0.06626245 9.071504
1976 222.4673 0.06580702 9.892049
1977 240.1576 0.06544783 10.67865
1978 257.1178 0.06515777 11.43279
1979 273.3799 0.06491962 12.15589
1980 294.8499 0.06444579 13.11056
1981 320.9725 0.0638486 14.2721
1982 351.3692 0.06319559 15.6237
1983 385.5698 0.0625469 17.14443
1984 423.1648 0.06193639 18.8161
1985 463.7763 0.06137901 20.6219
1986 507.0398 0.06088268 22.54562
1987 552.5623 0.06044601 24.56979
1988 600.0152 0.06006335 26.67979
1989 650.5677 0.05970302 28.92762
1990 705.2266 0.05934688 31.35803
1991 764.5147 0.05899041 33.99429
1992 828.8133 0.05864189 36.85334
1993 898.4945 0.05830285 39.95173
1994 971.7057 0.05786361 43.20708
1995 1066.732 0.05748636 47.43244
1996 1165.364 0.05718623 51.81812
1997 1264.049 0.05700952 56.2062
1998 1346.425 0.05681136 59.86903
1999 1463.408 0.05674477 65.07069
2000 1587.973 0.05670942 70.60952
2001 1716.607 0.0567592 76.32928
2002 1837.946 0.05672184 81.72463
2003 1956.546 0.05666197 86.99821
2004 2063.056 0.05652635 91.73416
2005 2135.662 0.05632348 94.96261
2006 2209.169 0.05635669 98.2311
2007 2339.289 0.05655302 104.0169
2008 2415.896 0.0566842 107.4233
2009 2545.383 0.05695595 113.181
2010 2665.146 0.0574225 118.5062
2011 2782.909 0.0580917 123.7426
2012 2878.157 0.05884446 127.9778
2013 3013.559 0.06005085 133.9985
2014 3116.806 0.06141958 138.5894
2015 3156.351 0.06265188 140.3477
2016 3166.586 0.06415023 140.8029
2017 3165.896 0.0660877 140.7722
2018 3163.84 0.06811287 140.6808
2019 3155.387 0.07058038 140.3049
2020 2997.675 0.07297906 133.2922
2021 2951.406 0.07533558 131.2348
2022 2932.679 0.07631751 130.4021
2023 2911.002 0.07645018 129.4383
MX_ML
1970 129.3893 0.06494933 0.9110989
1971 152.3237 0.06444631 1.072592
1972 177.7874 0.06334439 1.251896
1973 201.9459 0.06268094 1.422008
1974 225.3221 0.06219535 1.586613
1975 247.1752 0.06195796 1.740491
1976 267.9274 0.0618232 1.886619
1977 287.6048 0.06176515 2.025178
1978 306.3662 0.06174014 2.157287
1979 324.1542 0.06175896 2.282542
1980 348.104 0.06152731 2.451185
1981 377.4413 0.06116774 2.657764
1982 411.7109 0.06074329 2.899074
1983 450.2551 0.06032326 3.170485
1984 492.5634 0.05994018 3.4684
1985 538.3265 0.05959453 3.790642
1986 586.8979 0.05931316 4.132659
1987 637.8213 0.0590874 4.491238
1988 690.5772 0.0589183 4.86272
1989 746.7011 0.05877087 5.257918
1990 807.7049 0.05861018 5.687478
1991 874.5336 0.05840799 6.158055
1992 946.5251 0.0582409 6.664985
1993 1024.874 0.05806791 7.216682
1994 1123.335 0.05730315 7.909997
1995 1229.94 0.05725015 8.660663
1996 1341.618 0.0572411 9.447047
1997 1434.845 0.05767314 10.1035
1998 1535.386 0.05749676 10.81147
1999 1675.455 0.05743058 11.79777
2000 1794.991 0.05777416 12.63949
2001 1936.228 0.05793969 13.63401
2002 2082.068 0.05783092 14.66095
2003 2224.516 0.05767469 15.664
2004 2374.806 0.05718214 16.72227
2005 2486.904 0.05657538 17.51161
2006 2624.374 0.0559238 18.47961
2007 2768.156 0.05628192 19.49206
2008 2911.551 0.05567092 20.50177
2009 3088.54 0.05584796 21.74805
2010 3273.552 0.05573999 23.05082
2011 3484.735 0.05551341 24.53787
2012 3671.641 0.05548118 25.85397
2013 3899.538 0.05564979 27.45871
2014 4143.133 0.05528058 29.17399
2015 4292.788 0.0549734 30.2278
2016 4420.014 0.05474143 31.12366
2017 4495.939 0.05516327 31.65829
2018 4621.196 0.05540869 32.54029
2019 4688.423 0.05630993 33.01367
2020 4799.207 0.05558053 33.79376
2021 4970.523 0.0562371 35.00009
2022 5073.321 0.05756116 35.72394
2023 5279.127 0.05910859 37.17313
Central_Am
1970 31.48503 0.09020754 2.041904
1971 36.27 0.0905096 2.352225
1972 42.25564 0.09011161 2.740413
1973 47.97359 0.08987205 3.11124
1974 53.33926 0.08988008 3.459221
1975 58.26438 0.08996237 3.77863
1976 62.93628 0.09004933 4.081618
1977 67.35952 0.09014102 4.36848
1978 71.54942 0.09023308 4.640208
1979 75.42005 0.09043846 4.89123
1980 80.79429 0.09044237 5.239767
1981 87.47146 0.09031694 5.672803
1982 95.31483 0.09014136 6.18147
1983 104.0572 0.09003986 6.748442
1984 113.682 0.08992976 7.372638
1985 124.2147 0.08980969 8.055716
1986 135.2901 0.0897685 8.773996
1987 146.8892 0.0897485 9.526232
1988 158.9236 0.08974668 10.3067
1989 171.6386 0.08978333 11.13131
1990 185.6395 0.08977047 12.03931
1991 201.1752 0.08972069 13.04685
1992 217.752 0.0897063 14.12191
1993 235.9786 0.08966082 15.30396
1994 262.6583 0.08986008 17.03423
1995 287.5933 0.09000587 18.65134
1996 313.8329 0.09012507 20.35306
1997 330.8684 0.08939924 21.45787
1998 356.2672 0.08969449 23.10506
1999 392.2027 0.09005258 25.4356
2000 414.9382 0.08946134 26.91007
2001 447.1977 0.08936689 29.00219
2002 483.3855 0.08925454 31.34909
2003 519.9528 0.08910904 33.72059
2004 562.9896 0.08908026 36.51167
2005 597.3308 0.08901432 38.7388
2006 643.2385 0.0889777 41.71607
2007 677.4864 0.08905319 43.93715
2008 725.3825 0.0890098 47.04336
2009 775.5818 0.0891992 50.29895
2010 834.5178 0.08924905 54.12114
2011 907.0812 0.08935162 58.82711
2012 972.0676 0.08961066 63.04168
2013 1046.697 0.08974551 67.88161
2014 1139.159 0.08970268 73.87812
2015 1203.654 0.08974556 78.06082
2016 1266.97 0.08994629 82.16702
2017 1308.202 0.09049644 84.84104
2018 1371.025 0.09111283 88.91535
2019 1411.16 0.09208605 91.51822
2020 1510.919 0.09256768 97.98788
2021 1614.093 0.09368696 104.6791
2022 1677.865 0.0952273 108.8149
2023 1786.806 0.09722292 115.8801

Feeding stock abundance: Estimate SD_log Estimate/K
RUS+WAL
1970 87.93081 0.1147233 3.540706
1971 107.542 0.1124985 4.330388
1972 126.2741 0.1111683 5.084675
1973 140.3318 0.1133311 5.650735
1974 157.5698 0.1123159 6.344858
1975 174.1128 0.1115472 7.010994
1976 189.8996 0.1109921 7.646678
1977 204.965 0.110589 8.253316
1978 219.3333 0.1102991 8.831883
1979 233.0323 0.1100957 9.383502
1980 251.1444 0.1094812 10.11282
1981 272.2542 0.1090443 10.96285
1982 297.0453 0.1082847 11.96111
1983 325.0124 0.1073473 13.08726
1984 355.883 0.1062851 14.33032
1985 389.2185 0.1051892 15.67264
1986 424.7869 0.1040811 17.10487
1987 462.1942 0.1030103 18.61115
1988 501.1736 0.101991 20.18074
1989 542.6489 0.1009238 21.85082
1990 587.055 0.099824 23.63892
1991 635.1001 0.09862357 25.57355
1992 687.1238 0.09731691 27.66838
1993 743.4319 0.0959026 29.93574
1994 810.8008 0.09434645 32.64848
1995 882.8957 0.09275428 35.55152
1996 961.7684 0.09114435 38.72748
1997 1040.479 0.08960287 41.8969
1998 1120.231 0.08818641 45.10829
1999 1192.036 0.0869858 47.99967
2000 1293.691 0.08591051 52.093
2001 1389.841 0.08516296 55.96467
2002 1506.323 0.08483076 60.65504
2003 1612.69 0.08505303 64.93811
2004 1724.643 0.08601229 69.44613
2005 1837.523 0.08790753 73.99145
2006 1935.224 0.09087234 77.92559
2007 2026.897 0.09509092 81.61697
2008 2130.194 0.1006283 85.77644
2009 2199.507 0.1076895 88.56745
2010 2268.465 0.1164279 91.34417
2011 2349.691 0.1271525 94.61491
2012 2425.551 0.1397243 97.66956
2013 2485.655 0.154778 100.0898
2014 2535.254 0.1702461 102.087
2015 2519.488 0.1914987 101.4521
2016 2568.606 0.2109603 103.4299
2017 2569.025 0.2326926 103.4468
2018 2562.756 0.2560806 103.1944
2019 2572.123 0.2791437 103.5716
2020 2540.252 0.3020656 102.2882
2021 2486.551 0.3166581 100.1258
2022 2395.745 0.3217527 96.46935
2023 2257.885 0.3214731 90.91815
EAL+BER+WGOA
1970 277.2736 0.07901077 3.307985
1971 334.5594 0.07817194 3.991428
1972 393.2588 0.07697417 4.691736
1973 450.5553 0.07601392 5.375305
1974 505.4942 0.07533262 6.030749
1975 558.2061 0.0748265 6.659623
1976 608.7691 0.07443833 7.26286
1977 657.2974 0.07413065 7.841822
1978 703.8438 0.07388342 8.39714
1979 748.4876 0.07368145 8.929758
1980 807.2518 0.07328535 9.630839
1981 879.1735 0.07273718 10.48889
1982 962.9075 0.07211831 11.48787
1983 1057.187 0.07148651 12.61267
1984 1160.843 0.07087731 13.84933
1985 1272.831 0.07030782 15.18538
1986 1392.184 0.06978498 16.60931
1987 1517.955 0.06931099 18.10981
1988 1649.291 0.06888486 19.67671
1989 1789.1 0.06847443 21.34469
1990 1940.166 0.06804672 23.14696
1991 2104.134 0.06760515 25.10317
1992 2282.499 0.06714584 27.23112
1993 2476.089 0.06667597 29.54074
1994 2662.442 0.0662934 31.764
1995 2935.056 0.06561784 35.01639
1996 3210.514 0.06503225 38.30273
1997 3488.207 0.06450829 41.61571
1998 3711.287 0.06408725 44.27715
1999 4062.141 0.06363858 48.46298
2000 4427.686 0.06331174 52.82407
2001 4809.003 0.06302081 57.37334
2002 5145.354 0.06279246 61.38614
2003 5467.707 0.06247317 65.23194
2004 5742.485 0.0621284 68.51016
2005 5910.209 0.06186178 70.51117
2006 6074.409 0.06190685 72.47015
2007 6482.454 0.06175002 77.33828
2008 6638.091 0.06208395 79.1951
2009 7019.225 0.06215557 83.74218
2010 7371.195 0.06256598 87.94132
2011 7712.572 0.06335935 92.01409
2012 7937.158 0.06453582 94.69349
2013 8340.928 0.06612281 99.51062
2014 8635.499 0.06804103 103.025
2015 8701.239 0.06994058 103.8093
2016 8667.961 0.07233831 103.4123
2017 8685.965 0.07510543 103.6271
2018 8603.603 0.07848247 102.6444
2019 8543.315 0.08257386 101.9252
2020 7797.504 0.087396 93.02735
2021 7518.794 0.0916204 89.70223
2022 7456.342 0.09263496 88.95716
2023 7326.624 0.09181885 87.40957
NGOA
1970 100.7529 0.08591739 4.580073
1971 123.7884 0.08328345 5.627233
1972 145.8987 0.08164411 6.63233
1973 167.1243 0.08053236 7.597216
1974 187.4841 0.07973543 8.522737
1975 207.0254 0.07913815 9.411059
1976 225.6852 0.07870897 10.2593
1977 243.5985 0.07836678 11.07361
1978 260.7912 0.07808942 11.85517
1979 277.2922 0.07786079 12.60528
1980 299.0431 0.07735704 13.59404
1981 325.4868 0.07668775 14.79613
1982 356.0161 0.07596329 16.18395
1983 390.1608 0.07524023 17.73611
1984 427.561 0.07454084 19.43627
1985 467.7302 0.07389941 21.2623
1986 510.4072 0.07330596 23.20233
1987 555.064 0.07278865 25.23236
1988 601.5999 0.072315 27.34781
1989 650.916 0.07185446 29.58964
1990 703.8508 0.0713763 31.99598
1991 760.9492 0.07087635 34.59158
1992 822.4748 0.07036417 37.38844
1993 888.6838 0.06983908 40.3982
1994 957.789 0.06911211 43.53962
1995 1043.389 0.06845339 47.43086
1996 1136.397 0.0679879 51.65887
1997 1236.597 0.06746761 56.21379
1998 1300.469 0.06696874 59.11734
1999 1395.453 0.06659389 63.43517
2000 1498.965 0.06628487 68.14065
2001 1589.439 0.06600422 72.25345
2002 1668.743 0.06576148 75.85849
2003 1780.285 0.06563489 80.92901
2004 1862.3 0.06556137 84.6573
2005 1919.499 0.06562086 87.25749
2006 1944.808 0.06612924 88.40799
2007 2022.917 0.06648604 91.95868
2008 2095.704 0.06717995 95.2675
2009 2178.62 0.06810124 99.03674
2010 2259.314 0.06931924 102.705
2011 2325.939 0.0708761 105.7336
2012 2395.704 0.07291202 108.905
2013 2454.337 0.07568952 111.5704
2014 2487.929 0.07860719 113.0974
2015 2486.797 0.08193164 113.046
2016 2464.402 0.08553784 112.0279
2017 2388.471 0.08844687 108.5762
2018 2371.821 0.08967311 107.8194
2019 2363.892 0.08898821 107.4589
2020 2265.33 0.08803539 102.9784
2021 2226.59 0.08734812 101.2174
2022 2210.823 0.086986 100.5006
2023 2173.685 0.08690025 98.81237
SEA+NBC
1970 386.6125 0.06700846 5.042691
1971 466.8302 0.06481108 6.088993
1972 546.5188 0.06309639 7.128393
1973 622.924 0.06192484 8.124967
1974 696.0187 0.06109202 9.07836
1975 765.989 0.06047603 9.991002
1976 832.9598 0.06000811 10.86452
1977 897.0598 0.05964585 11.70059
1978 958.299 0.05936726 12.49935
1979 1016.888 0.05914666 13.26355
1980 1094.087 0.05861827 14.27047
1981 1187.774 0.05791595 15.49246
1982 1296.169 0.0571395 16.90628
1983 1417.337 0.05636952 18.48671
1984 1549.888 0.05563979 20.21561
1985 1692.19 0.05497899 22.07169
1986 1843.671 0.05437169 24.0475
1987 2001.649 0.05386167 26.10805
1988 2164.005 0.05346338 28.22571
1989 2337.844 0.05304084 30.49313
1990 2526.594 0.05256949 32.95506
1991 2728.513 0.05212824 35.58874
1992 2945.322 0.05170553 38.41664
1993 3176.802 0.05131899 41.43589
1994 3444.369 0.0505665 44.92584
1995 3733.953 0.05000367 48.70296
1996 4052.468 0.04966853 52.85744
1997 4403.829 0.04947548 57.44034
1998 4669.874 0.04920989 60.91044
1999 4972.217 0.04907536 64.85398
2000 5356.276 0.04906893 69.86336
2001 5738.502 0.0491029 74.84884
2002 6126.706 0.04917327 79.9123
2003 6476.248 0.04916782 84.47146
2004 6777.548 0.04909188 88.4014
2005 6887.577 0.04864236 89.83653
2006 7115.331 0.04876508 92.8072
2007 7356.878 0.04874903 95.95776
2008 7511.99 0.04866036 97.98093
2009 7837.648 0.04872325 102.2286
2010 8012.111 0.04888061 104.5041
2011 8050.418 0.04973082 105.0038
2012 8251.885 0.04973825 107.6316
2013 8400.291 0.05004575 109.5673
2014 8410.856 0.050089 109.7051
2015 8356.528 0.05051181 108.9965
2016 8215.683 0.05094694 107.1594
2017 7901.06 0.05148701 103.0557
2018 7855.757 0.05142303 102.4648
2019 7709.336 0.0517443 100.555
2020 7551.237 0.05173789 98.49284
2021 7453.888 0.05202957 97.22308
2022 7272.307 0.05292044 94.85468
2023 7167.8 0.05341503 93.49156
SBC+WA
1970 40.6002 0.1235494 2.399572
1971 49.92214 0.1224008 2.950522
1972 58.86259 0.1217287 3.478924
1973 67.43681 0.1212979 3.985682
1974 75.65558 0.121003 4.471431
1975 83.53684 0.1207924 4.937233
1976 91.09409 0.1206371 5.383885
1977 98.25252 0.1206337 5.806966
1978 105.1078 0.1206424 6.212128
1979 111.6801 0.120656 6.600567
1980 120.4833 0.1204958 7.120857
1981 131.3023 0.1202184 7.760288
1982 143.8334 0.1199572 8.500911
1983 157.9992 0.1196483 9.338145
1984 173.6198 0.1193212 10.26136
1985 190.415 0.1190698 11.25399
1986 208.3505 0.1188223 12.31403
1987 227.2816 0.1185848 13.4329
1988 246.9882 0.1184048 14.59761
1989 268.0747 0.1181949 15.84387
1990 290.8402 0.1179864 17.18937
1991 315.6084 0.11776 18.65323
1992 342.7451 0.1174677 20.25708
1993 372.3084 0.1171513 22.00434
1994 409.1224 0.1170881 24.18014
1995 446.9301 0.1171003 26.41467
1996 488.0067 0.1169465 28.8424
1997 530.7125 0.1163869 31.36642
1998 569.7667 0.1165263 33.67462
1999 607.4676 0.1161684 35.90283
2000 661.4879 0.1157644 39.09557
2001 717.6573 0.1153142 42.41531
2002 780.2033 0.1148436 46.11194
2003 821.2246 0.1128223 48.5364
2004 874.6408 0.1120533 51.69343
2005 928.4098 0.1114192 54.87131
2006 991.883 0.1110925 58.62273
2007 1048.553 0.1099372 61.97206
2008 1125.796 0.1090935 66.53733
2009 1196.248 0.1088631 70.70123
2010 1243.823 0.1068311 73.51303
2011 1301.408 0.1057152 76.91644
2012 1382.525 0.1057154 81.71062
2013 1474.119 0.1050232 87.12404
2014 1536.141 0.1042399 90.78975
2015 1577.608 0.1039138 93.24051
2016 1579.73 0.1035789 93.36593
2017 1582.772 0.1039526 93.5457
2018 1622.343 0.1051423 95.88447
2019 1573.233 0.1081864 92.98195
2020 1547.257 0.1097498 91.44672
2021 1518.917 0.1134084 89.77172
2022 1353.411 0.1225201 79.98991
2023 1330.637 0.1265766 78.64395
OR+CA
1970 97.57538 0.04680818 1.156459
1971 112.1003 0.04676332 1.328608
1972 130.7026 0.04514339 1.549082
1973 148.3736 0.04407347 1.758518
1974 165.1966 0.04332189 1.957903
1975 180.5348 0.04293649 2.139691
1976 195.0239 0.04268187 2.311415
1977 208.7442 0.04251722 2.474027
1978 221.5884 0.04244202 2.626256
1979 233.6836 0.04241997 2.769608
1980 250.4121 0.04202088 2.967874
1981 271.1221 0.04141441 3.213327
1982 295.3844 0.04071438 3.500883
1983 322.71 0.0400197 3.824745
1984 352.6763 0.03937684 4.179904
1985 385.3681 0.0387664 4.567366
1986 419.9735 0.03825201 4.977508
1987 456.1248 0.03783252 5.405971
1988 493.5043 0.03750386 5.848991
1989 533.1903 0.03720105 6.319348
1990 576.878 0.03684255 6.837133
1991 625.2815 0.03642779 7.41081
1992 677.0624 0.0360711 8.024514
1993 733.8284 0.03570359 8.697303
1994 818.3644 0.03573021 9.699219
1995 896.5826 0.0357497 10.62626
1996 978.8888 0.03573398 11.60175
1997 1029.303 0.03406906 12.19926
1998 1109.217 0.03426341 13.14639
1999 1225.124 0.03475107 14.52012
2000 1293.084 0.03337801 15.32557
2001 1393.42 0.03296435 16.51475
2002 1505.957 0.03256407 17.84854
2003 1623.952 0.03219095 19.24701
2004 1761.594 0.03182911 20.87833
2005 1868.917 0.03164934 22.15033
2006 2015.022 0.0314056 23.88196
2007 2121.929 0.0319268 25.14901
2008 2271.906 0.03174201 26.92653
2009 2430.704 0.03254543 28.8086
2010 2623.616 0.03232834 31.09499
2011 2860.775 0.03228568 33.90579
2012 3068.193 0.033091 36.36409
2013 3307.015 0.03336078 39.1946
2014 3610.977 0.03263785 42.79714
2015 3822.862 0.03231246 45.30839
2016 4037.91 0.03229457 47.85713
2017 4177.905 0.03379548 49.51636
2018 4385.583 0.03530907 51.97774
2019 4533.356 0.03750359 53.72915
2020 4865.178 0.03830434 57.66188
2021 5227.7 0.04005842 61.95848
2022 5481.367 0.0427515 64.96492
2023 5853.891 0.04668277 69.38006

Parameters: Estimate  Std. Error      z value    Pr(>|z^2|)
rval 0.09126701 0.00123922 73.64856955 0
logK 7.30570992 0.52988812 13.78726887 0
logK 9.33963415 0.0977206 95.57487457 0
logK 7.71821882 0.56252641 13.72063374 0
logK 9.56109995 0.26420648 36.18798369 0
logK 7.34079945 1.05594135 6.95190071 0
logBK 3.13921565 0.61157093 5.13303604 2.9e-07
logBK 2.773087 0.10943359 25.34036507 0
logBK 3.05458867 0.5958717 5.12625228 3e-07
logBK 4.68912127 0.26479906 17.7082246 0
logBK 3.870657 1.06757287 3.6256607 0.00028822
MixPars -2.09415748 0.31023545 -6.75021974 0
MixPars -2.97613994 0.22040728 -13.50291126 0
MixPars -0.73754434 0.11986135 -6.15331266 0
MixPars -1.45030416 0.09887735 -14.66770929 0
MixPars -2.63185916 0.15630253 -16.83823806 0
MixPars -1.8716199 0.25578384 -7.31719378 0
MixPars -1.74307253 0.21671201 -8.04326672 0
MixPars -1.70617126 0.28963289 -5.89080625 0
MixPars -3.27851683 0.29652126 -11.05659956 0
MixPars -2.20470134 0.25312059 -8.71008287 0
MixPars -1.81738879 0.35847621 -5.06976125 4e-07
MixPars -2.03608115 0.30977874 -6.57269502 0
MixPars -1.16047267 0.42903549 -2.70484071 0.00683372
MixPars -1.28310524 0.21819275 -5.88060444 0
MixPars 0.56544258 0.16471599 3.43283356 0.00059731
MixPars -2.52238938 0.27140321 -9.29388177 0
AddV 0.25539431 0.09302241 2.74551373 0.00604162
AddV 0.02175939 0.00663515 3.27941117 0.00104024
AddV 0.0605558 0.03991588 1.51708532 0.12924514
omega_sst 0.44284319 0.05210151 8.49962216 0
omega_chl 1.38134266 0.25758964 5.36257072 8e-08

Mixing matrix
0.89033402 0.10966598 0 0 0 0 ,# Asia
0.02777618 0.26054466 0.12774224 0.54474545 0.03919148 0 ,# Hawaii
0.09278567 0.6029969 0.10551357 0.10947988 0.0227234 0.06650058 ,# MX_AR
0.04458328 0.27444415 0.03582574 0.08599379 0.07606913 0.48308391 ,# MX_ML
0 0 0 0 0.07430343 0.92569657 ,# Central_Am

Split of breeding stock to feeding grounds over time
Split for: Asia
Year RUS+WAL EAL+BER+WGOA NGOA SEA+NBC SBC+WA OR+CA
1970 0.89235 0.10765 0 0 0 0
1971 0.89281 0.10719 0 0 0 0
1972 0.88975 0.11025 0 0 0 0
1973 0.89032 0.10968 0 0 0 0
1974 0.89074 0.10926 0 0 0 0
1975 0.89107 0.10893 0 0 0 0
1976 0.89133 0.10867 0 0 0 0
1977 0.89153 0.10847 0 0 0 0
1978 0.89171 0.10829 0 0 0 0
1979 0.89187 0.10813 0 0 0 0
1980 0.89207 0.10793 0 0 0 0
1981 0.89187 0.10813 0 0 0 0
1982 0.89174 0.10826 0 0 0 0
1983 0.89166 0.10834 0 0 0 0
1984 0.89163 0.10837 0 0 0 0
1985 0.89162 0.10838 0 0 0 0
1986 0.89163 0.10837 0 0 0 0
1987 0.89165 0.10835 0 0 0 0
1988 0.89169 0.10831 0 0 0 0
1989 0.89173 0.10827 0 0 0 0
1990 0.89175 0.10825 0 0 0 0
1991 0.89174 0.10826 0 0 0 0
1992 0.89172 0.10828 0 0 0 0
1993 0.8917 0.1083 0 0 0 0
1994 0.89329 0.10671 0 0 0 0
1995 0.89233 0.10767 0 0 0 0
1996 0.89214 0.10786 0 0 0 0
1997 0.89194 0.10806 0 0 0 0
1998 0.89334 0.10666 0 0 0 0
1999 0.89083 0.10917 0 0 0 0
2000 0.8906 0.1094 0 0 0 0
2001 0.88976 0.11024 0 0 0 0
2002 0.89127 0.10873 0 0 0 0
2003 0.8922 0.1078 0 0 0 0
2004 0.89415 0.10585 0 0 0 0
2005 0.89761 0.10239 0 0 0 0
2006 0.90007 0.09993 0 0 0 0
2007 0.8986 0.1014 0 0 0 0
2008 0.9012 0.0988 0 0 0 0
2009 0.89933 0.10067 0 0 0 0
2010 0.89806 0.10194 0 0 0 0
2011 0.89741 0.10259 0 0 0 0
2012 0.89803 0.10197 0 0 0 0
2013 0.89638 0.10362 0 0 0 0
2014 0.89474 0.10526 0 0 0 0
2015 0.89559 0.10441 0 0 0 0
2016 0.89779 0.10221 0 0 0 0
2017 0.89769 0.10231 0 0 0 0
2018 0.89855 0.10145 0 0 0 0
2019 0.89946 0.10054 0 0 0 0
2020 0.90696 0.09304 0 0 0 0
2021 0.90891 0.09109 0 0 0 0
2022 0.90734 0.09266 0 0 0 0
2023 0.90469 0.09531 0 0 0 0
2024 0.90193 0.09807 0 0 0 0
Split for: Hawaii
Year RUS+WAL EAL+BER+WGOA NGOA SEA+NBC SBC+WA OR+CA
1970 0.0282 0.25912 0.12958 0.5434 0.0397 0
1971 0.02842 0.25989 0.13022 0.54145 0.04002 0
1972 0.02768 0.26116 0.13069 0.54023 0.04024 0
1973 0.02792 0.2619 0.13095 0.53885 0.04038 0
1974 0.0281 0.2625 0.13117 0.53775 0.04049 0
1975 0.02825 0.26302 0.1313 0.53686 0.04058 0
1976 0.02837 0.26348 0.13142 0.53611 0.04062 0
1977 0.02848 0.2639 0.13155 0.53542 0.04066 0
1978 0.02857 0.26428 0.13167 0.53479 0.04069 0
1979 0.02865 0.26458 0.13179 0.53424 0.04073 0
1980 0.02875 0.26496 0.13193 0.53355 0.04081 0
1981 0.02875 0.2655 0.13203 0.53282 0.0409 0
1982 0.02878 0.26613 0.13209 0.53198 0.04102 0
1983 0.02884 0.26679 0.13213 0.53108 0.04116 0
1984 0.0289 0.26749 0.13215 0.53016 0.0413 0
1985 0.02897 0.26815 0.13214 0.52932 0.04142 0
1986 0.02905 0.26889 0.13211 0.52838 0.04157 0
1987 0.02915 0.26975 0.13216 0.52722 0.04172 0
1988 0.02924 0.27043 0.13213 0.52635 0.04185 0
1989 0.02931 0.27099 0.13202 0.52573 0.04196 0
1990 0.02939 0.27166 0.13195 0.52493 0.04208 0
1991 0.02947 0.27243 0.13187 0.52399 0.04224 0
1992 0.02956 0.27334 0.13181 0.52286 0.04243 0
1993 0.02965 0.27419 0.13165 0.52189 0.04262 0
1994 0.02997 0.27263 0.13119 0.52288 0.04332 0
1995 0.03 0.27566 0.13106 0.51987 0.04341 0
1996 0.0301 0.27712 0.13115 0.51806 0.04357 0
1997 0.03003 0.27704 0.13128 0.51801 0.04364 0
1998 0.03055 0.27771 0.1301 0.5175 0.04415 0
1999 0.03034 0.28309 0.12998 0.51279 0.04381 0
2000 0.03051 0.28535 0.12904 0.51097 0.04413 0
2001 0.03057 0.28841 0.12728 0.50919 0.04455 0
2002 0.03111 0.28897 0.12515 0.5094 0.04537 0
2003 0.0315 0.28982 0.12596 0.50766 0.04505 0
2004 0.0322 0.29022 0.12559 0.50624 0.04575 0
2005 0.03355 0.29136 0.12624 0.50163 0.04722 0
2006 0.03434 0.29032 0.12398 0.5024 0.04896 0
2007 0.03447 0.29618 0.12293 0.49668 0.04974 0
2008 0.03538 0.29534 0.12418 0.49367 0.05144 0
2009 0.03496 0.298 0.12316 0.49114 0.05274 0
2010 0.03506 0.303 0.12393 0.48517 0.05285 0
2011 0.03556 0.30959 0.12434 0.47668 0.05383 0
2012 0.03576 0.30918 0.12402 0.47507 0.05598 0
2013 0.03581 0.31523 0.12341 0.46767 0.05788 0
2014 0.0359 0.3215 0.12285 0.46057 0.05916 2e-05
2015 0.03648 0.32368 0.12261 0.45657 0.06063 2e-05
2016 0.03754 0.32505 0.12283 0.45326 0.0613 2e-05
2017 0.03835 0.33219 0.12151 0.44543 0.06249 2e-05
2018 0.03863 0.33128 0.12132 0.44502 0.06373 2e-05
2019 0.03923 0.33297 0.12231 0.44207 0.0634 2e-05
2020 0.04086 0.31827 0.12295 0.4532 0.0647 2e-05
2021 0.04123 0.31372 0.12312 0.45656 0.06535 2e-05
2022 0.04101 0.31804 0.1253 0.45594 0.05969 2e-05
2023 0.03984 0.31878 0.1251 0.45692 0.05935 2e-05
2024 0.03889 0.32126 0.12556 0.45739 0.05687 3e-05
Split for: MX_AR
Year RUS+WAL EAL+BER+WGOA NGOA SEA+NBC SBC+WA OR+CA
1970 0.09457 0.60194 0.10743 0.10962 0.0231 0.06333
1971 0.09504 0.60205 0.10766 0.10892 0.02322 0.0631
1972 0.09248 0.6046 0.10799 0.10861 0.02334 0.06299
1973 0.09305 0.60487 0.10794 0.10807 0.02336 0.06271
1974 0.09352 0.60527 0.10794 0.10767 0.02339 0.06221
1975 0.09389 0.60568 0.10791 0.10736 0.02341 0.06176
1976 0.0942 0.60607 0.10789 0.10709 0.02341 0.06134
1977 0.09446 0.60646 0.10789 0.10685 0.02341 0.06094
1978 0.09468 0.60682 0.1079 0.10663 0.02341 0.06056
1979 0.09489 0.60711 0.10793 0.10645 0.02341 0.0602
1980 0.09513 0.60739 0.10793 0.10621 0.02344 0.05991
1981 0.09503 0.60795 0.1079 0.10595 0.02346 0.05971
1982 0.095 0.60851 0.10779 0.10563 0.0235 0.05958
1983 0.09501 0.60904 0.10766 0.10528 0.02354 0.05946
1984 0.09506 0.60955 0.10748 0.10491 0.02357 0.05944
1985 0.09512 0.61003 0.10729 0.10457 0.02361 0.05939
1986 0.09522 0.61056 0.10706 0.10419 0.02365 0.05932
1987 0.09533 0.61115 0.10687 0.10373 0.02368 0.05924
1988 0.09545 0.61166 0.10666 0.10338 0.02371 0.05914
1989 0.09555 0.61207 0.10642 0.10311 0.02374 0.0591
1990 0.09563 0.61249 0.10617 0.10277 0.02377 0.05917
1991 0.09571 0.61304 0.1059 0.10239 0.02381 0.05914
1992 0.09579 0.61364 0.10561 0.10193 0.02386 0.05917
1993 0.09585 0.61419 0.10525 0.10152 0.02392 0.05928
1994 0.09692 0.61084 0.10491 0.10173 0.02432 0.06128
1995 0.09639 0.61357 0.10411 0.10048 0.02421 0.06124
1996 0.09635 0.61455 0.1038 0.09977 0.02421 0.06133
1997 0.09634 0.61574 0.10413 0.09998 0.0243 0.05952
1998 0.09766 0.61515 0.10285 0.09954 0.0245 0.0603
1999 0.09586 0.61973 0.10155 0.09748 0.02402 0.06134
2000 0.09608 0.62263 0.10049 0.09682 0.02412 0.05985
2001 0.09574 0.62581 0.09857 0.09595 0.02422 0.05971
2002 0.09718 0.62543 0.09667 0.09574 0.0246 0.06038
2003 0.09799 0.6246 0.09688 0.09501 0.02432 0.06119
2004 0.09966 0.62231 0.09611 0.09427 0.02458 0.06309
2005 0.10288 0.61904 0.09573 0.09255 0.02514 0.06466
2006 0.10505 0.61527 0.09377 0.09246 0.02599 0.06746
2007 0.10419 0.62021 0.09187 0.09032 0.02609 0.06732
2008 0.10634 0.61505 0.0923 0.08928 0.02684 0.07019
2009 0.10454 0.61733 0.09106 0.08835 0.02737 0.07135
2010 0.10346 0.61954 0.09044 0.08615 0.02707 0.07334
2011 0.10295 0.62093 0.089 0.08302 0.02705 0.07705
2012 0.10314 0.61787 0.08845 0.08244 0.02802 0.08007
2013 0.10174 0.62046 0.08669 0.07993 0.02854 0.08264
2014 0.10029 0.62222 0.08485 0.07741 0.02868 0.08654
2015 0.10096 0.62057 0.0839 0.07602 0.02912 0.08942
2016 0.10282 0.6168 0.08318 0.07469 0.02914 0.09337
2017 0.10281 0.61693 0.08054 0.07184 0.02907 0.09881
2018 0.10314 0.61282 0.0801 0.07149 0.02953 0.10292
2019 0.1036 0.60928 0.07988 0.07025 0.02906 0.10793
2020 0.10849 0.58551 0.08073 0.0724 0.02982 0.12305
2021 0.10894 0.57424 0.08043 0.07257 0.02997 0.13385
2022 0.10665 0.57299 0.08057 0.07133 0.02694 0.14152
2023 0.10247 0.5681 0.07957 0.07071 0.0265 0.15264
2024 0.09869 0.5648 0.07878 0.06983 0.02505 0.16285
Split for: MX_ML
Year RUS+WAL EAL+BER+WGOA NGOA SEA+NBC SBC+WA OR+CA
1970 0.0464 0.27973 0.03725 0.08792 0.07897 0.46975
1971 0.0467 0.2802 0.03738 0.08749 0.0795 0.46873
1972 0.04547 0.28156 0.03752 0.08729 0.07995 0.46822
1973 0.04585 0.28227 0.03758 0.08703 0.08019 0.46708
1974 0.04624 0.28345 0.03771 0.08702 0.08056 0.46502
1975 0.04657 0.28453 0.03781 0.08704 0.0809 0.46315
1976 0.04686 0.28556 0.03792 0.08708 0.08112 0.46145
1977 0.04712 0.28655 0.03803 0.08713 0.08135 0.45982
1978 0.04736 0.28749 0.03813 0.0872 0.08157 0.45825
1979 0.04759 0.28836 0.03824 0.08727 0.0818 0.45674
1980 0.0478 0.28908 0.03832 0.08726 0.08205 0.45549
1981 0.04782 0.28974 0.03836 0.08716 0.08226 0.45466
1982 0.04784 0.29027 0.03835 0.08697 0.08246 0.4541
1983 0.04789 0.29076 0.03833 0.08675 0.08268 0.45359
1984 0.04792 0.29104 0.03827 0.08645 0.0828 0.45351
1985 0.04796 0.29137 0.03822 0.0862 0.08295 0.4533
1986 0.04803 0.29175 0.03816 0.08592 0.08312 0.45302
1987 0.04812 0.29219 0.0381 0.08559 0.08328 0.45271
1988 0.04821 0.29264 0.03806 0.08536 0.08347 0.45226
1989 0.04827 0.2929 0.03798 0.08516 0.08358 0.4521
1990 0.04829 0.29295 0.03787 0.08484 0.08363 0.45242
1991 0.04833 0.29324 0.03778 0.08453 0.0838 0.45232
1992 0.04836 0.29346 0.03766 0.08412 0.08397 0.45243
1993 0.04835 0.29345 0.0375 0.08371 0.08409 0.4529
1994 0.04813 0.28734 0.0368 0.08258 0.08416 0.46099
1995 0.04791 0.28887 0.03655 0.08163 0.08386 0.46118
1996 0.04787 0.28921 0.03642 0.08101 0.08382 0.46166
1997 0.04846 0.29341 0.037 0.0822 0.0852 0.45373
1998 0.04882 0.29131 0.03631 0.08133 0.08537 0.45685
1999 0.04766 0.29189 0.03566 0.07921 0.08327 0.46231
2000 0.04827 0.29631 0.03565 0.07949 0.08448 0.4558
2001 0.04814 0.29805 0.03499 0.07883 0.08489 0.4551
2002 0.04856 0.29603 0.0341 0.07817 0.0857 0.45745
2003 0.04873 0.29425 0.03402 0.0772 0.08434 0.46146
2004 0.04887 0.28908 0.03327 0.07553 0.08404 0.4692
2005 0.04984 0.28409 0.03274 0.07325 0.08491 0.47517
2006 0.04979 0.27624 0.03137 0.07158 0.08592 0.48509
2007 0.04944 0.27877 0.03077 0.06999 0.08635 0.48469
2008 0.04941 0.27068 0.03026 0.06774 0.08696 0.49497
2009 0.04813 0.26924 0.02958 0.06642 0.08791 0.49872
2010 0.04708 0.26708 0.02904 0.06401 0.08595 0.50684
2011 0.04579 0.26158 0.02792 0.06027 0.08392 0.52052
2012 0.04489 0.25474 0.02715 0.05856 0.08512 0.52953
2013 0.04355 0.25156 0.02617 0.05582 0.08525 0.53765
2014 0.04193 0.24643 0.02501 0.05279 0.08371 0.55012
2015 0.04145 0.24138 0.02428 0.0509 0.08348 0.5585
2016 0.04126 0.23449 0.02353 0.04887 0.08166 0.5702
2017 0.04001 0.22754 0.02209 0.04558 0.07905 0.58572
2018 0.03919 0.22067 0.02145 0.04427 0.07841 0.59601
2019 0.03835 0.21379 0.02084 0.04239 0.07521 0.60943
2020 0.03709 0.18973 0.01945 0.04034 0.07128 0.64211
2021 0.03534 0.17658 0.01839 0.03838 0.068 0.66332
2022 0.03359 0.17106 0.01788 0.03663 0.05937 0.68147
2023 0.03075 0.16155 0.01683 0.03459 0.05562 0.70066
2024 0.02843 0.15419 0.016 0.0328 0.05049 0.7181
Split for: Central_Am
Year RUS+WAL EAL+BER+WGOA NGOA SEA+NBC SBC+WA OR+CA
1970 0 0 0 0 0.07893 0.92107
1971 0 0 0 0 0.07958 0.92042
1972 0 0 0 0 0.08007 0.91993
1973 0 0 0 0 0.08048 0.91952
1974 0 0 0 0 0.08114 0.91886
1975 0 0 0 0 0.08175 0.91825
1976 0 0 0 0 0.08224 0.91776
1977 0 0 0 0 0.08271 0.91729
1978 0 0 0 0 0.08318 0.91682
1979 0 0 0 0 0.08365 0.91635
1980 0 0 0 0 0.0841 0.9159
1981 0 0 0 0 0.08443 0.91557
1982 0 0 0 0 0.08471 0.91529
1983 0 0 0 0 0.085 0.915
1984 0 0 0 0 0.08513 0.91487
1985 0 0 0 0 0.08531 0.91469
1986 0 0 0 0 0.08552 0.91448
1987 0 0 0 0 0.08572 0.91428
1988 0 0 0 0 0.08597 0.91403
1989 0 0 0 0 0.0861 0.9139
1990 0 0 0 0 0.0861 0.9139
1991 0 0 0 0 0.08627 0.91373
1992 0 0 0 0 0.08641 0.91359
1993 0 0 0 0 0.08644 0.91356
1994 0 0 0 0 0.08512 0.91488
1995 0 0 0 0 0.08481 0.91519
1996 0 0 0 0 0.08469 0.91531
1997 0 0 0 0 0.08733 0.91267
1998 0 0 0 0 0.08695 0.91305
1999 0 0 0 0 0.08407 0.91593
2000 0 0 0 0 0.0863 0.9137
2001 0 0 0 0 0.0868 0.9132
2002 0 0 0 0 0.08715 0.91285
2003 0 0 0 0 0.0852 0.9148
2004 0 0 0 0 0.08364 0.91636
2005 0 0 0 0 0.08346 0.91654
2006 0 0 0 0 0.08279 0.91721
2007 0 0 0 0 0.08323 0.91677
2008 0 0 0 0 0.08217 0.91783
2009 0 0 0 0 0.08242 0.91758
2010 0 0 0 0 0.07954 0.92046
2011 0 0 0 0 0.07592 0.92408
2012 0 0 0 0 0.07571 0.92429
2013 0 0 0 0 0.07477 0.92523
2014 0 0 0 0 0.07197 0.92803
2015 0 0 0 0 0.07079 0.92921
2016 0 0 0 0 0.06803 0.93197
2017 0 0 0 0 0.06437 0.93563
2018 0 0 0 0 0.06285 0.93715
2019 0 0 0 0 0.05919 0.94081
2020 0 0 0 0 0.05357 0.94643
2021 0 0 0 0 0.04968 0.95032
2022 0 0 0 0 0.04255 0.95745
2023 0 0 0 0 0.03892 0.96108
2024 0 0 0 0 0.03463 0.96537

Difference in mortality over time
Difference for: Asia
Year RUS+WAL EAL+BER+WGOA NGOA SEA+NBC SBC+WA OR+CA
1970 0 0 0 0 0 0
1971 0 0 0 0 0 0
1972 0 0 0 0 0 0
1973 0 0 0 0 0 0
1974 0 0 0 0 0 0
1975 0 0 0 0 0 0
1976 0 0 0 0 0 0
1977 0 0 0 0 0 0
1978 0 0 0 0 0 0
1979 0 0 0 0 0 0
1980 0 0 0 0 0 0
1981 0 0 0 0 0 0
1982 0 0 0 0 0 0
1983 0 0 0 0 0 0
1984 0 0 0 0 0 0
1985 0 0 0 0 0 0
1986 0 0 0 0 0 0
1987 0 0 0 0 0 0
1988 0 0 0 0 0 0
1989 0 0 0 0 0 0
1990 0 0 0 0 0 0
1991 0 0 0 0 0 0
1992 0 0 0 0 0 0
1993 3 0 0 0 0 0
1994 3 1 0 0 0 0
1995 4 1 0 0 0 0
1996 2 0 0 0 0 0
1997 0 -1 0 0 0 0
1998 -7 1 0 0 0 0
1999 7 1 0 0 0 0
2000 2 1 0 0 0 0
2001 10 0 0 0 0 0
2002 2 -1 0 0 0 0
2003 4 -2 0 0 0 0
2004 3 -4 0 0 0 0
2005 -6 -4 0 0 0 0
2006 -9 1 0 0 0 0
2007 -3 -4 0 0 0 0
2008 -19 1 0 0 0 0
2009 -16 0 0 0 0 0
2010 -5 1 0 0 0 0
2011 -4 -1 0 0 0 0
2012 -2 2 0 0 0 0
2013 -15 0 0 0 0 0
2014 -10 -4 0 0 0 0
2015 0 -5 0 0 0 0
2016 -18 -4 0 0 0 0
2017 -14 -4 0 0 0 0
2018 -6 -3 0 0 0 0
2019 -9 -14 0 0 0 0
2020 -14 -5 0 0 0 0
2021 -31 0 0 0 0 0
2022 -55 -1 0 0 0 0
2023 -36 0 0 0 0 0
Difference for: Hawaii
Year RUS+WAL EAL+BER+WGOA NGOA SEA+NBC SBC+WA OR+CA
1970 0 0 0 0 0 0
1971 0 0 0 0 0 0
1972 0 0 0 0 0 0
1973 0 0 0 0 0 0
1974 0 0 0 0 0 0
1975 0 0 0 0 0 0
1976 0 0 0 0 0 0
1977 0 0 0 0 0 0
1978 0 0 0 0 0 0
1979 0 0 0 0 0 0
1980 0 0 0 0 0 0
1981 0 0 0 0 0 0
1982 0 0 0 0 0 0
1983 0 0 0 0 0 0
1984 0 0 0 0 0 0
1985 0 0 0 0 0 0
1986 0 0 0 0 0 0
1987 0 0 0 0 0 0
1988 0 0 0 0 0 0
1989 0 0 0 0 0 0
1990 0 0 0 0 0 0
1991 0 0 0 0 0 0
1992 0 0 0 0 0 0
1993 1 -13 -1 14 3 0
1994 1 28 8 20 2 0
1995 2 18 10 31 2 0
1996 1 9 11 48 1 0
1997 0 -31 -20 -39 -3 0
1998 -3 36 3 -15 -5 0
1999 3 32 6 48 3 0
2000 1 29 -6 33 2 0
2001 4 -7 -16 31 4 0
2002 1 -24 8 -9 -11 0
2003 1 -56 -14 -44 -4 0
2004 1 -118 -31 -197 -5 0
2005 -2 -117 -51 -71 1 0
2006 -4 25 -8 -51 -5 0
2007 -1 -121 -4 -114 3 0
2008 -8 23 8 70 5 0
2009 -7 13 11 -28 -17 0
2010 -2 18 2 -91 -6 0
2011 -2 -44 18 80 9 0
2012 -1 72 21 55 9 0
2013 -7 1 3 -43 -9 0
2014 -4 -131 -19 -58 -15 0
2015 0 -160 -25 -92 -36 0
2016 -8 -122 -63 -250 -33 0
2017 -6 -147 -7 -5 -3 0
2018 -3 -102 4 -95 -45 0
2019 -4 -480 -72 -112 -39 0
2020 -6 -176 -30 -70 -25 0
2021 -14 -13 -8 -144 -111 0
2022 -26 -52 -32 -86 -18 0
2023 -18 7 -14 -67 -49 0
Difference for: MX_AR
Year RUS+WAL EAL+BER+WGOA NGOA SEA+NBC SBC+WA OR+CA
1970 0 0 0 0 0 0
1971 0 0 0 0 0 0
1972 0 0 0 0 0 0
1973 0 0 0 0 0 0
1974 0 0 0 0 0 0
1975 0 0 0 0 0 0
1976 0 0 0 0 0 0
1977 0 0 0 0 0 0
1978 0 0 0 0 0 0
1979 0 0 0 0 0 0
1980 0 0 0 0 0 0
1981 0 0 0 0 0 0
1982 0 0 0 0 0 0
1983 0 0 0 0 0 0
1984 0 0 0 0 0 0
1985 0 0 0 0 0 0
1986 0 0 0 0 0 0
1987 0 0 0 0 0 0
1988 0 0 0 0 0 0
1989 0 0 0 0 0 0
1990 0 0 0 0 0 0
1991 0 0 0 0 0 0
1992 0 0 0 0 0 0
1993 1 -5 0 0 0 1
1994 1 10 1 1 0 0
1995 1 6 1 1 0 0
1996 0 3 1 1 0 -2
1997 0 -11 -2 -1 0 0
1998 -1 13 0 0 0 2
1999 1 11 1 1 0 -2
2000 0 10 -1 1 0 -1
2001 2 -3 -2 1 0 0
2002 0 -8 1 0 -1 0
2003 1 -19 -2 -1 0 0
2004 1 -41 -4 -6 0 -2
2005 -1 -41 -6 -2 0 0
2006 -2 9 -1 -2 0 -3
2007 -1 -42 -1 -3 0 -1
2008 -4 8 1 2 0 -2
2009 -3 5 1 -1 -2 0
2010 -1 6 0 -3 -1 3
2011 -1 -16 2 2 1 -1
2012 0 25 3 2 1 0
2013 -3 0 0 -1 -1 3
2014 -2 -46 -2 -2 -1 -2
2015 0 -56 -3 -3 -3 1
2016 -4 -43 -8 -8 -3 -2
2017 -3 -52 -1 0 0 -5
2018 -1 -36 0 -3 -4 -6
2019 -2 -168 -9 -3 -3 3
2020 -3 -62 -4 -2 -2 2
2021 -7 -5 -1 -4 -10 -5
2022 -13 -18 -4 -3 -2 4
2023 -9 2 -2 -2 -4 1
Difference for: MX_ML
Year RUS+WAL EAL+BER+WGOA NGOA SEA+NBC SBC+WA OR+CA
1970 0 0 0 0 0 0
1971 0 0 0 0 0 0
1972 0 0 0 0 0 0
1973 0 0 0 0 0 0
1974 0 0 0 0 0 0
1975 0 0 0 0 0 0
1976 0 0 0 0 0 0
1977 0 0 0 0 0 0
1978 0 0 0 0 0 0
1979 0 0 0 0 0 0
1980 0 0 0 0 0 0
1981 0 0 0 0 0 0
1982 0 0 0 0 0 0
1983 0 0 0 0 0 0
1984 0 0 0 0 0 0
1985 0 0 0 0 0 0
1986 0 0 0 0 0 0
1987 0 0 0 0 0 0
1988 0 0 0 0 0 0
1989 0 0 0 0 0 0
1990 0 0 0 0 0 0
1991 0 0 0 0 0 0
1992 0 0 0 0 0 0
1993 0 -2 0 0 1 12
1994 0 5 0 1 1 4
1995 0 3 0 1 1 3
1996 0 2 1 1 0 -18
1997 0 -6 -1 -1 -1 -4
1998 -1 7 0 0 -2 13
1999 1 6 0 1 1 -18
2000 0 5 0 1 1 -4
2001 1 -1 -1 1 1 -1
2002 0 -4 0 0 -4 -3
2003 0 -10 -1 -1 -1 4
2004 0 -22 -2 -5 -2 -19
2005 -1 -22 -3 -2 0 -1
2006 -1 5 0 -1 -2 -29
2007 0 -22 0 -3 1 -11
2008 -2 4 0 2 2 -17
2009 -2 2 1 -1 -6 -3
2010 -1 3 0 -3 -2 22
2011 0 -8 1 2 3 -11
2012 0 13 1 2 3 -1
2013 -2 0 0 -1 -3 25
2014 -1 -24 -1 -2 -5 -14
2015 0 -29 -1 -3 -12 10
2016 -2 -22 -3 -7 -11 -20
2017 -2 -27 0 0 -1 -41
2018 -1 -19 0 -3 -15 -53
2019 -1 -87 -3 -3 -13 26
2020 -2 -32 -1 -2 -8 13
2021 -4 -2 0 -4 -37 -40
2022 -7 -9 -2 -2 -6 29
2023 -5 1 -1 -2 -16 11
Difference for: Central_Am
Year RUS+WAL EAL+BER+WGOA NGOA SEA+NBC SBC+WA OR+CA
1970 0 0 0 0 0 0
1971 0 0 0 0 0 0
1972 0 0 0 0 0 0
1973 0 0 0 0 0 0
1974 0 0 0 0 0 0
1975 0 0 0 0 0 0
1976 0 0 0 0 0 0
1977 0 0 0 0 0 0
1978 0 0 0 0 0 0
1979 0 0 0 0 0 0
1980 0 0 0 0 0 0
1981 0 0 0 0 0 0
1982 0 0 0 0 0 0
1983 0 0 0 0 0 0
1984 0 0 0 0 0 0
1985 0 0 0 0 0 0
1986 0 0 0 0 0 0
1987 0 0 0 0 0 0
1988 0 0 0 0 0 0
1989 0 0 0 0 0 0
1990 0 0 0 0 0 0
1991 0 0 0 0 0 0
1992 0 0 0 0 0 0
1993 0 0 0 0 0 6
1994 0 0 0 0 0 2
1995 0 0 0 0 0 1
1996 0 0 0 0 0 -9
1997 0 0 0 0 0 -2
1998 0 0 0 0 0 6
1999 0 0 0 0 0 -8
2000 0 0 0 0 0 -2
2001 0 0 0 0 0 -1
2002 0 0 0 0 -1 -2
2003 0 0 0 0 0 2
2004 0 0 0 0 0 -9
2005 0 0 0 0 0 -1
2006 0 0 0 0 0 -13
2007 0 0 0 0 0 -5
2008 0 0 0 0 0 -8
2009 0 0 0 0 -1 -2
2010 0 0 0 0 0 10
2011 0 0 0 0 1 -5
2012 0 0 0 0 1 0
2013 0 0 0 0 -1 12
2014 0 0 0 0 -1 -7
2015 0 0 0 0 -3 5
2016 0 0 0 0 -3 -9
2017 0 0 0 0 0 -19
2018 0 0 0 0 -4 -24
2019 0 0 0 0 -3 12
2020 0 0 0 0 -2 6
2021 0 0 0 0 -9 -18
2022 0 0 0 0 -1 14
2023 0 0 0 0 -4 5

Total survival over time
Values for breeding stock: Asia
Year RUS+WAL EAL+BER+WGOA NGOA SEA+NBC SBC+WA OR+CA
1970 0.946 0.927 NaN NaN NaN NaN
1971 0.948 0.943 NaN NaN NaN NaN
1972 0.919 0.947 NaN NaN NaN NaN
1973 0.949 0.947 NaN NaN NaN NaN
1974 0.949 0.948 NaN NaN NaN NaN
1975 0.95 0.949 NaN NaN NaN NaN
1976 0.95 0.949 NaN NaN NaN NaN
1977 0.95 0.949 NaN NaN NaN NaN
1978 0.95 0.949 NaN NaN NaN NaN
1979 0.95 0.949 NaN NaN NaN NaN
1980 0.95 0.949 NaN NaN NaN NaN
1981 0.95 0.949 NaN NaN NaN NaN
1982 0.951 0.95 NaN NaN NaN NaN
1983 0.95 0.95 NaN NaN NaN NaN
1984 0.951 0.95 NaN NaN NaN NaN
1985 0.951 0.95 NaN NaN NaN NaN
1986 0.951 0.951 NaN NaN NaN NaN
1987 0.951 0.951 NaN NaN NaN NaN
1988 0.951 0.951 NaN NaN NaN NaN
1989 0.952 0.951 NaN NaN NaN NaN
1990 0.951 0.951 NaN NaN NaN NaN
1991 0.952 0.951 NaN NaN NaN NaN
1992 0.952 0.951 NaN NaN NaN NaN
1993 0.959 0.943 NaN NaN NaN NaN
1994 0.959 0.968 NaN NaN NaN NaN
1995 0.96 0.961 NaN NaN NaN NaN
1996 0.955 0.956 NaN NaN NaN NaN
1997 0.952 0.938 NaN NaN NaN NaN
1998 0.942 0.967 NaN NaN NaN NaN
1999 0.963 0.964 NaN NaN NaN NaN
2000 0.954 0.962 NaN NaN NaN NaN
2001 0.965 0.95 NaN NaN NaN NaN
2002 0.955 0.945 NaN NaN NaN NaN
2003 0.956 0.936 NaN NaN NaN NaN
2004 0.955 0.92 NaN NaN NaN NaN
2005 0.947 0.921 NaN NaN NaN NaN
2006 0.944 0.958 NaN NaN NaN NaN
2007 0.949 0.923 NaN NaN NaN NaN
2008 0.936 0.957 NaN NaN NaN NaN
2009 0.938 0.954 NaN NaN NaN NaN
2010 0.947 0.954 NaN NaN NaN NaN
2011 0.948 0.941 NaN NaN NaN NaN
2012 0.949 0.964 NaN NaN NaN NaN
2013 0.933 0.943 NaN NaN NaN NaN
2014 0.953 0.936 NaN NaN NaN NaN
2015 0.918 0.89 NaN NaN NaN NaN
2016 0.94 0.931 NaN NaN NaN NaN
2017 0.943 0.926 NaN NaN NaN NaN
2018 0.946 0.932 NaN NaN NaN NaN
2019 0.951 0.87 NaN NaN NaN NaN
2020 0.934 0.909 NaN NaN NaN NaN
2021 0.92 0.939 NaN NaN NaN NaN
2022 0.899 0.929 NaN NaN NaN NaN
2023 0.908 0.938 NaN NaN NaN NaN
Values for breeding stock: Hawaii
Year RUS+WAL EAL+BER+WGOA NGOA SEA+NBC SBC+WA OR+CA
1970 0.96 0.94 0.959 0.943 0.958 NaN
1971 0.96 0.955 0.959 0.952 0.958 NaN
1972 0.93 0.958 0.959 0.953 0.958 NaN
1973 0.96 0.958 0.959 0.953 0.959 NaN
1974 0.96 0.958 0.959 0.954 0.959 NaN
1975 0.96 0.959 0.959 0.954 0.959 NaN
1976 0.96 0.959 0.959 0.954 0.958 NaN
1977 0.96 0.959 0.959 0.954 0.958 NaN
1978 0.96 0.959 0.959 0.955 0.958 NaN
1979 0.96 0.959 0.959 0.955 0.958 NaN
1980 0.96 0.959 0.959 0.955 0.958 NaN
1981 0.96 0.959 0.959 0.955 0.958 NaN
1982 0.96 0.959 0.959 0.955 0.958 NaN
1983 0.96 0.959 0.959 0.955 0.958 NaN
1984 0.96 0.959 0.959 0.956 0.958 NaN
1985 0.96 0.959 0.959 0.956 0.958 NaN
1986 0.96 0.959 0.959 0.956 0.958 NaN
1987 0.96 0.959 0.959 0.955 0.958 NaN
1988 0.96 0.959 0.959 0.956 0.958 NaN
1989 0.96 0.959 0.959 0.957 0.958 NaN
1990 0.96 0.959 0.959 0.957 0.958 NaN
1991 0.96 0.96 0.959 0.957 0.958 NaN
1992 0.96 0.96 0.959 0.957 0.958 NaN
1993 0.968 0.951 0.957 0.963 0.969 NaN
1994 0.967 0.976 0.969 0.964 0.963 NaN
1995 0.968 0.969 0.97 0.966 0.964 NaN
1996 0.963 0.964 0.971 0.969 0.961 NaN
1997 0.96 0.946 0.94 0.948 0.95 NaN
1998 0.95 0.974 0.961 0.954 0.944 NaN
1999 0.97 0.972 0.964 0.967 0.966 NaN
2000 0.962 0.97 0.954 0.964 0.963 NaN
2001 0.972 0.957 0.947 0.963 0.967 NaN
2002 0.963 0.952 0.965 0.956 0.937 NaN
2003 0.964 0.944 0.949 0.95 0.95 NaN
2004 0.963 0.927 0.939 0.926 0.948 NaN
2005 0.954 0.929 0.927 0.946 0.956 NaN
2006 0.952 0.966 0.954 0.949 0.947 NaN
2007 0.957 0.931 0.954 0.941 0.964 NaN
2008 0.944 0.965 0.962 0.967 0.956 NaN
2009 0.947 0.963 0.964 0.953 0.938 NaN
2010 0.956 0.963 0.961 0.943 0.947 NaN
2011 0.957 0.951 0.967 0.967 0.963 NaN
2012 0.959 0.974 0.967 0.966 0.969 NaN
2013 0.949 0.96 0.96 0.951 0.951 NaN
2014 0.953 0.936 0.946 0.947 0.94 Inf
2015 0.96 0.931 0.943 0.942 0.92 0.964
2016 0.948 0.938 0.928 0.924 0.924 0.952
2017 0.95 0.933 0.956 0.957 0.951 0.944
2018 0.956 0.941 0.96 0.944 0.9 0.94
2019 0.954 0.872 0.922 0.941 0.917 0.969
2020 0.95 0.925 0.944 0.947 0.921 0.964
2021 0.937 0.957 0.953 0.935 0.843 0.948
2022 0.918 0.949 0.943 0.945 0.935 0.969
2023 0.93 0.961 0.949 0.945 0.891 0.963
Values for breeding stock: MX_AR
Year RUS+WAL EAL+BER+WGOA NGOA SEA+NBC SBC+WA OR+CA
1970 0.96 0.94 0.959 0.943 0.958 0.897
1971 0.96 0.955 0.959 0.952 0.958 0.947
1972 0.93 0.958 0.959 0.953 0.958 0.948
1973 0.96 0.958 0.959 0.953 0.959 0.949
1974 0.96 0.958 0.959 0.954 0.959 0.945
1975 0.96 0.959 0.959 0.954 0.959 0.946
1976 0.96 0.959 0.959 0.954 0.958 0.946
1977 0.96 0.959 0.959 0.954 0.958 0.946
1978 0.96 0.959 0.959 0.955 0.958 0.946
1979 0.96 0.959 0.959 0.955 0.958 0.946
1980 0.96 0.959 0.959 0.955 0.958 0.945
1981 0.96 0.959 0.959 0.955 0.958 0.945
1982 0.96 0.959 0.959 0.955 0.958 0.945
1983 0.96 0.959 0.959 0.955 0.958 0.946
1984 0.96 0.959 0.959 0.956 0.958 0.947
1985 0.96 0.959 0.959 0.956 0.958 0.948
1986 0.96 0.959 0.959 0.956 0.958 0.948
1987 0.96 0.959 0.959 0.955 0.958 0.948
1988 0.96 0.959 0.959 0.956 0.958 0.948
1989 0.96 0.96 0.959 0.957 0.958 0.949
1990 0.96 0.96 0.959 0.957 0.958 0.95
1991 0.96 0.96 0.959 0.957 0.958 0.948
1992 0.96 0.96 0.959 0.957 0.958 0.948
1993 0.968 0.951 0.957 0.963 0.969 0.975
1994 0.967 0.976 0.969 0.964 0.963 0.958
1995 0.968 0.969 0.97 0.966 0.964 0.955
1996 0.963 0.964 0.971 0.969 0.961 0.921
1997 0.96 0.946 0.94 0.948 0.95 0.944
1998 0.95 0.974 0.961 0.954 0.944 0.968
1999 0.97 0.972 0.964 0.967 0.966 0.926
2000 0.962 0.97 0.954 0.964 0.963 0.946
2001 0.972 0.957 0.947 0.963 0.967 0.949
2002 0.963 0.952 0.965 0.956 0.937 0.948
2003 0.964 0.944 0.949 0.95 0.95 0.954
2004 0.963 0.927 0.939 0.926 0.948 0.934
2005 0.954 0.929 0.927 0.946 0.956 0.949
2006 0.952 0.966 0.954 0.949 0.947 0.927
2007 0.957 0.931 0.954 0.941 0.964 0.944
2008 0.944 0.965 0.962 0.967 0.956 0.944
2009 0.947 0.963 0.964 0.953 0.938 0.954
2010 0.956 0.963 0.961 0.943 0.947 0.965
2011 0.957 0.951 0.968 0.967 0.963 0.95
2012 0.959 0.974 0.967 0.966 0.969 0.956
2013 0.949 0.96 0.96 0.951 0.951 0.971
2014 0.953 0.936 0.946 0.948 0.94 0.942
2015 0.96 0.931 0.943 0.942 0.92 0.938
2016 0.948 0.938 0.928 0.924 0.924 0.917
2017 0.95 0.933 0.956 0.957 0.951 0.931
2018 0.956 0.941 0.96 0.944 0.9 0.917
2019 0.954 0.872 0.922 0.941 0.917 0.956
2020 0.95 0.925 0.944 0.947 0.921 0.958
2021 0.937 0.957 0.953 0.935 0.843 0.936
2022 0.918 0.949 0.943 0.945 0.935 0.959
2023 0.93 0.961 0.949 0.945 0.891 0.953
Values for breeding stock: MX_ML
Year RUS+WAL EAL+BER+WGOA NGOA SEA+NBC SBC+WA OR+CA
1970 0.952 0.932 0.951 0.935 0.949 0.889
1971 0.952 0.947 0.952 0.944 0.951 0.94
1972 0.923 0.951 0.952 0.946 0.951 0.941
1973 0.954 0.952 0.953 0.947 0.952 0.943
1974 0.954 0.953 0.954 0.948 0.953 0.94
1975 0.954 0.953 0.953 0.948 0.953 0.94
1976 0.954 0.953 0.953 0.949 0.952 0.94
1977 0.955 0.953 0.954 0.949 0.953 0.94
1978 0.955 0.954 0.954 0.949 0.953 0.94
1979 0.955 0.953 0.954 0.949 0.953 0.94
1980 0.955 0.954 0.954 0.95 0.953 0.94
1981 0.955 0.954 0.954 0.95 0.953 0.94
1982 0.955 0.954 0.954 0.95 0.953 0.941
1983 0.955 0.954 0.954 0.951 0.953 0.941
1984 0.955 0.954 0.954 0.951 0.953 0.943
1985 0.956 0.955 0.955 0.952 0.954 0.943
1986 0.956 0.955 0.954 0.952 0.954 0.943
1987 0.956 0.955 0.955 0.951 0.954 0.944
1988 0.956 0.955 0.955 0.952 0.954 0.944
1989 0.956 0.956 0.955 0.954 0.954 0.945
1990 0.956 0.956 0.955 0.953 0.954 0.947
1991 0.956 0.956 0.955 0.953 0.954 0.945
1992 0.956 0.956 0.955 0.953 0.954 0.945
1993 0.964 0.948 0.954 0.959 0.965 0.971
1994 0.963 0.972 0.965 0.96 0.96 0.954
1995 0.965 0.966 0.967 0.963 0.96 0.951
1996 0.96 0.961 0.968 0.966 0.958 0.917
1997 0.956 0.943 0.937 0.945 0.947 0.941
1998 0.947 0.971 0.958 0.951 0.941 0.965
1999 0.967 0.969 0.961 0.964 0.963 0.923
2000 0.959 0.967 0.951 0.961 0.96 0.943
2001 0.97 0.954 0.944 0.96 0.964 0.946
2002 0.96 0.95 0.962 0.954 0.935 0.945
2003 0.961 0.941 0.947 0.948 0.947 0.952
2004 0.96 0.925 0.937 0.924 0.946 0.931
2005 0.951 0.926 0.924 0.943 0.953 0.945
2006 0.949 0.964 0.952 0.947 0.945 0.925
2007 0.955 0.928 0.952 0.939 0.961 0.941
2008 0.942 0.963 0.96 0.965 0.953 0.942
2009 0.944 0.96 0.961 0.95 0.936 0.951
2010 0.953 0.96 0.958 0.94 0.945 0.962
2011 0.954 0.948 0.965 0.964 0.96 0.947
2012 0.956 0.971 0.964 0.963 0.967 0.954
2013 0.947 0.957 0.957 0.948 0.948 0.968
2014 0.95 0.933 0.943 0.945 0.938 0.939
2015 0.957 0.928 0.94 0.939 0.917 0.935
2016 0.945 0.935 0.925 0.921 0.921 0.914
2017 0.947 0.93 0.953 0.954 0.948 0.928
2018 0.953 0.939 0.958 0.941 0.898 0.914
2019 0.951 0.869 0.919 0.939 0.914 0.953
2020 0.945 0.92 0.94 0.942 0.917 0.953
2021 0.935 0.955 0.95 0.933 0.84 0.934
2022 0.916 0.947 0.941 0.943 0.933 0.957
2023 0.927 0.958 0.945 0.941 0.888 0.95
Values for breeding stock: Central_Am
Year RUS+WAL EAL+BER+WGOA NGOA SEA+NBC SBC+WA OR+CA
1970 NaN NaN NaN NaN 0.949 0.888
1971 NaN NaN NaN NaN 0.95 0.939
1972 NaN NaN NaN NaN 0.952 0.942
1973 NaN NaN NaN NaN 0.951 0.941
1974 NaN NaN NaN NaN 0.952 0.938
1975 NaN NaN NaN NaN 0.952 0.939
1976 NaN NaN NaN NaN 0.952 0.94
1977 NaN NaN NaN NaN 0.952 0.94
1978 NaN NaN NaN NaN 0.951 0.939
1979 NaN NaN NaN NaN 0.952 0.939
1980 NaN NaN NaN NaN 0.952 0.939
1981 NaN NaN NaN NaN 0.952 0.94
1982 NaN NaN NaN NaN 0.952 0.939
1983 NaN NaN NaN NaN 0.953 0.94
1984 NaN NaN NaN NaN 0.953 0.942
1985 NaN NaN NaN NaN 0.953 0.942
1986 NaN NaN NaN NaN 0.953 0.943
1987 NaN NaN NaN NaN 0.953 0.943
1988 NaN NaN NaN NaN 0.953 0.943
1989 NaN NaN NaN NaN 0.953 0.945
1990 NaN NaN NaN NaN 0.954 0.946
1991 NaN NaN NaN NaN 0.954 0.944
1992 NaN NaN NaN NaN 0.954 0.944
1993 NaN NaN NaN NaN 0.965 0.971
1994 NaN NaN NaN NaN 0.96 0.954
1995 NaN NaN NaN NaN 0.96 0.951
1996 NaN NaN NaN NaN 0.957 0.917
1997 NaN NaN NaN NaN 0.946 0.941
1998 NaN NaN NaN NaN 0.941 0.965
1999 NaN NaN NaN NaN 0.963 0.923
2000 NaN NaN NaN NaN 0.96 0.943
2001 NaN NaN NaN NaN 0.964 0.946
2002 NaN NaN NaN NaN 0.934 0.945
2003 NaN NaN NaN NaN 0.947 0.951
2004 NaN NaN NaN NaN 0.946 0.931
2005 NaN NaN NaN NaN 0.953 0.946
2006 NaN NaN NaN NaN 0.944 0.925
2007 NaN NaN NaN NaN 0.961 0.941
2008 NaN NaN NaN NaN 0.953 0.942
2009 NaN NaN NaN NaN 0.936 0.951
2010 NaN NaN NaN NaN 0.945 0.962
2011 NaN NaN NaN NaN 0.96 0.948
2012 NaN NaN NaN NaN 0.967 0.954
2013 NaN NaN NaN NaN 0.948 0.968
2014 NaN NaN NaN NaN 0.938 0.94
2015 NaN NaN NaN NaN 0.918 0.936
2016 NaN NaN NaN NaN 0.922 0.914
2017 NaN NaN NaN NaN 0.948 0.928
2018 NaN NaN NaN NaN 0.898 0.914
2019 NaN NaN NaN NaN 0.916 0.955
2020 NaN NaN NaN NaN 0.918 0.955
2021 NaN NaN NaN NaN 0.84 0.934
2022 NaN NaN NaN NaN 0.933 0.957
2023 NaN NaN NaN NaN 0.889 0.951

Numbers over time by herd
Values for breeding stock: Asia
Year RUS+WAL EAL+BER+WGOA NGOA SEA+NBC SBC+WA OR+CA
1970 54 7 0 0 0 0
1971 66 8 0 0 0 0
1972 75 9 0 0 0 0
1973 86 11 0 0 0 0
1974 96 12 0 0 0 0
1975 106 13 0 0 0 0
1976 115 14 0 0 0 0
1977 124 15 0 0 0 0
1978 133 16 0 0 0 0
1979 141 17 0 0 0 0
1980 151 18 0 0 0 0
1981 164 20 0 0 0 0
1982 178 22 0 0 0 0
1983 195 24 0 0 0 0
1984 213 26 0 0 0 0
1985 233 28 0 0 0 0
1986 253 31 0 0 0 0
1987 275 33 0 0 0 0
1988 298 36 0 0 0 0
1989 322 39 0 0 0 0
1990 348 42 0 0 0 0
1991 376 46 0 0 0 0
1992 406 49 0 0 0 0
1993 438 53 0 0 0 0
1994 477 57 0 0 0 0
1995 519 63 0 0 0 0
1996 564 68 0 0 0 0
1997 609 74 0 0 0 0
1998 655 78 0 0 0 0
1999 696 85 0 0 0 0
2000 754 93 0 0 0 0
2001 809 100 0 0 0 0
2002 875 107 0 0 0 0
2003 935 113 0 0 0 0
2004 998 118 0 0 0 0
2005 1062 121 0 0 0 0
2006 1116 124 0 0 0 0
2007 1166 132 0 0 0 0
2008 1223 134 0 0 0 0
2009 1260 141 0 0 0 0
2010 1296 147 0 0 0 0
2011 1339 153 0 0 0 0
2012 1379 157 0 0 0 0
2013 1404 162 0 0 0 0
2014 1435 169 0 0 0 0
2015 1400 163 0 0 0 0
2016 1426 162 0 0 0 0
2017 1425 162 0 0 0 0
2018 1418 160 0 0 0 0
2019 1424 159 0 0 0 0
2020 1398 143 0 0 0 0
2021 1358 136 0 0 0 0
2022 1298 133 0 0 0 0
2023 1212 128 0 0 0 0
Values for breeding stock: Hawaii
Year RUS+WAL EAL+BER+WGOA NGOA SEA+NBC SBC+WA OR+CA
1970 19 171 85 358 26 0
1971 23 209 105 436 32 0
1972 26 247 124 512 38 0
1973 30 284 142 584 44 0
1974 34 318 159 652 49 0
1975 38 352 176 718 54 0
1976 41 384 192 781 59 0
1977 45 415 207 842 64 0
1978 48 444 221 899 68 0
1979 51 473 235 954 73 0
1980 55 510 254 1027 79 0
1981 60 556 276 1115 86 0
1982 66 609 302 1217 94 0
1983 72 669 331 1332 103 0
1984 79 735 363 1456 113 0
1985 87 806 397 1591 125 0
1986 95 882 433 1733 136 0
1987 104 962 471 1880 149 0
1988 113 1046 511 2035 162 0
1989 123 1135 553 2202 176 0
1990 133 1231 598 2379 191 0
1991 144 1336 647 2569 207 0
1992 157 1449 699 2772 225 0
1993 170 1573 755 2994 245 0
1994 186 1692 814 3244 269 0
1995 203 1865 887 3518 294 0
1996 222 2041 966 3816 321 0
1997 240 2218 1051 4148 349 0
1998 260 2360 1106 4398 375 0
1999 277 2584 1186 4681 400 0
2000 301 2818 1275 5047 436 0
2001 325 3062 1351 5406 473 0
2002 353 3276 1419 5776 514 0
2003 379 3483 1514 6101 541 0
2004 406 3659 1584 6383 577 0
2005 434 3767 1632 6486 611 0
2006 458 3873 1654 6702 653 0
2007 481 4135 1716 6935 695 0
2008 507 4236 1781 7081 738 0
2009 526 4481 1852 7385 793 0
2010 544 4703 1924 7531 820 0
2011 566 4925 1978 7583 856 0
2012 586 5069 2033 7789 918 0
2013 606 5333 2088 7911 979 0
2014 617 5521 2110 7910 1016 0
2015 627 5567 2109 7852 1043 0
2016 641 5547 2096 7735 1046 0
2017 642 5560 2034 7455 1046 0
2018 643 5511 2018 7403 1060 0
2019 645 5472 2010 7265 1042 0
2020 642 4999 1931 7119 1016 0
2021 634 4822 1892 7018 1005 0
2022 617 4783 1884 6857 898 0
2023 588 4704 1846 6742 876 0
Values for breeding stock: MX_AR
Year RUS+WAL EAL+BER+WGOA NGOA SEA+NBC SBC+WA OR+CA
1970 9 60 11 11 2 6
1971 12 73 13 13 3 8
1972 13 87 15 16 3 9
1973 15 99 18 18 4 10
1974 17 112 20 20 4 11
1975 19 123 22 22 5 13
1976 21 134 24 24 5 14
1977 23 145 26 26 6 15
1978 24 156 28 27 6 16
1979 26 166 29 29 6 16
1980 28 179 32 31 7 18
1981 30 195 35 34 8 19
1982 33 213 38 37 8 21
1983 37 234 41 41 9 23
1984 40 257 45 44 10 25
1985 44 282 50 48 11 27
1986 48 309 54 53 12 30
1987 53 337 59 57 13 33
1988 57 366 64 62 14 35
1989 62 398 69 67 15 38
1990 67 431 75 72 17 42
1991 73 468 81 78 18 45
1992 79 508 87 84 20 49
1993 86 551 94 91 21 53
1994 94 593 102 99 24 59
1995 103 654 111 107 26 65
1996 112 715 121 116 28 71
1997 122 777 131 126 31 75
1998 131 827 138 134 33 81
1999 140 905 148 142 35 90
2000 152 988 159 154 38 95
2001 164 1073 169 165 42 102
2002 178 1148 177 176 45 111
2003 191 1221 189 186 48 120
2004 205 1282 198 194 51 130
2005 219 1320 204 197 54 138
2006 232 1357 207 204 57 149
2007 243 1449 215 211 61 157
2008 257 1484 223 215 65 169
2009 266 1570 232 225 70 181
2010 275 1648 241 229 72 195
2011 286 1726 247 231 75 214
2012 297 1777 254 237 81 230
2013 306 1869 261 241 86 249
2014 312 1935 264 241 89 269
2015 317 1951 264 239 92 281
2016 324 1944 262 235 92 294
2017 325 1949 254 227 92 312
2018 325 1932 252 225 93 324
2019 326 1918 251 221 91 340
2020 325 1752 242 217 89 368
2021 321 1690 237 214 88 394
2022 312 1677 236 209 79 414
2023 297 1649 231 205 77 443
Values for breeding stock: MX_ML
Year RUS+WAL EAL+BER+WGOA NGOA SEA+NBC SBC+WA OR+CA
1970 6 34 5 11 10 58
1971 7 42 6 13 12 70
1972 8 49 7 15 14 82
1973 9 56 7 17 16 93
1974 10 63 8 19 18 103
1975 11 69 9 21 20 113
1976 12 75 10 23 21 122
1977 13 81 11 25 23 130
1978 14 87 12 26 25 139
1979 15 92 12 28 26 146
1980 16 99 13 30 28 156
1981 18 108 14 32 31 169
1982 19 118 16 35 34 185
1983 21 129 17 39 37 202
1984 23 142 19 42 40 221
1985 26 155 20 46 44 241
1986 28 169 22 50 48 263
1987 30 184 24 54 53 286
1988 33 200 26 58 57 309
1989 36 217 28 63 62 334
1990 39 234 30 68 67 362
1991 42 254 33 73 73 392
1992 45 275 35 79 79 424
1993 49 298 38 85 85 460
1994 54 320 41 92 94 513
1995 58 352 45 100 102 562
1996 64 385 48 108 111 614
1997 69 417 53 117 121 645
1998 74 443 55 124 130 695
1999 79 485 59 132 138 768
2000 86 528 64 142 150 812
2001 92 573 67 151 163 874
2002 100 612 70 162 177 945
2003 108 649 75 170 186 1019
2004 115 681 78 178 198 1106
2005 123 700 81 180 209 1171
2006 130 719 82 186 224 1262
2007 136 766 85 192 237 1332
2008 143 783 88 196 252 1433
2009 148 827 91 204 270 1532
2010 153 867 94 208 279 1645
2011 159 906 97 209 291 1802
2012 164 931 99 214 311 1935
2013 169 977 102 217 331 2089
2014 172 1010 103 216 343 2255
2015 174 1016 102 214 351 2351
2016 178 1010 101 210 352 2456
2017 178 1011 98 202 351 2601
2018 178 1000 97 201 355 2700
2019 178 990 97 196 348 2824
2020 176 901 92 192 339 3050
2021 174 868 90 189 334 3260
2022 169 860 90 184 298 3424
2023 160 843 88 180 290 3655
Values for breeding stock: Central_Am
Year RUS+WAL EAL+BER+WGOA NGOA SEA+NBC SBC+WA OR+CA
1970 0 0 0 0 2 27
1971 0 0 0 0 3 33
1972 0 0 0 0 3 38
1973 0 0 0 0 4 43
1974 0 0 0 0 4 48
1975 0 0 0 0 5 52
1976 0 0 0 0 5 57
1977 0 0 0 0 5 61
1978 0 0 0 0 6 64
1979 0 0 0 0 6 68
1980 0 0 0 0 7 72
1981 0 0 0 0 7 78
1982 0 0 0 0 8 85
1983 0 0 0 0 9 93
1984 0 0 0 0 10 102
1985 0 0 0 0 10 112
1986 0 0 0 0 11 122
1987 0 0 0 0 12 132
1988 0 0 0 0 13 143
1989 0 0 0 0 15 154
1990 0 0 0 0 16 167
1991 0 0 0 0 17 181
1992 0 0 0 0 19 196
1993 0 0 0 0 20 212
1994 0 0 0 0 22 237
1995 0 0 0 0 24 260
1996 0 0 0 0 26 284
1997 0 0 0 0 29 298
1998 0 0 0 0 31 321
1999 0 0 0 0 33 354
2000 0 0 0 0 35 375
2001 0 0 0 0 38 403
2002 0 0 0 0 42 436
2003 0 0 0 0 44 470
2004 0 0 0 0 47 510
2005 0 0 0 0 49 540
2006 0 0 0 0 53 582
2007 0 0 0 0 56 615
2008 0 0 0 0 59 661
2009 0 0 0 0 64 707
2010 0 0 0 0 66 759
2011 0 0 0 0 68 832
2012 0 0 0 0 73 893
2013 0 0 0 0 78 965
2014 0 0 0 0 81 1042
2015 0 0 0 0 83 1087
2016 0 0 0 0 83 1137
2017 0 0 0 0 83 1204
2018 0 0 0 0 84 1250
2019 0 0 0 0 82 1309
2020 0 0 0 0 80 1415
2021 0 0 0 0 79 1511
2022 0 0 0 0 71 1587
2023 0 0 0 0 69 1695

Catch numbers by breeding stock
Year Asia Hawaii MX_AR MX_ML Central_Am
1970 0.9 0 0 1.1 0.3
1971 0.9 0 0 1.2 0.3
1972 1 0 0 1.3 0.3
1973 1.1 0 0 1.3 0.4
1974 1.2 0.1 0 1.4 0.4
1975 1.2 0.1 0 1.5 0.4
1976 1.3 0.1 0 1.6 0.4
1977 1.4 0.1 0 1.6 0.4
1978 1.5 0.1 0 1.7 0.5
1979 1.6 0.1 0 1.8 0.5
1980 1.8 0.1 0 1.9 0.5
1981 1.9 0.1 0 2 0.5
1982 2 0.1 0 2.1 0.6
1983 2.2 0.1 0 2.2 0.6
1984 2.3 0.1 0 2.4 0.6
1985 2.5 0.1 0 2.5 0.7
1986 2.6 0.1 0 2.6 0.7
1987 2.8 0.1 0 2.8 0.7
1988 3 0.1 0 2.9 0.8
1989 3.2 0.1 0 3.1 0.8
1990 3.5 0.2 0 3.2 0.8
1991 3.7 0.2 0 3.4 0.9
1992 4 0.2 0 3.6 0.9
1993 4.3 0.2 0 3.8 1
1994 4.6 0.2 0 4 1
1995 4.9 0.2 0 4.2 1.1
1996 5.2 0.2 0 4.4 1.1
1997 5.6 0.2 0 4.7 1.2
1998 6 0.2 0 4.9 1.2
1999 6.4 0.2 0 5.2 1.3
2000 6.9 0.3 0 5.5 1.4
2001 7.3 0.3 0 5.8 1.4
2002 7.9 0 0 5.8 1.5
2003 8.4 0 0 5.8 1.6
2004 9 0 0 6.7 1.7
2005 9.6 0 0 8.1 1.8
2006 10.3 1 0 6.8 1.8
2007 11.1 0 0 7.7 1.9
2008 11.8 0 0 7.9 2
2009 12.7 0 0 9 2.1
2010 13.6 0 0 9.3 2.2
2011 14.5 0.8 0 10.6 2.4
2012 15.5 0 0 10.9 2.5
2013 28 0 0 10.8 2.6
2014 0 5 0 13 2.7
2015 72 0 0 14.2 2.9
2016 12 0.1 0 14.2 3
2017 12 0.1 0 13.4 3.2
2018 16 0.1 0 13.4 3.3
2019 4 0.4 0 13.4 1.7
2020 26.8 0.4 0 23.8 5
2021 28.6 0.4 0 12.8 4.7
2022 30.7 0.4 0 10.5 3.7
2023 32.8 0.4 0 18.4 4.2

Catch numbers by feeding ground
Year RUS+WAL EAL+BER+WGOA NGOA SEA+NBC SBC+WA OR+CA
1970 0 5.7 0.1 6.8 0.1 6.4
1971 0 1.8 0.1 4 0.1 1.5
1972 4 0.8 0.1 4.1 0.1 1.6
1973 0 0.8 0.1 4.3 0.1 1.7
1974 0 0.8 0.1 4.5 0.1 2.5
1975 0 0.8 0.2 4.7 0.1 2.7
1976 0 0.8 0.2 4.9 0.2 2.9
1977 0 0.8 0.2 5.2 0.2 3.1
1978 0 0.8 0.2 5.4 0.2 3.3
1979 0 1 0.2 5.6 0.2 3.5
1980 0 1 0.2 5.9 0.2 3.9
1981 0 1 0.3 6.1 0.3 4.2
1982 0 1 0.4 6.5 0.3 4.5
1983 0 1 0.4 6.7 0.3 4.8
1984 0 1 0.5 7.1 0.4 4.6
1985 0 1 0.5 6.7 0.4 5
1986 0 1 0.7 7.8 0.4 5.4
1987 0 1 0.7 10 0.5 5.8
1988 0 1.1 0.8 8.5 0.5 6.3
1989 0 0.9 0.8 6.1 0.6 6.1
1990 0 1 0.8 7.4 0.7 5.8
1991 0 1 0.9 8.2 0.7 7.6
1992 0 1.1 0.9 9.8 0.8 8.3
1993 0 1.1 1 7.1 0.9 8.6
1994 0 1.2 1 9.3 1 8.8
1995 0 1.2 1 9.3 1.1 9.6
1996 0 1.2 1.1 12.7 1.2 9.9
1997 0 1.2 1.3 12.7 0.9 10.7
1998 0 3 1.4 14.7 1.2 12
1999 0 2.6 1.4 17.4 1.7 13.5
2000 0 1.2 1.5 14.1 1.5 11.6
2001 0 1.2 1.8 16.4 1.7 13.4
2002 0 2.4 1.9 13.8 1.9 13.7
2003 0 1.4 2 18.9 2.3 16
2004 0 1.4 2.3 22 2.5 15.9
2005 0 1.6 2.3 23.3 5.8 20.1
2006 0 1.6 2.4 22.7 5.3 22.1
2007 0 0.1 7.3 18.4 0 18.1
2008 0 0.1 4.3 19.7 12.4 8.8
2009 0 0.1 4.3 24.1 0 9.8
2010 0 6.1 0.8 44.5 7 24.5
2011 0 3.1 4 28.4 11 11.9
2012 0 4.1 8.8 11.6 0 10
2013 0 0.1 4 31.6 0 4.7
2014 0 0.1 11.8 43.7 7 45.2
2015 0 4.1 12 51 9.1 103.4
2016 0 4.1 4.8 34.8 7.1 150.3
2017 0 4.1 2.1 16.3 11.1 60.3
2018 0 1.1 4 26.6 30.1 111.1
2019 0 4.1 6 27.3 9.1 61
2020 0 1.1 0 24 23 31.2
2021 0 2.2 7 33.7 13 62.4
2022 0 4.3 0.8 22.3 8 56
2023 0 3.6 9.1 40.1 19.2 59.7
