Stock structure: B2F1; Model type = BC
Mortality impacts feeding grounds
Recuitment related to unfished
Staying rate: 0
Age-at-matrity: 8
Base adult survival: 0
Sigma for survival devs: 6
Additional variance estimated
Weight for mark-recapture proportions: 1
Weight for genetics proportions: 1


Total objective fn: 333.00201832712
Negative log-likelihood fn: 126.123712286429

Natural Survival by feeding ground
RUS+WAL,EAL+BER,GOA,SEA+NBC,SBC+WA,OR+CA
1970 0.9591375 0.9592392 0.9591373 0.9589397 0.9592869 0.9595849
1971 0.9591444 0.959245 0.959139 0.9589502 0.9592904 0.9595918
1972 0.9589559 0.9590472 0.958911 0.9586816 0.9591048 0.9594905
1973 0.9587542 0.958859 0.9586933 0.9584283 0.9589283 0.9593961
1974 0.9585641 0.9586799 0.9584856 0.9581896 0.9587604 0.9593103
1975 0.9583844 0.9585095 0.9582881 0.9579649 0.9586008 0.9592312
1976 0.9582152 0.9583475 0.9581 0.9577535 0.9584509 0.9591584
1977 0.9580561 0.9581935 0.957921 0.957555 0.9583087 0.9590913
1978 0.9579068 0.9580474 0.9577507 0.9573688 0.9581741 0.9590303
1979 0.957767 0.9579093 0.9575889 0.9571944 0.9580468 0.9589746
1980 0.9576371 0.9577785 0.9574353 0.9570314 0.9579263 0.9589249
1981 0.9575155 0.9576545 0.9572901 0.9568788 0.9578141 0.9588799
1982 0.9573393 0.9574779 0.9570848 0.9566579 0.9576531 0.9588116
1983 0.9571153 0.9572542 0.9568249 0.9563762 0.9574482 0.9587228
1984 0.9568488 0.9569883 0.9565171 0.9560416 0.9572063 0.9586149
1985 0.9565458 0.9566852 0.9561662 0.9556588 0.9569302 0.9584925
1986 0.9562107 0.9563492 0.955779 0.9552381 0.956624 0.9583575
1987 0.955849 0.9559849 0.9553595 0.9547889 0.9562937 0.9582124
1988 0.9554651 0.9555966 0.9549132 0.9543076 0.9559416 0.9580595
1989 0.9550635 0.9551876 0.9544442 0.9537968 0.9555729 0.9578982
1990 0.9546487 0.9547624 0.9539571 0.9532711 0.9551912 0.9577294
1991 0.9542239 0.9543242 0.9534566 0.952734 0.9547981 0.9575617
1992 0.9537756 0.9538596 0.9529264 0.9521706 0.9543826 0.9573854
1993 0.9532928 0.953357 0.9523544 0.9515554 0.9539346 0.9571946
1994 0.9527665 0.9528079 0.95173 0.9508906 0.9534457 0.9569847
1995 0.9521902 0.9522051 0.9510458 0.9501626 0.95291 0.9567549
1996 0.9515597 0.9515441 0.9502974 0.9493756 0.9523231 0.9565012
1997 0.9508732 0.9508221 0.949483 0.9485188 0.9516757 0.956224
1998 0.9501301 0.9500432 0.9486014 0.9475974 0.9509767 0.9559239
1999 0.9493316 0.9492024 0.9476536 0.9466156 0.9502307 0.9556018
2000 0.9484809 0.9496241 0.9472012 0.9313781 0.9494279 0.9552473
2001 0.9475813 0.9487183 0.8173351 0.9574768 0.948578 0.9548721
2002 0.9466344 0.9503702 0.9198441 0.9467557 0.9476806 0.9544706
2003 0.9456375 0.9332566 0.9572182 0.9551233 0.9467372 0.9540471
2004 0.9445884 0.9508864 0.7549881 0.9286212 0.9457422 0.9535929
2005 0.9434832 0.9407925 0.8299097 0.9110965 0.9447455 0.9531193
2006 0.9423177 0.9551755 0.95994 0.9320801 0.9436778 0.9526122
2007 0.9410895 0.9554461 0.943268 0.9282834 0.9424536 0.9520527
2008 0.9397959 0.9569093 0.9267021 0.9586872 0.9413689 0.9514183
2009 0.9384379 0.9206664 0.9591141 0.9265723 0.9400093 0.9507385
2010 0.937017 0.9434236 0.9598661 0.9586867 0.938696 0.9500539
2011 0.9355372 0.8045942 0.9558247 0.860424 0.9373866 0.9492803
2012 0.9340051 0.9556611 0.9463994 0.9176445 0.9358314 0.9484468
2013 0.932506 0.9439391 0.8368997 0.7092586 0.9342128 0.9475393
2014 0.930759 0.9456939 0.6716338 0.7597236 0.9326607 0.9467038
2015 0.9294737 0.6616577 0.9424331 0.8655229 0.9310883 0.9460061
2016 0.9277307 0.9194416 0.4435652 0.6848198 0.9294368 0.9454143
2017 0.9259484 0.7118731 0.9514195 0.9569956 0.9278071 0.9445002
2018 0.9241618 0.7299223 0.9564461 0.920774 0.9264531 0.9436936
2019 0.9222553 0.9222314 0.7192629 0.8842526 0.9247198 0.9426767
2020 0.9205005 0.9486853 0.618953 0.9513758 0.923202 0.9415389
2021 0.918734 0.9362521 0.9421143 0.8809247 0.9214779 0.9404131
2022 0.9169698 0.8482923 0.7467456 0.8950551 0.9196469 0.9391999
2023 0.9152215 0.9524131 0.9491381 0.9163835 0.9179943 0.9379562

Naturak Survival by breeding stock
RUS+WAL,EAL+BER,GOA,SEA+NBC,SBC+WA,OR+CA
1970 0.96 0.96 0.96 0.96 0.96
1971 0.96 0.96 0.96 0.96 0.96
1972 0.96 0.96 0.96 0.96 0.96
1973 0.96 0.96 0.96 0.96 0.96
1974 0.96 0.96 0.96 0.96 0.96
1975 0.96 0.96 0.96 0.96 0.96
1976 0.96 0.96 0.96 0.96 0.96
1977 0.96 0.96 0.96 0.96 0.96
1978 0.96 0.96 0.96 0.96 0.96
1979 0.96 0.96 0.96 0.96 0.96
1980 0.96 0.96 0.96 0.96 0.96
1981 0.96 0.96 0.96 0.96 0.96
1982 0.96 0.96 0.96 0.96 0.96
1983 0.96 0.96 0.96 0.96 0.96
1984 0.96 0.96 0.96 0.96 0.96
1985 0.96 0.96 0.96 0.96 0.96
1986 0.96 0.96 0.96 0.96 0.96
1987 0.96 0.96 0.96 0.96 0.96
1988 0.96 0.96 0.96 0.96 0.96
1989 0.96 0.96 0.96 0.96 0.96
1990 0.96 0.96 0.96 0.96 0.96
1991 0.96 0.96 0.96 0.96 0.96
1992 0.96 0.96 0.96 0.96 0.96
1993 0.96 0.96 0.96 0.96 0.96
1994 0.96 0.96 0.96 0.96 0.96
1995 0.96 0.96 0.96 0.96 0.96
1996 0.96 0.96 0.96 0.96 0.96
1997 0.96 0.96 0.96 0.96 0.96
1998 0.96 0.96 0.96 0.96 0.96
1999 0.96 0.96 0.96 0.96 0.96
2000 0.96 0.96 0.96 0.96 0.96
2001 0.96 0.96 0.96 0.96 0.96
2002 0.96 0.96 0.96 0.96 0.96
2003 0.96 0.96 0.96 0.96 0.96
2004 0.96 0.96 0.96 0.96 0.96
2005 0.96 0.96 0.96 0.96 0.96
2006 0.96 0.96 0.96 0.96 0.96
2007 0.96 0.96 0.96 0.96 0.96
2008 0.96 0.96 0.96 0.96 0.96
2009 0.96 0.96 0.96 0.96 0.96
2010 0.96 0.96 0.96 0.96 0.96
2011 0.96 0.96 0.96 0.96 0.96
2012 0.96 0.96 0.96 0.96 0.96
2013 0.96 0.96 0.96 0.96 0.96
2014 0.96 0.96 0.96 0.96 0.96
2015 0.96 0.96 0.96 0.96 0.96
2016 0.96 0.96 0.96 0.96 0.96
2017 0.96 0.96 0.96 0.96 0.96
2018 0.96 0.96 0.96 0.96 0.96
2019 0.96 0.96 0.96 0.96 0.96
2020 0.96 0.96 0.96 0.96 0.96
2021 0.96 0.96 0.96 0.96 0.96
2022 0.96 0.96 0.96 0.96 0.96
2023 0.96 0.96 0.96 0.96 0.96

Fecundity by feeding ground
RUS+WAL,EAL+BER,GOA,SEA+NBC,SBC+WA,OR+CA
1970 1.064174 1.064191 1.064174 1.064141 1.064199 1.064248
1971 1.064175 1.064192 1.064174 1.064143 1.064199 1.064249
1972 1.064144 1.064159 1.064136 1.064098 1.064169 1.064233
1973 1.06411 1.064128 1.0641 1.064056 1.064139 1.064217
1974 1.064079 1.064098 1.064066 1.064016 1.064111 1.064203
1975 1.064049 1.06407 1.064033 1.063979 1.064085 1.06419
1976 1.064021 1.064043 1.064002 1.063944 1.06406 1.064177
1977 1.063994 1.064017 1.063972 1.063911 1.064036 1.064166
1978 1.063969 1.063993 1.063943 1.06388 1.064014 1.064156
1979 1.063946 1.06397 1.063917 1.063851 1.063993 1.064147
1980 1.063925 1.063948 1.063891 1.063824 1.063973 1.064139
1981 1.063904 1.063927 1.063867 1.063798 1.063954 1.064131
1982 1.063875 1.063898 1.063833 1.063761 1.063927 1.06412
1983 1.063838 1.063861 1.063789 1.063714 1.063893 1.064105
1984 1.063793 1.063816 1.063738 1.063659 1.063853 1.064087
1985 1.063743 1.063766 1.063679 1.063595 1.063807 1.064067
1986 1.063687 1.06371 1.063615 1.063524 1.063756 1.064044
1987 1.063626 1.063649 1.063545 1.063449 1.063701 1.06402
1988 1.063562 1.063584 1.06347 1.063369 1.063642 1.063995
1989 1.063495 1.063516 1.063391 1.063283 1.06358 1.063968
1990 1.063426 1.063445 1.06331 1.063195 1.063516 1.06394
1991 1.063355 1.063371 1.063226 1.063105 1.063451 1.063912
1992 1.063279 1.063293 1.063137 1.06301 1.063381 1.063883
1993 1.063198 1.063209 1.063041 1.062906 1.063306 1.063851
1994 1.06311 1.063117 1.062936 1.062794 1.063224 1.063816
1995 1.063013 1.063016 1.062821 1.062672 1.063134 1.063778
1996 1.062907 1.062905 1.062694 1.062539 1.063036 1.063735
1997 1.062792 1.062783 1.062557 1.062394 1.062927 1.063689
1998 1.062666 1.062652 1.062408 1.062238 1.062809 1.063639
1999 1.062531 1.06251 1.062247 1.062071 1.062683 1.063585
2000 1.062388 1.062581 1.062171 1.059448 1.062548 1.063526
2001 1.062235 1.062428 1.037241 1.063898 1.062404 1.063463
2002 1.062075 1.062707 1.057414 1.062095 1.062252 1.063396
2003 1.061905 1.059775 1.063855 1.063505 1.062092 1.063325
2004 1.061726 1.062794 1.022782 1.058966 1.061923 1.063249
2005 1.061538 1.061077 1.039938 1.055842 1.061753 1.063169
2006 1.061339 1.063514 1.064307 1.059571 1.061571 1.063084
2007 1.061128 1.063559 1.061501 1.058906 1.061362 1.06299
2008 1.060906 1.063803 1.058628 1.064099 1.061176 1.062883
2009 1.060672 1.05756 1.06417 1.058606 1.060943 1.062769
2010 1.060427 1.061528 1.064295 1.064099 1.060717 1.062653
2011 1.060171 1.034437 1.063622 1.04621 1.060491 1.062523
2012 1.059906 1.063595 1.062035 1.057021 1.060222 1.062382
2013 1.059645 1.061616 1.041409 1.010872 1.059942 1.062228
2014 1.05934 1.061915 1.0001 1.023948 1.059672 1.062086
2015 1.059115 0.9970808 1.061358 1.047222 1.059397 1.061968
2016 1.058809 1.057342 0.9064803 1.003983 1.059109 1.061867
2017 1.058496 1.011586 1.062884 1.063818 1.058823 1.061711
2018 1.05818 1.016404 1.063726 1.057579 1.058585 1.061574
2019 1.057842 1.057838 1.013582 1.050855 1.058279 1.0614
2020 1.057531 1.062422 0.98329 1.062876 1.05801 1.061205
2021 1.057215 1.060295 1.061304 1.050219 1.057704 1.061012
2022 1.0569 1.043761 1.020723 1.052892 1.057378 1.060804
2023 1.056586 1.063051 1.062499 1.056795 1.057083 1.060589

Total abundance: Estimate SD_log
1970 974.4686 0.08827634
1971 1255.289 0.07245091
1972 1484.62 0.06442224
1973 1698.157 0.05931673
1974 1903.953 0.05570062
1975 2097.596 0.05316352
1976 2280.234 0.05133275
1977 2452.184 0.04999894
1978 2613.954 0.04902527
1979 2765.83 0.04832539
1980 2908.079 0.04784128
1981 3127.092 0.04568354
1982 3401.231 0.0428918
1983 3723.948 0.04001634
1984 4089.605 0.0374138
1985 4492.731 0.0352609
1986 4928.394 0.03358953
1987 5390.009 0.03235235
1988 5871.452 0.03145275
1989 6371.863 0.0307604
1990 6889.17 0.03017459
1991 7439.786 0.02964274
1992 8035.13 0.02917084
1993 8685.597 0.02877862
1994 9403.762 0.02847213
1995 10190.17 0.02827667
1996 11049.56 0.02817545
1997 11979.86 0.02814581
1998 12983.08 0.0281397
1999 14051.58 0.02813131
2000 15181.77 0.02809891
2001 16315.82 0.02755721
2002 17371.35 0.0234751
2003 18677.84 0.02326771
2004 20125.95 0.02279664
2005 21103.75 0.02076959
2006 22139.67 0.02200353
2007 23781.79 0.02266926
2008 25514.18 0.02239117
2009 27626.18 0.02303363
2010 29380.71 0.0254188
2011 31728.2 0.02678458
2012 31797.79 0.03386004
2013 33905.55 0.03604334
2014 33212.39 0.04650032
2015 32750.93 0.04069647
2016 30801.22 0.04201856
2017 28750.43 0.0463362
2018 28381.32 0.03960173
2019 28167.56 0.03387028
2020 28859.84 0.03425282
2021 30198.78 0.03672085
2022 31461.82 0.04376323
2023 31991.43 0.05587576
2024 33727.13 0.06014606

Breeding stock abundance: Estimate SD_log Estimate/K
Asia
1 67.42741 0.1032037 1.903105
2 87.48021 0.09153738 2.469085
3 103.1263 0.08671425 2.910687
4 114.8717 0.0860793 3.242197
5 128.2686 0.08440489 3.620316
6 140.7841 0.08335678 3.97356
7 152.562 0.08262917 4.305984
8 163.5332 0.08214918 4.615643
9 173.7278 0.08183592 4.903378
10 183.1744 0.08164101 5.170005
11 191.8932 0.08153738 5.41609
12 205.4808 0.08067227 5.799591
13 222.5739 0.07954297 6.282037
14 242.734 0.07841525 6.851044
15 265.4445 0.07746006 7.492038
16 290.4275 0.07667431 8.197169
17 317.2211 0.07605428 8.953407
18 345.5971 0.07551389 9.754304
19 375.1395 0.07501609 10.58812
20 405.5492 0.07450861 11.44642
21 436.5615 0.07395368 12.32173
22 469.3443 0.07337013 13.24701
23 504.8095 0.0727542 14.24799
24 543.4742 0.07213595 15.33929
25 585.797 0.07152461 16.53383
26 632.078 0.07092426 17.84008
27 682.4859 0.07033358 19.26282
28 737.0589 0.06974899 20.80312
29 795.6114 0.06917945 22.45573
30 857.8892 0.06863311 24.21349
31 923.6792 0.06813278 26.07038
32 993.1269 0.06776114 28.03051
33 1066.355 0.06756167 30.09733
34 1143.832 0.06764361 32.28408
35 1222.998 0.0680046 34.51851
36 1309.697 0.06894474 36.96554
37 1399.729 0.07047416 39.50663
38 1497.782 0.07262534 42.27415
39 1601.645 0.07551274 45.20561
40 1711.685 0.07907296 48.31145
41 1817.813 0.08390964 51.30686
42 1933.797 0.08947043 54.58045
43 2013.635 0.09494405 56.83384
44 2137.309 0.1017179 60.32446
45 2251.131 0.1102047 63.53705
46 2399.156 0.1180676 67.71498
47 2382.899 0.1307378 67.25613
48 2508.353 0.1410604 70.797
49 2583.138 0.153192 72.90777
50 2666.046 0.1658151 75.2478
51 2804.54 0.1775767 79.15673
52 2928.048 0.1905582 82.64268
53 3049.638 0.2042229 86.07449
54 3150.711 0.2194662 88.92724
Hawaii
1 619.6769 0.08899241 2.190012
2 802.3395 0.07357566 2.835564
3 950.422 0.06602818 3.358905
4 1090.825 0.06119095 3.855106
5 1224.69 0.05789004 4.328202
6 1351.458 0.05557777 4.776216
7 1471.406 0.05391324 5.200126
8 1584.792 0.05269301 5.600845
9 1691.821 0.05179152 5.979097
10 1792.822 0.05112419 6.336047
11 1887.894 0.05064044 6.672044
12 2033.375 0.04874973 7.186191
13 2215.206 0.04638212 7.828804
14 2429.205 0.04402946 8.585102
15 2671.823 0.04198545 9.442541
16 2939.084 0.04037488 10.38708
17 3228.503 0.0391744 11.40992
18 3535.151 0.0383217 12.49365
19 3854.792 0.03771788 13.6233
20 4188.001 0.03722756 14.8009
21 4533.209 0.03676771 16.0209
22 4899.987 0.03634592 17.31714
23 5297.523 0.03596956 18.72208
24 5731.707 0.03566356 20.25654
25 6211.87 0.03541721 21.95349
26 6736.764 0.0352602 23.80853
27 7310.537 0.03516681 25.83631
28 7930.257 0.03512751 28.02648
29 8598.59 0.03509777 30.38845
30 9310.012 0.03507031 32.9027
31 10061.93 0.03504262 35.56007
32 10793.45 0.03422251 38.14535
33 11482.7 0.03007558 40.58125
34 12345.79 0.02996232 43.63152
35 13330.78 0.02956174 47.11259
36 13901.61 0.02728614 49.12994
37 14489.92 0.02908939 51.2091
38 15542.17 0.02983682 54.92789
39 16638.92 0.02911209 58.80393
40 18048.93 0.02959518 63.78709
41 19159.9 0.03222107 67.71338
42 20752.96 0.03316372 73.34346
43 20572.65 0.03837268 72.70621
44 21859.75 0.04165074 77.25496
45 20550.62 0.06082351 72.62837
46 19531.15 0.0473735 69.02541
47 18081.55 0.04937051 63.90236
48 15895.38 0.05568171 56.17618
49 15546.1 0.0478931 54.94177
50 15268.21 0.04270007 53.9597
51 15374.58 0.04105307 54.33562
52 16025.13 0.04468349 56.63474
53 16528.77 0.0566809 58.41467
54 16557.24 0.07276649 58.51528
MX_AR
1 105.3318 0.1055026 0.9969536
2 136.387 0.0919142 1.290888
3 161.845 0.08532787 1.531844
4 185.8115 0.08124418 1.758685
5 209.0596 0.07838503 1.978726
6 231.1353 0.07638768 2.18767
7 252.1011 0.07494497 2.386109
8 272.0068 0.07387809 2.574514
9 290.8928 0.0730769 2.753268
10 308.7981 0.07247138 2.92274
11 325.7127 0.07202148 3.082834
12 351.3861 0.07046702 3.32583
13 383.4097 0.06856508 3.628931
14 421.1067 0.06669887 3.985728
15 463.8604 0.06508751 4.390387
16 511.0717 0.06381018 4.837237
17 562.1643 0.06285558 5.320822
18 616.5005 0.0621666 5.835109
19 673.5461 0.06166902 6.375038
20 732.8614 0.06129644 6.936452
21 794.1373 0.06099022 7.516421
22 859.5823 0.0607187 8.135851
23 930.5816 0.06048954 8.807851
24 1008.407 0.06031141 9.544458
25 1094.156 0.06019342 10.35607
26 1188.355 0.06013911 11.24765
27 1291.447 0.06014218 12.2234
28 1403.513 0.06018638 13.28409
29 1524.553 0.06025145 14.42973
30 1653.742 0.06032636 15.65248
31 1791.051 0.06039419 16.9521
32 1936.621 0.06039528 18.3299
33 2042.699 0.05729186 19.33392
34 2196.728 0.05734196 20.79178
35 2359.519 0.05701461 22.33258
36 2461.95 0.05821359 23.30209
37 2591.166 0.05967308 24.5251
38 2806.206 0.06025189 26.56042
39 3035.376 0.06107718 28.72949
40 3287.927 0.06166656 31.11987
41 3498.965 0.06400656 33.11732
42 3774.128 0.0654945 35.72171
43 3736.755 0.07863876 35.36797
44 4024.132 0.0801218 38.08796
45 4179.206 0.08261702 39.55572
46 4267.463 0.08441945 40.39106
47 3812.871 0.08901199 36.0884
48 3671.86 0.09356969 34.75375
49 3421.164 0.08898988 32.38093
50 3245.563 0.08266534 30.71889
51 3321.225 0.08312334 31.43502
52 3448.936 0.08699013 32.6438
53 3639.004 0.08902443 34.44277
54 3647.403 0.1050607 34.52226
MX_ML
1 144.0198 0.1024664 0.697339
2 181.8863 0.08951594 0.8806871
3 213.8362 0.08249458 1.035387
4 243.5854 0.07805638 1.179432
5 271.7977 0.07505542 1.316035
6 297.705 0.07312836 1.441477
7 321.7671 0.07185125 1.557985
8 344.0434 0.07103821 1.665846
9 364.7366 0.07054243 1.766042
10 383.8187 0.07030719 1.858436
11 401.3284 0.07027964 1.943218
12 429.0451 0.06869997 2.077421
13 463.926 0.06650452 2.246313
14 505.0629 0.06416686 2.445497
15 551.6191 0.06199855 2.67092
16 603.015 0.06014301 2.919777
17 658.3022 0.0586741 3.187476
18 716.752 0.05756877 3.470488
19 777.583 0.05678166 3.765029
20 840.3673 0.05625127 4.069028
21 904.9892 0.05590536 4.381926
22 974.2014 0.05559573 4.717048
23 1048.264 0.05535663 5.075658
24 1129.151 0.0551574 5.46731
25 1218.28 0.05501409 5.898869
26 1316.3 0.05493777 6.373478
27 1423.345 0.05495429 6.891786
28 1539.839 0.055045 7.455845
29 1665.515 0.05520577 8.064366
30 1799.464 0.05541002 8.71294
31 1941.188 0.05563854 9.399162
32 2092.275 0.05579427 10.13072
33 2240.65 0.05549422 10.84915
34 2411.194 0.05570104 11.67492
35 2588.556 0.05565815 12.5337
36 2759.124 0.05570034 13.35958
37 2937.922 0.05596004 14.22531
38 3161.628 0.05644763 15.30849
39 3405.355 0.05692056 16.48861
40 3679.166 0.05756275 17.81439
41 3934.617 0.05737507 19.05128
42 4226.879 0.0579658 20.4664
43 4354.817 0.05952087 21.08587
44 4678.338 0.06018542 22.65234
45 4932.076 0.06010973 23.88094
46 5167.505 0.06051963 25.02088
47 5064.82 0.05902722 24.52368
48 5152.28 0.05965147 24.94716
49 5213.732 0.05651898 25.2447
50 5287.126 0.05453402 25.60008
51 5552.236 0.05503263 26.88373
52 5871.949 0.05658087 28.43177
53 6204.594 0.0583236 30.04243
54 6472.07 0.0618237 31.33753
Central_Am
1 38.01269 0.1248331 1.16936
2 47.1957 0.1150318 1.451851
3 55.39095 0.1093397 1.703957
4 63.06417 0.1057994 1.940003
5 70.13717 0.1036574 2.157586
6 76.51333 0.1023877 2.353731
7 82.39768 0.1016027 2.534748
8 87.8089 0.1011586 2.70121
9 92.77672 0.1009576 2.854032
10 97.21686 0.1010501 2.990621
11 101.2501 0.1012823 3.114694
12 107.8047 0.100184 3.316328
13 116.1152 0.09852035 3.571979
14 125.8392 0.09676067 3.871111
15 136.8589 0.09506476 4.210105
16 149.1331 0.09354195 4.587689
17 162.204 0.09233919 4.989781
18 176.0086 0.09138412 5.414441
19 190.3915 0.09065069 5.856894
20 205.0834 0.09015143 6.308851
21 220.2736 0.08978459 6.776137
22 236.6709 0.08942744 7.280559
23 253.9517 0.08911998 7.812155
24 272.8579 0.08880644 8.393755
25 293.6581 0.08853686 9.033619
26 316.6759 0.08830295 9.741702
27 341.7478 0.08816016 10.51297
28 369.197 0.08808531 11.35737
29 398.813 0.08810247 12.26843
30 430.4755 0.08817964 13.24245
31 463.9232 0.08831971 14.27138
32 500.3506 0.08848209 15.39197
33 538.9384 0.08865204 16.57902
34 580.2952 0.08883278 17.85126
35 624.0929 0.0890269 19.19858
36 671.3758 0.08922141 20.65311
37 720.9368 0.08943631 22.17772
38 774.0068 0.08963631 23.81029
39 832.8842 0.08979882 25.62149
40 898.4686 0.08994733 27.63902
41 969.4127 0.09004432 29.82143
42 1040.438 0.09016393 32.00633
43 1119.936 0.09025486 34.45187
44 1206.023 0.09031342 37.10012
45 1299.352 0.09037687 39.97114
46 1385.654 0.09055301 42.62601
47 1459.079 0.09089626 44.88472
48 1522.562 0.09142043 46.83762
49 1617.186 0.09197796 49.74849
50 1700.613 0.09281519 52.3149
51 1807.252 0.09367702 55.59536
52 1924.716 0.09493828 59.20883
53 2039.805 0.09653221 62.74923
54 2164.003 0.09842015 66.56986

Feeding stock abundance: Estimate SD_log Estimate/K
RUS+WAL
1 87.36271 0.1222 1.584433
2 114.2483 0.1117521 2.072036
3 131.2865 0.1108167 2.381047
4 150.5425 0.1083815 2.730278
5 168.6905 0.1068474 3.059415
6 185.8578 0.1057777 3.370766
7 202.0062 0.1050091 3.663637
8 217.1756 0.1044281 3.938753
9 231.3969 0.1039689 4.196675
10 244.7042 0.1035931 4.438018
11 257.0455 0.1033053 4.661843
12 276.1981 0.1023808 5.0092
13 300.2214 0.1012539 5.444893
14 328.463 0.1001543 5.95709
15 360.4641 0.09916317 6.537469
16 395.6452 0.09831749 7.175524
17 433.6148 0.0975705 7.864149
18 473.842 0.09688848 8.59372
19 515.9075 0.09622213 9.356632
20 559.4079 0.09553155 10.14557
21 603.8846 0.09480103 10.95221
22 651.214 0.09402667 11.81059
23 702.4574 0.09323366 12.73995
24 758.5116 0.09243598 13.75656
25 820.0476 0.09164427 14.8726
26 887.528 0.09086512 16.09644
27 961.2217 0.09010176 17.43297
28 1041.129 0.08936239 18.88219
29 1127.173 0.08865279 20.4427
30 1219.113 0.08798774 22.11015
31 1316.489 0.0874013 23.87619
32 1419.469 0.08694572 25.74386
33 1528.235 0.08670535 27.71647
34 1643.34 0.08676369 29.80404
35 1765.185 0.08721857 32.01385
36 1894.295 0.08816406 34.35542
37 2031.137 0.08970228 36.83722
38 2175.941 0.09192173 39.46343
39 2328.963 0.09490009 42.23867
40 2489.958 0.09871 45.15853
41 2658.627 0.1034123 48.21755
42 2834.551 0.10904 51.40816
43 3017.044 0.1156184 54.71789
44 3196.058 0.1234529 57.96454
45 3405.367 0.131347 61.76062
46 3560.02 0.1421905 64.56544
47 3770.335 0.1519365 68.37977
48 3986.662 0.1624016 72.30313
49 4204.577 0.1736715 76.2553
50 4438.188 0.1851108 80.49213
51 4654.311 0.1979028 84.41179
52 4872.612 0.211174 88.37096
53 5091.441 0.2248549 92.33969
54 5309.096 0.2388783 96.28713
EAL+BER
1 246.5569 0.1201723 1.397535
2 322.5443 0.1065102 1.828246
3 383.2763 0.1002042 2.172488
4 441.1325 0.09621613 2.500428
5 496.1786 0.09353695 2.812441
6 548.5537 0.09165217 3.109314
7 598.3414 0.09028177 3.391521
8 645.659 0.08925888 3.659726
9 690.5739 0.08848333 3.914313
10 732.9732 0.08791345 4.154641
11 773.1154 0.08748109 4.382175
12 834.1502 0.08594959 4.728133
13 910.3915 0.08404086 5.160284
14 1000.226 0.08211709 5.669484
15 1102.129 0.08039033 6.247089
16 1214.669 0.0789446 6.884993
17 1336.492 0.07778067 7.575507
18 1466.249 0.07685755 8.310994
19 1602.613 0.0761231 9.083937
20 1744.66 0.07550929 9.889086
21 1890.952 0.07498444 10.7183
22 2047.252 0.07448351 11.60424
23 2217.11 0.07399968 12.56703
24 2403.551 0.07353558 13.62382
25 2608.722 0.07310542 14.78677
26 2834.313 0.07271498 16.06546
27 3081.308 0.0723662 17.46548
28 3350.072 0.07205387 18.98889
29 3638.69 0.07180318 20.62483
30 3948.549 0.07155875 22.38118
31 4279.507 0.0713013 24.25711
32 4636.303 0.07078764 26.27951
33 5014.711 0.07045406 28.4244
34 5431.533 0.0701041 30.78703
35 5789.664 0.06809704 32.81699
36 6270.107 0.06826372 35.54024
37 6731.954 0.07016993 38.15808
38 7326.376 0.07058318 41.52739
39 7981.029 0.07204861 45.23809
40 8708.536 0.07253673 49.36175
41 9182.775 0.07672585 52.04983
42 9882.868 0.079116 56.0181
43 9262.369 0.1185409 52.50099
44 10030.59 0.1209926 56.85541
45 10792.63 0.1207904 61.17482
46 11615.76 0.116652 65.84048
47 9185.78 0.1488919 52.06686
48 9531.309 0.1386645 54.02539
49 7976.182 0.1517605 45.21062
50 6756.755 0.1653415 38.29866
51 7016.784 0.1627978 39.77256
52 7515.365 0.1647076 42.59861
53 7987.806 0.164399 45.27651
54 7781.296 0.2005571 44.10596
GOA
1 118.192 0.1529282 1.584808
2 155.5072 0.1447624 2.085159
3 185.2085 0.1415118 2.483417
4 213.5884 0.1396405 2.863956
5 240.6645 0.138482 3.227012
6 266.3877 0.1377741 3.571929
7 290.8869 0.137301 3.900433
8 314.2069 0.1369756 4.213125
9 336.3815 0.1367483 4.510459
10 357.449 0.1365889 4.792948
11 377.4472 0.1364788 5.061099
12 407.5661 0.136064 5.464956
13 445.0325 0.1356225 5.967335
14 489.1557 0.1352592 6.558972
15 539.0836 0.135059 7.228444
16 594.1985 0.1349946 7.967466
17 653.6171 0.1350765 8.764196
18 716.8601 0.1352194 9.612207
19 783.2052 0.135403 10.50181
20 852.1381 0.1355794 11.42612
21 923.0758 0.1357294 12.3773
22 998.6703 0.1358934 13.39093
23 1080.777 0.1360744 14.49189
24 1170.695 0.1362948 15.69756
25 1269.566 0.1365451 17.02331
26 1378.118 0.1368218 18.47885
27 1496.667 0.1371249 20.06845
28 1625.227 0.1374497 21.79228
29 1763.741 0.1377738 23.64959
30 1911.893 0.138081 25.63612
31 2068.928 0.138377 27.74176
32 2235.867 0.1380997 29.98021
33 2123.348 0.09333099 28.47147
34 2222.729 0.09491496 29.80405
35 2414.978 0.09521501 32.38187
36 2136.158 0.1014225 28.64323
37 2034.6 0.1249291 27.28146
38 2199.988 0.1287033 29.49911
39 2355.4 0.1273075 31.58299
40 2483.989 0.1258128 33.30722
41 2703.874 0.127429 36.2556
42 2945.867 0.1293608 39.50042
43 3202.261 0.1295854 42.93835
44 3455.598 0.1298941 46.33529
45 3338.293 0.1700541 44.76238
46 2665.429 0.2301004 35.74011
47 2833.703 0.2296509 37.99645
48 1592.926 0.2414344 21.35916
49 1670.345 0.2253983 22.39726
50 1791.998 0.2220843 24.02847
51 1503.145 0.3341643 20.15531
52 1090.64 0.4656901 14.62413
53 1142.17 0.4708477 15.31508
54 976.009 0.5490149 13.08707
SEA+NBC
1 351.3258 0.09617248 1.948301
2 458.5573 0.08154985 2.542961
3 542.3346 0.07511054 3.007554
4 621.3901 0.07116013 3.445961
5 695.8661 0.06860895 3.858973
6 765.9979 0.06689688 4.247894
7 831.9602 0.06571917 4.613693
8 893.826 0.0649062 4.956773
9 951.8384 0.06434335 5.278485
10 1006.15 0.06396389 5.579675
11 1056.809 0.06373124 5.860607
12 1135.557 0.0623656 6.297309
13 1234.2 0.06063308 6.844342
14 1350.557 0.05891137 7.489609
15 1482.2 0.05742935 8.219642
16 1627.824 0.05623256 9.027211
17 1784.01 0.05535136 9.89335
18 1947.694 0.05474536 10.80107
19 2120.63 0.05423468 11.7601
20 2302.174 0.05373995 12.76687
21 2487.196 0.05330309 13.79292
22 2683.504 0.05288685 14.88156
23 2894.91 0.05251137 16.05392
24 3129.24 0.05211555 17.35342
25 3384.477 0.05179559 18.76885
26 3664.454 0.05152456 20.32148
27 3966.72 0.05134938 21.99772
28 4294.579 0.05122199 23.81588
29 4645.466 0.05116532 25.76175
30 5017.291 0.0511934 27.82373
31 5413.97 0.05127228 30.02354
32 5753.302 0.0498087 31.90533
33 6260.701 0.05016991 34.71915
34 6744.407 0.050354 37.40157
35 7317.847 0.05043815 40.58163
36 7749.478 0.04873108 42.97526
37 8067.186 0.05324135 44.73714
38 8568.321 0.05455824 47.51621
39 9073.755 0.05235618 50.31913
40 9881.579 0.05259781 54.79898
41 10436.46 0.05598798 57.87609
42 11368.69 0.05659931 63.04586
43 11291.16 0.05319328 62.61589
44 11800.41 0.06173989 65.43996
45 9852.64 0.116521 54.63849
46 8633.528 0.05836051 47.87782
47 8488.749 0.0579331 47.07494
48 6838.795 0.06140646 37.925
49 7309.638 0.06218576 40.5361
50 7611.714 0.05873285 42.21128
51 7654.587 0.05281538 42.44904
52 8195.828 0.05463735 45.45052
53 8244.66 0.08644909 45.72133
54 8378.717 0.1053918 46.46475
SBC+WA
1 35.9188 0.103498 1.309829
2 47.11685 0.09252718 1.718181
3 55.97054 0.08814798 2.041043
4 64.3983 0.08565329 2.348373
5 72.41305 0.08412803 2.640642
6 80.03345 0.08313739 2.91853
7 87.17422 0.08255259 3.178928
8 93.94818 0.0821474 3.42595
9 100.3572 0.08185759 3.659663
10 106.4217 0.08163892 3.880815
11 112.1554 0.08146641 4.089902
12 120.8154 0.08096917 4.405701
13 131.6576 0.08045392 4.801076
14 144.4531 0.08010435 5.26768
15 158.8739 0.08003826 5.793555
16 174.8008 0.08017851 6.374352
17 192.0427 0.08045562 7.003103
18 210.3058 0.08082904 7.669092
19 229.5029 0.08118647 8.36914
20 249.366 0.08150419 9.093476
21 269.7313 0.08173824 9.836124
22 291.4923 0.08193852 10.62967
23 315.0799 0.08217353 11.48982
24 340.8982 0.08246055 12.43132
25 369.2678 0.08279424 13.46586
26 400.4029 0.08315179 14.60124
27 434.4469 0.08349435 15.84271
28 471.8425 0.08370358 17.20639
29 512.0181 0.08383492 18.67144
30 554.659 0.08386442 20.2264
31 600.2818 0.08364324 21.8901
32 648.5789 0.08322291 23.65132
33 699.7386 0.08261419 25.51693
34 753.7899 0.08185743 27.48799
35 811.126 0.08095076 29.57883
36 868.8751 0.08019926 31.68473
37 931.0377 0.07926075 33.95157
38 1002.573 0.07778834 36.56019
39 1066.224 0.0771302 38.88133
40 1146.054 0.07556292 41.79244
41 1223.326 0.0744199 44.61027
42 1300.435 0.07354476 47.42217
43 1392.168 0.07221155 50.76734
44 1487.942 0.07113584 54.25984
45 1580.091 0.07075882 57.62021
46 1673.777 0.07096823 61.03659
47 1772.595 0.07170732 64.64012
48 1870.569 0.07332002 68.21287
49 1952.345 0.07644384 71.19494
50 2057.312 0.07949953 75.02271
51 2149.74 0.08388387 78.39322
52 2254.988 0.0885956 82.23123
53 2367.233 0.09380589 86.32443
54 2468.97 0.100127 90.03439
OR+CA
1 113.7124 0.1080108 0.7622037
2 147.4148 0.09068819 0.9881076
3 173.244 0.08250112 1.161238
4 197.3057 0.07714194 1.322521
5 219.0407 0.07369473 1.468209
6 239.0654 0.07133604 1.602433
7 257.4652 0.06972406 1.725765
8 274.3688 0.06864065 1.839068
9 289.7064 0.06798164 1.941875
10 303.6314 0.06763525 2.035212
11 316.0061 0.06758239 2.118159
12 336.4048 0.06541426 2.25489
13 362.228 0.06229825 2.42798
14 392.7926 0.0587859 2.632852
15 427.8551 0.0552156 2.867873
16 466.1932 0.05191885 3.124849
17 507.3179 0.04900302 3.400504
18 550.6588 0.04650718 3.691014
19 595.5936 0.04443094 3.992208
20 642.4165 0.04268106 4.306057
21 690.93 0.04120741 4.631239
22 741.0529 0.03987126 4.967207
23 795.1958 0.0385258 5.330122
24 854.7019 0.03716291 5.728986
25 920.5804 0.03583227 6.170563
26 992.7583 0.03463594 6.654366
27 1072.199 0.03362308 7.186851
28 1158.515 0.03285701 7.765417
29 1251.394 0.03235641 8.387975
30 1350.377 0.03210014 9.051448
31 1458.596 0.03195806 9.776832
32 1573.004 0.03195498 10.54369
33 1695.711 0.03202246 11.36619
34 1825.645 0.03217243 12.23713
35 1965.648 0.03235148 13.17555
36 2112.241 0.03261955 14.15815
37 2269.756 0.03292609 15.21396
38 2443.994 0.03317926 16.38186
39 2641.806 0.03329591 17.70778
40 2853.963 0.03338529 19.12985
41 3067.647 0.03357058 20.56215
42 3309.091 0.03355728 22.18053
43 3569.392 0.03346159 23.92529
44 3853.153 0.03327633 25.82732
45 4114.868 0.03342008 27.58157
46 4333.711 0.03410094 29.04846
47 4519.655 0.03530939 30.29482
48 4807.575 0.0360788 32.22472
49 5062.528 0.0374929 33.93365
50 5384.596 0.03887958 36.09244
51 5745.971 0.04050262 38.5147
52 6104.55 0.0427824 40.91822
53 6491.806 0.04552924 43.51396
54 6889.841 0.04890164 46.18196

Parameters: Estimate  Std. Error      z value    Pr(>|z^2|)
rval 0.09677042 0.00450643 21.47387525 0
logK 8.17273519 1.86490074 4.38239689 1.174e-05
logK 10.25046117 1.7646542 5.80876477 1e-08
logK 9.26533644 1.91488549 4.83858512 1.31e-06
logK 9.93560494 1.80430692 5.50660469 4e-08
logK 8.08663326 1.92700967 4.19646739 2.711e-05
logBK 3.99218271 1.91090331 2.08915997 0.03669333
logBK 3.84897531 1.80523748 2.13211577 0.03299733
logBK 4.64747122 1.9427205 2.39224902 0.01674548
logBK 5.00778056 1.81780752 2.75484643 0.00587197
logBK 4.48630421 1.94645383 2.30486032 0.0211744
MixPars -1.72634014 0.2974504 -5.80379167 1e-08
MixPars -3.07338715 0.21213862 -14.48763638 0
MixPars -0.78961678 0.12511695 -6.31102969 0
MixPars -1.29601812 0.14761557 -8.77968452 0
MixPars -2.70236465 0.11024775 -24.51174464 0
MixPars -1.72894913 0.23940975 -7.22171572 0
MixPars -0.89082093 0.21789314 -4.08833856 4.345e-05
MixPars -1.66073333 0.28551164 -5.81669221 1e-08
MixPars -3.20138775 0.27927342 -11.46327403 0
MixPars -1.83639939 0.24727379 -7.42658338 0
MixPars -1.73207855 0.36812807 -4.70509773 2.54e-06
MixPars -1.50722822 0.35594576 -4.23443233 2.291e-05
MixPars -1.06672371 0.40408612 -2.63984247 0.00829446
MixPars -1.30887024 0.22767431 -5.74887101 1e-08
MixPars 0.83361992 0.18143161 4.59467857 4.33e-06
MixPars -2.71842125 0.26484938 -10.26402732 0
AddV 0.11907446 0.04426661 2.68993873 0.00714651
AddV 0.01968708 0.00567365 3.46991248 0.00052063
AddV 0.02375921 0.01665796 1.42629798 0.15378235
omega_sst -0.57354848 0.3385573 -1.69409574 0.09024709
omega_sst -0.24935788 0.60793423 -0.41017247 0.68167944
omega_sst -0.01372113 0.40184484 -0.03414535 0.97276125
omega_mld -0.64749812 0.29209589 -2.21673141 0.02664145
omega_mld 2.27156922 0.95540761 2.37759173 0.01742611
omega_mld 1.65818042 0.81692397 2.02978549 0.04237835
log_Ksigma -0.1553411 0.26569177 -0.58466658 0.55877193
log_alphaK -2.82026121 1.80145026 -1.56555041 0.11745391
log_betaK -4.72037261 5.80616965 -0.81299254 0.41622234

Mixing matrix
0.84894368 0.15105632 0 0 0 0 ,# Asia
0.02513062 0.24662214 0.14862941 0.54319814 0.03641969 0 ,# Hawaii
0.08972756 0.50559053 0.20745328 0.096062 0.0205804 0.08058622 ,# MX_AR
0.04100663 0.23178548 0.05134585 0.0797653 0.06261107 0.53348567 ,# MX_ML
0 0 0 0 0.06189507 0.93810493 ,# Central_Am

Split of breeding stock to feeding grounds over time
Split for: Asia
Year RUS+WAL EAL+BER GOA SEA+NBC SBC+WA OR+CA
1970 0.85034 0.14966 0 0 0 0
1971 0.85103 0.14897 0 0 0 0
1972 0.84744 0.15256 0 0 0 0
1973 0.84767 0.15233 0 0 0 0
1974 0.84786 0.15214 0 0 0 0
1975 0.84804 0.15196 0 0 0 0
1976 0.84819 0.15181 0 0 0 0
1977 0.84833 0.15167 0 0 0 0
1978 0.84846 0.15154 0 0 0 0
1979 0.84862 0.15138 0 0 0 0
1980 0.84877 0.15123 0 0 0 0
1981 0.8489 0.1511 0 0 0 0
1982 0.84903 0.15097 0 0 0 0
1983 0.84914 0.15086 0 0 0 0
1984 0.84924 0.15076 0 0 0 0
1985 0.84933 0.15067 0 0 0 0
1986 0.8494 0.1506 0 0 0 0
1987 0.84947 0.15053 0 0 0 0
1988 0.84954 0.15046 0 0 0 0
1989 0.84959 0.15041 0 0 0 0
1990 0.84964 0.15036 0 0 0 0
1991 0.84969 0.15031 0 0 0 0
1992 0.84974 0.15026 0 0 0 0
1993 0.84979 0.15021 0 0 0 0
1994 0.84984 0.15016 0 0 0 0
1995 0.84989 0.15011 0 0 0 0
1996 0.84994 0.15006 0 0 0 0
1997 0.84998 0.15002 0 0 0 0
1998 0.85009 0.14991 0 0 0 0
1999 0.85019 0.14981 0 0 0 0
2000 0.85024 0.14976 0 0 0 0
2001 0.85014 0.14986 0 0 0 0
2002 0.85006 0.14994 0 0 0 0
2003 0.84965 0.15035 0 0 0 0
2004 0.85113 0.14887 0 0 0 0
2005 0.85047 0.14953 0 0 0 0
2006 0.8508 0.1492 0 0 0 0
2007 0.8493 0.1507 0 0 0 0
2008 0.84754 0.15246 0 0 0 0
2009 0.8454 0.1546 0 0 0 0
2010 0.84755 0.15245 0 0 0 0
2011 0.84685 0.15315 0 0 0 0
2012 0.86311 0.13689 0 0 0 0
2013 0.86133 0.13867 0 0 0 0
2014 0.86013 0.13987 0 0 0 0
2015 0.85857 0.14143 0 0 0 0
2016 0.89072 0.10928 0 0 0 0
2017 0.89278 0.10722 0 0 0 0
2018 0.91325 0.08675 0 0 0 0
2019 0.92921 0.07079 0 0 0 0
2020 0.93017 0.06983 0 0 0 0
2021 0.92901 0.07099 0 0 0 0
2022 0.92823 0.07177 0 0 0 0
2023 0.93296 0.06704 0 0 0 0
2024 0.9312 0.0688 0 0 0 0
Split for: Hawaii
Year RUS+WAL EAL+BER GOA SEA+NBC SBC+WA OR+CA
1970 0.02556 0.24814 0.14732 0.54204 0.03694 0
1971 0.02572 0.24835 0.14816 0.54067 0.0371 0
1972 0.0251 0.24924 0.1489 0.53951 0.03725 0
1973 0.02521 0.24991 0.14948 0.53803 0.03736 0
1974 0.02532 0.25056 0.15003 0.53662 0.03747 0
1975 0.02542 0.25122 0.1505 0.53528 0.03758 0
1976 0.02552 0.25189 0.15097 0.53398 0.03765 0
1977 0.02561 0.25257 0.15143 0.53267 0.03772 0
1978 0.02571 0.25325 0.15188 0.53137 0.03779 0
1979 0.02581 0.25388 0.15234 0.53011 0.03787 0
1980 0.0259 0.25453 0.1528 0.52882 0.03795 0
1981 0.026 0.25519 0.15321 0.5276 0.03801 0
1982 0.02609 0.25586 0.15359 0.52639 0.03807 0
1983 0.02618 0.25651 0.15395 0.52523 0.03813 0
1984 0.02627 0.25717 0.15428 0.5241 0.03818 0
1985 0.02634 0.25777 0.15456 0.52311 0.03822 0
1986 0.02643 0.25843 0.15483 0.52204 0.03827 0
1987 0.02652 0.25922 0.15517 0.52075 0.03834 0
1988 0.02661 0.25987 0.15542 0.51972 0.03839 0
1989 0.02667 0.26039 0.15556 0.51898 0.0384 0
1990 0.02674 0.26096 0.15573 0.51814 0.03842 0
1991 0.02681 0.26157 0.15591 0.51726 0.03846 0
1992 0.02689 0.26224 0.15612 0.51627 0.03849 0
1993 0.02695 0.26278 0.15623 0.51553 0.03851 0
1994 0.02703 0.26339 0.15639 0.51465 0.03853 0
1995 0.0271 0.26401 0.15654 0.51379 0.03856 0
1996 0.02719 0.26474 0.15674 0.51273 0.0386 0
1997 0.02727 0.26546 0.15691 0.51169 0.03868 0
1998 0.02736 0.26614 0.15711 0.51064 0.03875 0
1999 0.02747 0.26692 0.15733 0.50947 0.03881 0
2000 0.02755 0.26768 0.15747 0.50843 0.03887 0
2001 0.02783 0.27053 0.15868 0.50378 0.03919 0
2002 0.02828 0.27512 0.14163 0.5152 0.03976 0
2003 0.02842 0.27738 0.13795 0.51638 0.03987 0
2004 0.0284 0.274 0.13884 0.51898 0.03977 0
2005 0.02937 0.28477 0.11781 0.52716 0.04089 0
2006 0.03034 0.29345 0.10766 0.52649 0.04206 0
2007 0.03042 0.29774 0.10849 0.52111 0.04224 0
2008 0.03056 0.30322 0.10854 0.51567 0.042 0
2009 0.03025 0.30506 0.1055 0.51756 0.04163 0
2010 0.0306 0.30354 0.10833 0.51559 0.04194 0
2011 0.03023 0.30154 0.10889 0.51818 0.04116 0
2012 0.03258 0.28496 0.11931 0.51871 0.04444 0
2013 0.03275 0.29077 0.12125 0.51048 0.04475 0
2014 0.03717 0.33334 0.12478 0.45404 0.05065 2e-05
2015 0.04162 0.37811 0.10489 0.41885 0.05652 0
2016 0.04771 0.32283 0.12036 0.44445 0.06465 0
2017 0.05751 0.38093 0.07692 0.40704 0.0776 0
2018 0.06233 0.32656 0.0826 0.44552 0.08299 0
2019 0.06702 0.28161 0.09019 0.47214 0.08904 0
2020 0.07019 0.29063 0.07514 0.47154 0.0925 0
2021 0.07093 0.29892 0.05233 0.48463 0.09318 0
2022 0.07218 0.30782 0.05308 0.47214 0.09478 0
2023 0.07572 0.30007 0.04537 0.4799 0.09893 0
2024 0.075 0.30562 0.04559 0.47553 0.09827 0
Split for: MX_AR
Year RUS+WAL EAL+BER GOA SEA+NBC SBC+WA OR+CA
1970 0.09128 0.50874 0.20564 0.09586 0.02088 0.07761
1971 0.09169 0.50827 0.20645 0.09545 0.02093 0.07721
1972 0.08945 0.50995 0.20743 0.09522 0.02101 0.07694
1973 0.08966 0.51025 0.2078 0.09476 0.02103 0.07649
1974 0.08987 0.51068 0.20819 0.09435 0.02105 0.07586
1975 0.09008 0.51116 0.2085 0.09395 0.02108 0.07523
1976 0.09028 0.51166 0.20879 0.09357 0.02108 0.07462
1977 0.09047 0.51218 0.20908 0.09318 0.02108 0.07401
1978 0.09065 0.5127 0.20935 0.0928 0.02109 0.0734
1979 0.09084 0.51317 0.20965 0.09243 0.0211 0.0728
1980 0.09104 0.51368 0.20995 0.09206 0.02111 0.07216
1981 0.09123 0.51423 0.2102 0.09171 0.02111 0.07151
1982 0.09142 0.51481 0.21041 0.09137 0.02111 0.07088
1983 0.0916 0.51538 0.2106 0.09103 0.02112 0.07026
1984 0.09177 0.51593 0.21073 0.0907 0.02111 0.06975
1985 0.09193 0.51646 0.21085 0.09041 0.02111 0.06924
1986 0.09209 0.51704 0.21091 0.0901 0.02111 0.06876
1987 0.09225 0.51765 0.21098 0.08971 0.0211 0.06831
1988 0.0924 0.51822 0.21101 0.0894 0.0211 0.06786
1989 0.09253 0.51873 0.21098 0.08919 0.02109 0.06749
1990 0.09265 0.5192 0.21095 0.08893 0.02107 0.0672
1991 0.09278 0.51975 0.21092 0.08866 0.02106 0.06682
1992 0.09292 0.52032 0.2109 0.08837 0.02105 0.06644
1993 0.09305 0.52084 0.21083 0.08815 0.02104 0.0661
1994 0.09317 0.52135 0.21076 0.08787 0.02102 0.06582
1995 0.0933 0.52186 0.21068 0.08761 0.02101 0.06555
1996 0.09343 0.52239 0.21058 0.08727 0.021 0.06533
1997 0.09356 0.52291 0.21044 0.08695 0.021 0.06514
1998 0.09372 0.52335 0.21034 0.08662 0.021 0.06497
1999 0.09388 0.52385 0.21022 0.08625 0.02099 0.06481
2000 0.094 0.52433 0.21 0.08591 0.02099 0.06478
2001 0.09417 0.52568 0.20993 0.08445 0.02099 0.06478
2002 0.09657 0.53939 0.18905 0.08713 0.02149 0.06637
2003 0.09699 0.54353 0.18405 0.08729 0.02154 0.0666
2004 0.09743 0.53968 0.18619 0.08818 0.02159 0.06692
2005 0.10068 0.56059 0.1579 0.08952 0.02219 0.06912
2006 0.10303 0.57217 0.14292 0.08855 0.02261 0.07072
2007 0.10236 0.57517 0.14268 0.08684 0.02249 0.07046
2008 0.10171 0.57941 0.14121 0.085 0.02212 0.07055
2009 0.10082 0.58382 0.13747 0.08544 0.02196 0.0705
2010 0.10169 0.57923 0.14074 0.08487 0.02206 0.07141
2011 0.10092 0.57799 0.14211 0.08568 0.02175 0.07155
2012 0.10899 0.54738 0.15604 0.08595 0.02353 0.07812
2013 0.10799 0.55055 0.1563 0.08338 0.02336 0.07843
2014 0.11096 0.5714 0.14563 0.06714 0.02393 0.08093
2015 0.11576 0.60382 0.11405 0.0577 0.02488 0.08379
2016 0.13775 0.53517 0.13585 0.06356 0.02954 0.09813
2017 0.15137 0.57569 0.07914 0.05307 0.03233 0.10841
2018 0.17227 0.5182 0.08924 0.06099 0.0363 0.123
2019 0.19165 0.46236 0.10082 0.06687 0.0403 0.13801
2020 0.19731 0.46906 0.08257 0.06565 0.04115 0.14426
2021 0.20024 0.48455 0.05776 0.06777 0.04164 0.14805
2022 0.19931 0.48804 0.0573 0.06457 0.04142 0.14936
2023 0.20876 0.475 0.0489 0.06553 0.04317 0.15865
2024 0.20506 0.47979 0.04873 0.0644 0.04252 0.1595
Split for: MX_ML
Year RUS+WAL EAL+BER GOA SEA+NBC SBC+WA OR+CA
1970 0.04245 0.23733 0.05179 0.081 0.06463 0.5228
1971 0.04276 0.23776 0.05214 0.08087 0.06497 0.5215
1972 0.04179 0.23897 0.05248 0.08082 0.06533 0.52062
1973 0.04201 0.23983 0.05273 0.08067 0.06558 0.51918
1974 0.04229 0.24104 0.05305 0.08066 0.06593 0.51702
1975 0.04256 0.24226 0.05335 0.08065 0.06629 0.51489
1976 0.04283 0.2435 0.05364 0.08065 0.06657 0.51281
1977 0.04309 0.24475 0.05394 0.08065 0.06686 0.51071
1978 0.04336 0.24601 0.05423 0.08065 0.06715 0.5086
1979 0.04363 0.24723 0.05453 0.08066 0.06746 0.50649
1980 0.04391 0.24856 0.05485 0.08069 0.0678 0.50419
1981 0.0442 0.24993 0.05516 0.08073 0.06809 0.50188
1982 0.04449 0.2513 0.05545 0.08078 0.0684 0.49959
1983 0.04476 0.25264 0.05573 0.08083 0.0687 0.49733
1984 0.04501 0.25381 0.05597 0.08082 0.06892 0.49548
1985 0.04524 0.25496 0.05619 0.08084 0.06915 0.49362
1986 0.04547 0.25609 0.0564 0.08083 0.06938 0.49183
1987 0.0457 0.25723 0.0566 0.08074 0.06959 0.49015
1988 0.04591 0.25832 0.05679 0.08072 0.0698 0.48847
1989 0.0461 0.25925 0.05693 0.08073 0.06994 0.48705
1990 0.04625 0.26002 0.05704 0.08067 0.07003 0.48599
1991 0.04645 0.26101 0.05718 0.08064 0.07019 0.48452
1992 0.04664 0.26199 0.05733 0.08059 0.07035 0.4831
1993 0.04682 0.26288 0.05745 0.08058 0.07047 0.4818
1994 0.04698 0.26368 0.05755 0.0805 0.07056 0.48073
1995 0.04713 0.26446 0.05764 0.08041 0.07065 0.47969
1996 0.04728 0.26517 0.05771 0.08024 0.07072 0.47889
1997 0.04741 0.26581 0.05775 0.08005 0.07084 0.47815
1998 0.04755 0.26636 0.0578 0.07985 0.07094 0.47751
1999 0.04769 0.26696 0.05784 0.07961 0.07099 0.47691
2000 0.04777 0.26728 0.05779 0.07932 0.07099 0.47685
2001 0.04788 0.26813 0.05781 0.07801 0.07104 0.47713
2002 0.04822 0.27016 0.05112 0.07904 0.07141 0.48005
2003 0.04829 0.27145 0.04962 0.07896 0.07138 0.48031
2004 0.0484 0.26894 0.05009 0.07959 0.0714 0.48157
2005 0.04887 0.27297 0.04151 0.07895 0.0717 0.48599
2006 0.04929 0.2746 0.03703 0.07698 0.072 0.4901
2007 0.0491 0.27676 0.03707 0.07568 0.07182 0.48958
2008 0.04883 0.27903 0.03671 0.07414 0.0707 0.49059
2009 0.04839 0.28108 0.03573 0.07451 0.07017 0.49012
2010 0.04855 0.27742 0.03639 0.07362 0.07011 0.4939
2011 0.04818 0.27682 0.03675 0.07433 0.06912 0.49481
2012 0.04984 0.25108 0.03864 0.07141 0.07162 0.51742
2013 0.04935 0.25241 0.03869 0.06924 0.07106 0.51925
2014 0.05006 0.25859 0.03558 0.05503 0.07188 0.52886
2015 0.05105 0.26714 0.02724 0.04624 0.07305 0.53529
2016 0.05551 0.21633 0.02965 0.04653 0.07924 0.57275
2017 0.05704 0.21763 0.01615 0.03633 0.08109 0.59175
2018 0.05993 0.18084 0.01681 0.03855 0.08406 0.61981
2019 0.06185 0.14967 0.01762 0.03921 0.08657 0.64509
2020 0.06175 0.14726 0.01399 0.03733 0.08573 0.65394
2021 0.06138 0.149 0.00959 0.03774 0.08496 0.65734
2022 0.06083 0.14942 0.00947 0.03581 0.08416 0.66031
2023 0.06111 0.13948 0.00775 0.03485 0.08412 0.67269
2024 0.0599 0.1406 0.00771 0.03418 0.08269 0.67491
Split for: Central_Am
Year RUS+WAL EAL+BER GOA SEA+NBC SBC+WA OR+CA
1970 0 0 0 0 0.06498 0.93502
1971 0 0 0 0 0.06546 0.93454
1972 0 0 0 0 0.06589 0.93411
1973 0 0 0 0 0.06631 0.93369
1974 0 0 0 0 0.0669 0.9331
1975 0 0 0 0 0.06749 0.93251
1976 0 0 0 0 0.06801 0.93199
1977 0 0 0 0 0.06855 0.93145
1978 0 0 0 0 0.0691 0.9309
1979 0 0 0 0 0.06966 0.93034
1980 0 0 0 0 0.07028 0.92972
1981 0 0 0 0 0.07087 0.92913
1982 0 0 0 0 0.07147 0.92853
1983 0 0 0 0 0.07206 0.92794
1984 0 0 0 0 0.07253 0.92747
1985 0 0 0 0 0.073 0.927
1986 0 0 0 0 0.07348 0.92652
1987 0 0 0 0 0.07391 0.92609
1988 0 0 0 0 0.07436 0.92564
1989 0 0 0 0 0.0747 0.9253
1990 0 0 0 0 0.07494 0.92506
1991 0 0 0 0 0.07531 0.92469
1992 0 0 0 0 0.07567 0.92433
1993 0 0 0 0 0.07598 0.92402
1994 0 0 0 0 0.07623 0.92377
1995 0 0 0 0 0.07647 0.92353
1996 0 0 0 0 0.07666 0.92334
1997 0 0 0 0 0.07688 0.92312
1998 0 0 0 0 0.07708 0.92292
1999 0 0 0 0 0.07722 0.92278
2000 0 0 0 0 0.07723 0.92277
2001 0 0 0 0 0.07724 0.92276
2002 0 0 0 0 0.07718 0.92282
2003 0 0 0 0 0.0771 0.9229
2004 0 0 0 0 0.07694 0.92306
2005 0 0 0 0 0.07659 0.92341
2006 0 0 0 0 0.07629 0.92371
2007 0 0 0 0 0.07618 0.92382
2008 0 0 0 0 0.07494 0.92506
2009 0 0 0 0 0.07449 0.92551
2010 0 0 0 0 0.07391 0.92609
2011 0 0 0 0 0.07281 0.92719
2012 0 0 0 0 0.0722 0.9278
2013 0 0 0 0 0.07144 0.92856
2014 0 0 0 0 0.07098 0.92902
2015 0 0 0 0 0.07125 0.92875
2016 0 0 0 0 0.07216 0.92784
2017 0 0 0 0 0.07153 0.92847
2018 0 0 0 0 0.07084 0.92916
2019 0 0 0 0 0.07015 0.92985
2020 0 0 0 0 0.06864 0.93136
2021 0 0 0 0 0.06774 0.93226
2022 0 0 0 0 0.06686 0.93314
2023 0 0 0 0 0.06568 0.93432
2024 0 0 0 0 0.06444 0.93556

Difference in mortality over time
Difference for: Asia
Year RUS+WAL EAL+BER GOA SEA+NBC SBC+WA OR+CA
1970 0 0 0 0 0 0
1971 0 0 0 0 0 0
1972 0 0 0 0 0 0
1973 0 0 0 0 0 0
1974 0 0 0 0 0 0
1975 0 0 0 0 0 0
1976 0 0 0 0 0 0
1977 0 0 0 0 0 0
1978 0 0 0 0 0 0
1979 0 0 0 0 0 0
1980 0 0 0 0 0 0
1981 0 0 0 0 0 0
1982 0 0 0 0 0 0
1983 -1 0 0 0 0 0
1984 -1 0 0 0 0 0
1985 -1 0 0 0 0 0
1986 -1 0 0 0 0 0
1987 -1 0 0 0 0 0
1988 -1 0 0 0 0 0
1989 -2 0 0 0 0 0
1990 -2 0 0 0 0 0
1991 -2 0 0 0 0 0
1992 -3 0 0 0 0 0
1993 -3 -1 0 0 0 0
1994 -4 -1 0 0 0 0
1995 -4 -1 0 0 0 0
1996 -5 -1 0 0 0 0
1997 -6 -1 0 0 0 0
1998 -7 -1 0 0 0 0
1999 -8 -1 0 0 0 0
2000 -9 -1 0 0 0 0
2001 -10 -2 0 0 0 0
2002 -12 -2 0 0 0 0
2003 -14 -5 0 0 0 0
2004 -16 -2 0 0 0 0
2005 -18 -4 0 0 0 0
2006 -21 -1 0 0 0 0
2007 -24 -1 0 0 0 0
2008 -27 -1 0 0 0 0
2009 -31 -10 0 0 0 0
2010 -35 -5 0 0 0 0
2011 -40 -46 0 0 0 0
2012 -45 -1 0 0 0 0
2013 -50 -5 0 0 0 0
2014 -57 -5 0 0 0 0
2015 -61 -98 0 0 0 0
2016 -68 -11 0 0 0 0
2017 -76 -66 0 0 0 0
2018 -84 -51 0 0 0 0
2019 -93 -7 0 0 0 0
2020 -102 -2 0 0 0 0
2021 -111 -5 0 0 0 0
2022 -121 -24 0 0 0 0
2023 -130 -2 0 0 0 0
Difference for: Hawaii
Year RUS+WAL EAL+BER GOA SEA+NBC SBC+WA OR+CA
1970 0 0 0 0 0 0
1971 0 0 0 0 0 0
1972 0 0 0 -1 0 0
1973 0 0 0 -1 0 0
1974 0 0 0 -1 0 0
1975 0 -1 0 -1 0 0
1976 0 -1 0 -2 0 0
1977 0 -1 0 -2 0 0
1978 0 -1 -1 -2 0 0
1979 0 -1 -1 -3 0 0
1980 0 -1 -1 -3 0 0
1981 0 -1 -1 -3 0 0
1982 0 -1 -1 -4 0 0
1983 0 -2 -1 -5 0 0
1984 0 -2 -1 -6 0 0
1985 0 -3 -2 -7 0 0
1986 0 -3 -2 -8 0 0
1987 0 -4 -3 -10 -1 0
1988 0 -4 -3 -11 -1 0
1989 -1 -5 -4 -13 -1 0
1990 -1 -6 -4 -16 -1 0
1991 -1 -7 -5 -18 -1 0
1992 -1 -9 -6 -21 -1 0
1993 -1 -10 -7 -25 -1 0
1994 -1 -12 -8 -29 -2 0
1995 -1 -14 -9 -34 -2 0
1996 -2 -16 -11 -40 -2 0
1997 -2 -19 -13 -47 -3 0
1998 -2 -23 -15 -54 -3 0
1999 -3 -27 -18 -63 -4 0
2000 -3 -28 -20 -146 -4 0
2001 -4 -33 -244 -14 -5 0
2002 -4 -30 -65 -78 -6 0
2003 -5 -91 -5 -31 -7 0
2004 -6 -33 -379 -217 -8 0
2005 -7 -76 -213 -358 -9 0
2006 -8 -20 0 -213 -10 0
2007 -9 -21 -28 -256 -12 0
2008 -10 -16 -60 -11 -13 0
2009 -12 -216 -2 -312 -15 0
2010 -13 -96 0 -13 -17 0
2011 -15 -971 -9 -1069 -19 0
2012 -17 -25 -33 -452 -22 0
2013 -20 -102 -326 -2794 -25 0
2014 -22 -98 -737 -1863 -28 0
2015 -25 -2196 -36 -770 -32 0
2016 -28 -236 -1121 -2206 -36 0
2017 -31 -1500 -10 -19 -40 0
2018 -35 -1164 -5 -271 -43 0
2019 -39 -162 -331 -545 -48 0
2020 -43 -50 -393 -62 -52 0
2021 -47 -113 -15 -612 -57 0
2022 -51 -567 -187 -506 -63 0
2023 -56 -38 -8 -345 -69 0
Difference for: MX_AR
Year RUS+WAL EAL+BER GOA SEA+NBC SBC+WA OR+CA
1970 0 0 0 0 0 0
1971 0 0 0 0 0 0
1972 0 0 0 0 0 0
1973 0 0 0 0 0 0
1974 0 0 0 0 0 0
1975 0 0 0 0 0 0
1976 0 0 0 0 0 0
1977 0 0 0 0 0 0
1978 0 0 0 0 0 0
1979 0 0 0 0 0 0
1980 0 0 0 0 0 0
1981 0 0 0 0 0 0
1982 0 0 0 0 0 0
1983 0 -1 0 0 0 0
1984 0 -1 0 0 0 0
1985 0 -1 0 0 0 0
1986 0 -1 0 0 0 0
1987 0 -1 -1 0 0 0
1988 0 -2 -1 0 0 0
1989 0 -2 -1 0 0 0
1990 0 -2 -1 0 0 0
1991 0 -3 -1 -1 0 0
1992 -1 -3 -1 -1 0 0
1993 -1 -3 -2 -1 0 0
1994 -1 -4 -2 -1 0 0
1995 -1 -5 -2 -1 0 0
1996 -1 -6 -3 -1 0 0
1997 -1 -7 -3 -1 0 0
1998 -1 -8 -4 -2 0 0
1999 -2 -9 -4 -2 0 0
2000 -2 -10 -5 -4 0 -1
2001 -2 -11 -58 0 0 -1
2002 -3 -11 -15 -2 -1 -1
2003 -3 -32 -1 -1 -1 -1
2004 -4 -12 -90 -7 -1 -1
2005 -4 -26 -51 -11 -1 -1
2006 -5 -7 0 -6 -1 -1
2007 -5 -7 -7 -8 -1 -2
2008 -6 -5 -14 0 -1 -2
2009 -7 -75 0 -9 -1 -2
2010 -8 -34 0 0 -2 -2
2011 -9 -339 -2 -32 -2 -3
2012 -11 -9 -8 -14 -2 -3
2013 -12 -36 -77 -84 -2 -4
2014 -14 -34 -175 -56 -3 -4
2015 -15 -766 -9 -23 -3 -5
2016 -17 -82 -266 -66 -3 -5
2017 -19 -523 -2 -1 -4 -6
2018 -21 -406 -1 -8 -4 -7
2019 -23 -57 -79 -16 -5 -8
2020 -26 -18 -93 -2 -5 -9
2021 -28 -40 -4 -18 -6 -10
2022 -31 -198 -44 -15 -6 -11
2023 -34 -13 -2 -10 -7 -13
Difference for: MX_ML
Year RUS+WAL EAL+BER GOA SEA+NBC SBC+WA OR+CA
1970 0 0 0 0 0 0
1971 0 0 0 0 0 0
1972 0 0 0 0 0 0
1973 0 0 0 0 0 0
1974 0 0 0 0 0 0
1975 0 0 0 0 0 0
1976 0 0 0 0 0 0
1977 0 0 0 0 0 0
1978 0 0 0 0 0 0
1979 0 0 0 0 0 0
1980 0 0 0 0 0 0
1981 0 0 0 0 0 0
1982 0 0 0 0 0 0
1983 0 0 0 0 0 0
1984 0 0 0 0 0 0
1985 0 -1 0 0 0 0
1986 0 -1 0 0 0 -1
1987 0 -1 0 0 0 -1
1988 0 -1 0 0 0 -1
1989 0 -1 0 0 0 -1
1990 0 -1 0 0 0 -1
1991 0 -1 0 -1 0 -1
1992 0 -2 0 -1 0 -1
1993 0 -2 0 -1 0 -2
1994 0 -2 -1 -1 -1 -2
1995 0 -3 -1 -1 -1 -2
1996 -1 -3 -1 -1 -1 -2
1997 -1 -4 -1 -1 -1 -3
1998 -1 -4 -1 -2 -1 -3
1999 -1 -5 -1 -2 -1 -4
2000 -1 -5 -1 -4 -1 -4
2001 -1 -6 -17 0 -2 -5
2002 -1 -6 -5 -2 -2 -6
2003 -2 -17 0 -1 -2 -7
2004 -2 -6 -26 -6 -3 -8
2005 -2 -14 -15 -11 -3 -9
2006 -3 -4 0 -6 -3 -11
2007 -3 -4 -2 -8 -4 -12
2008 -3 -3 -4 0 -4 -14
2009 -4 -40 0 -9 -5 -17
2010 -4 -18 0 0 -6 -19
2011 -5 -181 -1 -31 -7 -22
2012 -6 -5 -2 -13 -8 -26
2013 -6 -19 -22 -81 -9 -30
2014 -7 -18 -50 -54 -10 -34
2015 -8 -405 -2 -22 -11 -38
2016 -9 -43 -76 -63 -12 -41
2017 -10 -275 -1 -1 -13 -47
2018 -11 -213 0 -8 -14 -52
2019 -12 -30 -22 -16 -16 -58
2020 -13 -9 -26 -2 -17 -66
2021 -15 -21 -1 -17 -19 -75
2022 -16 -103 -12 -14 -21 -85
2023 -18 -7 -1 -10 -23 -95
Difference for: Central_Am
Year RUS+WAL EAL+BER GOA SEA+NBC SBC+WA OR+CA
1970 0 0 0 0 0 0
1971 0 0 0 0 0 0
1972 0 0 0 0 0 0
1973 0 0 0 0 0 0
1974 0 0 0 0 0 0
1975 0 0 0 0 0 0
1976 0 0 0 0 0 0
1977 0 0 0 0 0 0
1978 0 0 0 0 0 0
1979 0 0 0 0 0 0
1980 0 0 0 0 0 0
1981 0 0 0 0 0 0
1982 0 0 0 0 0 0
1983 0 0 0 0 0 0
1984 0 0 0 0 0 0
1985 0 0 0 0 0 0
1986 0 0 0 0 0 0
1987 0 0 0 0 0 0
1988 0 0 0 0 0 0
1989 0 0 0 0 0 0
1990 0 0 0 0 0 0
1991 0 0 0 0 0 -1
1992 0 0 0 0 0 -1
1993 0 0 0 0 0 -1
1994 0 0 0 0 0 -1
1995 0 0 0 0 0 -1
1996 0 0 0 0 0 -1
1997 0 0 0 0 0 -1
1998 0 0 0 0 0 -1
1999 0 0 0 0 0 -2
2000 0 0 0 0 0 -2
2001 0 0 0 0 0 -2
2002 0 0 0 0 -1 -3
2003 0 0 0 0 -1 -3
2004 0 0 0 0 -1 -4
2005 0 0 0 0 -1 -4
2006 0 0 0 0 -1 -5
2007 0 0 0 0 -1 -6
2008 0 0 0 0 -1 -7
2009 0 0 0 0 -1 -8
2010 0 0 0 0 -2 -9
2011 0 0 0 0 -2 -10
2012 0 0 0 0 -2 -12
2013 0 0 0 0 -2 -14
2014 0 0 0 0 -2 -16
2015 0 0 0 0 -3 -18
2016 0 0 0 0 -3 -19
2017 0 0 0 0 -3 -22
2018 0 0 0 0 -4 -24
2019 0 0 0 0 -4 -27
2020 0 0 0 0 -5 -31
2021 0 0 0 0 -5 -35
2022 0 0 0 0 -5 -39
2023 0 0 0 0 -6 -44

Total survival over time
Values for breeding stock: Asia
Year RUS+WAL EAL+BER GOA SEA+NBC SBC+WA OR+CA
1970 0.994 0.983 0 0 0 0
1971 1.314 1.307 0 0 0 0
1972 1.201 1.235 0 0 0 0
1973 1.189 1.187 0 0 0 0
1974 1.156 1.154 0 0 0 0
1975 1.132 1.131 0 0 0 0
1976 1.114 1.112 0 0 0 0
1977 1.099 1.098 0 0 0 0
1978 1.087 1.086 0 0 0 0
1979 1.077 1.076 0 0 0 0
1980 1.068 1.067 0 0 0 0
1981 1.091 1.09 0 0 0 0
1982 1.108 1.107 0 0 0 0
1983 1.117 1.116 0 0 0 0
1984 1.122 1.121 0 0 0 0
1985 1.123 1.122 0 0 0 0
1986 1.122 1.121 0 0 0 0
1987 1.118 1.117 0 0 0 0
1988 1.113 1.113 0 0 0 0
1989 1.108 1.108 0 0 0 0
1990 1.103 1.102 0 0 0 0
1991 1.101 1.1 0 0 0 0
1992 1.101 1.1 0 0 0 0
1993 1.102 1.101 0 0 0 0
1994 1.103 1.103 0 0 0 0
1995 1.105 1.104 0 0 0 0
1996 1.106 1.106 0 0 0 0
1997 1.106 1.106 0 0 0 0
1998 1.106 1.105 0 0 0 0
1999 1.105 1.104 0 0 0 0
2000 1.103 1.104 0 0 0 0
2001 1.101 1.102 0 0 0 0
2002 1.099 1.103 0 0 0 0
2003 1.098 1.083 0 0 0 0
2004 1.096 1.105 0 0 0 0
2005 1.095 1.091 0 0 0 0
2006 1.094 1.109 0 0 0 0
2007 1.093 1.108 0 0 0 0
2008 1.092 1.11 0 0 0 0
2009 1.091 1.068 0 0 0 0
2010 1.089 1.099 0 0 0 0
2011 1.088 0.935 0 0 0 0
2012 1.086 1.133 0 0 0 0
2013 1.078 1.086 0 0 0 0
2014 1.09 1.105 0 0 0 0
2015 1.056 0.749 0 0 0 0
2016 1.081 1.121 0 0 0 0
2017 1.08 0.825 0 0 0 0
2018 1.076 0.874 0 0 0 0
2019 1.079 1.1 0 0 0 0
2020 1.069 1.089 0 0 0 0
2021 1.067 1.072 0 0 0 0
2022 1.064 0.976 0 0 0 0
2023 1.062 1.109 0 0 0 0
Values for breeding stock: Hawaii
Year RUS+WAL EAL+BER GOA SEA+NBC SBC+WA OR+CA
1970 1.007 0.996 0.981 0.988 1.004 0
1971 1.328 1.32 1.327 1.316 1.325 0
1972 1.213 1.247 1.249 1.24 1.248 0
1973 1.2 1.198 1.2 1.192 1.199 0
1974 1.167 1.165 1.166 1.159 1.165 0
1975 1.142 1.14 1.141 1.134 1.141 0
1976 1.123 1.122 1.122 1.116 1.121 0
1977 1.108 1.107 1.107 1.101 1.106 0
1978 1.096 1.095 1.095 1.089 1.094 0
1979 1.086 1.085 1.086 1.08 1.085 0
1980 1.078 1.077 1.077 1.071 1.076 0
1981 1.101 1.1 1.1 1.095 1.099 0
1982 1.118 1.116 1.116 1.111 1.115 0
1983 1.127 1.126 1.126 1.121 1.125 0
1984 1.132 1.131 1.13 1.126 1.129 0
1985 1.133 1.132 1.131 1.127 1.13 0
1986 1.131 1.13 1.129 1.125 1.129 0
1987 1.127 1.126 1.125 1.12 1.125 0
1988 1.122 1.122 1.121 1.117 1.12 0
1989 1.117 1.117 1.115 1.113 1.115 0
1990 1.111 1.111 1.11 1.107 1.109 0
1991 1.109 1.109 1.108 1.104 1.107 0
1992 1.109 1.109 1.108 1.104 1.107 0
1993 1.111 1.11 1.109 1.106 1.108 0
1994 1.112 1.112 1.11 1.107 1.11 0
1995 1.114 1.113 1.111 1.108 1.111 0
1996 1.114 1.114 1.112 1.108 1.112 0
1997 1.115 1.114 1.112 1.109 1.113 0
1998 1.114 1.113 1.112 1.108 1.113 0
1999 1.113 1.112 1.11 1.106 1.111 0
2000 1.111 1.112 1.109 1.088 1.109 0
2001 1.109 1.11 0.956 1.12 1.107 0
2002 1.107 1.111 1.096 1.103 1.106 0
2003 1.106 1.091 1.12 1.114 1.104 0
2004 1.104 1.113 0.878 1.081 1.102 0
2005 1.103 1.099 0.996 1.065 1.097 0
2006 1.102 1.117 1.133 1.092 1.098 0
2007 1.101 1.116 1.091 1.085 1.103 0
2008 1.1 1.118 1.077 1.121 1.089 0
2009 1.099 1.076 1.118 1.079 1.101 0
2010 1.098 1.108 1.116 1.12 1.093 0
2011 1.096 0.942 1.111 1.002 1.089 0
2012 1.094 1.142 1.102 1.085 1.096 0
2013 1.092 1.1 0.978 0.829 1.094 0
2014 1.09 1.104 0.795 0.917 1.087 0
2015 1.089 0.772 1.151 1.028 1.085 0
2016 1.087 1.126 0.516 0.8 1.084 0
2017 1.085 0.829 1.235 1.154 1.081 0
2018 1.083 0.879 1.096 1.059 1.069 0
2019 1.081 1.102 0.825 1.023 1.079 0
2020 1.079 1.099 0.738 1.108 1.071 0
2021 1.077 1.082 1.135 1.016 1.074 0
2022 1.075 0.986 0.855 1.046 1.074 0
2023 1.073 1.12 1.11 1.067 1.068 0
Values for breeding stock: MX_AR
Year RUS+WAL EAL+BER GOA SEA+NBC SBC+WA OR+CA
1970 1.007 0.996 0.981 0.988 1.004 0.954
1971 1.328 1.32 1.327 1.316 1.325 1.315
1972 1.213 1.247 1.249 1.24 1.248 1.239
1973 1.2 1.198 1.2 1.192 1.199 1.191
1974 1.167 1.165 1.166 1.159 1.165 1.154
1975 1.142 1.14 1.141 1.135 1.141 1.13
1976 1.123 1.122 1.122 1.116 1.121 1.112
1977 1.108 1.107 1.107 1.101 1.106 1.097
1978 1.096 1.095 1.095 1.09 1.094 1.085
1979 1.086 1.085 1.086 1.08 1.085 1.075
1980 1.078 1.077 1.077 1.072 1.077 1.066
1981 1.102 1.1 1.1 1.095 1.099 1.089
1982 1.118 1.117 1.116 1.111 1.115 1.105
1983 1.127 1.126 1.126 1.121 1.125 1.115
1984 1.132 1.131 1.13 1.126 1.129 1.122
1985 1.133 1.132 1.131 1.127 1.13 1.123
1986 1.131 1.13 1.129 1.125 1.129 1.121
1987 1.127 1.127 1.126 1.12 1.125 1.118
1988 1.122 1.122 1.121 1.117 1.121 1.113
1989 1.117 1.117 1.115 1.113 1.115 1.11
1990 1.111 1.111 1.11 1.107 1.109 1.106
1991 1.109 1.109 1.108 1.104 1.107 1.102
1992 1.11 1.109 1.108 1.104 1.107 1.102
1993 1.111 1.11 1.109 1.106 1.108 1.104
1994 1.112 1.112 1.11 1.107 1.11 1.106
1995 1.114 1.113 1.112 1.109 1.111 1.108
1996 1.114 1.114 1.112 1.109 1.112 1.11
1997 1.115 1.114 1.112 1.109 1.113 1.11
1998 1.114 1.113 1.112 1.108 1.113 1.11
1999 1.113 1.112 1.11 1.106 1.111 1.109
2000 1.111 1.112 1.109 1.089 1.109 1.11
2001 1.109 1.11 0.956 1.12 1.107 1.108
2002 1.107 1.111 1.096 1.103 1.106 1.107
2003 1.106 1.091 1.12 1.114 1.104 1.105
2004 1.104 1.113 0.878 1.081 1.102 1.105
2005 1.103 1.099 0.996 1.065 1.097 1.103
2006 1.102 1.118 1.134 1.092 1.098 1.103
2007 1.101 1.116 1.091 1.085 1.103 1.105
2008 1.1 1.118 1.077 1.121 1.089 1.109
2009 1.099 1.076 1.118 1.079 1.101 1.109
2010 1.098 1.108 1.116 1.12 1.093 1.103
2011 1.096 0.942 1.111 1.002 1.089 1.107
2012 1.094 1.142 1.102 1.085 1.096 1.107
2013 1.092 1.1 0.978 0.829 1.094 1.108
2014 1.09 1.105 0.795 0.917 1.088 1.096
2015 1.089 0.772 1.151 1.028 1.085 1.081
2016 1.087 1.126 0.516 0.8 1.084 1.071
2017 1.085 0.829 1.235 1.154 1.081 1.092
2018 1.083 0.879 1.096 1.059 1.069 1.081
2019 1.081 1.102 0.825 1.023 1.079 1.091
2020 1.079 1.099 0.738 1.108 1.071 1.096
2021 1.077 1.082 1.135 1.016 1.074 1.09
2022 1.075 0.986 0.855 1.046 1.075 1.09
2023 1.073 1.121 1.11 1.067 1.068 1.089
Values for breeding stock: MX_ML
Year RUS+WAL EAL+BER GOA SEA+NBC SBC+WA OR+CA
1970 0.999 0.989 0.974 0.98 0.997 0.947
1971 1.319 1.312 1.318 1.307 1.316 1.306
1972 1.205 1.24 1.241 1.232 1.24 1.231
1973 1.194 1.192 1.193 1.186 1.192 1.185
1974 1.161 1.159 1.16 1.153 1.159 1.148
1975 1.136 1.135 1.135 1.129 1.135 1.124
1976 1.118 1.116 1.117 1.11 1.115 1.106
1977 1.103 1.102 1.102 1.096 1.101 1.092
1978 1.091 1.09 1.09 1.084 1.089 1.08
1979 1.081 1.08 1.081 1.075 1.08 1.07
1980 1.073 1.072 1.072 1.066 1.071 1.061
1981 1.096 1.095 1.095 1.09 1.094 1.084
1982 1.113 1.111 1.111 1.106 1.11 1.1
1983 1.122 1.121 1.121 1.116 1.12 1.111
1984 1.127 1.126 1.126 1.121 1.125 1.117
1985 1.128 1.127 1.127 1.122 1.126 1.118
1986 1.126 1.126 1.125 1.12 1.124 1.117
1987 1.123 1.122 1.121 1.116 1.121 1.114
1988 1.118 1.118 1.117 1.113 1.116 1.109
1989 1.113 1.113 1.111 1.109 1.111 1.106
1990 1.108 1.107 1.106 1.103 1.105 1.102
1991 1.106 1.105 1.104 1.101 1.104 1.098
1992 1.106 1.105 1.104 1.1 1.104 1.098
1993 1.107 1.107 1.105 1.103 1.105 1.1
1994 1.109 1.108 1.107 1.103 1.106 1.103
1995 1.11 1.11 1.108 1.105 1.108 1.104
1996 1.111 1.111 1.109 1.105 1.109 1.106
1997 1.111 1.111 1.109 1.105 1.11 1.107
1998 1.111 1.11 1.108 1.105 1.109 1.107
1999 1.11 1.109 1.107 1.103 1.107 1.106
2000 1.108 1.109 1.106 1.085 1.106 1.107
2001 1.106 1.107 0.953 1.117 1.104 1.105
2002 1.104 1.108 1.093 1.1 1.103 1.104
2003 1.103 1.088 1.117 1.111 1.101 1.103
2004 1.102 1.111 0.876 1.078 1.099 1.103
2005 1.1 1.096 0.993 1.061 1.094 1.1
2006 1.1 1.115 1.131 1.089 1.095 1.1
2007 1.099 1.114 1.088 1.082 1.1 1.102
2008 1.098 1.116 1.074 1.118 1.087 1.107
2009 1.096 1.074 1.115 1.076 1.098 1.106
2010 1.095 1.105 1.114 1.117 1.091 1.101
2011 1.093 0.939 1.108 1 1.086 1.104
2012 1.092 1.139 1.1 1.083 1.093 1.104
2013 1.09 1.098 0.976 0.827 1.092 1.105
2014 1.087 1.102 0.793 0.915 1.085 1.093
2015 1.086 0.77 1.148 1.026 1.082 1.078
2016 1.084 1.123 0.515 0.798 1.081 1.068
2017 1.082 0.827 1.232 1.151 1.078 1.089
2018 1.08 0.877 1.094 1.056 1.066 1.078
2019 1.078 1.099 0.823 1.02 1.076 1.088
2020 1.074 1.094 0.735 1.103 1.066 1.091
2021 1.075 1.08 1.133 1.014 1.072 1.087
2022 1.073 0.984 0.854 1.044 1.073 1.088
2023 1.07 1.117 1.107 1.064 1.065 1.086
Values for breeding stock: Central_Am
Year RUS+WAL EAL+BER GOA SEA+NBC SBC+WA OR+CA
1970 0 0 0 0 0.997 0.946
1971 0 0 0 0 1.317 1.306
1972 0 0 0 0 1.241 1.232
1973 0 0 0 0 1.191 1.183
1974 0 0 0 0 1.159 1.148
1975 0 0 0 0 1.135 1.124
1976 0 0 0 0 1.115 1.106
1977 0 0 0 0 1.101 1.092
1978 0 0 0 0 1.088 1.079
1979 0 0 0 0 1.079 1.07
1980 0 0 0 0 1.071 1.061
1981 0 0 0 0 1.094 1.084
1982 0 0 0 0 1.11 1.1
1983 0 0 0 0 1.12 1.11
1984 0 0 0 0 1.124 1.117
1985 0 0 0 0 1.125 1.117
1986 0 0 0 0 1.124 1.116
1987 0 0 0 0 1.12 1.114
1988 0 0 0 0 1.116 1.109
1989 0 0 0 0 1.111 1.105
1990 0 0 0 0 1.105 1.102
1991 0 0 0 0 1.103 1.098
1992 0 0 0 0 1.103 1.098
1993 0 0 0 0 1.104 1.1
1994 0 0 0 0 1.106 1.102
1995 0 0 0 0 1.107 1.104
1996 0 0 0 0 1.109 1.106
1997 0 0 0 0 1.11 1.107
1998 0 0 0 0 1.109 1.107
1999 0 0 0 0 1.107 1.105
2000 0 0 0 0 1.106 1.106
2001 0 0 0 0 1.104 1.105
2002 0 0 0 0 1.102 1.104
2003 0 0 0 0 1.101 1.102
2004 0 0 0 0 1.099 1.102
2005 0 0 0 0 1.094 1.1
2006 0 0 0 0 1.095 1.1
2007 0 0 0 0 1.1 1.102
2008 0 0 0 0 1.087 1.107
2009 0 0 0 0 1.098 1.106
2010 0 0 0 0 1.091 1.101
2011 0 0 0 0 1.086 1.105
2012 0 0 0 0 1.094 1.105
2013 0 0 0 0 1.092 1.105
2014 0 0 0 0 1.085 1.094
2015 0 0 0 0 1.082 1.079
2016 0 0 0 0 1.082 1.068
2017 0 0 0 0 1.078 1.089
2018 0 0 0 0 1.067 1.078
2019 0 0 0 0 1.078 1.09
2020 0 0 0 0 1.068 1.093
2021 0 0 0 0 1.071 1.087
2022 0 0 0 0 1.073 1.088
2023 0 0 0 0 1.066 1.087

Numbers over time by herd
Values for breeding stock: Asia
Year RUS+WAL EAL+BER GOA SEA+NBC SBC+WA OR+CA
1970 56 10 0 0 0 0
1971 74 13 0 0 0 0
1972 84 15 0 0 0 0
1973 96 17 0 0 0 0
1974 108 19 0 0 0 0
1975 118 21 0 0 0 0
1976 128 23 0 0 0 0
1977 138 25 0 0 0 0
1978 146 26 0 0 0 0
1979 154 27 0 0 0 0
1980 161 29 0 0 0 0
1981 173 31 0 0 0 0
1982 187 33 0 0 0 0
1983 204 36 0 0 0 0
1984 223 40 0 0 0 0
1985 245 43 0 0 0 0
1986 267 47 0 0 0 0
1987 291 52 0 0 0 0
1988 316 56 0 0 0 0
1989 342 61 0 0 0 0
1990 368 65 0 0 0 0
1991 396 70 0 0 0 0
1992 426 75 0 0 0 0
1993 458 81 0 0 0 0
1994 494 87 0 0 0 0
1995 533 94 0 0 0 0
1996 576 102 0 0 0 0
1997 622 110 0 0 0 0
1998 671 118 0 0 0 0
1999 724 128 0 0 0 0
2000 779 137 0 0 0 0
2001 838 148 0 0 0 0
2002 900 159 0 0 0 0
2003 965 171 0 0 0 0
2004 1033 181 0 0 0 0
2005 1106 194 0 0 0 0
2006 1182 207 0 0 0 0
2007 1263 224 0 0 0 0
2008 1347 242 0 0 0 0
2009 1436 263 0 0 0 0
2010 1529 275 0 0 0 0
2011 1625 294 0 0 0 0
2012 1725 274 0 0 0 0
2013 1817 292 0 0 0 0
2014 1936 315 0 0 0 0
2015 1998 329 0 0 0 0
2016 2112 259 0 0 0 0
2017 2229 268 0 0 0 0
2018 2344 223 0 0 0 0
2019 2473 188 0 0 0 0
2020 2584 194 0 0 0 0
2021 2694 206 0 0 0 0
2022 2802 217 0 0 0 0
2023 2909 209 0 0 0 0
Values for breeding stock: Hawaii
Year RUS+WAL EAL+BER GOA SEA+NBC SBC+WA OR+CA
1970 16 151 90 330 23 0
1971 21 198 118 431 30 0
1972 24 236 141 510 35 0
1973 27 271 162 584 41 0
1974 31 306 183 655 46 0
1975 34 338 203 721 51 0
1976 37 369 221 783 55 0
1977 40 399 239 841 60 0
1978 43 427 256 896 64 0
1979 46 454 272 947 68 0
1980 49 479 287 995 71 0
1981 53 517 310 1069 77 0
1982 58 565 339 1162 84 0
1983 63 621 373 1272 92 0
1984 70 685 411 1396 102 0
1985 77 756 453 1533 112 0
1986 85 832 499 1681 123 0
1987 93 914 547 1835 135 0
1988 102 999 598 1998 148 0
1989 111 1089 650 2170 161 0
1990 121 1181 705 2344 174 0
1991 131 1279 762 2530 188 0
1992 142 1386 825 2729 203 0
1993 154 1504 894 2950 220 0
1994 168 1633 970 3191 239 0
1995 182 1776 1053 3456 259 0
1996 198 1932 1144 3741 282 0
1997 216 2101 1242 4050 306 0
1998 235 2284 1348 4382 332 0
1999 255 2480 1462 4733 360 0
2000 277 2689 1582 5107 390 0
2001 300 2915 1710 5428 422 0
2002 324 3154 1624 5907 456 0
2003 350 3418 1700 6364 491 0
2004 378 3646 1847 6905 529 0
2005 407 3951 1634 7313 567 0
2006 439 4244 1557 7614 608 0
2007 472 4621 1684 8087 655 0
2008 508 5036 1803 8565 698 0
2009 545 5498 1901 9328 750 0
2010 585 5800 2070 9852 801 0
2011 626 6246 2256 10733 853 0
2012 670 5857 2452 10661 913 0
2013 715 6347 2646 11142 977 0
2014 762 6830 2557 9304 1038 0
2015 810 7360 2042 8153 1100 0
2016 861 5823 2171 8017 1166 0
2017 913 6045 1221 6459 1231 0
2018 966 5061 1280 6904 1286 0
2019 1021 4289 1373 7190 1356 0
2020 1076 4457 1152 7231 1419 0
2021 1133 4776 836 7743 1489 0
2022 1191 5079 876 7790 1564 0
2023 1249 4950 748 7917 1632 0
Values for breeding stock: MX_AR
Year RUS+WAL EAL+BER GOA SEA+NBC SBC+WA OR+CA
1970 9 53 21 10 2 8
1971 12 69 28 13 3 10
1972 14 82 33 15 3 12
1973 17 95 39 18 4 14
1974 19 107 43 20 4 16
1975 21 118 48 22 5 17
1976 23 129 53 24 5 19
1977 25 139 57 25 6 20
1978 26 149 61 27 6 21
1979 28 158 65 28 7 22
1980 30 167 68 30 7 23
1981 32 180 74 32 7 25
1982 35 197 80 35 8 27
1983 38 217 89 38 9 30
1984 42 239 98 42 10 32
1985 47 263 108 46 11 35
1986 52 290 118 51 12 39
1987 57 319 130 55 13 42
1988 62 348 142 60 14 46
1989 68 380 154 65 15 49
1990 73 412 167 71 17 53
1991 80 446 181 76 18 57
1992 86 483 196 82 20 62
1993 94 525 212 89 21 67
1994 102 570 230 96 23 72
1995 111 619 250 104 25 78
1996 121 674 272 113 27 84
1997 131 733 295 122 29 91
1998 143 797 320 132 32 99
1999 155 865 347 142 35 107
2000 168 938 376 154 38 116
2001 182 1017 406 163 41 125
2002 197 1100 386 178 44 135
2003 213 1193 404 192 47 146
2004 230 1272 439 208 51 158
2005 248 1378 388 220 55 170
2006 267 1481 370 229 59 183
2007 287 1612 400 243 63 197
2008 308 1757 428 258 67 214
2009 331 1918 452 281 72 232
2010 355 2024 492 297 77 250
2011 380 2179 536 323 82 270
2012 407 2043 583 321 88 292
2013 434 2214 629 335 94 315
2014 463 2384 608 280 100 338
2015 492 2569 485 245 106 356
2016 523 2032 516 241 112 373
2017 555 2110 290 194 118 397
2018 587 1766 304 208 124 419
2019 620 1497 326 216 130 447
2020 654 1556 274 218 136 478
2021 689 1667 199 233 143 509
2022 724 1773 208 235 150 542
2023 759 1728 178 238 157 577
Values for breeding stock: MX_ML
Year RUS+WAL EAL+BER GOA SEA+NBC SBC+WA OR+CA
1970 6 33 7 11 9 72
1971 8 43 9 15 12 94
1972 9 50 11 17 14 110
1973 10 58 13 19 16 125
1974 11 65 14 22 18 139
1975 13 71 16 24 20 151
1976 14 77 17 26 21 163
1977 15 83 18 27 23 174
1978 16 89 20 29 24 183
1979 17 94 21 31 26 192
1980 17 99 22 32 27 200
1981 19 106 23 34 29 213
1982 20 115 25 37 31 229
1983 22 126 28 40 34 248
1984 25 139 31 44 38 270
1985 27 152 34 48 41 295
1986 30 167 37 53 45 321
1987 32 183 40 57 49 348
1988 35 199 44 62 54 376
1989 38 216 47 67 58 406
1990 42 233 51 72 63 436
1991 45 252 55 78 68 468
1992 48 272 60 84 73 502
1993 52 294 64 90 79 539
1994 57 319 70 97 85 581
1995 62 345 75 105 92 626
1996 67 374 81 113 100 676
1997 72 406 88 122 108 730
1998 79 440 95 132 117 789
1999 85 476 103 142 127 851
2000 92 515 111 153 137 919
2001 99 557 120 162 148 991
2002 107 601 114 176 159 1068
2003 116 650 119 189 171 1150
2004 124 691 129 205 184 1238
2005 134 747 114 216 196 1330
2006 144 800 108 224 210 1429
2007 154 869 116 238 226 1538
2008 165 945 124 251 240 1662
2009 177 1030 131 273 257 1795
2010 190 1084 142 288 274 1929
2011 203 1164 155 313 291 2081
2012 216 1089 168 310 311 2244
2013 230 1177 180 323 331 2422
2014 245 1264 174 269 351 2585
2015 260 1358 138 235 371 2721
2016 275 1071 147 230 392 2837
2017 291 1109 82 185 413 3016
2018 307 926 86 197 431 3175
2019 324 783 92 205 453 3375
2020 340 810 77 205 472 3599
2021 357 867 56 219 494 3823
2022 374 920 58 220 518 4065
2023 392 894 50 223 539 4312
Values for breeding stock: Central_Am
Year RUS+WAL EAL+BER GOA SEA+NBC SBC+WA OR+CA
1970 0 0 0 0 2 33
1971 0 0 0 0 3 43
1972 0 0 0 0 4 51
1973 0 0 0 0 4 58
1974 0 0 0 0 5 64
1975 0 0 0 0 5 70
1976 0 0 0 0 6 76
1977 0 0 0 0 6 81
1978 0 0 0 0 6 85
1979 0 0 0 0 7 89
1980 0 0 0 0 7 93
1981 0 0 0 0 8 99
1982 0 0 0 0 8 106
1983 0 0 0 0 9 115
1984 0 0 0 0 10 125
1985 0 0 0 0 11 136
1986 0 0 0 0 12 148
1987 0 0 0 0 13 161
1988 0 0 0 0 14 174
1989 0 0 0 0 15 187
1990 0 0 0 0 16 201
1991 0 0 0 0 18 216
1992 0 0 0 0 19 232
1993 0 0 0 0 20 249
1994 0 0 0 0 22 268
1995 0 0 0 0 24 289
1996 0 0 0 0 26 312
1997 0 0 0 0 28 337
1998 0 0 0 0 30 364
1999 0 0 0 0 33 392
2000 0 0 0 0 35 424
2001 0 0 0 0 38 457
2002 0 0 0 0 41 492
2003 0 0 0 0 44 530
2004 0 0 0 0 48 570
2005 0 0 0 0 51 613
2006 0 0 0 0 54 658
2007 0 0 0 0 58 708
2008 0 0 0 0 62 766
2009 0 0 0 0 67 827
2010 0 0 0 0 71 889
2011 0 0 0 0 75 959
2012 0 0 0 0 80 1034
2013 0 0 0 0 86 1116
2014 0 0 0 0 91 1192
2015 0 0 0 0 96 1256
2016 0 0 0 0 102 1310
2017 0 0 0 0 107 1394
2018 0 0 0 0 112 1468
2019 0 0 0 0 118 1563
2020 0 0 0 0 123 1669
2021 0 0 0 0 129 1772
2022 0 0 0 0 135 1884
2023 0 0 0 0 141 2001

Catch numbers by breeding stock
Year Asia Hawaii MX_AR MX_ML Central_Am
1970 0.9 0 0 1.1 0.3
1971 0.9 0 0 1.2 0.3
1972 1 0 0 1.3 0.3
1973 1.1 0 0 1.3 0.4
1974 1.2 0.1 0 1.4 0.4
1975 1.2 0.1 0 1.5 0.4
1976 1.3 0.1 0 1.6 0.4
1977 1.4 0.1 0 1.6 0.4
1978 1.5 0.1 0 1.7 0.5
1979 1.6 0.1 0 1.8 0.5
1980 1.8 0.1 0 1.9 0.5
1981 1.9 0.1 0 2 0.5
1982 2 0.1 0 2.1 0.6
1983 2.2 0.1 0 2.2 0.6
1984 2.3 0.1 0 2.4 0.6
1985 2.5 0.1 0 2.5 0.7
1986 2.6 0.1 0 2.6 0.7
1987 2.8 0.1 0 2.8 0.7
1988 3 0.1 0 2.9 0.8
1989 3.2 0.1 0 3.1 0.8
1990 3.5 0.2 0 3.2 0.8
1991 3.7 0.2 0 3.4 0.9
1992 4 0.2 0 3.6 0.9
1993 4.3 0.2 0 3.8 1
1994 4.6 0.2 0 4 1
1995 4.9 0.2 0 4.2 1.1
1996 5.2 0.2 0 4.4 1.1
1997 5.6 0.2 0 4.7 1.2
1998 6 0.2 0 4.9 1.2
1999 6.4 0.2 0 5.2 1.3
2000 6.9 0.3 0 5.5 1.4
2001 7.3 0.3 0 5.8 1.4
2002 7.9 0 0 5.8 1.5
2003 8.4 0 0 5.8 1.6
2004 9 0 0 6.7 1.7
2005 9.6 0 0 8.1 1.8
2006 10.3 1 0 6.8 1.8
2007 11.1 0 0 7.7 1.9
2008 11.8 0 0 7.9 2
2009 12.7 0 0 9 2.1
2010 13.6 0 0 9.3 2.2
2011 14.5 0.8 0 10.6 2.4
2012 15.5 0 0 10.9 2.5
2013 28 0 0 10.8 2.6
2014 0 5 0 13 2.7
2015 72 0 0 14.2 2.9
2016 12 0.1 0 14.2 3
2017 12 0.1 0 13.4 3.2
2018 16 0.1 0 13.4 3.3
2019 4 0.4 0 13.4 1.7
2020 26.8 0.4 0 23.8 5
2021 28.6 0.4 0 12.8 4.7
2022 30.7 0.4 0 10.5 3.7
2023 32.8 0.4 0 18.4 4.2

Catch numbers by feeding ground
Year RUS+WAL EAL+BER GOA SEA+NBC SBC+WA OR+CA
1970 0 2.7 3.1 6.8 0.1 6.4
1971 0 1.8 0.1 4 0.1 1.5
1972 4 0.8 0.1 4.1 0.1 1.6
1973 0 0.8 0.1 4.3 0.1 1.7
1974 0 0.8 0.1 4.5 0.1 2.5
1975 0 0.8 0.2 4.7 0.1 2.7
1976 0 0.8 0.2 4.9 0.2 2.9
1977 0 0.8 0.2 5.2 0.2 3.1
1978 0 0.8 0.2 5.4 0.2 3.3
1979 0 1 0.2 5.6 0.2 3.5
1980 0 1 0.2 5.9 0.2 3.9
1981 0 1 0.3 6.1 0.3 4.2
1982 0 1 0.4 6.5 0.3 4.5
1983 0 1 0.4 6.7 0.3 4.8
1984 0 1 0.5 7.1 0.4 4.6
1985 0 1 0.5 6.7 0.4 5
1986 0 1 0.7 7.8 0.4 5.4
1987 0 1 0.7 10 0.5 5.8
1988 0 1.1 0.8 8.5 0.5 6.3
1989 0 0.9 0.8 6.1 0.6 6.1
1990 0 1 0.8 7.4 0.7 5.8
1991 0 1 0.9 8.2 0.7 7.6
1992 0 1.1 0.9 9.8 0.8 8.3
1993 0 1.1 1 7.1 0.9 8.6
1994 0 1.2 1 9.3 1 8.8
1995 0 1.2 1 9.3 1.1 9.6
1996 0 1.2 1.1 12.7 1.2 9.9
1997 0 1.2 1.3 12.7 0.9 10.7
1998 0 3 1.4 14.7 1.2 12
1999 0 2.6 1.4 17.4 1.7 13.5
2000 0 1.2 1.5 14.1 1.5 11.6
2001 0 1.2 1.8 16.4 1.7 13.4
2002 0 2.4 1.9 13.8 1.9 13.7
2003 0 1.4 2 18.9 2.3 16
2004 0 1.4 2.3 22 2.5 15.9
2005 0 1.6 2.3 23.3 5.8 20.1
2006 0 1.6 2.4 22.7 5.3 22.1
2007 0 0.1 7.3 18.4 0 18.1
2008 0 0.1 4.3 19.7 12.4 8.8
2009 0 0.1 4.3 24.1 0 9.8
2010 0 6.1 0.8 44.5 7 24.5
2011 0 3.1 4 28.4 11 11.9
2012 0 4.1 8.8 11.6 0 10
2013 0 0.1 4 31.6 0 4.7
2014 0 0.1 11.8 43.7 7 45.2
2015 0 4.1 12 51 9.1 103.4
2016 0 4.1 4.8 34.8 7.1 150.3
2017 0 4.1 2.1 16.3 11.1 60.3
2018 0 1.1 4 26.6 30.1 111.1
2019 0 4.1 6 27.3 9.1 61
2020 0 1.1 0 24 23 31.2
2021 0 2.2 7 33.7 13 62.4
2022 0 4.3 0.8 22.3 8 56
2023 0 3.6 9.1 40.1 19.2 59.7
