Stock structure: B2F1; Model type = BC
Mortality impacts feeding grounds
Recruitment related to unfished
Staying rate: 0
Age-at-matrity: 8
Base adult survival: 0
Sigma for survival devs: 
Additional variance estimated
Weight for mark-recapture proportions: 1
Weight for genetics proportions: 1


Total objective fn: 261.870348520281
Negative log-likelihood fn: 86.1186471099786

Natural Survival by feeding ground
RUS+WAL,EAL+BER,GOA,SEA+NBC,SBC+WA,OR+CA
1970 0.9585838 0.958905 0.9587428 0.958593 0.9590831 0.9594825
1971 0.9585963 0.9589146 0.9587458 0.9586082 0.9590881 0.959492
1972 0.9582477 0.958598 0.9583762 0.958211 0.9588221 0.9593514
1973 0.9578802 0.9582972 0.9580239 0.9578373 0.9585694 0.9592208
1974 0.9575351 0.9580119 0.9576889 0.9574864 0.9583296 0.9591025
1975 0.9572104 0.9577414 0.9573716 0.9571571 0.9581021 0.9589937
1976 0.9569062 0.9574852 0.9570706 0.9568485 0.957889 0.958894
1977 0.9566219 0.9572428 0.9567855 0.9565602 0.9576874 0.9588025
1978 0.9563568 0.9570136 0.9565157 0.9562909 0.9574972 0.9587197
1979 0.9561102 0.9567982 0.9562608 0.95604 0.9573178 0.9586445
1980 0.9558827 0.9565953 0.9560202 0.955807 0.9571488 0.9585777
1981 0.9556717 0.9564041 0.9557944 0.95559 0.9569918 0.9585177
1982 0.9553531 0.9561215 0.9554632 0.9552636 0.9567584 0.958422
1983 0.9549415 0.9557576 0.9550373 0.9548407 0.9564567 0.9582953
1984 0.9544487 0.9553222 0.9545295 0.9543347 0.9560973 0.9581399
1985 0.9538877 0.9548245 0.9539498 0.953755 0.9556858 0.9579626
1986 0.9532689 0.9542733 0.9533111 0.9531184 0.9552292 0.9577667
1987 0.9526043 0.9536774 0.952622 0.9524405 0.9547369 0.9575558
1988 0.9519042 0.9530453 0.9518933 0.9517184 0.9542134 0.9573335
1989 0.9511782 0.9523835 0.9511335 0.9509578 0.9536673 0.9570993
1990 0.9504367 0.9517009 0.9503518 0.9501812 0.9531045 0.9568547
1991 0.9496867 0.9510038 0.9495575 0.9493955 0.9525285 0.956612
1992 0.9489012 0.9502679 0.9487211 0.948575 0.9519205 0.9563561
1993 0.9480586 0.9494733 0.9478218 0.9476812 0.9512639 0.9560776
1994 0.9471432 0.9486058 0.9468423 0.946716 0.9505459 0.9557694
1995 0.9461451 0.9476551 0.9457725 0.9456611 0.9497581 0.9554298
1996 0.9450595 0.946616 0.9446081 0.9445244 0.948895 0.9550531
1997 0.9438876 0.9454871 0.9433503 0.9432939 0.9479455 0.95464
1998 0.9426336 0.9442791 0.9420023 0.9419811 0.9469239 0.9541915
1999 0.9413052 0.9429885 0.9405712 0.9405974 0.9458394 0.9537097
2000 0.9399146 0.9482489 0.9399393 0.9162539 0.9446824 0.9531804
2001 0.9384737 0.9504447 0.9088939 0.9565199 0.9434699 0.9526209
2002 0.9369902 0.9545325 0.8471279 0.9388105 0.9422039 0.9520238
2003 0.9354636 0.9393549 0.9480083 0.9499033 0.9408885 0.9513951
2004 0.9338941 0.9514033 0.8901117 0.9224531 0.9395177 0.9507224
2005 0.9322788 0.946584 0.8638142 0.9170786 0.9381607 0.9500217
2006 0.9306156 0.9522258 0.9558998 0.9324019 0.9367251 0.949273
2007 0.9289059 0.9409757 0.9529065 0.9491118 0.9350986 0.9484499
2008 0.9271511 0.9497471 0.9519345 0.9576256 0.9336849 0.9475219
2009 0.9253593 0.9302149 0.9443314 0.8942087 0.9319281 0.9465318
2010 0.9235392 0.9220147 0.9586211 0.9499765 0.9302671 0.9455386
2011 0.9217037 0.8651761 0.9269684 0.8918004 0.92865 0.9444259
2012 0.9198673 0.9395395 0.9412363 0.9011068 0.9267438 0.943237
2013 0.9181745 0.94028 0.7582632 0.7200855 0.9248018 0.9419555
2014 0.9161612 0.9278385 0.7239298 0.836337 0.9230044 0.9407895
2015 0.9150003 0.7384707 0.8019024 0.8473618 0.9212348 0.9398324
2016 0.9131622 0.8722864 0.6684922 0.7331017 0.9194138 0.9390382
2017 0.9113443 0.7464596 0.8776527 0.9510853 0.9176785 0.937805
2018 0.9096088 0.8021642 0.9301301 0.8824398 0.9163685 0.9367406
2019 0.9077596 0.8899861 0.7858635 0.8763524 0.9145957 0.9354018
2020 0.9062404 0.9114098 0.7244925 0.9323681 0.9131615 0.9339193
2021 0.9047747 0.874618 0.9354469 0.8667265 0.9115002 0.9324842
2022 0.9033751 0.7739304 0.8965734 0.8651328 0.9097443 0.9309611
2023 0.9020561 0.8883818 0.9561685 0.8790675 0.908279 0.9294345

Naturak Survival by breeding stock
RUS+WAL,EAL+BER,GOA,SEA+NBC,SBC+WA,OR+CA
1970 0.96 0.96 0.96 0.96 0.96
1971 0.96 0.96 0.96 0.96 0.96
1972 0.96 0.96 0.96 0.96 0.96
1973 0.96 0.96 0.96 0.96 0.96
1974 0.96 0.96 0.96 0.96 0.96
1975 0.96 0.96 0.96 0.96 0.96
1976 0.96 0.96 0.96 0.96 0.96
1977 0.96 0.96 0.96 0.96 0.96
1978 0.96 0.96 0.96 0.96 0.96
1979 0.96 0.96 0.96 0.96 0.96
1980 0.96 0.96 0.96 0.96 0.96
1981 0.96 0.96 0.96 0.96 0.96
1982 0.96 0.96 0.96 0.96 0.96
1983 0.96 0.96 0.96 0.96 0.96
1984 0.96 0.96 0.96 0.96 0.96
1985 0.96 0.96 0.96 0.96 0.96
1986 0.96 0.96 0.96 0.96 0.96
1987 0.96 0.96 0.96 0.96 0.96
1988 0.96 0.96 0.96 0.96 0.96
1989 0.96 0.96 0.96 0.96 0.96
1990 0.96 0.96 0.96 0.96 0.96
1991 0.96 0.96 0.96 0.96 0.96
1992 0.96 0.96 0.96 0.96 0.96
1993 0.96 0.96 0.96 0.96 0.96
1994 0.96 0.96 0.96 0.96 0.96
1995 0.96 0.96 0.96 0.96 0.96
1996 0.96 0.96 0.96 0.96 0.96
1997 0.96 0.96 0.96 0.96 0.96
1998 0.96 0.96 0.96 0.96 0.96
1999 0.96 0.96 0.96 0.96 0.96
2000 0.96 0.96 0.96 0.96 0.96
2001 0.96 0.96 0.96 0.96 0.96
2002 0.96 0.96 0.96 0.96 0.96
2003 0.96 0.96 0.96 0.96 0.96
2004 0.96 0.96 0.96 0.96 0.96
2005 0.96 0.96 0.96 0.96 0.96
2006 0.96 0.96 0.96 0.96 0.96
2007 0.96 0.96 0.96 0.96 0.96
2008 0.96 0.96 0.96 0.96 0.96
2009 0.96 0.96 0.96 0.96 0.96
2010 0.96 0.96 0.96 0.96 0.96
2011 0.96 0.96 0.96 0.96 0.96
2012 0.96 0.96 0.96 0.96 0.96
2013 0.96 0.96 0.96 0.96 0.96
2014 0.96 0.96 0.96 0.96 0.96
2015 0.96 0.96 0.96 0.96 0.96
2016 0.96 0.96 0.96 0.96 0.96
2017 0.96 0.96 0.96 0.96 0.96
2018 0.96 0.96 0.96 0.96 0.96
2019 0.96 0.96 0.96 0.96 0.96
2020 0.96 0.96 0.96 0.96 0.96
2021 0.96 0.96 0.96 0.96 0.96
2022 0.96 0.96 0.96 0.96 0.96
2023 0.96 0.96 0.96 0.96 0.96

Fecundity by feeding ground
RUS+WAL,EAL+BER,GOA,SEA+NBC,SBC+WA,OR+CA
1970 1.169981 1.170802 1.170387 1.170004 1.171258 1.172282
1971 1.170013 1.170827 1.170395 1.170043 1.171271 1.172306
1972 1.169121 1.170017 1.16945 1.169028 1.17059 1.171946
1973 1.168183 1.169248 1.16855 1.168073 1.169944 1.171611
1974 1.167302 1.168519 1.167694 1.167177 1.169331 1.171308
1975 1.166473 1.167828 1.166885 1.166338 1.168749 1.17103
1976 1.165698 1.167175 1.166117 1.165551 1.168205 1.170774
1977 1.164974 1.166556 1.165391 1.164817 1.16769 1.17054
1978 1.164299 1.165972 1.164704 1.164132 1.167205 1.170328
1979 1.163672 1.165423 1.164055 1.163494 1.166747 1.170136
1980 1.163094 1.164906 1.163443 1.162901 1.166316 1.169965
1981 1.162557 1.16442 1.162869 1.16235 1.165916 1.169812
1982 1.161748 1.163701 1.162028 1.161521 1.165322 1.169567
1983 1.160704 1.162776 1.160947 1.160448 1.164554 1.169243
1984 1.159455 1.16167 1.159659 1.159166 1.163639 1.168846
1985 1.158034 1.160407 1.158191 1.157698 1.162593 1.168393
1986 1.15647 1.15901 1.156576 1.156089 1.161434 1.167893
1987 1.154791 1.157502 1.154836 1.154378 1.160185 1.167355
1988 1.153026 1.155905 1.152999 1.152559 1.158859 1.166788
1989 1.151199 1.154235 1.151087 1.150645 1.157477 1.16619
1990 1.149336 1.152514 1.149123 1.148695 1.156054 1.165567
1991 1.147455 1.150761 1.147131 1.146725 1.1546 1.164949
1992 1.145488 1.148913 1.145037 1.144672 1.153068 1.164298
1993 1.143382 1.14692 1.14279 1.14244 1.151415 1.163589
1994 1.141098 1.144749 1.140349 1.140034 1.14961 1.162806
1995 1.138614 1.142375 1.137688 1.137411 1.147634 1.161943
1996 1.135918 1.139785 1.134799 1.134592 1.145472 1.160987
1997 1.133015 1.136979 1.131687 1.131547 1.143099 1.159939
1998 1.129917 1.133984 1.128361 1.128309 1.140552 1.158803
1999 1.126645 1.130793 1.124841 1.124906 1.137854 1.157584
2000 1.12323 1.143857 1.123291 1.066715 1.134983 1.156246
2001 1.119703 1.149356 1.049724 1.164715 1.131982 1.154833
2002 1.116084 1.159667 0.9171308 1.120527 1.128858 1.153328
2003 1.112371 1.121859 1.143256 1.147998 1.125621 1.151745
2004 1.108568 1.151766 1.007568 1.081238 1.122258 1.150054
2005 1.104667 1.139705 0.9512864 1.068636 1.118939 1.148295
2006 1.100666 1.153837 1.163137 1.104964 1.115438 1.146418
2007 1.096568 1.125835 1.155554 1.146015 1.111486 1.144359
2008 1.092377 1.147606 1.153103 1.167533 1.108062 1.142042
2009 1.088115 1.099704 1.134113 1.01662 1.103822 1.139576
2010 1.083803 1.080205 1.170076 1.148181 1.099829 1.137107
2011 1.079472 0.954126 1.091942 1.011289 1.095955 1.134348
2012 1.075156 1.122311 1.126476 1.03204 1.091407 1.131407
2013 1.071193 1.124127 0.7530852 0.6906491 1.086793 1.128246
2014 1.066499 1.094017 0.6967416 0.8956513 1.082539 1.125378
2015 1.063802 0.7201731 0.8301126 0.9176017 1.078368 1.123029
2016 1.059545 0.9690822 0.6127739 0.7114492 1.074093 1.121084
2017 1.055351 0.7333133 0.9805174 1.150966 1.070035 1.11807
2018 1.051363 0.8305944 1.0995 0.9908269 1.066981 1.115476
2019 1.04713 1.007291 0.8010567 0.9777347 1.062863 1.112221
2020 1.043665 1.055502 0.697637 1.104883 1.059543 1.108629
2021 1.040333 0.9740349 1.112331 0.9573686 1.05571 1.105162
2022 1.037161 0.7800095 1.02188 0.9540357 1.051674 1.101496
2023 1.03418 1.003769 1.16382 0.9835534 1.048317 1.097833

Total abundance: Estimate SD_log
1970 878.338 0.08973575
1971 1159.703 0.07327127
1972 1389.085 0.06518881
1973 1601.98 0.06017403
1974 1806.509 0.05666087
1975 1998.25 0.05422426
1976 2178.355 0.05248228
1977 2347.144 0.05122557
1978 2505.138 0.05031885
1979 2652.64 0.04967786
1980 2789.94 0.04924622
1981 3010.849 0.04695152
1982 3291.439 0.04396744
1983 3623.977 0.04091838
1984 4001.682 0.03819475
1985 4417.952 0.03597775
1986 4866.74 0.03428932
1987 5340.365 0.03307028
1988 5831.654 0.03221633
1989 6338.741 0.03159521
1990 6858.613 0.03110996
1991 7410.601 0.03069367
1992 8007.505 0.03035094
1993 8660.159 0.03010483
1994 9380.682 0.02996654
1995 10168.39 0.02996696
1996 11026.02 0.03009214
1997 11948.92 0.03032162
1998 12935.91 0.03060921
1999 13975.85 0.03093323
2000 15061.38 0.03127512
2001 16074.18 0.02997648
2002 17382.32 0.02450433
2003 18495.43 0.02206265
2004 19971.32 0.02256883
2005 21208.62 0.01996499
2006 22366.47 0.02293702
2007 24103.35 0.02153656
2008 26051.85 0.02566038
2009 28349.34 0.02727643
2010 29735.27 0.02558393
2011 31905.14 0.0277484
2012 32522.5 0.03761221
2013 34369.8 0.03832435
2014 32703.99 0.05432824
2015 32727.55 0.03863034
2016 30412.71 0.05937621
2017 28594.23 0.03977563
2018 28285.04 0.03527836
2019 28184.79 0.03740843
2020 28639.94 0.03475836
2021 29772.72 0.03711398
2022 30257.02 0.05042873
2023 29714.71 0.08632778
2024 30521.28 0.08423701

Breeding stock abundance: Estimate SD_log Estimate/K
Asia
1 63.37773 0.1117005 1.827993
2 84.38245 0.1015503 2.433828
3 100.7465 0.0977765 2.905813
4 113.0879 0.09817699 3.261776
5 126.9941 0.09695112 3.662868
6 139.9297 0.09615065 4.035968
7 152.04 0.09551053 4.385264
8 163.2578 0.09500413 4.708817
9 173.6152 0.094576 5.007554
10 183.1441 0.09419624 5.282393
11 191.8678 0.09385259 5.53401
12 206.1281 0.09286475 5.945317
13 224.3351 0.09165027 6.47046
14 245.9405 0.09041704 7.093618
15 270.322 0.08929106 7.79685
16 297.0989 0.08822921 8.569172
17 325.7094 0.08721376 9.394381
18 355.8285 0.08615255 10.2631
19 386.948 0.08501963 11.16068
20 418.6821 0.08377749 12.07597
21 450.6864 0.08240638 12.99907
22 484.3585 0.08095423 13.97027
23 520.7147 0.07943377 15.01889
24 560.3024 0.07788739 16.16071
25 603.5422 0.07633376 17.40786
26 650.6342 0.07478908 18.76613
27 701.5917 0.07326925 20.23589
28 756.2501 0.0717956 21.81239
29 814.1836 0.0704112 23.48336
30 874.8703 0.06916811 25.23373
31 937.815 0.06814015 27.04924
32 1003.945 0.06745744 28.9566
33 1073.002 0.06721925 30.94841
34 1145.452 0.06752947 33.03809
35 1217.628 0.06845739 35.11983
36 1295.504 0.07023729 37.36599
37 1375.355 0.0727896 39.66912
38 1459.85 0.07620276 42.1062
39 1544.056 0.08142078 44.53495
40 1633.636 0.08654625 47.11869
41 1718.642 0.09183434 49.57049
42 1801.665 0.09858349 51.96511
43 1863.968 0.1013434 53.76212
44 1953.385 0.1086192 56.34116
45 2030.935 0.1168385 58.57791
46 2132.737 0.1250112 61.51416
47 2082.775 0.1331404 60.07313
48 2149.552 0.144545 61.99916
49 2172.295 0.154434 62.65512
50 2213.675 0.1633818 63.84865
51 2290.221 0.1727292 66.05645
52 2347.667 0.183856 67.71335
53 2390.973 0.1944772 68.96242
54 2403.717 0.2023562 69.32999
Hawaii
1 560.5648 0.09166234 1.528867
2 744.3344 0.07542876 2.030075
3 893.0839 0.06771093 2.435769
4 1033.682 0.06285192 2.819233
5 1167.305 0.05957048 3.183671
6 1293.38 0.05729382 3.527526
7 1412.183 0.05567262 3.851546
8 1523.975 0.05450146 4.156443
9 1628.967 0.05365453 4.442794
10 1727.499 0.05304684 4.711528
11 1819.687 0.05262756 4.962957
12 1966.95 0.05058249 5.364598
13 2153.68 0.04799274 5.87388
14 2374.888 0.04543031 6.477196
15 2626.24 0.04322839 7.162725
16 2902.977 0.04152306 7.91749
17 3201.838 0.04028725 8.732594
18 3517.129 0.03945311 9.592508
19 3843.879 0.03891752 10.48368
20 4181.962 0.03854314 11.40576
21 4529.141 0.03824912 12.35264
22 4896.918 0.03802128 13.3557
23 5295.372 0.03786055 14.44244
24 5730.642 0.03779224 15.62958
25 6211.685 0.03780785 16.94156
26 6736.345 0.03794225 18.3725
27 7307.341 0.03817122 19.92982
28 7919.896 0.03848721 21.60048
29 8574.443 0.03884454 23.38567
30 9262.999 0.03923635 25.26362
31 9980.345 0.03965631 27.22009
32 10599.18 0.0376565 28.90787
33 11487.82 0.03156578 31.33152
34 12190.97 0.02904858 33.24927
35 13197.21 0.0296759 35.99368
36 13953.04 0.02687705 38.0551
37 14635.4 0.03031851 39.91613
38 15770.24 0.02868886 43.01128
39 17100.02 0.032073 46.63806
40 18689.01 0.03344423 50.97183
41 19451.51 0.032142 53.05144
42 20960.7 0.03355697 57.16758
43 21213.05 0.04071598 57.85582
44 22297.69 0.04408419 60.81404
45 20195.92 0.06965546 55.08174
46 19736.6 0.04641547 53.829
47 17976.32 0.06641158 49.02806
48 16090.89 0.04863947 43.88579
49 15903.04 0.0439436 43.37346
50 15674.38 0.0456388 42.74982
51 15680.76 0.04237565 42.76722
52 16281.96 0.04315522 44.40691
53 16319.74 0.06453246 44.50996
54 15689.86 0.1178024 42.79204
MX_AR
1 93.60468 0.1068252 1.115033
2 124.2681 0.09282719 1.4803
3 149.372 0.08627984 1.779341
4 172.9268 0.08232418 2.059929
5 195.719 0.07957928 2.331434
6 217.2867 0.07768004 2.588351
7 237.6902 0.07631641 2.831401
8 256.9782 0.07531196 3.061163
9 275.1907 0.07455992 3.278113
10 292.3674 0.07399321 3.482723
11 308.4987 0.07357503 3.674881
12 334.0359 0.07193788 3.979084
13 366.3504 0.0699273 4.36402
14 404.644 0.06797155 4.820178
15 448.1807 0.06630311 5.338795
16 496.2412 0.06499519 5.911298
17 548.129 0.0640252 6.529394
18 603.087 0.06332704 7.184062
19 660.4637 0.06282206 7.86754
20 719.7081 0.06244437 8.573268
21 780.4058 0.06213842 9.296308
22 845.0607 0.061868 10.06649
23 915.1919 0.06164134 10.9019
24 992.0981 0.06146862 11.81802
25 1076.809 0.06136201 12.82711
26 1169.686 0.06132879 13.93347
27 1270.927 0.06136634 15.13947
28 1380.294 0.0614623 16.44226
29 1497.401 0.06160141 17.83726
30 1620.99 0.06178038 19.30948
31 1750.58 0.06198772 20.85317
32 1890.354 0.06179616 22.51817
33 2035.908 0.0571512 24.25204
34 2163 0.05605856 25.76597
35 2331.768 0.0563422 27.77636
36 2494.698 0.05630948 29.71721
37 2646.837 0.06033463 31.52951
38 2877.809 0.0594929 34.28089
39 3107.032 0.06323261 37.01142
40 3378.579 0.06466861 40.24613
41 3593.252 0.06343331 42.80335
42 3831.611 0.06608554 45.64271
43 3877.166 0.08683774 46.18537
44 4154.916 0.08115371 49.49397
45 4206.303 0.08930202 50.1061
46 4275.216 0.08194671 50.927
47 3800.522 0.1210035 45.27238
48 3677.019 0.08693898 43.80119
49 3401.16 0.08265866 40.51512
50 3312.264 0.09171673 39.45618
51 3359.753 0.08474037 40.02187
52 3453.73 0.08627787 41.14134
53 3521.81 0.0964385 41.95232
54 3356.937 0.1650252 39.98833
MX_ML
1 127.3954 0.1020202 0.4364718
2 164.4325 0.08889769 0.5633653
3 195.6581 0.08198631 0.6703478
4 224.6456 0.0777507 0.7696624
5 252.0435 0.07494279 0.8635309
6 277.0935 0.0731945 0.9493551
7 300.2603 0.07206861 1.028727
8 321.6048 0.07138204 1.101856
9 341.3326 0.07098972 1.169446
10 359.4178 0.07084032 1.231408
11 375.9018 0.07088422 1.287884
12 403.2937 0.06923784 1.381732
13 438.3104 0.0669371 1.501703
14 479.9219 0.06450989 1.644269
15 527.1778 0.06228903 1.806174
16 579.3951 0.0604142 1.985076
17 635.5199 0.05894877 2.177366
18 694.7276 0.05785497 2.380219
19 756.1435 0.057077 2.590637
20 819.2494 0.05654917 2.806845
21 883.8499 0.05619677 3.028174
22 953.0686 0.05586044 3.265326
23 1027.351 0.05557761 3.519826
24 1108.77 0.05532008 3.798776
25 1198.747 0.05511043 4.107048
26 1297.862 0.05496341 4.446627
27 1406.096 0.05490859 4.817449
28 1523.664 0.05492709 5.220252
29 1650.025 0.05501501 5.653181
30 1783.954 0.05514507 6.112039
31 1924.606 0.05529846 6.593928
32 2074.674 0.05525654 7.108079
33 2239.381 0.05518846 7.672383
34 2406.821 0.05521239 8.246054
35 2590.074 0.05538974 8.873899
36 2781.772 0.05534149 9.530681
37 2974.005 0.05567816 10.18929
38 3205.817 0.05599609 10.98351
39 3450.674 0.05712524 11.82242
40 3731.138 0.05792674 12.78332
41 3983.012 0.05725048 13.64627
42 4250.787 0.0579209 14.5637
43 4428.656 0.06273052 15.1731
44 4739.154 0.06109169 16.2369
45 4955.039 0.06160854 16.97655
46 5184.093 0.05923659 17.76132
47 5084.798 0.06787157 17.42112
48 5149.842 0.05797805 17.64397
49 5193.532 0.0556294 17.79366
50 5293.819 0.05629174 18.13725
51 5521.763 0.05586817 18.91821
52 5796.629 0.05783282 19.85993
53 6031.17 0.06065496 20.6635
54 6163.939 0.06794559 21.11838
Central_Am
1 33.39542 0.12301 0.913679
2 42.28536 0.1132745 1.156903
3 50.22455 0.1077735 1.374114
4 57.63735 0.1044729 1.576924
5 64.44739 0.102565 1.763243
6 70.56015 0.1015037 1.930484
7 76.18044 0.1008956 2.084252
8 81.32785 0.1006018 2.225082
9 86.03276 0.1005293 2.353806
10 90.21132 0.1007409 2.468129
11 93.98492 0.1010777 2.571372
12 100.4416 0.09998795 2.748024
13 108.7633 0.09831011 2.9757
14 118.5829 0.09655903 3.244359
15 129.762 0.09490191 3.550211
16 142.2401 0.09344265 3.891605
17 155.5433 0.09232289 4.255573
18 169.5929 0.09145529 4.639962
19 184.2194 0.09080504 5.040134
20 199.1397 0.09038131 5.448345
21 214.5296 0.09007596 5.869405
22 231.1952 0.08976262 6.325364
23 248.8748 0.0894895 6.809068
24 268.3466 0.08920199 7.341805
25 289.8995 0.08895487 7.93148
26 313.8631 0.08874198 8.58711
27 340.0669 0.08862063 9.304032
28 368.8119 0.08856433 10.09048
29 399.8551 0.08859466 10.9398
30 433.0348 0.08867569 11.84758
31 468.038 0.0888072 12.80524
32 506.033 0.08894507 13.84476
33 546.212 0.08908006 14.94404
34 589.1869 0.08921673 16.11981
35 634.6413 0.08936193 17.36341
36 683.6074 0.08950374 18.7031
37 734.8787 0.08966542 20.10585
38 789.6339 0.08981347 21.60392
39 850.0674 0.08992616 23.25735
40 916.9729 0.09002394 25.08784
41 988.8528 0.09008068 27.05443
42 1060.373 0.09017203 29.01118
43 1139.662 0.09024764 31.18049
44 1224.652 0.090313 33.50577
45 1315.786 0.09040824 35.99913
46 1398.903 0.09064675 38.27315
47 1468.291 0.09108438 40.17157
48 1526.935 0.0917308 41.77603
49 1615.01 0.09241225 44.18571
50 1690.65 0.09338786 46.25519
51 1787.439 0.09436905 48.90329
52 1892.736 0.09572295 51.78414
53 1993.324 0.09737477 54.53618
54 2100.258 0.09925155 57.46183

Feeding stock abundance: Estimate SD_log Estimate/K
RUS+WAL
1 82.95786 0.1313301 1.38384
2 111.4051 0.1220447 1.858375
3 129.6337 0.1222757 2.162451
4 149.9049 0.1203322 2.5006
5 168.9347 0.1190599 2.818041
6 186.8521 0.1180762 3.116925
7 203.6189 0.1172669 3.396616
8 219.2773 0.1165478 3.657817
9 233.8609 0.115875 3.901089
10 247.4074 0.1152256 4.127063
11 259.8688 0.1146201 4.334934
12 280.1255 0.1134529 4.67284
13 305.9084 0.1121091 5.102931
14 336.4077 0.1107747 5.611697
15 371.0131 0.109489 6.188959
16 408.9953 0.1082623 6.822548
17 449.8169 0.1070315 7.503504
18 492.8038 0.1057624 8.220578
19 537.4 0.1044127 8.964498
20 583.0727 0.1029567 9.726376
21 629.2432 0.1013974 10.49656
22 678.1227 0.09975835 11.31193
23 730.925 0.09808617 12.19274
24 788.5923 0.09640909 13.1547
25 851.7416 0.09475086 14.20811
26 920.6896 0.09313346 15.35824
27 995.4774 0.09158056 16.6058
28 1075.805 0.09012781 17.94577
29 1161.239 0.0888162 19.37091
30 1251.141 0.08770354 20.87058
31 1344.624 0.08687224 22.43
32 1441.556 0.08642255 24.04694
33 1541.861 0.08647848 25.72016
34 1645.842 0.08714559 27.45468
35 1753.618 0.0885206 29.25253
36 1865.395 0.09066817 31.1171
37 1981.251 0.09363372 33.04972
38 2100.975 0.09742597 35.04687
39 2224.315 0.1020308 37.10433
40 2350.537 0.1074122 39.20987
41 2478.853 0.1135204 41.35034
42 2608.358 0.1202933 43.51065
43 2738.128 0.1276415 45.67536
44 2857.975 0.1358763 47.67457
45 3001.262 0.1435213 50.06478
46 3083.727 0.1540187 51.44039
47 3215.835 0.1624233 53.64411
48 3346.79 0.1710185 55.8286
49 3472.426 0.1798903 57.92437
50 3606.981 0.1882835 60.16891
51 3717.834 0.1976501 62.01808
52 3825.262 0.2069752 63.81011
53 3928.071 0.2162198 65.5251
54 4025.144 0.2253244 67.1444
EAL+BER
1 213.6918 0.1218905 1.069611
2 287.023 0.1075489 1.436663
3 345.5507 0.1011805 1.729617
4 401.1536 0.097238 2.007931
5 453.8981 0.09462275 2.271938
6 503.9131 0.09279687 2.522283
7 551.2771 0.09147529 2.759358
8 596.103 0.09049111 2.983729
9 638.4559 0.08974605 3.195722
10 678.2217 0.08920248 3.394766
11 715.6607 0.0887912 3.582163
12 775.0355 0.08713352 3.879357
13 850.277 0.08505325 4.25597
14 939.5321 0.08296444 4.702727
15 1041.036 0.08110039 5.210792
16 1153.115 0.07954604 5.771792
17 1274.166 0.07829534 6.3777
18 1402.596 0.07730037 7.020545
19 1536.837 0.07650505 7.692472
20 1675.727 0.07584009 8.387673
21 1817.61 0.07527641 9.097849
22 1968.814 0.07473446 9.854688
23 2133.121 0.07420434 10.67711
24 2313.557 0.07369017 11.58026
25 2512.058 0.07321113 12.57384
26 2729.898 0.07277922 13.66421
27 2967.459 0.07240327 14.8533
28 3224.336 0.07208526 16.13907
29 3497.702 0.07185977 17.50737
30 3787.941 0.07167818 18.96013
31 4093.823 0.07153077 20.49119
32 4449.584 0.06964577 22.27192
33 4844.207 0.06893405 24.24716
34 5298.92 0.06879887 26.52317
35 5687.835 0.06808941 28.46985
36 6200.294 0.06856648 31.03491
37 6718.746 0.0691102 33.62996
38 7336.367 0.07041273 36.7214
39 7901.657 0.08404748 39.5509
40 8607.784 0.0867526 43.08534
41 9145.942 0.08233169 45.77903
42 9630.56 0.08915417 48.20473
43 9438.278 0.1358156 47.24229
44 10192.06 0.1200207 51.01527
45 10991.99 0.1151772 55.01921
46 11658.57 0.09820247 58.35569
47 9599.603 0.214509 48.04978
48 9569.376 0.1210433 47.89848
49 8009.146 0.139277 40.08892
50 7289.461 0.1798572 36.48661
51 7454.412 0.1508593 37.31226
52 7813.738 0.1434591 39.11083
53 7793.055 0.1657104 39.0073
54 6792.85 0.3320121 34.00088
GOA
1 102.0488 0.169542 1.228309
2 137.9345 0.1619912 1.660246
3 166.4629 0.1591866 2.003629
4 193.6439 0.1576418 2.330792
5 219.493 0.1567244 2.641924
6 243.9551 0.1562146 2.936361
7 267.1542 0.1559035 3.215597
8 289.1318 0.1557174 3.48013
9 309.9204 0.1556151 3.730352
10 329.5575 0.1555719 3.966714
11 348.081 0.1555726 4.189671
12 377.168 0.1552948 4.539777
13 413.8658 0.1550083 4.981489
14 457.3566 0.1548049 5.504965
15 506.6622 0.1547672 6.098431
16 561.0346 0.1548559 6.752884
17 619.4593 0.155089 7.456111
18 681.3266 0.1553739 8.200777
19 745.7858 0.1556994 8.976639
20 812.201 0.15602 9.776044
21 879.8755 0.1563229 10.59061
22 951.6967 0.156653 11.45508
23 1029.595 0.1570105 12.3927
24 1114.826 0.1574194 13.41858
25 1208.387 0.1578674 14.54473
26 1310.757 0.1583511 15.7769
27 1421.915 0.1588738 17.11486
28 1541.464 0.159434 18.5538
29 1668.871 0.1600099 20.08734
30 1803.309 0.1605864 21.70549
31 1943.488 0.1611738 23.39276
32 2091.091 0.1653371 25.16938
33 2163.534 0.1086546 26.04134
34 2069.532 0.08642946 24.90989
35 2256.357 0.09651908 27.15861
36 2282.036 0.08130372 27.46768
37 2236.441 0.1607664 26.91889
38 2461.75 0.1418474 29.63082
39 2695.876 0.1514941 32.44887
40 2948.349 0.1636557 35.48775
41 3197.107 0.1376059 38.48193
42 3524.304 0.1349876 42.42023
43 3725.886 0.09962435 44.84656
44 4011.899 0.102343 48.28915
45 3384.059 0.2085636 40.73217
46 2728.149 0.3198309 32.83733
47 2471.087 0.2683554 29.7432
48 1839.828 0.2618653 22.14505
49 1856.982 0.2031602 22.35153
50 1993.757 0.1985207 23.99783
51 1770.486 0.2718298 21.31042
52 1439.132 0.4339842 17.32209
53 1569.471 0.4223084 18.89091
54 1609.81 0.4982445 19.37646
SEA+NBC
1 325.152 0.09971096 1.374827
2 435.7996 0.0837394 1.842674
3 522.1498 0.07685485 2.207785
4 603.3911 0.07266359 2.551294
5 679.6842 0.06996512 2.873881
6 751.2693 0.06816144 3.176561
7 818.327 0.06693194 3.460099
8 880.9386 0.0660988 3.724837
9 939.3572 0.06554134 3.971846
10 993.748 0.06518828 4.201825
11 1044.173 0.06499922 4.415033
12 1126.083 0.0633985 4.761373
13 1230.191 0.06133664 5.201567
14 1353.785 0.0592877 5.724155
15 1493.928 0.05753468 6.316715
16 1648.815 0.05614546 6.97162
17 1814.538 0.05515351 7.67234
18 1987.556 0.05451325 8.403903
19 2169.171 0.05404076 9.17182
20 2358.308 0.05365167 9.97154
21 2549.426 0.05338117 10.77963
22 2751.618 0.05316113 11.63455
23 2969.328 0.05300268 12.55509
24 3210.629 0.05284551 13.57537
25 3473.359 0.05278933 14.68626
26 3760.909 0.05281029 15.9021
27 4070.073 0.05295526 17.20932
28 4403.171 0.05317056 18.61775
29 4756.422 0.05346987 20.11139
30 5126.391 0.05385272 21.67571
31 5515.581 0.05426278 23.32131
32 5751.561 0.05068159 24.31909
33 6310.494 0.05131321 26.68241
34 6759.25 0.04991414 28.57986
35 7341.228 0.05014974 31.04062
36 7705.493 0.05047272 32.58082
37 8046.217 0.05278644 34.02149
38 8577.388 0.05250182 36.26742
39 9333.749 0.05430947 39.46551
40 10255.34 0.0551582 43.36222
41 10387.64 0.05644316 43.92164
42 11320.34 0.05673329 47.86535
43 11474.89 0.05510609 48.51881
44 11774.33 0.06261905 49.78491
45 9407.975 0.1053974 39.77936
46 8906.631 0.06359197 37.65955
47 8555.5 0.05707751 36.17487
48 7020.895 0.06734694 29.68616
49 7747.851 0.0721801 32.75992
50 7792.29 0.06348985 32.94782
51 7786.216 0.05316221 32.92214
52 8353.058 0.06122548 35.3189
53 8226.55 0.08674207 34.78399
54 8081.311 0.1059199 34.16988
SBC+WA
1 33.68823 0.112013 0.8954688
2 45.40351 0.1003461 1.206873
3 54.65801 0.09579027 1.452867
4 63.44995 0.09318926 1.686567
5 71.79349 0.09157698 1.908347
6 79.70774 0.09050979 2.118716
7 87.10784 0.0898664 2.315418
8 94.10759 0.08941004 2.501479
9 100.7087 0.08907839 2.676944
10 106.9331 0.08882653 2.842395
11 112.7954 0.0886289 2.99822
12 122.0222 0.08792561 3.243479
13 133.7404 0.08712607 3.55496
14 147.6694 0.08646363 3.925209
15 163.4308 0.08608583 4.344163
16 180.8556 0.0859237 4.807333
17 199.7051 0.08591307 5.308372
18 219.6376 0.08601804 5.838198
19 240.5201 0.08612771 6.393278
20 262.0407 0.0862219 6.965319
21 283.9944 0.08625847 7.548871
22 307.4511 0.08626568 8.172374
23 332.9418 0.08630477 8.849944
24 360.9297 0.08639093 9.593891
25 391.7569 0.08651995 10.41331
26 425.6227 0.08667194 11.3135
27 462.6228 0.0868116 12.297
28 503.1194 0.08682681 13.37344
29 546.4323 0.08677553 14.52475
30 592.1162 0.08663913 15.73907
31 640.5409 0.08627974 17.02625
32 691.3066 0.08575527 18.37566
33 744.5439 0.08508406 19.79076
34 800.2194 0.08431238 21.27068
35 858.6597 0.0834455 22.82408
36 916.9067 0.08278693 24.37235
37 978.9044 0.08200074 26.02031
38 1049.446 0.08074595 27.89539
39 1110.984 0.08037208 29.53114
40 1187.611 0.0791316 31.56796
41 1260.079 0.07838045 33.49423
42 1330.696 0.07793571 35.3713
43 1414.143 0.07700364 37.58943
44 1499.342 0.07629673 39.85409
45 1578.44 0.07622257 41.95659
46 1656.675 0.07657507 44.03617
47 1737.586 0.0772062 46.18686
48 1815.041 0.07841818 48.2457
49 1873.748 0.08084772 49.80621
50 1953.703 0.08271546 51.93149
51 2018.461 0.08555133 53.65281
52 2093.823 0.08827723 55.65604
53 2173.634 0.09110462 57.7775
54 2240.32 0.09469567 59.55007
OR+CA
1 99.39939 0.1065111 0.505179
2 132.2371 0.08863666 0.6720708
3 157.3298 0.08061309 0.7995998
4 180.6363 0.07553055 0.9180507
5 201.6051 0.07237883 1.02462
6 220.8531 0.07028924 1.122445
7 238.4694 0.06891379 1.211977
8 254.5856 0.06803504 1.293884
9 269.1349 0.06755464 1.367828
10 282.272 0.06736345 1.434595
11 293.8613 0.06744934 1.493496
12 314.0143 0.06528299 1.59592
13 339.9564 0.06214305 1.727766
14 370.9262 0.05864285 1.885164
15 406.6126 0.05514478 2.066533
16 445.7367 0.05198401 2.265374
17 487.7539 0.04925081 2.478919
18 532.0442 0.0469627 2.704016
19 577.9395 0.04509961 2.937271
20 625.6911 0.04355 3.17996
21 675.0645 0.04225291 3.43089
22 726.2988 0.04107487 3.691279
23 781.9942 0.03987417 3.974341
24 843.6256 0.03865306 4.287571
25 912.2798 0.03747012 4.636493
26 987.9141 0.03643215 5.020891
27 1071.476 0.03558215 5.445577
28 1162.52 0.03497198 5.908291
29 1260.641 0.03460456 6.406973
30 1365.251 0.034444 6.938638
31 1479.327 0.03434542 7.518408
32 1599.783 0.03433937 8.130602
33 1728.781 0.03436279 8.786209
34 1865.267 0.03443743 9.479875
35 2012.127 0.03451677 10.22626
36 2165.9 0.03466958 11.00779
37 2330.913 0.03484949 11.84643
38 2512.826 0.03496544 12.77097
39 2718.264 0.03493572 13.81508
40 2937.619 0.03487905 14.92991
41 3157.644 0.03493038 16.04814
42 3404.178 0.03479924 17.3011
43 3667.779 0.03462045 18.64081
44 3952.397 0.03439654 20.08733
45 4211.761 0.03457089 21.4055
46 4425.101 0.03535933 22.48976
47 4602.697 0.03675108 23.39236
48 4879.705 0.03772807 24.8002
49 5119.184 0.03940325 26.01731
50 5421.596 0.04103841 27.55426
51 5757.227 0.04288941 29.26004
52 6082.907 0.04536662 30.91525
53 6429.539 0.04822385 32.67694
54 6777.774 0.05158937 34.44678

Parameters: Estimate  Std. Error      z value    Pr(>|z^2|)
rval 0.10302876 0.0044787 23.00417161 0
logK 8.1510641 0.60535339 13.46496807 0
logK 10.50958797 0.21928199 47.92727269 0
logK 9.03536682 0.71418955 12.65121682 0
logK 10.28149761 0.31858089 32.27280084 0
logK 8.20386484 0.87225148 9.40538942 0
logBK 4.03317892 0.67142675 6.0068785 0
logBK 4.21476561 0.24585497 17.14330062 0
logBK 4.5344005 0.7395787 6.13105877 0
logBK 5.47882638 0.32261549 16.9825274 0
logBK 4.73549651 0.87279127 5.42569189 6e-08
MixPars -1.81233013 0.30254823 -5.99021888 0
MixPars -3.04544242 0.22163881 -13.740565 0
MixPars -0.8611225 0.12535335 -6.86956126 0
MixPars -1.35589271 0.16324579 -8.30583587 0
MixPars -2.69292993 0.12113916 -22.23005364 0
MixPars -1.64076864 0.24982363 -6.567708 0
MixPars -0.91220953 0.23128996 -3.9440083 8.013e-05
MixPars -1.59951631 0.28845899 -5.54503877 3e-08
MixPars -3.14927636 0.28367665 -11.10164114 0
MixPars -1.84931479 0.24767747 -7.46662506 0
MixPars -1.69025763 0.36820244 -4.59056612 4.42e-06
MixPars -1.58991604 0.35967247 -4.42045525 9.85e-06
MixPars -1.02770048 0.40413923 -2.54293668 0.01099251
MixPars -1.22266909 0.22457617 -5.44434019 5e-08
MixPars 0.85127419 0.17976473 4.73549055 2.19e-06
MixPars -2.65869073 0.26654083 -9.97479736 0
AddV 0.14300009 0.05165587 2.768322 0.00563458
AddV 0.02188295 0.00638759 3.4258546 0.00061287
AddV 0.02840364 0.01962566 1.44727074 0.14782111
log_Ksigma -0.75408774 0.62546053 -1.205652 0.2279517
log_alphaK -2.18838773 0.31169495 -7.02092782 0
log_betaK -1.44699979 0.7405968 -1.95382939 0.0507214
envParams -0.0964447 0.67469444 -0.14294574 0.88633303
envParams 0.9527807 1.06464063 0.89493175 0.37082357
envParams -0.67721016 0.62443325 -1.08451971 0.27813443
envParams -0.30589591 0.35472617 -0.86234379 0.38849836
envParams 0.76647252 1.40271862 0.5464193 0.58477775
envParams 1.05079148 0.49157647 2.13759517 0.03254961
envParams 0.8668763 0.36347351 2.3849779 0.01708015
envParams -0.00922758 0.70815119 -0.01303053 0.98960344
envParams 1.15732782 0.79041456 1.46420356 0.14313834
envParams 0.07257253 0.89167329 0.08138914 0.93513248
envParams 1.00222293 0.9132626 1.09740936 0.27246248
envParams 0.25561632 0.63353163 0.40347839 0.68659633

Mixing matrix
0.85964326 0.14035674 0 0 0 0 ,# Asia
0.02649455 0.23539359 0.14352206 0.55689766 0.03769214 0 ,# Hawaii
0.09702761 0.50057839 0.20105021 0.10111393 0.02146638 0.07876348 ,# MX_AR
0.04208503 0.22813775 0.04652704 0.08163427 0.06717361 0.53444231 ,# MX_ML
0 0 0 0 0.06545538 0.93454462 ,# Central_Am

Split of breeding stock to feeding grounds over time
Split for: Asia
Year RUS+WAL EAL+BER GOA SEA+NBC SBC+WA OR+CA
1970 0.86115 0.13885 0 0 0 0
1971 0.86184 0.13816 0 0 0 0
1972 0.85842 0.14158 0 0 0 0
1973 0.85861 0.14139 0 0 0 0
1974 0.85877 0.14123 0 0 0 0
1975 0.85889 0.14111 0 0 0 0
1976 0.859 0.141 0 0 0 0
1977 0.85908 0.14092 0 0 0 0
1978 0.85915 0.14085 0 0 0 0
1979 0.85924 0.14076 0 0 0 0
1980 0.85932 0.14068 0 0 0 0
1981 0.85938 0.14062 0 0 0 0
1982 0.85942 0.14058 0 0 0 0
1983 0.85944 0.14056 0 0 0 0
1984 0.85945 0.14055 0 0 0 0
1985 0.85943 0.14057 0 0 0 0
1986 0.8594 0.1406 0 0 0 0
1987 0.85935 0.14065 0 0 0 0
1988 0.85929 0.14071 0 0 0 0
1989 0.8592 0.1408 0 0 0 0
1990 0.8591 0.1409 0 0 0 0
1991 0.85899 0.14101 0 0 0 0
1992 0.85887 0.14113 0 0 0 0
1993 0.85874 0.14126 0 0 0 0
1994 0.85861 0.14139 0 0 0 0
1995 0.85846 0.14154 0 0 0 0
1996 0.8583 0.1417 0 0 0 0
1997 0.85813 0.14187 0 0 0 0
1998 0.85802 0.14198 0 0 0 0
1999 0.85787 0.14213 0 0 0 0
2000 0.85768 0.14232 0 0 0 0
2001 0.85648 0.14352 0 0 0 0
2002 0.85478 0.14522 0 0 0 0
2003 0.85222 0.14778 0 0 0 0
2004 0.85179 0.14821 0 0 0 0
2005 0.84919 0.15081 0 0 0 0
2006 0.84712 0.15288 0 0 0 0
2007 0.84383 0.15617 0 0 0 0
2008 0.8421 0.1579 0 0 0 0
2009 0.83858 0.16142 0 0 0 0
2010 0.83814 0.16186 0 0 0 0
2011 0.83862 0.16138 0 0 0 0
2012 0.84828 0.15172 0 0 0 0
2013 0.84486 0.15514 0 0 0 0
2014 0.84131 0.15869 0 0 0 0
2015 0.8395 0.1605 0 0 0 0
2016 0.86918 0.13082 0 0 0 0
2017 0.87431 0.12569 0 0 0 0
2018 0.89644 0.10356 0 0 0 0
2019 0.90815 0.09185 0 0 0 0
2020 0.9093 0.0907 0 0 0 0
2021 0.90829 0.09171 0 0 0 0
2022 0.91123 0.08877 0 0 0 0
2023 0.92397 0.07603 0 0 0 0
2024 0.92455 0.07545 0 0 0 0
Split for: Hawaii
Year RUS+WAL EAL+BER GOA SEA+NBC SBC+WA OR+CA
1970 0.027 0.23688 0.14194 0.55588 0.0383 0
1971 0.02718 0.23706 0.14281 0.55446 0.03849 0
1972 0.02651 0.23796 0.14356 0.5533 0.03866 0
1973 0.02663 0.23864 0.14415 0.55179 0.0388 0
1974 0.02674 0.2393 0.14469 0.55035 0.03893 0
1975 0.02684 0.23996 0.14515 0.54899 0.03907 0
1976 0.02694 0.24063 0.14559 0.54768 0.03916 0
1977 0.02704 0.24131 0.14603 0.54636 0.03926 0
1978 0.02713 0.242 0.14646 0.54505 0.03936 0
1979 0.02722 0.24263 0.14689 0.54378 0.03947 0
1980 0.02731 0.24329 0.14732 0.54249 0.03958 0
1981 0.0274 0.24396 0.1477 0.54127 0.03967 0
1982 0.02748 0.24464 0.14805 0.54007 0.03977 0
1983 0.02756 0.2453 0.14836 0.53891 0.03986 0
1984 0.02764 0.24597 0.14865 0.53779 0.03995 0
1985 0.02771 0.24658 0.14888 0.53681 0.04003 0
1986 0.02777 0.24726 0.14909 0.53575 0.04013 0
1987 0.02785 0.24807 0.14936 0.53448 0.04024 0
1988 0.02791 0.24874 0.14953 0.53347 0.04034 0
1989 0.02795 0.24928 0.1496 0.53275 0.04041 0
1990 0.028 0.24989 0.14969 0.53193 0.04049 0
1991 0.02805 0.25052 0.14978 0.53106 0.04059 0
1992 0.0281 0.25122 0.1499 0.5301 0.04069 0
1993 0.02813 0.25179 0.14992 0.52938 0.04078 0
1994 0.02817 0.25245 0.14997 0.52852 0.04089 0
1995 0.02821 0.2531 0.15001 0.52768 0.04099 0
1996 0.02826 0.25387 0.15009 0.52666 0.04113 0
1997 0.0283 0.25463 0.15012 0.52565 0.0413 0
1998 0.02836 0.25534 0.15018 0.52465 0.04147 0
1999 0.02841 0.25616 0.15026 0.52353 0.04164 0
2000 0.02846 0.25695 0.15023 0.52254 0.04182 0
2001 0.02886 0.26316 0.15225 0.5132 0.04254 0
2002 0.0286 0.2644 0.14531 0.5194 0.04229 0
2003 0.02891 0.27276 0.13104 0.52443 0.04287 0
2004 0.02858 0.27063 0.132 0.52625 0.04253 0
2005 0.02889 0.27924 0.12631 0.52256 0.043 0
2006 0.02939 0.28859 0.11802 0.52021 0.04379 0
2007 0.02904 0.29245 0.12051 0.51442 0.04358 0
2008 0.02849 0.29072 0.12176 0.51644 0.04258 0
2009 0.02767 0.28982 0.12181 0.51903 0.04166 0
2010 0.0282 0.29639 0.12708 0.50577 0.04255 0
2011 0.02765 0.28956 0.12992 0.51116 0.0417 0
2012 0.0288 0.28029 0.13561 0.51153 0.04378 0
2013 0.02885 0.2883 0.139 0.49963 0.04421 0
2014 0.0335 0.34388 0.12965 0.44145 0.05149 2e-05
2015 0.03594 0.37385 0.10701 0.42784 0.05536 0
2016 0.04125 0.33783 0.10634 0.45084 0.06374 0
2017 0.04808 0.37611 0.08839 0.41304 0.07438 0
2018 0.05076 0.31911 0.09041 0.46187 0.07786 0
2019 0.05353 0.29461 0.09844 0.47106 0.08237 0
2020 0.05553 0.30139 0.08739 0.47054 0.08515 0
2021 0.05543 0.30456 0.06845 0.4864 0.08516 0
2022 0.05714 0.30289 0.0744 0.47742 0.08815 0
2023 0.06149 0.27536 0.07955 0.48884 0.09476 0
2024 0.06206 0.27561 0.0863 0.4797 0.09634 0
Split for: MX_AR
Year RUS+WAL EAL+BER GOA SEA+NBC SBC+WA OR+CA
1970 0.09891 0.50394 0.19892 0.10097 0.02182 0.07544
1971 0.09938 0.5034 0.19976 0.10053 0.02189 0.07504
1972 0.09694 0.50522 0.20078 0.1003 0.02198 0.07478
1973 0.09716 0.50554 0.20115 0.0998 0.02201 0.07434
1974 0.09737 0.50599 0.20153 0.09936 0.02205 0.0737
1975 0.09757 0.5065 0.20182 0.09894 0.02208 0.07309
1976 0.09776 0.50703 0.20208 0.09853 0.0221 0.0725
1977 0.09793 0.50758 0.20234 0.09812 0.02212 0.07191
1978 0.09809 0.50814 0.20258 0.09772 0.02213 0.07133
1979 0.09826 0.50864 0.20285 0.09733 0.02216 0.07077
1980 0.09843 0.50918 0.20311 0.09694 0.02219 0.07015
1981 0.09859 0.50977 0.20331 0.09657 0.0222 0.06955
1982 0.09875 0.51039 0.20346 0.0962 0.02222 0.06897
1983 0.09889 0.511 0.20359 0.09585 0.02224 0.06842
1984 0.099 0.51159 0.20366 0.0955 0.02225 0.068
1985 0.0991 0.51216 0.20369 0.0952 0.02226 0.06759
1986 0.09919 0.51277 0.20366 0.09486 0.02229 0.06723
1987 0.09928 0.51343 0.20364 0.09445 0.0223 0.0669
1988 0.09934 0.51404 0.20356 0.09413 0.02233 0.0666
1989 0.09938 0.51459 0.20342 0.0939 0.02234 0.06638
1990 0.09939 0.5151 0.20326 0.09362 0.02235 0.06627
1991 0.09942 0.51569 0.2031 0.09334 0.02238 0.06607
1992 0.09944 0.5163 0.20294 0.09302 0.0224 0.06591
1993 0.09944 0.51686 0.20271 0.09278 0.02242 0.06579
1994 0.09944 0.5174 0.20248 0.09249 0.02244 0.06576
1995 0.09942 0.51795 0.20222 0.0922 0.02247 0.06575
1996 0.0994 0.51851 0.20193 0.09184 0.0225 0.06582
1997 0.09937 0.51906 0.20159 0.09149 0.02255 0.06595
1998 0.09936 0.51951 0.20128 0.09114 0.0226 0.06612
1999 0.09934 0.52002 0.20094 0.09074 0.02264 0.06633
2000 0.09927 0.5205 0.20047 0.09038 0.02269 0.0667
2001 0.09901 0.52424 0.19979 0.08729 0.0227 0.06697
2002 0.09878 0.53024 0.19197 0.08893 0.02271 0.06736
2003 0.09969 0.54622 0.17286 0.08967 0.02299 0.06857
2004 0.09898 0.54416 0.17484 0.09034 0.0229 0.06878
2005 0.09888 0.55486 0.16533 0.08866 0.02288 0.06939
2006 0.09943 0.56699 0.15274 0.08726 0.02304 0.07054
2007 0.09741 0.56961 0.15462 0.08555 0.02273 0.07008
2008 0.09594 0.5684 0.15681 0.08621 0.0223 0.07035
2009 0.09365 0.56958 0.1577 0.08709 0.02193 0.07005
2010 0.09337 0.56977 0.16093 0.08301 0.02191 0.07101
2011 0.09254 0.56271 0.16631 0.08481 0.0217 0.07192
2012 0.09648 0.54525 0.17377 0.08496 0.02281 0.07674
2013 0.09472 0.54957 0.17454 0.08132 0.02257 0.07729
2014 0.0984 0.5865 0.14566 0.06428 0.02352 0.08164
2015 0.10159 0.61369 0.11571 0.05996 0.02434 0.08471
2016 0.11969 0.56922 0.11802 0.06486 0.02876 0.09944
2017 0.12891 0.58554 0.09065 0.0549 0.03101 0.10899
2018 0.14547 0.53102 0.0991 0.06562 0.0347 0.1241
2019 0.15516 0.49584 0.10914 0.06769 0.03713 0.13505
2020 0.15858 0.49979 0.09547 0.06662 0.03782 0.14173
2021 0.15999 0.51047 0.07558 0.06961 0.03823 0.14613
2022 0.16219 0.49928 0.08079 0.06719 0.03891 0.15164
2023 0.17588 0.45734 0.08703 0.06932 0.04215 0.16827
2024 0.17474 0.45062 0.09294 0.06696 0.04218 0.17255
Split for: MX_ML
Year RUS+WAL EAL+BER GOA SEA+NBC SBC+WA OR+CA
1970 0.04377 0.23429 0.04696 0.08316 0.06965 0.52217
1971 0.0441 0.23469 0.04729 0.08302 0.07007 0.52084
1972 0.04309 0.23593 0.04761 0.08297 0.07049 0.51991
1973 0.04331 0.2368 0.04784 0.08281 0.0708 0.51844
1974 0.04359 0.23803 0.04814 0.0828 0.07121 0.51622
1975 0.04386 0.23925 0.04841 0.08279 0.07163 0.51405
1976 0.04413 0.24049 0.04867 0.08279 0.07197 0.51196
1977 0.04438 0.24172 0.04893 0.08278 0.07231 0.50988
1978 0.04464 0.24296 0.04918 0.08276 0.07266 0.50779
1979 0.04489 0.24415 0.04944 0.08276 0.07303 0.50573
1980 0.04516 0.24544 0.04971 0.08278 0.07343 0.50348
1981 0.04542 0.24676 0.04997 0.08281 0.07379 0.50125
1982 0.04568 0.24806 0.05021 0.08283 0.07414 0.49909
1983 0.04591 0.2493 0.05044 0.08284 0.0745 0.49701
1984 0.04611 0.25034 0.0506 0.08279 0.07476 0.49541
1985 0.04628 0.25133 0.05076 0.08275 0.07502 0.49386
1986 0.04644 0.25228 0.05088 0.08268 0.07528 0.49244
1987 0.04659 0.25319 0.05099 0.08251 0.07552 0.49119
1988 0.04672 0.25403 0.05108 0.0824 0.07576 0.49
1989 0.04681 0.25468 0.05112 0.08232 0.07592 0.48914
1990 0.04686 0.25514 0.05112 0.08215 0.07602 0.48871
1991 0.04693 0.25578 0.05115 0.08201 0.0762 0.48793
1992 0.04699 0.25638 0.05117 0.08182 0.07637 0.48726
1993 0.04703 0.25685 0.05115 0.08168 0.0765 0.48679
1994 0.04704 0.25719 0.05111 0.08144 0.07659 0.48663
1995 0.04703 0.25746 0.05104 0.08119 0.07668 0.4866
1996 0.047 0.2576 0.05094 0.08083 0.07674 0.48689
1997 0.04694 0.25763 0.05081 0.08044 0.07684 0.48734
1998 0.04687 0.25752 0.05066 0.08003 0.07692 0.488
1999 0.0468 0.2574 0.0505 0.07957 0.07694 0.48879
2000 0.04664 0.25695 0.05025 0.07903 0.0769 0.49022
2001 0.04647 0.25857 0.05004 0.07627 0.07686 0.4918
2002 0.04612 0.26015 0.04783 0.0773 0.07652 0.49208
2003 0.04591 0.26432 0.04247 0.07687 0.0764 0.49403
2004 0.04554 0.26307 0.04292 0.07737 0.07603 0.49506
2005 0.04524 0.26673 0.04036 0.0755 0.07553 0.49665
2006 0.04502 0.26972 0.03689 0.07354 0.07526 0.49958
2007 0.04432 0.2723 0.03753 0.07245 0.07461 0.49879
2008 0.04363 0.27163 0.03805 0.07298 0.07316 0.50054
2009 0.04271 0.27297 0.03838 0.07394 0.07216 0.49984
2010 0.04242 0.27197 0.03901 0.07019 0.0718 0.50461
2011 0.04184 0.26729 0.04011 0.07137 0.07078 0.5086
2012 0.04222 0.2507 0.04057 0.0692 0.072 0.52531
2013 0.04139 0.25232 0.04069 0.06614 0.07115 0.52831
2014 0.04172 0.26126 0.03295 0.05073 0.07194 0.54141
2015 0.04197 0.2664 0.02551 0.04611 0.07254 0.54747
2016 0.04492 0.22446 0.02363 0.04531 0.07788 0.5838
2017 0.04566 0.21791 0.01713 0.0362 0.07925 0.60386
2018 0.04738 0.18174 0.01722 0.03979 0.08154 0.63233
2019 0.04788 0.16076 0.01797 0.03888 0.08265 0.65187
2020 0.04736 0.15682 0.01521 0.03703 0.08148 0.6621
2021 0.04667 0.15647 0.01176 0.03779 0.08045 0.66685
2022 0.04624 0.14955 0.01229 0.03565 0.08004 0.67623
2023 0.04667 0.12752 0.01232 0.03424 0.0807 0.69854
2024 0.04567 0.12375 0.01296 0.03258 0.07954 0.70549
Split for: Central_Am
Year RUS+WAL EAL+BER GOA SEA+NBC SBC+WA OR+CA
1970 0 0 0 0 0.06919 0.93081
1971 0 0 0 0 0.06974 0.93026
1972 0 0 0 0 0.07025 0.92975
1973 0 0 0 0 0.07071 0.92929
1974 0 0 0 0 0.07139 0.92861
1975 0 0 0 0 0.07205 0.92795
1976 0 0 0 0 0.07264 0.92736
1977 0 0 0 0 0.07324 0.92676
1978 0 0 0 0 0.07385 0.92615
1979 0 0 0 0 0.07448 0.92552
1980 0 0 0 0 0.07517 0.92483
1981 0 0 0 0 0.07581 0.92419
1982 0 0 0 0 0.07646 0.92354
1983 0 0 0 0 0.07709 0.92291
1984 0 0 0 0 0.07757 0.92243
1985 0 0 0 0 0.07804 0.92196
1986 0 0 0 0 0.07851 0.92149
1987 0 0 0 0 0.07892 0.92108
1988 0 0 0 0 0.07932 0.92068
1989 0 0 0 0 0.07961 0.92039
1990 0 0 0 0 0.07977 0.92023
1991 0 0 0 0 0.08006 0.91994
1992 0 0 0 0 0.08032 0.91968
1993 0 0 0 0 0.08052 0.91948
1994 0 0 0 0 0.08063 0.91937
1995 0 0 0 0 0.08072 0.91928
1996 0 0 0 0 0.08073 0.91927
1997 0 0 0 0 0.08076 0.91924
1998 0 0 0 0 0.08074 0.91926
1999 0 0 0 0 0.08064 0.91936
2000 0 0 0 0 0.08039 0.91961
2001 0 0 0 0 0.08011 0.91989
2002 0 0 0 0 0.07974 0.92026
2003 0 0 0 0 0.07934 0.92066
2004 0 0 0 0 0.07883 0.92117
2005 0 0 0 0 0.07812 0.92188
2006 0 0 0 0 0.07745 0.92255
2007 0 0 0 0 0.07694 0.92306
2008 0 0 0 0 0.07532 0.92468
2009 0 0 0 0 0.07446 0.92554
2010 0 0 0 0 0.07347 0.92653
2011 0 0 0 0 0.07197 0.92803
2012 0 0 0 0 0.07096 0.92904
2013 0 0 0 0 0.0698 0.9302
2014 0 0 0 0 0.06894 0.93106
2015 0 0 0 0 0.06876 0.93124
2016 0 0 0 0 0.06919 0.93081
2017 0 0 0 0 0.06815 0.93185
2018 0 0 0 0 0.06704 0.93296
2019 0 0 0 0 0.06599 0.93401
2020 0 0 0 0 0.06418 0.93582
2021 0 0 0 0 0.06299 0.93701
2022 0 0 0 0 0.06187 0.93813
2023 0 0 0 0 0.06048 0.93952
2024 0 0 0 0 0.05911 0.94089

Difference in mortality over time
Difference for: Asia
Year RUS+WAL EAL+BER GOA SEA+NBC SBC+WA OR+CA
1970 0 0 0 0 0 0
1971 0 0 0 0 0 0
1972 0 0 0 0 0 0
1973 0 0 0 0 0 0
1974 0 0 0 0 0 0
1975 0 0 0 0 0 0
1976 0 0 0 0 0 0
1977 0 0 0 0 0 0
1978 -1 0 0 0 0 0
1979 -1 0 0 0 0 0
1980 -1 0 0 0 0 0
1981 -1 0 0 0 0 0
1982 -1 0 0 0 0 0
1983 -1 0 0 0 0 0
1984 -1 0 0 0 0 0
1985 -2 0 0 0 0 0
1986 -2 0 0 0 0 0
1987 -2 0 0 0 0 0
1988 -3 0 0 0 0 0
1989 -3 0 0 0 0 0
1990 -4 -1 0 0 0 0
1991 -4 -1 0 0 0 0
1992 -5 -1 0 0 0 0
1993 -6 -1 0 0 0 0
1994 -7 -1 0 0 0 0
1995 -8 -1 0 0 0 0
1996 -9 -1 0 0 0 0
1997 -10 -2 0 0 0 0
1998 -12 -2 0 0 0 0
1999 -14 -2 0 0 0 0
2000 -16 -2 0 0 0 0
2001 -18 -1 0 0 0 0
2002 -21 -1 0 0 0 0
2003 -24 -3 0 0 0 0
2004 -27 -2 0 0 0 0
2005 -30 -3 0 0 0 0
2006 -34 -2 0 0 0 0
2007 -38 -4 0 0 0 0
2008 -42 -2 0 0 0 0
2009 -47 -8 0 0 0 0
2010 -52 -10 0 0 0 0
2011 -57 -27 0 0 0 0
2012 -63 -6 0 0 0 0
2013 -68 -6 0 0 0 0
2014 -75 -10 0 0 0 0
2015 -78 -73 0 0 0 0
2016 -84 -24 0 0 0 0
2017 -91 -57 0 0 0 0
2018 -97 -35 0 0 0 0
2019 -105 -14 0 0 0 0
2020 -111 -10 0 0 0 0
2021 -116 -18 0 0 0 0
2022 -122 -39 0 0 0 0
2023 -127 -13 0 0 0 0
Difference for: Hawaii
Year RUS+WAL EAL+BER GOA SEA+NBC SBC+WA OR+CA
1970 0 0 0 0 0 0
1971 0 0 0 -1 0 0
1972 0 0 0 -1 0 0
1973 0 0 0 -1 0 0
1974 0 -1 0 -2 0 0
1975 0 -1 0 -2 0 0
1976 0 -1 -1 -2 0 0
1977 0 -1 -1 -3 0 0
1978 0 -1 -1 -3 0 0
1979 0 -1 -1 -4 0 0
1980 0 -2 -1 -4 0 0
1981 0 -2 -1 -5 0 0
1982 0 -2 -1 -5 0 0
1983 0 -2 -2 -7 0 0
1984 0 -3 -2 -8 0 0
1985 0 -4 -3 -10 0 0
1986 -1 -5 -3 -12 -1 0
1987 -1 -5 -4 -14 -1 0
1988 -1 -7 -5 -17 -1 0
1989 -1 -8 -6 -20 -1 0
1990 -1 -9 -7 -24 -1 0
1991 -1 -11 -8 -28 -1 0
1992 -2 -13 -9 -32 -2 0
1993 -2 -15 -10 -37 -2 0
1994 -2 -18 -12 -44 -2 0
1995 -3 -21 -14 -51 -3 0
1996 -3 -25 -17 -59 -3 0
1997 -4 -29 -20 -69 -4 0
1998 -4 -34 -23 -81 -5 0
1999 -5 -40 -27 -94 -5 0
2000 -6 -30 -30 -228 -6 0
2001 -7 -27 -82 -19 -7 0
2002 -8 -17 -188 -126 -9 0
2003 -9 -69 -19 -64 -10 0
2004 -10 -31 -122 -260 -11 0
2005 -11 -52 -169 -312 -13 0
2006 -13 -33 -7 -210 -15 0
2007 -14 -88 -13 -88 -17 0
2008 -16 -51 -17 -21 -19 0
2009 -18 -161 -36 -637 -22 0
2010 -20 -218 -3 -98 -25 0
2011 -22 -574 -90 -729 -27 0
2012 -24 -122 -54 -638 -31 0
2013 -27 -127 -624 -2669 -35 0
2014 -30 -223 -616 -1099 -38 0
2015 -32 -1629 -333 -948 -42 0
2016 -35 -531 -556 -1834 -46 0
2017 -38 -1290 -117 -59 -51 0
2018 -41 -799 -43 -568 -54 0
2019 -44 -322 -268 -616 -58 0
2020 -47 -229 -322 -203 -62 0
2021 -50 -422 -27 -737 -67 0
2022 -53 -918 -77 -738 -72 0
2023 -56 -308 -5 -618 -77 0
Difference for: MX_AR
Year RUS+WAL EAL+BER GOA SEA+NBC SBC+WA OR+CA
1970 0 0 0 0 0 0
1971 0 0 0 0 0 0
1972 0 0 0 0 0 0
1973 0 0 0 0 0 0
1974 0 0 0 0 0 0
1975 0 0 0 0 0 0
1976 0 0 0 0 0 0
1977 0 0 0 0 0 0
1978 0 0 0 0 0 0
1979 0 0 0 0 0 0
1980 0 -1 0 0 0 0
1981 0 -1 0 0 0 0
1982 0 -1 0 0 0 0
1983 0 -1 0 0 0 0
1984 0 -1 0 0 0 0
1985 0 -1 -1 0 0 0
1986 0 -2 -1 0 0 0
1987 0 -2 -1 0 0 0
1988 -1 -2 -1 -1 0 0
1989 -1 -3 -1 -1 0 0
1990 -1 -3 -2 -1 0 0
1991 -1 -4 -2 -1 0 0
1992 -1 -5 -2 -1 0 0
1993 -1 -5 -2 -1 0 0
1994 -1 -6 -3 -1 0 0
1995 -2 -7 -3 -2 0 0
1996 -2 -9 -4 -2 0 0
1997 -2 -10 -5 -2 0 0
1998 -3 -12 -5 -2 0 -1
1999 -3 -14 -6 -3 -1 -1
2000 -3 -11 -7 -7 -1 -1
2001 -4 -9 -19 -1 -1 -1
2002 -5 -6 -44 -4 -1 -1
2003 -5 -24 -4 -2 -1 -1
2004 -6 -11 -28 -8 -1 -1
2005 -7 -19 -40 -9 -1 -2
2006 -8 -12 -2 -6 -1 -2
2007 -9 -31 -3 -3 -2 -2
2008 -10 -18 -4 -1 -2 -3
2009 -11 -57 -8 -19 -2 -3
2010 -12 -78 -1 -3 -2 -4
2011 -14 -204 -21 -22 -3 -4
2012 -15 -43 -13 -19 -3 -5
2013 -16 -45 -146 -81 -3 -6
2014 -18 -79 -144 -33 -4 -7
2015 -19 -579 -78 -29 -4 -7
2016 -21 -189 -130 -56 -4 -8
2017 -23 -459 -27 -2 -5 -9
2018 -25 -284 -10 -17 -5 -10
2019 -27 -115 -63 -19 -6 -11
2020 -29 -81 -75 -6 -6 -12
2021 -30 -150 -6 -22 -6 -14
2022 -32 -327 -18 -22 -7 -15
2023 -34 -110 -1 -19 -7 -17
Difference for: MX_ML
Year RUS+WAL EAL+BER GOA SEA+NBC SBC+WA OR+CA
1970 0 0 0 0 0 0
1971 0 0 0 0 0 0
1972 0 0 0 0 0 0
1973 0 0 0 0 0 0
1974 0 0 0 0 0 0
1975 0 0 0 0 0 0
1976 0 0 0 0 0 0
1977 0 0 0 0 0 0
1978 0 0 0 0 0 0
1979 0 0 0 0 0 0
1980 0 0 0 0 0 0
1981 0 0 0 0 0 0
1982 0 0 0 0 0 0
1983 0 -1 0 0 0 0
1984 0 -1 0 0 0 0
1985 0 -1 0 0 0 -1
1986 0 -1 0 0 0 -1
1987 0 -1 0 0 0 -1
1988 0 -1 0 -1 0 -1
1989 0 -2 0 -1 0 -1
1990 0 -2 0 -1 0 -1
1991 0 -2 -1 -1 -1 -2
1992 -1 -3 -1 -1 -1 -2
1993 -1 -3 -1 -1 -1 -2
1994 -1 -3 -1 -1 -1 -2
1995 -1 -4 -1 -1 -1 -3
1996 -1 -5 -1 -2 -1 -3
1997 -1 -6 -1 -2 -1 -4
1998 -1 -7 -1 -2 -2 -5
1999 -2 -8 -2 -3 -2 -5
2000 -2 -6 -2 -7 -2 -6
2001 -2 -5 -5 -1 -3 -7
2002 -2 -3 -12 -4 -3 -9
2003 -3 -13 -1 -2 -3 -10
2004 -3 -6 -8 -7 -4 -12
2005 -3 -10 -11 -9 -5 -14
2006 -4 -6 0 -6 -5 -16
2007 -4 -17 -1 -3 -6 -18
2008 -5 -10 -1 -1 -7 -21
2009 -5 -30 -2 -18 -8 -25
2010 -6 -41 0 -3 -8 -29
2011 -7 -107 -6 -21 -9 -33
2012 -7 -23 -3 -18 -11 -39
2013 -8 -24 -39 -75 -12 -45
2014 -9 -41 -38 -31 -13 -51
2015 -10 -301 -21 -26 -14 -56
2016 -10 -98 -34 -51 -16 -61
2017 -11 -237 -7 -2 -17 -68
2018 -12 -146 -3 -16 -18 -75
2019 -13 -59 -16 -17 -20 -84
2020 -14 -42 -20 -6 -21 -94
2021 -15 -77 -2 -20 -22 -105
2022 -16 -166 -5 -20 -24 -117
2023 -17 -56 0 -17 -25 -130
Difference for: Central_Am
Year RUS+WAL EAL+BER GOA SEA+NBC SBC+WA OR+CA
1970 0 0 0 0 0 0
1971 0 0 0 0 0 0
1972 0 0 0 0 0 0
1973 0 0 0 0 0 0
1974 0 0 0 0 0 0
1975 0 0 0 0 0 0
1976 0 0 0 0 0 0
1977 0 0 0 0 0 0
1978 0 0 0 0 0 0
1979 0 0 0 0 0 0
1980 0 0 0 0 0 0
1981 0 0 0 0 0 0
1982 0 0 0 0 0 0
1983 0 0 0 0 0 0
1984 0 0 0 0 0 0
1985 0 0 0 0 0 0
1986 0 0 0 0 0 0
1987 0 0 0 0 0 0
1988 0 0 0 0 0 0
1989 0 0 0 0 0 -1
1990 0 0 0 0 0 -1
1991 0 0 0 0 0 -1
1992 0 0 0 0 0 -1
1993 0 0 0 0 0 -1
1994 0 0 0 0 0 -1
1995 0 0 0 0 0 -1
1996 0 0 0 0 0 -2
1997 0 0 0 0 0 -2
1998 0 0 0 0 0 -2
1999 0 0 0 0 0 -2
2000 0 0 0 0 -1 -3
2001 0 0 0 0 -1 -3
2002 0 0 0 0 -1 -4
2003 0 0 0 0 -1 -5
2004 0 0 0 0 -1 -5
2005 0 0 0 0 -1 -6
2006 0 0 0 0 -1 -7
2007 0 0 0 0 -1 -8
2008 0 0 0 0 -2 -10
2009 0 0 0 0 -2 -11
2010 0 0 0 0 -2 -13
2011 0 0 0 0 -2 -15
2012 0 0 0 0 -3 -18
2013 0 0 0 0 -3 -20
2014 0 0 0 0 -3 -23
2015 0 0 0 0 -4 -26
2016 0 0 0 0 -4 -28
2017 0 0 0 0 -4 -31
2018 0 0 0 0 -5 -34
2019 0 0 0 0 -5 -38
2020 0 0 0 0 -5 -43
2021 0 0 0 0 -6 -48
2022 0 0 0 0 -6 -54
2023 0 0 0 0 -6 -60

Total survival over time
Values for breeding stock: Asia
Year RUS+WAL EAL+BER GOA SEA+NBC SBC+WA OR+CA
1970 0.992 0.98 0 0 0 0
1971 1.349 1.341 0 0 0 0
1972 1.22 1.255 0 0 0 0
1973 1.202 1.2 0 0 0 0
1974 1.164 1.163 0 0 0 0
1975 1.138 1.137 0 0 0 0
1976 1.117 1.116 0 0 0 0
1977 1.101 1.101 0 0 0 0
1978 1.088 1.088 0 0 0 0
1979 1.078 1.077 0 0 0 0
1980 1.068 1.068 0 0 0 0
1981 1.095 1.095 0 0 0 0
1982 1.113 1.113 0 0 0 0
1983 1.124 1.124 0 0 0 0
1984 1.129 1.129 0 0 0 0
1985 1.129 1.129 0 0 0 0
1986 1.126 1.127 0 0 0 0
1987 1.122 1.122 0 0 0 0
1988 1.116 1.117 0 0 0 0
1989 1.11 1.111 0 0 0 0
1990 1.103 1.104 0 0 0 0
1991 1.1 1.102 0 0 0 0
1992 1.1 1.101 0 0 0 0
1993 1.101 1.103 0 0 0 0
1994 1.103 1.104 0 0 0 0
1995 1.104 1.105 0 0 0 0
1996 1.105 1.106 0 0 0 0
1997 1.104 1.106 0 0 0 0
1998 1.103 1.104 0 0 0 0
1999 1.101 1.102 0 0 0 0
2000 1.098 1.107 0 0 0 0
2001 1.095 1.11 0 0 0 0
2002 1.092 1.114 0 0 0 0
2003 1.09 1.096 0 0 0 0
2004 1.087 1.107 0 0 0 0
2005 1.086 1.104 0 0 0 0
2006 1.084 1.11 0 0 0 0
2007 1.082 1.099 0 0 0 0
2008 1.08 1.107 0 0 0 0
2009 1.078 1.086 0 0 0 0
2010 1.076 1.072 0 0 0 0
2011 1.073 1.005 0 0 0 0
2012 1.071 1.082 0 0 0 0
2013 1.062 1.091 0 0 0 0
2014 1.075 1.092 0 0 0 0
2015 1.037 0.838 0 0 0 0
2016 1.064 0.992 0 0 0 0
2017 1.062 0.867 0 0 0 0
2018 1.058 0.915 0 0 0 0
2019 1.062 1.031 0 0 0 0
2020 1.05 1.06 0 0 0 0
2021 1.047 1.02 0 0 0 0
2022 1.045 0.895 0 0 0 0
2023 1.043 1.012 0 0 0 0
Values for breeding stock: Hawaii
Year RUS+WAL EAL+BER GOA SEA+NBC SBC+WA OR+CA
1970 1.007 0.994 0.977 0.986 1.004 0
1971 1.364 1.356 1.363 1.351 1.362 0
1972 1.232 1.268 1.27 1.26 1.269 0
1973 1.213 1.211 1.213 1.205 1.212 0
1974 1.175 1.174 1.175 1.167 1.174 0
1975 1.148 1.146 1.147 1.14 1.147 0
1976 1.127 1.126 1.126 1.12 1.125 0
1977 1.111 1.11 1.11 1.104 1.11 0
1978 1.098 1.097 1.097 1.091 1.097 0
1979 1.087 1.086 1.087 1.081 1.087 0
1980 1.078 1.078 1.078 1.072 1.078 0
1981 1.105 1.105 1.104 1.099 1.104 0
1982 1.123 1.123 1.123 1.117 1.123 0
1983 1.134 1.134 1.133 1.128 1.134 0
1984 1.138 1.138 1.137 1.133 1.138 0
1985 1.138 1.139 1.138 1.134 1.138 0
1986 1.136 1.136 1.134 1.13 1.136 0
1987 1.131 1.131 1.13 1.125 1.131 0
1988 1.125 1.125 1.123 1.12 1.125 0
1989 1.118 1.119 1.117 1.115 1.119 0
1990 1.111 1.112 1.11 1.108 1.112 0
1991 1.109 1.11 1.108 1.105 1.11 0
1992 1.109 1.11 1.108 1.105 1.11 0
1993 1.11 1.111 1.109 1.107 1.111 0
1994 1.111 1.113 1.11 1.108 1.113 0
1995 1.112 1.114 1.111 1.109 1.114 0
1996 1.113 1.114 1.111 1.109 1.115 0
1997 1.112 1.114 1.111 1.108 1.115 0
1998 1.111 1.112 1.109 1.107 1.114 0
1999 1.109 1.11 1.107 1.104 1.111 0
2000 1.106 1.116 1.105 1.075 1.109 0
2001 1.103 1.118 1.067 1.117 1.106 0
2002 1.1 1.122 0.989 1.104 1.104 0
2003 1.098 1.105 1.097 1.112 1.101 0
2004 1.096 1.116 1.048 1.081 1.099 0
2005 1.094 1.113 1.007 1.07 1.094 0
2006 1.092 1.118 1.111 1.088 1.094 0
2007 1.09 1.107 1.124 1.112 1.098 0
2008 1.088 1.116 1.123 1.126 1.085 0
2009 1.086 1.095 1.114 1.053 1.095 0
2010 1.084 1.081 1.13 1.104 1.087 0
2011 1.082 1.013 1.094 1.048 1.082 0
2012 1.08 1.092 1.102 1.051 1.088 0
2013 1.077 1.107 0.889 0.84 1.086 0
2014 1.074 1.092 0.826 0.951 1.078 0
2015 1.073 0.867 0.912 0.98 1.075 0
2016 1.071 0.998 0.771 0.851 1.074 0
2017 1.068 0.872 1 1.091 1.07 0
2018 1.066 0.922 1.092 1.047 1.058 0
2019 1.064 1.033 0.931 1.026 1.067 0
2020 1.062 1.073 0.841 1.09 1.059 0
2021 1.06 1.032 1.074 1.022 1.062 0
2022 1.059 0.906 1.069 1.009 1.063 0
2023 1.057 1.026 1.124 1.023 1.056 0
Values for breeding stock: MX_AR
Year RUS+WAL EAL+BER GOA SEA+NBC SBC+WA OR+CA
1970 1.007 0.994 0.977 0.986 1.004 0.947
1971 1.364 1.356 1.363 1.351 1.362 1.35
1972 1.232 1.268 1.27 1.26 1.269 1.259
1973 1.213 1.211 1.213 1.205 1.212 1.204
1974 1.175 1.174 1.175 1.167 1.175 1.163
1975 1.148 1.146 1.147 1.14 1.147 1.136
1976 1.127 1.126 1.126 1.12 1.126 1.116
1977 1.111 1.11 1.11 1.104 1.11 1.1
1978 1.098 1.097 1.097 1.091 1.097 1.087
1979 1.087 1.086 1.087 1.081 1.087 1.077
1980 1.078 1.078 1.078 1.072 1.078 1.067
1981 1.105 1.105 1.105 1.099 1.104 1.094
1982 1.124 1.123 1.123 1.117 1.123 1.113
1983 1.134 1.134 1.133 1.128 1.134 1.124
1984 1.138 1.139 1.137 1.133 1.138 1.13
1985 1.139 1.139 1.138 1.134 1.138 1.131
1986 1.136 1.136 1.134 1.13 1.136 1.129
1987 1.131 1.131 1.13 1.125 1.131 1.125
1988 1.125 1.125 1.124 1.12 1.125 1.119
1989 1.118 1.119 1.117 1.115 1.119 1.115
1990 1.111 1.112 1.11 1.108 1.112 1.11
1991 1.109 1.11 1.108 1.105 1.11 1.106
1992 1.109 1.11 1.108 1.105 1.11 1.106
1993 1.11 1.111 1.109 1.107 1.111 1.109
1994 1.111 1.113 1.11 1.108 1.113 1.112
1995 1.112 1.114 1.111 1.109 1.114 1.113
1996 1.113 1.114 1.111 1.109 1.115 1.115
1997 1.112 1.114 1.111 1.108 1.116 1.116
1998 1.111 1.112 1.109 1.107 1.114 1.115
1999 1.109 1.11 1.107 1.104 1.111 1.114
2000 1.106 1.116 1.105 1.075 1.109 1.114
2001 1.103 1.118 1.067 1.117 1.106 1.112
2002 1.1 1.122 0.989 1.104 1.104 1.11
2003 1.098 1.105 1.097 1.112 1.101 1.108
2004 1.096 1.116 1.048 1.081 1.099 1.108
2005 1.094 1.113 1.007 1.07 1.094 1.106
2006 1.092 1.119 1.111 1.088 1.094 1.105
2007 1.09 1.107 1.124 1.112 1.098 1.107
2008 1.088 1.116 1.123 1.126 1.085 1.111
2009 1.086 1.095 1.114 1.053 1.095 1.11
2010 1.084 1.081 1.13 1.104 1.087 1.104
2011 1.082 1.014 1.094 1.048 1.082 1.107
2012 1.08 1.092 1.102 1.051 1.088 1.106
2013 1.077 1.107 0.889 0.84 1.086 1.106
2014 1.075 1.092 0.826 0.951 1.078 1.094
2015 1.073 0.867 0.912 0.98 1.075 1.079
2016 1.071 0.998 0.771 0.851 1.074 1.068
2017 1.068 0.872 1 1.091 1.07 1.088
2018 1.066 0.922 1.092 1.047 1.058 1.077
2019 1.064 1.033 0.931 1.026 1.068 1.086
2020 1.062 1.073 0.841 1.09 1.059 1.091
2021 1.06 1.032 1.074 1.022 1.062 1.084
2022 1.059 0.906 1.069 1.009 1.063 1.084
2023 1.057 1.026 1.124 1.023 1.056 1.082
Values for breeding stock: MX_ML
Year RUS+WAL EAL+BER GOA SEA+NBC SBC+WA OR+CA
1970 0.998 0.986 0.969 0.977 0.995 0.938
1971 1.354 1.346 1.353 1.341 1.352 1.34
1972 1.224 1.259 1.261 1.252 1.26 1.251
1973 1.206 1.204 1.206 1.198 1.205 1.197
1974 1.169 1.167 1.168 1.161 1.168 1.156
1975 1.141 1.14 1.141 1.134 1.141 1.13
1976 1.121 1.12 1.12 1.114 1.12 1.11
1977 1.105 1.105 1.105 1.099 1.104 1.095
1978 1.092 1.092 1.092 1.086 1.092 1.082
1979 1.082 1.081 1.081 1.076 1.081 1.072
1980 1.073 1.072 1.072 1.067 1.073 1.062
1981 1.1 1.099 1.099 1.094 1.099 1.089
1982 1.118 1.118 1.117 1.112 1.117 1.107
1983 1.129 1.129 1.128 1.123 1.128 1.119
1984 1.133 1.133 1.132 1.128 1.133 1.125
1985 1.134 1.134 1.133 1.129 1.133 1.126
1986 1.131 1.131 1.13 1.126 1.131 1.124
1987 1.126 1.127 1.125 1.12 1.126 1.12
1988 1.12 1.121 1.119 1.116 1.121 1.115
1989 1.114 1.115 1.113 1.111 1.115 1.111
1990 1.107 1.108 1.106 1.104 1.108 1.106
1991 1.105 1.106 1.104 1.101 1.106 1.102
1992 1.105 1.106 1.104 1.101 1.106 1.103
1993 1.106 1.107 1.105 1.103 1.107 1.105
1994 1.108 1.109 1.106 1.104 1.109 1.108
1995 1.109 1.11 1.107 1.105 1.11 1.11
1996 1.109 1.111 1.108 1.105 1.111 1.112
1997 1.109 1.111 1.107 1.105 1.112 1.112
1998 1.108 1.109 1.106 1.103 1.111 1.112
1999 1.106 1.107 1.104 1.101 1.108 1.11
2000 1.103 1.112 1.102 1.072 1.106 1.111
2001 1.1 1.115 1.064 1.114 1.103 1.108
2002 1.097 1.119 0.986 1.101 1.101 1.107
2003 1.095 1.102 1.094 1.109 1.099 1.106
2004 1.093 1.113 1.045 1.079 1.097 1.105
2005 1.09 1.109 1.004 1.067 1.091 1.103
2006 1.089 1.116 1.109 1.086 1.091 1.103
2007 1.088 1.104 1.121 1.11 1.095 1.104
2008 1.086 1.113 1.12 1.123 1.082 1.108
2009 1.084 1.092 1.111 1.05 1.092 1.107
2010 1.082 1.078 1.127 1.102 1.084 1.101
2011 1.079 1.011 1.091 1.046 1.079 1.104
2012 1.077 1.089 1.099 1.048 1.086 1.103
2013 1.075 1.105 0.887 0.838 1.083 1.103
2014 1.072 1.089 0.824 0.949 1.075 1.091
2015 1.07 0.865 0.91 0.977 1.072 1.076
2016 1.068 0.995 0.769 0.849 1.071 1.065
2017 1.065 0.87 0.998 1.088 1.067 1.085
2018 1.063 0.92 1.089 1.044 1.055 1.074
2019 1.061 1.03 0.928 1.024 1.065 1.084
2020 1.057 1.068 0.837 1.086 1.054 1.086
2021 1.058 1.03 1.072 1.02 1.06 1.082
2022 1.057 0.905 1.067 1.008 1.061 1.082
2023 1.054 1.023 1.121 1.02 1.053 1.079
Values for breeding stock: Central_Am
Year RUS+WAL EAL+BER GOA SEA+NBC SBC+WA OR+CA
1970 0 0 0 0 0.995 0.938
1971 0 0 0 0 1.352 1.341
1972 0 0 0 0 1.261 1.252
1973 0 0 0 0 1.204 1.196
1974 0 0 0 0 1.167 1.156
1975 0 0 0 0 1.141 1.13
1976 0 0 0 0 1.12 1.11
1977 0 0 0 0 1.104 1.095
1978 0 0 0 0 1.091 1.081
1979 0 0 0 0 1.081 1.071
1980 0 0 0 0 1.072 1.062
1981 0 0 0 0 1.099 1.089
1982 0 0 0 0 1.117 1.107
1983 0 0 0 0 1.128 1.118
1984 0 0 0 0 1.133 1.125
1985 0 0 0 0 1.133 1.126
1986 0 0 0 0 1.131 1.124
1987 0 0 0 0 1.126 1.12
1988 0 0 0 0 1.12 1.115
1989 0 0 0 0 1.114 1.11
1990 0 0 0 0 1.108 1.106
1991 0 0 0 0 1.106 1.102
1992 0 0 0 0 1.106 1.102
1993 0 0 0 0 1.107 1.105
1994 0 0 0 0 1.109 1.108
1995 0 0 0 0 1.11 1.109
1996 0 0 0 0 1.111 1.112
1997 0 0 0 0 1.112 1.112
1998 0 0 0 0 1.111 1.112
1999 0 0 0 0 1.108 1.11
2000 0 0 0 0 1.106 1.111
2001 0 0 0 0 1.103 1.108
2002 0 0 0 0 1.101 1.107
2003 0 0 0 0 1.098 1.105
2004 0 0 0 0 1.096 1.105
2005 0 0 0 0 1.091 1.103
2006 0 0 0 0 1.091 1.102
2007 0 0 0 0 1.095 1.104
2008 0 0 0 0 1.082 1.108
2009 0 0 0 0 1.092 1.107
2010 0 0 0 0 1.084 1.101
2011 0 0 0 0 1.079 1.104
2012 0 0 0 0 1.086 1.104
2013 0 0 0 0 1.083 1.104
2014 0 0 0 0 1.076 1.092
2015 0 0 0 0 1.073 1.077
2016 0 0 0 0 1.072 1.066
2017 0 0 0 0 1.067 1.086
2018 0 0 0 0 1.055 1.075
2019 0 0 0 0 1.066 1.085
2020 0 0 0 0 1.056 1.088
2021 0 0 0 0 1.06 1.081
2022 0 0 0 0 1.061 1.082
2023 0 0 0 0 1.054 1.08

Numbers over time by herd
Values for breeding stock: Asia
Year RUS+WAL EAL+BER GOA SEA+NBC SBC+WA OR+CA
1970 54 9 0 0 0 0
1971 72 12 0 0 0 0
1972 83 14 0 0 0 0
1973 96 16 0 0 0 0
1974 108 18 0 0 0 0
1975 119 20 0 0 0 0
1976 129 21 0 0 0 0
1977 139 23 0 0 0 0
1978 148 24 0 0 0 0
1979 156 26 0 0 0 0
1980 163 27 0 0 0 0
1981 175 29 0 0 0 0
1982 191 31 0 0 0 0
1983 209 34 0 0 0 0
1984 230 38 0 0 0 0
1985 253 41 0 0 0 0
1986 278 45 0 0 0 0
1987 303 50 0 0 0 0
1988 330 54 0 0 0 0
1989 357 58 0 0 0 0
1990 384 63 0 0 0 0
1991 413 68 0 0 0 0
1992 444 73 0 0 0 0
1993 477 79 0 0 0 0
1994 514 85 0 0 0 0
1995 554 91 0 0 0 0
1996 598 99 0 0 0 0
1997 644 106 0 0 0 0
1998 693 115 0 0 0 0
1999 745 123 0 0 0 0
2000 798 132 0 0 0 0
2001 854 143 0 0 0 0
2002 910 155 0 0 0 0
2003 969 168 0 0 0 0
2004 1029 179 0 0 0 0
2005 1092 194 0 0 0 0
2006 1156 209 0 0 0 0
2007 1223 226 0 0 0 0
2008 1290 242 0 0 0 0
2009 1359 262 0 0 0 0
2010 1429 276 0 0 0 0
2011 1499 288 0 0 0 0
2012 1568 280 0 0 0 0
2013 1627 299 0 0 0 0
2014 1709 322 0 0 0 0
2015 1730 331 0 0 0 0
2016 1800 271 0 0 0 0
2017 1869 269 0 0 0 0
2018 1933 223 0 0 0 0
2019 2007 203 0 0 0 0
2020 2058 205 0 0 0 0
2021 2106 213 0 0 0 0
2022 2151 210 0 0 0 0
2023 2191 180 0 0 0 0
Values for breeding stock: Hawaii
Year RUS+WAL EAL+BER GOA SEA+NBC SBC+WA OR+CA
1970 15 130 78 306 21 0
1971 20 175 106 410 28 0
1972 24 211 127 491 34 0
1973 27 246 148 568 40 0
1974 31 278 168 640 45 0
1975 35 309 187 707 50 0
1976 38 338 205 770 55 0
1977 41 366 222 829 60 0
1978 44 393 238 885 64 0
1979 47 418 253 936 68 0
1980 50 441 267 984 72 0
1981 54 478 290 1061 78 0
1982 59 525 318 1159 85 0
1983 65 581 351 1276 94 0
1984 72 644 389 1408 105 0
1985 80 714 431 1554 116 0
1986 89 790 476 1711 128 0
1987 98 870 524 1874 141 0
1988 107 954 573 2045 155 0
1989 117 1041 625 2224 169 0
1990 127 1130 677 2404 183 0
1991 137 1224 732 2595 198 0
1992 148 1327 792 2801 215 0
1993 161 1441 858 3029 233 0
1994 175 1565 930 3277 254 0
1995 190 1702 1009 3549 276 0
1996 206 1851 1095 3841 300 0
1997 224 2013 1187 4155 326 0
1998 243 2185 1285 4489 355 0
1999 263 2368 1389 4839 385 0
2000 284 2560 1497 5207 417 0
2001 305 2784 1611 5430 450 0
2002 328 3033 1667 5958 485 0
2003 352 3319 1595 6382 522 0
2004 377 3565 1739 6932 560 0
2005 402 3888 1759 7276 599 0
2006 429 4215 1724 7599 640 0
2007 457 4605 1898 8101 686 0
2008 486 4963 2078 8816 727 0
2009 516 5409 2273 9687 778 0
2010 547 5750 2465 9812 826 0
2011 579 6058 2718 10694 872 0
2012 610 5940 2874 10841 928 0
2013 642 6419 3095 11124 984 0
2014 675 6924 2611 8889 1037 0
2015 707 7354 2105 8416 1089 0
2016 740 6058 1907 8085 1143 0
2017 772 6042 1420 6635 1195 0
2018 805 5059 1433 7323 1234 0
2019 837 4606 1539 7365 1288 0
2020 869 4714 1367 7360 1332 0
2021 900 4944 1111 7896 1383 0
2022 931 4934 1212 7777 1436 0
2023 961 4304 1243 7640 1481 0
Values for breeding stock: MX_AR
Year RUS+WAL EAL+BER GOA SEA+NBC SBC+WA OR+CA
1970 9 46 18 9 2 7
1971 12 62 25 12 3 9
1972 14 75 30 15 3 11
1973 17 87 35 17 4 13
1974 19 99 39 19 4 14
1975 21 110 44 21 5 16
1976 23 120 48 23 5 17
1977 25 130 52 25 6 18
1978 27 140 56 27 6 20
1979 29 148 59 28 6 21
1980 30 157 63 30 7 22
1981 33 170 68 32 7 23
1982 36 187 74 35 8 25
1983 40 206 82 39 9 28
1984 44 229 91 43 10 30
1985 49 254 101 47 11 33
1986 54 281 111 52 12 37
1987 60 309 123 57 13 40
1988 66 339 134 62 15 44
1989 71 370 146 67 16 48
1990 77 401 158 73 17 52
1991 84 435 171 79 19 56
1992 91 472 185 85 20 60
1993 99 512 201 92 22 65
1994 107 556 218 99 24 71
1995 116 605 236 108 26 77
1996 126 658 256 117 29 84
1997 137 716 278 126 31 91
1998 149 777 301 136 34 99
1999 161 842 325 147 37 107
2000 174 910 351 158 40 117
2001 187 990 377 165 43 126
2002 201 1078 390 181 46 137
2003 215 1180 373 194 50 148
2004 231 1267 407 210 53 160
2005 246 1382 412 221 57 173
2006 263 1499 404 231 61 186
2007 280 1637 444 246 65 201
2008 298 1764 487 268 69 218
2009 316 1923 532 294 74 237
2010 335 2044 577 298 79 255
2011 354 2154 637 325 83 275
2012 374 2112 673 329 88 297
2013 393 2282 725 338 94 321
2014 413 2463 612 270 99 343
2015 433 2615 493 256 104 361
2016 453 2155 447 245 109 376
2017 473 2149 333 201 114 400
2018 493 1799 336 222 118 420
2019 513 1638 361 224 123 446
2020 532 1677 320 224 127 475
2021 551 1759 260 240 132 503
2022 570 1755 284 236 137 533
2023 589 1531 291 232 141 563
Values for breeding stock: MX_ML
Year RUS+WAL EAL+BER GOA SEA+NBC SBC+WA OR+CA
1970 5 28 6 10 8 63
1971 7 38 8 13 11 84
1972 8 45 9 16 14 100
1973 10 53 11 18 16 115
1974 11 59 12 21 18 128
1975 12 65 13 23 20 141
1976 13 71 14 25 21 152
1977 14 77 16 26 23 162
1978 15 82 17 28 25 171
1979 16 87 18 29 26 180
1980 17 91 18 31 27 187
1981 18 98 20 33 29 200
1982 20 107 22 36 32 216
1983 22 118 24 39 35 236
1984 24 131 26 43 39 258
1985 27 144 29 47 43 283
1986 29 159 32 52 47 310
1987 32 174 35 57 52 338
1988 35 190 38 62 57 367
1989 38 207 42 67 62 397
1990 41 224 45 72 67 428
1991 44 242 48 77 72 461
1992 48 261 52 83 78 496
1993 52 282 56 90 84 535
1994 56 306 61 97 91 578
1995 61 331 66 104 99 626
1996 66 359 71 113 107 679
1997 71 389 77 122 116 737
1998 77 421 83 131 126 799
1999 83 455 89 141 136 865
2000 89 491 96 151 147 937
2001 96 532 103 157 158 1013
2002 103 579 106 172 170 1094
2003 110 632 101 184 183 1181
2004 117 677 110 199 196 1273
2005 125 736 111 208 208 1370
2006 133 796 109 217 222 1474
2007 141 868 120 231 238 1589
2008 150 933 131 251 251 1719
2009 159 1014 143 275 268 1857
2010 168 1076 154 278 284 1996
2011 177 1130 170 302 299 2151
2012 186 1106 179 305 318 2317
2013 196 1192 192 312 336 2496
2014 205 1283 162 249 353 2658
2015 214 1359 130 235 370 2792
2016 223 1116 118 225 387 2903
2017 233 1110 87 184 404 3077
2018 242 927 88 203 416 3226
2019 251 842 94 204 433 3415
2020 259 858 83 203 446 3623
2021 268 898 68 217 462 3828
2022 277 895 74 213 479 4046
2023 285 778 75 209 492 4262
Values for breeding stock: Central_Am
Year RUS+WAL EAL+BER GOA SEA+NBC SBC+WA OR+CA
1970 0 0 0 0 2 29
1971 0 0 0 0 3 39
1972 0 0 0 0 3 46
1973 0 0 0 0 4 53
1974 0 0 0 0 5 59
1975 0 0 0 0 5 64
1976 0 0 0 0 5 69
1977 0 0 0 0 6 74
1978 0 0 0 0 6 78
1979 0 0 0 0 7 82
1980 0 0 0 0 7 85
1981 0 0 0 0 7 91
1982 0 0 0 0 8 99
1983 0 0 0 0 9 108
1984 0 0 0 0 10 118
1985 0 0 0 0 11 129
1986 0 0 0 0 12 141
1987 0 0 0 0 13 154
1988 0 0 0 0 14 167
1989 0 0 0 0 16 181
1990 0 0 0 0 17 195
1991 0 0 0 0 18 210
1992 0 0 0 0 20 226
1993 0 0 0 0 21 243
1994 0 0 0 0 23 263
1995 0 0 0 0 25 285
1996 0 0 0 0 27 309
1997 0 0 0 0 29 335
1998 0 0 0 0 32 363
1999 0 0 0 0 34 393
2000 0 0 0 0 37 426
2001 0 0 0 0 40 461
2002 0 0 0 0 43 498
2003 0 0 0 0 46 537
2004 0 0 0 0 50 579
2005 0 0 0 0 53 623
2006 0 0 0 0 56 670
2007 0 0 0 0 60 722
2008 0 0 0 0 64 781
2009 0 0 0 0 68 844
2010 0 0 0 0 72 907
2011 0 0 0 0 76 978
2012 0 0 0 0 80 1054
2013 0 0 0 0 85 1135
2014 0 0 0 0 90 1210
2015 0 0 0 0 94 1272
2016 0 0 0 0 98 1323
2017 0 0 0 0 103 1403
2018 0 0 0 0 106 1472
2019 0 0 0 0 110 1561
2020 0 0 0 0 114 1658
2021 0 0 0 0 118 1752
2022 0 0 0 0 122 1851
2023 0 0 0 0 126 1952

Catch numbers by breeding stock
Year Asia Hawaii MX_AR MX_ML Central_Am
1970 0.9 0 0 1.1 0.3
1971 0.9 0 0 1.2 0.3
1972 1 0 0 1.3 0.3
1973 1.1 0 0 1.3 0.4
1974 1.2 0.1 0 1.4 0.4
1975 1.2 0.1 0 1.5 0.4
1976 1.3 0.1 0 1.6 0.4
1977 1.4 0.1 0 1.6 0.4
1978 1.5 0.1 0 1.7 0.5
1979 1.6 0.1 0 1.8 0.5
1980 1.8 0.1 0 1.9 0.5
1981 1.9 0.1 0 2 0.5
1982 2 0.1 0 2.1 0.6
1983 2.2 0.1 0 2.2 0.6
1984 2.3 0.1 0 2.4 0.6
1985 2.5 0.1 0 2.5 0.7
1986 2.6 0.1 0 2.6 0.7
1987 2.8 0.1 0 2.8 0.7
1988 3 0.1 0 2.9 0.8
1989 3.2 0.1 0 3.1 0.8
1990 3.5 0.2 0 3.2 0.8
1991 3.7 0.2 0 3.4 0.9
1992 4 0.2 0 3.6 0.9
1993 4.3 0.2 0 3.8 1
1994 4.6 0.2 0 4 1
1995 4.9 0.2 0 4.2 1.1
1996 5.2 0.2 0 4.4 1.1
1997 5.6 0.2 0 4.7 1.2
1998 6 0.2 0 4.9 1.2
1999 6.4 0.2 0 5.2 1.3
2000 6.9 0.3 0 5.5 1.4
2001 7.3 0.3 0 5.8 1.4
2002 7.9 0 0 5.8 1.5
2003 8.4 0 0 5.8 1.6
2004 9 0 0 6.7 1.7
2005 9.6 0 0 8.1 1.8
2006 10.3 1 0 6.8 1.8
2007 11.1 0 0 7.7 1.9
2008 11.8 0 0 7.9 2
2009 12.7 0 0 9 2.1
2010 13.6 0 0 9.3 2.2
2011 14.5 0.8 0 10.6 2.4
2012 15.5 0 0 10.9 2.5
2013 28 0 0 10.8 2.6
2014 0 5 0 13 2.7
2015 72 0 0 14.2 2.9
2016 12 0.1 0 14.2 3
2017 12 0.1 0 13.4 3.2
2018 16 0.1 0 13.4 3.3
2019 4 0.4 0 13.4 1.7
2020 26.8 0.4 0 23.8 5
2021 28.6 0.4 0 12.8 4.7
2022 30.7 0.4 0 10.5 3.7
2023 32.8 0.4 0 18.4 4.2

Catch numbers by feeding ground
Year RUS+WAL EAL+BER GOA SEA+NBC SBC+WA OR+CA
1970 0 2.7 3.1 6.8 0.1 6.4
1971 0 1.8 0.1 4 0.1 1.5
1972 4 0.8 0.1 4.1 0.1 1.6
1973 0 0.8 0.1 4.3 0.1 1.7
1974 0 0.8 0.1 4.5 0.1 2.5
1975 0 0.8 0.2 4.7 0.1 2.7
1976 0 0.8 0.2 4.9 0.2 2.9
1977 0 0.8 0.2 5.2 0.2 3.1
1978 0 0.8 0.2 5.4 0.2 3.3
1979 0 1 0.2 5.6 0.2 3.5
1980 0 1 0.2 5.9 0.2 3.9
1981 0 1 0.3 6.1 0.3 4.2
1982 0 1 0.4 6.5 0.3 4.5
1983 0 1 0.4 6.7 0.3 4.8
1984 0 1 0.5 7.1 0.4 4.6
1985 0 1 0.5 6.7 0.4 5
1986 0 1 0.7 7.8 0.4 5.4
1987 0 1 0.7 10 0.5 5.8
1988 0 1.1 0.8 8.5 0.5 6.3
1989 0 0.9 0.8 6.1 0.6 6.1
1990 0 1 0.8 7.4 0.7 5.8
1991 0 1 0.9 8.2 0.7 7.6
1992 0 1.1 0.9 9.8 0.8 8.3
1993 0 1.1 1 7.1 0.9 8.6
1994 0 1.2 1 9.3 1 8.8
1995 0 1.2 1 9.3 1.1 9.6
1996 0 1.2 1.1 12.7 1.2 9.9
1997 0 1.2 1.3 12.7 0.9 10.7
1998 0 3 1.4 14.7 1.2 12
1999 0 2.6 1.4 17.4 1.7 13.5
2000 0 1.2 1.5 14.1 1.5 11.6
2001 0 1.2 1.8 16.4 1.7 13.4
2002 0 2.4 1.9 13.8 1.9 13.7
2003 0 1.4 2 18.9 2.3 16
2004 0 1.4 2.3 22 2.5 15.9
2005 0 1.6 2.3 23.3 5.8 20.1
2006 0 1.6 2.4 22.7 5.3 22.1
2007 0 0.1 7.3 18.4 0 18.1
2008 0 0.1 4.3 19.7 12.4 8.8
2009 0 0.1 4.3 24.1 0 9.8
2010 0 6.1 0.8 44.5 7 24.5
2011 0 3.1 4 28.4 11 11.9
2012 0 4.1 8.8 11.6 0 10
2013 0 0.1 4 31.6 0 4.7
2014 0 0.1 11.8 43.7 7 45.2
2015 0 4.1 12 51 9.1 103.4
2016 0 4.1 4.8 34.8 7.1 150.3
2017 0 4.1 2.1 16.3 11.1 60.3
2018 0 1.1 4 26.6 30.1 111.1
2019 0 4.1 6 27.3 9.1 61
2020 0 1.1 0 24 23 31.2
2021 0 2.2 7 33.7 13 62.4
2022 0 4.3 0.8 22.3 8 56
2023 0 3.6 9.1 40.1 19.2 59.7
