Stock structure: B2F1; Model type = BC
Mortality impacts feeding grounds
Recuitment related to unfished
Staying rate: 0
Age-at-matrity: 8
Base adult survival: 0
Sigma for survival devs: 6
Additional variance estimated
Weight for mark-recapture proportions: 1
Weight for genetics proportions: 1


Total objective fn: 333.558709119402
Negative log-likelihood fn: 231.109685246942

Natural Survival by feeding ground
RUS+WAL,EAL+BER,GOA,SEA+NBC,SBC+WA,OR+CA
1970 0.96 0.96 0.96 0.96 0.96 0.96
1971 0.96 0.96 0.96 0.96 0.96 0.96
1972 0.96 0.96 0.96 0.96 0.96 0.96
1973 0.96 0.96 0.96 0.96 0.96 0.96
1974 0.96 0.96 0.96 0.96 0.96 0.96
1975 0.96 0.96 0.96 0.96 0.96 0.96
1976 0.96 0.96 0.96 0.96 0.96 0.96
1977 0.96 0.96 0.96 0.96 0.96 0.96
1978 0.96 0.96 0.96 0.96 0.96 0.96
1979 0.96 0.96 0.96 0.96 0.96 0.96
1980 0.96 0.96 0.96 0.96 0.96 0.96
1981 0.96 0.96 0.96 0.96 0.96 0.96
1982 0.96 0.96 0.96 0.96 0.96 0.96
1983 0.96 0.96 0.96 0.96 0.96 0.96
1984 0.96 0.96 0.96 0.96 0.96 0.96
1985 0.96 0.96 0.96 0.96 0.96 0.96
1986 0.96 0.96 0.96 0.96 0.96 0.96
1987 0.96 0.96 0.96 0.96 0.96 0.96
1988 0.96 0.96 0.96 0.96 0.96 0.96
1989 0.96 0.96 0.96 0.96 0.96 0.96
1990 0.96 0.96 0.96 0.96 0.96 0.96
1991 0.96 0.96 0.96 0.96 0.96 0.96
1992 0.96 0.96 0.96 0.96 0.96 0.96
1993 0.96 0.96 0.96 0.96 0.96 0.96
1994 0.96 0.96 0.96 0.96 0.96 0.96
1995 0.96 0.96 0.96 0.96 0.96 0.96
1996 0.96 0.96 0.96 0.96 0.96 0.96
1997 0.96 0.96 0.96 0.96 0.96 0.96
1998 0.96 0.96 0.96 0.96 0.96 0.96
1999 0.96 0.96 0.96 0.96 0.96 0.96
2000 0.9505648 0.9832134 0.9565564 0.9530586 0.9368368 0.9678449
2001 0.9497622 0.9834821 0.9542378 0.969129 0.958016 0.9755143
2002 0.9477428 0.9835876 0.9535081 0.9754424 0.9654609 0.9815015
2003 0.9339524 0.9816802 0.779799 0.9688515 0.967918 0.9822206
2004 0.9478759 0.9819968 0.9344217 0.9810898 0.9678953 0.9811587
2005 0.9596628 0.978233 0.9708062 0.9288847 0.9732429 0.9647484
2006 0.9656783 0.9769698 0.9735741 0.9765754 0.974356 0.8521368
2007 0.9635886 0.9702967 0.9753377 0.9194351 0.9728338 0.9453842
2008 0.9618193 0.9657426 0.9584975 0.983826 0.9705643 0.9415171
2009 0.9601591 0.9436608 0.943444 0.9537743 0.9678251 0.950465
2010 0.9626864 0.9638434 0.9539995 0.9798158 0.9687129 0.9552306
2011 0.9625979 0.9644438 0.9661735 0.9106821 0.9681232 0.9404695
2012 0.9603738 0.9512828 0.9143894 0.9764626 0.9647008 0.9631277
2013 0.9616318 0.9592341 0.9639209 0.8036957 0.9603453 0.9802775
2014 0.9613152 0.9554274 0.6911251 0.7777999 0.9575256 0.9866451
2015 0.9576692 0.8909377 0.5388723 0.8910105 0.9501316 0.9880229
2016 0.9552858 0.8538241 0.9281371 0.7562346 0.9511685 0.9846387
2017 0.9552294 0.7836019 0.938121 0.8734509 0.9580068 0.9819158
2018 0.9552012 0.7868268 0.9453267 0.9521743 0.9596655 0.9742465
2019 0.95769 0.9420518 0.9554858 0.9282115 0.9624948 0.9647083
2020 0.9589144 0.9488793 0.9537162 0.7840263 0.9643642 0.9748012
2021 0.9599991 0.9599969 0.9599996 0.9599995 0.9633824 0.9440134
2022 0.9599996 0.9599985 0.9599998 0.9599997 0.9613833 0.9528954
2023 0.96 0.96 0.96 0.96 0.96 0.96

Naturak Survival by breeding stock
RUS+WAL,EAL+BER,GOA,SEA+NBC,SBC+WA,OR+CA
1970 0.96 0.96 0.96 0.96 0.96
1971 0.96 0.96 0.96 0.96 0.96
1972 0.96 0.96 0.96 0.96 0.96
1973 0.96 0.96 0.96 0.96 0.96
1974 0.96 0.96 0.96 0.96 0.96
1975 0.96 0.96 0.96 0.96 0.96
1976 0.96 0.96 0.96 0.96 0.96
1977 0.96 0.96 0.96 0.96 0.96
1978 0.96 0.96 0.96 0.96 0.96
1979 0.96 0.96 0.96 0.96 0.96
1980 0.96 0.96 0.96 0.96 0.96
1981 0.96 0.96 0.96 0.96 0.96
1982 0.96 0.96 0.96 0.96 0.96
1983 0.96 0.96 0.96 0.96 0.96
1984 0.96 0.96 0.96 0.96 0.96
1985 0.96 0.96 0.96 0.96 0.96
1986 0.96 0.96 0.96 0.96 0.96
1987 0.96 0.96 0.96 0.96 0.96
1988 0.96 0.96 0.96 0.96 0.96
1989 0.96 0.96 0.96 0.96 0.96
1990 0.96 0.96 0.96 0.96 0.96
1991 0.96 0.96 0.96 0.96 0.96
1992 0.96 0.96 0.96 0.96 0.96
1993 0.96 0.96 0.96 0.96 0.96
1994 0.96 0.96 0.96 0.96 0.96
1995 0.96 0.96 0.96 0.96 0.96
1996 0.96 0.96 0.96 0.96 0.96
1997 0.96 0.96 0.96 0.96 0.96
1998 0.96 0.96 0.96 0.96 0.96
1999 0.96 0.96 0.96 0.96 0.96
2000 0.96 0.96 0.96 0.96 0.96
2001 0.96 0.96 0.96 0.96 0.96
2002 0.96 0.96 0.96 0.96 0.96
2003 0.96 0.96 0.96 0.96 0.96
2004 0.96 0.96 0.96 0.96 0.96
2005 0.96 0.96 0.96 0.96 0.96
2006 0.96 0.96 0.96 0.96 0.96
2007 0.96 0.96 0.96 0.96 0.96
2008 0.96 0.96 0.96 0.96 0.96
2009 0.96 0.96 0.96 0.96 0.96
2010 0.96 0.96 0.96 0.96 0.96
2011 0.96 0.96 0.96 0.96 0.96
2012 0.96 0.96 0.96 0.96 0.96
2013 0.96 0.96 0.96 0.96 0.96
2014 0.96 0.96 0.96 0.96 0.96
2015 0.96 0.96 0.96 0.96 0.96
2016 0.96 0.96 0.96 0.96 0.96
2017 0.96 0.96 0.96 0.96 0.96
2018 0.96 0.96 0.96 0.96 0.96
2019 0.96 0.96 0.96 0.96 0.96
2020 0.96 0.96 0.96 0.96 0.96
2021 0.96 0.96 0.96 0.96 0.96
2022 0.96 0.96 0.96 0.96 0.96
2023 0.96 0.96 0.96 0.96 0.96

Fecundity by feeding ground
RUS+WAL,EAL+BER,GOA,SEA+NBC,SBC+WA,OR+CA
1970 0.9626426 0.9623408 0.9607608 0.9587623 0.9630719 0.9669378
1971 0.9627009 0.9624031 0.960771 0.9588698 0.9631058 0.9670162
1972 0.9607426 0.9600506 0.9580099 0.9557705 0.9609182 0.9658036
1973 0.958659 0.9578022 0.9553621 0.9528305 0.958829 0.9646691
1974 0.9566879 0.9556609 0.9528335 0.9500548 0.9568399 0.9636342
1975 0.9548176 0.9536202 0.9504247 0.9474327 0.9549451 0.962676
1976 0.9530489 0.9516757 0.9481246 0.9449559 0.9531602 0.9617902
1977 0.9513772 0.9498219 0.9459278 0.9426194 0.9514615 0.9609712
1978 0.9497983 0.9480552 0.9438298 0.9404138 0.9498472 0.9602211
1979 0.9483083 0.9463784 0.9418264 0.9383323 0.9483121 0.9595333
1980 0.9469106 0.9447818 0.9399131 0.936372 0.9468523 0.9589128
1981 0.9455913 0.9432599 0.9380926 0.9345196 0.9454829 0.9583482
1982 0.9437606 0.9411729 0.9356154 0.9319562 0.9435934 0.9575295
1983 0.9414767 0.9385733 0.9325351 0.9287482 0.941232 0.9564861
1984 0.938785 0.9355148 0.9289218 0.9249761 0.9384698 0.9552315
1985 0.9357401 0.9320473 0.9248283 0.9206855 0.9353358 0.9538163
1986 0.9323804 0.9282176 0.9203247 0.9159847 0.9318724 0.9522625
1987 0.9287544 0.924071 0.9154516 0.9109697 0.9281416 0.9505947
1988 0.9249008 0.9196514 0.9102652 0.9055891 0.9241636 0.9488394
1989 0.920856 0.9149887 0.9048055 0.8998614 0.9199935 0.9469873
1990 0.9166598 0.9101282 0.8991162 0.8939414 0.9156649 0.9450477
1991 0.9123356 0.9050998 0.8932433 0.8878588 0.911191 0.9431185
1992 0.9077699 0.8997729 0.8870254 0.8814751 0.9064668 0.9410976
1993 0.9028624 0.8940317 0.8803394 0.8745251 0.9013919 0.9389233
1994 0.8975329 0.8877884 0.8730756 0.8670446 0.8958829 0.9365482
1995 0.8917196 0.8809697 0.8651555 0.8588918 0.8898782 0.9339669
1996 0.8853777 0.8735243 0.8565308 0.8501146 0.8833306 0.9311349
1997 0.8784852 0.86542 0.8471757 0.8405849 0.8761323 0.9280599
1998 0.8710269 0.856698 0.8370697 0.8303509 0.8683792 0.9247473
1999 0.8630009 0.8472894 0.8262103 0.8194464 0.8601159 0.9212077
2000 0.8544232 0.8371718 0.8146255 0.8077181 0.8512173 0.9173144
2001 0.8470947 0.8210906 0.8032373 0.7971916 0.8461989 0.9124757
2002 0.8394277 0.804021 0.7918038 0.7813767 0.8364307 0.9065361
2003 0.8317801 0.7855159 0.7799581 0.7630219 0.8248009 0.8995413
2004 0.8267162 0.766147 0.8121743 0.7459431 0.8119707 0.8918587
2005 0.8180656 0.7451681 0.8021456 0.7232089 0.7989905 0.8837734
2006 0.8062698 0.7240217 0.7845221 0.7191026 0.7834818 0.8773795
2007 0.7923548 0.7017895 0.7659956 0.6948785 0.7655134 0.8854424
2008 0.7782893 0.680941 0.745526 0.6939397 0.7493107 0.8795383
2009 0.7639273 0.6608433 0.7299764 0.6639968 0.7303363 0.8749277
2010 0.7493062 0.6501281 0.7187714 0.6487902 0.7125508 0.8691642
2011 0.7331336 0.6282205 0.7030131 0.6190271 0.6945024 0.8618184
2012 0.7163388 0.6051087 0.6820695 0.6233843 0.6734017 0.8564743
2013 0.700589 0.5882333 0.6824625 0.5923164 0.6526189 0.8460614
2014 0.6818551 0.5659819 0.6622253 0.6492223 0.6344473 0.8330157
2015 0.6675078 0.5459597 0.7479704 0.7044966 0.6173026 0.8199201
2016 0.6500437 0.5633173 0.8448525 0.7075591 0.6028947 0.8074277
2017 0.6326976 0.5975027 0.8285241 0.7574266 0.5880085 0.7922224
2018 0.6150052 0.6586511 0.8192521 0.7621457 0.5726549 0.7782834
2019 0.5958943 0.7053064 0.8086555 0.7425927 0.551777 0.7637777
2020 0.5766634 0.6838735 0.7950121 0.7336577 0.5316612 0.7504056
2021 0.5564837 0.6629554 0.782126 0.771304 0.5080618 0.7332957
2022 0.5354742 0.6372165 0.7664306 0.7486329 0.4838452 0.7263355
2023 0.5145176 0.612118 0.7513723 0.7299819 0.463656 0.7151865

Total abundance: Estimate SD_log
1970 1142.941 0.0522612
1971 1438.541 0.04711706
1972 1680.523 0.04435609
1973 1906.159 0.04258586
1974 2123.801 0.04125988
1975 2329.191 0.04030173
1976 2523.606 0.03958155
1977 2707.47 0.03903082
1978 2881.38 0.03860269
1979 3045.696 0.03826828
1980 3200.746 0.03800778
1981 3428.402 0.03722099
1982 3708.615 0.03622487
1983 4035.107 0.03517534
1984 4402.604 0.03417186
1985 4806.033 0.03326982
1986 5240.914 0.03248948
1987 5701.201 0.03184163
1988 6181.393 0.03132109
1989 6681.283 0.03089237
1990 7199.505 0.03053174
1991 7749.324 0.03021622
1992 8340.326 0.02994494
1993 8981.409 0.02972298
1994 9683.995 0.02954709
1995 10447.94 0.02944647
1996 11277.63 0.02942565
1997 12171.15 0.02949666
1998 13131.05 0.02965041
1999 14150.75 0.02989195
2000 15228.19 0.03020959
2001 16431.77 0.03014951
2002 17865.72 0.02982856
2003 19473.39 0.02814446
2004 20530.9 0.02349355
2005 22315.96 0.02013112
2006 23728.75 0.02338996
2007 25435.22 0.02544142
2008 26783.16 0.0267484
2009 28851.73 0.02897711
2010 30299.42 0.0344691
2011 32489.02 0.034321
2012 33798.88 0.03351121
2013 35764.4 0.03624927
2014 35782.16 0.04244039
2015 34415.63 0.0424294
2016 33110.15 0.04624113
2017 31403.54 0.05376882
2018 30371.65 0.04368773
2019 30330.61 0.0389694
2020 31940.63 0.03778291
2021 32389.19 0.03750561
2022 34360.45 0.04681618
2023 36426.52 0.05291251
2024 38474.56 0.05834471

Breeding stock abundance: Estimate SD_log Estimate/K
Asia
1 81.50559 0.09044043 1.29236
2 103.2894 0.08793799 1.637767
3 120.3815 0.08705685 1.908781
4 133.5901 0.08851378 2.118218
5 148.3772 0.08841142 2.352684
6 162.2579 0.08848774 2.572777
7 175.3836 0.08863017 2.7809
8 187.6926 0.08886416 2.976071
9 199.2205 0.08916875 3.158859
10 210.001 0.08953059 3.329797
11 220.0586 0.08994338 3.48927
12 234.9405 0.09014784 3.725239
13 253.3339 0.09025245 4.016887
14 274.8104 0.09031748 4.35742
15 298.8681 0.09041558 4.738881
16 325.2449 0.09053134 5.157115
17 353.4993 0.0907007 5.605119
18 383.4262 0.09089437 6.079643
19 414.6381 0.09113433 6.574542
20 446.8683 0.09141507 7.085586
21 479.8874 0.09172981 7.60914
22 514.7333 0.09207996 8.161661
23 552.2514 0.09244238 8.756552
24 592.9107 0.09283763 9.40125
25 637.1421 0.09327003 10.10259
26 685.238 0.09374664 10.8652
27 737.3797 0.09427484 11.69196
28 793.6391 0.09486274 12.58402
29 853.887 0.09553072 13.53931
30 917.9514 0.09629007 14.55513
31 985.7198 0.09714313 15.62967
32 1050.334 0.1093653 16.6542
33 1117.305 0.1153948 17.71609
34 1185.014 0.1147082 18.78969
35 1237.227 0.08993916 19.61759
36 1311.277 0.08032442 20.79173
37 1406.273 0.08529666 22.298
38 1516.271 0.0945697 24.04214
39 1626.449 0.1040358 25.78913
40 1737.238 0.1135643 27.54581
41 1841.114 0.1232533 29.19289
42 1961.663 0.1304383 31.10432
43 2086.486 0.1371512 33.08352
44 2202.88 0.1444978 34.92908
45 2317.896 0.1517754 36.75279
46 2464.415 0.1574101 39.07601
47 2504.425 0.1689873 39.71041
48 2588.82 0.1794019 41.04858
49 2656.034 0.1892655 42.11433
50 2730.216 0.199737 43.29056
51 2875.36 0.2054424 45.59198
52 3005.694 0.2127693 47.65857
53 3141.644 0.220101 49.81421
54 3274.528 0.2275271 51.92123
Hawaii
1 726.214 0.0567341 1.911468
2 917.7575 0.05194941 2.41563
3 1073.507 0.04946432 2.825579
4 1221.162 0.04780936 3.214221
5 1362.157 0.0466221 3.585335
6 1496.02 0.04575139 3.937676
7 1623.12 0.04509189 4.272215
8 1743.793 0.04458006 4.589837
9 1858.309 0.04417638 4.891255
10 1967.05 0.04385174 5.177475
11 2070.161 0.04359011 5.448872
12 2220.679 0.04288199 5.84505
13 2405.668 0.04200578 6.33196
14 2621.125 0.04109529 6.899065
15 2863.751 0.04023158 7.537681
16 3129.855 0.03946386 8.238092
17 3417.268 0.03879628 8.994592
18 3721.453 0.03824575 9.795238
19 4038.629 0.03780956 10.63008
20 4369.834 0.03744036 11.50184
21 4714.007 0.03711932 12.40774
22 5078.552 0.03684655 13.36726
23 5471.38 0.03661376 14.40122
24 5897.343 0.03643314 15.5224
25 6364.953 0.03629201 16.7532
26 6872.487 0.03623056 18.08908
27 7423.853 0.0362469 19.54033
28 8016.238 0.03636295 21.09954
29 8652.684 0.03656489 22.77473
30 9328.442 0.03686501 24.5534
31 10041.99 0.03725854 26.43153
32 10814.59 0.03710429 28.46508
33 11760.32 0.03733159 30.95434
34 12826.78 0.03564284 33.76138
35 13462.38 0.03044912 35.43435
36 14646.89 0.02753273 38.55209
37 15463.88 0.03099377 40.70247
38 16837.66 0.03222438 44.31841
39 17617.98 0.03277982 46.37229
40 19085.97 0.03437609 50.2362
41 20012.96 0.0397648 52.67611
42 21517.09 0.04011903 56.63514
43 22193.11 0.0381435 58.4145
44 23493.74 0.04196766 61.8379
45 22763.77 0.05377997 59.91652
46 20924.32 0.05002486 55.0749
47 19621.9 0.05204971 51.64681
48 17837.16 0.06126007 46.9492
49 16807.28 0.05124521 44.23844
50 16690.26 0.04442313 43.93044
51 17526.15 0.04247942 46.1306
52 17144.29 0.04728969 45.12549
53 18379.23 0.05892266 48.37599
54 19608.28 0.06687754 51.61096
MX_AR
1 121.523 0.07707616 1.040494
2 153.656 0.07340696 1.31562
3 180.0397 0.07148362 1.54152
4 204.8679 0.07026594 1.754103
5 228.9759 0.06933592 1.960518
6 251.9134 0.06865526 2.156912
7 273.7576 0.0681376 2.343945
8 294.5693 0.0677324 2.522136
9 314.3984 0.0674075 2.691916
10 333.2921 0.06714235 2.853685
11 351.2481 0.06692725 3.007427
12 377.3315 0.06639656 3.230756
13 409.3462 0.06575287 3.50487
14 446.6545 0.06509051 3.824307
15 488.6881 0.06446789 4.184204
16 534.9022 0.06391396 4.579894
17 584.7784 0.06343881 5.006941
18 637.7508 0.06304138 5.460497
19 693.3616 0.06271191 5.936643
20 751.2524 0.06244084 6.43231
21 811.1997 0.06221315 6.945586
22 875.0117 0.06200686 7.491952
23 943.8294 0.0618224 8.081176
24 1018.724 0.06165961 8.722435
25 1100.637 0.0615226 9.423783
26 1189.996 0.06141755 10.18888
27 1287.188 0.06134942 11.02105
28 1392.302 0.06131983 11.92105
29 1505.392 0.06132846 12.88934
30 1625.767 0.06138054 13.92001
31 1753.561 0.06146487 15.01419
32 1913.924 0.06123264 16.38724
33 2090.507 0.06052175 17.89916
34 2282.077 0.05958738 19.53941
35 2382.122 0.05961766 20.396
36 2584.955 0.05825008 22.13268
37 2801.674 0.05939738 23.98826
38 3021.05 0.06161712 25.86658
39 3242.464 0.06461411 27.76235
40 3471.995 0.06844886 29.72762
41 3635.125 0.07609358 31.12436
42 3881.445 0.07571379 33.23338
43 4120.404 0.07591589 35.27938
44 4307.943 0.07858506 36.88511
45 4518.198 0.07918857 38.68534
46 4488.863 0.08492944 38.43417
47 4236.64 0.09625478 36.2746
48 4079.115 0.1045093 34.92586
49 3817.827 0.09675282 32.68868
50 3640.622 0.08525087 31.17143
51 3851.791 0.08257893 32.97948
52 4058.756 0.08806821 34.75153
53 4321.052 0.09346014 36.99735
54 4592.026 0.0974357 39.31746
MX_ML
1 169.6082 0.06611993 0.636028
2 210.0628 0.06313541 0.7877319
3 244.1802 0.06137047 0.9156715
4 276.0231 0.06032009 1.035082
5 306.2825 0.05964107 1.148554
6 334.2068 0.05929294 1.25327
7 360.2641 0.05912264 1.350984
8 384.5241 0.05908194 1.441959
9 407.1976 0.05911911 1.526984
10 428.2636 0.05922983 1.605981
11 447.764 0.05939917 1.679107
12 477.1063 0.05921175 1.789141
13 513.4063 0.05888374 1.925265
14 555.7876 0.05851585 2.084194
15 603.4519 0.05817547 2.262934
16 655.8531 0.05788396 2.459438
17 712.0895 0.0576736 2.670323
18 771.4765 0.05753896 2.893024
19 833.285 0.05747854 3.124804
20 897.1507 0.05748302 3.3643
21 963.0207 0.05752887 3.611311
22 1033.286 0.05756791 3.874805
23 1108.021 0.05765813 4.15506
24 1189.026 0.05776622 4.458826
25 1277.599 0.05789233 4.790973
26 1374.294 0.05803314 5.153581
27 1479.213 0.05820913 5.547022
28 1592.765 0.058408 5.972844
29 1714.735 0.05864332 6.430227
30 1844.279 0.05891384 6.916015
31 1981.063 0.05922508 7.428954
32 2149.064 0.05968918 8.058953
33 2346.906 0.0591421 8.800857
34 2573.04 0.05861643 9.648855
35 2781.649 0.05841194 10.43114
36 3039.422 0.05860648 11.39778
37 3268.755 0.06151734 12.25777
38 3315.294 0.06868497 12.43229
39 3512.972 0.06805133 13.17359
40 3732.378 0.06744153 13.99635
41 3933.088 0.0682133 14.74901
42 4194.209 0.0675708 15.72821
43 4416.013 0.06656868 16.55997
44 4696.84 0.06602655 17.61307
45 5007.408 0.06522373 18.7777
46 5246.364 0.0655292 19.67377
47 5352.614 0.06783158 20.07221
48 5411.953 0.06728898 20.29473
49 5482.088 0.06226648 20.55774
50 5563.151 0.05986335 20.86172
51 5878.129 0.0604638 22.04288
52 6234.42 0.06120753 23.37897
53 6509.398 0.06959503 24.41013
54 6848.611 0.07419382 25.68217
Central_Am
1 44.09063 0.09142636 0.9811112
2 53.77582 0.08965581 1.196627
3 62.41451 0.08865957 1.388857
4 70.51589 0.08811147 1.56913
5 78.00791 0.08793938 1.735843
6 84.79308 0.08794758 1.886828
7 91.08088 0.08804429 2.026745
8 96.89117 0.0882039 2.156037
9 102.2549 0.08840501 2.275391
10 107.0887 0.08872408 2.382954
11 111.5141 0.08906393 2.481429
12 118.3453 0.08913148 2.633438
13 126.8606 0.08907617 2.822921
14 136.7293 0.08903761 3.04252
15 147.845 0.08898805 3.289869
16 160.1781 0.08894396 3.564308
17 173.2788 0.08898622 3.855826
18 187.0943 0.08905726 4.16325
19 201.4798 0.08915657 4.483359
20 216.1774 0.08932504 4.810411
21 231.3903 0.08950251 5.148932
22 247.7407 0.08966718 5.512762
23 264.8439 0.08987596 5.893346
24 283.4055 0.09008012 6.306381
25 303.6641 0.09031324 6.757178
26 325.9204 0.09054762 7.252429
27 349.9951 0.09082339 7.788143
28 376.208 0.09111192 8.371436
29 404.3505 0.09144296 8.997667
30 434.3127 0.09179997 9.66439
31 465.855 0.09220721 10.36627
32 503.8616 0.09469288 11.212
33 550.6822 0.09457089 12.25386
34 606.4784 0.09444841 13.49545
35 667.5204 0.09461018 14.85376
36 733.4164 0.09554425 16.32009
37 788.1692 0.1014192 17.53846
38 744.9447 0.1138045 16.57662
39 783.2946 0.1100507 17.42999
40 824.1501 0.106456 18.33911
41 877.142 0.1049404 19.51829
42 934.6142 0.1043153 20.79717
43 982.8645 0.1009329 21.87085
44 1062.997 0.09699607 23.65397
45 1174.891 0.0954236 26.14386
46 1291.674 0.09479367 28.74252
47 1394.573 0.09489924 31.03224
48 1486.492 0.09539279 33.07765
49 1608.423 0.09615493 35.79088
50 1706.36 0.09742899 37.97017
51 1809.191 0.09841972 40.2584
52 1946.029 0.09936119 43.30333
53 2009.123 0.1102808 44.7073
54 2103.078 0.1159312 46.79799

Feeding stock abundance: Estimate SD_log Estimate/K
RUS+WAL
1 109.7025 0.1168526 1.235833
2 139.9202 0.114518 1.576245
3 159.6896 0.1165204 1.798954
4 181.6072 0.1160926 2.045862
5 202.3274 0.1158941 2.279282
6 221.9968 0.1158016 2.500863
7 240.5883 0.1158085 2.710303
8 258.1541 0.1158878 2.908187
9 274.7346 0.1160216 3.094972
10 290.3723 0.1161989 3.271135
11 305.0205 0.1164401 3.436151
12 326.6497 0.1164678 3.679811
13 353.3203 0.1164105 3.980264
14 384.3722 0.1163396 4.330073
15 419.3494 0.1162643 4.724102
16 457.6772 0.1162211 5.155877
17 498.9788 0.1161975 5.621153
18 542.7413 0.1162104 6.114151
19 588.5735 0.1162572 6.630465
20 636.1064 0.1163339 7.165938
21 684.9206 0.1164501 7.715845
22 736.7655 0.1165771 8.299895
23 792.6415 0.1167253 8.929355
24 853.4043 0.1168973 9.613867
25 919.7063 0.1170992 10.36078
26 992.0138 0.1173389 11.17535
27 1070.624 0.1176256 12.06091
28 1155.589 0.1179765 13.01807
29 1246.914 0.1184012 14.04688
30 1344.472 0.1189092 15.1459
31 1447.947 0.1195171 16.31157
32 1538.516 0.1336385 17.33186
33 1631.646 0.1410201 18.38101
34 1725.066 0.1408217 19.43341
35 1791.308 0.113683 20.17965
36 1893.679 0.0982419 21.33289
37 2032.851 0.1063743 22.9007
38 2197.703 0.116841 24.75781
39 2366.158 0.1274167 26.65552
40 2537.936 0.138053 28.59065
41 2710.984 0.148678 30.54009
42 2900.642 0.1567819 32.67665
43 3097.386 0.1642558 34.89302
44 3279.96 0.1725916 36.94978
45 3500.289 0.1789303 39.43185
46 3667.994 0.1879684 41.3211
47 3878.262 0.1956098 43.68984
48 4083.034 0.2035611 45.99666
49 4289.6 0.2111899 48.32369
50 4511.641 0.2183271 50.82506
51 4731.443 0.2254928 53.30119
52 4961.46 0.232658 55.89241
53 5198.31 0.2399284 58.56059
54 5432.997 0.2472182 61.20442
EAL+BER
1 280.4883 0.0927129 1.273842
2 357.6391 0.08912319 1.624223
3 419.4932 0.08734968 1.905134
4 478.3992 0.08618436 2.172657
5 534.5034 0.0853733 2.427455
6 587.9768 0.08478213 2.670305
7 638.9341 0.08433687 2.901729
8 687.5189 0.08399158 3.122377
9 733.8187 0.08371907 3.332649
10 777.7381 0.08352207 3.532109
11 819.5521 0.08336562 3.722008
12 880.4254 0.08288034 3.998465
13 955.2563 0.08226358 4.338311
14 1042.548 0.08160674 4.734746
15 1140.909 0.08096904 5.181455
16 1249.058 0.08038115 5.672617
17 1365.798 0.07985466 6.202793
18 1489.959 0.07939074 6.766672
19 1620.412 0.07898853 7.359125
20 1756.444 0.07862664 7.976917
21 1896.851 0.07831092 8.614575
22 2046.34 0.07800546 9.293482
23 2207.821 0.07770565 10.02685
24 2383.794 0.07740768 10.82603
25 2576 0.07711898 11.69894
26 2785.853 0.07684229 12.65199
27 3014.189 0.07658321 13.68899
28 3261.362 0.07634616 14.81152
29 3525.583 0.07617213 16.01149
30 3808.537 0.07601173 17.29653
31 4110.499 0.07584764 18.66789
32 4570.97 0.07465493 20.75913
33 5069.93 0.07326515 23.02516
34 5610.491 0.07165533 25.48013
35 6177.2 0.06938535 28.05384
36 6788.639 0.06758252 30.8307
37 7407.368 0.07088308 33.64067
38 8055.223 0.07554453 36.58291
39 8666.973 0.08243677 39.36119
40 9256.167 0.0902441 42.03702
41 9607.162 0.1064943 43.63107
42 10241.06 0.1063579 46.50992
43 10909.81 0.1064535 49.54708
44 11409.19 0.1111021 51.81499
45 12044.52 0.1119391 54.70038
46 12613.21 0.1155085 57.28309
47 12191.98 0.1362375 55.37006
48 11317.12 0.153085 51.39687
49 9705.717 0.1608374 44.07866
50 8398.671 0.1529717 38.14269
51 8875.333 0.1469321 40.30746
52 9441.311 0.1606437 42.87785
53 10135.14 0.1663856 46.02888
54 10819.94 0.1705973 49.1389
GOA
1 151.1481 0.1315005 1.472798
2 193.6664 0.1295333 1.887099
3 227.6119 0.1286775 2.217866
4 260.0237 0.1281327 2.533689
5 290.9742 0.1277616 2.835272
6 320.443 0.1275333 3.122419
7 348.5838 0.1273672 3.396624
8 375.4628 0.1272422 3.658535
9 401.1316 0.1271458 3.908654
10 425.6446 0.1270699 4.14751
11 449.0534 0.1270092 4.375607
12 482.7928 0.1268583 4.704366
13 524.0878 0.126694 5.106747
14 572.2135 0.1265249 5.575688
15 626.3028 0.1263918 6.102738
16 685.7351 0.1262806 6.68185
17 749.6359 0.1262258 7.304503
18 817.5515 0.1261877 7.966278
19 888.7988 0.1261766 8.660517
20 962.9175 0.1261732 9.382734
21 1039.391 0.1261747 10.12789
22 1120.61 0.1261892 10.9193
23 1208.288 0.1262066 11.77364
24 1303.594 0.1262397 12.70231
25 1407.576 0.1262811 13.71552
26 1520.891 0.1263334 14.81966
27 1643.824 0.1264061 16.01753
28 1776.397 0.126506 17.30934
29 1918.613 0.1266245 18.6951
30 2070.262 0.1267547 20.17277
31 2230.751 0.1269028 21.73659
32 2389.19 0.1202415 23.28043
33 2548.137 0.1122733 24.82922
34 2712.493 0.1069243 26.43072
35 2335.23 0.110233 22.75464
36 2427.345 0.07599383 23.65222
37 2657.088 0.07757004 25.89085
38 2908.151 0.08342464 28.33722
39 3185.395 0.08736581 31.03871
40 3402.9 0.1046732 33.15809
41 3562.789 0.1246276 34.71606
42 3773.888 0.1246405 36.77303
43 4050.532 0.1233505 39.46866
44 4046.132 0.1522972 39.42579
45 4313.505 0.1481517 42.03109
46 3288.024 0.3080231 32.03873
47 2033.112 0.2575371 19.81078
48 2088.899 0.2120327 20.35438
49 2207.498 0.204764 21.51002
50 2346.37 0.2082429 22.86319
51 2527.464 0.217382 24.62778
52 2702.344 0.2265863 26.33183
53 2904.683 0.2322712 28.30343
54 3106.255 0.2370431 30.26756
SEA+NBC
1 407.3964 0.06787341 1.724454
2 518.0745 0.0640318 2.192939
3 604.983 0.06239607 2.560811
4 687.0132 0.06139194 2.908034
5 764.461 0.06075108 3.23586
6 837.6237 0.06033158 3.545547
7 906.7282 0.06005678 3.838058
8 971.8912 0.0598879 4.113884
9 1033.391 0.05979047 4.374205
10 1091.409 0.0597465 4.619786
11 1146.013 0.05974912 4.850916
12 1226.656 0.05944407 5.192268
13 1325.914 0.05903536 5.612416
14 1441.745 0.0586007 6.102713
15 1571.899 0.05820255 6.653634
16 1715.266 0.05783993 7.260488
17 1868.639 0.05757107 7.909694
18 2029.21 0.05742085 8.589371
19 2199.032 0.05727853 9.308205
20 2377.744 0.05712252 10.06467
21 2560.522 0.05703874 10.83834
22 2753.895 0.05699897 11.65687
23 2960.938 0.05702087 12.53325
24 3188.884 0.05703372 13.49811
25 3435.243 0.05714006 14.54092
26 3703.6 0.05731509 15.67684
27 3991.39 0.05762229 16.89501
28 4302.032 0.05802167 18.20992
29 4633.209 0.0585505 19.61175
30 4983.302 0.05922431 21.09364
31 5356.892 0.05998174 22.675
32 5696.877 0.0615158 24.11411
33 6184.974 0.06489988 26.18016
34 6755.164 0.06291891 28.59369
35 7295.289 0.05385999 30.87997
36 7994.875 0.05211336 33.84122
37 8174.83 0.06135338 34.60295
38 8898.977 0.06204129 37.66816
39 8987.48 0.06021119 38.04278
40 9868.732 0.05822694 41.77301
41 10355.37 0.06236852 43.83288
42 11255.57 0.06425102 47.64332
43 11197.09 0.05729857 47.39578
44 12108.93 0.06464479 51.25548
45 10548.94 0.1079483 44.65223
46 8928.573 0.06130154 37.79344
47 8768.406 0.06122221 37.11547
48 7325.964 0.06554836 31.00981
49 7081.346 0.101386 29.97438
50 7598.894 0.06562303 32.16509
51 7888.284 0.05728545 33.39004
52 6811.265 0.1541349 28.83116
53 7363.319 0.1670571 31.16793
54 7876.514 0.1755683 33.34022
SBC+WA
1 42.3324 0.1559272 1.181781
2 54.12496 0.1532158 1.51099
3 63.47859 0.1520106 1.772112
4 72.38174 0.1512375 2.020659
5 80.85924 0.1507131 2.257322
6 88.93506 0.1503428 2.482773
7 96.52848 0.1502297 2.694756
8 103.7566 0.1501744 2.896541
9 110.6244 0.1501634 3.088268
10 117.1553 0.1501819 3.270588
11 123.365 0.1502221 3.443942
12 132.3444 0.1500944 3.694618
13 143.4057 0.149832 4.003412
14 156.3296 0.1495014 4.364204
15 170.8009 0.1492378 4.768197
16 186.7153 0.1489747 5.212473
17 203.8976 0.1487243 5.692147
18 222.0727 0.1485597 6.199536
19 241.1752 0.1484099 6.732814
20 260.9608 0.1483298 7.285162
21 281.292 0.1483085 7.852742
22 302.9408 0.1482599 8.457106
23 326.2654 0.1482189 9.108252
24 351.6107 0.1481775 9.815809
25 379.2529 0.1481313 10.58749
26 409.3767 0.1480801 11.42845
27 442.1117 0.1480238 12.3423
28 477.9016 0.14784 13.34143
29 516.1882 0.1477194 14.41027
30 556.6955 0.1477058 15.5411
31 599.9989 0.1476101 16.74998
32 626.7734 0.1338838 17.49744
33 672.5097 0.1234097 18.77425
34 727.9906 0.1152444 20.32309
35 789.5911 0.1078352 22.04277
36 852.0696 0.1010098 23.78697
37 926.0036 0.09874327 25.85096
38 1011.966 0.09616398 28.25073
39 1089.168 0.09528651 30.40598
40 1180.252 0.09431167 32.94874
41 1263.486 0.09507572 35.27236
42 1349.289 0.09617118 37.66768
43 1450.007 0.096785 40.4794
44 1548.788 0.09855177 43.23705
45 1634.985 0.1025623 45.64337
46 1716.87 0.1068043 47.92934
47 1786.966 0.1118234 49.88617
48 1857.706 0.1130157 51.861
49 1928.028 0.1123749 53.82418
50 2025.29 0.111156 56.53941
51 2115.574 0.1113432 59.05983
52 2222.45 0.111908 62.04345
53 2330.654 0.1145135 65.06415
54 2418.805 0.1209102 67.52502
OR+CA
1 130.4737 0.0518787 0.6949703
2 165.2164 0.04617384 0.8800281
3 191.9666 0.04350921 1.022514
4 216.9341 0.0417785 1.155503
5 239.5756 0.04071941 1.276104
6 260.516 0.04002165 1.387643
7 279.8432 0.03957147 1.49059
8 297.6862 0.03929583 1.585631
9 313.9793 0.03916562 1.672416
10 328.8769 0.03913959 1.751769
11 342.2423 0.03922061 1.82296
12 363.1341 0.03872839 1.934241
13 389.1306 0.03800414 2.072711
14 419.5986 0.03719581 2.234999
15 454.3437 0.03637328 2.42007
16 492.1813 0.03565382 2.621612
17 532.6646 0.03505745 2.837247
18 575.2657 0.03459045 3.064163
19 619.4014 0.0342552 3.299253
20 665.4101 0.03399812 3.544319
21 713.1298 0.03380287 3.798499
22 762.1728 0.03371865 4.059728
23 814.7722 0.03367937 4.339899
24 872.1224 0.03367821 4.645376
25 935.118 0.03372333 4.980923
26 1003.602 0.0338558 5.345705
27 1078.49 0.03407015 5.744598
28 1159.371 0.03439448 6.175412
29 1245.941 0.03484271 6.636529
30 1337.784 0.03541929 7.125731
31 1438.103 0.0360309 7.660081
32 1560.144 0.04491038 8.310136
33 1709.621 0.04560598 9.106326
34 1885.785 0.04557527 10.04467
35 2080.785 0.04630043 11.08334
36 2286.753 0.04824531 12.18043
37 2456.606 0.06235861 13.08516
38 2298.6 0.08197159 12.24353
39 2420.984 0.07487026 12.89541
40 2543.647 0.06878031 13.54878
41 2691.631 0.06593145 14.33702
42 2881.868 0.06448073 15.35032
43 3030.648 0.05732469 16.1428
44 3289.603 0.04737521 17.52213
45 3611.419 0.04308904 19.23629
46 3932.258 0.04123536 20.94524
47 4221.024 0.04099927 22.48336
48 4608.22 0.04063166 24.54577
49 4953.76 0.04215921 26.38629
50 5322.743 0.04540471 28.35169
51 5667.227 0.04821451 30.18659
52 6085.557 0.0500357 32.41483
53 6291.646 0.06980947 33.51257
54 6584.513 0.07913831 35.07253

Parameters: Estimate  Std. Error      z value    Pr(>|z^2|)
rval 0.09110522 0.0017893 50.91665693 0
logK 8.74937139 0.65395585 13.37914687 0
logK 10.54514326 0.30928137 34.09563029 0
logK 9.36557813 0.6925759 13.52281834 0
logK 10.19117416 0.45196476 22.54860349 0
logK 8.41048692 0.81228598 10.35409582 0
logBK 4.38510544 0.68458504 6.40549409 0
logBK 3.98771656 0.32223206 12.37529436 0
logBK 4.60430591 0.70753483 6.5075325 0
logBK 5.10039726 0.458845 11.11573036 0
logBK 4.66364193 0.81666179 5.71061607 1e-08
MixPars -1.86880236 0.29959517 -6.23775861 0
MixPars -2.95932725 0.22274981 -13.28543121 0
MixPars -0.81351105 0.12838241 -6.33662374 0
MixPars -1.19481845 0.14351049 -8.32565236 0
MixPars -2.6821303 0.17035577 -15.74428759 0
MixPars -1.57306536 0.25350315 -6.20530882 0
MixPars -0.78639471 0.21352893 -3.68284854 0.00023064
MixPars -1.65210016 0.28759208 -5.74459546 1e-08
MixPars -3.14398961 0.29875451 -10.52365583 0
MixPars -1.79944731 0.2485651 -7.23934008 0
MixPars -1.70196398 0.38530429 -4.41719445 1e-05
MixPars -1.45108814 0.35718844 -4.06252825 4.854e-05
MixPars -1.08969855 0.40490911 -2.69121767 0.00711917
MixPars -1.36380845 0.25493834 -5.34956189 9e-08
MixPars 0.7418743 0.17902888 4.14388069 3.415e-05
MixPars -2.68979813 0.28131233 -9.56160757 0
AddV 0.13224648 0.07028498 1.88157534 0.0598937
AddV 0.01406085 0.00465108 3.02313494 0.00250171
AddV 0.02134435 0.01664026 1.28269362 0.19959944
SFsigma 1.24298118 0.14985059 8.29480359 0

Mixing matrix
0.86631964 0.13368036 0 0 0 0 ,# Asia
0.02778384 0.23752453 0.16222163 0.53581126 0.03665873 0 ,# Hawaii
0.10053533 0.48472154 0.2207829 0.09289543 0.02089657 0.08016823 ,# MX_AR
0.04437741 0.24339719 0.05703166 0.08185882 0.06223305 0.51110187 ,# MX_ML
0 0 0 0 0.06357804 0.93642196 ,# Central_Am

Split of breeding stock to feeding grounds over time
Split for: Asia
Year RUS+WAL EAL+BER GOA SEA+NBC SBC+WA OR+CA
1970 0.86743 0.13257 0 0 0 0
1971 0.86803 0.13197 0 0 0 0
1972 0.86539 0.13461 0 0 0 0
1973 0.86561 0.13439 0 0 0 0
1974 0.8658 0.1342 0 0 0 0
1975 0.86597 0.13403 0 0 0 0
1976 0.86614 0.13386 0 0 0 0
1977 0.8663 0.1337 0 0 0 0
1978 0.86645 0.13355 0 0 0 0
1979 0.86662 0.13338 0 0 0 0
1980 0.86678 0.13322 0 0 0 0
1981 0.86694 0.13306 0 0 0 0
1982 0.86709 0.13291 0 0 0 0
1983 0.86723 0.13277 0 0 0 0
1984 0.86737 0.13263 0 0 0 0
1985 0.86751 0.13249 0 0 0 0
1986 0.86765 0.13235 0 0 0 0
1987 0.86778 0.13222 0 0 0 0
1988 0.86792 0.13208 0 0 0 0
1989 0.86805 0.13195 0 0 0 0
1990 0.86819 0.13181 0 0 0 0
1991 0.86834 0.13166 0 0 0 0
1992 0.86849 0.13151 0 0 0 0
1993 0.86865 0.13135 0 0 0 0
1994 0.86883 0.13117 0 0 0 0
1995 0.86901 0.13099 0 0 0 0
1996 0.8692 0.1308 0 0 0 0
1997 0.8694 0.1306 0 0 0 0
1998 0.86968 0.13032 0 0 0 0
1999 0.86995 0.13005 0 0 0 0
2000 0.8702 0.1298 0 0 0 0
2001 0.86417 0.13583 0 0 0 0
2002 0.8582 0.1418 0 0 0 0
2003 0.85213 0.14787 0 0 0 0
2004 0.84409 0.15591 0 0 0 0
2005 0.84183 0.15817 0 0 0 0
2006 0.84276 0.15724 0 0 0 0
2007 0.84536 0.15464 0 0 0 0
2008 0.84943 0.15057 0 0 0 0
2009 0.85264 0.14736 0 0 0 0
2010 0.85811 0.14189 0 0 0 0
2011 0.85896 0.14104 0 0 0 0
2012 0.85922 0.14078 0 0 0 0
2013 0.86125 0.13875 0 0 0 0
2014 0.86058 0.13942 0 0 0 0
2015 0.86286 0.13714 0 0 0 0
2016 0.87551 0.12449 0 0 0 0
2017 0.88957 0.11043 0 0 0 0
2018 0.90842 0.09158 0 0 0 0
2019 0.92262 0.07738 0 0 0 0
2020 0.91698 0.08302 0 0 0 0
2021 0.91061 0.08939 0 0 0 0
2022 0.90303 0.09697 0 0 0 0
2023 0.8975 0.1025 0 0 0 0
2024 0.89872 0.10128 0 0 0 0
Split for: Hawaii
Year RUS+WAL EAL+BER GOA SEA+NBC SBC+WA OR+CA
1970 0.02819 0.2387 0.16129 0.53472 0.03711 0
1971 0.02839 0.23917 0.16215 0.53297 0.03732 0
1972 0.02785 0.23996 0.16288 0.53185 0.03746 0
1973 0.02797 0.24056 0.16345 0.53045 0.03757 0
1974 0.02808 0.24114 0.16398 0.52913 0.03767 0
1975 0.02819 0.24171 0.16445 0.52789 0.03777 0
1976 0.0283 0.24229 0.1649 0.52668 0.03784 0
1977 0.02841 0.2429 0.16535 0.52544 0.03791 0
1978 0.02851 0.24349 0.16578 0.52423 0.03798 0
1979 0.02862 0.24403 0.16622 0.52308 0.03806 0
1980 0.02872 0.24457 0.16666 0.52192 0.03813 0
1981 0.02883 0.24515 0.16706 0.52077 0.03819 0
1982 0.02894 0.24576 0.16743 0.51962 0.03825 0
1983 0.02905 0.24636 0.16778 0.51849 0.03832 0
1984 0.02916 0.24698 0.1681 0.51739 0.03837 0
1985 0.02926 0.24755 0.16838 0.5164 0.03842 0
1986 0.02937 0.24817 0.16864 0.51534 0.03848 0
1987 0.02949 0.24892 0.16897 0.51406 0.03856 0
1988 0.0296 0.24955 0.1692 0.51303 0.03862 0
1989 0.02969 0.25005 0.16932 0.5123 0.03865 0
1990 0.02979 0.2506 0.16947 0.51146 0.03868 0
1991 0.0299 0.25118 0.16962 0.51058 0.03872 0
1992 0.03002 0.25183 0.1698 0.50958 0.03877 0
1993 0.03012 0.25236 0.16988 0.50883 0.0388 0
1994 0.03024 0.25298 0.17001 0.50792 0.03885 0
1995 0.03037 0.2536 0.17012 0.50702 0.03889 0
1996 0.03051 0.25434 0.17027 0.50592 0.03896 0
1997 0.03065 0.25508 0.17038 0.50483 0.03906 0
1998 0.03081 0.25578 0.17053 0.50372 0.03916 0
1999 0.03098 0.25659 0.17069 0.50249 0.03924 0
2000 0.03115 0.25739 0.17074 0.50139 0.03934 0
2001 0.03079 0.26815 0.16949 0.49361 0.03796 0
2002 0.03001 0.27469 0.16533 0.49257 0.0374 0
2003 0.02907 0.27945 0.16048 0.49383 0.03717 0
2004 0.02876 0.29428 0.12976 0.50859 0.03862 0
2005 0.02819 0.2934 0.12357 0.51595 0.03889 0
2006 0.02934 0.30323 0.13175 0.49513 0.04056 0
2007 0.02965 0.3005 0.135 0.49401 0.04084 0
2008 0.03115 0.30587 0.15132 0.46965 0.04201 0
2009 0.0313 0.29974 0.14783 0.47888 0.04224 0
2010 0.03197 0.29293 0.14447 0.48777 0.04286 0
2011 0.03203 0.29138 0.1412 0.4928 0.04259 0
2012 0.0331 0.30048 0.14502 0.47737 0.04403 0
2013 0.0336 0.29993 0.13571 0.48601 0.04475 0
2014 0.03696 0.33178 0.15083 0.43182 0.04859 2e-05
2015 0.04324 0.38075 0.12659 0.39342 0.056 0
2016 0.04825 0.3801 0.08669 0.4238 0.06116 0
2017 0.05604 0.38542 0.10082 0.38785 0.06988 0
2018 0.06054 0.33813 0.11228 0.41443 0.07461 0
2019 0.0606 0.28156 0.12439 0.4585 0.07495 0
2020 0.05854 0.29366 0.13207 0.44354 0.07219 0
2021 0.06144 0.33416 0.13084 0.39783 0.07573 0
2022 0.05853 0.34818 0.12642 0.39532 0.07155 0
2023 0.0573 0.36252 0.12538 0.38606 0.06874 0
2024 0.05711 0.35657 0.12502 0.39371 0.06759 0
Split for: MX_AR
Year RUS+WAL EAL+BER GOA SEA+NBC SBC+WA OR+CA
1970 0.102 0.48711 0.2195 0.0927 0.02115 0.07753
1971 0.10245 0.48671 0.22006 0.09214 0.02121 0.07742
1972 0.10044 0.48816 0.22098 0.09192 0.02129 0.07721
1973 0.10068 0.48839 0.2213 0.09149 0.0213 0.07683
1974 0.10091 0.48873 0.22165 0.09111 0.02133 0.07627
1975 0.10114 0.48912 0.22193 0.09075 0.02135 0.0757
1976 0.10137 0.48953 0.22219 0.0904 0.02135 0.07516
1977 0.1016 0.48995 0.22243 0.09004 0.02136 0.07462
1978 0.10182 0.49038 0.22267 0.0897 0.02137 0.07407
1979 0.10205 0.49075 0.22294 0.08937 0.02138 0.07352
1980 0.10228 0.49115 0.22321 0.08905 0.02139 0.07292
1981 0.10251 0.49161 0.22342 0.08872 0.02139 0.07235
1982 0.10275 0.4921 0.22358 0.08839 0.02139 0.07178
1983 0.10298 0.49258 0.22372 0.08807 0.0214 0.07124
1984 0.1032 0.49305 0.22381 0.08775 0.0214 0.0708
1985 0.10342 0.4935 0.22387 0.08746 0.02139 0.07035
1986 0.10364 0.494 0.22388 0.08715 0.0214 0.06993
1987 0.10388 0.49453 0.22389 0.08676 0.0214 0.06954
1988 0.10411 0.49502 0.22385 0.08646 0.0214 0.06916
1989 0.10432 0.49546 0.22375 0.08624 0.02139 0.06884
1990 0.10453 0.49586 0.22364 0.08598 0.02138 0.06861
1991 0.10477 0.49634 0.22353 0.08571 0.02137 0.06828
1992 0.10501 0.49683 0.22342 0.08541 0.02137 0.06797
1993 0.10525 0.49727 0.22325 0.08518 0.02136 0.0677
1994 0.10551 0.49771 0.22306 0.0849 0.02135 0.06748
1995 0.10577 0.49814 0.22285 0.08461 0.02134 0.06728
1996 0.10604 0.4986 0.22261 0.08426 0.02133 0.06715
1997 0.10633 0.49906 0.22232 0.08391 0.02134 0.06704
1998 0.10666 0.49941 0.22205 0.08356 0.02135 0.06697
1999 0.10701 0.49983 0.22175 0.08316 0.02135 0.0669
2000 0.10733 0.50023 0.22131 0.08278 0.02135 0.06699
2001 0.10434 0.51241 0.216 0.08013 0.02026 0.06686
2002 0.10117 0.52226 0.20964 0.07956 0.01986 0.06751
2003 0.09788 0.53069 0.20325 0.07967 0.01972 0.06879
2004 0.09725 0.56124 0.16504 0.08241 0.02057 0.07349
2005 0.09618 0.56466 0.1586 0.08436 0.02091 0.07529
2006 0.09694 0.56511 0.16374 0.07839 0.02111 0.07471
2007 0.09915 0.56668 0.16979 0.07914 0.02151 0.06373
2008 0.10089 0.55875 0.18435 0.07289 0.02144 0.06169
2009 0.10294 0.55592 0.18285 0.07546 0.02188 0.06094
2010 0.10637 0.5496 0.18077 0.07775 0.02246 0.06304
2011 0.10681 0.54796 0.1771 0.07873 0.02237 0.06703
2012 0.10771 0.55144 0.1775 0.07443 0.02257 0.06635
2013 0.10992 0.5533 0.16697 0.07617 0.02306 0.07058
2014 0.11063 0.56 0.16979 0.06192 0.02291 0.07475
2015 0.11887 0.5903 0.13089 0.05182 0.02425 0.08387
2016 0.1339 0.59489 0.09048 0.05635 0.02674 0.09764
2017 0.1462 0.56708 0.09893 0.04848 0.02872 0.11059
2018 0.163 0.51344 0.1137 0.05346 0.03165 0.12474
2019 0.17478 0.45802 0.13495 0.06336 0.03406 0.13483
2020 0.16659 0.47128 0.14136 0.06047 0.03236 0.12794
2021 0.16251 0.49845 0.13016 0.05042 0.03156 0.12691
2022 0.15519 0.52068 0.12609 0.05022 0.02989 0.11793
2023 0.15004 0.5354 0.1235 0.04844 0.02836 0.11426
2024 0.15035 0.52937 0.12379 0.04966 0.02803 0.11881
Split for: MX_ML
Year RUS+WAL EAL+BER GOA SEA+NBC SBC+WA OR+CA
1970 0.0457 0.24824 0.05755 0.08291 0.06393 0.50168
1971 0.04594 0.24827 0.05775 0.08248 0.06418 0.50139
1972 0.0451 0.24932 0.05806 0.08238 0.06448 0.50067
1973 0.04531 0.25005 0.05829 0.0822 0.06469 0.49946
1974 0.04558 0.25113 0.05859 0.08216 0.06499 0.49755
1975 0.04585 0.25222 0.05887 0.08213 0.0653 0.49564
1976 0.04611 0.25332 0.05915 0.0821 0.06554 0.49378
1977 0.04638 0.25442 0.05942 0.08205 0.06578 0.49195
1978 0.04664 0.25554 0.05969 0.08202 0.06604 0.49007
1979 0.04691 0.25664 0.05997 0.08201 0.0663 0.48816
1980 0.0472 0.25784 0.06028 0.08203 0.0666 0.48605
1981 0.04748 0.25905 0.06056 0.08204 0.06685 0.48401
1982 0.04777 0.26025 0.06083 0.08204 0.06711 0.48201
1983 0.04804 0.26143 0.06108 0.08203 0.06737 0.48005
1984 0.04829 0.26245 0.06129 0.08197 0.06755 0.47846
1985 0.04853 0.26345 0.06148 0.08194 0.06774 0.47686
1986 0.04877 0.26445 0.06165 0.08187 0.06794 0.47532
1987 0.04901 0.26543 0.06182 0.08172 0.06811 0.4739
1988 0.04925 0.26637 0.06196 0.08165 0.06829 0.47248
1989 0.04945 0.26716 0.06207 0.08161 0.06841 0.47131
1990 0.04963 0.26781 0.06214 0.08149 0.06847 0.47047
1991 0.04985 0.26865 0.06224 0.08141 0.06861 0.46924
1992 0.05007 0.26948 0.06234 0.0813 0.06873 0.46808
1993 0.05028 0.27021 0.06241 0.08123 0.06883 0.46705
1994 0.05047 0.27085 0.06245 0.08108 0.0689 0.46625
1995 0.05067 0.27146 0.06247 0.08091 0.06897 0.46552
1996 0.05085 0.27198 0.06247 0.08066 0.06901 0.46504
1997 0.05102 0.27242 0.06243 0.08038 0.0691 0.46464
1998 0.05121 0.27276 0.06239 0.08008 0.06917 0.46438
1999 0.05141 0.27313 0.06234 0.07975 0.0692 0.46418
2000 0.05153 0.27322 0.06218 0.07935 0.06918 0.46454
2001 0.05026 0.28079 0.06089 0.07706 0.06586 0.46514
2002 0.0485 0.28483 0.05882 0.07615 0.06424 0.46746
2003 0.04647 0.28663 0.05647 0.07552 0.06315 0.47175
2004 0.04426 0.29059 0.04396 0.07487 0.06317 0.48314
2005 0.04316 0.28827 0.04165 0.07558 0.06331 0.48803
2006 0.04379 0.29041 0.04329 0.0707 0.06435 0.48747
2007 0.04797 0.3119 0.04807 0.07645 0.07022 0.44538
2008 0.04981 0.3138 0.05326 0.07183 0.0714 0.4399
2009 0.05094 0.31293 0.05295 0.07454 0.07306 0.43557
2010 0.05177 0.30429 0.05149 0.07554 0.07375 0.44316
2011 0.05062 0.29542 0.04912 0.07449 0.07154 0.45882
2012 0.05134 0.29898 0.04951 0.07082 0.07258 0.45677
2013 0.05079 0.29085 0.04515 0.07027 0.07189 0.47105
2014 0.05018 0.28894 0.04507 0.05607 0.0701 0.48965
2015 0.05068 0.28632 0.03266 0.04411 0.06976 0.51647
2016 0.05217 0.26367 0.02063 0.04383 0.07029 0.54942
2017 0.05342 0.2357 0.02115 0.03536 0.0708 0.58357
2018 0.05553 0.19898 0.02267 0.03636 0.07274 0.61373
2019 0.05678 0.16926 0.02565 0.04109 0.07464 0.63257
2020 0.05605 0.18037 0.02783 0.04062 0.07346 0.62167
2021 0.05505 0.19208 0.0258 0.03409 0.07212 0.62086
2022 0.05491 0.20957 0.02611 0.03547 0.07134 0.6026
2023 0.05417 0.21991 0.02609 0.03492 0.06908 0.59582
2024 0.05314 0.21286 0.0256 0.03504 0.06684 0.60652
Split for: Central_Am
Year RUS+WAL EAL+BER GOA SEA+NBC SBC+WA OR+CA
1970 0 0 0 0 0.06634 0.93366
1971 0 0 0 0 0.06662 0.93338
1972 0 0 0 0 0.067 0.933
1973 0 0 0 0 0.06736 0.93264
1974 0 0 0 0 0.06789 0.93211
1975 0 0 0 0 0.06843 0.93157
1976 0 0 0 0 0.06891 0.93109
1977 0 0 0 0 0.06939 0.93061
1978 0 0 0 0 0.06988 0.93012
1979 0 0 0 0 0.0704 0.9296
1980 0 0 0 0 0.07098 0.92902
1981 0 0 0 0 0.07151 0.92849
1982 0 0 0 0 0.07204 0.92796
1983 0 0 0 0 0.07257 0.92743
1984 0 0 0 0 0.07298 0.92702
1985 0 0 0 0 0.0734 0.9266
1986 0 0 0 0 0.07381 0.92619
1987 0 0 0 0 0.07419 0.92581
1988 0 0 0 0 0.07458 0.92542
1989 0 0 0 0 0.07487 0.92513
1990 0 0 0 0 0.07506 0.92494
1991 0 0 0 0 0.07538 0.92462
1992 0 0 0 0 0.07568 0.92432
1993 0 0 0 0 0.07594 0.92406
1994 0 0 0 0 0.07613 0.92387
1995 0 0 0 0 0.0763 0.9237
1996 0 0 0 0 0.07642 0.92358
1997 0 0 0 0 0.07658 0.92342
1998 0 0 0 0 0.07669 0.92331
1999 0 0 0 0 0.07675 0.92325
2000 0 0 0 0 0.07667 0.92333
2001 0 0 0 0 0.07317 0.92683
2002 0 0 0 0 0.07118 0.92882
2003 0 0 0 0 0.06946 0.93054
2004 0 0 0 0 0.06795 0.93205
2005 0 0 0 0 0.06745 0.93255
2006 0 0 0 0 0.06856 0.93144
2007 0 0 0 0 0.08081 0.91919
2008 0 0 0 0 0.08299 0.91701
2009 0 0 0 0 0.08553 0.91447
2010 0 0 0 0 0.08492 0.91508
2011 0 0 0 0 0.07998 0.92002
2012 0 0 0 0 0.08139 0.91861
2013 0 0 0 0 0.07842 0.92158
2014 0 0 0 0 0.07393 0.92607
2015 0 0 0 0 0.07004 0.92996
2016 0 0 0 0 0.06659 0.93341
2017 0 0 0 0 0.06336 0.93664
2018 0 0 0 0 0.06199 0.93801
2019 0 0 0 0 0.06174 0.93826
2020 0 0 0 0 0.06181 0.93819
2021 0 0 0 0 0.06083 0.93917
2022 0 0 0 0 0.06193 0.93807
2023 0 0 0 0 0.06073 0.93927
2024 0 0 0 0 0.05789 0.94211

Difference in mortality over time
Difference for: Asia
Year RUS+WAL EAL+BER GOA SEA+NBC SBC+WA OR+CA
1970 0 0 0 0 0 0
1971 0 0 0 0 0 0
1972 0 0 0 0 0 0
1973 0 0 0 0 0 0
1974 0 0 0 0 0 0
1975 0 0 0 0 0 0
1976 0 0 0 0 0 0
1977 0 0 0 0 0 0
1978 0 0 0 0 0 0
1979 0 0 0 0 0 0
1980 0 0 0 0 0 0
1981 0 0 0 0 0 0
1982 0 0 0 0 0 0
1983 0 0 0 0 0 0
1984 0 0 0 0 0 0
1985 0 0 0 0 0 0
1986 0 0 0 0 0 0
1987 0 0 0 0 0 0
1988 0 0 0 0 0 0
1989 0 0 0 0 0 0
1990 0 0 0 0 0 0
1991 0 0 0 0 0 0
1992 0 0 0 0 0 0
1993 0 0 0 0 0 0
1994 0 0 0 0 0 0
1995 0 0 0 0 0 0
1996 0 0 0 0 0 0
1997 0 0 0 0 0 0
1998 0 0 0 0 0 0
1999 0 0 0 0 0 0
2000 -8 3 0 0 0 0
2001 -9 3 0 0 0 0
2002 -12 4 0 0 0 0
2003 -26 4 0 0 0 0
2004 -13 4 0 0 0 0
2005 0 4 0 0 0 0
2006 7 4 0 0 0 0
2007 5 2 0 0 0 0
2008 2 1 0 0 0 0
2009 0 -4 0 0 0 0
2010 4 1 0 0 0 0
2011 4 1 0 0 0 0
2012 1 -3 0 0 0 0
2013 3 0 0 0 0 0
2014 3 -2 0 0 0 0
2015 -5 -24 0 0 0 0
2016 -10 -35 0 0 0 0
2017 -11 -54 0 0 0 0
2018 -11 -46 0 0 0 0
2019 -6 -4 0 0 0 0
2020 -3 -3 0 0 0 0
2021 0 0 0 0 0 0
2022 0 0 0 0 0 0
2023 0 0 0 0 0 0
Difference for: Hawaii
Year RUS+WAL EAL+BER GOA SEA+NBC SBC+WA OR+CA
1970 0 0 0 0 0 0
1971 0 0 0 0 0 0
1972 0 0 0 0 0 0
1973 0 0 0 0 0 0
1974 0 0 0 0 0 0
1975 0 0 0 0 0 0
1976 0 0 0 0 0 0
1977 0 0 0 0 0 0
1978 0 0 0 0 0 0
1979 0 0 0 0 0 0
1980 0 0 0 0 0 0
1981 0 0 0 0 0 0
1982 0 0 0 0 0 0
1983 0 0 0 0 0 0
1984 0 0 0 0 0 0
1985 0 0 0 0 0 0
1986 0 0 0 0 0 0
1987 0 0 0 0 0 0
1988 0 0 0 0 0 0
1989 0 0 0 0 0 0
1990 0 0 0 0 0 0
1991 0 0 0 0 0 0
1992 0 0 0 0 0 0
1993 0 0 0 0 0 0
1994 0 0 0 0 0 0
1995 0 0 0 0 0 0
1996 0 0 0 0 0 0
1997 0 0 0 0 0 0
1998 0 0 0 0 0 0
1999 0 0 0 0 0 0
2000 -3 59 -6 -35 -9 0
2001 -3 67 -11 49 -1 0
2002 -4 75 -13 90 2 0
2003 -10 76 -376 56 4 0
2004 -5 85 -46 145 4 0
2005 0 77 20 -235 7 0
2006 3 79 28 128 9 0
2007 2 52 34 -340 8 0
2008 1 31 -4 202 8 0
2009 0 -95 -43 -58 6 0
2010 2 23 -16 194 7 0
2011 2 29 18 -524 7 0
2012 0 -60 -142 174 4 0
2013 1 -5 12 -1786 0 0
2014 1 -35 -893 -1814 -3 0
2015 -2 -548 -1067 -581 -11 0
2016 -4 -814 -50 -1686 -10 0
2017 -5 -1256 -35 -598 -2 0
2018 -5 -1058 -25 -52 0 0
2019 -2 -95 -8 -228 3 0
2020 -1 -62 -12 -1311 6 0
2021 0 0 0 0 5 0
2022 0 0 0 0 2 0
2023 0 0 0 0 0 0
Difference for: MX_AR
Year RUS+WAL EAL+BER GOA SEA+NBC SBC+WA OR+CA
1970 0 0 0 0 0 0
1971 0 0 0 0 0 0
1972 0 0 0 0 0 0
1973 0 0 0 0 0 0
1974 0 0 0 0 0 0
1975 0 0 0 0 0 0
1976 0 0 0 0 0 0
1977 0 0 0 0 0 0
1978 0 0 0 0 0 0
1979 0 0 0 0 0 0
1980 0 0 0 0 0 0
1981 0 0 0 0 0 0
1982 0 0 0 0 0 0
1983 0 0 0 0 0 0
1984 0 0 0 0 0 0
1985 0 0 0 0 0 0
1986 0 0 0 0 0 0
1987 0 0 0 0 0 0
1988 0 0 0 0 0 0
1989 0 0 0 0 0 0
1990 0 0 0 0 0 0
1991 0 0 0 0 0 0
1992 0 0 0 0 0 0
1993 0 0 0 0 0 0
1994 0 0 0 0 0 0
1995 0 0 0 0 0 0
1996 0 0 0 0 0 0
1997 0 0 0 0 0 0
1998 0 0 0 0 0 0
1999 0 0 0 0 0 0
2000 -2 20 -1 -1 -1 1
2001 -2 23 -2 1 0 2
2002 -3 26 -3 3 0 3
2003 -6 26 -86 2 0 3
2004 -3 29 -10 4 0 4
2005 0 26 5 -7 1 1
2006 2 27 6 4 1 -21
2007 1 18 8 -10 1 -3
2008 1 11 -1 6 1 -4
2009 0 -32 -10 -2 1 -2
2010 1 8 -4 6 1 -1
2011 1 10 4 -15 1 -5
2012 0 -20 -32 5 0 1
2013 1 -2 3 -52 0 5
2014 1 -12 -204 -53 0 8
2015 -1 -187 -243 -17 -1 9
2016 -3 -278 -11 -49 -1 9
2017 -3 -430 -8 -17 0 8
2018 -3 -362 -6 -2 0 6
2019 -1 -32 -2 -7 0 2
2020 -1 -21 -3 -38 1 7
2021 0 0 0 0 0 -8
2022 0 0 0 0 0 -4
2023 0 0 0 0 0 0
Difference for: MX_ML
Year RUS+WAL EAL+BER GOA SEA+NBC SBC+WA OR+CA
1970 0 0 0 0 0 0
1971 0 0 0 0 0 0
1972 0 0 0 0 0 0
1973 0 0 0 0 0 0
1974 0 0 0 0 0 0
1975 0 0 0 0 0 0
1976 0 0 0 0 0 0
1977 0 0 0 0 0 0
1978 0 0 0 0 0 0
1979 0 0 0 0 0 0
1980 0 0 0 0 0 0
1981 0 0 0 0 0 0
1982 0 0 0 0 0 0
1983 0 0 0 0 0 0
1984 0 0 0 0 0 0
1985 0 0 0 0 0 0
1986 0 0 0 0 0 0
1987 0 0 0 0 0 0
1988 0 0 0 0 0 0
1989 0 0 0 0 0 0
1990 0 0 0 0 0 0
1991 0 0 0 0 0 0
1992 0 0 0 0 0 0
1993 0 0 0 0 0 0
1994 0 0 0 0 0 0
1995 0 0 0 0 0 0
1996 0 0 0 0 0 0
1997 0 0 0 0 0 0
1998 0 0 0 0 0 0
1999 0 0 0 0 0 0
2000 -1 13 0 -1 -3 7
2001 -1 14 -1 2 0 15
2002 -1 16 -1 3 1 23
2003 -3 16 -27 2 1 26
2004 -2 18 -3 5 1 28
2005 0 16 1 -7 3 7
2006 1 16 2 4 3 -166
2007 1 11 2 -11 3 -21
2008 0 6 0 6 3 -28
2009 0 -20 -3 -2 2 -15
2010 1 5 -1 6 2 -8
2011 1 6 1 -16 2 -35
2012 0 -12 -10 5 2 6
2013 0 -1 1 -55 0 42
2014 0 -7 -63 -56 -1 60
2015 -1 -112 -75 -18 -4 69
2016 -1 -166 -3 -51 -4 65
2017 -1 -256 -2 -18 -1 63
2018 -2 -215 -2 -2 0 44
2019 -1 -19 -1 -7 1 16
2020 0 -13 -1 -39 2 52
2021 0 0 0 0 2 -61
2022 0 0 0 0 1 -28
2023 0 0 0 0 0 0
Difference for: Central_Am
Year RUS+WAL EAL+BER GOA SEA+NBC SBC+WA OR+CA
1970 0 0 0 0 0 0
1971 0 0 0 0 0 0
1972 0 0 0 0 0 0
1973 0 0 0 0 0 0
1974 0 0 0 0 0 0
1975 0 0 0 0 0 0
1976 0 0 0 0 0 0
1977 0 0 0 0 0 0
1978 0 0 0 0 0 0
1979 0 0 0 0 0 0
1980 0 0 0 0 0 0
1981 0 0 0 0 0 0
1982 0 0 0 0 0 0
1983 0 0 0 0 0 0
1984 0 0 0 0 0 0
1985 0 0 0 0 0 0
1986 0 0 0 0 0 0
1987 0 0 0 0 0 0
1988 0 0 0 0 0 0
1989 0 0 0 0 0 0
1990 0 0 0 0 0 0
1991 0 0 0 0 0 0
1992 0 0 0 0 0 0
1993 0 0 0 0 0 0
1994 0 0 0 0 0 0
1995 0 0 0 0 0 0
1996 0 0 0 0 0 0
1997 0 0 0 0 0 0
1998 0 0 0 0 0 0
1999 0 0 0 0 0 0
2000 0 0 0 0 -1 3
2001 0 0 0 0 0 7
2002 0 0 0 0 0 11
2003 0 0 0 0 0 12
2004 0 0 0 0 0 13
2005 0 0 0 0 1 3
2006 0 0 0 0 1 -78
2007 0 0 0 0 1 -10
2008 0 0 0 0 1 -13
2009 0 0 0 0 1 -7
2010 0 0 0 0 1 -4
2011 0 0 0 0 1 -17
2012 0 0 0 0 0 3
2013 0 0 0 0 0 20
2014 0 0 0 0 0 28
2015 0 0 0 0 -1 32
2016 0 0 0 0 -1 31
2017 0 0 0 0 0 30
2018 0 0 0 0 0 21
2019 0 0 0 0 0 7
2020 0 0 0 0 1 25
2021 0 0 0 0 0 -29
2022 0 0 0 0 0 -13
2023 0 0 0 0 0 0

Total survival over time
Values for breeding stock: Asia
Year RUS+WAL EAL+BER GOA SEA+NBC SBC+WA OR+CA
1970 0.997 0.987 0 0 0 0
1971 1.282 1.276 0 0 0 0
1972 1.189 1.217 0 0 0 0
1973 1.177 1.175 0 0 0 0
1974 1.148 1.146 0 0 0 0
1975 1.127 1.125 0 0 0 0
1976 1.11 1.108 0 0 0 0
1977 1.096 1.095 0 0 0 0
1978 1.085 1.084 0 0 0 0
1979 1.076 1.075 0 0 0 0
1980 1.068 1.066 0 0 0 0
1981 1.088 1.086 0 0 0 0
1982 1.102 1.1 0 0 0 0
1983 1.11 1.109 0 0 0 0
1984 1.114 1.113 0 0 0 0
1985 1.115 1.114 0 0 0 0
1986 1.115 1.113 0 0 0 0
1987 1.112 1.111 0 0 0 0
1988 1.108 1.107 0 0 0 0
1989 1.104 1.103 0 0 0 0
1990 1.099 1.098 0 0 0 0
1991 1.097 1.096 0 0 0 0
1992 1.097 1.096 0 0 0 0
1993 1.098 1.096 0 0 0 0
1994 1.099 1.098 0 0 0 0
1995 1.1 1.099 0 0 0 0
1996 1.101 1.099 0 0 0 0
1997 1.101 1.099 0 0 0 0
1998 1.101 1.098 0 0 0 0
1999 1.1 1.098 0 0 0 0
2000 1.088 1.123 0 0 0 0
2001 1.087 1.117 0 0 0 0
2002 1.084 1.113 0 0 0 0
2003 1.068 1.108 0 0 0 0
2004 1.086 1.105 0 0 0 0
2005 1.098 1.098 0 0 0 0
2006 1.101 1.095 0 0 0 0
2007 1.096 1.086 0 0 0 0
2008 1.093 1.079 0 0 0 0
2009 1.09 1.054 0 0 0 0
2010 1.09 1.079 0 0 0 0
2011 1.088 1.078 0 0 0 0
2012 1.083 1.062 0 0 0 0
2013 1.076 1.065 0 0 0 0
2014 1.088 1.072 0 0 0 0
2015 1.05 0.968 0 0 0 0
2016 1.074 0.959 0 0 0 0
2017 1.073 0.891 0 0 0 0
2018 1.07 0.916 0 0 0 0
2019 1.076 1.119 0 0 0 0
2020 1.067 1.095 0 0 0 0
2021 1.065 1.098 0 0 0 0
2022 1.062 1.088 0 0 0 0
2023 1.059 1.08 0 0 0 0
Values for breeding stock: Hawaii
Year RUS+WAL EAL+BER GOA SEA+NBC SBC+WA OR+CA
1970 1.008 0.998 0.988 0.991 1.006 0
1971 1.293 1.287 1.292 1.282 1.291 0
1972 1.199 1.227 1.228 1.22 1.227 0
1973 1.187 1.185 1.186 1.179 1.185 0
1974 1.157 1.155 1.156 1.149 1.156 0
1975 1.135 1.133 1.134 1.128 1.134 0
1976 1.118 1.116 1.117 1.111 1.115 0
1977 1.104 1.103 1.103 1.098 1.102 0
1978 1.093 1.092 1.092 1.087 1.091 0
1979 1.084 1.083 1.083 1.078 1.082 0
1980 1.077 1.075 1.076 1.071 1.075 0
1981 1.096 1.095 1.095 1.09 1.094 0
1982 1.11 1.109 1.109 1.104 1.108 0
1983 1.119 1.117 1.117 1.112 1.117 0
1984 1.123 1.122 1.121 1.117 1.12 0
1985 1.124 1.123 1.122 1.118 1.122 0
1986 1.123 1.122 1.121 1.116 1.12 0
1987 1.12 1.119 1.118 1.113 1.117 0
1988 1.116 1.115 1.114 1.11 1.114 0
1989 1.112 1.111 1.109 1.107 1.109 0
1990 1.107 1.106 1.105 1.102 1.104 0
1991 1.105 1.104 1.103 1.1 1.102 0
1992 1.105 1.104 1.102 1.099 1.102 0
1993 1.106 1.104 1.103 1.101 1.103 0
1994 1.107 1.106 1.104 1.101 1.104 0
1995 1.108 1.106 1.105 1.102 1.105 0
1996 1.109 1.107 1.105 1.102 1.105 0
1997 1.109 1.107 1.105 1.102 1.107 0
1998 1.109 1.106 1.105 1.101 1.106 0
1999 1.108 1.105 1.103 1.1 1.104 0
2000 1.095 1.131 1.098 1.091 1.077 0
2001 1.095 1.124 1.094 1.109 1.104 0
2002 1.092 1.121 1.092 1.112 1.108 0
2003 1.076 1.115 0.892 1.1 1.107 0
2004 1.094 1.113 1.105 1.112 1.105 0
2005 1.106 1.106 1.123 1.049 1.105 0
2006 1.11 1.103 1.117 1.109 1.105 0
2007 1.105 1.094 1.113 1.038 1.107 0
2008 1.101 1.087 1.092 1.118 1.09 0
2009 1.098 1.061 1.074 1.074 1.098 0
2010 1.099 1.087 1.088 1.102 1.09 0
2011 1.096 1.086 1.098 1.021 1.085 0
2012 1.091 1.069 1.034 1.104 1.089 0
2013 1.09 1.079 1.092 0.901 1.083 0
2014 1.087 1.072 0.778 0.892 1.073 0
2015 1.082 0.997 0.639 1.042 1.064 0
2016 1.079 0.963 1.199 0.88 1.066 0
2017 1.078 0.895 1.105 1.048 1.071 0
2018 1.077 0.921 1.105 1.127 1.061 0
2019 1.078 1.121 1.109 1.079 1.074 0
2020 1.077 1.105 1.104 0.911 1.066 0
2021 1.076 1.109 1.105 1.142 1.067 0
2022 1.073 1.099 1.099 1.111 1.064 0
2023 1.07 1.091 1.093 1.095 1.054 0
Values for breeding stock: MX_AR
Year RUS+WAL EAL+BER GOA SEA+NBC SBC+WA OR+CA
1970 1.008 0.998 0.988 0.991 1.006 0.961
1971 1.293 1.287 1.292 1.282 1.291 1.283
1972 1.199 1.227 1.228 1.22 1.227 1.22
1973 1.187 1.185 1.186 1.179 1.185 1.178
1974 1.157 1.155 1.156 1.149 1.156 1.146
1975 1.135 1.133 1.134 1.128 1.134 1.124
1976 1.118 1.116 1.117 1.111 1.116 1.107
1977 1.104 1.103 1.103 1.098 1.102 1.094
1978 1.093 1.092 1.092 1.087 1.091 1.083
1979 1.084 1.083 1.083 1.078 1.082 1.074
1980 1.077 1.075 1.076 1.071 1.075 1.065
1981 1.096 1.095 1.095 1.09 1.094 1.085
1982 1.11 1.109 1.109 1.104 1.108 1.099
1983 1.119 1.117 1.117 1.112 1.117 1.108
1984 1.123 1.122 1.121 1.117 1.12 1.113
1985 1.124 1.123 1.122 1.118 1.122 1.114
1986 1.123 1.122 1.121 1.117 1.121 1.113
1987 1.12 1.119 1.118 1.113 1.117 1.111
1988 1.116 1.115 1.114 1.11 1.114 1.107
1989 1.112 1.111 1.109 1.107 1.109 1.104
1990 1.107 1.106 1.105 1.102 1.104 1.1
1991 1.105 1.104 1.103 1.1 1.102 1.097
1992 1.105 1.104 1.102 1.099 1.102 1.097
1993 1.106 1.105 1.103 1.101 1.103 1.098
1994 1.107 1.106 1.104 1.101 1.104 1.1
1995 1.108 1.107 1.105 1.102 1.105 1.101
1996 1.109 1.107 1.105 1.102 1.106 1.103
1997 1.109 1.107 1.105 1.102 1.107 1.103
1998 1.109 1.106 1.105 1.101 1.106 1.103
1999 1.108 1.105 1.103 1.1 1.104 1.102
2000 1.095 1.131 1.098 1.091 1.077 1.112
2001 1.095 1.124 1.094 1.109 1.104 1.117
2002 1.092 1.121 1.092 1.112 1.108 1.122
2003 1.076 1.115 0.892 1.1 1.107 1.119
2004 1.094 1.113 1.105 1.112 1.105 1.117
2005 1.106 1.106 1.123 1.049 1.105 1.095
2006 1.11 1.103 1.117 1.109 1.105 0.969
2007 1.105 1.094 1.113 1.038 1.107 1.101
2008 1.101 1.087 1.092 1.118 1.09 1.086
2009 1.098 1.061 1.074 1.074 1.098 1.097
2010 1.099 1.087 1.088 1.102 1.09 1.096
2011 1.096 1.086 1.098 1.021 1.085 1.084
2012 1.091 1.069 1.034 1.104 1.089 1.114
2013 1.09 1.079 1.092 0.901 1.083 1.132
2014 1.088 1.072 0.779 0.892 1.074 1.121
2015 1.082 0.997 0.639 1.042 1.064 1.102
2016 1.079 0.963 1.199 0.88 1.066 1.08
2017 1.078 0.895 1.105 1.048 1.071 1.1
2018 1.077 0.921 1.105 1.127 1.061 1.08
2019 1.078 1.121 1.109 1.079 1.074 1.08
2020 1.077 1.105 1.104 0.911 1.066 1.099
2021 1.076 1.109 1.105 1.142 1.067 1.056
2022 1.073 1.099 1.099 1.111 1.064 1.072
2023 1.07 1.091 1.093 1.095 1.054 1.081
Values for breeding stock: MX_ML
Year RUS+WAL EAL+BER GOA SEA+NBC SBC+WA OR+CA
1970 1.001 0.992 0.981 0.985 0.999 0.955
1971 1.286 1.279 1.285 1.275 1.284 1.276
1972 1.193 1.22 1.222 1.214 1.221 1.214
1973 1.181 1.179 1.18 1.173 1.18 1.173
1974 1.152 1.15 1.151 1.144 1.15 1.141
1975 1.13 1.128 1.129 1.123 1.129 1.119
1976 1.113 1.111 1.112 1.106 1.111 1.102
1977 1.1 1.098 1.099 1.093 1.098 1.089
1978 1.089 1.088 1.088 1.083 1.087 1.078
1979 1.08 1.078 1.079 1.074 1.078 1.069
1980 1.072 1.071 1.071 1.066 1.07 1.061
1981 1.092 1.09 1.091 1.086 1.089 1.08
1982 1.106 1.104 1.104 1.099 1.103 1.094
1983 1.114 1.113 1.113 1.108 1.112 1.103
1984 1.119 1.117 1.117 1.112 1.116 1.109
1985 1.12 1.119 1.118 1.114 1.117 1.11
1986 1.119 1.117 1.116 1.112 1.116 1.109
1987 1.116 1.115 1.114 1.109 1.113 1.107
1988 1.112 1.111 1.11 1.106 1.11 1.103
1989 1.108 1.107 1.105 1.103 1.105 1.1
1990 1.103 1.102 1.101 1.098 1.1 1.097
1991 1.101 1.1 1.099 1.096 1.099 1.093
1992 1.101 1.1 1.099 1.096 1.099 1.093
1993 1.102 1.101 1.099 1.097 1.099 1.095
1994 1.103 1.102 1.1 1.098 1.1 1.097
1995 1.105 1.103 1.101 1.099 1.101 1.098
1996 1.105 1.104 1.102 1.099 1.102 1.099
1997 1.106 1.104 1.102 1.099 1.103 1.1
1998 1.105 1.103 1.101 1.098 1.103 1.1
1999 1.105 1.102 1.1 1.097 1.101 1.099
2000 1.092 1.128 1.095 1.088 1.074 1.109
2001 1.092 1.121 1.091 1.106 1.101 1.114
2002 1.089 1.118 1.089 1.109 1.105 1.119
2003 1.073 1.113 0.89 1.097 1.105 1.116
2004 1.092 1.11 1.102 1.109 1.102 1.114
2005 1.103 1.103 1.12 1.046 1.102 1.092
2006 1.107 1.101 1.115 1.107 1.103 0.967
2007 1.102 1.091 1.111 1.036 1.105 1.098
2008 1.099 1.085 1.089 1.116 1.088 1.083
2009 1.095 1.059 1.072 1.072 1.096 1.094
2010 1.096 1.085 1.086 1.099 1.088 1.093
2011 1.093 1.083 1.096 1.018 1.082 1.081
2012 1.088 1.067 1.032 1.102 1.086 1.111
2013 1.087 1.076 1.089 0.899 1.08 1.129
2014 1.085 1.069 0.777 0.89 1.071 1.118
2015 1.079 0.995 0.637 1.039 1.061 1.099
2016 1.077 0.961 1.196 0.878 1.064 1.077
2017 1.076 0.893 1.102 1.045 1.069 1.098
2018 1.074 0.919 1.102 1.125 1.058 1.077
2019 1.075 1.118 1.107 1.077 1.071 1.078
2020 1.072 1.1 1.099 0.908 1.062 1.094
2021 1.073 1.106 1.102 1.139 1.065 1.054
2022 1.071 1.097 1.098 1.11 1.062 1.07
2023 1.067 1.088 1.09 1.092 1.051 1.078
Values for breeding stock: Central_Am
Year RUS+WAL EAL+BER GOA SEA+NBC SBC+WA OR+CA
1970 0 0 0 0 0.999 0.954
1971 0 0 0 0 1.284 1.276
1972 0 0 0 0 1.222 1.214
1973 0 0 0 0 1.179 1.172
1974 0 0 0 0 1.15 1.14
1975 0 0 0 0 1.128 1.119
1976 0 0 0 0 1.111 1.102
1977 0 0 0 0 1.098 1.089
1978 0 0 0 0 1.086 1.077
1979 0 0 0 0 1.077 1.069
1980 0 0 0 0 1.07 1.061
1981 0 0 0 0 1.089 1.08
1982 0 0 0 0 1.103 1.094
1983 0 0 0 0 1.112 1.103
1984 0 0 0 0 1.116 1.109
1985 0 0 0 0 1.117 1.11
1986 0 0 0 0 1.116 1.109
1987 0 0 0 0 1.113 1.107
1988 0 0 0 0 1.109 1.103
1989 0 0 0 0 1.105 1.1
1990 0 0 0 0 1.1 1.097
1991 0 0 0 0 1.098 1.093
1992 0 0 0 0 1.098 1.093
1993 0 0 0 0 1.099 1.094
1994 0 0 0 0 1.1 1.096
1995 0 0 0 0 1.101 1.098
1996 0 0 0 0 1.102 1.099
1997 0 0 0 0 1.103 1.1
1998 0 0 0 0 1.102 1.1
1999 0 0 0 0 1.101 1.099
2000 0 0 0 0 1.073 1.109
2001 0 0 0 0 1.101 1.114
2002 0 0 0 0 1.105 1.119
2003 0 0 0 0 1.104 1.116
2004 0 0 0 0 1.102 1.114
2005 0 0 0 0 1.103 1.093
2006 0 0 0 0 1.103 0.967
2007 0 0 0 0 1.105 1.098
2008 0 0 0 0 1.088 1.083
2009 0 0 0 0 1.095 1.094
2010 0 0 0 0 1.087 1.093
2011 0 0 0 0 1.082 1.081
2012 0 0 0 0 1.086 1.111
2013 0 0 0 0 1.08 1.129
2014 0 0 0 0 1.071 1.118
2015 0 0 0 0 1.061 1.1
2016 0 0 0 0 1.064 1.078
2017 0 0 0 0 1.069 1.098
2018 0 0 0 0 1.059 1.077
2019 0 0 0 0 1.073 1.079
2020 0 0 0 0 1.063 1.096
2021 0 0 0 0 1.064 1.053
2022 0 0 0 0 1.062 1.07
2023 0 0 0 0 1.052 1.079

Numbers over time by herd
Values for breeding stock: Asia
Year RUS+WAL EAL+BER GOA SEA+NBC SBC+WA OR+CA
1970 13 2 0 0 0 0
1971 33 5 0 0 0 0
1972 47 7 0 0 0 0
1973 61 9 0 0 0 0
1974 74 11 0 0 0 0
1975 87 13 0 0 0 0
1976 86 13 0 0 0 0
1977 85 13 0 0 0 0
1978 84 13 0 0 0 0
1979 83 13 0 0 0 0
1980 83 13 0 0 0 0
1981 87 13 0 0 0 0
1982 94 14 0 0 0 0
1983 105 16 0 0 0 0
1984 118 18 0 0 0 0
1985 134 21 0 0 0 0
1986 149 23 0 0 0 0
1987 163 25 0 0 0 0
1988 176 27 0 0 0 0
1989 188 29 0 0 0 0
1990 199 30 0 0 0 0
1991 210 32 0 0 0 0
1992 222 34 0 0 0 0
1993 237 36 0 0 0 0
1994 253 38 0 0 0 0
1995 273 41 0 0 0 0
1996 295 44 0 0 0 0
1997 318 48 0 0 0 0
1998 344 51 0 0 0 0
1999 370 55 0 0 0 0
2000 396 59 0 0 0 0
2001 417 66 0 0 0 0
2002 438 72 0 0 0 0
2003 457 79 0 0 0 0
2004 468 86 0 0 0 0
2005 492 92 0 0 0 0
2006 527 98 0 0 0 0
2007 571 104 0 0 0 0
2008 618 110 0 0 0 0
2009 659 114 0 0 0 0
2010 695 115 0 0 0 0
2011 733 120 0 0 0 0
2012 772 126 0 0 0 0
2013 803 129 0 0 0 0
2014 847 137 0 0 0 0
2015 866 138 0 0 0 0
2016 903 128 0 0 0 0
2017 939 117 0 0 0 0
2018 974 98 0 0 0 0
2019 1013 85 0 0 0 0
2020 1050 95 0 0 0 0
2021 1086 107 0 0 0 0
2022 1121 120 0 0 0 0
2023 1151 131 0 0 0 0
Values for breeding stock: Hawaii
Year RUS+WAL EAL+BER GOA SEA+NBC SBC+WA OR+CA
1970 4 33 22 73 5 0
1971 10 81 55 180 13 0
1972 14 119 81 263 19 0
1973 18 155 106 342 24 0
1974 22 190 129 417 30 0
1975 26 223 152 488 35 0
1976 26 223 152 484 35 0
1977 26 222 151 480 35 0
1978 26 221 151 476 34 0
1979 26 220 150 472 34 0
1980 26 220 150 469 34 0
1981 27 232 158 493 36 0
1982 30 254 173 537 40 0
1983 34 285 194 600 44 0
1984 38 324 220 678 50 0
1985 44 370 251 771 57 0
1986 49 413 281 858 64 0
1987 54 454 308 938 70 0
1988 58 493 334 1013 76 0
1989 63 529 359 1085 82 0
1990 67 564 381 1151 87 0
1991 71 599 405 1218 92 0
1992 76 639 431 1292 98 0
1993 82 683 460 1378 105 0
1994 88 736 494 1477 113 0
1995 95 797 535 1593 122 0
1996 104 865 579 1721 133 0
1997 113 940 628 1860 144 0
1998 123 1018 679 2005 156 0
1999 133 1101 732 2155 168 0
2000 143 1186 787 2310 181 0
2001 152 1324 837 2438 188 0
2002 161 1471 885 2638 200 0
2003 169 1626 934 2873 216 0
2004 174 1782 786 3081 234 0
2005 185 1921 809 3379 255 0
2006 199 2060 895 3364 276 0
2007 217 2203 990 3621 299 0
2008 237 2328 1152 3575 320 0
2009 255 2439 1203 3897 344 0
2010 271 2479 1223 4128 363 0
2011 287 2614 1267 4420 382 0
2012 305 2767 1336 4397 406 0
2013 321 2867 1297 4646 428 0
2014 339 3043 1383 3960 446 0
2015 357 3142 1045 3246 462 0
2016 374 2946 672 3284 474 0
2017 391 2686 703 2703 487 0
2018 408 2276 756 2790 502 0
2019 425 1973 872 3213 525 0
2020 444 2228 1002 3364 548 0
2021 464 2523 988 3004 572 0
2022 483 2876 1044 3266 591 0
2023 502 3174 1098 3381 602 0
Values for breeding stock: MX_AR
Year RUS+WAL EAL+BER GOA SEA+NBC SBC+WA OR+CA
1970 2 11 5 2 0 2
1971 6 28 12 5 1 4
1972 8 41 18 8 2 6
1973 11 53 24 10 2 8
1974 13 65 29 12 3 10
1975 16 76 35 14 3 12
1976 16 76 35 14 3 12
1977 16 76 34 14 3 12
1978 16 76 34 14 3 11
1979 16 75 34 14 3 11
1980 16 75 34 14 3 11
1981 17 79 36 14 3 12
1982 18 87 39 16 4 13
1983 20 97 44 17 4 14
1984 23 111 50 20 5 16
1985 26 126 57 22 5 18
1986 30 141 64 25 6 20
1987 33 155 70 27 7 22
1988 35 168 76 29 7 24
1989 38 181 82 31 8 25
1990 41 193 87 33 8 27
1991 43 205 92 35 9 28
1992 46 218 98 38 9 30
1993 49 234 105 40 10 32
1994 53 252 113 43 11 34
1995 58 272 122 46 12 37
1996 63 296 132 50 13 40
1997 68 321 143 54 14 43
1998 74 348 155 58 15 47
1999 81 376 167 63 16 50
2000 87 405 179 67 17 54
2001 92 453 191 71 18 59
2002 97 503 202 77 19 65
2003 102 556 213 83 21 72
2004 106 609 179 89 22 80
2005 112 657 185 98 24 88
2006 121 704 204 98 26 93
2007 132 753 226 105 29 85
2008 144 796 263 104 31 88
2009 154 834 274 113 33 91
2010 164 847 279 120 35 97
2011 174 894 289 128 36 109
2012 185 946 305 128 39 114
2013 195 980 296 135 41 125
2014 206 1041 315 115 43 139
2015 216 1074 238 94 44 153
2016 227 1007 153 95 45 165
2017 237 919 160 79 47 179
2018 247 778 172 81 48 189
2019 257 675 199 93 50 199
2020 269 762 228 98 52 207
2021 281 863 225 87 55 220
2022 293 984 238 95 56 223
2023 304 1086 250 98 58 232
Values for breeding stock: MX_ML
Year RUS+WAL EAL+BER GOA SEA+NBC SBC+WA OR+CA
1970 1 8 2 3 2 16
1971 4 19 4 6 5 38
1972 5 28 7 9 7 56
1973 7 36 8 12 9 73
1974 8 44 10 14 11 88
1975 9 52 12 17 13 102
1976 9 51 12 17 13 100
1977 9 51 12 16 13 99
1978 9 51 12 16 13 97
1979 9 50 12 16 13 96
1980 9 50 12 16 13 94
1981 10 52 12 17 14 98
1982 11 57 13 18 15 106
1983 12 64 15 20 16 117
1984 13 72 17 23 19 132
1985 15 82 19 26 21 149
1986 17 92 21 28 24 165
1987 19 100 23 31 26 179
1988 20 109 25 33 28 193
1989 22 116 27 36 30 205
1990 23 123 29 38 32 217
1991 24 131 30 40 33 228
1992 26 139 32 42 35 241
1993 28 148 34 45 38 256
1994 30 159 37 48 40 274
1995 32 172 40 51 44 294
1996 35 186 43 55 47 318
1997 38 201 46 59 51 343
1998 41 217 50 64 55 370
1999 44 234 53 68 59 398
2000 47 252 57 73 64 428
2001 50 280 61 77 66 465
2002 53 311 64 83 70 510
2003 56 343 68 90 75 564
2004 57 375 57 97 81 623
2005 60 403 58 106 88 682
2006 65 431 64 105 96 724
2007 71 460 71 113 104 657
2008 77 485 82 111 110 680
2009 83 507 86 121 118 706
2010 87 514 87 128 125 749
2011 93 541 90 136 131 840
2012 98 571 95 135 139 872
2013 103 590 92 143 146 956
2014 109 625 97 121 152 1059
2015 114 643 73 99 157 1161
2016 119 602 47 100 160 1254
2017 124 547 49 82 164 1355
2018 129 463 53 85 169 1427
2019 134 400 61 97 176 1495
2020 140 450 69 101 183 1550
2021 146 509 68 90 191 1644
2022 152 579 72 98 197 1664
2023 157 637 76 101 200 1726
Values for breeding stock: Central_Am
Year RUS+WAL EAL+BER GOA SEA+NBC SBC+WA OR+CA
1970 0 0 0 0 1 7
1971 0 0 0 0 1 18
1972 0 0 0 0 2 27
1973 0 0 0 0 2 35
1974 0 0 0 0 3 42
1975 0 0 0 0 4 48
1976 0 0 0 0 4 48
1977 0 0 0 0 3 47
1978 0 0 0 0 3 46
1979 0 0 0 0 3 45
1980 0 0 0 0 3 45
1981 0 0 0 0 4 47
1982 0 0 0 0 4 50
1983 0 0 0 0 4 56
1984 0 0 0 0 5 63
1985 0 0 0 0 6 71
1986 0 0 0 0 6 78
1987 0 0 0 0 7 85
1988 0 0 0 0 7 91
1989 0 0 0 0 8 97
1990 0 0 0 0 8 103
1991 0 0 0 0 9 108
1992 0 0 0 0 9 114
1993 0 0 0 0 10 121
1994 0 0 0 0 11 129
1995 0 0 0 0 11 139
1996 0 0 0 0 12 150
1997 0 0 0 0 13 162
1998 0 0 0 0 15 175
1999 0 0 0 0 16 188
2000 0 0 0 0 17 202
2001 0 0 0 0 17 219
2002 0 0 0 0 18 241
2003 0 0 0 0 20 266
2004 0 0 0 0 21 294
2005 0 0 0 0 23 322
2006 0 0 0 0 25 342
2007 0 0 0 0 27 310
2008 0 0 0 0 29 321
2009 0 0 0 0 31 333
2010 0 0 0 0 33 353
2011 0 0 0 0 34 396
2012 0 0 0 0 36 411
2013 0 0 0 0 38 451
2014 0 0 0 0 40 499
2015 0 0 0 0 41 548
2016 0 0 0 0 42 592
2017 0 0 0 0 43 640
2018 0 0 0 0 45 674
2019 0 0 0 0 47 707
2020 0 0 0 0 48 734
2021 0 0 0 0 50 778
2022 0 0 0 0 52 788
2023 0 0 0 0 53 818

Catch numbers by breeding stock
Year Asia Hawaii MX_AR MX_ML Central_Am
1970 0.9 0 0 1.1 0.3
1971 0.9 0 0 1.2 0.3
1972 1 0 0 1.3 0.3
1973 1.1 0 0 1.3 0.4
1974 1.2 0.1 0 1.4 0.4
1975 1.2 0.1 0 1.5 0.4
1976 1.3 0.1 0 1.6 0.4
1977 1.4 0.1 0 1.6 0.4
1978 1.5 0.1 0 1.7 0.5
1979 1.6 0.1 0 1.8 0.5
1980 1.8 0.1 0 1.9 0.5
1981 1.9 0.1 0 2 0.5
1982 2 0.1 0 2.1 0.6
1983 2.2 0.1 0 2.2 0.6
1984 2.3 0.1 0 2.4 0.6
1985 2.5 0.1 0 2.5 0.7
1986 2.6 0.1 0 2.6 0.7
1987 2.8 0.1 0 2.8 0.7
1988 3 0.1 0 2.9 0.8
1989 3.2 0.1 0 3.1 0.8
1990 3.5 0.2 0 3.2 0.8
1991 3.7 0.2 0 3.4 0.9
1992 4 0.2 0 3.6 0.9
1993 4.3 0.2 0 3.8 1
1994 4.6 0.2 0 4 1
1995 4.9 0.2 0 4.2 1.1
1996 5.2 0.2 0 4.4 1.1
1997 5.6 0.2 0 4.7 1.2
1998 6 0.2 0 4.9 1.2
1999 6.4 0.2 0 5.2 1.3
2000 6.9 0.3 0 5.5 1.4
2001 7.3 0.3 0 5.8 1.4
2002 7.9 0 0 5.8 1.5
2003 8.4 0 0 5.8 1.6
2004 9 0 0 6.7 1.7
2005 9.6 0 0 8.1 1.8
2006 10.3 1 0 6.8 1.8
2007 11.1 0 0 7.7 1.9
2008 11.8 0 0 7.9 2
2009 12.7 0 0 9 2.1
2010 13.6 0 0 9.3 2.2
2011 14.5 0.8 0 10.6 2.4
2012 15.5 0 0 10.9 2.5
2013 28 0 0 10.8 2.6
2014 0 5 0 13 2.7
2015 72 0 0 14.2 2.9
2016 12 0.1 0 14.2 3
2017 12 0.1 0 13.4 3.2
2018 16 0.1 0 13.4 3.3
2019 4 0.4 0 13.4 1.7
2020 26.8 0.4 0 23.8 5
2021 28.6 0.4 0 12.8 4.7
2022 30.7 0.4 0 10.5 3.7
2023 32.8 0.4 0 18.4 4.2

Catch numbers by feeding ground
Year RUS+WAL EAL+BER GOA SEA+NBC SBC+WA OR+CA
1970 0 2.7 3.1 6.8 0.1 6.4
1971 0 1.8 0.1 4 0.1 1.5
1972 4 0.8 0.1 4.1 0.1 1.6
1973 0 0.8 0.1 4.3 0.1 1.7
1974 0 0.8 0.1 4.5 0.1 2.5
1975 0 0.8 0.2 4.7 0.1 2.7
1976 0 0.8 0.2 4.9 0.2 2.9
1977 0 0.8 0.2 5.2 0.2 3.1
1978 0 0.8 0.2 5.4 0.2 3.3
1979 0 1 0.2 5.6 0.2 3.5
1980 0 1 0.2 5.9 0.2 3.9
1981 0 1 0.3 6.1 0.3 4.2
1982 0 1 0.4 6.5 0.3 4.5
1983 0 1 0.4 6.7 0.3 4.8
1984 0 1 0.5 7.1 0.4 4.6
1985 0 1 0.5 6.7 0.4 5
1986 0 1 0.7 7.8 0.4 5.4
1987 0 1 0.7 10 0.5 5.8
1988 0 1.1 0.8 8.5 0.5 6.3
1989 0 0.9 0.8 6.1 0.6 6.1
1990 0 1 0.8 7.4 0.7 5.8
1991 0 1 0.9 8.2 0.7 7.6
1992 0 1.1 0.9 9.8 0.8 8.3
1993 0 1.1 1 7.1 0.9 8.6
1994 0 1.2 1 9.3 1 8.8
1995 0 1.2 1 9.3 1.1 9.6
1996 0 1.2 1.1 12.7 1.2 9.9
1997 0 1.2 1.3 12.7 0.9 10.7
1998 0 3 1.4 14.7 1.2 12
1999 0 2.6 1.4 17.4 1.7 13.5
2000 0 1.2 1.5 14.1 1.5 11.6
2001 0 1.2 1.8 16.4 1.7 13.4
2002 0 2.4 1.9 13.8 1.9 13.7
2003 0 1.4 2 18.9 2.3 16
2004 0 1.4 2.3 22 2.5 15.9
2005 0 1.6 2.3 23.3 5.8 20.1
2006 0 1.6 2.4 22.7 5.3 22.1
2007 0 0.1 7.3 18.4 0 18.1
2008 0 0.1 4.3 19.7 12.4 8.8
2009 0 0.1 4.3 24.1 0 9.8
2010 0 6.1 0.8 44.5 7 24.5
2011 0 3.1 4 28.4 11 11.9
2012 0 4.1 8.8 11.6 0 10
2013 0 0.1 4 31.6 0 4.7
2014 0 0.1 11.8 43.7 7 45.2
2015 0 4.1 12 51 9.1 103.4
2016 0 4.1 4.8 34.8 7.1 150.3
2017 0 4.1 2.1 16.3 11.1 60.3
2018 0 1.1 4 26.6 30.1 111.1
2019 0 4.1 6 27.3 9.1 61
2020 0 1.1 0 24 23 31.2
2021 0 2.2 7 33.7 13 62.4
2022 0 4.3 0.8 22.3 8 56
2023 0 3.6 9.1 40.1 19.2 59.7
