Stock structure: B2F2; Model type = BC
Mortality impacts feeding grounds
Recuitment related to unfished
Staying rate: 0
Age-at-matrity: 8
Base adult survival: 0
Mirrored survival
Sigma for survival devs: 6
Additional variance estimated
Weight for mark-recapture proportions: 1
Weight for genetics proportions: 1


Total objective fn: 218.562468748868
Negative log-likelihood fn: 10.820298040123

Natural Survival by feeding ground
RUS+WAL,EAL+BER+WGOA,NGOA,SEA+NBC,SBC+WA,OR+CA
1970 0.96 0.96 0.96 0.96 0.96 0.96
1971 0.96 0.96 0.96 0.96 0.96 0.96
1972 0.96 0.96 0.96 0.96 0.96 0.96
1973 0.96 0.96 0.96 0.96 0.96 0.96
1974 0.96 0.96 0.96 0.96 0.96 0.96
1975 0.96 0.96 0.96 0.96 0.96 0.96
1976 0.96 0.96 0.96 0.96 0.96 0.96
1977 0.96 0.96 0.96 0.96 0.96 0.96
1978 0.96 0.96 0.96 0.96 0.96 0.96
1979 0.96 0.96 0.96 0.96 0.96 0.96
1980 0.96 0.96 0.96 0.96 0.96 0.96
1981 0.96 0.96 0.96 0.96 0.96 0.96
1982 0.96 0.96 0.96 0.96 0.96 0.96
1983 0.96 0.96 0.96 0.96 0.96 0.96
1984 0.96 0.96 0.96 0.96 0.96 0.96
1985 0.96 0.96 0.96 0.96 0.96 0.96
1986 0.96 0.96 0.96 0.96 0.96 0.96
1987 0.96 0.96 0.96 0.96 0.96 0.96
1988 0.96 0.96 0.96 0.96 0.96 0.96
1989 0.96 0.96 0.96 0.96 0.96 0.96
1990 0.96 0.96 0.96 0.96 0.96 0.96
1991 0.96 0.96 0.96 0.96 0.96 0.96
1992 0.96 0.96 0.96 0.96 0.96 0.96
1993 0.96 0.96 0.96 0.96 0.96 0.96
1994 0.96 0.96 0.96 0.96 0.96 0.96
1995 0.96 0.96 0.96 0.96 0.96 0.96
1996 0.96 0.96 0.96 0.96 0.96 0.96
1997 0.96 0.96 0.96 0.96 0.96 0.96
1998 0.96 0.96 0.96 0.96 0.96 0.96
1999 0.96 0.96 0.96 0.96 0.96 0.96
2000 0.96 0.9972823 0.9391271 0.9391271 0.9957822 0.9544366
2001 0.96 0.9973547 0.9908535 0.9908535 0.9969931 0.9931301
2002 0.96 0.997077 0.995115 0.995115 0.997492 0.9963641
2003 0.96 0.99613 0.8921482 0.8921482 0.99767 0.9964949
2004 0.96 0.9958505 0.9951428 0.9951428 0.9976184 0.9963062
2005 0.96 0.9958355 0.8992998 0.8992998 0.9975783 0.9844937
2006 0.96 0.9958232 0.9960097 0.9960097 0.9978236 0.7553295
2007 0.96 0.9921742 0.9009824 0.9009824 0.9974138 0.9760242
2008 0.96 0.9885401 0.9960097 0.9960097 0.9964015 0.9332011
2009 0.96 0.8531174 0.937589 0.937589 0.9950224 0.9669838
2010 0.96 0.9907504 0.9956651 0.9956651 0.9950105 0.9589271
2011 0.96 0.9918218 0.8912216 0.8912216 0.9949812 0.8959957
2012 0.96 0.8790404 0.9927353 0.9927353 0.9927634 0.9741457
2013 0.96 0.9825495 0.8264619 0.8264619 0.9538943 0.9967965
2014 0.96 0.976777 0.7267988 0.7267988 0.9457536 0.9984544
2015 0.96 0.7866251 0.883931 0.883931 0.8431275 0.9987457
2016 0.96 0.8794211 0.7526226 0.7526226 0.9364512 0.997916
2017 0.96 0.8014166 0.8301375 0.8301375 0.9903749 0.9966599
2018 0.96 0.6942534 0.9863789 0.9863789 0.9899189 0.9909999
2019 0.96 0.9709152 0.9281736 0.9281736 0.9907061 0.9311602
2020 0.96 0.9820059 0.7599872 0.7599872 0.9919583 0.9931882
2021 0.96 0.9600111 0.9600039 0.9600039 0.9885111 0.908424
2022 0.96 0.960001 0.9600004 0.9600004 0.9750029 0.9487372
2023 0.96 0.96 0.96 0.96 0.96 0.96

Naturak Survival by breeding stock
RUS+WAL,EAL+BER+WGOA,NGOA,SEA+NBC,SBC+WA,OR+CA
1970 0.96 0.96 0.96 0.96 0.96
1971 0.96 0.96 0.96 0.96 0.96
1972 0.96 0.96 0.96 0.96 0.96
1973 0.96 0.96 0.96 0.96 0.96
1974 0.96 0.96 0.96 0.96 0.96
1975 0.96 0.96 0.96 0.96 0.96
1976 0.96 0.96 0.96 0.96 0.96
1977 0.96 0.96 0.96 0.96 0.96
1978 0.96 0.96 0.96 0.96 0.96
1979 0.96 0.96 0.96 0.96 0.96
1980 0.96 0.96 0.96 0.96 0.96
1981 0.96 0.96 0.96 0.96 0.96
1982 0.96 0.96 0.96 0.96 0.96
1983 0.96 0.96 0.96 0.96 0.96
1984 0.96 0.96 0.96 0.96 0.96
1985 0.96 0.96 0.96 0.96 0.96
1986 0.96 0.96 0.96 0.96 0.96
1987 0.96 0.96 0.96 0.96 0.96
1988 0.96 0.96 0.96 0.96 0.96
1989 0.96 0.96 0.96 0.96 0.96
1990 0.96 0.96 0.96 0.96 0.96
1991 0.96 0.96 0.96 0.96 0.96
1992 0.96 0.96 0.96 0.96 0.96
1993 0.96 0.96 0.96 0.96 0.96
1994 0.96 0.96 0.96 0.96 0.96
1995 0.96 0.96 0.96 0.96 0.96
1996 0.96 0.96 0.96 0.96 0.96
1997 0.96 0.96 0.96 0.96 0.96
1998 0.96 0.96 0.96 0.96 0.96
1999 0.96 0.96 0.96 0.96 0.96
2000 0.96 0.96 0.96 0.96 0.96
2001 0.96 0.96 0.96 0.96 0.96
2002 0.96 0.96 0.96 0.96 0.96
2003 0.96 0.96 0.96 0.96 0.96
2004 0.96 0.96 0.96 0.96 0.96
2005 0.96 0.96 0.96 0.96 0.96
2006 0.96 0.96 0.96 0.96 0.96
2007 0.96 0.96 0.96 0.96 0.96
2008 0.96 0.96 0.96 0.96 0.96
2009 0.96 0.96 0.96 0.96 0.96
2010 0.96 0.96 0.96 0.96 0.96
2011 0.96 0.96 0.96 0.96 0.96
2012 0.96 0.96 0.96 0.96 0.96
2013 0.96 0.96 0.96 0.96 0.96
2014 0.96 0.96 0.96 0.96 0.96
2015 0.96 0.96 0.96 0.96 0.96
2016 0.96 0.96 0.96 0.96 0.96
2017 0.96 0.96 0.96 0.96 0.96
2018 0.96 0.96 0.96 0.96 0.96
2019 0.96 0.96 0.96 0.96 0.96
2020 0.96 0.96 0.96 0.96 0.96
2021 0.96 0.96 0.96 0.96 0.96
2022 0.96 0.96 0.96 0.96 0.96
2023 0.96 0.96 0.96 0.96 0.96

Fecundity by feeding ground
RUS+WAL,EAL+BER+WGOA,NGOA,SEA+NBC,SBC+WA,OR+CA
1970 0.9627607 0.9643967 0.9630676 0.9626204 0.9649225 0.9675855
1971 0.9628284 0.9644564 0.9630794 0.962709 0.9649598 0.9676636
1972 0.9609563 0.9625975 0.960874 0.9604997 0.9632253 0.9666171
1973 0.9589342 0.9608222 0.9587601 0.9584081 0.961572 0.9656419
1974 0.9570256 0.9591319 0.9567412 0.956435 0.9599999 0.9647585
1975 0.9552177 0.9575212 0.954821 0.9545725 0.958504 0.9639448
1976 0.9535122 0.9559865 0.9529874 0.9528144 0.9571053 0.963197
1977 0.9519042 0.9545233 0.9512362 0.9511577 0.9557768 0.9625096
1978 0.9503898 0.953129 0.9495637 0.9495951 0.9545171 0.961885
1979 0.9489648 0.9518068 0.9479664 0.9481218 0.9533216 0.961317
1980 0.9476339 0.9505481 0.946441 0.9467363 0.9521872 0.9608107
1981 0.9463815 0.9493482 0.944993 0.945428 0.9511341 0.9603548
1982 0.9446359 0.9476993 0.9430211 0.9436096 0.94967 0.9596847
1983 0.942456 0.9456429 0.9405649 0.9413284 0.9478338 0.9588262
1984 0.9398851 0.9432213 0.9376834 0.9386416 0.9456911 0.9577899
1985 0.9369779 0.9404728 0.9344146 0.9355776 0.9432564 0.956622
1986 0.9337707 0.9374336 0.9308207 0.9322172 0.9405627 0.9553413
1987 0.9303123 0.934139 0.9269265 0.9286316 0.9376677 0.9539696
1988 0.92664 0.9306234 0.9227795 0.9247705 0.9345786 0.9525301
1989 0.9227891 0.9269079 0.9184074 0.9206421 0.9313474 0.951012
1990 0.9187999 0.9230295 0.9138444 0.9163679 0.9280008 0.949422
1991 0.9146932 0.9190106 0.9091297 0.9119661 0.9245399 0.9478536
1992 0.9103614 0.9147459 0.9041276 0.9073363 0.9208901 0.9462153
1993 0.9057081 0.9101406 0.8987403 0.9022698 0.9169717 0.9444546
1994 0.9006565 0.9051226 0.8928728 0.8968027 0.9127183 0.9425307
1995 0.8951476 0.8996297 0.8864577 0.89082 0.9080803 0.9404431
1996 0.8891383 0.893617 0.8794547 0.8843599 0.9030187 0.938152
1997 0.8826092 0.8870544 0.8718413 0.8773118 0.8974104 0.9356676
1998 0.8755455 0.8799799 0.8635912 0.8697078 0.8913795 0.9329962
1999 0.8679451 0.8723212 0.8546917 0.8615654 0.8849783 0.9301493
2000 0.8598248 0.8640486 0.8451617 0.8527456 0.8780434 0.9270045
2001 0.8511904 0.8481256 0.8392342 0.8473505 0.8647523 0.9241045
2002 0.8420456 0.8311246 0.8211802 0.8304653 0.8503634 0.917713
2003 0.8323559 0.8124376 0.8012039 0.8118956 0.8344859 0.9106801
2004 0.8220934 0.7921521 0.8062889 0.816916 0.8169857 0.9028743
2005 0.8112143 0.7699809 0.7823973 0.7947279 0.7985619 0.8943786
2006 0.7996731 0.7457008 0.7862557 0.7985786 0.7781586 0.8865769
2007 0.7874423 0.7191462 0.7601214 0.773726 0.7542955 0.9042851
2008 0.7744777 0.6918072 0.7642567 0.7775585 0.7314464 0.894879
2009 0.7607771 0.6639011 0.7351067 0.7501808 0.7037979 0.8925785
2010 0.7463519 0.691835 0.7273304 0.7437491 0.6760659 0.8859707
2011 0.7311937 0.6574901 0.6957454 0.7142596 0.6465649 0.8798844
2012 0.7153189 0.6224285 0.7058806 0.7229547 0.611603 0.8817055
2013 0.6997174 0.6416442 0.6708666 0.6900206 0.5750948 0.8711258
2014 0.6811549 0.6067291 0.7074134 0.7241025 0.5616074 0.8579042
2015 0.66765 0.5752963 0.7681875 0.7810405 0.5522476 0.8454348
2016 0.6489 0.6419468 0.7704284 0.7833196 0.5974989 0.8334844
2017 0.6292649 0.6545534 0.8086676 0.8192616 0.5887706 0.8182929
2018 0.6093684 0.6980761 0.8214842 0.8314623 0.5523185 0.8029718
2019 0.5879147 0.7686999 0.7955413 0.807304 0.5104725 0.7862084
2020 0.5679876 0.7369875 0.7887117 0.8014598 0.4708881 0.7841687
2021 0.5478776 0.7065788 0.8227075 0.8332565 0.4274589 0.7631856
2022 0.5276357 0.6851943 0.8040723 0.8162248 0.3853699 0.7683741
2023 0.5074129 0.6643192 0.7893428 0.8026462 0.3588012 0.7597321

Total abundance: Estimate SD_log
1970 932.1605 0.05185393
1971 1168.939 0.04630116
1972 1363.853 0.04322252
1973 1544.663 0.0412267
1974 1719.554 0.03970992
1975 1884.171 0.03860575
1976 2039.696 0.03777128
1977 2186.464 0.03713114
1978 2324.988 0.03663295
1979 2455.548 0.03624423
1980 2578.393 0.03594243
1981 2759.787 0.0349911
1982 2983.436 0.03376082
1983 3244.281 0.03243506
1984 3538.183 0.03113598
1985 3861.14 0.02993754
1986 4209.687 0.02887359
1987 4578.725 0.02796514
1988 4963.626 0.02721238
1989 5365.007 0.02657972
1990 5782.27 0.02604264
1991 6225.564 0.02555749
1992 6702.52 0.02511673
1993 7220.614 0.02472576
1994 7790.359 0.02438602
1995 8411.126 0.02413493
1996 9087.266 0.02398451
1997 9817.168 0.02395263
1998 10604.05 0.02403287
1999 11442.3 0.02422983
2000 12331.02 0.0245284
2001 13311.39 0.02644542
2002 14917.56 0.02971803
2003 16731.98 0.02947433
2004 17596.12 0.02117829
2005 19667.36 0.01963197
2006 20729.26 0.02442346
2007 22454.27 0.02526553
2008 23602.94 0.02697344
2009 25980.07 0.03100074
2010 26167.61 0.04644232
2011 28924.14 0.04372047
2012 29947.55 0.04421356
2013 31492.38 0.04760905
2014 31730.27 0.04979404
2015 30663.51 0.04705125
2016 28942.19 0.04835514
2017 27483.1 0.05137368
2018 26431.57 0.04156072
2019 26110.66 0.03897063
2020 27611.7 0.03773163
2021 27950.77 0.03542684
2022 29432.59 0.1343999
2023 31216.62 0.1802848
2024 33001.11 0.2213091

Breeding stock abundance: Estimate SD_log Estimate/K
Asia
1 69.73748 0.077336 1.416578
2 88.13153 0.07346891 1.790217
3 102.576 0.0717905 2.083627
4 113.2111 0.07255872 2.299658
5 125.5666 0.07199019 2.550637
6 137.1229 0.0716837 2.785378
7 148.0264 0.07150405 3.006862
8 158.2108 0.07145867 3.213738
9 167.7076 0.07151611 3.406646
10 176.5462 0.07165581 3.586185
11 184.7493 0.07186518 3.752814
12 196.9551 0.07167992 4.000751
13 212.0679 0.07130459 4.307737
14 229.7225 0.07083962 4.666357
15 249.4767 0.07038522 5.067623
16 271.1243 0.06994717 5.50735
17 294.2764 0.0695706 5.97764
18 318.7776 0.06923372 6.475332
19 344.2864 0.06895861 6.993494
20 370.5805 0.06873951 7.527605
21 397.467 0.06856965 8.073753
22 425.7901 0.06841672 8.649078
23 456.2647 0.06824771 9.26811
24 489.2592 0.0680758 9.938328
25 525.1266 0.06790499 10.6669
26 564.1069 0.06774458 11.45871
27 606.3481 0.06760634 12.31676
28 651.9102 0.06750341 13.24226
29 700.6699 0.06745995 14.23272
30 752.4964 0.06748954 15.28547
31 807.2914 0.06760363 16.39852
32 869.0883 0.06773096 17.6538
33 934.689 0.06799113 18.98635
34 1004.104 0.06841472 20.39638
35 1077.686 0.06900769 21.89104
36 1155.698 0.0698096 23.47571
37 1238.444 0.0708521 25.15653
38 1326.021 0.0721666 26.93549
39 1417.619 0.07383689 28.79611
40 1513.141 0.07595427 30.73644
41 1582.753 0.07870974 32.15049
42 1687.056 0.08119081 34.26919
43 1795.976 0.08414721 36.48168
44 1879.266 0.08773236 38.17356
45 1980.369 0.09188986 40.22725
46 2112.381 0.09526431 42.90882
47 2124.627 0.1029844 43.15756
48 2225.136 0.1086501 45.1992
49 2313.594 0.1149508 46.99605
50 2385.248 0.122878 48.45158
51 2519.822 0.1289276 51.18517
52 2635.734 0.1365345 53.53969
53 2745.308 0.1458246 55.76547
54 2852.945 0.1553534 57.9519
Hawaii
1 590.9925 0.05610012 1.315126
2 745.5191 0.05082182 1.658991
3 871.2743 0.04802927 1.938832
4 990.3523 0.04615202 2.203814
5 1104.155 0.0447953 2.457057
6 1212.106 0.04379809 2.697279
7 1314.506 0.04304383 2.925147
8 1411.638 0.0424608 3.141294
9 1503.717 0.04200405 3.346197
10 1591.074 0.04164008 3.54059
11 1673.799 0.04135041 3.724678
12 1795.081 0.04051542 3.994563
13 1944.352 0.03946183 4.326733
14 2118.408 0.03834953 4.714058
15 2314.702 0.03727878 5.150868
16 2530.239 0.03631418 5.630498
17 2763.529 0.03546706 6.149634
18 3010.633 0.03476179 6.699511
19 3268.35 0.03419745 7.273005
20 3538.271 0.0337215 7.873655
21 3819.849 0.03331228 8.500247
22 4118.58 0.03295823 9.165007
23 4441.202 0.03264524 9.882933
24 4791.758 0.03238531 10.66302
25 5178.307 0.03216541 11.5232
26 5598.92 0.03203118 12.45918
27 6057.617 0.03198199 13.47991
28 6551.891 0.0320421 14.57981
29 7085.371 0.03219537 15.76696
30 7654.047 0.03245229 17.03242
31 8257.305 0.03280353 18.37484
32 8875.25 0.03577819 19.74995
33 9978.501 0.04086778 22.20499
34 11231.6 0.04063681 24.9935
35 11569.37 0.02903436 25.74512
36 12978.98 0.02706533 28.88192
37 13449.52 0.03245236 29.92899
38 15060.44 0.03241507 33.51376
39 15608.85 0.03343896 34.73412
40 17368.34 0.03602949 38.64949
41 17442.47 0.04961264 38.81444
42 19428.12 0.04755447 43.23308
43 19946.56 0.04696203 44.38674
44 21131.63 0.05052979 47.02386
45 20594.34 0.05935619 45.82824
46 18841.2 0.05184134 41.92701
47 17432.81 0.05318788 38.79293
48 15754.68 0.05903214 35.05862
49 14554.47 0.05078221 32.38781
50 14327.92 0.04654392 31.88367
51 15257.35 0.04513114 33.95193
52 14674.97 0.04657539 32.65596
53 15770.99 0.1945925 35.09491
54 16867.54 0.2608274 37.53505
MX_AR
1 91.29833 0.07687885 0.9819515
2 114.7322 0.07287548 1.233993
3 134.2644 0.07065722 1.44407
4 152.6216 0.06921444 1.641509
5 170.5014 0.06810494 1.833813
6 187.4908 0.06728309 2.016541
7 203.6602 0.06665172 2.19045
8 219.0516 0.06615382 2.355991
9 233.7031 0.06575176 2.513574
10 247.6511 0.06542171 2.66359
11 260.8799 0.06515273 2.805872
12 280.1647 0.06448292 3.013288
13 303.867 0.06365756 3.268216
14 331.519 0.06279231 3.565625
15 362.7053 0.0619625 3.901047
16 397.0374 0.06120847 4.270302
17 434.1352 0.06054788 4.669305
18 473.5768 0.05998125 5.093516
19 515.0123 0.0594992 5.539172
20 558.2133 0.05909581 6.003817
21 603.0626 0.05875591 6.486189
22 650.8808 0.05844021 7.000494
23 702.5177 0.05814348 7.55587
24 758.8043 0.0578643 8.161256
25 820.5398 0.05761166 8.825247
26 888.0352 0.05739047 9.551188
27 961.6478 0.05721026 10.34292
28 1041.481 0.0570732 11.20156
29 1127.669 0.05698303 12.12855
30 1219.592 0.05694472 13.11722
31 1317.551 0.05694766 14.1708
32 1458.197 0.057091 15.68352
33 1640.026 0.05712099 17.63916
34 1841.747 0.0569354 19.80876
35 2009.051 0.05671005 21.60818
36 2244.792 0.05665848 24.14367
37 2444.386 0.05808369 26.29039
38 2668.057 0.05967125 28.69606
39 2887.967 0.0643614 31.06128
40 3166.444 0.07275529 34.05642
41 3078.579 0.1028203 33.1114
42 3401.498 0.09824085 36.58452
43 3652.594 0.09865088 39.28517
44 3671.18 0.1047013 39.48506
45 3890.891 0.09899745 41.84815
46 4038.738 0.09947786 43.43831
47 3672.248 0.1039505 39.49656
48 3569.183 0.1059923 38.38805
49 3343.366 0.09941579 35.95929
50 2997.885 0.09489148 32.2435
51 3220.933 0.09064245 34.64248
52 3439.383 0.1000364 36.992
53 3640.438 0.1997241 39.15443
54 3870.84 0.2558871 41.63249
MX_ML
1 141.6695 0.06328543 0.5562753
2 173.9422 0.0602357 0.6829961
3 201.7367 0.05836853 0.7921335
4 227.5686 0.05724201 0.8935641
5 252.0696 0.05652327 0.9897691
6 274.4875 0.05616283 1.077795
7 295.2845 0.05599569 1.159455
8 314.5191 0.05597077 1.234981
9 332.3915 0.05603071 1.305159
10 348.8698 0.05617251 1.369862
11 363.9865 0.0563806 1.429219
12 387.0144 0.05619347 1.519639
13 415.5809 0.05584783 1.631808
14 448.9653 0.05545412 1.762894
15 486.5117 0.05508781 1.910322
16 527.8173 0.054775 2.072512
17 572.0967 0.05455289 2.246378
18 618.7963 0.05441601 2.429747
19 667.3062 0.05436359 2.620225
20 717.3405 0.05438826 2.816688
21 768.941 0.05446531 3.019301
22 824.0725 0.05453712 3.235779
23 882.4922 0.05466865 3.465168
24 945.7876 0.05482297 3.713701
25 1015.065 0.0550035 3.985724
26 1090.801 0.05520465 4.283109
27 1173.018 0.05545167 4.60594
28 1262.145 0.0557302 4.955901
29 1357.967 0.05605818 5.332153
30 1459.731 0.05643442 5.731738
31 1567.203 0.05686563 6.153731
32 1701.138 0.05925928 6.679638
33 1907.218 0.05766381 7.488826
34 2140.461 0.05723741 8.404669
35 2363.245 0.05670618 9.279448
36 2641.432 0.05682493 10.37177
37 2885.369 0.06379547 11.32961
38 2795.854 0.07132508 10.97812
39 3030.399 0.07195283 11.89908
40 3246.401 0.07206108 12.74722
41 3319.906 0.07561263 13.03584
42 3611.042 0.07317654 14.17901
43 3753.882 0.07304528 14.73988
44 3932.541 0.07182583 15.4414
45 4274.99 0.0692925 16.78605
46 4570.035 0.06854743 17.94456
47 4526.247 0.06685573 17.77263
48 4652.955 0.06478601 18.27016
49 4804.711 0.05975418 18.86604
50 4865.155 0.06000247 19.10337
51 5048.049 0.06229029 19.82152
52 5476.765 0.06222109 21.5049
53 5564.637 0.1015633 21.84994
54 5840.626 0.1167619 22.93363
Central_Am
1 38.46265 0.08897192 0.8776069
2 46.61405 0.08730389 1.063598
3 54.0018 0.08639021 1.232165
4 60.90965 0.0859148 1.389783
5 67.2621 0.08582374 1.534727
6 72.96438 0.0859029 1.664837
7 78.21939 0.08606469 1.784741
8 83.04457 0.08628624 1.894838
9 87.46881 0.08654567 1.995786
10 91.40685 0.086933 2.085641
11 94.97814 0.08733895 2.167128
12 100.5721 0.08748145 2.294766
13 107.5685 0.08750565 2.454403
14 115.6663 0.08755948 2.639173
15 124.7867 0.08760198 2.847273
16 134.9219 0.08765072 3.078529
17 145.6503 0.08779305 3.32332
18 156.9414 0.0879611 3.580951
19 168.6713 0.08815498 3.848593
20 180.6019 0.08842284 4.120816
21 192.9497 0.088698 4.402555
22 206.2413 0.08896173 4.705832
23 220.0438 0.08927614 5.020765
24 235.0048 0.08958861 5.362133
25 251.3209 0.08994009 5.734418
26 269.2625 0.09029636 6.143793
27 288.6341 0.09070278 6.585798
28 309.7406 0.0911246 7.067388
29 332.3732 0.09159465 7.583799
30 356.4279 0.09209268 8.132657
31 381.6751 0.09264799 8.708726
32 407.7123 0.1002931 9.302819
33 457.1306 0.09709528 10.4304
34 514.0656 0.09640384 11.7295
35 576.7684 0.09618939 13.16019
36 646.4577 0.09653051 14.7503
37 711.5411 0.110324 16.23532
38 603.8936 0.1210395 13.77911
39 658.1051 0.1198371 15.01606
40 685.7362 0.1169279 15.64652
41 743.9053 0.115651 16.97378
42 796.4252 0.1158658 18.17213
43 798.5384 0.1094691 18.22034
44 877.7684 0.0955666 20.02814
45 989.6786 0.09560556 22.58161
46 1101.161 0.0954328 25.12532
47 1186.26 0.09563086 27.06703
48 1281.151 0.09541328 29.23218
49 1415.436 0.09611141 32.29616
50 1534.461 0.1005981 35.01197
51 1565.542 0.1029538 35.72116
52 1723.919 0.1024082 39.33485
53 1711.223 0.1282259 39.04518
54 1784.667 0.1281994 40.72096

Feeding stock abundance: Estimate SD_log Estimate/K
RUS+WAL
1 97.03089 0.09543383 1.214349
2 123.6271 0.09168626 1.547202
3 140.4807 0.09266124 1.758127
4 159.5976 0.0917007 1.997376
5 177.6261 0.09109587 2.223005
6 194.7129 0.09068038 2.436847
7 210.8225 0.09042253 2.63846
8 226.0026 0.09027923 2.828441
9 240.2897 0.090222 3.007244
10 253.7219 0.0902326 3.17535
11 266.2447 0.09032653 3.332073
12 284.8348 0.09003847 3.56473
13 307.7881 0.08958518 3.851993
14 334.507 0.08907653 4.186382
15 364.6027 0.08854893 4.563032
16 397.5563 0.08805584 4.975449
17 433.0519 0.08759443 5.419679
18 470.6259 0.08718532 5.88992
19 509.9376 0.08682689 6.381909
20 550.6649 0.08651455 6.891614
21 592.4278 0.08625587 7.414281
22 636.7573 0.08599534 7.969067
23 684.5021 0.08573197 8.566597
24 736.4003 0.08546349 9.216107
25 793.0141 0.08519491 9.924633
26 854.7454 0.0849357 10.69721
27 921.8514 0.08469776 11.53704
28 994.3622 0.08450091 12.44452
29 1072.286 0.08435805 13.41975
30 1155.518 0.08428196 14.4614
31 1243.773 0.08429147 15.56592
32 1337.311 0.08439006 16.73655
33 1436.307 0.08460487 17.9755
34 1541.265 0.08495001 19.28906
35 1652.526 0.08545225 20.68149
36 1770.541 0.08613906 22.15846
37 1895.72 0.08704803 23.72509
38 2028.235 0.08821441 25.38352
39 2168.411 0.0896718 27.13783
40 2316.088 0.09146182 28.98602
41 2470.957 0.09363156 30.92423
42 2633.013 0.09619781 32.95237
43 2802.019 0.09919409 35.06749
44 2967.178 0.1029768 37.13446
45 3164.176 0.106405 39.59992
46 3304.11 0.112288 41.35119
47 3503.486 0.1168517 43.84641
48 3708.551 0.1219567 46.41281
49 3915.148 0.1277069 48.99838
50 4137.537 0.1336262 51.78161
51 4341.36 0.1407466 54.33247
52 4547.424 0.1483199 56.91138
53 4753.666 0.1563246 59.4925
54 4958.415 0.1647132 62.05495
EAL+BER+WGOA
1 226.9774 0.08787191 1.008319
2 289.1941 0.08361482 1.284708
3 339.1215 0.08146787 1.506505
4 386.6733 0.08004198 1.717748
5 431.9557 0.07904203 1.918909
6 475.1104 0.07830995 2.110618
7 516.2323 0.07775746 2.293297
8 555.4423 0.07732906 2.467483
9 592.8071 0.07699172 2.633471
10 628.2109 0.07674682 2.790748
11 661.9136 0.07655323 2.940468
12 711.1 0.07593963 3.158972
13 771.6277 0.07515126 3.427859
14 842.3104 0.07430401 3.741858
15 922.0387 0.07347489 4.096041
16 1009.805 0.07270572 4.485932
17 1104.662 0.07201445 4.907324
18 1205.684 0.07140512 5.3561
19 1311.963 0.0708778 5.828232
20 1422.994 0.07040881 6.321472
21 1537.767 0.07000376 6.831336
22 1660.189 0.06961305 7.375179
23 1792.671 0.06922748 7.963716
24 1937.347 0.06884181 8.606419
25 2095.714 0.06846506 9.309946
26 2269.059 0.06810221 10.08001
27 2458.197 0.06776175 10.92023
28 2663.56 0.06745067 11.83253
29 2883.527 0.06721488 12.80971
30 3120.013 0.06700212 13.86027
31 3373.61 0.06679396 14.98684
32 3834.917 0.06621337 17.03614
33 4342.53 0.06558386 19.29114
34 4900.233 0.0647187 21.76867
35 5505.271 0.06307519 24.45648
36 6164.998 0.06161428 27.38723
37 6885.423 0.06300505 30.58762
38 7670.552 0.06506852 34.07546
39 8478.915 0.07321422 37.66651
40 9301.819 0.08904479 41.32216
41 8635.931 0.1449663 38.36404
42 9577.548 0.1367873 42.54705
43 10598.47 0.1325018 47.08239
44 10151.28 0.1496252 45.09581
45 11121 0.1364112 49.40363
46 12024.83 0.127283 53.41881
47 10275.75 0.1456904 45.64873
48 9908.078 0.1474951 44.01539
49 8729.37 0.1523044 38.77913
50 6705.384 0.1665928 29.78783
51 7400.029 0.1527441 32.8737
52 8266.108 0.1813335 36.72115
53 8856.454 0.3506294 39.34368
54 9471.905 0.4459345 42.07775
NGOA
1 90.69334 0.08269703 1.175697
2 116.2316 0.0789187 1.506761
3 136.6029 0.07716538 1.770843
4 156.0625 0.07602173 2.023106
5 174.6472 0.07522829 2.264027
6 192.3077 0.07468864 2.492968
7 209.1725 0.07428645 2.711593
8 225.282 0.07397795 2.920427
9 240.6669 0.07373625 3.119869
10 255.3599 0.07354354 3.310341
11 269.3919 0.07338772 3.492243
12 289.6253 0.07300139 3.754537
13 314.3829 0.07254994 4.075481
14 343.2759 0.07208933 4.450033
15 375.7522 0.07168822 4.871038
16 411.4861 0.07134851 5.334271
17 449.8828 0.07110736 5.832024
18 490.7523 0.07092636 6.361834
19 533.655 0.07081065 6.918
20 578.3598 0.07073687 7.497528
21 624.5619 0.07069672 8.096466
22 673.6964 0.07068686 8.733417
23 726.8609 0.07069592 9.422611
24 784.7577 0.07073772 10.17315
25 848.0994 0.07080898 10.99428
26 917.3345 0.07091577 11.8918
27 992.6551 0.07106962 12.86822
28 1074.098 0.0712782 13.92399
29 1161.769 0.07153338 15.06052
30 1255.656 0.07182721 16.2776
31 1355.434 0.07216298 17.57107
32 1422.223 0.07285137 18.43688
33 1598.426 0.07381543 20.72109
34 1801.297 0.07291628 23.35099
35 1774.427 0.07234149 23.00266
36 1998.187 0.0703446 25.90336
37 1983.713 0.07728317 25.71572
38 2229.843 0.07667592 28.90641
39 2213.98 0.07428787 28.70077
40 2489.282 0.0726592 32.26963
41 2581.422 0.07678273 33.46409
42 2893.404 0.07651314 37.50844
43 2826.794 0.07169556 36.64495
44 3144.76 0.0783717 40.76688
45 2835.388 0.107661 36.75635
46 2252.214 0.07618457 29.19642
47 2196.871 0.07689087 28.47898
48 1831.771 0.0801479 23.74604
49 1682.653 0.111022 21.81296
50 1901.552 0.08218161 24.65064
51 1987.141 0.0747567 25.76017
52 1670.787 0.1544737 21.65913
53 1815.822 0.3616834 23.53928
54 1951.414 0.4673647 25.29702
SEA+NBC
1 351.1509 0.06672961 1.232022
2 446.4639 0.06270383 1.56643
3 521.0807 0.06099865 1.828225
4 591.478 0.05997292 2.075216
5 657.8868 0.05933888 2.308213
6 720.5756 0.05894355 2.528158
7 779.7415 0.05870429 2.735744
8 835.4716 0.05857944 2.931274
9 888.0189 0.05853126 3.115638
10 937.5385 0.05854018 3.289378
11 984.0753 0.05859901 3.452654
12 1053.185 0.05833154 3.695126
13 1138.393 0.05795372 3.994083
14 1238.019 0.05754988 4.343623
15 1350.146 0.05718798 4.737024
16 1473.981 0.05686453 5.171503
17 1606.616 0.05664434 5.636853
18 1745.518 0.05655435 6.124195
19 1892.987 0.0564661 6.641593
20 2048.905 0.05635284 7.188637
21 2208.671 0.05631078 7.749181
22 2378.163 0.05630604 8.343847
23 2560.079 0.05635503 8.982105
24 2761.439 0.05637226 9.688582
25 2979.71 0.05646834 10.45439
26 3218.537 0.05660798 11.29232
27 3475.557 0.05685467 12.19408
28 3754.473 0.05715423 13.17267
29 4053.373 0.0575386 14.22136
30 4371.101 0.05801493 15.33612
31 4712.754 0.05850528 16.53482
32 4938.354 0.06313151 17.32635
33 5547.351 0.07128859 19.46303
34 6245.135 0.07132062 21.91122
35 6143.972 0.05347571 21.55629
36 6910.278 0.05097162 24.24489
37 6853.312 0.06131058 24.04503
38 7719.176 0.06071622 27.08293
39 7668.408 0.05932087 26.90481
40 8622.907 0.05726518 30.25369
41 8912.192 0.06223369 31.26866
42 9990.822 0.06254788 35.05306
43 9796.923 0.0559951 34.37276
44 10897.55 0.06418006 38.23436
45 9840.219 0.09710814 34.52467
46 7813.14 0.06025129 27.41261
47 7605.056 0.06033683 26.68254
48 6336.447 0.06443412 22.23159
49 5808.954 0.1003728 20.38087
50 6560.731 0.06637577 23.0185
51 6838.644 0.05684929 23.99356
52 5746.219 0.1490319 20.16076
53 6229.807 0.3612383 21.85744
54 6693.26 0.4682465 23.48348
SBC+WA
1 27.11397 0.08221889 0.9421136
2 34.63673 0.07670806 1.203503
3 40.5846 0.07401123 1.41017
4 46.24006 0.07217871 1.606677
5 51.61876 0.07086605 1.793568
6 56.73724 0.06988701 1.971417
7 61.50834 0.06924687 2.137196
8 66.04153 0.06875698 2.294707
9 70.33913 0.0683803 2.444034
10 74.41743 0.06808697 2.58574
11 78.28703 0.06785776 2.720195
12 83.88338 0.06713942 2.914648
13 90.79783 0.06616275 3.154901
14 98.89209 0.0650759 3.436147
15 107.9295 0.06404262 3.750164
16 117.8782 0.06305933 4.095848
17 128.6299 0.0621562 4.469431
18 139.9747 0.06138899 4.863621
19 151.9068 0.06070961 5.27822
20 164.2373 0.06014837 5.70666
21 176.879 0.05969035 6.145913
22 190.3585 0.05923127 6.61428
23 204.8712 0.05877711 7.118544
24 220.6374 0.05832035 7.666362
25 237.8375 0.05786423 8.264003
26 256.5937 0.05741867 8.915714
27 276.997 0.05699461 9.624656
28 299.4834 0.05652708 10.40598
29 323.5052 0.05613933 11.24065
30 348.8215 0.05586221 12.1203
31 376.0573 0.05558382 13.06665
32 425.3567 0.05381707 14.77963
33 480.3886 0.05286753 16.69179
34 541.1061 0.05221207 18.80151
35 607.9818 0.05167412 21.1252
36 678.2412 0.05145252 23.56646
37 756.0092 0.05137128 26.26862
38 846.7909 0.05106224 29.42296
39 933.0244 0.0516992 32.41927
40 1037.781 0.05228841 36.0592
41 1144.16 0.05452536 39.75548
42 1255.898 0.0570876 43.63797
43 1387.42 0.05936772 48.20788
44 1523.022 0.06614387 52.91957
45 1577.271 0.1584606 54.80454
46 1616.635 0.1763879 56.17229
47 1467.344 0.1720125 50.98497
48 1500.293 0.09510662 52.12981
49 1628.52 0.08201444 56.58527
50 1778.535 0.07425265 61.79773
51 1916.532 0.07098149 66.59266
52 2068.439 0.06933291 71.87087
53 2212.849 0.07665618 76.8886
54 2297.522 0.1166168 79.83071
OR+CA
1 117.794 0.04957084 0.6067462
2 148.8857 0.04368412 0.7668967
3 172.6829 0.04093967 0.8894742
4 194.8118 0.03916077 1.003458
5 214.7199 0.03808039 1.106003
6 233.0276 0.03737728 1.200304
7 249.8189 0.03693368 1.286795
8 265.224 0.03667245 1.366145
9 279.1667 0.03656529 1.437963
10 291.7991 0.03656919 1.503031
11 302.9809 0.0366877 1.560628
12 320.7589 0.0362077 1.652201
13 342.9461 0.03548607 1.766484
14 368.9766 0.03467834 1.900565
15 398.713 0.03385931 2.053735
16 431.0324 0.03315285 2.220209
17 465.545 0.03258061 2.397981
18 501.7703 0.03215014 2.584574
19 539.1771 0.03186338 2.777253
20 578.1459 0.03166317 2.977978
21 618.5629 0.03153069 3.186162
22 659.8008 0.03152363 3.398575
23 703.9361 0.0315733 3.625912
24 752.0327 0.03167363 3.873653
25 804.8847 0.03183349 4.145889
26 862.2561 0.0320971 4.441404
27 925.0084 0.03245658 4.764636
28 992.6909 0.032941 5.113262
29 1064.99 0.03356288 5.48567
30 1141.486 0.03432512 5.879691
31 1225.397 0.03511882 6.311908
32 1303.925 0.05831309 6.7164
33 1463.662 0.0513683 7.539193
34 1646.545 0.04927741 8.481208
35 1850.44 0.04828689 9.53145
36 2072.518 0.04842147 10.67536
37 2281.082 0.07758286 11.74965
38 1895.073 0.09370355 9.761353
39 2073.203 0.09086812 10.67889
40 2150.089 0.08710612 11.07492
41 2314.951 0.08484611 11.92411
42 2486.76 0.08538713 12.80908
43 2472.519 0.07492336 12.73572
44 2726.784 0.04248313 14.04542
45 3063.717 0.0386639 15.78093
46 3383.884 0.03725053 17.43009
47 3663.281 0.0374169 18.86923
48 4075.36 0.03680334 20.99181
49 4461.229 0.038593 22.97939
50 4899.925 0.04968998 25.23908
51 4992.692 0.05683796 25.71691
52 5486.988 0.05501758 28.26299
53 5427.295 0.09874141 27.95551
54 5656.6 0.09829687 29.13664

Parameters: Estimate  Std. Error      z value    Pr(>|z^2|)
rval 0.09110183 0.0018124 50.26578218 0
logK 8.50166385 0.62325076 13.64083993 0
logK 10.71304123 0.26793168 39.98422687 0
logK 9.13751601 0.6980363 13.09031629 0
logK 10.1451591 0.46132261 21.99146303 0
logK 8.38541441 0.81546164 10.28302743 0
logBK 4.29213309 0.66036525 6.49963504 0
logBK 4.36742391 0.27862533 15.67489923 0
logBK 4.66277776 0.71063527 6.56142177 0
logBK 5.23514035 0.47042294 11.12858227 0
logBK 4.7761236 0.82048512 5.82109713 1e-08
MixPars -2.29649399 0.2975897 -7.71698077 0
MixPars -2.89343653 0.20090109 -14.40229417 0
MixPars -0.86980866 0.11673418 -7.45119069 0
MixPars -1.49411831 0.09010246 -16.58243567 0
MixPars -2.97890374 0.09708737 -30.68270971 0
MixPars -1.6742065 0.24889274 -6.72661859 0
MixPars -1.67253369 0.21462501 -7.79281827 0
MixPars -1.58117299 0.29253212 -5.40512604 6e-08
MixPars -3.47929453 0.27639249 -12.58823831 0
MixPars -1.79561793 0.25722053 -6.98084996 0
MixPars -1.69463665 0.35992331 -4.70832705 2.5e-06
MixPars -1.83615321 0.32820271 -5.59457061 2e-08
MixPars -1.24757139 0.4263227 -2.9263546 0.0034296
MixPars -1.61994989 0.20435549 -7.92711712 0
MixPars 0.86221526 0.16091996 5.35803797 8e-08
MixPars -2.99028176 0.25877551 -11.55550521 0
AddV 0.02348175 0.0160603 1.4620988 0.14371414
AddV 0.00936966 0.00328651 2.85094514 0.00435895
AddV 0.03325977 0.02087561 1.59323589 0.11110728
SFdev -0.45453498 0.51857507 -0.87650759 0.38075415
SFdev -0.4590439 0.51663308 -0.88852984 0.37425581
SFdev -0.44236208 0.52311637 -0.84562846 0.39776005
SFdev -0.39542957 0.54280063 -0.72849873 0.46630834
SFdev -0.38376092 0.54619128 -0.70261269 0.48229715
SFdev -0.38315454 0.54844055 -0.69862548 0.48478611
SFdev -0.3826599 0.5488665 -0.6971821 0.48568884
SFdev -0.27740395 0.59722493 -0.46448823 0.64229799
SFdev -0.21322067 0.63051684 -0.33816807 0.73523653
SFdev 0.23646499 0.16698499 1.41608531 0.15675053
SFdev -0.24930459 0.62728358 -0.39743522 0.69104655
SFdev -0.27000235 0.61358861 -0.44003807 0.65990954
SFdev 0.19911329 0.22361771 0.89041823 0.37324136
SFdev -0.14212176 0.67090955 -0.21183445 0.83223619
SFdev -0.09350999 0.6287821 -0.14871605 0.8817777
SFdev 0.31222543 0.1321614 2.3624555 0.01815432
SFdev 0.19851567 0.22523131 0.88138577 0.37810906
SFdev 0.29714698 0.15501619 1.91687712 0.05525354
SFdev 0.3929956 0.10517957 3.73642518 0.00018665
SFdev -0.05499523 0.54214556 -0.10143996 0.91920121
SFdev -0.13691614 0.7287268 -0.18788404 0.85096755
SFdev -4.829e-05 0.99988119 -4.83e-05 0.99996146
SFdev -4.43e-06 0.99998893 -4.43e-06 0.99999646
SFdev 0 1 0 1
SFdev 0.07364859 0.08868913 0.83041278 0.40630544
SFdev -0.25118992 0.55194399 -0.45510039 0.64903702
SFdev -0.35644029 0.55168733 -0.64609114 0.51822033
SFdev 0.17752994 0.08059661 2.2026973 0.02761609
SFdev -0.35739585 0.52931001 -0.67521083 0.49954182
SFdev 0.16476412 0.07458835 2.20897939 0.02717607
SFdev -0.39030547 0.53107035 -0.73494119 0.46237531
SFdev 0.1616442 0.06938816 2.32956457 0.01982918
SFdev -0.39030442 0.49803517 -0.78368848 0.43322292
SFdev 0.07808061 0.08249452 0.94649456 0.3438964
SFdev -0.37644413 0.52860636 -0.71214453 0.47637528
SFdev 0.17912888 0.04681696 3.82615365 0.00013016
SFdev -0.2898972 0.54451846 -0.53239187 0.59445462
SFdev 0.26954954 0.08484969 3.17678877 0.00148915
SFdev 0.36660207 0.05146802 7.12290979 0
SFdev 0.19130995 0.04501789 4.24964296 2.141e-05
SFdev 0.34423415 0.02986292 11.52714227 0
SFdev 0.26524192 0.08646966 3.06745665 0.00215889
SFdev -0.18406136 0.5741334 -0.32058989 0.7485212
SFdev 0.10318128 0.06897631 1.49589455 0.13468114
SFdev 0.33757406 0.09859985 3.42367734 0.0006178
SFdev -1.711e-05 0.99995901 -1.711e-05 0.99998635
SFdev -1.84e-06 0.99999548 -1.84e-06 0.99999854
SFdev 0 1 0 1
SFdev -0.38102647 0.55295068 -0.68907857 0.49077382
SFdev -0.4376311 0.52797574 -0.82888488 0.40716955
SFdev -0.46794857 0.51553173 -0.90770081 0.36403631
SFdev -0.48024697 0.51065939 -0.9404448 0.34698945
SFdev -0.4765917 0.51223838 -0.93040998 0.35215885
SFdev -0.47380081 0.51264405 -0.9242296 0.35536679
SFdev -0.4916389 0.50629979 -0.97104306 0.33152684
SFdev -0.46282287 0.51715866 -0.89493399 0.37082237
SFdev -0.40759823 0.53916924 -0.75597457 0.44966444
SFdev -0.3532929 0.56224981 -0.62835575 0.52977092
SFdev -0.35289553 0.56361204 -0.62613199 0.53122837
SFdev -0.35191274 0.56592212 -0.62183951 0.5340474
SFdev -0.29054826 0.60019872 -0.48408677 0.62832429
SFdev 0.02473945 0.50165142 0.04931601 0.96066746
SFdev 0.05326811 0.5434232 0.09802325 0.92191383
SFdev 0.24939486 0.24455437 1.01979308 0.30782661
SFdev 0.08129395 0.41571735 0.19555103 0.84496159
SFdev -0.24260999 0.62364414 -0.38901991 0.69726142
SFdev -0.23481713 0.61451193 -0.38211973 0.70237256
SFdev -0.24850044 0.60584516 -0.41017154 0.68168012
SFdev -0.27283174 0.59967547 -0.45496564 0.64913396
SFdev -0.21279448 0.62614449 -0.33984884 0.73397037
SFdev -0.08093778 0.62463739 -0.12957562 0.89690219
SFdev 0 1 0 1
SFdev 0.02267278 0.2014822 0.11252996 0.91040322
SFdev -0.29927749 0.5745411 -0.52089831 0.60243761
SFdev -0.40586721 0.53410585 -0.75990032 0.44731417
SFdev -0.41199434 0.53127188 -0.77548681 0.43805206
SFdev -0.4032243 0.53641134 -0.75170726 0.45222712
SFdev -0.16213787 0.59655618 -0.27178977 0.78578367
SFdev 0.34180198 0.08740742 3.91044599 9.213e-05
SFdev -0.08806478 0.52097033 -0.16903991 0.86576525
SFdev 0.09018658 0.24573401 0.36700892 0.71361236
SFdev -0.03318835 0.40049638 -0.08286805 0.93395646
SFdev 0.00459804 0.33029189 0.01392114 0.9888929
SFdev 0.17075835 0.14573272 1.17172283 0.24130835
SFdev -0.07517146 0.38065649 -0.19747845 0.84345314
SFdev -0.427043 0.5248616 -0.81362972 0.4158571
SFdev -0.54879016 0.48315995 -1.13583538 0.25602547
SFdev -0.58364547 0.47270423 -1.23469483 0.2169441
SFdev -0.49888851 0.50086138 -0.99606105 0.31922048
SFdev -0.42005785 0.52781385 -0.7958447 0.42612231
SFdev -0.25390491 0.5504878 -0.46123622 0.64462914
SFdev 0.0955674 0.14655178 0.65210673 0.51433232
SFdev -0.30070275 0.561949 -0.53510683 0.59257598
SFdev 0.14725188 0.18553467 0.79366233 0.42739204
SFdev 0.04331442 0.35713937 0.12128155 0.90346803
SFdev 0 1 0 1

Mixing matrix
0.90858626 0.09141374 0 0 0 0 ,# Asia
0.03165409 0.23948608 0.12827619 0.57152255 0.02906109 0 ,# Hawaii
0.10544227 0.56248816 0.1056188 0.11572273 0.01734103 0.093387 ,# MX_AR
0.04376534 0.23828774 0.0379901 0.06843658 0.0471592 0.56436104 ,# MX_ML
0 0 0 0 0.04786685 0.95213315 ,# Central_Am

Split of breeding stock to feeding grounds over time
Split for: Asia
Year RUS+WAL EAL+BER+WGOA NGOA SEA+NBC SBC+WA OR+CA
1970 0.91063 0.08937 0 0 0 0
1971 0.91103 0.08897 0 0 0 0
1972 0.90891 0.09109 0 0 0 0
1973 0.90907 0.09093 0 0 0 0
1974 0.90921 0.09079 0 0 0 0
1975 0.90933 0.09067 0 0 0 0
1976 0.90945 0.09055 0 0 0 0
1977 0.90955 0.09045 0 0 0 0
1978 0.90964 0.09036 0 0 0 0
1979 0.90976 0.09024 0 0 0 0
1980 0.90987 0.09013 0 0 0 0
1981 0.90997 0.09003 0 0 0 0
1982 0.91005 0.08995 0 0 0 0
1983 0.91012 0.08988 0 0 0 0
1984 0.91019 0.08981 0 0 0 0
1985 0.91024 0.08976 0 0 0 0
1986 0.91029 0.08971 0 0 0 0
1987 0.91033 0.08967 0 0 0 0
1988 0.91038 0.08962 0 0 0 0
1989 0.9104 0.0896 0 0 0 0
1990 0.91043 0.08957 0 0 0 0
1991 0.91045 0.08955 0 0 0 0
1992 0.91048 0.08952 0 0 0 0
1993 0.9105 0.0895 0 0 0 0
1994 0.91052 0.08948 0 0 0 0
1995 0.91054 0.08946 0 0 0 0
1996 0.91055 0.08945 0 0 0 0
1997 0.91056 0.08944 0 0 0 0
1998 0.91062 0.08938 0 0 0 0
1999 0.91067 0.08933 0 0 0 0
2000 0.91067 0.08933 0 0 0 0
2001 0.90516 0.09484 0 0 0 0
2002 0.89988 0.10012 0 0 0 0
2003 0.89484 0.10516 0 0 0 0
2004 0.8902 0.1098 0 0 0 0
2005 0.88819 0.11181 0 0 0 0
2006 0.88579 0.11421 0 0 0 0
2007 0.88349 0.11651 0 0 0 0
2008 0.88201 0.11799 0 0 0 0
2009 0.88137 0.11863 0 0 0 0
2010 0.89919 0.10081 0 0 0 0
2011 0.89561 0.10439 0 0 0 0
2012 0.89173 0.10827 0 0 0 0
2013 0.90372 0.09628 0 0 0 0
2014 0.89473 0.10527 0 0 0 0
2015 0.89525 0.10475 0 0 0 0
2016 0.9169 0.0831 0 0 0 0
2017 0.92104 0.07896 0 0 0 0
2018 0.93493 0.06507 0 0 0 0
2019 0.9517 0.0483 0 0 0 0
2020 0.94367 0.05633 0 0 0 0
2021 0.93676 0.06324 0 0 0 0
2022 0.9321 0.0679 0 0 0 0
2023 0.92694 0.07306 0 0 0 0
2024 0.92981 0.07019 0 0 0 0
Split for: Hawaii
Year RUS+WAL EAL+BER+WGOA NGOA SEA+NBC SBC+WA OR+CA
1970 0.0322 0.23765 0.13035 0.57035 0.02945 0
1971 0.03241 0.23799 0.13111 0.56888 0.02961 0
1972 0.0317 0.23893 0.13181 0.56784 0.02972 0
1973 0.03185 0.23961 0.13234 0.56638 0.02981 0
1974 0.032 0.24027 0.13284 0.565 0.02989 0
1975 0.03213 0.24093 0.13326 0.5637 0.02997 0
1976 0.03227 0.2416 0.13367 0.56245 0.03001 0
1977 0.0324 0.24228 0.13408 0.56119 0.03005 0
1978 0.03253 0.24295 0.13448 0.55996 0.03009 0
1979 0.03265 0.24356 0.13488 0.55878 0.03013 0
1980 0.03278 0.24418 0.13528 0.55758 0.03018 0
1981 0.03291 0.24482 0.13563 0.55644 0.0302 0
1982 0.03303 0.24549 0.13594 0.55531 0.03023 0
1983 0.03315 0.24614 0.13624 0.55422 0.03026 0
1984 0.03326 0.2468 0.13649 0.55317 0.03027 0
1985 0.03336 0.24739 0.13671 0.55226 0.03028 0
1986 0.03347 0.24804 0.13689 0.55129 0.0303 0
1987 0.0336 0.24884 0.13715 0.55009 0.03033 0
1988 0.0337 0.24947 0.1373 0.54919 0.03034 0
1989 0.03377 0.24993 0.13734 0.54863 0.03032 0
1990 0.03385 0.25045 0.13742 0.54798 0.0303 0
1991 0.03394 0.25099 0.13749 0.54729 0.03029 0
1992 0.03403 0.2516 0.1376 0.54649 0.03029 0
1993 0.0341 0.25205 0.1376 0.546 0.03026 0
1994 0.03418 0.25258 0.13764 0.54536 0.03024 0
1995 0.03426 0.2531 0.13767 0.54475 0.03021 0
1996 0.03435 0.25375 0.13775 0.54395 0.0302 0
1997 0.03444 0.25437 0.13777 0.54319 0.03024 0
1998 0.03454 0.25493 0.13782 0.54245 0.03026 0
1999 0.03465 0.25559 0.13789 0.54161 0.03026 0
2000 0.03473 0.25621 0.13786 0.54093 0.03027 0
2001 0.03491 0.27505 0.13369 0.52402 0.03233 0
2002 0.03311 0.27697 0.13366 0.52376 0.03251 0
2003 0.03139 0.27738 0.13399 0.5247 0.03254 0
2004 0.03308 0.30684 0.12701 0.49699 0.03608 0
2005 0.03148 0.29798 0.12946 0.50605 0.03504 0
2006 0.03363 0.32602 0.12265 0.47932 0.03837 0
2007 0.03246 0.32192 0.12352 0.48389 0.03821 0
2008 0.03339 0.3359 0.12006 0.47076 0.03989 0
2009 0.03271 0.33105 0.12112 0.47505 0.04007 0
2010 0.03486 0.2939 0.12783 0.49989 0.04353 0
2011 0.03383 0.29652 0.12755 0.49914 0.04296 0
2012 0.03482 0.31786 0.12206 0.47991 0.04535 0
2013 0.03573 0.28622 0.12784 0.50276 0.04746 0
2014 0.03834 0.33922 0.11613 0.45796 0.04833 2e-05
2015 0.04598 0.4046 0.10018 0.39477 0.05447 0
2016 0.05261 0.35854 0.10914 0.42843 0.05128 0
2017 0.06193 0.39921 0.09783 0.38309 0.05793 0
2018 0.0694 0.36319 0.10146 0.39583 0.07013 0
2019 0.06941 0.26487 0.12063 0.46948 0.07561 0
2020 0.06569 0.2949 0.11506 0.44634 0.07801 0
2021 0.0692 0.3513 0.10142 0.39331 0.08477 0
2022 0.06536 0.35803 0.10236 0.39593 0.07832 0
2023 0.06452 0.38242 0.09858 0.38158 0.0729 0
2024 0.06475 0.36751 0.10251 0.39762 0.06762 0
Split for: MX_AR
Year RUS+WAL EAL+BER+WGOA NGOA SEA+NBC SBC+WA OR+CA
1970 0.1077 0.56046 0.10776 0.11596 0.01765 0.09047
1971 0.10819 0.56019 0.10818 0.11544 0.0177 0.09029
1972 0.10583 0.56236 0.10875 0.11522 0.01777 0.09007
1973 0.10612 0.56283 0.10897 0.11469 0.01779 0.0896
1974 0.10642 0.56346 0.10921 0.11422 0.01781 0.08888
1975 0.10671 0.56413 0.10939 0.11378 0.01783 0.08816
1976 0.10699 0.56483 0.10955 0.11336 0.01782 0.08745
1977 0.10726 0.56554 0.10971 0.11293 0.01782 0.08675
1978 0.10752 0.56625 0.10987 0.11251 0.01782 0.08603
1979 0.10779 0.5669 0.11005 0.11212 0.01782 0.08531
1980 0.10807 0.5676 0.11024 0.11174 0.01783 0.08453
1981 0.10834 0.56835 0.11038 0.11136 0.01781 0.08376
1982 0.1086 0.56913 0.11048 0.11099 0.01781 0.08299
1983 0.10884 0.5699 0.11058 0.11063 0.0178 0.08225
1984 0.10907 0.57063 0.11063 0.11026 0.01778 0.08162
1985 0.10927 0.57133 0.11068 0.10995 0.01777 0.08099
1986 0.10948 0.57208 0.11068 0.10961 0.01776 0.08038
1987 0.10969 0.57289 0.11069 0.10918 0.01774 0.0798
1988 0.10989 0.57362 0.11068 0.10886 0.01773 0.07922
1989 0.11005 0.57424 0.11062 0.10867 0.0177 0.07872
1990 0.11019 0.57482 0.11057 0.10843 0.01767 0.07832
1991 0.11036 0.57551 0.11052 0.10818 0.01765 0.07778
1992 0.11053 0.57622 0.11047 0.1079 0.01762 0.07725
1993 0.11067 0.57684 0.1104 0.10773 0.01759 0.07677
1994 0.11082 0.57747 0.11032 0.10749 0.01756 0.07634
1995 0.11096 0.57808 0.11023 0.10726 0.01753 0.07593
1996 0.11111 0.57873 0.11013 0.10695 0.0175 0.07558
1997 0.11124 0.57935 0.11 0.10665 0.0175 0.07526
1998 0.11142 0.57986 0.1099 0.10637 0.01749 0.07496
1999 0.1116 0.58046 0.10978 0.10604 0.01746 0.07466
2000 0.11171 0.58099 0.10959 0.10575 0.01744 0.07453
2001 0.10823 0.60125 0.10245 0.09875 0.01796 0.07135
2002 0.10275 0.60612 0.10254 0.09881 0.01807 0.07171
2003 0.09776 0.60917 0.10316 0.09934 0.01816 0.07241
2004 0.09632 0.62994 0.09141 0.08796 0.01882 0.07556
2005 0.09348 0.62395 0.09503 0.09135 0.01864 0.07755
2006 0.09393 0.64214 0.08469 0.08139 0.0192 0.07865
2007 0.09363 0.65466 0.08806 0.08483 0.01974 0.05908
2008 0.09354 0.6635 0.08314 0.08017 0.02002 0.05964
2009 0.09293 0.66317 0.08506 0.08204 0.02039 0.05641
2010 0.10462 0.62187 0.09482 0.09119 0.0234 0.0641
2011 0.10101 0.62423 0.09413 0.09059 0.02297 0.06708
2012 0.10036 0.64605 0.08697 0.08409 0.02342 0.05911
2013 0.10801 0.61016 0.09554 0.0924 0.02571 0.06818
2014 0.10396 0.64852 0.07783 0.07548 0.02347 0.07075
2015 0.10864 0.67402 0.0585 0.05669 0.02305 0.07909
2016 0.12888 0.61932 0.06609 0.0638 0.0225 0.0994
2017 0.13727 0.6239 0.0536 0.05161 0.023 0.11062
2018 0.15618 0.57632 0.05644 0.05415 0.02827 0.12864
2019 0.17942 0.48275 0.07707 0.07377 0.03501 0.15198
2020 0.16606 0.5256 0.07189 0.06858 0.03533 0.13255
2021 0.15763 0.56419 0.0571 0.05446 0.03459 0.13204
2022 0.15141 0.5848 0.05861 0.05575 0.0325 0.11692
2023 0.14518 0.60671 0.05483 0.05219 0.02938 0.11172
2024 0.14754 0.59049 0.05774 0.05508 0.0276 0.12156
Split for: MX_ML
Year RUS+WAL EAL+BER+WGOA NGOA SEA+NBC SBC+WA OR+CA
1970 0.04542 0.24124 0.03938 0.06968 0.04876 0.55552
1971 0.04567 0.24137 0.03958 0.06943 0.04897 0.55498
1972 0.04473 0.24259 0.03983 0.06939 0.04922 0.55425
1973 0.04498 0.24347 0.04002 0.06926 0.04939 0.55288
1974 0.04529 0.24476 0.04028 0.06927 0.04966 0.55075
1975 0.04561 0.24608 0.04051 0.06929 0.04992 0.54859
1976 0.04592 0.24742 0.04075 0.06932 0.05012 0.54647
1977 0.04623 0.24878 0.04098 0.06935 0.05032 0.54435
1978 0.04654 0.25016 0.04121 0.06939 0.05053 0.54217
1979 0.04686 0.25152 0.04146 0.06945 0.05075 0.53996
1980 0.0472 0.25302 0.04172 0.06953 0.05101 0.53752
1981 0.04754 0.25454 0.04197 0.06962 0.05122 0.53511
1982 0.04787 0.25608 0.04221 0.06971 0.05143 0.5327
1983 0.0482 0.25759 0.04244 0.0698 0.05165 0.53032
1984 0.04849 0.25892 0.04262 0.06984 0.0518 0.52833
1985 0.04877 0.26025 0.04281 0.06992 0.05195 0.5263
1986 0.04905 0.26158 0.04297 0.06997 0.05212 0.52432
1987 0.04932 0.26291 0.04313 0.06994 0.05226 0.52243
1988 0.04959 0.2642 0.04328 0.07 0.05241 0.52051
1989 0.04982 0.26533 0.0434 0.0701 0.0525 0.51885
1990 0.05002 0.26629 0.04349 0.07012 0.05255 0.51754
1991 0.05026 0.26751 0.04362 0.0702 0.05266 0.51576
1992 0.05051 0.26874 0.04375 0.07025 0.05276 0.51399
1993 0.05073 0.26988 0.04385 0.07036 0.05284 0.51234
1994 0.05094 0.27091 0.04394 0.07039 0.05289 0.51093
1995 0.05114 0.27193 0.04403 0.07043 0.05294 0.50953
1996 0.05133 0.27286 0.04409 0.07039 0.05297 0.50837
1997 0.0515 0.27373 0.04413 0.07035 0.05306 0.50724
1998 0.05168 0.2745 0.04417 0.07029 0.05314 0.50622
1999 0.05187 0.27534 0.04422 0.07022 0.05316 0.50521
2000 0.05196 0.27584 0.04418 0.07009 0.05315 0.50478
2001 0.05135 0.29113 0.04212 0.06675 0.05582 0.49284
2002 0.04862 0.29271 0.04204 0.06661 0.05603 0.49399
2003 0.04604 0.29277 0.0421 0.06665 0.05602 0.49643
2004 0.04444 0.29666 0.03655 0.05783 0.0569 0.50762
2005 0.0426 0.29025 0.03753 0.05932 0.05566 0.51463
2006 0.04251 0.2966 0.03321 0.05248 0.05694 0.51826
2007 0.04805 0.34292 0.03916 0.06203 0.06638 0.44145
2008 0.04781 0.34612 0.03682 0.05838 0.06703 0.44384
2009 0.04852 0.3534 0.03849 0.06103 0.06976 0.4288
2010 0.05133 0.31143 0.04032 0.06375 0.07522 0.45796
2011 0.04866 0.30691 0.03929 0.06217 0.07251 0.47045
2012 0.05097 0.33489 0.03828 0.06085 0.07793 0.43708
2013 0.05128 0.29566 0.03931 0.0625 0.07996 0.4713
2014 0.04893 0.31154 0.03174 0.05062 0.07239 0.48479
2015 0.04871 0.30842 0.02273 0.03622 0.06772 0.51622
2016 0.05147 0.25246 0.02287 0.03631 0.05889 0.578
2017 0.0517 0.23982 0.01749 0.0277 0.05676 0.60654
2018 0.05333 0.20086 0.0167 0.02635 0.06325 0.63951
2019 0.0546 0.14994 0.02033 0.03198 0.06981 0.67334
2020 0.05492 0.17741 0.0206 0.03232 0.07655 0.6382
2021 0.05238 0.19134 0.01644 0.02578 0.07531 0.63875
2022 0.0542 0.21365 0.01818 0.02843 0.07623 0.60932
2023 0.05366 0.22889 0.01756 0.02749 0.07116 0.60123
2024 0.05214 0.213 0.01768 0.02773 0.06392 0.62552
Split for: Central_Am
Year RUS+WAL EAL+BER+WGOA NGOA SEA+NBC SBC+WA OR+CA
1970 0 0 0 0 0.05016 0.94984
1971 0 0 0 0 0.05041 0.94959
1972 0 0 0 0 0.05071 0.94929
1973 0 0 0 0 0.05101 0.94899
1974 0 0 0 0 0.05145 0.94855
1975 0 0 0 0 0.05191 0.94809
1976 0 0 0 0 0.05229 0.94771
1977 0 0 0 0 0.05268 0.94732
1978 0 0 0 0 0.05309 0.94691
1979 0 0 0 0 0.05352 0.94648
1980 0 0 0 0 0.05401 0.94599
1981 0 0 0 0 0.05445 0.94555
1982 0 0 0 0 0.0549 0.9451
1983 0 0 0 0 0.05536 0.94464
1984 0 0 0 0 0.0557 0.9443
1985 0 0 0 0 0.05606 0.94394
1986 0 0 0 0 0.05643 0.94357
1987 0 0 0 0 0.05677 0.94323
1988 0 0 0 0 0.05712 0.94288
1989 0 0 0 0 0.05739 0.94261
1990 0 0 0 0 0.05757 0.94243
1991 0 0 0 0 0.05787 0.94213
1992 0 0 0 0 0.05816 0.94184
1993 0 0 0 0 0.05842 0.94158
1994 0 0 0 0 0.05863 0.94137
1995 0 0 0 0 0.05883 0.94117
1996 0 0 0 0 0.05899 0.94101
1997 0 0 0 0 0.05921 0.94079
1998 0 0 0 0 0.0594 0.9406
1999 0 0 0 0 0.05954 0.94046
2000 0 0 0 0 0.05957 0.94043
2001 0 0 0 0 0.06379 0.93621
2002 0 0 0 0 0.06388 0.93612
2003 0 0 0 0 0.06358 0.93642
2004 0 0 0 0 0.06317 0.93683
2005 0 0 0 0 0.0611 0.9389
2006 0 0 0 0 0.062 0.938
2007 0 0 0 0 0.08296 0.91704
2008 0 0 0 0 0.08329 0.91671
2009 0 0 0 0 0.08915 0.91085
2010 0 0 0 0 0.08993 0.91007
2011 0 0 0 0 0.08486 0.91514
2012 0 0 0 0 0.09687 0.90313
2013 0 0 0 0 0.09262 0.90738
2014 0 0 0 0 0.08243 0.91757
2015 0 0 0 0 0.07315 0.92685
2016 0 0 0 0 0.05776 0.94224
2017 0 0 0 0 0.0533 0.9467
2018 0 0 0 0 0.05616 0.94384
2019 0 0 0 0 0.05871 0.94129
2020 0 0 0 0 0.0673 0.9327
2021 0 0 0 0 0.06623 0.93377
2022 0 0 0 0 0.07 0.93
2023 0 0 0 0 0.06647 0.93353
2024 0 0 0 0 0.05791 0.94209

Difference in mortality over time
Difference for: Asia
Year RUS+WAL EAL+BER+WGOA NGOA SEA+NBC SBC+WA OR+CA
1970 0 0 0 0 0 0
1971 0 0 0 0 0 0
1972 0 0 0 0 0 0
1973 0 0 0 0 0 0
1974 0 0 0 0 0 0
1975 0 0 0 0 0 0
1976 0 0 0 0 0 0
1977 0 0 0 0 0 0
1978 0 0 0 0 0 0
1979 0 0 0 0 0 0
1980 0 0 0 0 0 0
1981 0 0 0 0 0 0
1982 0 0 0 0 0 0
1983 0 0 0 0 0 0
1984 0 0 0 0 0 0
1985 0 0 0 0 0 0
1986 0 0 0 0 0 0
1987 0 0 0 0 0 0
1988 0 0 0 0 0 0
1989 0 0 0 0 0 0
1990 0 0 0 0 0 0
1991 0 0 0 0 0 0
1992 0 0 0 0 0 0
1993 0 0 0 0 0 0
1994 0 0 0 0 0 0
1995 0 0 0 0 0 0
1996 0 0 0 0 0 0
1997 0 0 0 0 0 0
1998 0 0 0 0 0 0
1999 0 0 0 0 0 0
2000 0 3 0 0 0 0
2001 0 3 0 0 0 0
2002 0 3 0 0 0 0
2003 0 4 0 0 0 0
2004 0 4 0 0 0 0
2005 0 4 0 0 0 0
2006 0 5 0 0 0 0
2007 0 5 0 0 0 0
2008 0 5 0 0 0 0
2009 0 -20 0 0 0 0
2010 0 5 0 0 0 0
2011 0 6 0 0 0 0
2012 0 -17 0 0 0 0
2013 0 4 0 0 0 0
2014 0 4 0 0 0 0
2015 0 -38 0 0 0 0
2016 0 -15 0 0 0 0
2017 0 -29 0 0 0 0
2018 0 -42 0 0 0 0
2019 0 1 0 0 0 0
2020 0 3 0 0 0 0
2021 0 0 0 0 0 0
2022 0 0 0 0 0 0
2023 0 0 0 0 0 0
Difference for: Hawaii
Year RUS+WAL EAL+BER+WGOA NGOA SEA+NBC SBC+WA OR+CA
1970 0 0 0 0 0 0
1971 0 0 0 0 0 0
1972 0 0 0 0 0 0
1973 0 0 0 0 0 0
1974 0 0 0 0 0 0
1975 0 0 0 0 0 0
1976 0 0 0 0 0 0
1977 0 0 0 0 0 0
1978 0 0 0 0 0 0
1979 0 0 0 0 0 0
1980 0 0 0 0 0 0
1981 0 0 0 0 0 0
1982 0 0 0 0 0 0
1983 0 0 0 0 0 0
1984 0 0 0 0 0 0
1985 0 0 0 0 0 0
1986 0 0 0 0 0 0
1987 0 0 0 0 0 0
1988 0 0 0 0 0 0
1989 0 0 0 0 0 0
1990 0 0 0 0 0 0
1991 0 0 0 0 0 0
1992 0 0 0 0 0 0
1993 0 0 0 0 0 0
1994 0 0 0 0 0 0
1995 0 0 0 0 0 0
1996 0 0 0 0 0 0
1997 0 0 0 0 0 0
1998 0 0 0 0 0 0
1999 0 0 0 0 0 0
2000 0 78 -24 -93 9 0
2001 0 89 37 144 10 0
2002 0 101 47 184 12 0
2003 0 111 -103 -401 13 0
2004 0 123 52 205 15 0
2005 0 138 -102 -397 17 0
2006 0 154 60 234 19 0
2007 0 155 -111 -432 21 0
2008 0 152 67 262 22 0
2009 0 -623 -47 -183 24 0
2010 0 167 78 301 27 0
2011 0 191 -168 -651 29 0
2012 0 -539 78 304 30 0
2013 0 144 -354 -1379 -6 0
2014 0 117 -557 -2175 -15 0
2015 0 -1311 -144 -563 -126 0
2016 0 -521 -384 -1495 -23 0
2017 0 -989 -201 -780 30 0
2018 0 -1461 37 145 33 0
2019 0 46 -51 -198 36 0
2020 0 103 -335 -1297 41 0
2021 0 0 0 0 39 0
2022 0 0 0 0 22 0
2023 0 0 0 0 0 0
Difference for: MX_AR
Year RUS+WAL EAL+BER+WGOA NGOA SEA+NBC SBC+WA OR+CA
1970 0 0 0 0 0 0
1971 0 0 0 0 0 0
1972 0 0 0 0 0 0
1973 0 0 0 0 0 0
1974 0 0 0 0 0 0
1975 0 0 0 0 0 0
1976 0 0 0 0 0 0
1977 0 0 0 0 0 0
1978 0 0 0 0 0 0
1979 0 0 0 0 0 0
1980 0 0 0 0 0 0
1981 0 0 0 0 0 0
1982 0 0 0 0 0 0
1983 0 0 0 0 0 0
1984 0 0 0 0 0 0
1985 0 0 0 0 0 0
1986 0 0 0 0 0 0
1987 0 0 0 0 0 0
1988 0 0 0 0 0 0
1989 0 0 0 0 0 0
1990 0 0 0 0 0 0
1991 0 0 0 0 0 0
1992 0 0 0 0 0 0
1993 0 0 0 0 0 0
1994 0 0 0 0 0 0
1995 0 0 0 0 0 0
1996 0 0 0 0 0 0
1997 0 0 0 0 0 0
1998 0 0 0 0 0 0
1999 0 0 0 0 0 0
2000 0 29 -3 -3 1 -1
2001 0 32 5 5 1 3
2002 0 37 6 6 1 4
2003 0 40 -13 -13 1 5
2004 0 45 7 6 1 5
2005 0 50 -13 -12 2 4
2006 0 56 8 7 2 -37
2007 0 56 -14 -14 2 2
2008 0 55 9 8 2 -4
2009 0 -226 -6 -6 2 1
2010 0 61 10 9 2 0
2011 0 69 -21 -20 3 -13
2012 0 -196 10 10 3 3
2013 0 52 -45 -43 -1 8
2014 0 43 -71 -68 -1 10
2015 0 -477 -18 -18 -12 11
2016 0 -189 -49 -47 -2 11
2017 0 -360 -26 -24 3 12
2018 0 -531 5 5 3 11
2019 0 17 -7 -6 3 -12
2020 0 37 -43 -41 4 14
2021 0 0 0 0 4 -23
2022 0 0 0 0 2 -5
2023 0 0 0 0 0 0
Difference for: MX_ML
Year RUS+WAL EAL+BER+WGOA NGOA SEA+NBC SBC+WA OR+CA
1970 0 0 0 0 0 0
1971 0 0 0 0 0 0
1972 0 0 0 0 0 0
1973 0 0 0 0 0 0
1974 0 0 0 0 0 0
1975 0 0 0 0 0 0
1976 0 0 0 0 0 0
1977 0 0 0 0 0 0
1978 0 0 0 0 0 0
1979 0 0 0 0 0 0
1980 0 0 0 0 0 0
1981 0 0 0 0 0 0
1982 0 0 0 0 0 0
1983 0 0 0 0 0 0
1984 0 0 0 0 0 0
1985 0 0 0 0 0 0
1986 0 0 0 0 0 0
1987 0 0 0 0 0 0
1988 0 0 0 0 0 0
1989 0 0 0 0 0 0
1990 0 0 0 0 0 0
1991 0 0 0 0 0 0
1992 0 0 0 0 0 0
1993 0 0 0 0 0 0
1994 0 0 0 0 0 0
1995 0 0 0 0 0 0
1996 0 0 0 0 0 0
1997 0 0 0 0 0 0
1998 0 0 0 0 0 0
1999 0 0 0 0 0 0
2000 0 16 -1 -2 3 -4
2001 0 18 2 4 3 27
2002 0 21 3 5 4 34
2003 0 23 -6 -10 4 38
2004 0 25 3 5 5 42
2005 0 28 -6 -10 6 32
2006 0 31 4 6 6 -295
2007 0 31 -7 -10 7 19
2008 0 30 4 6 7 -35
2009 0 -125 -3 -4 8 9
2010 0 33 5 7 9 -2
2011 0 38 -10 -16 9 -101
2012 0 -107 5 7 10 22
2013 0 29 -21 -33 -2 63
2014 0 23 -33 -52 -5 74
2015 0 -259 -8 -13 -40 83
2016 0 -102 -22 -35 -7 88
2017 0 -194 -12 -18 10 94
2018 0 -286 2 3 10 87
2019 0 9 -3 -5 12 -89
2020 0 20 -19 -30 13 104
2021 0 0 0 0 12 -178
2022 0 0 0 0 7 -38
2023 0 0 0 0 0 0
Difference for: Central_Am
Year RUS+WAL EAL+BER+WGOA NGOA SEA+NBC SBC+WA OR+CA
1970 0 0 0 0 0 0
1971 0 0 0 0 0 0
1972 0 0 0 0 0 0
1973 0 0 0 0 0 0
1974 0 0 0 0 0 0
1975 0 0 0 0 0 0
1976 0 0 0 0 0 0
1977 0 0 0 0 0 0
1978 0 0 0 0 0 0
1979 0 0 0 0 0 0
1980 0 0 0 0 0 0
1981 0 0 0 0 0 0
1982 0 0 0 0 0 0
1983 0 0 0 0 0 0
1984 0 0 0 0 0 0
1985 0 0 0 0 0 0
1986 0 0 0 0 0 0
1987 0 0 0 0 0 0
1988 0 0 0 0 0 0
1989 0 0 0 0 0 0
1990 0 0 0 0 0 0
1991 0 0 0 0 0 0
1992 0 0 0 0 0 0
1993 0 0 0 0 0 0
1994 0 0 0 0 0 0
1995 0 0 0 0 0 0
1996 0 0 0 0 0 0
1997 0 0 0 0 0 0
1998 0 0 0 0 0 0
1999 0 0 0 0 0 0
2000 0 0 0 0 1 -2
2001 0 0 0 0 1 12
2002 0 0 0 0 1 15
2003 0 0 0 0 1 17
2004 0 0 0 0 1 19
2005 0 0 0 0 2 15
2006 0 0 0 0 2 -135
2007 0 0 0 0 2 9
2008 0 0 0 0 2 -16
2009 0 0 0 0 2 4
2010 0 0 0 0 2 -1
2011 0 0 0 0 3 -46
2012 0 0 0 0 3 10
2013 0 0 0 0 -1 29
2014 0 0 0 0 -1 34
2015 0 0 0 0 -11 38
2016 0 0 0 0 -2 40
2017 0 0 0 0 3 43
2018 0 0 0 0 3 40
2019 0 0 0 0 3 -41
2020 0 0 0 0 4 48
2021 0 0 0 0 3 -82
2022 0 0 0 0 2 -18
2023 0 0 0 0 0 0

Total survival over time
Values for breeding stock: Asia
Year RUS+WAL EAL+BER+WGOA NGOA SEA+NBC SBC+WA OR+CA
1970 0.995 0.971 0 0 0 0
1971 1.28 1.273 0 0 0 0
1972 1.184 1.215 0 0 0 0
1973 1.175 1.173 0 0 0 0
1974 1.146 1.144 0 0 0 0
1975 1.125 1.123 0 0 0 0
1976 1.108 1.107 0 0 0 0
1977 1.095 1.093 0 0 0 0
1978 1.084 1.082 0 0 0 0
1979 1.075 1.073 0 0 0 0
1980 1.066 1.065 0 0 0 0
1981 1.086 1.085 0 0 0 0
1982 1.1 1.099 0 0 0 0
1983 1.108 1.107 0 0 0 0
1984 1.113 1.112 0 0 0 0
1985 1.114 1.113 0 0 0 0
1986 1.113 1.112 0 0 0 0
1987 1.11 1.11 0 0 0 0
1988 1.107 1.106 0 0 0 0
1989 1.102 1.102 0 0 0 0
1990 1.097 1.097 0 0 0 0
1991 1.096 1.095 0 0 0 0
1992 1.096 1.095 0 0 0 0
1993 1.096 1.096 0 0 0 0
1994 1.098 1.097 0 0 0 0
1995 1.099 1.098 0 0 0 0
1996 1.1 1.099 0 0 0 0
1997 1.1 1.1 0 0 0 0
1998 1.1 1.099 0 0 0 0
1999 1.099 1.098 0 0 0 0
2000 1.097 1.14 0 0 0 0
2001 1.096 1.13 0 0 0 0
2002 1.094 1.125 0 0 0 0
2003 1.093 1.12 0 0 0 0
2004 1.092 1.117 0 0 0 0
2005 1.091 1.114 0 0 0 0
2006 1.09 1.111 0 0 0 0
2007 1.089 1.104 0 0 0 0
2008 1.088 1.097 0 0 0 0
2009 1.087 0.945 0 0 0 0
2010 1.086 1.119 0 0 0 0
2011 1.084 1.107 0 0 0 0
2012 1.082 0.977 0 0 0 0
2013 1.074 1.1 0 0 0 0
2014 1.088 1.1 0 0 0 0
2015 1.049 0.852 0 0 0 0
2016 1.079 1.007 0 0 0 0
2017 1.077 0.92 0 0 0 0
2018 1.073 0.813 0 0 0 0
2019 1.076 1.181 0 0 0 0
2020 1.064 1.131 0 0 0 0
2021 1.061 1.093 0 0 0 0
2022 1.059 1.084 0 0 0 0
2023 1.056 1.08 0 0 0 0
Values for breeding stock: Hawaii
Year RUS+WAL EAL+BER+WGOA NGOA SEA+NBC SBC+WA OR+CA
1970 1.008 0.983 1.007 0.989 1.004 0
1971 1.293 1.286 1.292 1.282 1.29 0
1972 1.195 1.227 1.228 1.22 1.227 0
1973 1.187 1.185 1.186 1.178 1.185 0
1974 1.157 1.155 1.156 1.149 1.155 0
1975 1.135 1.133 1.134 1.127 1.133 0
1976 1.118 1.116 1.117 1.111 1.115 0
1977 1.104 1.103 1.103 1.097 1.101 0
1978 1.093 1.092 1.092 1.087 1.091 0
1979 1.084 1.083 1.083 1.078 1.082 0
1980 1.077 1.075 1.076 1.07 1.074 0
1981 1.096 1.095 1.095 1.09 1.093 0
1982 1.11 1.109 1.109 1.104 1.107 0
1983 1.119 1.118 1.117 1.113 1.116 0
1984 1.123 1.122 1.121 1.117 1.12 0
1985 1.124 1.123 1.123 1.119 1.121 0
1986 1.123 1.122 1.121 1.117 1.12 0
1987 1.12 1.119 1.118 1.113 1.117 0
1988 1.116 1.116 1.114 1.111 1.113 0
1989 1.112 1.111 1.11 1.108 1.108 0
1990 1.107 1.107 1.105 1.103 1.103 0
1991 1.105 1.105 1.103 1.101 1.102 0
1992 1.105 1.105 1.103 1.101 1.102 0
1993 1.106 1.106 1.104 1.103 1.102 0
1994 1.107 1.107 1.105 1.103 1.104 0
1995 1.108 1.108 1.106 1.105 1.105 0
1996 1.109 1.109 1.107 1.105 1.105 0
1997 1.109 1.109 1.107 1.105 1.107 0
1998 1.109 1.108 1.106 1.104 1.106 0
1999 1.108 1.108 1.106 1.103 1.104 0
2000 1.107 1.15 1.08 1.079 1.145 0
2001 1.105 1.14 1.142 1.141 1.137 0
2002 1.104 1.135 1.136 1.135 1.133 0
2003 1.102 1.13 1.013 1.012 1.129 0
2004 1.101 1.126 1.147 1.146 1.126 0
2005 1.1 1.123 1.021 1.02 1.118 0
2006 1.099 1.12 1.146 1.145 1.117 0
2007 1.098 1.113 1.02 1.022 1.122 0
2008 1.097 1.106 1.143 1.144 1.103 0
2009 1.096 0.953 1.061 1.061 1.114 0
2010 1.095 1.129 1.133 1.13 1.106 0
2011 1.093 1.117 1.006 1.006 1.101 0
2012 1.092 0.986 1.135 1.139 1.106 0
2013 1.09 1.117 0.93 0.93 1.059 0
2014 1.088 1.1 0.837 0.839 1.047 0
2015 1.086 0.882 1.048 1.049 0.935 0
2016 1.085 1.012 0.883 0.882 1.057 0
2017 1.083 0.925 1.003 1.002 1.114 0
2018 1.08 0.818 1.186 1.184 1.092 0
2019 1.078 1.183 1.075 1.075 1.099 0
2020 1.075 1.143 0.889 0.886 1.085 0
2021 1.073 1.105 1.153 1.153 1.08 0
2022 1.071 1.096 1.119 1.116 1.061 0
2023 1.068 1.093 1.101 1.101 1.033 0
Values for breeding stock: MX_AR
Year RUS+WAL EAL+BER+WGOA NGOA SEA+NBC SBC+WA OR+CA
1970 1.008 0.983 1.007 0.989 1.004 0.956
1971 1.293 1.286 1.292 1.282 1.29 1.282
1972 1.195 1.227 1.228 1.22 1.227 1.219
1973 1.187 1.185 1.186 1.178 1.185 1.178
1974 1.157 1.155 1.156 1.149 1.155 1.145
1975 1.135 1.133 1.134 1.128 1.133 1.123
1976 1.118 1.116 1.117 1.111 1.115 1.106
1977 1.104 1.103 1.103 1.098 1.101 1.092
1978 1.093 1.092 1.092 1.087 1.091 1.081
1979 1.084 1.083 1.083 1.078 1.082 1.072
1980 1.077 1.075 1.076 1.07 1.074 1.064
1981 1.097 1.095 1.095 1.09 1.093 1.083
1982 1.11 1.109 1.109 1.104 1.107 1.097
1983 1.119 1.118 1.117 1.113 1.116 1.106
1984 1.123 1.122 1.121 1.117 1.12 1.112
1985 1.124 1.123 1.123 1.119 1.121 1.113
1986 1.123 1.122 1.121 1.117 1.12 1.112
1987 1.12 1.119 1.118 1.114 1.117 1.109
1988 1.116 1.116 1.114 1.111 1.113 1.106
1989 1.112 1.111 1.11 1.108 1.109 1.103
1990 1.107 1.107 1.105 1.103 1.104 1.099
1991 1.105 1.105 1.103 1.101 1.102 1.095
1992 1.105 1.105 1.103 1.101 1.102 1.095
1993 1.106 1.106 1.104 1.103 1.103 1.097
1994 1.107 1.107 1.105 1.103 1.104 1.099
1995 1.108 1.108 1.106 1.105 1.105 1.1
1996 1.109 1.109 1.107 1.105 1.106 1.102
1997 1.109 1.109 1.107 1.105 1.107 1.102
1998 1.109 1.108 1.107 1.104 1.106 1.102
1999 1.108 1.108 1.106 1.103 1.104 1.101
2000 1.107 1.15 1.08 1.079 1.145 1.096
2001 1.105 1.14 1.142 1.141 1.137 1.14
2002 1.104 1.135 1.136 1.135 1.133 1.135
2003 1.102 1.13 1.013 1.012 1.129 1.131
2004 1.101 1.126 1.147 1.146 1.126 1.129
2005 1.1 1.123 1.021 1.02 1.118 1.112
2006 1.099 1.12 1.146 1.145 1.117 0.854
2007 1.098 1.113 1.02 1.022 1.122 1.155
2008 1.097 1.106 1.143 1.144 1.103 1.067
2009 1.096 0.953 1.061 1.061 1.114 1.114
2010 1.095 1.129 1.133 1.13 1.106 1.091
2011 1.093 1.117 1.006 1.006 1.101 1.029
2012 1.092 0.986 1.135 1.139 1.106 1.136
2013 1.09 1.117 0.93 0.93 1.059 1.151
2014 1.088 1.1 0.837 0.839 1.047 1.131
2015 1.086 0.882 1.048 1.049 0.935 1.109
2016 1.085 1.012 0.883 0.882 1.057 1.085
2017 1.083 0.925 1.003 1.002 1.114 1.115
2018 1.08 0.818 1.186 1.184 1.092 1.093
2019 1.078 1.183 1.075 1.075 1.1 1.039
2020 1.075 1.143 0.889 0.886 1.085 1.124
2021 1.073 1.105 1.153 1.153 1.08 1.012
2022 1.071 1.096 1.119 1.116 1.061 1.073
2023 1.068 1.093 1.101 1.101 1.033 1.085
Values for breeding stock: MX_ML
Year RUS+WAL EAL+BER+WGOA NGOA SEA+NBC SBC+WA OR+CA
1970 1 0.976 0.999 0.981 0.996 0.949
1971 1.284 1.277 1.283 1.273 1.281 1.273
1972 1.188 1.219 1.221 1.212 1.219 1.211
1973 1.18 1.178 1.179 1.172 1.178 1.171
1974 1.151 1.149 1.15 1.143 1.149 1.138
1975 1.129 1.127 1.128 1.121 1.127 1.117
1976 1.112 1.11 1.111 1.105 1.109 1.1
1977 1.099 1.097 1.098 1.092 1.096 1.087
1978 1.088 1.087 1.087 1.081 1.085 1.076
1979 1.079 1.077 1.078 1.072 1.076 1.067
1980 1.071 1.07 1.07 1.065 1.069 1.058
1981 1.091 1.09 1.09 1.084 1.087 1.078
1982 1.105 1.104 1.103 1.098 1.102 1.092
1983 1.113 1.112 1.112 1.107 1.111 1.101
1984 1.118 1.117 1.116 1.112 1.114 1.107
1985 1.119 1.118 1.117 1.114 1.116 1.108
1986 1.118 1.117 1.116 1.112 1.115 1.107
1987 1.115 1.114 1.113 1.108 1.112 1.104
1988 1.111 1.111 1.109 1.106 1.108 1.101
1989 1.107 1.107 1.105 1.104 1.104 1.098
1990 1.103 1.102 1.101 1.099 1.099 1.095
1991 1.101 1.1 1.099 1.097 1.098 1.091
1992 1.101 1.1 1.099 1.096 1.097 1.091
1993 1.102 1.101 1.1 1.098 1.098 1.092
1994 1.103 1.103 1.101 1.099 1.099 1.095
1995 1.104 1.104 1.102 1.1 1.1 1.096
1996 1.105 1.105 1.103 1.1 1.101 1.098
1997 1.105 1.105 1.103 1.101 1.103 1.098
1998 1.105 1.104 1.103 1.1 1.102 1.098
1999 1.104 1.104 1.102 1.099 1.1 1.097
2000 1.103 1.146 1.076 1.075 1.141 1.092
2001 1.101 1.136 1.138 1.137 1.133 1.136
2002 1.1 1.131 1.132 1.131 1.13 1.131
2003 1.099 1.127 1.011 1.01 1.126 1.128
2004 1.098 1.123 1.144 1.143 1.123 1.126
2005 1.097 1.12 1.018 1.017 1.115 1.109
2006 1.097 1.117 1.143 1.142 1.115 0.852
2007 1.095 1.11 1.017 1.019 1.119 1.152
2008 1.095 1.104 1.14 1.141 1.1 1.064
2009 1.093 0.95 1.058 1.058 1.111 1.11
2010 1.092 1.126 1.13 1.126 1.103 1.088
2011 1.09 1.114 1.003 1.003 1.098 1.026
2012 1.089 0.983 1.131 1.136 1.103 1.133
2013 1.087 1.114 0.928 0.928 1.056 1.147
2014 1.085 1.097 0.835 0.836 1.044 1.127
2015 1.083 0.879 1.045 1.046 0.932 1.106
2016 1.081 1.009 0.88 0.879 1.053 1.082
2017 1.08 0.922 1 0.999 1.111 1.112
2018 1.077 0.816 1.183 1.181 1.089 1.09
2019 1.075 1.18 1.072 1.072 1.096 1.036
2020 1.07 1.138 0.884 0.882 1.08 1.119
2021 1.071 1.103 1.151 1.15 1.078 1.009
2022 1.069 1.094 1.117 1.114 1.059 1.071
2023 1.065 1.089 1.098 1.097 1.03 1.082
Values for breeding stock: Central_Am
Year RUS+WAL EAL+BER+WGOA NGOA SEA+NBC SBC+WA OR+CA
1970 0 0 0 0 0.996 0.949
1971 0 0 0 0 1.282 1.274
1972 0 0 0 0 1.22 1.212
1973 0 0 0 0 1.177 1.17
1974 0 0 0 0 1.148 1.138
1975 0 0 0 0 1.127 1.117
1976 0 0 0 0 1.109 1.1
1977 0 0 0 0 1.096 1.087
1978 0 0 0 0 1.084 1.075
1979 0 0 0 0 1.076 1.066
1980 0 0 0 0 1.069 1.058
1981 0 0 0 0 1.088 1.078
1982 0 0 0 0 1.101 1.091
1983 0 0 0 0 1.11 1.1
1984 0 0 0 0 1.114 1.107
1985 0 0 0 0 1.115 1.107
1986 0 0 0 0 1.115 1.107
1987 0 0 0 0 1.112 1.104
1988 0 0 0 0 1.108 1.1
1989 0 0 0 0 1.104 1.098
1990 0 0 0 0 1.099 1.095
1991 0 0 0 0 1.097 1.091
1992 0 0 0 0 1.097 1.091
1993 0 0 0 0 1.098 1.092
1994 0 0 0 0 1.099 1.094
1995 0 0 0 0 1.1 1.096
1996 0 0 0 0 1.101 1.097
1997 0 0 0 0 1.103 1.098
1998 0 0 0 0 1.102 1.098
1999 0 0 0 0 1.1 1.097
2000 0 0 0 0 1.141 1.092
2001 0 0 0 0 1.133 1.136
2002 0 0 0 0 1.129 1.131
2003 0 0 0 0 1.126 1.127
2004 0 0 0 0 1.123 1.126
2005 0 0 0 0 1.115 1.109
2006 0 0 0 0 1.114 0.852
2007 0 0 0 0 1.118 1.151
2008 0 0 0 0 1.1 1.064
2009 0 0 0 0 1.11 1.11
2010 0 0 0 0 1.103 1.088
2011 0 0 0 0 1.098 1.026
2012 0 0 0 0 1.103 1.132
2013 0 0 0 0 1.056 1.147
2014 0 0 0 0 1.044 1.128
2015 0 0 0 0 0.932 1.106
2016 0 0 0 0 1.054 1.083
2017 0 0 0 0 1.111 1.112
2018 0 0 0 0 1.089 1.091
2019 0 0 0 0 1.098 1.038
2020 0 0 0 0 1.082 1.121
2021 0 0 0 0 1.077 1.009
2022 0 0 0 0 1.059 1.07
2023 0 0 0 0 1.03 1.082

Numbers over time by herd
Values for breeding stock: Asia
Year RUS+WAL EAL+BER+WGOA NGOA SEA+NBC SBC+WA OR+CA
1970 12 1 0 0 0 0
1971 29 3 0 0 0 0
1972 42 4 0 0 0 0
1973 54 5 0 0 0 0
1974 66 7 0 0 0 0
1975 77 8 0 0 0 0
1976 76 8 0 0 0 0
1977 75 7 0 0 0 0
1978 74 7 0 0 0 0
1979 73 7 0 0 0 0
1980 73 7 0 0 0 0
1981 76 8 0 0 0 0
1982 83 8 0 0 0 0
1983 92 9 0 0 0 0
1984 104 10 0 0 0 0
1985 117 12 0 0 0 0
1986 130 13 0 0 0 0
1987 142 14 0 0 0 0
1988 153 15 0 0 0 0
1989 163 16 0 0 0 0
1990 173 17 0 0 0 0
1991 182 18 0 0 0 0
1992 193 19 0 0 0 0
1993 205 20 0 0 0 0
1994 219 22 0 0 0 0
1995 236 23 0 0 0 0
1996 254 25 0 0 0 0
1997 274 27 0 0 0 0
1998 295 29 0 0 0 0
1999 318 31 0 0 0 0
2000 340 33 0 0 0 0
2001 363 38 0 0 0 0
2002 387 43 0 0 0 0
2003 411 48 0 0 0 0
2004 437 54 0 0 0 0
2005 463 58 0 0 0 0
2006 492 63 0 0 0 0
2007 522 69 0 0 0 0
2008 553 74 0 0 0 0
2009 586 79 0 0 0 0
2010 619 69 0 0 0 0
2011 654 76 0 0 0 0
2012 688 84 0 0 0 0
2013 718 77 0 0 0 0
2014 760 89 0 0 0 0
2015 774 91 0 0 0 0
2016 811 74 0 0 0 0
2017 848 73 0 0 0 0
2018 882 61 0 0 0 0
2019 921 47 0 0 0 0
2020 949 57 0 0 0 0
2021 976 66 0 0 0 0
2022 999 73 0 0 0 0
2023 1021 80 0 0 0 0
Values for breeding stock: Hawaii
Year RUS+WAL EAL+BER+WGOA NGOA SEA+NBC SBC+WA OR+CA
1970 4 26 14 63 3 0
1971 9 65 36 156 8 0
1972 13 96 53 228 12 0
1973 17 126 69 297 16 0
1974 20 154 85 361 19 0
1975 24 181 100 422 22 0
1976 24 180 100 419 22 0
1977 24 179 99 415 22 0
1978 24 179 99 412 22 0
1979 24 178 99 409 22 0
1980 24 178 98 406 22 0
1981 25 188 104 427 23 0
1982 28 206 114 465 25 0
1983 31 231 128 519 28 0
1984 35 262 145 588 32 0
1985 40 300 166 669 37 0
1986 45 335 185 745 41 0
1987 50 369 203 815 45 0
1988 54 401 220 882 49 0
1989 58 431 237 945 52 0
1990 62 459 252 1004 56 0
1991 66 489 268 1065 59 0
1992 70 521 285 1132 63 0
1993 76 559 305 1210 67 0
1994 82 603 328 1301 72 0
1995 88 654 356 1407 78 0
1996 96 711 386 1524 85 0
1997 105 774 419 1652 92 0
1998 114 840 454 1788 100 0
1999 123 911 491 1929 108 0
2000 133 984 529 2077 116 0
2001 144 1131 550 2155 133 0
2002 154 1290 623 2440 151 0
2003 165 1461 706 2763 171 0
2004 177 1642 680 2659 193 0
2005 189 1793 779 3046 211 0
2006 203 1965 739 2890 231 0
2007 217 2150 825 3232 255 0
2008 232 2332 834 3269 277 0
2009 248 2506 917 3597 303 0
2010 264 2227 968 3787 330 0
2011 281 2464 1060 4148 357 0
2012 299 2726 1047 4116 389 0
2013 316 2535 1132 4454 420 0
2014 335 2960 1013 3997 422 0
2015 353 3105 769 3029 418 0
2016 372 2534 771 3028 362 0
2017 391 2519 617 2418 366 0
2018 410 2144 599 2336 414 0
2019 428 1634 744 2896 466 0
2020 446 2003 781 3031 530 0
2021 463 2353 679 2634 568 0
2022 480 2630 752 2909 575 0
2023 496 2941 758 2934 561 0
Values for breeding stock: MX_AR
Year RUS+WAL EAL+BER+WGOA NGOA SEA+NBC SBC+WA OR+CA
1970 2 10 2 2 0 2
1971 5 24 5 5 1 4
1972 7 35 7 7 1 6
1973 9 46 9 9 1 7
1974 11 56 11 11 2 9
1975 12 66 13 13 2 10
1976 12 65 13 13 2 10
1977 12 65 13 13 2 10
1978 12 65 13 13 2 10
1979 12 65 13 13 2 10
1980 12 65 13 13 2 10
1981 13 68 13 13 2 10
1982 14 75 14 15 2 11
1983 16 84 16 16 3 12
1984 18 95 18 18 3 14
1985 21 109 21 21 3 15
1986 23 122 24 23 4 17
1987 26 134 26 26 4 19
1988 28 145 28 28 4 20
1989 30 156 30 30 5 21
1990 32 167 32 31 5 23
1991 34 177 34 33 5 24
1992 36 189 36 35 6 25
1993 39 203 39 38 6 27
1994 42 219 42 41 7 29
1995 46 237 45 44 7 31
1996 50 258 49 48 8 34
1997 54 281 53 52 8 37
1998 59 305 58 56 9 39
1999 64 331 63 60 10 43
2000 69 357 67 65 11 46
2001 74 411 70 68 12 49
2002 79 469 79 76 14 55
2003 85 531 90 87 16 63
2004 91 596 87 83 18 72
2005 98 652 99 95 19 81
2006 104 714 94 91 21 87
2007 112 781 105 101 24 71
2008 119 847 106 102 26 76
2009 128 911 117 113 28 77
2010 136 809 123 119 30 83
2011 145 895 135 130 33 96
2012 154 991 133 129 36 91
2013 163 921 144 140 39 103
2014 172 1076 129 125 39 117
2015 182 1128 98 95 39 132
2016 192 921 98 95 33 148
2017 201 916 79 76 34 162
2018 211 779 76 73 38 174
2019 221 594 95 91 43 187
2020 230 728 100 95 49 184
2021 239 855 87 83 52 200
2022 248 956 96 91 53 191
2023 256 1069 97 92 52 197
Values for breeding stock: MX_ML
Year RUS+WAL EAL+BER+WGOA NGOA SEA+NBC SBC+WA OR+CA
1970 1 6 1 2 1 14
1971 3 15 3 4 3 35
1972 4 22 4 6 5 51
1973 5 29 5 8 6 66
1974 7 35 6 10 7 80
1975 8 41 7 12 8 92
1976 8 41 7 12 8 91
1977 8 41 7 11 8 89
1978 8 40 7 11 8 88
1979 7 40 7 11 8 86
1980 7 40 7 11 8 84
1981 8 42 7 11 8 88
1982 9 46 8 12 9 95
1983 10 51 8 14 10 105
1984 11 58 9 16 12 117
1985 12 65 11 18 13 132
1986 14 73 12 19 15 146
1987 15 80 13 21 16 159
1988 16 86 14 23 17 170
1989 17 92 15 24 18 181
1990 18 98 16 26 19 191
1991 20 104 17 27 20 200
1992 21 110 18 29 22 211
1993 22 118 19 31 23 224
1994 24 127 21 33 25 239
1995 26 137 22 35 27 257
1996 28 148 24 38 29 277
1997 30 161 26 41 31 298
1998 33 174 28 45 34 321
1999 35 188 30 48 36 345
2000 38 202 32 51 39 370
2001 41 232 34 53 44 393
2002 44 264 38 60 50 445
2003 47 298 43 68 57 505
2004 50 334 41 65 64 571
2005 53 363 47 74 70 644
2006 57 397 45 70 76 694
2007 61 434 50 78 84 558
2008 65 469 50 79 91 602
2009 69 503 55 87 99 610
2010 73 445 58 91 108 655
2011 78 491 63 100 116 753
2012 83 542 62 99 126 708
2013 87 503 67 106 136 801
2014 92 585 60 95 136 911
2015 97 612 45 72 134 1024
2016 102 498 45 72 116 1140
2017 106 494 36 57 117 1249
2018 111 419 35 55 132 1334
2019 116 318 43 68 148 1430
2020 120 388 45 71 168 1397
2021 125 455 39 61 179 1520
2022 129 508 43 68 181 1449
2023 133 566 43 68 176 1487
Values for breeding stock: Central_Am
Year RUS+WAL EAL+BER+WGOA NGOA SEA+NBC SBC+WA OR+CA
1970 0 0 0 0 0 7
1971 0 0 0 0 1 16
1972 0 0 0 0 1 24
1973 0 0 0 0 2 30
1974 0 0 0 0 2 37
1975 0 0 0 0 2 42
1976 0 0 0 0 2 42
1977 0 0 0 0 2 41
1978 0 0 0 0 2 40
1979 0 0 0 0 2 39
1980 0 0 0 0 2 39
1981 0 0 0 0 2 40
1982 0 0 0 0 3 43
1983 0 0 0 0 3 48
1984 0 0 0 0 3 54
1985 0 0 0 0 4 61
1986 0 0 0 0 4 67
1987 0 0 0 0 4 73
1988 0 0 0 0 5 78
1989 0 0 0 0 5 83
1990 0 0 0 0 5 87
1991 0 0 0 0 6 92
1992 0 0 0 0 6 97
1993 0 0 0 0 6 102
1994 0 0 0 0 7 109
1995 0 0 0 0 7 117
1996 0 0 0 0 8 126
1997 0 0 0 0 9 136
1998 0 0 0 0 9 147
1999 0 0 0 0 10 158
2000 0 0 0 0 11 169
2001 0 0 0 0 12 179
2002 0 0 0 0 14 203
2003 0 0 0 0 16 230
2004 0 0 0 0 18 261
2005 0 0 0 0 19 294
2006 0 0 0 0 21 317
2007 0 0 0 0 23 255
2008 0 0 0 0 25 274
2009 0 0 0 0 27 278
2010 0 0 0 0 29 298
2011 0 0 0 0 32 343
2012 0 0 0 0 35 322
2013 0 0 0 0 37 365
2014 0 0 0 0 37 415
2015 0 0 0 0 37 467
2016 0 0 0 0 32 520
2017 0 0 0 0 32 570
2018 0 0 0 0 36 609
2019 0 0 0 0 41 654
2020 0 0 0 0 46 640
2021 0 0 0 0 49 696
2022 0 0 0 0 50 663
2023 0 0 0 0 49 681

Catch numbers by breeding stock
Year Asia Hawaii MX_AR MX_ML Central_Am
1970 0.9 0 0 1.1 0.3
1971 0.9 0 0 1.2 0.3
1972 1 0 0 1.3 0.3
1973 1.1 0 0 1.3 0.4
1974 1.2 0.1 0 1.4 0.4
1975 1.2 0.1 0 1.5 0.4
1976 1.3 0.1 0 1.6 0.4
1977 1.4 0.1 0 1.6 0.4
1978 1.5 0.1 0 1.7 0.5
1979 1.6 0.1 0 1.8 0.5
1980 1.8 0.1 0 1.9 0.5
1981 1.9 0.1 0 2 0.5
1982 2 0.1 0 2.1 0.6
1983 2.2 0.1 0 2.2 0.6
1984 2.3 0.1 0 2.4 0.6
1985 2.5 0.1 0 2.5 0.7
1986 2.6 0.1 0 2.6 0.7
1987 2.8 0.1 0 2.8 0.7
1988 3 0.1 0 2.9 0.8
1989 3.2 0.1 0 3.1 0.8
1990 3.5 0.2 0 3.2 0.8
1991 3.7 0.2 0 3.4 0.9
1992 4 0.2 0 3.6 0.9
1993 4.3 0.2 0 3.8 1
1994 4.6 0.2 0 4 1
1995 4.9 0.2 0 4.2 1.1
1996 5.2 0.2 0 4.4 1.1
1997 5.6 0.2 0 4.7 1.2
1998 6 0.2 0 4.9 1.2
1999 6.4 0.2 0 5.2 1.3
2000 6.9 0.3 0 5.5 1.4
2001 7.3 0.3 0 5.8 1.4
2002 7.9 0 0 5.8 1.5
2003 8.4 0 0 5.8 1.6
2004 9 0 0 6.7 1.7
2005 9.6 0 0 8.1 1.8
2006 10.3 1 0 6.8 1.8
2007 11.1 0 0 7.7 1.9
2008 11.8 0 0 7.9 2
2009 12.7 0 0 9 2.1
2010 13.6 0 0 9.3 2.2
2011 14.5 0.8 0 10.6 2.4
2012 15.5 0 0 10.9 2.5
2013 28 0 0 10.8 2.6
2014 0 5 0 13 2.7
2015 72 0 0 14.2 2.9
2016 12 0.1 0 14.2 3
2017 12 0.1 0 13.4 3.2
2018 16 0.1 0 13.4 3.3
2019 4 0.4 0 13.4 1.7
2020 26.8 0.4 0 23.8 5
2021 28.6 0.4 0 12.8 4.7
2022 30.7 0.4 0 10.5 3.7
2023 32.8 0.4 0 18.4 4.2

Catch numbers by feeding ground
Year RUS+WAL EAL+BER+WGOA NGOA SEA+NBC SBC+WA OR+CA
1970 0 5.7 0.1 6.8 0.1 6.4
1971 0 1.8 0.1 4 0.1 1.5
1972 4 0.8 0.1 4.1 0.1 1.6
1973 0 0.8 0.1 4.3 0.1 1.7
1974 0 0.8 0.1 4.5 0.1 2.5
1975 0 0.8 0.2 4.7 0.1 2.7
1976 0 0.8 0.2 4.9 0.2 2.9
1977 0 0.8 0.2 5.2 0.2 3.1
1978 0 0.8 0.2 5.4 0.2 3.3
1979 0 1 0.2 5.6 0.2 3.5
1980 0 1 0.2 5.9 0.2 3.9
1981 0 1 0.3 6.1 0.3 4.2
1982 0 1 0.4 6.5 0.3 4.5
1983 0 1 0.4 6.7 0.3 4.8
1984 0 1 0.5 7.1 0.4 4.6
1985 0 1 0.5 6.7 0.4 5
1986 0 1 0.7 7.8 0.4 5.4
1987 0 1 0.7 10 0.5 5.8
1988 0 1.1 0.8 8.5 0.5 6.3
1989 0 0.9 0.8 6.1 0.6 6.1
1990 0 1 0.8 7.4 0.7 5.8
1991 0 1 0.9 8.2 0.7 7.6
1992 0 1.1 0.9 9.8 0.8 8.3
1993 0 1.1 1 7.1 0.9 8.6
1994 0 1.2 1 9.3 1 8.8
1995 0 1.2 1 9.3 1.1 9.6
1996 0 1.2 1.1 12.7 1.2 9.9
1997 0 1.2 1.3 12.7 0.9 10.7
1998 0 3 1.4 14.7 1.2 12
1999 0 2.6 1.4 17.4 1.7 13.5
2000 0 1.2 1.5 14.1 1.5 11.6
2001 0 1.2 1.8 16.4 1.7 13.4
2002 0 2.4 1.9 13.8 1.9 13.7
2003 0 1.4 2 18.9 2.3 16
2004 0 1.4 2.3 22 2.5 15.9
2005 0 1.6 2.3 23.3 5.8 20.1
2006 0 1.6 2.4 22.7 5.3 22.1
2007 0 0.1 7.3 18.4 0 18.1
2008 0 0.1 4.3 19.7 12.4 8.8
2009 0 0.1 4.3 24.1 0 9.8
2010 0 6.1 0.8 44.5 7 24.5
2011 0 3.1 4 28.4 11 11.9
2012 0 4.1 8.8 11.6 0 10
2013 0 0.1 4 31.6 0 4.7
2014 0 0.1 11.8 43.7 7 45.2
2015 0 4.1 12 51 9.1 103.4
2016 0 4.1 4.8 34.8 7.1 150.3
2017 0 4.1 2.1 16.3 11.1 60.3
2018 0 1.1 4 26.6 30.1 111.1
2019 0 4.1 6 27.3 9.1 61
2020 0 1.1 0 24 23 31.2
2021 0 2.2 7 33.7 13 62.4
2022 0 4.3 0.8 22.3 8 56
2023 0 3.6 9.1 40.1 19.2 59.7
