Stock structure: B2F2; Model type = BC
Mortality impacts feeding grounds
Recruitment related to unfished
Straying rate: 0
Age-at-maturity: 8
Base adult survival: 0.96
Sigma for survival devs: 6
Additional variance estimated
Weight for mark-recapture proportions: 1
Weight for genetics proportions: 1


Total objective fn: 322.581946856934
Negative log-likelihood fn: 16.6385456896511

Natural Survival by feeding ground
RUS+WAL,EAL+BER+WGOA,NGOA,SEA+NBC,SBC+WA,OR+CA
1970 0.96 0.96 0.96 0.96 0.96 0.96
1971 0.96 0.96 0.96 0.96 0.96 0.96
1972 0.96 0.96 0.96 0.96 0.96 0.96
1973 0.96 0.96 0.96 0.96 0.96 0.96
1974 0.96 0.96 0.96 0.96 0.96 0.96
1975 0.96 0.96 0.96 0.96 0.96 0.96
1976 0.96 0.96 0.96 0.96 0.96 0.96
1977 0.96 0.96 0.96 0.96 0.96 0.96
1978 0.96 0.96 0.96 0.96 0.96 0.96
1979 0.96 0.96 0.96 0.96 0.96 0.96
1980 0.96 0.96 0.96 0.96 0.96 0.96
1981 0.96 0.96 0.96 0.96 0.96 0.96
1982 0.96 0.96 0.96 0.96 0.96 0.96
1983 0.96 0.96 0.96 0.96 0.96 0.96
1984 0.96 0.96 0.96 0.96 0.96 0.96
1985 0.96 0.96 0.96 0.96 0.96 0.96
1986 0.96 0.96 0.96 0.96 0.96 0.96
1987 0.96 0.96 0.96 0.96 0.96 0.96
1988 0.96 0.96 0.96 0.96 0.96 0.96
1989 0.96 0.96 0.96 0.96 0.96 0.96
1990 0.96 0.96 0.96 0.96 0.96 0.96
1991 0.96 0.96 0.96 0.96 0.96 0.96
1992 0.96 0.96 0.96 0.96 0.96 0.96
1993 0.9743297 0.9710069 0.9301374 0.9103284 0.9288017 0.9391403
1994 0.970325 0.9851243 0.9600473 0.9413388 0.1608998 0.9464243
1995 0.9670289 0.9795805 0.9777366 0.9750707 0.9396616 0.9571155
1996 0.9438316 0.9752476 0.9606511 0.9762312 0.9669632 0.9636561
1997 0.9322649 0.9613077 0.8366999 0.9427955 0.9305562 0.9234492
1998 0.8789334 0.9835292 0.9553759 0.9397316 0.9594329 0.9510363
1999 0.9706879 0.9869764 0.9755286 0.9682783 0.9804326 0.961815
2000 0.9575412 0.982934 0.9507764 0.9402908 0.9794582 0.9641061
2001 0.9799443 0.979034 0.9263444 0.975371 0.982765 0.9742716
2002 0.956039 0.9681352 0.9630257 0.9776517 0.9830627 0.9805325
2003 0.9570005 0.9587893 0.8577638 0.9568029 0.9770219 0.9744059
2004 0.9623575 0.9507524 0.8955217 0.9529775 0.9728591 0.9665123
2005 0.9560085 0.9525655 0.9011728 0.9072912 0.9771189 0.9608543
2006 0.9618996 0.9777167 0.9648001 0.9656923 0.9816318 0.7763698
2007 0.9599591 0.9238368 0.975056 0.8990655 0.9709727 0.9262126
2008 0.9294877 0.977177 0.9743094 0.9877189 0.9833871 0.9532381
2009 0.9377819 0.9527776 0.9199133 0.9389518 0.9662324 0.9247832
2010 0.9527303 0.9632938 0.9644647 0.9783894 0.982332 0.9809233
2011 0.9458342 0.9559478 0.9655797 0.8839357 0.9670878 0.9456687
2012 0.95613 0.9788236 0.9757365 0.9815891 0.9657533 0.9663581
2013 0.9449678 0.9565038 0.9472541 0.7400452 0.9214759 0.9768832
2014 0.9516046 0.8924782 0.5918839 0.7684411 0.9217678 0.9750495
2015 0.9551367 0.8206648 0.7908677 0.8912094 0.9112963 0.9750016
2016 0.9319256 0.8134121 0.6764252 0.7346135 0.9221041 0.9763046
2017 0.9239899 0.7657077 0.9367578 0.9344426 0.9506303 0.9756886
2018 0.9437208 0.8557686 0.9599678 0.9488541 0.9477232 0.9640623
2019 0.9536945 0.8647148 0.8748942 0.9351062 0.9142172 0.9406866
2020 0.9346349 0.893651 0.9022821 0.9136613 0.9436731 0.9543363
2021 0.9114144 0.9578384 0.9586434 0.9361344 0.9160196 0.9037894
2022 0.8663371 0.9550564 0.9231773 0.9252788 0.9153643 0.9216935
2023 0.8846848 0.9624307 0.9685683 0.9379442 0.9059558 0.9291963

Natural Survival by breeding stock
RUS+WAL,EAL+BER+WGOA,NGOA,SEA+NBC,SBC+WA,OR+CA
1970 0.96 0.96 0.96 0.96 0.96
1971 0.96 0.96 0.96 0.96 0.96
1972 0.96 0.96 0.96 0.96 0.96
1973 0.96 0.96 0.96 0.96 0.96
1974 0.96 0.96 0.96 0.96 0.96
1975 0.96 0.96 0.96 0.96 0.96
1976 0.96 0.96 0.96 0.96 0.96
1977 0.96 0.96 0.96 0.96 0.96
1978 0.96 0.96 0.96 0.96 0.96
1979 0.96 0.96 0.96 0.96 0.96
1980 0.96 0.96 0.96 0.96 0.96
1981 0.96 0.96 0.96 0.96 0.96
1982 0.96 0.96 0.96 0.96 0.96
1983 0.96 0.96 0.96 0.96 0.96
1984 0.96 0.96 0.96 0.96 0.96
1985 0.96 0.96 0.96 0.96 0.96
1986 0.96 0.96 0.96 0.96 0.96
1987 0.96 0.96 0.96 0.96 0.96
1988 0.96 0.96 0.96 0.96 0.96
1989 0.96 0.96 0.96 0.96 0.96
1990 0.96 0.96 0.96 0.96 0.96
1991 0.96 0.96 0.96 0.96 0.96
1992 0.96 0.96 0.96 0.96 0.96
1993 0.96 0.96 0.96 0.96 0.96
1994 0.96 0.96 0.96 0.96 0.96
1995 0.96 0.96 0.96 0.96 0.96
1996 0.96 0.96 0.96 0.96 0.96
1997 0.96 0.96 0.96 0.96 0.96
1998 0.96 0.96 0.96 0.96 0.96
1999 0.96 0.96 0.96 0.96 0.96
2000 0.96 0.96 0.96 0.96 0.96
2001 0.96 0.96 0.96 0.96 0.96
2002 0.96 0.96 0.96 0.96 0.96
2003 0.96 0.96 0.96 0.96 0.96
2004 0.96 0.96 0.96 0.96 0.96
2005 0.96 0.96 0.96 0.96 0.96
2006 0.96 0.96 0.96 0.96 0.96
2007 0.96 0.96 0.96 0.96 0.96
2008 0.96 0.96 0.96 0.96 0.96
2009 0.96 0.96 0.96 0.96 0.96
2010 0.96 0.96 0.96 0.96 0.96
2011 0.96 0.96 0.96 0.96 0.96
2012 0.96 0.96 0.96 0.96 0.96
2013 0.96 0.96 0.96 0.96 0.96
2014 0.96 0.96 0.96 0.96 0.96
2015 0.96 0.96 0.96 0.96 0.96
2016 0.96 0.96 0.96 0.96 0.96
2017 0.96 0.96 0.96 0.96 0.96
2018 0.96 0.96 0.96 0.96 0.96
2019 0.96 0.96 0.96 0.96 0.96
2020 0.96 0.96 0.96 0.96 0.96
2021 0.96 0.96 0.96 0.96 0.96
2022 0.96 0.96 0.96 0.96 0.96
2023 0.96 0.96 0.96 0.96 0.96

Fecundity by feeding ground
RUS+WAL,EAL+BER+WGOA,NGOA,SEA+NBC,SBC+WA,OR+CA
1970 0.9633038 0.9631669 0.9606989 0.9596256 0.9636707 0.9674362
1971 0.9633038 0.9631669 0.9606989 0.9596256 0.9636707 0.9674362
1972 0.9633038 0.9631669 0.9606989 0.9596256 0.9636707 0.9674362
1973 0.9633038 0.9631669 0.9606989 0.9596256 0.9636707 0.9674362
1974 0.9633038 0.9631669 0.9606989 0.9596256 0.9636707 0.9674362
1975 0.9633038 0.9631669 0.9606989 0.9596256 0.9636707 0.9674362
1976 0.9633038 0.9631669 0.9606989 0.9596256 0.9636707 0.9674362
1977 0.9633038 0.9631669 0.9606989 0.9596256 0.9636707 0.9674362
1978 0.9633038 0.9631669 0.9606989 0.9596256 0.9636707 0.9674362
1979 0.9612488 0.9610794 0.9579519 0.9567824 0.9616337 0.9663802
1980 0.9597404 0.9590307 0.9553153 0.9540573 0.9596799 0.9653738
1981 0.9578487 0.9570645 0.9527842 0.9514497 0.9578057 0.9644172
1982 0.9560438 0.9551792 0.9503564 0.9489571 0.9560092 0.9635433
1983 0.9543116 0.9533703 0.948038 0.9465729 0.9542863 0.9627171
1984 0.9526595 0.9516352 0.9458128 0.9442926 0.9526405 0.9619366
1985 0.9510839 0.9499699 0.9436767 0.9421163 0.9510607 0.9611977
1986 0.9495821 0.9483726 0.9416264 0.9400357 0.9495473 0.9605052
1987 0.9481512 0.9468498 0.9396587 0.9380469 0.9480961 0.9598531
1988 0.9462341 0.9448164 0.9370201 0.9353761 0.9461446 0.9589573
1989 0.9439915 0.9423054 0.9337834 0.9320828 0.9437444 0.9578367
1990 0.9413334 0.9393608 0.930005 0.9282362 0.9409323 0.9565188
1991 0.9383123 0.9360245 0.9257262 0.9238846 0.9377465 0.9550304
1992 0.9349544 0.9323354 0.9210117 0.9190892 0.9342317 0.9533678
1993 0.9313065 0.9283287 0.9158946 0.9138646 0.9304169 0.9515845
1994 0.9273918 0.9240372 0.9104409 0.9083217 0.9263319 0.9496931
1995 0.923253 0.9194933 0.9046662 0.9025477 0.9220149 0.947713
1996 0.9189188 0.9147321 0.8986186 0.8964216 0.9174864 0.9456662
1997 0.9142695 0.9096155 0.8921254 0.8897451 0.91263 0.9434502
1998 0.9092441 0.9040486 0.8850549 0.8825422 0.9073416 0.9410034
1999 0.903741 0.8979345 0.8773081 0.874676 0.9015294 0.9384
2000 0.897699 0.8912035 0.8687814 0.8660877 0.8951265 0.9355386
2001 0.8910577 0.8837911 0.859419 0.8565246 0.8880789 0.9323665
2002 0.8824442 0.8745473 0.8529917 0.8526909 0.8833348 0.9298139
2003 0.8733014 0.8627644 0.8421474 0.8445136 0.9561242 0.9267805
2004 0.8636138 0.8502869 0.8277695 0.8310838 0.9550745 0.9229523
2005 0.8559312 0.8370902 0.8147633 0.816132 0.9534018 0.9184704
2006 0.8493437 0.8248186 0.8229169 0.8057034 0.9523793 0.916114
2007 0.8499573 0.8078094 0.8106854 0.7953839 0.9506861 0.9119538
2008 0.8379321 0.788245 0.793911 0.7786566 0.9483174 0.9066138
2009 0.8267914 0.7673221 0.7805603 0.7667127 0.9457279 0.9007043
2010 0.8111015 0.7450956 0.7716438 0.7458455 0.9427677 0.8933929
2011 0.7981778 0.7233704 0.7540274 0.7224181 0.9394765 0.8848153
2012 0.7841466 0.7024691 0.761035 0.7026465 0.9356706 0.8758532
2013 0.7679744 0.6825764 0.7590782 0.6828384 0.9318445 0.8670391
2014 0.7519611 0.6609459 0.7559832 0.6768704 0.9273587 0.8580862
2015 0.7333049 0.6291408 0.7374401 0.6513395 0.9217953 0.8721669
2016 0.7134326 0.6155278 0.7144163 0.6480193 0.9170638 0.8670785
2017 0.7012072 0.5807103 0.6898232 0.6130682 0.9102115 0.8586446
2018 0.6862086 0.5543367 0.6801056 0.5951761 0.9042943 0.854082
2019 0.6660815 0.5220328 0.6560351 0.5597184 0.896837 0.8411143
2020 0.6473018 0.4918517 0.6307229 0.5647843 0.8891074 0.8319764
2021 0.6252024 0.4481193 0.5980985 0.52698 0.8807315 0.8187406
2022 0.6034295 0.4142876 0.57525 0.6069235 0.8767119 0.8048159
2023 0.5855923 0.419565 0.70949 0.6613099 0.8725962 0.7929113

Total abundance: Estimate SD_log
1970 926.8227 0.06047678
1971 1120.606 0.05707506
1972 1317.679 0.05453722
1973 1503.604 0.05297454
1974 1685.452 0.05177717
1975 1858.779 0.05093351
1976 2024.596 0.05030776
1977 2183.109 0.04983507
1978 2334.705 0.04947033
1979 2479.565 0.04918737
1980 2674.126 0.04855725
1981 2912.77 0.04778119
1982 3192.442 0.0469726
1983 3508.677 0.04623138
1984 3857.987 0.04559957
1985 4236.915 0.04509104
1986 4642.465 0.04469863
1987 5070.105 0.04442235
1988 5515.841 0.04425183
1989 5995.216 0.04412398
1990 6520.037 0.04402295
1991 7094.897 0.04398218
1992 7725.361 0.04401693
1993 8417.239 0.04413138
1994 8963.272 0.0493274
1995 8520.641 0.03745171
1996 9409.091 0.03735367
1997 10338.83 0.03717852
1998 10906.7 0.03485742
1999 11727.64 0.03594353
2000 12927.45 0.03504784
2001 14031.83 0.02994029
2002 15404.43 0.02830463
2003 16913.07 0.02692648
2004 18130.82 0.0234829
2005 19426.1 0.02040445
2006 20443.07 0.02421128
2007 21869.64 0.02596564
2008 22785.39 0.02888577
2009 24943.37 0.02917213
2010 26376.35 0.03299043
2011 28635.42 0.03330063
2012 29818.68 0.03268405
2013 32529.9 0.03392142
2014 32129.51 0.0441812
2015 30174.46 0.04606085
2016 29191.21 0.0472591
2017 26745.76 0.05153682
2018 26111.32 0.04251298
2019 26642.63 0.03922231
2020 26951.35 0.03980377
2021 27470.62 0.04167443
2022 28185.2 0.05240092
2023 28710.51 0.06436513
2024 29673.68 0.07381647

Breeding stock abundance: Estimate SD_log Estimate/K
Asia
1970 55.76666 0.100556 1.117765
1971 67.74978 0.09918598 1.35795
1972 79.34594 0.0983702 1.590379
1973 88.02662 0.1005476 1.764371
1974 98.6433 0.1000256 1.977168
1975 108.7394 0.09974537 2.179531
1976 118.4318 0.09954487 2.373801
1977 127.6406 0.09947139 2.558379
1978 136.3851 0.0994909 2.73365
1979 144.6839 0.09958105 2.899988
1980 155.8684 0.09944971 3.124165
1981 168.8875 0.09968428 3.385116
1982 184.3049 0.09977238 3.694136
1983 201.8653 0.09979072 4.046109
1984 221.2625 0.09982039 4.434899
1985 242.3731 0.09984365 4.858031
1986 264.8934 0.0999172 5.30942
1987 288.7304 0.1000078 5.7872
1988 313.6077 0.100152 6.28583
1989 340.2151 0.1003191 6.819139
1990 368.9884 0.1005392 7.39586
1991 400.3513 0.1008127 8.024485
1992 434.8068 0.1011054 8.715098
1993 472.6037 0.1014325 9.472686
1994 521.5001 0.1037212 10.45275
1995 574.265 0.1064618 11.51034
1996 630.0646 0.1095808 12.62877
1997 675.5988 0.1164098 13.54144
1998 714.803 0.1229736 14.32723
1999 718.3309 0.1057844 14.39795
2000 788.6829 0.1035475 15.80805
2001 854.7703 0.09820606 17.13268
2002 944.9596 0.09703631 18.9404
2003 1020.175 0.09011467 20.44799
2004 1100.602 0.08167516 22.06003
2005 1191.402 0.07979791 23.87999
2006 1281.903 0.08370435 25.69396
2007 1390.254 0.09010774 27.8657
2008 1496.288 0.09683853 29.99101
2009 1572.208 0.1141704 31.51272
2010 1658.202 0.1266144 33.23637
2011 1772.399 0.1337831 35.52527
2012 1878.398 0.1424711 37.64988
2013 2012.48 0.1486508 40.33737
2014 2114.259 0.1583458 42.37739
2015 2243.678 0.1654635 44.9714
2016 2296.613 0.1777947 46.03241
2017 2360.31 0.1916085 47.30913
2018 2397.322 0.2067811 48.05099
2019 2498.59 0.2169888 50.08076
2020 2639.213 0.2255515 52.89935
2021 2713.163 0.2398984 54.38159
2022 2724.483 0.2615431 54.60848
2023 2602.486 0.3017351 52.16322
Hawaii
1970 604.2946 0.06400772 1.66706
1971 735.2347 0.06052791 2.028283
1972 865.7819 0.05812002 2.388422
1973 990.8003 0.05655777 2.733309
1974 1111.439 0.05544431 3.066114
1975 1226.973 0.05464488 3.384838
1976 1337.623 0.0540513 3.690084
1977 1443.601 0.05359866 3.982444
1978 1545.065 0.05324781 4.262354
1979 1642.289 0.05296909 4.530563
1980 1772.506 0.0523796 4.889792
1981 1932.664 0.05164589 5.331619
1982 2120.101 0.05089358 5.848699
1983 2332.01 0.05020955 6.433288
1984 2566.158 0.04962887 7.079231
1985 2819.894 0.04916909 7.77921
1986 3091.932 0.04881008 8.529677
1987 3378.724 0.04856239 9.320847
1988 3677.519 0.04841766 10.14513
1989 3999.681 0.0483026 11.03387
1990 4352.886 0.04820691 12.00826
1991 4738.98 0.04818007 13.07337
1992 5163.202 0.04822232 14.24367
1993 5628.328 0.04834877 15.5268
1994 5953.577 0.05571007 16.42406
1995 5653.292 0.04570707 15.59567
1996 6260.701 0.04526607 17.27132
1997 6901.332 0.04466158 19.03862
1998 7270.919 0.042439 20.0582
1999 7839.962 0.04539464 21.62801
2000 8645.88 0.04490503 23.85129
2001 9345.232 0.03745272 25.78058
2002 10239.76 0.03579323 28.2483
2003 11251.78 0.03484463 31.04016
2004 12000.7 0.03094432 33.1062
2005 12806.58 0.02766258 35.32937
2006 13335.53 0.03189492 36.78857
2007 14564.26 0.03280689 40.17825
2008 15087.04 0.03452853 41.62045
2009 16614.21 0.03425853 45.83342
2010 17562.58 0.03929717 48.4497
2011 19080.09 0.03981819 52.63603
2012 19658.73 0.03766203 54.23231
2013 21485.77 0.03921339 59.27255
2014 20422.8 0.0566042 56.34013
2015 18270.71 0.05289164 50.40319
2016 17346.5 0.0546801 47.85358
2017 15051.64 0.05840171 41.52277
2018 14450.21 0.04896867 39.86363
2019 14622.83 0.04368558 40.33982
2020 14584.5 0.04273393 40.23408
2021 14627.33 0.04654895 40.35224
2022 15086.21 0.05876453 41.61816
2023 15450.14 0.07329899 42.62212
MX_AR
1970 87.66867 0.08114785 0.918789
1971 106.0977 0.07829864 1.11193
1972 125.0489 0.07608055 1.310543
1973 143.037 0.07467515 1.499062
1974 160.7038 0.07357228 1.684215
1975 177.6015 0.07277276 1.861308
1976 193.793 0.07216768 2.030998
1977 209.3118 0.07169539 2.193639
1978 224.1869 0.07131858 2.349534
1979 238.4468 0.07101241 2.498981
1980 257.4916 0.07042091 2.698575
1981 280.8583 0.06969599 2.943464
1982 308.256 0.06893154 3.230598
1983 339.2845 0.06820812 3.555784
1984 373.5964 0.06756504 3.915382
1985 410.8699 0.06701459 4.306017
1986 450.7848 0.06655823 4.724334
1987 492.9875 0.06618904 5.16663
1988 537.1827 0.0658946 5.629806
1989 584.6183 0.06564239 6.126943
1990 636.4238 0.06541479 6.669877
1991 693.2831 0.06521706 7.265776
1992 755.7706 0.06506076 7.920661
1993 824.4913 0.064949 8.64087
1994 895.269 0.06546023 9.382638
1995 927.2725 0.06643528 9.718043
1996 1028.109 0.0664561 10.77483
1997 1131.708 0.06638372 11.86058
1998 1204.426 0.06453293 12.62268
1999 1314.393 0.06403339 13.77516
2000 1460.131 0.06369206 15.30253
2001 1607.236 0.0631418 16.84422
2002 1769.916 0.06236094 18.54916
2003 1938.924 0.06115783 20.3204
2004 2081.377 0.06023295 21.81334
2005 2229.742 0.05966341 23.36824
2006 2378.511 0.06208597 24.92738
2007 2574.686 0.06365902 26.98334
2008 2698.403 0.07121923 28.27992
2009 2949.114 0.07196416 30.90744
2010 3133.039 0.07546237 32.83502
2011 3386.032 0.07617058 35.48644
2012 3596.455 0.0777017 37.69173
2013 3920.897 0.07851796 41.09196
2014 4107.509 0.08215124 43.0477
2015 3977.744 0.09421789 41.68773
2016 3747.003 0.09938169 39.26951
2017 3449.119 0.10484 36.14761
2018 3162.121 0.0942332 33.1398
2019 3125.633 0.08841079 32.7574
2020 3086.676 0.0890512 32.34912
2021 3104.992 0.09500273 32.54107
2022 3200.402 0.1012761 33.541
2023 3259.5 0.1099793 34.16036
MX_ML
1970 141.5989 0.08468012 0.5583117
1971 167.8462 0.08488754 0.6618024
1972 196.4656 0.08396086 0.7746461
1973 223.6688 0.08350597 0.8819056
1974 249.9656 0.08319484 0.9855918
1975 274.6311 0.08315909 1.082845
1976 298.0857 0.08321642 1.175325
1977 320.3594 0.08333734 1.263148
1978 341.6169 0.08347868 1.346964
1979 361.8043 0.08365596 1.426562
1980 389.1579 0.08364963 1.534414
1981 422.8607 0.08357716 1.667301
1982 462.4081 0.08348113 1.823233
1983 507.0953 0.08342837 1.999431
1984 556.3604 0.08343658 2.193679
1985 609.838 0.08348472 2.404536
1986 666.8356 0.08359885 2.629272
1987 726.8546 0.08377042 2.865922
1988 789.3319 0.08399953 3.112264
1989 856.1647 0.08425563 3.37578
1990 929.2177 0.08449947 3.663821
1991 1009.803 0.08472579 3.98156
1992 1097.61 0.08504347 4.327777
1993 1194.143 0.08538992 4.708397
1994 1277.027 0.08924088 5.035202
1995 1090.833 0.06330789 4.301055
1996 1192.685 0.06344888 4.70265
1997 1305.715 0.06347489 5.148317
1998 1377.573 0.06248931 5.431645
1999 1490.592 0.06237438 5.877268
2000 1636.886 0.06108367 6.454095
2001 1792.746 0.0602008 7.068635
2002 1974.182 0.05961709 7.784019
2003 2174.826 0.0588773 8.575141
2004 2367.105 0.0582269 9.333279
2005 2562.891 0.05811433 10.10525
2006 2757.045 0.06037428 10.87078
2007 2727.116 0.06961279 10.75277
2008 2860.137 0.06709202 11.27726
2009 3111.67 0.06683895 12.26903
2010 3291.242 0.06586097 12.97707
2011 3590.028 0.0653964 14.15515
2012 3821.753 0.06441448 15.06883
2013 4167.825 0.06432008 16.43336
2014 4447.684 0.06471829 17.53682
2015 4556.459 0.06720466 17.9657
2016 4591.96 0.0666597 18.10568
2017 4591.545 0.06480166 18.10405
2018 4683.711 0.05920416 18.46745
2019 4873.198 0.05856105 19.21458
2020 5028.105 0.05906696 19.82536
2021 5285.564 0.0597515 20.8405
2022 5404.297 0.06984166 21.30865
2023 5566.239 0.07620599 21.94718
Central_Am
1970 37.49391 0.108462 0.8046147
1971 43.67789 0.1098427 0.9373221
1972 51.03625 0.1094938 1.095232
1973 58.07125 0.1093647 1.246202
1974 64.70042 0.1095046 1.388463
1975 70.8331 0.1098164 1.52007
1976 76.66278 0.1101278 1.645174
1977 82.19627 0.1104345 1.763922
1978 87.45055 0.1107365 1.876678
1979 92.34139 0.1111482 1.981635
1980 99.10146 0.1113764 2.126705
1981 107.4994 0.1115146 2.306925
1982 117.3717 0.1116259 2.518782
1983 128.4224 0.1118478 2.755928
1984 140.6097 0.1120876 3.017466
1985 153.9393 0.1122957 3.303518
1986 168.019 0.1126047 3.605667
1987 182.8083 0.1129468 3.923043
1988 198.1991 0.113311 4.253329
1989 214.5367 0.1137356 4.603931
1990 232.5211 0.1140974 4.989874
1991 252.4799 0.114413 5.418187
1992 273.9711 0.1148609 5.879386
1993 297.6726 0.1153035 6.388016
1994 315.8989 0.1188409 6.779151
1995 274.9788 0.1011748 5.90101
1996 297.5317 0.1008869 6.384993
1997 324.4758 0.1008031 6.96321
1998 338.9758 0.09993661 7.274377
1999 364.3613 0.09970072 7.819149
2000 395.8649 0.09721287 8.495211
2001 431.8422 0.09603464 9.267281
2002 475.6188 0.09556332 10.20672
2003 527.3684 0.0955284 11.31726
2004 581.0388 0.09576357 12.46902
2005 635.4868 0.09699314 13.63747
2006 690.0879 0.101443 14.8092
2007 613.3252 0.1178344 13.16188
2008 643.5174 0.1086367 13.8098
2009 696.1701 0.107745 14.93972
2010 731.2767 0.1023128 15.69311
2011 806.8696 0.1020928 17.31532
2012 863.3469 0.09772223 18.52732
2013 942.9299 0.09544037 20.23516
2014 1037.256 0.09460995 22.25938
2015 1125.875 0.09411025 24.16115
2016 1209.142 0.09403526 25.94804
2017 1293.15 0.09433139 27.75083
2018 1417.959 0.09480528 30.42923
2019 1522.379 0.09622559 32.67006
2020 1612.863 0.09717103 34.61184
2021 1739.576 0.09858348 37.33108
2022 1769.811 0.1107504 37.97991
2023 1832.142 0.1179317 39.31755

Feeding stock abundance: Estimate SD_log Estimate/K
RUS+WAL
1970 79.79787 0.1214162 1.085203
1971 97.92247 0.1195735 1.331686
1972 115.2265 0.1186204 1.56701
1973 127.9109 0.1216459 1.739511
1974 143.8297 0.1208476 1.955997
1975 159.1072 0.1202631 2.163761
1976 173.6781 0.1198753 2.361917
1977 187.5746 0.1196258 2.5509
1978 200.8197 0.1194767 2.731026
1979 213.4397 0.1194032 2.90265
1980 230.3482 0.1191598 3.132595
1981 250.1274 0.1193566 3.40158
1982 273.5713 0.1193808 3.720404
1983 300.2164 0.1193444 4.08276
1984 329.8317 0.1192531 4.485511
1985 362.0058 0.1191729 4.923059
1986 396.5324 0.1190933 5.392599
1987 433.0355 0.1190498 5.889019
1988 471.2617 0.119043 6.408872
1989 512.2668 0.1190459 6.966517
1990 556.5899 0.1191279 7.569284
1991 605.1258 0.119241 8.229344
1992 658.4146 0.1193919 8.954038
1993 716.9891 0.1195702 9.750616
1994 792.9576 0.1218194 10.78374
1995 873.5943 0.1246622 11.88035
1996 959.0363 0.127857 13.04231
1997 1026.795 0.1351412 13.96379
1998 1084.894 0.1422203 14.75391
1999 1079.483 0.1243701 14.68031
2000 1185.542 0.1218137 16.12265
2001 1283.8 0.1160117 17.4589
2002 1422.18 0.1145581 19.34079
2003 1536.164 0.1069863 20.89089
2004 1659.915 0.09766226 22.57383
2005 1802.549 0.09482504 24.51358
2006 1943.782 0.09993302 26.43425
2007 2108.325 0.1067415 28.67194
2008 2283.593 0.1136904 31.05548
2009 2391.418 0.1324206 32.52183
2010 2523.701 0.1457869 34.3208
2011 2701.217 0.1534475 36.73491
2012 2866.849 0.1628314 38.9874
2013 3061.759 0.1699938 41.63806
2014 3253.79 0.1789321 44.24957
2015 3411.108 0.1893608 46.389
2016 3645.304 0.1961167 49.57392
2017 3793.433 0.2088106 51.58839
2018 3906.933 0.222991 53.13192
2019 4116.431 0.2315263 55.98096
2020 4350.337 0.2404279 59.16194
2021 4498.016 0.2540504 61.17029
2022 4522.1 0.2764398 61.49781
2023 4310.995 0.3194624 58.62691
EAL+BER+WGOA
1970 204.8411 0.09947496 1.133162
1971 246.2008 0.09848353 1.36196
1972 289.6216 0.09671949 1.60216
1973 332.2531 0.09527908 1.837993
1974 373.1294 0.09426129 2.064117
1975 412.3497 0.0935071 2.28108
1976 449.9712 0.09292896 2.489199
1977 486.0782 0.09247224 2.68894
1978 520.7107 0.0921044 2.880524
1979 553.9277 0.09180278 3.064277
1980 598.0169 0.09126187 3.308175
1981 652.4602 0.09053337 3.609349
1982 716.3046 0.08973673 3.962531
1983 788.6417 0.08895235 4.362693
1984 868.6292 0.088225 4.805176
1985 955.5024 0.08757402 5.285751
1986 1048.552 0.08700339 5.800492
1987 1147.073 0.08650991 6.3455
1988 1250.405 0.08608943 6.917126
1989 1361.143 0.08570924 7.529719
1990 1481.945 0.0853295 8.197983
1991 1614.51 0.08496324 8.931322
1992 1760.552 0.08460743 9.739211
1993 1921.267 0.08427337 10.62827
1994 2121.792 0.08306667 11.73756
1995 2377.269 0.08244477 13.15083
1996 2647.806 0.08148625 14.64742
1997 2933.936 0.08013848 16.23027
1998 3201.811 0.077175 17.71212
1999 3570.202 0.07636223 19.75003
2000 3993 0.07581196 22.08891
2001 4446.65 0.07500909 24.59845
2002 4929.765 0.07376076 27.27101
2003 5399.811 0.07108682 29.87126
2004 5852.992 0.06632025 32.37821
2005 6284.506 0.06292307 34.76531
2006 6753.5 0.06817015 37.35974
2007 7441.597 0.0702045 41.16623
2008 7736.755 0.08566773 42.79901
2009 8491.667 0.08640263 46.97512
2010 9069.496 0.09132014 50.17161
2011 9766.902 0.09296556 54.0296
2012 10422.27 0.09526423 57.65502
2013 11366.37 0.09626843 62.87768
2014 12099.63 0.1011801 66.93401
2015 11989.27 0.1192734 66.32352
2016 10889.88 0.1372217 60.2418
2017 9798.861 0.1434533 54.20639
2018 8265.737 0.1437788 45.72529
2019 7774.116 0.1415469 43.00569
2020 7354.506 0.1503858 40.68445
2021 7170.629 0.1675695 39.66726
2022 7449.192 0.1726673 41.20824
2023 7681.503 0.1797535 42.49336
NGOA
1970 99.05425 0.177639 1.399051
1971 122.382 0.1763249 1.728534
1972 144.7725 0.1756002 2.04478
1973 166.2672 0.175155 2.348374
1974 186.884 0.1748619 2.639567
1975 206.672 0.1746569 2.919054
1976 225.5684 0.1745817 3.185949
1977 243.7088 0.174529 3.442165
1978 261.1194 0.1744915 3.688075
1979 277.8295 0.1744641 3.92409
1980 300.237 0.1743491 4.240575
1981 327.8232 0.1741946 4.630204
1982 360.0097 0.1740843 5.08481
1983 396.346 0.1740255 5.598027
1984 436.4817 0.1739887 6.164907
1985 479.9365 0.1740095 6.778667
1986 526.4498 0.1740433 7.435624
1987 575.4891 0.1741457 8.12826
1988 626.9453 0.1742444 8.855033
1989 682.0865 0.1743626 9.633851
1990 742.1294 0.1744802 10.4819
1991 808.0161 0.1746061 11.41249
1992 880.4256 0.1747624 12.43521
1993 960.0319 0.1749349 13.55958
1994 1014.612 0.1776303 14.33048
1995 1106.703 0.1787408 15.63117
1996 1228.901 0.1795795 17.35712
1997 1339.551 0.1807329 18.91994
1998 1270.41 0.1365232 17.94339
1999 1374.281 0.1308337 19.41047
2000 1516.83 0.128997 21.42385
2001 1630.505 0.1213064 23.02941
2002 1706.326 0.1022543 24.1003
2003 1856.025 0.09901 26.21467
2004 1796.816 0.1163816 25.3784
2005 1813.434 0.09737637 25.6131
2006 1839.816 0.1156503 25.98573
2007 2002.186 0.1201268 28.27906
2008 2194.705 0.1229329 30.99822
2009 2403.552 0.1268243 33.948
2010 2482.575 0.174737 35.06412
2011 2690.183 0.1709062 37.9964
2012 2909.936 0.1694584 41.10021
2013 3182.185 0.1706666 44.94548
2014 3384.016 0.1718789 47.79615
2015 2244.24 0.3052563 31.69785
2016 1980.938 0.3887456 27.97894
2017 1495.765 0.2183069 21.12632
2018 1560.94 0.2156722 22.04686
2019 1666.718 0.2139782 23.54088
2020 1615.795 0.2459977 22.82164
2021 1616.073 0.2630527 22.82556
2022 1703.993 0.2653923 24.06735
2023 1732.824 0.2769299 24.47457
SEA+NBC
1970 307.7931 0.06959978 1.560862
1971 372.2408 0.06698575 1.887686
1972 436.7939 0.06505937 2.215044
1973 498.669 0.06382925 2.528821
1974 557.8247 0.06300951 2.828808
1975 614.4174 0.06244023 3.115797
1976 668.5495 0.06203444 3.390309
1977 720.3245 0.06174053 3.652867
1978 769.7356 0.06153377 3.903438
1979 816.9734 0.06138412 4.142987
1980 880.4441 0.06095303 4.464856
1981 958.5374 0.06039105 4.860878
1982 1049.917 0.05980801 5.324279
1983 1153.041 0.05928856 5.847236
1984 1266.861 0.05885725 6.424432
1985 1390.034 0.05853354 7.049058
1986 1522.236 0.05828291 7.719472
1987 1661.003 0.0581512 8.423182
1988 1804.397 0.05814965 9.150352
1989 1959.91 0.05813324 9.938982
1990 2131.575 0.05809131 10.80952
1991 2318.427 0.05814161 11.75707
1992 2523.155 0.05827761 12.79528
1993 2746.643 0.05852712 13.92862
1994 2839.518 0.07748745 14.3996
1995 3032.927 0.06464656 15.3804
1996 3353.971 0.0630135 17.00846
1997 3707.611 0.06105386 18.80182
1998 3956.269 0.06801059 20.0628
1999 4203.047 0.07645817 21.31425
2000 4595.382 0.07636675 23.30383
2001 4880.178 0.06014908 24.74807
2002 5371.13 0.06031342 27.23776
2003 5930.338 0.05999155 30.07358
2004 6401.077 0.05453804 32.46076
2005 6870.877 0.05188579 34.84319
2006 7011.434 0.06142004 35.55597
2007 7610.993 0.0628304 38.59642
2008 7690.821 0.05915968 39.00124
2009 8521.886 0.05823867 43.21569
2010 8965.469 0.06342663 45.46516
2011 9788.016 0.06549276 49.63641
2012 9651.398 0.05710008 48.9436
2013 10565.54 0.060126 53.57933
2014 8687.214 0.1198429 44.05409
2015 7407.438 0.06196017 37.56416
2016 7294.832 0.06212927 36.99312
2017 5940.057 0.0669272 30.12287
2018 6136.976 0.07288652 31.12147
2019 6417.297 0.06245607 32.54302
2020 6584.147 0.05695216 33.38914
2021 6621.279 0.101134 33.57744
2022 6777.108 0.1215104 34.36767
2023 6970.971 0.1449227 35.35078
SBC+WA
1970 134.0164 0.2379371 1.041975
1971 165.4409 0.2376032 1.2863
1972 195.5816 0.2374941 1.520643
1973 224.4938 0.2374744 1.745435
1974 252.2084 0.237493 1.960916
1975 278.7874 0.2375272 2.167567
1976 304.2761 0.237568 2.365741
1977 328.6476 0.2376774 2.555229
1978 351.9957 0.2377801 2.73676
1979 374.3827 0.2378728 2.910818
1980 404.488 0.2379509 3.144887
1981 441.6149 0.2380254 3.433548
1982 484.9964 0.2381556 3.770838
1983 534.144 0.2382839 4.15296
1984 588.4657 0.2384135 4.57531
1985 647.3156 0.2385894 5.032867
1986 710.3335 0.2387605 5.52283
1987 777.0306 0.2389264 6.041399
1988 846.8905 0.239113 6.584558
1989 921.9099 0.239291 7.167833
1990 1003.593 0.2394931 7.802915
1991 1093.256 0.2397161 8.500049
1992 1192.132 0.2399336 9.268805
1993 1300.955 0.24017 10.1149
1994 1374.24 0.2566515 10.68469
1995 251.4351 0.12399 1.954903
1996 267.7282 0.1005011 2.081582
1997 293.2326 0.09380236 2.279878
1998 309.3058 0.07383657 2.404847
1999 335.9268 0.06704335 2.611825
2000 372.2684 0.06528399 2.89438
2001 412.4159 0.06373641 3.206526
2002 458.2818 0.06286572 3.563132
2003 509.4549 0.06175264 3.961003
2004 568.3675 0.06082159 4.419047
2005 630.6916 0.0603505 4.903615
2006 699.3942 0.06091049 5.437777
2007 779.9195 0.06138631 6.06386
2008 865.31 0.06294694 6.727769
2009 958.6201 0.06424211 7.453254
2010 1056.902 0.0663201 8.217397
2011 1175.944 0.06772619 9.142945
2012 1284.188 0.07218223 9.984538
2013 1413.4 0.07741803 10.98916
2014 1482.477 0.1003803 11.52623
2015 1547.933 0.1115114 12.03515
2016 1597.232 0.1051731 12.41845
2017 1667.694 0.09118425 12.96629
2018 1792.068 0.08656052 13.93329
2019 1901.88 0.08631483 14.78708
2020 1966.908 0.08501395 15.29268
2021 2087.799 0.08727931 16.2326
2022 2162.891 0.1018885 16.81644
2023 2242.557 0.1170449 17.43584
OR+CA
1970 99.02002 0.0597203 0.6302863
1971 114.0193 0.05922799 0.7257604
1972 133.0825 0.05701343 0.8471022
1973 151.2099 0.05559544 0.9624875
1974 168.4761 0.0546337 1.072391
1975 184.245 0.05415631 1.172764
1976 199.1525 0.05385665 1.267654
1977 213.2751 0.05367766 1.357547
1978 226.5236 0.05360519 1.441878
1979 239.0121 0.05360033 1.52137
1980 256.2914 0.05319904 1.631357
1981 277.7072 0.0526189 1.767674
1982 302.8427 0.05199522 1.927667
1983 331.1875 0.05144741 2.108089
1984 362.3177 0.05101848 2.30624
1985 396.3205 0.0506635 2.522676
1986 432.3614 0.05045182 2.752085
1987 470.0737 0.050367 2.992133
1988 509.141 0.05039136 3.240806
1989 550.6992 0.05048247 3.505333
1990 596.5048 0.0505609 3.796897
1991 647.3618 0.05063781 4.120614
1992 701.9812 0.05087623 4.46828
1993 762.0532 0.05118402 4.850653
1994 810.3535 0.05669533 5.158096
1995 868.313 0.0553782 5.527022
1996 940.7487 0.0545431 5.988093
1997 1026.003 0.05434749 6.53076
1998 1071.707 0.05292111 6.821674
1999 1151.599 0.05261555 7.330205
2000 1250.323 0.04798422 7.958605
2001 1363.477 0.0459698 8.678862
2002 1501.549 0.04524606 9.557722
2003 1665.481 0.04530006 10.60119
2004 1834.257 0.04626615 11.67549
2005 2004.545 0.04907405 12.75941
2006 2175.249 0.05928735 13.84599
2007 1905.919 0.0868712 12.13164
2008 1992.502 0.07172005 12.68276
2009 2152.425 0.07042105 13.70071
2010 2253.101 0.05986925 14.34154
2011 2484.857 0.05936093 15.81672
2012 2655.146 0.04989052 16.90065
2013 2899.254 0.04402798 18.45446
2014 3201.683 0.04106508 20.37949
2015 3485.375 0.03900518 22.18526
2016 3753.729 0.0381507 23.89339
2017 4021.249 0.0386639 25.59622
2018 4415.871 0.0394799 28.10809
2019 4746.685 0.04349566 30.2138
2020 5023.66 0.04660087 31.97681
2021 5430.326 0.04945808 34.56534
2022 5524.621 0.07097673 35.16554
2023 5715.857 0.08288141 36.38281

Parameters: Estimate  Std. Error      z value    Pr(>|z^2|)
rval 0.0910985 0.00187616 48.55588069 0
logK 8.51501501 0.76293319 11.16089206 0
logK 10.49817009 0.40148638 26.14825938 0
logK 9.16343347 0.73172623 12.52303539 0
logK 10.14100659 0.53073739 19.10739039 0
logK 8.44674053 0.8588992 9.83437937 0
logBK 4.48259826 0.78504748 5.70997093 1e-08
logBK 4.07729717 0.41652688 9.78879723 0
logBK 4.68063856 0.74226217 6.30591016 0
logBK 5.18240932 0.53571103 9.67388956 0
logBK 4.81448318 0.86086736 5.59259582 2e-08
MixPars -2.29419466 0.31167107 -7.36094835 0
MixPars -2.87659386 0.21566127 -13.33848158 0
MixPars -0.84407585 0.12822794 -6.58262056 0
MixPars -1.25413901 0.18693413 -6.70898911 0
MixPars -1.21392109 0.24852153 -4.88457108 1.04e-06
MixPars -1.7025983 0.26500099 -6.42487534 0
MixPars -1.47876388 0.2711571 -5.45353189 5e-08
MixPars -1.65536825 0.29453139 -5.62034574 2e-08
MixPars -1.95141868 0.37330809 -5.22736774 1.7e-07
MixPars -1.86776384 0.26114909 -7.15209789 0
MixPars -1.7064656 0.36960045 -4.61705496 3.89e-06
MixPars -1.68880158 0.36435695 -4.63501953 3.57e-06
MixPars -1.40923779 0.41896262 -3.36363612 0.00076923
MixPars 0.17613321 0.33270473 0.52939798 0.5965294
MixPars 0.79363239 0.1692454 4.68924059 2.74e-06
MixPars -1.41499302 0.35202787 -4.0195483 5.831e-05
AddV 0.03681729 0.02030839 1.81291027 0.06984566
AddV 0.01185665 0.00401359 2.9541226 0.00313559
AddV 0.01650156 0.01329999 1.24071941 0.21470942
omega_sst 0.80226898 0.16320118 4.91582835 8.8e-07
omega_chl 0.25076641 0.6677312 0.37554993 0.70725152
SFdev -0.45836043 1.05697855 -0.43365159 0.66454146
SFdev -0.30927127 1.06186676 -0.29125243 0.77085827
SFdev -0.20054366 1.07550593 -0.18646449 0.85208053
SFdev 0.35646061 1.11764625 0.31893867 0.74977302
SFdev 0.55604123 1.13571343 0.48959642 0.62441951
SFdev 1.19568533 1.12419562 1.06359188 0.28751362
SFdev -0.32195228 1.07239146 -0.30021899 0.76401012
SFdev 0.06221933 1.09002272 0.05708076 0.95448086
SFdev -0.71092976 1.05917409 -0.67121144 0.50208584
SFdev 0.09855724 1.10001581 0.0895962 0.9286081
SFdev 0.07543924 1.13559486 0.06643147 0.94703431
SFdev -0.06319866 1.04325879 -0.06057812 0.9516952
SFdev 0.09928244 0.99926966 0.099355 0.92085641
SFdev -0.05063067 0.94736744 -0.05344354 0.95737851
SFdev 0.00106561 0.96689398 0.00110209 0.99912066
SFdev 0.59920689 0.98706401 0.60705981 0.54381122
SFdev 0.46518176 1.01360146 0.45893951 0.6462776
SFdev 0.17459245 0.99514882 0.17544356 0.86073111
SFdev 0.31803571 0.99731005 0.31889352 0.74980726
SFdev 0.09638968 1.01041655 0.09539598 0.92400031
SFdev 0.33482121 0.99602779 0.3361565 0.73675286
SFdev 0.19930849 0.99184894 0.20094642 0.84074047
SFdev 0.11982025 1.00901566 0.11874964 0.9054737
SFdev 0.56140255 1.01601671 0.55255247 0.58056989
SFdev 0.68021927 1.02658964 0.66260095 0.50758616
SFdev 0.358549 1.01069375 0.35475534 0.72277289
SFdev 0.15297018 0.9705885 0.1576056 0.87476759
SFdev 0.51788663 0.99408383 0.52096877 0.60238853
SFdev 0.84702528 1.01479856 0.83467331 0.40390167
SFdev 1.30910081 1.03638728 1.26313863 0.20653936
SFdev 1.14049196 1.02571944 1.11189466 0.26618345
SFdev -0.33322353 0.76861379 -0.43353831 0.66462374
SFdev -1.01498676 0.86784298 -1.16955116 0.24218164
SFdev -0.69257878 0.83585174 -0.82859045 0.40733619
SFdev -0.49571417 0.80616139 -0.61490686 0.53861623
SFdev -0.03460065 0.73657982 -0.04697475 0.96253335
SFdev -0.91150509 0.86631901 -1.05215871 0.29272674
SFdev -1.14982857 0.8924715 -1.28836446 0.19761912
SFdev -0.8754024 0.85014878 -1.02970494 0.30314853
SFdev -0.66561244 0.82161167 -0.81013021 0.41786534
SFdev -0.23581675 0.76541486 -0.30809011 0.75801377
SFdev 0.03108023 0.77287199 0.04021394 0.96792256
SFdev 0.21766124 0.70079835 0.3105904 0.75611202
SFdev 0.17824509 0.73772778 0.24161364 0.80907955
SFdev -0.60332814 0.86649732 -0.69628391 0.48625105
SFdev 0.6823971 0.775263 0.88021368 0.37874357
SFdev -0.57884714 1.012722 -0.57157556 0.56760956
SFdev 0.17354131 1.17568932 0.14760814 0.88265203
SFdev -0.08935873 1.06864473 -0.08361874 0.93335956
SFdev 0.10072695 1.07092192 0.0940563 0.92506443
SFdev -0.65541239 1.10082539 -0.5953827 0.55158769
SFdev 0.08744186 1.03076078 0.08483236 0.93239467
SFdev 1.06174529 0.89996652 1.17976088 0.23809533
SFdev 1.6571958 0.79555752 2.08306221 0.03724555
SFdev 1.70571813 0.77702003 2.19520484 0.02814891
SFdev 1.99382259 0.68148344 2.92570951 0.00343672
SFdev 1.39747246 0.83481358 1.67399346 0.09413188
SFdev 1.32303915 0.68494672 1.93159425 0.05340961
SFdev 1.04946478 0.89958275 1.16661284 0.24336676
SFdev 0.05488474 1.0003118 0.05486764 0.95624392
SFdev 0.12169182 1.00558587 0.12101584 0.90367849
SFdev -0.06522146 1.0000969 -0.06521514 0.94800271
SFdev 0.58925179 1.02192946 0.57660711 0.5642049
SFdev -0.00123138 1.02412654 -0.00120237 0.99904065
SFdev -0.60424037 1.04358272 -0.57900573 0.56258531
SFdev -0.01708948 1.0689412 -0.0159873 0.98724452
SFdev 1.54417789 1.05384322 1.46528237 0.1428439
SFdev 0.11422195 1.06339242 0.10741279 0.91446151
SFdev -0.50741848 1.04456904 -0.48576825 0.62713148
SFdev 0.21714782 1.05021723 0.20676468 0.83619365
SFdev 0.64620728 1.07242847 0.60256446 0.54679847
SFdev -0.081802 1.02901556 -0.07949539 0.9366386
SFdev 1.38121441 1.03216604 1.33817075 0.18084078
SFdev 1.02962717 1.05356278 0.97728127 0.32842992
SFdev 0.96772982 0.88087798 1.09859691 0.27194393
SFdev -0.13282268 0.92109394 -0.14420102 0.88534174
SFdev -0.48780705 0.95915254 -0.50858131 0.61104573
SFdev -0.45755161 1.17124129 -0.39065529 0.69605205
SFdev 0.73688486 1.8221656 0.4044006 0.68591816
SFdev -0.12299424 1.29181473 -0.09521043 0.92414768
SFdev -0.15602743 1.1084293 -0.14076444 0.88805604
SFdev -0.51616707 1.20745019 -0.42748519 0.66902597
SFdev 0.28997305 1.02947891 0.28166973 0.77819677
SFdev 2.80629517 0.70681689 3.9703284 7.177e-05
SFdev 1.84789006 1.77702695 1.03987734 0.29839689
SFdev 2.44066229 1.18611714 2.05769077 0.03961983
SFdev 0.48260149 1.07311573 0.44971989 0.65291243
SFdev 0.00083927 1.02667808 0.00081746 0.99934776
SFdev 1.23311064 0.95677521 1.2888196 0.19746081
SFdev 0.95521103 1.03881174 0.91952275 0.35782221
SFdev 0.03476698 1.00123918 0.03472395 0.97229987
SFdev 0.69173308 1.00966715 0.68511001 0.4932745
SFdev -0.24994771 1.01306796 -0.24672354 0.80512219
SFdev 0.86040274 0.65406869 1.31546235 0.18835456
SFdev 0.4025287 0.88690146 0.45385955 0.64992992
SFdev -0.48841099 0.83020302 -0.58830308 0.55632888
SFdev -0.53727104 0.85376106 -0.62929907 0.52915328
SFdev 0.37583639 0.67439935 0.55729057 0.57732892
SFdev 0.43126735 0.90154242 0.47836612 0.63238964
SFdev -0.24046573 1.4124953 -0.17024179 0.86481999
SFdev 0.42134998 0.9643724 0.43691626 0.66217208
SFdev -0.50084026 0.9234271 -0.5423712 0.58756281
SFdev -0.60035095 0.89989648 -0.66713334 0.50468696
SFdev 0.08023004 0.78973069 0.10159165 0.91908081
SFdev 0.16908948 0.62931362 0.26868873 0.78816923
SFdev 0.89705364 0.53357127 1.68122553 0.09271912
SFdev -0.15942278 0.80948605 -0.1969432 0.84387198
SFdev 0.99116937 0.48605851 2.03919766 0.0414303
SFdev -1.20928365 0.90775631 -1.33216772 0.18280508
SFdev 0.44495391 0.62222491 0.71510142 0.47454637
SFdev -0.63467097 0.9360818 -0.67800803 0.4977666
SFdev 1.14781377 0.36771243 3.12149839 0.00179933
SFdev -0.79817663 0.94041321 -0.84875097 0.39601988
SFdev 2.13185012 0.42656193 4.9977505 5.8e-07
SFdev 1.97852436 0.48140665 4.10988164 3.959e-05
SFdev 1.07489939 0.38743336 2.77441103 0.00553018
SFdev 2.15989679 0.19153032 11.2770487 0
SFdev 0.52103041 0.83405917 0.62469239 0.53217297
SFdev 0.25748027 0.86589735 0.29735658 0.76619429
SFdev 0.51014571 0.52270487 0.97597274 0.32907797
SFdev 0.81887164 0.99207419 0.82541371 0.40913675
SFdev 0.49307532 1.01064159 0.48788346 0.62563239
SFdev 0.66172218 1.0086171 0.65606877 0.51177987
SFdev 0.46239777 1.00423115 0.46044954 0.64519358
SFdev 0.60962818 1.29223965 0.47176093 0.63709744
SFdev 4.82960189 0.34182015 14.12907318 0
SFdev 0.43250229 1.21255351 0.35668718 0.72132601
SFdev -0.19848512 1.10484671 -0.17964947 0.85742777
SFdev 0.58278866 0.85725667 0.67982984 0.49661221
SFdev 0.01466828 0.80578487 0.01820372 0.98547634
SFdev -0.73607386 0.85733238 -0.858563 0.39058166
SFdev -0.68648552 0.8179939 -0.83923061 0.40133991
SFdev -0.86537223 0.82009921 -1.05520432 0.29133189
SFdev -0.88309872 0.83055939 -1.06325776 0.28766507
SFdev -0.57191517 0.76047226 -0.75205263 0.45201941
SFdev -0.40114315 0.74235165 -0.5403681 0.5889432
SFdev -0.57624407 0.78505301 -0.73401931 0.46293697
SFdev -0.80054085 0.82365122 -0.97194155 0.33107963
SFdev -0.33200633 0.79695018 -0.4165961 0.67697386
SFdev -0.90276807 0.9140257 -0.98768346 0.3233077
SFdev -0.1758495 0.90132193 -0.19510177 0.84531328
SFdev -0.84012251 0.99664357 -0.84295181 0.39925539
SFdev -0.20239295 0.95979047 -0.21087201 0.83298714
SFdev -0.16126573 1.01977601 -0.15813839 0.87434775
SFdev 0.7154827 1.14445346 0.62517414 0.53185677
SFdev 0.71144158 1.22602934 0.58028104 0.56172511
SFdev 0.84848795 1.36527312 0.62147854 0.53428481
SFdev 0.70676852 1.14925004 0.61498237 0.53856636
SFdev 0.22026632 1.0022283 0.21977659 0.82604515
SFdev 0.28054313 0.95460418 0.29388424 0.76884636
SFdev 0.81180373 0.78153353 1.03873181 0.29892948
SFdev 0.35944539 0.86245364 0.41677067 0.67684616
SFdev 0.78859999 0.89946302 0.87674532 0.38062499
SFdev 0.79708734 0.91755857 0.86870459 0.38500873
SFdev 0.91282811 1.05096622 0.86856084 0.38508738
SFdev 0.44166083 0.98545876 0.44817789 0.65402482
SFdev 0.30645936 0.95163636 0.3220341 0.74742686
SFdev 0.07264118 0.93188058 0.07795117 0.93786689
SFdev -0.09965563 1.0032379 -0.099334 0.92087309
SFdev 0.68789206 0.71278578 0.96507545 0.33450702
SFdev 0.21158106 0.88010532 0.24040425 0.81001688
SFdev -0.04832531 1.00151347 -0.04825228 0.96151518
SFdev -0.11258113 0.88815855 -0.12675791 0.89913201
SFdev -0.45603945 0.86260895 -0.52867461 0.59703119
SFdev -0.74129398 0.84420775 -0.87809426 0.37989257
SFdev -0.46141378 0.79992435 -0.57682177 0.56405986
SFdev -0.18446185 0.79525696 -0.23195251 0.8165749
SFdev -0.02247916 0.99672063 -0.02255312 0.98200674
SFdev 1.93341894 0.47009444 4.11283092 3.908e-05
SFdev 0.64813829 1.06330963 0.60954803 0.54216125
SFdev 0.16325826 1.20646226 0.13531982 0.89235902
SFdev 0.66886888 1.05732574 0.63260436 0.52699204
SFdev -0.76197444 1.11593611 -0.68281188 0.49472572
SFdev 0.3212623 1.1392376 0.28199762 0.77794533
SFdev -0.17970949 0.95076425 -0.18901583 0.85008041
SFdev -0.5657552 0.81876984 -0.69098197 0.48957687
SFdev -0.48753998 0.6873556 -0.70929803 0.47813955
SFdev -0.48557357 0.673556 -0.72091046 0.47096461
SFdev -0.54043778 0.73077155 -0.73954409 0.45957668
SFdev -0.51414277 0.79216867 -0.64903195 0.51631773
SFdev -0.1113151 0.80851283 -0.13767883 0.89049425
SFdev 0.41427891 0.71254631 0.5814063 0.56096665
SFdev 0.13834204 0.74081307 0.18674352 0.85186173
SFdev 0.93799701 0.78325494 1.19756284 0.23108725
SFdev 0.71247183 0.92408947 0.77099875 0.44070767
SFdev 0.60364473 1.02525104 0.58877748 0.55601055

Mixing matrix
0.9083951 0.0916049 0 0 0 0 ,# Asia
0.02722876 0.2078448 0.13792754 0.48341114 0.14358776 0 ,# Hawaii
0.09601638 0.52695604 0.12010343 0.10066004 0.0748659 0.08139821 ,# MX_AR
0.03619563 0.19941818 0.03684067 0.04872373 0.23782551 0.44099627 ,# MX_ML
0 0 0 0 0.19544772 0.80455228 ,# Central_Am

Split of breeding stock to feeding grounds over time
Split for: Asia
Year RUS+WAL EAL+BER+WGOA NGOA SEA+NBC SBC+WA OR+CA
1970 0.91072 0.08928 0 0 0 0
1971 0.91131 0.08869 0 0 0 0
1972 0.90853 0.09147 0 0 0 0
1973 0.90911 0.09089 0 0 0 0
1974 0.90954 0.09046 0 0 0 0
1975 0.90986 0.09014 0 0 0 0
1976 0.91012 0.08988 0 0 0 0
1977 0.91033 0.08967 0 0 0 0
1978 0.9105 0.0895 0 0 0 0
1979 0.91067 0.08933 0 0 0 0
1980 0.91088 0.08912 0 0 0 0
1981 0.91072 0.08928 0 0 0 0
1982 0.91064 0.08936 0 0 0 0
1983 0.9106 0.0894 0 0 0 0
1984 0.91061 0.08939 0 0 0 0
1985 0.91064 0.08936 0 0 0 0
1986 0.91069 0.08931 0 0 0 0
1987 0.91075 0.08925 0 0 0 0
1988 0.91082 0.08918 0 0 0 0
1989 0.9109 0.0891 0 0 0 0
1990 0.91095 0.08905 0 0 0 0
1991 0.91098 0.08902 0 0 0 0
1992 0.91101 0.08899 0 0 0 0
1993 0.91104 0.08896 0 0 0 0
1994 0.91134 0.08866 0 0 0 0
1995 0.91014 0.08986 0 0 0 0
1996 0.90912 0.09088 0 0 0 0
1997 0.90642 0.09358 0 0 0 0
1998 0.90388 0.09612 0 0 0 0
1999 0.89375 0.10625 0 0 0 0
2000 0.89221 0.10779 0 0 0 0
2001 0.88973 0.11027 0 0 0 0
2002 0.88991 0.11009 0 0 0 0
2003 0.88874 0.11126 0 0 0 0
2004 0.88865 0.11135 0 0 0 0
2005 0.88998 0.11002 0 0 0 0
2006 0.89053 0.10947 0 0 0 0
2007 0.88918 0.11082 0 0 0 0
2008 0.89336 0.10664 0 0 0 0
2009 0.88904 0.11096 0 0 0 0
2010 0.88817 0.11183 0 0 0 0
2011 0.88778 0.11222 0 0 0 0
2012 0.8875 0.1125 0 0 0 0
2013 0.88594 0.11406 0 0 0 0
2014 0.88552 0.11448 0 0 0 0
2015 0.8927 0.1073 0 0 0 0
2016 0.90729 0.09271 0 0 0 0
2017 0.91881 0.08119 0 0 0 0
2018 0.93257 0.06743 0 0 0 0
2019 0.93931 0.06069 0 0 0 0
2020 0.9455 0.0545 0 0 0 0
2021 0.94865 0.05135 0 0 0 0
2022 0.94727 0.05273 0 0 0 0
2023 0.94347 0.05653 0 0 0 0
2024 0.93984 0.06016 0 0 0 0
Split for: Hawaii
Year RUS+WAL EAL+BER+WGOA NGOA SEA+NBC SBC+WA OR+CA
1970 0.02769 0.2055 0.14013 0.48076 0.14592 0
1971 0.0279 0.2055 0.14097 0.47871 0.14692 0
1972 0.02707 0.20629 0.14158 0.47742 0.14765 0
1973 0.02731 0.20672 0.14191 0.47599 0.14806 0
1974 0.0275 0.20707 0.14219 0.47484 0.1484 0
1975 0.02765 0.20739 0.14237 0.4739 0.14869 0
1976 0.02778 0.20769 0.14254 0.47309 0.1489 0
1977 0.02788 0.20797 0.14271 0.47233 0.14911 0
1978 0.02798 0.20823 0.14286 0.47164 0.14929 0
1979 0.02806 0.20841 0.14302 0.47102 0.14948 0
1980 0.02815 0.20856 0.14321 0.47036 0.14972 0
1981 0.02813 0.20878 0.14337 0.46976 0.14996 0
1982 0.02814 0.20903 0.1435 0.46911 0.15022 0
1983 0.02816 0.20928 0.14362 0.46846 0.15047 0
1984 0.0282 0.20956 0.14371 0.46782 0.15071 0
1985 0.02824 0.20979 0.14377 0.4673 0.15089 0
1986 0.0283 0.21008 0.14382 0.46667 0.15113 0
1987 0.02838 0.21049 0.14396 0.46577 0.15141 0
1988 0.02844 0.21074 0.144 0.46521 0.15161 0
1989 0.02848 0.21087 0.14396 0.46499 0.15169 0
1990 0.02852 0.21106 0.14397 0.46462 0.15183 0
1991 0.02856 0.21128 0.14399 0.46416 0.152 0
1992 0.02861 0.21156 0.14405 0.46357 0.15221 0
1993 0.02864 0.21173 0.14401 0.46326 0.15235 0
1994 0.03004 0.22119 0.14395 0.45259 0.15224 0
1995 0.03494 0.26112 0.1654 0.50928 0.02925 0
1996 0.03473 0.26282 0.16592 0.50838 0.02815 0
1997 0.03381 0.26423 0.16404 0.50991 0.02802 0
1998 0.03401 0.27373 0.14771 0.5165 0.02805 0
1999 0.03148 0.28327 0.14824 0.50877 0.02824 0
2000 0.03142 0.28729 0.14827 0.50462 0.0284 0
2001 0.03156 0.29612 0.14747 0.49572 0.02912 0
2002 0.03198 0.29952 0.1408 0.49816 0.02953 0
2003 0.03153 0.29878 0.13943 0.50038 0.02988 0
2004 0.03203 0.30378 0.12656 0.50636 0.03128 0
2005 0.03267 0.30578 0.11972 0.50944 0.03239 0
2006 0.03391 0.31561 0.11664 0.49929 0.03455 0
2007 0.03374 0.31841 0.11589 0.49641 0.03554 0
2008 0.03538 0.31979 0.1229 0.48437 0.03755 0
2009 0.03372 0.31869 0.1222 0.48705 0.03833 0
2010 0.0338 0.32231 0.11975 0.48436 0.03978 0
2011 0.03336 0.31944 0.11921 0.48737 0.04062 0
2012 0.03442 0.33057 0.12484 0.46674 0.04343 0
2013 0.03385 0.33027 0.1252 0.4669 0.04377 0
2014 0.03781 0.37042 0.13997 0.40363 0.04816 2e-05
2015 0.04509 0.41076 0.10365 0.38428 0.05621 2e-05
2016 0.05067 0.39261 0.09654 0.39902 0.06113 2e-05
2017 0.06072 0.4069 0.08404 0.37495 0.07337 3e-05
2018 0.06531 0.35829 0.0914 0.40352 0.08145 3e-05
2019 0.06784 0.33269 0.09628 0.41673 0.08643 3e-05
2020 0.07216 0.31585 0.09394 0.42896 0.08907 2e-05
2021 0.07473 0.30728 0.09333 0.42977 0.09487 2e-05
2022 0.07307 0.30909 0.09567 0.42672 0.09543 2e-05
2023 0.06847 0.31201 0.09473 0.42839 0.09638 2e-05
2024 0.06383 0.31078 0.09885 0.43173 0.09479 3e-05
Split for: MX_AR
Year RUS+WAL EAL+BER+WGOA NGOA SEA+NBC SBC+WA OR+CA
1970 0.09821 0.52399 0.12272 0.10068 0.07652 0.07788
1971 0.09882 0.52338 0.12331 0.10014 0.07695 0.0774
1972 0.09594 0.52569 0.12391 0.09992 0.07738 0.07716
1973 0.09663 0.5258 0.12398 0.09944 0.07745 0.07671
1974 0.09718 0.52609 0.12408 0.09908 0.07754 0.07604
1975 0.09762 0.52641 0.12412 0.09879 0.07762 0.07544
1976 0.09798 0.52674 0.12416 0.09855 0.07766 0.0749
1977 0.09829 0.52707 0.12422 0.09832 0.07771 0.0744
1978 0.09856 0.52739 0.12427 0.09811 0.07776 0.07392
1979 0.09881 0.52761 0.12435 0.09794 0.07782 0.07347
1980 0.09909 0.52774 0.12446 0.09775 0.07791 0.07305
1981 0.09899 0.52814 0.12456 0.0976 0.07801 0.0727
1982 0.09896 0.52851 0.12461 0.09742 0.07811 0.07239
1983 0.09899 0.52886 0.12465 0.09723 0.0782 0.07208
1984 0.09905 0.52917 0.12464 0.09702 0.07826 0.07186
1985 0.09914 0.52946 0.12462 0.09686 0.07832 0.0716
1986 0.09927 0.5298 0.12457 0.09666 0.07838 0.07132
1987 0.09941 0.53021 0.12455 0.09636 0.07844 0.07103
1988 0.09956 0.53053 0.12451 0.09619 0.07849 0.07071
1989 0.0997 0.53076 0.12445 0.09612 0.07852 0.07046
1990 0.0998 0.53096 0.1244 0.096 0.07855 0.0703
1991 0.0999 0.53128 0.12436 0.09586 0.0786 0.07
1992 0.1 0.53162 0.12432 0.09567 0.07866 0.06972
1993 0.10008 0.53189 0.12425 0.09558 0.0787 0.0695
1994 0.10221 0.54113 0.12095 0.09094 0.0766 0.06818
1995 0.10899 0.58563 0.12741 0.09381 0.01349 0.07067
1996 0.10817 0.58853 0.12761 0.0935 0.01296 0.06922
1997 0.10547 0.59262 0.12636 0.09393 0.01292 0.06871
1998 0.10502 0.60781 0.11265 0.09419 0.01281 0.06752
1999 0.09604 0.62134 0.11167 0.09165 0.01274 0.06655
2000 0.09516 0.62568 0.11091 0.09026 0.01272 0.06527
2001 0.09388 0.63323 0.10831 0.08706 0.01281 0.06471
2002 0.09468 0.63753 0.10293 0.08709 0.01293 0.06484
2003 0.09359 0.6377 0.10221 0.08771 0.01312 0.06567
2004 0.09444 0.64407 0.09216 0.08817 0.01364 0.06752
2005 0.09598 0.64584 0.08685 0.08837 0.01407 0.06889
2006 0.09726 0.65079 0.0826 0.08456 0.01465 0.07014
2007 0.09766 0.66258 0.08283 0.08484 0.01521 0.05688
2008 0.10115 0.65734 0.08677 0.08177 0.01588 0.0571
2009 0.09716 0.6602 0.08695 0.08287 0.01633 0.0565
2010 0.09686 0.66412 0.08474 0.08197 0.01686 0.05545
2011 0.09613 0.66182 0.08483 0.08293 0.01731 0.05698
2012 0.0963 0.66493 0.08625 0.07711 0.01797 0.05745
2013 0.09487 0.6654 0.08664 0.07726 0.01814 0.05771
2014 0.09612 0.67709 0.08787 0.06059 0.0181 0.06022
2015 0.10597 0.69418 0.06016 0.05334 0.01953 0.06681
2016 0.12027 0.67002 0.05659 0.05593 0.02145 0.07573
2017 0.13569 0.65382 0.04638 0.04948 0.02425 0.09037
2018 0.15286 0.60292 0.05283 0.05577 0.02819 0.10744
2019 0.16246 0.57282 0.05694 0.05893 0.0306 0.11825
2020 0.17437 0.54874 0.05605 0.06121 0.03182 0.1278
2021 0.18011 0.53249 0.05555 0.06117 0.03381 0.13688
2022 0.17638 0.53643 0.05702 0.06082 0.03406 0.13529
2023 0.16597 0.54377 0.05671 0.06132 0.03454 0.13769
2024 0.15637 0.54743 0.0598 0.06246 0.03434 0.1396
Split for: MX_ML
Year RUS+WAL EAL+BER+WGOA NGOA SEA+NBC SBC+WA OR+CA
1970 0.03752 0.20097 0.03815 0.04939 0.24636 0.42761
1971 0.0378 0.20099 0.03838 0.04919 0.24808 0.42556
1972 0.03671 0.2019 0.03857 0.04909 0.24946 0.42427
1973 0.03705 0.20238 0.03868 0.04895 0.25023 0.42271
1974 0.03738 0.20315 0.03883 0.04894 0.25132 0.42038
1975 0.03766 0.20385 0.03896 0.04894 0.25229 0.41831
1976 0.0379 0.20452 0.03907 0.04895 0.25311 0.41645
1977 0.03811 0.20515 0.03919 0.04895 0.25389 0.41471
1978 0.03831 0.20575 0.03929 0.04897 0.25464 0.41304
1979 0.03849 0.20628 0.0394 0.04899 0.25538 0.41146
1980 0.03867 0.20673 0.03951 0.04899 0.25617 0.40992
1981 0.03869 0.2072 0.03961 0.04899 0.2569 0.40862
1982 0.03873 0.20762 0.03967 0.04896 0.25756 0.40745
1983 0.03879 0.20805 0.03974 0.04894 0.25821 0.40627
1984 0.03885 0.20838 0.03978 0.04888 0.25867 0.40544
1985 0.03894 0.20874 0.03982 0.04886 0.25917 0.40448
1986 0.03904 0.20915 0.03985 0.04882 0.2597 0.40344
1987 0.03915 0.20959 0.0399 0.04874 0.26025 0.40237
1988 0.03927 0.21004 0.03995 0.04872 0.26083 0.40118
1989 0.03937 0.2104 0.03998 0.04875 0.26125 0.40025
1990 0.03944 0.21064 0.04 0.04873 0.26154 0.39966
1991 0.03953 0.21106 0.04004 0.04873 0.26209 0.39856
1992 0.03963 0.21147 0.04008 0.04869 0.26262 0.39751
1993 0.0397 0.21179 0.0401 0.0487 0.26305 0.39667
1994 0.04109 0.21841 0.03956 0.04696 0.25949 0.39448
1995 0.05312 0.28654 0.05052 0.05873 0.0554 0.49568
1996 0.05333 0.29129 0.05119 0.05921 0.05385 0.49113
1997 0.05217 0.29429 0.05085 0.05968 0.05386 0.48913
1998 0.05232 0.30394 0.04565 0.06026 0.05376 0.48407
1999 0.04817 0.31288 0.04557 0.05905 0.05384 0.48049
2000 0.04816 0.31786 0.04566 0.05867 0.05424 0.47542
2001 0.04768 0.32285 0.04475 0.05679 0.05481 0.47311
2002 0.048 0.32445 0.04245 0.0567 0.05523 0.47317
2003 0.04714 0.32241 0.04187 0.05674 0.05567 0.47617
2004 0.04684 0.32067 0.03718 0.05617 0.05701 0.48213
2005 0.04708 0.31797 0.03465 0.05567 0.05815 0.48649
2006 0.04722 0.31716 0.03262 0.05272 0.05996 0.49031
2007 0.05178 0.35259 0.03572 0.05776 0.06798 0.43417
2008 0.05345 0.34863 0.03729 0.05549 0.07072 0.43441
2009 0.05145 0.35094 0.03746 0.05636 0.07292 0.43088
2010 0.05157 0.35488 0.0367 0.05604 0.07568 0.42513
2011 0.05053 0.34915 0.03627 0.05598 0.07671 0.43136
2012 0.05037 0.34906 0.0367 0.0518 0.07925 0.43282
2013 0.0495 0.34843 0.03677 0.05177 0.07981 0.43372
2014 0.04942 0.34934 0.03675 0.04 0.0785 0.44598
2015 0.05177 0.34025 0.02391 0.03345 0.08049 0.47014
2016 0.05511 0.30802 0.02109 0.0329 0.08293 0.49994
2017 0.05654 0.27334 0.01572 0.02647 0.08524 0.54267
2018 0.0575 0.2275 0.01616 0.02693 0.08947 0.58245
2019 0.05757 0.20361 0.01641 0.02681 0.09153 0.60407
2020 0.05891 0.18592 0.0154 0.02654 0.09075 0.62248
2021 0.05815 0.1724 0.01459 0.02535 0.09217 0.63734
2022 0.05731 0.17474 0.01507 0.02537 0.09344 0.63407
2023 0.0533 0.17503 0.01481 0.02528 0.09369 0.63789
2024 0.04983 0.17483 0.0155 0.02556 0.09244 0.64184
Split for: Central_Am
Year RUS+WAL EAL+BER+WGOA NGOA SEA+NBC SBC+WA OR+CA
1970 0 0 0 0 0.20605 0.79395
1971 0 0 0 0 0.20798 0.79202
1972 0 0 0 0 0.20939 0.79061
1973 0 0 0 0 0.21052 0.78948
1974 0 0 0 0 0.21216 0.78784
1975 0 0 0 0 0.21364 0.78636
1976 0 0 0 0 0.21494 0.78506
1977 0 0 0 0 0.21616 0.78384
1978 0 0 0 0 0.21735 0.78265
1979 0 0 0 0 0.21849 0.78151
1980 0 0 0 0 0.21966 0.78034
1981 0 0 0 0 0.22069 0.77931
1982 0 0 0 0 0.22163 0.77837
1983 0 0 0 0 0.22257 0.77743
1984 0 0 0 0 0.22323 0.77677
1985 0 0 0 0 0.22397 0.77603
1986 0 0 0 0 0.22478 0.77522
1987 0 0 0 0 0.22561 0.77439
1988 0 0 0 0 0.22652 0.77348
1989 0 0 0 0 0.22721 0.77279
1990 0 0 0 0 0.22766 0.77234
1991 0 0 0 0 0.22851 0.77149
1992 0 0 0 0 0.22934 0.77066
1993 0 0 0 0 0.23 0.77
1994 0 0 0 0 0.22857 0.77143
1995 0 0 0 0 0.04793 0.95207
1996 0 0 0 0 0.04706 0.95294
1997 0 0 0 0 0.04726 0.95274
1998 0 0 0 0 0.04764 0.95236
1999 0 0 0 0 0.04805 0.95195
2000 0 0 0 0 0.04888 0.95112
2001 0 0 0 0 0.04959 0.95041
2002 0 0 0 0 0.04995 0.95005
2003 0 0 0 0 0.05002 0.94998
2004 0 0 0 0 0.05057 0.94943
2005 0 0 0 0 0.05109 0.94891
2006 0 0 0 0 0.05221 0.94779
2007 0 0 0 0 0.06588 0.93412
2008 0 0 0 0 0.06832 0.93168
2009 0 0 0 0 0.07083 0.92917
2010 0 0 0 0 0.07423 0.92577
2011 0 0 0 0 0.07416 0.92584
2012 0 0 0 0 0.07619 0.92381
2013 0 0 0 0 0.07654 0.92346
2014 0 0 0 0 0.07346 0.92654
2015 0 0 0 0 0.0716 0.9284
2016 0 0 0 0 0.06953 0.93047
2017 0 0 0 0 0.06608 0.93392
2018 0 0 0 0 0.06471 0.93529
2019 0 0 0 0 0.06389 0.93611
2020 0 0 0 0 0.06162 0.93838
2021 0 0 0 0 0.06116 0.93884
2022 0 0 0 0 0.06225 0.93775
2023 0 0 0 0 0.06205 0.93795
2024 0 0 0 0 0.06092 0.93908

Difference in mortality over time
Difference for: Asia
Year RUS+WAL EAL+BER+WGOA NGOA SEA+NBC SBC+WA OR+CA
1970 0 0 0 0 0 0
1971 0 0 0 0 0 0
1972 0 0 0 0 0 0
1973 0 0 0 0 0 0
1974 0 0 0 0 0 0
1975 0 0 0 0 0 0
1976 0 0 0 0 0 0
1977 0 0 0 0 0 0
1978 0 0 0 0 0 0
1979 0 0 0 0 0 0
1980 0 0 0 0 0 0
1981 0 0 0 0 0 0
1982 0 0 0 0 0 0
1983 0 0 0 0 0 0
1984 0 0 0 0 0 0
1985 0 0 0 0 0 0
1986 0 0 0 0 0 0
1987 0 0 0 0 0 0
1988 0 0 0 0 0 0
1989 0 0 0 0 0 0
1990 0 0 0 0 0 0
1991 0 0 0 0 0 0
1992 0 0 0 0 0 0
1993 6 0 0 0 0 0
1994 5 1 0 0 0 0
1995 4 1 0 0 0 0
1996 -9 1 0 0 0 0
1997 -17 0 0 0 0 0
1998 -52 2 0 0 0 0
1999 7 2 0 0 0 0
2000 -2 2 0 0 0 0
2001 15 2 0 0 0 0
2002 -3 1 0 0 0 0
2003 -3 0 0 0 0 0
2004 2 -1 0 0 0 0
2005 -4 -1 0 0 0 0
2006 2 2 0 0 0 0
2007 0 -6 0 0 0 0
2008 -40 3 0 0 0 0
2009 -31 -1 0 0 0 0
2010 -11 1 0 0 0 0
2011 -22 -1 0 0 0 0
2012 -6 4 0 0 0 0
2013 -26 -1 0 0 0 0
2014 -16 -16 0 0 0 0
2015 -9 -32 0 0 0 0
2016 -58 -31 0 0 0 0
2017 -78 -37 0 0 0 0
2018 -36 -17 0 0 0 0
2019 -15 -14 0 0 0 0
2020 -63 -9 0 0 0 0
2021 -124 0 0 0 0 0
2022 -239 -1 0 0 0 0
2023 -183 0 0 0 0 0
Difference for: Hawaii
Year RUS+WAL EAL+BER+WGOA NGOA SEA+NBC SBC+WA OR+CA
1970 0 0 0 0 0 0
1971 0 0 0 0 0 0
1972 0 0 0 0 0 0
1973 0 0 0 0 0 0
1974 0 0 0 0 0 0
1975 0 0 0 0 0 0
1976 0 0 0 0 0 0
1977 0 0 0 0 0 0
1978 0 0 0 0 0 0
1979 0 0 0 0 0 0
1980 0 0 0 0 0 0
1981 0 0 0 0 0 0
1982 0 0 0 0 0 0
1983 0 0 0 0 0 0
1984 0 0 0 0 0 0
1985 0 0 0 0 0 0
1986 0 0 0 0 0 0
1987 0 0 0 0 0 0
1988 0 0 0 0 0 0
1989 0 0 0 0 0 0
1990 0 0 0 0 0 0
1991 0 0 0 0 0 0
1992 0 0 0 0 0 0
1993 2 13 -24 -129 -27 0
1994 2 33 0 -50 -723 0
1995 1 29 17 43 -3 0
1996 -4 25 1 52 1 0
1997 -6 2 -139 -60 -6 0
1998 -20 47 -5 -76 0 0
1999 3 60 18 33 5 0
2000 -1 57 -12 -86 5 0
2001 6 53 -46 71 6 0
2002 -1 25 4 90 7 0
2003 -1 -4 -160 -18 6 0
2004 1 -34 -98 -43 5 0
2005 -2 -29 -90 -343 7 0
2006 1 74 7 38 10 0
2007 0 -167 25 -440 6 0
2008 -16 83 26 202 13 0
2009 -12 -38 -81 -170 4 0
2010 -4 19 9 156 16 0
2011 -9 -25 13 -706 5 0
2012 -3 122 39 198 5 0
2013 -11 -25 -34 -2203 -36 0
2014 -6 -509 -1049 -1574 -37 0
2015 -4 -1042 -319 -481 -50 0
2016 -25 -996 -474 -1556 -40 0
2017 -33 -1188 -29 -144 -10 0
2018 -15 -538 0 -65 -14 0
2019 -6 -462 -119 -151 -58 0
2020 -27 -305 -79 -289 -21 0
2021 -53 -10 -2 -150 -61 0
2022 -103 -23 -53 -223 -64 0
2023 -79 12 12 -145 -80 0
Difference for: MX_AR
Year RUS+WAL EAL+BER+WGOA NGOA SEA+NBC SBC+WA OR+CA
1970 0 0 0 0 0 0
1971 0 0 0 0 0 0
1972 0 0 0 0 0 0
1973 0 0 0 0 0 0
1974 0 0 0 0 0 0
1975 0 0 0 0 0 0
1976 0 0 0 0 0 0
1977 0 0 0 0 0 0
1978 0 0 0 0 0 0
1979 0 0 0 0 0 0
1980 0 0 0 0 0 0
1981 0 0 0 0 0 0
1982 0 0 0 0 0 0
1983 0 0 0 0 0 0
1984 0 0 0 0 0 0
1985 0 0 0 0 0 0
1986 0 0 0 0 0 0
1987 0 0 0 0 0 0
1988 0 0 0 0 0 0
1989 0 0 0 0 0 0
1990 0 0 0 0 0 0
1991 0 0 0 0 0 0
1992 0 0 0 0 0 0
1993 1 5 -3 -4 -2 -1
1994 1 12 0 -2 -55 -1
1995 1 11 2 1 0 0
1996 -2 9 0 2 0 0
1997 -3 1 -18 -2 0 -3
1998 -10 17 -1 -2 0 -1
1999 1 22 2 1 0 0
2000 0 21 -1 -3 0 0
2001 3 19 -6 2 0 1
2002 -1 9 1 3 1 2
2003 -1 -1 -20 -1 0 2
2004 0 -12 -12 -1 0 1
2005 -1 -11 -11 -10 1 0
2006 0 27 1 1 1 -31
2007 0 -62 3 -13 0 -5
2008 -8 30 3 6 1 -1
2009 -6 -14 -10 -5 0 -6
2010 -2 7 1 5 1 4
2011 -5 -9 2 -21 0 -3
2012 -1 45 5 6 0 1
2013 -6 -9 -4 -67 -3 4
2014 -3 -187 -133 -48 -3 4
2015 -2 -384 -40 -15 -4 4
2016 -13 -367 -60 -47 -3 5
2017 -17 -437 -4 -4 -1 5
2018 -8 -198 0 -2 -1 1
2019 -3 -170 -15 -5 -4 -7
2020 -14 -112 -10 -9 -2 -2
2021 -27 -4 0 -5 -5 -24
2022 -53 -8 -7 -7 -5 -17
2023 -41 4 2 -4 -6 -14
Difference for: MX_ML
Year RUS+WAL EAL+BER+WGOA NGOA SEA+NBC SBC+WA OR+CA
1970 0 0 0 0 0 0
1971 0 0 0 0 0 0
1972 0 0 0 0 0 0
1973 0 0 0 0 0 0
1974 0 0 0 0 0 0
1975 0 0 0 0 0 0
1976 0 0 0 0 0 0
1977 0 0 0 0 0 0
1978 0 0 0 0 0 0
1979 0 0 0 0 0 0
1980 0 0 0 0 0 0
1981 0 0 0 0 0 0
1982 0 0 0 0 0 0
1983 0 0 0 0 0 0
1984 0 0 0 0 0 0
1985 0 0 0 0 0 0
1986 0 0 0 0 0 0
1987 0 0 0 0 0 0
1988 0 0 0 0 0 0
1989 0 0 0 0 0 0
1990 0 0 0 0 0 0
1991 0 0 0 0 0 0
1992 0 0 0 0 0 0
1993 1 3 -1 -3 -10 -10
1994 1 7 0 -1 -263 -7
1995 0 6 1 1 -1 -2
1996 -1 5 0 1 0 2
1997 -2 0 -8 -1 -2 -23
1998 -6 10 0 -2 0 -6
1999 1 12 1 1 2 1
2000 0 12 -1 -2 2 3
2001 2 11 -3 2 2 12
2002 0 5 0 2 2 19
2003 0 -1 -9 0 2 15
2004 0 -7 -6 -1 2 7
2005 0 -6 -5 -7 3 1
2006 0 15 0 1 4 -246
2007 0 -35 1 -10 2 -40
2008 -5 17 2 4 5 -8
2009 -4 -8 -5 -4 1 -47
2010 -1 4 1 3 6 29
2011 -3 -5 1 -15 2 -22
2012 -1 25 2 4 2 10
2013 -3 -5 -2 -47 -13 30
2014 -2 -104 -60 -34 -13 30
2015 -1 -212 -18 -10 -18 32
2016 -7 -202 -27 -33 -14 37
2017 -9 -241 -2 -3 -4 39
2018 -4 -109 0 -1 -5 11
2019 -2 -93 -7 -3 -20 -56
2020 -7 -61 -4 -6 -7 -18
2021 -15 -2 0 -3 -21 -187
2022 -29 -5 -3 -5 -22 -130
2023 -22 2 1 -3 -28 -108
Difference for: Central_Am
Year RUS+WAL EAL+BER+WGOA NGOA SEA+NBC SBC+WA OR+CA
1970 0 0 0 0 0 0
1971 0 0 0 0 0 0
1972 0 0 0 0 0 0
1973 0 0 0 0 0 0
1974 0 0 0 0 0 0
1975 0 0 0 0 0 0
1976 0 0 0 0 0 0
1977 0 0 0 0 0 0
1978 0 0 0 0 0 0
1979 0 0 0 0 0 0
1980 0 0 0 0 0 0
1981 0 0 0 0 0 0
1982 0 0 0 0 0 0
1983 0 0 0 0 0 0
1984 0 0 0 0 0 0
1985 0 0 0 0 0 0
1986 0 0 0 0 0 0
1987 0 0 0 0 0 0
1988 0 0 0 0 0 0
1989 0 0 0 0 0 0
1990 0 0 0 0 0 0
1991 0 0 0 0 0 0
1992 0 0 0 0 0 0
1993 0 0 0 0 -2 -5
1994 0 0 0 0 -57 -3
1995 0 0 0 0 0 -1
1996 0 0 0 0 0 1
1997 0 0 0 0 0 -11
1998 0 0 0 0 0 -3
1999 0 0 0 0 0 1
2000 0 0 0 0 0 2
2001 0 0 0 0 0 6
2002 0 0 0 0 1 9
2003 0 0 0 0 0 7
2004 0 0 0 0 0 4
2005 0 0 0 0 1 1
2006 0 0 0 0 1 -119
2007 0 0 0 0 0 -19
2008 0 0 0 0 1 -4
2009 0 0 0 0 0 -23
2010 0 0 0 0 1 14
2011 0 0 0 0 0 -11
2012 0 0 0 0 0 5
2013 0 0 0 0 -3 15
2014 0 0 0 0 -3 14
2015 0 0 0 0 -4 15
2016 0 0 0 0 -3 18
2017 0 0 0 0 -1 19
2018 0 0 0 0 -1 5
2019 0 0 0 0 -4 -27
2020 0 0 0 0 -2 -8
2021 0 0 0 0 -5 -91
2022 0 0 0 0 -5 -63
2023 0 0 0 0 -6 -52

Total survival over time
Values for breeding stock: Asia
Year RUS+WAL EAL+BER+WGOA NGOA SEA+NBC SBC+WA OR+CA
1970 0.945 0.918 NaN NaN NaN NaN
1971 0.947 0.94 NaN NaN NaN NaN
1972 0.915 0.945 NaN NaN NaN NaN
1973 0.948 0.946 NaN NaN NaN NaN
1974 0.948 0.946 NaN NaN NaN NaN
1975 0.949 0.948 NaN NaN NaN NaN
1976 0.949 0.948 NaN NaN NaN NaN
1977 0.949 0.948 NaN NaN NaN NaN
1978 0.949 0.948 NaN NaN NaN NaN
1979 0.949 0.948 NaN NaN NaN NaN
1980 0.949 0.947 NaN NaN NaN NaN
1981 0.949 0.948 NaN NaN NaN NaN
1982 0.95 0.948 NaN NaN NaN NaN
1983 0.95 0.948 NaN NaN NaN NaN
1984 0.95 0.949 NaN NaN NaN NaN
1985 0.95 0.949 NaN NaN NaN NaN
1986 0.951 0.95 NaN NaN NaN NaN
1987 0.951 0.95 NaN NaN NaN NaN
1988 0.951 0.95 NaN NaN NaN NaN
1989 0.951 0.95 NaN NaN NaN NaN
1990 0.951 0.95 NaN NaN NaN NaN
1991 0.951 0.951 NaN NaN NaN NaN
1992 0.951 0.951 NaN NaN NaN NaN
1993 0.965 0.962 NaN NaN NaN NaN
1994 0.962 0.976 NaN NaN NaN NaN
1995 0.959 0.971 NaN NaN NaN NaN
1996 0.936 0.967 NaN NaN NaN NaN
1997 0.925 0.953 NaN NaN NaN NaN
1998 0.872 0.974 NaN NaN NaN NaN
1999 0.962 0.977 NaN NaN NaN NaN
2000 0.949 0.974 NaN NaN NaN NaN
2001 0.972 0.97 NaN NaN NaN NaN
2002 0.948 0.96 NaN NaN NaN NaN
2003 0.949 0.951 NaN NaN NaN NaN
2004 0.954 0.943 NaN NaN NaN NaN
2005 0.948 0.945 NaN NaN NaN NaN
2006 0.954 0.97 NaN NaN NaN NaN
2007 0.952 0.916 NaN NaN NaN NaN
2008 0.922 0.969 NaN NaN NaN NaN
2009 0.93 0.945 NaN NaN NaN NaN
2010 0.945 0.955 NaN NaN NaN NaN
2011 0.938 0.948 NaN NaN NaN NaN
2012 0.948 0.97 NaN NaN NaN NaN
2013 0.932 0.943 NaN NaN NaN NaN
2014 0.952 0.892 NaN NaN NaN NaN
2015 0.924 0.794 NaN NaN NaN NaN
2016 0.927 0.809 NaN NaN NaN NaN
2017 0.919 0.761 NaN NaN NaN NaN
2018 0.937 0.85 NaN NaN NaN NaN
2019 0.952 0.863 NaN NaN NaN NaN
2020 0.925 0.884 NaN NaN NaN NaN
2021 0.902 0.947 NaN NaN NaN NaN
2022 0.857 0.944 NaN NaN NaN NaN
2023 0.874 0.95 NaN NaN NaN NaN
Values for breeding stock: Hawaii
Year RUS+WAL EAL+BER+WGOA NGOA SEA+NBC SBC+WA OR+CA
1970 0.96 0.933 0.959 0.939 0.959 NaN
1971 0.96 0.953 0.959 0.95 0.959 NaN
1972 0.927 0.957 0.959 0.951 0.96 NaN
1973 0.96 0.958 0.959 0.952 0.96 NaN
1974 0.96 0.958 0.959 0.952 0.96 NaN
1975 0.96 0.958 0.959 0.953 0.96 NaN
1976 0.96 0.958 0.959 0.953 0.959 NaN
1977 0.96 0.958 0.959 0.953 0.959 NaN
1978 0.96 0.958 0.959 0.953 0.959 NaN
1979 0.96 0.958 0.959 0.953 0.959 NaN
1980 0.96 0.958 0.959 0.954 0.959 NaN
1981 0.96 0.958 0.959 0.954 0.959 NaN
1982 0.96 0.959 0.959 0.954 0.959 NaN
1983 0.96 0.959 0.959 0.954 0.959 NaN
1984 0.96 0.959 0.959 0.955 0.959 NaN
1985 0.96 0.959 0.959 0.955 0.959 NaN
1986 0.96 0.959 0.959 0.955 0.959 NaN
1987 0.96 0.959 0.959 0.954 0.959 NaN
1988 0.96 0.959 0.959 0.955 0.959 NaN
1989 0.96 0.959 0.959 0.957 0.959 NaN
1990 0.96 0.959 0.959 0.957 0.959 NaN
1991 0.96 0.959 0.959 0.957 0.959 NaN
1992 0.96 0.959 0.959 0.956 0.959 NaN
1993 0.974 0.97 0.929 0.908 0.928 NaN
1994 0.97 0.985 0.959 0.938 0.161 NaN
1995 0.967 0.979 0.977 0.972 0.936 NaN
1996 0.944 0.975 0.96 0.973 0.963 NaN
1997 0.932 0.961 0.836 0.94 0.928 NaN
1998 0.879 0.983 0.954 0.936 0.956 NaN
1999 0.971 0.986 0.975 0.964 0.975 NaN
2000 0.958 0.983 0.95 0.937 0.975 NaN
2001 0.98 0.979 0.925 0.972 0.979 NaN
2002 0.956 0.968 0.962 0.975 0.979 NaN
2003 0.957 0.959 0.857 0.954 0.973 NaN
2004 0.962 0.951 0.894 0.95 0.969 NaN
2005 0.956 0.952 0.9 0.904 0.968 NaN
2006 0.962 0.977 0.963 0.962 0.974 NaN
2007 0.96 0.924 0.972 0.897 0.971 NaN
2008 0.929 0.977 0.972 0.985 0.969 NaN
2009 0.938 0.953 0.918 0.936 0.966 NaN
2010 0.953 0.963 0.964 0.974 0.976 NaN
2011 0.946 0.956 0.964 0.881 0.958 NaN
2012 0.956 0.978 0.973 0.98 0.966 NaN
2013 0.945 0.956 0.946 0.738 0.921 NaN
2014 0.951 0.892 0.59 0.764 0.917 Inf
2015 0.955 0.82 0.787 0.885 0.906 0.975
2016 0.932 0.813 0.675 0.731 0.918 0.976
2017 0.924 0.765 0.935 0.932 0.944 0.976
2018 0.944 0.856 0.958 0.945 0.932 0.964
2019 0.954 0.864 0.872 0.931 0.91 0.941
2020 0.935 0.893 0.902 0.91 0.933 0.954
2021 0.911 0.958 0.954 0.931 0.91 0.904
2022 0.866 0.954 0.923 0.922 0.912 0.922
2023 0.885 0.962 0.963 0.933 0.898 0.929
Values for breeding stock: MX_AR
Year RUS+WAL EAL+BER+WGOA NGOA SEA+NBC SBC+WA OR+CA
1970 0.96 0.933 0.959 0.939 0.959 0.898
1971 0.96 0.953 0.959 0.95 0.959 0.947
1972 0.927 0.957 0.959 0.951 0.96 0.948
1973 0.96 0.958 0.959 0.952 0.96 0.949
1974 0.96 0.958 0.959 0.952 0.96 0.946
1975 0.96 0.958 0.959 0.953 0.96 0.946
1976 0.96 0.958 0.959 0.953 0.959 0.946
1977 0.96 0.958 0.959 0.953 0.959 0.946
1978 0.96 0.959 0.959 0.953 0.959 0.946
1979 0.96 0.958 0.959 0.953 0.959 0.946
1980 0.96 0.958 0.959 0.954 0.96 0.945
1981 0.96 0.959 0.959 0.954 0.959 0.945
1982 0.96 0.959 0.959 0.954 0.959 0.946
1983 0.96 0.959 0.959 0.954 0.959 0.946
1984 0.96 0.959 0.959 0.955 0.959 0.948
1985 0.96 0.959 0.959 0.955 0.959 0.948
1986 0.96 0.959 0.959 0.955 0.959 0.948
1987 0.96 0.959 0.959 0.954 0.959 0.948
1988 0.96 0.959 0.959 0.955 0.959 0.948
1989 0.96 0.959 0.959 0.957 0.959 0.949
1990 0.96 0.959 0.959 0.957 0.959 0.951
1991 0.96 0.959 0.959 0.957 0.959 0.949
1992 0.96 0.959 0.959 0.956 0.959 0.949
1993 0.974 0.97 0.929 0.908 0.928 0.929
1994 0.97 0.985 0.959 0.938 0.161 0.936
1995 0.967 0.979 0.977 0.972 0.936 0.947
1996 0.944 0.975 0.96 0.973 0.963 0.954
1997 0.932 0.961 0.836 0.94 0.928 0.914
1998 0.879 0.983 0.954 0.936 0.956 0.94
1999 0.971 0.986 0.975 0.964 0.975 0.951
2000 0.958 0.983 0.95 0.937 0.976 0.955
2001 0.98 0.979 0.925 0.972 0.979 0.965
2002 0.956 0.968 0.962 0.975 0.979 0.972
2003 0.957 0.959 0.857 0.954 0.973 0.965
2004 0.962 0.951 0.894 0.95 0.969 0.958
2005 0.956 0.952 0.9 0.904 0.968 0.951
2006 0.962 0.977 0.964 0.963 0.974 0.768
2007 0.96 0.924 0.972 0.897 0.971 0.917
2008 0.929 0.977 0.972 0.985 0.969 0.949
2009 0.938 0.953 0.918 0.936 0.966 0.921
2010 0.953 0.963 0.964 0.974 0.976 0.97
2011 0.946 0.956 0.964 0.881 0.958 0.941
2012 0.956 0.978 0.973 0.98 0.966 0.963
2013 0.945 0.956 0.946 0.738 0.921 0.975
2014 0.952 0.892 0.59 0.765 0.917 0.961
2015 0.955 0.82 0.787 0.885 0.906 0.946
2016 0.932 0.813 0.675 0.731 0.918 0.937
2017 0.924 0.765 0.935 0.932 0.944 0.961
2018 0.944 0.856 0.958 0.945 0.932 0.94
2019 0.954 0.864 0.872 0.931 0.91 0.929
2020 0.935 0.894 0.902 0.91 0.933 0.948
2021 0.911 0.958 0.954 0.931 0.91 0.893
2022 0.866 0.955 0.923 0.922 0.912 0.912
2023 0.885 0.962 0.963 0.933 0.898 0.919
Values for breeding stock: MX_ML
Year RUS+WAL EAL+BER+WGOA NGOA SEA+NBC SBC+WA OR+CA
1970 0.953 0.926 0.952 0.931 0.952 0.891
1971 0.953 0.946 0.952 0.943 0.953 0.941
1972 0.921 0.951 0.953 0.945 0.953 0.942
1973 0.954 0.952 0.954 0.946 0.954 0.944
1974 0.955 0.953 0.954 0.947 0.954 0.94
1975 0.955 0.953 0.954 0.947 0.954 0.941
1976 0.955 0.953 0.954 0.948 0.954 0.941
1977 0.955 0.954 0.954 0.948 0.955 0.941
1978 0.955 0.954 0.954 0.949 0.955 0.941
1979 0.955 0.953 0.955 0.949 0.955 0.941
1980 0.955 0.954 0.955 0.949 0.955 0.941
1981 0.955 0.954 0.955 0.949 0.955 0.941
1982 0.956 0.954 0.955 0.95 0.955 0.941
1983 0.956 0.955 0.955 0.95 0.955 0.942
1984 0.956 0.955 0.955 0.951 0.955 0.944
1985 0.956 0.955 0.955 0.951 0.955 0.944
1986 0.956 0.955 0.955 0.951 0.956 0.944
1987 0.956 0.955 0.955 0.951 0.956 0.945
1988 0.956 0.956 0.955 0.952 0.956 0.945
1989 0.957 0.956 0.955 0.954 0.956 0.946
1990 0.957 0.956 0.956 0.953 0.956 0.947
1991 0.957 0.956 0.956 0.953 0.956 0.946
1992 0.957 0.956 0.956 0.953 0.956 0.946
1993 0.971 0.967 0.926 0.905 0.925 0.926
1994 0.967 0.981 0.956 0.935 0.16 0.933
1995 0.963 0.975 0.973 0.968 0.932 0.943
1996 0.94 0.971 0.956 0.969 0.959 0.95
1997 0.929 0.957 0.833 0.936 0.924 0.911
1998 0.876 0.979 0.951 0.933 0.952 0.937
1999 0.967 0.983 0.971 0.961 0.972 0.947
2000 0.954 0.979 0.947 0.934 0.972 0.952
2001 0.977 0.976 0.922 0.969 0.976 0.962
2002 0.953 0.965 0.959 0.972 0.976 0.969
2003 0.954 0.956 0.855 0.951 0.97 0.962
2004 0.96 0.948 0.892 0.947 0.966 0.955
2005 0.953 0.949 0.897 0.901 0.965 0.948
2006 0.96 0.975 0.961 0.96 0.972 0.767
2007 0.957 0.921 0.969 0.894 0.968 0.915
2008 0.927 0.974 0.97 0.982 0.967 0.946
2009 0.935 0.95 0.916 0.934 0.963 0.918
2010 0.95 0.96 0.961 0.971 0.973 0.968
2011 0.943 0.953 0.961 0.879 0.955 0.938
2012 0.953 0.976 0.97 0.978 0.963 0.96
2013 0.943 0.954 0.944 0.736 0.919 0.973
2014 0.949 0.89 0.588 0.762 0.915 0.958
2015 0.952 0.818 0.784 0.882 0.903 0.943
2016 0.929 0.811 0.673 0.729 0.915 0.934
2017 0.921 0.763 0.933 0.929 0.942 0.958
2018 0.941 0.853 0.955 0.942 0.929 0.937
2019 0.951 0.862 0.869 0.929 0.907 0.926
2020 0.93 0.889 0.898 0.906 0.928 0.944
2021 0.909 0.955 0.952 0.929 0.908 0.891
2022 0.865 0.953 0.921 0.92 0.91 0.911
2023 0.882 0.959 0.96 0.929 0.895 0.916
Values for breeding stock: Central_Am
Year RUS+WAL EAL+BER+WGOA NGOA SEA+NBC SBC+WA OR+CA
1970 NaN NaN NaN NaN 0.952 0.891
1971 NaN NaN NaN NaN 0.953 0.941
1972 NaN NaN NaN NaN 0.954 0.943
1973 NaN NaN NaN NaN 0.953 0.943
1974 NaN NaN NaN NaN 0.954 0.94
1975 NaN NaN NaN NaN 0.954 0.941
1976 NaN NaN NaN NaN 0.954 0.941
1977 NaN NaN NaN NaN 0.955 0.941
1978 NaN NaN NaN NaN 0.954 0.941
1979 NaN NaN NaN NaN 0.954 0.941
1980 NaN NaN NaN NaN 0.955 0.941
1981 NaN NaN NaN NaN 0.955 0.941
1982 NaN NaN NaN NaN 0.955 0.941
1983 NaN NaN NaN NaN 0.955 0.942
1984 NaN NaN NaN NaN 0.955 0.944
1985 NaN NaN NaN NaN 0.955 0.944
1986 NaN NaN NaN NaN 0.955 0.944
1987 NaN NaN NaN NaN 0.956 0.945
1988 NaN NaN NaN NaN 0.956 0.944
1989 NaN NaN NaN NaN 0.956 0.946
1990 NaN NaN NaN NaN 0.956 0.947
1991 NaN NaN NaN NaN 0.956 0.945
1992 NaN NaN NaN NaN 0.956 0.946
1993 NaN NaN NaN NaN 0.925 0.925
1994 NaN NaN NaN NaN 0.16 0.933
1995 NaN NaN NaN NaN 0.932 0.943
1996 NaN NaN NaN NaN 0.959 0.95
1997 NaN NaN NaN NaN 0.924 0.91
1998 NaN NaN NaN NaN 0.952 0.937
1999 NaN NaN NaN NaN 0.972 0.947
2000 NaN NaN NaN NaN 0.972 0.952
2001 NaN NaN NaN NaN 0.976 0.962
2002 NaN NaN NaN NaN 0.976 0.969
2003 NaN NaN NaN NaN 0.97 0.962
2004 NaN NaN NaN NaN 0.966 0.955
2005 NaN NaN NaN NaN 0.965 0.949
2006 NaN NaN NaN NaN 0.972 0.766
2007 NaN NaN NaN NaN 0.968 0.915
2008 NaN NaN NaN NaN 0.966 0.946
2009 NaN NaN NaN NaN 0.963 0.918
2010 NaN NaN NaN NaN 0.973 0.967
2011 NaN NaN NaN NaN 0.955 0.938
2012 NaN NaN NaN NaN 0.963 0.96
2013 NaN NaN NaN NaN 0.919 0.973
2014 NaN NaN NaN NaN 0.915 0.959
2015 NaN NaN NaN NaN 0.904 0.944
2016 NaN NaN NaN NaN 0.916 0.935
2017 NaN NaN NaN NaN 0.942 0.959
2018 NaN NaN NaN NaN 0.93 0.938
2019 NaN NaN NaN NaN 0.909 0.928
2020 NaN NaN NaN NaN 0.93 0.945
2021 NaN NaN NaN NaN 0.908 0.891
2022 NaN NaN NaN NaN 0.91 0.91
2023 NaN NaN NaN NaN 0.896 0.917

Numbers over time by herd
Values for breeding stock: Asia
Year RUS+WAL EAL+BER+WGOA NGOA SEA+NBC SBC+WA OR+CA
1970 50 5 0 0 0 0
1971 61 6 0 0 0 0
1972 69 7 0 0 0 0
1973 79 8 0 0 0 0
1974 89 9 0 0 0 0
1975 98 10 0 0 0 0
1976 107 11 0 0 0 0
1977 115 11 0 0 0 0
1978 123 12 0 0 0 0
1979 130 13 0 0 0 0
1980 140 14 0 0 0 0
1981 152 15 0 0 0 0
1982 166 16 0 0 0 0
1983 182 18 0 0 0 0
1984 199 20 0 0 0 0
1985 218 21 0 0 0 0
1986 239 23 0 0 0 0
1987 260 26 0 0 0 0
1988 283 28 0 0 0 0
1989 307 30 0 0 0 0
1990 333 33 0 0 0 0
1991 361 35 0 0 0 0
1992 392 38 0 0 0 0
1993 427 42 0 0 0 0
1994 471 46 0 0 0 0
1995 518 51 0 0 0 0
1996 568 57 0 0 0 0
1997 607 63 0 0 0 0
1998 641 68 0 0 0 0
1999 636 76 0 0 0 0
2000 697 84 0 0 0 0
2001 754 93 0 0 0 0
2002 834 103 0 0 0 0
2003 899 113 0 0 0 0
2004 970 122 0 0 0 0
2005 1052 130 0 0 0 0
2006 1132 139 0 0 0 0
2007 1226 153 0 0 0 0
2008 1326 158 0 0 0 0
2009 1386 173 0 0 0 0
2010 1461 184 0 0 0 0
2011 1561 197 0 0 0 0
2012 1653 210 0 0 0 0
2013 1758 226 0 0 0 0
2014 1872 242 0 0 0 0
2015 1939 233 0 0 0 0
2016 2073 212 0 0 0 0
2017 2158 191 0 0 0 0
2018 2221 161 0 0 0 0
2019 2343 151 0 0 0 0
2020 2470 142 0 0 0 0
2021 2547 138 0 0 0 0
2022 2552 142 0 0 0 0
2023 2424 145 0 0 0 0
Values for breeding stock: Hawaii
Year RUS+WAL EAL+BER+WGOA NGOA SEA+NBC SBC+WA OR+CA
1970 16 122 83 286 87 0
1971 20 150 103 350 107 0
1972 23 177 122 411 127 0
1973 27 204 140 469 146 0
1974 30 229 157 525 164 0
1975 34 253 174 579 182 0
1976 37 277 190 630 198 0
1977 40 299 205 679 214 0
1978 43 320 220 726 230 0
1979 46 341 234 771 245 0
1980 50 368 253 831 264 0
1981 54 402 276 905 289 0
1982 59 442 303 991 317 0
1983 65 486 334 1089 350 0
1984 72 536 368 1197 386 0
1985 79 590 404 1314 424 0
1986 87 648 443 1439 466 0
1987 96 709 485 1569 510 0
1988 104 773 528 1706 556 0
1989 114 842 575 1856 606 0
1990 124 917 625 2018 660 0
1991 135 999 681 2195 719 0
1992 147 1090 742 2388 784 0
1993 161 1190 809 2603 856 0
1994 178 1314 855 2689 905 0
1995 197 1473 933 2873 165 0
1996 217 1642 1036 3175 176 0
1997 233 1820 1130 3512 193 0
1998 247 1985 1071 3746 203 0
1999 246 2215 1159 3978 221 0
2000 271 2479 1279 4354 245 0
2001 294 2762 1375 4623 272 0
2002 327 3062 1439 5092 302 0
2003 354 3355 1566 5619 336 0
2004 384 3638 1516 6064 375 0
2005 418 3907 1530 6509 414 0
2006 451 4200 1552 6644 460 0
2007 491 4630 1685 7218 517 0
2008 533 4815 1850 7293 565 0
2009 559 5286 2027 8079 636 0
2010 592 5644 2097 8482 697 0
2011 635 6082 2270 9279 773 0
2012 676 6492 2452 9166 853 0
2013 726 7085 2686 10016 939 0
2014 770 7542 2850 8218 981 0
2015 821 7477 1887 6995 1023 0
2016 877 6793 1670 6904 1058 0
2017 912 6113 1263 5633 1102 0
2018 941 5160 1316 5811 1173 0
2019 989 4852 1404 6077 1260 0
2020 1050 4594 1366 6239 1296 0
2021 1089 4480 1361 6266 1383 0
2022 1100 4654 1440 6425 1437 0
2023 1054 4801 1458 6592 1483 0
Values for breeding stock: MX_AR
Year RUS+WAL EAL+BER+WGOA NGOA SEA+NBC SBC+WA OR+CA
1970 8 45 11 9 7 7
1971 10 55 13 11 8 8
1972 12 65 15 12 10 10
1973 14 75 18 14 11 11
1974 16 84 20 16 12 12
1975 17 93 22 17 14 13
1976 19 102 24 19 15 14
1977 21 110 26 21 16 16
1978 22 118 28 22 17 17
1979 23 125 30 23 19 17
1980 25 136 32 25 20 19
1981 28 148 35 27 22 20
1982 30 162 38 30 24 22
1983 34 179 42 33 26 24
1984 37 197 46 36 29 27
1985 41 217 51 40 32 29
1986 45 238 56 43 35 32
1987 49 261 61 47 39 35
1988 53 284 67 52 42 38
1989 58 310 73 56 46 41
1990 63 337 79 61 50 45
1991 69 368 86 66 54 48
1992 75 401 94 72 59 53
1993 82 438 102 79 65 57
1994 91 484 108 81 68 61
1995 101 542 118 87 12 65
1996 111 604 131 96 13 71
1997 119 670 143 106 15 78
1998 126 731 135 113 15 81
1999 126 815 147 120 17 87
2000 139 912 162 132 19 95
2001 151 1016 174 140 21 104
2002 167 1127 182 154 23 115
2003 181 1235 198 170 25 127
2004 196 1339 192 183 28 140
2005 214 1438 193 197 31 153
2006 231 1546 196 201 35 167
2007 251 1704 213 218 39 146
2008 273 1772 234 220 43 154
2009 286 1946 256 244 48 167
2010 303 2077 265 256 53 173
2011 325 2239 287 281 59 193
2012 346 2389 310 277 65 206
2013 372 2608 340 303 71 226
2014 394 2777 360 249 74 247
2015 420 2753 239 212 77 265
2016 449 2501 211 209 80 283
2017 467 2251 160 170 83 311
2018 482 1899 166 176 89 338
2019 507 1786 178 184 95 369
2020 537 1691 173 189 98 394
2021 558 1649 172 189 105 424
2022 563 1713 182 194 109 432
2023 540 1768 184 199 112 448
Values for breeding stock: MX_ML
Year RUS+WAL EAL+BER+WGOA NGOA SEA+NBC SBC+WA OR+CA
1970 5 27 5 7 33 58
1971 6 33 6 8 41 70
1972 7 39 7 10 48 82
1973 8 45 9 11 55 93
1974 9 50 10 12 62 104
1975 10 55 11 13 68 113
1976 11 60 12 14 75 123
1977 12 65 12 15 80 131
1978 13 69 13 17 86 139
1979 14 74 14 18 91 147
1980 15 79 15 19 98 158
1981 16 87 17 20 107 171
1982 18 95 18 22 118 186
1983 19 104 20 25 129 204
1984 21 115 22 27 142 223
1985 24 126 24 30 156 244
1986 26 138 26 32 172 266
1987 28 151 29 35 187 290
1988 31 164 31 38 204 314
1989 33 179 34 41 222 340
1990 36 194 37 45 241 368
1991 40 211 40 49 262 399
1992 43 230 44 53 286 433
1993 47 251 47 58 312 470
1994 52 277 50 59 329 500
1995 57 309 55 63 60 535
1996 63 344 60 70 64 580
1997 67 381 66 77 70 633
1998 71 415 62 82 73 660
1999 71 462 67 87 79 709
2000 78 516 74 95 88 772
2001 85 574 80 101 97 841
2002 94 635 83 111 108 927
2003 102 696 90 122 120 1028
2004 110 753 87 132 134 1133
2005 120 808 88 141 148 1236
2006 129 867 89 144 164 1341
2007 140 955 97 156 184 1175
2008 152 991 106 158 201 1235
2009 159 1086 116 174 226 1334
2010 168 1158 120 183 247 1387
2011 180 1246 129 200 274 1539
2012 192 1328 140 197 301 1646
2013 206 1447 153 215 331 1801
2014 218 1538 162 176 346 1964
2015 232 1522 107 150 360 2103
2016 247 1380 95 147 372 2240
2017 257 1240 71 120 387 2462
2018 264 1045 74 124 411 2675
2019 277 981 79 129 441 2911
2020 293 926 77 132 452 3099
2021 304 902 76 133 482 3333
2022 307 936 81 136 501 3396
2023 293 963 82 139 516 3511
Values for breeding stock: Central_Am
Year RUS+WAL EAL+BER+WGOA NGOA SEA+NBC SBC+WA OR+CA
1970 0 0 0 0 7 28
1971 0 0 0 0 9 34
1972 0 0 0 0 11 40
1973 0 0 0 0 12 45
1974 0 0 0 0 13 50
1975 0 0 0 0 15 55
1976 0 0 0 0 16 59
1977 0 0 0 0 17 63
1978 0 0 0 0 19 67
1979 0 0 0 0 20 71
1980 0 0 0 0 21 76
1981 0 0 0 0 23 82
1982 0 0 0 0 26 90
1983 0 0 0 0 28 98
1984 0 0 0 0 31 108
1985 0 0 0 0 34 118
1986 0 0 0 0 37 128
1987 0 0 0 0 41 140
1988 0 0 0 0 44 151
1989 0 0 0 0 48 164
1990 0 0 0 0 52 178
1991 0 0 0 0 57 192
1992 0 0 0 0 62 208
1993 0 0 0 0 68 226
1994 0 0 0 0 71 241
1995 0 0 0 0 13 258
1996 0 0 0 0 14 280
1997 0 0 0 0 15 305
1998 0 0 0 0 16 318
1999 0 0 0 0 17 342
2000 0 0 0 0 19 372
2001 0 0 0 0 21 405
2002 0 0 0 0 23 446
2003 0 0 0 0 26 495
2004 0 0 0 0 29 545
2005 0 0 0 0 32 595
2006 0 0 0 0 36 646
2007 0 0 0 0 40 566
2008 0 0 0 0 44 595
2009 0 0 0 0 49 642
2010 0 0 0 0 54 668
2011 0 0 0 0 59 741
2012 0 0 0 0 65 792
2013 0 0 0 0 72 867
2014 0 0 0 0 75 946
2015 0 0 0 0 78 1013
2016 0 0 0 0 81 1080
2017 0 0 0 0 84 1187
2018 0 0 0 0 89 1291
2019 0 0 0 0 96 1406
2020 0 0 0 0 98 1499
2021 0 0 0 0 105 1611
2022 0 0 0 0 109 1640
2023 0 0 0 0 112 1697

Catch numbers by breeding stock
Year Asia Hawaii MX_AR MX_ML Central_Am
1970 0.9 0 0 1.1 0.3
1971 0.9 0 0 1.2 0.3
1972 1 0 0 1.3 0.3
1973 1.1 0 0 1.3 0.4
1974 1.2 0.1 0 1.4 0.4
1975 1.2 0.1 0 1.5 0.4
1976 1.3 0.1 0 1.6 0.4
1977 1.4 0.1 0 1.6 0.4
1978 1.5 0.1 0 1.7 0.5
1979 1.6 0.1 0 1.8 0.5
1980 1.8 0.1 0 1.9 0.5
1981 1.9 0.1 0 2 0.5
1982 2 0.1 0 2.1 0.6
1983 2.2 0.1 0 2.2 0.6
1984 2.3 0.1 0 2.4 0.6
1985 2.5 0.1 0 2.5 0.7
1986 2.6 0.1 0 2.6 0.7
1987 2.8 0.1 0 2.8 0.7
1988 3 0.1 0 2.9 0.8
1989 3.2 0.1 0 3.1 0.8
1990 3.5 0.2 0 3.2 0.8
1991 3.7 0.2 0 3.4 0.9
1992 4 0.2 0 3.6 0.9
1993 4.3 0.2 0 3.8 1
1994 4.6 0.2 0 4 1
1995 4.9 0.2 0 4.2 1.1
1996 5.2 0.2 0 4.4 1.1
1997 5.6 0.2 0 4.7 1.2
1998 6 0.2 0 4.9 1.2
1999 6.4 0.2 0 5.2 1.3
2000 6.9 0.3 0 5.5 1.4
2001 7.3 0.3 0 5.8 1.4
2002 7.9 0 0 5.8 1.5
2003 8.4 0 0 5.8 1.6
2004 9 0 0 6.7 1.7
2005 9.6 0 0 8.1 1.8
2006 10.3 1 0 6.8 1.8
2007 11.1 0 0 7.7 1.9
2008 11.8 0 0 7.9 2
2009 12.7 0 0 9 2.1
2010 13.6 0 0 9.3 2.2
2011 14.5 0.8 0 10.6 2.4
2012 15.5 0 0 10.9 2.5
2013 28 0 0 10.8 2.6
2014 0 5 0 13 2.7
2015 72 0 0 14.2 2.9
2016 12 0.1 0 14.2 3
2017 12 0.1 0 13.4 3.2
2018 16 0.1 0 13.4 3.3
2019 4 0.4 0 13.4 1.7
2020 26.8 0.4 0 23.8 5
2021 28.6 0.4 0 12.8 4.7
2022 30.7 0.4 0 10.5 3.7
2023 32.8 0.4 0 18.4 4.2

Catch numbers by feeding ground
Year RUS+WAL EAL+BER+WGOA NGOA SEA+NBC SBC+WA OR+CA
1970 0 5.7 0.1 6.8 0.1 6.4
1971 0 1.8 0.1 4 0.1 1.5
1972 4 0.8 0.1 4.1 0.1 1.6
1973 0 0.8 0.1 4.3 0.1 1.7
1974 0 0.8 0.1 4.5 0.1 2.5
1975 0 0.8 0.2 4.7 0.1 2.7
1976 0 0.8 0.2 4.9 0.2 2.9
1977 0 0.8 0.2 5.2 0.2 3.1
1978 0 0.8 0.2 5.4 0.2 3.3
1979 0 1 0.2 5.6 0.2 3.5
1980 0 1 0.2 5.9 0.2 3.9
1981 0 1 0.3 6.1 0.3 4.2
1982 0 1 0.4 6.5 0.3 4.5
1983 0 1 0.4 6.7 0.3 4.8
1984 0 1 0.5 7.1 0.4 4.6
1985 0 1 0.5 6.7 0.4 5
1986 0 1 0.7 7.8 0.4 5.4
1987 0 1 0.7 10 0.5 5.8
1988 0 1.1 0.8 8.5 0.5 6.3
1989 0 0.9 0.8 6.1 0.6 6.1
1990 0 1 0.8 7.4 0.7 5.8
1991 0 1 0.9 8.2 0.7 7.6
1992 0 1.1 0.9 9.8 0.8 8.3
1993 0 1.1 1 7.1 0.9 8.6
1994 0 1.2 1 9.3 1 8.8
1995 0 1.2 1 9.3 1.1 9.6
1996 0 1.2 1.1 12.7 1.2 9.9
1997 0 1.2 1.3 12.7 0.9 10.7
1998 0 3 1.4 14.7 1.2 12
1999 0 2.6 1.4 17.4 1.7 13.5
2000 0 1.2 1.5 14.1 1.5 11.6
2001 0 1.2 1.8 16.4 1.7 13.4
2002 0 2.4 1.9 13.8 1.9 13.7
2003 0 1.4 2 18.9 2.3 16
2004 0 1.4 2.3 22 2.5 15.9
2005 0 1.6 2.3 23.3 5.8 20.1
2006 0 1.6 2.4 22.7 5.3 22.1
2007 0 0.1 7.3 18.4 0 18.1
2008 0 0.1 4.3 19.7 12.4 8.8
2009 0 0.1 4.3 24.1 0 9.8
2010 0 6.1 0.8 44.5 7 24.5
2011 0 3.1 4 28.4 11 11.9
2012 0 4.1 8.8 11.6 0 10
2013 0 0.1 4 31.6 0 4.7
2014 0 0.1 11.8 43.7 7 45.2
2015 0 4.1 12 51 9.1 103.4
2016 0 4.1 4.8 34.8 7.1 150.3
2017 0 4.1 2.1 16.3 11.1 60.3
2018 0 1.1 4 26.6 30.1 111.1
2019 0 4.1 6 27.3 9.1 61
2020 0 1.1 0 24 23 31.2
2021 0 2.2 7 33.7 13 62.4
2022 0 4.3 0.8 22.3 8 56
2023 0 3.6 9.1 40.1 19.2 59.7
