Stock structure: B2F1; Model type = BC
Mortality impacts feeding grounds
Recuitment related to unfished
Staying rate: 0
Age-at-matrity: 8
Base adult survival: 0
Mirrored survival
Sigma for survival devs: 6
Additional variance estimated
Weight for mark-recapture proportions: 1
Weight for genetics proportions: 1


Total objective fn: 321.6550442964
Negative log-likelihood fn: 217.724632406658

Natural Survival by feeding ground
RUS+WAL,EAL+BER,GOA,SEA+NBC,SBC+WA,OR+CA
1970 0.96 0.96 0.96 0.96 0.96 0.96
1971 0.96 0.96 0.96 0.96 0.96 0.96
1972 0.96 0.96 0.96 0.96 0.96 0.96
1973 0.96 0.96 0.96 0.96 0.96 0.96
1974 0.96 0.96 0.96 0.96 0.96 0.96
1975 0.96 0.96 0.96 0.96 0.96 0.96
1976 0.96 0.96 0.96 0.96 0.96 0.96
1977 0.96 0.96 0.96 0.96 0.96 0.96
1978 0.96 0.96 0.96 0.96 0.96 0.96
1979 0.96 0.96 0.96 0.96 0.96 0.96
1980 0.96 0.96 0.96 0.96 0.96 0.96
1981 0.96 0.96 0.96 0.96 0.96 0.96
1982 0.96 0.96 0.96 0.96 0.96 0.96
1983 0.96 0.96 0.96 0.96 0.96 0.96
1984 0.96 0.96 0.96 0.96 0.96 0.96
1985 0.96 0.96 0.96 0.96 0.96 0.96
1986 0.96 0.96 0.96 0.96 0.96 0.96
1987 0.96 0.96 0.96 0.96 0.96 0.96
1988 0.96 0.96 0.96 0.96 0.96 0.96
1989 0.96 0.96 0.96 0.96 0.96 0.96
1990 0.96 0.96 0.96 0.96 0.96 0.96
1991 0.96 0.96 0.96 0.96 0.96 0.96
1992 0.96 0.96 0.96 0.96 0.96 0.96
1993 0.96 0.96 0.96 0.96 0.96 0.96
1994 0.96 0.96 0.96 0.96 0.96 0.96
1995 0.96 0.96 0.96 0.96 0.96 0.96
1996 0.96 0.96 0.96 0.96 0.96 0.96
1997 0.96 0.96 0.96 0.96 0.96 0.96
1998 0.96 0.96 0.96 0.96 0.96 0.96
1999 0.96 0.96 0.96 0.96 0.96 0.96
2000 0.9505377 0.9810452 0.9576236 0.9576236 0.939197 0.9669678
2001 0.9498416 0.9813339 0.9739343 0.9739343 0.9562921 0.9738948
2002 0.9480756 0.9814044 0.976253 0.976253 0.9630835 0.9796209
2003 0.9375457 0.9791541 0.9421191 0.9421191 0.9652732 0.9801986
2004 0.9478747 0.9796827 0.9778345 0.9778345 0.9653301 0.9790096
2005 0.9590821 0.9758916 0.9315661 0.9315661 0.9710468 0.9626567
2006 0.9641826 0.9745141 0.9772022 0.9772022 0.972075 0.86358
2007 0.9623723 0.9678631 0.9377281 0.9377281 0.9706331 0.9440947
2008 0.9609083 0.9636126 0.9798289 0.9798289 0.9685612 0.9417642
2009 0.9595708 0.9459177 0.9482784 0.9482784 0.9660928 0.9501111
2010 0.9616604 0.9618293 0.9763595 0.9763595 0.9669083 0.9548568
2011 0.9615923 0.9623976 0.916492 0.916492 0.9663719 0.9443503
2012 0.9595929 0.949777 0.9683452 0.9683452 0.9632443 0.9628947
2013 0.960588 0.956166 0.8804978 0.8804978 0.9595472 0.9786634
2014 0.9606288 0.9556501 0.7172371 0.7172371 0.9575836 0.9851098
2015 0.9571077 0.8434186 0.8865775 0.8865775 0.9510815 0.9864884
2016 0.9552746 0.8905771 0.7538158 0.7538158 0.9516027 0.9827479
2017 0.9551166 0.8013605 0.866649 0.866649 0.9568736 0.9798528
2018 0.955285 0.7840733 0.9546853 0.9546853 0.9584624 0.9726984
2019 0.9577556 0.942734 0.9333113 0.9333113 0.9613832 0.9645332
2020 0.9593205 0.9528394 0.8154919 0.8154919 0.9635226 0.9732831
2021 0.9599992 0.9599973 0.9599992 0.9599992 0.9625977 0.9474647
2022 0.9599996 0.9599986 0.9599996 0.9599996 0.9610245 0.9539003
2023 0.96 0.96 0.96 0.96 0.96 0.96

Naturak Survival by breeding stock
RUS+WAL,EAL+BER,GOA,SEA+NBC,SBC+WA,OR+CA
1970 0.96 0.96 0.96 0.96 0.96
1971 0.96 0.96 0.96 0.96 0.96
1972 0.96 0.96 0.96 0.96 0.96
1973 0.96 0.96 0.96 0.96 0.96
1974 0.96 0.96 0.96 0.96 0.96
1975 0.96 0.96 0.96 0.96 0.96
1976 0.96 0.96 0.96 0.96 0.96
1977 0.96 0.96 0.96 0.96 0.96
1978 0.96 0.96 0.96 0.96 0.96
1979 0.96 0.96 0.96 0.96 0.96
1980 0.96 0.96 0.96 0.96 0.96
1981 0.96 0.96 0.96 0.96 0.96
1982 0.96 0.96 0.96 0.96 0.96
1983 0.96 0.96 0.96 0.96 0.96
1984 0.96 0.96 0.96 0.96 0.96
1985 0.96 0.96 0.96 0.96 0.96
1986 0.96 0.96 0.96 0.96 0.96
1987 0.96 0.96 0.96 0.96 0.96
1988 0.96 0.96 0.96 0.96 0.96
1989 0.96 0.96 0.96 0.96 0.96
1990 0.96 0.96 0.96 0.96 0.96
1991 0.96 0.96 0.96 0.96 0.96
1992 0.96 0.96 0.96 0.96 0.96
1993 0.96 0.96 0.96 0.96 0.96
1994 0.96 0.96 0.96 0.96 0.96
1995 0.96 0.96 0.96 0.96 0.96
1996 0.96 0.96 0.96 0.96 0.96
1997 0.96 0.96 0.96 0.96 0.96
1998 0.96 0.96 0.96 0.96 0.96
1999 0.96 0.96 0.96 0.96 0.96
2000 0.96 0.96 0.96 0.96 0.96
2001 0.96 0.96 0.96 0.96 0.96
2002 0.96 0.96 0.96 0.96 0.96
2003 0.96 0.96 0.96 0.96 0.96
2004 0.96 0.96 0.96 0.96 0.96
2005 0.96 0.96 0.96 0.96 0.96
2006 0.96 0.96 0.96 0.96 0.96
2007 0.96 0.96 0.96 0.96 0.96
2008 0.96 0.96 0.96 0.96 0.96
2009 0.96 0.96 0.96 0.96 0.96
2010 0.96 0.96 0.96 0.96 0.96
2011 0.96 0.96 0.96 0.96 0.96
2012 0.96 0.96 0.96 0.96 0.96
2013 0.96 0.96 0.96 0.96 0.96
2014 0.96 0.96 0.96 0.96 0.96
2015 0.96 0.96 0.96 0.96 0.96
2016 0.96 0.96 0.96 0.96 0.96
2017 0.96 0.96 0.96 0.96 0.96
2018 0.96 0.96 0.96 0.96 0.96
2019 0.96 0.96 0.96 0.96 0.96
2020 0.96 0.96 0.96 0.96 0.96
2021 0.96 0.96 0.96 0.96 0.96
2022 0.96 0.96 0.96 0.96 0.96
2023 0.96 0.96 0.96 0.96 0.96

Fecundity by feeding ground
RUS+WAL,EAL+BER,GOA,SEA+NBC,SBC+WA,OR+CA
1970 0.9623669 0.9621216 0.9605116 0.9588262 0.9631483 0.9669947
1971 0.9624262 0.9621843 0.9605232 0.958931 0.9631814 0.9670711
1972 0.9604326 0.959803 0.9577279 0.9558651 0.9610331 0.9658915
1973 0.958311 0.957527 0.9550476 0.9529563 0.9589813 0.9647879
1974 0.9563042 0.9553595 0.9524884 0.9502094 0.9570276 0.9637811
1975 0.9544 0.9532939 0.9500524 0.9476141 0.9551665 0.9628489
1976 0.9525995 0.9513257 0.9477268 0.9451619 0.9534129 0.961987
1977 0.9508977 0.9494494 0.9455062 0.9428481 0.9517438 0.9611901
1978 0.9492905 0.9476613 0.9433861 0.9406633 0.9501575 0.9604601
1979 0.9477739 0.9459641 0.9413618 0.9386009 0.9486488 0.9597908
1980 0.9463514 0.9443482 0.9394292 0.9366582 0.9472142 0.9591869
1981 0.9450087 0.9428079 0.9375922 0.9348218 0.9458678 0.9586374
1982 0.9431456 0.9406958 0.9350928 0.9322814 0.9440104 0.9578405
1983 0.9408216 0.9380653 0.931984 0.9291025 0.9416891 0.9568249
1984 0.9380828 0.9349706 0.9283386 0.9253646 0.9389736 0.9556038
1985 0.9349848 0.9314623 0.9242087 0.9211131 0.9358923 0.9542262
1986 0.9315668 0.9275877 0.9196684 0.9164541 0.9324868 0.9527137
1987 0.9278784 0.9233929 0.9147562 0.9114822 0.9288179 0.9510901
1988 0.923959 0.9189224 0.9095303 0.9061481 0.9249053 0.949381
1989 0.9198455 0.9142063 0.9040301 0.9004705 0.9208029 0.9475776
1990 0.9155787 0.9092908 0.8982997 0.894601 0.9165438 0.9456888
1991 0.9111824 0.9042058 0.892387 0.888569 0.9121409 0.9438098
1992 0.9065413 0.8988198 0.8861279 0.8822368 0.9074907 0.9418412
1993 0.9015536 0.8930154 0.8793999 0.8753437 0.9024943 0.939723
1994 0.8961379 0.8867043 0.8720912 0.8679224 0.8970694 0.9374089
1995 0.8902317 0.8798125 0.8641228 0.8598332 0.8911552 0.9348935
1996 0.8837897 0.8722885 0.855448 0.8511214 0.8847048 0.9321336
1997 0.87679 0.8641 0.846043 0.8416614 0.8776132 0.9291363
1998 0.8692175 0.8552885 0.835886 0.8314995 0.8699724 0.9259067
1999 0.8610707 0.8457854 0.8249736 0.8206683 0.8618249 0.9224552
2000 0.8523664 0.8355687 0.8133361 0.8090186 0.8530495 0.9186584
2001 0.8449404 0.8198494 0.8016336 0.797369 0.8476593 0.9140192
2002 0.8371529 0.8031708 0.7846828 0.7802878 0.8383875 0.9083876
2003 0.8293353 0.7851394 0.7661599 0.7617735 0.8274038 0.9017779
2004 0.8234396 0.7664289 0.7575327 0.7534679 0.8153441 0.8945437
2005 0.8147217 0.7461286 0.7356845 0.7317724 0.8031603 0.8869669
2006 0.8028955 0.7257561 0.7299452 0.7264572 0.7884681 0.881033
2007 0.7891768 0.7044306 0.7061797 0.7023189 0.7714721 0.8873712
2008 0.7752534 0.6845352 0.6977909 0.6940592 0.756201 0.88189
2009 0.7609774 0.6653063 0.6701742 0.6664956 0.7382226 0.8773177
2010 0.7463679 0.6533932 0.6563283 0.6538268 0.7213272 0.8717184
2011 0.7303792 0.6325191 0.628011 0.6258826 0.7042039 0.8645826
2012 0.7137849 0.6105011 0.6294969 0.6269632 0.6841636 0.8586901
2013 0.6981969 0.5943735 0.602612 0.6005061 0.6643434 0.8485892
2014 0.679685 0.5738768 0.6223987 0.6207364 0.646757 0.8361566
2015 0.6655482 0.5536456 0.7080598 0.7072593 0.6297462 0.8236806
2016 0.6482167 0.5955101 0.7112487 0.7110756 0.614924 0.8118211
2017 0.6307777 0.6070162 0.7608063 0.7609371 0.5998924 0.7973851
2018 0.6130841 0.6586622 0.7668655 0.7673869 0.5852359 0.7843004
2019 0.5938719 0.7067285 0.7462106 0.7470295 0.5652438 0.7705259
2020 0.5745925 0.685256 0.7349655 0.7364798 0.5458844 0.7574333
2021 0.5541843 0.6628129 0.762793 0.7644904 0.5229176 0.7411891
2022 0.5332201 0.6374861 0.7400359 0.7424424 0.4992527 0.7330065
2023 0.5123262 0.6127026 0.7207033 0.7236602 0.4791014 0.7216503

Total abundance: Estimate SD_log
1970 1125.663 0.04982676
1971 1416.352 0.04474715
1972 1654.404 0.04200617
1973 1876.286 0.04023638
1974 2090.337 0.03890702
1975 2292.293 0.03794118
1976 2483.423 0.0372116
1977 2664.146 0.03665071
1978 2835.051 0.03621226
1979 2996.493 0.03586755
1980 3148.794 0.03559683
1981 3372.482 0.034793
1982 3647.829 0.03377325
1983 3968.651 0.03269391
1984 4329.762 0.0316561
1985 4726.172 0.03071743
1986 5153.479 0.02990053
1987 5605.712 0.02921753
1988 6077.438 0.02866435
1989 6568.512 0.0282079
1990 7077.631 0.02782574
1991 7617.764 0.02749143
1992 8198.303 0.02720342
1993 8827.997 0.02696765
1994 9518.152 0.02678378
1995 10268.54 0.02668171
1996 11083.51 0.02666857
1997 11961.13 0.02675763
1998 12903.94 0.02694209
1999 13905.41 0.02722734
2000 14963.53 0.02760271
2001 16171.96 0.02816017
2002 17667.04 0.0288628
2003 19316.5 0.02856389
2004 20597.93 0.0223608
2005 22467.07 0.02013905
2006 23732.72 0.02413029
2007 25456.72 0.02594704
2008 26812.29 0.027106
2009 28889.76 0.028135
2010 30302.21 0.03296718
2011 32517.65 0.03374074
2012 33625.84 0.03205694
2013 35719.94 0.03601246
2014 36257.75 0.04428083
2015 34148.3 0.03947286
2016 33308.41 0.04643198
2017 31579.37 0.05042728
2018 30507.13 0.04357806
2019 30517.49 0.03818907
2020 32125.26 0.03713628
2021 32409.46 0.03709672
2022 34425.17 0.04609654
2023 36518.31 0.05222186
2024 38572.75 0.05750738

Breeding stock abundance: Estimate SD_log Estimate/K
Asia
1 81.51684 0.08913627 1.315536
2 103.2965 0.08678719 1.667021
3 120.3854 0.085973 1.942804
4 133.5922 0.08744453 2.155938
5 148.3749 0.08736397 2.394505
6 162.2507 0.08745211 2.618435
7 175.371 0.08760055 2.830174
8 187.6741 0.08783613 3.028724
9 199.1959 0.08813922 3.214665
10 209.97 0.08849731 3.38854
11 220.0208 0.08890459 3.550742
12 234.8916 0.08911113 3.79073
13 253.2704 0.08921988 4.087331
14 274.7282 0.08928755 4.43362
15 298.7627 0.0893845 4.821494
16 325.1115 0.08949507 5.246717
17 353.3326 0.08965506 5.702154
18 383.2205 0.08983613 6.184492
19 414.3875 0.0900608 6.687472
20 446.5666 0.09032438 7.206785
21 479.5283 0.09062096 7.738727
22 514.3077 0.09095184 8.300005
23 551.7479 0.09129424 8.904223
24 592.3154 0.09166859 9.55891
25 636.4383 0.0920795 10.27097
26 684.4061 0.09253458 11.04509
27 736.397 0.09304205 11.88413
28 792.4796 0.09361117 12.7892
29 852.5216 0.0942636 13.75817
30 916.3476 0.09501211 14.78821
31 983.8418 0.09586101 15.87744
32 1047.75 0.1037224 16.90881
33 1114.058 0.1069425 17.9789
34 1181.341 0.1047539 19.06473
35 1237.345 0.08597291 19.96853
36 1310.472 0.07881585 21.14867
37 1403.463 0.08322459 22.64939
38 1509.627 0.09180002 24.36268
39 1616.121 0.1004316 26.0813
40 1723.611 0.1089848 27.81599
41 1826.215 0.1175592 29.47184
42 1942.623 0.1243148 31.35046
43 2063.014 0.1306913 33.29335
44 2175.894 0.1375574 35.11503
45 2285.525 0.144635 36.88428
46 2428.673 0.1500294 39.19443
47 2447.682 0.1616979 39.5012
48 2546.069 0.1706041 41.08899
49 2617.995 0.1797499 42.24976
50 2689.74 0.1896395 43.40759
51 2832.434 0.1954418 45.71041
52 2962.359 0.2028704 47.80716
53 3094.954 0.2105406 49.94701
54 3224.422 0.218431 52.0364
Hawaii
1 712.8252 0.05386144 1.88603
2 900.5761 0.04910414 2.382791
3 1053.297 0.04661779 2.786867
4 1198.061 0.04495333 3.169893
5 1336.291 0.04375585 3.535628
6 1467.51 0.0428744 3.882815
7 1592.083 0.04220467 4.212416
8 1710.34 0.04168338 4.525307
9 1822.547 0.04127107 4.82219
10 1929.082 0.0409387 5.104065
11 2030.083 0.04066997 5.371299
12 2177.555 0.03994793 5.761489
13 2358.81 0.03905273 6.241061
14 2569.916 0.03811998 6.799618
15 2807.644 0.03723318 7.428609
16 3068.366 0.03644346 8.118442
17 3349.975 0.03575761 8.863537
18 3647.991 0.03519285 9.652043
19 3958.688 0.03474678 10.4741
20 4283.15 0.03437492 11.33258
21 4620.36 0.0340593 12.22479
22 4977.503 0.03379677 13.16973
23 5362.342 0.03357965 14.18796
24 5779.615 0.03342077 15.292
25 6237.746 0.033311 16.50415
26 6734.955 0.0332904 17.81969
27 7275.116 0.03335993 19.24888
28 7855.407 0.03354207 20.78424
29 8478.877 0.03382561 22.43385
30 9140.811 0.03422275 24.18523
31 9839.729 0.0347298 26.03446
32 10625.02 0.03558366 28.11223
33 11630.54 0.03724029 30.77269
34 12737.78 0.03760319 33.70227
35 13506.05 0.02959911 35.73501
36 14758.17 0.02750881 39.04792
37 15477.46 0.03184332 40.95106
38 16847.25 0.03292143 44.57533
39 17678.27 0.03371463 46.77407
40 19150.44 0.03384834 50.66923
41 20037.11 0.03878084 53.01522
42 21562.42 0.04004775 57.05096
43 22093.64 0.03665526 58.45648
44 23475.7 0.04242942 62.11321
45 23338.44 0.0565458 61.75004
46 20776.29 0.04464278 54.97098
47 19919.69 0.05140138 52.70454
48 18038.12 0.05717552 47.7262
49 16941.69 0.05083125 44.82519
50 16881.64 0.04374092 44.66632
51 17724.98 0.04155338 46.89766
52 17261.19 0.04697056 45.67054
53 18511.71 0.05895006 48.97925
54 19759.6 0.06719837 52.28097
MX_AR
1 118.4385 0.07462582 1.176841
2 149.6824 0.07103704 1.487291
3 175.3543 0.06914206 1.742375
4 199.4975 0.06793149 1.98227
5 222.9531 0.06700875 2.215331
6 245.2648 0.06632934 2.437027
7 266.5092 0.06581007 2.648118
8 286.7457 0.06540132 2.849194
9 306.0233 0.06507156 3.040743
10 324.3882 0.06480076 3.223222
11 341.8368 0.06457882 3.396596
12 367.1898 0.06404311 3.648512
13 398.3095 0.06339356 3.957727
14 434.5745 0.06272316 4.318067
15 475.4319 0.06208998 4.724039
16 520.3519 0.06152362 5.170378
17 568.8299 0.06103474 5.652071
18 620.3123 0.06062245 6.163616
19 674.3527 0.06027698 6.700577
20 730.6058 0.05999093 7.259526
21 788.8604 0.05975073 7.838362
22 850.8675 0.05953146 8.454484
23 917.7308 0.05933255 9.118859
24 990.4929 0.05915368 9.841845
25 1070.075 0.05900081 10.6326
26 1156.885 0.05887879 11.49517
27 1251.303 0.05879377 12.43333
28 1353.409 0.05874747 13.44789
29 1463.259 0.0587413 14.5394
30 1580.161 0.05877903 15.70097
31 1704.261 0.05885226 16.93407
32 1859.938 0.05886465 18.48092
33 2040.666 0.05855697 20.27669
34 2237.57 0.05793657 22.23319
35 2413.435 0.05718103 23.98064
36 2636.604 0.05685293 26.19811
37 2823.577 0.05858076 28.05594
38 3040.978 0.06069913 30.21611
39 3232.87 0.06356623 32.1228
40 3469.891 0.06656177 34.47791
41 3638.127 0.07253164 36.14956
42 3894.217 0.07296758 38.69415
43 4083.506 0.07385159 40.57498
44 4312.876 0.07601567 42.85407
45 4462.83 0.07768301 44.34407
46 4439.424 0.08271725 44.1115
47 4252.225 0.09500279 42.25143
48 4119.296 0.09893577 40.9306
49 3869.672 0.09521621 38.45026
50 3694.941 0.08318855 36.71408
51 3898.953 0.08134472 38.7412
52 4042.808 0.08270213 40.17059
53 4308.149 0.08755182 42.8071
54 4579.124 0.09128023 45.4996
MX_ML
1 168.7163 0.06496772 0.6102335
2 208.9221 0.06221578 0.7556547
3 242.8361 0.0605733 0.8783191
4 274.4837 0.05960173 0.9927861
5 304.5573 0.05898011 1.10156
6 332.3046 0.05867251 1.20192
7 358.193 0.05853234 1.295556
8 382.2917 0.05851428 1.382719
9 404.8111 0.05856867 1.46417
10 425.73 0.05869256 1.539832
11 445.0899 0.05887192 1.609855
12 474.2295 0.05871638 1.715251
13 510.2811 0.05842884 1.845647
14 552.3736 0.05810316 1.997892
15 599.7135 0.05780229 2.169117
16 651.7587 0.05754549 2.35736
17 707.6127 0.05736415 2.55938
18 766.5944 0.05725256 2.772712
19 827.9772 0.05720926 2.994729
20 891.403 0.05722699 3.224135
21 956.8216 0.05728323 3.460749
22 1026.608 0.05733031 3.71316
23 1100.828 0.05742644 3.981609
24 1181.274 0.05753797 4.272576
25 1269.242 0.05766567 4.590749
26 1365.28 0.05780461 4.938113
27 1469.489 0.05797536 5.315027
28 1582.278 0.0581651 5.722977
29 1703.435 0.05838825 6.161191
30 1832.119 0.05864353 6.626632
31 1968.001 0.05893684 7.118104
32 2133.774 0.05932613 7.717692
33 2330.47 0.05885202 8.429126
34 2554.109 0.05835253 9.238011
35 2776.11 0.05799851 10.04097
36 3033.062 0.05825938 10.97035
37 3246.847 0.06109791 11.74359
38 3310.784 0.06780889 11.97485
39 3499.315 0.06711738 12.65675
40 3718.732 0.06638835 13.45036
41 3920.704 0.06682059 14.18088
42 4180.989 0.06627633 15.12231
43 4395.356 0.06547225 15.89766
44 4684.724 0.06502225 16.94428
45 4989.877 0.06445006 18.04799
46 5207.601 0.06482734 18.83548
47 5290.766 0.06687603 19.13629
48 5388.269 0.06565599 19.48895
49 5471.317 0.061947 19.78933
50 5548.996 0.05905189 20.07028
51 5863.158 0.05956593 21.20658
52 6202.466 0.06003703 22.43384
53 6496.849 0.06689484 23.4986
54 6843.515 0.07149616 24.75246
Central_Am
1 44.1664 0.0905969 0.9663057
2 53.87471 0.08898742 1.178711
3 62.53156 0.0880861 1.368112
4 70.65082 0.08760044 1.545752
5 78.16033 0.08747094 1.710051
6 84.96265 0.08750862 1.858877
7 91.26718 0.08762717 1.996812
8 97.09379 0.08780322 2.124291
9 102.4734 0.08801695 2.241989
10 107.3226 0.08834521 2.348085
11 111.763 0.08869209 2.445235
12 118.6158 0.08878379 2.595167
13 127.1577 0.08875956 2.782052
14 137.0579 0.08875368 2.998655
15 148.2097 0.08873554 3.242644
16 160.5835 0.08871989 3.513366
17 173.7292 0.08878647 3.800978
18 187.5938 0.08887797 4.104318
19 202.0325 0.08899414 4.420219
20 216.787 0.08917613 4.743029
21 232.0606 0.08936437 5.077196
22 248.4775 0.08953836 5.436377
23 265.6546 0.08975536 5.812191
24 284.299 0.08996645 6.220108
25 304.6509 0.09020453 6.665382
26 327.0125 0.09044151 7.154626
27 351.2059 0.09071706 7.683946
28 377.5521 0.09100225 8.26037
29 405.844 0.09132668 8.87936
30 435.9728 0.09167386 9.538541
31 467.7 0.09206798 10.23269
32 505.4755 0.09414544 11.05917
33 551.3069 0.09410896 12.06191
34 605.7042 0.09401755 13.25205
35 664.9907 0.09419256 14.54917
36 728.7632 0.09515244 15.94443
37 781.3777 0.1006152 17.09557
38 748.075 0.1124177 16.36695
39 785.7155 0.1085693 17.19048
40 827.0833 0.1050974 18.09555
41 880.0543 0.1034982 19.25449
42 937.4059 0.1025774 20.50927
43 990.3288 0.0999248 21.66716
44 1070.753 0.09678711 23.42674
45 1181.086 0.09524831 25.84068
46 1296.309 0.09455142 28.36163
47 1398.044 0.09459283 30.58746
48 1487.616 0.09503761 32.54717
49 1606.455 0.0957404 35.14723
50 1702.171 0.0968015 37.24138
51 1805.741 0.09763801 39.50737
52 1940.636 0.09856059 42.4587
53 2013.502 0.1074039 44.05291
54 2111.651 0.1131504 46.20029

Feeding stock abundance: Estimate SD_log Estimate/K
RUS+WAL
1 109.6679 0.11589 1.258891
2 139.8658 0.1136798 1.605536
3 159.6198 0.1157157 1.832295
4 181.5216 0.115316 2.083708
5 202.2257 0.1151326 2.321374
6 221.8787 0.1150481 2.546973
7 240.4537 0.1150581 2.760197
8 258.0029 0.1151373 2.961646
9 274.5668 0.1152688 3.151786
10 290.1879 0.1154422 3.331102
11 304.8197 0.1156782 3.499062
12 326.4229 0.1157055 3.747048
13 353.06 0.1156485 4.052819
14 384.0705 0.115576 4.408792
15 418.998 0.115496 4.809729
16 457.2675 0.1154445 5.249029
17 498.5018 0.1154097 5.722363
18 542.1876 0.1154089 6.223837
19 587.9335 0.1154401 6.74896
20 635.3703 0.1155003 7.293493
21 684.0787 0.1155996 7.852622
22 735.803 0.1157093 8.446372
23 791.5398 0.1158396 9.086182
24 852.1408 0.1159934 9.781827
25 918.2538 0.1161771 10.54075
26 990.3406 0.1163993 11.36824
27 1068.694 0.11667 12.26766
28 1153.36 0.1170076 13.23956
29 1244.34 0.1174231 14.28393
30 1341.502 0.1179278 15.39926
31 1444.524 0.1185399 16.58186
32 1534.572 0.1275671 17.61554
33 1627.352 0.1315508 18.68057
34 1720.951 0.1294266 19.75501
35 1794.843 0.1086072 20.60322
36 1896.844 0.09667077 21.77411
37 2033.925 0.1036796 23.34767
38 2193.72 0.113301 25.18198
39 2357.416 0.122868 27.06107
40 2524.97 0.132338 28.98444
41 2694.557 0.141667 30.93115
42 2878.704 0.1492067 33.04499
43 3069.552 0.1562476 35.23576
44 3247.305 0.1639748 37.27621
45 3460.876 0.1700878 39.72781
46 3622.68 0.1787732 41.58519
47 3827.175 0.1860231 43.9326
48 4028.712 0.1933143 46.24607
49 4231.2 0.2005016 48.57046
50 4450.009 0.2073022 51.08219
51 4665.912 0.2145465 53.56057
52 4893.78 0.2219599 56.1763
53 5125.565 0.229653 58.83698
54 5355.07 0.2374949 61.4715
EAL+BER
1 282.9023 0.09172232 1.289779
2 360.7107 0.08846954 1.644515
3 423.0891 0.08686906 1.928904
4 482.4927 0.08582411 2.199731
5 539.0691 0.08510134 2.457668
6 592.9912 0.08457766 2.703504
7 644.3747 0.08418564 2.937767
8 693.3645 0.08388344 3.161116
9 740.049 0.08364653 3.373955
10 784.3337 0.08347926 3.575853
11 826.4944 0.08334811 3.768068
12 887.8653 0.08292151 4.047864
13 963.3036 0.08237756 4.391794
14 1051.298 0.08179856 4.792968
15 1150.444 0.08123749 5.244984
16 1259.448 0.08072143 5.741944
17 1377.101 0.08026029 6.278335
18 1502.221 0.07985478 6.848773
19 1633.671 0.07950426 7.448065
20 1770.727 0.079188 8.072917
21 1912.176 0.07891255 8.717797
22 2062.757 0.07864602 9.40431
23 2225.399 0.07838507 10.14581
24 2402.612 0.07812604 10.95374
25 2596.147 0.07787594 11.83608
26 2807.417 0.07763678 12.79929
27 3037.257 0.07741345 13.84715
28 3286.011 0.07720976 14.98124
29 3551.881 0.07706653 16.19337
30 3836.535 0.07693403 17.49114
31 4140.232 0.07679498 18.87572
32 4589.704 0.07552565 20.9249
33 5075.816 0.07406389 23.14113
34 5601.088 0.07237001 25.5359
35 6147.44 0.06989115 28.02677
36 6737.57 0.06799997 30.71724
37 7332.489 0.07144748 33.42953
38 7952.88 0.07625754 36.25795
39 8536.036 0.08287723 38.91661
40 9098.942 0.08989917 41.48296
41 9477.691 0.1021332 43.20971
42 10081.51 0.1031171 45.96259
43 10717.46 0.1039473 48.86193
44 11193.93 0.1086797 51.03419
45 11779.71 0.1103987 53.70483
46 12351.35 0.1129567 56.31101
47 11286.8 0.1447495 51.45759
48 10993.17 0.1479509 50.11892
49 9641.293 0.1618912 43.95559
50 8314.587 0.1445466 37.90701
51 8789.152 0.1375656 40.07059
52 9393.793 0.1466201 42.82721
53 10076.82 0.1516199 45.94118
54 10751.02 0.1553197 49.01493
GOA
1 124.377 0.07781137 1.492541
2 159.3371 0.07417695 1.912066
3 187.2419 0.07248176 2.246928
4 213.8814 0.07136386 2.566605
5 239.3156 0.07057829 2.871818
6 263.5108 0.07002388 3.162165
7 286.6101 0.06960146 3.439359
8 308.6684 0.06926932 3.704062
9 329.7289 0.06900198 3.95679
10 349.8366 0.06878245 4.198085
11 369.0343 0.06859922 4.42846
12 396.6969 0.06818553 4.760416
13 430.5421 0.06770275 5.166563
14 469.9888 0.06721023 5.639928
15 514.3047 0.0667681 6.171724
16 562.9949 0.06638395 6.756014
17 615.3044 0.06608498 7.383735
18 670.8926 0.06584461 8.0508
19 729.18 0.06566477 8.750257
20 789.8051 0.06552793 9.477767
21 852.3431 0.06542695 10.22823
22 918.7355 0.06535578 11.02495
23 990.4003 0.06530761 11.88494
24 1068.275 0.0652943 12.81944
25 1153.231 0.06531704 13.83892
26 1245.802 0.0653838 14.94978
27 1346.199 0.06550638 16.15456
28 1454.417 0.06569394 17.4532
29 1570.469 0.06594485 18.84583
30 1694.195 0.06625763 20.33057
31 1825.089 0.06663869 21.90132
32 1956.919 0.06587099 23.48329
33 2141.373 0.06686401 25.69676
34 2345.422 0.06697243 28.14538
35 2452.059 0.0631583 29.42504
36 2685.092 0.06127237 32.22146
37 2764.446 0.0675109 33.17371
38 3015.195 0.06752879 36.18274
39 3121.381 0.06752667 37.45699
40 3412.869 0.06549254 40.95488
41 3573.155 0.06988854 42.87833
42 3876.091 0.07102011 46.5136
43 3882.915 0.06682812 46.5955
44 4158.871 0.07475057 49.90701
45 3980.583 0.1032695 47.76752
46 3122.925 0.07322935 37.47552
47 3051.401 0.07539334 36.61722
48 2547.316 0.07896532 30.56813
49 2445.797 0.1019792 29.34989
50 2637.124 0.08014434 31.64583
51 2763.729 0.07435641 33.16511
52 2484.864 0.1235857 29.8187
53 2690.164 0.1352923 32.28232
54 2883.804 0.1436355 34.60603
SEA+NBC
1 413.6708 0.06606104 1.704796
2 526.1215 0.06244499 2.168222
3 614.4462 0.06091547 2.53222
4 697.833 0.0599826 2.875869
5 776.5786 0.05939227 3.200391
6 850.9841 0.05901006 3.507026
7 921.2788 0.05876365 3.796721
8 987.5818 0.05861669 4.069965
9 1050.173 0.05853656 4.327913
10 1109.236 0.05850638 4.571319
11 1164.84 0.05851986 4.800472
12 1246.928 0.0582484 5.138767
13 1347.958 0.05788261 5.555128
14 1465.858 0.05749485 6.041009
15 1598.346 0.05714347 6.587011
16 1744.287 0.0568263 7.188456
17 1900.447 0.05659893 7.832012
18 2063.993 0.05648515 8.50601
19 2236.955 0.05637775 9.218811
20 2418.95 0.05625588 9.968837
21 2605.133 0.05620287 10.73612
22 2802.145 0.05619312 11.54804
23 3013.135 0.05624427 12.41756
24 3245.4 0.05628788 13.37475
25 3496.497 0.05642326 14.40956
26 3770.049 0.05662599 15.53691
27 4063.519 0.05695722 16.74634
28 4380.342 0.05737762 18.05201
29 4718.208 0.05792292 19.44441
30 5075.498 0.0586077 20.91685
31 5456.779 0.05937194 22.48816
32 5838.558 0.06124201 24.06153
33 6379.26 0.06462461 26.28984
34 6972.335 0.0659533 28.73399
35 7272.383 0.05387297 29.97052
36 7945.34 0.05155211 32.74388
37 8162.805 0.05915633 33.64008
38 8904.92 0.05975932 36.69844
39 9209.27 0.05955094 37.95271
40 10055.51 0.05753982 41.44017
41 10483.24 0.06171548 43.20293
42 11354.72 0.06375932 46.79441
43 11388.61 0.05691024 46.93407
44 12176.45 0.06654552 50.18089
45 11643.74 0.09621551 47.98551
46 9119.397 0.06119006 37.58233
47 8891.311 0.06063668 36.64236
48 7413.905 0.06479347 30.55376
49 7104.652 0.09034434 29.27928
50 7652.061 0.06414387 31.53523
51 7997.188 0.056717 32.95755
52 7178.802 0.1147119 29.58486
53 7753.697 0.127881 31.95409
54 8300.727 0.1372122 34.20848
SBC+WA
1 42.99327 0.1573675 1.160484
2 54.97223 0.15487 1.483822
3 64.4741 0.1537691 1.740299
4 73.51917 0.1530664 1.984445
5 82.13234 0.1525927 2.216934
6 90.33795 0.1522608 2.438422
7 98.05552 0.1521772 2.646736
8 105.4025 0.1521456 2.845047
9 112.3839 0.1521541 3.033491
10 119.0234 0.152189 3.212705
11 125.3369 0.152243 3.38312
12 134.4672 0.1521466 3.629567
13 145.714 0.1519227 3.933145
14 158.8551 0.1516327 4.287851
15 173.5721 0.1514084 4.685097
16 189.7581 0.1511816 5.12199
17 207.2353 0.1509639 5.59374
18 225.7261 0.1508281 6.092849
19 245.163 0.1507037 6.617492
20 265.2993 0.1506458 7.161017
21 285.9958 0.150644 7.719661
22 308.0367 0.1506141 8.314593
23 331.7886 0.1505917 8.955711
24 357.6037 0.1505689 9.652515
25 385.7641 0.1505408 10.41263
26 416.4598 0.1505073 11.24117
27 449.8243 0.1504676 12.14175
28 486.3041 0.1502995 13.12643
29 525.3438 0.150193 14.18019
30 566.6685 0.1501921 15.29564
31 610.854 0.1501078 16.4883
32 640.1458 0.1353511 17.27895
33 685.3902 0.1251137 18.5002
34 739.7343 0.1169746 19.96707
35 799.7822 0.1093883 21.58789
36 860.5934 0.1023746 23.22932
37 933.1465 0.1000408 25.18769
38 1017.453 0.09737116 27.46332
39 1092.917 0.09634525 29.50026
40 1182.407 0.09511285 31.91578
41 1264.489 0.09530413 34.13136
42 1348.749 0.09601273 36.40572
43 1447.82 0.09625409 39.07986
44 1545.406 0.09740915 41.71393
45 1631.77 0.1004216 44.04508
46 1715.765 0.1035815 46.31229
47 1790.065 0.1074404 48.31782
48 1863.924 0.1089078 50.31145
49 1933.709 0.1092272 52.19509
50 2030.474 0.10872 54.80698
51 2120.847 0.1094122 57.24637
52 2228.921 0.1102768 60.16351
53 2338.894 0.1127862 63.13195
54 2430.569 0.1183212 65.60644
OR+CA
1 130.6519 0.05053188 0.6760672
2 165.4445 0.04511594 0.856104
3 192.2329 0.04259901 0.9947225
4 217.2378 0.04097159 1.124112
5 239.9154 0.03998597 1.241459
6 260.8903 0.03934354 1.349995
7 280.2506 0.03893607 1.450176
8 298.1255 0.03869414 1.542671
9 314.449 0.03859063 1.627138
10 329.3756 0.03858607 1.704377
11 342.7686 0.0386841 1.773679
12 363.702 0.03824229 1.882001
13 389.7505 0.03758331 2.016791
14 420.2805 0.03684629 2.17477
15 455.0973 0.03609488 2.354932
16 493.0161 0.03544166 2.551146
17 533.5901 0.03490454 2.761099
18 576.2907 0.03448901 2.982056
19 620.5348 0.03419746 3.211
20 666.6601 0.033977 3.449678
21 714.5049 0.03381203 3.697254
22 763.686 0.03375459 3.951746
23 816.4401 0.03373896 4.224725
24 873.9653 0.03375751 4.522393
25 937.1599 0.03381702 4.849398
26 1005.871 0.03395716 5.204949
27 1081.018 0.03417128 5.5938
28 1162.192 0.03448682 6.013844
29 1249.095 0.03491755 6.46353
30 1341.313 0.0354683 6.940718
31 1442.053 0.03604665 7.462004
32 1562.759 0.04375538 8.086603
33 1708.951 0.044752 8.843083
34 1880.572 0.04495102 9.73115
35 2069.923 0.04587566 10.71096
36 2269.026 0.04803079 11.74123
37 2431.912 0.06132913 12.5841
38 2307.948 0.07969411 11.94264
39 2428.267 0.07236735 12.56523
40 2552.965 0.06626891 13.21049
41 2701.08 0.06321106 13.97692
42 2891.178 0.0611149 14.9606
43 3056.088 0.05510541 15.81394
44 3316.184 0.04693747 17.15982
45 3632.576 0.04286671 18.79701
46 3947.478 0.04097495 20.4265
47 4231.258 0.04068925 21.89494
48 4609.747 0.04027843 23.85345
49 4944.776 0.04170303 25.58708
50 5306.234 0.04444489 27.45747
51 5653.137 0.04673333 29.25254
52 6064.494 0.04853798 31.38114
53 6303.331 0.06494025 32.61702
54 6609.623 0.07481106 34.20195

Parameters: Estimate  Std. Error      z value    Pr(>|z^2|)
rval 0.09109923 0.0017224 52.89080816 0
logK 8.73173581 0.66936292 13.04484543 0
logK 10.53993248 0.30201321 34.89891268 0
logK 9.21672968 0.67475122 13.65944873 0
logK 10.22730216 0.44718077 22.87062149 0
logK 8.42740952 0.83467286 10.09666171 0
logBK 4.36710823 0.70067761 6.23269272 0
logBK 4.001361 0.31338925 12.76802235 0
logBK 4.47985509 0.69063435 6.48658015 0
logBK 5.14204525 0.45379503 11.33120656 0
logBK 4.67898988 0.83833705 5.58127534 2e-08
MixPars -1.8599364 0.29970523 -6.20588579 0
MixPars -2.97811826 0.22229851 -13.39693309 0
MixPars -0.8214073 0.12807587 -6.41344321 0
MixPars -1.39580656 0.09149306 -15.255874 0
MixPars -2.68079589 0.17210589 -15.5764329 0
MixPars -1.58187638 0.25425129 -6.2217044 0
MixPars -1.00336713 0.1832297 -5.47600697 4e-08
MixPars -1.63643274 0.28835424 -5.67507782 1e-08
MixPars -3.14326907 0.30036338 -10.46488789 0
MixPars -1.80735228 0.24862515 -7.26938635 0
MixPars -1.70433492 0.38295911 -4.45043579 8.57e-06
MixPars -1.66703445 0.33667315 -4.95149218 7.4e-07
MixPars -1.06063077 0.40437641 -2.62287991 0.008719
MixPars -1.35293894 0.25471825 -5.31151159 1.1e-07
MixPars 0.73691869 0.17784718 4.14355007 3.42e-05
MixPars -2.67835748 0.28256142 -9.4788506 0
AddV 0.1364479 0.07044834 1.93685061 0.05276361
AddV 0.01414406 0.00465548 3.03815263 0.00238033
AddV 0.02427421 0.01678552 1.4461398 0.14813799
SFsigma 1.10237723 0.15136774 7.2827751 0

Mixing matrix
0.86528954 0.13471046 0 0 0 0 ,# Asia
0.02816433 0.24341482 0.13705301 0.55345164 0.0379162 0 ,# Hawaii
0.10414131 0.50655107 0.18572332 0.09861195 0.02185339 0.08311896 ,# MX_AR
0.04474727 0.2460083 0.04644788 0.08517726 0.0635881 0.5140312 ,# MX_ML
0 0 0 0 0.06426258 0.93573742 ,# Central_Am

Split of breeding stock to feeding grounds over time
Split for: Asia
Year RUS+WAL EAL+BER GOA SEA+NBC SBC+WA OR+CA
1970 0.86639 0.13361 0 0 0 0
1971 0.86699 0.13301 0 0 0 0
1972 0.86433 0.13567 0 0 0 0
1973 0.86455 0.13545 0 0 0 0
1974 0.86474 0.13526 0 0 0 0
1975 0.86491 0.13509 0 0 0 0
1976 0.86507 0.13493 0 0 0 0
1977 0.86523 0.13477 0 0 0 0
1978 0.86538 0.13462 0 0 0 0
1979 0.86555 0.13445 0 0 0 0
1980 0.86571 0.13429 0 0 0 0
1981 0.86587 0.13413 0 0 0 0
1982 0.86602 0.13398 0 0 0 0
1983 0.86616 0.13384 0 0 0 0
1984 0.8663 0.1337 0 0 0 0
1985 0.86643 0.13357 0 0 0 0
1986 0.86657 0.13343 0 0 0 0
1987 0.8667 0.1333 0 0 0 0
1988 0.86684 0.13316 0 0 0 0
1989 0.86697 0.13303 0 0 0 0
1990 0.86711 0.13289 0 0 0 0
1991 0.86725 0.13275 0 0 0 0
1992 0.8674 0.1326 0 0 0 0
1993 0.86756 0.13244 0 0 0 0
1994 0.86773 0.13227 0 0 0 0
1995 0.86791 0.13209 0 0 0 0
1996 0.8681 0.1319 0 0 0 0
1997 0.8683 0.1317 0 0 0 0
1998 0.86858 0.13142 0 0 0 0
1999 0.86885 0.13115 0 0 0 0
2000 0.86909 0.13091 0 0 0 0
2001 0.86346 0.13654 0 0 0 0
2002 0.85791 0.14209 0 0 0 0
2003 0.85229 0.14771 0 0 0 0
2004 0.84543 0.15457 0 0 0 0
2005 0.84333 0.15667 0 0 0 0
2006 0.84428 0.15572 0 0 0 0
2007 0.84669 0.15331 0 0 0 0
2008 0.85039 0.14961 0 0 0 0
2009 0.85356 0.14644 0 0 0 0
2010 0.85823 0.14177 0 0 0 0
2011 0.85921 0.14079 0 0 0 0
2012 0.85956 0.14044 0 0 0 0
2013 0.86165 0.13835 0 0 0 0
2014 0.86155 0.13845 0 0 0 0
2015 0.86338 0.13662 0 0 0 0
2016 0.8821 0.1179 0 0 0 0
2017 0.89002 0.10998 0 0 0 0
2018 0.90685 0.09315 0 0 0 0
2019 0.92165 0.07835 0 0 0 0
2020 0.915 0.085 0 0 0 0
2021 0.90978 0.09022 0 0 0 0
2022 0.90258 0.09742 0 0 0 0
2023 0.89688 0.10312 0 0 0 0
2024 0.89812 0.10188 0 0 0 0
Split for: Hawaii
Year RUS+WAL EAL+BER GOA SEA+NBC SBC+WA OR+CA
1970 0.02858 0.2447 0.13571 0.55261 0.03839 0
1971 0.02879 0.2452 0.13642 0.55097 0.03862 0
1972 0.02824 0.24603 0.13703 0.54994 0.03877 0
1973 0.02836 0.24666 0.1375 0.54859 0.03889 0
1974 0.02847 0.24726 0.13795 0.54732 0.039 0
1975 0.02858 0.24786 0.13832 0.54613 0.03911 0
1976 0.0287 0.24847 0.13869 0.54497 0.03918 0
1977 0.02881 0.2491 0.13906 0.54378 0.03926 0
1978 0.02892 0.24972 0.13941 0.54262 0.03934 0
1979 0.02902 0.25028 0.13977 0.54151 0.03942 0
1980 0.02913 0.25084 0.14013 0.5404 0.0395 0
1981 0.02924 0.25145 0.14045 0.5393 0.03957 0
1982 0.02935 0.25208 0.14073 0.5382 0.03964 0
1983 0.02946 0.2527 0.14101 0.53712 0.03971 0
1984 0.02957 0.25334 0.14126 0.53607 0.03977 0
1985 0.02967 0.25391 0.14146 0.53512 0.03983 0
1986 0.02978 0.25456 0.14165 0.53411 0.0399 0
1987 0.0299 0.25532 0.14191 0.53289 0.03998 0
1988 0.03001 0.25596 0.14207 0.53191 0.04005 0
1989 0.03011 0.25646 0.14213 0.53122 0.04008 0
1990 0.03021 0.25701 0.14223 0.53043 0.04012 0
1991 0.03031 0.2576 0.14232 0.52959 0.04018 0
1992 0.03043 0.25825 0.14244 0.52864 0.04023 0
1993 0.03054 0.25878 0.14248 0.52794 0.04027 0
1994 0.03065 0.25939 0.14255 0.52708 0.04033 0
1995 0.03077 0.26 0.14261 0.52623 0.04038 0
1996 0.03091 0.26074 0.14271 0.52518 0.04046 0
1997 0.03105 0.26147 0.14277 0.52414 0.04057 0
1998 0.03121 0.26216 0.14285 0.5231 0.04068 0
1999 0.03138 0.26295 0.14295 0.52193 0.04078 0
2000 0.03154 0.26373 0.14296 0.52088 0.04089 0
2001 0.03107 0.27277 0.14166 0.51502 0.03949 0
2002 0.03003 0.27613 0.14155 0.51381 0.03848 0
2003 0.02896 0.27864 0.1416 0.51288 0.03792 0
2004 0.02862 0.29052 0.13914 0.50272 0.039 0
2005 0.02792 0.28792 0.14012 0.5051 0.03894 0
2006 0.02934 0.30036 0.1369 0.49239 0.04101 0
2007 0.02959 0.29747 0.13738 0.49425 0.0413 0
2008 0.03084 0.30119 0.13621 0.48948 0.04228 0
2009 0.03097 0.29495 0.13764 0.49394 0.04251 0
2010 0.03157 0.28951 0.13904 0.4968 0.04307 0
2011 0.03158 0.28724 0.13975 0.49867 0.04276 0
2012 0.03288 0.29825 0.13652 0.48776 0.04459 0
2013 0.03319 0.29588 0.13704 0.4888 0.04508 0
2014 0.0356 0.31762 0.13122 0.46769 0.04784 2e-05
2015 0.04289 0.37673 0.11481 0.40864 0.05693 0
2016 0.04687 0.34775 0.11955 0.42469 0.06114 0
2017 0.05453 0.37406 0.11018 0.39111 0.07012 0
2018 0.05955 0.33956 0.1156 0.40965 0.07564 0
2019 0.05888 0.27788 0.12955 0.45869 0.07499 0
2020 0.05715 0.29475 0.12702 0.44855 0.07253 0
2021 0.05983 0.32937 0.11817 0.4167 0.07593 0
2022 0.05688 0.34079 0.11742 0.41311 0.0718 0
2023 0.0558 0.35619 0.11489 0.40372 0.0694 0
2024 0.05561 0.35017 0.11642 0.40931 0.0685 0
Split for: MX_AR
Year RUS+WAL EAL+BER GOA SEA+NBC SBC+WA OR+CA
1970 0.10571 0.50932 0.18394 0.09848 0.02213 0.08043
1971 0.10618 0.50897 0.18439 0.09792 0.0222 0.08033
1972 0.10411 0.51058 0.18518 0.09771 0.02228 0.08014
1973 0.10436 0.51085 0.18544 0.09728 0.02231 0.07975
1974 0.10461 0.51125 0.18573 0.09689 0.02233 0.07917
1975 0.10486 0.5117 0.18595 0.09653 0.02236 0.0786
1976 0.1051 0.51216 0.18616 0.09618 0.02237 0.07804
1977 0.10534 0.51263 0.18635 0.09581 0.02238 0.07749
1978 0.10557 0.51311 0.18654 0.09546 0.02239 0.07693
1979 0.10581 0.51353 0.18675 0.09513 0.0224 0.07637
1980 0.10605 0.51399 0.18697 0.09481 0.02242 0.07576
1981 0.1063 0.5145 0.18713 0.09448 0.02242 0.07517
1982 0.10655 0.51504 0.18724 0.09415 0.02243 0.07459
1983 0.10679 0.51556 0.18734 0.09383 0.02244 0.07404
1984 0.10703 0.51607 0.18738 0.0935 0.02244 0.07359
1985 0.10725 0.51656 0.1874 0.09321 0.02244 0.07314
1986 0.10748 0.51709 0.18737 0.09289 0.02245 0.07271
1987 0.10773 0.51766 0.18735 0.0925 0.02245 0.07231
1988 0.10797 0.51817 0.18728 0.0922 0.02246 0.07192
1989 0.10818 0.51862 0.18716 0.09198 0.02245 0.0716
1990 0.1084 0.51903 0.18704 0.09172 0.02244 0.07137
1991 0.10863 0.51953 0.18691 0.09145 0.02244 0.07104
1992 0.10888 0.52002 0.18678 0.09114 0.02244 0.07073
1993 0.10913 0.52047 0.1866 0.09091 0.02243 0.07045
1994 0.10938 0.52091 0.18641 0.09063 0.02243 0.07024
1995 0.10964 0.52134 0.18621 0.09034 0.02243 0.07005
1996 0.10992 0.52179 0.18597 0.08998 0.02242 0.06992
1997 0.1102 0.52222 0.18568 0.08963 0.02244 0.06982
1998 0.11054 0.52255 0.18542 0.08927 0.02246 0.06976
1999 0.11088 0.52295 0.18513 0.08887 0.02246 0.0697
2000 0.1112 0.52331 0.18472 0.08849 0.02247 0.06981
2001 0.10809 0.534 0.18059 0.08633 0.02141 0.06959
2002 0.10422 0.53931 0.18002 0.08592 0.02081 0.06971
2003 0.10034 0.5433 0.1798 0.08562 0.02048 0.07046
2004 0.09707 0.55452 0.17294 0.08216 0.02062 0.0727
2005 0.09518 0.55241 0.17506 0.08297 0.02069 0.07369
2006 0.09745 0.56155 0.16666 0.07882 0.02124 0.07428
2007 0.09971 0.5641 0.16965 0.08025 0.02169 0.06461
2008 0.10296 0.56592 0.16665 0.07875 0.022 0.06371
2009 0.10447 0.55997 0.17016 0.08029 0.02235 0.06276
2010 0.10698 0.55211 0.17266 0.08112 0.02275 0.06439
2011 0.10696 0.54762 0.1735 0.0814 0.02258 0.06794
2012 0.10891 0.55596 0.16571 0.07785 0.02302 0.06854
2013 0.10982 0.55088 0.16615 0.07792 0.02325 0.07199
2014 0.11233 0.56397 0.15173 0.0711 0.02353 0.07734
2015 0.12036 0.59505 0.11809 0.05526 0.0249 0.08634
2016 0.13351 0.55755 0.12481 0.0583 0.02715 0.09868
2017 0.14466 0.55851 0.10713 0.05 0.029 0.11072
2018 0.16068 0.51563 0.11431 0.05326 0.03181 0.1243
2019 0.17194 0.45667 0.13864 0.06454 0.03413 0.13408
2020 0.16471 0.47806 0.13415 0.06229 0.03258 0.12821
2021 0.16267 0.50403 0.11776 0.0546 0.03218 0.12876
2022 0.15498 0.52262 0.11726 0.05424 0.03049 0.1204
2023 0.14991 0.53854 0.11311 0.05226 0.02906 0.11711
2024 0.14995 0.53142 0.11505 0.05319 0.02879 0.1216
Split for: MX_ML
Year RUS+WAL EAL+BER GOA SEA+NBC SBC+WA OR+CA
1970 0.04608 0.25096 0.04667 0.0863 0.06533 0.50465
1971 0.04632 0.25097 0.04682 0.08588 0.06559 0.50442
1972 0.04547 0.25204 0.04707 0.08579 0.0659 0.50372
1973 0.04569 0.25278 0.04725 0.08561 0.06613 0.50254
1974 0.04596 0.25388 0.0475 0.08558 0.06644 0.50065
1975 0.04623 0.25499 0.04772 0.08556 0.06676 0.49875
1976 0.0465 0.2561 0.04794 0.08554 0.06701 0.49692
1977 0.04676 0.25721 0.04815 0.0855 0.06727 0.49511
1978 0.04703 0.25835 0.04836 0.08549 0.06753 0.49324
1979 0.0473 0.25946 0.04859 0.08549 0.06781 0.49136
1980 0.04759 0.26068 0.04883 0.08552 0.06812 0.48927
1981 0.04788 0.2619 0.04905 0.08554 0.06838 0.48725
1982 0.04816 0.26312 0.04926 0.08555 0.06865 0.48527
1983 0.04844 0.2643 0.04946 0.08555 0.06892 0.48333
1984 0.04868 0.26533 0.04961 0.08549 0.06912 0.48177
1985 0.04892 0.26633 0.04976 0.08547 0.06932 0.48019
1986 0.04916 0.26733 0.04988 0.08541 0.06953 0.47868
1987 0.0494 0.26831 0.05001 0.08528 0.06972 0.47729
1988 0.04963 0.26925 0.05011 0.0852 0.06991 0.47589
1989 0.04983 0.27003 0.05018 0.08517 0.07004 0.47475
1990 0.05001 0.27066 0.05023 0.08506 0.07011 0.47393
1991 0.05022 0.27148 0.0503 0.08499 0.07026 0.47274
1992 0.05044 0.2723 0.05037 0.08488 0.0704 0.47161
1993 0.05064 0.27302 0.05041 0.08482 0.07051 0.47061
1994 0.05083 0.27363 0.05043 0.08467 0.07059 0.46985
1995 0.05102 0.27421 0.05043 0.08451 0.07067 0.46916
1996 0.0512 0.27469 0.05042 0.08425 0.07073 0.46871
1997 0.05136 0.2751 0.05037 0.08398 0.07083 0.46836
1998 0.05154 0.2754 0.05032 0.08368 0.07092 0.46814
1999 0.05172 0.27572 0.05027 0.08334 0.07096 0.46799
2000 0.05184 0.27575 0.05012 0.08294 0.07095 0.4684
2001 0.05058 0.28245 0.04919 0.08121 0.06785 0.46872
2002 0.0488 0.28544 0.04907 0.08088 0.066 0.46981
2003 0.0468 0.28642 0.04881 0.08028 0.06468 0.47301
2004 0.04462 0.28807 0.04626 0.07591 0.06417 0.48097
2005 0.04348 0.28524 0.04655 0.0762 0.06401 0.48453
2006 0.04428 0.28843 0.04408 0.072 0.06535 0.48585
2007 0.04807 0.3074 0.04761 0.07778 0.07082 0.44832
2008 0.04989 0.30992 0.047 0.0767 0.07219 0.44431
2009 0.0509 0.30838 0.04826 0.07864 0.07374 0.44008
2010 0.05155 0.30069 0.04842 0.07857 0.07423 0.44653
2011 0.05042 0.29179 0.04761 0.07714 0.07208 0.46095
2012 0.05107 0.29465 0.04523 0.07338 0.07309 0.46258
2013 0.05039 0.2857 0.04437 0.07187 0.07224 0.47542
2014 0.04985 0.28288 0.03919 0.06343 0.07071 0.49394
2015 0.05049 0.28212 0.02883 0.0466 0.07074 0.52122
2016 0.0522 0.24639 0.0284 0.04582 0.07189 0.55529
2017 0.05301 0.23135 0.02285 0.03684 0.07197 0.58398
2018 0.055 0.19949 0.02277 0.03665 0.07375 0.61235
2019 0.0562 0.16871 0.02638 0.04241 0.07555 0.63075
2020 0.05538 0.18168 0.02625 0.0421 0.07418 0.6204
2021 0.05456 0.19106 0.02299 0.03681 0.07309 0.62149
2022 0.05415 0.20638 0.02385 0.0381 0.07215 0.60539
2023 0.05332 0.21648 0.02341 0.03736 0.06999 0.59944
2024 0.05226 0.20932 0.02334 0.03726 0.06794 0.60989
Split for: Central_Am
Year RUS+WAL EAL+BER GOA SEA+NBC SBC+WA OR+CA
1970 0 0 0 0 0.06705 0.93295
1971 0 0 0 0 0.06733 0.93267
1972 0 0 0 0 0.06772 0.93228
1973 0 0 0 0 0.06808 0.93192
1974 0 0 0 0 0.06862 0.93138
1975 0 0 0 0 0.06917 0.93083
1976 0 0 0 0 0.06965 0.93035
1977 0 0 0 0 0.07014 0.92986
1978 0 0 0 0 0.07064 0.92936
1979 0 0 0 0 0.07116 0.92884
1980 0 0 0 0 0.07175 0.92825
1981 0 0 0 0 0.07228 0.92772
1982 0 0 0 0 0.07282 0.92718
1983 0 0 0 0 0.07336 0.92664
1984 0 0 0 0 0.07377 0.92623
1985 0 0 0 0 0.0742 0.9258
1986 0 0 0 0 0.07462 0.92538
1987 0 0 0 0 0.07501 0.92499
1988 0 0 0 0 0.0754 0.9246
1989 0 0 0 0 0.0757 0.9243
1990 0 0 0 0 0.0759 0.9241
1991 0 0 0 0 0.07622 0.92378
1992 0 0 0 0 0.07653 0.92347
1993 0 0 0 0 0.07679 0.92321
1994 0 0 0 0 0.07699 0.92301
1995 0 0 0 0 0.07717 0.92283
1996 0 0 0 0 0.0773 0.9227
1997 0 0 0 0 0.07745 0.92255
1998 0 0 0 0 0.07758 0.92242
1999 0 0 0 0 0.07764 0.92236
2000 0 0 0 0 0.07756 0.92244
2001 0 0 0 0 0.07438 0.92562
2002 0 0 0 0 0.07235 0.92765
2003 0 0 0 0 0.07055 0.92945
2004 0 0 0 0 0.06896 0.93104
2005 0 0 0 0 0.06833 0.93167
2006 0 0 0 0 0.06948 0.93052
2007 0 0 0 0 0.08062 0.91938
2008 0 0 0 0 0.08274 0.91726
2009 0 0 0 0 0.08511 0.91489
2010 0 0 0 0 0.08449 0.91551
2011 0 0 0 0 0.07988 0.92012
2012 0 0 0 0 0.08065 0.91935
2013 0 0 0 0 0.07779 0.92221
2014 0 0 0 0 0.07362 0.92638
2015 0 0 0 0 0.07007 0.92993
2016 0 0 0 0 0.06705 0.93295
2017 0 0 0 0 0.06404 0.93596
2018 0 0 0 0 0.06267 0.93733
2019 0 0 0 0 0.06235 0.93765
2020 0 0 0 0 0.06225 0.93775
2021 0 0 0 0 0.06129 0.93871
2022 0 0 0 0 0.06206 0.93794
2023 0 0 0 0 0.06087 0.93913
2024 0 0 0 0 0.05825 0.94175

Difference in mortality over time
Difference for: Asia
Year RUS+WAL EAL+BER GOA SEA+NBC SBC+WA OR+CA
1970 0 0 0 0 0 0
1971 0 0 0 0 0 0
1972 0 0 0 0 0 0
1973 0 0 0 0 0 0
1974 0 0 0 0 0 0
1975 0 0 0 0 0 0
1976 0 0 0 0 0 0
1977 0 0 0 0 0 0
1978 0 0 0 0 0 0
1979 0 0 0 0 0 0
1980 0 0 0 0 0 0
1981 0 0 0 0 0 0
1982 0 0 0 0 0 0
1983 0 0 0 0 0 0
1984 0 0 0 0 0 0
1985 0 0 0 0 0 0
1986 0 0 0 0 0 0
1987 0 0 0 0 0 0
1988 0 0 0 0 0 0
1989 0 0 0 0 0 0
1990 0 0 0 0 0 0
1991 0 0 0 0 0 0
1992 0 0 0 0 0 0
1993 0 0 0 0 0 0
1994 0 0 0 0 0 0
1995 0 0 0 0 0 0
1996 0 0 0 0 0 0
1997 0 0 0 0 0 0
1998 0 0 0 0 0 0
1999 0 0 0 0 0 0
2000 -8 3 0 0 0 0
2001 -9 3 0 0 0 0
2002 -11 3 0 0 0 0
2003 -23 3 0 0 0 0
2004 -13 4 0 0 0 0
2005 -1 3 0 0 0 0
2006 5 3 0 0 0 0
2007 3 2 0 0 0 0
2008 1 1 0 0 0 0
2009 -1 -4 0 0 0 0
2010 3 1 0 0 0 0
2011 3 1 0 0 0 0
2012 -1 -3 0 0 0 0
2013 1 -1 0 0 0 0
2014 1 -1 0 0 0 0
2015 -6 -40 0 0 0 0
2016 -10 -21 0 0 0 0
2017 -11 -48 0 0 0 0
2018 -11 -46 0 0 0 0
2019 -6 -4 0 0 0 0
2020 -2 -2 0 0 0 0
2021 0 0 0 0 0 0
2022 0 0 0 0 0 0
2023 0 0 0 0 0 0
Difference for: Hawaii
Year RUS+WAL EAL+BER GOA SEA+NBC SBC+WA OR+CA
1970 0 0 0 0 0 0
1971 0 0 0 0 0 0
1972 0 0 0 0 0 0
1973 0 0 0 0 0 0
1974 0 0 0 0 0 0
1975 0 0 0 0 0 0
1976 0 0 0 0 0 0
1977 0 0 0 0 0 0
1978 0 0 0 0 0 0
1979 0 0 0 0 0 0
1980 0 0 0 0 0 0
1981 0 0 0 0 0 0
1982 0 0 0 0 0 0
1983 0 0 0 0 0 0
1984 0 0 0 0 0 0
1985 0 0 0 0 0 0
1986 0 0 0 0 0 0
1987 0 0 0 0 0 0
1988 0 0 0 0 0 0
1989 0 0 0 0 0 0
1990 0 0 0 0 0 0
1991 0 0 0 0 0 0
1992 0 0 0 0 0 0
1993 0 0 0 0 0 0
1994 0 0 0 0 0 0
1995 0 0 0 0 0 0
1996 0 0 0 0 0 0
1997 0 0 0 0 0 0
1998 0 0 0 0 0 0
1999 0 0 0 0 0 0
2000 -3 54 -3 -12 -8 0
2001 -3 61 21 77 -2 0
2002 -4 68 27 98 1 0
2003 -8 67 -32 -117 3 0
2004 -5 75 34 122 3 0
2005 0 67 -59 -213 6 0
2006 2 66 37 132 7 0
2007 1 39 -52 -187 7 0
2008 0 19 48 172 6 0
2009 0 -80 -31 -111 5 0
2010 1 11 45 162 6 0
2011 1 15 -130 -466 6 0
2012 0 -69 25 90 3 0
2013 0 -27 -255 -912 0 0
2014 0 -32 -747 -2664 -3 0
2015 -2 -903 -177 -631 -10 0
2016 -4 -492 -486 -1728 -10 0
2017 -5 -1095 -184 -653 -4 0
2018 -5 -1065 -10 -36 -2 0
2019 -2 -90 -54 -193 2 0
2020 -1 -40 -309 -1090 5 0
2021 0 0 0 0 4 0
2022 0 0 0 0 2 0
2023 0 0 0 0 0 0
Difference for: MX_AR
Year RUS+WAL EAL+BER GOA SEA+NBC SBC+WA OR+CA
1970 0 0 0 0 0 0
1971 0 0 0 0 0 0
1972 0 0 0 0 0 0
1973 0 0 0 0 0 0
1974 0 0 0 0 0 0
1975 0 0 0 0 0 0
1976 0 0 0 0 0 0
1977 0 0 0 0 0 0
1978 0 0 0 0 0 0
1979 0 0 0 0 0 0
1980 0 0 0 0 0 0
1981 0 0 0 0 0 0
1982 0 0 0 0 0 0
1983 0 0 0 0 0 0
1984 0 0 0 0 0 0
1985 0 0 0 0 0 0
1986 0 0 0 0 0 0
1987 0 0 0 0 0 0
1988 0 0 0 0 0 0
1989 0 0 0 0 0 0
1990 0 0 0 0 0 0
1991 0 0 0 0 0 0
1992 0 0 0 0 0 0
1993 0 0 0 0 0 0
1994 0 0 0 0 0 0
1995 0 0 0 0 0 0
1996 0 0 0 0 0 0
1997 0 0 0 0 0 0
1998 0 0 0 0 0 0
1999 0 0 0 0 0 0
2000 -2 19 -1 0 -1 1
2001 -2 21 5 2 0 2
2002 -3 23 6 3 0 3
2003 -5 23 -7 -3 0 3
2004 -3 26 8 4 0 3
2005 0 23 -13 -6 1 0
2006 1 23 8 4 1 -19
2007 1 14 -12 -6 1 -3
2008 0 7 11 5 1 -4
2009 0 -28 -7 -3 0 -2
2010 1 4 10 5 1 -1
2011 1 5 -29 -14 1 -4
2012 0 -24 6 3 0 1
2013 0 -9 -58 -27 0 5
2014 0 -11 -168 -79 0 8
2015 -1 -313 -40 -19 -1 9
2016 -3 -170 -110 -51 -1 8
2017 -3 -379 -41 -19 0 8
2018 -3 -369 -2 -1 0 5
2019 -1 -31 -12 -6 0 2
2020 0 -14 -70 -32 0 6
2021 0 0 0 0 0 -6
2022 0 0 0 0 0 -3
2023 0 0 0 0 0 0
Difference for: MX_ML
Year RUS+WAL EAL+BER GOA SEA+NBC SBC+WA OR+CA
1970 0 0 0 0 0 0
1971 0 0 0 0 0 0
1972 0 0 0 0 0 0
1973 0 0 0 0 0 0
1974 0 0 0 0 0 0
1975 0 0 0 0 0 0
1976 0 0 0 0 0 0
1977 0 0 0 0 0 0
1978 0 0 0 0 0 0
1979 0 0 0 0 0 0
1980 0 0 0 0 0 0
1981 0 0 0 0 0 0
1982 0 0 0 0 0 0
1983 0 0 0 0 0 0
1984 0 0 0 0 0 0
1985 0 0 0 0 0 0
1986 0 0 0 0 0 0
1987 0 0 0 0 0 0
1988 0 0 0 0 0 0
1989 0 0 0 0 0 0
1990 0 0 0 0 0 0
1991 0 0 0 0 0 0
1992 0 0 0 0 0 0
1993 0 0 0 0 0 0
1994 0 0 0 0 0 0
1995 0 0 0 0 0 0
1996 0 0 0 0 0 0
1997 0 0 0 0 0 0
1998 0 0 0 0 0 0
1999 0 0 0 0 0 0
2000 -1 11 0 0 -3 6
2001 -1 13 1 2 -1 14
2002 -1 14 2 3 0 21
2003 -3 14 -2 -4 1 24
2004 -2 16 2 4 1 25
2005 0 14 -4 -7 2 4
2006 1 14 3 4 3 -146
2007 0 8 -4 -6 2 -23
2008 0 4 3 5 2 -28
2009 0 -17 -2 -4 2 -16
2010 0 2 3 5 2 -9
2011 0 3 -9 -15 2 -28
2012 0 -14 2 3 1 6
2013 0 -6 -18 -29 0 39
2014 0 -7 -51 -83 -1 57
2015 -1 -185 -12 -20 -3 65
2016 -1 -100 -33 -54 -3 60
2017 -1 -223 -13 -20 -1 57
2018 -1 -216 -1 -1 -1 39
2019 -1 -18 -4 -6 1 15
2020 0 -8 -21 -33 2 47
2021 0 0 0 0 1 -47
2022 0 0 0 0 1 -24
2023 0 0 0 0 0 0
Difference for: Central_Am
Year RUS+WAL EAL+BER GOA SEA+NBC SBC+WA OR+CA
1970 0 0 0 0 0 0
1971 0 0 0 0 0 0
1972 0 0 0 0 0 0
1973 0 0 0 0 0 0
1974 0 0 0 0 0 0
1975 0 0 0 0 0 0
1976 0 0 0 0 0 0
1977 0 0 0 0 0 0
1978 0 0 0 0 0 0
1979 0 0 0 0 0 0
1980 0 0 0 0 0 0
1981 0 0 0 0 0 0
1982 0 0 0 0 0 0
1983 0 0 0 0 0 0
1984 0 0 0 0 0 0
1985 0 0 0 0 0 0
1986 0 0 0 0 0 0
1987 0 0 0 0 0 0
1988 0 0 0 0 0 0
1989 0 0 0 0 0 0
1990 0 0 0 0 0 0
1991 0 0 0 0 0 0
1992 0 0 0 0 0 0
1993 0 0 0 0 0 0
1994 0 0 0 0 0 0
1995 0 0 0 0 0 0
1996 0 0 0 0 0 0
1997 0 0 0 0 0 0
1998 0 0 0 0 0 0
1999 0 0 0 0 0 0
2000 0 0 0 0 -1 3
2001 0 0 0 0 0 6
2002 0 0 0 0 0 10
2003 0 0 0 0 0 11
2004 0 0 0 0 0 12
2005 0 0 0 0 1 2
2006 0 0 0 0 1 -69
2007 0 0 0 0 1 -11
2008 0 0 0 0 1 -13
2009 0 0 0 0 0 -7
2010 0 0 0 0 1 -4
2011 0 0 0 0 1 -13
2012 0 0 0 0 0 3
2013 0 0 0 0 0 18
2014 0 0 0 0 0 27
2015 0 0 0 0 -1 31
2016 0 0 0 0 -1 28
2017 0 0 0 0 0 27
2018 0 0 0 0 0 18
2019 0 0 0 0 0 7
2020 0 0 0 0 0 22
2021 0 0 0 0 0 -22
2022 0 0 0 0 0 -11
2023 0 0 0 0 0 0

Total survival over time
Values for breeding stock: Asia
Year RUS+WAL EAL+BER GOA SEA+NBC SBC+WA OR+CA
1970 0.997 0.987 0 0 0 0
1971 1.282 1.276 0 0 0 0
1972 1.189 1.217 0 0 0 0
1973 1.177 1.175 0 0 0 0
1974 1.148 1.146 0 0 0 0
1975 1.126 1.125 0 0 0 0
1976 1.11 1.108 0 0 0 0
1977 1.096 1.095 0 0 0 0
1978 1.085 1.084 0 0 0 0
1979 1.076 1.075 0 0 0 0
1980 1.068 1.066 0 0 0 0
1981 1.088 1.086 0 0 0 0
1982 1.101 1.1 0 0 0 0
1983 1.11 1.109 0 0 0 0
1984 1.114 1.113 0 0 0 0
1985 1.115 1.114 0 0 0 0
1986 1.114 1.113 0 0 0 0
1987 1.112 1.11 0 0 0 0
1988 1.108 1.107 0 0 0 0
1989 1.104 1.103 0 0 0 0
1990 1.099 1.098 0 0 0 0
1991 1.097 1.096 0 0 0 0
1992 1.097 1.096 0 0 0 0
1993 1.098 1.096 0 0 0 0
1994 1.099 1.097 0 0 0 0
1995 1.1 1.099 0 0 0 0
1996 1.101 1.099 0 0 0 0
1997 1.101 1.099 0 0 0 0
1998 1.101 1.098 0 0 0 0
1999 1.1 1.098 0 0 0 0
2000 1.087 1.12 0 0 0 0
2001 1.087 1.114 0 0 0 0
2002 1.084 1.111 0 0 0 0
2003 1.072 1.105 0 0 0 0
2004 1.085 1.103 0 0 0 0
2005 1.096 1.096 0 0 0 0
2006 1.099 1.093 0 0 0 0
2007 1.095 1.084 0 0 0 0
2008 1.092 1.078 0 0 0 0
2009 1.089 1.058 0 0 0 0
2010 1.089 1.078 0 0 0 0
2011 1.087 1.077 0 0 0 0
2012 1.082 1.061 0 0 0 0
2013 1.075 1.062 0 0 0 0
2014 1.087 1.074 0 0 0 0
2015 1.05 0.917 0 0 0 0
2016 1.074 1.009 0 0 0 0
2017 1.073 0.912 0 0 0 0
2018 1.07 0.91 0 0 0 0
2019 1.076 1.119 0 0 0 0
2020 1.067 1.098 0 0 0 0
2021 1.065 1.096 0 0 0 0
2022 1.062 1.087 0 0 0 0
2023 1.059 1.079 0 0 0 0
Values for breeding stock: Hawaii
Year RUS+WAL EAL+BER GOA SEA+NBC SBC+WA OR+CA
1970 1.008 0.998 0.983 0.992 1.006 0
1971 1.293 1.287 1.292 1.282 1.291 0
1972 1.199 1.227 1.228 1.22 1.228 0
1973 1.187 1.185 1.186 1.179 1.185 0
1974 1.157 1.155 1.156 1.15 1.156 0
1975 1.135 1.133 1.133 1.128 1.134 0
1976 1.118 1.116 1.117 1.111 1.116 0
1977 1.104 1.103 1.103 1.098 1.102 0
1978 1.093 1.092 1.092 1.087 1.091 0
1979 1.084 1.083 1.083 1.078 1.082 0
1980 1.077 1.075 1.076 1.071 1.075 0
1981 1.096 1.095 1.095 1.09 1.094 0
1982 1.11 1.109 1.108 1.104 1.108 0
1983 1.119 1.117 1.117 1.113 1.117 0
1984 1.123 1.122 1.121 1.117 1.12 0
1985 1.124 1.123 1.122 1.118 1.122 0
1986 1.123 1.121 1.12 1.117 1.121 0
1987 1.12 1.119 1.117 1.113 1.117 0
1988 1.116 1.115 1.113 1.11 1.114 0
1989 1.112 1.11 1.109 1.107 1.109 0
1990 1.107 1.106 1.104 1.102 1.104 0
1991 1.105 1.104 1.102 1.1 1.103 0
1992 1.105 1.104 1.102 1.099 1.102 0
1993 1.106 1.104 1.103 1.101 1.103 0
1994 1.107 1.105 1.104 1.101 1.104 0
1995 1.108 1.106 1.105 1.102 1.105 0
1996 1.109 1.107 1.105 1.102 1.106 0
1997 1.109 1.107 1.105 1.102 1.107 0
1998 1.108 1.106 1.104 1.101 1.106 0
1999 1.107 1.105 1.103 1.1 1.104 0
2000 1.095 1.128 1.099 1.096 1.079 0
2001 1.095 1.122 1.116 1.113 1.102 0
2002 1.092 1.119 1.113 1.112 1.106 0
2003 1.08 1.113 1.071 1.069 1.105 0
2004 1.093 1.111 1.116 1.113 1.103 0
2005 1.104 1.104 1.056 1.054 1.104 0
2006 1.107 1.101 1.114 1.111 1.104 0
2007 1.103 1.092 1.06 1.06 1.106 0
2008 1.1 1.086 1.113 1.112 1.09 0
2009 1.097 1.065 1.07 1.069 1.098 0
2010 1.097 1.086 1.104 1.099 1.09 0
2011 1.095 1.085 1.031 1.029 1.085 0
2012 1.09 1.069 1.095 1.096 1.089 0
2013 1.089 1.076 0.99 0.988 1.083 0
2014 1.087 1.074 0.814 0.813 1.075 0
2015 1.082 0.945 1.044 1.042 1.066 0
2016 1.079 1.013 0.88 0.878 1.068 0
2017 1.078 0.916 1.043 1.042 1.071 0
2018 1.077 0.916 1.135 1.133 1.061 0
2019 1.078 1.121 1.086 1.085 1.074 0
2020 1.077 1.109 0.95 0.947 1.067 0
2021 1.075 1.107 1.136 1.134 1.068 0
2022 1.072 1.098 1.112 1.109 1.066 0
2023 1.069 1.09 1.097 1.096 1.056 0
Values for breeding stock: MX_AR
Year RUS+WAL EAL+BER GOA SEA+NBC SBC+WA OR+CA
1970 1.008 0.998 0.983 0.992 1.006 0.961
1971 1.293 1.287 1.292 1.282 1.291 1.283
1972 1.199 1.227 1.228 1.22 1.228 1.22
1973 1.187 1.185 1.186 1.179 1.185 1.179
1974 1.157 1.155 1.156 1.15 1.156 1.146
1975 1.135 1.133 1.134 1.128 1.134 1.124
1976 1.118 1.116 1.117 1.111 1.116 1.107
1977 1.104 1.103 1.103 1.098 1.102 1.094
1978 1.093 1.092 1.092 1.087 1.091 1.083
1979 1.084 1.083 1.083 1.078 1.083 1.074
1980 1.077 1.075 1.076 1.071 1.075 1.065
1981 1.096 1.095 1.095 1.09 1.094 1.085
1982 1.11 1.109 1.109 1.104 1.108 1.099
1983 1.119 1.117 1.117 1.113 1.117 1.108
1984 1.123 1.122 1.121 1.117 1.121 1.113
1985 1.124 1.123 1.122 1.118 1.122 1.115
1986 1.123 1.121 1.12 1.117 1.121 1.113
1987 1.12 1.119 1.117 1.113 1.117 1.111
1988 1.116 1.115 1.113 1.11 1.114 1.107
1989 1.112 1.11 1.109 1.107 1.109 1.104
1990 1.107 1.106 1.104 1.102 1.104 1.1
1991 1.105 1.104 1.102 1.1 1.103 1.097
1992 1.105 1.104 1.102 1.099 1.102 1.097
1993 1.106 1.104 1.103 1.101 1.103 1.098
1994 1.107 1.105 1.104 1.101 1.104 1.1
1995 1.108 1.106 1.105 1.102 1.105 1.101
1996 1.109 1.107 1.105 1.102 1.106 1.103
1997 1.109 1.107 1.105 1.102 1.107 1.103
1998 1.108 1.106 1.104 1.101 1.106 1.103
1999 1.107 1.105 1.103 1.1 1.104 1.102
2000 1.095 1.128 1.099 1.096 1.079 1.111
2001 1.095 1.122 1.116 1.113 1.102 1.116
2002 1.092 1.119 1.113 1.112 1.106 1.12
2003 1.08 1.113 1.071 1.069 1.105 1.117
2004 1.093 1.111 1.116 1.113 1.103 1.115
2005 1.104 1.104 1.056 1.054 1.104 1.094
2006 1.108 1.101 1.114 1.111 1.104 0.983
2007 1.103 1.092 1.06 1.06 1.106 1.097
2008 1.1 1.086 1.113 1.112 1.09 1.087
2009 1.097 1.065 1.07 1.069 1.098 1.097
2010 1.097 1.086 1.104 1.099 1.09 1.096
2011 1.095 1.085 1.031 1.029 1.085 1.088
2012 1.09 1.069 1.095 1.096 1.089 1.113
2013 1.089 1.076 0.99 0.988 1.083 1.13
2014 1.087 1.074 0.814 0.813 1.075 1.12
2015 1.082 0.945 1.044 1.042 1.066 1.101
2016 1.079 1.013 0.88 0.878 1.068 1.079
2017 1.078 0.916 1.043 1.042 1.071 1.099
2018 1.077 0.916 1.135 1.133 1.061 1.079
2019 1.078 1.121 1.086 1.085 1.074 1.081
2020 1.077 1.109 0.95 0.947 1.067 1.098
2021 1.075 1.107 1.136 1.134 1.068 1.061
2022 1.072 1.098 1.112 1.109 1.066 1.074
2023 1.07 1.09 1.097 1.096 1.056 1.082
Values for breeding stock: MX_ML
Year RUS+WAL EAL+BER GOA SEA+NBC SBC+WA OR+CA
1970 1.001 0.992 0.977 0.985 0.999 0.955
1971 1.286 1.279 1.284 1.275 1.284 1.276
1972 1.193 1.22 1.222 1.214 1.221 1.214
1973 1.181 1.179 1.18 1.173 1.18 1.173
1974 1.152 1.15 1.151 1.144 1.15 1.141
1975 1.13 1.128 1.128 1.123 1.129 1.119
1976 1.113 1.111 1.112 1.106 1.111 1.102
1977 1.1 1.098 1.099 1.093 1.098 1.089
1978 1.089 1.087 1.088 1.083 1.087 1.078
1979 1.08 1.078 1.079 1.074 1.078 1.069
1980 1.072 1.071 1.071 1.066 1.07 1.061
1981 1.092 1.09 1.09 1.086 1.089 1.08
1982 1.106 1.104 1.104 1.099 1.103 1.094
1983 1.114 1.113 1.113 1.108 1.112 1.103
1984 1.119 1.117 1.116 1.112 1.116 1.109
1985 1.12 1.118 1.118 1.114 1.117 1.11
1986 1.119 1.117 1.116 1.113 1.116 1.109
1987 1.116 1.115 1.113 1.109 1.113 1.107
1988 1.112 1.111 1.11 1.106 1.11 1.103
1989 1.108 1.107 1.105 1.103 1.105 1.1
1990 1.103 1.102 1.101 1.098 1.101 1.097
1991 1.101 1.1 1.099 1.096 1.099 1.093
1992 1.101 1.1 1.098 1.096 1.099 1.093
1993 1.102 1.101 1.099 1.097 1.099 1.095
1994 1.103 1.102 1.1 1.098 1.101 1.097
1995 1.104 1.103 1.101 1.099 1.102 1.098
1996 1.105 1.104 1.102 1.099 1.102 1.1
1997 1.105 1.104 1.102 1.099 1.104 1.1
1998 1.105 1.103 1.101 1.098 1.103 1.1
1999 1.104 1.102 1.1 1.097 1.101 1.099
2000 1.092 1.125 1.096 1.093 1.076 1.108
2001 1.092 1.119 1.113 1.11 1.099 1.113
2002 1.089 1.116 1.111 1.109 1.103 1.117
2003 1.077 1.111 1.069 1.066 1.103 1.115
2004 1.091 1.109 1.113 1.11 1.1 1.112
2005 1.102 1.102 1.054 1.051 1.101 1.091
2006 1.105 1.099 1.112 1.109 1.101 0.981
2007 1.1 1.089 1.058 1.058 1.104 1.095
2008 1.097 1.084 1.11 1.109 1.087 1.084
2009 1.094 1.063 1.068 1.066 1.095 1.094
2010 1.095 1.083 1.102 1.097 1.087 1.093
2011 1.092 1.082 1.028 1.027 1.082 1.086
2012 1.088 1.066 1.092 1.093 1.086 1.11
2013 1.086 1.074 0.988 0.986 1.081 1.127
2014 1.084 1.071 0.812 0.811 1.073 1.117
2015 1.079 0.943 1.041 1.039 1.063 1.098
2016 1.077 1.011 0.878 0.876 1.065 1.076
2017 1.075 0.914 1.041 1.039 1.069 1.096
2018 1.074 0.914 1.132 1.13 1.058 1.076
2019 1.075 1.118 1.084 1.083 1.072 1.079
2020 1.073 1.104 0.946 0.943 1.062 1.094
2021 1.073 1.105 1.133 1.132 1.066 1.059
2022 1.071 1.096 1.11 1.107 1.064 1.072
2023 1.067 1.087 1.094 1.093 1.053 1.079
Values for breeding stock: Central_Am
Year RUS+WAL EAL+BER GOA SEA+NBC SBC+WA OR+CA
1970 0 0 0 0 0.999 0.954
1971 0 0 0 0 1.284 1.276
1972 0 0 0 0 1.222 1.214
1973 0 0 0 0 1.179 1.172
1974 0 0 0 0 1.15 1.14
1975 0 0 0 0 1.128 1.119
1976 0 0 0 0 1.111 1.102
1977 0 0 0 0 1.098 1.089
1978 0 0 0 0 1.086 1.078
1979 0 0 0 0 1.077 1.069
1980 0 0 0 0 1.07 1.061
1981 0 0 0 0 1.089 1.08
1982 0 0 0 0 1.103 1.094
1983 0 0 0 0 1.112 1.103
1984 0 0 0 0 1.116 1.109
1985 0 0 0 0 1.117 1.11
1986 0 0 0 0 1.116 1.109
1987 0 0 0 0 1.113 1.107
1988 0 0 0 0 1.109 1.103
1989 0 0 0 0 1.105 1.1
1990 0 0 0 0 1.1 1.097
1991 0 0 0 0 1.099 1.093
1992 0 0 0 0 1.099 1.093
1993 0 0 0 0 1.099 1.094
1994 0 0 0 0 1.1 1.096
1995 0 0 0 0 1.101 1.098
1996 0 0 0 0 1.102 1.099
1997 0 0 0 0 1.103 1.1
1998 0 0 0 0 1.103 1.1
1999 0 0 0 0 1.101 1.099
2000 0 0 0 0 1.076 1.108
2001 0 0 0 0 1.099 1.113
2002 0 0 0 0 1.103 1.117
2003 0 0 0 0 1.102 1.114
2004 0 0 0 0 1.1 1.112
2005 0 0 0 0 1.101 1.091
2006 0 0 0 0 1.101 0.981
2007 0 0 0 0 1.104 1.095
2008 0 0 0 0 1.087 1.084
2009 0 0 0 0 1.095 1.094
2010 0 0 0 0 1.087 1.093
2011 0 0 0 0 1.082 1.086
2012 0 0 0 0 1.086 1.11
2013 0 0 0 0 1.081 1.127
2014 0 0 0 0 1.073 1.117
2015 0 0 0 0 1.064 1.098
2016 0 0 0 0 1.066 1.077
2017 0 0 0 0 1.069 1.097
2018 0 0 0 0 1.059 1.077
2019 0 0 0 0 1.073 1.08
2020 0 0 0 0 1.064 1.095
2021 0 0 0 0 1.066 1.059
2022 0 0 0 0 1.064 1.072
2023 0 0 0 0 1.054 1.08

Numbers over time by herd
Values for breeding stock: Asia
Year RUS+WAL EAL+BER GOA SEA+NBC SBC+WA OR+CA
1970 13 2 0 0 0 0
1971 33 5 0 0 0 0
1972 47 7 0 0 0 0
1973 61 10 0 0 0 0
1974 74 12 0 0 0 0
1975 86 13 0 0 0 0
1976 86 13 0 0 0 0
1977 85 13 0 0 0 0
1978 84 13 0 0 0 0
1979 83 13 0 0 0 0
1980 82 13 0 0 0 0
1981 86 13 0 0 0 0
1982 94 15 0 0 0 0
1983 105 16 0 0 0 0
1984 118 18 0 0 0 0
1985 134 21 0 0 0 0
1986 149 23 0 0 0 0
1987 163 25 0 0 0 0
1988 176 27 0 0 0 0
1989 187 29 0 0 0 0
1990 198 30 0 0 0 0
1991 210 32 0 0 0 0
1992 222 34 0 0 0 0
1993 236 36 0 0 0 0
1994 253 39 0 0 0 0
1995 272 41 0 0 0 0
1996 294 45 0 0 0 0
1997 317 48 0 0 0 0
1998 342 52 0 0 0 0
1999 368 56 0 0 0 0
2000 395 59 0 0 0 0
2001 415 66 0 0 0 0
2002 436 72 0 0 0 0
2003 455 79 0 0 0 0
2004 468 86 0 0 0 0
2005 492 91 0 0 0 0
2006 527 97 0 0 0 0
2007 568 103 0 0 0 0
2008 613 108 0 0 0 0
2009 653 112 0 0 0 0
2010 688 114 0 0 0 0
2011 725 119 0 0 0 0
2012 762 125 0 0 0 0
2013 793 127 0 0 0 0
2014 836 134 0 0 0 0
2015 853 135 0 0 0 0
2016 889 119 0 0 0 0
2017 924 114 0 0 0 0
2018 959 98 0 0 0 0
2019 997 85 0 0 0 0
2020 1033 96 0 0 0 0
2021 1068 106 0 0 0 0
2022 1102 119 0 0 0 0
2023 1131 130 0 0 0 0
Values for breeding stock: Hawaii
Year RUS+WAL EAL+BER GOA SEA+NBC SBC+WA OR+CA
1970 4 33 18 74 5 0
1971 10 81 45 182 13 0
1972 14 120 67 267 19 0
1973 18 156 87 347 25 0
1974 22 191 107 423 30 0
1975 26 225 125 495 35 0
1976 26 224 125 491 35 0
1977 26 223 125 487 35 0
1978 26 222 124 483 35 0
1979 26 222 124 480 35 0
1980 26 221 123 476 35 0
1981 27 233 130 500 37 0
1982 30 255 143 545 40 0
1983 33 287 160 609 45 0
1984 38 326 182 689 51 0
1985 43 372 207 783 58 0
1986 49 415 231 872 65 0
1987 53 457 254 953 72 0
1988 58 496 275 1030 78 0
1989 62 532 295 1102 83 0
1990 67 567 314 1169 88 0
1991 71 602 333 1238 94 0
1992 76 642 354 1314 100 0
1993 81 687 378 1401 107 0
1994 87 739 406 1502 115 0
1995 95 801 439 1620 124 0
1996 103 869 476 1751 135 0
1997 112 944 515 1892 146 0
1998 122 1023 557 2041 159 0
1999 132 1105 601 2194 171 0
2000 142 1190 645 2351 185 0
2001 151 1324 688 2501 192 0
2002 159 1465 751 2727 204 0
2003 168 1614 820 2971 220 0
2004 174 1763 844 3051 237 0
2005 184 1898 923 3329 257 0
2006 198 2031 926 3329 277 0
2007 216 2167 1001 3601 301 0
2008 234 2288 1035 3718 321 0
2009 251 2394 1117 4010 345 0
2010 267 2448 1175 4200 364 0
2011 283 2576 1253 4473 384 0
2012 300 2723 1246 4453 407 0
2013 316 2818 1305 4656 429 0
2014 333 2973 1228 4378 448 0
2015 351 3080 939 3340 465 0
2016 367 2725 937 3328 479 0
2017 384 2632 775 2752 493 0
2018 400 2282 777 2753 508 0
2019 417 1967 917 3248 531 0
2020 436 2248 969 3421 553 0
2021 455 2507 900 3172 578 0
2022 474 2842 979 3445 599 0
2023 492 3140 1013 3559 612 0
Values for breeding stock: MX_AR
Year RUS+WAL EAL+BER GOA SEA+NBC SBC+WA OR+CA
1970 2 11 4 2 0 2
1971 6 28 10 5 1 4
1972 8 41 15 8 2 6
1973 11 54 20 10 2 8
1974 14 66 24 13 3 10
1975 16 78 28 15 3 12
1976 16 77 28 15 3 12
1977 16 77 28 14 3 12
1978 16 77 28 14 3 12
1979 16 77 28 14 3 11
1980 16 76 28 14 3 11
1981 17 81 29 15 4 12
1982 18 88 32 16 4 13
1983 21 99 36 18 4 14
1984 23 113 41 20 5 16
1985 27 129 47 23 6 18
1986 30 144 52 26 6 20
1987 33 158 57 28 7 22
1988 36 171 62 31 7 24
1989 38 184 66 33 8 25
1990 41 196 71 35 8 27
1991 44 208 75 37 9 29
1992 46 222 80 39 10 30
1993 50 238 85 42 10 32
1994 54 256 92 45 11 35
1995 58 277 99 48 12 37
1996 63 301 107 52 13 40
1997 69 327 116 56 14 44
1998 75 354 126 60 15 47
1999 81 383 135 65 16 51
2000 88 412 145 70 18 55
2001 93 458 155 74 18 60
2002 98 507 169 81 20 66
2003 103 559 185 88 21 72
2004 107 610 190 90 23 80
2005 113 657 208 99 25 88
2006 122 703 209 99 27 93
2007 133 750 226 107 29 86
2008 144 792 233 110 31 89
2009 155 829 252 119 33 93
2010 164 847 265 124 35 99
2011 174 892 283 133 37 111
2012 185 943 281 132 39 116
2013 194 976 294 138 41 127
2014 205 1029 277 130 43 141
2015 216 1066 212 99 45 155
2016 226 943 211 99 46 167
2017 236 911 175 82 47 181
2018 246 790 175 82 49 190
2019 257 681 207 96 51 200
2020 268 778 218 101 53 209
2021 280 868 203 94 55 222
2022 292 984 221 102 57 227
2023 303 1087 228 106 59 236
Values for breeding stock: MX_ML
Year RUS+WAL EAL+BER GOA SEA+NBC SBC+WA OR+CA
1970 1 8 1 3 2 16
1971 4 19 4 7 5 38
1972 5 28 5 10 7 56
1973 7 37 7 12 10 73
1974 8 45 8 15 12 88
1975 9 52 10 17 14 102
1976 9 52 10 17 14 100
1977 9 51 10 17 13 99
1978 9 51 10 17 13 97
1979 9 51 9 17 13 96
1980 9 50 9 16 13 94
1981 10 53 10 17 14 98
1982 11 58 11 19 15 106
1983 12 64 12 21 17 117
1984 13 73 14 23 19 132
1985 15 83 15 27 22 149
1986 17 92 17 29 24 165
1987 19 101 19 32 26 179
1988 20 109 20 35 28 193
1989 22 117 22 37 30 205
1990 23 124 23 39 32 217
1991 24 131 24 41 34 229
1992 26 139 26 43 36 241
1993 28 149 27 46 38 256
1994 30 160 29 49 41 274
1995 32 172 32 53 44 295
1996 35 186 34 57 48 318
1997 38 202 37 62 52 344
1998 41 218 40 66 56 371
1999 44 235 43 71 60 399
2000 47 252 46 76 65 429
2001 50 280 49 81 67 465
2002 53 309 53 88 71 509
2003 56 340 58 95 77 561
2004 57 370 59 98 82 618
2005 61 397 65 106 89 675
2006 65 425 65 106 96 715
2007 71 452 70 114 104 659
2008 77 476 72 118 111 682
2009 82 497 78 127 119 709
2010 87 507 82 132 125 753
2011 92 532 87 141 131 841
2012 97 561 86 140 139 881
2013 102 579 90 146 146 964
2014 107 610 84 137 152 1065
2015 113 630 64 104 158 1164
2016 118 556 64 103 162 1253
2017 123 535 53 85 167 1352
2018 128 463 53 85 171 1422
2019 133 398 62 100 178 1489
2020 138 453 66 105 185 1548
2021 144 505 61 97 193 1641
2022 150 571 66 105 200 1675
2023 155 629 68 109 203 1742
Values for breeding stock: Central_Am
Year RUS+WAL EAL+BER GOA SEA+NBC SBC+WA OR+CA
1970 0 0 0 0 1 7
1971 0 0 0 0 1 18
1972 0 0 0 0 2 27
1973 0 0 0 0 3 35
1974 0 0 0 0 3 42
1975 0 0 0 0 4 48
1976 0 0 0 0 4 48
1977 0 0 0 0 4 47
1978 0 0 0 0 4 46
1979 0 0 0 0 3 45
1980 0 0 0 0 3 45
1981 0 0 0 0 4 47
1982 0 0 0 0 4 50
1983 0 0 0 0 4 56
1984 0 0 0 0 5 63
1985 0 0 0 0 6 71
1986 0 0 0 0 6 78
1987 0 0 0 0 7 85
1988 0 0 0 0 7 91
1989 0 0 0 0 8 97
1990 0 0 0 0 8 103
1991 0 0 0 0 9 108
1992 0 0 0 0 9 114
1993 0 0 0 0 10 121
1994 0 0 0 0 11 130
1995 0 0 0 0 12 140
1996 0 0 0 0 13 151
1997 0 0 0 0 14 163
1998 0 0 0 0 15 176
1999 0 0 0 0 16 189
2000 0 0 0 0 17 203
2001 0 0 0 0 18 220
2002 0 0 0 0 19 241
2003 0 0 0 0 20 265
2004 0 0 0 0 22 292
2005 0 0 0 0 23 319
2006 0 0 0 0 25 338
2007 0 0 0 0 27 312
2008 0 0 0 0 29 322
2009 0 0 0 0 31 335
2010 0 0 0 0 33 356
2011 0 0 0 0 34 397
2012 0 0 0 0 36 416
2013 0 0 0 0 38 455
2014 0 0 0 0 40 503
2015 0 0 0 0 41 550
2016 0 0 0 0 43 592
2017 0 0 0 0 44 640
2018 0 0 0 0 45 673
2019 0 0 0 0 47 706
2020 0 0 0 0 49 735
2021 0 0 0 0 51 779
2022 0 0 0 0 53 795
2023 0 0 0 0 54 827

Catch numbers by breeding stock
Year Asia Hawaii MX_AR MX_ML Central_Am
1970 0.9 0 0 1.1 0.3
1971 0.9 0 0 1.2 0.3
1972 1 0 0 1.3 0.3
1973 1.1 0 0 1.3 0.4
1974 1.2 0.1 0 1.4 0.4
1975 1.2 0.1 0 1.5 0.4
1976 1.3 0.1 0 1.6 0.4
1977 1.4 0.1 0 1.6 0.4
1978 1.5 0.1 0 1.7 0.5
1979 1.6 0.1 0 1.8 0.5
1980 1.8 0.1 0 1.9 0.5
1981 1.9 0.1 0 2 0.5
1982 2 0.1 0 2.1 0.6
1983 2.2 0.1 0 2.2 0.6
1984 2.3 0.1 0 2.4 0.6
1985 2.5 0.1 0 2.5 0.7
1986 2.6 0.1 0 2.6 0.7
1987 2.8 0.1 0 2.8 0.7
1988 3 0.1 0 2.9 0.8
1989 3.2 0.1 0 3.1 0.8
1990 3.5 0.2 0 3.2 0.8
1991 3.7 0.2 0 3.4 0.9
1992 4 0.2 0 3.6 0.9
1993 4.3 0.2 0 3.8 1
1994 4.6 0.2 0 4 1
1995 4.9 0.2 0 4.2 1.1
1996 5.2 0.2 0 4.4 1.1
1997 5.6 0.2 0 4.7 1.2
1998 6 0.2 0 4.9 1.2
1999 6.4 0.2 0 5.2 1.3
2000 6.9 0.3 0 5.5 1.4
2001 7.3 0.3 0 5.8 1.4
2002 7.9 0 0 5.8 1.5
2003 8.4 0 0 5.8 1.6
2004 9 0 0 6.7 1.7
2005 9.6 0 0 8.1 1.8
2006 10.3 1 0 6.8 1.8
2007 11.1 0 0 7.7 1.9
2008 11.8 0 0 7.9 2
2009 12.7 0 0 9 2.1
2010 13.6 0 0 9.3 2.2
2011 14.5 0.8 0 10.6 2.4
2012 15.5 0 0 10.9 2.5
2013 28 0 0 10.8 2.6
2014 0 5 0 13 2.7
2015 72 0 0 14.2 2.9
2016 12 0.1 0 14.2 3
2017 12 0.1 0 13.4 3.2
2018 16 0.1 0 13.4 3.3
2019 4 0.4 0 13.4 1.7
2020 26.8 0.4 0 23.8 5
2021 28.6 0.4 0 12.8 4.7
2022 30.7 0.4 0 10.5 3.7
2023 32.8 0.4 0 18.4 4.2

Catch numbers by feeding ground
Year RUS+WAL EAL+BER GOA SEA+NBC SBC+WA OR+CA
1970 0 2.7 3.1 6.8 0.1 6.4
1971 0 1.8 0.1 4 0.1 1.5
1972 4 0.8 0.1 4.1 0.1 1.6
1973 0 0.8 0.1 4.3 0.1 1.7
1974 0 0.8 0.1 4.5 0.1 2.5
1975 0 0.8 0.2 4.7 0.1 2.7
1976 0 0.8 0.2 4.9 0.2 2.9
1977 0 0.8 0.2 5.2 0.2 3.1
1978 0 0.8 0.2 5.4 0.2 3.3
1979 0 1 0.2 5.6 0.2 3.5
1980 0 1 0.2 5.9 0.2 3.9
1981 0 1 0.3 6.1 0.3 4.2
1982 0 1 0.4 6.5 0.3 4.5
1983 0 1 0.4 6.7 0.3 4.8
1984 0 1 0.5 7.1 0.4 4.6
1985 0 1 0.5 6.7 0.4 5
1986 0 1 0.7 7.8 0.4 5.4
1987 0 1 0.7 10 0.5 5.8
1988 0 1.1 0.8 8.5 0.5 6.3
1989 0 0.9 0.8 6.1 0.6 6.1
1990 0 1 0.8 7.4 0.7 5.8
1991 0 1 0.9 8.2 0.7 7.6
1992 0 1.1 0.9 9.8 0.8 8.3
1993 0 1.1 1 7.1 0.9 8.6
1994 0 1.2 1 9.3 1 8.8
1995 0 1.2 1 9.3 1.1 9.6
1996 0 1.2 1.1 12.7 1.2 9.9
1997 0 1.2 1.3 12.7 0.9 10.7
1998 0 3 1.4 14.7 1.2 12
1999 0 2.6 1.4 17.4 1.7 13.5
2000 0 1.2 1.5 14.1 1.5 11.6
2001 0 1.2 1.8 16.4 1.7 13.4
2002 0 2.4 1.9 13.8 1.9 13.7
2003 0 1.4 2 18.9 2.3 16
2004 0 1.4 2.3 22 2.5 15.9
2005 0 1.6 2.3 23.3 5.8 20.1
2006 0 1.6 2.4 22.7 5.3 22.1
2007 0 0.1 7.3 18.4 0 18.1
2008 0 0.1 4.3 19.7 12.4 8.8
2009 0 0.1 4.3 24.1 0 9.8
2010 0 6.1 0.8 44.5 7 24.5
2011 0 3.1 4 28.4 11 11.9
2012 0 4.1 8.8 11.6 0 10
2013 0 0.1 4 31.6 0 4.7
2014 0 0.1 11.8 43.7 7 45.2
2015 0 4.1 12 51 9.1 103.4
2016 0 4.1 4.8 34.8 7.1 150.3
2017 0 4.1 2.1 16.3 11.1 60.3
2018 0 1.1 4 26.6 30.1 111.1
2019 0 4.1 6 27.3 9.1 61
2020 0 1.1 0 24 23 31.2
2021 0 2.2 7 33.7 13 62.4
2022 0 4.3 0.8 22.3 8 56
2023 0 3.6 9.1 40.1 19.2 59.7
